 
        ______________________________________
       |                                      |
       |          ===================         |
       |             xTB for sTDA             |
       |          ===================         |
       |               S. Grimme              |
       |        Universitaet Bonn, MCTC       |
       |         2015-19, Version 1.0         |
       |     Wed Apr  3 09:14:55 CEST 2019    |
       |______________________________________|
 
        This code comes without any warranty
        for non-commercial, academia use only.
        Preliminary test version.
        Cite this work as:
        S. Grimme  &  C. Bannwarth, JCP 145 (2016) 054103
        if GBSA is used additionally:
        P. Shushkov, F. März, C. Bannwarth, S. Grimme, unpublished.
 
        with help from
        P. Shushkov, G. Brandenburg, S. Dohm, J. Pisarek,
        F. März, M. Checinski, S. Ehrlich, S. Spicher, 
        P. Pracht, E. Caldeweyher, S. Ehlert, and C. Bannwarth.
 
        usage        :
        xtb4stda <coord_file> [options]
        where <coord_file> is a valid file of TM)
        (*coord, Bohr) or xmol (*xyz, Angstroem)
        format.

        options:
        -chrg <int>   : molecular charge
        -uhf  <int>   : # of unpaired electrons(=2*S)
        -nox          : skip second, extended part in sTDA-xTB
        -pop          : do population analysis
                      : (default for -nox)
        -mowr <real>  : cut MO write above (def.3 Eh)
        -molden       : write formatted molden file
        -parx <file>  : read parameters for sTDA-xTB
                        calc (def:~/.param_stda2.xtb)
        -parv <file>  : read parameters for vTB part in
                        sTDA-xTB (def: ~/.param_stda1.xtb)
        -xtemp <real> : el. temp for xTB (def. 0 K)
        -etemp <real> : el. temp for GFN (def. 300 K)
        -fod          : calculate the FOD and write
                        molden.input file with
                        appropriate occupations
                        for plotting. Def. T=12500 K
 
        -acc <real>   : xTB accuracy (def. 1.0)
        -gbsa [string1] [string2]
                        use GBSA implicit solvent
                        for solvent [string1] and
                        solvation state [string2]=
                        reference, bar1M (default=1M)
        additional GFN/opt/MD/siman options read from
        $XTB4STDAHOME/.xtb4stdarc or $set in input
 
       spin and charge state information can be on:
       <.CHRG> (charge) and <.UHF> (=nalpha-nbeta)
       -uhf and -chrg override the file info.
       useful machine settings:
       setenv MKL_NUM_THREADS <NCORE_ON_YOUR_MACHINE>
       setenv OMP_STACKSIZE 500m
       limit stacksize unlimited
 
       total energies in Eh, gaps/HL energies in eV
       please read REVISION and HOWTO files carefully
 =============================
  # OMP threads =           1
 =============================
 
 xtb4stdahome directory:/ihome/ghutchison/blp62/xtb4stda/
 
 
 name of molecule           :
 comment line               :
 number of atoms            :   176
 number of electrons        :   578
 charge                     :  0
 spin                       : 0.0
 first test random number   :  0.0267
 
 -----------------------------------------
      charge density (VTB) calculation
 -----------------------------------------
 
      method parameters     
 k(s)        :  1.8000
 k(p)        :  2.8350
 k(d)        :  2.0860
 k(f)        :  2.0000
 Tscal       :  0.3300
 Gscal       :  0.3910
 fpol        :  1.0000
 Zcnf        :  0.6500
 Zqf         :  0.0000
 kcn         :  0.3000
 kEN1        : -0.5900
 wllscal     :  2.6000
 
     -------------------------
     ! NO SOLVENT MODEL USED !
     -------------------------
 
 doing EN charges ...
 sum q :  0.1998401D-14
 point charge moment (au)
     X       Y       Z   
   0.1376  -0.4729  -0.4755  total (Debye):    1.740
 
            Z      q(EN)   CN      Cart. coordinates
     1  C   4.0  -0.010   3.324     4.33735     1.76500    10.48071
     2  C   4.0  -0.021   3.454     5.07631     2.20658    12.99449
     3  C   4.0  -0.090   3.318     7.50072     3.20801    13.53036
     4  C   4.0  -0.011   3.328     9.25343     3.80845    11.67069
     5  C   4.0  -0.017   3.443     8.54806     3.25704     9.16185
     6  C   4.0  -0.087   3.314     6.12158     2.27773     8.60991
     7  C   4.0  -0.092   3.335     3.68123     1.75957    15.25772
     8  C   4.0  -0.163   3.146     4.94803     2.43430    17.36197
     9  S   6.0   0.211   2.581     7.92281     3.64516    16.76864
    10  C   4.0  -0.087   3.253     1.84990     0.83271     9.81000
    11  C   4.0  -0.087   3.252    11.65490     4.99977    12.22310
    12  C   4.0  -0.092   3.384     1.24199    -0.86131     7.95938
    13  C   4.0   0.003   3.394    -1.38257    -1.26525     7.79355
    14  C   4.0  -0.076   3.200    -2.82036     0.09851     9.43864
    15  S   6.0   0.218   2.662    -0.87001     1.94547    11.30094
    16  C   4.0  -0.088   3.366    12.77085     6.94671    10.94424
    17  C   4.0   0.003   3.391    15.09934     7.64511    12.02482
    18  C   4.0  -0.075   3.202    15.81778     6.27048    14.08155
    19  S   6.0   0.213   2.731    13.52439     4.03939    14.75553
    20  C   4.0  -0.179   4.087    -5.61418     0.05738     9.78061
    21  C   4.0  -0.243   4.032    -6.34889    -1.13026    12.31127
    22  C   4.0  -0.179   4.087    18.12110     6.57049    15.67017
    23  C   4.0  -0.243   4.032    17.46646     7.65859    18.26693
    24  F   7.0  -0.022   1.056    -2.39951    -2.89215     6.12354
    25  F   7.0  -0.022   1.055    16.51107     9.53847    11.07888
    26  C   4.0  -0.091   3.398    10.01228     3.52729     6.95034
    27  C   4.0  -0.091   3.281     8.75810     2.90844     4.77002
    28  S   6.0   0.224   2.694     5.65939     1.93128     5.36506
    29  C   4.0  -0.091   3.278     9.89630     2.97384     2.32649
    30  S   6.0   0.216   2.690    13.17457     3.23688     2.21565
    31  C   4.0  -0.091   3.394    10.77514     3.13920    -1.99816
    32  C   4.0  -0.014   3.399     8.90519     2.93104    -0.10396
    33  C   4.0   0.190   3.168     6.21622     2.69259    -0.72857
    34  O   6.0  -0.122   1.176     4.55847     2.13081     0.74648
    35  O   6.0  -0.138   2.073     5.78960     3.17075    -3.17282
    36  C   4.0  -0.115   4.073     3.24360     2.93576    -4.03418
    37  C   4.0  -0.238   4.006     2.56096     0.19470    -4.57632
    38  C   4.0  -0.011   3.333    22.43735     3.05714    -2.95056
    39  C   4.0  -0.018   3.444    19.82117     3.39022    -3.29849
    40  C   4.0  -0.088   3.309    18.83247     3.88101    -5.74017
    41  C   4.0  -0.011   3.323    20.32804     4.06172    -7.89198
    42  C   4.0  -0.018   3.439    22.95040     3.71189    -7.53211
    43  C   4.0  -0.087   3.323    23.94411     3.19073    -5.10138
    44  C   4.0  -0.090   3.372    17.88199     3.15979    -1.46824
    45  C   4.0  -0.092   3.266    15.50854     3.44955    -2.42485
    46  S   6.0   0.216   2.590    15.53930     4.06333    -5.67581
    47  C   4.0  -0.087   3.255    23.48754     2.58251    -0.46632
    48  C   4.0  -0.087   3.249    19.23248     4.54908   -10.35160
    49  C   4.0  -0.088   3.362    22.86599     3.71527     1.77033
    50  C   4.0   0.003   3.391    24.28083     2.74344     3.80281
    51  C   4.0  -0.075   3.202    25.96438     0.89188     3.18897
    52  S   6.0   0.214   2.755    25.82929     0.31416    -0.02477
    53  C   4.0  -0.092   3.383    17.23506     6.08602   -10.92052
    54  C   4.0   0.003   3.394    16.66241     6.06901   -13.51874
    55  C   4.0  -0.076   3.199    18.13937     4.53695   -14.97069
    56  S   6.0   0.218   2.675    20.34181     3.04927   -13.06967
    57  C   4.0  -0.179   4.087    27.68448    -0.54508     4.89243
    58  C   4.0  -0.243   4.032    26.93611    -3.33217     5.04712
    59  C   4.0  -0.179   4.087    18.05757     4.12958   -17.75477
    60  C   4.0  -0.244   4.035    20.53522     4.90667   -19.02189
    61  F   7.0  -0.022   1.055    23.98906     3.59511     6.18372
    62  F   7.0  -0.022   1.056    14.78085     7.47479   -14.49425
    63  C   4.0  -0.092   3.262    13.18233     3.29050    -1.07536
    64  C   4.0  -0.095   3.422    24.89374     3.85377    -9.34279
    65  C   4.0  -0.090   3.284    27.27025     3.41057    -8.40051
    66  S   6.0   0.219   2.789    27.22012     2.84713    -5.15009
    67  C   4.0  -0.090   3.277    29.47168     3.36113    -9.94953
    68  S   6.0   0.216   2.707    29.02552     3.90299   -13.16522
    69  C   4.0  -0.091   3.393    33.53278     2.95722   -11.64647
    70  C   4.0  -0.014   3.398    32.00932     2.89033    -9.45412
    71  C   4.0   0.190   3.169    33.07847     2.36649    -6.95471
    72  O   6.0  -0.123   1.188    31.90958     2.35205    -4.98572
    73  O   6.0  -0.138   2.074    35.55378     1.87157    -7.08887
    74  C   4.0  -0.115   4.074    36.81551     1.34480    -4.76378
    75  C   4.0  -0.239   4.007    37.49510     3.76065    -3.35870
    76  C   4.0  -0.011   3.330    32.23399     4.66884   -23.17569
    77  C   4.0  -0.018   3.449    33.11453     4.16513   -20.71426
    78  C   4.0  -0.088   3.308    35.67901     3.52358   -20.29521
    79  C   4.0  -0.011   3.329    37.44179     3.31639   -22.23396
    80  C   4.0  -0.020   3.459    36.52363     3.67793   -24.70922
    81  C   4.0  -0.088   3.311    33.96649     4.35217   -25.12442
    82  C   4.0  -0.090   3.376    31.70800     4.17867   -18.43957
    83  C   4.0  -0.092   3.270    33.11371     3.64812   -16.34646
    84  S   6.0   0.216   2.587    36.28897     3.09136   -17.08373
    85  C   4.0  -0.087   3.253    29.66223     5.50529   -23.60195
    86  C   4.0  -0.087   3.252    40.08054     2.79111   -21.73686
    87  C   4.0  -0.088   3.365    28.30702     7.21213   -22.21599
    88  C   4.0   0.003   3.392    25.85809     7.56689   -23.19215
    89  C   4.0  -0.075   3.202    25.28606     6.16392   -25.27539
    90  S   6.0   0.213   2.741    27.87155     4.34289   -26.10663
    91  C   4.0  -0.091   3.380    41.09674     1.21824   -19.95545
    92  C   4.0   0.003   3.395    43.75476     1.21156   -20.03127
    93  C   4.0  -0.077   3.205    44.81402     2.77079   -21.78980
    94  S   6.0   0.223   2.686    42.45647     4.30275   -23.44110
    95  C   4.0  -0.179   4.087    22.90001     6.14017   -26.76844
    96  C   4.0  -0.244   4.033    23.32023     7.15557   -29.44095
    97  C   4.0  -0.180   4.091    47.52389     3.07542   -22.48421
    98  C   4.0  -0.243   4.034    48.13977     1.50107   -24.83339
    99  F   7.0  -0.023   1.057    24.20223     9.17965   -22.12811
   100  F   7.0  -0.022   1.055    45.14905    -0.23408   -18.46973
   101  C   4.0  -0.092   3.261    32.22379     3.47296   -13.81162
   102  C   4.0  -0.090   3.376    37.87380     3.41864   -27.00396
   103  C   4.0  -0.087   3.275    36.48532     3.96715   -29.10142
   104  S   6.0   0.204   2.782    33.35929     4.78457   -28.32592
   105  C   4.0  -0.094   3.290    37.22807     3.95906   -31.70029
   106  S   6.0   0.211   2.679    34.86811     4.19859   -33.97290
   107  C   4.0  -0.164   3.141    37.04062     4.25122   -36.37987
   108  C   4.0  -0.091   3.367    39.44137     4.12308   -35.50387
   109  C   4.0  -0.014   3.399    39.59245     3.93929   -32.83143
   110  C   4.0   0.186   3.156    42.08465     3.77602   -31.59465
   111  O   6.0  -0.110   1.063    42.59227     2.60867   -29.69810
   112  O   6.0  -0.137   2.074    43.81425     5.05765   -32.92552
   113  C   4.0  -0.115   4.074    46.33076     5.05479   -31.95513
   114  C   4.0  -0.239   4.008    46.64575     6.96492   -29.82676
   115  H   1.0   0.079   1.011     1.82128     0.94884    15.29326
   116  H   1.0   0.075   1.014     4.32848     2.28972    19.28609
   117  H   1.0   0.080   1.009     2.58725    -1.83352     6.79373
   118  H   1.0   0.080   1.005    11.94399     7.90734     9.35888
   119  H   1.0   0.081   1.004    -6.43977    -1.02683     8.23088
   120  H   1.0   0.080   1.004    -6.35218     1.98475     9.69391
   121  H   1.0   0.081   0.999    -5.65238    -3.06072    12.42548
   122  H   1.0   0.081   0.999    -8.39244    -1.15690    12.51537
   123  H   1.0   0.081   1.000    -5.54445    -0.04929    13.86394
   124  H   1.0   0.081   1.004    19.42855     7.83038    14.68944
   125  H   1.0   0.081   1.004    19.03904     4.73656    15.91055
   126  H   1.0   0.081   0.999    16.58847     9.50620    18.06817
   127  H   1.0   0.081   0.999    19.16761     7.85856    19.40016
   128  H   1.0   0.081   1.000    16.15801     6.41445    19.24972
   129  H   1.0   0.080   1.011    11.95235     4.13161     6.95917
   130  H   1.0   0.080   1.007    10.34091     3.14763    -3.98203
   131  H   1.0   0.081   1.000     3.16098     4.07971    -5.74970
   132  H   1.0   0.080   1.001     1.97354     3.71735    -2.59953
   133  H   1.0   0.081   0.999     3.89890    -0.62021    -5.90670
   134  H   1.0   0.081   0.999     0.67449     0.10344    -5.37971
   135  H   1.0   0.081   0.999     2.59551    -0.89643    -2.83566
   136  H   1.0   0.080   1.008    18.21690     2.71787     0.48521
   137  H   1.0   0.080   1.005    21.52910     5.22972     1.96951
   138  H   1.0   0.080   1.009    16.24949     7.24807    -9.58069
   139  H   1.0   0.081   1.004    27.60450     0.30974     6.76914
   140  H   1.0   0.080   1.004    29.62182    -0.39977     4.19119
   141  H   1.0   0.081   0.999    25.02533    -3.52192     5.77957
   142  H   1.0   0.081   0.999    28.21953    -4.34277     6.29222
   143  H   1.0   0.081   1.000    27.01103    -4.19100     3.18135
   144  H   1.0   0.081   1.004    16.49426     5.23596   -18.52330
   145  H   1.0   0.080   1.004    17.69265     2.13318   -18.14825
   146  H   1.0   0.082   0.999    20.90896     6.90353   -18.71583
   147  H   1.0   0.082   0.999    20.43144     4.56647   -21.04503
   148  H   1.0   0.081   1.001    22.10185     3.81930   -18.25224
   149  H   1.0   0.080   1.023    24.58328     4.28252   -11.30310
   150  H   1.0   0.080   1.007    35.53642     2.62826   -11.60781
   151  H   1.0   0.081   1.000    38.50762     0.29704    -5.30833
   152  H   1.0   0.080   1.001    35.59260     0.15661    -3.59111
   153  H   1.0   0.081   0.999    38.63995     4.98035    -4.55214
   154  H   1.0   0.081   0.999    38.55364     3.29344    -1.66353
   155  H   1.0   0.081   0.999    35.78460     4.76329    -2.81967
   156  H   1.0   0.080   1.009    29.70652     4.51076   -18.34768
   157  H   1.0   0.080   1.005    29.03163     8.24478   -20.62606
   158  H   1.0   0.080   1.009    40.02247     0.04317   -18.69754
   159  H   1.0   0.081   1.004    21.50792     7.30407   -25.78453
   160  H   1.0   0.080   1.004    22.17342     4.20921   -26.88282
   161  H   1.0   0.081   0.999    24.01706     9.08764   -29.37102
   162  H   1.0   0.081   0.999    21.55656     7.13137   -30.49297
   163  H   1.0   0.081   1.000    24.69937     5.99819   -30.43276
   164  H   1.0   0.081   1.004    48.69574     2.46123   -20.90052
   165  H   1.0   0.081   1.005    47.91959     5.06507   -22.86595
   166  H   1.0   0.081   0.999    47.92498    -0.50081   -24.42250
   167  H   1.0   0.081   0.999    50.07368     1.84535   -25.43451
   168  H   1.0   0.082   1.001    46.86226     1.98818   -26.36775
   169  H   1.0   0.082   1.017    39.79187     2.77823   -27.12254
   170  H   1.0   0.076   1.013    36.40578     4.37463   -38.29866
   171  H   1.0   0.080   1.005    41.08820     4.13448   -36.69147
   172  H   1.0   0.081   1.000    47.52415     5.53283   -33.56893
   173  H   1.0   0.080   1.001    46.78743     3.15106   -31.28253
   174  H   1.0   0.081   0.999    46.15943     8.84831   -30.48747
   175  H   1.0   0.081   0.999    48.59503     6.95949   -29.18315
   176  H   1.0   0.081   1.000    45.41953     6.47625   -28.25097
 
  Z AO/shell   Hii/eV     exponent
  1     Sat Feb 20 21:38:01 CET 2016    EN: 2.327 GAM: 0.473  GM3: 0.0000
     1s    -13.751157    1.051071
  6     Sat Feb 20 21:38:01 CET 2016    EN: 2.731 GAM: 0.422  GM3: 0.0000
     2s    -19.378245    2.021003
     2p    -11.993376    1.497917
  8     Sat Feb 20 21:38:01 CET 2016    EN: 3.700 GAM: 0.587  GM3: 0.0000
     2s    -21.648843    2.110798
     2p    -17.239740    2.329048
  9     Sat Feb 20 21:51:24 CET 2016    EN: 3.394 GAM: 0.669  GM3: 0.0000
     2s    -19.384211    2.614957
     2p    -19.426034    2.777297
 16     Sat Feb 20 23:13:41 CET 2016    EN: 1.915 GAM: 0.389  GM3: 0.0000
     3s    -22.000000    2.671470
     3p    -15.834192    1.836978
     3d     -2.593599    1.836978
 
 dipole moment of classical point charges (au)
     X       Y       Z   
   0.1376  -0.4729  -0.4755  total (Debye):    1.740

 
 Nbf   :          608
 T(el) :   300.0
 calculating S/T integrals ...
 cpu time for ints   0.114477000000000     
 Nao   :          593
 making H0...
 making H1...
 cpu time for H      2.182400000000000E-002
 solving ...
 cpu time for diag   0.894973000000000     
 
 gap (eV)           :   2.674
 Koopmans IP (eV)   :  11.995
 Eel (Eh)           :  -447.175109
 T,E(Fermi),NFOD :    300.000   -10.658  0.000000
 T,E(Fermi),NFOD :    300.000   -10.658  0.000000
 Nfod               :  0.0000
 Nfod/Nel           :  0.0000

          eigenvalues
 #    :         277        278        279        280        281        282        283        284
 occ. :        2.000      2.000      2.000      2.000      2.000      2.000      2.000      2.000
 eps  :       -14.488    -14.474    -14.436    -14.155    -13.806    -13.726    -13.711    -13.325
 #    :         285        286        287        288        289        290        291        292
 occ. :        2.000      2.000      2.000      2.000      2.000      0.000      0.000      0.000
 eps  :       -13.025    -12.959    -12.541    -12.343    -11.996     -9.322     -8.939     -8.783
 #    :         293        294        295        296        297        298        299        300
 occ. :        0.000      0.000      0.000      0.000      0.000      0.000      0.000      0.000
 eps  :        -8.696     -8.619     -8.600     -8.129     -8.059     -8.039     -8.002     -7.932
                            1  SCC done.
 making H1...
 cpu time for H      0.911487000000000     
 solving ...
 cpu time for diag   6.246299999999994E-002
 
 gap (eV)           :   2.725
 Koopmans IP (eV)   :  12.142
 Eel (Eh)           :  -444.746777
 T,E(Fermi),NFOD :    300.000   -10.780  0.000000
 T,E(Fermi),NFOD :    300.000   -10.780  0.000000
 Nfod               :  0.0000
 Nfod/Nel           :  0.0000

          eigenvalues
 #    :         277        278        279        280        281        282        283        284
 occ. :        2.000      2.000      2.000      2.000      2.000      2.000      2.000      2.000
 eps  :       -14.397    -14.393    -14.339    -14.258    -14.029    -13.896    -13.861    -13.505
 #    :         285        286        287        288        289        290        291        292
 occ. :        2.000      2.000      2.000      2.000      2.000      0.000      0.000      0.000
 eps  :       -13.221    -13.112    -12.568    -12.423    -12.144     -9.419     -8.990     -8.705
 #    :         293        294        295        296        297        298        299        300
 occ. :        0.000      0.000      0.000      0.000      0.000      0.000      0.000      0.000
 eps  :        -8.586     -8.532     -8.452     -7.999     -7.916     -7.853     -7.805     -7.776
                            2  SCC done.
 
 
 Mulliken/CM5 charges    n(s)   n(p)   n(d)   
    1 C   0.0046  0.0056   1.158  2.838  0.000
    2 C  -0.0343 -0.0356   1.173  2.861  0.000
    3 C  -0.0268 -0.0135   1.175  2.851  0.000
    4 C   0.0011  0.0020   1.157  2.842  0.000
    5 C  -0.0282 -0.0300   1.169  2.860  0.000
    6 C  -0.0372 -0.0244   1.187  2.851  0.000
    7 C  -0.0695 -0.1205   1.135  2.935  0.000
    8 C  -0.0527 -0.0923   1.140  2.912  0.000
    9 S   0.0832  0.0466   1.884  3.987  0.046
   10 C  -0.0321 -0.0222   1.167  2.865  0.000
   11 C  -0.0326 -0.0228   1.167  2.865  0.000
   12 C  -0.0590 -0.1054   1.133  2.926  0.000
   13 C   0.0352  0.0511   1.165  2.799  0.000
   14 C  -0.0377 -0.0319   1.186  2.852  0.000
   15 S   0.0972  0.0579   1.885  3.968  0.049
   16 C  -0.0652 -0.1130   1.134  2.931  0.000
   17 C   0.0337  0.0495   1.165  2.801  0.000
   18 C  -0.0346 -0.0289   1.187  2.848  0.000
   19 S   0.1012  0.0651   1.886  3.964  0.049
   20 C  -0.0240 -0.1279   1.118  2.906  0.000
   21 C  -0.0879 -0.2387   1.097  2.991  0.000
   22 C  -0.0235 -0.1273   1.118  2.905  0.000
   23 C  -0.0874 -0.2382   1.097  2.990  0.000
   24 F  -0.1383 -0.1619   1.687  5.451  0.000
   25 F  -0.1378 -0.1615   1.687  5.451  0.000
   26 C  -0.0805 -0.1284   1.144  2.936  0.000
   27 C  -0.0058  0.0054   1.165  2.841  0.000
   28 S   0.1007  0.0679   1.893  3.955  0.051
   29 C  -0.0104  0.0035   1.180  2.831  0.000
   30 S   0.1088  0.0706   1.887  3.964  0.040
   31 C  -0.0677 -0.1143   1.145  2.923  0.000
   32 C  -0.0389 -0.0359   1.177  2.862  0.000
   33 C   0.2347  0.2951   1.145  2.620  0.000
   34 O  -0.2841 -0.3356   1.618  4.666  0.000
   35 O  -0.1423 -0.2281   1.471  4.671  0.000
   36 C   0.0538 -0.0290   1.136  2.811  0.000
   37 C  -0.0800 -0.2290   1.090  2.990  0.000
   38 C   0.0070  0.0080   1.157  2.836  0.000
   39 C  -0.0307 -0.0324   1.171  2.859  0.000
   40 C  -0.0254 -0.0126   1.177  2.848  0.000
   41 C  -0.0002  0.0007   1.157  2.843  0.000
   42 C  -0.0233 -0.0245   1.167  2.856  0.000
   43 C  -0.0344 -0.0209   1.187  2.848  0.000
   44 C  -0.0705 -0.1187   1.138  2.932  0.000
   45 C  -0.0144 -0.0044   1.166  2.848  0.000
   46 S   0.0753  0.0386   1.890  3.996  0.039
   47 C  -0.0327 -0.0228   1.168  2.865  0.000
   48 C  -0.0336 -0.0237   1.167  2.867  0.000
   49 C  -0.0649 -0.1127   1.134  2.931  0.000
   50 C   0.0314  0.0472   1.165  2.804  0.000
   51 C  -0.0338 -0.0280   1.187  2.847  0.000
   52 S   0.1089  0.0726   1.886  3.957  0.048
   53 C  -0.0639 -0.1102   1.134  2.930  0.000
   54 C   0.0337  0.0497   1.165  2.801  0.000
   55 C  -0.0351 -0.0293   1.187  2.848  0.000
   56 S   0.1022  0.0619   1.885  3.964  0.049
   57 C  -0.0235 -0.1273   1.118  2.906  0.000
   58 C  -0.0873 -0.2381   1.097  2.991  0.000
   59 C  -0.0234 -0.1272   1.118  2.905  0.000
   60 C  -0.0867 -0.2375   1.096  2.991  0.000
   61 F  -0.1396 -0.1633   1.687  5.452  0.000
   62 F  -0.1381 -0.1618   1.687  5.451  0.000
   63 C  -0.0127 -0.0023   1.164  2.849  0.000
   64 C  -0.0832 -0.1301   1.147  2.937  0.000
   65 C  -0.0030  0.0083   1.167  2.836  0.000
   66 S   0.0986  0.0687   1.894  3.955  0.053
   67 C  -0.0081  0.0057   1.180  2.828  0.000
   68 S   0.1055  0.0663   1.887  3.969  0.039
   69 C  -0.0667 -0.1133   1.145  2.922  0.000
   70 C  -0.0376 -0.0345   1.176  2.861  0.000
   71 C   0.2336  0.2939   1.145  2.621  0.000
   72 O  -0.2838 -0.3355   1.617  4.667  0.000
   73 O  -0.1428 -0.2289   1.471  4.672  0.000
   74 C   0.0537 -0.0291   1.136  2.811  0.000
   75 C  -0.0802 -0.2293   1.090  2.991  0.000
   76 C   0.0039  0.0048   1.156  2.840  0.000
   77 C  -0.0296 -0.0314   1.170  2.859  0.000
   78 C  -0.0263 -0.0135   1.177  2.849  0.000
   79 C   0.0048  0.0058   1.157  2.838  0.000
   80 C  -0.0240 -0.0250   1.170  2.854  0.000
   81 C  -0.0235 -0.0099   1.179  2.844  0.000
   82 C  -0.0731 -0.1213   1.138  2.935  0.000
   83 C  -0.0136 -0.0035   1.166  2.848  0.000
   84 S   0.0789  0.0421   1.889  3.993  0.039
   85 C  -0.0326 -0.0228   1.168  2.865  0.000
   86 C  -0.0329 -0.0230   1.167  2.866  0.000
   87 C  -0.0650 -0.1128   1.134  2.931  0.000
   88 C   0.0323  0.0478   1.165  2.803  0.000
   89 C  -0.0354 -0.0298   1.187  2.848  0.000
   90 S   0.1030  0.0667   1.886  3.962  0.049
   91 C  -0.0638 -0.1102   1.134  2.930  0.000
   92 C   0.0334  0.0494   1.166  2.801  0.000
   93 C  -0.0344 -0.0286   1.186  2.848  0.000
   94 S   0.1141  0.0734   1.884  3.953  0.049
   95 C  -0.0239 -0.1278   1.118  2.906  0.000
   96 C  -0.0867 -0.2375   1.096  2.990  0.000
   97 C  -0.0242 -0.1282   1.118  2.906  0.000
   98 C  -0.0896 -0.2407   1.099  2.991  0.000
   99 F  -0.1384 -0.1632   1.687  5.451  0.000
  100 F  -0.1390 -0.1625   1.687  5.452  0.000
  101 C  -0.0128 -0.0025   1.164  2.849  0.000
  102 C  -0.0769 -0.1242   1.151  2.926  0.000
  103 C  -0.0078  0.0029   1.169  2.838  0.000
  104 S   0.0626  0.0301   1.893  4.006  0.038
  105 C  -0.0196 -0.0055   1.176  2.844  0.000
  106 S   0.1260  0.0888   1.881  3.945  0.048
  107 C  -0.0572 -0.0964   1.137  2.920  0.000
  108 C  -0.0702 -0.1203   1.140  2.930  0.000
  109 C  -0.0555 -0.0532   1.181  2.874  0.000
  110 C   0.2358  0.2949   1.147  2.617  0.000
  111 O  -0.2830 -0.3463   1.617  4.666  0.000
  112 O  -0.1441 -0.2293   1.472  4.672  0.000
  113 C   0.0524 -0.0306   1.136  2.812  0.000
  114 C  -0.0810 -0.2304   1.090  2.991  0.000
  115 H   0.0528  0.1136   0.947  0.000  0.000
  116 H   0.0598  0.1176   0.940  0.000  0.000
  117 H   0.0546  0.1157   0.945  0.000  0.000
  118 H   0.0529  0.1121   0.947  0.000  0.000
  119 H   0.0438  0.1008   0.956  0.000  0.000
  120 H   0.0433  0.0992   0.957  0.000  0.000
  121 H   0.0299  0.0825   0.970  0.000  0.000
  122 H   0.0350  0.0867   0.965  0.000  0.000
  123 H   0.0296  0.0829   0.970  0.000  0.000
  124 H   0.0441  0.1011   0.956  0.000  0.000
  125 H   0.0437  0.0996   0.956  0.000  0.000
  126 H   0.0298  0.0824   0.970  0.000  0.000
  127 H   0.0350  0.0868   0.965  0.000  0.000
  128 H   0.0301  0.0834   0.970  0.000  0.000
  129 H   0.0537  0.1162   0.946  0.000  0.000
  130 H   0.0549  0.1186   0.945  0.000  0.000
  131 H   0.0416  0.1055   0.958  0.000  0.000
  132 H   0.0475  0.1153   0.953  0.000  0.000
  133 H   0.0287  0.0830   0.971  0.000  0.000
  134 H   0.0399  0.0923   0.960  0.000  0.000
  135 H   0.0362  0.0927   0.964  0.000  0.000
  136 H   0.0546  0.1161   0.945  0.000  0.000
  137 H   0.0524  0.1114   0.948  0.000  0.000
  138 H   0.0531  0.1139   0.947  0.000  0.000
  139 H   0.0427  0.0997   0.957  0.000  0.000
  140 H   0.0445  0.1004   0.955  0.000  0.000
  141 H   0.0291  0.0817   0.971  0.000  0.000
  142 H   0.0349  0.0866   0.965  0.000  0.000
  143 H   0.0309  0.0842   0.969  0.000  0.000
  144 H   0.0438  0.1008   0.956  0.000  0.000
  145 H   0.0436  0.0993   0.956  0.000  0.000
  146 H   0.0319  0.0854   0.968  0.000  0.000
  147 H   0.0357  0.0881   0.964  0.000  0.000
  148 H   0.0296  0.0833   0.970  0.000  0.000
  149 H   0.0539  0.1195   0.946  0.000  0.000
  150 H   0.0552  0.1191   0.945  0.000  0.000
  151 H   0.0415  0.1054   0.958  0.000  0.000
  152 H   0.0472  0.1151   0.953  0.000  0.000
  153 H   0.0290  0.0831   0.971  0.000  0.000
  154 H   0.0397  0.0920   0.960  0.000  0.000
  155 H   0.0360  0.0926   0.964  0.000  0.000
  156 H   0.0537  0.1154   0.946  0.000  0.000
  157 H   0.0532  0.1123   0.947  0.000  0.000
  158 H   0.0519  0.1126   0.948  0.000  0.000
  159 H   0.0435  0.1005   0.957  0.000  0.000
  160 H   0.0434  0.0992   0.957  0.000  0.000
  161 H   0.0300  0.0826   0.970  0.000  0.000
  162 H   0.0353  0.0870   0.965  0.000  0.000
  163 H   0.0308  0.0843   0.969  0.000  0.000
  164 H   0.0431  0.0997   0.957  0.000  0.000
  165 H   0.0420  0.0982   0.958  0.000  0.000
  166 H   0.0301  0.0828   0.970  0.000  0.000
  167 H   0.0325  0.0843   0.967  0.000  0.000
  168 H   0.0344  0.0898   0.966  0.000  0.000
  169 H   0.0670  0.1430   0.933  0.000  0.000
  170 H   0.0592  0.1170   0.941  0.000  0.000
  171 H   0.0507  0.1120   0.949  0.000  0.000
  172 H   0.0419  0.1057   0.958  0.000  0.000
  173 H   0.0466  0.1145   0.953  0.000  0.000
  174 H   0.0294  0.0836   0.971  0.000  0.000
  175 H   0.0397  0.0921   0.960  0.000  0.000
  176 H   0.0362  0.0939   0.964  0.000  0.000
 
 Loewdin charges    n(s)   n(p)   n(d)
    1 C   0.0029   1.117  2.880  0.000
    2 C  -0.0322   1.132  2.900  0.000
    3 C  -0.0062   1.131  2.875  0.000
    4 C  -0.0005   1.117  2.884  0.000
    5 C  -0.0258   1.127  2.899  0.000
    6 C  -0.0158   1.142  2.874  0.000
    7 C  -0.0675   1.084  2.984  0.000
    8 C  -0.0218   1.083  2.939  0.000
    9 S   0.0462   1.870  3.983  0.101
   10 C  -0.0080   1.121  2.887  0.000
   11 C  -0.0086   1.122  2.887  0.000
   12 C  -0.0606   1.084  2.977  0.000
   13 C   0.0260   1.132  2.842  0.000
   14 C  -0.0187   1.143  2.875  0.000
   15 S   0.0607   1.871  3.964  0.104
   16 C  -0.0669   1.085  2.982  0.000
   17 C   0.0245   1.132  2.844  0.000
   18 C  -0.0162   1.144  2.872  0.000
   19 S   0.0656   1.872  3.960  0.102
   20 C  -0.0169   1.056  2.961  0.000
   21 C  -0.0895   1.024  3.065  0.000
   22 C  -0.0164   1.055  2.961  0.000
   23 C  -0.0890   1.024  3.065  0.000
   24 F  -0.1200   1.670  5.450  0.000
   25 F  -0.1196   1.670  5.450  0.000
   26 C  -0.0800   1.095  2.985  0.000
   27 C   0.0171   1.120  2.863  0.000
   28 S   0.0579   1.880  3.955  0.107
   29 C   0.0128   1.135  2.853  0.000
   30 S   0.0713   1.874  3.961  0.094
   31 C  -0.0652   1.094  2.971  0.000
   32 C  -0.0454   1.139  2.907  0.000
   33 C   0.2084   1.118  2.673  0.000
   34 O  -0.2679   1.587  4.681  0.000
   35 O  -0.1046   1.433  4.671  0.000
   36 C   0.0506   1.079  2.870  0.000
   37 C  -0.0819   1.016  3.066  0.000
   38 C   0.0049   1.116  2.879  0.000
   39 C  -0.0277   1.130  2.898  0.000
   40 C  -0.0041   1.132  2.872  0.000
   41 C  -0.0020   1.117  2.885  0.000
   42 C  -0.0212   1.126  2.895  0.000
   43 C  -0.0134   1.142  2.871  0.000
   44 C  -0.0719   1.089  2.983  0.000
   45 C   0.0109   1.120  2.869  0.000
   46 S   0.0365   1.877  3.994  0.092
   47 C  -0.0088   1.122  2.886  0.000
   48 C  -0.0095   1.121  2.888  0.000
   49 C  -0.0666   1.084  2.983  0.000
   50 C   0.0224   1.132  2.846  0.000
   51 C  -0.0154   1.145  2.871  0.000
   52 S   0.0730   1.872  3.953  0.102
   53 C  -0.0653   1.084  2.981  0.000
   54 C   0.0244   1.132  2.844  0.000
   55 C  -0.0161   1.144  2.872  0.000
   56 S   0.0653   1.871  3.960  0.104
   57 C  -0.0164   1.055  2.961  0.000
   58 C  -0.0888   1.024  3.065  0.000
   59 C  -0.0163   1.056  2.961  0.000
   60 C  -0.0883   1.023  3.065  0.000
   61 F  -0.1214   1.670  5.451  0.000
   62 F  -0.1199   1.670  5.450  0.000
   63 C   0.0102   1.118  2.872  0.000
   64 C  -0.0825   1.097  2.986  0.000
   65 C   0.0193   1.122  2.859  0.000
   66 S   0.0568   1.882  3.954  0.108
   67 C   0.0150   1.135  2.850  0.000
   68 S   0.0679   1.873  3.965  0.094
   69 C  -0.0643   1.094  2.970  0.000
   70 C  -0.0442   1.138  2.906  0.000
   71 C   0.2073   1.118  2.674  0.000
   72 O  -0.2675   1.586  4.681  0.000
   73 O  -0.1051   1.433  4.672  0.000
   74 C   0.0504   1.079  2.871  0.000
   75 C  -0.0821   1.016  3.066  0.000
   76 C   0.0017   1.115  2.883  0.000
   77 C  -0.0266   1.129  2.898  0.000
   78 C  -0.0051   1.133  2.872  0.000
   79 C   0.0031   1.117  2.880  0.000
   80 C  -0.0214   1.129  2.893  0.000
   81 C  -0.0028   1.135  2.868  0.000
   82 C  -0.0745   1.089  2.986  0.000
   83 C   0.0116   1.119  2.869  0.000
   84 S   0.0400   1.876  3.991  0.092
   85 C  -0.0086   1.122  2.886  0.000
   86 C  -0.0088   1.121  2.888  0.000
   87 C  -0.0667   1.084  2.982  0.000
   88 C   0.0232   1.132  2.845  0.000
   89 C  -0.0169   1.145  2.872  0.000
   90 S   0.0673   1.872  3.958  0.102
   91 C  -0.0654   1.084  2.981  0.000
   92 C   0.0243   1.132  2.843  0.000
   93 C  -0.0156   1.144  2.872  0.000
   94 S   0.0767   1.870  3.949  0.104
   95 C  -0.0169   1.056  2.961  0.000
   96 C  -0.0882   1.024  3.065  0.000
   97 C  -0.0172   1.056  2.961  0.000
   98 C  -0.0917   1.026  3.065  0.000
   99 F  -0.1202   1.670  5.450  0.000
  100 F  -0.1208   1.670  5.450  0.000
  101 C   0.0101   1.118  2.872  0.000
  102 C  -0.0782   1.101  2.977  0.000
  103 C   0.0154   1.124  2.861  0.000
  104 S   0.0262   1.880  4.005  0.089
  105 C   0.0025   1.131  2.866  0.000
  106 S   0.0904   1.866  3.940  0.104
  107 C  -0.0284   1.081  2.948  0.000
  108 C  -0.0651   1.088  2.977  0.000
  109 C  -0.0620   1.144  2.918  0.000
  110 C   0.2101   1.120  2.670  0.000
  111 O  -0.2676   1.586  4.682  0.000
  112 O  -0.1069   1.435  4.672  0.000
  113 C   0.0489   1.079  2.872  0.000
  114 C  -0.0832   1.017  3.066  0.000
  115 H   0.0454   0.955  0.000  0.000
  116 H   0.0493   0.951  0.000  0.000
  117 H   0.0461   0.954  0.000  0.000
  118 H   0.0446   0.955  0.000  0.000
  119 H   0.0390   0.961  0.000  0.000
  120 H   0.0389   0.961  0.000  0.000
  121 H   0.0295   0.971  0.000  0.000
  122 H   0.0347   0.965  0.000  0.000
  123 H   0.0295   0.971  0.000  0.000
  124 H   0.0393   0.961  0.000  0.000
  125 H   0.0392   0.961  0.000  0.000
  126 H   0.0294   0.971  0.000  0.000
  127 H   0.0347   0.965  0.000  0.000
  128 H   0.0299   0.970  0.000  0.000
  129 H   0.0460   0.954  0.000  0.000
  130 H   0.0458   0.954  0.000  0.000
  131 H   0.0359   0.964  0.000  0.000
  132 H   0.0404   0.960  0.000  0.000
  133 H   0.0286   0.971  0.000  0.000
  134 H   0.0397   0.960  0.000  0.000
  135 H   0.0348   0.965  0.000  0.000
  136 H   0.0466   0.953  0.000  0.000
  137 H   0.0443   0.956  0.000  0.000
  138 H   0.0448   0.955  0.000  0.000
  139 H   0.0381   0.962  0.000  0.000
  140 H   0.0399   0.960  0.000  0.000
  141 H   0.0288   0.971  0.000  0.000
  142 H   0.0346   0.965  0.000  0.000
  143 H   0.0306   0.969  0.000  0.000
  144 H   0.0390   0.961  0.000  0.000
  145 H   0.0392   0.961  0.000  0.000
  146 H   0.0311   0.969  0.000  0.000
  147 H   0.0355   0.965  0.000  0.000
  148 H   0.0297   0.970  0.000  0.000
  149 H   0.0470   0.953  0.000  0.000
  150 H   0.0460   0.954  0.000  0.000
  151 H   0.0359   0.964  0.000  0.000
  152 H   0.0402   0.960  0.000  0.000
  153 H   0.0287   0.971  0.000  0.000
  154 H   0.0395   0.961  0.000  0.000
  155 H   0.0346   0.965  0.000  0.000
  156 H   0.0459   0.954  0.000  0.000
  157 H   0.0449   0.955  0.000  0.000
  158 H   0.0438   0.956  0.000  0.000
  159 H   0.0388   0.961  0.000  0.000
  160 H   0.0391   0.961  0.000  0.000
  161 H   0.0296   0.970  0.000  0.000
  162 H   0.0349   0.965  0.000  0.000
  163 H   0.0306   0.969  0.000  0.000
  164 H   0.0384   0.962  0.000  0.000
  165 H   0.0379   0.962  0.000  0.000
  166 H   0.0296   0.970  0.000  0.000
  167 H   0.0326   0.967  0.000  0.000
  168 H   0.0340   0.966  0.000  0.000
  169 H   0.0570   0.943  0.000  0.000
  170 H   0.0487   0.951  0.000  0.000
  171 H   0.0423   0.958  0.000  0.000
  172 H   0.0361   0.964  0.000  0.000
  173 H   0.0400   0.960  0.000  0.000
  174 H   0.0291   0.971  0.000  0.000
  175 H   0.0395   0.960  0.000  0.000
  176 H   0.0351   0.965  0.000  0.000
 
 Wiberg/Mayer (AO) data. WBOs > 0.1 written file <wbo>
 largest (>0.05) Wiberg bond orders for each atom
           total WBO             WBO to atom ...
     1  C   3.940    C    6 1.340    C    2 1.266    C   10 1.049    C    4 0.084
     2  C   3.933    C    1 1.266    C    3 1.246    C    7 1.161
     3  C   3.939    C    4 1.351    C    2 1.246    S    9 1.080    C    6 0.053
     4  C   3.919    C    3 1.351    C    5 1.242    C   11 1.050    C    1 0.084
     5  C   3.948    C    4 1.242    C    6 1.236    C   26 1.211
     6  C   3.932    C    1 1.340    C    5 1.236    S   28 1.069    C    3 0.053
     7  C   3.957    C    8 1.710    C    2 1.161    H  115 0.931    S    9 0.086
     8  C   3.933    C    7 1.710    S    9 1.129    H  116 0.949
     9  S   2.480    C    8 1.129    C    3 1.080    C    7 0.086
    10  C   3.938    C   12 1.562    S   15 1.104    C    1 1.049    C   14 0.110
    11  C   3.938    C   16 1.560    S   19 1.106    C    4 1.050    C   18 0.110
    12  C   3.952    C   10 1.562    C   13 1.234    H  117 0.936    S   15 0.076
    13  C   3.907    C   14 1.552    C   12 1.234    F   24 0.960    S   15 0.073
    14  C   3.915    C   13 1.552    S   15 1.130    C   20 0.999    C   10 0.110
    15  S   2.545    C   14 1.130    C   10 1.104    C   12 0.076    C   13 0.073
    16  C   3.954    C   11 1.560    C   17 1.234    H  118 0.938    S   19 0.076
    17  C   3.906    C   18 1.552    C   16 1.234    F   25 0.959    S   19 0.072
    18  C   3.914    C   17 1.552    S   19 1.130    C   22 0.999    C   11 0.110
    19  S   2.539    C   18 1.130    C   11 1.106    C   16 0.076    C   17 0.072
    20  C   3.974    C   14 0.999    C   21 0.988    H  119 0.964    H  120 0.962
    21  C   3.981    C   20 0.988    H  121 0.984    H  123 0.984    H  122 0.979
    22  C   3.974    C   18 0.999    C   23 0.987    H  124 0.964    H  125 0.962
    23  C   3.981    C   22 0.987    H  126 0.984    H  128 0.983    H  127 0.979
    24  F   1.085    C   13 0.960
    25  F   1.085    C   17 0.959
    26  C   3.939    C   27 1.538    C    5 1.211    H  129 0.932    S   28 0.075    C   32 0.056
    27  C   3.930    C   26 1.538    C   29 1.140    S   28 1.067
    28  S   2.482    C    6 1.069    C   27 1.067    C   26 0.075
    29  C   3.923    C   32 1.400    C   27 1.140    S   30 1.121    C   63 0.077
    30  S   2.525    C   29 1.121    C   63 1.089    C   31 0.058    C   32 0.058
    31  C   3.940    C   63 1.523    C   32 1.244    H  130 0.937    C   44 0.066    S   30 0.058
    32  C   3.925    C   29 1.400    C   31 1.244    C   33 1.009    O   34 0.066    S   30 0.058    C   26 0.056
    33  C   3.916    O   34 1.730    O   35 1.095    C   32 1.009
    34  O   2.135    C   33 1.730    O   35 0.155    C   32 0.066
    35  O   2.319    C   33 1.095    C   36 0.961    O   34 0.155
    36  C   3.931    C   37 1.006    H  131 0.976    H  132 0.966    O   35 0.961
    37  C   3.985    C   36 1.006    H  133 0.985    H  135 0.984    H  134 0.978
    38  C   3.921    C   43 1.352    C   39 1.248    C   47 1.047    C   41 0.078
    39  C   3.932    C   38 1.248    C   40 1.232    C   44 1.200
    40  C   3.932    C   41 1.357    C   39 1.232    S   46 1.076    C   43 0.051
    41  C   3.917    C   40 1.357    C   42 1.232    C   48 1.057    C   38 0.078
    42  C   3.937    C   41 1.232    C   43 1.231    C   64 1.224
    43  C   3.930    C   38 1.352    C   42 1.231    S   66 1.066    C   40 0.051
    44  C   3.939    C   45 1.562    C   39 1.200    H  136 0.933    S   46 0.070    C   31 0.066
    45  C   3.918    C   44 1.562    C   63 1.121    S   46 1.059
    46  S   2.432    C   40 1.076    C   45 1.059    C   44 0.070
    47  C   3.938    C   49 1.562    S   52 1.106    C   38 1.047    C   51 0.110
    48  C   3.937    C   53 1.556    S   56 1.103    C   41 1.057    C   55 0.109
    49  C   3.955    C   47 1.562    C   50 1.234    H  137 0.938    S   52 0.076
    50  C   3.905    C   51 1.552    C   49 1.234    F   61 0.958    S   52 0.072
    51  C   3.915    C   50 1.552    S   52 1.132    C   57 0.999    C   47 0.110
    52  S   2.543    C   51 1.132    C   47 1.106    C   49 0.076    C   50 0.072
    53  C   3.949    C   48 1.556    C   54 1.235    H  138 0.936    S   56 0.075
    54  C   3.906    C   55 1.551    C   53 1.235    F   62 0.959    S   56 0.072
    55  C   3.913    C   54 1.551    S   56 1.130    C   59 0.998    C   48 0.109
    56  S   2.545    C   55 1.130    C   48 1.103    C   53 0.075    C   54 0.072
    57  C   3.974    C   51 0.999    C   58 0.989    H  139 0.964    H  140 0.961
    58  C   3.982    C   57 0.989    H  141 0.984    H  143 0.983    H  142 0.979
    59  C   3.973    C   55 0.998    C   60 0.990    H  144 0.964    H  145 0.960
    60  C   3.981    C   59 0.990    H  146 0.984    H  148 0.983    H  147 0.978
    61  F   1.083    C   50 0.958
    62  F   1.085    C   54 0.959
    63  C   3.928    C   31 1.523    C   45 1.121    S   30 1.089    C   29 0.077
    64  C   3.935    C   65 1.522    C   42 1.224    H  149 0.925    S   66 0.073    C   70 0.058
    65  C   3.920    C   64 1.522    C   67 1.153    S   66 1.067
    66  S   2.475    C   65 1.067    C   43 1.066    C   64 0.073
    67  C   3.923    C   70 1.391    C   65 1.153    S   68 1.117    C  101 0.074
    68  S   2.516    C   67 1.117    C  101 1.085    C   69 0.057    C   70 0.056
    69  C   3.941    C  101 1.521    C   70 1.245    H  150 0.936    C   82 0.067    S   68 0.057
    70  C   3.922    C   67 1.391    C   69 1.245    C   71 1.015    O   72 0.066    C   64 0.058    S   68 0.056
    71  C   3.916    O   72 1.725    O   73 1.094    C   70 1.015
    72  O   2.135    C   71 1.725    O   73 0.154    C   70 0.066
    73  O   2.317    C   71 1.094    C   74 0.962    O   72 0.154
    74  C   3.931    C   75 1.006    H  151 0.976    H  152 0.966    O   73 0.962
    75  C   3.985    C   74 1.006    H  153 0.985    H  155 0.984    H  154 0.978
    76  C   3.911    C   81 1.354    C   77 1.244    C   85 1.049    C   79 0.079
    77  C   3.936    C   76 1.244    C   78 1.237    C   82 1.202
    78  C   3.931    C   79 1.349    C   77 1.237    S   84 1.077    C   81 0.051
    79  C   3.924    C   78 1.349    C   80 1.245    C   86 1.056    C   76 0.079
    80  C   3.936    C   79 1.245    C   81 1.237    C  102 1.197
    81  C   3.932    C   76 1.354    C   80 1.237    S  104 1.077    C   78 0.051
    82  C   3.937    C   83 1.556    C   77 1.202    H  156 0.933    S   84 0.070    C   69 0.067
    83  C   3.921    C   82 1.556    C  101 1.125    S   84 1.061
    84  S   2.436    C   78 1.077    C   83 1.061    C   82 0.070
    85  C   3.938    C   87 1.561    S   90 1.105    C   76 1.049    C   89 0.110
    86  C   3.937    C   91 1.553    S   94 1.107    C   79 1.056    C   93 0.109
    87  C   3.954    C   85 1.561    C   88 1.233    H  157 0.938    S   90 0.076
    88  C   3.906    C   89 1.553    C   87 1.233    F   99 0.959    S   90 0.072
    89  C   3.914    C   88 1.553    S   90 1.130    C   95 0.998    C   85 0.110
    90  S   2.539    C   89 1.130    C   85 1.105    C   87 0.076    C   88 0.072
    91  C   3.939    C   86 1.553    C   92 1.240    H  158 0.937    S   94 0.076
    92  C   3.906    C   93 1.543    C   91 1.240    F  100 0.959    S   94 0.073
    93  C   3.913    C   92 1.543    S   94 1.135    C   97 1.000    C   86 0.109
    94  S   2.557    C   93 1.135    C   86 1.107    C   91 0.076    C   92 0.073
    95  C   3.974    C   89 0.998    C   96 0.989    H  159 0.964    H  160 0.961
    96  C   3.981    C   95 0.989    H  161 0.984    H  163 0.983    H  162 0.979
    97  C   3.974    C   93 1.000    C   98 0.985    H  165 0.964    H  164 0.964
    98  C   3.980    C   97 0.985    H  166 0.984    H  168 0.981    H  167 0.978
    99  F   1.085    C   88 0.959
   100  F   1.085    C   92 0.959
   101  C   3.922    C   69 1.521    C   83 1.125    S   68 1.085    C   67 0.074
   102  C   3.952    C  103 1.567    C   80 1.197    H  169 0.909    S  104 0.068
   103  C   3.918    C  102 1.567    C  105 1.124    S  104 1.050
   104  S   2.420    C   81 1.077    C  103 1.050    C  102 0.068
   105  C   3.940    C  109 1.435    S  106 1.130    C  103 1.124    C  107 0.094
   106  S   2.582    C  107 1.173    C  105 1.130    C  108 0.073    C  109 0.068
   107  C   3.943    C  108 1.652    S  106 1.173    H  170 0.950    C  105 0.094
   108  C   3.966    C  107 1.652    C  109 1.217    H  171 0.938    S  106 0.073
   109  C   3.925    C  105 1.435    C  108 1.217    C  110 0.985    S  106 0.068    O  111 0.068
   110  C   3.916    O  111 1.757    O  112 1.093    C  109 0.985
   111  O   2.136    C  110 1.757    O  112 0.160    C  109 0.068
   112  O   2.321    C  110 1.093    C  113 0.962    O  111 0.160
   113  C   3.931    C  114 1.006    H  172 0.976    H  173 0.965    O  112 0.962
   114  C   3.985    C  113 1.006    H  174 0.985    H  176 0.982    H  175 0.978
   115  H   0.995    C    7 0.931
   116  H   0.994    C    8 0.949
   117  H   0.996    C   12 0.936
   118  H   0.996    C   16 0.938
   119  H   0.997    C   20 0.964
   120  H   0.997    C   20 0.962
   121  H   0.999    C   21 0.984
   122  H   0.996    C   21 0.979
   123  H   0.999    C   21 0.984
   124  H   0.997    C   22 0.964
   125  H   0.997    C   22 0.962
   126  H   0.999    C   23 0.984
   127  H   0.996    C   23 0.979
   128  H   0.999    C   23 0.983
   129  H   0.995    C   26 0.932
   130  H   0.995    C   31 0.937
   131  H   0.998    C   36 0.976
   132  H   0.998    C   36 0.966
   133  H   0.999    C   37 0.985
   134  H   0.998    C   37 0.978
   135  H   0.999    C   37 0.984
   136  H   0.995    C   44 0.933
   137  H   0.996    C   49 0.938
   138  H   0.996    C   53 0.936
   139  H   0.997    C   57 0.964
   140  H   0.997    C   57 0.961
   141  H   0.999    C   58 0.984
   142  H   0.997    C   58 0.979
   143  H   0.999    C   58 0.983
   144  H   0.997    C   59 0.964
   145  H   0.997    C   59 0.960
   146  H   0.999    C   60 0.984
   147  H   0.997    C   60 0.978
   148  H   0.999    C   60 0.983
   149  H   0.995    C   64 0.925
   150  H   0.995    C   69 0.936
   151  H   0.998    C   74 0.976
   152  H   0.998    C   74 0.966
   153  H   0.999    C   75 0.985
   154  H   0.998    C   75 0.978
   155  H   0.999    C   75 0.984
   156  H   0.995    C   82 0.933
   157  H   0.996    C   87 0.938
   158  H   0.996    C   91 0.937
   159  H   0.997    C   95 0.964
   160  H   0.997    C   95 0.961
   161  H   0.999    C   96 0.984
   162  H   0.997    C   96 0.979
   163  H   0.999    C   96 0.983
   164  H   0.997    C   97 0.964
   165  H   0.997    C   97 0.964
   166  H   0.999    C   98 0.984
   167  H   0.996    C   98 0.978
   168  H   0.999    C   98 0.981
   169  H   0.993    C  102 0.909
   170  H   0.994    C  107 0.950
   171  H   0.995    C  108 0.938
   172  H   0.998    C  113 0.976
   173  H   0.998    C  113 0.965
   174  H   0.999    C  114 0.985
   175  H   0.998    C  114 0.978
   176  H   0.999    C  114 0.982
 
 --------------------------------------------
          xTB calculation for sTDA...
 --------------------------------------------
 
 reading parameter file /ihome/ghutchison/blp62/xtb4stda/.param_stda2.xtb
 
      method parameters     
 k(s)        :  1.6000
 k(p)        :  2.1800
 k(d)        :  1.9500
 k(f)        :  2.0000
 k(R-V)      :  2.2750
 k(R-R)      :  1.7650
 Tscal       :  0.2580
 Gscal       :  1.0000
 fpol        :  1.0000
 Zcnf        :  0.3430
 Zqf         :  0.0000
 kcn         :  2.7000
 Ryd Hsplit  :  0.7000
 lshift(virt):  3.1000
 lshift(OS)  :  0.2000
 wllscaling  :  2.6000
 
 mowrcut     : 3.000
 
  Z AO/shell   Hii/eV     exponent
  1     Sun Feb 14 09:53:25 CET 2016    EN: 2.327 GAM: 0.473  GM3: 0.0000
     1s    -14.339618    1.220000
     2sp    -3.348946    0.600000
  6     Sun Feb 14 09:53:25 CET 2016    EN: 2.731 GAM: 0.422  GM3: 0.0000
     2s    -22.009312    1.565095
     2p    -13.020408    1.596905
     3sp    -3.914040    0.824500
  8     Sun Feb 14 09:53:25 CET 2016    EN: 3.700 GAM: 0.587  GM3: 0.0000
     2s    -33.859000    2.418661
     2p    -22.175911    1.973969
     3sp    -4.259392    1.013700
  9     Sun Feb 21 12:20:01 CET 2016    EN: 3.394 GAM: 0.600  GM3: 0.0000
     2s    -26.548112    1.943768
     2p    -23.081168    2.552035
     3sp    -1.937199    1.103200
 16     Sun Feb 21 16:35:57 CET 2016    EN: 1.915 GAM: 0.200  GM3: 0.0000
     3s    -17.898811    2.619580
     3p    -15.317401    1.798798
     4sp    -4.455139    0.843200
 
 Nbf   :         1222
 T(el) :     0.0
 calculating S/T integrals ...
 cpu time for ints    1.32345300000000     
 Nao   :         1222
 making H0...
 making H1...
 cpu time for H      3.775500000000021E-002
 solving ...
 cpu time for diag   0.414132000000000     
 
 gap (eV)           :   5.266
 Koopmans IP (eV)   :  13.390
 Eel (Eh)           :  -488.691788

          eigenvalues
 #    :         277        278        279        280        281        282        283        284
 occ. :        2.000      2.000      2.000      2.000      2.000      2.000      2.000      2.000
 eps  :       -15.277    -15.257    -15.126    -15.086    -14.924    -14.824    -14.754    -14.561
 #    :         285        286        287        288        289        290        291        292
 occ. :        2.000      2.000      2.000      2.000      2.000      0.000      0.000      0.000
 eps  :       -14.246    -14.092    -13.707    -13.585    -13.391     -8.124     -7.778     -7.508
 #    :         293        294        295        296        297        298        299        300
 occ. :        0.000      0.000      0.000      0.000      0.000      0.000      0.000      0.000
 eps  :        -6.898     -6.717     -6.590     -6.297     -6.162     -5.814     -5.724     -5.708
                            1  SCC done.
 writing mo output ...
 molden style : F
 
speedup  1.00
cpu  time for all    3.08 s
wall time for all    3.09 s
