 
        ______________________________________
       |                                      |
       |          ===================         |
       |             xTB for sTDA             |
       |          ===================         |
       |               S. Grimme              |
       |        Universitaet Bonn, MCTC       |
       |         2015-19, Version 1.0         |
       |     Wed Apr  3 09:14:55 CEST 2019    |
       |______________________________________|
 
        This code comes without any warranty
        for non-commercial, academia use only.
        Preliminary test version.
        Cite this work as:
        S. Grimme  &  C. Bannwarth, JCP 145 (2016) 054103
        if GBSA is used additionally:
        P. Shushkov, F. März, C. Bannwarth, S. Grimme, unpublished.
 
        with help from
        P. Shushkov, G. Brandenburg, S. Dohm, J. Pisarek,
        F. März, M. Checinski, S. Ehrlich, S. Spicher, 
        P. Pracht, E. Caldeweyher, S. Ehlert, and C. Bannwarth.
 
        usage        :
        xtb4stda <coord_file> [options]
        where <coord_file> is a valid file of TM)
        (*coord, Bohr) or xmol (*xyz, Angstroem)
        format.

        options:
        -chrg <int>   : molecular charge
        -uhf  <int>   : # of unpaired electrons(=2*S)
        -nox          : skip second, extended part in sTDA-xTB
        -pop          : do population analysis
                      : (default for -nox)
        -mowr <real>  : cut MO write above (def.3 Eh)
        -molden       : write formatted molden file
        -parx <file>  : read parameters for sTDA-xTB
                        calc (def:~/.param_stda2.xtb)
        -parv <file>  : read parameters for vTB part in
                        sTDA-xTB (def: ~/.param_stda1.xtb)
        -xtemp <real> : el. temp for xTB (def. 0 K)
        -etemp <real> : el. temp for GFN (def. 300 K)
        -fod          : calculate the FOD and write
                        molden.input file with
                        appropriate occupations
                        for plotting. Def. T=12500 K
 
        -acc <real>   : xTB accuracy (def. 1.0)
        -gbsa [string1] [string2]
                        use GBSA implicit solvent
                        for solvent [string1] and
                        solvation state [string2]=
                        reference, bar1M (default=1M)
        additional GFN/opt/MD/siman options read from
        $XTB4STDAHOME/.xtb4stdarc or $set in input
 
       spin and charge state information can be on:
       <.CHRG> (charge) and <.UHF> (=nalpha-nbeta)
       -uhf and -chrg override the file info.
       useful machine settings:
       setenv MKL_NUM_THREADS <NCORE_ON_YOUR_MACHINE>
       setenv OMP_STACKSIZE 500m
       limit stacksize unlimited
 
       total energies in Eh, gaps/HL energies in eV
       please read REVISION and HOWTO files carefully
 =============================
  # OMP threads =           1
 =============================
 
 xtb4stdahome directory:/ihome/ghutchison/blp62/xtb4stda/
 
 
 name of molecule           :
 comment line               :
 number of atoms            :    86
 number of electrons        :   302
 charge                     :  0
 spin                       : 0.0
 first test random number   :  0.2624
 
 -----------------------------------------
      charge density (VTB) calculation
 -----------------------------------------
 
      method parameters     
 k(s)        :  1.8000
 k(p)        :  2.8350
 k(d)        :  2.0860
 k(f)        :  2.0000
 Tscal       :  0.3300
 Gscal       :  0.3910
 fpol        :  1.0000
 Zcnf        :  0.6500
 Zqf         :  0.0000
 kcn         :  0.3000
 kEN1        : -0.5900
 wllscal     :  2.6000
 
     -------------------------
     ! NO SOLVENT MODEL USED !
     -------------------------
 
 doing EN charges ...
 sum q : -0.1554312D-14
 point charge moment (au)
     X       Y       Z   
   0.1632   0.0258   0.7088  total (Debye):    1.850
 
            Z      q(EN)   CN      Cart. coordinates
     1  C   4.0   0.006   3.364     6.07846    -7.64423   -11.72612
     2  C   4.0   0.008   3.389     4.43699    -9.48306   -10.68079
     3  C   4.0  -0.086   3.253     3.57070    -8.85240    -8.32153
     4  S   6.0   0.220   2.589     4.80648    -5.94896    -7.41912
     5  C   4.0  -0.167   3.162     6.46810    -5.63149   -10.17947
     6  C   4.0  -0.005   3.284     1.84991   -10.21835    -6.69111
     7  C   4.0  -0.073   3.194     0.05858    -8.96615    -5.25763
     8  C   4.0  -0.071   3.183    -1.68335   -10.26589    -3.78471
     9  C   4.0  -0.004   3.283    -1.72095   -12.88798    -3.68386
    10  C   4.0   0.092   3.377     0.15910   -14.21955    -5.06528
    11  C   4.0   0.088   3.358     1.96504   -12.88943    -6.52767
    12  N   5.0  -0.237   2.395     0.19786   -16.76570    -4.97368
    13  C   4.0   0.199   3.283     1.97397   -17.95825    -6.22499
    14  C   4.0   0.054   3.220     3.89275   -16.59065    -7.54562
    15  N   5.0  -0.221   2.175     3.86549   -14.15117    -7.68180
    16  O   6.0  -0.140   2.077     2.08361   -20.45748    -6.28938
    17  C   4.0  -0.116   4.094     0.14137   -21.80721    -4.99699
    18  C   4.0  -0.239   4.011     0.69647   -24.61157    -5.22229
    19  F   7.0  -0.023   1.053     7.12652    -7.87046   -14.01479
    20  F   7.0  -0.022   1.061     3.71052   -11.52227   -11.97695
    21  C   4.0   0.008   3.384    -5.73167   -13.40101    -1.10215
    22  C   4.0   0.009   3.381    -7.16394   -15.28990     0.07780
    23  C   4.0  -0.079   3.250    -6.11207   -17.66392    -0.09706
    24  S   6.0   0.235   2.968    -3.30842   -17.52050    -1.79963
    25  C   4.0  -0.079   3.248    -3.57478   -14.28568    -2.26940
    26  C   4.0  -0.004   3.280    -7.11685   -20.00931     0.84601
    27  C   4.0  -0.071   3.183    -9.66413   -20.32606     1.37873
    28  C   4.0  -0.071   3.183   -10.61720   -22.59711     2.28536
    29  C   4.0  -0.004   3.283    -9.07613   -24.67108     2.73344
    30  C   4.0   0.091   3.373    -6.45241   -24.40664     2.22717
    31  C   4.0   0.089   3.371    -5.48482   -22.10107     1.26426
    32  N   5.0  -0.233   2.342    -4.90430   -26.38739     2.63588
    33  C   4.0   0.196   3.285    -2.49111   -26.11053     2.15194
    34  C   4.0   0.054   3.222    -1.51940   -23.77051     1.23568
    35  N   5.0  -0.235   2.266    -2.98870   -21.85843     0.79833
    36  O   6.0  -0.138   2.077    -0.87096   -27.99686     2.47942
    37  C   4.0  -0.116   4.093    -1.89353   -30.33349     3.35888
    38  C   4.0  -0.239   4.010     0.27471   -32.15743     3.80016
    39  F   7.0  -0.023   1.058    -6.48141   -10.97573    -1.09542
    40  F   7.0  -0.023   1.057    -9.31962   -14.75495     1.30577
    41  C   4.0   0.008   3.383   -12.49717   -27.86062     3.77586
    42  C   4.0   0.008   3.384   -12.78553   -30.23787     4.91021
    43  C   4.0  -0.079   3.248   -10.55930   -31.26266     5.78883
    44  S   6.0   0.235   2.979    -8.06499   -29.24231     5.10875
    45  C   4.0  -0.079   3.249   -10.03223   -27.02884     3.69557
    46  C   4.0  -0.004   3.280   -10.18402   -33.63518     7.07584
    47  C   4.0  -0.073   3.184   -12.01196   -35.50676     7.16473
    48  C   4.0  -0.071   3.139   -11.60930   -37.75904     8.48207
    49  C   4.0  -0.068   3.172    -9.39993   -38.20108     9.75982
    50  C   4.0   0.088   3.316    -7.49104   -36.35618     9.72505
    51  C   4.0   0.089   3.380    -7.86219   -34.08257     8.35245
    52  N   5.0  -0.211   2.196    -5.31602   -36.76115    11.00678
    53  C   4.0   0.192   3.286    -3.59144   -34.99007    10.93200
    54  C   4.0   0.055   3.220    -3.95130   -32.72442     9.51693
    55  N   5.0  -0.242   2.330    -6.02584   -32.31583     8.27528
    56  O   6.0  -0.136   2.077    -1.42935   -35.24863    12.19032
    57  C   4.0  -0.113   4.086    -1.15464   -37.49888    13.64860
    58  C   4.0  -0.239   4.009     1.31067   -37.32583    15.10323
    59  F   7.0  -0.023   1.057   -14.48100   -26.59381     2.82385
    60  F   7.0  -0.023   1.058   -15.06749   -31.32705     5.13673
    61  H   1.0   0.077   1.013     7.62118    -4.00523   -10.52254
    62  H   1.0   0.075   1.008    -0.00887    -6.92721    -5.31491
    63  H   1.0   0.077   1.007    -3.04060    -9.18484    -2.72163
    64  H   1.0   0.076   1.004     5.42461   -17.58742    -8.45401
    65  H   1.0   0.080   1.001    -1.68714   -21.33131    -5.84430
    66  H   1.0   0.082   1.006     0.09266   -21.19657    -3.02365
    67  H   1.0   0.081   0.999     0.73330   -25.17423    -7.19676
    68  H   1.0   0.082   0.999    -0.76037   -25.67715    -4.24544
    69  H   1.0   0.082   0.999     2.52049   -25.04565    -4.38508
    70  H   1.0   0.077   1.007   -10.96263   -18.78751     1.07404
    71  H   1.0   0.077   1.007   -12.61456   -22.72018     2.66070
    72  H   1.0   0.077   1.005     0.48135   -23.55861     0.89319
    73  H   1.0   0.080   1.001    -3.21365   -31.06336     1.93968
    74  H   1.0   0.082   1.006    -2.96402   -29.99374     5.09302
    75  H   1.0   0.081   0.999     1.30125   -32.48731     2.05232
    76  H   1.0   0.082   0.999    -0.46721   -33.94180     4.49204
    77  H   1.0   0.081   0.999     1.57788   -31.38934     5.18904
    78  H   1.0   0.077   1.007   -13.78557   -35.25013     6.19950
    79  H   1.0   0.074   1.005   -13.08750   -39.16560     8.49116
    80  H   1.0   0.076   1.005    -9.07444   -39.92272    10.79930
    81  H   1.0   0.077   1.004    -2.49261   -31.29787     9.47616
    82  H   1.0   0.080   1.000    -1.16733   -39.13119    12.37384
    83  H   1.0   0.080   1.000    -2.77575   -37.67327    14.92514
    84  H   1.0   0.081   0.999     2.88736   -37.12671    13.80296
    85  H   1.0   0.081   0.999     1.57254   -39.02562    16.22281
    86  H   1.0   0.081   0.999     1.28185   -35.69602    16.35230
 
  Z AO/shell   Hii/eV     exponent
  1     Sat Feb 20 21:38:01 CET 2016    EN: 2.327 GAM: 0.473  GM3: 0.0000
     1s    -13.751157    1.051071
  6     Sat Feb 20 21:38:01 CET 2016    EN: 2.731 GAM: 0.422  GM3: 0.0000
     2s    -19.378245    2.021003
     2p    -11.993376    1.497917
  7     Sat Feb 20 21:38:01 CET 2016    EN: 3.573 GAM: 0.504  GM3: 0.0000
     2s    -21.576984    2.275442
     2p    -16.125120    2.056788
  8     Sat Feb 20 21:38:01 CET 2016    EN: 3.700 GAM: 0.587  GM3: 0.0000
     2s    -21.648843    2.110798
     2p    -17.239740    2.329048
  9     Sat Feb 20 21:51:24 CET 2016    EN: 3.394 GAM: 0.669  GM3: 0.0000
     2s    -19.384211    2.614957
     2p    -19.426034    2.777297
 16     Sat Feb 20 23:13:41 CET 2016    EN: 1.915 GAM: 0.389  GM3: 0.0000
     3s    -22.000000    2.671470
     3p    -15.834192    1.836978
     3d     -2.593599    1.836978
 
 dipole moment of classical point charges (au)
     X       Y       Z   
   0.1632   0.0258   0.7088  total (Debye):    1.850

 
 Nbf   :          284
 T(el) :   300.0
 calculating S/T integrals ...
 cpu time for ints   3.822200000000001E-002
 Nao   :          281
 making H0...
 making H1...
 cpu time for H      4.402999999999997E-003
 solving ...
 cpu time for diag   1.564200000000000E-002
 
 gap (eV)           :   2.184
 Koopmans IP (eV)   :  12.299
 Eel (Eh)           :  -236.158860
 T,E(Fermi),NFOD :    300.000   -11.207  0.000000
 T,E(Fermi),NFOD :    300.000   -11.207  0.000000
 Nfod               :  0.0000
 Nfod/Nel           :  0.0000

          eigenvalues
 #    :         139        140        141        142        143        144        145        146
 occ. :        2.000      2.000      2.000      2.000      2.000      2.000      2.000      2.000
 eps  :       -15.438    -15.089    -15.062    -15.034    -14.876    -14.775    -14.706    -14.553
 #    :         147        148        149        150        151        152        153        154
 occ. :        2.000      2.000      2.000      2.000      2.000      0.000      0.000      0.000
 eps  :       -14.536    -14.469    -13.865    -13.093    -12.300    -10.116     -9.873     -9.759
 #    :         155        156        157        158        159        160        161        162
 occ. :        0.000      0.000      0.000      0.000      0.000      0.000      0.000      0.000
 eps  :        -8.891     -8.745     -8.568     -7.962     -7.318     -7.085     -6.554     -6.525
                            1  SCC done.
 making H1...
 cpu time for H      1.860700000000001E-002
 solving ...
 cpu time for diag   9.708999999999995E-003
 
 gap (eV)           :   2.632
 Koopmans IP (eV)   :  12.367
 Eel (Eh)           :  -233.522716
 T,E(Fermi),NFOD :    300.000   -11.051  0.000000
 T,E(Fermi),NFOD :    300.000   -11.051  0.000000
 Nfod               :  0.0000
 Nfod/Nel           :  0.0000

          eigenvalues
 #    :         139        140        141        142        143        144        145        146
 occ. :        2.000      2.000      2.000      2.000      2.000      2.000      2.000      2.000
 eps  :       -15.137    -14.671    -14.634    -14.543    -14.406    -14.387    -14.258    -14.056
 #    :         147        148        149        150        151        152        153        154
 occ. :        2.000      2.000      2.000      2.000      2.000      0.000      0.000      0.000
 eps  :       -14.031    -14.010    -13.952    -13.161    -12.368     -9.736     -9.388     -9.225
 #    :         155        156        157        158        159        160        161        162
 occ. :        0.000      0.000      0.000      0.000      0.000      0.000      0.000      0.000
 eps  :        -8.676     -8.534     -8.343     -7.734     -7.214     -6.841     -6.538     -6.246
                            2  SCC done.
 
 
 Mulliken/CM5 charges    n(s)   n(p)   n(d)   
    1 C   0.0591  0.0781   1.150  2.791  0.000
    2 C   0.0559  0.0791   1.155  2.789  0.000
    3 C  -0.0250 -0.0091   1.157  2.868  0.000
    4 S   0.1302  0.0914   1.879  3.932  0.059
    5 C  -0.0655 -0.0997   1.122  2.943  0.000
    6 C   0.0119  0.0151   1.161  2.827  0.000
    7 C  -0.0338 -0.0858   1.138  2.896  0.000
    8 C  -0.0336 -0.0858   1.139  2.894  0.000
    9 C   0.0155  0.0189   1.158  2.826  0.000
   10 C   0.0412  0.1202   1.189  2.770  0.000
   11 C   0.0353  0.1131   1.181  2.784  0.000
   12 N  -0.2102 -0.4045   1.473  3.737  0.000
   13 C   0.1493  0.2575   1.176  2.674  0.000
   14 C   0.0339  0.0768   1.165  2.801  0.000
   15 N  -0.1690 -0.3624   1.483  3.686  0.000
   16 O  -0.1279 -0.2084   1.462  4.666  0.000
   17 C   0.0585 -0.0219   1.135  2.806  0.000
   18 C  -0.0779 -0.2271   1.087  2.991  0.000
   19 F  -0.1220 -0.1444   1.683  5.439  0.000
   20 F  -0.1128 -0.1337   1.681  5.432  0.000
   21 C   0.0544  0.0755   1.156  2.789  0.000
   22 C   0.0550  0.0761   1.157  2.788  0.000
   23 C  -0.0257 -0.0096   1.168  2.857  0.000
   24 S   0.1340  0.1090   1.890  3.918  0.058
   25 C  -0.0185 -0.0022   1.166  2.853  0.000
   26 C   0.0128  0.0160   1.161  2.827  0.000
   27 C  -0.0332 -0.0855   1.138  2.896  0.000
   28 C  -0.0327 -0.0849   1.140  2.893  0.000
   29 C   0.0146  0.0180   1.158  2.828  0.000
   30 C   0.0416  0.1206   1.189  2.770  0.000
   31 C   0.0348  0.1132   1.183  2.782  0.000
   32 N  -0.2114 -0.4053   1.474  3.737  0.000
   33 C   0.1463  0.2543   1.175  2.679  0.000
   34 C   0.0287  0.0696   1.166  2.805  0.000
   35 N  -0.1700 -0.3698   1.482  3.688  0.000
   36 O  -0.1332 -0.2135   1.464  4.669  0.000
   37 C   0.0579 -0.0225   1.136  2.806  0.000
   38 C  -0.0775 -0.2267   1.087  2.991  0.000
   39 F  -0.1213 -0.1461   1.684  5.437  0.000
   40 F  -0.1213 -0.1456   1.684  5.437  0.000
   41 C   0.0547  0.0758   1.156  2.790  0.000
   42 C   0.0540  0.0751   1.158  2.788  0.000
   43 C  -0.0246 -0.0084   1.168  2.857  0.000
   44 S   0.1331  0.1087   1.890  3.919  0.058
   45 C  -0.0213 -0.0051   1.168  2.853  0.000
   46 C   0.0138  0.0170   1.163  2.823  0.000
   47 C  -0.0366 -0.0890   1.138  2.899  0.000
   48 C  -0.0269 -0.0826   1.137  2.890  0.000
   49 C  -0.0283 -0.0755   1.134  2.895  0.000
   50 C   0.0410  0.1151   1.181  2.778  0.000
   51 C   0.0322  0.1105   1.185  2.783  0.000
   52 N  -0.2145 -0.4034   1.479  3.735  0.000
   53 C   0.1421  0.2501   1.175  2.683  0.000
   54 C   0.0308  0.0717   1.168  2.802  0.000
   55 N  -0.1735 -0.3745   1.481  3.693  0.000
   56 O  -0.1363 -0.2163   1.464  4.672  0.000
   57 C   0.0611 -0.0192   1.134  2.805  0.000
   58 C  -0.0767 -0.2258   1.086  2.990  0.000
   59 F  -0.1217 -0.1461   1.684  5.437  0.000
   60 F  -0.1209 -0.1455   1.684  5.437  0.000
   61 H   0.0644  0.1230   0.936  0.000  0.000
   62 H   0.0463  0.1057   0.954  0.000  0.000
   63 H   0.0506  0.1119   0.949  0.000  0.000
   64 H   0.0591  0.1296   0.941  0.000  0.000
   65 H   0.0452  0.1122   0.955  0.000  0.000
   66 H   0.0499  0.1232   0.950  0.000  0.000
   67 H   0.0322  0.0865   0.968  0.000  0.000
   68 H   0.0415  0.0949   0.958  0.000  0.000
   69 H   0.0305  0.0851   0.969  0.000  0.000
   70 H   0.0498  0.1107   0.950  0.000  0.000
   71 H   0.0506  0.1117   0.949  0.000  0.000
   72 H   0.0597  0.1305   0.940  0.000  0.000
   73 H   0.0444  0.1109   0.956  0.000  0.000
   74 H   0.0509  0.1243   0.949  0.000  0.000
   75 H   0.0316  0.0858   0.968  0.000  0.000
   76 H   0.0417  0.0947   0.958  0.000  0.000
   77 H   0.0309  0.0854   0.969  0.000  0.000
   78 H   0.0456  0.1066   0.954  0.000  0.000
   79 H   0.0478  0.1045   0.952  0.000  0.000
   80 H   0.0432  0.1034   0.957  0.000  0.000
   81 H   0.0597  0.1304   0.940  0.000  0.000
   82 H   0.0442  0.1100   0.956  0.000  0.000
   83 H   0.0458  0.1129   0.954  0.000  0.000
   84 H   0.0317  0.0861   0.968  0.000  0.000
   85 H   0.0406  0.0929   0.959  0.000  0.000
   86 H   0.0323  0.0867   0.968  0.000  0.000
 
 Loewdin charges    n(s)   n(p)   n(d)
    1 C   0.0469   1.118  2.835  0.000
    2 C   0.0399   1.125  2.835  0.000
    3 C  -0.0081   1.114  2.894  0.000
    4 S   0.0945   1.864  3.926  0.116
    5 C  -0.0419   1.067  2.975  0.000
    6 C   0.0132   1.118  2.868  0.000
    7 C  -0.0288   1.085  2.944  0.000
    8 C  -0.0278   1.085  2.942  0.000
    9 C   0.0153   1.116  2.868  0.000
   10 C   0.0324   1.155  2.813  0.000
   11 C   0.0236   1.148  2.829  0.000
   12 N  -0.1910   1.440  3.751  0.000
   13 C   0.1257   1.150  2.724  0.000
   14 C   0.0283   1.120  2.851  0.000
   15 N  -0.1433   1.446  3.697  0.000
   16 O  -0.0871   1.422  4.665  0.000
   17 C   0.0543   1.079  2.867  0.000
   18 C  -0.0793   1.013  3.066  0.000
   19 F  -0.1038   1.665  5.439  0.000
   20 F  -0.0946   1.664  5.431  0.000
   21 C   0.0397   1.125  2.835  0.000
   22 C   0.0407   1.125  2.834  0.000
   23 C  -0.0093   1.126  2.884  0.000
   24 S   0.0956   1.877  3.915  0.113
   25 C  -0.0020   1.123  2.879  0.000
   26 C   0.0138   1.118  2.868  0.000
   27 C  -0.0283   1.084  2.944  0.000
   28 C  -0.0265   1.086  2.940  0.000
   29 C   0.0142   1.116  2.870  0.000
   30 C   0.0329   1.155  2.813  0.000
   31 C   0.0234   1.150  2.827  0.000
   32 N  -0.1929   1.441  3.752  0.000
   33 C   0.1230   1.149  2.728  0.000
   34 C   0.0230   1.122  2.855  0.000
   35 N  -0.1434   1.445  3.698  0.000
   36 O  -0.0929   1.425  4.668  0.000
   37 C   0.0539   1.079  2.867  0.000
   38 C  -0.0789   1.013  3.066  0.000
   39 F  -0.1031   1.667  5.436  0.000
   40 F  -0.1032   1.667  5.436  0.000
   41 C   0.0400   1.125  2.835  0.000
   42 C   0.0400   1.127  2.834  0.000
   43 C  -0.0087   1.125  2.883  0.000
   44 S   0.0948   1.877  3.916  0.112
   45 C  -0.0047   1.125  2.879  0.000
   46 C   0.0158   1.120  2.864  0.000
   47 C  -0.0329   1.085  2.948  0.000
   48 C  -0.0165   1.081  2.935  0.000
   49 C  -0.0261   1.081  2.945  0.000
   50 C   0.0356   1.145  2.819  0.000
   51 C   0.0205   1.152  2.828  0.000
   52 N  -0.1974   1.446  3.751  0.000
   53 C   0.1196   1.148  2.732  0.000
   54 C   0.0249   1.124  2.851  0.000
   55 N  -0.1459   1.443  3.702  0.000
   56 O  -0.0965   1.425  4.671  0.000
   57 C   0.0579   1.077  2.865  0.000
   58 C  -0.0780   1.013  3.065  0.000
   59 F  -0.1035   1.667  5.436  0.000
   60 F  -0.1028   1.667  5.436  0.000
   61 H   0.0530   0.947  0.000  0.000
   62 H   0.0382   0.962  0.000  0.000
   63 H   0.0412   0.959  0.000  0.000
   64 H   0.0466   0.953  0.000  0.000
   65 H   0.0387   0.961  0.000  0.000
   66 H   0.0434   0.957  0.000  0.000
   67 H   0.0314   0.969  0.000  0.000
   68 H   0.0408   0.959  0.000  0.000
   69 H   0.0301   0.970  0.000  0.000
   70 H   0.0407   0.959  0.000  0.000
   71 H   0.0413   0.959  0.000  0.000
   72 H   0.0479   0.952  0.000  0.000
   73 H   0.0379   0.962  0.000  0.000
   74 H   0.0442   0.956  0.000  0.000
   75 H   0.0309   0.969  0.000  0.000
   76 H   0.0410   0.959  0.000  0.000
   77 H   0.0304   0.970  0.000  0.000
   78 H   0.0367   0.963  0.000  0.000
   79 H   0.0394   0.961  0.000  0.000
   80 H   0.0347   0.965  0.000  0.000
   81 H   0.0479   0.952  0.000  0.000
   82 H   0.0376   0.962  0.000  0.000
   83 H   0.0390   0.961  0.000  0.000
   84 H   0.0311   0.969  0.000  0.000
   85 H   0.0400   0.960  0.000  0.000
   86 H   0.0316   0.968  0.000  0.000
 
 Wiberg/Mayer (AO) data. WBOs > 0.1 written file <wbo>
 largest (>0.05) Wiberg bond orders for each atom
           total WBO             WBO to atom ...
     1  C   3.915    C    5 1.595    C    2 1.197    F   19 0.971    S    4 0.084
     2  C   3.905    C    3 1.513    C    1 1.197    F   20 0.979    S    4 0.078
     3  C   3.938    C    2 1.513    S    4 1.114    C    6 1.055    C    5 0.111
     4  S   2.575    C    5 1.178    C    3 1.114    C    1 0.084    C    2 0.078
     5  C   3.940    C    1 1.595    S    4 1.178    H   61 0.951    C    3 0.111
     6  C   3.928    C    7 1.413    C   11 1.219    C    3 1.055    C    9 0.087
     7  C   3.963    C    6 1.413    C    8 1.392    H   62 0.941    C   10 0.058
     8  C   3.958    C    9 1.393    C    7 1.392    H   63 0.940    C   11 0.060
     9  C   3.941    C    8 1.393    C   10 1.205    C   25 1.101    C    6 0.087
    10  C   3.935    N   12 1.234    C   11 1.229    C    9 1.205    C   14 0.062    C    7 0.058
    11  C   3.941    C   10 1.229    C    6 1.219    N   15 1.216    C    8 0.060    C   13 0.052
    12  N   3.109    C   13 1.441    C   10 1.234    N   15 0.111    O   16 0.102
    13  C   3.912    N   12 1.441    C   14 1.185    O   16 1.129    C   11 0.052
    14  C   3.949    N   15 1.611    C   13 1.185    H   64 0.946    C   10 0.062
    15  N   3.118    C   14 1.611    C   11 1.216    N   12 0.111
    16  O   2.311    C   13 1.129    C   17 0.952    N   12 0.102
    17  C   3.926    C   18 1.016    H   65 0.968    H   66 0.962    O   16 0.952
    18  C   3.985    C   17 1.016    H   69 0.985    H   67 0.985    H   68 0.978
    19  F   1.100    C    1 0.971
    20  F   1.111    C    2 0.979
    21  C   3.894    C   25 1.454    C   22 1.251    F   39 0.969    S   24 0.068
    22  C   3.894    C   23 1.460    C   21 1.251    F   40 0.969    S   24 0.068
    23  C   3.912    C   22 1.460    S   24 1.094    C   26 1.093    C   25 0.091
    24  S   2.543    C   25 1.104    C   23 1.094    C   22 0.068    C   21 0.068
    25  C   3.914    C   21 1.454    S   24 1.104    C    9 1.101    C   23 0.091
    26  C   3.930    C   27 1.393    C   31 1.206    C   23 1.093    C   29 0.083
    27  C   3.954    C   28 1.400    C   26 1.393    H   70 0.941    C   30 0.056
    28  C   3.959    C   27 1.400    C   29 1.392    H   71 0.941    C   31 0.056
    29  C   3.931    C   28 1.392    C   30 1.205    C   45 1.095    C   26 0.083
    30  C   3.935    N   32 1.238    C   31 1.228    C   29 1.205    C   34 0.063    C   27 0.056
    31  C   3.936    C   30 1.228    N   35 1.227    C   26 1.206    C   28 0.056    C   33 0.053
    32  N   3.095    C   33 1.440    C   30 1.238    N   35 0.112    O   36 0.100
    33  C   3.914    N   32 1.440    C   34 1.197    O   36 1.122    C   31 0.053
    34  C   3.942    N   35 1.592    C   33 1.197    H   72 0.945    C   30 0.063
    35  N   3.125    C   34 1.592    C   31 1.227    N   32 0.112
    36  O   2.302    C   33 1.122    C   37 0.952    N   32 0.100
    37  C   3.926    C   38 1.016    H   73 0.968    H   74 0.962    O   36 0.952
    38  C   3.985    C   37 1.016    H   75 0.985    H   77 0.985    H   76 0.978
    39  F   1.102    C   21 0.969
    40  F   1.100    C   22 0.969
    41  C   3.893    C   45 1.462    C   42 1.247    F   59 0.968    S   44 0.068
    42  C   3.902    C   43 1.464    C   41 1.247    F   60 0.969    S   44 0.069
    43  C   3.913    C   42 1.464    S   44 1.101    C   46 1.089    C   45 0.092
    44  S   2.544    C   43 1.101    C   45 1.099    C   42 0.069    C   41 0.068
    45  C   3.918    C   41 1.462    S   44 1.099    C   29 1.095    C   43 0.092
    46  C   3.953    C   47 1.419    C   51 1.209    C   43 1.089    C   49 0.096
    47  C   3.954    C   46 1.419    C   48 1.357    H   78 0.944    C   50 0.066
    48  C   3.972    C   49 1.509    C   47 1.357    H   79 0.943    C   51 0.062
    49  C   3.946    C   48 1.509    C   50 1.282    H   80 0.943    C   46 0.096
    50  C   3.944    C   49 1.282    C   51 1.221    N   52 1.219    C   47 0.066    C   54 0.059
    51  C   3.938    N   55 1.227    C   50 1.221    C   46 1.209    C   48 0.062    C   53 0.052
    52  N   3.078    C   53 1.459    C   50 1.219    N   55 0.113    O   56 0.099
    53  C   3.922    N   52 1.459    C   54 1.193    O   56 1.114    C   51 0.052
    54  C   3.940    N   55 1.592    C   53 1.193    H   81 0.946    C   50 0.059
    55  N   3.136    C   54 1.592    C   51 1.227    N   52 0.113
    56  O   2.295    C   53 1.114    C   57 0.955    N   52 0.099
    57  C   3.929    C   58 1.016    H   82 0.969    H   83 0.968    O   56 0.955
    58  C   3.985    C   57 1.016    H   84 0.985    H   86 0.985    H   85 0.979
    59  F   1.100    C   41 0.968
    60  F   1.102    C   42 0.969
    61  H   0.995    C    5 0.951
    62  H   0.995    C    7 0.941
    63  H   0.995    C    8 0.940
    64  H   0.995    C   14 0.946
    65  H   0.998    C   17 0.968
    66  H   0.997    C   17 0.962
    67  H   0.999    C   18 0.985
    68  H   0.998    C   18 0.978
    69  H   0.999    C   18 0.985
    70  H   0.994    C   27 0.941
    71  H   0.994    C   28 0.941
    72  H   0.995    C   34 0.945
    73  H   0.998    C   37 0.968
    74  H   0.997    C   37 0.962
    75  H   0.999    C   38 0.985
    76  H   0.998    C   38 0.978
    77  H   0.999    C   38 0.985
    78  H   0.997    C   47 0.944
    79  H   0.995    C   48 0.943
    80  H   0.995    C   49 0.943
    81  H   0.995    C   54 0.946
    82  H   0.998    C   57 0.969
    83  H   0.998    C   57 0.968
    84  H   0.999    C   58 0.985
    85  H   0.998    C   58 0.979
    86  H   0.999    C   58 0.985
 
 --------------------------------------------
          xTB calculation for sTDA...
 --------------------------------------------
 
 reading parameter file /ihome/ghutchison/blp62/xtb4stda/.param_stda2.xtb
 
      method parameters     
 k(s)        :  1.6000
 k(p)        :  2.1800
 k(d)        :  1.9500
 k(f)        :  2.0000
 k(R-V)      :  2.2750
 k(R-R)      :  1.7650
 Tscal       :  0.2580
 Gscal       :  1.0000
 fpol        :  1.0000
 Zcnf        :  0.3430
 Zqf         :  0.0000
 kcn         :  2.7000
 Ryd Hsplit  :  0.7000
 lshift(virt):  3.1000
 lshift(OS)  :  0.2000
 wllscaling  :  2.6000
 
 mowrcut     : 3.000
 
  Z AO/shell   Hii/eV     exponent
  1     Sun Feb 14 09:53:25 CET 2016    EN: 2.327 GAM: 0.473  GM3: 0.0000
     1s    -14.339618    1.220000
     2sp    -3.348946    0.600000
  6     Sun Feb 14 09:53:25 CET 2016    EN: 2.731 GAM: 0.422  GM3: 0.0000
     2s    -22.009312    1.565095
     2p    -13.020408    1.596905
     3sp    -3.914040    0.824500
  7     Sun Feb 14 09:53:25 CET 2016    EN: 3.573 GAM: 0.504  GM3: 0.0000
     2s    -25.722000    2.064844
     2p    -18.684912    1.801692
     3sp    -4.344791    0.921400
  8     Sun Feb 14 09:53:25 CET 2016    EN: 3.700 GAM: 0.587  GM3: 0.0000
     2s    -33.859000    2.418661
     2p    -22.175911    1.973969
     3sp    -4.259392    1.013700
  9     Sun Feb 21 12:20:01 CET 2016    EN: 3.394 GAM: 0.600  GM3: 0.0000
     2s    -26.548112    1.943768
     2p    -23.081168    2.552035
     3sp    -1.937199    1.103200
 16     Sun Feb 21 16:35:57 CET 2016    EN: 1.915 GAM: 0.200  GM3: 0.0000
     3s    -17.898811    2.619580
     3p    -15.317401    1.798798
     4sp    -4.455139    0.843200
 
 Nbf   :          610
 T(el) :     0.0
 calculating S/T integrals ...
 cpu time for ints   0.506607000000000     
 Nao   :          610
 making H0...
 making H1...
 cpu time for H      1.114700000000002E-002
 solving ...
 cpu time for diag   0.829514000000000     
 
 gap (eV)           :   5.479
 Koopmans IP (eV)   :  13.910
 Eel (Eh)           :  -266.474742

          eigenvalues
 #    :         139        140        141        142        143        144        145        146
 occ. :        2.000      2.000      2.000      2.000      2.000      2.000      2.000      2.000
 eps  :       -16.279    -16.163    -15.950    -15.880    -15.835    -15.755    -15.740    -15.630
 #    :         147        148        149        150        151        152        153        154
 occ. :        2.000      2.000      2.000      2.000      2.000      0.000      0.000      0.000
 eps  :       -15.559    -15.478    -15.236    -14.558    -13.912     -8.432     -7.935     -7.587
 #    :         155        156        157        158        159        160        161        162
 occ. :        0.000      0.000      0.000      0.000      0.000      0.000      0.000      0.000
 eps  :        -6.447     -6.319     -6.274     -6.163     -6.082     -5.968     -5.435     -5.325
                            1  SCC done.
 writing mo output ...
 molden style : F
 
speedup  1.00
cpu  time for all    1.48 s
wall time for all    1.48 s
