 
        ______________________________________
       |                                      |
       |          ===================         |
       |             xTB for sTDA             |
       |          ===================         |
       |               S. Grimme              |
       |        Universitaet Bonn, MCTC       |
       |         2015-19, Version 1.0         |
       |     Wed Apr  3 09:14:55 CEST 2019    |
       |______________________________________|
 
        This code comes without any warranty
        for non-commercial, academia use only.
        Preliminary test version.
        Cite this work as:
        S. Grimme  &  C. Bannwarth, JCP 145 (2016) 054103
        if GBSA is used additionally:
        P. Shushkov, F. März, C. Bannwarth, S. Grimme, unpublished.
 
        with help from
        P. Shushkov, G. Brandenburg, S. Dohm, J. Pisarek,
        F. März, M. Checinski, S. Ehrlich, S. Spicher, 
        P. Pracht, E. Caldeweyher, S. Ehlert, and C. Bannwarth.
 
        usage        :
        xtb4stda <coord_file> [options]
        where <coord_file> is a valid file of TM)
        (*coord, Bohr) or xmol (*xyz, Angstroem)
        format.

        options:
        -chrg <int>   : molecular charge
        -uhf  <int>   : # of unpaired electrons(=2*S)
        -nox          : skip second, extended part in sTDA-xTB
        -pop          : do population analysis
                      : (default for -nox)
        -mowr <real>  : cut MO write above (def.3 Eh)
        -molden       : write formatted molden file
        -parx <file>  : read parameters for sTDA-xTB
                        calc (def:~/.param_stda2.xtb)
        -parv <file>  : read parameters for vTB part in
                        sTDA-xTB (def: ~/.param_stda1.xtb)
        -xtemp <real> : el. temp for xTB (def. 0 K)
        -etemp <real> : el. temp for GFN (def. 300 K)
        -fod          : calculate the FOD and write
                        molden.input file with
                        appropriate occupations
                        for plotting. Def. T=12500 K
 
        -acc <real>   : xTB accuracy (def. 1.0)
        -gbsa [string1] [string2]
                        use GBSA implicit solvent
                        for solvent [string1] and
                        solvation state [string2]=
                        reference, bar1M (default=1M)
        additional GFN/opt/MD/siman options read from
        $XTB4STDAHOME/.xtb4stdarc or $set in input
 
       spin and charge state information can be on:
       <.CHRG> (charge) and <.UHF> (=nalpha-nbeta)
       -uhf and -chrg override the file info.
       useful machine settings:
       setenv MKL_NUM_THREADS <NCORE_ON_YOUR_MACHINE>
       setenv OMP_STACKSIZE 500m
       limit stacksize unlimited
 
       total energies in Eh, gaps/HL energies in eV
       please read REVISION and HOWTO files carefully
 =============================
  # OMP threads =           1
 =============================
 
 xtb4stdahome directory:/ihome/ghutchison/blp62/xtb4stda/
 
 
 name of molecule           :
 comment line               :
 number of atoms            :   230
 number of electrons        :   716
 charge                     :  0
 spin                       : 0.0
 first test random number   :  0.2823
 
 -----------------------------------------
      charge density (VTB) calculation
 -----------------------------------------
 
      method parameters     
 k(s)        :  1.8000
 k(p)        :  2.8350
 k(d)        :  2.0860
 k(f)        :  2.0000
 Tscal       :  0.3300
 Gscal       :  0.3910
 fpol        :  1.0000
 Zcnf        :  0.6500
 Zqf         :  0.0000
 kcn         :  0.3000
 kEN1        : -0.5900
 wllscal     :  2.6000
 
     -------------------------
     ! NO SOLVENT MODEL USED !
     -------------------------
 
 doing EN charges ...
 sum q :  0.2553513D-14
 point charge moment (au)
     X       Y       Z   
   0.6597   1.2763  -0.0220  total (Debye):    3.652
 
            Z      q(EN)   CN      Cart. coordinates
     1  C   4.0  -0.011   3.333    19.90923   -14.62988    -3.59778
     2  C   4.0  -0.020   3.458    17.34752   -15.30258    -3.80095
     3  C   4.0  -0.089   3.312    15.44423   -13.45166    -3.49712
     4  C   4.0  -0.011   3.326    15.94768   -10.92172    -2.97538
     5  C   4.0  -0.019   3.451    18.51165   -10.26711    -2.68700
     6  C   4.0  -0.089   3.320    20.41214   -12.12078    -3.00794
     7  C   4.0  -0.089   3.323    16.30061   -17.73778    -4.28965
     8  C   4.0  -0.164   3.146    13.75681   -17.71929    -4.41275
     9  S   6.0   0.216   2.512    12.44920   -14.76261    -3.92944
    10  C   4.0  -0.093   3.400    19.55469    -7.88815    -2.04836
    11  C   4.0  -0.090   3.274    22.13456    -7.85076    -1.96610
    12  S   6.0   0.214   2.708    23.41454   -10.82573    -2.65176
    13  C   4.0  -0.087   3.246    21.91375   -16.45632    -3.99403
    14  C   4.0  -0.087   3.244    13.93257    -9.07918    -2.78923
    15  C   4.0  -0.090   3.358    22.12916   -18.22907    -5.85629
    16  C   4.0  -0.090   3.352    24.35816   -19.67828    -5.67760
    17  C   4.0  -0.076   3.193    25.83740   -19.03799    -3.67509
    18  S   6.0   0.212   2.739    24.50103   -16.58530    -1.96478
    19  C   4.0  -0.093   3.376    11.60186    -9.35823    -1.71184
    20  C   4.0  -0.090   3.354    10.06637    -7.19559    -1.94080
    21  C   4.0  -0.078   3.192    11.18972    -5.26840    -3.22009
    22  S   6.0   0.217   2.649    14.21781    -6.09266    -4.15099
    23  C   4.0  -0.180   4.092    28.33141   -20.09867    -2.91316
    24  C   4.0  -0.243   4.033    30.44843   -18.16703    -3.29439
    25  C   4.0  -0.180   4.092    10.18469    -2.69787    -3.77388
    26  C   4.0  -0.243   4.032    11.52462    -0.68501    -2.18750
    27  C   4.0  -0.092   3.290    23.65762    -5.71684    -1.33272
    28  S   6.0   0.214   2.697    22.14858    -3.11429     0.02106
    29  C   4.0  -0.089   3.262    24.97454    -1.46952     0.19619
    30  C   4.0  -0.089   3.390    26.93706    -2.88248    -0.76302
    31  C   4.0  -0.006   3.375    26.22241    -5.28444    -1.62115
    32  C   4.0   0.024   3.408    25.12383     0.99238     1.23659
    33  C   4.0  -0.175   4.070    28.10972    -7.11177    -2.66734
    34  C   4.0  -0.244   4.033    29.21115    -8.77681    -0.57588
    35  N   5.0  -0.236   2.304    27.15750     2.37220     1.19040
    36  C   4.0  -0.016   3.570    26.76911     4.57353     2.35328
    37  C   4.0  -0.016   3.571    24.35707     4.97060     3.38254
    38  S   6.0   0.221   2.551    22.47775     2.38753     2.79235
    39  S   6.0   0.221   2.544    28.63949     7.16899     2.92231
    40  C   4.0   0.024   3.407    26.00941     8.54108     4.52323
    41  N   5.0  -0.237   2.306    23.97834     7.15612     4.57616
    42  C   4.0  -0.090   3.264    26.18166    10.94236     5.69254
    43  C   4.0  -0.090   3.389    24.40030    12.02553     7.25326
    44  C   4.0  -0.006   3.366    25.09207    14.39920     8.19346
    45  C   4.0  -0.093   3.295    27.44178    15.16083     7.30973
    46  S   6.0   0.215   2.678    28.78166    12.89482     5.32545
    47  C   4.0  -0.174   4.078    23.49784    15.95852     9.93726
    48  C   4.0  -0.242   4.024    20.88762    14.85342    10.43983
    49  C   4.0  -0.011   3.332    34.02352    21.86546     6.34824
    50  C   4.0  -0.018   3.447    31.93866    20.52514     7.32640
    51  C   4.0  -0.088   3.311    30.56723    21.50749     9.40289
    52  C   4.0  -0.011   3.327    31.18994    23.74516    10.63210
    53  C   4.0  -0.019   3.450    33.33819    25.02855     9.71785
    54  C   4.0  -0.089   3.318    34.67791    24.07390     7.60752
    55  C   4.0  -0.090   3.384    30.94106    18.19207     6.48918
    56  C   4.0  -0.090   3.272    28.82450    17.42790     7.75907
    57  S   6.0   0.218   2.620    27.99259    19.58695    10.13229
    58  C   4.0  -0.094   3.404    34.44244    27.27418    10.65212
    59  C   4.0  -0.089   3.274    36.48096    28.10073     9.29779
    60  S   6.0   0.213   2.714    37.16379    26.06543     6.77709
    61  C   4.0  -0.087   3.245    35.35895    20.99663     4.12341
    62  C   4.0  -0.088   3.244    29.68445    24.68880    12.71371
    63  C   4.0  -0.090   3.360    34.37512    20.00671     1.94989
    64  C   4.0  -0.090   3.352    36.22737    19.39071     0.13934
    65  C   4.0  -0.076   3.194    38.62695    19.88416     0.92084
    66  S   6.0   0.211   2.747    38.64081    21.16087     3.93593
    67  C   4.0  -0.094   3.379    28.56516    23.33815    14.61055
    68  C   4.0  -0.090   3.354    27.17626    24.84802    16.30612
    69  C   4.0  -0.078   3.192    27.19087    27.34807    15.70355
    70  S   6.0   0.218   2.650    28.96484    27.88935    13.00746
    71  C   4.0  -0.180   4.092    41.04136    19.55174    -0.48727
    72  C   4.0  -0.243   4.032    42.13564    22.10520    -1.29126
    73  C   4.0  -0.180   4.092    26.01317    29.50016    17.08364
    74  C   4.0  -0.243   4.032    28.01430    31.10090    18.42395
    75  C   4.0  -0.091   3.289    37.92057    30.31246     9.84691
    76  S   6.0   0.214   2.701    37.33752    31.83380    12.71599
    77  C   4.0  -0.089   3.262    39.56328    34.13623    12.03810
    78  C   4.0  -0.089   3.390    40.65887    33.71861     9.71477
    79  C   4.0  -0.006   3.375    39.76828    31.55771     8.47137
    80  C   4.0   0.024   3.408    40.12364    36.11719    13.74847
    81  C   4.0  -0.175   4.070    40.69439    30.82081     5.90299
    82  C   4.0  -0.244   4.032    38.86980    31.71350     3.84636
    83  N   5.0  -0.236   2.304    41.57652    38.02281    13.20196
    84  C   4.0  -0.016   3.571    41.82108    39.55658    15.18581
    85  C   4.0  -0.016   3.571    40.54313    38.85582    17.40191
    86  S   6.0   0.221   2.550    38.90583    36.09663    16.89338
    87  S   6.0   0.221   2.546    43.43600    42.33101    15.68754
    88  C   4.0   0.024   3.408    42.27324    42.27403    18.85124
    89  N   5.0  -0.237   2.305    40.82310    40.36564    19.39896
    90  C   4.0  -0.090   3.264    42.97191    44.15288    20.62514
    91  C   4.0  -0.090   3.389    42.52840    44.09602    23.19059
    92  C   4.0  -0.006   3.366    43.50673    46.17708    24.49879
    93  C   4.0  -0.093   3.296    44.69387    47.87804    22.89393
    94  S   6.0   0.215   2.680    44.60085    46.85654    19.76186
    95  C   4.0  -0.173   4.077    43.30288    46.55461    27.29712
    96  C   4.0  -0.242   4.024    41.64443    44.61067    28.62286
    97  C   4.0  -0.011   3.331    48.69109    56.31044    21.45208
    98  C   4.0  -0.018   3.447    47.82566    54.13521    22.72406
    99  C   4.0  -0.088   3.309    48.14857    53.90860    25.37049
   100  C   4.0  -0.011   3.326    49.36810    55.70829    26.84741
   101  C   4.0  -0.019   3.451    50.34727    57.82164    25.55208
   102  C   4.0  -0.089   3.318    49.97518    58.07306    22.91385
   103  C   4.0  -0.090   3.384    46.61399    51.99417    21.68127
   104  C   4.0  -0.090   3.272    45.90803    50.22348    23.42458
   105  S   6.0   0.218   2.618    46.76981    51.13477    26.49274
   106  C   4.0  -0.094   3.405    51.76469    59.85597    26.54500
   107  C   4.0  -0.089   3.274    52.40323    61.65697    24.80568
   108  S   6.0   0.213   2.730    51.27270    60.88115    21.79296
   109  C   4.0  -0.086   3.245    48.20750    56.68979    18.78618
   110  C   4.0  -0.087   3.244    49.60061    55.41027    29.55776
   111  C   4.0  -0.090   3.360    46.04121    56.18653    17.47100
   112  C   4.0  -0.090   3.352    46.19217    56.84957    14.89725
   113  C   4.0  -0.076   3.194    48.46869    57.84048    14.22730
   114  S   6.0   0.211   2.757    50.48578    57.99524    16.80216
   115  C   4.0  -0.094   3.378    50.04633    53.24218    30.89083
   116  C   4.0  -0.090   3.354    50.11798    53.61621    33.52490
   117  C   4.0  -0.078   3.192    49.69596    56.05377    34.22807
   118  S   6.0   0.217   2.650    49.21644    57.95810    31.61014
   119  C   4.0  -0.180   4.092    49.29392    58.82072    11.72113
   120  C   4.0  -0.243   4.033    49.50392    61.70463    11.75207
   121  C   4.0  -0.180   4.092    49.71704    57.17130    36.81142
   122  C   4.0  -0.243   4.032    52.10325    58.74733    37.24582
   123  C   4.0  -0.091   3.289    53.86044    63.86682    25.30720
   124  S   6.0   0.214   2.700    55.13222    64.19693    28.33527
   125  C   4.0  -0.089   3.262    56.52845    67.04386    27.52404
   126  C   4.0  -0.089   3.391    56.00065    67.67148    25.05458
   127  C   4.0  -0.006   3.374    54.49618    65.90065    23.78503
   128  C   4.0   0.024   3.408    58.01771    68.44532    29.25061
   129  C   4.0  -0.175   4.071    53.77532    66.24082    21.07214
   130  C   4.0  -0.244   4.033    55.68600    64.95972    19.32099
   131  N   5.0  -0.236   2.305    59.11495    70.57037    28.68314
   132  C   4.0  -0.016   3.572    60.41551    71.45580    30.65166
   133  C   4.0  -0.017   3.571    60.36406    70.00273    32.86802
   134  S   6.0   0.221   2.550    58.53857    67.35651    32.39814
   135  S   6.0   0.221   2.548    62.24952    74.09653    31.11976
   136  C   4.0   0.024   3.405    62.78780    72.99811    34.25792
   137  N   5.0  -0.237   2.306    61.67965    70.88266    34.83085
   138  C   4.0  -0.090   3.270    64.33625    74.36508    35.97138
   139  C   4.0  -0.090   3.392    64.91303    73.69509    38.41302
   140  C   4.0  -0.008   3.356    66.51822    75.43668    39.63056
   141  C   4.0  -0.168   3.189    67.12913    77.41187    38.08694
   142  S   6.0   0.216   2.576    65.78355    77.19225    35.14464
   143  C   4.0  -0.171   4.051    67.36960    75.17479    42.31434
   144  C   4.0  -0.242   4.027    65.22994    75.84740    44.13688
   145  H   1.0   0.079   1.005    17.42753   -19.41368    -4.49997
   146  H   1.0   0.075   1.013    12.51196   -19.28282    -4.74955
   147  H   1.0   0.080   1.016    18.44296    -6.23747    -1.64291
   148  H   1.0   0.079   1.004    20.77313   -18.43563    -7.35633
   149  H   1.0   0.078   1.004    24.84254   -21.14866    -6.99567
   150  H   1.0   0.079   1.008    11.02492   -11.03609    -0.72272
   151  H   1.0   0.079   1.004     8.18293    -7.07968    -1.18474
   152  H   1.0   0.081   1.004    28.70917   -21.78483    -4.04165
   153  H   1.0   0.080   1.004    28.27450   -20.65190    -0.92336
   154  H   1.0   0.081   0.999    30.55052   -17.59946    -5.26738
   155  H   1.0   0.081   0.998    32.25754   -18.97074    -2.74547
   156  H   1.0   0.081   1.001    30.09456   -16.49485    -2.15257
   157  H   1.0   0.081   1.004     8.16105    -2.67587    -3.36693
   158  H   1.0   0.080   1.004    10.44665    -2.26400    -5.77697
   159  H   1.0   0.081   0.999    11.27590    -1.07075    -0.18341
   160  H   1.0   0.081   0.998    10.75679     1.17529    -2.59986
   161  H   1.0   0.081   1.000    13.53811    -0.67315    -2.60374
   162  H   1.0   0.080   1.005    28.83823    -2.17059    -0.82152
   163  H   1.0   0.081   1.004    29.63414    -6.04066    -3.55349
   164  H   1.0   0.081   1.012    27.23738    -8.30201    -4.10644
   165  H   1.0   0.081   0.999    30.10047    -7.61456     0.86727
   166  H   1.0   0.081   0.999    30.61990   -10.05111    -1.35781
   167  H   1.0   0.082   1.002    27.73463    -9.90029     0.30572
   168  H   1.0   0.081   1.006    22.66593    11.06344     7.67578
   169  H   1.0   0.080   1.008    23.29208    17.85288     9.13480
   170  H   1.0   0.080   1.008    24.50062    16.17740    11.73307
   171  H   1.0   0.081   0.999    19.84211    14.62513     8.68582
   172  H   1.0   0.081   0.999    19.82938    16.12003    11.66393
   173  H   1.0   0.081   0.999    21.03017    13.02827    11.37199
   174  H   1.0   0.080   1.010    31.77435    17.08213     5.00587
   175  H   1.0   0.080   1.017    33.76878    28.27021    12.28870
   176  H   1.0   0.079   1.005    32.37957    19.80631     1.62198
   177  H   1.0   0.078   1.004    35.78866    18.60377    -1.68307
   178  H   1.0   0.079   1.009    28.79071    21.33154    14.83193
   179  H   1.0   0.079   1.004    26.19399    24.09936    17.92071
   180  H   1.0   0.081   1.004    40.68531    18.38737    -2.15368
   181  H   1.0   0.080   1.005    42.41511    18.57383     0.70569
   182  H   1.0   0.081   0.999    40.80603    23.10303    -2.50086
   183  H   1.0   0.081   0.998    43.89178    21.83683    -2.32277
   184  H   1.0   0.081   1.000    42.51190    23.26751     0.36216
   185  H   1.0   0.081   1.004    24.67840    28.74980    18.46727
   186  H   1.0   0.080   1.005    24.97070    30.69276    15.75809
   187  H   1.0   0.081   0.999    29.06584    29.95358    19.76660
   188  H   1.0   0.081   0.998    27.12622    32.65146    19.43724
   189  H   1.0   0.081   1.000    29.33682    31.88023    17.05685
   190  H   1.0   0.080   1.005    42.08715    34.95538     8.96975
   191  H   1.0   0.081   1.013    40.92308    28.77519     5.78338
   192  H   1.0   0.081   1.004    42.53959    31.69057     5.59879
   193  H   1.0   0.082   1.001    37.02436    30.84521     4.09045
   194  H   1.0   0.081   0.999    39.59022    31.20325     1.99182
   195  H   1.0   0.081   0.999    38.64676    33.75511     3.92930
   196  H   1.0   0.081   1.006    41.53178    42.54803    24.04076
   197  H   1.0   0.080   1.008    42.55666    48.44808    27.66039
   198  H   1.0   0.080   1.007    45.20305    46.49600    28.11248
   199  H   1.0   0.081   0.999    39.74298    44.62277    27.84423
   200  H   1.0   0.081   0.999    41.52745    45.05774    30.62515
   201  H   1.0   0.081   0.999    42.43000    42.72221    28.43076
   202  H   1.0   0.080   1.009    46.29820    51.74148    19.69039
   203  H   1.0   0.080   1.017    52.33566    59.99478    28.48897
   204  H   1.0   0.079   1.005    44.35930    55.44730    18.33974
   205  H   1.0   0.078   1.004    44.65741    56.59881    13.58770
   206  H   1.0   0.079   1.009    50.39059    51.44367    30.01157
   207  H   1.0   0.079   1.004    50.47162    52.12028    34.85519
   208  H   1.0   0.081   1.004    47.92422    58.23429    10.29312
   209  H   1.0   0.080   1.005    51.13054    58.01507    11.22737
   210  H   1.0   0.081   0.999    47.68782    62.54816    12.21723
   211  H   1.0   0.081   0.998    50.10044    62.39781     9.91246
   212  H   1.0   0.081   1.000    50.87845    62.29908    13.16046
   213  H   1.0   0.081   1.004    49.62854    55.64331    38.19602
   214  H   1.0   0.080   1.005    48.05744    58.37416    37.06565
   215  H   1.0   0.081   0.999    53.78114    57.58219    37.01654
   216  H   1.0   0.081   0.998    52.10246    59.53352    39.14371
   217  H   1.0   0.081   1.000    52.19411    60.29321    35.89387
   218  H   1.0   0.080   1.005    56.70184    69.38242    24.21467
   219  H   1.0   0.081   1.004    53.72710    68.26163    20.65940
   220  H   1.0   0.081   1.013    51.89578    65.46920    20.72415
   221  H   1.0   0.081   0.999    57.56736    65.72322    19.64061
   222  H   1.0   0.081   0.999    55.16906    65.27867    17.35877
   223  H   1.0   0.082   1.002    55.73407    62.93440    19.65997
   224  H   1.0   0.080   1.005    64.19776    71.99538    39.26204
   225  H   1.0   0.076   1.014    68.31356    78.99971    38.51403
   226  H   1.0   0.081   1.003    68.98229    76.41507    42.65154
   227  H   1.0   0.081   1.003    67.96559    73.22769    42.64941
   228  H   1.0   0.081   0.999    64.63533    77.79433    43.85322
   229  H   1.0   0.081   0.998    65.85375    75.62859    46.08223
   230  H   1.0   0.081   0.999    63.60985    74.62300    43.82454
 
  Z AO/shell   Hii/eV     exponent
  1     Sat Feb 20 21:38:01 CET 2016    EN: 2.327 GAM: 0.473  GM3: 0.0000
     1s    -13.751157    1.051071
  6     Sat Feb 20 21:38:01 CET 2016    EN: 2.731 GAM: 0.422  GM3: 0.0000
     2s    -19.378245    2.021003
     2p    -11.993376    1.497917
  7     Sat Feb 20 21:38:01 CET 2016    EN: 3.573 GAM: 0.504  GM3: 0.0000
     2s    -21.576984    2.275442
     2p    -16.125120    2.056788
 16     Sat Feb 20 23:13:41 CET 2016    EN: 1.915 GAM: 0.389  GM3: 0.0000
     3s    -22.000000    2.671470
     3p    -15.834192    1.836978
     3d     -2.593599    1.836978
 
 dipole moment of classical point charges (au)
     X       Y       Z   
   0.6597   1.2763  -0.0220  total (Debye):    3.652

 
 Nbf   :          806
 T(el) :   300.0
 calculating S/T integrals ...
 cpu time for ints   0.162467000000000     
 Nao   :          782
 making H0...
 making H1...
 cpu time for H      3.795999999999999E-002
 solving ...
 cpu time for diag   0.964921000000000     
 
 gap (eV)           :   2.236
 Koopmans IP (eV)   :  11.796
 Eel (Eh)           :  -554.906660
 T,E(Fermi),NFOD :    300.000   -10.678  0.000000
 T,E(Fermi),NFOD :    300.000   -10.678  0.000000
 Nfod               :  0.0000
 Nfod/Nel           :  0.0000

          eigenvalues
 #    :         346        347        348        349        350        351        352        353
 occ. :        2.000      2.000      2.000      2.000      2.000      2.000      2.000      2.000
 eps  :       -14.200    -13.887    -13.846    -13.767    -13.540    -13.298    -13.176    -12.747
 #    :         354        355        356        357        358        359        360        361
 occ. :        2.000      2.000      2.000      2.000      2.000      0.000      0.000      0.000
 eps  :       -12.659    -12.472    -12.236    -11.978    -11.797     -9.561     -9.382     -9.147
 #    :         362        363        364        365        366        367        368        369
 occ. :        0.000      0.000      0.000      0.000      0.000      0.000      0.000      0.000
 eps  :        -8.805     -8.556     -8.505     -8.471     -8.447     -8.360     -8.327     -8.301
                            1  SCC done.
 making H1...
 cpu time for H      0.997762000000000     
 solving ...
 cpu time for diag   0.132570000000000     
 
 gap (eV)           :   2.331
 Koopmans IP (eV)   :  11.943
 Eel (Eh)           :  -554.021987
 T,E(Fermi),NFOD :    300.000   -10.778  0.000000
 T,E(Fermi),NFOD :    300.000   -10.778  0.000000
 Nfod               :  0.0000
 Nfod/Nel           :  0.0000

          eigenvalues
 #    :         346        347        348        349        350        351        352        353
 occ. :        2.000      2.000      2.000      2.000      2.000      2.000      2.000      2.000
 eps  :       -14.341    -14.058    -14.038    -14.028    -13.713    -13.485    -13.350    -12.807
 #    :         354        355        356        357        358        359        360        361
 occ. :        2.000      2.000      2.000      2.000      2.000      0.000      0.000      0.000
 eps  :       -12.729    -12.573    -12.356    -12.114    -11.944     -9.613     -9.424     -9.186
 #    :         362        363        364        365        366        367        368        369
 occ. :        0.000      0.000      0.000      0.000      0.000      0.000      0.000      0.000
 eps  :        -8.790     -8.503     -8.368     -8.343     -8.288     -8.172     -8.123     -8.104
                            2  SCC done.
 
 
 Mulliken/CM5 charges    n(s)   n(p)   n(d)   
    1 C   0.0004  0.0013   1.158  2.842  0.000
    2 C  -0.0374 -0.0393   1.174  2.864  0.000
    3 C  -0.0302 -0.0175   1.176  2.854  0.000
    4 C   0.0025  0.0034   1.158  2.840  0.000
    5 C  -0.0263 -0.0274   1.169  2.857  0.000
    6 C  -0.0258 -0.0122   1.179  2.847  0.000
    7 C  -0.0695 -0.1212   1.134  2.936  0.000
    8 C  -0.0543 -0.0940   1.139  2.915  0.000
    9 S   0.0858  0.0467   1.883  3.986  0.046
   10 C  -0.0753 -0.1224   1.142  2.933  0.000
   11 C  -0.0125 -0.0025   1.168  2.844  0.000
   12 S   0.0741  0.0354   1.891  3.995  0.040
   13 C  -0.0374 -0.0279   1.174  2.864  0.000
   14 C  -0.0382 -0.0287   1.173  2.865  0.000
   15 C  -0.0767 -0.1286   1.141  2.936  0.000
   16 C  -0.0874 -0.1396   1.138  2.950  0.000
   17 C  -0.0373 -0.0366   1.195  2.842  0.000
   18 S   0.0852  0.0485   1.887  3.984  0.045
   19 C  -0.0752 -0.1259   1.141  2.935  0.000
   20 C  -0.0865 -0.1386   1.138  2.948  0.000
   21 C  -0.0367 -0.0360   1.194  2.843  0.000
   22 S   0.0883  0.0486   1.885  3.981  0.045
   23 C  -0.0274 -0.1320   1.119  2.908  0.000
   24 C  -0.0880 -0.2389   1.097  2.991  0.000
   25 C  -0.0278 -0.1323   1.119  2.909  0.000
   26 C  -0.0881 -0.2389   1.097  2.991  0.000
   27 C  -0.0279 -0.0158   1.175  2.853  0.000
   28 S   0.1084  0.0729   1.888  3.962  0.042
   29 C  -0.0027  0.0139   1.154  2.848  0.000
   30 C  -0.0699 -0.1180   1.148  2.922  0.000
   31 C  -0.0289 -0.0392   1.186  2.843  0.000
   32 C   0.0350  0.1302   1.200  2.765  0.000
   33 C  -0.0352 -0.1408   1.124  2.911  0.000
   34 C  -0.0889 -0.2400   1.096  2.993  0.000
   35 N  -0.2082 -0.3923   1.499  3.709  0.000
   36 C  -0.0127  0.0858   1.189  2.824  0.000
   37 C  -0.0134  0.0851   1.189  2.825  0.000
   38 S   0.0989  0.0793   1.900  3.959  0.043
   39 S   0.0994  0.0799   1.900  3.958  0.043
   40 C   0.0332  0.1282   1.200  2.767  0.000
   41 N  -0.2084 -0.3930   1.499  3.709  0.000
   42 C  -0.0020  0.0146   1.154  2.848  0.000
   43 C  -0.0729 -0.1212   1.144  2.929  0.000
   44 C  -0.0247 -0.0349   1.188  2.837  0.000
   45 C  -0.0369 -0.0249   1.172  2.865  0.000
   46 S   0.1087  0.0732   1.888  3.961  0.043
   47 C  -0.0323 -0.1370   1.125  2.907  0.000
   48 C  -0.0827 -0.2350   1.089  2.994  0.000
   49 C   0.0015  0.0024   1.157  2.842  0.000
   50 C  -0.0290 -0.0308   1.170  2.859  0.000
   51 C  -0.0282 -0.0154   1.178  2.850  0.000
   52 C   0.0011  0.0020   1.157  2.842  0.000
   53 C  -0.0260 -0.0271   1.169  2.857  0.000
   54 C  -0.0250 -0.0115   1.179  2.846  0.000
   55 C  -0.0789 -0.1270   1.140  2.939  0.000
   56 C  -0.0139 -0.0040   1.168  2.846  0.000
   57 S   0.0758  0.0354   1.890  3.995  0.039
   58 C  -0.0765 -0.1236   1.142  2.934  0.000
   59 C  -0.0116 -0.0016   1.169  2.843  0.000
   60 S   0.0741  0.0356   1.891  3.995  0.040
   61 C  -0.0379 -0.0284   1.174  2.864  0.000
   62 C  -0.0388 -0.0292   1.173  2.866  0.000
   63 C  -0.0754 -0.1274   1.141  2.935  0.000
   64 C  -0.0858 -0.1380   1.138  2.948  0.000
   65 C  -0.0360 -0.0352   1.195  2.841  0.000
   66 S   0.0851  0.0485   1.887  3.984  0.045
   67 C  -0.0763 -0.1269   1.141  2.935  0.000
   68 C  -0.0868 -0.1389   1.138  2.949  0.000
   69 C  -0.0363 -0.0355   1.194  2.842  0.000
   70 S   0.0906  0.0507   1.885  3.979  0.045
   71 C  -0.0273 -0.1318   1.119  2.908  0.000
   72 C  -0.0883 -0.2391   1.097  2.991  0.000
   73 C  -0.0277 -0.1323   1.119  2.909  0.000
   74 C  -0.0881 -0.2389   1.097  2.991  0.000
   75 C  -0.0277 -0.0157   1.174  2.853  0.000
   76 S   0.1085  0.0727   1.888  3.962  0.042
   77 C  -0.0024  0.0142   1.154  2.848  0.000
   78 C  -0.0696 -0.1177   1.148  2.922  0.000
   79 C  -0.0284 -0.0387   1.186  2.842  0.000
   80 C   0.0350  0.1301   1.200  2.765  0.000
   81 C  -0.0343 -0.1398   1.124  2.910  0.000
   82 C  -0.0892 -0.2403   1.096  2.993  0.000
   83 N  -0.2078 -0.3920   1.499  3.709  0.000
   84 C  -0.0126  0.0859   1.189  2.824  0.000
   85 C  -0.0133  0.0852   1.189  2.825  0.000
   86 S   0.0983  0.0788   1.900  3.959  0.043
   87 S   0.0996  0.0800   1.900  3.958  0.043
   88 C   0.0333  0.1284   1.200  2.767  0.000
   89 N  -0.2083 -0.3928   1.499  3.709  0.000
   90 C  -0.0023  0.0143   1.154  2.848  0.000
   91 C  -0.0727 -0.1211   1.144  2.929  0.000
   92 C  -0.0250 -0.0351   1.188  2.837  0.000
   93 C  -0.0369 -0.0248   1.172  2.865  0.000
   94 S   0.1089  0.0735   1.888  3.960  0.043
   95 C  -0.0323 -0.1371   1.125  2.908  0.000
   96 C  -0.0828 -0.2350   1.089  2.994  0.000
   97 C   0.0018  0.0027   1.157  2.841  0.000
   98 C  -0.0293 -0.0311   1.170  2.859  0.000
   99 C  -0.0281 -0.0153   1.178  2.850  0.000
  100 C   0.0009  0.0018   1.158  2.842  0.000
  101 C  -0.0258 -0.0269   1.169  2.857  0.000
  102 C  -0.0255 -0.0120   1.179  2.846  0.000
  103 C  -0.0783 -0.1265   1.140  2.939  0.000
  104 C  -0.0143 -0.0044   1.168  2.847  0.000
  105 S   0.0758  0.0355   1.890  3.995  0.039
  106 C  -0.0770 -0.1241   1.142  2.935  0.000
  107 C  -0.0114 -0.0013   1.169  2.843  0.000
  108 S   0.0750  0.0362   1.891  3.994  0.040
  109 C  -0.0378 -0.0283   1.174  2.864  0.000
  110 C  -0.0388 -0.0293   1.173  2.866  0.000
  111 C  -0.0755 -0.1275   1.141  2.935  0.000
  112 C  -0.0858 -0.1379   1.138  2.948  0.000
  113 C  -0.0358 -0.0351   1.196  2.840  0.000
  114 S   0.0853  0.0486   1.887  3.983  0.045
  115 C  -0.0765 -0.1271   1.141  2.936  0.000
  116 C  -0.0868 -0.1389   1.138  2.949  0.000
  117 C  -0.0363 -0.0356   1.194  2.842  0.000
  118 S   0.0907  0.0508   1.885  3.979  0.045
  119 C  -0.0272 -0.1318   1.119  2.908  0.000
  120 C  -0.0882 -0.2390   1.097  2.991  0.000
  121 C  -0.0277 -0.1323   1.119  2.909  0.000
  122 C  -0.0881 -0.2389   1.097  2.991  0.000
  123 C  -0.0284 -0.0163   1.175  2.854  0.000
  124 S   0.1075  0.0718   1.888  3.963  0.041
  125 C  -0.0016  0.0151   1.154  2.847  0.000
  126 C  -0.0703 -0.1184   1.148  2.923  0.000
  127 C  -0.0280 -0.0383   1.186  2.842  0.000
  128 C   0.0339  0.1290   1.200  2.766  0.000
  129 C  -0.0348 -0.1404   1.124  2.910  0.000
  130 C  -0.0889 -0.2400   1.096  2.993  0.000
  131 N  -0.2080 -0.3923   1.499  3.709  0.000
  132 C  -0.0144  0.0840   1.188  2.826  0.000
  133 C  -0.0146  0.0837   1.189  2.826  0.000
  134 S   0.0985  0.0789   1.900  3.959  0.043
  135 S   0.0995  0.0800   1.900  3.958  0.043
  136 C   0.0350  0.1305   1.202  2.763  0.000
  137 N  -0.2081 -0.3925   1.499  3.709  0.000
  138 C  -0.0092  0.0072   1.153  2.856  0.000
  139 C  -0.0774 -0.1256   1.148  2.929  0.000
  140 C  -0.0330 -0.0466   1.180  2.853  0.000
  141 C  -0.0774 -0.1146   1.145  2.933  0.000
  142 S   0.1262  0.0893   1.881  3.942  0.051
  143 C  -0.0331 -0.1394   1.122  2.911  0.000
  144 C  -0.0879 -0.2393   1.095  2.993  0.000
  145 H   0.0525  0.1114   0.947  0.000  0.000
  146 H   0.0595  0.1173   0.941  0.000  0.000
  147 H   0.0537  0.1175   0.946  0.000  0.000
  148 H   0.0469  0.1050   0.953  0.000  0.000
  149 H   0.0432  0.1003   0.957  0.000  0.000
  150 H   0.0467  0.1065   0.953  0.000  0.000
  151 H   0.0429  0.1001   0.957  0.000  0.000
  152 H   0.0396  0.0954   0.960  0.000  0.000
  153 H   0.0433  0.0992   0.957  0.000  0.000
  154 H   0.0293  0.0819   0.971  0.000  0.000
  155 H   0.0348  0.0865   0.965  0.000  0.000
  156 H   0.0314  0.0849   0.969  0.000  0.000
  157 H   0.0398  0.0956   0.960  0.000  0.000
  158 H   0.0431  0.0990   0.957  0.000  0.000
  159 H   0.0295  0.0820   0.970  0.000  0.000
  160 H   0.0349  0.0866   0.965  0.000  0.000
  161 H   0.0311  0.0844   0.969  0.000  0.000
  162 H   0.0558  0.1164   0.944  0.000  0.000
  163 H   0.0404  0.0965   0.960  0.000  0.000
  164 H   0.0424  0.1020   0.958  0.000  0.000
  165 H   0.0293  0.0820   0.971  0.000  0.000
  166 H   0.0347  0.0865   0.965  0.000  0.000
  167 H   0.0306  0.0851   0.969  0.000  0.000
  168 H   0.0593  0.1212   0.941  0.000  0.000
  169 H   0.0424  0.1005   0.958  0.000  0.000
  170 H   0.0431  0.1009   0.957  0.000  0.000
  171 H   0.0323  0.0851   0.968  0.000  0.000
  172 H   0.0369  0.0887   0.963  0.000  0.000
  173 H   0.0327  0.0855   0.967  0.000  0.000
  174 H   0.0542  0.1160   0.946  0.000  0.000
  175 H   0.0540  0.1181   0.946  0.000  0.000
  176 H   0.0472  0.1055   0.953  0.000  0.000
  177 H   0.0438  0.1010   0.956  0.000  0.000
  178 H   0.0464  0.1064   0.954  0.000  0.000
  179 H   0.0431  0.1003   0.957  0.000  0.000
  180 H   0.0401  0.0959   0.960  0.000  0.000
  181 H   0.0433  0.0992   0.957  0.000  0.000
  182 H   0.0293  0.0818   0.971  0.000  0.000
  183 H   0.0348  0.0864   0.965  0.000  0.000
  184 H   0.0310  0.0844   0.969  0.000  0.000
  185 H   0.0399  0.0957   0.960  0.000  0.000
  186 H   0.0431  0.0991   0.957  0.000  0.000
  187 H   0.0295  0.0821   0.970  0.000  0.000
  188 H   0.0351  0.0867   0.965  0.000  0.000
  189 H   0.0312  0.0845   0.969  0.000  0.000
  190 H   0.0560  0.1164   0.944  0.000  0.000
  191 H   0.0434  0.1031   0.957  0.000  0.000
  192 H   0.0407  0.0969   0.959  0.000  0.000
  193 H   0.0302  0.0846   0.970  0.000  0.000
  194 H   0.0350  0.0869   0.965  0.000  0.000
  195 H   0.0294  0.0820   0.971  0.000  0.000
  196 H   0.0592  0.1210   0.941  0.000  0.000
  197 H   0.0422  0.1003   0.958  0.000  0.000
  198 H   0.0432  0.1009   0.957  0.000  0.000
  199 H   0.0322  0.0850   0.968  0.000  0.000
  200 H   0.0369  0.0887   0.963  0.000  0.000
  201 H   0.0327  0.0855   0.967  0.000  0.000
  202 H   0.0541  0.1159   0.946  0.000  0.000
  203 H   0.0542  0.1185   0.946  0.000  0.000
  204 H   0.0472  0.1055   0.953  0.000  0.000
  205 H   0.0439  0.1010   0.956  0.000  0.000
  206 H   0.0464  0.1065   0.954  0.000  0.000
  207 H   0.0431  0.1003   0.957  0.000  0.000
  208 H   0.0401  0.0959   0.960  0.000  0.000
  209 H   0.0433  0.0993   0.957  0.000  0.000
  210 H   0.0293  0.0819   0.971  0.000  0.000
  211 H   0.0348  0.0864   0.965  0.000  0.000
  212 H   0.0311  0.0845   0.969  0.000  0.000
  213 H   0.0399  0.0957   0.960  0.000  0.000
  214 H   0.0431  0.0991   0.957  0.000  0.000
  215 H   0.0295  0.0820   0.971  0.000  0.000
  216 H   0.0351  0.0867   0.965  0.000  0.000
  217 H   0.0312  0.0845   0.969  0.000  0.000
  218 H   0.0561  0.1168   0.944  0.000  0.000
  219 H   0.0406  0.0968   0.959  0.000  0.000
  220 H   0.0426  0.1024   0.957  0.000  0.000
  221 H   0.0294  0.0821   0.971  0.000  0.000
  222 H   0.0348  0.0867   0.965  0.000  0.000
  223 H   0.0305  0.0850   0.970  0.000  0.000
  224 H   0.0540  0.1146   0.946  0.000  0.000
  225 H   0.0565  0.1149   0.944  0.000  0.000
  226 H   0.0378  0.0937   0.962  0.000  0.000
  227 H   0.0410  0.0967   0.959  0.000  0.000
  228 H   0.0286  0.0811   0.971  0.000  0.000
  229 H   0.0343  0.0859   0.966  0.000  0.000
  230 H   0.0310  0.0838   0.969  0.000  0.000
 
 Loewdin charges    n(s)   n(p)   n(d)
    1 C  -0.0011   1.117  2.884  0.000
    2 C  -0.0352   1.132  2.903  0.000
    3 C  -0.0091   1.131  2.878  0.000
    4 C   0.0010   1.117  2.882  0.000
    5 C  -0.0240   1.127  2.896  0.000
    6 C  -0.0050   1.134  2.871  0.000
    7 C  -0.0675   1.082  2.985  0.000
    8 C  -0.0233   1.081  2.942  0.000
    9 S   0.0479   1.869  3.982  0.101
   10 C  -0.0758   1.093  2.983  0.000
   11 C   0.0117   1.123  2.866  0.000
   12 S   0.0360   1.878  3.993  0.093
   13 C  -0.0145   1.129  2.886  0.000
   14 C  -0.0150   1.127  2.888  0.000
   15 C  -0.0736   1.090  2.984  0.000
   16 C  -0.0848   1.087  2.998  0.000
   17 C  -0.0114   1.150  2.861  0.000
   18 S   0.0494   1.873  3.980  0.098
   19 C  -0.0719   1.090  2.982  0.000
   20 C  -0.0838   1.087  2.997  0.000
   21 C  -0.0104   1.149  2.862  0.000
   22 S   0.0511   1.871  3.978  0.100
   23 C  -0.0207   1.057  2.964  0.000
   24 C  -0.0894   1.024  3.065  0.000
   25 C  -0.0210   1.057  2.964  0.000
   26 C  -0.0895   1.025  3.065  0.000
   27 C  -0.0070   1.130  2.877  0.000
   28 S   0.0715   1.874  3.959  0.095
   29 C   0.0172   1.110  2.873  0.000
   30 C  -0.0668   1.097  2.970  0.000
   31 C  -0.0264   1.146  2.881  0.000
   32 C   0.0469   1.163  2.791  0.000
   33 C  -0.0282   1.062  2.966  0.000
   34 C  -0.0906   1.024  3.067  0.000
   35 N  -0.1912   1.466  3.725  0.000
   36 C  -0.0017   1.152  2.849  0.000
   37 C  -0.0023   1.153  2.850  0.000
   38 S   0.0619   1.888  3.958  0.093
   39 S   0.0625   1.887  3.957  0.093
   40 C   0.0451   1.162  2.793  0.000
   41 N  -0.1914   1.466  3.726  0.000
   42 C   0.0181   1.110  2.872  0.000
   43 C  -0.0707   1.093  2.978  0.000
   44 C  -0.0215   1.148  2.874  0.000
   45 C  -0.0163   1.128  2.888  0.000
   46 S   0.0715   1.874  3.958  0.097
   47 C  -0.0249   1.063  2.962  0.000
   48 C  -0.0837   1.016  3.068  0.000
   49 C  -0.0005   1.116  2.884  0.000
   50 C  -0.0262   1.129  2.897  0.000
   51 C  -0.0068   1.134  2.873  0.000
   52 C  -0.0007   1.117  2.884  0.000
   53 C  -0.0236   1.127  2.896  0.000
   54 C  -0.0042   1.134  2.870  0.000
   55 C  -0.0800   1.090  2.990  0.000
   56 C   0.0108   1.122  2.868  0.000
   57 S   0.0367   1.877  3.993  0.094
   58 C  -0.0770   1.093  2.984  0.000
   59 C   0.0125   1.123  2.865  0.000
   60 S   0.0360   1.878  3.993  0.093
   61 C  -0.0150   1.129  2.886  0.000
   62 C  -0.0156   1.127  2.888  0.000
   63 C  -0.0725   1.090  2.983  0.000
   64 C  -0.0831   1.087  2.997  0.000
   65 C  -0.0102   1.150  2.860  0.000
   66 S   0.0493   1.873  3.980  0.098
   67 C  -0.0730   1.090  2.983  0.000
   68 C  -0.0841   1.087  2.997  0.000
   69 C  -0.0100   1.149  2.861  0.000
   70 S   0.0533   1.871  3.976  0.100
   71 C  -0.0205   1.057  2.964  0.000
   72 C  -0.0897   1.025  3.065  0.000
   73 C  -0.0209   1.057  2.964  0.000
   74 C  -0.0895   1.025  3.065  0.000
   75 C  -0.0069   1.130  2.877  0.000
   76 S   0.0716   1.874  3.959  0.095
   77 C   0.0175   1.110  2.873  0.000
   78 C  -0.0665   1.097  2.970  0.000
   79 C  -0.0259   1.146  2.880  0.000
   80 C   0.0468   1.162  2.791  0.000
   81 C  -0.0272   1.062  2.965  0.000
   82 C  -0.0909   1.023  3.068  0.000
   83 N  -0.1908   1.466  3.725  0.000
   84 C  -0.0016   1.152  2.849  0.000
   85 C  -0.0023   1.153  2.850  0.000
   86 S   0.0614   1.888  3.958  0.093
   87 S   0.0626   1.888  3.957  0.093
   88 C   0.0452   1.162  2.792  0.000
   89 N  -0.1914   1.466  3.725  0.000
   90 C   0.0179   1.110  2.872  0.000
   91 C  -0.0705   1.093  2.978  0.000
   92 C  -0.0218   1.148  2.874  0.000
   93 C  -0.0163   1.128  2.888  0.000
   94 S   0.0718   1.874  3.957  0.097
   95 C  -0.0249   1.063  2.962  0.000
   96 C  -0.0838   1.016  3.068  0.000
   97 C  -0.0002   1.116  2.884  0.000
   98 C  -0.0264   1.129  2.898  0.000
   99 C  -0.0068   1.134  2.873  0.000
  100 C  -0.0008   1.117  2.884  0.000
  101 C  -0.0233   1.128  2.896  0.000
  102 C  -0.0047   1.135  2.870  0.000
  103 C  -0.0794   1.090  2.989  0.000
  104 C   0.0104   1.122  2.868  0.000
  105 S   0.0367   1.877  3.993  0.094
  106 C  -0.0775   1.093  2.985  0.000
  107 C   0.0126   1.123  2.864  0.000
  108 S   0.0369   1.878  3.992  0.094
  109 C  -0.0150   1.129  2.886  0.000
  110 C  -0.0156   1.127  2.888  0.000
  111 C  -0.0725   1.090  2.983  0.000
  112 C  -0.0831   1.087  2.997  0.000
  113 C  -0.0101   1.150  2.860  0.000
  114 S   0.0496   1.873  3.980  0.098
  115 C  -0.0732   1.090  2.983  0.000
  116 C  -0.0841   1.087  2.997  0.000
  117 C  -0.0101   1.149  2.861  0.000
  118 S   0.0534   1.871  3.976  0.100
  119 C  -0.0205   1.057  2.964  0.000
  120 C  -0.0896   1.025  3.065  0.000
  121 C  -0.0209   1.057  2.964  0.000
  122 C  -0.0895   1.025  3.065  0.000
  123 C  -0.0076   1.130  2.877  0.000
  124 S   0.0707   1.874  3.960  0.095
  125 C   0.0183   1.110  2.872  0.000
  126 C  -0.0672   1.097  2.971  0.000
  127 C  -0.0255   1.146  2.880  0.000
  128 C   0.0457   1.162  2.792  0.000
  129 C  -0.0278   1.062  2.966  0.000
  130 C  -0.0906   1.024  3.067  0.000
  131 N  -0.1911   1.466  3.725  0.000
  132 C  -0.0034   1.152  2.851  0.000
  133 C  -0.0037   1.152  2.851  0.000
  134 S   0.0616   1.888  3.958  0.093
  135 S   0.0626   1.887  3.957  0.093
  136 C   0.0475   1.164  2.788  0.000
  137 N  -0.1912   1.466  3.725  0.000
  138 C   0.0103   1.109  2.881  0.000
  139 C  -0.0746   1.097  2.978  0.000
  140 C  -0.0277   1.139  2.889  0.000
  141 C  -0.0500   1.089  2.961  0.000
  142 S   0.0903   1.866  3.937  0.107
  143 C  -0.0257   1.060  2.966  0.000
  144 C  -0.0895   1.022  3.067  0.000
  145 H   0.0448   0.955  0.000  0.000
  146 H   0.0490   0.951  0.000  0.000
  147 H   0.0462   0.954  0.000  0.000
  148 H   0.0398   0.960  0.000  0.000
  149 H   0.0364   0.964  0.000  0.000
  150 H   0.0397   0.960  0.000  0.000
  151 H   0.0361   0.964  0.000  0.000
  152 H   0.0357   0.964  0.000  0.000
  153 H   0.0389   0.961  0.000  0.000
  154 H   0.0290   0.971  0.000  0.000
  155 H   0.0345   0.966  0.000  0.000
  156 H   0.0311   0.969  0.000  0.000
  157 H   0.0358   0.964  0.000  0.000
  158 H   0.0387   0.961  0.000  0.000
  159 H   0.0292   0.971  0.000  0.000
  160 H   0.0346   0.965  0.000  0.000
  161 H   0.0308   0.969  0.000  0.000
  162 H   0.0465   0.953  0.000  0.000
  163 H   0.0364   0.964  0.000  0.000
  164 H   0.0390   0.961  0.000  0.000
  165 H   0.0291   0.971  0.000  0.000
  166 H   0.0344   0.966  0.000  0.000
  167 H   0.0305   0.969  0.000  0.000
  168 H   0.0501   0.950  0.000  0.000
  169 H   0.0386   0.961  0.000  0.000
  170 H   0.0393   0.961  0.000  0.000
  171 H   0.0319   0.968  0.000  0.000
  172 H   0.0364   0.964  0.000  0.000
  173 H   0.0324   0.968  0.000  0.000
  174 H   0.0463   0.954  0.000  0.000
  175 H   0.0466   0.953  0.000  0.000
  176 H   0.0402   0.960  0.000  0.000
  177 H   0.0369   0.963  0.000  0.000
  178 H   0.0395   0.961  0.000  0.000
  179 H   0.0363   0.964  0.000  0.000
  180 H   0.0362   0.964  0.000  0.000
  181 H   0.0389   0.961  0.000  0.000
  182 H   0.0290   0.971  0.000  0.000
  183 H   0.0344   0.966  0.000  0.000
  184 H   0.0307   0.969  0.000  0.000
  185 H   0.0359   0.964  0.000  0.000
  186 H   0.0388   0.961  0.000  0.000
  187 H   0.0292   0.971  0.000  0.000
  188 H   0.0347   0.965  0.000  0.000
  189 H   0.0308   0.969  0.000  0.000
  190 H   0.0466   0.953  0.000  0.000
  191 H   0.0400   0.960  0.000  0.000
  192 H   0.0367   0.963  0.000  0.000
  193 H   0.0301   0.970  0.000  0.000
  194 H   0.0347   0.965  0.000  0.000
  195 H   0.0291   0.971  0.000  0.000
  196 H   0.0500   0.950  0.000  0.000
  197 H   0.0384   0.962  0.000  0.000
  198 H   0.0393   0.961  0.000  0.000
  199 H   0.0317   0.968  0.000  0.000
  200 H   0.0364   0.964  0.000  0.000
  201 H   0.0324   0.968  0.000  0.000
  202 H   0.0463   0.954  0.000  0.000
  203 H   0.0468   0.953  0.000  0.000
  204 H   0.0402   0.960  0.000  0.000
  205 H   0.0370   0.963  0.000  0.000
  206 H   0.0395   0.960  0.000  0.000
  207 H   0.0363   0.964  0.000  0.000
  208 H   0.0361   0.964  0.000  0.000
  209 H   0.0389   0.961  0.000  0.000
  210 H   0.0290   0.971  0.000  0.000
  211 H   0.0345   0.966  0.000  0.000
  212 H   0.0307   0.969  0.000  0.000
  213 H   0.0359   0.964  0.000  0.000
  214 H   0.0387   0.961  0.000  0.000
  215 H   0.0291   0.971  0.000  0.000
  216 H   0.0347   0.965  0.000  0.000
  217 H   0.0308   0.969  0.000  0.000
  218 H   0.0468   0.953  0.000  0.000
  219 H   0.0366   0.963  0.000  0.000
  220 H   0.0392   0.961  0.000  0.000
  221 H   0.0292   0.971  0.000  0.000
  222 H   0.0345   0.965  0.000  0.000
  223 H   0.0304   0.970  0.000  0.000
  224 H   0.0449   0.955  0.000  0.000
  225 H   0.0462   0.954  0.000  0.000
  226 H   0.0340   0.966  0.000  0.000
  227 H   0.0368   0.963  0.000  0.000
  228 H   0.0284   0.972  0.000  0.000
  229 H   0.0340   0.966  0.000  0.000
  230 H   0.0306   0.969  0.000  0.000
 
 Wiberg/Mayer (AO) data. WBOs > 0.1 written file <wbo>
 largest (>0.05) Wiberg bond orders for each atom
           total WBO             WBO to atom ...
     1  C   3.929    C    6 1.354    C    2 1.261    C   13 1.041    C    4 0.085
     2  C   3.935    C    1 1.261    C    3 1.253    C    7 1.161    C    5 0.051
     3  C   3.940    C    4 1.341    C    2 1.253    S    9 1.080    C    6 0.053
     4  C   3.922    C    3 1.341    C    5 1.253    C   14 1.052    C    1 0.085
     5  C   3.947    C    4 1.253    C    6 1.237    C   10 1.200    C    2 0.051
     6  C   3.929    C    1 1.354    C    5 1.237    S   12 1.071    C    3 0.053
     7  C   3.959    C    8 1.710    C    2 1.161    H  145 0.935    S    9 0.086
     8  C   3.937    C    7 1.710    S    9 1.131    H  146 0.949
     9  S   2.484    C    8 1.131    C    3 1.080    C    7 0.086
    10  C   3.931    C   11 1.555    C    5 1.200    H  147 0.929    S   12 0.070    C   31 0.058
    11  C   3.926    C   10 1.555    C   27 1.134    S   12 1.056
    12  S   2.438    C    6 1.071    C   11 1.056    C   10 0.070
    13  C   3.937    C   15 1.570    S   18 1.107    C    1 1.041    C   17 0.110
    14  C   3.936    C   19 1.559    S   22 1.107    C    4 1.052    C   21 0.108
    15  C   3.958    C   13 1.570    C   16 1.257    H  148 0.938    S   18 0.074
    16  C   3.962    C   17 1.602    C   15 1.257    H  149 0.939    S   18 0.072
    17  C   3.920    C   16 1.602    S   18 1.130    C   23 0.998    C   13 0.110
    18  S   2.535    C   17 1.130    C   13 1.107    C   15 0.074    C   16 0.072
    19  C   3.941    C   14 1.559    C   20 1.264    H  150 0.936    S   22 0.074
    20  C   3.963    C   21 1.595    C   19 1.264    H  151 0.939    S   22 0.072
    21  C   3.917    C   20 1.595    S   22 1.133    C   25 0.998    C   14 0.108
    22  S   2.542    C   21 1.133    C   14 1.107    C   19 0.074    C   20 0.072
    23  C   3.974    C   17 0.998    C   24 0.988    H  152 0.964    H  153 0.962
    24  C   3.981    C   23 0.988    H  154 0.984    H  156 0.983    H  155 0.979
    25  C   3.974    C   21 0.998    C   26 0.987    H  157 0.964    H  158 0.963
    26  C   3.980    C   25 0.987    H  159 0.984    H  161 0.983    H  160 0.979
    27  C   3.915    C   31 1.429    C   11 1.134    S   28 1.106    C   29 0.082
    28  S   2.517    C   29 1.108    C   27 1.106    C   30 0.069    C   31 0.059
    29  C   3.931    C   30 1.458    C   32 1.163    S   28 1.108    C   27 0.082
    30  C   3.947    C   29 1.458    C   31 1.303    H  162 0.938    S   28 0.069
    31  C   3.923    C   27 1.429    C   30 1.303    C   33 0.980    S   28 0.059    C   10 0.058
    32  C   3.909    N   35 1.498    C   29 1.163    S   38 1.056    C   37 0.061
    33  C   3.971    C   34 0.989    C   31 0.980    H  163 0.966    H  164 0.958
    34  C   3.981    C   33 0.989    H  165 0.984    H  167 0.982    H  166 0.979
    35  N   3.109    C   32 1.498    C   36 1.247    S   38 0.145
    36  C   3.912    C   37 1.323    N   35 1.247    S   39 1.124    C   40 0.061
    37  C   3.912    C   36 1.323    N   41 1.249    S   38 1.123    C   32 0.061
    38  S   2.535    C   37 1.123    C   32 1.056    N   35 0.145
    39  S   2.535    C   36 1.124    C   40 1.056    N   41 0.145
    40  C   3.910    N   41 1.495    C   42 1.166    S   39 1.056    C   36 0.061
    41  N   3.107    C   40 1.495    C   37 1.249    S   39 0.145
    42  C   3.929    C   43 1.447    C   40 1.166    S   46 1.111    C   45 0.084
    43  C   3.948    C   42 1.447    C   44 1.315    H  168 0.937    S   46 0.070
    44  C   3.922    C   45 1.421    C   43 1.315    C   47 0.973    S   46 0.060    C   55 0.058
    45  C   3.913    C   44 1.421    C   56 1.144    S   46 1.104    C   42 0.084
    46  S   2.519    C   42 1.111    C   45 1.104    C   43 0.070    C   44 0.060
    47  C   3.971    C   48 1.006    C   44 0.973    H  169 0.956    H  170 0.955
    48  C   3.984    C   47 1.006    H  173 0.985    H  171 0.985    H  172 0.981
    49  C   3.910    C   54 1.358    C   50 1.239    C   61 1.051    C   52 0.079
    50  C   3.934    C   49 1.239    C   51 1.234    C   55 1.210
    51  C   3.928    C   52 1.352    C   50 1.234    S   57 1.072    C   54 0.051
    52  C   3.920    C   51 1.352    C   53 1.243    C   62 1.053    C   49 0.079
    53  C   3.933    C   52 1.243    C   54 1.234    C   58 1.208
    54  C   3.928    C   49 1.358    C   53 1.234    S   60 1.069    C   51 0.051
    55  C   3.928    C   56 1.541    C   50 1.210    H  174 0.933    S   57 0.069    C   44 0.058
    56  C   3.922    C   55 1.541    C   45 1.144    S   57 1.058
    57  S   2.438    C   51 1.072    C   56 1.058    C   55 0.069
    58  C   3.929    C   59 1.546    C   53 1.208    H  175 0.928    S   60 0.068    C   79 0.059
    59  C   3.919    C   58 1.546    C   75 1.140    S   60 1.056
    60  S   2.433    C   54 1.069    C   59 1.056    C   58 0.068
    61  C   3.936    C   63 1.561    S   66 1.106    C   49 1.051    C   65 0.109
    62  C   3.936    C   67 1.557    S   70 1.108    C   52 1.053    C   69 0.108
    63  C   3.955    C   61 1.561    C   64 1.261    H  176 0.938    S   66 0.074
    64  C   3.962    C   65 1.598    C   63 1.261    H  177 0.939    S   66 0.071
    65  C   3.917    C   64 1.598    S   66 1.130    C   71 0.999    C   61 0.109
    66  S   2.534    C   65 1.130    C   61 1.106    C   63 0.074    C   64 0.071
    67  C   3.941    C   62 1.557    C   68 1.265    H  178 0.936    S   70 0.074
    68  C   3.963    C   69 1.594    C   67 1.265    H  179 0.939    S   70 0.072
    69  C   3.917    C   68 1.594    S   70 1.133    C   73 0.998    C   62 0.108
    70  S   2.545    C   69 1.133    C   62 1.108    C   67 0.074    C   68 0.072
    71  C   3.974    C   65 0.999    C   72 0.987    H  180 0.964    H  181 0.963
    72  C   3.981    C   71 0.987    H  182 0.984    H  184 0.983    H  183 0.979
    73  C   3.974    C   69 0.998    C   74 0.987    H  185 0.964    H  186 0.963
    74  C   3.980    C   73 0.987    H  187 0.984    H  189 0.983    H  188 0.979
    75  C   3.914    C   79 1.424    C   59 1.140    S   76 1.105    C   77 0.082
    76  S   2.516    C   77 1.108    C   75 1.105    C   78 0.068    C   79 0.059
    77  C   3.929    C   78 1.454    C   80 1.164    S   76 1.108    C   75 0.082
    78  C   3.946    C   77 1.454    C   79 1.307    H  190 0.938    S   76 0.068
    79  C   3.921    C   75 1.424    C   78 1.307    C   81 0.979    C   58 0.059    S   76 0.059
    80  C   3.909    N   83 1.497    C   77 1.164    S   86 1.055    C   85 0.061
    81  C   3.971    C   82 0.989    C   79 0.979    H  192 0.967    H  191 0.957
    82  C   3.981    C   81 0.989    H  195 0.984    H  193 0.982    H  194 0.979
    83  N   3.109    C   80 1.497    C   84 1.248    S   86 0.145
    84  C   3.912    C   85 1.323    N   83 1.248    S   87 1.124    C   88 0.061
    85  C   3.912    C   84 1.323    N   89 1.249    S   86 1.124    C   80 0.061
    86  S   2.534    C   85 1.124    C   80 1.055    N   83 0.145
    87  S   2.535    C   84 1.124    C   88 1.056    N   89 0.145
    88  C   3.910    N   89 1.495    C   90 1.165    S   87 1.056    C   84 0.061
    89  N   3.108    C   88 1.495    C   85 1.249    S   87 0.145
    90  C   3.929    C   91 1.448    C   88 1.165    S   94 1.111    C   93 0.084
    91  C   3.947    C   90 1.448    C   92 1.314    H  196 0.937    S   94 0.070
    92  C   3.922    C   93 1.423    C   91 1.314    C   95 0.973    S   94 0.060    C  103 0.058
    93  C   3.913    C   92 1.423    C  104 1.141    S   94 1.105    C   90 0.084
    94  S   2.520    C   90 1.111    C   93 1.105    C   91 0.070    C   92 0.060
    95  C   3.971    C   96 1.006    C   92 0.973    H  197 0.956    H  198 0.955
    96  C   3.984    C   95 1.006    H  201 0.985    H  199 0.985    H  200 0.981
    97  C   3.910    C  102 1.357    C   98 1.239    C  109 1.052    C  100 0.079
    98  C   3.934    C   97 1.239    C   99 1.234    C  103 1.209
    99  C   3.928    C  100 1.352    C   98 1.234    S  105 1.072    C  102 0.050
   100  C   3.920    C   99 1.352    C  101 1.242    C  110 1.054    C   97 0.079
   101  C   3.933    C  100 1.242    C  102 1.234    C  106 1.210
   102  C   3.928    C   97 1.357    C  101 1.234    S  108 1.070    C   99 0.050
   103  C   3.929    C  104 1.543    C   98 1.209    H  202 0.933    S  105 0.069    C   92 0.058
   104  C   3.922    C  103 1.543    C   93 1.141    S  105 1.058
   105  S   2.438    C   99 1.072    C  104 1.058    C  103 0.069
   106  C   3.928    C  107 1.542    C  101 1.210    H  203 0.928    S  108 0.068    C  127 0.060
   107  C   3.918    C  106 1.542    C  123 1.143    S  108 1.056
   108  S   2.436    C  102 1.070    C  107 1.056    C  106 0.068
   109  C   3.936    C  111 1.559    S  114 1.106    C   97 1.052    C  113 0.109
   110  C   3.936    C  115 1.556    S  118 1.108    C  100 1.054    C  117 0.108
   111  C   3.955    C  109 1.559    C  112 1.262    H  204 0.938    S  114 0.074
   112  C   3.962    C  113 1.598    C  111 1.262    H  205 0.939    S  114 0.071
   113  C   3.916    C  112 1.598    S  114 1.129    C  119 0.999    C  109 0.109
   114  S   2.534    C  113 1.129    C  109 1.106    C  111 0.074    C  112 0.071
   115  C   3.940    C  110 1.556    C  116 1.265    H  206 0.936    S  118 0.074
   116  C   3.963    C  117 1.594    C  115 1.265    H  207 0.939    S  118 0.072
   117  C   3.916    C  116 1.594    S  118 1.133    C  121 0.998    C  110 0.108
   118  S   2.545    C  117 1.133    C  110 1.108    C  115 0.074    C  116 0.072
   119  C   3.974    C  113 0.999    C  120 0.987    H  208 0.964    H  209 0.963
   120  C   3.980    C  119 0.987    H  210 0.984    H  212 0.983    H  211 0.979
   121  C   3.974    C  117 0.998    C  122 0.987    H  213 0.964    H  214 0.963
   122  C   3.980    C  121 0.987    H  215 0.984    H  217 0.984    H  216 0.979
   123  C   3.915    C  127 1.423    C  107 1.143    S  124 1.104    C  125 0.081
   124  S   2.513    C  125 1.107    C  123 1.104    C  126 0.068    C  127 0.058
   125  C   3.929    C  126 1.455    C  128 1.165    S  124 1.107    C  123 0.081
   126  C   3.948    C  125 1.455    C  127 1.306    H  218 0.938    S  124 0.068
   127  C   3.921    C  123 1.423    C  126 1.306    C  129 0.980    C  106 0.060    S  124 0.058
   128  C   3.914    N  131 1.497    C  125 1.165    S  134 1.056    C  133 0.062
   129  C   3.971    C  130 0.989    C  127 0.980    H  219 0.966    H  220 0.957
   130  C   3.981    C  129 0.989    H  221 0.984    H  223 0.982    H  222 0.979
   131  N   3.108    C  128 1.497    C  132 1.246    S  134 0.145
   132  C   3.919    C  133 1.330    N  131 1.246    S  135 1.122    C  136 0.063
   133  C   3.913    C  132 1.330    N  137 1.241    S  134 1.123    C  128 0.062
   134  S   2.535    C  133 1.123    C  128 1.056    N  131 0.145
   135  S   2.544    C  132 1.122    C  136 1.062    N  137 0.146
   136  C   3.912    N  137 1.511    C  138 1.148    S  135 1.062    C  132 0.063
   137  N   3.126    C  136 1.511    C  133 1.241    S  135 0.146
   138  C   3.947    C  139 1.491    C  136 1.148    S  142 1.113    C  141 0.098
   139  C   3.949    C  138 1.491    C  140 1.259    H  224 0.940    S  142 0.079
   140  C   3.946    C  141 1.564    C  139 1.259    C  143 0.977    S  142 0.074
   141  C   3.933    C  140 1.564    S  142 1.195    H  225 0.951    C  138 0.098
   142  S   2.584    C  141 1.195    C  138 1.113    C  139 0.079    C  140 0.074
   143  C   3.974    C  144 0.992    C  140 0.977    H  226 0.967    H  227 0.965
   144  C   3.984    C  143 0.992    H  228 0.984    H  230 0.984    H  229 0.979
   145  H   0.995    C    7 0.935
   146  H   0.994    C    8 0.949
   147  H   0.995    C   10 0.929
   148  H   0.997    C   15 0.938
   149  H   0.996    C   16 0.939
   150  H   0.997    C   19 0.936
   151  H   0.997    C   20 0.939
   152  H   0.998    C   23 0.964
   153  H   0.997    C   23 0.962
   154  H   0.999    C   24 0.984
   155  H   0.997    C   24 0.979
   156  H   0.999    C   24 0.983
   157  H   0.998    C   25 0.964
   158  H   0.997    C   25 0.963
   159  H   0.999    C   26 0.984
   160  H   0.997    C   26 0.979
   161  H   0.999    C   26 0.983
   162  H   0.995    C   30 0.938
   163  H   0.998    C   33 0.966
   164  H   0.997    C   33 0.958
   165  H   0.999    C   34 0.984
   166  H   0.996    C   34 0.979
   167  H   0.999    C   34 0.982
   168  H   0.994    C   43 0.937
   169  H   0.997    C   47 0.956
   170  H   0.996    C   47 0.955
   171  H   0.999    C   48 0.985
   172  H   0.997    C   48 0.981
   173  H   0.999    C   48 0.985
   174  H   0.995    C   55 0.933
   175  H   0.995    C   58 0.928
   176  H   0.997    C   63 0.938
   177  H   0.996    C   64 0.939
   178  H   0.997    C   67 0.936
   179  H   0.997    C   68 0.939
   180  H   0.998    C   71 0.964
   181  H   0.997    C   71 0.963
   182  H   0.999    C   72 0.984
   183  H   0.997    C   72 0.979
   184  H   0.999    C   72 0.983
   185  H   0.998    C   73 0.964
   186  H   0.997    C   73 0.963
   187  H   0.999    C   74 0.984
   188  H   0.997    C   74 0.979
   189  H   0.999    C   74 0.983
   190  H   0.995    C   78 0.938
   191  H   0.997    C   81 0.957
   192  H   0.997    C   81 0.967
   193  H   0.999    C   82 0.982
   194  H   0.996    C   82 0.979
   195  H   0.999    C   82 0.984
   196  H   0.994    C   91 0.937
   197  H   0.997    C   95 0.956
   198  H   0.996    C   95 0.955
   199  H   0.999    C   96 0.985
   200  H   0.997    C   96 0.981
   201  H   0.999    C   96 0.985
   202  H   0.995    C  103 0.933
   203  H   0.995    C  106 0.928
   204  H   0.997    C  111 0.938
   205  H   0.996    C  112 0.939
   206  H   0.997    C  115 0.936
   207  H   0.997    C  116 0.939
   208  H   0.998    C  119 0.964
   209  H   0.997    C  119 0.963
   210  H   0.999    C  120 0.984
   211  H   0.997    C  120 0.979
   212  H   0.999    C  120 0.983
   213  H   0.998    C  121 0.964
   214  H   0.997    C  121 0.963
   215  H   0.999    C  122 0.984
   216  H   0.996    C  122 0.979
   217  H   0.999    C  122 0.984
   218  H   0.995    C  126 0.938
   219  H   0.997    C  129 0.966
   220  H   0.997    C  129 0.957
   221  H   0.999    C  130 0.984
   222  H   0.996    C  130 0.979
   223  H   0.999    C  130 0.982
   224  H   0.997    C  139 0.940
   225  H   0.996    C  141 0.951
   226  H   0.997    C  143 0.967
   227  H   0.998    C  143 0.965
   228  H   0.999    C  144 0.984
   229  H   0.997    C  144 0.979
   230  H   0.999    C  144 0.984
 
 --------------------------------------------
          xTB calculation for sTDA...
 --------------------------------------------
 
 reading parameter file /ihome/ghutchison/blp62/xtb4stda/.param_stda2.xtb
 
      method parameters     
 k(s)        :  1.6000
 k(p)        :  2.1800
 k(d)        :  1.9500
 k(f)        :  2.0000
 k(R-V)      :  2.2750
 k(R-R)      :  1.7650
 Tscal       :  0.2580
 Gscal       :  1.0000
 fpol        :  1.0000
 Zcnf        :  0.3430
 Zqf         :  0.0000
 kcn         :  2.7000
 Ryd Hsplit  :  0.7000
 lshift(virt):  3.1000
 lshift(OS)  :  0.2000
 wllscaling  :  2.6000
 
 mowrcut     : 3.000
 
  Z AO/shell   Hii/eV     exponent
  1     Sun Feb 14 09:53:25 CET 2016    EN: 2.327 GAM: 0.473  GM3: 0.0000
     1s    -14.339618    1.220000
     2sp    -3.348946    0.600000
  6     Sun Feb 14 09:53:25 CET 2016    EN: 2.731 GAM: 0.422  GM3: 0.0000
     2s    -22.009312    1.565095
     2p    -13.020408    1.596905
     3sp    -3.914040    0.824500
  7     Sun Feb 14 09:53:25 CET 2016    EN: 3.573 GAM: 0.504  GM3: 0.0000
     2s    -25.722000    2.064844
     2p    -18.684912    1.801692
     3sp    -4.344791    0.921400
 16     Sun Feb 21 16:35:57 CET 2016    EN: 1.915 GAM: 0.200  GM3: 0.0000
     3s    -17.898811    2.619580
     3p    -15.317401    1.798798
     4sp    -4.455139    0.843200
 
 Nbf   :         1582
 T(el) :     0.0
 calculating S/T integrals ...
 cpu time for ints    1.55444100000000     
 Nao   :         1582
 making H0...
 making H1...
 cpu time for H      6.034199999999990E-002
 solving ...
 cpu time for diag   0.962094000000000     
 
 gap (eV)           :   5.075
 Koopmans IP (eV)   :  13.219
 Eel (Eh)           :  -590.511434

          eigenvalues
 #    :         346        347        348        349        350        351        352        353
 occ. :        2.000      2.000      2.000      2.000      2.000      2.000      2.000      2.000
 eps  :       -15.118    -14.882    -14.821    -14.781    -14.629    -14.446    -14.313    -13.832
 #    :         354        355        356        357        358        359        360        361
 occ. :        2.000      2.000      2.000      2.000      2.000      0.000      0.000      0.000
 eps  :       -13.789    -13.700    -13.528    -13.349    -13.220     -8.145     -7.987     -7.778
 #    :         362        363        364        365        366        367        368        369
 occ. :        0.000      0.000      0.000      0.000      0.000      0.000      0.000      0.000
 eps  :        -7.492     -7.232     -6.993     -6.710     -6.548     -6.476     -6.016     -5.950
                            1  SCC done.
 writing mo output ...
 molden style : F
 
speedup  1.00
cpu  time for all    4.27 s
wall time for all    4.28 s
