 
        ______________________________________
       |                                      |
       |          ===================         |
       |             xTB for sTDA             |
       |          ===================         |
       |               S. Grimme              |
       |        Universitaet Bonn, MCTC       |
       |         2015-19, Version 1.0         |
       |     Wed Apr  3 09:14:55 CEST 2019    |
       |______________________________________|
 
        This code comes without any warranty
        for non-commercial, academia use only.
        Preliminary test version.
        Cite this work as:
        S. Grimme  &  C. Bannwarth, JCP 145 (2016) 054103
        if GBSA is used additionally:
        P. Shushkov, F. März, C. Bannwarth, S. Grimme, unpublished.
 
        with help from
        P. Shushkov, G. Brandenburg, S. Dohm, J. Pisarek,
        F. März, M. Checinski, S. Ehrlich, S. Spicher, 
        P. Pracht, E. Caldeweyher, S. Ehlert, and C. Bannwarth.
 
        usage        :
        xtb4stda <coord_file> [options]
        where <coord_file> is a valid file of TM)
        (*coord, Bohr) or xmol (*xyz, Angstroem)
        format.

        options:
        -chrg <int>   : molecular charge
        -uhf  <int>   : # of unpaired electrons(=2*S)
        -nox          : skip second, extended part in sTDA-xTB
        -pop          : do population analysis
                      : (default for -nox)
        -mowr <real>  : cut MO write above (def.3 Eh)
        -molden       : write formatted molden file
        -parx <file>  : read parameters for sTDA-xTB
                        calc (def:~/.param_stda2.xtb)
        -parv <file>  : read parameters for vTB part in
                        sTDA-xTB (def: ~/.param_stda1.xtb)
        -xtemp <real> : el. temp for xTB (def. 0 K)
        -etemp <real> : el. temp for GFN (def. 300 K)
        -fod          : calculate the FOD and write
                        molden.input file with
                        appropriate occupations
                        for plotting. Def. T=12500 K
 
        -acc <real>   : xTB accuracy (def. 1.0)
        -gbsa [string1] [string2]
                        use GBSA implicit solvent
                        for solvent [string1] and
                        solvation state [string2]=
                        reference, bar1M (default=1M)
        additional GFN/opt/MD/siman options read from
        $XTB4STDAHOME/.xtb4stdarc or $set in input
 
       spin and charge state information can be on:
       <.CHRG> (charge) and <.UHF> (=nalpha-nbeta)
       -uhf and -chrg override the file info.
       useful machine settings:
       setenv MKL_NUM_THREADS <NCORE_ON_YOUR_MACHINE>
       setenv OMP_STACKSIZE 500m
       limit stacksize unlimited
 
       total energies in Eh, gaps/HL energies in eV
       please read REVISION and HOWTO files carefully
 =============================
  # OMP threads =           1
 =============================
 
 xtb4stdahome directory:/ihome/ghutchison/blp62/xtb4stda/
 
 
 name of molecule           :
 comment line               :
 number of atoms            :    98
 number of electrons        :   344
 charge                     :  0
 spin                       : 0.0
 first test random number   :  0.0605
 
 -----------------------------------------
      charge density (VTB) calculation
 -----------------------------------------
 
      method parameters     
 k(s)        :  1.8000
 k(p)        :  2.8350
 k(d)        :  2.0860
 k(f)        :  2.0000
 Tscal       :  0.3300
 Gscal       :  0.3910
 fpol        :  1.0000
 Zcnf        :  0.6500
 Zqf         :  0.0000
 kcn         :  0.3000
 kEN1        : -0.5900
 wllscal     :  2.6000
 
     -------------------------
     ! NO SOLVENT MODEL USED !
     -------------------------
 
 doing EN charges ...
 sum q : -0.3330669D-14
 point charge moment (au)
     X       Y       Z   
  -0.9220  -0.1884   1.6482  total (Debye):    4.824
 
            Z      q(EN)   CN      Cart. coordinates
     1  C   4.0   0.006   3.346     2.24534    -0.24164    -0.58440
     2  C   4.0  -0.080   3.230     1.57085     1.57343     1.25777
     3  S   6.0   0.233   2.601     0.29539     0.21177     4.03096
     4  C   4.0  -0.094   3.394     0.68778    -2.71712     2.74107
     5  C   4.0   0.071   3.652     1.73124    -2.66744     0.28576
     6  N   5.0  -0.283   3.256     2.05071    -5.12567    -0.56913
     7  C   4.0  -0.098   4.085     1.81756    -5.81648    -3.21141
     8  C   4.0   0.097   3.493     1.26001    -6.70571     1.36046
     9  C   4.0   0.010   3.398     0.32503    -5.26133     3.41144
    10  C   4.0   0.075   3.654    -0.82128    -6.47189     5.49959
    11  N   5.0  -0.301   2.146    -1.85846    -5.43292     7.52459
    12  S   6.0   0.431   2.889    -3.04411    -7.64412     9.26462
    13  N   5.0  -0.300   2.145    -2.28041   -10.02826     7.51544
    14  C   4.0   0.074   3.657    -1.06163    -9.18452     5.49999
    15  C   4.0   0.010   3.397     0.07059   -10.59548     3.53342
    16  C   4.0   0.093   3.499     1.36551    -9.35212     1.55548
    17  N   5.0  -0.277   3.249     2.55592   -11.11014    -0.00043
    18  C   4.0  -0.100   4.093     5.09764   -10.62502    -0.93121
    19  C   4.0  -0.238   4.028     7.08771   -11.40576     1.01081
    20  C   4.0   0.082   3.612     1.91090   -13.47565     0.93362
    21  C   4.0  -0.092   3.416     0.39802   -13.19740     3.09947
    22  S   6.0   0.231   2.391    -0.48271   -15.98971     4.53977
    23  C   4.0  -0.093   3.431     1.16232   -17.61053     2.19960
    24  C   4.0   0.088   3.610     2.31267   -16.03068     0.36166
    25  C   4.0  -0.239   4.027    -0.69395    -4.91486    -4.31764
    26  C   4.0   0.104   3.234     0.42214     6.16205     4.98484
    27  O   6.0  -0.120   1.188    -0.28316     4.34157     6.19498
    28  C   4.0  -0.006   3.354     0.36743     8.82477     5.83995
    29  C   4.0  -0.067   3.178    -0.44695     9.77295     8.12886
    30  C   4.0   0.024   3.178    -0.29744    12.36240     8.49134
    31  C   4.0   0.024   3.180     0.64540    13.93008     6.59437
    32  F   7.0  -0.026   1.067     0.77388    16.42381     6.99571
    33  C   4.0  -0.068   3.186     1.45926    12.97466     4.29265
    34  C   4.0  -0.006   3.350     1.31537    10.38696     3.91524
    35  C   4.0  -0.008   3.325     2.00458     8.80894     1.74867
    36  C   4.0  -0.037   3.119     2.95262     9.70654    -0.49336
    37  C   4.0   0.234   2.164     3.60711     8.23739    -2.61725
    38  N   5.0  -0.214   1.028     4.18058     7.18746    -4.43119
    39  C   4.0   0.236   2.166     3.40312    12.28523    -1.00144
    40  N   5.0  -0.215   1.026     3.82402    14.34341    -1.54272
    41  C   4.0  -0.003   3.276     1.47963     6.21132     2.42705
    42  C   4.0  -0.074   3.205     1.93684     4.16157     0.89247
    43  C   4.0  -0.073   3.197     3.39606   -26.80603    -0.71106
    44  C   4.0  -0.003   3.277     2.77616   -29.00263     0.53246
    45  C   4.0  -0.008   3.323     3.52614   -31.52252    -0.21950
    46  C   4.0  -0.037   3.119     5.02794   -32.19899    -2.22184
    47  C   4.0   0.236   2.165     5.69308   -34.71285    -2.81130
    48  N   5.0  -0.215   1.026     6.30200   -36.70895    -3.40302
    49  C   4.0   0.234   2.162     6.14473   -30.52712    -3.97095
    50  N   5.0  -0.214   1.027     7.13426   -29.30221    -5.46660
    51  C   4.0  -0.006   3.351     2.41416   -33.29115     1.59602
    52  C   4.0  -0.068   3.186     2.51992   -35.90284     1.75831
    53  C   4.0   0.024   3.180     1.25040   -37.06605     3.73549
    54  F   7.0  -0.026   1.067     1.33043   -39.58644     3.92386
    55  C   4.0   0.024   3.178    -0.10115   -35.67838     5.52254
    56  C   4.0  -0.067   3.178    -0.21591   -33.06605     5.37408
    57  C   4.0  -0.006   3.353     1.04849   -31.91119     3.40682
    58  C   4.0   0.104   3.237     1.23150   -29.18384     2.82177
    59  O   6.0  -0.121   1.201     0.27136   -27.47323     4.02014
    60  N   5.0  -0.292   3.252     3.45706   -17.50104    -1.44793
    61  C   4.0   0.074   3.658     3.09175   -19.97589    -0.75452
    62  C   4.0  -0.093   3.394     1.67195   -20.10143     1.52096
    63  C   4.0  -0.093   4.071     4.54102   -16.75812    -3.83445
    64  C   4.0  -0.239   4.021     7.42613   -16.81799    -3.79376
    65  C   4.0  -0.076   3.321     3.74342   -22.32044    -1.68629
    66  C   4.0  -0.080   3.201     2.86049   -24.28320    -0.14092
    67  S   6.0   0.225   2.610     1.15594   -23.15541     2.49911
    68  C   4.0  -0.173   4.056     3.54890     0.39312    -3.01543
    69  C   4.0  -0.242   4.030     6.41249     0.53241    -2.61610
    70  F   7.0  -0.026   1.064    -1.06253    13.36850    10.68291
    71  F   7.0  -0.026   1.064    -1.29813   -36.88112     7.39882
    72  H   1.0   0.082   1.002     3.40715    -5.02514    -4.27003
    73  H   1.0   0.085   1.006     1.88359    -7.86943    -3.35422
    74  H   1.0   0.083   1.003     5.38724   -11.63883    -2.70497
    75  H   1.0   0.085   1.006     5.28894    -8.60653    -1.28499
    76  H   1.0   0.082   1.000     6.94653   -13.40851     1.44945
    77  H   1.0   0.081   0.999     8.96695   -11.01214     0.28146
    78  H   1.0   0.082   0.999     6.82430   -10.34546     2.75249
    79  H   1.0   0.082   1.000    -0.87614    -2.87354    -4.18777
    80  H   1.0   0.081   0.999    -0.81974    -5.46459    -6.29221
    81  H   1.0   0.082   0.999    -2.25810    -5.77082    -3.29442
    82  H   1.0   0.076   1.005    -1.17305     8.55080     9.58872
    83  H   1.0   0.077   1.007     2.17106    14.27013     2.89240
    84  H   1.0   0.078   1.016     2.74639     4.62078    -0.92511
    85  H   1.0   0.076   1.013     4.50199   -27.01620    -2.42061
    86  H   1.0   0.077   1.007     3.53498   -37.06368     0.42864
    87  H   1.0   0.076   1.005    -1.25753   -31.98422     6.75134
    88  H   1.0   0.081   1.003     3.85109   -18.07027    -5.27819
    89  H   1.0   0.083   1.003     3.84498   -14.87389    -4.30843
    90  H   1.0   0.082   0.999     8.08630   -18.70929    -3.34102
    91  H   1.0   0.081   0.999     8.16002   -16.29268    -5.63809
    92  H   1.0   0.082   0.999     8.17296   -15.51918    -2.39026
    93  H   1.0   0.079   1.004     4.81284   -22.68096    -3.37613
    94  H   1.0   0.083   1.005     3.14005    -1.04410    -4.43002
    95  H   1.0   0.082   1.004     2.88474     2.19305    -3.76746
    96  H   1.0   0.081   0.999     7.13512    -1.26510    -1.92630
    97  H   1.0   0.082   0.999     7.34553     0.98975    -4.38707
    98  H   1.0   0.082   0.999     6.87808     1.98693    -1.24247
 
  Z AO/shell   Hii/eV     exponent
  1     Sat Feb 20 21:38:01 CET 2016    EN: 2.327 GAM: 0.473  GM3: 0.0000
     1s    -13.751157    1.051071
  6     Sat Feb 20 21:38:01 CET 2016    EN: 2.731 GAM: 0.422  GM3: 0.0000
     2s    -19.378245    2.021003
     2p    -11.993376    1.497917
  7     Sat Feb 20 21:38:01 CET 2016    EN: 3.573 GAM: 0.504  GM3: 0.0000
     2s    -21.576984    2.275442
     2p    -16.125120    2.056788
  8     Sat Feb 20 21:38:01 CET 2016    EN: 3.700 GAM: 0.587  GM3: 0.0000
     2s    -21.648843    2.110798
     2p    -17.239740    2.329048
  9     Sat Feb 20 21:51:24 CET 2016    EN: 3.394 GAM: 0.669  GM3: 0.0000
     2s    -19.384211    2.614957
     2p    -19.426034    2.777297
 16     Sat Feb 20 23:13:41 CET 2016    EN: 1.915 GAM: 0.389  GM3: 0.0000
     3s    -22.000000    2.671470
     3p    -15.834192    1.836978
     3d     -2.593599    1.836978
 
 dipole moment of classical point charges (au)
     X       Y       Z   
  -0.9220  -0.1884   1.6482  total (Debye):    4.824

 
 Nbf   :          335
 T(el) :   300.0
 calculating S/T integrals ...
 cpu time for ints   4.759500000000000E-002
 Nao   :          331
 making H0...
 making H1...
 cpu time for H      5.768999999999996E-003
 solving ...
 cpu time for diag   1.827599999999999E-002
 
 gap (eV)           :   1.367
 Koopmans IP (eV)   :  11.976
 Eel (Eh)           :  -270.448182
 T,E(Fermi),NFOD :    300.000   -11.292  0.000000
 T,E(Fermi),NFOD :    300.000   -11.292  0.000000
 Nfod               :  0.0000
 Nfod/Nel           :  0.0000

          eigenvalues
 #    :         160        161        162        163        164        165        166        167
 occ. :        2.000      2.000      2.000      2.000      2.000      2.000      2.000      2.000
 eps  :       -15.593    -15.573    -15.486    -15.285    -15.064    -14.554    -14.512    -14.474
 #    :         168        169        170        171        172        173        174        175
 occ. :        2.000      2.000      2.000      2.000      2.000      0.000      0.000      0.000
 eps  :       -14.160    -13.801    -13.370    -12.972    -11.977    -10.610     -9.774     -9.608
 #    :         176        177        178        179        180        181        182        183
 occ. :        0.000      0.000      0.000      0.000      0.000      0.000      0.000      0.000
 eps  :        -9.502     -9.322     -8.933     -8.667     -8.235     -7.973     -7.396     -7.219
                            1  SCC done.
 making H1...
 cpu time for H      2.300799999999999E-002
 solving ...
 cpu time for diag   1.381199999999999E-002
 
 gap (eV)           :   1.780
 Koopmans IP (eV)   :  12.287
 Eel (Eh)           :  -271.118092
 T,E(Fermi),NFOD :    300.000   -11.397  0.000000
 T,E(Fermi),NFOD :    300.000   -11.397  0.000000
 Nfod               :  0.0000
 Nfod/Nel           :  0.0000

          eigenvalues
 #    :         160        161        162        163        164        165        166        167
 occ. :        2.000      2.000      2.000      2.000      2.000      2.000      2.000      2.000
 eps  :       -15.488    -15.461    -15.293    -14.723    -14.677    -14.475    -14.263    -14.237
 #    :         168        169        170        171        172        173        174        175
 occ. :        2.000      2.000      2.000      2.000      2.000      0.000      0.000      0.000
 eps  :       -14.215    -13.983    -13.572    -13.224    -12.288    -10.508     -9.840     -9.753
 #    :         176        177        178        179        180        181        182        183
 occ. :        0.000      0.000      0.000      0.000      0.000      0.000      0.000      0.000
 eps  :        -9.361     -9.293     -9.184     -8.765     -8.327     -7.959     -7.543     -7.105
                            2  SCC done.
 
 
 Mulliken/CM5 charges    n(s)   n(p)   n(d)   
    1 C  -0.0295 -0.0356   1.200  2.830  0.000
    2 C  -0.0136 -0.0060   1.165  2.848  0.000
    3 S   0.1623  0.1333   1.892  3.882  0.064
    4 C  -0.0440 -0.0215   1.186  2.858  0.000
    5 C  -0.0071  0.0578   1.182  2.825  0.000
    6 N  -0.0988 -0.3559   1.303  3.796  0.000
    7 C   0.0257 -0.0243   1.149  2.825  0.000
    8 C   0.0206  0.0891   1.193  2.786  0.000
    9 C  -0.0040  0.0087   1.153  2.851  0.000
   10 C   0.0201  0.1082   1.204  2.775  0.000
   11 N  -0.1873 -0.3493   1.528  3.660  0.000
   12 S   0.2596  0.3953   1.909  3.679  0.152
   13 N  -0.2036 -0.3655   1.530  3.673  0.000
   14 C   0.0175  0.1054   1.205  2.778  0.000
   15 C  -0.0016  0.0110   1.156  2.845  0.000
   16 C   0.0164  0.0835   1.188  2.795  0.000
   17 N  -0.1030 -0.3568   1.328  3.775  0.000
   18 C   0.0221 -0.0285   1.151  2.827  0.000
   19 C  -0.0864 -0.2334   1.094  2.992  0.000
   20 C  -0.0046  0.0639   1.174  2.830  0.000
   21 C  -0.0435 -0.0216   1.168  2.875  0.000
   22 S   0.1524  0.1215   1.890  3.901  0.056
   23 C  -0.0423 -0.0208   1.159  2.883  0.000
   24 C  -0.0028  0.0683   1.180  2.822  0.000
   25 C  -0.0851 -0.2323   1.094  2.991  0.000
   26 C   0.1373  0.1730   1.172  2.691  0.000
   27 O  -0.2120 -0.2579   1.621  4.591  0.000
   28 C  -0.0207 -0.0223   1.183  2.837  0.000
   29 C  -0.0065 -0.0537   1.138  2.869  0.000
   30 C   0.1076  0.1243   1.162  2.730  0.000
   31 C   0.1069  0.1234   1.161  2.732  0.000
   32 F  -0.1139 -0.1371   1.675  5.439  0.000
   33 C  -0.0192 -0.0665   1.141  2.879  0.000
   34 C  -0.0061 -0.0091   1.167  2.839  0.000
   35 C   0.0181  0.0174   1.196  2.786  0.000
   36 C  -0.0001  0.0059   1.114  2.886  0.000
   37 C   0.1001  0.2168   1.172  2.728  0.000
   38 N  -0.2207 -0.3547   1.643  3.578  0.000
   39 C   0.0952  0.2143   1.171  2.734  0.000
   40 N  -0.2102 -0.3403   1.642  3.569  0.000
   41 C  -0.0290 -0.0310   1.169  2.860  0.000
   42 C  -0.0075 -0.0559   1.153  2.855  0.000
   43 C  -0.0010 -0.0487   1.151  2.850  0.000
   44 C  -0.0296 -0.0314   1.168  2.862  0.000
   45 C   0.0188  0.0182   1.195  2.786  0.000
   46 C   0.0006  0.0068   1.114  2.885  0.000
   47 C   0.0955  0.2146   1.171  2.733  0.000
   48 N  -0.2109 -0.3411   1.642  3.569  0.000
   49 C   0.1003  0.2179   1.172  2.728  0.000
   50 N  -0.2206 -0.3511   1.642  3.578  0.000
   51 C  -0.0054 -0.0085   1.168  2.838  0.000
   52 C  -0.0189 -0.0662   1.140  2.878  0.000
   53 C   0.1071  0.1236   1.161  2.732  0.000
   54 F  -0.1136 -0.1369   1.675  5.439  0.000
   55 C   0.1071  0.1238   1.162  2.731  0.000
   56 C  -0.0070 -0.0543   1.138  2.869  0.000
   57 C  -0.0205 -0.0221   1.183  2.838  0.000
   58 C   0.1376  0.1732   1.172  2.690  0.000
   59 O  -0.2148 -0.2607   1.621  4.594  0.000
   60 N  -0.0820 -0.3404   1.254  3.828  0.000
   61 C  -0.0024  0.0631   1.176  2.827  0.000
   62 C  -0.0494 -0.0276   1.182  2.868  0.000
   63 C   0.0347 -0.0129   1.143  2.822  0.000
   64 C  -0.0810 -0.2284   1.092  2.989  0.000
   65 C  -0.0590 -0.1056   1.146  2.913  0.000
   66 C  -0.0068 -0.0011   1.159  2.847  0.000
   67 S   0.1423  0.1135   1.894  3.900  0.064
   68 C  -0.0331 -0.1402   1.123  2.910  0.000
   69 C  -0.0868 -0.2383   1.096  2.991  0.000
   70 F  -0.1157 -0.1388   1.676  5.440  0.000
   71 F  -0.1160 -0.1390   1.676  5.440  0.000
   72 H   0.0538  0.1191   0.946  0.000  0.000
   73 H   0.0528  0.1259   0.947  0.000  0.000
   74 H   0.0536  0.1201   0.946  0.000  0.000
   75 H   0.0546  0.1270   0.945  0.000  0.000
   76 H   0.0335  0.0904   0.966  0.000  0.000
   77 H   0.0421  0.0944   0.958  0.000  0.000
   78 H   0.0324  0.0876   0.968  0.000  0.000
   79 H   0.0342  0.0903   0.966  0.000  0.000
   80 H   0.0419  0.0942   0.958  0.000  0.000
   81 H   0.0322  0.0871   0.968  0.000  0.000
   82 H   0.0604  0.1199   0.940  0.000  0.000
   83 H   0.0610  0.1261   0.939  0.000  0.000
   84 H   0.0664  0.1379   0.934  0.000  0.000
   85 H   0.0612  0.1296   0.939  0.000  0.000
   86 H   0.0611  0.1262   0.939  0.000  0.000
   87 H   0.0599  0.1194   0.940  0.000  0.000
   88 H   0.0501  0.1163   0.950  0.000  0.000
   89 H   0.0508  0.1183   0.949  0.000  0.000
   90 H   0.0345  0.0895   0.966  0.000  0.000
   91 H   0.0443  0.0965   0.956  0.000  0.000
   92 H   0.0325  0.0878   0.967  0.000  0.000
   93 H   0.0622  0.1214   0.938  0.000  0.000
   94 H   0.0448  0.1036   0.955  0.000  0.000
   95 H   0.0527  0.1120   0.947  0.000  0.000
   96 H   0.0276  0.0806   0.972  0.000  0.000
   97 H   0.0392  0.0913   0.961  0.000  0.000
   98 H   0.0319  0.0855   0.968  0.000  0.000
 
 Loewdin charges    n(s)   n(p)   n(d)
    1 C  -0.0263   1.160  2.866  0.000
    2 C   0.0056   1.122  2.873  0.000
    3 S   0.1178   1.879  3.882  0.121
    4 C  -0.0191   1.141  2.879  0.000
    5 C  -0.0179   1.151  2.867  0.000
    6 N  -0.0589   1.263  3.796  0.000
    7 C   0.0268   1.093  2.880  0.000
    8 C   0.0126   1.161  2.827  0.000
    9 C  -0.0119   1.115  2.897  0.000
   10 C   0.0145   1.171  2.815  0.000
   11 N  -0.1482   1.490  3.658  0.000
   12 S   0.1947   1.901  3.686  0.218
   13 N  -0.1637   1.493  3.671  0.000
   14 C   0.0117   1.171  2.817  0.000
   15 C  -0.0076   1.118  2.890  0.000
   16 C   0.0066   1.156  2.837  0.000
   17 N  -0.0641   1.288  3.776  0.000
   18 C   0.0228   1.095  2.883  0.000
   19 C  -0.0887   1.022  3.067  0.000
   20 C  -0.0168   1.144  2.873  0.000
   21 C  -0.0214   1.124  2.897  0.000
   22 S   0.1115   1.876  3.901  0.111
   23 C  -0.0249   1.117  2.908  0.000
   24 C  -0.0134   1.150  2.864  0.000
   25 C  -0.0876   1.021  3.067  0.000
   26 C   0.1281   1.138  2.734  0.000
   27 O  -0.1937   1.590  4.604  0.000
   28 C  -0.0226   1.143  2.880  0.000
   29 C  -0.0040   1.085  2.919  0.000
   30 C   0.0959   1.128  2.776  0.000
   31 C   0.0958   1.127  2.777  0.000
   32 F  -0.0962   1.658  5.438  0.000
   33 C  -0.0186   1.088  2.930  0.000
   34 C  -0.0025   1.125  2.878  0.000
   35 C   0.0294   1.152  2.818  0.000
   36 C  -0.0122   1.073  2.939  0.000
   37 C   0.0948   1.138  2.767  0.000
   38 N  -0.2096   1.604  3.605  0.000
   39 C   0.0894   1.137  2.773  0.000
   40 N  -0.1995   1.604  3.596  0.000
   41 C  -0.0376   1.132  2.906  0.000
   42 C  -0.0017   1.100  2.902  0.000
   43 C   0.0055   1.098  2.897  0.000
   44 C  -0.0384   1.130  2.908  0.000
   45 C   0.0299   1.151  2.819  0.000
   46 C  -0.0116   1.073  2.939  0.000
   47 C   0.0896   1.137  2.773  0.000
   48 N  -0.2002   1.604  3.597  0.000
   49 C   0.0948   1.138  2.768  0.000
   50 N  -0.2095   1.604  3.605  0.000
   51 C  -0.0019   1.125  2.877  0.000
   52 C  -0.0183   1.088  2.930  0.000
   53 C   0.0960   1.127  2.777  0.000
   54 F  -0.0960   1.658  5.438  0.000
   55 C   0.0953   1.128  2.776  0.000
   56 C  -0.0045   1.085  2.920  0.000
   57 C  -0.0224   1.142  2.880  0.000
   58 C   0.1285   1.138  2.734  0.000
   59 O  -0.1960   1.589  4.607  0.000
   60 N  -0.0399   1.212  3.828  0.000
   61 C  -0.0106   1.143  2.867  0.000
   62 C  -0.0279   1.138  2.890  0.000
   63 C   0.0357   1.086  2.878  0.000
   64 C  -0.0836   1.019  3.064  0.000
   65 C  -0.0558   1.095  2.961  0.000
   66 C   0.0153   1.114  2.870  0.000
   67 S   0.0978   1.881  3.900  0.121
   68 C  -0.0281   1.061  2.967  0.000
   69 C  -0.0881   1.023  3.065  0.000
   70 F  -0.0980   1.659  5.439  0.000
   71 F  -0.0983   1.659  5.439  0.000
   72 H   0.0484   0.952  0.000  0.000
   73 H   0.0474   0.953  0.000  0.000
   74 H   0.0486   0.951  0.000  0.000
   75 H   0.0491   0.951  0.000  0.000
   76 H   0.0331   0.967  0.000  0.000
   77 H   0.0417   0.958  0.000  0.000
   78 H   0.0316   0.968  0.000  0.000
   79 H   0.0338   0.966  0.000  0.000
   80 H   0.0415   0.959  0.000  0.000
   81 H   0.0315   0.969  0.000  0.000
   82 H   0.0489   0.951  0.000  0.000
   83 H   0.0496   0.950  0.000  0.000
   84 H   0.0573   0.943  0.000  0.000
   85 H   0.0512   0.949  0.000  0.000
   86 H   0.0497   0.950  0.000  0.000
   87 H   0.0485   0.952  0.000  0.000
   88 H   0.0437   0.956  0.000  0.000
   89 H   0.0457   0.954  0.000  0.000
   90 H   0.0336   0.966  0.000  0.000
   91 H   0.0436   0.956  0.000  0.000
   92 H   0.0327   0.967  0.000  0.000
   93 H   0.0528   0.947  0.000  0.000
   94 H   0.0418   0.958  0.000  0.000
   95 H   0.0485   0.951  0.000  0.000
   96 H   0.0277   0.972  0.000  0.000
   97 H   0.0382   0.962  0.000  0.000
   98 H   0.0314   0.969  0.000  0.000
 
 Wiberg/Mayer (AO) data. WBOs > 0.1 written file <wbo>
 largest (>0.05) Wiberg bond orders for each atom
           total WBO             WBO to atom ...
     1  C   3.917    C    5 1.334    C    2 1.321    C   68 0.981    S    3 0.074    C   41 0.065
     2  C   3.911    C    1 1.321    C   42 1.295    S    3 1.065    C    4 0.055
     3  S   2.590    C    4 1.145    C    2 1.065    C    1 0.074    O   27 0.059
     4  C   3.919    C    5 1.276    C    9 1.205    S    3 1.145    C    2 0.055
     5  C   3.897    C    1 1.334    C    4 1.276    N    6 1.045
     6  N   3.371    C    8 1.082    C    5 1.045    C    7 0.946
     7  C   3.933    C   25 1.001    H   72 0.966    H   73 0.966    N    6 0.946
     8  C   3.889    C    9 1.272    C   16 1.270    N    6 1.082
     9  C   3.921    C    8 1.272    C    4 1.205    C   10 1.162
    10  C   3.926    N   11 1.427    C    9 1.162    C   14 1.104    S   12 0.071
    11  N   3.081    C   10 1.427    S   12 1.294    N   13 0.202
    12  S   2.832    N   11 1.294    N   13 1.292    C   14 0.075    C   10 0.071
    13  N   3.073    C   14 1.427    S   12 1.292    N   11 0.202
    14  C   3.926    N   13 1.427    C   15 1.159    C   10 1.104    S   12 0.075
    15  C   3.917    C   16 1.289    C   21 1.195    C   14 1.159
    16  C   3.896    C   15 1.289    C    8 1.270    N   17 1.059
    17  N   3.340    C   16 1.059    C   20 1.046    C   18 0.942
    18  C   3.932    C   19 1.001    H   75 0.965    H   74 0.965    N   17 0.942
    19  C   3.981    C   18 1.001    H   78 0.984    H   76 0.982    H   77 0.975
    20  C   3.895    C   21 1.331    C   24 1.260    N   17 1.046    S   22 0.061
    21  C   3.891    C   20 1.331    C   15 1.195    S   22 1.116    C   23 0.052
    22  S   2.519    C   21 1.116    C   23 1.091    C   20 0.061    C   24 0.054
    23  C   3.908    C   62 1.283    C   24 1.280    S   22 1.091    C   21 0.052
    24  C   3.880    C   23 1.280    C   20 1.260    N   60 1.089    S   22 0.054
    25  C   3.981    C    7 1.001    H   81 0.985    H   79 0.982    H   80 0.975
    26  C   3.908    O   27 1.757    C   41 1.031    C   28 0.976
    27  O   2.181    C   26 1.757    C   41 0.064    S    3 0.059    C   28 0.057
    28  C   3.937    C   29 1.394    C   34 1.273    C   26 0.976    C   31 0.087    O   27 0.057
    29  C   3.962    C   28 1.394    C   30 1.385    H   82 0.941    C   33 0.088
    30  C   3.902    C   29 1.385    C   31 1.335    F   70 0.980    C   34 0.087
    31  C   3.911    C   33 1.393    C   30 1.335    F   32 0.982    C   28 0.087
    32  F   1.111    C   31 0.982
    33  C   3.956    C   31 1.393    C   34 1.380    H   83 0.934    C   29 0.088
    34  C   3.949    C   33 1.380    C   28 1.273    C   35 1.043    C   30 0.087
    35  C   3.930    C   36 1.457    C   41 1.110    C   34 1.043    N   38 0.089    N   40 0.089
    36  C   3.936    C   35 1.457    C   37 1.066    C   39 1.062    N   38 0.081    N   40 0.081
    37  C   3.938    N   38 2.770    C   36 1.066
    38  N   3.039    C   37 2.770    C   35 0.089    C   36 0.081
    39  C   3.939    N   40 2.786    C   36 1.062
    40  N   3.044    C   39 2.786    C   35 0.089    C   36 0.081
    41  C   3.909    C   42 1.465    C   35 1.110    C   26 1.031    C    1 0.065    O   27 0.064
    42  C   3.928    C   41 1.465    C    2 1.295    H   84 0.912
    43  C   3.924    C   44 1.463    C   66 1.291    H   85 0.918
    44  C   3.906    C   43 1.463    C   45 1.111    C   58 1.034    C   65 0.065    O   59 0.064
    45  C   3.929    C   46 1.457    C   44 1.111    C   51 1.042    N   50 0.089    N   48 0.089
    46  C   3.935    C   45 1.457    C   49 1.065    C   47 1.062    N   50 0.081    N   48 0.080
    47  C   3.939    N   48 2.786    C   46 1.062
    48  N   3.043    C   47 2.786    C   45 0.089    C   46 0.080
    49  C   3.938    N   50 2.774    C   46 1.065
    50  N   3.038    C   49 2.774    C   45 0.089    C   46 0.081
    51  C   3.949    C   52 1.381    C   57 1.273    C   45 1.042    C   55 0.087
    52  C   3.956    C   53 1.392    C   51 1.381    H   86 0.934    C   56 0.088
    53  C   3.911    C   52 1.392    C   55 1.336    F   54 0.983    C   57 0.087
    54  F   1.111    C   53 0.983
    55  C   3.902    C   56 1.385    C   53 1.336    F   71 0.980    C   51 0.087
    56  C   3.961    C   57 1.393    C   55 1.385    H   87 0.941    C   52 0.088
    57  C   3.937    C   56 1.393    C   51 1.273    C   58 0.978    C   53 0.087    O   59 0.056
    58  C   3.906    O   59 1.750    C   44 1.034    C   57 0.978
    59  O   2.182    C   58 1.750    S   67 0.066    C   44 0.064    C   57 0.056
    60  N   3.434    C   24 1.089    C   61 1.070    C   63 0.951
    61  C   3.898    C   65 1.379    C   62 1.234    N   60 1.070
    62  C   3.919    C   23 1.283    C   61 1.234    S   67 1.117    C   66 0.054
    63  C   3.935    C   64 1.004    H   88 0.969    H   89 0.965    N   60 0.951
    64  C   3.982    C   63 1.004    H   90 0.984    H   92 0.982    H   91 0.975
    65  C   3.945    C   61 1.379    C   66 1.363    H   93 0.936    S   67 0.075    C   44 0.065
    66  C   3.908    C   65 1.363    C   43 1.291    S   67 1.061    C   62 0.054
    67  S   2.558    C   62 1.117    C   66 1.061    C   65 0.075    O   59 0.066
    68  C   3.970    C   69 0.986    C    1 0.981    H   94 0.961    H   95 0.959
    69  C   3.980    C   68 0.986    H   96 0.985    H   98 0.984    H   97 0.978
    70  F   1.107    C   30 0.980
    71  F   1.107    C   55 0.980
    72  H   0.996    C    7 0.966
    73  H   0.996    C    7 0.966
    74  H   0.996    C   18 0.965
    75  H   0.996    C   18 0.965
    76  H   0.999    C   19 0.982
    77  H   0.998    C   19 0.975
    78  H   0.999    C   19 0.984
    79  H   0.999    C   25 0.982
    80  H   0.998    C   25 0.975
    81  H   0.999    C   25 0.985
    82  H   0.995    C   29 0.941
    83  H   0.994    C   33 0.934
    84  H   0.993    C   42 0.912
    85  H   0.993    C   43 0.918
    86  H   0.994    C   52 0.934
    87  H   0.995    C   56 0.941
    88  H   0.996    C   63 0.969
    89  H   0.996    C   63 0.965
    90  H   0.999    C   64 0.984
    91  H   0.997    C   64 0.975
    92  H   0.999    C   64 0.982
    93  H   0.994    C   65 0.936
    94  H   0.997    C   68 0.961
    95  H   0.996    C   68 0.959
    96  H   0.999    C   69 0.985
    97  H   0.995    C   69 0.978
    98  H   0.999    C   69 0.984
 
 --------------------------------------------
          xTB calculation for sTDA...
 --------------------------------------------
 
 reading parameter file /ihome/ghutchison/blp62/xtb4stda/.param_stda2.xtb
 
      method parameters     
 k(s)        :  1.6000
 k(p)        :  2.1800
 k(d)        :  1.9500
 k(f)        :  2.0000
 k(R-V)      :  2.2750
 k(R-R)      :  1.7650
 Tscal       :  0.2580
 Gscal       :  1.0000
 fpol        :  1.0000
 Zcnf        :  0.3430
 Zqf         :  0.0000
 kcn         :  2.7000
 Ryd Hsplit  :  0.7000
 lshift(virt):  3.1000
 lshift(OS)  :  0.2000
 wllscaling  :  2.6000
 
 mowrcut     : 3.000
 
  Z AO/shell   Hii/eV     exponent
  1     Sun Feb 14 09:53:25 CET 2016    EN: 2.327 GAM: 0.473  GM3: 0.0000
     1s    -14.339618    1.220000
     2sp    -3.348946    0.600000
  6     Sun Feb 14 09:53:25 CET 2016    EN: 2.731 GAM: 0.422  GM3: 0.0000
     2s    -22.009312    1.565095
     2p    -13.020408    1.596905
     3sp    -3.914040    0.824500
  7     Sun Feb 14 09:53:25 CET 2016    EN: 3.573 GAM: 0.504  GM3: 0.0000
     2s    -25.722000    2.064844
     2p    -18.684912    1.801692
     3sp    -4.344791    0.921400
  8     Sun Feb 14 09:53:25 CET 2016    EN: 3.700 GAM: 0.587  GM3: 0.0000
     2s    -33.859000    2.418661
     2p    -22.175911    1.973969
     3sp    -4.259392    1.013700
  9     Sun Feb 21 12:20:01 CET 2016    EN: 3.394 GAM: 0.600  GM3: 0.0000
     2s    -26.548112    1.943768
     2p    -23.081168    2.552035
     3sp    -1.937199    1.103200
 16     Sun Feb 21 16:35:57 CET 2016    EN: 1.915 GAM: 0.200  GM3: 0.0000
     3s    -17.898811    2.619580
     3p    -15.317401    1.798798
     4sp    -4.455139    0.843200
 
 Nbf   :          703
 T(el) :     0.0
 calculating S/T integrals ...
 cpu time for ints   0.603094000000000     
 Nao   :          703
 making H0...
 making H1...
 cpu time for H      1.432400000000000E-002
 solving ...
 cpu time for diag   0.311678000000000     
 
 gap (eV)           :   4.725
 Koopmans IP (eV)   :  13.809
 Eel (Eh)           :  -303.866052

          eigenvalues
 #    :         160        161        162        163        164        165        166        167
 occ. :        2.000      2.000      2.000      2.000      2.000      2.000      2.000      2.000
 eps  :       -16.939    -16.684    -16.623    -16.540    -16.234    -16.176    -16.124    -15.653
 #    :         168        169        170        171        172        173        174        175
 occ. :        2.000      2.000      2.000      2.000      2.000      0.000      0.000      0.000
 eps  :       -15.459    -14.725    -14.625    -14.113    -13.810     -9.085     -8.900     -8.698
 #    :         176        177        178        179        180        181        182        183
 occ. :        0.000      0.000      0.000      0.000      0.000      0.000      0.000      0.000
 eps  :        -8.556     -7.325     -6.793     -6.690     -5.996     -5.827     -5.522     -5.505
                            1  SCC done.
 writing mo output ...
 molden style : F
 
speedup  0.99
cpu  time for all    1.09 s
wall time for all    1.10 s
