 
        ______________________________________
       |                                      |
       |          ===================         |
       |             xTB for sTDA             |
       |          ===================         |
       |               S. Grimme              |
       |        Universitaet Bonn, MCTC       |
       |         2015-19, Version 1.0         |
       |     Wed Apr  3 09:14:55 CEST 2019    |
       |______________________________________|
 
        This code comes without any warranty
        for non-commercial, academia use only.
        Preliminary test version.
        Cite this work as:
        S. Grimme  &  C. Bannwarth, JCP 145 (2016) 054103
        if GBSA is used additionally:
        P. Shushkov, F. März, C. Bannwarth, S. Grimme, unpublished.
 
        with help from
        P. Shushkov, G. Brandenburg, S. Dohm, J. Pisarek,
        F. März, M. Checinski, S. Ehrlich, S. Spicher, 
        P. Pracht, E. Caldeweyher, S. Ehlert, and C. Bannwarth.
 
        usage        :
        xtb4stda <coord_file> [options]
        where <coord_file> is a valid file of TM)
        (*coord, Bohr) or xmol (*xyz, Angstroem)
        format.

        options:
        -chrg <int>   : molecular charge
        -uhf  <int>   : # of unpaired electrons(=2*S)
        -nox          : skip second, extended part in sTDA-xTB
        -pop          : do population analysis
                      : (default for -nox)
        -mowr <real>  : cut MO write above (def.3 Eh)
        -molden       : write formatted molden file
        -parx <file>  : read parameters for sTDA-xTB
                        calc (def:~/.param_stda2.xtb)
        -parv <file>  : read parameters for vTB part in
                        sTDA-xTB (def: ~/.param_stda1.xtb)
        -xtemp <real> : el. temp for xTB (def. 0 K)
        -etemp <real> : el. temp for GFN (def. 300 K)
        -fod          : calculate the FOD and write
                        molden.input file with
                        appropriate occupations
                        for plotting. Def. T=12500 K
 
        -acc <real>   : xTB accuracy (def. 1.0)
        -gbsa [string1] [string2]
                        use GBSA implicit solvent
                        for solvent [string1] and
                        solvation state [string2]=
                        reference, bar1M (default=1M)
        additional GFN/opt/MD/siman options read from
        $XTB4STDAHOME/.xtb4stdarc or $set in input
 
       spin and charge state information can be on:
       <.CHRG> (charge) and <.UHF> (=nalpha-nbeta)
       -uhf and -chrg override the file info.
       useful machine settings:
       setenv MKL_NUM_THREADS <NCORE_ON_YOUR_MACHINE>
       setenv OMP_STACKSIZE 500m
       limit stacksize unlimited
 
       total energies in Eh, gaps/HL energies in eV
       please read REVISION and HOWTO files carefully
 =============================
  # OMP threads =           1
 =============================
 
 xtb4stdahome directory:/ihome/ghutchison/blp62/xtb4stda/
 
 
 name of molecule           :
 comment line               :
 number of atoms            :    94
 number of electrons        :   330
 charge                     :  0
 spin                       : 0.0
 first test random number   :  0.2989
 
 -----------------------------------------
      charge density (VTB) calculation
 -----------------------------------------
 
      method parameters     
 k(s)        :  1.8000
 k(p)        :  2.8350
 k(d)        :  2.0860
 k(f)        :  2.0000
 Tscal       :  0.3300
 Gscal       :  0.3910
 fpol        :  1.0000
 Zcnf        :  0.6500
 Zqf         :  0.0000
 kcn         :  0.3000
 kEN1        : -0.5900
 wllscal     :  2.6000
 
     -------------------------
     ! NO SOLVENT MODEL USED !
     -------------------------
 
 doing EN charges ...
 sum q : -0.7771561D-15
 point charge moment (au)
     X       Y       Z   
   0.6040   0.2963   0.6331  total (Debye):    2.348
 
            Z      q(EN)   CN      Cart. coordinates
     1  C   4.0   0.103   3.240    -7.59940    33.61140   -45.69292
     2  O   6.0  -0.122   1.227    -6.90253    31.78885   -44.46834
     3  C   4.0  -0.005   3.353    -8.30738    33.59868   -48.39106
     4  C   4.0  -0.076   3.247    -8.31830    31.59810   -50.06135
     5  C   4.0  -0.077   3.235    -9.04900    32.05512   -52.54156
     6  CL  7.0   0.082   1.275    -9.08391    29.61806   -54.68440
     7  C   4.0  -0.076   3.236    -9.75080    34.48950   -53.29441
     8  CL  7.0   0.082   1.282   -10.64577    35.03123   -56.36677
     9  C   4.0  -0.078   3.257    -9.73821    36.49983   -51.59950
    10  C   4.0  -0.005   3.350    -9.00983    36.05207   -49.12646
    11  C   4.0  -0.008   3.325    -8.79044    37.73249   -46.94130
    12  C   4.0  -0.037   3.119    -9.34586    40.26465   -46.95333
    13  C   4.0   0.234   2.162    -9.15982    41.91558   -44.86944
    14  N   5.0  -0.215   1.028    -9.06297    43.38200   -43.27040
    15  C   4.0   0.236   2.165   -10.20317    41.59515   -49.09945
    16  N   5.0  -0.215   1.027   -10.90255    42.79563   -50.76534
    17  C   4.0  -0.004   3.279    -7.89820    36.22339   -44.83786
    18  C   4.0  -0.074   3.203    -7.38112    37.13040   -42.45554
    19  C   4.0  -0.079   3.221    -6.47839    35.91346   -40.29606
    20  S   6.0   0.227   2.679    -5.75520    32.66249   -40.09823
    21  C   4.0  -0.095   3.398    -4.82701    33.03496   -37.00168
    22  C   4.0  -0.104   3.480    -5.07293    35.55252   -36.18115
    23  C   4.0  -0.008   3.391    -6.00235    37.18660   -38.00793
    24  C   4.0  -0.174   4.063    -6.50277    39.91807   -37.50607
    25  C   4.0  -0.243   4.030    -9.28331    40.34397   -36.82590
    26  S   6.0   0.226   2.426    -4.07573    36.03170   -33.05498
    27  C   4.0  -0.088   3.399    -3.31323    32.85956   -32.88045
    28  C   4.0   0.072   3.696    -3.84402    31.50532   -35.08802
    29  N   5.0  -0.289   3.264    -3.18447    29.01557   -34.79758
    30  C   4.0  -0.102   4.099    -2.73242    27.60479   -37.10068
    31  C   4.0   0.097   3.439    -2.17914    28.73724   -32.38710
    32  C   4.0   0.007   3.426    -2.20825    31.15650   -31.18506
    33  C   4.0   0.074   3.664    -1.09268    31.58642   -28.79937
    34  N   5.0  -0.298   2.147    -0.91361    33.72910   -27.51958
    35  S   6.0   0.428   2.898     0.69117    33.19608   -24.97006
    36  N   5.0  -0.300   2.149     1.20964    30.21521   -25.39996
    37  C   4.0   0.075   3.664     0.14469    29.52802   -27.55582
    38  C   4.0   0.008   3.423    -0.02815    27.09550   -28.63838
    39  C   4.0   0.101   3.433    -1.29252    26.63200   -30.96781
    40  N   5.0  -0.290   3.270    -1.43360    24.04421   -31.30901
    41  C   4.0  -0.094   4.076    -2.85363    22.67127   -33.18513
    42  C   4.0  -0.240   4.024    -1.15722    21.62731   -35.28322
    43  C   4.0   0.076   3.627    -0.25279    22.86923   -29.29836
    44  C   4.0  -0.094   3.404     0.68117    24.74582   -27.65652
    45  S   6.0   0.235   2.606     2.21688    23.59801   -25.06737
    46  C   4.0  -0.081   3.233     1.58213    20.49881   -26.12984
    47  C   4.0   0.005   3.343     0.20758    20.42271   -28.42163
    48  C   4.0  -0.003   3.276     3.72726    17.96929   -22.67923
    49  C   4.0  -0.008   3.325     4.41510    15.52741   -21.64775
    50  C   4.0  -0.037   3.119     3.84196    13.18232   -22.59830
    51  C   4.0   0.235   2.167     4.58092    10.88593   -21.46264
    52  N   5.0  -0.215   1.027     5.10531     8.94466   -20.64807
    53  C   4.0   0.234   2.165     2.45438    12.68211   -24.81645
    54  N   5.0  -0.214   1.028     1.35327    12.09554   -26.59513
    55  C   4.0  -0.005   3.348     5.88647    15.98224   -19.35183
    56  C   4.0  -0.078   3.258     7.01367    14.33990   -17.65389
    57  C   4.0  -0.076   3.236     8.33396    15.34549   -15.61533
    58  CL  7.0   0.082   1.282     9.74114    13.32067   -13.50370
    59  C   4.0  -0.077   3.235     8.53459    17.95704   -15.26261
    60  CL  7.0   0.082   1.276    10.18355    19.13169   -12.72674
    61  C   4.0  -0.076   3.247     7.40394    19.61026   -16.96125
    62  C   4.0  -0.005   3.352     6.09793    18.60228   -18.97824
    63  C   4.0   0.104   3.234     4.75427    19.94407   -21.02761
    64  O   6.0  -0.120   1.192     4.57046    22.22206   -21.25645
    65  C   4.0  -0.239   4.028    -0.04895    28.05377   -38.06460
    66  C   4.0  -0.174   4.056    -0.73694    17.99243   -29.52986
    67  C   4.0  -0.242   4.029    -3.17287    17.14523   -28.21208
    68  C   4.0  -0.074   3.206     2.35941    18.31269   -24.86244
    69  H   1.0   0.076   1.006    -7.77111    29.73121   -49.45403
    70  H   1.0   0.078   1.009   -10.29064    38.34713   -52.25359
    71  H   1.0   0.077   1.015    -7.69793    39.13008   -42.17988
    72  H   1.0   0.081   1.006    -5.32386    40.50793   -35.91896
    73  H   1.0   0.082   1.004    -6.01443    41.07672   -39.13975
    74  H   1.0   0.081   0.999    -9.78527    39.25753   -35.15533
    75  H   1.0   0.082   0.999    -9.60581    42.33412   -36.44241
    76  H   1.0   0.082   0.999   -10.50813    39.77435   -38.37434
    77  H   1.0   0.087   1.006    -3.07423    25.60276   -36.84297
    78  H   1.0   0.083   1.011    -4.08916    28.30057   -38.49407
    79  H   1.0   0.082   1.004    -3.81881    21.10991   -32.23690
    80  H   1.0   0.083   1.004    -4.32263    23.91345   -33.92851
    81  H   1.0   0.082   0.999     0.16706    20.25358   -34.52341
    82  H   1.0   0.081   0.999    -2.30081    20.70557   -36.71951
    83  H   1.0   0.083   1.000    -0.04725    23.11267   -36.16223
    84  H   1.0   0.078   1.009     6.90540    12.31723   -17.85997
    85  H   1.0   0.076   1.006     7.54168    21.62890   -16.71643
    86  H   1.0   0.082   1.000     0.24143    30.05063   -38.45379
    87  H   1.0   0.081   0.999     1.33834    27.45924   -36.66653
    88  H   1.0   0.082   0.999     0.25404    27.00164   -39.80097
    89  H   1.0   0.084   1.005    -1.10540    18.20487   -31.53914
    90  H   1.0   0.082   1.004     0.67678    16.50458   -29.33739
    91  H   1.0   0.081   0.999    -4.64753    18.56553   -28.41179
    92  H   1.0   0.082   0.999    -3.83277    15.38315   -29.03378
    93  H   1.0   0.082   0.999    -2.84479    16.84202   -26.20763
    94  H   1.0   0.078   1.017     1.79083    16.58273   -25.78540
 
  Z AO/shell   Hii/eV     exponent
  1     Sat Feb 20 21:38:01 CET 2016    EN: 2.327 GAM: 0.473  GM3: 0.0000
     1s    -13.751157    1.051071
  6     Sat Feb 20 21:38:01 CET 2016    EN: 2.731 GAM: 0.422  GM3: 0.0000
     2s    -19.378245    2.021003
     2p    -11.993376    1.497917
  7     Sat Feb 20 21:38:01 CET 2016    EN: 3.573 GAM: 0.504  GM3: 0.0000
     2s    -21.576984    2.275442
     2p    -16.125120    2.056788
  8     Sat Feb 20 21:38:01 CET 2016    EN: 3.700 GAM: 0.587  GM3: 0.0000
     2s    -21.648843    2.110798
     2p    -17.239740    2.329048
 16     Sat Feb 20 23:13:41 CET 2016    EN: 1.915 GAM: 0.389  GM3: 0.0000
     3s    -22.000000    2.671470
     3p    -15.834192    1.836978
     3d     -2.593599    1.836978
 17     Sat Feb 20 23:13:41 CET 2016    EN: 2.375 GAM: 0.431  GM3: 0.0000
     3s    -21.000000    2.596786
     3p    -17.375270    2.088291
     3d     -1.372943    2.088291
 
 dipole moment of classical point charges (au)
     X       Y       Z   
   0.6040   0.2963   0.6331  total (Debye):    2.348

 
 Nbf   :          346
 T(el) :   300.0
 calculating S/T integrals ...
 cpu time for ints   5.359600000000000E-002
 Nao   :          338
 making H0...
 making H1...
 cpu time for H      6.420999999999996E-003
 solving ...
 cpu time for diag   1.881400000000000E-002
 
 gap (eV)           :   1.610
 Koopmans IP (eV)   :  12.127
 Eel (Eh)           :  -258.011736
 T,E(Fermi),NFOD :    300.000   -11.322  0.000000
 T,E(Fermi),NFOD :    300.000   -11.322  0.000000
 Nfod               :  0.0000
 Nfod/Nel           :  0.0000

          eigenvalues
 #    :         153        154        155        156        157        158        159        160
 occ. :        2.000      2.000      2.000      2.000      2.000      2.000      2.000      2.000
 eps  :       -15.510    -15.495    -15.318    -15.145    -14.967    -14.873    -14.367    -14.018
 #    :         161        162        163        164        165        166        167        168
 occ. :        2.000      2.000      2.000      2.000      2.000      0.000      0.000      0.000
 eps  :       -14.013    -13.905    -13.526    -13.106    -12.128    -10.518     -9.769     -9.537
 #    :         169        170        171        172        173        174        175        176
 occ. :        0.000      0.000      0.000      0.000      0.000      0.000      0.000      0.000
 eps  :        -9.442     -9.261     -8.837     -8.742     -8.265     -7.520     -7.410     -7.171
                            1  SCC done.
 making H1...
 cpu time for H      2.374900000000001E-002
 solving ...
 cpu time for diag   1.421300000000000E-002
 
 gap (eV)           :   1.990
 Koopmans IP (eV)   :  12.423
 Eel (Eh)           :  -259.161382
 T,E(Fermi),NFOD :    300.000   -11.428  0.000000
 T,E(Fermi),NFOD :    300.000   -11.428  0.000000
 Nfod               :  0.0000
 Nfod/Nel           :  0.0000

          eigenvalues
 #    :         153        154        155        156        157        158        159        160
 occ. :        2.000      2.000      2.000      2.000      2.000      2.000      2.000      2.000
 eps  :       -15.563    -15.254    -15.148    -15.006    -14.550    -14.319    -14.193    -14.128
 #    :         161        162        163        164        165        166        167        168
 occ. :        2.000      2.000      2.000      2.000      2.000      0.000      0.000      0.000
 eps  :       -14.110    -14.089    -13.648    -13.397    -12.424    -10.434     -9.827     -9.695
 #    :         169        170        171        172        173        174        175        176
 occ. :        0.000      0.000      0.000      0.000      0.000      0.000      0.000      0.000
 eps  :        -9.420     -9.237     -8.988     -8.936     -8.323     -7.702     -7.386     -7.342
                            2  SCC done.
 
 
 Mulliken/CM5 charges    n(s)   n(p)   n(d)   
    1 C   0.1357  0.1711   1.174  2.691  0.000
    2 O  -0.2269 -0.2730   1.621  4.606  0.000
    3 C  -0.0276 -0.0294   1.184  2.844  0.000
    4 C  -0.0249 -0.0737   1.147  2.878  0.000
    5 C   0.0609  0.0571   1.152  2.787  0.000
    6 CL -0.0306 -0.0315   1.898  5.130  0.002
    7 C   0.0623  0.0583   1.152  2.786  0.000
    8 CL -0.0262 -0.0272   1.897  5.127  0.002
    9 C  -0.0345 -0.0834   1.150  2.884  0.000
   10 C  -0.0104 -0.0137   1.170  2.840  0.000
   11 C   0.0155  0.0148   1.196  2.788  0.000
   12 C   0.0059  0.0121   1.114  2.880  0.000
   13 C   0.0973  0.2145   1.172  2.730  0.000
   14 N  -0.2129 -0.3462   1.642  3.571  0.000
   15 C   0.0950  0.2141   1.172  2.733  0.000
   16 N  -0.2093 -0.3395   1.642  3.568  0.000
   17 C  -0.0284 -0.0303   1.169  2.859  0.000
   18 C  -0.0024 -0.0505   1.152  2.850  0.000
   19 C  -0.0159 -0.0083   1.168  2.848  0.000
   20 S   0.1194  0.0876   1.894  3.921  0.066
   21 C  -0.0585 -0.0409   1.186  2.872  0.000
   22 C  -0.0499 -0.0367   1.173  2.877  0.000
   23 C  -0.0163 -0.0243   1.195  2.821  0.000
   24 C  -0.0261 -0.1321   1.122  2.904  0.000
   25 C  -0.0842 -0.2357   1.095  2.989  0.000
   26 S   0.1268  0.0941   1.893  3.931  0.049
   27 C  -0.0447 -0.0227   1.171  2.873  0.000
   28 C  -0.0003  0.0688   1.170  2.831  0.000
   29 N  -0.0888 -0.3443   1.289  3.799  0.000
   30 C   0.0267 -0.0235   1.148  2.825  0.000
   31 C   0.0219  0.0900   1.189  2.790  0.000
   32 C  -0.0057  0.0073   1.156  2.850  0.000
   33 C   0.0133  0.1014   1.204  2.783  0.000
   34 N  -0.2049 -0.3665   1.533  3.672  0.000
   35 S   0.2523  0.3873   1.910  3.688  0.150
   36 N  -0.1861 -0.3483   1.529  3.657  0.000
   37 C   0.0169  0.1051   1.203  2.780  0.000
   38 C  -0.0076  0.0057   1.151  2.856  0.000
   39 C   0.0253  0.0944   1.190  2.785  0.000
   40 N  -0.0922 -0.3489   1.261  3.831  0.000
   41 C   0.0297 -0.0194   1.146  2.824  0.000
   42 C  -0.0854 -0.2345   1.095  2.991  0.000
   43 C  -0.0025  0.0637   1.178  2.825  0.000
   44 C  -0.0477 -0.0247   1.183  2.865  0.000
   45 S   0.1581  0.1292   1.892  3.886  0.064
   46 C  -0.0126 -0.0050   1.166  2.847  0.000
   47 C  -0.0333 -0.0392   1.201  2.833  0.000
   48 C  -0.0270 -0.0291   1.171  2.856  0.000
   49 C   0.0168  0.0161   1.197  2.786  0.000
   50 C  -0.0002  0.0058   1.114  2.886  0.000
   51 C   0.0948  0.2138   1.172  2.733  0.000
   52 N  -0.2125 -0.3426   1.642  3.571  0.000
   53 C   0.0989  0.2156   1.173  2.728  0.000
   54 N  -0.2212 -0.3556   1.642  3.579  0.000
   55 C  -0.0122 -0.0154   1.170  2.842  0.000
   56 C  -0.0363 -0.0852   1.150  2.886  0.000
   57 C   0.0604  0.0564   1.152  2.788  0.000
   58 CL -0.0286 -0.0296   1.898  5.129  0.002
   59 C   0.0619  0.0581   1.152  2.786  0.000
   60 CL -0.0303 -0.0311   1.898  5.130  0.002
   61 C  -0.0232 -0.0720   1.147  2.876  0.000
   62 C  -0.0261 -0.0279   1.185  2.841  0.000
   63 C   0.1352  0.1709   1.173  2.692  0.000
   64 O  -0.2117 -0.2577   1.621  4.591  0.000
   65 C  -0.0843 -0.2312   1.094  2.990  0.000
   66 C  -0.0361 -0.1439   1.123  2.913  0.000
   67 C  -0.0877 -0.2396   1.097  2.991  0.000
   68 C  -0.0086 -0.0572   1.153  2.855  0.000
   69 H   0.0549  0.1145   0.945  0.000  0.000
   70 H   0.0582  0.1235   0.942  0.000  0.000
   71 H   0.0673  0.1379   0.933  0.000  0.000
   72 H   0.0437  0.1014   0.956  0.000  0.000
   73 H   0.0505  0.1083   0.949  0.000  0.000
   74 H   0.0294  0.0822   0.971  0.000  0.000
   75 H   0.0408  0.0929   0.959  0.000  0.000
   76 H   0.0311  0.0847   0.969  0.000  0.000
   77 H   0.0619  0.1311   0.938  0.000  0.000
   78 H   0.0569  0.1276   0.943  0.000  0.000
   79 H   0.0550  0.1226   0.945  0.000  0.000
   80 H   0.0552  0.1245   0.945  0.000  0.000
   81 H   0.0376  0.0926   0.962  0.000  0.000
   82 H   0.0445  0.0967   0.956  0.000  0.000
   83 H   0.0359  0.0922   0.964  0.000  0.000
   84 H   0.0572  0.1226   0.943  0.000  0.000
   85 H   0.0565  0.1162   0.944  0.000  0.000
   86 H   0.0328  0.0884   0.967  0.000  0.000
   87 H   0.0315  0.0867   0.969  0.000  0.000
   88 H   0.0442  0.0966   0.956  0.000  0.000
   89 H   0.0468  0.1059   0.953  0.000  0.000
   90 H   0.0529  0.1122   0.947  0.000  0.000
   91 H   0.0279  0.0807   0.972  0.000  0.000
   92 H   0.0398  0.0920   0.960  0.000  0.000
   93 H   0.0327  0.0866   0.967  0.000  0.000
   94 H   0.0663  0.1380   0.934  0.000  0.000
 
 Loewdin charges    n(s)   n(p)   n(d)
    1 C   0.1268   1.139  2.734  0.000
    2 O  -0.2075   1.589  4.618  0.000
    3 C  -0.0298   1.144  2.886  0.000
    4 C  -0.0229   1.095  2.928  0.000
    5 C   0.0771   1.109  2.814  0.000
    6 CL -0.0408   1.888  5.128  0.025
    7 C   0.0791   1.108  2.812  0.000
    8 CL -0.0365   1.888  5.125  0.024
    9 C  -0.0344   1.099  2.935  0.000
   10 C  -0.0075   1.128  2.879  0.000
   11 C   0.0267   1.152  2.821  0.000
   12 C  -0.0064   1.073  2.934  0.000
   13 C   0.0920   1.138  2.770  0.000
   14 N  -0.2021   1.604  3.598  0.000
   15 C   0.0892   1.137  2.773  0.000
   16 N  -0.1986   1.604  3.595  0.000
   17 C  -0.0368   1.131  2.906  0.000
   18 C   0.0037   1.099  2.897  0.000
   19 C   0.0032   1.124  2.873  0.000
   20 S   0.0752   1.881  3.920  0.124
   21 C  -0.0349   1.142  2.893  0.000
   22 C  -0.0298   1.130  2.900  0.000
   23 C  -0.0128   1.155  2.857  0.000
   24 C  -0.0193   1.060  2.960  0.000
   25 C  -0.0854   1.022  3.063  0.000
   26 S   0.0869   1.880  3.931  0.102
   27 C  -0.0226   1.127  2.896  0.000
   28 C  -0.0131   1.139  2.874  0.000
   29 N  -0.0463   1.248  3.798  0.000
   30 C   0.0261   1.091  2.882  0.000
   31 C   0.0112   1.157  2.831  0.000
   32 C  -0.0124   1.117  2.895  0.000
   33 C   0.0080   1.170  2.822  0.000
   34 N  -0.1656   1.495  3.670  0.000
   35 S   0.1880   1.902  3.695  0.215
   36 N  -0.1475   1.492  3.656  0.000
   37 C   0.0116   1.169  2.820  0.000
   38 C  -0.0156   1.113  2.902  0.000
   39 C   0.0159   1.158  2.826  0.000
   40 N  -0.0489   1.220  3.829  0.000
   41 C   0.0295   1.090  2.881  0.000
   42 C  -0.0889   1.022  3.066  0.000
   43 C  -0.0140   1.147  2.867  0.000
   44 C  -0.0232   1.137  2.886  0.000
   45 S   0.1132   1.878  3.886  0.122
   46 C   0.0068   1.122  2.871  0.000
   47 C  -0.0302   1.161  2.869  0.000
   48 C  -0.0355   1.133  2.902  0.000
   49 C   0.0281   1.153  2.819  0.000
   50 C  -0.0125   1.073  2.940  0.000
   51 C   0.0891   1.138  2.773  0.000
   52 N  -0.2018   1.604  3.598  0.000
   53 C   0.0938   1.138  2.768  0.000
   54 N  -0.2101   1.604  3.606  0.000
   55 C  -0.0092   1.128  2.881  0.000
   56 C  -0.0363   1.099  2.937  0.000
   57 C   0.0772   1.109  2.814  0.000
   58 CL -0.0389   1.888  5.127  0.024
   59 C   0.0782   1.109  2.813  0.000
   60 CL -0.0405   1.888  5.128  0.025
   61 C  -0.0212   1.095  2.926  0.000
   62 C  -0.0284   1.145  2.883  0.000
   63 C   0.1261   1.139  2.735  0.000
   64 O  -0.1933   1.590  4.604  0.000
   65 C  -0.0862   1.021  3.065  0.000
   66 C  -0.0316   1.062  2.970  0.000
   67 C  -0.0893   1.024  3.065  0.000
   68 C  -0.0029   1.100  2.902  0.000
   69 H   0.0443   0.956  0.000  0.000
   70 H   0.0474   0.953  0.000  0.000
   71 H   0.0575   0.942  0.000  0.000
   72 H   0.0392   0.961  0.000  0.000
   73 H   0.0462   0.954  0.000  0.000
   74 H   0.0292   0.971  0.000  0.000
   75 H   0.0395   0.960  0.000  0.000
   76 H   0.0309   0.969  0.000  0.000
   77 H   0.0575   0.942  0.000  0.000
   78 H   0.0506   0.949  0.000  0.000
   79 H   0.0492   0.951  0.000  0.000
   80 H   0.0503   0.950  0.000  0.000
   81 H   0.0377   0.962  0.000  0.000
   82 H   0.0438   0.956  0.000  0.000
   83 H   0.0364   0.964  0.000  0.000
   84 H   0.0466   0.953  0.000  0.000
   85 H   0.0456   0.954  0.000  0.000
   86 H   0.0319   0.968  0.000  0.000
   87 H   0.0313   0.969  0.000  0.000
   88 H   0.0434   0.957  0.000  0.000
   89 H   0.0443   0.956  0.000  0.000
   90 H   0.0488   0.951  0.000  0.000
   91 H   0.0283   0.972  0.000  0.000
   92 H   0.0387   0.961  0.000  0.000
   93 H   0.0322   0.968  0.000  0.000
   94 H   0.0573   0.943  0.000  0.000
 
 Wiberg/Mayer (AO) data. WBOs > 0.1 written file <wbo>
 largest (>0.05) Wiberg bond orders for each atom
           total WBO             WBO to atom ...
     1  C   3.904    O    2 1.733    C   17 1.038    C    3 0.987
     2  O   2.173    C    1 1.733    S   20 0.074    C   17 0.063    C    3 0.054
     3  C   3.938    C    4 1.397    C   10 1.262    C    1 0.987    C    7 0.082    O    2 0.054
     4  C   3.961    C    3 1.397    C    5 1.379    H   69 0.941    C    9 0.083
     5  C   3.921    C    4 1.379    C    7 1.326    CL   6 1.021    C   10 0.082
     6  CL  1.177    C    5 1.021
     7  C   3.929    C    9 1.383    C    5 1.326    CL   8 1.024    C    3 0.082
     8  CL  1.182    C    7 1.024
     9  C   3.955    C   10 1.386    C    7 1.383    H   70 0.933    C    4 0.083
    10  C   3.948    C    9 1.386    C    3 1.262    C   11 1.045    C    5 0.082
    11  C   3.931    C   12 1.462    C   17 1.105    C   10 1.045    N   14 0.090    N   16 0.090
    12  C   3.925    C   11 1.462    C   13 1.063    C   15 1.061    N   14 0.080    N   16 0.080
    13  C   3.939    N   14 2.776    C   12 1.063
    14  N   3.042    C   13 2.776    C   11 0.090    C   12 0.080
    15  C   3.939    N   16 2.787    C   12 1.061
    16  N   3.045    C   15 2.787    C   11 0.090    C   12 0.080
    17  C   3.908    C   18 1.468    C   11 1.105    C    1 1.038    C   23 0.069    O    2 0.063
    18  C   3.924    C   17 1.468    C   19 1.291    H   71 0.914
    19  C   3.913    C   23 1.334    C   18 1.291    S   20 1.055    C   21 0.053
    20  S   2.558    C   21 1.098    C   19 1.055    O    2 0.074    C   23 0.069
    21  C   3.919    C   22 1.290    C   28 1.251    S   20 1.098    C   19 0.053    S   26 0.052
    22  C   3.914    C   23 1.328    C   21 1.290    S   26 1.061
    23  C   3.908    C   19 1.334    C   22 1.328    C   24 0.981    S   20 0.069    C   17 0.069
    24  C   3.970    C   25 0.987    C   23 0.981    H   72 0.965    H   73 0.960
    25  C   3.979    C   24 0.987    H   74 0.985    H   76 0.984    H   75 0.978
    26  S   2.473    C   27 1.107    C   22 1.061    C   28 0.053    C   21 0.052
    27  C   3.903    C   28 1.323    C   32 1.218    S   26 1.107
    28  C   3.900    C   27 1.323    C   21 1.251    N   29 1.076    S   26 0.053
    29  N   3.409    C   31 1.088    C   28 1.076    C   30 0.944
    30  C   3.927    C   65 1.002    H   78 0.964    H   77 0.958    N   29 0.944
    31  C   3.887    C   32 1.270    C   39 1.244    N   29 1.088
    32  C   3.917    C   31 1.270    C   27 1.218    C   33 1.156
    33  C   3.928    N   34 1.426    C   32 1.156    C   37 1.116    S   35 0.075
    34  N   3.068    C   33 1.426    S   35 1.285    N   36 0.202
    35  S   2.821    N   36 1.289    N   34 1.285    C   33 0.075    C   37 0.072
    36  N   3.078    C   37 1.428    S   35 1.289    N   34 0.202
    37  C   3.928    N   36 1.428    C   38 1.156    C   33 1.116    S   35 0.072
    38  C   3.923    C   39 1.267    C   44 1.220    C   37 1.156    N   40 0.050
    39  C   3.882    C   38 1.267    C   31 1.244    N   40 1.106
    40  N   3.426    C   39 1.106    C   43 1.063    C   41 0.952    C   38 0.050
    41  C   3.931    C   42 1.002    H   79 0.964    H   80 0.961    N   40 0.952
    42  C   3.980    C   41 1.002    H   83 0.979    H   81 0.979    H   82 0.975
    43  C   3.897    C   47 1.316    C   44 1.275    N   40 1.063
    44  C   3.921    C   43 1.275    C   38 1.220    S   45 1.136    C   46 0.053
    45  S   2.587    C   44 1.136    C   46 1.067    C   47 0.077    O   64 0.061
    46  C   3.911    C   47 1.332    C   68 1.286    S   45 1.067    C   44 0.053
    47  C   3.915    C   46 1.332    C   43 1.316    C   66 0.981    S   45 0.077    C   48 0.068
    48  C   3.909    C   68 1.475    C   49 1.107    C   63 1.027    C   47 0.068    O   64 0.064
    49  C   3.930    C   50 1.456    C   48 1.107    C   55 1.047    N   54 0.089    N   52 0.089
    50  C   3.936    C   49 1.456    C   53 1.066    C   51 1.062    N   54 0.081    N   52 0.081
    51  C   3.939    N   52 2.785    C   50 1.062
    52  N   3.043    C   51 2.785    C   49 0.089    C   50 0.081
    53  C   3.938    N   54 2.769    C   50 1.066
    54  N   3.039    C   53 2.769    C   49 0.089    C   50 0.081
    55  C   3.949    C   56 1.384    C   62 1.263    C   49 1.047    C   59 0.082
    56  C   3.955    C   57 1.385    C   55 1.384    H   84 0.933    C   61 0.083
    57  C   3.930    C   56 1.385    C   59 1.326    CL  58 1.022    C   62 0.082
    58  CL  1.180    C   57 1.022
    59  C   3.921    C   61 1.377    C   57 1.326    CL  60 1.022    C   55 0.082
    60  CL  1.177    C   59 1.022
    61  C   3.961    C   62 1.399    C   59 1.377    H   85 0.940    C   56 0.083
    62  C   3.937    C   61 1.399    C   55 1.263    C   63 0.981    C   57 0.082    O   64 0.057
    63  C   3.907    O   64 1.757    C   48 1.027    C   62 0.981
    64  O   2.181    C   63 1.757    C   48 0.064    S   45 0.061    C   62 0.057
    65  C   3.980    C   30 1.002    H   86 0.984    H   87 0.983    H   88 0.974
    66  C   3.970    C   67 0.986    C   47 0.981    H   89 0.959    H   90 0.958
    67  C   3.980    C   66 0.986    H   91 0.983    H   93 0.983    H   92 0.977
    68  C   3.928    C   48 1.475    C   46 1.286    H   94 0.912
    69  H   0.995    C    4 0.941
    70  H   0.994    C    9 0.933
    71  H   0.992    C   18 0.914
    72  H   0.997    C   24 0.965
    73  H   0.996    C   24 0.960
    74  H   0.999    C   25 0.985
    75  H   0.995    C   25 0.978
    76  H   0.999    C   25 0.984
    77  H   0.995    C   30 0.958
    78  H   0.996    C   30 0.964
    79  H   0.995    C   41 0.964
    80  H   0.996    C   41 0.961
    81  H   0.998    C   42 0.979
    82  H   0.997    C   42 0.975
    83  H   0.998    C   42 0.979
    84  H   0.994    C   56 0.933
    85  H   0.995    C   61 0.940
    86  H   0.999    C   65 0.984
    87  H   0.999    C   65 0.983
    88  H   0.997    C   65 0.974
    89  H   0.997    C   66 0.959
    90  H   0.996    C   66 0.958
    91  H   0.999    C   67 0.983
    92  H   0.995    C   67 0.977
    93  H   0.999    C   67 0.983
    94  H   0.993    C   68 0.912
 
 --------------------------------------------
          xTB calculation for sTDA...
 --------------------------------------------
 
 reading parameter file /ihome/ghutchison/blp62/xtb4stda/.param_stda2.xtb
 
      method parameters     
 k(s)        :  1.6000
 k(p)        :  2.1800
 k(d)        :  1.9500
 k(f)        :  2.0000
 k(R-V)      :  2.2750
 k(R-R)      :  1.7650
 Tscal       :  0.2580
 Gscal       :  1.0000
 fpol        :  1.0000
 Zcnf        :  0.3430
 Zqf         :  0.0000
 kcn         :  2.7000
 Ryd Hsplit  :  0.7000
 lshift(virt):  3.1000
 lshift(OS)  :  0.2000
 wllscaling  :  2.6000
 
 mowrcut     : 3.000
 
  Z AO/shell   Hii/eV     exponent
  1     Sun Feb 14 09:53:25 CET 2016    EN: 2.327 GAM: 0.473  GM3: 0.0000
     1s    -14.339618    1.220000
     2sp    -3.348946    0.600000
  6     Sun Feb 14 09:53:25 CET 2016    EN: 2.731 GAM: 0.422  GM3: 0.0000
     2s    -22.009312    1.565095
     2p    -13.020408    1.596905
     3sp    -3.914040    0.824500
  7     Sun Feb 14 09:53:25 CET 2016    EN: 3.573 GAM: 0.504  GM3: 0.0000
     2s    -25.722000    2.064844
     2p    -18.684912    1.801692
     3sp    -4.344791    0.921400
  8     Sun Feb 14 09:53:25 CET 2016    EN: 3.700 GAM: 0.587  GM3: 0.0000
     2s    -33.859000    2.418661
     2p    -22.175911    1.973969
     3sp    -4.259392    1.013700
 16     Sun Feb 21 16:35:57 CET 2016    EN: 1.915 GAM: 0.200  GM3: 0.0000
     3s    -17.898811    2.619580
     3p    -15.317401    1.798798
     4sp    -4.455139    0.843200
 17     Sun Feb 21 16:32:04 CET 2016    EN: 2.375 GAM: 0.300  GM3: 0.0000
     3s    -29.486180    2.293696
     3p    -18.696427    2.332982
     4sp    -5.680125    0.918900
 
 Nbf   :          674
 T(el) :     0.0
 calculating S/T integrals ...
 cpu time for ints   0.584333000000000     
 Nao   :          674
 making H0...
 making H1...
 cpu time for H      1.421800000000006E-002
 solving ...
 cpu time for diag   0.808554000000000     
 
 gap (eV)           :   4.817
 Koopmans IP (eV)   :  13.872
 Eel (Eh)           :  -288.287356

          eigenvalues
 #    :         153        154        155        156        157        158        159        160
 occ. :        2.000      2.000      2.000      2.000      2.000      2.000      2.000      2.000
 eps  :       -16.840    -16.721    -16.540    -16.488    -16.398    -16.199    -16.076    -15.762
 #    :         161        162        163        164        165        166        167        168
 occ. :        2.000      2.000      2.000      2.000      2.000      0.000      0.000      0.000
 eps  :       -15.681    -14.854    -14.689    -14.141    -13.873     -9.056     -8.849     -8.669
 #    :         169        170        171        172        173        174        175        176
 occ. :        0.000      0.000      0.000      0.000      0.000      0.000      0.000      0.000
 eps  :        -8.469     -7.106     -6.721     -6.557     -6.029     -5.918     -5.801     -5.694
                            1  SCC done.
 writing mo output ...
 molden style : F
 
speedup  0.99
cpu  time for all    1.57 s
wall time for all    1.59 s
