 
        ______________________________________
       |                                      |
       |          ===================         |
       |             xTB for sTDA             |
       |          ===================         |
       |               S. Grimme              |
       |        Universitaet Bonn, MCTC       |
       |         2015-19, Version 1.0         |
       |     Wed Apr  3 09:14:55 CEST 2019    |
       |______________________________________|
 
        This code comes without any warranty
        for non-commercial, academia use only.
        Preliminary test version.
        Cite this work as:
        S. Grimme  &  C. Bannwarth, JCP 145 (2016) 054103
        if GBSA is used additionally:
        P. Shushkov, F. März, C. Bannwarth, S. Grimme, unpublished.
 
        with help from
        P. Shushkov, G. Brandenburg, S. Dohm, J. Pisarek,
        F. März, M. Checinski, S. Ehrlich, S. Spicher, 
        P. Pracht, E. Caldeweyher, S. Ehlert, and C. Bannwarth.
 
        usage        :
        xtb4stda <coord_file> [options]
        where <coord_file> is a valid file of TM)
        (*coord, Bohr) or xmol (*xyz, Angstroem)
        format.

        options:
        -chrg <int>   : molecular charge
        -uhf  <int>   : # of unpaired electrons(=2*S)
        -nox          : skip second, extended part in sTDA-xTB
        -pop          : do population analysis
                      : (default for -nox)
        -mowr <real>  : cut MO write above (def.3 Eh)
        -molden       : write formatted molden file
        -parx <file>  : read parameters for sTDA-xTB
                        calc (def:~/.param_stda2.xtb)
        -parv <file>  : read parameters for vTB part in
                        sTDA-xTB (def: ~/.param_stda1.xtb)
        -xtemp <real> : el. temp for xTB (def. 0 K)
        -etemp <real> : el. temp for GFN (def. 300 K)
        -fod          : calculate the FOD and write
                        molden.input file with
                        appropriate occupations
                        for plotting. Def. T=12500 K
 
        -acc <real>   : xTB accuracy (def. 1.0)
        -gbsa [string1] [string2]
                        use GBSA implicit solvent
                        for solvent [string1] and
                        solvation state [string2]=
                        reference, bar1M (default=1M)
        additional GFN/opt/MD/siman options read from
        $XTB4STDAHOME/.xtb4stdarc or $set in input
 
       spin and charge state information can be on:
       <.CHRG> (charge) and <.UHF> (=nalpha-nbeta)
       -uhf and -chrg override the file info.
       useful machine settings:
       setenv MKL_NUM_THREADS <NCORE_ON_YOUR_MACHINE>
       setenv OMP_STACKSIZE 500m
       limit stacksize unlimited
 
       total energies in Eh, gaps/HL energies in eV
       please read REVISION and HOWTO files carefully
 =============================
  # OMP threads =           1
 =============================
 
 xtb4stdahome directory:/ihome/ghutchison/blp62/xtb4stda/
 
 
 name of molecule           :
 comment line               :
 number of atoms            :   138
 number of electrons        :   418
 charge                     :  0
 spin                       : 0.0
 first test random number   :  0.1477
 
 -----------------------------------------
      charge density (VTB) calculation
 -----------------------------------------
 
      method parameters     
 k(s)        :  1.8000
 k(p)        :  2.8350
 k(d)        :  2.0860
 k(f)        :  2.0000
 Tscal       :  0.3300
 Gscal       :  0.3910
 fpol        :  1.0000
 Zcnf        :  0.6500
 Zqf         :  0.0000
 kcn         :  0.3000
 kEN1        : -0.5900
 wllscal     :  2.6000
 
     -------------------------
     ! NO SOLVENT MODEL USED !
     -------------------------
 
 doing EN charges ...
 sum q : -0.1998401D-14
 point charge moment (au)
     X       Y       Z   
  -0.1632   0.0739  -0.0489  total (Debye):    0.472
 
            Z      q(EN)   CN      Cart. coordinates
     1  C   4.0   0.101   3.212    -2.98407   -14.35266    11.30453
     2  O   6.0  -0.105   1.056    -0.93976   -14.78030    10.35815
     3  C   4.0  -0.007   3.355    -4.21503   -15.94173    13.24887
     4  C   4.0  -0.067   3.179    -3.32157   -18.15120    14.31203
     5  C   4.0   0.024   3.178    -4.82088   -19.32698    16.10613
     6  C   4.0   0.024   3.180    -7.14789   -18.29463    16.79324
     7  C   4.0  -0.068   3.187    -8.04041   -16.07344    15.72668
     8  C   4.0  -0.006   3.345    -6.54809   -14.88310    13.93144
     9  C   4.0  -0.008   3.325    -6.91999   -12.55704    12.48447
    10  C   4.0  -0.037   3.120    -8.92744   -10.94851    12.78305
    11  C   4.0   0.236   2.170   -10.93943   -11.37407    14.48380
    12  N   5.0  -0.215   1.027   -12.64075   -11.60556    15.80869
    13  C   4.0   0.234   2.165    -9.31238    -8.62943    11.52071
    14  N   5.0  -0.215   1.027    -9.77858    -6.70872    10.62309
    15  C   4.0  -0.001   3.259    -4.76513   -12.26243    10.80489
    16  C   4.0  -0.077   3.228    -4.59525   -10.38971     9.01928
    17  C   4.0  -0.079   3.173    -2.67510    -9.75741     7.29755
    18  C   4.0  -0.091   3.380    -0.23981   -10.63292     6.90695
    19  C   4.0  -0.005   3.369     1.07412    -9.40819     4.97773
    20  C   4.0  -0.096   3.310    -0.36207    -7.53415     3.82292
    21  S   6.0   0.210   2.731    -3.32932    -7.28848     5.18919
    22  C   4.0  -0.092   3.318     0.25360    -5.80014     1.83795
    23  C   4.0  -0.094   3.288     1.86384     6.69322    -5.58395
    24  C   4.0  -0.006   3.370     3.47502     6.56434    -7.69100
    25  C   4.0  -0.090   3.365     3.86506     8.90685    -8.80650
    26  C   4.0  -0.079   3.176     2.59875    10.88520    -7.63676
    27  S   6.0   0.223   2.788     0.84093     9.76081    -5.06824
    28  C   4.0  -0.078   3.240     2.47989    13.50001    -8.03511
    29  C   4.0  -0.001   3.260     3.64150    15.06527    -9.75117
    30  C   4.0  -0.008   3.324     3.30324    17.78705    -9.77196
    31  C   4.0  -0.036   3.120     1.87083    19.22532    -8.15889
    32  C   4.0   0.235   2.173     1.65408    21.87925    -8.32443
    33  N   5.0  -0.215   1.027     1.38385    24.03127    -8.34333
    34  C   4.0   0.233   2.167     0.41291    18.36039    -6.09871
    35  N   5.0  -0.214   1.028    -0.81598    17.86944    -4.37623
    36  C   4.0  -0.006   3.346     4.81975    18.80523   -11.84934
    37  C   4.0  -0.068   3.187     5.18031    21.25639   -12.70217
    38  C   4.0   0.024   3.180     6.77656    21.62697   -14.74761
    39  C   4.0   0.024   3.178     7.99902    19.61687   -15.93568
    40  C   4.0  -0.067   3.179     7.64715    17.16249   -15.09570
    41  C   4.0  -0.007   3.355     6.05808    16.79664   -13.05933
    42  C   4.0   0.100   3.212     5.38213    14.38195   -11.81646
    43  O   6.0  -0.105   1.055     6.14974    12.31402   -12.44668
    44  F   7.0  -0.026   1.064    -4.03343   -21.47314    17.18895
    45  F   7.0  -0.026   1.064     9.52611    20.06360   -17.90345
    46  S   6.0   0.212   2.708    -0.79406    -2.68606     2.18226
    47  C   4.0  -0.094   3.266     0.51287    -1.84456    -0.70714
    48  C   4.0  -0.092   3.409     1.63291    -3.89113    -1.84683
    49  C   4.0  -0.016   3.414     1.49269    -6.14010    -0.43974
    50  C   4.0  -0.095   3.269     0.39987     0.68408    -1.59776
    51  C   4.0  -0.090   3.393    -0.92993     2.68303    -0.59356
    52  C   4.0  -0.020   3.451    -0.57618     4.95902    -1.88443
    53  C   4.0  -0.092   3.309     1.06297     4.73641    -3.93365
    54  S   6.0   0.220   2.659     2.12897     1.62290    -4.22165
    55  C   4.0  -0.174   4.086     4.63909     4.15966    -8.62112
    56  C   4.0  -0.243   4.025     6.21606     4.46826   -11.01030
    57  C   4.0  -0.173   4.061     3.77246   -10.02103     4.40136
    58  C   4.0  -0.244   4.032     4.06518   -12.73222     3.45026
    59  C   4.0  -0.002   3.276     2.43964    -8.54874    -1.47701
    60  C   4.0   0.008   3.225     5.03177    -8.85507    -1.90654
    61  C   4.0  -0.074   3.229     5.90105   -11.08627    -2.96744
    62  C   4.0   0.009   3.185     4.25888   -12.99716    -3.68326
    63  C   4.0  -0.074   3.231     1.69508   -12.64151    -3.29001
    64  C   4.0   0.008   3.220     0.75306   -10.45850    -2.18018
    65  C   4.0  -0.174   4.072     6.93624    -6.84761    -1.23418
    66  C   4.0  -0.242   4.026     8.06100    -5.61929    -3.59672
    67  C   4.0  -0.174   4.063     5.24437   -15.42583    -4.76721
    68  C   4.0  -0.242   4.028     5.92183   -17.27191    -2.64732
    69  C   4.0  -0.175   4.073    -2.06320   -10.23438    -1.84003
    70  C   4.0  -0.244   4.030    -3.08006   -12.18949     0.03080
    71  C   4.0  -0.010   3.356    -1.82321     7.34366    -1.16161
    72  C   4.0   0.008   3.233    -4.24206     7.88299    -2.06906
    73  C   4.0  -0.074   3.226    -5.32846    10.19488    -1.48457
    74  C   4.0   0.008   3.186    -4.07897    11.96877    -0.01776
    75  C   4.0  -0.074   3.229    -1.72078    11.35234     0.95072
    76  C   4.0   0.005   3.254    -0.57070     9.06634     0.40516
    77  C   4.0  -0.175   4.075     1.97439     8.46295     1.51537
    78  C   4.0  -0.242   4.028     1.69074     7.07816     4.03664
    79  C   4.0  -0.175   4.064    -5.26421    14.47511     0.57504
    80  C   4.0  -0.242   4.026    -6.48082    14.44261     3.19685
    81  C   4.0  -0.174   4.072    -5.65028     6.05563    -3.73051
    82  C   4.0  -0.243   4.030    -5.15876     6.57908    -6.53051
    83  F   7.0  -0.026   1.067    -8.56273   -19.47363    18.52461
    84  F   7.0  -0.026   1.067     7.14883    23.98024   -15.59648
    85  H   1.0   0.076   1.005    -1.52217   -18.93921    13.77043
    86  H   1.0   0.077   1.007    -9.85171   -15.36158    16.32440
    87  H   1.0   0.076   1.018    -6.22665    -9.16215     8.86659
    88  H   1.0   0.082   1.008     0.56616   -12.11843     8.03115
    89  H   1.0   0.082   1.008     5.03858     9.21525   -10.43129
    90  H   1.0   0.076   1.020     1.24722    14.43127    -6.69152
    91  H   1.0   0.077   1.007     4.28495    22.87721   -11.85614
    92  H   1.0   0.076   1.005     8.58654    15.59950   -16.00484
    93  H   1.0   0.080   1.007     2.49217    -3.78096    -3.68497
    94  H   1.0   0.079   1.007    -2.14200     2.49141     1.02858
    95  H   1.0   0.080   1.009     5.82867     3.37146    -7.12200
    96  H   1.0   0.080   1.009     3.13354     2.78565    -8.97809
    97  H   1.0   0.082   0.999     5.07335     5.20317   -12.55043
    98  H   1.0   0.081   0.999     6.96855     2.64203   -11.57627
    99  H   1.0   0.082   0.999     7.79228     5.74514   -10.69018
   100  H   1.0   0.080   1.004     4.86567    -9.80220     6.14161
   101  H   1.0   0.084   1.007     4.51380    -8.70332     3.00882
   102  H   1.0   0.082   0.999     3.40359   -14.06920     4.86208
   103  H   1.0   0.082   0.999     6.04070   -13.12528     3.04983
   104  H   1.0   0.083   1.001     2.98822   -13.00887     1.72456
   105  H   1.0   0.076   1.006     7.90850   -11.33325    -3.25165
   106  H   1.0   0.076   1.006     0.38645   -14.09717    -3.87205
   107  H   1.0   0.081   1.004     8.46767    -7.71613    -0.15212
   108  H   1.0   0.082   1.005     6.07547    -5.38912    -0.05688
   109  H   1.0   0.081   0.999     9.44580    -4.19651    -3.06627
   110  H   1.0   0.082   0.999     6.59666    -4.71260    -4.71713
   111  H   1.0   0.082   0.999     8.98621    -7.02562    -4.77383
   112  H   1.0   0.081   1.003     3.81460   -16.28131    -5.98382
   113  H   1.0   0.081   1.003     6.92396   -15.05412    -5.90672
   114  H   1.0   0.081   0.999     4.26946   -17.67612    -1.49345
   115  H   1.0   0.081   0.998     6.62481   -19.03710    -3.42947
   116  H   1.0   0.081   0.999     7.37258   -16.46764    -1.43374
   117  H   1.0   0.083   1.007    -2.57059    -8.34446    -1.19676
   118  H   1.0   0.080   1.004    -2.97386   -10.53447    -3.67079
   119  H   1.0   0.083   1.002    -2.12141   -12.03359     1.84078
   120  H   1.0   0.082   0.999    -2.79377   -14.09660    -0.67671
   121  H   1.0   0.081   0.999    -5.09357   -11.90471     0.32862
   122  H   1.0   0.076   1.006    -7.18833    10.62385    -2.21249
   123  H   1.0   0.076   1.006    -0.73945    12.70123     2.12859
   124  H   1.0   0.081   1.004     3.01544    10.21718     1.82151
   125  H   1.0   0.082   1.006     3.06835     7.29151     0.21524
   126  H   1.0   0.081   0.999     0.59167     8.21199     5.35151
   127  H   1.0   0.082   1.000     0.72925     5.28160     3.76963
   128  H   1.0   0.081   0.998     3.53568     6.71363     4.86623
   129  H   1.0   0.081   1.004    -6.70021    14.91636    -0.83734
   130  H   1.0   0.081   1.004    -3.82329    15.94834     0.50267
   131  H   1.0   0.081   0.999    -5.07637    14.02441     4.63795
   132  H   1.0   0.081   0.998    -7.32628    16.26752     3.61637
   133  H   1.0   0.081   0.999    -7.94668    13.00377     3.28888
   134  H   1.0   0.082   1.005    -5.09905     4.11563    -3.29379
   135  H   1.0   0.081   1.004    -7.67248     6.24158    -3.36409
   136  H   1.0   0.081   0.999    -5.60625     8.53381    -6.98027
   137  H   1.0   0.081   0.999    -6.32019     5.35133    -7.70044
   138  H   1.0   0.082   1.002    -3.18646     6.24479    -6.99954
 
  Z AO/shell   Hii/eV     exponent
  1     Sat Feb 20 21:38:01 CET 2016    EN: 2.327 GAM: 0.473  GM3: 0.0000
     1s    -13.751157    1.051071
  6     Sat Feb 20 21:38:01 CET 2016    EN: 2.731 GAM: 0.422  GM3: 0.0000
     2s    -19.378245    2.021003
     2p    -11.993376    1.497917
  7     Sat Feb 20 21:38:01 CET 2016    EN: 3.573 GAM: 0.504  GM3: 0.0000
     2s    -21.576984    2.275442
     2p    -16.125120    2.056788
  8     Sat Feb 20 21:38:01 CET 2016    EN: 3.700 GAM: 0.587  GM3: 0.0000
     2s    -21.648843    2.110798
     2p    -17.239740    2.329048
  9     Sat Feb 20 21:51:24 CET 2016    EN: 3.394 GAM: 0.669  GM3: 0.0000
     2s    -19.384211    2.614957
     2p    -19.426034    2.777297
 16     Sat Feb 20 23:13:41 CET 2016    EN: 1.915 GAM: 0.389  GM3: 0.0000
     3s    -22.000000    2.671470
     3p    -15.834192    1.836978
     3d     -2.593599    1.836978
 
 dipole moment of classical point charges (au)
     X       Y       Z   
  -0.1632   0.0739  -0.0489  total (Debye):    0.472

 
 Nbf   :          414
 T(el) :   300.0
 calculating S/T integrals ...
 cpu time for ints   6.515000000000000E-002
 Nao   :          410
 making H0...
 making H1...
 cpu time for H      8.885999999999991E-003
 solving ...
 cpu time for diag   2.718599999999999E-002
 
 gap (eV)           :   2.129
 Koopmans IP (eV)   :  12.150
 Eel (Eh)           :  -326.798717
 T,E(Fermi),NFOD :    300.000   -11.086  0.000000
 T,E(Fermi),NFOD :    300.000   -11.086  0.000000
 Nfod               :  0.0000
 Nfod/Nel           :  0.0000

          eigenvalues
 #    :         197        198        199        200        201        202        203        204
 occ. :        2.000      2.000      2.000      2.000      2.000      2.000      2.000      2.000
 eps  :       -15.485    -15.446    -15.299    -15.130    -15.075    -15.029    -14.877    -14.720
 #    :         205        206        207        208        209        210        211        212
 occ. :        2.000      2.000      2.000      2.000      2.000      0.000      0.000      0.000
 eps  :       -14.523    -14.487    -14.107    -13.172    -12.152    -10.022     -9.678     -9.480
 #    :         213        214        215        216        217        218        219        220
 occ. :        0.000      0.000      0.000      0.000      0.000      0.000      0.000      0.000
 eps  :        -9.403     -8.250     -7.994     -7.940     -7.764     -7.579     -7.252     -6.849
                            1  SCC done.
 making H1...
 cpu time for H      3.424700000000000E-002
 solving ...
 cpu time for diag   2.195299999999999E-002
 
 gap (eV)           :   2.249
 Koopmans IP (eV)   :  12.472
 Eel (Eh)           :  -326.908599
 T,E(Fermi),NFOD :    300.000   -11.347  0.000000
 T,E(Fermi),NFOD :    300.000   -11.347  0.000000
 Nfod               :  0.0000
 Nfod/Nel           :  0.0000

          eigenvalues
 #    :         197        198        199        200        201        202        203        204
 occ. :        2.000      2.000      2.000      2.000      2.000      2.000      2.000      2.000
 eps  :       -15.285    -15.234    -15.087    -14.942    -14.836    -14.805    -14.713    -14.516
 #    :         205        206        207        208        209        210        211        212
 occ. :        2.000      2.000      2.000      2.000      2.000      0.000      0.000      0.000
 eps  :       -14.409    -14.312    -14.210    -13.411    -12.473    -10.224     -9.895     -9.448
 #    :         213        214        215        216        217        218        219        220
 occ. :        0.000      0.000      0.000      0.000      0.000      0.000      0.000      0.000
 eps  :        -9.367     -8.354     -8.182     -8.033     -7.866     -7.541     -7.300     -7.020
                            2  SCC done.
 
 
 Mulliken/CM5 charges    n(s)   n(p)   n(d)   
    1 C   0.1395  0.1744   1.172  2.688  0.000
    2 O  -0.2212 -0.2766   1.622  4.599  0.000
    3 C  -0.0250 -0.0266   1.184  2.841  0.000
    4 C  -0.0075 -0.0547   1.138  2.870  0.000
    5 C   0.1077  0.1245   1.162  2.730  0.000
    6 C   0.1098  0.1263   1.161  2.729  0.000
    7 C  -0.0175 -0.0647   1.141  2.877  0.000
    8 C  -0.0047 -0.0078   1.167  2.837  0.000
    9 C   0.0150  0.0142   1.197  2.788  0.000
   10 C   0.0126  0.0187   1.115  2.872  0.000
   11 C   0.0964  0.2156   1.171  2.732  0.000
   12 N  -0.2037 -0.3342   1.641  3.562  0.000
   13 C   0.0969  0.2144   1.172  2.731  0.000
   14 N  -0.2043 -0.3346   1.642  3.563  0.000
   15 C  -0.0262 -0.0286   1.177  2.849  0.000
   16 C  -0.0002 -0.0473   1.156  2.844  0.000
   17 C  -0.0033  0.0020   1.162  2.842  0.000
   18 C  -0.0639 -0.1136   1.158  2.906  0.000
   19 C  -0.0239 -0.0355   1.188  2.836  0.000
   20 C  -0.0226 -0.0105   1.185  2.838  0.000
   21 S   0.1157  0.0788   1.889  3.956  0.040
   22 C  -0.0285 -0.0167   1.176  2.853  0.000
   23 C  -0.0250 -0.0129   1.184  2.841  0.000
   24 C  -0.0232 -0.0336   1.189  2.834  0.000
   25 C  -0.0665 -0.1160   1.154  2.913  0.000
   26 C  -0.0071 -0.0016   1.165  2.842  0.000
   27 S   0.1213  0.0806   1.890  3.946  0.043
   28 C  -0.0023 -0.0494   1.155  2.847  0.000
   29 C  -0.0299 -0.0324   1.176  2.854  0.000
   30 C   0.0149  0.0141   1.197  2.788  0.000
   31 C   0.0083  0.0143   1.115  2.877  0.000
   32 C   0.0956  0.2146   1.172  2.733  0.000
   33 N  -0.2082 -0.3386   1.642  3.567  0.000
   34 C   0.0965  0.2135   1.172  2.731  0.000
   35 N  -0.2073 -0.3389   1.642  3.566  0.000
   36 C  -0.0049 -0.0080   1.168  2.837  0.000
   37 C  -0.0184 -0.0657   1.141  2.878  0.000
   38 C   0.1082  0.1247   1.161  2.731  0.000
   39 C   0.1063  0.1229   1.162  2.731  0.000
   40 C  -0.0087 -0.0559   1.138  2.871  0.000
   41 C  -0.0254 -0.0270   1.185  2.841  0.000
   42 C   0.1374  0.1722   1.172  2.691  0.000
   43 O  -0.2262 -0.2814   1.622  4.604  0.000
   44 F  -0.1150 -0.1381   1.676  5.439  0.000
   45 F  -0.1163 -0.1393   1.676  5.440  0.000
   46 S   0.1080  0.0729   1.889  3.961  0.042
   47 C  -0.0164 -0.0060   1.165  2.851  0.000
   48 C  -0.0750 -0.1242   1.146  2.929  0.000
   49 C  -0.0285 -0.0342   1.176  2.852  0.000
   50 C  -0.0225 -0.0121   1.168  2.855  0.000
   51 C  -0.0623 -0.1115   1.143  2.919  0.000
   52 C  -0.0319 -0.0365   1.178  2.854  0.000
   53 C  -0.0214 -0.0095   1.173  2.849  0.000
   54 S   0.1065  0.0655   1.888  3.962  0.044
   55 C  -0.0356 -0.1401   1.126  2.909  0.000
   56 C  -0.0818 -0.2343   1.089  2.993  0.000
   57 C  -0.0386 -0.1451   1.123  2.916  0.000
   58 C  -0.0906 -0.2428   1.094  2.996  0.000
   59 C  -0.0184 -0.0239   1.174  2.844  0.000
   60 C  -0.0048 -0.0192   1.190  2.815  0.000
   61 C  -0.0542 -0.1073   1.142  2.912  0.000
   62 C   0.0008 -0.0162   1.183  2.816  0.000
   63 C  -0.0530 -0.1063   1.143  2.910  0.000
   64 C  -0.0036 -0.0172   1.190  2.814  0.000
   65 C  -0.0474 -0.1545   1.126  2.921  0.000
   66 C  -0.0913 -0.2433   1.095  2.996  0.000
   67 C  -0.0415 -0.1485   1.124  2.917  0.000
   68 C  -0.0896 -0.2412   1.095  2.994  0.000
   69 C  -0.0482 -0.1544   1.125  2.923  0.000
   70 C  -0.0937 -0.2456   1.095  2.999  0.000
   71 C  -0.0202 -0.0231   1.176  2.844  0.000
   72 C  -0.0041 -0.0166   1.190  2.814  0.000
   73 C  -0.0514 -0.1036   1.144  2.908  0.000
   74 C   0.0065 -0.0097   1.183  2.811  0.000
   75 C  -0.0492 -0.1015   1.143  2.906  0.000
   76 C  -0.0033 -0.0156   1.190  2.813  0.000
   77 C  -0.0461 -0.1521   1.125  2.921  0.000
   78 C  -0.0914 -0.2428   1.096  2.996  0.000
   79 C  -0.0398 -0.1467   1.124  2.916  0.000
   80 C  -0.0903 -0.2417   1.095  2.995  0.000
   81 C  -0.0464 -0.1526   1.126  2.921  0.000
   82 C  -0.0934 -0.2446   1.096  2.997  0.000
   83 F  -0.1117 -0.1349   1.674  5.437  0.000
   84 F  -0.1132 -0.1364   1.675  5.438  0.000
   85 H   0.0596  0.1192   0.940  0.000  0.000
   86 H   0.0623  0.1276   0.938  0.000  0.000
   87 H   0.0660  0.1359   0.934  0.000  0.000
   88 H   0.0657  0.1368   0.934  0.000  0.000
   89 H   0.0682  0.1397   0.932  0.000  0.000
   90 H   0.0655  0.1362   0.935  0.000  0.000
   91 H   0.0620  0.1274   0.938  0.000  0.000
   92 H   0.0591  0.1187   0.941  0.000  0.000
   93 H   0.0533  0.1138   0.947  0.000  0.000
   94 H   0.0544  0.1141   0.946  0.000  0.000
   95 H   0.0411  0.0992   0.959  0.000  0.000
   96 H   0.0409  0.0992   0.959  0.000  0.000
   97 H   0.0338  0.0868   0.966  0.000  0.000
   98 H   0.0360  0.0878   0.964  0.000  0.000
   99 H   0.0342  0.0873   0.966  0.000  0.000
  100 H   0.0417  0.0976   0.958  0.000  0.000
  101 H   0.0415  0.1025   0.958  0.000  0.000
  102 H   0.0322  0.0854   0.968  0.000  0.000
  103 H   0.0345  0.0869   0.965  0.000  0.000
  104 H   0.0332  0.0895   0.967  0.000  0.000
  105 H   0.0369  0.0959   0.963  0.000  0.000
  106 H   0.0379  0.0970   0.962  0.000  0.000
  107 H   0.0386  0.0945   0.961  0.000  0.000
  108 H   0.0369  0.0958   0.963  0.000  0.000
  109 H   0.0337  0.0854   0.966  0.000  0.000
  110 H   0.0292  0.0822   0.971  0.000  0.000
  111 H   0.0309  0.0838   0.969  0.000  0.000
  112 H   0.0371  0.0929   0.963  0.000  0.000
  113 H   0.0371  0.0929   0.963  0.000  0.000
  114 H   0.0294  0.0821   0.971  0.000  0.000
  115 H   0.0337  0.0854   0.966  0.000  0.000
  116 H   0.0290  0.0818   0.971  0.000  0.000
  117 H   0.0367  0.0968   0.963  0.000  0.000
  118 H   0.0392  0.0950   0.961  0.000  0.000
  119 H   0.0307  0.0869   0.969  0.000  0.000
  120 H   0.0307  0.0836   0.969  0.000  0.000
  121 H   0.0340  0.0859   0.966  0.000  0.000
  122 H   0.0369  0.0955   0.963  0.000  0.000
  123 H   0.0379  0.0968   0.962  0.000  0.000
  124 H   0.0385  0.0947   0.962  0.000  0.000
  125 H   0.0355  0.0944   0.965  0.000  0.000
  126 H   0.0308  0.0835   0.969  0.000  0.000
  127 H   0.0289  0.0826   0.971  0.000  0.000
  128 H   0.0327  0.0843   0.967  0.000  0.000
  129 H   0.0371  0.0932   0.963  0.000  0.000
  130 H   0.0417  0.0984   0.958  0.000  0.000
  131 H   0.0288  0.0815   0.971  0.000  0.000
  132 H   0.0337  0.0854   0.966  0.000  0.000
  133 H   0.0280  0.0805   0.972  0.000  0.000
  134 H   0.0361  0.0944   0.964  0.000  0.000
  135 H   0.0386  0.0947   0.961  0.000  0.000
  136 H   0.0307  0.0838   0.969  0.000  0.000
  137 H   0.0328  0.0845   0.967  0.000  0.000
  138 H   0.0279  0.0833   0.972  0.000  0.000
 
 Loewdin charges    n(s)   n(p)   n(d)
    1 C   0.1304   1.138  2.732  0.000
    2 O  -0.2046   1.590  4.615  0.000
    3 C  -0.0270   1.144  2.883  0.000
    4 C  -0.0049   1.085  2.920  0.000
    5 C   0.0960   1.128  2.776  0.000
    6 C   0.0987   1.127  2.774  0.000
    7 C  -0.0171   1.088  2.929  0.000
    8 C  -0.0011   1.125  2.876  0.000
    9 C   0.0261   1.153  2.821  0.000
   10 C   0.0007   1.074  2.925  0.000
   11 C   0.0905   1.137  2.772  0.000
   12 N  -0.1930   1.603  3.590  0.000
   13 C   0.0915   1.138  2.771  0.000
   14 N  -0.1937   1.604  3.590  0.000
   15 C  -0.0339   1.139  2.895  0.000
   16 C   0.0084   1.102  2.889  0.000
   17 C   0.0195   1.116  2.865  0.000
   18 C  -0.0609   1.107  2.954  0.000
   19 C  -0.0213   1.148  2.873  0.000
   20 C   0.0014   1.140  2.859  0.000
   21 S   0.0787   1.876  3.953  0.093
   22 C  -0.0089   1.132  2.876  0.000
   23 C  -0.0017   1.139  2.863  0.000
   24 C  -0.0201   1.149  2.871  0.000
   25 C  -0.0645   1.103  2.962  0.000
   26 C   0.0158   1.119  2.865  0.000
   27 S   0.0823   1.877  3.943  0.098
   28 C   0.0058   1.102  2.892  0.000
   29 C  -0.0380   1.138  2.900  0.000
   30 C   0.0260   1.153  2.821  0.000
   31 C  -0.0038   1.074  2.930  0.000
   32 C   0.0898   1.138  2.772  0.000
   33 N  -0.1975   1.604  3.594  0.000
   34 C   0.0913   1.138  2.771  0.000
   35 N  -0.1968   1.604  3.593  0.000
   36 C  -0.0014   1.125  2.876  0.000
   37 C  -0.0180   1.089  2.929  0.000
   38 C   0.0972   1.127  2.776  0.000
   39 C   0.0946   1.128  2.777  0.000
   40 C  -0.0061   1.085  2.921  0.000
   41 C  -0.0273   1.144  2.883  0.000
   42 C   0.1283   1.138  2.734  0.000
   43 O  -0.2097   1.591  4.619  0.000
   44 F  -0.0974   1.659  5.439  0.000
   45 F  -0.0986   1.659  5.440  0.000
   46 S   0.0708   1.876  3.958  0.095
   47 C   0.0075   1.119  2.873  0.000
   48 C  -0.0747   1.096  2.978  0.000
   49 C  -0.0256   1.135  2.891  0.000
   50 C   0.0023   1.121  2.876  0.000
   51 C  -0.0618   1.093  2.969  0.000
   52 C  -0.0285   1.137  2.891  0.000
   53 C  -0.0025   1.130  2.873  0.000
   54 S   0.0685   1.874  3.959  0.099
   55 C  -0.0283   1.064  2.964  0.000
   56 C  -0.0828   1.016  3.067  0.000
   57 C  -0.0328   1.061  2.972  0.000
   58 C  -0.0932   1.022  3.071  0.000
   59 C  -0.0179   1.133  2.885  0.000
   60 C   0.0012   1.147  2.851  0.000
   61 C  -0.0532   1.091  2.962  0.000
   62 C   0.0093   1.139  2.852  0.000
   63 C  -0.0520   1.091  2.961  0.000
   64 C   0.0024   1.148  2.850  0.000
   65 C  -0.0422   1.065  2.977  0.000
   66 C  -0.0934   1.023  3.071  0.000
   67 C  -0.0357   1.062  2.973  0.000
   68 C  -0.0910   1.023  3.068  0.000
   69 C  -0.0430   1.064  2.979  0.000
   70 C  -0.0961   1.023  3.074  0.000
   71 C  -0.0187   1.135  2.884  0.000
   72 C   0.0017   1.148  2.850  0.000
   73 C  -0.0505   1.092  2.958  0.000
   74 C   0.0148   1.139  2.846  0.000
   75 C  -0.0484   1.091  2.957  0.000
   76 C   0.0029   1.148  2.849  0.000
   77 C  -0.0408   1.064  2.977  0.000
   78 C  -0.0932   1.023  3.070  0.000
   79 C  -0.0339   1.062  2.972  0.000
   80 C  -0.0917   1.022  3.069  0.000
   81 C  -0.0411   1.064  2.977  0.000
   82 C  -0.0953   1.024  3.072  0.000
   83 F  -0.0941   1.657  5.437  0.000
   84 F  -0.0956   1.658  5.438  0.000
   85 H   0.0482   0.952  0.000  0.000
   86 H   0.0507   0.949  0.000  0.000
   87 H   0.0550   0.945  0.000  0.000
   88 H   0.0549   0.945  0.000  0.000
   89 H   0.0576   0.942  0.000  0.000
   90 H   0.0548   0.945  0.000  0.000
   91 H   0.0505   0.950  0.000  0.000
   92 H   0.0478   0.952  0.000  0.000
   93 H   0.0454   0.955  0.000  0.000
   94 H   0.0460   0.954  0.000  0.000
   95 H   0.0377   0.962  0.000  0.000
   96 H   0.0375   0.962  0.000  0.000
   97 H   0.0332   0.967  0.000  0.000
   98 H   0.0357   0.964  0.000  0.000
   99 H   0.0337   0.966  0.000  0.000
  100 H   0.0376   0.962  0.000  0.000
  101 H   0.0378   0.962  0.000  0.000
  102 H   0.0320   0.968  0.000  0.000
  103 H   0.0344   0.966  0.000  0.000
  104 H   0.0328   0.967  0.000  0.000
  105 H   0.0303   0.970  0.000  0.000
  106 H   0.0313   0.969  0.000  0.000
  107 H   0.0351   0.965  0.000  0.000
  108 H   0.0337   0.966  0.000  0.000
  109 H   0.0335   0.967  0.000  0.000
  110 H   0.0297   0.970  0.000  0.000
  111 H   0.0308   0.969  0.000  0.000
  112 H   0.0336   0.966  0.000  0.000
  113 H   0.0336   0.966  0.000  0.000
  114 H   0.0292   0.971  0.000  0.000
  115 H   0.0334   0.967  0.000  0.000
  116 H   0.0290   0.971  0.000  0.000
  117 H   0.0332   0.967  0.000  0.000
  118 H   0.0355   0.964  0.000  0.000
  119 H   0.0308   0.969  0.000  0.000
  120 H   0.0308   0.969  0.000  0.000
  121 H   0.0338   0.966  0.000  0.000
  122 H   0.0302   0.970  0.000  0.000
  123 H   0.0311   0.969  0.000  0.000
  124 H   0.0348   0.965  0.000  0.000
  125 H   0.0322   0.968  0.000  0.000
  126 H   0.0303   0.970  0.000  0.000
  127 H   0.0291   0.971  0.000  0.000
  128 H   0.0326   0.967  0.000  0.000
  129 H   0.0336   0.966  0.000  0.000
  130 H   0.0375   0.962  0.000  0.000
  131 H   0.0288   0.971  0.000  0.000
  132 H   0.0334   0.967  0.000  0.000
  133 H   0.0279   0.972  0.000  0.000
  134 H   0.0327   0.967  0.000  0.000
  135 H   0.0350   0.965  0.000  0.000
  136 H   0.0303   0.970  0.000  0.000
  137 H   0.0327   0.967  0.000  0.000
  138 H   0.0282   0.972  0.000  0.000
 
 Wiberg/Mayer (AO) data. WBOs > 0.1 written file <wbo>
 largest (>0.05) Wiberg bond orders for each atom
           total WBO             WBO to atom ...
     1  C   3.907    O    2 1.780    C   15 1.008    C    3 0.978
     2  O   2.172    C    1 1.780    C   15 0.067    C    3 0.061
     3  C   3.939    C    4 1.388    C    8 1.274    C    1 0.978    C    6 0.086    O    2 0.061
     4  C   3.963    C    5 1.390    C    3 1.388    H   85 0.941    C    7 0.088
     5  C   3.903    C    4 1.390    C    6 1.331    F   44 0.980    C    8 0.086
     6  C   3.912    C    7 1.396    C    5 1.331    F   83 0.984    C    3 0.086
     7  C   3.957    C    6 1.396    C    8 1.376    H   86 0.934    C    4 0.088
     8  C   3.950    C    7 1.376    C    3 1.274    C    9 1.046    C    5 0.086
     9  C   3.934    C   10 1.477    C   15 1.092    C    8 1.046    N   12 0.092    N   14 0.092
    10  C   3.932    C    9 1.477    C   13 1.058    C   11 1.057    N   14 0.079    N   12 0.079
    11  C   3.940    N   12 2.791    C   10 1.057
    12  N   3.049    C   11 2.791    C    9 0.092    C   10 0.079
    13  C   3.940    N   14 2.781    C   10 1.058
    14  N   3.045    C   13 2.781    C    9 0.092    C   10 0.079
    15  C   3.923    C   16 1.513    C    9 1.092    C    1 1.008    O    2 0.067    C   18 0.057
    16  C   3.932    C   15 1.513    C   17 1.238    H   87 0.921
    17  C   3.925    C   18 1.416    C   16 1.238    S   21 1.079    C   20 0.078
    18  C   3.935    C   17 1.416    C   19 1.333    H   88 0.918    S   21 0.074    C   15 0.057
    19  C   3.927    C   20 1.405    C   18 1.333    C   57 0.977    S   21 0.059
    20  C   3.910    C   19 1.405    S   21 1.134    C   22 1.108    C   17 0.078
    21  S   2.528    C   20 1.134    C   17 1.079    C   18 0.074    C   19 0.059
    22  C   3.907    C   49 1.440    C   20 1.108    S   46 1.102    C   47 0.085
    23  C   3.911    C   24 1.347    C   53 1.187    S   27 1.128    C   26 0.070
    24  C   3.921    C   25 1.377    C   23 1.347    C   55 0.975    S   27 0.054
    25  C   3.936    C   26 1.383    C   24 1.377    H   89 0.918    S   27 0.070    C   29 0.051
    26  C   3.916    C   25 1.383    C   28 1.260    S   27 1.069    C   23 0.070
    27  S   2.533    C   23 1.128    C   26 1.069    C   25 0.070    C   24 0.054
    28  C   3.926    C   29 1.488    C   26 1.260    H   90 0.920
    29  C   3.910    C   28 1.488    C   30 1.102    C   42 1.015    O   43 0.067    C   25 0.051
    30  C   3.932    C   31 1.468    C   29 1.102    C   36 1.044    N   35 0.090    N   33 0.090
    31  C   3.927    C   30 1.468    C   34 1.060    C   32 1.059    N   35 0.080    N   33 0.080
    32  C   3.939    N   33 2.787    C   31 1.059
    33  N   3.046    C   32 2.787    C   30 0.090    C   31 0.080
    34  C   3.939    N   35 2.776    C   31 1.060
    35  N   3.042    C   34 2.776    C   30 0.090    C   31 0.080
    36  C   3.949    C   37 1.378    C   41 1.275    C   30 1.044    C   39 0.086
    37  C   3.956    C   38 1.395    C   36 1.378    H   91 0.934    C   40 0.088
    38  C   3.911    C   37 1.395    C   39 1.333    F   84 0.983    C   41 0.087
    39  C   3.902    C   40 1.388    C   38 1.333    F   45 0.979    C   36 0.086
    40  C   3.962    C   41 1.390    C   39 1.388    H   92 0.941    C   37 0.088
    41  C   3.939    C   40 1.390    C   36 1.275    C   42 0.976    C   38 0.087    O   43 0.061
    42  C   3.905    O   43 1.773    C   29 1.015    C   41 0.976
    43  O   2.162    C   42 1.773    C   29 0.067    C   41 0.061
    44  F   1.107    C    5 0.980
    45  F   1.106    C   39 0.979
    46  S   2.513    C   47 1.105    C   22 1.102    C   48 0.064    C   49 0.064
    47  C   3.921    C   48 1.479    C   50 1.144    S   46 1.105    C   22 0.085
    48  C   3.935    C   47 1.479    C   49 1.275    H   93 0.935    S   46 0.064    C   51 0.053
    49  C   3.927    C   22 1.440    C   48 1.275    C   59 0.971    S   46 0.064
    50  C   3.903    C   51 1.454    C   47 1.144    S   54 1.104    C   53 0.079
    51  C   3.945    C   50 1.454    C   52 1.316    H   94 0.936    S   54 0.061    C   48 0.053
    52  C   3.913    C   53 1.386    C   51 1.316    C   71 0.961    S   54 0.062
    53  C   3.916    C   52 1.386    C   23 1.187    S   54 1.097    C   50 0.079
    54  S   2.523    C   50 1.104    C   53 1.097    C   52 0.062    C   51 0.061
    55  C   3.971    C   56 1.005    C   24 0.975    H   96 0.955    H   95 0.954
    56  C   3.984    C   55 1.005    H   97 0.984    H   99 0.984    H   98 0.981
    57  C   3.972    C   58 0.993    C   19 0.977    H  101 0.962    H  100 0.961
    58  C   3.981    C   57 0.993    H  102 0.984    H  104 0.980    H  103 0.979
    59  C   3.950    C   64 1.348    C   60 1.342    C   49 0.971    C   62 0.100
    60  C   3.944    C   61 1.404    C   59 1.342    C   65 0.977    C   63 0.102
    61  C   3.970    C   60 1.404    C   62 1.389    H  105 0.943    C   64 0.102
    62  C   3.948    C   63 1.393    C   61 1.389    C   67 0.980    C   59 0.100
    63  C   3.970    C   64 1.398    C   62 1.393    H  106 0.942    C   60 0.102
    64  C   3.944    C   63 1.398    C   59 1.348    C   69 0.977    C   61 0.102
    65  C   3.971    C   66 0.993    C   60 0.977    H  107 0.963    H  108 0.963
    66  C   3.982    C   65 0.993    H  111 0.984    H  110 0.982    H  109 0.980
    67  C   3.971    C   68 0.990    C   62 0.980    H  112 0.966    H  113 0.966
    68  C   3.982    C   67 0.990    H  116 0.984    H  114 0.984    H  115 0.980
    69  C   3.971    C   70 0.994    C   64 0.977    H  117 0.963    H  118 0.962
    70  C   3.983    C   69 0.994    H  120 0.984    H  121 0.980    H  119 0.980
    71  C   3.950    C   72 1.349    C   76 1.338    C   52 0.961    C   74 0.102
    72  C   3.944    C   73 1.398    C   71 1.349    C   81 0.979    C   75 0.101
    73  C   3.968    C   72 1.398    C   74 1.395    H  122 0.942    C   76 0.101
    74  C   3.947    C   73 1.395    C   75 1.386    C   79 0.980    C   71 0.102
    75  C   3.969    C   76 1.407    C   74 1.386    H  123 0.942    C   72 0.101
    76  C   3.944    C   75 1.407    C   71 1.338    C   77 0.979    C   73 0.101
    77  C   3.971    C   78 0.991    C   76 0.979    H  124 0.966    H  125 0.964
    78  C   3.983    C   77 0.991    H  126 0.984    H  127 0.983    H  128 0.980
    79  C   3.971    C   80 0.991    C   74 0.980    H  129 0.967    H  130 0.964
    80  C   3.983    C   79 0.991    H  133 0.985    H  131 0.984    H  132 0.980
    81  C   3.971    C   82 0.991    C   72 0.979    H  135 0.966    H  134 0.964
    82  C   3.983    C   81 0.991    H  136 0.984    H  138 0.982    H  137 0.980
    83  F   1.113    C    6 0.984
    84  F   1.111    C   38 0.983
    85  H   0.995    C    4 0.941
    86  H   0.993    C    7 0.934
    87  H   0.992    C   16 0.921
    88  H   0.994    C   18 0.918
    89  H   0.993    C   25 0.918
    90  H   0.992    C   28 0.920
    91  H   0.993    C   37 0.934
    92  H   0.995    C   40 0.941
    93  H   0.995    C   48 0.935
    94  H   0.995    C   51 0.936
    95  H   0.996    C   55 0.954
    96  H   0.996    C   55 0.955
    97  H   0.999    C   56 0.984
    98  H   0.997    C   56 0.981
    99  H   0.999    C   56 0.984
   100  H   0.997    C   57 0.961
   101  H   0.997    C   57 0.962
   102  H   0.999    C   58 0.984
   103  H   0.997    C   58 0.979
   104  H   0.999    C   58 0.980
   105  H   0.994    C   61 0.943
   106  H   0.994    C   63 0.942
   107  H   0.997    C   65 0.963
   108  H   0.997    C   65 0.963
   109  H   0.997    C   66 0.980
   110  H   0.999    C   66 0.982
   111  H   0.999    C   66 0.984
   112  H   0.997    C   67 0.966
   113  H   0.997    C   67 0.966
   114  H   0.999    C   68 0.984
   115  H   0.997    C   68 0.980
   116  H   0.999    C   68 0.984
   117  H   0.997    C   69 0.963
   118  H   0.997    C   69 0.962
   119  H   0.999    C   70 0.980
   120  H   0.999    C   70 0.984
   121  H   0.997    C   70 0.980
   122  H   0.994    C   73 0.942
   123  H   0.994    C   75 0.942
   124  H   0.997    C   77 0.966
   125  H   0.997    C   77 0.964
   126  H   0.999    C   78 0.984
   127  H   0.999    C   78 0.983
   128  H   0.997    C   78 0.980
   129  H   0.997    C   79 0.967
   130  H   0.997    C   79 0.964
   131  H   0.999    C   80 0.984
   132  H   0.997    C   80 0.980
   133  H   0.999    C   80 0.985
   134  H   0.997    C   81 0.964
   135  H   0.997    C   81 0.966
   136  H   0.999    C   82 0.984
   137  H   0.997    C   82 0.980
   138  H   0.999    C   82 0.982
 
 --------------------------------------------
          xTB calculation for sTDA...
 --------------------------------------------
 
 reading parameter file /ihome/ghutchison/blp62/xtb4stda/.param_stda2.xtb
 
      method parameters     
 k(s)        :  1.6000
 k(p)        :  2.1800
 k(d)        :  1.9500
 k(f)        :  2.0000
 k(R-V)      :  2.2750
 k(R-R)      :  1.7650
 Tscal       :  0.2580
 Gscal       :  1.0000
 fpol        :  1.0000
 Zcnf        :  0.3430
 Zqf         :  0.0000
 kcn         :  2.7000
 Ryd Hsplit  :  0.7000
 lshift(virt):  3.1000
 lshift(OS)  :  0.2000
 wllscaling  :  2.6000
 
 mowrcut     : 3.000
 
  Z AO/shell   Hii/eV     exponent
  1     Sun Feb 14 09:53:25 CET 2016    EN: 2.327 GAM: 0.473  GM3: 0.0000
     1s    -14.339618    1.220000
     2sp    -3.348946    0.600000
  6     Sun Feb 14 09:53:25 CET 2016    EN: 2.731 GAM: 0.422  GM3: 0.0000
     2s    -22.009312    1.565095
     2p    -13.020408    1.596905
     3sp    -3.914040    0.824500
  7     Sun Feb 14 09:53:25 CET 2016    EN: 3.573 GAM: 0.504  GM3: 0.0000
     2s    -25.722000    2.064844
     2p    -18.684912    1.801692
     3sp    -4.344791    0.921400
  8     Sun Feb 14 09:53:25 CET 2016    EN: 3.700 GAM: 0.587  GM3: 0.0000
     2s    -33.859000    2.418661
     2p    -22.175911    1.973969
     3sp    -4.259392    1.013700
  9     Sun Feb 21 12:20:01 CET 2016    EN: 3.394 GAM: 0.600  GM3: 0.0000
     2s    -26.548112    1.943768
     2p    -23.081168    2.552035
     3sp    -1.937199    1.103200
 16     Sun Feb 21 16:35:57 CET 2016    EN: 1.915 GAM: 0.200  GM3: 0.0000
     3s    -17.898811    2.619580
     3p    -15.317401    1.798798
     4sp    -4.455139    0.843200
 
 Nbf   :          942
 T(el) :     0.0
 calculating S/T integrals ...
 cpu time for ints    1.04047800000000     
 Nao   :          942
 making H0...
 making H1...
 cpu time for H      2.981300000000009E-002
 solving ...
 cpu time for diag   0.879161000000000     
 
 gap (eV)           :   4.791
 Koopmans IP (eV)   :  13.980
 Eel (Eh)           :  -364.085055

          eigenvalues
 #    :         197        198        199        200        201        202        203        204
 occ. :        2.000      2.000      2.000      2.000      2.000      2.000      2.000      2.000
 eps  :       -16.334    -16.297    -16.214    -16.162    -16.128    -16.121    -15.977    -15.837
 #    :         205        206        207        208        209        210        211        212
 occ. :        2.000      2.000      2.000      2.000      2.000      0.000      0.000      0.000
 eps  :       -15.730    -15.697    -15.562    -14.852    -13.982     -9.190     -9.013     -8.734
 #    :         213        214        215        216        217        218        219        220
 occ. :        0.000      0.000      0.000      0.000      0.000      0.000      0.000      0.000
 eps  :        -8.627     -7.523     -6.918     -6.674     -6.276     -6.110     -5.991     -5.965
                            1  SCC done.
 writing mo output ...
 molden style : F
 
speedup  1.00
cpu  time for all    2.18 s
wall time for all    2.19 s
