 
        ______________________________________
       |                                      |
       |          ===================         |
       |             xTB for sTDA             |
       |          ===================         |
       |               S. Grimme              |
       |        Universitaet Bonn, MCTC       |
       |         2015-19, Version 1.0         |
       |     Wed Apr  3 09:14:55 CEST 2019    |
       |______________________________________|
 
        This code comes without any warranty
        for non-commercial, academia use only.
        Preliminary test version.
        Cite this work as:
        S. Grimme  &  C. Bannwarth, JCP 145 (2016) 054103
        if GBSA is used additionally:
        P. Shushkov, F. März, C. Bannwarth, S. Grimme, unpublished.
 
        with help from
        P. Shushkov, G. Brandenburg, S. Dohm, J. Pisarek,
        F. März, M. Checinski, S. Ehrlich, S. Spicher, 
        P. Pracht, E. Caldeweyher, S. Ehlert, and C. Bannwarth.
 
        usage        :
        xtb4stda <coord_file> [options]
        where <coord_file> is a valid file of TM)
        (*coord, Bohr) or xmol (*xyz, Angstroem)
        format.

        options:
        -chrg <int>   : molecular charge
        -uhf  <int>   : # of unpaired electrons(=2*S)
        -nox          : skip second, extended part in sTDA-xTB
        -pop          : do population analysis
                      : (default for -nox)
        -mowr <real>  : cut MO write above (def.3 Eh)
        -molden       : write formatted molden file
        -parx <file>  : read parameters for sTDA-xTB
                        calc (def:~/.param_stda2.xtb)
        -parv <file>  : read parameters for vTB part in
                        sTDA-xTB (def: ~/.param_stda1.xtb)
        -xtemp <real> : el. temp for xTB (def. 0 K)
        -etemp <real> : el. temp for GFN (def. 300 K)
        -fod          : calculate the FOD and write
                        molden.input file with
                        appropriate occupations
                        for plotting. Def. T=12500 K
 
        -acc <real>   : xTB accuracy (def. 1.0)
        -gbsa [string1] [string2]
                        use GBSA implicit solvent
                        for solvent [string1] and
                        solvation state [string2]=
                        reference, bar1M (default=1M)
        additional GFN/opt/MD/siman options read from
        $XTB4STDAHOME/.xtb4stdarc or $set in input
 
       spin and charge state information can be on:
       <.CHRG> (charge) and <.UHF> (=nalpha-nbeta)
       -uhf and -chrg override the file info.
       useful machine settings:
       setenv MKL_NUM_THREADS <NCORE_ON_YOUR_MACHINE>
       setenv OMP_STACKSIZE 500m
       limit stacksize unlimited
 
       total energies in Eh, gaps/HL energies in eV
       please read REVISION and HOWTO files carefully
 =============================
  # OMP threads =           1
 =============================
 
 xtb4stdahome directory:/ihome/ghutchison/blp62/xtb4stda/
 
 
 name of molecule           :
 comment line               :
 number of atoms            :   153
 number of electrons        :   476
 charge                     :  0
 spin                       : 0.0
 first test random number   :  0.5261
 
 -----------------------------------------
      charge density (VTB) calculation
 -----------------------------------------
 
      method parameters     
 k(s)        :  1.8000
 k(p)        :  2.8350
 k(d)        :  2.0860
 k(f)        :  2.0000
 Tscal       :  0.3300
 Gscal       :  0.3910
 fpol        :  1.0000
 Zcnf        :  0.6500
 Zqf         :  0.0000
 kcn         :  0.3000
 kEN1        : -0.5900
 wllscal     :  2.6000
 
     -------------------------
     ! NO SOLVENT MODEL USED !
     -------------------------
 
 doing EN charges ...
 sum q : -0.7771561D-15
 point charge moment (au)
     X       Y       Z   
   0.0139  -0.0655   0.0410  total (Debye):    0.199
 
            Z      q(EN)   CN      Cart. coordinates
     1  C   4.0  -0.008   3.362    -0.23886   -12.91042    -3.94896
     2  C   4.0  -0.000   3.422    -2.14937   -14.02989    -2.44436
     3  C   4.0  -0.063   3.178    -1.85477   -16.46537    -1.60079
     4  C   4.0  -0.009   3.370     0.40005   -17.69842    -2.18774
     5  C   4.0   0.001   3.401     2.30962   -16.59425    -3.70840
     6  C   4.0  -0.064   3.177     1.97231   -14.17824    -4.61320
     7  C   4.0  -0.099   3.373     1.28218   -20.10838    -1.38177
     8  C   4.0  -0.013   3.574     3.69460   -20.55814    -2.35800
     9  C   4.0  -0.030   4.202     4.54271   -18.38250    -4.00414
    10  C   4.0  -0.095   3.376    -1.03916   -10.39538    -4.49963
    11  C   4.0  -0.013   3.579    -3.37732    -9.91180    -3.41851
    12  C   4.0  -0.031   4.214    -4.33598   -12.21103    -2.03316
    13  S   6.0   0.231   2.642     0.20617   -22.44787     0.55728
    14  C   4.0  -0.081   3.199     3.04189   -24.12538     0.09335
    15  C   4.0  -0.082   3.345     4.67764   -22.82184    -1.54995
    16  S   6.0   0.231   2.634     0.24302    -7.78775    -5.94659
    17  C   4.0  -0.085   3.248    -2.35611    -5.98079    -5.00796
    18  C   4.0  -0.082   3.343    -4.11960    -7.40716    -3.69725
    19  C   4.0  -0.161   4.096     6.99898   -17.32104    -2.83591
    20  C   4.0  -0.162   4.091     4.89666   -19.39104    -6.72818
    21  C   4.0  -0.162   4.096    -6.72176   -13.33580    -3.26753
    22  C   4.0  -0.162   4.098    -4.68595   -11.47120     0.76647
    23  C   4.0  -0.073   3.195     3.71709   -26.41591     1.21037
    24  C   4.0  -0.003   3.277     2.45834   -27.90180     2.94004
    25  C   4.0   0.103   3.239    -0.02740   -27.37022     4.02512
    26  C   4.0  -0.006   3.355    -0.52591   -29.42681     5.85116
    27  C   4.0  -0.006   3.351     1.52066   -31.11585     5.85002
    28  C   4.0  -0.008   3.324     3.40888   -30.22106     4.03268
    29  C   4.0  -0.067   3.179    -2.60952   -29.76092     7.38354
    30  C   4.0   0.024   3.178    -2.63163   -31.85152     8.96032
    31  C   4.0   0.024   3.180    -0.60944   -33.54018     8.97582
    32  C   4.0  -0.068   3.186     1.48306   -33.20248     7.43173
    33  O   6.0  -0.120   1.201    -1.43940   -25.61335     3.55968
    34  C   4.0  -0.037   3.119     5.64801   -31.42142     3.51508
    35  C   4.0   0.235   2.161     7.49333   -30.60827     1.77294
    36  C   4.0   0.236   2.165     6.42960   -33.68966     4.67783
    37  N   5.0  -0.215   1.026     7.17964   -35.52817     5.55126
    38  N   5.0  -0.214   1.027     9.09204   -30.08841     0.39854
    39  C   4.0   0.002   3.266    -2.37350    -3.30872    -5.41690
    40  C   4.0   0.066   3.716    -0.33240    -2.09533    -6.66374
    41  C   4.0   0.068   3.675    -0.13927     0.61341    -6.79508
    42  C   4.0   0.001   3.261    -2.00859     2.16638    -5.65047
    43  C   4.0  -0.075   3.208    -4.05838     0.90253    -4.60281
    44  C   4.0  -0.071   3.184    -4.24508    -1.71417    -4.49226
    45  N   5.0  -0.319   2.240     1.60494    -3.23616    -7.78529
    46  S   6.0   0.447   2.875     3.48352    -1.13081    -8.90817
    47  N   5.0  -0.304   2.154     1.94226     1.33339    -8.01395
    48  C   4.0  -0.008   3.362    -1.95322    11.76827    -3.02810
    49  C   4.0  -0.000   3.425     0.24907    12.94954    -3.98997
    50  C   4.0  -0.063   3.176     0.90688    15.31906    -3.15792
    51  C   4.0  -0.008   3.361    -0.70430    16.49995    -1.43657
    52  C   4.0  -0.000   3.424    -2.98237    15.37859    -0.59167
    53  C   4.0  -0.063   3.176    -3.59634    12.97240    -1.36041
    54  C   4.0  -0.102   3.371    -0.42878    18.81997    -0.10299
    55  C   4.0  -0.013   3.572    -2.46231    19.20661     1.53805
    56  C   4.0  -0.031   4.214    -4.35053    17.08804     1.26895
    57  C   4.0  -0.098   3.379    -1.95606     9.24530    -3.97013
    58  C   4.0  -0.013   3.576     0.13417     8.79894    -5.48436
    59  C   4.0  -0.031   4.217     1.67751    11.18151    -5.75119
    60  S   6.0   0.221   2.543     1.78352    21.15378     0.06916
    61  C   4.0  -0.080   3.195    -0.01077    22.70600     2.42811
    62  C   4.0  -0.081   3.324    -2.25066    21.40436     2.92643
    63  S   6.0   0.224   2.547    -3.78909     6.60516    -3.55042
    64  C   4.0  -0.085   3.247    -1.69735     4.84223    -5.42257
    65  C   4.0  -0.082   3.345     0.25606     6.31395    -6.34173
    66  C   4.0  -0.162   4.093    -4.79480    15.65317     3.76207
    67  C   4.0  -0.162   4.101    -6.77939    18.21507     0.10545
    68  C   4.0  -0.162   4.094     4.40760    10.86876    -4.79329
    69  C   4.0  -0.162   4.100     1.49137    12.05551    -8.52928
    70  C   4.0  -0.077   3.226     1.05957    24.90281     3.43855
    71  C   4.0  -0.001   3.260     0.35527    26.41837     5.43296
    72  C   4.0   0.100   3.213    -1.73987    26.05762     7.23198
    73  C   4.0  -0.007   3.357    -1.40123    28.02860     9.18917
    74  C   4.0  -0.006   3.346     0.69618    29.53490     8.59088
    75  C   4.0  -0.008   3.328     1.78579    28.62292     6.21795
    76  C   4.0  -0.067   3.179    -2.84007    28.42753    11.32853
    77  C   4.0   0.024   3.178    -2.14087    30.39152    12.91155
    78  C   4.0   0.024   3.180    -0.05405    31.89593    12.33878
    79  C   4.0  -0.068   3.187     1.38479    31.49701    10.18430
    80  O   6.0  -0.105   1.056    -3.42664    24.49992     7.22026
    81  C   4.0  -0.037   3.120     3.76509    29.75336     4.98453
    82  C   4.0   0.235   2.170     5.06012    31.89914     5.89670
    83  C   4.0   0.234   2.165     4.79801    29.02581     2.63560
    84  N   5.0  -0.214   1.027     5.75100    28.60629     0.73038
    85  N   5.0  -0.215   1.027     6.20473    33.63051     6.52730
    86  F   7.0  -0.026   1.064    -4.61301   -32.25139    10.48420
    87  F   7.0  -0.026   1.067    -0.67784   -35.54272    10.51992
    88  F   7.0  -0.026   1.067     0.58676    33.77507    13.90612
    89  F   7.0  -0.026   1.064    -3.47710    30.84694    15.01255
    90  C   4.0  -0.241   4.018    -8.86376    16.31930    -0.47678
    91  C   4.0  -0.242   4.019    -6.13481    17.14700     5.82565
    92  C   4.0  -0.242   4.018     2.81777    14.53596    -9.13494
    93  C   4.0  -0.242   4.019     6.06489     9.10054    -6.34646
    94  C   4.0  -0.241   4.019    -9.04045   -11.63315    -3.18759
    95  C   4.0  -0.242   4.017    -5.60890   -13.54650     2.53393
    96  C   4.0  -0.242   4.015     8.35580   -15.24574    -4.29497
    97  C   4.0  -0.242   4.019     4.41138   -17.52702    -8.86886
    98  H   1.0   0.076   1.006    -3.26828   -17.43612    -0.50040
    99  H   1.0   0.076   1.006     3.33933   -13.23375    -5.78974
   100  H   1.0   0.079   1.004     6.49801   -23.57490    -2.05224
   101  H   1.0   0.080   1.005    -5.83358    -6.61782    -2.94816
   102  H   1.0   0.081   1.004     6.53656   -16.61995    -0.94789
   103  H   1.0   0.082   1.004     8.30005   -18.90803    -2.60461
   104  H   1.0   0.082   1.004     6.81435   -20.13673    -6.87955
   105  H   1.0   0.082   1.005     3.59993   -20.97955    -6.98121
   106  H   1.0   0.083   1.004    -7.15016   -15.12877    -2.34534
   107  H   1.0   0.082   1.004    -6.26350   -13.75210    -5.23870
   108  H   1.0   0.082   1.005    -6.01273    -9.89347     0.83337
   109  H   1.0   0.082   1.004    -2.86747   -10.77049     1.45301
   110  H   1.0   0.076   1.013     5.56316   -27.07599     0.62172
   111  H   1.0   0.076   1.005    -4.16703   -28.44737     7.36370
   112  H   1.0   0.077   1.007     2.99408   -34.56403     7.52092
   113  H   1.0   0.075   1.012    -5.55069     2.01539    -3.76377
   114  H   1.0   0.076   1.006    -5.87932    -2.51976    -3.57971
   115  H   1.0   0.076   1.006     2.62785    16.24994    -3.73070
   116  H   1.0   0.076   1.006    -5.24172    11.98483    -0.67236
   117  H   1.0   0.081   1.008    -3.60087    22.10450     4.26795
   118  H   1.0   0.081   1.007     1.67713     5.52764    -7.55720
   119  H   1.0   0.083   1.004    -5.88442    13.95374     3.34330
   120  H   1.0   0.081   1.004    -2.94986    15.04052     4.46297
   121  H   1.0   0.082   1.004    -6.24479    19.17505    -1.64463
   122  H   1.0   0.083   1.004    -7.49465    19.65032     1.40104
   123  H   1.0   0.081   1.004     4.30763    10.16521    -2.85292
   124  H   1.0   0.083   1.004     5.28764    12.73146    -4.72469
   125  H   1.0   0.082   1.004    -0.51457    12.24278    -8.98867
   126  H   1.0   0.082   1.004     2.25633    10.55563    -9.71999
   127  H   1.0   0.076   1.018     2.79925    25.44044     2.50219
   128  H   1.0   0.076   1.005    -4.44974    27.25514    11.76109
   129  H   1.0   0.077   1.007     2.97953    32.71323     9.83508
   130  H   1.0   0.081   0.999   -10.49837    17.31688    -1.22435
   131  H   1.0   0.082   1.000    -8.24809    14.96077    -1.88803
   132  H   1.0   0.082   0.999    -9.45203    15.30848     1.21075
   133  H   1.0   0.083   1.000    -5.05974    18.80882     6.36479
   134  H   1.0   0.082   0.999    -8.00828    17.73678     5.22793
   135  H   1.0   0.081   0.999    -6.34438    15.95949     7.49087
   136  H   1.0   0.081   0.999     2.61708    14.94169   -11.14031
   137  H   1.0   0.082   0.999     4.82258    14.44166    -8.70275
   138  H   1.0   0.082   1.000     1.98213    16.09064    -8.08576
   139  H   1.0   0.083   1.000     5.30541     7.19475    -6.35893
   140  H   1.0   0.082   0.999     6.24876     9.75477    -8.28361
   141  H   1.0   0.081   0.999     7.94497     9.03081    -5.51705
   142  H   1.0   0.081   0.999   -10.61535   -12.57613    -4.11318
   143  H   1.0   0.082   0.999    -9.59565   -11.21326    -1.25591
   144  H   1.0   0.082   1.000    -8.68405    -9.86928    -4.17648
   145  H   1.0   0.082   1.000    -4.20936   -15.03428     2.72706
   146  H   1.0   0.082   0.999    -7.37201   -14.36778     1.87688
   147  H   1.0   0.081   0.999    -5.93733   -12.74545     4.39909
   148  H   1.0   0.081   0.999    10.04257   -14.69375    -3.25600
   149  H   1.0   0.082   1.000     7.17680   -13.58108    -4.50870
   150  H   1.0   0.082   0.999     8.94483   -15.90280    -6.14822
   151  H   1.0   0.083   1.000     5.63649   -15.88655    -8.75548
   152  H   1.0   0.081   0.999     4.76476   -18.46546   -10.66429
   153  H   1.0   0.082   1.000     2.45797   -16.89207    -8.85337
 
  Z AO/shell   Hii/eV     exponent
  1     Sat Feb 20 21:38:01 CET 2016    EN: 2.327 GAM: 0.473  GM3: 0.0000
     1s    -13.751157    1.051071
  6     Sat Feb 20 21:38:01 CET 2016    EN: 2.731 GAM: 0.422  GM3: 0.0000
     2s    -19.378245    2.021003
     2p    -11.993376    1.497917
  7     Sat Feb 20 21:38:01 CET 2016    EN: 3.573 GAM: 0.504  GM3: 0.0000
     2s    -21.576984    2.275442
     2p    -16.125120    2.056788
  8     Sat Feb 20 21:38:01 CET 2016    EN: 3.700 GAM: 0.587  GM3: 0.0000
     2s    -21.648843    2.110798
     2p    -17.239740    2.329048
  9     Sat Feb 20 21:51:24 CET 2016    EN: 3.394 GAM: 0.669  GM3: 0.0000
     2s    -19.384211    2.614957
     2p    -19.426034    2.777297
 16     Sat Feb 20 23:13:41 CET 2016    EN: 1.915 GAM: 0.389  GM3: 0.0000
     3s    -22.000000    2.671470
     3p    -15.834192    1.836978
     3d     -2.593599    1.836978
 
 dipole moment of classical point charges (au)
     X       Y       Z   
   0.0139  -0.0655   0.0410  total (Debye):    0.199

 
 Nbf   :          474
 T(el) :   300.0
 calculating S/T integrals ...
 cpu time for ints   7.120200000000000E-002
 Nao   :          469
 making H0...
 making H1...
 cpu time for H      1.152700000000000E-002
 solving ...
 cpu time for diag   3.779500000000000E-002
 
 gap (eV)           :   1.216
 Koopmans IP (eV)   :  12.046
 Eel (Eh)           :  -372.014195
 T,E(Fermi),NFOD :    300.000   -11.438  0.000000
 T,E(Fermi),NFOD :    300.000   -11.438  0.000000
 Nfod               :  0.0000
 Nfod/Nel           :  0.0000

          eigenvalues
 #    :         226        227        228        229        230        231        232        233
 occ. :        2.000      2.000      2.000      2.000      2.000      2.000      2.000      2.000
 eps  :       -15.492    -15.393    -15.346    -15.311    -15.270    -15.228    -14.933    -14.514
 #    :         234        235        236        237        238        239        240        241
 occ. :        2.000      2.000      2.000      2.000      2.000      0.000      0.000      0.000
 eps  :       -14.498    -13.845    -13.260    -12.728    -12.047    -10.832     -9.871     -9.819
 #    :         242        243        244        245        246        247        248        249
 occ. :        0.000      0.000      0.000      0.000      0.000      0.000      0.000      0.000
 eps  :        -9.532     -9.466     -8.361     -8.319     -8.001     -7.892     -7.839     -7.806
                            1  SCC done.
 making H1...
 cpu time for H      4.769899999999999E-002
 solving ...
 cpu time for diag   3.169300000000000E-002
 
 gap (eV)           :   1.629
 Koopmans IP (eV)   :  12.251
 Eel (Eh)           :  -372.277333
 T,E(Fermi),NFOD :    300.000   -11.437  0.000000
 T,E(Fermi),NFOD :    300.000   -11.437  0.000000
 Nfod               :  0.0000
 Nfod/Nel           :  0.0000

          eigenvalues
 #    :         226        227        228        229        230        231        232        233
 occ. :        2.000      2.000      2.000      2.000      2.000      2.000      2.000      2.000
 eps  :       -15.400    -15.389    -15.262    -15.228    -15.025    -14.566    -14.498    -14.346
 #    :         234        235        236        237        238        239        240        241
 occ. :        2.000      2.000      2.000      2.000      2.000      0.000      0.000      0.000
 eps  :       -14.296    -14.024    -13.397    -12.877    -12.252    -10.623    -10.011    -10.008
 #    :         242        243        244        245        246        247        248        249
 occ. :        0.000      0.000      0.000      0.000      0.000      0.000      0.000      0.000
 eps  :        -9.419     -9.408     -8.458     -8.300     -8.043     -7.989     -7.927     -7.745
                            2  SCC done.
 
 
 Mulliken/CM5 charges    n(s)   n(p)   n(d)   
    1 C   0.0033 -0.0003   1.168  2.828  0.000
    2 C  -0.0168 -0.0238   1.198  2.819  0.000
    3 C  -0.0304 -0.0813   1.144  2.887  0.000
    4 C  -0.0022 -0.0057   1.164  2.838  0.000
    5 C  -0.0164 -0.0232   1.201  2.816  0.000
    6 C  -0.0302 -0.0818   1.142  2.889  0.000
    7 C  -0.0384 -0.0251   1.198  2.841  0.000
    8 C  -0.0484 -0.0544   1.194  2.854  0.000
    9 C   0.0171 -0.0001   1.245  2.738  0.000
   10 C  -0.0421 -0.0292   1.179  2.863  0.000
   11 C  -0.0615 -0.0670   1.198  2.863  0.000
   12 C   0.0174 -0.0001   1.241  2.741  0.000
   13 S   0.1591  0.1284   1.890  3.887  0.064
   14 C  -0.0089 -0.0033   1.164  2.845  0.000
   15 C  -0.0548 -0.1053   1.153  2.902  0.000
   16 S   0.1336  0.1044   1.888  3.928  0.050
   17 C  -0.0270 -0.0166   1.176  2.851  0.000
   18 C  -0.0671 -0.1176   1.140  2.927  0.000
   19 C  -0.0451 -0.1519   1.148  2.897  0.000
   20 C  -0.0444 -0.1514   1.147  2.898  0.000
   21 C  -0.0438 -0.1509   1.144  2.900  0.000
   22 C  -0.0460 -0.1530   1.146  2.900  0.000
   23 C  -0.0011 -0.0489   1.154  2.847  0.000
   24 C  -0.0311 -0.0329   1.169  2.862  0.000
   25 C   0.1358  0.1713   1.173  2.692  0.000
   26 C  -0.0217 -0.0234   1.183  2.839  0.000
   27 C  -0.0055 -0.0086   1.168  2.838  0.000
   28 C   0.0171  0.0165   1.196  2.787  0.000
   29 C  -0.0074 -0.0546   1.138  2.870  0.000
   30 C   0.1068  0.1235   1.162  2.731  0.000
   31 C   0.1075  0.1240   1.161  2.732  0.000
   32 C  -0.0181 -0.0654   1.141  2.878  0.000
   33 O  -0.2232 -0.2691   1.622  4.601  0.000
   34 C   0.0042  0.0104   1.114  2.881  0.000
   35 C   0.0988  0.2164   1.172  2.730  0.000
   36 C   0.0961  0.2152   1.171  2.733  0.000
   37 N  -0.2087 -0.3389   1.642  3.567  0.000
   38 N  -0.2133 -0.3437   1.642  3.571  0.000
   39 C   0.0134  0.0153   1.161  2.826  0.000
   40 C   0.0181  0.1049   1.212  2.770  0.000
   41 C   0.0191  0.1041   1.211  2.770  0.000
   42 C   0.0108  0.0122   1.161  2.828  0.000
   43 C  -0.0367 -0.0886   1.139  2.897  0.000
   44 C  -0.0399 -0.0929   1.139  2.901  0.000
   45 N  -0.2053 -0.3732   1.528  3.678  0.000
   46 S   0.2658  0.4042   1.908  3.665  0.162
   47 N  -0.2112 -0.3835   1.527  3.684  0.000
   48 C   0.0029 -0.0006   1.168  2.830  0.000
   49 C  -0.0161 -0.0233   1.198  2.818  0.000
   50 C  -0.0299 -0.0810   1.143  2.887  0.000
   51 C  -0.0016 -0.0051   1.163  2.838  0.000
   52 C  -0.0170 -0.0241   1.201  2.816  0.000
   53 C  -0.0313 -0.0824   1.141  2.891  0.000
   54 C  -0.0263 -0.0129   1.186  2.840  0.000
   55 C  -0.0501 -0.0554   1.197  2.853  0.000
   56 C   0.0164 -0.0009   1.241  2.742  0.000
   57 C  -0.0424 -0.0295   1.176  2.866  0.000
   58 C  -0.0580 -0.0631   1.199  2.859  0.000
   59 C   0.0181  0.0007   1.242  2.740  0.000
   60 S   0.1387  0.1028   1.888  3.928  0.046
   61 C  -0.0093 -0.0042   1.166  2.843  0.000
   62 C  -0.0543 -0.1037   1.158  2.896  0.000
   63 S   0.1138  0.0769   1.887  3.950  0.049
   64 C  -0.0267 -0.0171   1.177  2.850  0.000
   65 C  -0.0622 -0.1104   1.144  2.918  0.000
   66 C  -0.0441 -0.1513   1.144  2.900  0.000
   67 C  -0.0443 -0.1514   1.146  2.898  0.000
   68 C  -0.0441 -0.1514   1.144  2.901  0.000
   69 C  -0.0445 -0.1515   1.146  2.899  0.000
   70 C  -0.0030 -0.0501   1.156  2.847  0.000
   71 C  -0.0344 -0.0368   1.175  2.859  0.000
   72 C   0.1365  0.1711   1.172  2.691  0.000
   73 C  -0.0252 -0.0268   1.184  2.841  0.000
   74 C  -0.0052 -0.0082   1.167  2.838  0.000
   75 C   0.0144  0.0136   1.197  2.789  0.000
   76 C  -0.0083 -0.0555   1.138  2.870  0.000
   77 C   0.1066  0.1233   1.162  2.731  0.000
   78 C   0.1085  0.1250   1.161  2.730  0.000
   79 C  -0.0180 -0.0653   1.141  2.877  0.000
   80 O  -0.2268 -0.2831   1.622  4.605  0.000
   81 C   0.0070  0.0130   1.115  2.878  0.000
   82 C   0.0956  0.2147   1.172  2.733  0.000
   83 C   0.0966  0.2139   1.172  2.731  0.000
   84 N  -0.2089 -0.3390   1.642  3.567  0.000
   85 N  -0.2076 -0.3379   1.642  3.566  0.000
   86 F  -0.1164 -0.1394   1.676  5.440  0.000
   87 F  -0.1133 -0.1366   1.675  5.438  0.000
   88 F  -0.1129 -0.1362   1.675  5.438  0.000
   89 F  -0.1163 -0.1393   1.676  5.440  0.000
   90 C  -0.0913 -0.2441   1.090  3.001  0.000
   91 C  -0.0902 -0.2432   1.090  3.001  0.000
   92 C  -0.0915 -0.2443   1.090  3.001  0.000
   93 C  -0.0904 -0.2434   1.090  3.001  0.000
   94 C  -0.0908 -0.2435   1.090  3.001  0.000
   95 C  -0.0915 -0.2446   1.090  3.001  0.000
   96 C  -0.0907 -0.2440   1.091  3.000  0.000
   97 C  -0.0914 -0.2443   1.092  2.999  0.000
   98 H   0.0497  0.1090   0.950  0.000  0.000
   99 H   0.0501  0.1098   0.950  0.000  0.000
  100 H   0.0590  0.1170   0.941  0.000  0.000
  101 H   0.0534  0.1122   0.947  0.000  0.000
  102 H   0.0336  0.0908   0.966  0.000  0.000
  103 H   0.0344  0.0917   0.966  0.000  0.000
  104 H   0.0358  0.0927   0.964  0.000  0.000
  105 H   0.0343  0.0919   0.966  0.000  0.000
  106 H   0.0379  0.0954   0.962  0.000  0.000
  107 H   0.0341  0.0913   0.966  0.000  0.000
  108 H   0.0358  0.0936   0.964  0.000  0.000
  109 H   0.0336  0.0909   0.966  0.000  0.000
  110 H   0.0635  0.1317   0.936  0.000  0.000
  111 H   0.0597  0.1193   0.940  0.000  0.000
  112 H   0.0617  0.1269   0.938  0.000  0.000
  113 H   0.0506  0.1112   0.949  0.000  0.000
  114 H   0.0518  0.1105   0.948  0.000  0.000
  115 H   0.0489  0.1079   0.951  0.000  0.000
  116 H   0.0475  0.1065   0.953  0.000  0.000
  117 H   0.0717  0.1433   0.928  0.000  0.000
  118 H   0.0606  0.1287   0.939  0.000  0.000
  119 H   0.0374  0.0950   0.963  0.000  0.000
  120 H   0.0332  0.0903   0.967  0.000  0.000
  121 H   0.0331  0.0904   0.967  0.000  0.000
  122 H   0.0383  0.0959   0.962  0.000  0.000
  123 H   0.0333  0.0904   0.967  0.000  0.000
  124 H   0.0376  0.0953   0.962  0.000  0.000
  125 H   0.0331  0.0905   0.967  0.000  0.000
  126 H   0.0376  0.0951   0.962  0.000  0.000
  127 H   0.0654  0.1353   0.935  0.000  0.000
  128 H   0.0593  0.1189   0.941  0.000  0.000
  129 H   0.0621  0.1274   0.938  0.000  0.000
  130 H   0.0380  0.0897   0.962  0.000  0.000
  131 H   0.0311  0.0849   0.969  0.000  0.000
  132 H   0.0312  0.0845   0.969  0.000  0.000
  133 H   0.0353  0.0899   0.965  0.000  0.000
  134 H   0.0318  0.0850   0.968  0.000  0.000
  135 H   0.0374  0.0892   0.963  0.000  0.000
  136 H   0.0378  0.0896   0.962  0.000  0.000
  137 H   0.0315  0.0848   0.968  0.000  0.000
  138 H   0.0310  0.0848   0.969  0.000  0.000
  139 H   0.0339  0.0881   0.966  0.000  0.000
  140 H   0.0317  0.0850   0.968  0.000  0.000
  141 H   0.0374  0.0892   0.963  0.000  0.000
  142 H   0.0376  0.0893   0.962  0.000  0.000
  143 H   0.0310  0.0843   0.969  0.000  0.000
  144 H   0.0307  0.0846   0.969  0.000  0.000
  145 H   0.0332  0.0869   0.967  0.000  0.000
  146 H   0.0316  0.0849   0.968  0.000  0.000
  147 H   0.0375  0.0893   0.962  0.000  0.000
  148 H   0.0383  0.0900   0.962  0.000  0.000
  149 H   0.0331  0.0867   0.967  0.000  0.000
  150 H   0.0326  0.0859   0.967  0.000  0.000
  151 H   0.0327  0.0865   0.967  0.000  0.000
  152 H   0.0377  0.0895   0.962  0.000  0.000
  153 H   0.0316  0.0857   0.968  0.000  0.000
 
 Loewdin charges    n(s)   n(p)   n(d)
    1 C   0.0065   1.126  2.867  0.000
    2 C  -0.0150   1.158  2.857  0.000
    3 C  -0.0282   1.091  2.937  0.000
    4 C  -0.0012   1.123  2.879  0.000
    5 C  -0.0136   1.161  2.853  0.000
    6 C  -0.0297   1.090  2.940  0.000
    7 C  -0.0110   1.151  2.860  0.000
    8 C  -0.0487   1.156  2.893  0.000
    9 C   0.0251   1.206  2.769  0.000
   10 C  -0.0196   1.134  2.886  0.000
   11 C  -0.0607   1.160  2.901  0.000
   12 C   0.0256   1.202  2.772  0.000
   13 S   0.1160   1.877  3.886  0.122
   14 C   0.0124   1.120  2.868  0.000
   15 C  -0.0488   1.101  2.948  0.000
   16 S   0.0950   1.875  3.925  0.105
   17 C  -0.0041   1.131  2.873  0.000
   18 C  -0.0662   1.090  2.976  0.000
   19 C  -0.0406   1.089  2.952  0.000
   20 C  -0.0400   1.087  2.953  0.000
   21 C  -0.0394   1.085  2.955  0.000
   22 C  -0.0417   1.086  2.955  0.000
   23 C   0.0064   1.100  2.893  0.000
   24 C  -0.0396   1.131  2.909  0.000
   25 C   0.1269   1.138  2.735  0.000
   26 C  -0.0236   1.142  2.881  0.000
   27 C  -0.0020   1.125  2.877  0.000
   28 C   0.0283   1.151  2.820  0.000
   29 C  -0.0048   1.085  2.920  0.000
   30 C   0.0951   1.128  2.777  0.000
   31 C   0.0964   1.127  2.777  0.000
   32 C  -0.0175   1.088  2.929  0.000
   33 O  -0.2047   1.591  4.614  0.000
   34 C  -0.0078   1.073  2.935  0.000
   35 C   0.0932   1.137  2.770  0.000
   36 C   0.0901   1.137  2.773  0.000
   37 N  -0.1980   1.604  3.594  0.000
   38 N  -0.2024   1.604  3.598  0.000
   39 C   0.0134   1.119  2.867  0.000
   40 C   0.0119   1.179  2.809  0.000
   41 C   0.0130   1.178  2.809  0.000
   42 C   0.0109   1.120  2.869  0.000
   43 C  -0.0310   1.086  2.945  0.000
   44 C  -0.0343   1.086  2.949  0.000
   45 N  -0.1636   1.490  3.674  0.000
   46 S   0.2009   1.900  3.671  0.229
   47 N  -0.1696   1.489  3.681  0.000
   48 C   0.0060   1.125  2.869  0.000
   49 C  -0.0144   1.159  2.856  0.000
   50 C  -0.0276   1.091  2.937  0.000
   51 C  -0.0006   1.121  2.879  0.000
   52 C  -0.0139   1.161  2.853  0.000
   53 C  -0.0302   1.089  2.941  0.000
   54 C   0.0011   1.140  2.859  0.000
   55 C  -0.0506   1.159  2.892  0.000
   56 C   0.0244   1.202  2.773  0.000
   57 C  -0.0192   1.131  2.888  0.000
   58 C  -0.0573   1.160  2.897  0.000
   59 C   0.0263   1.202  2.771  0.000
   60 S   0.1008   1.874  3.925  0.100
   61 C   0.0126   1.121  2.867  0.000
   62 C  -0.0513   1.107  2.944  0.000
   63 S   0.0759   1.873  3.947  0.104
   64 C  -0.0036   1.131  2.872  0.000
   65 C  -0.0613   1.093  2.968  0.000
   66 C  -0.0400   1.084  2.956  0.000
   67 C  -0.0399   1.087  2.953  0.000
   68 C  -0.0400   1.084  2.956  0.000
   69 C  -0.0401   1.086  2.954  0.000
   70 C   0.0056   1.102  2.892  0.000
   71 C  -0.0426   1.138  2.905  0.000
   72 C   0.1276   1.138  2.735  0.000
   73 C  -0.0272   1.144  2.883  0.000
   74 C  -0.0016   1.125  2.877  0.000
   75 C   0.0257   1.153  2.822  0.000
   76 C  -0.0058   1.085  2.921  0.000
   77 C   0.0950   1.128  2.777  0.000
   78 C   0.0975   1.127  2.776  0.000
   79 C  -0.0175   1.088  2.929  0.000
   80 O  -0.2102   1.590  4.620  0.000
   81 C  -0.0051   1.074  2.931  0.000
   82 C   0.0898   1.137  2.773  0.000
   83 C   0.0912   1.138  2.771  0.000
   84 N  -0.1983   1.604  3.595  0.000
   85 N  -0.1969   1.604  3.593  0.000
   86 F  -0.0987   1.659  5.440  0.000
   87 F  -0.0957   1.658  5.438  0.000
   88 F  -0.0953   1.658  5.438  0.000
   89 F  -0.0986   1.659  5.440  0.000
   90 C  -0.0935   1.017  3.076  0.000
   91 C  -0.0925   1.017  3.076  0.000
   92 C  -0.0937   1.017  3.076  0.000
   93 C  -0.0928   1.017  3.076  0.000
   94 C  -0.0930   1.017  3.076  0.000
   95 C  -0.0939   1.018  3.076  0.000
   96 C  -0.0932   1.018  3.075  0.000
   97 C  -0.0938   1.019  3.074  0.000
   98 H   0.0414   0.959  0.000  0.000
   99 H   0.0422   0.958  0.000  0.000
  100 H   0.0497   0.950  0.000  0.000
  101 H   0.0465   0.954  0.000  0.000
  102 H   0.0300   0.970  0.000  0.000
  103 H   0.0314   0.969  0.000  0.000
  104 H   0.0326   0.967  0.000  0.000
  105 H   0.0308   0.969  0.000  0.000
  106 H   0.0349   0.965  0.000  0.000
  107 H   0.0304   0.970  0.000  0.000
  108 H   0.0330   0.967  0.000  0.000
  109 H   0.0300   0.970  0.000  0.000
  110 H   0.0531   0.947  0.000  0.000
  111 H   0.0484   0.952  0.000  0.000
  112 H   0.0502   0.950  0.000  0.000
  113 H   0.0424   0.958  0.000  0.000
  114 H   0.0435   0.956  0.000  0.000
  115 H   0.0406   0.959  0.000  0.000
  116 H   0.0395   0.961  0.000  0.000
  117 H   0.0608   0.939  0.000  0.000
  118 H   0.0517   0.948  0.000  0.000
  119 H   0.0347   0.965  0.000  0.000
  120 H   0.0296   0.970  0.000  0.000
  121 H   0.0296   0.970  0.000  0.000
  122 H   0.0350   0.965  0.000  0.000
  123 H   0.0297   0.970  0.000  0.000
  124 H   0.0349   0.965  0.000  0.000
  125 H   0.0296   0.970  0.000  0.000
  126 H   0.0344   0.966  0.000  0.000
  127 H   0.0546   0.945  0.000  0.000
  128 H   0.0479   0.952  0.000  0.000
  129 H   0.0505   0.949  0.000  0.000
  130 H   0.0376   0.962  0.000  0.000
  131 H   0.0313   0.969  0.000  0.000
  132 H   0.0316   0.968  0.000  0.000
  133 H   0.0351   0.965  0.000  0.000
  134 H   0.0322   0.968  0.000  0.000
  135 H   0.0372   0.963  0.000  0.000
  136 H   0.0374   0.963  0.000  0.000
  137 H   0.0319   0.968  0.000  0.000
  138 H   0.0312   0.969  0.000  0.000
  139 H   0.0340   0.966  0.000  0.000
  140 H   0.0321   0.968  0.000  0.000
  141 H   0.0372   0.963  0.000  0.000
  142 H   0.0372   0.963  0.000  0.000
  143 H   0.0314   0.969  0.000  0.000
  144 H   0.0309   0.969  0.000  0.000
  145 H   0.0333   0.967  0.000  0.000
  146 H   0.0320   0.968  0.000  0.000
  147 H   0.0373   0.963  0.000  0.000
  148 H   0.0379   0.962  0.000  0.000
  149 H   0.0335   0.967  0.000  0.000
  150 H   0.0330   0.967  0.000  0.000
  151 H   0.0334   0.967  0.000  0.000
  152 H   0.0375   0.963  0.000  0.000
  153 H   0.0314   0.969  0.000  0.000
 
 Wiberg/Mayer (AO) data. WBOs > 0.1 written file <wbo>
 largest (>0.05) Wiberg bond orders for each atom
           total WBO             WBO to atom ...
     1  C   3.916    C    6 1.323    C    2 1.254    C   10 1.115    C    4 0.075
     2  C   3.925    C    3 1.470    C    1 1.254    C   12 0.934    C    5 0.085
     3  C   3.949    C    2 1.470    C    4 1.313    H   98 0.939    C    6 0.072
     4  C   3.926    C    3 1.313    C    5 1.257    C    7 1.124    C    1 0.075
     5  C   3.917    C    6 1.460    C    4 1.257    C    9 0.935    C    2 0.085
     6  C   3.955    C    5 1.460    C    1 1.323    H   99 0.937    C    3 0.072
     7  C   3.906    C    8 1.330    S   13 1.172    C    4 1.124    C   14 0.070
     8  C   3.918    C   15 1.412    C    7 1.330    C    9 0.935    S   13 0.055
     9  C   3.904    C   19 0.936    C    5 0.935    C    8 0.935    C   20 0.932
    10  C   3.899    C   11 1.399    S   16 1.143    C    1 1.115    C   17 0.085
    11  C   3.914    C   10 1.399    C   18 1.331    C   12 0.937    S   16 0.066
    12  C   3.908    C   11 0.937    C   21 0.936    C   22 0.935    C    2 0.934
    13  S   2.618    C    7 1.172    C   14 1.078    C   15 0.070    O   33 0.062    C    8 0.055
    14  C   3.918    C   15 1.344    C   23 1.292    S   13 1.078    C    7 0.070
    15  C   3.938    C    8 1.412    C   14 1.344    H  100 0.938    S   13 0.070    C   24 0.065
    16  S   2.554    C   10 1.143    C   17 1.111    C   11 0.066    C   18 0.064
    17  C   3.910    C   18 1.447    C   39 1.126    S   16 1.111    C   10 0.085
    18  C   3.938    C   17 1.447    C   11 1.331    H  101 0.937    S   16 0.064
    19  C   3.963    C   96 1.006    H  102 0.966    H  103 0.965    C    9 0.936
    20  C   3.963    C   97 1.006    H  105 0.967    H  104 0.966    C    9 0.932
    21  C   3.965    C   94 1.007    H  107 0.967    H  106 0.964    C   12 0.936
    22  C   3.964    C   95 1.006    H  109 0.968    H  108 0.965    C   12 0.935
    23  C   3.929    C   24 1.463    C   14 1.292    H  110 0.918
    24  C   3.917    C   23 1.463    C   28 1.109    C   25 1.038    C   15 0.065    O   33 0.064
    25  C   3.908    O   33 1.745    C   24 1.038    C   26 0.979
    26  C   3.938    C   29 1.393    C   27 1.273    C   25 0.979    C   31 0.087    O   33 0.057
    27  C   3.949    C   32 1.381    C   26 1.273    C   28 1.042    C   30 0.087
    28  C   3.932    C   34 1.462    C   24 1.109    C   27 1.042    N   38 0.090    N   37 0.090
    29  C   3.962    C   26 1.393    C   30 1.386    H  111 0.941    C   32 0.088
    30  C   3.902    C   29 1.386    C   31 1.336    F   86 0.979    C   27 0.087
    31  C   3.911    C   32 1.391    C   30 1.336    F   87 0.983    C   26 0.087
    32  C   3.956    C   31 1.391    C   27 1.381    H  112 0.934    C   29 0.088
    33  O   2.175    C   25 1.745    C   24 0.064    S   13 0.062    C   26 0.057
    34  C   3.927    C   28 1.462    C   35 1.063    C   36 1.061    N   38 0.080    N   37 0.080
    35  C   3.939    N   38 2.778    C   34 1.063
    36  C   3.939    N   37 2.787    C   34 1.061
    37  N   3.045    C   36 2.787    C   28 0.090    C   34 0.080
    38  N   3.042    C   35 2.778    C   28 0.090    C   34 0.080
    39  C   3.903    C   44 1.387    C   40 1.168    C   17 1.126    C   42 0.079
    40  C   3.926    N   45 1.397    C   39 1.168    C   41 1.121    S   46 0.071
    41  C   3.926    N   47 1.397    C   42 1.165    C   40 1.121    S   46 0.072
    42  C   3.919    C   43 1.391    C   41 1.165    C   64 1.125    C   39 0.079
    43  C   3.953    C   44 1.394    C   42 1.391    H  113 0.938
    44  C   3.953    C   43 1.394    C   39 1.387    H  114 0.940
    45  N   3.092    C   40 1.397    S   46 1.324    N   47 0.223
    46  S   2.894    N   45 1.324    N   47 1.323    C   41 0.072    C   40 0.071
    47  N   3.088    C   41 1.397    S   46 1.323    N   45 0.223
    48  C   3.919    C   53 1.325    C   49 1.254    C   57 1.115    C   51 0.075
    49  C   3.925    C   50 1.469    C   48 1.254    C   59 0.934    C   52 0.086
    50  C   3.950    C   49 1.469    C   51 1.314    H  115 0.939    C   53 0.072
    51  C   3.926    C   50 1.314    C   52 1.258    C   54 1.123    C   48 0.075
    52  C   3.919    C   53 1.459    C   51 1.258    C   56 0.936    C   49 0.086
    53  C   3.956    C   52 1.459    C   48 1.325    H  116 0.940    C   50 0.072
    54  C   3.906    C   55 1.342    S   60 1.185    C   51 1.123    C   61 0.074
    55  C   3.918    C   62 1.391    C   54 1.342    C   56 0.937    S   60 0.059
    56  C   3.909    C   66 0.938    C   55 0.937    C   52 0.936    C   67 0.932
    57  C   3.902    C   58 1.403    S   63 1.143    C   48 1.115    C   64 0.087
    58  C   3.913    C   57 1.403    C   65 1.324    C   59 0.937    S   63 0.068
    59  C   3.908    C   68 0.939    C   58 0.937    C   49 0.934    C   69 0.933
    60  S   2.559    C   54 1.185    C   61 1.069    C   62 0.069    C   55 0.059
    61  C   3.913    C   62 1.371    C   70 1.268    S   60 1.069    C   54 0.074
    62  C   3.934    C   55 1.391    C   61 1.371    H  117 0.914    S   60 0.069    C   71 0.051
    63  S   2.535    C   57 1.143    C   64 1.098    C   58 0.068    C   65 0.062
    64  C   3.908    C   65 1.458    C   42 1.125    S   63 1.098    C   57 0.087
    65  C   3.927    C   64 1.458    C   58 1.324    H  118 0.930    S   63 0.062
    66  C   3.965    C   91 1.007    H  120 0.968    H  119 0.964    C   56 0.938
    67  C   3.964    C   90 1.006    H  121 0.968    H  122 0.965    C   56 0.932
    68  C   3.965    C   93 1.007    H  123 0.968    H  124 0.963    C   59 0.939
    69  C   3.964    C   92 1.006    H  125 0.968    H  126 0.965    C   59 0.933
    70  C   3.928    C   71 1.482    C   61 1.268    H  127 0.921
    71  C   3.915    C   70 1.482    C   75 1.102    C   72 1.018    O   80 0.068    C   62 0.051
    72  C   3.906    O   80 1.770    C   71 1.018    C   73 0.976
    73  C   3.939    C   76 1.390    C   74 1.275    C   72 0.976    C   78 0.087    O   80 0.060
    74  C   3.949    C   79 1.378    C   73 1.275    C   75 1.043    C   77 0.086
    75  C   3.933    C   81 1.468    C   71 1.102    C   74 1.043    N   85 0.090    N   84 0.090
    76  C   3.962    C   73 1.390    C   77 1.389    H  128 0.941    C   79 0.089
    77  C   3.903    C   76 1.389    C   78 1.334    F   89 0.979    C   74 0.086
    78  C   3.911    C   79 1.394    C   77 1.334    F   88 0.983    C   73 0.087
    79  C   3.957    C   78 1.394    C   74 1.378    H  129 0.934    C   76 0.089
    80  O   2.166    C   72 1.770    C   71 0.068    C   73 0.060
    81  C   3.929    C   75 1.468    C   83 1.060    C   82 1.060    N   84 0.080    N   85 0.080
    82  C   3.939    N   85 2.788    C   81 1.060
    83  C   3.939    N   84 2.778    C   81 1.060
    84  N   3.042    C   83 2.778    C   75 0.090    C   81 0.080
    85  N   3.046    C   82 2.788    C   75 0.090    C   81 0.080
    86  F   1.106    C   30 0.979
    87  F   1.111    C   31 0.983
    88  F   1.111    C   78 0.983
    89  F   1.106    C   77 0.979
    90  C   3.982    C   67 1.006    H  132 0.983    H  131 0.982    H  130 0.978
    91  C   3.982    C   66 1.007    H  134 0.984    H  133 0.981    H  135 0.978
    92  C   3.982    C   69 1.006    H  137 0.983    H  138 0.982    H  136 0.978
    93  C   3.983    C   68 1.007    H  140 0.983    H  139 0.981    H  141 0.978
    94  C   3.983    C   21 1.007    H  143 0.984    H  144 0.983    H  142 0.978
    95  C   3.982    C   22 1.006    H  146 0.983    H  145 0.981    H  147 0.978
    96  C   3.982    C   19 1.006    H  150 0.982    H  149 0.981    H  148 0.977
    97  C   3.982    C   20 1.006    H  153 0.982    H  151 0.981    H  152 0.977
    98  H   0.994    C    3 0.939
    99  H   0.994    C    6 0.937
   100  H   0.995    C   15 0.938
   101  H   0.996    C   18 0.937
   102  H   0.998    C   19 0.966
   103  H   0.997    C   19 0.965
   104  H   0.997    C   20 0.966
   105  H   0.999    C   20 0.967
   106  H   0.996    C   21 0.964
   107  H   0.999    C   21 0.967
   108  H   0.997    C   22 0.965
   109  H   0.999    C   22 0.968
   110  H   0.993    C   23 0.918
   111  H   0.995    C   29 0.941
   112  H   0.994    C   32 0.934
   113  H   0.994    C   43 0.938
   114  H   0.994    C   44 0.940
   115  H   0.994    C   50 0.939
   116  H   0.994    C   53 0.940
   117  H   0.993    C   62 0.914
   118  H   0.995    C   65 0.930
   119  H   0.996    C   66 0.964
   120  H   0.999    C   66 0.968
   121  H   0.999    C   67 0.968
   122  H   0.996    C   67 0.965
   123  H   0.999    C   68 0.968
   124  H   0.996    C   68 0.963
   125  H   0.999    C   69 0.968
   126  H   0.996    C   69 0.965
   127  H   0.991    C   70 0.921
   128  H   0.995    C   76 0.941
   129  H   0.993    C   79 0.934
   130  H   0.997    C   90 0.978
   131  H   0.999    C   90 0.982
   132  H   0.999    C   90 0.983
   133  H   0.999    C   91 0.981
   134  H   0.999    C   91 0.984
   135  H   0.997    C   91 0.978
   136  H   0.997    C   92 0.978
   137  H   0.999    C   92 0.983
   138  H   0.999    C   92 0.982
   139  H   0.999    C   93 0.981
   140  H   0.999    C   93 0.983
   141  H   0.997    C   93 0.978
   142  H   0.997    C   94 0.978
   143  H   0.999    C   94 0.984
   144  H   0.999    C   94 0.983
   145  H   0.999    C   95 0.981
   146  H   0.999    C   95 0.983
   147  H   0.997    C   95 0.978
   148  H   0.997    C   96 0.977
   149  H   0.999    C   96 0.981
   150  H   0.999    C   96 0.982
   151  H   0.999    C   97 0.981
   152  H   0.996    C   97 0.977
   153  H   0.999    C   97 0.982
 
 --------------------------------------------
          xTB calculation for sTDA...
 --------------------------------------------
 
 reading parameter file /ihome/ghutchison/blp62/xtb4stda/.param_stda2.xtb
 
      method parameters     
 k(s)        :  1.6000
 k(p)        :  2.1800
 k(d)        :  1.9500
 k(f)        :  2.0000
 k(R-V)      :  2.2750
 k(R-R)      :  1.7650
 Tscal       :  0.2580
 Gscal       :  1.0000
 fpol        :  1.0000
 Zcnf        :  0.3430
 Zqf         :  0.0000
 kcn         :  2.7000
 Ryd Hsplit  :  0.7000
 lshift(virt):  3.1000
 lshift(OS)  :  0.2000
 wllscaling  :  2.6000
 
 mowrcut     : 3.000
 
  Z AO/shell   Hii/eV     exponent
  1     Sun Feb 14 09:53:25 CET 2016    EN: 2.327 GAM: 0.473  GM3: 0.0000
     1s    -14.339618    1.220000
     2sp    -3.348946    0.600000
  6     Sun Feb 14 09:53:25 CET 2016    EN: 2.731 GAM: 0.422  GM3: 0.0000
     2s    -22.009312    1.565095
     2p    -13.020408    1.596905
     3sp    -3.914040    0.824500
  7     Sun Feb 14 09:53:25 CET 2016    EN: 3.573 GAM: 0.504  GM3: 0.0000
     2s    -25.722000    2.064844
     2p    -18.684912    1.801692
     3sp    -4.344791    0.921400
  8     Sun Feb 14 09:53:25 CET 2016    EN: 3.700 GAM: 0.587  GM3: 0.0000
     2s    -33.859000    2.418661
     2p    -22.175911    1.973969
     3sp    -4.259392    1.013700
  9     Sun Feb 21 12:20:01 CET 2016    EN: 3.394 GAM: 0.600  GM3: 0.0000
     2s    -26.548112    1.943768
     2p    -23.081168    2.552035
     3sp    -1.937199    1.103200
 16     Sun Feb 21 16:35:57 CET 2016    EN: 1.915 GAM: 0.200  GM3: 0.0000
     3s    -17.898811    2.619580
     3p    -15.317401    1.798798
     4sp    -4.455139    0.843200
 
 Nbf   :         1056
 T(el) :     0.0
 calculating S/T integrals ...
 cpu time for ints    1.05061300000000     
 Nao   :         1056
 making H0...
 making H1...
 cpu time for H      3.470400000000007E-002
 solving ...
 cpu time for diag    1.17633800000000     
 
 gap (eV)           :   4.586
 Koopmans IP (eV)   :  13.669
 Eel (Eh)           :  -413.690690

          eigenvalues
 #    :         226        227        228        229        230        231        232        233
 occ. :        2.000      2.000      2.000      2.000      2.000      2.000      2.000      2.000
 eps  :       -16.354    -16.300    -16.190    -16.137    -16.121    -16.103    -16.031    -15.905
 #    :         234        235        236        237        238        239        240        241
 occ. :        2.000      2.000      2.000      2.000      2.000      0.000      0.000      0.000
 eps  :       -15.838    -15.217    -14.794    -14.321    -13.670     -9.084     -9.011     -8.697
 #    :         242        243        244        245        246        247        248        249
 occ. :        0.000      0.000      0.000      0.000      0.000      0.000      0.000      0.000
 eps  :        -8.640     -8.217     -7.279     -7.083     -6.633     -6.567     -6.114     -6.031
                            1  SCC done.
 writing mo output ...
 molden style : F
 
speedup  1.00
cpu  time for all    2.55 s
wall time for all    2.56 s
