 
        ______________________________________
       |                                      |
       |          ===================         |
       |             xTB for sTDA             |
       |          ===================         |
       |               S. Grimme              |
       |        Universitaet Bonn, MCTC       |
       |         2015-19, Version 1.0         |
       |     Wed Apr  3 09:14:55 CEST 2019    |
       |______________________________________|
 
        This code comes without any warranty
        for non-commercial, academia use only.
        Preliminary test version.
        Cite this work as:
        S. Grimme  &  C. Bannwarth, JCP 145 (2016) 054103
        if GBSA is used additionally:
        P. Shushkov, F. März, C. Bannwarth, S. Grimme, unpublished.
 
        with help from
        P. Shushkov, G. Brandenburg, S. Dohm, J. Pisarek,
        F. März, M. Checinski, S. Ehrlich, S. Spicher, 
        P. Pracht, E. Caldeweyher, S. Ehlert, and C. Bannwarth.
 
        usage        :
        xtb4stda <coord_file> [options]
        where <coord_file> is a valid file of TM)
        (*coord, Bohr) or xmol (*xyz, Angstroem)
        format.

        options:
        -chrg <int>   : molecular charge
        -uhf  <int>   : # of unpaired electrons(=2*S)
        -nox          : skip second, extended part in sTDA-xTB
        -pop          : do population analysis
                      : (default for -nox)
        -mowr <real>  : cut MO write above (def.3 Eh)
        -molden       : write formatted molden file
        -parx <file>  : read parameters for sTDA-xTB
                        calc (def:~/.param_stda2.xtb)
        -parv <file>  : read parameters for vTB part in
                        sTDA-xTB (def: ~/.param_stda1.xtb)
        -xtemp <real> : el. temp for xTB (def. 0 K)
        -etemp <real> : el. temp for GFN (def. 300 K)
        -fod          : calculate the FOD and write
                        molden.input file with
                        appropriate occupations
                        for plotting. Def. T=12500 K
 
        -acc <real>   : xTB accuracy (def. 1.0)
        -gbsa [string1] [string2]
                        use GBSA implicit solvent
                        for solvent [string1] and
                        solvation state [string2]=
                        reference, bar1M (default=1M)
        additional GFN/opt/MD/siman options read from
        $XTB4STDAHOME/.xtb4stdarc or $set in input
 
       spin and charge state information can be on:
       <.CHRG> (charge) and <.UHF> (=nalpha-nbeta)
       -uhf and -chrg override the file info.
       useful machine settings:
       setenv MKL_NUM_THREADS <NCORE_ON_YOUR_MACHINE>
       setenv OMP_STACKSIZE 500m
       limit stacksize unlimited
 
       total energies in Eh, gaps/HL energies in eV
       please read REVISION and HOWTO files carefully
 =============================
  # OMP threads =           1
 =============================
 
 xtb4stdahome directory:/ihome/ghutchison/blp62/xtb4stda/
 
 
 name of molecule           :
 comment line               :
 number of atoms            :   126
 number of electrons        :   382
 charge                     :  0
 spin                       : 0.0
 first test random number   :  0.5421
 
 -----------------------------------------
      charge density (VTB) calculation
 -----------------------------------------
 
      method parameters     
 k(s)        :  1.8000
 k(p)        :  2.8350
 k(d)        :  2.0860
 k(f)        :  2.0000
 Tscal       :  0.3300
 Gscal       :  0.3910
 fpol        :  1.0000
 Zcnf        :  0.6500
 Zqf         :  0.0000
 kcn         :  0.3000
 kEN1        : -0.5900
 wllscal     :  2.6000
 
     -------------------------
     ! NO SOLVENT MODEL USED !
     -------------------------
 
 doing EN charges ...
 sum q : -0.2886580D-14
 point charge moment (au)
     X       Y       Z   
   0.2047  -0.7430  -0.4120  total (Debye):    2.221
 
            Z      q(EN)   CN      Cart. coordinates
     1  C   4.0  -0.001   3.443     4.06264    -4.53656    -0.31548
     2  C   4.0  -0.007   3.359     4.11594    -3.23815     2.02242
     3  C   4.0  -0.062   3.176     2.25882    -1.49714     2.69126
     4  C   4.0  -0.001   3.443     0.33797    -1.09553     0.98818
     5  C   4.0  -0.007   3.360     0.24384    -2.45255    -1.31514
     6  C   4.0  -0.062   3.176     2.11121    -4.17811    -1.99316
     7  C   4.0  -0.053   4.297     6.32305    -6.29034    -0.57195
     8  C   4.0  -0.014   3.599     7.59569    -5.90458     1.94705
     9  C   4.0  -0.098   3.373     6.30057    -4.10532     3.34846
    10  C   4.0  -0.081   3.341     9.73070    -6.82709     3.16337
    11  C   4.0  -0.083   3.249    10.06849    -5.74910     5.52456
    12  S   6.0   0.224   2.545     7.69216    -3.52914     6.21218
    13  C   4.0  -0.053   4.297    -1.91282     0.67284     1.23278
    14  C   4.0  -0.014   3.600    -3.34095     0.06598    -1.15639
    15  C   4.0  -0.098   3.373    -2.01187    -1.68587    -2.58228
    16  C   4.0  -0.081   3.341    -5.56827     0.86020    -2.30046
    17  C   4.0  -0.084   3.249    -5.96474    -0.30457    -4.60809
    18  S   6.0   0.224   2.547    -3.49901    -2.39902    -5.36734
    19  C   4.0   0.001   3.258    12.01466    -6.26065     7.31698
    20  C   4.0   0.001   3.259    -8.05074     0.01035    -6.29005
    21  C   4.0   0.006   3.270    -3.32506     0.03846     3.64268
    22  C   4.0   0.005   3.278    -1.21025     3.45372     1.10942
    23  C   4.0   0.006   3.270     5.37829    -8.95864    -1.01338
    24  C   4.0   0.005   3.278     8.18293    -5.47841    -2.60229
    25  C   4.0  -0.075   3.205    12.12722    -5.04693     9.65037
    26  C   4.0  -0.072   3.176    13.98532    -5.51761    11.43957
    27  C   4.0   0.009   3.185    15.91754    -7.26093    11.04929
    28  C   4.0   0.065   3.697    15.88260    -8.54091     8.68532
    29  C   4.0   0.068   3.676    13.95738    -8.05751     6.83018
    30  C   4.0  -0.075   3.204    -8.21497    -1.28469    -8.57387
    31  C   4.0  -0.072   3.184   -10.21435    -0.99325   -10.24693
    32  C   4.0   0.009   3.191   -12.20104     0.67004    -9.80805
    33  C   4.0   0.067   3.693   -12.16584     1.95276    -7.45604
    34  C   4.0   0.068   3.677   -10.10954     1.63872    -5.70551
    35  N   5.0  -0.304   2.151    17.53255   -10.27107     7.90599
    36  S   6.0   0.446   2.878    16.74911   -11.20062     5.12366
    37  N   5.0  -0.305   2.154    14.28361    -9.46203     4.76724
    38  N   5.0  -0.312   2.176   -13.97273     3.43350    -6.52971
    39  S   6.0   0.451   2.882   -13.14834     4.41065    -3.78452
    40  N   5.0  -0.305   2.155   -10.48247     2.96540    -3.59814
    41  C   4.0  -0.071   3.193     4.86294    -9.78105    -3.45295
    42  C   4.0  -0.072   3.184     3.92545   -12.18158    -3.87266
    43  C   4.0   0.007   3.189     3.46669   -13.81878    -1.87334
    44  C   4.0  -0.073   3.185     3.96897   -12.98148     0.56160
    45  C   4.0  -0.071   3.187     4.90207   -10.57914     0.99234
    46  C   4.0  -0.071   3.195    10.12750    -7.11268    -3.27192
    47  C   4.0  -0.072   3.184    11.89945    -6.40628    -5.05242
    48  C   4.0   0.007   3.189    11.79004    -4.04710    -6.20014
    49  C   4.0  -0.073   3.185     9.85775    -2.41514    -5.50804
    50  C   4.0  -0.070   3.185     8.07904    -3.11160    -3.72267
    51  C   4.0  -0.071   3.192    -2.59956     1.13496     5.91546
    52  C   4.0  -0.073   3.185    -3.80838     0.49730     8.13997
    53  C   4.0   0.007   3.189    -5.76313    -1.25459     8.15888
    54  C   4.0  -0.073   3.184    -6.47511    -2.34965     5.88418
    55  C   4.0  -0.071   3.187    -5.26653    -1.72361     3.65338
    56  C   4.0  -0.071   3.194    -3.03748     5.25327     1.67831
    57  C   4.0  -0.072   3.184    -2.49812     7.79861     1.48056
    58  C   4.0   0.007   3.189    -0.12972     8.61770     0.69576
    59  C   4.0  -0.073   3.185     1.68317     6.81275     0.12034
    60  C   4.0  -0.070   3.185     1.15218     4.25953     0.31108
    61  C   4.0  -0.174   4.062    -7.13108    -1.87474    10.56594
    62  C   4.0  -0.174   4.062     0.47598    11.38610     0.56071
    63  C   4.0  -0.174   4.062    13.65709    -3.32141    -8.20925
    64  C   4.0  -0.174   4.062     2.54528   -16.46141    -2.33934
    65  C   4.0  -0.242   4.027     4.78148   -18.26770    -2.65113
    66  C   4.0  -0.242   4.027    12.69490    -4.12737   -10.81424
    67  C   4.0  -0.242   4.027    -9.31761    -0.03084    10.98945
    68  C   4.0  -0.242   4.027     1.44452    12.33461     3.11467
    69  C   4.0  -0.074   3.198    17.89008    -7.86653    12.78489
    70  C   4.0  -0.040   3.087    18.31295    -6.92044    15.14168
    71  C   4.0  -0.074   3.196   -14.16521     0.99926   -11.63934
    72  C   4.0  -0.039   3.095   -15.64051     3.07715   -11.95922
    73  C   4.0   0.237   2.147    20.40401    -7.79713    16.55697
    74  C   4.0   0.238   2.133    16.86258    -5.09118    16.42575
    75  C   4.0   0.238   2.145   -17.55766     3.06650   -13.82281
    76  C   4.0   0.240   2.152   -15.34185     5.44178   -10.75314
    77  N   5.0  -0.217   1.024    22.10265    -8.50559    17.70010
    78  N   5.0  -0.217   1.026    15.76027    -3.61251    17.56822
    79  N   5.0  -0.217   1.031   -15.12187     7.47658   -10.03721
    80  N   5.0  -0.217   1.024   -19.11746     3.02420   -15.32571
    81  H   1.0   0.076   1.006     2.34142    -0.51610     4.47687
    82  H   1.0   0.076   1.006     2.01190    -5.18281    -3.76480
    83  H   1.0   0.081   1.007    11.00636    -8.22319     2.42841
    84  H   1.0   0.081   1.007    -6.88483     2.20129    -1.53580
    85  H   1.0   0.075   1.012    10.68724    -3.66822    10.09011
    86  H   1.0   0.077   1.008    13.91400    -4.48589    13.19510
    87  H   1.0   0.075   1.012    -6.70845    -2.57113    -9.06698
    88  H   1.0   0.075   1.005   -10.19143    -2.04975   -11.99396
    89  H   1.0   0.076   1.006     5.22182    -8.54299    -5.03673
    90  H   1.0   0.075   1.005     3.54133   -12.79223    -5.78348
    91  H   1.0   0.075   1.005     3.61963   -14.22258     2.14561
    92  H   1.0   0.076   1.007     5.26684    -9.96754     2.90567
    93  H   1.0   0.076   1.006    10.23728    -8.95689    -2.40347
    94  H   1.0   0.075   1.005    13.39473    -7.70292    -5.55602
    95  H   1.0   0.075   1.005     9.74221    -0.56725    -6.37033
    96  H   1.0   0.076   1.007     6.60145    -1.79994    -3.20976
    97  H   1.0   0.076   1.006    -1.09376     2.51404     5.93993
    98  H   1.0   0.075   1.005    -3.22133     1.36991     9.89070
    99  H   1.0   0.075   1.005    -7.99033    -3.71885     5.85556
   100  H   1.0   0.076   1.007    -5.84592    -2.61236     1.90911
   101  H   1.0   0.076   1.006    -4.88841     4.65008     2.29274
   102  H   1.0   0.075   1.005    -3.94027     9.17233     1.93128
   103  H   1.0   0.075   1.005     3.53682     7.40750    -0.49782
   104  H   1.0   0.076   1.007     2.59325     2.89390    -0.16432
   105  H   1.0   0.081   1.003    -7.87164    -3.79830    10.47451
   106  H   1.0   0.081   1.003    -5.82708    -1.75940    12.16083
   107  H   1.0   0.081   1.003     1.91650    11.71828    -0.87856
   108  H   1.0   0.081   1.003    -1.21520    12.44669     0.03917
   109  H   1.0   0.081   1.003    13.94537    -1.27852    -8.19336
   110  H   1.0   0.081   1.003    15.47106    -4.23343    -7.84257
   111  H   1.0   0.081   1.003     1.38251   -17.08684    -0.75378
   112  H   1.0   0.081   1.003     1.38919   -16.50966    -4.04756
   113  H   1.0   0.081   0.999     5.95838   -18.24461    -0.96599
   114  H   1.0   0.081   0.998     4.11835   -20.18767    -2.96267
   115  H   1.0   0.081   0.999     5.93800   -17.70386    -4.25427
   116  H   1.0   0.081   0.999    10.89413    -3.22346   -11.22142
   117  H   1.0   0.081   0.998    14.04047    -3.59790   -12.27429
   118  H   1.0   0.081   0.999    12.42421    -6.16414   -10.87740
   119  H   1.0   0.081   0.999   -10.65073    -0.13256     9.42810
   120  H   1.0   0.081   0.998   -10.31059    -0.48074    12.73140
   121  H   1.0   0.081   0.999    -8.61382     1.89635    11.11341
   122  H   1.0   0.081   0.999     3.14459    11.31468     3.65784
   123  H   1.0   0.081   0.998     1.88446    14.33950     3.01732
   124  H   1.0   0.081   0.999     0.02342    12.04389     4.57100
   125  H   1.0   0.075   1.008    19.21054    -9.27649    12.10511
   126  H   1.0   0.074   1.006   -14.45243    -0.55755   -12.94040
 
  Z AO/shell   Hii/eV     exponent
  1     Sat Feb 20 21:38:01 CET 2016    EN: 2.327 GAM: 0.473  GM3: 0.0000
     1s    -13.751157    1.051071
  6     Sat Feb 20 21:38:01 CET 2016    EN: 2.731 GAM: 0.422  GM3: 0.0000
     2s    -19.378245    2.021003
     2p    -11.993376    1.497917
  7     Sat Feb 20 21:38:01 CET 2016    EN: 3.573 GAM: 0.504  GM3: 0.0000
     2s    -21.576984    2.275442
     2p    -16.125120    2.056788
 16     Sat Feb 20 23:13:41 CET 2016    EN: 1.915 GAM: 0.389  GM3: 0.0000
     3s    -22.000000    2.671470
     3p    -15.834192    1.836978
     3d     -2.593599    1.836978
 
 dipole moment of classical point charges (au)
     X       Y       Z   
   0.2047  -0.7430  -0.4120  total (Debye):    2.221

 
 Nbf   :          390
 T(el) :   300.0
 calculating S/T integrals ...
 cpu time for ints   5.767900000000000E-002
 Nao   :          386
 making H0...
 making H1...
 cpu time for H      8.163000000000004E-003
 solving ...
 cpu time for diag   2.448900000000000E-002
 
 gap (eV)           :   1.340
 Koopmans IP (eV)   :  12.344
 Eel (Eh)           :  -300.231422
 T,E(Fermi),NFOD :    300.000   -11.673  0.000000
 T,E(Fermi),NFOD :    300.000   -11.673  0.000000
 Nfod               :  0.0000
 Nfod/Nel           :  0.0000

          eigenvalues
 #    :         179        180        181        182        183        184        185        186
 occ. :        2.000      2.000      2.000      2.000      2.000      2.000      2.000      2.000
 eps  :       -15.484    -15.475    -15.400    -15.380    -15.301    -15.190    -15.037    -14.864
 #    :         187        188        189        190        191        192        193        194
 occ. :        2.000      2.000      2.000      2.000      2.000      0.000      0.000      0.000
 eps  :       -14.842    -14.815    -14.410    -13.202    -12.345    -11.004    -10.815     -9.040
 #    :         195        196        197        198        199        200        201        202
 occ. :        0.000      0.000      0.000      0.000      0.000      0.000      0.000      0.000
 eps  :        -8.774     -8.387     -8.331     -7.994     -7.890     -7.778     -7.535     -6.939
                            1  SCC done.
 making H1...
 cpu time for H      3.106399999999999E-002
 solving ...
 cpu time for diag   1.975900000000000E-002
 
 gap (eV)           :   1.759
 Koopmans IP (eV)   :  12.674
 Eel (Eh)           :  -301.671210
 T,E(Fermi),NFOD :    300.000   -11.794  0.000000
 T,E(Fermi),NFOD :    300.000   -11.794  0.000000
 Nfod               :  0.0000
 Nfod/Nel           :  0.0000

          eigenvalues
 #    :         179        180        181        182        183        184        185        186
 occ. :        2.000      2.000      2.000      2.000      2.000      2.000      2.000      2.000
 eps  :       -15.592    -15.574    -15.546    -15.528    -15.437    -15.353    -15.161    -15.020
 #    :         187        188        189        190        191        192        193        194
 occ. :        2.000      2.000      2.000      2.000      2.000      0.000      0.000      0.000
 eps  :       -14.959    -14.913    -14.545    -13.487    -12.675    -10.915    -10.717     -9.169
 #    :         195        196        197        198        199        200        201        202
 occ. :        0.000      0.000      0.000      0.000      0.000      0.000      0.000      0.000
 eps  :        -8.882     -8.512     -8.427     -8.271     -7.786     -7.759     -7.638     -7.250
                            2  SCC done.
 
 
 Mulliken/CM5 charges    n(s)   n(p)   n(d)   
    1 C  -0.0117 -0.0172   1.199  2.813  0.000
    2 C   0.0013 -0.0020   1.165  2.834  0.000
    3 C  -0.0270 -0.0770   1.140  2.887  0.000
    4 C  -0.0103 -0.0158   1.198  2.812  0.000
    5 C   0.0011 -0.0023   1.165  2.834  0.000
    6 C  -0.0276 -0.0777   1.140  2.888  0.000
    7 C   0.0285  0.0243   1.212  2.760  0.000
    8 C  -0.0498 -0.0530   1.197  2.853  0.000
    9 C  -0.0427 -0.0295   1.181  2.862  0.000
   10 C  -0.0583 -0.1058   1.146  2.913  0.000
   11 C  -0.0243 -0.0147   1.174  2.850  0.000
   12 S   0.1324  0.0956   1.887  3.933  0.048
   13 C   0.0289  0.0247   1.212  2.759  0.000
   14 C  -0.0494 -0.0526   1.197  2.852  0.000
   15 C  -0.0427 -0.0295   1.179  2.863  0.000
   16 C  -0.0558 -0.1033   1.145  2.911  0.000
   17 C  -0.0246 -0.0149   1.174  2.850  0.000
   18 S   0.1248  0.0880   1.887  3.940  0.048
   19 C   0.0199  0.0214   1.169  2.811  0.000
   20 C   0.0201  0.0215   1.167  2.813  0.000
   21 C  -0.0047 -0.0136   1.186  2.819  0.000
   22 C  -0.0051 -0.0141   1.187  2.818  0.000
   23 C  -0.0049 -0.0138   1.186  2.819  0.000
   24 C  -0.0052 -0.0141   1.187  2.819  0.000
   25 C  -0.0223 -0.0742   1.136  2.887  0.000
   26 C  -0.0273 -0.0797   1.149  2.878  0.000
   27 C   0.0186  0.0164   1.155  2.826  0.000
   28 C   0.0165  0.1013   1.213  2.770  0.000
   29 C   0.0204  0.1054   1.210  2.769  0.000
   30 C  -0.0277 -0.0795   1.136  2.892  0.000
   31 C  -0.0306 -0.0837   1.146  2.884  0.000
   32 C   0.0188  0.0167   1.155  2.826  0.000
   33 C   0.0175  0.1039   1.210  2.773  0.000
   34 C   0.0192  0.1042   1.210  2.771  0.000
   35 N  -0.1897 -0.3579   1.526  3.664  0.000
   36 S   0.2828  0.4214   1.906  3.649  0.162
   37 N  -0.2196 -0.3923   1.529  3.691  0.000
   38 N  -0.1840 -0.3522   1.523  3.661  0.000
   39 S   0.2966  0.4362   1.906  3.636  0.162
   40 N  -0.2182 -0.3907   1.528  3.690  0.000
   41 C  -0.0399 -0.0938   1.141  2.899  0.000
   42 C  -0.0399 -0.0942   1.140  2.900  0.000
   43 C  -0.0033 -0.0198   1.182  2.822  0.000
   44 C  -0.0396 -0.0939   1.140  2.900  0.000
   45 C  -0.0411 -0.0942   1.140  2.901  0.000
   46 C  -0.0382 -0.0920   1.141  2.898  0.000
   47 C  -0.0385 -0.0929   1.140  2.899  0.000
   48 C  -0.0032 -0.0196   1.182  2.821  0.000
   49 C  -0.0409 -0.0952   1.140  2.901  0.000
   50 C  -0.0435 -0.0967   1.141  2.903  0.000
   51 C  -0.0395 -0.0935   1.141  2.899  0.000
   52 C  -0.0393 -0.0937   1.140  2.899  0.000
   53 C  -0.0032 -0.0196   1.182  2.821  0.000
   54 C  -0.0400 -0.0943   1.140  2.900  0.000
   55 C  -0.0413 -0.0944   1.140  2.901  0.000
   56 C  -0.0375 -0.0913   1.140  2.897  0.000
   57 C  -0.0376 -0.0920   1.140  2.898  0.000
   58 C  -0.0029 -0.0193   1.182  2.821  0.000
   59 C  -0.0414 -0.0957   1.140  2.901  0.000
   60 C  -0.0442 -0.0974   1.141  2.904  0.000
   61 C  -0.0436 -0.1505   1.124  2.920  0.000
   62 C  -0.0432 -0.1502   1.124  2.920  0.000
   63 C  -0.0432 -0.1501   1.124  2.920  0.000
   64 C  -0.0435 -0.1504   1.124  2.920  0.000
   65 C  -0.0895 -0.2408   1.095  2.994  0.000
   66 C  -0.0898 -0.2411   1.096  2.994  0.000
   67 C  -0.0894 -0.2408   1.095  2.994  0.000
   68 C  -0.0897 -0.2411   1.095  2.994  0.000
   69 C  -0.0005 -0.0474   1.161  2.839  0.000
   70 C   0.0318  0.0345   1.110  2.858  0.000
   71 C  -0.0045 -0.0520   1.162  2.843  0.000
   72 C   0.0430  0.0475   1.112  2.845  0.000
   73 C   0.0991  0.2191   1.170  2.731  0.000
   74 C   0.0968  0.2152   1.173  2.731  0.000
   75 C   0.1007  0.2208   1.171  2.728  0.000
   76 C   0.0980  0.2223   1.171  2.731  0.000
   77 N  -0.2029 -0.3288   1.641  3.562  0.000
   78 N  -0.2082 -0.3375   1.642  3.566  0.000
   79 N  -0.2001 -0.3259   1.642  3.558  0.000
   80 N  -0.2017 -0.3276   1.641  3.561  0.000
   81 H   0.0494  0.1088   0.951  0.000  0.000
   82 H   0.0487  0.1080   0.951  0.000  0.000
   83 H   0.0637  0.1320   0.936  0.000  0.000
   84 H   0.0640  0.1323   0.936  0.000  0.000
   85 H   0.0517  0.1124   0.948  0.000  0.000
   86 H   0.0643  0.1288   0.936  0.000  0.000
   87 H   0.0509  0.1115   0.949  0.000  0.000
   88 H   0.0539  0.1115   0.946  0.000  0.000
   89 H   0.0400  0.0999   0.960  0.000  0.000
   90 H   0.0377  0.0952   0.962  0.000  0.000
   91 H   0.0380  0.0955   0.962  0.000  0.000
   92 H   0.0387  0.0987   0.961  0.000  0.000
   93 H   0.0406  0.1004   0.959  0.000  0.000
   94 H   0.0383  0.0958   0.962  0.000  0.000
   95 H   0.0376  0.0951   0.962  0.000  0.000
   96 H   0.0386  0.0988   0.961  0.000  0.000
   97 H   0.0401  0.0999   0.960  0.000  0.000
   98 H   0.0381  0.0956   0.962  0.000  0.000
   99 H   0.0377  0.0952   0.962  0.000  0.000
  100 H   0.0385  0.0984   0.962  0.000  0.000
  101 H   0.0409  0.1007   0.959  0.000  0.000
  102 H   0.0388  0.0964   0.961  0.000  0.000
  103 H   0.0373  0.0947   0.963  0.000  0.000
  104 H   0.0380  0.0982   0.962  0.000  0.000
  105 H   0.0361  0.0919   0.964  0.000  0.000
  106 H   0.0365  0.0923   0.964  0.000  0.000
  107 H   0.0360  0.0918   0.964  0.000  0.000
  108 H   0.0375  0.0933   0.963  0.000  0.000
  109 H   0.0364  0.0922   0.964  0.000  0.000
  110 H   0.0370  0.0928   0.963  0.000  0.000
  111 H   0.0365  0.0923   0.963  0.000  0.000
  112 H   0.0361  0.0919   0.964  0.000  0.000
  113 H   0.0293  0.0819   0.971  0.000  0.000
  114 H   0.0335  0.0851   0.967  0.000  0.000
  115 H   0.0290  0.0816   0.971  0.000  0.000
  116 H   0.0285  0.0811   0.972  0.000  0.000
  117 H   0.0336  0.0852   0.966  0.000  0.000
  118 H   0.0290  0.0816   0.971  0.000  0.000
  119 H   0.0292  0.0818   0.971  0.000  0.000
  120 H   0.0335  0.0851   0.967  0.000  0.000
  121 H   0.0293  0.0819   0.971  0.000  0.000
  122 H   0.0283  0.0809   0.972  0.000  0.000
  123 H   0.0336  0.0852   0.966  0.000  0.000
  124 H   0.0293  0.0819   0.971  0.000  0.000
  125 H   0.0662  0.1312   0.934  0.000  0.000
  126 H   0.0623  0.1215   0.938  0.000  0.000
 
 Loewdin charges    n(s)   n(p)   n(d)
    1 C  -0.0091   1.159  2.850  0.000
    2 C   0.0033   1.122  2.874  0.000
    3 C  -0.0254   1.088  2.937  0.000
    4 C  -0.0079   1.159  2.849  0.000
    5 C   0.0033   1.123  2.874  0.000
    6 C  -0.0262   1.088  2.939  0.000
    7 C   0.0352   1.171  2.794  0.000
    8 C  -0.0495   1.159  2.891  0.000
    9 C  -0.0180   1.135  2.883  0.000
   10 C  -0.0558   1.095  2.961  0.000
   11 C  -0.0022   1.129  2.873  0.000
   12 S   0.0937   1.873  3.930  0.103
   13 C   0.0356   1.171  2.794  0.000
   14 C  -0.0490   1.159  2.890  0.000
   15 C  -0.0184   1.134  2.884  0.000
   16 C  -0.0538   1.094  2.960  0.000
   17 C  -0.0023   1.129  2.873  0.000
   18 S   0.0865   1.873  3.937  0.103
   19 C   0.0231   1.127  2.850  0.000
   20 C   0.0228   1.125  2.852  0.000
   21 C  -0.0001   1.144  2.856  0.000
   22 C  -0.0003   1.145  2.855  0.000
   23 C  -0.0003   1.144  2.856  0.000
   24 C  -0.0003   1.145  2.855  0.000
   25 C  -0.0186   1.083  2.935  0.000
   26 C  -0.0186   1.095  2.924  0.000
   27 C   0.0174   1.114  2.869  0.000
   28 C   0.0113   1.179  2.809  0.000
   29 C   0.0136   1.178  2.809  0.000
   30 C  -0.0239   1.083  2.941  0.000
   31 C  -0.0215   1.091  2.930  0.000
   32 C   0.0179   1.113  2.869  0.000
   33 C   0.0113   1.176  2.812  0.000
   34 C   0.0125   1.177  2.810  0.000
   35 N  -0.1494   1.488  3.661  0.000
   36 S   0.2173   1.898  3.656  0.229
   37 N  -0.1772   1.490  3.687  0.000
   38 N  -0.1432   1.485  3.659  0.000
   39 S   0.2306   1.897  3.642  0.230
   40 N  -0.1760   1.490  3.686  0.000
   41 C  -0.0353   1.088  2.948  0.000
   42 C  -0.0351   1.087  2.948  0.000
   43 C   0.0041   1.138  2.858  0.000
   44 C  -0.0349   1.087  2.948  0.000
   45 C  -0.0366   1.087  2.950  0.000
   46 C  -0.0335   1.087  2.946  0.000
   47 C  -0.0337   1.087  2.947  0.000
   48 C   0.0042   1.138  2.857  0.000
   49 C  -0.0361   1.087  2.949  0.000
   50 C  -0.0391   1.088  2.951  0.000
   51 C  -0.0349   1.088  2.947  0.000
   52 C  -0.0346   1.087  2.948  0.000
   53 C   0.0042   1.138  2.858  0.000
   54 C  -0.0353   1.087  2.948  0.000
   55 C  -0.0368   1.087  2.950  0.000
   56 C  -0.0328   1.087  2.946  0.000
   57 C  -0.0329   1.087  2.946  0.000
   58 C   0.0045   1.138  2.857  0.000
   59 C  -0.0366   1.087  2.950  0.000
   60 C  -0.0398   1.088  2.952  0.000
   61 C  -0.0378   1.062  2.976  0.000
   62 C  -0.0375   1.062  2.975  0.000
   63 C  -0.0374   1.062  2.975  0.000
   64 C  -0.0377   1.062  2.976  0.000
   65 C  -0.0909   1.023  3.068  0.000
   66 C  -0.0912   1.023  3.068  0.000
   67 C  -0.0908   1.023  3.068  0.000
   68 C  -0.0911   1.023  3.068  0.000
   69 C   0.0128   1.106  2.882  0.000
   70 C   0.0230   1.067  2.910  0.000
   71 C   0.0084   1.106  2.886  0.000
   72 C   0.0343   1.069  2.897  0.000
   73 C   0.0923   1.136  2.771  0.000
   74 C   0.0902   1.139  2.771  0.000
   75 C   0.0938   1.137  2.769  0.000
   76 C   0.0898   1.138  2.772  0.000
   77 N  -0.1917   1.603  3.589  0.000
   78 N  -0.1966   1.604  3.593  0.000
   79 N  -0.1889   1.604  3.585  0.000
   80 N  -0.1901   1.603  3.588  0.000
   81 H   0.0402   0.960  0.000  0.000
   82 H   0.0395   0.960  0.000  0.000
   83 H   0.0534   0.947  0.000  0.000
   84 H   0.0537   0.946  0.000  0.000
   85 H   0.0432   0.957  0.000  0.000
   86 H   0.0534   0.947  0.000  0.000
   87 H   0.0426   0.957  0.000  0.000
   88 H   0.0444   0.956  0.000  0.000
   89 H   0.0325   0.968  0.000  0.000
   90 H   0.0304   0.970  0.000  0.000
   91 H   0.0306   0.969  0.000  0.000
   92 H   0.0309   0.969  0.000  0.000
   93 H   0.0328   0.967  0.000  0.000
   94 H   0.0309   0.969  0.000  0.000
   95 H   0.0303   0.970  0.000  0.000
   96 H   0.0310   0.969  0.000  0.000
   97 H   0.0326   0.967  0.000  0.000
   98 H   0.0307   0.969  0.000  0.000
   99 H   0.0304   0.970  0.000  0.000
  100 H   0.0307   0.969  0.000  0.000
  101 H   0.0330   0.967  0.000  0.000
  102 H   0.0313   0.969  0.000  0.000
  103 H   0.0300   0.970  0.000  0.000
  104 H   0.0304   0.970  0.000  0.000
  105 H   0.0327   0.967  0.000  0.000
  106 H   0.0330   0.967  0.000  0.000
  107 H   0.0326   0.967  0.000  0.000
  108 H   0.0339   0.966  0.000  0.000
  109 H   0.0329   0.967  0.000  0.000
  110 H   0.0334   0.967  0.000  0.000
  111 H   0.0331   0.967  0.000  0.000
  112 H   0.0327   0.967  0.000  0.000
  113 H   0.0291   0.971  0.000  0.000
  114 H   0.0332   0.967  0.000  0.000
  115 H   0.0288   0.971  0.000  0.000
  116 H   0.0284   0.972  0.000  0.000
  117 H   0.0333   0.967  0.000  0.000
  118 H   0.0288   0.971  0.000  0.000
  119 H   0.0289   0.971  0.000  0.000
  120 H   0.0332   0.967  0.000  0.000
  121 H   0.0291   0.971  0.000  0.000
  122 H   0.0282   0.972  0.000  0.000
  123 H   0.0333   0.967  0.000  0.000
  124 H   0.0290   0.971  0.000  0.000
  125 H   0.0531   0.947  0.000  0.000
  126 H   0.0506   0.949  0.000  0.000
 
 Wiberg/Mayer (AO) data. WBOs > 0.1 written file <wbo>
 largest (>0.05) Wiberg bond orders for each atom
           total WBO             WBO to atom ...
     1  C   3.921    C    6 1.459    C    2 1.260    C    7 0.924    C    4 0.088
     2  C   3.923    C    3 1.324    C    1 1.260    C    9 1.112    C    5 0.076
     3  C   3.952    C    4 1.460    C    2 1.324    H   81 0.940    C    6 0.076
     4  C   3.922    C    3 1.460    C    5 1.260    C   13 0.924    C    1 0.088
     5  C   3.922    C    6 1.325    C    4 1.260    C   15 1.112    C    2 0.076
     6  C   3.953    C    1 1.459    C    5 1.325    H   82 0.940    C    3 0.076
     7  C   3.921    C    8 0.925    C    1 0.924    C   23 0.922    C   24 0.919
     8  C   3.910    C    9 1.392    C   10 1.336    C    7 0.925    S   12 0.066
     9  C   3.896    C    8 1.392    S   12 1.154    C    2 1.112    C   11 0.083
    10  C   3.927    C   11 1.444    C    8 1.336    H   83 0.931    S   12 0.066
    11  C   3.911    C   10 1.444    C   19 1.143    S   12 1.094    C    9 0.083
    12  S   2.544    C    9 1.154    C   11 1.094    C    8 0.066    C   10 0.066
    13  C   3.921    C   14 0.925    C    4 0.924    C   21 0.922    C   22 0.918
    14  C   3.911    C   15 1.398    C   16 1.330    C   13 0.925    S   18 0.067
    15  C   3.899    C   14 1.398    S   18 1.150    C    5 1.112    C   17 0.085
    16  C   3.929    C   17 1.452    C   14 1.330    H   84 0.931    S   18 0.065
    17  C   3.911    C   16 1.452    C   20 1.136    S   18 1.094    C   15 0.085
    18  S   2.541    C   15 1.150    C   17 1.094    C   14 0.067    C   16 0.065
    19  C   3.903    C   25 1.378    C   29 1.158    C   11 1.143    C   27 0.075
    20  C   3.934    C   30 1.387    C   34 1.161    C   17 1.136    C   32 0.079
    21  C   3.945    C   55 1.397    C   51 1.388    C   13 0.922    C   53 0.107
    22  C   3.944    C   60 1.399    C   56 1.386    C   13 0.918    C   58 0.107
    23  C   3.945    C   45 1.396    C   41 1.389    C    7 0.922    C   43 0.107
    24  C   3.944    C   50 1.399    C   46 1.386    C    7 0.919    C   48 0.107
    25  C   3.955    C   26 1.406    C   19 1.378    H   85 0.938
    26  C   3.949    C   25 1.406    C   27 1.373    H   86 0.932
    27  C   3.907    C   26 1.373    C   69 1.162    C   28 1.162    C   19 0.075
    28  C   3.917    N   35 1.395    C   27 1.162    C   29 1.128    S   36 0.065
    29  C   3.927    N   37 1.397    C   19 1.158    C   28 1.128    S   36 0.075
    30  C   3.953    C   31 1.395    C   20 1.387    H   87 0.938
    31  C   3.951    C   30 1.395    C   32 1.391    H   88 0.941    C   72 0.055
    32  C   3.907    C   31 1.391    C   33 1.170    C   71 1.133    C   20 0.079
    33  C   3.927    N   38 1.387    C   32 1.170    C   34 1.127    S   39 0.065
    34  C   3.928    N   40 1.394    C   20 1.161    C   33 1.127    S   39 0.073
    35  N   3.092    C   28 1.395    S   36 1.335    N   37 0.222
    36  S   2.913    N   35 1.335    N   37 1.329    C   29 0.075    C   28 0.065
    37  N   3.090    C   29 1.397    S   36 1.329    N   35 0.222
    38  N   3.102    C   33 1.387    S   39 1.343    N   40 0.223
    39  S   2.930    N   38 1.343    N   40 1.333    C   34 0.073    C   33 0.065
    40  N   3.097    C   34 1.394    S   39 1.333    N   38 0.223
    41  C   3.970    C   42 1.440    C   23 1.389    H   89 0.944    C   44 0.108
    42  C   3.971    C   41 1.440    C   43 1.389    H   90 0.945    C   45 0.107
    43  C   3.950    C   44 1.393    C   42 1.389    C   64 0.982    C   23 0.107
    44  C   3.972    C   45 1.436    C   43 1.393    H   91 0.945    C   41 0.108
    45  C   3.971    C   44 1.436    C   23 1.396    H   92 0.944    C   42 0.107
    46  C   3.970    C   47 1.444    C   24 1.386    H   93 0.945    C   49 0.108
    47  C   3.971    C   46 1.444    C   48 1.385    H   94 0.945    C   50 0.106
    48  C   3.950    C   49 1.396    C   47 1.385    C   63 0.982    C   24 0.107
    49  C   3.972    C   50 1.432    C   48 1.396    H   95 0.945    C   46 0.108
    50  C   3.971    C   49 1.432    C   24 1.399    H   96 0.943    C   47 0.106
    51  C   3.970    C   52 1.441    C   21 1.388    H   97 0.944    C   54 0.108
    52  C   3.971    C   51 1.441    C   53 1.388    H   98 0.945    C   55 0.107
    53  C   3.950    C   54 1.394    C   52 1.388    C   61 0.982    C   21 0.107
    54  C   3.972    C   55 1.435    C   53 1.394    H   99 0.945    C   51 0.108
    55  C   3.971    C   54 1.435    C   21 1.397    H  100 0.944    C   52 0.107
    56  C   3.970    C   57 1.445    C   22 1.386    H  101 0.945    C   59 0.108
    57  C   3.971    C   56 1.445    C   58 1.385    H  102 0.945    C   60 0.107
    58  C   3.950    C   59 1.396    C   57 1.385    C   62 0.982    C   22 0.107
    59  C   3.972    C   60 1.431    C   58 1.396    H  103 0.945    C   56 0.108
    60  C   3.971    C   59 1.431    C   22 1.399    H  104 0.943    C   57 0.107
    61  C   3.974    C   67 0.990    C   53 0.982    H  105 0.967    H  106 0.966
    62  C   3.974    C   68 0.990    C   58 0.982    H  107 0.967    H  108 0.966
    63  C   3.974    C   66 0.990    C   48 0.982    H  109 0.967    H  110 0.967
    64  C   3.974    C   65 0.990    C   43 0.982    H  112 0.967    H  111 0.967
    65  C   3.983    C   64 0.990    H  115 0.985    H  113 0.984    H  114 0.980
    66  C   3.983    C   63 0.990    H  116 0.984    H  118 0.984    H  117 0.980
    67  C   3.983    C   61 0.990    H  119 0.984    H  121 0.984    H  120 0.980
    68  C   3.983    C   62 0.990    H  122 0.984    H  124 0.984    H  123 0.980
    69  C   3.951    C   70 1.554    C   27 1.162    H  125 0.939    N   78 0.102    N   77 0.100
    70  C   3.906    C   69 1.554    C   74 1.058    C   73 1.049    N   77 0.077    N   78 0.076
    71  C   3.954    C   72 1.586    C   32 1.133    H  126 0.935    N   79 0.106    N   80 0.105
    72  C   3.946    C   71 1.586    C   76 1.048    C   75 1.045    N   80 0.075    N   79 0.075    C   31 0.055
    73  C   3.941    N   77 2.813    C   70 1.049
    74  C   3.942    N   78 2.795    C   70 1.058
    75  C   3.941    N   80 2.817    C   72 1.045
    76  C   3.943    N   79 2.810    C   72 1.048
    77  N   3.048    C   73 2.813    C   69 0.100    C   70 0.077
    78  N   3.056    C   74 2.795    C   69 0.102    C   70 0.076
    79  N   3.076    C   76 2.810    C   71 0.106    C   72 0.075
    80  N   3.055    C   75 2.817    C   71 0.105    C   72 0.075
    81  H   0.994    C    3 0.940
    82  H   0.994    C    6 0.940
    83  H   0.995    C   10 0.931
    84  H   0.995    C   16 0.931
    85  H   0.995    C   25 0.938
    86  H   0.993    C   26 0.932
    87  H   0.994    C   30 0.938
    88  H   0.994    C   31 0.941
    89  H   0.997    C   41 0.944
    90  H   0.997    C   42 0.945
    91  H   0.997    C   44 0.945
    92  H   0.997    C   45 0.944
    93  H   0.997    C   46 0.945
    94  H   0.997    C   47 0.945
    95  H   0.997    C   49 0.945
    96  H   0.997    C   50 0.943
    97  H   0.997    C   51 0.944
    98  H   0.997    C   52 0.945
    99  H   0.997    C   54 0.945
   100  H   0.997    C   55 0.944
   101  H   0.997    C   56 0.945
   102  H   0.997    C   57 0.945
   103  H   0.997    C   59 0.945
   104  H   0.997    C   60 0.943
   105  H   0.998    C   61 0.967
   106  H   0.998    C   61 0.966
   107  H   0.998    C   62 0.967
   108  H   0.998    C   62 0.966
   109  H   0.998    C   63 0.967
   110  H   0.998    C   63 0.967
   111  H   0.998    C   64 0.967
   112  H   0.998    C   64 0.967
   113  H   0.999    C   65 0.984
   114  H   0.997    C   65 0.980
   115  H   0.999    C   65 0.985
   116  H   0.999    C   66 0.984
   117  H   0.997    C   66 0.980
   118  H   0.999    C   66 0.984
   119  H   0.999    C   67 0.984
   120  H   0.997    C   67 0.980
   121  H   0.999    C   67 0.984
   122  H   0.999    C   68 0.984
   123  H   0.997    C   68 0.980
   124  H   0.999    C   68 0.984
   125  H   0.994    C   69 0.939
   126  H   0.993    C   71 0.935
 
 --------------------------------------------
          xTB calculation for sTDA...
 --------------------------------------------
 
 reading parameter file /ihome/ghutchison/blp62/xtb4stda/.param_stda2.xtb
 
      method parameters     
 k(s)        :  1.6000
 k(p)        :  2.1800
 k(d)        :  1.9500
 k(f)        :  2.0000
 k(R-V)      :  2.2750
 k(R-R)      :  1.7650
 Tscal       :  0.2580
 Gscal       :  1.0000
 fpol        :  1.0000
 Zcnf        :  0.3430
 Zqf         :  0.0000
 kcn         :  2.7000
 Ryd Hsplit  :  0.7000
 lshift(virt):  3.1000
 lshift(OS)  :  0.2000
 wllscaling  :  2.6000
 
 mowrcut     : 3.000
 
  Z AO/shell   Hii/eV     exponent
  1     Sun Feb 14 09:53:25 CET 2016    EN: 2.327 GAM: 0.473  GM3: 0.0000
     1s    -14.339618    1.220000
     2sp    -3.348946    0.600000
  6     Sun Feb 14 09:53:25 CET 2016    EN: 2.731 GAM: 0.422  GM3: 0.0000
     2s    -22.009312    1.565095
     2p    -13.020408    1.596905
     3sp    -3.914040    0.824500
  7     Sun Feb 14 09:53:25 CET 2016    EN: 3.573 GAM: 0.504  GM3: 0.0000
     2s    -25.722000    2.064844
     2p    -18.684912    1.801692
     3sp    -4.344791    0.921400
 16     Sun Feb 21 16:35:57 CET 2016    EN: 1.915 GAM: 0.200  GM3: 0.0000
     3s    -17.898811    2.619580
     3p    -15.317401    1.798798
     4sp    -4.455139    0.843200
 
 Nbf   :          870
 T(el) :     0.0
 calculating S/T integrals ...
 cpu time for ints   0.963480000000000     
 Nao   :          870
 making H0...
 making H1...
 cpu time for H      2.677200000000002E-002
 solving ...
 cpu time for diag   0.861166000000000     
 
 gap (eV)           :   4.924
 Koopmans IP (eV)   :  13.944
 Eel (Eh)           :  -327.972855

          eigenvalues
 #    :         179        180        181        182        183        184        185        186
 occ. :        2.000      2.000      2.000      2.000      2.000      2.000      2.000      2.000
 eps  :       -16.221    -16.201    -16.160    -16.157    -16.112    -16.019    -15.884    -15.801
 #    :         187        188        189        190        191        192        193        194
 occ. :        2.000      2.000      2.000      2.000      2.000      0.000      0.000      0.000
 eps  :       -15.697    -15.667    -15.649    -14.650    -13.945     -9.021     -8.743     -7.485
 #    :         195        196        197        198        199        200        201        202
 occ. :        0.000      0.000      0.000      0.000      0.000      0.000      0.000      0.000
 eps  :        -7.067     -6.872     -6.221     -6.190     -5.939     -5.905     -5.893     -5.864
                            1  SCC done.
 writing mo output ...
 molden style : F
 
speedup  1.00
cpu  time for all    2.06 s
wall time for all    2.06 s
