 
        ______________________________________
       |                                      |
       |          ===================         |
       |             xTB for sTDA             |
       |          ===================         |
       |               S. Grimme              |
       |        Universitaet Bonn, MCTC       |
       |         2015-19, Version 1.0         |
       |     Wed Apr  3 09:14:55 CEST 2019    |
       |______________________________________|
 
        This code comes without any warranty
        for non-commercial, academia use only.
        Preliminary test version.
        Cite this work as:
        S. Grimme  &  C. Bannwarth, JCP 145 (2016) 054103
        if GBSA is used additionally:
        P. Shushkov, F. März, C. Bannwarth, S. Grimme, unpublished.
 
        with help from
        P. Shushkov, G. Brandenburg, S. Dohm, J. Pisarek,
        F. März, M. Checinski, S. Ehrlich, S. Spicher, 
        P. Pracht, E. Caldeweyher, S. Ehlert, and C. Bannwarth.
 
        usage        :
        xtb4stda <coord_file> [options]
        where <coord_file> is a valid file of TM)
        (*coord, Bohr) or xmol (*xyz, Angstroem)
        format.

        options:
        -chrg <int>   : molecular charge
        -uhf  <int>   : # of unpaired electrons(=2*S)
        -nox          : skip second, extended part in sTDA-xTB
        -pop          : do population analysis
                      : (default for -nox)
        -mowr <real>  : cut MO write above (def.3 Eh)
        -molden       : write formatted molden file
        -parx <file>  : read parameters for sTDA-xTB
                        calc (def:~/.param_stda2.xtb)
        -parv <file>  : read parameters for vTB part in
                        sTDA-xTB (def: ~/.param_stda1.xtb)
        -xtemp <real> : el. temp for xTB (def. 0 K)
        -etemp <real> : el. temp for GFN (def. 300 K)
        -fod          : calculate the FOD and write
                        molden.input file with
                        appropriate occupations
                        for plotting. Def. T=12500 K
 
        -acc <real>   : xTB accuracy (def. 1.0)
        -gbsa [string1] [string2]
                        use GBSA implicit solvent
                        for solvent [string1] and
                        solvation state [string2]=
                        reference, bar1M (default=1M)
        additional GFN/opt/MD/siman options read from
        $XTB4STDAHOME/.xtb4stdarc or $set in input
 
       spin and charge state information can be on:
       <.CHRG> (charge) and <.UHF> (=nalpha-nbeta)
       -uhf and -chrg override the file info.
       useful machine settings:
       setenv MKL_NUM_THREADS <NCORE_ON_YOUR_MACHINE>
       setenv OMP_STACKSIZE 500m
       limit stacksize unlimited
 
       total energies in Eh, gaps/HL energies in eV
       please read REVISION and HOWTO files carefully
 =============================
  # OMP threads =           1
 =============================
 
 xtb4stdahome directory:/ihome/ghutchison/blp62/xtb4stda/
 
 
 name of molecule           :
 comment line               :
 number of atoms            :   158
 number of electrons        :   462
 charge                     :  0
 spin                       : 0.0
 first test random number   :  0.5213
 
 -----------------------------------------
      charge density (VTB) calculation
 -----------------------------------------
 
      method parameters     
 k(s)        :  1.8000
 k(p)        :  2.8350
 k(d)        :  2.0860
 k(f)        :  2.0000
 Tscal       :  0.3300
 Gscal       :  0.3910
 fpol        :  1.0000
 Zcnf        :  0.6500
 Zqf         :  0.0000
 kcn         :  0.3000
 kEN1        : -0.5900
 wllscal     :  2.6000
 
     -------------------------
     ! NO SOLVENT MODEL USED !
     -------------------------
 
 doing EN charges ...
 sum q : -0.4440892D-15
 point charge moment (au)
     X       Y       Z   
  -0.3400   0.6496  -0.2146  total (Debye):    1.942
 
            Z      q(EN)   CN      Cart. coordinates
     1  C   4.0  -0.001   3.440     1.54050    -2.97084     1.91675
     2  C   4.0  -0.007   3.361     0.79954    -2.78961    -0.64666
     3  C   4.0  -0.062   3.177    -0.33051    -0.62153    -1.61817
     4  C   4.0  -0.001   3.445    -0.68049     1.36986     0.01342
     5  C   4.0  -0.007   3.359     0.03817     1.18070     2.58250
     6  C   4.0  -0.062   3.175     1.14442    -0.99834     3.56100
     7  C   4.0  -0.053   4.297     2.72121    -5.53312     2.46496
     8  C   4.0  -0.015   3.605     2.55019    -6.76371    -0.09940
     9  C   4.0  -0.094   3.368     1.46945    -5.12210    -1.83001
    10  C   4.0  -0.081   3.336     3.31817    -9.04158    -1.15689
    11  C   4.0  -0.089   3.299     2.81475    -9.16706    -3.72578
    12  S   6.0   0.216   2.685     1.35304    -6.38179    -4.81086
    13  C   4.0  -0.053   4.297    -1.84286     3.93706    -0.54594
    14  C   4.0  -0.014   3.597    -1.65313     5.18390     2.00651
    15  C   4.0  -0.097   3.374    -0.56200     3.54588     3.73637
    16  C   4.0  -0.084   3.368    -2.20663     7.53887     3.01997
    17  C   4.0  -0.093   3.299    -1.57225     7.71386     5.55863
    18  S   6.0   0.227   2.555    -0.24680     4.88230     6.66998
    19  C   4.0  -0.092   3.308     3.31401   -11.10044    -5.51932
    20  C   4.0  -0.093   3.279    -1.87971     9.89801     7.08383
    21  C   4.0   0.006   3.273    -4.54101     3.51224    -1.42126
    22  C   4.0   0.006   3.274    -0.35451     5.52121    -2.41583
    23  C   4.0   0.006   3.270     1.17012    -6.83627     4.49056
    24  C   4.0   0.005   3.278     5.50250    -5.41973     3.15546
    25  C   4.0  -0.071   3.188    -0.84603    -8.39133     3.86317
    26  C   4.0  -0.073   3.185    -2.28468    -9.51553     5.73248
    27  C   4.0   0.007   3.189    -1.76311    -9.10168     8.26982
    28  C   4.0  -0.072   3.184     0.24188    -7.52470     8.88814
    29  C   4.0  -0.071   3.192     1.68734    -6.39956     7.02732
    30  C   4.0  -0.071   3.195     6.66714    -7.56930     4.11771
    31  C   4.0  -0.072   3.184     9.22092    -7.56968     4.65269
    32  C   4.0   0.007   3.189    10.68451    -5.42994     4.23563
    33  C   4.0  -0.073   3.185     9.51742    -3.29644     3.25486
    34  C   4.0  -0.071   3.186     6.95967    -3.28718     2.71195
    35  C   4.0  -0.071   3.193    -5.03423     3.02413    -3.95312
    36  C   4.0  -0.072   3.184    -7.47046     2.54470    -4.76079
    37  C   4.0   0.007   3.189    -9.47660     2.53922    -3.06854
    38  C   4.0  -0.073   3.185    -8.97091     3.01128    -0.53819
    39  C   4.0  -0.071   3.188    -6.53524     3.48390     0.28100
    40  C   4.0  -0.071   3.194    -1.45207     7.69251    -3.40680
    41  C   4.0  -0.073   3.184    -0.11849     9.22413    -5.04538
    42  C   4.0   0.007   3.189     2.34591     8.63548    -5.73475
    43  C   4.0  -0.073   3.185     3.44138     6.48025    -4.71883
    44  C   4.0  -0.071   3.185     2.11593     4.94182    -3.07194
    45  C   4.0  -0.174   4.062   -12.11201     1.94283    -3.93403
    46  C   4.0  -0.174   4.062     3.81762    10.34436    -7.45610
    47  C   4.0  -0.174   4.062    13.47677    -5.46641     4.73698
    48  C   4.0  -0.174   4.062    -3.26620   -10.40351    10.29390
    49  C   4.0  -0.242   4.027    14.90521    -6.41808     2.40997
    50  C   4.0  -0.241   4.027    -2.08550   -12.96295    10.93906
    51  C   4.0  -0.241   4.027   -12.63754    -0.89006    -3.68969
    52  C   4.0  -0.242   4.027     5.19221    12.37657    -5.92599
    53  S   6.0   0.211   2.675    -2.81588    12.67855     5.60927
    54  C   4.0  -0.080   3.171    -2.75012    14.35077     8.46956
    55  C   4.0  -0.090   3.375    -2.04808    12.74412    10.41428
    56  C   4.0  -0.007   3.375    -1.55902    10.26745     9.67634
    57  S   6.0   0.215   2.907     2.37387   -10.58436    -8.62414
    58  C   4.0  -0.080   3.175     3.56988   -13.50266    -9.56371
    59  C   4.0  -0.092   3.403     4.62132   -14.74818    -7.48955
    60  C   4.0  -0.002   3.345     4.49622   -13.45050    -5.22018
    61  C   4.0  -0.172   4.055     5.60606   -14.50610    -2.84045
    62  C   4.0  -0.242   4.027     8.18308   -13.32276    -2.26994
    63  C   4.0  -0.073   3.195     3.55930   -14.55637   -11.99088
    64  C   4.0  -0.003   3.278     2.62502   -13.61340   -14.22057
    65  C   4.0   0.103   3.240     1.34473   -11.17319   -14.52406
    66  C   4.0  -0.007   3.350     0.66462   -10.98838   -17.21994
    67  C   4.0  -0.007   3.349     1.48400   -13.17668   -18.48379
    68  C   4.0  -0.008   3.322     2.72064   -14.84984   -16.65982
    69  C   4.0  -0.068   3.154    -0.57183    -9.05935   -18.46735
    70  C   4.0  -0.073   3.146    -0.99967    -9.32504   -21.04172
    71  C   4.0  -0.073   3.149    -0.19861   -11.47706   -22.30481
    72  C   4.0  -0.069   3.160     1.04634   -13.42140   -21.05400
    73  O   6.0  -0.121   1.219     0.91557    -9.60000   -12.89776
    74  C   4.0  -0.037   3.119     3.76963   -17.15210   -17.22447
    75  C   4.0   0.234   2.162     4.97848   -18.78331   -15.49878
    76  C   4.0   0.235   2.166     3.79306   -18.23302   -19.66090
    77  N   5.0  -0.214   1.026     3.88547   -19.23136   -21.58539
    78  N   5.0  -0.214   1.026     5.99327   -20.22271   -14.22794
    79  C   4.0  -0.175   4.072    -0.71999     8.30969    11.53489
    80  C   4.0  -0.244   4.034     2.16506     8.21823    11.70269
    81  C   4.0  -0.077   3.227    -3.34104    16.93629     8.34295
    82  C   4.0  -0.001   3.257    -3.46179    18.77821    10.16351
    83  C   4.0   0.100   3.212    -3.12409    18.53009    12.92780
    84  C   4.0  -0.007   3.351    -3.57990    21.07366    13.97811
    85  C   4.0  -0.007   3.344    -4.12546    22.77290    12.01526
    86  C   4.0  -0.008   3.324    -4.03286    21.40852     9.61341
    87  C   4.0  -0.068   3.156    -3.52321    21.82463    16.47671
    88  C   4.0  -0.073   3.146    -4.02682    24.33854    17.02530
    89  C   4.0  -0.073   3.149    -4.57238    26.03135    15.09910
    90  C   4.0  -0.070   3.161    -4.62907    25.28019    12.58501
    91  O   6.0  -0.104   1.055    -2.59970    16.66512    14.16047
    92  C   4.0  -0.037   3.120    -4.37774    22.50456     7.29018
    93  C   4.0   0.234   2.174    -4.89458    25.09480     6.91885
    94  C   4.0   0.233   2.169    -4.25434    21.30118     4.91367
    95  N   5.0  -0.214   1.027    -5.31882    27.17180     6.45530
    96  N   5.0  -0.214   1.027    -4.18291    20.52110     2.88807
    97  H   1.0   0.076   1.006    -0.88023    -0.52289    -3.57876
    98  H   1.0   0.076   1.006     1.67997    -1.10568     5.52594
    99  H   1.0   0.081   1.006     4.20162   -10.52199    -0.09524
   100  H   1.0   0.079   1.009    -3.03887     9.08618     1.99971
   101  H   1.0   0.076   1.007    -1.29560    -8.73261     1.90106
   102  H   1.0   0.075   1.005    -3.84125   -10.72967     5.20884
   103  H   1.0   0.075   1.005     0.67652    -7.17057    10.85213
   104  H   1.0   0.076   1.006     3.24901    -5.19202     7.54983
   105  H   1.0   0.076   1.006     5.55523    -9.24548     4.46977
   106  H   1.0   0.075   1.005    10.09322    -9.25455     5.40915
   107  H   1.0   0.075   1.005    10.62215    -1.61364     2.90886
   108  H   1.0   0.076   1.007     6.09796    -1.60438     1.94226
   109  H   1.0   0.076   1.006    -3.50544     3.04643    -5.30616
   110  H   1.0   0.075   1.005    -7.81987     2.17602    -6.73895
   111  H   1.0   0.075   1.005   -10.50310     3.01411     0.81239
   112  H   1.0   0.076   1.007    -6.19301     3.84106     2.26181
   113  H   1.0   0.076   1.006    -3.37297     8.17023    -2.90583
   114  H   1.0   0.075   1.005    -1.00439    10.90013    -5.80410
   115  H   1.0   0.075   1.005     5.35945     5.99138    -5.22320
   116  H   1.0   0.076   1.007     3.01430     3.27735    -2.30395
   117  H   1.0   0.081   1.003   -13.47658     2.98766    -2.79169
   118  H   1.0   0.081   1.003   -12.34804     2.51107    -5.90313
   119  H   1.0   0.081   1.003     2.54093    11.25332    -8.79800
   120  H   1.0   0.081   1.003     5.19958     9.24359    -8.52191
   121  H   1.0   0.081   1.003    14.13005    -3.56648     5.20638
   122  H   1.0   0.081   1.003    13.88438    -6.70380     6.33701
   123  H   1.0   0.081   1.003    -3.31722    -9.23169    11.99126
   124  H   1.0   0.081   1.003    -5.20487   -10.69283     9.64951
   125  H   1.0   0.081   0.998    16.92835    -6.44756     2.76939
   126  H   1.0   0.081   0.999    14.29615    -8.32065     1.92487
   127  H   1.0   0.081   0.999    14.54163    -5.19448     0.79879
   128  H   1.0   0.081   0.999    -2.04355   -14.17030     9.27572
   129  H   1.0   0.081   0.999    -0.15666   -12.71275    11.60462
   130  H   1.0   0.081   0.998    -3.16964   -13.90649    12.40775
   131  H   1.0   0.081   0.999   -11.31020    -1.96437    -4.83392
   132  H   1.0   0.081   0.998   -14.54654    -1.32413    -4.31500
   133  H   1.0   0.081   0.999   -12.43421    -1.48910    -1.73382
   134  H   1.0   0.081   0.999     6.49404    11.50881    -4.59260
   135  H   1.0   0.081   0.998     6.25650    13.61737    -7.17113
   136  H   1.0   0.081   0.999     3.84295    13.50889    -4.86680
   137  H   1.0   0.081   1.008    -1.90371    13.38266    12.33670
   138  H   1.0   0.079   1.005     5.46395   -16.59123    -7.67437
   139  H   1.0   0.081   1.004     5.84473   -16.54115    -3.08006
   140  H   1.0   0.081   1.004     4.31443   -14.21433    -1.26007
   141  H   1.0   0.082   1.000     8.03833   -11.28015    -2.09590
   142  H   1.0   0.081   0.999     9.50135   -13.74606    -3.78833
   143  H   1.0   0.081   0.999     8.94162   -14.08035    -0.51665
   144  H   1.0   0.076   1.013     4.44010   -16.40282   -12.06401
   145  H   1.0   0.075   1.004    -1.17768    -7.40300   -17.44349
   146  H   1.0   0.074   1.004    -1.96191    -7.84879   -22.06992
   147  H   1.0   0.074   1.004    -0.54594   -11.65432   -24.30773
   148  H   1.0   0.076   1.007     1.64520   -15.06962   -22.08863
   149  H   1.0   0.081   1.004    -1.48570     8.79989    13.38606
   150  H   1.0   0.081   1.013    -1.44734     6.45285    11.00973
   151  H   1.0   0.081   0.999     2.75050     6.78846    13.05574
   152  H   1.0   0.081   1.002     2.98747     7.76262     9.87552
   153  H   1.0   0.081   0.999     2.89544    10.04011    12.31081
   154  H   1.0   0.076   1.019    -3.75942    17.55102     6.43508
   155  H   1.0   0.075   1.004    -3.09613    20.46989    17.94011
   156  H   1.0   0.074   1.004    -3.99715    24.98407    18.96057
   157  H   1.0   0.074   1.004    -4.96374    27.98098    15.55660
   158  H   1.0   0.076   1.007    -5.06201    26.64192    11.13483
 
  Z AO/shell   Hii/eV     exponent
  1     Sat Feb 20 21:38:01 CET 2016    EN: 2.327 GAM: 0.473  GM3: 0.0000
     1s    -13.751157    1.051071
  6     Sat Feb 20 21:38:01 CET 2016    EN: 2.731 GAM: 0.422  GM3: 0.0000
     2s    -19.378245    2.021003
     2p    -11.993376    1.497917
  7     Sat Feb 20 21:38:01 CET 2016    EN: 3.573 GAM: 0.504  GM3: 0.0000
     2s    -21.576984    2.275442
     2p    -16.125120    2.056788
  8     Sat Feb 20 21:38:01 CET 2016    EN: 3.700 GAM: 0.587  GM3: 0.0000
     2s    -21.648843    2.110798
     2p    -17.239740    2.329048
 16     Sat Feb 20 23:13:41 CET 2016    EN: 1.915 GAM: 0.389  GM3: 0.0000
     3s    -22.000000    2.671470
     3p    -15.834192    1.836978
     3d     -2.593599    1.836978
 
 dipole moment of classical point charges (au)
     X       Y       Z   
  -0.3400   0.6496  -0.2146  total (Debye):    1.942

 
 Nbf   :          470
 T(el) :   300.0
 calculating S/T integrals ...
 cpu time for ints   7.187200000000001E-002
 Nao   :          466
 making H0...
 making H1...
 cpu time for H      1.176900000000000E-002
 solving ...
 cpu time for diag   4.206399999999999E-002
 
 gap (eV)           :   2.070
 Koopmans IP (eV)   :  12.104
 Eel (Eh)           :  -362.144771
 T,E(Fermi),NFOD :    300.000   -11.069  0.000000
 T,E(Fermi),NFOD :    300.000   -11.069  0.000000
 Nfod               :  0.0000
 Nfod/Nel           :  0.0000

          eigenvalues
 #    :         219        220        221        222        223        224        225        226
 occ. :        2.000      2.000      2.000      2.000      2.000      2.000      2.000      2.000
 eps  :       -15.447    -15.408    -15.317    -15.174    -15.034    -14.933    -14.855    -14.833
 #    :         227        228        229        230        231        232        233        234
 occ. :        2.000      2.000      2.000      2.000      2.000      0.000      0.000      0.000
 eps  :       -14.822    -14.502    -13.963    -12.802    -12.105    -10.035     -9.757     -9.602
 #    :         235        236        237        238        239        240        241        242
 occ. :        0.000      0.000      0.000      0.000      0.000      0.000      0.000      0.000
 eps  :        -9.506     -8.299     -8.192     -8.158     -7.950     -7.601     -7.408     -7.270
                            1  SCC done.
 making H1...
 cpu time for H      5.103700000000000E-002
 solving ...
 cpu time for diag   2.871799999999999E-002
 
 gap (eV)           :   2.156
 Koopmans IP (eV)   :  12.303
 Eel (Eh)           :  -362.263676
 T,E(Fermi),NFOD :    300.000   -11.225  0.000000
 T,E(Fermi),NFOD :    300.000   -11.225  0.000000
 Nfod               :  0.0000
 Nfod/Nel           :  0.0000

          eigenvalues
 #    :         219        220        221        222        223        224        225        226
 occ. :        2.000      2.000      2.000      2.000      2.000      2.000      2.000      2.000
 eps  :       -15.267    -15.228    -15.089    -14.987    -14.901    -14.837    -14.824    -14.473
 #    :         227        228        229        230        231        232        233        234
 occ. :        2.000      2.000      2.000      2.000      2.000      0.000      0.000      0.000
 eps  :       -14.180    -14.084    -14.014    -12.975    -12.304    -10.148     -9.882     -9.379
 #    :         235        236        237        238        239        240        241        242
 occ. :        0.000      0.000      0.000      0.000      0.000      0.000      0.000      0.000
 eps  :        -9.326     -8.389     -8.334     -8.261     -7.828     -7.575     -7.505     -7.317
                            2  SCC done.
 
 
 Mulliken/CM5 charges    n(s)   n(p)   n(d)   
    1 C  -0.0125 -0.0179   1.198  2.815  0.000
    2 C   0.0028 -0.0005   1.164  2.833  0.000
    3 C  -0.0271 -0.0773   1.140  2.887  0.000
    4 C  -0.0103 -0.0156   1.198  2.812  0.000
    5 C  -0.0007 -0.0040   1.165  2.836  0.000
    6 C  -0.0304 -0.0804   1.140  2.891  0.000
    7 C   0.0273  0.0230   1.212  2.761  0.000
    8 C  -0.0524 -0.0559   1.196  2.856  0.000
    9 C  -0.0425 -0.0293   1.180  2.862  0.000
   10 C  -0.0729 -0.1235   1.145  2.927  0.000
   11 C  -0.0186 -0.0086   1.171  2.847  0.000
   12 S   0.1308  0.0974   1.890  3.934  0.046
   13 C   0.0293  0.0251   1.211  2.759  0.000
   14 C  -0.0484 -0.0518   1.195  2.854  0.000
   15 C  -0.0435 -0.0304   1.179  2.865  0.000
   16 C  -0.0628 -0.1111   1.144  2.919  0.000
   17 C  -0.0211 -0.0110   1.167  2.854  0.000
   18 S   0.1289  0.0895   1.888  3.933  0.050
   19 C  -0.0376 -0.0248   1.196  2.842  0.000
   20 C  -0.0191 -0.0068   1.183  2.836  0.000
   21 C  -0.0036 -0.0125   1.186  2.817  0.000
   22 C  -0.0039 -0.0128   1.186  2.818  0.000
   23 C  -0.0044 -0.0134   1.186  2.818  0.000
   24 C  -0.0042 -0.0132   1.187  2.818  0.000
   25 C  -0.0411 -0.0942   1.140  2.901  0.000
   26 C  -0.0405 -0.0948   1.140  2.900  0.000
   27 C  -0.0044 -0.0209   1.182  2.823  0.000
   28 C  -0.0406 -0.0950   1.140  2.900  0.000
   29 C  -0.0402 -0.0942   1.141  2.899  0.000
   30 C  -0.0411 -0.0950   1.141  2.900  0.000
   31 C  -0.0411 -0.0955   1.140  2.901  0.000
   32 C  -0.0042 -0.0207   1.182  2.822  0.000
   33 C  -0.0402 -0.0945   1.140  2.900  0.000
   34 C  -0.0410 -0.0942   1.141  2.900  0.000
   35 C  -0.0385 -0.0925   1.141  2.898  0.000
   36 C  -0.0393 -0.0937   1.140  2.899  0.000
   37 C  -0.0041 -0.0206   1.182  2.823  0.000
   38 C  -0.0413 -0.0956   1.140  2.901  0.000
   39 C  -0.0422 -0.0953   1.140  2.902  0.000
   40 C  -0.0385 -0.0923   1.141  2.898  0.000
   41 C  -0.0388 -0.0932   1.140  2.899  0.000
   42 C  -0.0036 -0.0200   1.182  2.822  0.000
   43 C  -0.0412 -0.0955   1.140  2.901  0.000
   44 C  -0.0425 -0.0958   1.141  2.902  0.000
   45 C  -0.0436 -0.1505   1.124  2.920  0.000
   46 C  -0.0435 -0.1504   1.124  2.920  0.000
   47 C  -0.0436 -0.1505   1.124  2.920  0.000
   48 C  -0.0436 -0.1505   1.124  2.920  0.000
   49 C  -0.0899 -0.2413   1.096  2.994  0.000
   50 C  -0.0899 -0.2413   1.096  2.994  0.000
   51 C  -0.0902 -0.2415   1.096  2.995  0.000
   52 C  -0.0900 -0.2414   1.096  2.994  0.000
   53 S   0.1072  0.0691   1.888  3.967  0.038
   54 C  -0.0038  0.0018   1.161  2.842  0.000
   55 C  -0.0644 -0.1135   1.159  2.905  0.000
   56 C  -0.0291 -0.0396   1.187  2.842  0.000
   57 S   0.1314  0.1013   1.892  3.920  0.057
   58 C  -0.0016  0.0047   1.161  2.841  0.000
   59 C  -0.0693 -0.1197   1.156  2.914  0.000
   60 C  -0.0308 -0.0419   1.186  2.845  0.000
   61 C  -0.0381 -0.1450   1.125  2.913  0.000
   62 C  -0.0891 -0.2409   1.095  2.994  0.000
   63 C  -0.0011 -0.0488   1.153  2.848  0.000
   64 C  -0.0251 -0.0269   1.170  2.855  0.000
   65 C   0.1312  0.1665   1.176  2.693  0.000
   66 C  -0.0188 -0.0209   1.183  2.835  0.000
   67 C  -0.0067 -0.0102   1.172  2.835  0.000
   68 C   0.0168  0.0161   1.197  2.787  0.000
   69 C  -0.0146 -0.0671   1.143  2.871  0.000
   70 C  -0.0186 -0.0747   1.138  2.880  0.000
   71 C  -0.0195 -0.0758   1.139  2.881  0.000
   72 C  -0.0248 -0.0775   1.145  2.879  0.000
   73 O  -0.2205 -0.2666   1.622  4.598  0.000
   74 C   0.0044  0.0106   1.115  2.881  0.000
   75 C   0.0996  0.2173   1.172  2.728  0.000
   76 C   0.0978  0.2167   1.171  2.731  0.000
   77 N  -0.2124 -0.3423   1.642  3.570  0.000
   78 N  -0.2158 -0.3461   1.642  3.573  0.000
   79 C  -0.0371 -0.1426   1.125  2.912  0.000
   80 C  -0.0891 -0.2402   1.096  2.993  0.000
   81 C  -0.0049 -0.0520   1.156  2.849  0.000
   82 C  -0.0305 -0.0329   1.177  2.853  0.000
   83 C   0.1324  0.1670   1.175  2.692  0.000
   84 C  -0.0231 -0.0251   1.185  2.839  0.000
   85 C  -0.0062 -0.0098   1.172  2.834  0.000
   86 C   0.0133  0.0125   1.198  2.789  0.000
   87 C  -0.0155 -0.0679   1.143  2.872  0.000
   88 C  -0.0188 -0.0749   1.138  2.880  0.000
   89 C  -0.0183 -0.0745   1.139  2.879  0.000
   90 C  -0.0246 -0.0773   1.145  2.879  0.000
   91 O  -0.2285 -0.2839   1.622  4.606  0.000
   92 C   0.0077  0.0137   1.116  2.877  0.000
   93 C   0.0972  0.2161   1.172  2.731  0.000
   94 C   0.0971  0.2143   1.173  2.730  0.000
   95 N  -0.2106 -0.3408   1.642  3.569  0.000
   96 N  -0.2101 -0.3404   1.642  3.568  0.000
   97 H   0.0494  0.1088   0.951  0.000  0.000
   98 H   0.0472  0.1064   0.953  0.000  0.000
   99 H   0.0616  0.1223   0.938  0.000  0.000
  100 H   0.0581  0.1187   0.942  0.000  0.000
  101 H   0.0394  0.0994   0.961  0.000  0.000
  102 H   0.0378  0.0953   0.962  0.000  0.000
  103 H   0.0376  0.0951   0.962  0.000  0.000
  104 H   0.0400  0.0998   0.960  0.000  0.000
  105 H   0.0393  0.0991   0.961  0.000  0.000
  106 H   0.0374  0.0949   0.963  0.000  0.000
  107 H   0.0379  0.0953   0.962  0.000  0.000
  108 H   0.0398  0.1000   0.960  0.000  0.000
  109 H   0.0407  0.1005   0.959  0.000  0.000
  110 H   0.0380  0.0955   0.962  0.000  0.000
  111 H   0.0372  0.0947   0.963  0.000  0.000
  112 H   0.0382  0.0983   0.962  0.000  0.000
  113 H   0.0400  0.0997   0.960  0.000  0.000
  114 H   0.0385  0.0960   0.962  0.000  0.000
  115 H   0.0373  0.0948   0.963  0.000  0.000
  116 H   0.0389  0.0991   0.961  0.000  0.000
  117 H   0.0363  0.0921   0.964  0.000  0.000
  118 H   0.0366  0.0924   0.963  0.000  0.000
  119 H   0.0369  0.0928   0.963  0.000  0.000
  120 H   0.0360  0.0918   0.964  0.000  0.000
  121 H   0.0365  0.0924   0.963  0.000  0.000
  122 H   0.0365  0.0923   0.964  0.000  0.000
  123 H   0.0364  0.0922   0.964  0.000  0.000
  124 H   0.0366  0.0924   0.963  0.000  0.000
  125 H   0.0335  0.0851   0.967  0.000  0.000
  126 H   0.0287  0.0813   0.971  0.000  0.000
  127 H   0.0292  0.0818   0.971  0.000  0.000
  128 H   0.0288  0.0815   0.971  0.000  0.000
  129 H   0.0288  0.0814   0.971  0.000  0.000
  130 H   0.0335  0.0851   0.967  0.000  0.000
  131 H   0.0293  0.0819   0.971  0.000  0.000
  132 H   0.0331  0.0847   0.967  0.000  0.000
  133 H   0.0287  0.0814   0.971  0.000  0.000
  134 H   0.0284  0.0810   0.972  0.000  0.000
  135 H   0.0333  0.0849   0.967  0.000  0.000
  136 H   0.0298  0.0825   0.970  0.000  0.000
  137 H   0.0658  0.1369   0.934  0.000  0.000
  138 H   0.0536  0.1119   0.946  0.000  0.000
  139 H   0.0416  0.0978   0.958  0.000  0.000
  140 H   0.0436  0.1002   0.956  0.000  0.000
  141 H   0.0316  0.0853   0.968  0.000  0.000
  142 H   0.0311  0.0837   0.969  0.000  0.000
  143 H   0.0354  0.0871   0.965  0.000  0.000
  144 H   0.0626  0.1304   0.937  0.000  0.000
  145 H   0.0492  0.1076   0.951  0.000  0.000
  146 H   0.0442  0.1007   0.956  0.000  0.000
  147 H   0.0465  0.1032   0.953  0.000  0.000
  148 H   0.0514  0.1153   0.949  0.000  0.000
  149 H   0.0426  0.0990   0.957  0.000  0.000
  150 H   0.0399  0.0995   0.960  0.000  0.000
  151 H   0.0348  0.0866   0.965  0.000  0.000
  152 H   0.0286  0.0829   0.971  0.000  0.000
  153 H   0.0311  0.0838   0.969  0.000  0.000
  154 H   0.0643  0.1345   0.936  0.000  0.000
  155 H   0.0486  0.1072   0.951  0.000  0.000
  156 H   0.0443  0.1008   0.956  0.000  0.000
  157 H   0.0468  0.1034   0.953  0.000  0.000
  158 H   0.0520  0.1163   0.948  0.000  0.000
 
 Loewdin charges    n(s)   n(p)   n(d)
    1 C  -0.0101   1.158  2.852  0.000
    2 C   0.0046   1.122  2.873  0.000
    3 C  -0.0257   1.088  2.938  0.000
    4 C  -0.0079   1.158  2.850  0.000
    5 C   0.0013   1.123  2.876  0.000
    6 C  -0.0289   1.088  2.941  0.000
    7 C   0.0341   1.171  2.795  0.000
    8 C  -0.0522   1.158  2.894  0.000
    9 C  -0.0191   1.136  2.884  0.000
   10 C  -0.0715   1.095  2.976  0.000
   11 C   0.0020   1.127  2.871  0.000
   12 S   0.0936   1.877  3.932  0.098
   13 C   0.0360   1.170  2.794  0.000
   14 C  -0.0483   1.157  2.892  0.000
   15 C  -0.0199   1.134  2.886  0.000
   16 C  -0.0604   1.093  2.967  0.000
   17 C   0.0004   1.122  2.877  0.000
   18 S   0.0903   1.874  3.930  0.106
   19 C  -0.0139   1.151  2.863  0.000
   20 C   0.0048   1.137  2.858  0.000
   21 C   0.0010   1.144  2.855  0.000
   22 C   0.0008   1.144  2.855  0.000
   23 C   0.0002   1.144  2.856  0.000
   24 C   0.0005   1.145  2.855  0.000
   25 C  -0.0365   1.087  2.949  0.000
   26 C  -0.0357   1.087  2.949  0.000
   27 C   0.0030   1.138  2.859  0.000
   28 C  -0.0358   1.087  2.949  0.000
   29 C  -0.0356   1.088  2.948  0.000
   30 C  -0.0364   1.088  2.949  0.000
   31 C  -0.0363   1.087  2.949  0.000
   32 C   0.0032   1.138  2.858  0.000
   33 C  -0.0354   1.087  2.948  0.000
   34 C  -0.0366   1.087  2.949  0.000
   35 C  -0.0340   1.087  2.947  0.000
   36 C  -0.0346   1.087  2.948  0.000
   37 C   0.0033   1.138  2.859  0.000
   38 C  -0.0365   1.087  2.950  0.000
   39 C  -0.0377   1.087  2.951  0.000
   40 C  -0.0338   1.087  2.946  0.000
   41 C  -0.0340   1.087  2.947  0.000
   42 C   0.0039   1.138  2.858  0.000
   43 C  -0.0364   1.087  2.949  0.000
   44 C  -0.0381   1.087  2.951  0.000
   45 C  -0.0378   1.062  2.976  0.000
   46 C  -0.0378   1.062  2.976  0.000
   47 C  -0.0378   1.062  2.976  0.000
   48 C  -0.0378   1.062  2.976  0.000
   49 C  -0.0913   1.023  3.068  0.000
   50 C  -0.0913   1.023  3.068  0.000
   51 C  -0.0916   1.023  3.069  0.000
   52 C  -0.0914   1.023  3.069  0.000
   53 S   0.0696   1.874  3.964  0.092
   54 C   0.0191   1.115  2.866  0.000
   55 C  -0.0613   1.108  2.953  0.000
   56 C  -0.0270   1.147  2.880  0.000
   57 S   0.0897   1.879  3.919  0.112
   58 C   0.0202   1.116  2.864  0.000
   59 C  -0.0638   1.104  2.960  0.000
   60 C  -0.0289   1.146  2.883  0.000
   61 C  -0.0317   1.063  2.969  0.000
   62 C  -0.0908   1.022  3.068  0.000
   63 C   0.0063   1.099  2.894  0.000
   64 C  -0.0334   1.132  2.902  0.000
   65 C   0.1224   1.142  2.736  0.000
   66 C  -0.0209   1.143  2.878  0.000
   67 C  -0.0033   1.130  2.874  0.000
   68 C   0.0276   1.153  2.820  0.000
   69 C  -0.0078   1.089  2.919  0.000
   70 C  -0.0104   1.083  2.927  0.000
   71 C  -0.0105   1.084  2.927  0.000
   72 C  -0.0199   1.092  2.928  0.000
   73 O  -0.2019   1.591  4.611  0.000
   74 C  -0.0072   1.074  2.933  0.000
   75 C   0.0940   1.138  2.768  0.000
   76 C   0.0918   1.137  2.771  0.000
   77 N  -0.2015   1.604  3.598  0.000
   78 N  -0.2048   1.604  3.600  0.000
   79 C  -0.0302   1.062  2.968  0.000
   80 C  -0.0907   1.023  3.067  0.000
   81 C   0.0036   1.102  2.895  0.000
   82 C  -0.0384   1.140  2.899  0.000
   83 C   0.1235   1.141  2.736  0.000
   84 C  -0.0252   1.144  2.881  0.000
   85 C  -0.0028   1.129  2.874  0.000
   86 C   0.0242   1.154  2.822  0.000
   87 C  -0.0086   1.089  2.920  0.000
   88 C  -0.0105   1.084  2.927  0.000
   89 C  -0.0092   1.084  2.925  0.000
   90 C  -0.0198   1.092  2.928  0.000
   91 O  -0.2117   1.591  4.621  0.000
   92 C  -0.0039   1.074  2.930  0.000
   93 C   0.0914   1.138  2.771  0.000
   94 C   0.0919   1.138  2.770  0.000
   95 N  -0.1998   1.604  3.596  0.000
   96 N  -0.1995   1.604  3.595  0.000
   97 H   0.0402   0.960  0.000  0.000
   98 H   0.0383   0.962  0.000  0.000
   99 H   0.0538   0.946  0.000  0.000
  100 H   0.0493   0.951  0.000  0.000
  101 H   0.0315   0.968  0.000  0.000
  102 H   0.0305   0.970  0.000  0.000
  103 H   0.0303   0.970  0.000  0.000
  104 H   0.0324   0.968  0.000  0.000
  105 H   0.0318   0.968  0.000  0.000
  106 H   0.0301   0.970  0.000  0.000
  107 H   0.0305   0.970  0.000  0.000
  108 H   0.0319   0.968  0.000  0.000
  109 H   0.0331   0.967  0.000  0.000
  110 H   0.0306   0.969  0.000  0.000
  111 H   0.0299   0.970  0.000  0.000
  112 H   0.0305   0.969  0.000  0.000
  113 H   0.0323   0.968  0.000  0.000
  114 H   0.0310   0.969  0.000  0.000
  115 H   0.0300   0.970  0.000  0.000
  116 H   0.0312   0.969  0.000  0.000
  117 H   0.0329   0.967  0.000  0.000
  118 H   0.0331   0.967  0.000  0.000
  119 H   0.0334   0.967  0.000  0.000
  120 H   0.0326   0.967  0.000  0.000
  121 H   0.0331   0.967  0.000  0.000
  122 H   0.0330   0.967  0.000  0.000
  123 H   0.0329   0.967  0.000  0.000
  124 H   0.0331   0.967  0.000  0.000
  125 H   0.0332   0.967  0.000  0.000
  126 H   0.0286   0.971  0.000  0.000
  127 H   0.0290   0.971  0.000  0.000
  128 H   0.0287   0.971  0.000  0.000
  129 H   0.0287   0.971  0.000  0.000
  130 H   0.0332   0.967  0.000  0.000
  131 H   0.0291   0.971  0.000  0.000
  132 H   0.0329   0.967  0.000  0.000
  133 H   0.0286   0.971  0.000  0.000
  134 H   0.0283   0.972  0.000  0.000
  135 H   0.0330   0.967  0.000  0.000
  136 H   0.0295   0.970  0.000  0.000
  137 H   0.0548   0.945  0.000  0.000
  138 H   0.0450   0.955  0.000  0.000
  139 H   0.0375   0.963  0.000  0.000
  140 H   0.0404   0.960  0.000  0.000
  141 H   0.0316   0.968  0.000  0.000
  142 H   0.0306   0.969  0.000  0.000
  143 H   0.0350   0.965  0.000  0.000
  144 H   0.0523   0.948  0.000  0.000
  145 H   0.0393   0.961  0.000  0.000
  146 H   0.0357   0.964  0.000  0.000
  147 H   0.0377   0.962  0.000  0.000
  148 H   0.0416   0.958  0.000  0.000
  149 H   0.0383   0.962  0.000  0.000
  150 H   0.0370   0.963  0.000  0.000
  151 H   0.0344   0.966  0.000  0.000
  152 H   0.0289   0.971  0.000  0.000
  153 H   0.0305   0.969  0.000  0.000
  154 H   0.0536   0.946  0.000  0.000
  155 H   0.0388   0.961  0.000  0.000
  156 H   0.0358   0.964  0.000  0.000
  157 H   0.0379   0.962  0.000  0.000
  158 H   0.0421   0.958  0.000  0.000
 
 Wiberg/Mayer (AO) data. WBOs > 0.1 written file <wbo>
 largest (>0.05) Wiberg bond orders for each atom
           total WBO             WBO to atom ...
     1  C   3.922    C    6 1.460    C    2 1.261    C    7 0.923    C    4 0.088
     2  C   3.924    C    3 1.325    C    1 1.261    C    9 1.111    C    5 0.076
     3  C   3.953    C    4 1.459    C    2 1.325    H   97 0.940    C    6 0.076
     4  C   3.922    C    3 1.459    C    5 1.262    C   13 0.923    C    1 0.088
     5  C   3.923    C    6 1.324    C    4 1.262    C   15 1.111    C    2 0.076
     6  C   3.953    C    1 1.460    C    5 1.324    H   98 0.941    C    3 0.076
     7  C   3.921    C    8 0.924    C    1 0.923    C   23 0.922    C   24 0.920
     8  C   3.915    C    9 1.400    C   10 1.332    C    7 0.924    S   12 0.064
     9  C   3.897    C    8 1.400    S   12 1.148    C    2 1.111    C   11 0.083
    10  C   3.932    C   11 1.436    C    8 1.332    H   99 0.933    S   12 0.062
    11  C   3.916    C   10 1.436    C   19 1.177    S   12 1.089    C    9 0.083
    12  S   2.535    C    9 1.148    C   11 1.089    C    8 0.064    C   10 0.062
    13  C   3.921    C   14 0.926    C    4 0.923    C   22 0.921    C   21 0.920
    14  C   3.915    C   15 1.396    C   16 1.339    C   13 0.926    S   18 0.064
    15  C   3.900    C   14 1.396    S   18 1.145    C    5 1.111    C   17 0.086
    16  C   3.934    C   17 1.434    C   14 1.339    H  100 0.936    S   18 0.064
    17  C   3.916    C   16 1.434    C   20 1.174    S   18 1.094    C   15 0.086
    18  S   2.555    C   15 1.145    C   17 1.094    C   16 0.064    C   14 0.064
    19  C   3.910    C   60 1.347    C   11 1.177    S   57 1.114    C   58 0.068
    20  C   3.910    C   56 1.365    C   17 1.174    S   53 1.125    C   54 0.070
    21  C   3.945    C   39 1.396    C   35 1.389    C   13 0.920    C   37 0.107
    22  C   3.945    C   44 1.399    C   40 1.386    C   13 0.921    C   42 0.107
    23  C   3.945    C   25 1.396    C   29 1.389    C    7 0.922    C   27 0.107
    24  C   3.945    C   34 1.399    C   30 1.385    C    7 0.920    C   32 0.107
    25  C   3.971    C   26 1.435    C   23 1.396    H  101 0.944    C   28 0.107
    26  C   3.972    C   25 1.435    C   27 1.393    H  102 0.945    C   29 0.108
    27  C   3.950    C   26 1.393    C   28 1.389    C   48 0.982    C   23 0.107
    28  C   3.971    C   29 1.440    C   27 1.389    H  103 0.945    C   25 0.107
    29  C   3.970    C   28 1.440    C   23 1.389    H  104 0.944    C   26 0.108
    30  C   3.970    C   31 1.445    C   24 1.385    H  105 0.944    C   33 0.108
    31  C   3.971    C   30 1.445    C   32 1.385    H  106 0.945    C   34 0.106
    32  C   3.950    C   33 1.396    C   31 1.385    C   47 0.982    C   24 0.107
    33  C   3.972    C   34 1.432    C   32 1.396    H  107 0.945    C   30 0.108
    34  C   3.971    C   33 1.432    C   24 1.399    H  108 0.943    C   31 0.106
    35  C   3.970    C   36 1.440    C   21 1.389    H  109 0.944    C   38 0.108
    36  C   3.971    C   35 1.440    C   37 1.389    H  110 0.945    C   39 0.107
    37  C   3.950    C   38 1.393    C   36 1.389    C   45 0.982    C   21 0.107
    38  C   3.972    C   39 1.436    C   37 1.393    H  111 0.945    C   35 0.108
    39  C   3.971    C   38 1.436    C   21 1.396    H  112 0.944    C   36 0.107
    40  C   3.970    C   41 1.444    C   22 1.386    H  113 0.945    C   43 0.108
    41  C   3.971    C   40 1.444    C   42 1.386    H  114 0.945    C   44 0.106
    42  C   3.950    C   43 1.396    C   41 1.386    C   46 0.982    C   22 0.107
    43  C   3.972    C   44 1.432    C   42 1.396    H  115 0.945    C   40 0.108
    44  C   3.970    C   43 1.432    C   22 1.399    H  116 0.943    C   41 0.106
    45  C   3.974    C   51 0.990    C   37 0.982    H  118 0.967    H  117 0.966
    46  C   3.974    C   52 0.990    C   42 0.982    H  120 0.967    H  119 0.967
    47  C   3.974    C   49 0.990    C   32 0.982    H  121 0.967    H  122 0.966
    48  C   3.974    C   50 0.990    C   27 0.982    H  123 0.967    H  124 0.967
    49  C   3.983    C   47 0.990    H  127 0.984    H  126 0.984    H  125 0.980
    50  C   3.983    C   48 0.990    H  128 0.984    H  129 0.984    H  130 0.980
    51  C   3.983    C   45 0.990    H  131 0.984    H  133 0.984    H  132 0.980
    52  C   3.983    C   46 0.990    H  134 0.984    H  136 0.984    H  135 0.980
    53  S   2.511    C   20 1.125    C   54 1.075    C   55 0.068    C   56 0.053
    54  C   3.918    C   55 1.401    C   81 1.248    S   53 1.075    C   20 0.070
    55  C   3.934    C   54 1.401    C   56 1.356    H  137 0.917    S   53 0.068    C   82 0.054
    56  C   3.922    C   20 1.365    C   55 1.356    C   79 0.981    S   53 0.053
    57  S   2.571    C   19 1.114    C   58 1.083    C   59 0.068    O   73 0.062    C   60 0.050
    58  C   3.920    C   59 1.373    C   63 1.271    S   57 1.083    C   19 0.068
    59  C   3.939    C   60 1.380    C   58 1.373    H  138 0.937    S   57 0.068    C   64 0.067
    60  C   3.921    C   59 1.380    C   19 1.347    C   61 0.978    S   57 0.050
    61  C   3.970    C   62 0.990    C   60 0.978    H  139 0.966    H  140 0.959
    62  C   3.979    C   61 0.990    H  142 0.985    H  141 0.983    H  143 0.979
    63  C   3.930    C   64 1.485    C   58 1.271    H  144 0.919
    64  C   3.916    C   63 1.485    C   68 1.106    C   65 1.028    C   59 0.067    O   73 0.063
    65  C   3.909    O   73 1.750    C   64 1.028    C   66 0.988
    66  C   3.940    C   69 1.398    C   67 1.271    C   65 0.988    C   71 0.095    O   73 0.054
    67  C   3.950    C   72 1.388    C   66 1.271    C   68 1.042    C   70 0.094
    68  C   3.931    C   74 1.465    C   64 1.106    C   67 1.042    N   78 0.091    N   77 0.091
    69  C   3.964    C   70 1.415    C   66 1.398    H  145 0.945    C   72 0.094
    70  C   3.955    C   71 1.428    C   69 1.415    H  146 0.945    C   67 0.094
    71  C   3.964    C   70 1.428    C   72 1.420    H  147 0.945    C   66 0.095
    72  C   3.959    C   71 1.420    C   67 1.388    H  148 0.939    C   69 0.094
    73  O   2.178    C   65 1.750    C   64 0.063    S   57 0.062    C   66 0.054
    74  C   3.928    C   68 1.465    C   75 1.063    C   76 1.062    N   78 0.080    N   77 0.079
    75  C   3.939    N   78 2.777    C   74 1.063
    76  C   3.939    N   77 2.786    C   74 1.062
    77  N   3.044    C   76 2.786    C   68 0.091    C   74 0.079
    78  N   3.042    C   75 2.777    C   68 0.091    C   74 0.080
    79  C   3.972    C   80 0.989    C   56 0.981    H  149 0.966    H  150 0.958
    80  C   3.980    C   79 0.989    H  153 0.984    H  152 0.982    H  151 0.979
    81  C   3.930    C   82 1.504    C   54 1.248    H  154 0.921
    82  C   3.915    C   81 1.504    C   86 1.099    C   83 1.007    O   91 0.068    C   55 0.054
    83  C   3.907    O   91 1.774    C   82 1.007    C   84 0.985
    84  C   3.941    C   87 1.395    C   85 1.274    C   83 0.985    C   89 0.094    O   91 0.058
    85  C   3.950    C   90 1.384    C   84 1.274    C   86 1.044    C   88 0.094
    86  C   3.932    C   92 1.471    C   82 1.099    C   85 1.044    N   96 0.091    N   95 0.091
    87  C   3.965    C   88 1.418    C   84 1.395    H  155 0.945    C   90 0.094
    88  C   3.956    C   89 1.425    C   87 1.418    H  156 0.945    C   85 0.094
    89  C   3.964    C   88 1.425    C   90 1.423    H  157 0.945    C   84 0.094
    90  C   3.959    C   89 1.423    C   85 1.384    H  158 0.938    C   87 0.094
    91  O   2.163    C   83 1.774    C   82 0.068    C   84 0.058
    92  C   3.931    C   86 1.471    C   94 1.060    C   93 1.059    N   96 0.080    N   95 0.079
    93  C   3.939    N   95 2.787    C   92 1.059
    94  C   3.939    N   96 2.776    C   92 1.060
    95  N   3.046    C   93 2.787    C   86 0.091    C   92 0.079
    96  N   3.042    C   94 2.776    C   86 0.091    C   92 0.080
    97  H   0.994    C    3 0.940
    98  H   0.994    C    6 0.941
    99  H   0.995    C   10 0.933
   100  H   0.995    C   16 0.936
   101  H   0.997    C   25 0.944
   102  H   0.997    C   26 0.945
   103  H   0.997    C   28 0.945
   104  H   0.997    C   29 0.944
   105  H   0.997    C   30 0.944
   106  H   0.997    C   31 0.945
   107  H   0.997    C   33 0.945
   108  H   0.997    C   34 0.943
   109  H   0.997    C   35 0.944
   110  H   0.997    C   36 0.945
   111  H   0.997    C   38 0.945
   112  H   0.998    C   39 0.944
   113  H   0.997    C   40 0.945
   114  H   0.997    C   41 0.945
   115  H   0.997    C   43 0.945
   116  H   0.997    C   44 0.943
   117  H   0.998    C   45 0.966
   118  H   0.998    C   45 0.967
   119  H   0.997    C   46 0.967
   120  H   0.998    C   46 0.967
   121  H   0.997    C   47 0.967
   122  H   0.998    C   47 0.966
   123  H   0.998    C   48 0.967
   124  H   0.998    C   48 0.967
   125  H   0.997    C   49 0.980
   126  H   0.999    C   49 0.984
   127  H   0.999    C   49 0.984
   128  H   0.999    C   50 0.984
   129  H   0.999    C   50 0.984
   130  H   0.997    C   50 0.980
   131  H   0.999    C   51 0.984
   132  H   0.997    C   51 0.980
   133  H   0.999    C   51 0.984
   134  H   0.999    C   52 0.984
   135  H   0.997    C   52 0.980
   136  H   0.999    C   52 0.984
   137  H   0.993    C   55 0.917
   138  H   0.995    C   59 0.937
   139  H   0.997    C   61 0.966
   140  H   0.996    C   61 0.959
   141  H   0.999    C   62 0.983
   142  H   0.999    C   62 0.985
   143  H   0.996    C   62 0.979
   144  H   0.993    C   63 0.919
   145  H   0.996    C   69 0.945
   146  H   0.994    C   70 0.945
   147  H   0.996    C   71 0.945
   148  H   0.996    C   72 0.939
   149  H   0.997    C   79 0.966
   150  H   0.997    C   79 0.958
   151  H   0.996    C   80 0.979
   152  H   0.999    C   80 0.982
   153  H   0.999    C   80 0.984
   154  H   0.992    C   81 0.921
   155  H   0.996    C   87 0.945
   156  H   0.994    C   88 0.945
   157  H   0.996    C   89 0.945
   158  H   0.995    C   90 0.938
 
 --------------------------------------------
          xTB calculation for sTDA...
 --------------------------------------------
 
 reading parameter file /ihome/ghutchison/blp62/xtb4stda/.param_stda2.xtb
 
      method parameters     
 k(s)        :  1.6000
 k(p)        :  2.1800
 k(d)        :  1.9500
 k(f)        :  2.0000
 k(R-V)      :  2.2750
 k(R-R)      :  1.7650
 Tscal       :  0.2580
 Gscal       :  1.0000
 fpol        :  1.0000
 Zcnf        :  0.3430
 Zqf         :  0.0000
 kcn         :  2.7000
 Ryd Hsplit  :  0.7000
 lshift(virt):  3.1000
 lshift(OS)  :  0.2000
 wllscaling  :  2.6000
 
 mowrcut     : 3.000
 
  Z AO/shell   Hii/eV     exponent
  1     Sun Feb 14 09:53:25 CET 2016    EN: 2.327 GAM: 0.473  GM3: 0.0000
     1s    -14.339618    1.220000
     2sp    -3.348946    0.600000
  6     Sun Feb 14 09:53:25 CET 2016    EN: 2.731 GAM: 0.422  GM3: 0.0000
     2s    -22.009312    1.565095
     2p    -13.020408    1.596905
     3sp    -3.914040    0.824500
  7     Sun Feb 14 09:53:25 CET 2016    EN: 3.573 GAM: 0.504  GM3: 0.0000
     2s    -25.722000    2.064844
     2p    -18.684912    1.801692
     3sp    -4.344791    0.921400
  8     Sun Feb 14 09:53:25 CET 2016    EN: 3.700 GAM: 0.587  GM3: 0.0000
     2s    -33.859000    2.418661
     2p    -22.175911    1.973969
     3sp    -4.259392    1.013700
 16     Sun Feb 21 16:35:57 CET 2016    EN: 1.915 GAM: 0.200  GM3: 0.0000
     3s    -17.898811    2.619580
     3p    -15.317401    1.798798
     4sp    -4.455139    0.843200
 
 Nbf   :         1078
 T(el) :     0.0
 calculating S/T integrals ...
 cpu time for ints    1.28901700000000     
 Nao   :         1078
 making H0...
 making H1...
 cpu time for H      4.192799999999997E-002
 solving ...
 cpu time for diag   0.562120000000000     
 
 gap (eV)           :   4.767
 Koopmans IP (eV)   :  13.754
 Eel (Eh)           :  -398.043149

          eigenvalues
 #    :         219        220        221        222        223        224        225        226
 occ. :        2.000      2.000      2.000      2.000      2.000      2.000      2.000      2.000
 eps  :       -16.170    -16.116    -16.047    -16.010    -15.995    -15.913    -15.869    -15.757
 #    :         227        228        229        230        231        232        233        234
 occ. :        2.000      2.000      2.000      2.000      2.000      0.000      0.000      0.000
 eps  :       -15.705    -15.684    -15.318    -14.325    -13.755     -8.988     -8.835     -8.521
 #    :         235        236        237        238        239        240        241        242
 occ. :        0.000      0.000      0.000      0.000      0.000      0.000      0.000      0.000
 eps  :        -8.435     -7.555     -6.847     -6.455     -6.235     -6.158     -5.994     -5.953
                            1  SCC done.
 writing mo output ...
 molden style : F
 
speedup  0.99
cpu  time for all    2.19 s
wall time for all    2.21 s
