 
        ______________________________________
       |                                      |
       |          ===================         |
       |             xTB for sTDA             |
       |          ===================         |
       |               S. Grimme              |
       |        Universitaet Bonn, MCTC       |
       |         2015-19, Version 1.0         |
       |     Wed Apr  3 09:14:55 CEST 2019    |
       |______________________________________|
 
        This code comes without any warranty
        for non-commercial, academia use only.
        Preliminary test version.
        Cite this work as:
        S. Grimme  &  C. Bannwarth, JCP 145 (2016) 054103
        if GBSA is used additionally:
        P. Shushkov, F. März, C. Bannwarth, S. Grimme, unpublished.
 
        with help from
        P. Shushkov, G. Brandenburg, S. Dohm, J. Pisarek,
        F. März, M. Checinski, S. Ehrlich, S. Spicher, 
        P. Pracht, E. Caldeweyher, S. Ehlert, and C. Bannwarth.
 
        usage        :
        xtb4stda <coord_file> [options]
        where <coord_file> is a valid file of TM)
        (*coord, Bohr) or xmol (*xyz, Angstroem)
        format.

        options:
        -chrg <int>   : molecular charge
        -uhf  <int>   : # of unpaired electrons(=2*S)
        -nox          : skip second, extended part in sTDA-xTB
        -pop          : do population analysis
                      : (default for -nox)
        -mowr <real>  : cut MO write above (def.3 Eh)
        -molden       : write formatted molden file
        -parx <file>  : read parameters for sTDA-xTB
                        calc (def:~/.param_stda2.xtb)
        -parv <file>  : read parameters for vTB part in
                        sTDA-xTB (def: ~/.param_stda1.xtb)
        -xtemp <real> : el. temp for xTB (def. 0 K)
        -etemp <real> : el. temp for GFN (def. 300 K)
        -fod          : calculate the FOD and write
                        molden.input file with
                        appropriate occupations
                        for plotting. Def. T=12500 K
 
        -acc <real>   : xTB accuracy (def. 1.0)
        -gbsa [string1] [string2]
                        use GBSA implicit solvent
                        for solvent [string1] and
                        solvation state [string2]=
                        reference, bar1M (default=1M)
        additional GFN/opt/MD/siman options read from
        $XTB4STDAHOME/.xtb4stdarc or $set in input
 
       spin and charge state information can be on:
       <.CHRG> (charge) and <.UHF> (=nalpha-nbeta)
       -uhf and -chrg override the file info.
       useful machine settings:
       setenv MKL_NUM_THREADS <NCORE_ON_YOUR_MACHINE>
       setenv OMP_STACKSIZE 500m
       limit stacksize unlimited
 
       total energies in Eh, gaps/HL energies in eV
       please read REVISION and HOWTO files carefully
 =============================
  # OMP threads =           1
 =============================
 
 xtb4stdahome directory:/ihome/ghutchison/blp62/xtb4stda/
 
 
 name of molecule           :
 comment line               :
 number of atoms            :   124
 number of electrons        :   404
 charge                     :  0
 spin                       : 0.0
 first test random number   :  0.4648
 
 -----------------------------------------
      charge density (VTB) calculation
 -----------------------------------------
 
      method parameters     
 k(s)        :  1.8000
 k(p)        :  2.8350
 k(d)        :  2.0860
 k(f)        :  2.0000
 Tscal       :  0.3300
 Gscal       :  0.3910
 fpol        :  1.0000
 Zcnf        :  0.6500
 Zqf         :  0.0000
 kcn         :  0.3000
 kEN1        : -0.5900
 wllscal     :  2.6000
 
     -------------------------
     ! NO SOLVENT MODEL USED !
     -------------------------
 
 doing EN charges ...
 sum q :  0.4218847D-14
 point charge moment (au)
     X       Y       Z   
  -0.3865   0.3870   0.5198  total (Debye):    1.918
 
            Z      q(EN)   CN      Cart. coordinates
     1  C   4.0  -0.078   3.258    15.23516     0.05499    23.79902
     2  C   4.0  -0.076   3.236    14.92090    -1.86629    25.56516
     3  C   4.0  -0.077   3.235    13.93465    -4.21825    24.87408
     4  C   4.0  -0.076   3.248    13.23111    -4.67556    22.38683
     5  C   4.0  -0.006   3.355    13.53478    -2.75862    20.64696
     6  C   4.0  -0.005   3.345    14.53936    -0.39760    21.31668
     7  C   4.0   0.100   3.213    12.89284    -2.77582    17.92594
     8  C   4.0  -0.001   3.261    13.48301    -0.21392    17.00016
     9  C   4.0  -0.008   3.328    14.62875     1.19242    19.05864
    10  C   4.0  -0.077   3.226    12.93725     0.84811    14.68865
    11  C   4.0  -0.080   3.195    11.79208    -0.13587    12.51830
    12  C   4.0  -0.080   3.319    10.96287    -2.55699    11.86767
    13  C   4.0  -0.015   3.588     9.85568    -2.63995     9.51383
    14  C   4.0  -0.105   3.376     9.77914    -0.26513     8.31876
    15  S   6.0   0.219   2.535    11.16299     2.05772    10.06865
    16  C   4.0  -0.029   4.210     8.54024    -4.61188     7.91512
    17  C   4.0  -0.013   3.582     7.65018    -2.98463     5.73910
    18  C   4.0  -0.094   3.380     8.44651    -0.48056     6.02728
    19  C   4.0  -0.081   3.341     6.26085    -3.33064     3.54872
    20  C   4.0  -0.079   3.254     5.93336    -1.10681     2.18698
    21  S   6.0   0.230   2.830     7.44439     1.46170     3.61731
    22  C   4.0   0.000   3.305     4.39305    -0.72603    -0.00265
    23  C   4.0  -0.162   4.097    10.40842    -6.60043     6.89183
    24  C   4.0  -0.162   4.096     6.34041    -5.74023     9.45411
    25  C   4.0  -0.242   4.019     4.77912    -7.73049     8.08198
    26  C   4.0  -0.242   4.020    11.58326    -8.29344     8.90004
    27  O   6.0  -0.104   1.056    12.05418    -4.58410    16.78511
    28  C   4.0  -0.037   3.120    15.70721     3.54796    18.96378
    29  C   4.0   0.235   2.169    16.79645     4.77345    21.06704
    30  C   4.0   0.234   2.164    15.97045     5.08733    16.80212
    31  N   5.0  -0.214   1.027    16.30285     6.46230    15.15504
    32  N   5.0  -0.215   1.027    17.70768     5.88990    22.68881
    33  C   4.0  -0.081   3.250    -1.32243     0.87891    -5.57885
    34  S   6.0   0.234   2.698    -3.28340    -1.57225    -6.63313
    35  C   4.0  -0.097   3.376    -5.30635     0.58638    -7.96104
    36  C   4.0  -0.015   3.604    -4.46637     3.07440    -7.66189
    37  C   4.0  -0.080   3.345    -2.21646     3.22916    -6.33927
    38  C   4.0  -0.105   3.377    -7.70082     0.62588    -9.12057
    39  C   4.0  -0.014   3.585    -8.40115     3.15036    -9.59017
    40  C   4.0  -0.029   4.219    -6.30866     4.92708    -8.81160
    41  S   6.0   0.219   2.536   -10.01574    -1.47380    -9.90216
    42  C   4.0  -0.079   3.194   -12.03340     1.04880   -10.78958
    43  C   4.0  -0.080   3.319   -10.82435     3.37977   -10.50971
    44  C   4.0  -0.077   3.226   -14.47738     0.36453   -11.52903
    45  C   4.0  -0.001   3.260   -16.58027     1.78107   -12.11503
    46  C   4.0  -0.008   3.326   -19.01518     0.66934   -12.71842
    47  C   4.0  -0.005   3.345   -20.84972     2.72574   -12.93083
    48  C   4.0  -0.006   3.354   -19.58153     5.02932   -12.58860
    49  C   4.0   0.100   3.213   -16.86769     4.55329   -12.11862
    50  C   4.0  -0.078   3.258   -23.43015     2.72517   -13.37094
    51  C   4.0  -0.076   3.236   -24.69343     5.02837   -13.46203
    52  C   4.0  -0.077   3.235   -23.40917     7.31343   -13.12698
    53  C   4.0  -0.076   3.248   -20.82157     7.31985   -12.68611
    54  O   6.0  -0.105   1.056   -15.28051     6.18583   -11.81816
    55  C   4.0  -0.037   3.120   -19.57624    -1.83606   -13.08125
    56  C   4.0   0.235   2.172   -22.01436    -2.74974   -13.65913
    57  C   4.0   0.234   2.166   -17.87227    -3.88471   -12.98223
    58  C   4.0  -0.162   4.100    -5.03007     6.16296   -11.12784
    59  C   4.0  -0.163   4.094    -7.21667     6.90978    -6.89637
    60  C   4.0  -0.241   4.028    -8.22636     5.72946    -4.47052
    61  C   4.0  -0.242   4.019    -6.74065     7.88847   -12.66910
    62  N   5.0  -0.215   1.027   -23.93905    -3.63583   -14.12476
    63  N   5.0  -0.214   1.027   -16.64452    -5.67598   -12.96182
    64  C   4.0   0.070   3.273     3.13619    -2.66073    -1.29522
    65  C   4.0   0.071   3.288     1.25723    -2.10572    -3.10444
    66  C   4.0  -0.000   3.292     0.76250     0.35980    -3.93668
    67  C   4.0   0.094   3.338     2.33513     2.32134    -2.94665
    68  C   4.0   0.098   3.386     4.04137     1.77200    -0.94411
    69  N   5.0  -0.220   2.178     2.21041     4.68652    -3.85353
    70  C   4.0   0.042   3.197     3.62884     6.43905    -2.83572
    71  C   4.0   0.052   3.195     5.24418     5.91579    -0.80276
    72  N   5.0  -0.257   2.487     5.42729     3.61939     0.08636
    73  O   6.0  -0.128   2.072     3.65057    -5.14119    -0.72433
    74  O   6.0  -0.145   2.218    -0.12567    -4.01057    -4.17535
    75  CL  7.0   0.082   1.282    15.76447    -1.31544    28.65165
    76  CL  7.0   0.082   1.275    13.58184    -6.55111    27.10377
    77  CL  7.0   0.082   1.275   -25.03055    10.12288   -13.25284
    78  CL  7.0   0.082   1.282   -27.89651     5.04217   -13.99361
    79  C   4.0  -0.115   4.073    -1.54088    -5.63365    -2.53771
    80  C   4.0  -0.241   4.015    -2.57154    -7.79361    -4.12017
    81  C   4.0  -0.115   4.072     4.78233    -6.56434    -2.71780
    82  C   4.0  -0.239   4.009     7.48445    -5.71737    -3.23389
    83  H   1.0   0.078   1.009    15.99842     1.84154    24.40789
    84  H   1.0   0.076   1.006    12.46236    -6.47779    21.82520
    85  H   1.0   0.076   1.018    13.40099     2.83440    14.50705
    86  H   1.0   0.081   1.008    11.16847    -4.12111    13.14474
    87  H   1.0   0.082   1.007     5.46358    -5.08998     2.93569
    88  H   1.0   0.082   1.004     9.41991    -7.75600     5.49891
    89  H   1.0   0.082   1.004    11.91264    -5.58924     5.89972
    90  H   1.0   0.082   1.004     5.10302    -4.18121    10.00761
    91  H   1.0   0.083   1.004     7.12162    -6.54847    11.18189
    92  H   1.0   0.082   1.000     3.89435    -6.94569     6.40447
    93  H   1.0   0.082   0.999     5.92939    -9.34092     7.53566
    94  H   1.0   0.081   0.999     3.29171    -8.40531     9.33033
    95  H   1.0   0.082   0.999    10.15671    -9.40101     9.87552
    96  H   1.0   0.081   0.999    12.90324    -9.59414     8.00960
    97  H   1.0   0.082   1.000    12.61411    -7.18342    10.28446
    98  H   1.0   0.082   1.009    -1.23985     4.94333    -5.87213
    99  H   1.0   0.081   1.008   -11.77318     5.12286   -10.93679
   100  H   1.0   0.076   1.019   -14.75233    -1.66390   -11.56418
   101  H   1.0   0.078   1.009   -24.49009     1.00760   -13.63626
   102  H   1.0   0.076   1.006   -19.80338     9.06539   -12.42117
   103  H   1.0   0.082   1.004    -3.39867     7.23104   -10.45207
   104  H   1.0   0.082   1.004    -4.32691     4.65080   -12.34671
   105  H   1.0   0.082   1.004    -5.63800     8.16021    -6.44850
   106  H   1.0   0.083   1.004    -8.71012     8.03077    -7.76545
   107  H   1.0   0.081   0.999    -8.87963     7.20004    -3.19307
   108  H   1.0   0.082   1.000    -6.76352     4.64532    -3.51621
   109  H   1.0   0.082   1.000    -9.80598     4.47827    -4.87549
   110  H   1.0   0.082   0.999    -7.38807     9.48831   -11.55813
   111  H   1.0   0.081   0.999    -5.69715     8.61526   -14.28387
   112  H   1.0   0.082   1.000    -8.37697     6.86613   -13.37000
   113  H   1.0   0.075   1.004     3.48957     8.30856    -3.64849
   114  H   1.0   0.076   1.004     6.39578     7.34801     0.08579
   115  H   1.0   0.082   1.002    -0.34658    -6.35137    -1.01270
   116  H   1.0   0.079   1.001    -3.09367    -4.53950    -1.70321
   117  H   1.0   0.082   0.999    -1.03028    -8.87850    -4.93521
   118  H   1.0   0.082   1.001    -3.73467    -7.05850    -5.64291
   119  H   1.0   0.082   0.999    -3.70745    -9.02741    -2.93739
   120  H   1.0   0.081   1.001     3.65001    -6.42960    -4.44501
   121  H   1.0   0.081   1.000     4.74661    -8.51284    -2.03561
   122  H   1.0   0.081   0.999     7.51053    -3.78021    -3.92496
   123  H   1.0   0.081   0.999     8.32746    -6.93756    -4.65307
   124  H   1.0   0.081   0.999     8.60525    -5.81317    -1.51405
 
  Z AO/shell   Hii/eV     exponent
  1     Sat Feb 20 21:38:01 CET 2016    EN: 2.327 GAM: 0.473  GM3: 0.0000
     1s    -13.751157    1.051071
  6     Sat Feb 20 21:38:01 CET 2016    EN: 2.731 GAM: 0.422  GM3: 0.0000
     2s    -19.378245    2.021003
     2p    -11.993376    1.497917
  7     Sat Feb 20 21:38:01 CET 2016    EN: 3.573 GAM: 0.504  GM3: 0.0000
     2s    -21.576984    2.275442
     2p    -16.125120    2.056788
  8     Sat Feb 20 21:38:01 CET 2016    EN: 3.700 GAM: 0.587  GM3: 0.0000
     2s    -21.648843    2.110798
     2p    -17.239740    2.329048
 16     Sat Feb 20 23:13:41 CET 2016    EN: 1.915 GAM: 0.389  GM3: 0.0000
     3s    -22.000000    2.671470
     3p    -15.834192    1.836978
     3d     -2.593599    1.836978
 17     Sat Feb 20 23:13:41 CET 2016    EN: 2.375 GAM: 0.431  GM3: 0.0000
     3s    -21.000000    2.596786
     3p    -17.375270    2.088291
     3d     -1.372943    2.088291
 
 dipole moment of classical point charges (au)
     X       Y       Z   
  -0.3865   0.3870   0.5198  total (Debye):    1.918

 
 Nbf   :          418
 T(el) :   300.0
 calculating S/T integrals ...
 cpu time for ints   6.321599999999999E-002
 Nao   :          410
 making H0...
 making H1...
 cpu time for H      8.521000000000001E-003
 solving ...
 cpu time for diag   2.743500000000000E-002
 
 gap (eV)           :   1.509
 Koopmans IP (eV)   :  11.937
 Eel (Eh)           :  -314.859821
 T,E(Fermi),NFOD :    300.000   -11.183  0.000000
 T,E(Fermi),NFOD :    300.000   -11.183  0.000000
 Nfod               :  0.0000
 Nfod/Nel           :  0.0000

          eigenvalues
 #    :         190        191        192        193        194        195        196        197
 occ. :        2.000      2.000      2.000      2.000      2.000      2.000      2.000      2.000
 eps  :       -15.422    -15.410    -15.357    -15.155    -14.995    -14.907    -14.681    -14.278
 #    :         198        199        200        201        202        203        204        205
 occ. :        2.000      2.000      2.000      2.000      2.000      0.000      0.000      0.000
 eps  :       -14.023    -14.013    -13.817    -12.596    -11.938    -10.429     -9.661     -9.615
 #    :         206        207        208        209        210        211        212        213
 occ. :        0.000      0.000      0.000      0.000      0.000      0.000      0.000      0.000
 eps  :        -9.384     -9.352     -8.327     -7.960     -7.894     -7.726     -7.719     -7.498
                            1  SCC done.
 making H1...
 cpu time for H      3.407100000000000E-002
 solving ...
 cpu time for diag   1.667100000000001E-002
 
 gap (eV)           :   1.749
 Koopmans IP (eV)   :  12.150
 Eel (Eh)           :  -315.133863
 T,E(Fermi),NFOD :    300.000   -11.276  0.000000
 T,E(Fermi),NFOD :    300.000   -11.276  0.000000
 Nfod               :  0.0000
 Nfod/Nel           :  0.0000

          eigenvalues
 #    :         190        191        192        193        194        195        196        197
 occ. :        2.000      2.000      2.000      2.000      2.000      2.000      2.000      2.000
 eps  :       -15.225    -15.150    -15.026    -14.856    -14.392    -14.317    -14.189    -14.185
 #    :         198        199        200        201        202        203        204        205
 occ. :        2.000      2.000      2.000      2.000      2.000      0.000      0.000      0.000
 eps  :       -14.181    -14.075    -13.875    -12.803    -12.151    -10.402     -9.800     -9.626
 #    :         206        207        208        209        210        211        212        213
 occ. :        0.000      0.000      0.000      0.000      0.000      0.000      0.000      0.000
 eps  :        -9.286     -9.278     -8.457     -8.053     -8.032     -7.719     -7.670     -7.635
                            2  SCC done.
 
 
 Mulliken/CM5 charges    n(s)   n(p)   n(d)   
    1 C  -0.0358 -0.0847   1.150  2.886  0.000
    2 C   0.0610  0.0571   1.152  2.787  0.000
    3 C   0.0595  0.0556   1.152  2.788  0.000
    4 C  -0.0263 -0.0751   1.147  2.879  0.000
    5 C  -0.0311 -0.0329   1.186  2.845  0.000
    6 C  -0.0111 -0.0143   1.170  2.841  0.000
    7 C   0.1333  0.1679   1.173  2.693  0.000
    8 C  -0.0367 -0.0392   1.176  2.861  0.000
    9 C   0.0131  0.0123   1.197  2.789  0.000
   10 C  -0.0041 -0.0512   1.154  2.850  0.000
   11 C  -0.0097 -0.0047   1.166  2.844  0.000
   12 C  -0.0549 -0.1043   1.158  2.897  0.000
   13 C  -0.0555 -0.0608   1.201  2.854  0.000
   14 C  -0.0177 -0.0029   1.179  2.838  0.000
   15 S   0.1423  0.1071   1.888  3.925  0.045
   16 C   0.0220  0.0047   1.244  2.734  0.000
   17 C  -0.0633 -0.0684   1.207  2.857  0.000
   18 C  -0.0380 -0.0238   1.179  2.859  0.000
   19 C  -0.0618 -0.1112   1.143  2.919  0.000
   20 C  -0.0221 -0.0098   1.183  2.839  0.000
   21 S   0.1262  0.1019   1.894  3.918  0.062
   22 C   0.0071  0.0151   1.160  2.833  0.000
   23 C  -0.0415 -0.1484   1.144  2.897  0.000
   24 C  -0.0406 -0.1477   1.144  2.897  0.000
   25 C  -0.0905 -0.2433   1.090  3.001  0.000
   26 C  -0.0891 -0.2419   1.089  3.000  0.000
   27 O  -0.2326 -0.2890   1.622  4.611  0.000
   28 C   0.0032  0.0092   1.114  2.883  0.000
   29 C   0.0945  0.2135   1.172  2.733  0.000
   30 C   0.0953  0.2127   1.173  2.732  0.000
   31 N  -0.2131 -0.3431   1.642  3.571  0.000
   32 N  -0.2138 -0.3441   1.642  3.572  0.000
   33 C  -0.0210 -0.0092   1.182  2.839  0.000
   34 S   0.1285  0.0956   1.890  3.924  0.057
   35 C  -0.0357 -0.0215   1.173  2.863  0.000
   36 C  -0.0616 -0.0671   1.207  2.855  0.000
   37 C  -0.0592 -0.1067   1.143  2.916  0.000
   38 C  -0.0193 -0.0048   1.179  2.840  0.000
   39 C  -0.0550 -0.0603   1.201  2.854  0.000
   40 C   0.0217  0.0045   1.242  2.736  0.000
   41 S   0.1396  0.1044   1.888  3.927  0.045
   42 C  -0.0098 -0.0049   1.166  2.844  0.000
   43 C  -0.0542 -0.1037   1.158  2.896  0.000
   44 C  -0.0050 -0.0521   1.154  2.851  0.000
   45 C  -0.0370 -0.0395   1.175  2.861  0.000
   46 C   0.0131  0.0123   1.197  2.789  0.000
   47 C  -0.0112 -0.0145   1.170  2.841  0.000
   48 C  -0.0310 -0.0328   1.186  2.845  0.000
   49 C   0.1330  0.1675   1.173  2.694  0.000
   50 C  -0.0361 -0.0850   1.150  2.886  0.000
   51 C   0.0610  0.0570   1.152  2.787  0.000
   52 C   0.0596  0.0558   1.152  2.788  0.000
   53 C  -0.0262 -0.0751   1.147  2.879  0.000
   54 O  -0.2326 -0.2890   1.622  4.611  0.000
   55 C   0.0026  0.0086   1.114  2.884  0.000
   56 C   0.0945  0.2135   1.173  2.733  0.000
   57 C   0.0952  0.2124   1.173  2.732  0.000
   58 C  -0.0386 -0.1455   1.146  2.892  0.000
   59 C  -0.0384 -0.1459   1.141  2.897  0.000
   60 C  -0.0899 -0.2412   1.090  3.000  0.000
   61 C  -0.0888 -0.2414   1.090  2.999  0.000
   62 N  -0.2139 -0.3442   1.642  3.572  0.000
   63 N  -0.2135 -0.3437   1.642  3.572  0.000
   64 C   0.0719  0.0945   1.169  2.759  0.000
   65 C   0.0742  0.0986   1.168  2.758  0.000
   66 C   0.0054  0.0132   1.160  2.835  0.000
   67 C   0.0436  0.1227   1.185  2.771  0.000
   68 C   0.0445  0.1256   1.189  2.767  0.000
   69 N  -0.1695 -0.3727   1.477  3.693  0.000
   70 C   0.0390  0.0736   1.161  2.800  0.000
   71 C   0.0467  0.0817   1.165  2.788  0.000
   72 N  -0.1686 -0.3700   1.470  3.698  0.000
   73 O  -0.1655 -0.2633   1.467  4.698  0.000
   74 O  -0.1640 -0.2529   1.456  4.708  0.000
   75 CL -0.0283 -0.0294   1.898  5.129  0.002
   76 CL -0.0324 -0.0332   1.898  5.132  0.002
   77 CL -0.0322 -0.0331   1.898  5.132  0.002
   78 CL -0.0284 -0.0295   1.898  5.129  0.002
   79 C   0.0429 -0.0404   1.140  2.817  0.000
   80 C  -0.0770 -0.2265   1.087  2.990  0.000
   81 C   0.0396 -0.0446   1.140  2.821  0.000
   82 C  -0.0848 -0.2342   1.092  2.993  0.000
   83 H   0.0579  0.1233   0.942  0.000  0.000
   84 H   0.0547  0.1145   0.945  0.000  0.000
   85 H   0.0633  0.1331   0.937  0.000  0.000
   86 H   0.0717  0.1436   0.928  0.000  0.000
   87 H   0.0589  0.1271   0.941  0.000  0.000
   88 H   0.0368  0.0941   0.963  0.000  0.000
   89 H   0.0336  0.0908   0.966  0.000  0.000
   90 H   0.0336  0.0908   0.966  0.000  0.000
   91 H   0.0411  0.0988   0.959  0.000  0.000
   92 H   0.0313  0.0852   0.969  0.000  0.000
   93 H   0.0317  0.0850   0.968  0.000  0.000
   94 H   0.0383  0.0900   0.962  0.000  0.000
   95 H   0.0321  0.0855   0.968  0.000  0.000
   96 H   0.0375  0.0893   0.962  0.000  0.000
   97 H   0.0340  0.0882   0.966  0.000  0.000
   98 H   0.0595  0.1305   0.941  0.000  0.000
   99 H   0.0719  0.1439   0.928  0.000  0.000
  100 H   0.0635  0.1338   0.936  0.000  0.000
  101 H   0.0580  0.1236   0.942  0.000  0.000
  102 H   0.0548  0.1146   0.945  0.000  0.000
  103 H   0.0356  0.0924   0.964  0.000  0.000
  104 H   0.0347  0.0920   0.965  0.000  0.000
  105 H   0.0353  0.0921   0.965  0.000  0.000
  106 H   0.0408  0.0984   0.959  0.000  0.000
  107 H   0.0379  0.0897   0.962  0.000  0.000
  108 H   0.0293  0.0836   0.971  0.000  0.000
  109 H   0.0302  0.0843   0.970  0.000  0.000
  110 H   0.0317  0.0848   0.968  0.000  0.000
  111 H   0.0380  0.0898   0.962  0.000  0.000
  112 H   0.0337  0.0878   0.966  0.000  0.000
  113 H   0.0576  0.1251   0.942  0.000  0.000
  114 H   0.0598  0.1274   0.940  0.000  0.000
  115 H   0.0450  0.1163   0.955  0.000  0.000
  116 H   0.0383  0.1018   0.962  0.000  0.000
  117 H   0.0312  0.0858   0.969  0.000  0.000
  118 H   0.0333  0.0891   0.967  0.000  0.000
  119 H   0.0392  0.0915   0.961  0.000  0.000
  120 H   0.0451  0.1138   0.955  0.000  0.000
  121 H   0.0413  0.1055   0.959  0.000  0.000
  122 H   0.0309  0.0859   0.969  0.000  0.000
  123 H   0.0405  0.0928   0.959  0.000  0.000
  124 H   0.0303  0.0849   0.970  0.000  0.000
 
 Loewdin charges    n(s)   n(p)   n(d)
    1 C  -0.0359   1.099  2.937  0.000
    2 C   0.0779   1.109  2.814  0.000
    3 C   0.0758   1.109  2.815  0.000
    4 C  -0.0243   1.095  2.930  0.000
    5 C  -0.0334   1.146  2.887  0.000
    6 C  -0.0080   1.128  2.880  0.000
    7 C   0.1245   1.139  2.737  0.000
    8 C  -0.0451   1.138  2.907  0.000
    9 C   0.0244   1.153  2.822  0.000
   10 C   0.0037   1.101  2.896  0.000
   11 C   0.0123   1.121  2.867  0.000
   12 C  -0.0521   1.107  2.945  0.000
   13 C  -0.0558   1.163  2.893  0.000
   14 C   0.0086   1.133  2.858  0.000
   15 S   0.1038   1.874  3.923  0.099
   16 C   0.0307   1.204  2.765  0.000
   17 C  -0.0609   1.168  2.893  0.000
   18 C  -0.0187   1.136  2.883  0.000
   19 C  -0.0619   1.093  2.969  0.000
   20 C   0.0005   1.138  2.861  0.000
   21 S   0.0859   1.881  3.916  0.118
   22 C   0.0029   1.120  2.877  0.000
   23 C  -0.0370   1.085  2.952  0.000
   24 C  -0.0361   1.084  2.952  0.000
   25 C  -0.0928   1.017  3.076  0.000
   26 C  -0.0912   1.017  3.075  0.000
   27 O  -0.2159   1.590  4.626  0.000
   28 C  -0.0093   1.073  2.936  0.000
   29 C   0.0890   1.138  2.773  0.000
   30 C   0.0901   1.138  2.772  0.000
   31 N  -0.2025   1.604  3.599  0.000
   32 N  -0.2030   1.604  3.599  0.000
   33 C   0.0022   1.137  2.860  0.000
   34 S   0.0878   1.877  3.922  0.113
   35 C  -0.0155   1.129  2.886  0.000
   36 C  -0.0588   1.168  2.891  0.000
   37 C  -0.0590   1.093  2.966  0.000
   38 C   0.0070   1.133  2.860  0.000
   39 C  -0.0554   1.163  2.893  0.000
   40 C   0.0304   1.202  2.767  0.000
   41 S   0.1011   1.874  3.925  0.099
   42 C   0.0122   1.121  2.867  0.000
   43 C  -0.0513   1.107  2.945  0.000
   44 C   0.0028   1.101  2.896  0.000
   45 C  -0.0454   1.138  2.907  0.000
   46 C   0.0243   1.153  2.822  0.000
   47 C  -0.0082   1.128  2.880  0.000
   48 C  -0.0333   1.146  2.887  0.000
   49 C   0.1241   1.139  2.737  0.000
   50 C  -0.0361   1.099  2.937  0.000
   51 C   0.0778   1.109  2.814  0.000
   52 C   0.0759   1.109  2.815  0.000
   53 C  -0.0243   1.095  2.930  0.000
   54 O  -0.2158   1.590  4.626  0.000
   55 C  -0.0098   1.073  2.937  0.000
   56 C   0.0890   1.138  2.773  0.000
   57 C   0.0902   1.138  2.771  0.000
   58 C  -0.0333   1.087  2.946  0.000
   59 C  -0.0340   1.082  2.953  0.000
   60 C  -0.0913   1.017  3.074  0.000
   61 C  -0.0907   1.017  3.074  0.000
   62 N  -0.2031   1.604  3.599  0.000
   63 N  -0.2029   1.604  3.599  0.000
   64 C   0.0576   1.136  2.806  0.000
   65 C   0.0591   1.136  2.805  0.000
   66 C   0.0011   1.120  2.879  0.000
   67 C   0.0345   1.151  2.814  0.000
   68 C   0.0350   1.155  2.810  0.000
   69 N  -0.1440   1.440  3.704  0.000
   70 C   0.0366   1.115  2.848  0.000
   71 C   0.0440   1.119  2.837  0.000
   72 N  -0.1400   1.433  3.707  0.000
   73 O  -0.1296   1.431  4.699  0.000
   74 O  -0.1264   1.420  4.707  0.000
   75 CL -0.0387   1.888  5.127  0.024
   76 CL -0.0425   1.888  5.130  0.025
   77 CL -0.0424   1.888  5.130  0.025
   78 CL -0.0387   1.888  5.127  0.024
   79 C   0.0400   1.084  2.876  0.000
   80 C  -0.0789   1.013  3.066  0.000
   81 C   0.0366   1.083  2.880  0.000
   82 C  -0.0870   1.019  3.068  0.000
   83 H   0.0472   0.953  0.000  0.000
   84 H   0.0442   0.956  0.000  0.000
   85 H   0.0529   0.947  0.000  0.000
   86 H   0.0606   0.939  0.000  0.000
   87 H   0.0503   0.950  0.000  0.000
   88 H   0.0337   0.966  0.000  0.000
   89 H   0.0300   0.970  0.000  0.000
   90 H   0.0300   0.970  0.000  0.000
   91 H   0.0375   0.963  0.000  0.000
   92 H   0.0317   0.968  0.000  0.000
   93 H   0.0321   0.968  0.000  0.000
   94 H   0.0379   0.962  0.000  0.000
   95 H   0.0324   0.968  0.000  0.000
   96 H   0.0372   0.963  0.000  0.000
   97 H   0.0337   0.966  0.000  0.000
   98 H   0.0500   0.950  0.000  0.000
   99 H   0.0607   0.939  0.000  0.000
  100 H   0.0532   0.947  0.000  0.000
  101 H   0.0473   0.953  0.000  0.000
  102 H   0.0442   0.956  0.000  0.000
  103 H   0.0323   0.968  0.000  0.000
  104 H   0.0309   0.969  0.000  0.000
  105 H   0.0320   0.968  0.000  0.000
  106 H   0.0372   0.963  0.000  0.000
  107 H   0.0374   0.963  0.000  0.000
  108 H   0.0292   0.971  0.000  0.000
  109 H   0.0299   0.970  0.000  0.000
  110 H   0.0320   0.968  0.000  0.000
  111 H   0.0376   0.962  0.000  0.000
  112 H   0.0333   0.967  0.000  0.000
  113 H   0.0462   0.954  0.000  0.000
  114 H   0.0481   0.952  0.000  0.000
  115 H   0.0387   0.961  0.000  0.000
  116 H   0.0327   0.967  0.000  0.000
  117 H   0.0308   0.969  0.000  0.000
  118 H   0.0326   0.967  0.000  0.000
  119 H   0.0389   0.961  0.000  0.000
  120 H   0.0389   0.961  0.000  0.000
  121 H   0.0356   0.964  0.000  0.000
  122 H   0.0305   0.970  0.000  0.000
  123 H   0.0401   0.960  0.000  0.000
  124 H   0.0300   0.970  0.000  0.000
 
 Wiberg/Mayer (AO) data. WBOs > 0.1 written file <wbo>
 largest (>0.05) Wiberg bond orders for each atom
           total WBO             WBO to atom ...
     1  C   3.955    C    2 1.385    C    6 1.384    H   83 0.933    C    4 0.084
     2  C   3.930    C    1 1.385    C    3 1.326    CL  75 1.023    C    5 0.083
     3  C   3.921    C    4 1.379    C    2 1.326    CL  76 1.020    C    6 0.082
     4  C   3.961    C    5 1.397    C    3 1.379    H   84 0.941    C    1 0.084
     5  C   3.939    C    4 1.397    C    6 1.266    C    7 0.979    C    2 0.083    O   27 0.059
     6  C   3.949    C    1 1.384    C    5 1.266    C    9 1.045    C    3 0.082
     7  C   3.903    O   27 1.763    C    8 1.018    C    5 0.979
     8  C   3.904    C   10 1.472    C    9 1.105    C    7 1.018    O   27 0.068
     9  C   3.929    C   28 1.461    C    8 1.105    C    6 1.045    N   32 0.089    N   31 0.089
    10  C   3.924    C    8 1.472    C   11 1.278    H   85 0.921
    11  C   3.896    C   12 1.354    C   10 1.278    S   15 1.065    C   14 0.068
    12  C   3.936    C   13 1.416    C   11 1.354    H   86 0.912    S   15 0.062
    13  C   3.908    C   12 1.416    C   14 1.298    C   16 0.934    S   15 0.056
    14  C   3.915    C   13 1.298    C   18 1.191    S   15 1.177    C   11 0.068
    15  S   2.557    C   14 1.177    C   11 1.065    C   12 0.062    C   13 0.056
    16  C   3.907    C   24 0.936    C   23 0.934    C   13 0.934    C   17 0.933
    17  C   3.897    C   19 1.358    C   18 1.349    C   16 0.933    S   21 0.066
    18  C   3.912    C   17 1.349    C   14 1.191    S   21 1.112    C   20 0.078
    19  C   3.941    C   20 1.426    C   17 1.358    H   87 0.929    S   21 0.057
    20  C   3.889    C   19 1.426    C   22 1.135    S   21 1.107    C   18 0.078
    21  S   2.564    C   18 1.112    C   20 1.107    C   17 0.066    C   19 0.057    N   72 0.053
    22  C   3.918    C   64 1.333    C   68 1.185    C   20 1.135    C   66 0.067
    23  C   3.965    C   26 1.006    H   89 0.968    H   88 0.964    C   16 0.934
    24  C   3.965    C   25 1.007    H   90 0.968    H   91 0.963    C   16 0.936
    25  C   3.982    C   24 1.007    H   93 0.983    H   92 0.982    H   94 0.978
    26  C   3.982    C   23 1.006    H   95 0.984    H   97 0.982    H   96 0.978
    27  O   2.155    C    7 1.763    C    8 0.068    C    5 0.059
    28  C   3.924    C    9 1.461    C   30 1.062    C   29 1.062    N   31 0.081    N   32 0.081
    29  C   3.938    N   32 2.784    C   28 1.062
    30  C   3.939    N   31 2.776    C   28 1.062
    31  N   3.039    C   30 2.776    C    9 0.089    C   28 0.081
    32  N   3.043    C   29 2.784    C    9 0.089    C   28 0.081
    33  C   3.889    C   37 1.425    C   66 1.138    S   34 1.103    C   35 0.079
    34  S   2.554    C   35 1.126    C   33 1.103    C   36 0.066    C   37 0.057
    35  C   3.915    C   36 1.344    C   38 1.191    S   34 1.126    C   33 0.079
    36  C   3.896    C   37 1.360    C   35 1.344    C   40 0.934    S   34 0.066
    37  C   3.946    C   33 1.425    C   36 1.360    H   98 0.927    S   34 0.057
    38  C   3.916    C   39 1.298    C   35 1.191    S   41 1.176    C   42 0.068
    39  C   3.909    C   43 1.417    C   38 1.298    C   40 0.935    S   41 0.056
    40  C   3.908    C   59 0.941    C   39 0.935    C   36 0.934    C   58 0.929
    41  S   2.556    C   38 1.176    C   42 1.064    C   43 0.062    C   39 0.056
    42  C   3.896    C   43 1.353    C   44 1.280    S   41 1.064    C   38 0.068
    43  C   3.936    C   39 1.417    C   42 1.353    H   99 0.912    S   41 0.062
    44  C   3.924    C   45 1.470    C   42 1.280    H  100 0.920
    45  C   3.904    C   44 1.470    C   46 1.107    C   49 1.019    O   54 0.068
    46  C   3.929    C   55 1.459    C   45 1.107    C   47 1.045    N   63 0.089    N   62 0.089
    47  C   3.949    C   50 1.384    C   48 1.266    C   46 1.045    C   52 0.082
    48  C   3.939    C   53 1.397    C   47 1.266    C   49 0.980    C   51 0.083    O   54 0.059
    49  C   3.903    O   54 1.762    C   45 1.019    C   48 0.980
    50  C   3.955    C   51 1.385    C   47 1.384    H  101 0.933    C   53 0.084
    51  C   3.930    C   50 1.385    C   52 1.326    CL  78 1.022    C   48 0.083
    52  C   3.921    C   53 1.380    C   51 1.326    CL  77 1.020    C   47 0.082
    53  C   3.961    C   48 1.397    C   52 1.380    H  102 0.941    C   50 0.084
    54  O   2.155    C   49 1.762    C   45 0.068    C   48 0.059
    55  C   3.923    C   46 1.459    C   57 1.063    C   56 1.062    N   63 0.081    N   62 0.081
    56  C   3.938    N   62 2.784    C   55 1.062
    57  C   3.938    N   63 2.774    C   55 1.063
    58  C   3.964    C   61 1.007    H  104 0.967    H  103 0.965    C   40 0.929
    59  C   3.967    C   60 1.008    H  105 0.966    H  106 0.965    C   40 0.941
    60  C   3.986    C   59 1.008    H  109 0.984    H  108 0.983    H  107 0.979
    61  C   3.982    C   58 1.007    H  110 0.984    H  112 0.982    H  111 0.977
    62  N   3.043    C   56 2.784    C   46 0.089    C   55 0.081
    63  N   3.038    C   57 2.774    C   46 0.089    C   55 0.081
    64  C   3.905    C   22 1.333    C   65 1.282    O   73 1.026
    65  C   3.905    C   66 1.336    C   64 1.282    O   74 1.031
    66  C   3.917    C   65 1.336    C   67 1.176    C   33 1.138    C   22 0.067
    67  C   3.933    N   69 1.287    C   68 1.204    C   66 1.176    C   71 0.070
    68  C   3.931    N   72 1.278    C   67 1.204    C   22 1.185    C   70 0.069
    69  N   3.115    C   70 1.500    C   67 1.287    N   72 0.126
    70  C   3.940    N   69 1.500    C   71 1.331    H  113 0.946    C   68 0.069
    71  C   3.938    N   72 1.494    C   70 1.331    H  114 0.947    C   67 0.070
    72  N   3.145    C   71 1.494    C   68 1.278    N   69 0.126    S   21 0.053
    73  O   2.202    C   64 1.026    C   81 0.962
    74  O   2.216    C   65 1.031    C   79 0.954
    75  CL  1.180    C    2 1.023
    76  CL  1.175    C    3 1.020
    77  CL  1.175    C   52 1.020
    78  CL  1.180    C   51 1.022
    79  C   3.932    C   80 1.015    H  116 0.970    H  115 0.964    O   74 0.954
    80  C   3.985    C   79 1.015    H  117 0.985    H  118 0.984    H  119 0.978
    81  C   3.933    C   82 1.003    H  121 0.975    H  120 0.964    O   73 0.962
    82  C   3.984    C   81 1.003    H  124 0.984    H  122 0.984    H  123 0.978
    83  H   0.994    C    1 0.933
    84  H   0.995    C    4 0.941
    85  H   0.992    C   10 0.921
    86  H   0.993    C   12 0.912
    87  H   0.995    C   19 0.929
    88  H   0.996    C   23 0.964
    89  H   0.999    C   23 0.968
    90  H   0.999    C   24 0.968
    91  H   0.996    C   24 0.963
    92  H   0.999    C   25 0.982
    93  H   0.999    C   25 0.983
    94  H   0.997    C   25 0.978
    95  H   0.999    C   26 0.984
    96  H   0.997    C   26 0.978
    97  H   0.999    C   26 0.982
    98  H   0.995    C   37 0.927
    99  H   0.993    C   43 0.912
   100  H   0.992    C   44 0.920
   101  H   0.994    C   50 0.933
   102  H   0.995    C   53 0.941
   103  H   0.997    C   58 0.965
   104  H   0.998    C   58 0.967
   105  H   0.997    C   59 0.966
   106  H   0.996    C   59 0.965
   107  H   0.998    C   60 0.979
   108  H   0.999    C   60 0.983
   109  H   0.999    C   60 0.984
   110  H   0.999    C   61 0.984
   111  H   0.996    C   61 0.977
   112  H   0.999    C   61 0.982
   113  H   0.994    C   70 0.946
   114  H   0.995    C   71 0.947
   115  H   0.998    C   79 0.964
   116  H   0.998    C   79 0.970
   117  H   0.999    C   80 0.985
   118  H   0.999    C   80 0.984
   119  H   0.998    C   80 0.978
   120  H   0.998    C   81 0.964
   121  H   0.997    C   81 0.975
   122  H   0.999    C   82 0.984
   123  H   0.998    C   82 0.978
   124  H   0.999    C   82 0.984
 
 --------------------------------------------
          xTB calculation for sTDA...
 --------------------------------------------
 
 reading parameter file /ihome/ghutchison/blp62/xtb4stda/.param_stda2.xtb
 
      method parameters     
 k(s)        :  1.6000
 k(p)        :  2.1800
 k(d)        :  1.9500
 k(f)        :  2.0000
 k(R-V)      :  2.2750
 k(R-R)      :  1.7650
 Tscal       :  0.2580
 Gscal       :  1.0000
 fpol        :  1.0000
 Zcnf        :  0.3430
 Zqf         :  0.0000
 kcn         :  2.7000
 Ryd Hsplit  :  0.7000
 lshift(virt):  3.1000
 lshift(OS)  :  0.2000
 wllscaling  :  2.6000
 
 mowrcut     : 3.000
 
  Z AO/shell   Hii/eV     exponent
  1     Sun Feb 14 09:53:25 CET 2016    EN: 2.327 GAM: 0.473  GM3: 0.0000
     1s    -14.339618    1.220000
     2sp    -3.348946    0.600000
  6     Sun Feb 14 09:53:25 CET 2016    EN: 2.731 GAM: 0.422  GM3: 0.0000
     2s    -22.009312    1.565095
     2p    -13.020408    1.596905
     3sp    -3.914040    0.824500
  7     Sun Feb 14 09:53:25 CET 2016    EN: 3.573 GAM: 0.504  GM3: 0.0000
     2s    -25.722000    2.064844
     2p    -18.684912    1.801692
     3sp    -4.344791    0.921400
  8     Sun Feb 14 09:53:25 CET 2016    EN: 3.700 GAM: 0.587  GM3: 0.0000
     2s    -33.859000    2.418661
     2p    -22.175911    1.973969
     3sp    -4.259392    1.013700
 16     Sun Feb 21 16:35:57 CET 2016    EN: 1.915 GAM: 0.200  GM3: 0.0000
     3s    -17.898811    2.619580
     3p    -15.317401    1.798798
     4sp    -4.455139    0.843200
 17     Sun Feb 21 16:32:04 CET 2016    EN: 2.375 GAM: 0.300  GM3: 0.0000
     3s    -29.486180    2.293696
     3p    -18.696427    2.332982
     4sp    -5.680125    0.918900
 
 Nbf   :          866
 T(el) :     0.0
 calculating S/T integrals ...
 cpu time for ints   0.803763000000000     
 Nao   :          866
 making H0...
 making H1...
 cpu time for H      2.204499999999998E-002
 solving ...
 cpu time for diag   0.999566000000000     
 
 gap (eV)           :   4.592
 Koopmans IP (eV)   :  13.698
 Eel (Eh)           :  -352.591178

          eigenvalues
 #    :         190        191        192        193        194        195        196        197
 occ. :        2.000      2.000      2.000      2.000      2.000      2.000      2.000      2.000
 eps  :       -16.624    -16.366    -16.151    -16.140    -16.052    -15.999    -15.963    -15.952
 #    :         198        199        200        201        202        203        204        205
 occ. :        2.000      2.000      2.000      2.000      2.000      0.000      0.000      0.000
 eps  :       -15.870    -15.668    -15.268    -14.244    -13.699     -9.107     -8.788     -8.581
 #    :         206        207        208        209        210        211        212        213
 occ. :        0.000      0.000      0.000      0.000      0.000      0.000      0.000      0.000
 eps  :        -8.437     -8.142     -6.970     -6.916     -6.785     -6.365     -6.237     -5.911
                            1  SCC done.
 writing mo output ...
 molden style : F
 
speedup  0.99
cpu  time for all    2.03 s
wall time for all    2.05 s
