 
        ______________________________________
       |                                      |
       |          ===================         |
       |             xTB for sTDA             |
       |          ===================         |
       |               S. Grimme              |
       |        Universitaet Bonn, MCTC       |
       |         2015-19, Version 1.0         |
       |     Wed Apr  3 09:14:55 CEST 2019    |
       |______________________________________|
 
        This code comes without any warranty
        for non-commercial, academia use only.
        Preliminary test version.
        Cite this work as:
        S. Grimme  &  C. Bannwarth, JCP 145 (2016) 054103
        if GBSA is used additionally:
        P. Shushkov, F. März, C. Bannwarth, S. Grimme, unpublished.
 
        with help from
        P. Shushkov, G. Brandenburg, S. Dohm, J. Pisarek,
        F. März, M. Checinski, S. Ehrlich, S. Spicher, 
        P. Pracht, E. Caldeweyher, S. Ehlert, and C. Bannwarth.
 
        usage        :
        xtb4stda <coord_file> [options]
        where <coord_file> is a valid file of TM)
        (*coord, Bohr) or xmol (*xyz, Angstroem)
        format.

        options:
        -chrg <int>   : molecular charge
        -uhf  <int>   : # of unpaired electrons(=2*S)
        -nox          : skip second, extended part in sTDA-xTB
        -pop          : do population analysis
                      : (default for -nox)
        -mowr <real>  : cut MO write above (def.3 Eh)
        -molden       : write formatted molden file
        -parx <file>  : read parameters for sTDA-xTB
                        calc (def:~/.param_stda2.xtb)
        -parv <file>  : read parameters for vTB part in
                        sTDA-xTB (def: ~/.param_stda1.xtb)
        -xtemp <real> : el. temp for xTB (def. 0 K)
        -etemp <real> : el. temp for GFN (def. 300 K)
        -fod          : calculate the FOD and write
                        molden.input file with
                        appropriate occupations
                        for plotting. Def. T=12500 K
 
        -acc <real>   : xTB accuracy (def. 1.0)
        -gbsa [string1] [string2]
                        use GBSA implicit solvent
                        for solvent [string1] and
                        solvation state [string2]=
                        reference, bar1M (default=1M)
        additional GFN/opt/MD/siman options read from
        $XTB4STDAHOME/.xtb4stdarc or $set in input
 
       spin and charge state information can be on:
       <.CHRG> (charge) and <.UHF> (=nalpha-nbeta)
       -uhf and -chrg override the file info.
       useful machine settings:
       setenv MKL_NUM_THREADS <NCORE_ON_YOUR_MACHINE>
       setenv OMP_STACKSIZE 500m
       limit stacksize unlimited
 
       total energies in Eh, gaps/HL energies in eV
       please read REVISION and HOWTO files carefully
 =============================
  # OMP threads =           1
 =============================
 
 xtb4stdahome directory:/ihome/ghutchison/blp62/xtb4stda/
 
 
 name of molecule           :
 comment line               :
 number of atoms            :   190
 number of electrons        :   554
 charge                     :  0
 spin                       : 0.0
 first test random number   :  0.1520
 
 -----------------------------------------
      charge density (VTB) calculation
 -----------------------------------------
 
      method parameters     
 k(s)        :  1.8000
 k(p)        :  2.8350
 k(d)        :  2.0860
 k(f)        :  2.0000
 Tscal       :  0.3300
 Gscal       :  0.3910
 fpol        :  1.0000
 Zcnf        :  0.6500
 Zqf         :  0.0000
 kcn         :  0.3000
 kEN1        : -0.5900
 wllscal     :  2.6000
 
     -------------------------
     ! NO SOLVENT MODEL USED !
     -------------------------
 
 doing EN charges ...
 sum q : -0.3330669D-15
 point charge moment (au)
     X       Y       Z   
  -0.0201   0.4676   0.2145  total (Debye):    1.309
 
            Z      q(EN)   CN      Cart. coordinates
     1  O   6.0  -0.100   1.065    12.39452    10.98290    18.18786
     2  C   4.0   0.185   3.344    10.19772    10.67090    18.74362
     3  N   5.0  -0.333   3.402     9.11245    11.64959    20.91908
     4  C   4.0  -0.131   3.171     6.63728    11.14277    21.32707
     5  S   6.0   0.195   1.331     4.97678    12.07951    23.74932
     6  C   4.0  -0.100   4.113    10.58398    13.20314    22.63022
     7  C   4.0  -0.240   4.027    10.17958    16.00428    22.10299
     8  C   4.0  -0.077   3.163     8.33029     9.22621    17.29572
     9  S   6.0   0.200   2.613     5.41614     9.27175    18.86192
    10  C   4.0  -0.075   3.220     8.97223     8.08973    15.09570
    11  C   4.0   0.002   3.207     7.50089     6.60043    13.39986
    12  C   4.0   0.093   3.348     8.73696     5.61551    11.20853
    13  N   5.0  -0.220   2.234    11.13445     6.27332    10.71853
    14  C   4.0   0.109   3.296    12.29475     5.37551     8.71523
    15  C   4.0  -0.001   3.238    14.80109     6.41789     8.16702
    16  C   4.0  -0.073   3.193    16.41303     7.01788    10.16087
    17  C   4.0  -0.072   3.143    18.77178     8.03171     9.68674
    18  C   4.0  -0.074   3.145    19.53561     8.48411     7.22367
    19  C   4.0  -0.073   3.145    17.92254     7.93553     5.23492
    20  C   4.0  -0.073   3.191    15.56681     6.90770     5.69507
    21  C   4.0   0.110   3.298    11.06283     3.54229     7.16244
    22  C   4.0  -0.001   3.242    12.27112     2.07832     5.14043
    23  C   4.0  -0.073   3.188    14.73136     1.16880     5.36531
    24  C   4.0  -0.073   3.145    15.75049    -0.32258     3.47823
    25  C   4.0  -0.074   3.146    14.33187    -0.94052     1.36495
    26  C   4.0  -0.073   3.145    11.87560    -0.06255     1.14007
    27  C   4.0  -0.073   3.199    10.85326     1.44167     3.01241
    28  C   4.0  -0.074   3.183     4.94333     6.05978    13.68162
    29  C   4.0  -0.074   3.198     3.62865     4.61018    11.94307
    30  C   4.0  -0.005   3.275     4.78327     3.53813     9.83943
    31  C   4.0   0.096   3.337     7.41510     4.04080     9.48699
    32  N   5.0  -0.226   2.252     8.67176     3.01071     7.54832
    33  C   4.0  -0.082   3.251     3.39811     2.04941     8.05609
    34  C   4.0  -0.081   3.349     4.33730     0.48623     6.18602
    35  C   4.0  -0.015   3.609     2.44568    -0.49190     4.65402
    36  C   4.0  -0.096   3.369     0.03704     0.25379     5.36323
    37  S   6.0   0.222   2.543     0.07219     2.19114     7.96236
    38  C   4.0  -0.007   3.358    -1.80620    -0.69769     3.63168
    39  C   4.0  -0.001   3.445    -0.47205    -2.08304     1.77030
    40  C   4.0  -0.053   4.297     2.33400    -2.19038     2.37368
    41  C   4.0   0.005   3.282     3.23105    -4.78554     3.21537
    42  C   4.0  -0.071   3.195     5.80675    -5.18560     3.55155
    43  C   4.0  -0.072   3.184     6.69133    -7.49654     4.37944
    44  C   4.0   0.007   3.189     5.03461    -9.46658     4.90063
    45  C   4.0  -0.174   4.062     5.99629   -11.95497     5.86817
    46  C   4.0  -0.241   4.027     6.17884   -11.91850     8.75340
    47  C   4.0  -0.073   3.185     2.46534    -9.04725     4.58674
    48  C   4.0  -0.070   3.185     1.56696    -6.73498     3.75923
    49  C   4.0   0.006   3.269     3.83595    -1.26442     0.11962
    50  C   4.0  -0.071   3.194     4.53572    -2.95232    -1.76727
    51  C   4.0  -0.073   3.186     5.82546    -2.12273    -3.88036
    52  C   4.0   0.006   3.188     6.43867     0.41272    -4.17951
    53  C   4.0  -0.174   4.062     7.87865     1.29125    -6.46267
    54  C   4.0  -0.241   4.026    10.73138     1.07242    -6.03578
    55  C   4.0  -0.073   3.185     5.74004     2.09098    -2.28789
    56  C   4.0  -0.071   3.188     4.44615     1.26933    -0.16951
    57  C   4.0  -0.062   3.178    -1.69584    -3.03906    -0.31029
    58  C   4.0  -0.007   3.365    -4.29270    -2.64958    -0.45958
    59  C   4.0  -0.001   3.440    -5.65312    -1.40426     1.47399
    60  C   4.0  -0.053   4.296    -8.45766    -1.29862     0.84093
    61  C   4.0  -0.014   3.594    -8.46900    -2.46288    -1.76463
    62  C   4.0  -0.094   3.378    -6.05733    -3.26639    -2.40260
    63  S   6.0   0.237   2.750    -5.90105    -4.50681    -5.38591
    64  C   4.0  -0.083   3.257    -9.14249    -4.03003    -5.77179
    65  C   4.0  -0.005   3.289   -10.31828    -4.70958    -8.10447
    66  C   4.0   0.097   3.378    -8.80272    -5.25457   -10.26291
    67  C   4.0   0.095   3.351    -9.92012    -5.99138   -12.59332
    68  N   5.0  -0.236   2.321    -8.43555    -7.03488   -14.36003
    69  C   4.0   0.110   3.312    -5.97229    -7.04282   -14.08148
    70  C   4.0  -0.001   3.234    -4.45182    -8.66685   -15.72063
    71  C   4.0  -0.075   3.195    -5.21659    -9.19087   -18.18540
    72  C   4.0  -0.073   3.144    -3.77284   -10.73383   -19.71759
    73  C   4.0  -0.074   3.145    -1.56715   -11.80587   -18.80202
    74  C   4.0  -0.072   3.144    -0.82298   -11.34308   -16.33422
    75  C   4.0  -0.074   3.197    -2.24726    -9.78519   -14.79958
    76  C   4.0   0.115   3.310    -4.86831    -5.56657   -12.08347
    77  C   4.0  -0.001   3.235    -2.25879    -4.65515   -12.14130
    78  C   4.0  -0.074   3.194    -1.12193    -4.02776   -14.43618
    79  C   4.0  -0.073   3.145     1.31260    -3.08630   -14.47662
    80  C   4.0  -0.074   3.145     2.63919    -2.75276   -12.24316
    81  C   4.0  -0.073   3.144     1.51443    -3.35181    -9.95621
    82  C   4.0  -0.075   3.195    -0.92030    -4.29270    -9.90235
    83  N   5.0  -0.247   2.410    -6.30243    -4.90724   -10.17693
    84  C   4.0   0.002   3.209   -12.59200    -5.89046   -12.88207
    85  C   4.0  -0.075   3.220   -13.85528    -6.28296   -15.23875
    86  C   4.0  -0.077   3.174   -12.98185    -5.85550   -17.60166
    87  C   4.0   0.187   3.343   -14.60229    -6.21304   -19.82266
    88  N   5.0  -0.333   3.399   -13.36263    -5.42503   -21.98602
    89  C   4.0  -0.130   3.175   -10.98743    -4.50435   -21.69557
    90  S   6.0   0.213   2.720   -10.06619    -4.60564   -18.50344
    91  S   6.0   0.195   1.334    -9.17122    -3.47691   -23.96815
    92  C   4.0  -0.100   4.112   -14.55713    -5.64858   -24.44153
    93  C   4.0  -0.240   4.027   -13.73717    -8.06119   -25.78115
    94  O   6.0  -0.100   1.064   -16.73692    -7.03715   -19.81604
    95  C   4.0  -0.073   3.188   -14.01553    -5.39309   -10.72401
    96  C   4.0  -0.071   3.177   -12.92743    -4.83505    -8.41023
    97  C   4.0  -0.081   3.341   -10.23287    -2.94004    -3.65133
    98  C   4.0   0.006   3.269    -9.31578     1.43203     0.90650
    99  C   4.0  -0.071   3.193   -10.12629     2.50181     3.16359
   100  C   4.0  -0.072   3.184   -10.82643     5.01495     3.26469
   101  C   4.0   0.007   3.189   -10.72627     6.52995     1.12363
   102  C   4.0  -0.174   4.062   -11.57892     9.23471     1.21982
   103  C   4.0  -0.241   4.027   -14.41899     9.41764     0.70940
   104  C   4.0  -0.073   3.184    -9.89990     5.45696    -1.12288
   105  C   4.0  -0.071   3.188    -9.19068     2.94419    -1.23229
   106  C   4.0   0.005   3.276   -10.06922    -2.96404     2.53148
   107  C   4.0  -0.071   3.186    -9.02117    -4.78063     4.10354
   108  C   4.0  -0.073   3.185   -10.55752    -6.32718     5.54691
   109  C   4.0   0.007   3.189   -13.16931    -6.11572     5.44392
   110  C   4.0  -0.174   4.062   -14.82603    -7.73748     7.07986
   111  C   4.0  -0.241   4.027   -15.28391    -6.46060     9.63344
   112  C   4.0  -0.072   3.184   -14.21017    -4.30498     3.85277
   113  C   4.0  -0.071   3.194   -12.68497    -2.75560     2.40959
   114  C   4.0  -0.062   3.175    -4.41780    -0.38456     3.52169
   115  H   1.0   0.082   1.007    10.01687    12.74337    24.56171
   116  H   1.0   0.083   1.004    12.56063    12.68951    22.32730
   117  H   1.0   0.081   1.001     8.20519    16.50449    22.37643
   118  H   1.0   0.081   0.999    10.72665    16.45158    20.17301
   119  H   1.0   0.082   0.999    11.32494    17.11733    23.39141
   120  H   1.0   0.076   1.010    10.92318     8.35769    14.52481
   121  H   1.0   0.076   1.006    15.79301     6.66714    12.07176
   122  H   1.0   0.074   1.004    20.01484     8.47901    11.24198
   123  H   1.0   0.074   1.004    21.37885     9.27780     6.85309
   124  H   1.0   0.074   1.004    18.50098     8.31649     3.31496
   125  H   1.0   0.076   1.006    14.30277     6.51691     4.14039
   126  H   1.0   0.076   1.006    15.82853     1.60116     7.03129
   127  H   1.0   0.074   1.004    17.65911    -1.02083     3.66607
   128  H   1.0   0.074   1.004    15.13803    -2.11290    -0.09827
   129  H   1.0   0.075   1.005    10.74441    -0.55463    -0.48585
   130  H   1.0   0.077   1.007     8.94691     2.14673     2.83780
   131  H   1.0   0.075   1.020     3.93328     6.79583    15.29204
   132  H   1.0   0.075   1.011     1.63783     4.26984    12.24448
   133  H   1.0   0.083   1.009     6.32038     0.12737     5.97796
   134  H   1.0   0.076   1.007     7.12748    -3.68270     3.14280
   135  H   1.0   0.075   1.005     8.70011    -7.77698     4.62019
   136  H   1.0   0.081   1.003     4.72299   -13.47110     5.28726
   137  H   1.0   0.081   1.003     7.86239   -12.33878     5.07524
   138  H   1.0   0.081   0.998     6.88314   -13.71828     9.45260
   139  H   1.0   0.081   0.999     7.45365   -10.42883     9.37021
   140  H   1.0   0.081   0.999     4.33031   -11.56947     9.58223
   141  H   1.0   0.075   1.005     1.14272   -10.55110     4.98869
   142  H   1.0   0.076   1.007    -0.44220    -6.45871     3.52774
   143  H   1.0   0.076   1.007     4.08200    -4.93407    -1.57320
   144  H   1.0   0.074   1.005     6.36573    -3.46670    -5.32222
   145  H   1.0   0.081   1.003     7.40206     3.25638    -6.87407
   146  H   1.0   0.081   1.004     7.34933     0.14513    -8.09653
   147  H   1.0   0.081   0.999    11.24859    -0.87721    -5.63233
   148  H   1.0   0.081   0.999    11.31417     2.24273    -4.44841
   149  H   1.0   0.081   0.998    11.75599     1.68450    -7.70895
   150  H   1.0   0.075   1.005     6.20397     4.07104    -2.47781
   151  H   1.0   0.076   1.007     3.90266     2.61538     1.26687
   152  H   1.0   0.076   1.006    -0.70128    -4.02682    -1.79127
   153  H   1.0   0.077   1.013    -6.93265    -8.34957   -18.88535
   154  H   1.0   0.074   1.004    -4.36961   -11.10195   -21.63415
   155  H   1.0   0.074   1.004    -0.43747   -13.00944   -20.00180
   156  H   1.0   0.074   1.004     0.87702   -12.20215   -15.60082
   157  H   1.0   0.076   1.007    -1.67146    -9.46054   -12.86828
   158  H   1.0   0.076   1.006    -2.16147    -4.24168   -16.17946
   159  H   1.0   0.074   1.004     2.17545    -2.59856   -16.26052
   160  H   1.0   0.074   1.004     4.54120    -2.01331   -12.29021
   161  H   1.0   0.074   1.005     2.52600    -3.06854    -8.20595
   162  H   1.0   0.076   1.012    -1.80677    -4.76872    -8.13168
   163  H   1.0   0.074   1.008   -15.81682    -6.87199   -15.14521
   164  H   1.0   0.082   1.007   -14.03915    -3.99167   -25.55930
   165  H   1.0   0.083   1.004   -16.59331    -5.66786   -24.09986
   166  H   1.0   0.082   0.999   -14.69394    -8.20103   -27.59132
   167  H   1.0   0.081   0.999   -14.22132    -9.70507   -24.64637
   168  H   1.0   0.081   1.001   -11.70836    -8.04041   -26.10694
   169  H   1.0   0.075   1.005   -16.05133    -5.40367   -10.87991
   170  H   1.0   0.075   1.006   -14.13893    -4.47619    -6.81019
   171  H   1.0   0.080   1.005   -12.20404    -2.46590    -3.53435
   172  H   1.0   0.076   1.006   -10.22946     1.35342     4.84923
   173  H   1.0   0.075   1.005   -11.45571     5.81469     5.03574
   174  H   1.0   0.081   1.003   -10.56130    10.34020    -0.19426
   175  H   1.0   0.081   1.003   -11.17055    10.03067     3.07931
   176  H   1.0   0.081   0.999   -14.86156     8.65438    -1.14744
   177  H   1.0   0.081   0.998   -15.03882    11.37577     0.77913
   178  H   1.0   0.081   0.999   -15.46835     8.34597     2.11517
   179  H   1.0   0.075   1.005    -9.79993     6.60308    -2.81059
   180  H   1.0   0.076   1.007    -8.53759     2.15693    -2.99918
   181  H   1.0   0.076   1.007    -6.99369    -4.99133     4.21012
   182  H   1.0   0.075   1.005    -9.70828    -7.72671     6.76843
   183  H   1.0   0.081   1.003   -13.92747    -9.56938     7.38769
   184  H   1.0   0.081   1.003   -16.63753    -8.05552     6.14463
   185  H   1.0   0.081   0.998   -16.47728    -7.63695    10.82322
   186  H   1.0   0.081   0.999   -16.20818    -4.64362     9.36832
   187  H   1.0   0.081   0.999   -13.49964    -6.14199    10.60287
   188  H   1.0   0.075   1.005   -16.24049    -4.11185     3.73939
   189  H   1.0   0.076   1.006   -13.52647    -1.35191     1.18845
   190  H   1.0   0.076   1.006    -5.40764     0.64666     4.97640
 
  Z AO/shell   Hii/eV     exponent
  1     Sat Feb 20 21:38:01 CET 2016    EN: 2.327 GAM: 0.473  GM3: 0.0000
     1s    -13.751157    1.051071
  6     Sat Feb 20 21:38:01 CET 2016    EN: 2.731 GAM: 0.422  GM3: 0.0000
     2s    -19.378245    2.021003
     2p    -11.993376    1.497917
  7     Sat Feb 20 21:38:01 CET 2016    EN: 3.573 GAM: 0.504  GM3: 0.0000
     2s    -21.576984    2.275442
     2p    -16.125120    2.056788
  8     Sat Feb 20 21:38:01 CET 2016    EN: 3.700 GAM: 0.587  GM3: 0.0000
     2s    -21.648843    2.110798
     2p    -17.239740    2.329048
 16     Sat Feb 20 23:13:41 CET 2016    EN: 1.915 GAM: 0.389  GM3: 0.0000
     3s    -22.000000    2.671470
     3p    -15.834192    1.836978
     3d     -2.593599    1.836978
 
 dipole moment of classical point charges (au)
     X       Y       Z   
  -0.0201   0.4676   0.2145  total (Debye):    1.309

 
 Nbf   :          568
 T(el) :   300.0
 calculating S/T integrals ...
 cpu time for ints   9.535100000000001E-002
 Nao   :          562
 making H0...
 making H1...
 cpu time for H      1.838800000000000E-002
 solving ...
 cpu time for diag   0.182586000000000     
 
 gap (eV)           :   1.782
 Koopmans IP (eV)   :  12.203
 Eel (Eh)           :  -432.651888
 T,E(Fermi),NFOD :    300.000   -11.311  0.000000
 T,E(Fermi),NFOD :    300.000   -11.311  0.000000
 Nfod               :  0.0000
 Nfod/Nel           :  0.0000

          eigenvalues
 #    :         265        266        267        268        269        270        271        272
 occ. :        2.000      2.000      2.000      2.000      2.000      2.000      2.000      2.000
 eps  :       -15.154    -15.095    -15.013    -14.883    -14.863    -14.843    -14.797    -14.561
 #    :         273        274        275        276        277        278        279        280
 occ. :        2.000      2.000      2.000      2.000      2.000      0.000      0.000      0.000
 eps  :       -14.358    -14.165    -13.928    -13.045    -12.204    -10.421    -10.283     -8.994
 #    :         281        282        283        284        285        286        287        288
 occ. :        0.000      0.000      0.000      0.000      0.000      0.000      0.000      0.000
 eps  :        -8.884     -8.304     -8.186     -8.145     -8.104     -7.974     -7.669     -7.570
                            1  SCC done.
 making H1...
 cpu time for H      0.198786000000000     
 solving ...
 cpu time for diag   5.284800000000001E-002
 
 gap (eV)           :   2.128
 Koopmans IP (eV)   :  12.293
 Eel (Eh)           :  -431.878718
 T,E(Fermi),NFOD :    300.000   -11.229  0.000000
 T,E(Fermi),NFOD :    300.000   -11.229  0.000000
 Nfod               :  0.0000
 Nfod/Nel           :  0.0000

          eigenvalues
 #    :         265        266        267        268        269        270        271        272
 occ. :        2.000      2.000      2.000      2.000      2.000      2.000      2.000      2.000
 eps  :       -14.787    -14.706    -14.678    -14.521    -14.357    -14.146    -14.047    -14.030
 #    :         273        274        275        276        277        278        279        280
 occ. :        2.000      2.000      2.000      2.000      2.000      0.000      0.000      0.000
 eps  :       -13.871    -13.861    -13.790    -13.062    -12.294    -10.165     -9.975     -8.859
 #    :         281        282        283        284        285        286        287        288
 occ. :        0.000      0.000      0.000      0.000      0.000      0.000      0.000      0.000
 eps  :        -8.798     -8.336     -8.181     -8.152     -8.051     -7.930     -7.649     -7.572
                            2  SCC done.
 
 
 Mulliken/CM5 charges    n(s)   n(p)   n(d)   
    1 O  -0.2614 -0.3078   1.626  4.635  0.000
    2 C   0.1825  0.2839   1.173  2.645  0.000
    3 N  -0.1230 -0.3791   1.278  3.845  0.000
    4 C   0.0637  0.1646   1.209  2.728  0.000
    5 S  -0.2298 -0.2462   1.897  4.316  0.017
    6 C   0.0362 -0.0108   1.150  2.814  0.000
    7 C  -0.0797 -0.2258   1.091  2.989  0.000
    8 C  -0.0206 -0.0041   1.178  2.843  0.000
    9 S   0.0784  0.0515   1.889  3.996  0.036
   10 C  -0.0100 -0.0551   1.143  2.867  0.000
   11 C   0.0075  0.0060   1.158  2.834  0.000
   12 C   0.0464  0.1252   1.189  2.765  0.000
   13 N  -0.1814 -0.3759   1.474  3.707  0.000
   14 C   0.0585  0.1415   1.204  2.737  0.000
   15 C   0.0099  0.0076   1.161  2.829  0.000
   16 C  -0.0278 -0.0792   1.142  2.886  0.000
   17 C  -0.0271 -0.0833   1.136  2.891  0.000
   18 C  -0.0319 -0.0883   1.138  2.894  0.000
   19 C  -0.0295 -0.0859   1.135  2.894  0.000
   20 C  -0.0362 -0.0894   1.143  2.894  0.000
   21 C   0.0571  0.1402   1.205  2.738  0.000
   22 C   0.0083  0.0060   1.163  2.829  0.000
   23 C  -0.0354 -0.0885   1.142  2.893  0.000
   24 C  -0.0297 -0.0861   1.135  2.894  0.000
   25 C  -0.0332 -0.0897   1.138  2.895  0.000
   26 C  -0.0305 -0.0874   1.137  2.893  0.000
   27 C  -0.0322 -0.0842   1.143  2.889  0.000
   28 C  -0.0280 -0.0802   1.144  2.884  0.000
   29 C  -0.0318 -0.0836   1.138  2.894  0.000
   30 C   0.0214  0.0236   1.166  2.813  0.000
   31 C   0.0430  0.1228   1.188  2.769  0.000
   32 N  -0.1815 -0.3835   1.469  3.712  0.000
   33 C  -0.0262 -0.0162   1.177  2.849  0.000
   34 C  -0.0613 -0.1087   1.146  2.915  0.000
   35 C  -0.0551 -0.0584   1.197  2.858  0.000
   36 C  -0.0412 -0.0280   1.177  2.864  0.000
   37 S   0.1122  0.0761   1.889  3.950  0.049
   38 C  -0.0004 -0.0038   1.165  2.835  0.000
   39 C  -0.0127 -0.0182   1.198  2.815  0.000
   40 C   0.0271  0.0228   1.211  2.762  0.000
   41 C  -0.0021 -0.0111   1.187  2.815  0.000
   42 C  -0.0391 -0.0929   1.141  2.898  0.000
   43 C  -0.0414 -0.0958   1.140  2.901  0.000
   44 C  -0.0059 -0.0223   1.182  2.824  0.000
   45 C  -0.0442 -0.1511   1.124  2.920  0.000
   46 C  -0.0902 -0.2416   1.096  2.995  0.000
   47 C  -0.0419 -0.0962   1.140  2.902  0.000
   48 C  -0.0416 -0.0948   1.141  2.901  0.000
   49 C  -0.0018 -0.0109   1.186  2.816  0.000
   50 C  -0.0404 -0.0946   1.141  2.899  0.000
   51 C  -0.0431 -0.0982   1.141  2.902  0.000
   52 C  -0.0068 -0.0238   1.182  2.825  0.000
   53 C  -0.0447 -0.1516   1.124  2.920  0.000
   54 C  -0.0910 -0.2427   1.096  2.995  0.000
   55 C  -0.0411 -0.0960   1.141  2.901  0.000
   56 C  -0.0384 -0.0921   1.141  2.898  0.000
   57 C  -0.0314 -0.0814   1.140  2.892  0.000
   58 C  -0.0002 -0.0036   1.165  2.836  0.000
   59 C  -0.0124 -0.0178   1.198  2.814  0.000
   60 C   0.0282  0.0240   1.212  2.760  0.000
   61 C  -0.0552 -0.0586   1.196  2.859  0.000
   62 C  -0.0487 -0.0354   1.184  2.865  0.000
   63 S   0.1323  0.1016   1.888  3.924  0.056
   64 C  -0.0243 -0.0134   1.175  2.849  0.000
   65 C   0.0198  0.0223   1.163  2.817  0.000
   66 C   0.0418  0.1234   1.189  2.769  0.000
   67 C   0.0420  0.1225   1.188  2.770  0.000
   68 N  -0.1861 -0.3783   1.474  3.712  0.000
   69 C   0.0613  0.1450   1.208  2.731  0.000
   70 C   0.0117  0.0091   1.161  2.827  0.000
   71 C  -0.0324 -0.0841   1.144  2.888  0.000
   72 C  -0.0272 -0.0834   1.136  2.892  0.000
   73 C  -0.0317 -0.0881   1.138  2.893  0.000
   74 C  -0.0294 -0.0858   1.135  2.894  0.000
   75 C  -0.0363 -0.0893   1.144  2.893  0.000
   76 C   0.0606  0.1444   1.208  2.732  0.000
   77 C   0.0123  0.0096   1.161  2.826  0.000
   78 C  -0.0342 -0.0872   1.143  2.891  0.000
   79 C  -0.0286 -0.0850   1.135  2.893  0.000
   80 C  -0.0339 -0.0904   1.138  2.896  0.000
   81 C  -0.0307 -0.0871   1.136  2.894  0.000
   82 C  -0.0303 -0.0820   1.142  2.888  0.000
   83 N  -0.1779 -0.3729   1.468  3.710  0.000
   84 C   0.0083  0.0068   1.158  2.833  0.000
   85 C  -0.0110 -0.0572   1.143  2.868  0.000
   86 C  -0.0118  0.0064   1.178  2.833  0.000
   87 C   0.1832  0.2851   1.174  2.643  0.000
   88 N  -0.1214 -0.3776   1.277  3.844  0.000
   89 C   0.0599  0.1602   1.212  2.728  0.000
   90 S   0.0965  0.0752   1.890  3.977  0.036
   91 S  -0.2333 -0.2498   1.897  4.319  0.017
   92 C   0.0363 -0.0107   1.150  2.814  0.000
   93 C  -0.0797 -0.2258   1.091  2.989  0.000
   94 O  -0.2647 -0.3108   1.627  4.638  0.000
   95 C  -0.0281 -0.0814   1.142  2.886  0.000
   96 C  -0.0372 -0.0901   1.137  2.900  0.000
   97 C  -0.0659 -0.1155   1.141  2.925  0.000
   98 C  -0.0032 -0.0121   1.186  2.817  0.000
   99 C  -0.0404 -0.0944   1.141  2.899  0.000
  100 C  -0.0413 -0.0957   1.140  2.901  0.000
  101 C  -0.0055 -0.0220   1.182  2.824  0.000
  102 C  -0.0439 -0.1508   1.124  2.920  0.000
  103 C  -0.0903 -0.2416   1.096  2.995  0.000
  104 C  -0.0414 -0.0957   1.140  2.901  0.000
  105 C  -0.0401 -0.0932   1.140  2.900  0.000
  106 C  -0.0022 -0.0112   1.187  2.816  0.000
  107 C  -0.0412 -0.0944   1.141  2.901  0.000
  108 C  -0.0414 -0.0958   1.140  2.901  0.000
  109 C  -0.0057 -0.0221   1.182  2.824  0.000
  110 C  -0.0441 -0.1510   1.124  2.920  0.000
  111 C  -0.0902 -0.2415   1.096  2.994  0.000
  112 C  -0.0417 -0.0961   1.140  2.902  0.000
  113 C  -0.0399 -0.0937   1.141  2.899  0.000
  114 C  -0.0313 -0.0812   1.140  2.891  0.000
  115 H   0.0541  0.1220   0.946  0.000  0.000
  116 H   0.0557  0.1275   0.944  0.000  0.000
  117 H   0.0345  0.0903   0.965  0.000  0.000
  118 H   0.0322  0.0876   0.968  0.000  0.000
  119 H   0.0446  0.0970   0.955  0.000  0.000
  120 H   0.0652  0.1361   0.935  0.000  0.000
  121 H   0.0435  0.1051   0.957  0.000  0.000
  122 H   0.0412  0.0977   0.959  0.000  0.000
  123 H   0.0402  0.0967   0.960  0.000  0.000
  124 H   0.0402  0.0968   0.960  0.000  0.000
  125 H   0.0411  0.1012   0.959  0.000  0.000
  126 H   0.0415  0.1014   0.959  0.000  0.000
  127 H   0.0404  0.0969   0.960  0.000  0.000
  128 H   0.0396  0.0961   0.960  0.000  0.000
  129 H   0.0435  0.1017   0.956  0.000  0.000
  130 H   0.0443  0.1076   0.956  0.000  0.000
  131 H   0.0501  0.1128   0.950  0.000  0.000
  132 H   0.0471  0.1072   0.953  0.000  0.000
  133 H   0.0619  0.1336   0.938  0.000  0.000
  134 H   0.0408  0.1009   0.959  0.000  0.000
  135 H   0.0370  0.0945   0.963  0.000  0.000
  136 H   0.0360  0.0918   0.964  0.000  0.000
  137 H   0.0360  0.0918   0.964  0.000  0.000
  138 H   0.0328  0.0843   0.967  0.000  0.000
  139 H   0.0294  0.0821   0.971  0.000  0.000
  140 H   0.0291  0.0817   0.971  0.000  0.000
  141 H   0.0369  0.0944   0.963  0.000  0.000
  142 H   0.0397  0.0999   0.960  0.000  0.000
  143 H   0.0404  0.1003   0.960  0.000  0.000
  144 H   0.0372  0.0947   0.963  0.000  0.000
  145 H   0.0368  0.0926   0.963  0.000  0.000
  146 H   0.0362  0.0921   0.964  0.000  0.000
  147 H   0.0286  0.0813   0.971  0.000  0.000
  148 H   0.0298  0.0827   0.970  0.000  0.000
  149 H   0.0332  0.0848   0.967  0.000  0.000
  150 H   0.0376  0.0951   0.962  0.000  0.000
  151 H   0.0412  0.1012   0.959  0.000  0.000
  152 H   0.0472  0.1067   0.953  0.000  0.000
  153 H   0.0430  0.1079   0.957  0.000  0.000
  154 H   0.0412  0.0977   0.959  0.000  0.000
  155 H   0.0403  0.0967   0.960  0.000  0.000
  156 H   0.0401  0.0966   0.960  0.000  0.000
  157 H   0.0415  0.1021   0.958  0.000  0.000
  158 H   0.0426  0.1029   0.957  0.000  0.000
  159 H   0.0410  0.0975   0.959  0.000  0.000
  160 H   0.0396  0.0960   0.960  0.000  0.000
  161 H   0.0416  0.0990   0.958  0.000  0.000
  162 H   0.0437  0.1079   0.956  0.000  0.000
  163 H   0.0585  0.1211   0.942  0.000  0.000
  164 H   0.0542  0.1221   0.946  0.000  0.000
  165 H   0.0554  0.1271   0.945  0.000  0.000
  166 H   0.0445  0.0969   0.955  0.000  0.000
  167 H   0.0323  0.0876   0.968  0.000  0.000
  168 H   0.0345  0.0903   0.965  0.000  0.000
  169 H   0.0478  0.1056   0.952  0.000  0.000
  170 H   0.0482  0.1066   0.952  0.000  0.000
  171 H   0.0533  0.1121   0.947  0.000  0.000
  172 H   0.0401  0.0999   0.960  0.000  0.000
  173 H   0.0372  0.0947   0.963  0.000  0.000
  174 H   0.0363  0.0921   0.964  0.000  0.000
  175 H   0.0364  0.0922   0.964  0.000  0.000
  176 H   0.0289  0.0815   0.971  0.000  0.000
  177 H   0.0331  0.0847   0.967  0.000  0.000
  178 H   0.0289  0.0816   0.971  0.000  0.000
  179 H   0.0374  0.0949   0.963  0.000  0.000
  180 H   0.0404  0.1004   0.960  0.000  0.000
  181 H   0.0399  0.1002   0.960  0.000  0.000
  182 H   0.0372  0.0947   0.963  0.000  0.000
  183 H   0.0363  0.0921   0.964  0.000  0.000
  184 H   0.0361  0.0919   0.964  0.000  0.000
  185 H   0.0331  0.0847   0.967  0.000  0.000
  186 H   0.0290  0.0816   0.971  0.000  0.000
  187 H   0.0291  0.0818   0.971  0.000  0.000
  188 H   0.0368  0.0943   0.963  0.000  0.000
  189 H   0.0393  0.0989   0.961  0.000  0.000
  190 H   0.0470  0.1063   0.953  0.000  0.000
 
 Loewdin charges    n(s)   n(p)   n(d)
    1 O  -0.2485   1.597  4.652  0.000
    2 C   0.1632   1.146  2.691  0.000
    3 N  -0.0868   1.240  3.847  0.000
    4 C   0.1259   1.153  2.721  0.000
    5 S  -0.2810   1.887  4.334  0.061
    6 C   0.0389   1.093  2.869  0.000
    7 C  -0.0813   1.017  3.064  0.000
    8 C  -0.0008   1.134  2.867  0.000
    9 S   0.0376   1.877  3.997  0.089
   10 C  -0.0057   1.090  2.915  0.000
   11 C   0.0093   1.116  2.875  0.000
   12 C   0.0372   1.155  2.808  0.000
   13 N  -0.1595   1.440  3.720  0.000
   14 C   0.0513   1.170  2.779  0.000
   15 C   0.0133   1.118  2.869  0.000
   16 C  -0.0225   1.088  2.934  0.000
   17 C  -0.0194   1.081  2.939  0.000
   18 C  -0.0238   1.083  2.941  0.000
   19 C  -0.0220   1.080  2.942  0.000
   20 C  -0.0305   1.089  2.941  0.000
   21 C   0.0494   1.170  2.780  0.000
   22 C   0.0120   1.120  2.868  0.000
   23 C  -0.0297   1.089  2.941  0.000
   24 C  -0.0222   1.081  2.942  0.000
   25 C  -0.0251   1.083  2.942  0.000
   26 C  -0.0233   1.082  2.941  0.000
   27 C  -0.0275   1.090  2.937  0.000
   28 C  -0.0215   1.090  2.932  0.000
   29 C  -0.0269   1.085  2.942  0.000
   30 C   0.0236   1.123  2.853  0.000
   31 C   0.0326   1.154  2.813  0.000
   32 N  -0.1587   1.434  3.724  0.000
   33 C  -0.0043   1.132  2.872  0.000
   34 C  -0.0606   1.096  2.965  0.000
   35 C  -0.0544   1.159  2.896  0.000
   36 C  -0.0179   1.132  2.886  0.000
   37 S   0.0747   1.875  3.947  0.103
   38 C   0.0016   1.123  2.875  0.000
   39 C  -0.0103   1.158  2.852  0.000
   40 C   0.0338   1.170  2.796  0.000
   41 C   0.0027   1.145  2.852  0.000
   42 C  -0.0346   1.088  2.947  0.000
   43 C  -0.0365   1.087  2.950  0.000
   44 C   0.0016   1.138  2.860  0.000
   45 C  -0.0385   1.062  2.976  0.000
   46 C  -0.0916   1.023  3.069  0.000
   47 C  -0.0370   1.087  2.950  0.000
   48 C  -0.0373   1.088  2.950  0.000
   49 C   0.0026   1.144  2.853  0.000
   50 C  -0.0357   1.088  2.948  0.000
   51 C  -0.0384   1.088  2.951  0.000
   52 C   0.0008   1.139  2.860  0.000
   53 C  -0.0390   1.063  2.976  0.000
   54 C  -0.0927   1.024  3.069  0.000
   55 C  -0.0362   1.087  2.949  0.000
   56 C  -0.0338   1.088  2.946  0.000
   57 C  -0.0299   1.088  2.942  0.000
   58 C   0.0019   1.122  2.876  0.000
   59 C  -0.0101   1.158  2.852  0.000
   60 C   0.0351   1.171  2.794  0.000
   61 C  -0.0549   1.158  2.897  0.000
   62 C  -0.0262   1.139  2.887  0.000
   63 S   0.0930   1.874  3.921  0.112
   64 C  -0.0028   1.130  2.872  0.000
   65 C   0.0216   1.121  2.857  0.000
   66 C   0.0313   1.155  2.813  0.000
   67 C   0.0320   1.154  2.814  0.000
   68 N  -0.1635   1.439  3.724  0.000
   69 C   0.0543   1.174  2.772  0.000
   70 C   0.0151   1.118  2.867  0.000
   71 C  -0.0280   1.091  2.937  0.000
   72 C  -0.0194   1.081  2.939  0.000
   73 C  -0.0235   1.083  2.940  0.000
   74 C  -0.0219   1.080  2.942  0.000
   75 C  -0.0306   1.090  2.940  0.000
   76 C   0.0528   1.174  2.773  0.000
   77 C   0.0159   1.118  2.866  0.000
   78 C  -0.0284   1.090  2.939  0.000
   79 C  -0.0211   1.080  2.941  0.000
   80 C  -0.0258   1.083  2.942  0.000
   81 C  -0.0233   1.082  2.942  0.000
   82 C  -0.0254   1.089  2.937  0.000
   83 N  -0.1538   1.433  3.721  0.000
   84 C   0.0101   1.116  2.874  0.000
   85 C  -0.0072   1.091  2.916  0.000
   86 C   0.0070   1.134  2.859  0.000
   87 C   0.1639   1.146  2.690  0.000
   88 N  -0.0851   1.239  3.846  0.000
   89 C   0.1219   1.156  2.722  0.000
   90 S   0.0551   1.878  3.979  0.088
   91 S  -0.2844   1.887  4.337  0.060
   92 C   0.0390   1.092  2.869  0.000
   93 C  -0.0813   1.018  3.064  0.000
   94 O  -0.2517   1.597  4.654  0.000
   95 C  -0.0211   1.088  2.933  0.000
   96 C  -0.0326   1.084  2.949  0.000
   97 C  -0.0643   1.090  2.974  0.000
   98 C   0.0013   1.144  2.855  0.000
   99 C  -0.0357   1.088  2.948  0.000
  100 C  -0.0365   1.087  2.950  0.000
  101 C   0.0020   1.138  2.860  0.000
  102 C  -0.0381   1.062  2.976  0.000
  103 C  -0.0916   1.023  3.069  0.000
  104 C  -0.0365   1.087  2.949  0.000
  105 C  -0.0355   1.087  2.948  0.000
  106 C   0.0024   1.145  2.853  0.000
  107 C  -0.0368   1.088  2.949  0.000
  108 C  -0.0366   1.087  2.950  0.000
  109 C   0.0018   1.138  2.860  0.000
  110 C  -0.0383   1.062  2.976  0.000
  111 C  -0.0916   1.023  3.069  0.000
  112 C  -0.0369   1.087  2.950  0.000
  113 C  -0.0352   1.087  2.948  0.000
  114 C  -0.0297   1.088  2.942  0.000
  115 H   0.0480   0.952  0.000  0.000
  116 H   0.0483   0.952  0.000  0.000
  117 H   0.0339   0.966  0.000  0.000
  118 H   0.0315   0.968  0.000  0.000
  119 H   0.0438   0.956  0.000  0.000
  120 H   0.0535   0.946  0.000  0.000
  121 H   0.0344   0.966  0.000  0.000
  122 H   0.0331   0.967  0.000  0.000
  123 H   0.0323   0.968  0.000  0.000
  124 H   0.0324   0.968  0.000  0.000
  125 H   0.0327   0.967  0.000  0.000
  126 H   0.0330   0.967  0.000  0.000
  127 H   0.0325   0.968  0.000  0.000
  128 H   0.0319   0.968  0.000  0.000
  129 H   0.0357   0.964  0.000  0.000
  130 H   0.0359   0.964  0.000  0.000
  131 H   0.0424   0.958  0.000  0.000
  132 H   0.0389   0.961  0.000  0.000
  133 H   0.0527   0.947  0.000  0.000
  134 H   0.0331   0.967  0.000  0.000
  135 H   0.0298   0.970  0.000  0.000
  136 H   0.0326   0.967  0.000  0.000
  137 H   0.0326   0.967  0.000  0.000
  138 H   0.0326   0.967  0.000  0.000
  139 H   0.0292   0.971  0.000  0.000
  140 H   0.0289   0.971  0.000  0.000
  141 H   0.0297   0.970  0.000  0.000
  142 H   0.0319   0.968  0.000  0.000
  143 H   0.0327   0.967  0.000  0.000
  144 H   0.0304   0.970  0.000  0.000
  145 H   0.0332   0.967  0.000  0.000
  146 H   0.0330   0.967  0.000  0.000
  147 H   0.0287   0.971  0.000  0.000
  148 H   0.0298   0.970  0.000  0.000
  149 H   0.0329   0.967  0.000  0.000
  150 H   0.0303   0.970  0.000  0.000
  151 H   0.0332   0.967  0.000  0.000
  152 H   0.0383   0.962  0.000  0.000
  153 H   0.0349   0.965  0.000  0.000
  154 H   0.0331   0.967  0.000  0.000
  155 H   0.0324   0.968  0.000  0.000
  156 H   0.0322   0.968  0.000  0.000
  157 H   0.0331   0.967  0.000  0.000
  158 H   0.0340   0.966  0.000  0.000
  159 H   0.0330   0.967  0.000  0.000
  160 H   0.0319   0.968  0.000  0.000
  161 H   0.0340   0.966  0.000  0.000
  162 H   0.0353   0.965  0.000  0.000
  163 H   0.0484   0.952  0.000  0.000
  164 H   0.0481   0.952  0.000  0.000
  165 H   0.0481   0.952  0.000  0.000
  166 H   0.0438   0.956  0.000  0.000
  167 H   0.0315   0.968  0.000  0.000
  168 H   0.0339   0.966  0.000  0.000
  169 H   0.0393   0.961  0.000  0.000
  170 H   0.0400   0.960  0.000  0.000
  171 H   0.0456   0.954  0.000  0.000
  172 H   0.0325   0.968  0.000  0.000
  173 H   0.0300   0.970  0.000  0.000
  174 H   0.0329   0.967  0.000  0.000
  175 H   0.0329   0.967  0.000  0.000
  176 H   0.0287   0.971  0.000  0.000
  177 H   0.0329   0.967  0.000  0.000
  178 H   0.0288   0.971  0.000  0.000
  179 H   0.0301   0.970  0.000  0.000
  180 H   0.0323   0.968  0.000  0.000
  181 H   0.0321   0.968  0.000  0.000
  182 H   0.0299   0.970  0.000  0.000
  183 H   0.0329   0.967  0.000  0.000
  184 H   0.0327   0.967  0.000  0.000
  185 H   0.0328   0.967  0.000  0.000
  186 H   0.0288   0.971  0.000  0.000
  187 H   0.0289   0.971  0.000  0.000
  188 H   0.0296   0.970  0.000  0.000
  189 H   0.0316   0.968  0.000  0.000
  190 H   0.0381   0.962  0.000  0.000
 
 Wiberg/Mayer (AO) data. WBOs > 0.1 written file <wbo>
 largest (>0.05) Wiberg bond orders for each atom
           total WBO             WBO to atom ...
     1  O   2.119    C    2 1.762    N    3 0.144    C   10 0.069    C    8 0.061
     2  C   3.909    O    1 1.762    C    8 1.033    N    3 1.016
     3  N   3.494    C    4 1.141    C    2 1.016    C    6 0.931    O    1 0.144    S    5 0.143
     4  C   3.920    S    5 1.648    N    3 1.141    S    9 1.066
     5  S   1.995    C    4 1.648    N    3 0.143    S    9 0.132
     6  C   3.925    C    7 1.008    H  116 0.968    H  115 0.963    N    3 0.931
     7  C   3.984    C    6 1.008    H  118 0.985    H  117 0.982    H  119 0.974
     8  C   3.886    C   10 1.617    S    9 1.036    C    2 1.033    O    1 0.061
     9  S   2.453    C    4 1.066    C    8 1.036    S    5 0.132    C   10 0.053
    10  C   3.937    C    8 1.617    C   11 1.151    H  120 0.930    O    1 0.069    S    9 0.053
    11  C   3.925    C   28 1.369    C   12 1.178    C   10 1.151    C   30 0.077
    12  C   3.930    N   13 1.269    C   31 1.214    C   11 1.178    C   21 0.058
    13  N   3.109    C   14 1.476    C   12 1.269    N   32 0.107
    14  C   3.916    N   13 1.476    C   21 1.177    C   15 1.019    C   31 0.059
    15  C   3.957    C   16 1.364    C   20 1.364    C   14 1.019    C   18 0.104
    16  C   3.969    C   17 1.445    C   15 1.364    H  121 0.947    C   19 0.106
    17  C   3.973    C   16 1.445    C   18 1.424    H  122 0.946    C   20 0.107
    18  C   3.967    C   17 1.424    C   19 1.422    H  123 0.947    C   15 0.104
    19  C   3.974    C   20 1.447    C   18 1.422    H  124 0.946    C   16 0.106
    20  C   3.968    C   19 1.447    C   15 1.364    H  125 0.945    C   17 0.107
    21  C   3.919    N   32 1.476    C   14 1.177    C   22 1.016    C   12 0.058
    22  C   3.957    C   23 1.366    C   27 1.363    C   21 1.016    C   25 0.104
    23  C   3.968    C   24 1.445    C   22 1.366    H  126 0.946    C   26 0.106
    24  C   3.973    C   23 1.445    C   25 1.423    H  127 0.946    C   27 0.106
    25  C   3.966    C   26 1.423    C   24 1.423    H  128 0.947    C   22 0.104
    26  C   3.973    C   27 1.445    C   25 1.423    H  129 0.944    C   23 0.106
    27  C   3.968    C   26 1.445    C   22 1.363    H  130 0.944    C   24 0.106
    28  C   3.941    C   29 1.415    C   11 1.369    H  131 0.933
    29  C   3.951    C   28 1.415    C   30 1.379    H  132 0.940
    30  C   3.897    C   29 1.379    C   31 1.178    C   33 1.120    C   11 0.077
    31  C   3.930    N   32 1.271    C   12 1.214    C   30 1.178    C   14 0.059
    32  N   3.123    C   21 1.476    C   31 1.271    N   13 0.107
    33  C   3.908    C   34 1.466    C   30 1.120    S   37 1.091    C   36 0.090
    34  C   3.942    C   33 1.466    C   35 1.322    H  133 0.926    S   37 0.064
    35  C   3.914    C   36 1.406    C   34 1.322    C   40 0.925    S   37 0.067
    36  C   3.904    C   35 1.406    S   37 1.149    C   38 1.108    C   33 0.090
    37  S   2.534    C   36 1.149    C   33 1.091    C   35 0.067    C   34 0.064
    38  C   3.924    C  114 1.328    C   39 1.261    C   36 1.108    C   58 0.077
    39  C   3.924    C   57 1.461    C   38 1.261    C   40 0.924    C   59 0.089
    40  C   3.922    C   35 0.925    C   39 0.924    C   49 0.924    C   41 0.917
    41  C   3.944    C   48 1.400    C   42 1.385    C   40 0.917    C   44 0.107
    42  C   3.970    C   43 1.446    C   41 1.385    H  134 0.944    C   47 0.108
    43  C   3.971    C   42 1.446    C   44 1.385    H  135 0.945    C   48 0.106
    44  C   3.949    C   47 1.397    C   43 1.385    C   45 0.982    C   41 0.107
    45  C   3.974    C   46 0.990    C   44 0.982    H  136 0.967    H  137 0.967
    46  C   3.983    C   45 0.990    H  140 0.984    H  139 0.984    H  138 0.980
    47  C   3.972    C   48 1.431    C   44 1.397    H  141 0.945    C   42 0.108
    48  C   3.971    C   47 1.431    C   41 1.400    H  142 0.943    C   43 0.106
    49  C   3.945    C   56 1.397    C   50 1.388    C   40 0.924    C   52 0.107
    50  C   3.970    C   51 1.441    C   49 1.388    H  143 0.944    C   55 0.108
    51  C   3.971    C   50 1.441    C   52 1.387    H  144 0.944    C   56 0.107
    52  C   3.950    C   55 1.394    C   51 1.387    C   53 0.982    C   49 0.107
    53  C   3.973    C   54 0.990    C   52 0.982    H  145 0.967    H  146 0.966
    54  C   3.983    C   53 0.990    H  147 0.984    H  148 0.984    H  149 0.980
    55  C   3.972    C   56 1.433    C   52 1.394    H  150 0.945    C   50 0.108
    56  C   3.970    C   55 1.433    C   49 1.397    H  151 0.944    C   51 0.107
    57  C   3.955    C   39 1.461    C   58 1.324    H  152 0.940    C  114 0.075
    58  C   3.924    C   57 1.324    C   59 1.264    C   62 1.109    C   38 0.077
    59  C   3.924    C  114 1.457    C   58 1.264    C   60 0.922    C   39 0.089
    60  C   3.921    C   98 0.924    C   61 0.923    C   59 0.922    C  106 0.920
    61  C   3.914    C   62 1.404    C   97 1.329    C   60 0.923    S   63 0.066
    62  C   3.900    C   61 1.404    S   63 1.141    C   58 1.109    C   64 0.088
    63  S   2.573    C   62 1.141    C   64 1.107    C   97 0.066    C   61 0.066
    64  C   3.910    C   97 1.453    C   65 1.123    S   63 1.107    C   62 0.088
    65  C   3.929    C   96 1.371    C   66 1.191    C   64 1.123    C   84 0.078
    66  C   3.929    N   83 1.266    C   67 1.203    C   65 1.191    C   69 0.056
    67  C   3.932    N   68 1.261    C   66 1.203    C   84 1.193    C   76 0.054    C   96 0.052
    68  N   3.121    C   69 1.485    C   67 1.261    N   83 0.098
    69  C   3.918    N   68 1.485    C   76 1.145    C   70 1.031    C   66 0.056
    70  C   3.957    C   71 1.360    C   75 1.356    C   69 1.031    C   73 0.102
    71  C   3.968    C   72 1.445    C   70 1.360    H  153 0.938    C   74 0.105
    72  C   3.973    C   71 1.445    C   73 1.424    H  154 0.946    C   75 0.106
    73  C   3.964    C   72 1.424    C   74 1.420    H  155 0.947    C   70 0.102
    74  C   3.974    C   75 1.451    C   73 1.420    H  156 0.946    C   71 0.105
    75  C   3.967    C   74 1.451    C   70 1.356    H  157 0.945    C   72 0.106
    76  C   3.911    N   83 1.486    C   69 1.145    C   77 1.028    C   67 0.054
    77  C   3.957    C   82 1.361    C   78 1.358    C   76 1.028    C   80 0.102
    78  C   3.967    C   79 1.449    C   77 1.358    H  158 0.945    C   81 0.106
    79  C   3.973    C   78 1.449    C   80 1.421    H  159 0.946    C   82 0.105
    80  C   3.965    C   81 1.424    C   79 1.421    H  160 0.947    C   77 0.102
    81  C   3.972    C   82 1.445    C   80 1.424    H  161 0.944    C   78 0.106
    82  C   3.968    C   81 1.445    C   77 1.361    H  162 0.942    C   79 0.105
    83  N   3.142    C   76 1.486    C   66 1.266    N   68 0.098
    84  C   3.924    C   95 1.373    C   67 1.193    C   85 1.128    C   65 0.078
    85  C   3.938    C   86 1.638    C   84 1.128    H  163 0.930    O   94 0.070    S   90 0.054
    86  C   3.920    C   85 1.638    S   90 1.036    C   87 1.026    O   94 0.060    C   95 0.052
    87  C   3.909    O   94 1.762    C   86 1.026    N   88 1.023
    88  N   3.496    C   89 1.136    C   87 1.023    C   92 0.931    O   94 0.145    S   91 0.141
    89  C   3.920    S   91 1.648    N   88 1.136    S   90 1.071
    90  S   2.472    C   89 1.071    C   86 1.036    S   91 0.133    C   85 0.054
    91  S   1.995    C   89 1.648    N   88 0.141    S   90 0.133
    92  C   3.925    C   93 1.008    H  165 0.968    H  164 0.963    N   88 0.931
    93  C   3.984    C   92 1.008    H  167 0.985    H  168 0.982    H  166 0.974
    94  O   2.131    C   87 1.762    N   88 0.145    C   85 0.070    C   86 0.060
    95  C   3.954    C   96 1.417    C   84 1.373    H  169 0.941    C   86 0.052
    96  C   3.950    C   95 1.417    C   65 1.371    H  170 0.942    C   67 0.052
    97  C   3.939    C   64 1.453    C   61 1.329    H  171 0.939    S   63 0.066
    98  C   3.945    C  105 1.396    C   99 1.388    C   60 0.924    C  101 0.107
    99  C   3.970    C  100 1.441    C   98 1.388    H  172 0.944    C  104 0.108
   100  C   3.971    C   99 1.441    C  101 1.388    H  173 0.945    C  105 0.107
   101  C   3.950    C  104 1.394    C  100 1.388    C  102 0.982    C   98 0.107
   102  C   3.974    C  103 0.990    C  101 0.982    H  174 0.967    H  175 0.967
   103  C   3.983    C  102 0.990    H  176 0.984    H  178 0.984    H  177 0.980
   104  C   3.972    C  105 1.435    C  101 1.394    H  179 0.945    C   99 0.108
   105  C   3.971    C  104 1.435    C   98 1.396    H  180 0.944    C  100 0.107
   106  C   3.945    C  107 1.398    C  113 1.386    C   60 0.920    C  109 0.107
   107  C   3.971    C  108 1.432    C  106 1.398    H  181 0.943    C  112 0.106
   108  C   3.972    C  107 1.432    C  109 1.396    H  182 0.945    C  113 0.108
   109  C   3.949    C  108 1.396    C  112 1.386    C  110 0.982    C  106 0.107
   110  C   3.974    C  111 0.990    C  109 0.982    H  184 0.967    H  183 0.967
   111  C   3.983    C  110 0.990    H  186 0.984    H  187 0.984    H  185 0.980
   112  C   3.971    C  113 1.444    C  109 1.386    H  188 0.945    C  107 0.106
   113  C   3.970    C  112 1.444    C  106 1.386    H  189 0.945    C  108 0.108
   114  C   3.955    C   59 1.457    C   38 1.328    H  190 0.941    C   57 0.075
   115  H   0.996    C    6 0.963
   116  H   0.997    C    6 0.968
   117  H   0.999    C    7 0.982
   118  H   0.999    C    7 0.985
   119  H   0.997    C    7 0.974
   120  H   0.993    C   10 0.930
   121  H   0.998    C   16 0.947
   122  H   0.996    C   17 0.946
   123  H   0.996    C   18 0.947
   124  H   0.997    C   19 0.946
   125  H   0.998    C   20 0.945
   126  H   0.998    C   23 0.946
   127  H   0.997    C   24 0.946
   128  H   0.996    C   25 0.947
   129  H   0.996    C   26 0.944
   130  H   0.998    C   27 0.944
   131  H   0.994    C   28 0.933
   132  H   0.995    C   29 0.940
   133  H   0.995    C   34 0.926
   134  H   0.997    C   42 0.944
   135  H   0.997    C   43 0.945
   136  H   0.998    C   45 0.967
   137  H   0.998    C   45 0.967
   138  H   0.997    C   46 0.980
   139  H   0.999    C   46 0.984
   140  H   0.999    C   46 0.984
   141  H   0.997    C   47 0.945
   142  H   0.997    C   48 0.943
   143  H   0.997    C   50 0.944
   144  H   0.997    C   51 0.944
   145  H   0.998    C   53 0.967
   146  H   0.998    C   53 0.966
   147  H   0.999    C   54 0.984
   148  H   0.999    C   54 0.984
   149  H   0.997    C   54 0.980
   150  H   0.997    C   55 0.945
   151  H   0.997    C   56 0.944
   152  H   0.994    C   57 0.940
   153  H   0.998    C   71 0.938
   154  H   0.996    C   72 0.946
   155  H   0.996    C   73 0.947
   156  H   0.997    C   74 0.946
   157  H   0.998    C   75 0.945
   158  H   0.998    C   78 0.945
   159  H   0.997    C   79 0.946
   160  H   0.996    C   80 0.947
   161  H   0.996    C   81 0.944
   162  H   0.998    C   82 0.942
   163  H   0.993    C   85 0.930
   164  H   0.996    C   92 0.963
   165  H   0.997    C   92 0.968
   166  H   0.997    C   93 0.974
   167  H   0.999    C   93 0.985
   168  H   0.999    C   93 0.982
   169  H   0.995    C   95 0.941
   170  H   0.995    C   96 0.942
   171  H   0.996    C   97 0.939
   172  H   0.997    C   99 0.944
   173  H   0.997    C  100 0.945
   174  H   0.998    C  102 0.967
   175  H   0.998    C  102 0.967
   176  H   0.999    C  103 0.984
   177  H   0.997    C  103 0.980
   178  H   0.999    C  103 0.984
   179  H   0.997    C  104 0.945
   180  H   0.997    C  105 0.944
   181  H   0.997    C  107 0.943
   182  H   0.997    C  108 0.945
   183  H   0.998    C  110 0.967
   184  H   0.998    C  110 0.967
   185  H   0.997    C  111 0.980
   186  H   0.999    C  111 0.984
   187  H   0.999    C  111 0.984
   188  H   0.997    C  112 0.945
   189  H   0.997    C  113 0.945
   190  H   0.994    C  114 0.941
 
 --------------------------------------------
          xTB calculation for sTDA...
 --------------------------------------------
 
 reading parameter file /ihome/ghutchison/blp62/xtb4stda/.param_stda2.xtb
 
      method parameters     
 k(s)        :  1.6000
 k(p)        :  2.1800
 k(d)        :  1.9500
 k(f)        :  2.0000
 k(R-V)      :  2.2750
 k(R-R)      :  1.7650
 Tscal       :  0.2580
 Gscal       :  1.0000
 fpol        :  1.0000
 Zcnf        :  0.3430
 Zqf         :  0.0000
 kcn         :  2.7000
 Ryd Hsplit  :  0.7000
 lshift(virt):  3.1000
 lshift(OS)  :  0.2000
 wllscaling  :  2.6000
 
 mowrcut     : 3.000
 
  Z AO/shell   Hii/eV     exponent
  1     Sun Feb 14 09:53:25 CET 2016    EN: 2.327 GAM: 0.473  GM3: 0.0000
     1s    -14.339618    1.220000
     2sp    -3.348946    0.600000
  6     Sun Feb 14 09:53:25 CET 2016    EN: 2.731 GAM: 0.422  GM3: 0.0000
     2s    -22.009312    1.565095
     2p    -13.020408    1.596905
     3sp    -3.914040    0.824500
  7     Sun Feb 14 09:53:25 CET 2016    EN: 3.573 GAM: 0.504  GM3: 0.0000
     2s    -25.722000    2.064844
     2p    -18.684912    1.801692
     3sp    -4.344791    0.921400
  8     Sun Feb 14 09:53:25 CET 2016    EN: 3.700 GAM: 0.587  GM3: 0.0000
     2s    -33.859000    2.418661
     2p    -22.175911    1.973969
     3sp    -4.259392    1.013700
 16     Sun Feb 21 16:35:57 CET 2016    EN: 1.915 GAM: 0.200  GM3: 0.0000
     3s    -17.898811    2.619580
     3p    -15.317401    1.798798
     4sp    -4.455139    0.843200
 
 Nbf   :         1292
 T(el) :     0.0
 calculating S/T integrals ...
 cpu time for ints    1.79328000000000     
 Nao   :         1292
 making H0...
 making H1...
 cpu time for H      5.889300000000031E-002
 solving ...
 cpu time for diag   0.544101000000000     
 
 gap (eV)           :   4.912
 Koopmans IP (eV)   :  13.697
 Eel (Eh)           :  -474.696577

          eigenvalues
 #    :         265        266        267        268        269        270        271        272
 occ. :        2.000      2.000      2.000      2.000      2.000      2.000      2.000      2.000
 eps  :       -15.749    -15.682    -15.646    -15.639    -15.597    -15.535    -15.459    -15.153
 #    :         273        274        275        276        277        278        279        280
 occ. :        2.000      2.000      2.000      2.000      2.000      0.000      0.000      0.000
 eps  :       -14.851    -14.703    -14.647    -14.309    -13.698     -8.786     -8.584     -7.544
 #    :         281        282        283        284        285        286        287        288
 occ. :        0.000      0.000      0.000      0.000      0.000      0.000      0.000      0.000
 eps  :        -7.452     -7.298     -7.262     -7.200     -6.367     -6.143     -6.046     -6.026
                            1  SCC done.
 writing mo output ...
 molden style : F
 
speedup  1.00
cpu  time for all    2.95 s
wall time for all    2.95 s
