 
        ______________________________________
       |                                      |
       |          ===================         |
       |             xTB for sTDA             |
       |          ===================         |
       |               S. Grimme              |
       |        Universitaet Bonn, MCTC       |
       |         2015-19, Version 1.0         |
       |     Wed Apr  3 09:14:55 CEST 2019    |
       |______________________________________|
 
        This code comes without any warranty
        for non-commercial, academia use only.
        Preliminary test version.
        Cite this work as:
        S. Grimme  &  C. Bannwarth, JCP 145 (2016) 054103
        if GBSA is used additionally:
        P. Shushkov, F. März, C. Bannwarth, S. Grimme, unpublished.
 
        with help from
        P. Shushkov, G. Brandenburg, S. Dohm, J. Pisarek,
        F. März, M. Checinski, S. Ehrlich, S. Spicher, 
        P. Pracht, E. Caldeweyher, S. Ehlert, and C. Bannwarth.
 
        usage        :
        xtb4stda <coord_file> [options]
        where <coord_file> is a valid file of TM)
        (*coord, Bohr) or xmol (*xyz, Angstroem)
        format.

        options:
        -chrg <int>   : molecular charge
        -uhf  <int>   : # of unpaired electrons(=2*S)
        -nox          : skip second, extended part in sTDA-xTB
        -pop          : do population analysis
                      : (default for -nox)
        -mowr <real>  : cut MO write above (def.3 Eh)
        -molden       : write formatted molden file
        -parx <file>  : read parameters for sTDA-xTB
                        calc (def:~/.param_stda2.xtb)
        -parv <file>  : read parameters for vTB part in
                        sTDA-xTB (def: ~/.param_stda1.xtb)
        -xtemp <real> : el. temp for xTB (def. 0 K)
        -etemp <real> : el. temp for GFN (def. 300 K)
        -fod          : calculate the FOD and write
                        molden.input file with
                        appropriate occupations
                        for plotting. Def. T=12500 K
 
        -acc <real>   : xTB accuracy (def. 1.0)
        -gbsa [string1] [string2]
                        use GBSA implicit solvent
                        for solvent [string1] and
                        solvation state [string2]=
                        reference, bar1M (default=1M)
        additional GFN/opt/MD/siman options read from
        $XTB4STDAHOME/.xtb4stdarc or $set in input
 
       spin and charge state information can be on:
       <.CHRG> (charge) and <.UHF> (=nalpha-nbeta)
       -uhf and -chrg override the file info.
       useful machine settings:
       setenv MKL_NUM_THREADS <NCORE_ON_YOUR_MACHINE>
       setenv OMP_STACKSIZE 500m
       limit stacksize unlimited
 
       total energies in Eh, gaps/HL energies in eV
       please read REVISION and HOWTO files carefully
 =============================
  # OMP threads =           1
 =============================
 
 xtb4stdahome directory:/ihome/ghutchison/blp62/xtb4stda/
 
 
 name of molecule           :
 comment line               :
 number of atoms            :    78
 number of electrons        :   288
 charge                     :  0
 spin                       : 0.0
 first test random number   :  0.4673
 
 -----------------------------------------
      charge density (VTB) calculation
 -----------------------------------------
 
      method parameters     
 k(s)        :  1.8000
 k(p)        :  2.8350
 k(d)        :  2.0860
 k(f)        :  2.0000
 Tscal       :  0.3300
 Gscal       :  0.3910
 fpol        :  1.0000
 Zcnf        :  0.6500
 Zqf         :  0.0000
 kcn         :  0.3000
 kEN1        : -0.5900
 wllscal     :  2.6000
 
     -------------------------
     ! NO SOLVENT MODEL USED !
     -------------------------
 
 doing EN charges ...
 sum q : -0.1332268D-14
 point charge moment (au)
     X       Y       Z   
   0.0198  -0.0127   0.0193  total (Debye):    0.077
 
            Z      q(EN)   CN      Cart. coordinates
     1  C   4.0  -0.095   3.418    -1.48495     1.97401     1.01573
     2  C   4.0  -0.094   3.417    -0.62871     0.42708    -0.96206
     3  S   6.0   0.224   2.416    -2.21986    -2.45268    -1.17522
     4  C   4.0  -0.092   3.415    -4.04817    -1.59550     1.41333
     5  C   4.0   0.077   3.682    -3.44062     0.82770     2.36802
     6  C   4.0  -0.093   3.400    -5.97437    -2.55321     2.92851
     7  C   4.0   0.075   3.654    -6.48743    -0.65668     4.76835
     8  N   5.0  -0.298   3.260    -4.90989     1.37081     4.41516
     9  S   6.0   0.225   2.615    -7.82838    -5.19467     3.30778
    10  C   4.0  -0.080   3.200    -9.31351    -3.76622     5.93298
    11  C   4.0  -0.076   3.319    -8.36903    -1.34492     6.43792
    12  C   4.0  -0.073   3.197   -11.21023    -4.83165     7.43645
    13  C   4.0  -0.003   3.276   -12.34785    -7.16452     7.33951
    14  C   4.0   0.104   3.238   -11.77791    -9.16838     5.51592
    15  C   4.0  -0.006   3.353   -13.40005   -11.33080     6.22098
    16  C   4.0  -0.006   3.350   -14.88065   -10.67015     8.32349
    17  C   4.0  -0.008   3.323   -14.27953    -8.06970     9.05538
    18  O   6.0  -0.121   1.209   -10.28559    -9.10772     3.76811
    19  C   4.0  -0.037   3.119   -15.38842    -6.78487    11.01332
    20  C   4.0   0.236   2.164   -17.26832    -7.81269    12.60183
    21  C   4.0   0.235   2.161   -14.85003    -4.27721    11.74011
    22  N   5.0  -0.215   1.026   -18.79805    -8.53041    13.96148
    23  N   5.0  -0.214   1.026   -14.53029    -2.25199    12.45462
    24  C   4.0  -0.067   3.178   -13.54348   -13.68143     5.09924
    25  C   4.0   0.024   3.178   -15.21966   -15.41355     6.12290
    26  C   4.0   0.024   3.180   -16.69819   -14.77747     8.21048
    27  C   4.0  -0.068   3.186   -16.55381   -12.41323     9.33449
    28  S   6.0   0.224   2.416     0.14078     4.83090     1.26385
    29  C   4.0  -0.092   3.415     2.00840     3.94934    -1.28785
    30  C   4.0   0.077   3.681     1.35796     1.55449    -2.28506
    31  C   4.0  -0.093   3.400     4.03268     4.84601    -2.70930
    32  C   4.0   0.075   3.655     4.54422     2.95289    -4.55254
    33  N   5.0  -0.298   3.259     2.87390     0.98587    -4.29081
    34  S   6.0   0.225   2.616     6.06621     7.37163    -2.91566
    35  C   4.0  -0.080   3.200     7.62448     5.89840    -5.47321
    36  C   4.0  -0.076   3.319     6.55262     3.56024    -6.10136
    37  C   4.0  -0.073   3.197     9.72302     6.83363    -6.78223
    38  C   4.0  -0.003   3.276    11.10403     9.00813    -6.44945
    39  C   4.0   0.104   3.238    10.62385    10.95361    -4.53912
    40  C   4.0  -0.006   3.353    12.62167    12.87565    -4.88267
    41  C   4.0  -0.006   3.350    14.20318    12.15094    -6.88805
    42  C   4.0  -0.008   3.323    13.29819     9.74418    -7.91209
    43  O   6.0  -0.121   1.210     8.94010    11.01540    -2.97500
    44  C   4.0  -0.037   3.119    14.38384     8.47126    -9.89083
    45  C   4.0   0.235   2.161    13.55104     6.14879   -10.90013
    46  C   4.0   0.236   2.164    16.53283     9.32618   -11.21949
    47  N   5.0  -0.214   1.026    13.00547     4.26549   -11.83214
    48  N   5.0  -0.215   1.026    18.27100     9.90878   -12.37827
    49  C   4.0  -0.067   3.178    13.00547    15.07245    -3.52925
    50  C   4.0   0.024   3.178    15.03560    16.57875    -4.21239
    51  C   4.0   0.024   3.180    16.61731    15.87729    -6.20114
    52  C   4.0  -0.068   3.186    16.22878    13.66933    -7.56042
    53  C   4.0  -0.094   4.073     2.89506    -1.36136    -5.67334
    54  C   4.0  -0.240   4.024     4.71430    -3.26526    -4.49641
    55  C   4.0  -0.094   4.073    -4.95429     3.73353     5.77028
    56  C   4.0  -0.239   4.024    -6.75312     5.62345     4.53988
    57  F   7.0  -0.026   1.067    18.56429    17.36583    -6.82002
    58  F   7.0  -0.026   1.065    15.48423    18.72492    -2.95194
    59  F   7.0  -0.026   1.067   -18.29916   -16.48654     9.16215
    60  F   7.0  -0.026   1.065   -15.42092   -17.71807     5.10075
    61  H   1.0   0.079   1.004    -9.07125    -0.21203     7.97143
    62  H   1.0   0.076   1.013   -11.83611    -3.57820     8.92877
    63  H   1.0   0.076   1.005   -12.39566   -14.16312     3.48617
    64  H   1.0   0.077   1.007   -17.73735   -12.02111    10.94416
    65  H   1.0   0.079   1.004     7.27507     2.41450    -7.61578
    66  H   1.0   0.076   1.013    10.33869     5.58849    -8.28550
    67  H   1.0   0.076   1.005    11.77677    15.60460    -1.99328
    68  H   1.0   0.077   1.007    17.50793    13.21674    -9.07843
    69  H   1.0   0.082   1.003     3.44592    -0.95488    -7.62183
    70  H   1.0   0.082   1.005     0.97510    -2.12254    -5.66823
    71  H   1.0   0.082   0.999     4.15286    -3.68686    -2.56549
    72  H   1.0   0.082   0.999     6.62651    -2.51371    -4.47903
    73  H   1.0   0.082   0.999     4.69824    -5.00777    -5.57979
    74  H   1.0   0.082   1.003    -5.53879     3.34689     7.71254
    75  H   1.0   0.082   1.005    -3.03490     4.49793     5.79069
    76  H   1.0   0.082   0.999    -8.66572     4.87285     4.50019
    77  H   1.0   0.082   1.000    -6.15918     6.02104     2.61349
    78  H   1.0   0.082   0.999    -6.75331     7.37938     5.60153
 
  Z AO/shell   Hii/eV     exponent
  1     Sat Feb 20 21:38:01 CET 2016    EN: 2.327 GAM: 0.473  GM3: 0.0000
     1s    -13.751157    1.051071
  6     Sat Feb 20 21:38:01 CET 2016    EN: 2.731 GAM: 0.422  GM3: 0.0000
     2s    -19.378245    2.021003
     2p    -11.993376    1.497917
  7     Sat Feb 20 21:38:01 CET 2016    EN: 3.573 GAM: 0.504  GM3: 0.0000
     2s    -21.576984    2.275442
     2p    -16.125120    2.056788
  8     Sat Feb 20 21:38:01 CET 2016    EN: 3.700 GAM: 0.587  GM3: 0.0000
     2s    -21.648843    2.110798
     2p    -17.239740    2.329048
  9     Sat Feb 20 21:51:24 CET 2016    EN: 3.394 GAM: 0.669  GM3: 0.0000
     2s    -19.384211    2.614957
     2p    -19.426034    2.777297
 16     Sat Feb 20 23:13:41 CET 2016    EN: 1.915 GAM: 0.389  GM3: 0.0000
     3s    -22.000000    2.671470
     3p    -15.834192    1.836978
     3d     -2.593599    1.836978
 
 dipole moment of classical point charges (au)
     X       Y       Z   
   0.0198  -0.0127   0.0193  total (Debye):    0.077

 
 Nbf   :          282
 T(el) :   300.0
 calculating S/T integrals ...
 cpu time for ints   3.860500000000000E-002
 Nao   :          278
 making H0...
 making H1...
 cpu time for H      5.336000000000000E-003
 solving ...
 cpu time for diag   1.289100000000000E-002
 
 gap (eV)           :   1.928
 Koopmans IP (eV)   :  11.896
 Eel (Eh)           :  -226.915849
 T,E(Fermi),NFOD :    300.000   -10.932  0.000000
 T,E(Fermi),NFOD :    300.000   -10.932  0.000000
 Nfod               :  0.0000
 Nfod/Nel           :  0.0000

          eigenvalues
 #    :         132        133        134        135        136        137        138        139
 occ. :        2.000      2.000      2.000      2.000      2.000      2.000      2.000      2.000
 eps  :       -15.622    -15.619    -15.609    -15.525    -15.222    -15.074    -14.610    -14.500
 #    :         140        141        142        143        144        145        146        147
 occ. :        2.000      2.000      2.000      2.000      2.000      0.000      0.000      0.000
 eps  :       -14.402    -13.727    -13.164    -13.151    -11.897     -9.969     -9.585     -9.531
 #    :         148        149        150        151        152        153        154        155
 occ. :        0.000      0.000      0.000      0.000      0.000      0.000      0.000      0.000
 eps  :        -9.222     -9.125     -8.180     -8.045     -7.806     -7.192     -6.947     -6.822
                            1  SCC done.
 making H1...
 cpu time for H      1.606299999999999E-002
 solving ...
 cpu time for diag   8.926999999999990E-003
 
 gap (eV)           :   2.066
 Koopmans IP (eV)   :  12.256
 Eel (Eh)           :  -227.127231
 T,E(Fermi),NFOD :    300.000   -11.223  0.000000
 T,E(Fermi),NFOD :    300.000   -11.223  0.000000
 Nfod               :  0.0000
 Nfod/Nel           :  0.0000

          eigenvalues
 #    :         132        133        134        135        136        137        138        139
 occ. :        2.000      2.000      2.000      2.000      2.000      2.000      2.000      2.000
 eps  :       -15.789    -15.550    -15.437    -15.206    -14.952    -14.510    -14.360    -14.294
 #    :         140        141        142        143        144        145        146        147
 occ. :        2.000      2.000      2.000      2.000      2.000      0.000      0.000      0.000
 eps  :       -14.289    -14.022    -13.422    -13.406    -12.258    -10.191     -9.657     -9.538
 #    :         148        149        150        151        152        153        154        155
 occ. :        0.000      0.000      0.000      0.000      0.000      0.000      0.000      0.000
 eps  :        -9.406     -9.237     -8.328     -8.097     -7.890     -7.552     -7.036     -6.915
                            2  SCC done.
 
 
 Mulliken/CM5 charges    n(s)   n(p)   n(d)   
    1 C  -0.0479 -0.0301   1.162  2.886  0.000
    2 C  -0.0479 -0.0300   1.162  2.886  0.000
    3 S   0.1196  0.0871   1.892  3.934  0.054
    4 C  -0.0502 -0.0287   1.161  2.889  0.000
    5 C   0.0003  0.0714   1.175  2.825  0.000
    6 C  -0.0536 -0.0319   1.183  2.871  0.000
    7 C  -0.0001  0.0659   1.175  2.825  0.000
    8 N  -0.0701 -0.3302   1.254  3.816  0.000
    9 S   0.1352  0.1065   1.894  3.905  0.065
   10 C  -0.0063 -0.0006   1.159  2.847  0.000
   11 C  -0.0547 -0.1011   1.145  2.910  0.000
   12 C   0.0002 -0.0476   1.151  2.849  0.000
   13 C  -0.0298 -0.0317   1.168  2.862  0.000
   14 C   0.1379  0.1735   1.172  2.690  0.000
   15 C  -0.0207 -0.0224   1.183  2.838  0.000
   16 C  -0.0048 -0.0079   1.168  2.837  0.000
   17 C   0.0185  0.0179   1.195  2.786  0.000
   18 O  -0.2172 -0.2633   1.620  4.597  0.000
   19 C   0.0024  0.0087   1.114  2.884  0.000
   20 C   0.0958  0.2149   1.171  2.733  0.000
   21 C   0.0999  0.2175   1.172  2.728  0.000
   22 N  -0.2102 -0.3404   1.642  3.569  0.000
   23 N  -0.2177 -0.3483   1.642  3.576  0.000
   24 C  -0.0077 -0.0550   1.138  2.870  0.000
   25 C   0.1066  0.1233   1.162  2.731  0.000
   26 C   0.1073  0.1239   1.161  2.732  0.000
   27 C  -0.0186 -0.0659   1.140  2.878  0.000
   28 S   0.1197  0.0873   1.892  3.934  0.054
   29 C  -0.0502 -0.0286   1.161  2.889  0.000
   30 C   0.0005  0.0716   1.175  2.825  0.000
   31 C  -0.0536 -0.0319   1.183  2.871  0.000
   32 C  -0.0002  0.0657   1.175  2.825  0.000
   33 N  -0.0703 -0.3303   1.255  3.816  0.000
   34 S   0.1351  0.1064   1.894  3.905  0.066
   35 C  -0.0064 -0.0007   1.159  2.847  0.000
   36 C  -0.0546 -0.1009   1.145  2.909  0.000
   37 C   0.0002 -0.0475   1.151  2.849  0.000
   38 C  -0.0299 -0.0317   1.168  2.862  0.000
   39 C   0.1379  0.1735   1.172  2.690  0.000
   40 C  -0.0207 -0.0224   1.182  2.838  0.000
   41 C  -0.0048 -0.0079   1.168  2.837  0.000
   42 C   0.0185  0.0179   1.195  2.786  0.000
   43 O  -0.2172 -0.2633   1.620  4.597  0.000
   44 C   0.0024  0.0086   1.114  2.884  0.000
   45 C   0.1001  0.2177   1.172  2.728  0.000
   46 C   0.0958  0.2150   1.171  2.733  0.000
   47 N  -0.2178 -0.3484   1.642  3.576  0.000
   48 N  -0.2103 -0.3405   1.641  3.569  0.000
   49 C  -0.0077 -0.0550   1.138  2.870  0.000
   50 C   0.1066  0.1233   1.162  2.731  0.000
   51 C   0.1073  0.1239   1.161  2.732  0.000
   52 C  -0.0186 -0.0659   1.140  2.878  0.000
   53 C   0.0392 -0.0078   1.143  2.817  0.000
   54 C  -0.0808 -0.2272   1.093  2.988  0.000
   55 C   0.0393 -0.0077   1.143  2.817  0.000
   56 C  -0.0807 -0.2271   1.093  2.988  0.000
   57 F  -0.1131 -0.1364   1.675  5.438  0.000
   58 F  -0.1160 -0.1390   1.676  5.440  0.000
   59 F  -0.1131 -0.1364   1.675  5.438  0.000
   60 F  -0.1160 -0.1390   1.676  5.440  0.000
   61 H   0.0628  0.1218   0.937  0.000  0.000
   62 H   0.0616  0.1300   0.938  0.000  0.000
   63 H   0.0595  0.1190   0.941  0.000  0.000
   64 H   0.0614  0.1265   0.939  0.000  0.000
   65 H   0.0628  0.1219   0.937  0.000  0.000
   66 H   0.0616  0.1300   0.938  0.000  0.000
   67 H   0.0594  0.1190   0.941  0.000  0.000
   68 H   0.0614  0.1265   0.939  0.000  0.000
   69 H   0.0525  0.1185   0.948  0.000  0.000
   70 H   0.0513  0.1188   0.949  0.000  0.000
   71 H   0.0311  0.0861   0.969  0.000  0.000
   72 H   0.0321  0.0869   0.968  0.000  0.000
   73 H   0.0447  0.0970   0.955  0.000  0.000
   74 H   0.0527  0.1188   0.947  0.000  0.000
   75 H   0.0511  0.1185   0.949  0.000  0.000
   76 H   0.0320  0.0867   0.968  0.000  0.000
   77 H   0.0310  0.0862   0.969  0.000  0.000
   78 H   0.0447  0.0970   0.955  0.000  0.000
 Hirshfeld charges for QMDFF written to <charges>
 
 Loewdin charges    n(s)   n(p)   n(d)
    1 C  -0.0279   1.119  2.908  0.000
    2 C  -0.0279   1.119  2.908  0.000
    3 S   0.0796   1.879  3.934  0.108
    4 C  -0.0325   1.118  2.914  0.000
    5 C  -0.0107   1.144  2.867  0.000
    6 C  -0.0323   1.139  2.894  0.000
    7 C  -0.0086   1.143  2.866  0.000
    8 N  -0.0276   1.213  3.815  0.000
    9 S   0.0908   1.881  3.906  0.123
   10 C   0.0157   1.114  2.870  0.000
   11 C  -0.0515   1.094  2.957  0.000
   12 C   0.0067   1.098  2.896  0.000
   13 C  -0.0386   1.130  2.908  0.000
   14 C   0.1288   1.138  2.733  0.000
   15 C  -0.0226   1.142  2.881  0.000
   16 C  -0.0013   1.125  2.876  0.000
   17 C   0.0296   1.151  2.819  0.000
   18 O  -0.1982   1.589  4.610  0.000
   19 C  -0.0097   1.073  2.937  0.000
   20 C   0.0899   1.137  2.773  0.000
   21 C   0.0943   1.138  2.768  0.000
   22 N  -0.1994   1.603  3.596  0.000
   23 N  -0.2067   1.604  3.603  0.000
   24 C  -0.0052   1.085  2.921  0.000
   25 C   0.0949   1.128  2.777  0.000
   26 C   0.0962   1.127  2.777  0.000
   27 C  -0.0180   1.088  2.930  0.000
   28 S   0.0797   1.879  3.934  0.108
   29 C  -0.0325   1.118  2.914  0.000
   30 C  -0.0105   1.144  2.867  0.000
   31 C  -0.0323   1.139  2.893  0.000
   32 C  -0.0087   1.143  2.866  0.000
   33 N  -0.0278   1.213  3.815  0.000
   34 S   0.0906   1.881  3.906  0.123
   35 C   0.0156   1.114  2.870  0.000
   36 C  -0.0514   1.094  2.957  0.000
   37 C   0.0067   1.098  2.896  0.000
   38 C  -0.0386   1.130  2.908  0.000
   39 C   0.1288   1.138  2.733  0.000
   40 C  -0.0226   1.142  2.881  0.000
   41 C  -0.0013   1.125  2.876  0.000
   42 C   0.0295   1.151  2.819  0.000
   43 O  -0.1982   1.589  4.610  0.000
   44 C  -0.0098   1.073  2.937  0.000
   45 C   0.0945   1.137  2.768  0.000
   46 C   0.0899   1.137  2.773  0.000
   47 N  -0.2067   1.604  3.603  0.000
   48 N  -0.1995   1.603  3.596  0.000
   49 C  -0.0052   1.085  2.921  0.000
   50 C   0.0949   1.128  2.777  0.000
   51 C   0.0962   1.127  2.777  0.000
   52 C  -0.0181   1.088  2.930  0.000
   53 C   0.0413   1.086  2.873  0.000
   54 C  -0.0827   1.019  3.063  0.000
   55 C   0.0413   1.086  2.873  0.000
   56 C  -0.0826   1.020  3.063  0.000
   57 F  -0.0955   1.658  5.438  0.000
   58 F  -0.0982   1.659  5.439  0.000
   59 F  -0.0955   1.658  5.438  0.000
   60 F  -0.0982   1.659  5.439  0.000
   61 H   0.0532   0.947  0.000  0.000
   62 H   0.0516   0.948  0.000  0.000
   63 H   0.0481   0.952  0.000  0.000
   64 H   0.0500   0.950  0.000  0.000
   65 H   0.0532   0.947  0.000  0.000
   66 H   0.0516   0.948  0.000  0.000
   67 H   0.0481   0.952  0.000  0.000
   68 H   0.0500   0.950  0.000  0.000
   69 H   0.0459   0.954  0.000  0.000
   70 H   0.0451   0.955  0.000  0.000
   71 H   0.0306   0.969  0.000  0.000
   72 H   0.0314   0.969  0.000  0.000
   73 H   0.0438   0.956  0.000  0.000
   74 H   0.0462   0.954  0.000  0.000
   75 H   0.0449   0.955  0.000  0.000
   76 H   0.0313   0.969  0.000  0.000
   77 H   0.0306   0.969  0.000  0.000
   78 H   0.0438   0.956  0.000  0.000
 
 Wiberg/Mayer (AO) data. WBOs > 0.1 written file <wbo>
 largest (>0.05) Wiberg bond orders for each atom
           total WBO             WBO to atom ...
     1  C   3.899    C    2 1.329    C    5 1.256    S   28 1.081    S    3 0.054
     2  C   3.899    C    1 1.329    C   30 1.256    S    3 1.080    S   28 0.054
     3  S   2.480    C    4 1.085    C    2 1.080    C    1 0.054    C    5 0.050
     4  C   3.907    C    6 1.287    C    5 1.283    S    3 1.085    N    8 0.050
     5  C   3.884    C    4 1.283    C    1 1.256    N    8 1.104    S    3 0.050
     6  C   3.919    C    4 1.287    C    7 1.231    S    9 1.113    C   10 0.054
     7  C   3.897    C   11 1.376    C    6 1.231    N    8 1.073
     8  N   3.451    C    5 1.104    C    7 1.073    C   55 0.950    C    4 0.050
     9  S   2.556    C    6 1.113    C   10 1.060    C   11 0.075    O   18 0.069
    10  C   3.909    C   11 1.368    C   12 1.287    S    9 1.060    C    6 0.054
    11  C   3.944    C    7 1.376    C   10 1.368    H   61 0.936    S    9 0.075    C   13 0.065
    12  C   3.924    C   13 1.467    C   10 1.287    H   62 0.918
    13  C   3.906    C   12 1.467    C   17 1.108    C   14 1.034    C   11 0.065    O   18 0.064
    14  C   3.905    O   18 1.746    C   13 1.034    C   15 0.980
    15  C   3.937    C   24 1.392    C   16 1.273    C   14 0.980    C   26 0.087    O   18 0.056
    16  C   3.949    C   27 1.381    C   15 1.273    C   17 1.043    C   25 0.087
    17  C   3.929    C   19 1.461    C   13 1.108    C   16 1.043    N   23 0.089    N   22 0.089
    18  O   2.181    C   14 1.746    S    9 0.069    C   13 0.064    C   15 0.056
    19  C   3.936    C   17 1.461    C   21 1.064    C   20 1.061    N   23 0.080    N   22 0.080
    20  C   3.939    N   22 2.787    C   19 1.061
    21  C   3.938    N   23 2.776    C   19 1.064
    22  N   3.044    C   20 2.787    C   17 0.089    C   19 0.080
    23  N   3.040    C   21 2.776    C   17 0.089    C   19 0.080
    24  C   3.961    C   15 1.392    C   25 1.386    H   63 0.941    C   27 0.088
    25  C   3.902    C   24 1.386    C   26 1.335    F   60 0.980    C   16 0.087
    26  C   3.911    C   27 1.392    C   25 1.335    F   59 0.983    C   15 0.087
    27  C   3.956    C   26 1.392    C   16 1.381    H   64 0.934    C   24 0.088
    28  S   2.480    C   29 1.085    C    1 1.081    C    2 0.054    C   30 0.051
    29  C   3.907    C   31 1.286    C   30 1.282    S   28 1.085
    30  C   3.884    C   29 1.282    C    2 1.256    N   33 1.104    S   28 0.051
    31  C   3.919    C   29 1.286    C   32 1.232    S   34 1.113    C   35 0.054
    32  C   3.897    C   36 1.376    C   31 1.232    N   33 1.072
    33  N   3.450    C   30 1.104    C   32 1.072    C   53 0.951
    34  S   2.556    C   31 1.113    C   35 1.060    C   36 0.075    O   43 0.069
    35  C   3.909    C   36 1.368    C   37 1.287    S   34 1.060    C   31 0.054
    36  C   3.944    C   32 1.376    C   35 1.368    H   65 0.936    S   34 0.075    C   38 0.065
    37  C   3.924    C   38 1.467    C   35 1.287    H   66 0.918
    38  C   3.906    C   37 1.467    C   42 1.108    C   39 1.035    C   36 0.065    O   43 0.064
    39  C   3.905    O   43 1.746    C   38 1.035    C   40 0.980
    40  C   3.937    C   49 1.392    C   41 1.273    C   39 0.980    C   51 0.087    O   43 0.056
    41  C   3.949    C   52 1.381    C   40 1.273    C   42 1.043    C   50 0.087
    42  C   3.929    C   44 1.461    C   38 1.108    C   41 1.043    N   47 0.089    N   48 0.089
    43  O   2.182    C   39 1.746    S   34 0.069    C   38 0.064    C   40 0.056
    44  C   3.936    C   42 1.461    C   45 1.063    C   46 1.061    N   47 0.080    N   48 0.080
    45  C   3.938    N   47 2.776    C   44 1.063
    46  C   3.939    N   48 2.787    C   44 1.061
    47  N   3.040    C   45 2.776    C   42 0.089    C   44 0.080
    48  N   3.044    C   46 2.787    C   42 0.089    C   44 0.080
    49  C   3.961    C   40 1.392    C   50 1.386    H   67 0.941    C   52 0.088
    50  C   3.902    C   49 1.386    C   51 1.335    F   58 0.980    C   41 0.087
    51  C   3.911    C   52 1.392    C   50 1.335    F   57 0.983    C   40 0.087
    52  C   3.956    C   51 1.392    C   41 1.381    H   68 0.934    C   49 0.088
    53  C   3.933    C   54 1.003    H   69 0.970    H   70 0.969    N   33 0.951
    54  C   3.982    C   53 1.003    H   71 0.984    H   72 0.984    H   73 0.974
    55  C   3.933    C   56 1.003    H   74 0.970    H   75 0.969    N    8 0.950
    56  C   3.982    C   55 1.003    H   77 0.984    H   76 0.984    H   78 0.974
    57  F   1.112    C   51 0.983
    58  F   1.107    C   50 0.980
    59  F   1.112    C   26 0.983
    60  F   1.107    C   25 0.980
    61  H   0.994    C   11 0.936
    62  H   0.993    C   12 0.918
    63  H   0.995    C   24 0.941
    64  H   0.994    C   27 0.934
    65  H   0.994    C   36 0.936
    66  H   0.993    C   37 0.918
    67  H   0.995    C   49 0.941
    68  H   0.994    C   52 0.934
    69  H   0.996    C   53 0.970
    70  H   0.996    C   53 0.969
    71  H   0.999    C   54 0.984
    72  H   0.999    C   54 0.984
    73  H   0.997    C   54 0.974
    74  H   0.996    C   55 0.970
    75  H   0.996    C   55 0.969
    76  H   0.999    C   56 0.984
    77  H   0.999    C   56 0.984
    78  H   0.997    C   56 0.974
 
 --------------------------------------------
          xTB calculation for sTDA...
 --------------------------------------------
 
 reading parameter file /ihome/ghutchison/blp62/xtb4stda/.param_stda2.xtb
 
      method parameters     
 k(s)        :  1.6000
 k(p)        :  2.1800
 k(d)        :  1.9500
 k(f)        :  2.0000
 k(R-V)      :  2.2750
 k(R-R)      :  1.7650
 Tscal       :  0.2580
 Gscal       :  1.0000
 fpol        :  1.0000
 Zcnf        :  0.3430
 Zqf         :  0.0000
 kcn         :  2.7000
 Ryd Hsplit  :  0.7000
 lshift(virt):  3.1000
 lshift(OS)  :  0.2000
 wllscaling  :  2.6000
 
 mowrcut     : 3.000
 
  Z AO/shell   Hii/eV     exponent
  1     Sun Feb 14 09:53:25 CET 2016    EN: 2.327 GAM: 0.473  GM3: 0.0000
     1s    -14.339618    1.220000
     2sp    -3.348946    0.600000
  6     Sun Feb 14 09:53:25 CET 2016    EN: 2.731 GAM: 0.422  GM3: 0.0000
     2s    -22.009312    1.565095
     2p    -13.020408    1.596905
     3sp    -3.914040    0.824500
  7     Sun Feb 14 09:53:25 CET 2016    EN: 3.573 GAM: 0.504  GM3: 0.0000
     2s    -25.722000    2.064844
     2p    -18.684912    1.801692
     3sp    -4.344791    0.921400
  8     Sun Feb 14 09:53:25 CET 2016    EN: 3.700 GAM: 0.587  GM3: 0.0000
     2s    -33.859000    2.418661
     2p    -22.175911    1.973969
     3sp    -4.259392    1.013700
  9     Sun Feb 21 12:20:01 CET 2016    EN: 3.394 GAM: 0.600  GM3: 0.0000
     2s    -26.548112    1.943768
     2p    -23.081168    2.552035
     3sp    -1.937199    1.103200
 16     Sun Feb 21 16:35:57 CET 2016    EN: 1.915 GAM: 0.200  GM3: 0.0000
     3s    -17.898811    2.619580
     3p    -15.317401    1.798798
     4sp    -4.455139    0.843200
 
 Nbf   :          570
 T(el) :     0.0
 calculating S/T integrals ...
 cpu time for ints   0.400946000000000     
 Nao   :          570
 making H0...
 making H1...
 cpu time for H      9.728999999999988E-003
 solving ...
 cpu time for diag   0.263239000000000     
 
 gap (eV)           :   4.705
 Koopmans IP (eV)   :  13.874
 Eel (Eh)           :  -255.208019

          eigenvalues
 #    :         132        133        134        135        136        137        138        139
 occ. :        2.000      2.000      2.000      2.000      2.000      2.000      2.000      2.000
 eps  :       -17.068    -16.953    -16.758    -16.703    -16.695    -16.371    -16.208    -16.004
 #    :         140        141        142        143        144        145        146        147
 occ. :        2.000      2.000      2.000      2.000      2.000      0.000      0.000      0.000
 eps  :       -15.949    -14.990    -14.746    -14.132    -13.876     -9.170     -8.914     -8.754
 #    :         148        149        150        151        152        153        154        155
 occ. :        0.000      0.000      0.000      0.000      0.000      0.000      0.000      0.000
 eps  :        -8.560     -6.984     -6.778     -6.219     -6.064     -5.575     -5.467     -5.392
                            1  SCC done.
 writing mo output ...
 molden style : F
 
speedup  0.98
cpu  time for all    0.80 s
wall time for all    0.81 s
