 
        ______________________________________
       |                                      |
       |          ===================         |
       |             xTB for sTDA             |
       |          ===================         |
       |               S. Grimme              |
       |        Universitaet Bonn, MCTC       |
       |         2015-19, Version 1.0         |
       |     Wed Apr  3 09:14:55 CEST 2019    |
       |______________________________________|
 
        This code comes without any warranty
        for non-commercial, academia use only.
        Preliminary test version.
        Cite this work as:
        S. Grimme  &  C. Bannwarth, JCP 145 (2016) 054103
        if GBSA is used additionally:
        P. Shushkov, F. März, C. Bannwarth, S. Grimme, unpublished.
 
        with help from
        P. Shushkov, G. Brandenburg, S. Dohm, J. Pisarek,
        F. März, M. Checinski, S. Ehrlich, S. Spicher, 
        P. Pracht, E. Caldeweyher, S. Ehlert, and C. Bannwarth.
 
        usage        :
        xtb4stda <coord_file> [options]
        where <coord_file> is a valid file of TM)
        (*coord, Bohr) or xmol (*xyz, Angstroem)
        format.

        options:
        -chrg <int>   : molecular charge
        -uhf  <int>   : # of unpaired electrons(=2*S)
        -nox          : skip second, extended part in sTDA-xTB
        -pop          : do population analysis
                      : (default for -nox)
        -mowr <real>  : cut MO write above (def.3 Eh)
        -molden       : write formatted molden file
        -parx <file>  : read parameters for sTDA-xTB
                        calc (def:~/.param_stda2.xtb)
        -parv <file>  : read parameters for vTB part in
                        sTDA-xTB (def: ~/.param_stda1.xtb)
        -xtemp <real> : el. temp for xTB (def. 0 K)
        -etemp <real> : el. temp for GFN (def. 300 K)
        -fod          : calculate the FOD and write
                        molden.input file with
                        appropriate occupations
                        for plotting. Def. T=12500 K
 
        -acc <real>   : xTB accuracy (def. 1.0)
        -gbsa [string1] [string2]
                        use GBSA implicit solvent
                        for solvent [string1] and
                        solvation state [string2]=
                        reference, bar1M (default=1M)
        additional GFN/opt/MD/siman options read from
        $XTB4STDAHOME/.xtb4stdarc or $set in input
 
       spin and charge state information can be on:
       <.CHRG> (charge) and <.UHF> (=nalpha-nbeta)
       -uhf and -chrg override the file info.
       useful machine settings:
       setenv MKL_NUM_THREADS <NCORE_ON_YOUR_MACHINE>
       setenv OMP_STACKSIZE 500m
       limit stacksize unlimited
 
       total energies in Eh, gaps/HL energies in eV
       please read REVISION and HOWTO files carefully
 =============================
  # OMP threads =           1
 =============================
 
 xtb4stdahome directory:/ihome/ghutchison/blp62/xtb4stda/
 
 
 name of molecule           :
 comment line               :
 number of atoms            :    52
 number of electrons        :   124
 charge                     :  0
 spin                       : 0.0
 first test random number   :  0.9923
 
 -----------------------------------------
      charge density (VTB) calculation
 -----------------------------------------
 
      method parameters     
 k(s)        :  1.8000
 k(p)        :  2.8350
 k(d)        :  2.0860
 k(f)        :  2.0000
 Tscal       :  0.3300
 Gscal       :  0.3910
 fpol        :  1.0000
 Zcnf        :  0.6500
 Zqf         :  0.0000
 kcn         :  0.3000
 kEN1        : -0.5900
 wllscal     :  2.6000
 
     -------------------------
     ! NO SOLVENT MODEL USED !
     -------------------------
 
 doing EN charges ...
 sum q :  0.1665335D-14
 point charge moment (au)
     X       Y       Z   
   0.0076   0.0114  -0.0043  total (Debye):    0.037
 
            Z      q(EN)   CN      Cart. coordinates
     1  C   4.0  -0.241   4.018     0.95223    -2.56738     7.70876
     2  C   4.0  -0.162   4.099     2.42414    -0.89573     5.88858
     3  C   4.0  -0.031   4.213     0.83526     0.51627     3.89454
     4  C   4.0  -0.162   4.094    -1.18259     2.29772     5.00702
     5  C   4.0  -0.241   4.016    -0.24491     4.28552     6.86594
     6  C   4.0   0.006   3.500    -0.44484    -1.24193     2.05168
     7  C   4.0   0.004   3.528     0.52893    -1.01233    -0.31067
     8  C   4.0  -0.000   3.341     2.47346     0.88458    -0.34771
     9  C   4.0  -0.068   3.157     4.02171     1.77256    -2.26559
    10  C   4.0  -0.073   3.146     5.78596     3.62109    -1.70170
    11  C   4.0  -0.073   3.148     6.02785     4.53213     0.74002
    12  C   4.0  -0.067   3.160     4.49585     3.63130     2.67529
    13  C   4.0  -0.001   3.426     2.68247     1.84437     2.13218
    14  C   4.0  -0.031   4.223    -0.79236    -2.67699    -2.19435
    15  C   4.0  -0.162   4.092     1.00817    -4.52797    -3.51527
    16  C   4.0  -0.241   4.029     2.65223    -5.96775    -1.63858
    17  C   4.0  -0.162   4.105    -2.14767    -0.91935    -4.09485
    18  C   4.0  -0.241   4.017    -3.79835    -2.21986    -6.06092
    19  C   4.0  -0.000   3.424    -2.65620    -4.00622    -0.46960
    20  C   4.0  -0.067   3.160    -4.34146    -5.90728    -1.03179
    21  C   4.0  -0.073   3.147    -5.95566    -6.78449     0.84584
    22  C   4.0  -0.073   3.146    -5.88196    -5.75932     3.25146
    23  C   4.0  -0.069   3.158    -4.14492    -3.89850     3.86506
    24  C   4.0  -0.001   3.341    -2.48839    -3.04926     2.01936
    25  H   1.0   0.081   0.999     2.24726    -3.39659     9.07503
    26  H   1.0   0.082   0.999    -0.45618    -1.48797     8.74338
    27  H   1.0   0.082   1.000     0.02211    -4.09523     6.70172
    28  H   1.0   0.082   1.004     3.78796    -2.06755     4.87020
    29  H   1.0   0.082   1.004     3.49958     0.49964     6.96081
    30  H   1.0   0.083   1.005    -2.61444     1.13686     5.93128
    31  H   1.0   0.081   1.004    -2.10213     3.25146     3.42097
    32  H   1.0   0.082   1.000     1.02177     5.61362     5.94772
    33  H   1.0   0.082   0.999     0.72641     3.42645     8.45860
    34  H   1.0   0.081   0.999    -1.85080     5.34339     7.59575
    35  H   1.0   0.075   1.005     3.87091     1.03160    -4.16118
    36  H   1.0   0.074   1.004     7.00219     4.34391    -3.17417
    37  H   1.0   0.074   1.004     7.43494     5.95301     1.15254
    38  H   1.0   0.075   1.005     4.76192     4.33541     4.57144
    39  H   1.0   0.082   1.004    -0.09732    -5.87780    -4.61395
    40  H   1.0   0.082   1.004     2.21551    -3.47823    -4.81880
    41  H   1.0   0.081   0.998     3.85126    -7.31381    -2.62672
    42  H   1.0   0.082   1.000     1.47966    -6.99652    -0.29895
    43  H   1.0   0.082   1.000     3.85447    -4.67405    -0.58714
    44  H   1.0   0.082   1.004    -0.69995     0.19105    -5.05974
    45  H   1.0   0.082   1.004    -3.31609     0.39514    -3.01090
    46  H   1.0   0.082   0.999    -2.71629    -3.55646    -7.18285
    47  H   1.0   0.081   0.999    -4.58032    -0.80672    -7.33365
    48  H   1.0   0.082   1.000    -5.36134    -3.20498    -5.16840
    49  H   1.0   0.075   1.005    -4.41780    -6.73498    -2.89563
    50  H   1.0   0.074   1.004    -7.28811    -8.27095     0.41763
    51  H   1.0   0.074   1.004    -7.17964    -6.43414     4.67669
    52  H   1.0   0.075   1.005    -4.10543    -3.13279     5.75459
 
  Z AO/shell   Hii/eV     exponent
  1     Sat Feb 20 21:38:01 CET 2016    EN: 2.327 GAM: 0.473  GM3: 0.0000
     1s    -13.751157    1.051071
  6     Sat Feb 20 21:38:01 CET 2016    EN: 2.731 GAM: 0.422  GM3: 0.0000
     2s    -19.378245    2.021003
     2p    -11.993376    1.497917
 
 dipole moment of classical point charges (au)
     X       Y       Z   
   0.0076   0.0114  -0.0043  total (Debye):    0.037

 
 Nbf   :          124
 T(el) :   300.0
 calculating S/T integrals ...
 cpu time for ints   1.368400000000000E-002
 Nao   :          124
 making H0...
 making H1...
 cpu time for H      6.759999999999995E-004
 solving ...
 cpu time for diag   4.705000000000001E-003
 
 gap (eV)           :   4.934
 Koopmans IP (eV)   :  13.369
 Eel (Eh)           :   -95.597735
 T,E(Fermi),NFOD :    300.000   -10.902  0.000000
 T,E(Fermi),NFOD :    300.000   -10.902  0.000000
 Nfod               :  0.0000
 Nfod/Nel           :  0.0000

          eigenvalues
 #    :          50         51         52         53         54         55         56         57
 occ. :        2.000      2.000      2.000      2.000      2.000      2.000      2.000      2.000
 eps  :       -18.253    -18.156    -17.893    -17.704    -17.663    -17.392    -17.312    -17.155
 #    :          58         59         60         61         62         63         64         65
 occ. :        2.000      2.000      2.000      2.000      2.000      0.000      0.000      0.000
 eps  :       -16.916    -15.829    -15.430    -15.388    -13.370     -8.436     -7.079     -6.816
 #    :          66         67         68         69         70         71         72         73
 occ. :        0.000      0.000      0.000      0.000      0.000      0.000      0.000      0.000
 eps  :        -5.841     -5.601     -4.749     -4.473     -3.585     -3.410     -2.816     -1.995
                            1  SCC done.
 making H1...
 cpu time for H      5.639000000000002E-003
 solving ...
 cpu time for diag   1.833000000000001E-003
 
 gap (eV)           :   4.895
 Koopmans IP (eV)   :  13.100
 Eel (Eh)           :   -95.190917
 T,E(Fermi),NFOD :    300.000   -10.652  0.000000
 T,E(Fermi),NFOD :    300.000   -10.652  0.000000
 Nfod               :  0.0000
 Nfod/Nel           :  0.0000

          eigenvalues
 #    :          50         51         52         53         54         55         56         57
 occ. :        2.000      2.000      2.000      2.000      2.000      2.000      2.000      2.000
 eps  :       -18.204    -18.137    -17.828    -17.662    -17.631    -17.347    -17.264    -17.088
 #    :          58         59         60         61         62         63         64         65
 occ. :        2.000      2.000      2.000      2.000      2.000      0.000      0.000      0.000
 eps  :       -16.730    -15.641    -15.260    -15.208    -13.101     -8.205     -6.996     -6.726
 #    :          66         67         68         69         70         71         72         73
 occ. :        0.000      0.000      0.000      0.000      0.000      0.000      0.000      0.000
 eps  :        -5.688     -5.434     -4.565     -4.340     -3.489     -3.358     -2.786     -1.899
                            2  SCC done.
 
 
 Mulliken/CM5 charges    n(s)   n(p)   n(d)   
    1 C  -0.0933 -0.2461   1.091  3.002  0.000
    2 C  -0.0462 -0.1534   1.145  2.901  0.000
    3 C   0.0135 -0.0039   1.241  2.746  0.000
    4 C  -0.0457 -0.1528   1.144  2.902  0.000
    5 C  -0.0927 -0.2457   1.091  3.002  0.000
    6 C  -0.0435 -0.0485   1.210  2.834  0.000
    7 C  -0.0440 -0.0494   1.209  2.835  0.000
    8 C  -0.0065 -0.0121   1.173  2.834  0.000
    9 C  -0.0413 -0.0949   1.139  2.903  0.000
   10 C  -0.0365 -0.0928   1.136  2.901  0.000
   11 C  -0.0420 -0.0984   1.136  2.906  0.000
   12 C  -0.0406 -0.0953   1.142  2.899  0.000
   13 C  -0.0235 -0.0311   1.200  2.823  0.000
   14 C   0.0120 -0.0054   1.237  2.751  0.000
   15 C  -0.0439 -0.1514   1.141  2.903  0.000
   16 C  -0.0895 -0.2408   1.090  2.999  0.000
   17 C  -0.0433 -0.1503   1.147  2.896  0.000
   18 C  -0.0925 -0.2453   1.091  3.002  0.000
   19 C  -0.0231 -0.0307   1.199  2.825  0.000
   20 C  -0.0411 -0.0959   1.141  2.900  0.000
   21 C  -0.0421 -0.0985   1.136  2.906  0.000
   22 C  -0.0380 -0.0943   1.136  2.902  0.000
   23 C  -0.0425 -0.0970   1.139  2.903  0.000
   24 C  -0.0063 -0.0121   1.174  2.832  0.000
   25 H   0.0355  0.0872   0.964  0.000  0.000
   26 H   0.0298  0.0831   0.970  0.000  0.000
   27 H   0.0337  0.0883   0.966  0.000  0.000
   28 H   0.0344  0.0919   0.966  0.000  0.000
   29 H   0.0354  0.0930   0.965  0.000  0.000
   30 H   0.0363  0.0942   0.964  0.000  0.000
   31 H   0.0342  0.0914   0.966  0.000  0.000
   32 H   0.0323  0.0859   0.968  0.000  0.000
   33 H   0.0307  0.0839   0.969  0.000  0.000
   34 H   0.0364  0.0881   0.964  0.000  0.000
   35 H   0.0396  0.0971   0.960  0.000  0.000
   36 H   0.0401  0.0965   0.960  0.000  0.000
   37 H   0.0392  0.0957   0.961  0.000  0.000
   38 H   0.0405  0.0985   0.960  0.000  0.000
   39 H   0.0356  0.0929   0.964  0.000  0.000
   40 H   0.0331  0.0898   0.967  0.000  0.000
   41 H   0.0345  0.0862   0.965  0.000  0.000
   42 H   0.0308  0.0849   0.969  0.000  0.000
   43 H   0.0315  0.0859   0.968  0.000  0.000
   44 H   0.0340  0.0913   0.966  0.000  0.000
   45 H   0.0357  0.0932   0.964  0.000  0.000
   46 H   0.0298  0.0828   0.970  0.000  0.000
   47 H   0.0367  0.0884   0.963  0.000  0.000
   48 H   0.0326  0.0866   0.967  0.000  0.000
   49 H   0.0401  0.0981   0.960  0.000  0.000
   50 H   0.0391  0.0955   0.961  0.000  0.000
   51 H   0.0398  0.0962   0.960  0.000  0.000
   52 H   0.0414  0.0995   0.959  0.000  0.000
 
 Loewdin charges    n(s)   n(p)   n(d)
    1 C  -0.0957   1.018  3.077  0.000
    2 C  -0.0419   1.086  2.956  0.000
    3 C   0.0209   1.202  2.778  0.000
    4 C  -0.0414   1.085  2.957  0.000
    5 C  -0.0950   1.018  3.077  0.000
    6 C  -0.0440   1.172  2.872  0.000
    7 C  -0.0438   1.171  2.873  0.000
    8 C  -0.0030   1.130  2.873  0.000
    9 C  -0.0370   1.086  2.952  0.000
   10 C  -0.0285   1.081  2.948  0.000
   11 C  -0.0347   1.082  2.953  0.000
   12 C  -0.0359   1.089  2.947  0.000
   13 C  -0.0220   1.161  2.861  0.000
   14 C   0.0192   1.198  2.783  0.000
   15 C  -0.0398   1.082  2.958  0.000
   16 C  -0.0909   1.017  3.074  0.000
   17 C  -0.0381   1.088  2.950  0.000
   18 C  -0.0947   1.018  3.077  0.000
   19 C  -0.0218   1.159  2.863  0.000
   20 C  -0.0364   1.088  2.948  0.000
   21 C  -0.0349   1.082  2.953  0.000
   22 C  -0.0300   1.081  2.949  0.000
   23 C  -0.0387   1.087  2.952  0.000
   24 C  -0.0027   1.132  2.871  0.000
   25 H   0.0355   0.964  0.000  0.000
   26 H   0.0305   0.970  0.000  0.000
   27 H   0.0334   0.967  0.000  0.000
   28 H   0.0307   0.969  0.000  0.000
   29 H   0.0328   0.967  0.000  0.000
   30 H   0.0336   0.966  0.000  0.000
   31 H   0.0305   0.970  0.000  0.000
   32 H   0.0325   0.968  0.000  0.000
   33 H   0.0312   0.969  0.000  0.000
   34 H   0.0363   0.964  0.000  0.000
   35 H   0.0323   0.968  0.000  0.000
   36 H   0.0325   0.967  0.000  0.000
   37 H   0.0318   0.968  0.000  0.000
   38 H   0.0337   0.966  0.000  0.000
   39 H   0.0329   0.967  0.000  0.000
   40 H   0.0301   0.970  0.000  0.000
   41 H   0.0345   0.965  0.000  0.000
   42 H   0.0303   0.970  0.000  0.000
   43 H   0.0310   0.969  0.000  0.000
   44 H   0.0311   0.969  0.000  0.000
   45 H   0.0318   0.968  0.000  0.000
   46 H   0.0303   0.970  0.000  0.000
   47 H   0.0365   0.963  0.000  0.000
   48 H   0.0326   0.967  0.000  0.000
   49 H   0.0333   0.967  0.000  0.000
   50 H   0.0317   0.968  0.000  0.000
   51 H   0.0323   0.968  0.000  0.000
   52 H   0.0347   0.965  0.000  0.000
 
 Wiberg/Mayer (AO) data. WBOs > 0.1 written file <wbo>
 largest (>0.05) Wiberg bond orders for each atom
           total WBO             WBO to atom ...
     1  C   3.983    C    2 1.006    H   26 0.983    H   27 0.981    H   25 0.978
     2  C   3.964    C    1 1.006    H   28 0.967    H   29 0.964    C    3 0.935
     3  C   3.912    C    6 0.939    C    4 0.937    C    2 0.935    C   13 0.934
     4  C   3.965    C    5 1.006    H   31 0.968    H   30 0.965    C    3 0.937
     5  C   3.982    C    4 1.006    H   33 0.983    H   32 0.982    H   34 0.978
     6  C   3.935    C    7 1.645    C   24 1.067    C    3 0.939    C    9 0.055
     7  C   3.937    C    6 1.645    C    8 1.070    C   14 0.941    C   23 0.054
     8  C   3.954    C    9 1.372    C   13 1.278    C    7 1.070    C   11 0.097
     9  C   3.961    C   10 1.427    C    8 1.372    H   35 0.944    C   12 0.095    C    6 0.055
    10  C   3.971    C   11 1.436    C    9 1.427    H   36 0.945    C   13 0.105
    11  C   3.960    C   10 1.436    C   12 1.396    H   37 0.946    C    8 0.097
    12  C   3.971    C   13 1.446    C   11 1.396    H   38 0.943    C    9 0.095
    13  C   3.937    C   12 1.446    C    8 1.278    C    3 0.934    C   10 0.105
    14  C   3.915    C   15 0.942    C    7 0.941    C   19 0.938    C   17 0.929
    15  C   3.967    C   16 1.008    H   40 0.966    H   39 0.966    C   14 0.942
    16  C   3.986    C   15 1.008    H   42 0.984    H   43 0.983    H   41 0.979
    17  C   3.964    C   18 1.006    H   45 0.967    H   44 0.966    C   14 0.929
    18  C   3.983    C   17 1.006    H   46 0.984    H   48 0.982    H   47 0.978
    19  C   3.939    C   20 1.448    C   24 1.277    C   14 0.938    C   22 0.105
    20  C   3.971    C   19 1.448    C   21 1.395    H   49 0.943    C   23 0.094
    21  C   3.960    C   22 1.438    C   20 1.395    H   50 0.946    C   24 0.098
    22  C   3.972    C   21 1.438    C   23 1.425    H   51 0.945    C   19 0.105
    23  C   3.960    C   22 1.425    C   24 1.374    H   52 0.942    C   20 0.094    C    7 0.054
    24  C   3.954    C   23 1.374    C   19 1.277    C    6 1.067    C   21 0.098
    25  H   0.997    C    1 0.978
    26  H   0.999    C    1 0.983
    27  H   0.999    C    1 0.981
    28  H   0.999    C    2 0.967
    29  H   0.997    C    2 0.964
    30  H   0.997    C    4 0.965
    31  H   0.999    C    4 0.968
    32  H   0.999    C    5 0.982
    33  H   0.999    C    5 0.983
    34  H   0.996    C    5 0.978
    35  H   0.997    C    9 0.944
    36  H   0.994    C   10 0.945
    37  H   0.997    C   11 0.946
    38  H   0.996    C   12 0.943
    39  H   0.997    C   15 0.966
    40  H   0.997    C   15 0.966
    41  H   0.998    C   16 0.979
    42  H   0.999    C   16 0.984
    43  H   0.999    C   16 0.983
    44  H   0.997    C   17 0.966
    45  H   0.998    C   17 0.967
    46  H   0.999    C   18 0.984
    47  H   0.996    C   18 0.978
    48  H   0.999    C   18 0.982
    49  H   0.996    C   20 0.943
    50  H   0.997    C   21 0.946
    51  H   0.995    C   22 0.945
    52  H   0.997    C   23 0.942
 
 --------------------------------------------
          xTB calculation for sTDA...
 --------------------------------------------
 
 reading parameter file /ihome/ghutchison/blp62/xtb4stda/.param_stda2.xtb
 
      method parameters     
 k(s)        :  1.6000
 k(p)        :  2.1800
 k(d)        :  1.9500
 k(f)        :  2.0000
 k(R-V)      :  2.2750
 k(R-R)      :  1.7650
 Tscal       :  0.2580
 Gscal       :  1.0000
 fpol        :  1.0000
 Zcnf        :  0.3430
 Zqf         :  0.0000
 kcn         :  2.7000
 Ryd Hsplit  :  0.7000
 lshift(virt):  3.1000
 lshift(OS)  :  0.2000
 wllscaling  :  2.6000
 
 mowrcut     : 3.000
 
  Z AO/shell   Hii/eV     exponent
  1     Sun Feb 14 09:53:25 CET 2016    EN: 2.327 GAM: 0.473  GM3: 0.0000
     1s    -14.339618    1.220000
     2sp    -3.348946    0.600000
  6     Sun Feb 14 09:53:25 CET 2016    EN: 2.731 GAM: 0.422  GM3: 0.0000
     2s    -22.009312    1.565095
     2p    -13.020408    1.596905
     3sp    -3.914040    0.824500
 
 Nbf   :          332
 T(el) :     0.0
 calculating S/T integrals ...
 cpu time for ints   0.224432000000000     
 Nao   :          332
 making H0...
 making H1...
 cpu time for H      3.477000000000008E-003
 solving ...
 cpu time for diag   1.664399999999999E-002
 
 gap (eV)           :   7.066
 Koopmans IP (eV)   :  14.265
 Eel (Eh)           :  -104.555168

          eigenvalues
 #    :          50         51         52         53         54         55         56         57
 occ. :        2.000      2.000      2.000      2.000      2.000      2.000      2.000      2.000
 eps  :       -18.882    -18.833    -18.469    -18.395    -18.243    -17.999    -17.938    -17.836
 #    :          58         59         60         61         62         63         64         65
 occ. :        2.000      2.000      2.000      2.000      2.000      0.000      0.000      0.000
 eps  :       -17.258    -16.327    -15.971    -15.923    -14.267     -7.200     -5.683     -5.661
 #    :          66         67         68         69         70         71         72         73
 occ. :        0.000      0.000      0.000      0.000      0.000      0.000      0.000      0.000
 eps  :        -5.220     -5.133     -4.757     -4.671     -4.188     -4.133     -4.009     -3.860
                            1  SCC done.
 writing mo output ...
 molden style : F
 
speedup  0.99
cpu  time for all    0.29 s
wall time for all    0.30 s
