 
        ______________________________________
       |                                      |
       |          ===================         |
       |             xTB for sTDA             |
       |          ===================         |
       |               S. Grimme              |
       |        Universitaet Bonn, MCTC       |
       |         2015-19, Version 1.0         |
       |     Wed Apr  3 09:14:55 CEST 2019    |
       |______________________________________|
 
        This code comes without any warranty
        for non-commercial, academia use only.
        Preliminary test version.
        Cite this work as:
        S. Grimme  &  C. Bannwarth, JCP 145 (2016) 054103
        if GBSA is used additionally:
        P. Shushkov, F. März, C. Bannwarth, S. Grimme, unpublished.
 
        with help from
        P. Shushkov, G. Brandenburg, S. Dohm, J. Pisarek,
        F. März, M. Checinski, S. Ehrlich, S. Spicher, 
        P. Pracht, E. Caldeweyher, S. Ehlert, and C. Bannwarth.
 
        usage        :
        xtb4stda <coord_file> [options]
        where <coord_file> is a valid file of TM)
        (*coord, Bohr) or xmol (*xyz, Angstroem)
        format.

        options:
        -chrg <int>   : molecular charge
        -uhf  <int>   : # of unpaired electrons(=2*S)
        -nox          : skip second, extended part in sTDA-xTB
        -pop          : do population analysis
                      : (default for -nox)
        -mowr <real>  : cut MO write above (def.3 Eh)
        -molden       : write formatted molden file
        -parx <file>  : read parameters for sTDA-xTB
                        calc (def:~/.param_stda2.xtb)
        -parv <file>  : read parameters for vTB part in
                        sTDA-xTB (def: ~/.param_stda1.xtb)
        -xtemp <real> : el. temp for xTB (def. 0 K)
        -etemp <real> : el. temp for GFN (def. 300 K)
        -fod          : calculate the FOD and write
                        molden.input file with
                        appropriate occupations
                        for plotting. Def. T=12500 K
 
        -acc <real>   : xTB accuracy (def. 1.0)
        -gbsa [string1] [string2]
                        use GBSA implicit solvent
                        for solvent [string1] and
                        solvation state [string2]=
                        reference, bar1M (default=1M)
        additional GFN/opt/MD/siman options read from
        $XTB4STDAHOME/.xtb4stdarc or $set in input
 
       spin and charge state information can be on:
       <.CHRG> (charge) and <.UHF> (=nalpha-nbeta)
       -uhf and -chrg override the file info.
       useful machine settings:
       setenv MKL_NUM_THREADS <NCORE_ON_YOUR_MACHINE>
       setenv OMP_STACKSIZE 500m
       limit stacksize unlimited
 
       total energies in Eh, gaps/HL energies in eV
       please read REVISION and HOWTO files carefully
 =============================
  # OMP threads =           1
 =============================
 
 xtb4stdahome directory:/ihome/ghutchison/blp62/xtb4stda/
 
 
 name of molecule           :
 comment line               :
 number of atoms            :   162
 number of electrons        :   454
 charge                     :  0
 spin                       : 0.0
 first test random number   :  0.7246
 
 -----------------------------------------
      charge density (VTB) calculation
 -----------------------------------------
 
      method parameters     
 k(s)        :  1.8000
 k(p)        :  2.8350
 k(d)        :  2.0860
 k(f)        :  2.0000
 Tscal       :  0.3300
 Gscal       :  0.3910
 fpol        :  1.0000
 Zcnf        :  0.6500
 Zqf         :  0.0000
 kcn         :  0.3000
 kEN1        : -0.5900
 wllscal     :  2.6000
 
     -------------------------
     ! NO SOLVENT MODEL USED !
     -------------------------
 
 doing EN charges ...
 sum q :  0.3108624D-14
 point charge moment (au)
     X       Y       Z   
  -0.2652   0.3171   0.2180  total (Debye):    1.188
 
            Z      q(EN)   CN      Cart. coordinates
     1  C   4.0  -0.242   4.027    13.76873    -1.48759     2.36027
     2  C   4.0  -0.174   4.063    12.72485    -2.40127     4.89666
     3  C   4.0   0.006   3.192     9.91218    -2.04053     5.00551
     4  C   4.0  -0.073   3.194     8.87396     0.16554     5.96379
     5  C   4.0  -0.074   3.201     6.28598     0.52837     6.02350
     6  C   4.0   0.006   3.266     4.66498    -1.31374     5.10736
     7  C   4.0  -0.054   4.302     1.81962    -1.02518     5.03385
     8  C   4.0   0.004   3.277     0.79236     1.25459     6.47137
     9  C   4.0  -0.073   3.196     1.34133     3.69819     5.67352
    10  C   4.0  -0.073   3.185     0.40686     5.77576     6.95079
    11  C   4.0   0.006   3.189    -1.12288     5.49060     9.06180
    12  C   4.0  -0.174   4.062    -2.20663     7.74410    10.40237
    13  C   4.0  -0.242   4.027    -4.81332     8.39624     9.33506
    14  C   4.0  -0.073   3.190    -1.70321     3.05569     9.83640
    15  C   4.0  -0.076   3.217    -0.76780     0.97359     8.56424
    16  C   4.0  -0.002   3.456     0.91727    -0.77687     2.30358
    17  C   4.0  -0.062   3.180     1.80280     0.77214     0.41366
    18  C   4.0  -0.008   3.371     0.56106     0.66386    -1.89974
    19  C   4.0  -0.002   3.456    -1.49723    -0.96168    -2.34723
    20  C   4.0  -0.062   3.179    -2.33646    -2.56474    -0.47829
    21  C   4.0  -0.008   3.370    -1.09018    -2.46458     1.83171
    22  C   4.0  -0.093   3.383    -1.33169    -4.01208     4.04080
    23  S   6.0   0.222   2.574    -3.19042    -6.58040     4.80331
    24  C   4.0  -0.089   3.333    -1.51405    -6.92150     7.63922
    25  C   4.0  -0.011   3.336    -1.95870    -8.85809     9.35452
    26  C   4.0  -0.088   3.249    -3.95009   -10.71040     8.99018
    27  C   4.0  -0.090   3.360    -3.80629   -13.27211     9.25323
    28  C   4.0  -0.090   3.352    -6.12007   -14.50932     8.78987
    29  C   4.0  -0.077   3.193    -8.03398   -12.90324     8.18554
    30  C   4.0  -0.180   4.092   -10.73459   -13.50417     7.66152
    31  C   4.0  -0.243   4.031   -12.43723   -12.67383     9.84566
    32  S   6.0   0.213   2.710    -6.99841    -9.79634     8.16059
    33  C   4.0  -0.019   3.456    -0.36339    -8.97336    11.47196
    34  C   4.0  -0.088   3.319    -0.43388   -10.67053    13.56426
    35  C   4.0  -0.163   3.148     1.41257   -10.22398    15.26237
    36  S   6.0   0.216   2.511     3.36466    -7.72331    14.45697
    37  C   4.0  -0.091   3.332     1.61250    -7.19986    11.71498
    38  C   4.0  -0.011   3.330     2.05905    -5.24985    10.01460
    39  C   4.0  -0.091   3.266     4.22883    -3.61278    10.50310
    40  C   4.0  -0.093   3.384     6.69946    -4.32615    10.46133
    41  C   4.0  -0.092   3.363     8.36563    -2.42244    11.30491
    42  C   4.0  -0.077   3.196     7.16471    -0.27911    12.04587
    43  C   4.0  -0.179   4.096     8.22106     2.14692    13.02437
    44  C   4.0  -0.242   4.026    11.08759     2.10194    13.29252
    45  S   6.0   0.226   2.676     3.91778    -0.56654    11.68474
    46  C   4.0  -0.011   3.421     0.43010    -5.07732     7.92986
    47  C   4.0  -0.011   3.582     0.43161    -3.39357     5.83528
    48  C   4.0  -0.054   4.302    -2.44096    -0.68106    -5.06276
    49  C   4.0   0.006   3.265    -5.18012     0.16422    -5.08733
    50  C   4.0  -0.074   3.200    -7.05038    -0.98946    -6.51029
    51  C   4.0  -0.073   3.193    -9.50079    -0.08088    -6.47061
    52  C   4.0   0.007   3.191   -10.14802     2.01331    -5.03555
    53  C   4.0  -0.174   4.062   -12.78400     3.06155    -5.10925
    54  C   4.0  -0.242   4.028   -13.07256     4.88494    -7.33440
    55  C   4.0  -0.072   3.184    -8.26755     3.17587    -3.62034
    56  C   4.0  -0.072   3.202    -5.82432     2.26219    -3.63848
    57  C   4.0   0.004   3.281    -1.88047    -3.18135    -6.34910
    58  C   4.0  -0.075   3.215     0.21505    -3.45574    -7.90680
    59  C   4.0  -0.074   3.191     0.77309    -5.75573    -9.01135
    60  C   4.0   0.006   3.191    -0.73151    -7.85994    -8.58540
    61  C   4.0  -0.174   4.062    -0.18916   -10.31809    -9.89479
    62  C   4.0  -0.242   4.028    -1.44621   -10.37252   -12.49827
    63  C   4.0  -0.073   3.186    -2.79188    -7.60048    -6.98197
    64  C   4.0  -0.073   3.197    -3.34784    -5.30616    -5.86306
    65  C   4.0  -0.010   3.569    -0.77101     1.44791    -6.00952
    66  C   4.0  -0.094   3.385     0.93749     2.08645    -4.16874
    67  S   6.0   0.222   2.596     2.96668     4.50548    -4.96979
    68  C   4.0  -0.089   3.334     1.44564     4.77042    -7.89641
    69  C   4.0  -0.011   3.337     2.15051     6.52579    -9.71640
    70  C   4.0  -0.088   3.250     4.29024     8.21218    -9.38759
    71  C   4.0  -0.090   3.362     6.15975     8.72770   -11.08891
    72  C   4.0  -0.090   3.352     7.97427    10.44943   -10.17183
    73  C   4.0  -0.076   3.194     7.48558    11.27278    -7.78643
    74  C   4.0  -0.180   4.092     8.99793    13.02909    -6.18791
    75  C   4.0  -0.243   4.032    10.33586    11.60764    -4.05478
    76  S   6.0   0.212   2.727     4.75720     9.89838    -6.60403
    77  C   4.0  -0.019   3.458     0.71016     6.58437   -11.94307
    78  C   4.0  -0.088   3.319     0.90877     8.24639   -14.05521
    79  C   4.0  -0.163   3.148    -0.81995     7.75789   -15.86198
    80  S   6.0   0.216   2.519    -2.81210     5.26534   -15.13576
    81  C   4.0  -0.091   3.335    -1.28860     4.84790   -12.24183
    82  C   4.0  -0.011   3.332    -1.94245     3.02413   -10.46681
    83  C   4.0  -0.091   3.271    -4.03400     1.35002   -11.13710
    84  C   4.0  -0.093   3.383    -6.48478     2.04034   -11.51826
    85  C   4.0  -0.091   3.360    -7.98560     0.07691   -12.51717
    86  C   4.0  -0.078   3.199    -6.66922    -2.08456   -12.95804
    87  C   4.0  -0.180   4.094    -7.61465    -4.56463   -13.90177
    88  C   4.0  -0.243   4.033    -8.06894    -6.40542   -11.71743
    89  S   6.0   0.227   2.675    -3.52434    -1.74176   -12.11012
    90  C   4.0  -0.010   3.414    -0.54878     2.98010    -8.21105
    91  C   4.0  -0.072   3.203     5.70093    -3.51716     4.11620
    92  C   4.0  -0.072   3.187     8.28342    -3.87734     4.07557
    93  H   1.0   0.081   0.999    13.35658     0.50871     2.09722
    94  H   1.0   0.081   0.998    15.80529    -1.75537     2.27825
    95  H   1.0   0.081   0.999    12.90475    -2.53242     0.81542
    96  H   1.0   0.081   1.003    13.62587    -1.34265     6.42242
    97  H   1.0   0.081   1.003    13.18273    -4.39872     5.14024
    98  H   1.0   0.075   1.006    10.10418     1.62592     6.69020
    99  H   1.0   0.077   1.009     5.53898     2.25085     6.82021
   100  H   1.0   0.077   1.007     2.50710     4.00471     4.03135
   101  H   1.0   0.074   1.005     0.87702     7.65112     6.29014
   102  H   1.0   0.081   1.003    -2.37973     7.33913    12.41833
   103  H   1.0   0.081   1.003    -0.95242     9.36680    10.17391
   104  H   1.0   0.081   0.998    -5.60455    10.02537    10.30675
   105  H   1.0   0.081   0.999    -6.09569     6.80641     9.56409
   106  H   1.0   0.081   0.999    -4.67556     8.82861     7.33006
   107  H   1.0   0.075   1.005    -2.89846     2.77185    11.46742
   108  H   1.0   0.078   1.010    -1.26838    -0.88175     9.24303
   109  H   1.0   0.076   1.006     3.41795     1.99442     0.65101
   110  H   1.0   0.076   1.006    -3.88301    -3.86222    -0.75306
   111  H   1.0   0.079   1.004    -2.07813   -14.24551     9.69902
   112  H   1.0   0.078   1.004    -6.34948   -16.52698     8.89494
   113  H   1.0   0.080   1.005   -11.33609   -12.54495     5.93431
   114  H   1.0   0.081   1.004   -10.91770   -15.53922     7.36993
   115  H   1.0   0.081   0.998   -14.39763   -13.13473     9.43956
   116  H   1.0   0.081   0.999   -11.88411   -13.62209    11.58364
   117  H   1.0   0.081   1.000   -12.28265   -10.64445    10.13195
   118  H   1.0   0.079   1.005    -1.83398   -12.12599    13.77761
   119  H   1.0   0.075   1.013     1.77899   -11.21609    16.99147
   120  H   1.0   0.080   1.005     7.31135    -6.14992     9.80560
   121  H   1.0   0.080   1.005    10.37951    -2.67283    11.35253
   122  H   1.0   0.080   1.004     7.36237     2.56209    14.85967
   123  H   1.0   0.080   1.005     7.66964     3.67684    11.74484
   124  H   1.0   0.081   0.999    11.66679     0.62455    14.59738
   125  H   1.0   0.081   0.999    11.75391     3.90701    14.01421
   126  H   1.0   0.082   0.999    11.97878     1.75801    11.47366
   127  H   1.0   0.078   1.011    -6.61026    -2.59573    -7.68249
   128  H   1.0   0.075   1.006   -10.92999    -1.01459    -7.59235
   129  H   1.0   0.081   1.003   -13.19331     4.06027    -3.35086
   130  H   1.0   0.081   1.003   -14.14498     1.52312    -5.31107
   131  H   1.0   0.081   0.999   -12.68214     3.91627    -9.10489
   132  H   1.0   0.081   0.998   -14.98175     5.64348    -7.40584
   133  H   1.0   0.081   0.999   -11.75069     6.44869    -7.15016
   134  H   1.0   0.075   1.005    -8.72222     4.81408    -2.48801
   135  H   1.0   0.076   1.007    -4.39135     3.18891    -2.51560
   136  H   1.0   0.077   1.008     1.42410    -1.85703    -8.28588
   137  H   1.0   0.075   1.005     2.40505    -5.91239   -10.22890
   138  H   1.0   0.081   1.003     1.84891   -10.54921   -10.12194
   139  H   1.0   0.081   1.003    -0.89554   -11.89167    -8.76209
   140  H   1.0   0.081   0.999    -0.80181    -8.78382   -13.63229
   141  H   1.0   0.081   0.998    -0.98738   -12.11692   -13.48414
   142  H   1.0   0.081   0.999    -3.48862   -10.24496   -12.30986
   143  H   1.0   0.074   1.005    -3.97561    -9.21978    -6.59004
   144  H   1.0   0.076   1.007    -4.95373    -5.17842    -4.61207
   145  H   1.0   0.079   1.004     6.27011     7.84217   -12.91552
   146  H   1.0   0.078   1.004     9.58639    11.05584   -11.25218
   147  H   1.0   0.080   1.005     7.76110    14.46699    -5.37003
   148  H   1.0   0.081   1.004    10.39311    13.97641    -7.37768
   149  H   1.0   0.081   1.000     8.95636    10.67015    -2.85386
   150  H   1.0   0.081   0.999    11.59970    10.18336    -4.82882
   151  H   1.0   0.081   0.998    11.43454    12.91023    -2.90697
   152  H   1.0   0.079   1.005     2.26748     9.75155   -14.17011
   153  H   1.0   0.075   1.013    -1.08489     8.72392   -17.62396
   154  H   1.0   0.079   1.005    -7.19627     3.88603   -11.05150
   155  H   1.0   0.079   1.004    -9.96944     0.27477   -12.91420
   156  H   1.0   0.081   1.004    -9.37663    -4.26265   -14.93356
   157  H   1.0   0.081   1.005    -6.23421    -5.38515   -15.19888
   158  H   1.0   0.081   0.999    -9.48945    -5.65689   -10.43355
   159  H   1.0   0.081   0.999    -8.72486    -8.21672   -12.43383
   160  H   1.0   0.082   1.001    -6.32586    -6.69851   -10.66580
   161  H   1.0   0.076   1.007     4.46259    -4.96469     3.37770
   162  H   1.0   0.075   1.005     9.04839    -5.61154     3.31345
 
  Z AO/shell   Hii/eV     exponent
  1     Sat Feb 20 21:38:01 CET 2016    EN: 2.327 GAM: 0.473  GM3: 0.0000
     1s    -13.751157    1.051071
  6     Sat Feb 20 21:38:01 CET 2016    EN: 2.731 GAM: 0.422  GM3: 0.0000
     2s    -19.378245    2.021003
     2p    -11.993376    1.497917
 16     Sat Feb 20 23:13:41 CET 2016    EN: 1.915 GAM: 0.389  GM3: 0.0000
     3s    -22.000000    2.671470
     3p    -15.834192    1.836978
     3d     -2.593599    1.836978
 
 dipole moment of classical point charges (au)
     X       Y       Z   
  -0.2652   0.3171   0.2180  total (Debye):    1.188

 
 Nbf   :          486
 T(el) :   300.0
 calculating S/T integrals ...
 cpu time for ints   9.530900000000000E-002
 Nao   :          478
 making H0...
 making H1...
 cpu time for H      1.264100000000000E-002
 solving ...
 cpu time for diag   4.109700000000001E-002
 
 gap (eV)           :   3.416
 Koopmans IP (eV)   :  12.324
 Eel (Eh)           :  -351.736919
 T,E(Fermi),NFOD :    300.000   -10.616  0.000000
 T,E(Fermi),NFOD :    300.000   -10.616  0.000000
 Nfod               :  0.0000
 Nfod/Nel           :  0.0000

          eigenvalues
 #    :         215        216        217        218        219        220        221        222
 occ. :        2.000      2.000      2.000      2.000      2.000      2.000      2.000      2.000
 eps  :       -15.002    -14.958    -14.869    -14.807    -14.649    -14.347    -14.345    -13.862
 #    :         223        224        225        226        227        228        229        230
 occ. :        2.000      2.000      2.000      2.000      2.000      0.000      0.000      0.000
 eps  :       -13.814    -13.699    -13.229    -12.789    -12.325     -8.909     -8.751     -8.625
 #    :         231        232        233        234        235        236        237        238
 occ. :        0.000      0.000      0.000      0.000      0.000      0.000      0.000      0.000
 eps  :        -7.829     -7.666     -7.644     -7.500     -7.372     -7.275     -7.224     -7.162
                            1  SCC done.
 making H1...
 cpu time for H      5.146900000000000E-002
 solving ...
 cpu time for diag   3.316000000000002E-002
 
 gap (eV)           :   3.537
 Koopmans IP (eV)   :  12.289
 Eel (Eh)           :  -350.624927
 T,E(Fermi),NFOD :    300.000   -10.521  0.000000
 T,E(Fermi),NFOD :    300.000   -10.521  0.000000
 Nfod               :  0.0000
 Nfod/Nel           :  0.0000

          eigenvalues
 #    :         215        216        217        218        219        220        221        222
 occ. :        2.000      2.000      2.000      2.000      2.000      2.000      2.000      2.000
 eps  :       -14.852    -14.810    -14.679    -14.639    -14.597    -14.304    -14.279    -14.000
 #    :         223        224        225        226        227        228        229        230
 occ. :        2.000      2.000      2.000      2.000      2.000      0.000      0.000      0.000
 eps  :       -13.930    -13.752    -13.257    -12.698    -12.291     -8.753     -8.586     -8.569
 #    :         231        232        233        234        235        236        237        238
 occ. :        0.000      0.000      0.000      0.000      0.000      0.000      0.000      0.000
 eps  :        -7.800     -7.496     -7.396     -7.282     -7.251     -6.861     -6.800     -6.734
                            2  SCC done.
 
 
 Mulliken/CM5 charges    n(s)   n(p)   n(d)   
    1 C  -0.0908 -0.2422   1.096  2.995  0.000
    2 C  -0.0447 -0.1517   1.124  2.921  0.000
    3 C  -0.0055 -0.0222   1.181  2.824  0.000
    4 C  -0.0417 -0.0965   1.140  2.901  0.000
    5 C  -0.0402 -0.0939   1.141  2.899  0.000
    6 C   0.0001 -0.0081   1.184  2.815  0.000
    7 C   0.0301  0.0265   1.216  2.753  0.000
    8 C   0.0003 -0.0082   1.188  2.812  0.000
    9 C  -0.0418 -0.0971   1.143  2.899  0.000
   10 C  -0.0439 -0.0984   1.140  2.903  0.000
   11 C  -0.0062 -0.0227   1.182  2.825  0.000
   12 C  -0.0444 -0.1513   1.124  2.920  0.000
   13 C  -0.0906 -0.2420   1.096  2.995  0.000
   14 C  -0.0414 -0.0958   1.140  2.901  0.000
   15 C  -0.0398 -0.0926   1.143  2.897  0.000
   16 C  -0.0149 -0.0196   1.200  2.815  0.000
   17 C  -0.0328 -0.0831   1.141  2.892  0.000
   18 C  -0.0032 -0.0068   1.164  2.839  0.000
   19 C  -0.0151 -0.0199   1.200  2.815  0.000
   20 C  -0.0329 -0.0827   1.140  2.893  0.000
   21 C  -0.0016 -0.0048   1.165  2.837  0.000
   22 C  -0.0348 -0.0220   1.179  2.855  0.000
   23 S   0.0859  0.0525   1.891  3.977  0.046
   24 C  -0.0254 -0.0123   1.181  2.844  0.000
   25 C   0.0018  0.0028   1.159  2.840  0.000
   26 C  -0.0365 -0.0270   1.173  2.863  0.000
   27 C  -0.0772 -0.1291   1.141  2.936  0.000
   28 C  -0.0880 -0.1402   1.138  2.950  0.000
   29 C  -0.0380 -0.0372   1.195  2.843  0.000
   30 C  -0.0277 -0.1323   1.119  2.909  0.000
   31 C  -0.0883 -0.2392   1.097  2.991  0.000
   32 S   0.0887  0.0523   1.886  3.980  0.045
   33 C  -0.0407 -0.0426   1.173  2.867  0.000
   34 C  -0.0696 -0.1213   1.134  2.936  0.000
   35 C  -0.0558 -0.0955   1.139  2.917  0.000
   36 S   0.0820  0.0446   1.884  3.989  0.045
   37 C  -0.0291 -0.0162   1.179  2.850  0.000
   38 C   0.0003  0.0011   1.158  2.841  0.000
   39 C  -0.0436 -0.0336   1.173  2.871  0.000
   40 C  -0.0762 -0.1270   1.142  2.934  0.000
   41 C  -0.0933 -0.1461   1.133  2.960  0.000
   42 C  -0.0378 -0.0374   1.196  2.842  0.000
   43 C  -0.0263 -0.1307   1.119  2.907  0.000
   44 C  -0.0855 -0.2376   1.089  2.997  0.000
   45 S   0.0872  0.0478   1.887  3.980  0.046
   46 C  -0.0195 -0.0198   1.174  2.846  0.000
   47 C  -0.0561 -0.0575   1.196  2.861  0.000
   48 C   0.0304  0.0267   1.216  2.754  0.000
   49 C  -0.0015 -0.0098   1.185  2.816  0.000
   50 C  -0.0424 -0.0969   1.143  2.900  0.000
   51 C  -0.0425 -0.0973   1.140  2.902  0.000
   52 C  -0.0064 -0.0229   1.182  2.825  0.000
   53 C  -0.0444 -0.1513   1.124  2.920  0.000
   54 C  -0.0909 -0.2423   1.096  2.995  0.000
   55 C  -0.0420 -0.0964   1.140  2.902  0.000
   56 C  -0.0397 -0.0926   1.141  2.899  0.000
   57 C   0.0018 -0.0067   1.186  2.812  0.000
   58 C  -0.0387 -0.0913   1.142  2.897  0.000
   59 C  -0.0407 -0.0950   1.140  2.901  0.000
   60 C  -0.0061 -0.0228   1.182  2.824  0.000
   61 C  -0.0445 -0.1514   1.124  2.920  0.000
   62 C  -0.0913 -0.2429   1.096  2.995  0.000
   63 C  -0.0427 -0.0980   1.141  2.902  0.000
   64 C  -0.0402 -0.0959   1.142  2.898  0.000
   65 C  -0.0575 -0.0584   1.197  2.861  0.000
   66 C  -0.0357 -0.0231   1.180  2.856  0.000
   67 S   0.0852  0.0516   1.891  3.978  0.047
   68 C  -0.0250 -0.0118   1.182  2.843  0.000
   69 C   0.0025  0.0035   1.159  2.839  0.000
   70 C  -0.0367 -0.0271   1.174  2.863  0.000
   71 C  -0.0773 -0.1291   1.141  2.936  0.000
   72 C  -0.0876 -0.1397   1.138  2.950  0.000
   73 C  -0.0381 -0.0374   1.195  2.843  0.000
   74 C  -0.0278 -0.1324   1.119  2.909  0.000
   75 C  -0.0883 -0.2392   1.097  2.991  0.000
   76 S   0.0879  0.0514   1.886  3.981  0.045
   77 C  -0.0403 -0.0422   1.173  2.867  0.000
   78 C  -0.0696 -0.1213   1.134  2.936  0.000
   79 C  -0.0557 -0.0954   1.139  2.917  0.000
   80 S   0.0815  0.0439   1.884  3.989  0.045
   81 C  -0.0293 -0.0164   1.179  2.850  0.000
   82 C   0.0004  0.0016   1.158  2.841  0.000
   83 C  -0.0408 -0.0308   1.176  2.865  0.000
   84 C  -0.0729 -0.1240   1.142  2.931  0.000
   85 C  -0.0878 -0.1407   1.138  2.950  0.000
   86 C  -0.0405 -0.0405   1.195  2.845  0.000
   87 C  -0.0293 -0.1342   1.120  2.910  0.000
   88 C  -0.0929 -0.2445   1.100  2.993  0.000
   89 S   0.0937  0.0538   1.886  3.974  0.046
   90 C  -0.0187 -0.0180   1.173  2.845  0.000
   91 C  -0.0391 -0.0921   1.141  2.899  0.000
   92 C  -0.0413 -0.0958   1.140  2.902  0.000
   93 H   0.0289  0.0815   0.971  0.000  0.000
   94 H   0.0324  0.0839   0.968  0.000  0.000
   95 H   0.0295  0.0822   0.971  0.000  0.000
   96 H   0.0353  0.0912   0.965  0.000  0.000
   97 H   0.0362  0.0920   0.964  0.000  0.000
   98 H   0.0364  0.0945   0.964  0.000  0.000
   99 H   0.0429  0.1051   0.957  0.000  0.000
  100 H   0.0425  0.1031   0.957  0.000  0.000
  101 H   0.0360  0.0934   0.964  0.000  0.000
  102 H   0.0363  0.0921   0.964  0.000  0.000
  103 H   0.0353  0.0911   0.965  0.000  0.000
  104 H   0.0324  0.0840   0.968  0.000  0.000
  105 H   0.0296  0.0823   0.970  0.000  0.000
  106 H   0.0292  0.0818   0.971  0.000  0.000
  107 H   0.0369  0.0945   0.963  0.000  0.000
  108 H   0.0422  0.1056   0.958  0.000  0.000
  109 H   0.0481  0.1074   0.952  0.000  0.000
  110 H   0.0470  0.1066   0.953  0.000  0.000
  111 H   0.0464  0.1045   0.954  0.000  0.000
  112 H   0.0430  0.1001   0.957  0.000  0.000
  113 H   0.0432  0.0992   0.957  0.000  0.000
  114 H   0.0394  0.0953   0.961  0.000  0.000
  115 H   0.0347  0.0864   0.965  0.000  0.000
  116 H   0.0291  0.0816   0.971  0.000  0.000
  117 H   0.0314  0.0847   0.969  0.000  0.000
  118 H   0.0518  0.1106   0.948  0.000  0.000
  119 H   0.0586  0.1164   0.941  0.000  0.000
  120 H   0.0441  0.1027   0.956  0.000  0.000
  121 H   0.0432  0.1018   0.957  0.000  0.000
  122 H   0.0429  0.0987   0.957  0.000  0.000
  123 H   0.0429  0.0989   0.957  0.000  0.000
  124 H   0.0319  0.0846   0.968  0.000  0.000
  125 H   0.0365  0.0882   0.963  0.000  0.000
  126 H   0.0320  0.0850   0.968  0.000  0.000
  127 H   0.0464  0.1108   0.954  0.000  0.000
  128 H   0.0369  0.0951   0.963  0.000  0.000
  129 H   0.0358  0.0916   0.964  0.000  0.000
  130 H   0.0358  0.0916   0.964  0.000  0.000
  131 H   0.0295  0.0824   0.970  0.000  0.000
  132 H   0.0323  0.0838   0.968  0.000  0.000
  133 H   0.0292  0.0818   0.971  0.000  0.000
  134 H   0.0364  0.0939   0.964  0.000  0.000
  135 H   0.0390  0.0994   0.961  0.000  0.000
  136 H   0.0407  0.1024   0.959  0.000  0.000
  137 H   0.0369  0.0946   0.963  0.000  0.000
  138 H   0.0364  0.0922   0.964  0.000  0.000
  139 H   0.0354  0.0912   0.965  0.000  0.000
  140 H   0.0299  0.0828   0.970  0.000  0.000
  141 H   0.0323  0.0839   0.968  0.000  0.000
  142 H   0.0294  0.0823   0.971  0.000  0.000
  143 H   0.0364  0.0938   0.964  0.000  0.000
  144 H   0.0426  0.1026   0.957  0.000  0.000
  145 H   0.0465  0.1046   0.954  0.000  0.000
  146 H   0.0432  0.1003   0.957  0.000  0.000
  147 H   0.0429  0.0989   0.957  0.000  0.000
  148 H   0.0395  0.0954   0.960  0.000  0.000
  149 H   0.0315  0.0849   0.968  0.000  0.000
  150 H   0.0294  0.0820   0.971  0.000  0.000
  151 H   0.0344  0.0860   0.966  0.000  0.000
  152 H   0.0517  0.1105   0.948  0.000  0.000
  153 H   0.0587  0.1165   0.941  0.000  0.000
  154 H   0.0458  0.1044   0.954  0.000  0.000
  155 H   0.0423  0.0997   0.958  0.000  0.000
  156 H   0.0392  0.0949   0.961  0.000  0.000
  157 H   0.0422  0.0985   0.958  0.000  0.000
  158 H   0.0287  0.0815   0.971  0.000  0.000
  159 H   0.0333  0.0849   0.967  0.000  0.000
  160 H   0.0341  0.0891   0.966  0.000  0.000
  161 H   0.0386  0.0986   0.961  0.000  0.000
  162 H   0.0362  0.0937   0.964  0.000  0.000
 Hirshfeld charges for QMDFF written to <charges>
 
 Loewdin charges    n(s)   n(p)   n(d)
    1 C  -0.0922   1.023  3.069  0.000
    2 C  -0.0390   1.063  2.976  0.000
    3 C   0.0019   1.138  2.860  0.000
    4 C  -0.0372   1.087  2.950  0.000
    5 C  -0.0366   1.089  2.948  0.000
    6 C   0.0040   1.143  2.853  0.000
    7 C   0.0371   1.176  2.787  0.000
    8 C   0.0048   1.146  2.849  0.000
    9 C  -0.0380   1.090  2.948  0.000
   10 C  -0.0391   1.087  2.952  0.000
   11 C   0.0013   1.138  2.860  0.000
   12 C  -0.0386   1.062  2.976  0.000
   13 C  -0.0920   1.023  3.069  0.000
   14 C  -0.0367   1.087  2.950  0.000
   15 C  -0.0357   1.090  2.946  0.000
   16 C  -0.0128   1.161  2.852  0.000
   17 C  -0.0315   1.089  2.942  0.000
   18 C  -0.0014   1.122  2.879  0.000
   19 C  -0.0129   1.161  2.852  0.000
   20 C  -0.0318   1.088  2.944  0.000
   21 C   0.0002   1.123  2.877  0.000
   22 C  -0.0107   1.134  2.877  0.000
   23 S   0.0478   1.877  3.975  0.099
   24 C  -0.0047   1.137  2.868  0.000
   25 C   0.0006   1.118  2.881  0.000
   26 C  -0.0135   1.128  2.885  0.000
   27 C  -0.0740   1.090  2.984  0.000
   28 C  -0.0853   1.087  2.999  0.000
   29 C  -0.0120   1.149  2.863  0.000
   30 C  -0.0210   1.057  2.964  0.000
   31 C  -0.0897   1.025  3.065  0.000
   32 S   0.0526   1.872  3.977  0.098
   33 C  -0.0388   1.132  2.907  0.000
   34 C  -0.0675   1.082  2.985  0.000
   35 C  -0.0249   1.082  2.943  0.000
   36 S   0.0444   1.870  3.986  0.100
   37 C  -0.0077   1.134  2.874  0.000
   38 C  -0.0013   1.118  2.883  0.000
   39 C  -0.0208   1.128  2.893  0.000
   40 C  -0.0726   1.091  2.981  0.000
   41 C  -0.0925   1.082  3.010  0.000
   42 C  -0.0111   1.151  2.861  0.000
   43 C  -0.0195   1.057  2.962  0.000
   44 C  -0.0866   1.016  3.071  0.000
   45 S   0.0500   1.873  3.976  0.101
   46 C  -0.0195   1.134  2.886  0.000
   47 C  -0.0601   1.159  2.901  0.000
   48 C   0.0375   1.175  2.787  0.000
   49 C   0.0028   1.143  2.854  0.000
   50 C  -0.0393   1.090  2.949  0.000
   51 C  -0.0379   1.087  2.951  0.000
   52 C   0.0012   1.138  2.860  0.000
   53 C  -0.0386   1.062  2.976  0.000
   54 C  -0.0924   1.023  3.069  0.000
   55 C  -0.0374   1.087  2.951  0.000
   56 C  -0.0348   1.088  2.947  0.000
   57 C   0.0063   1.144  2.849  0.000
   58 C  -0.0343   1.089  2.946  0.000
   59 C  -0.0360   1.087  2.949  0.000
   60 C   0.0014   1.138  2.860  0.000
   61 C  -0.0387   1.062  2.976  0.000
   62 C  -0.0931   1.023  3.070  0.000
   63 C  -0.0379   1.088  2.950  0.000
   64 C  -0.0361   1.089  2.947  0.000
   65 C  -0.0618   1.160  2.901  0.000
   66 C  -0.0114   1.134  2.877  0.000
   67 S   0.0472   1.877  3.976  0.100
   68 C  -0.0044   1.138  2.866  0.000
   69 C   0.0013   1.118  2.881  0.000
   70 C  -0.0137   1.128  2.885  0.000
   71 C  -0.0741   1.090  2.984  0.000
   72 C  -0.0848   1.087  2.998  0.000
   73 C  -0.0123   1.150  2.863  0.000
   74 C  -0.0211   1.057  2.964  0.000
   75 C  -0.0898   1.025  3.065  0.000
   76 S   0.0520   1.873  3.977  0.098
   77 C  -0.0384   1.132  2.906  0.000
   78 C  -0.0674   1.082  2.985  0.000
   79 C  -0.0249   1.082  2.943  0.000
   80 S   0.0439   1.870  3.986  0.100
   81 C  -0.0080   1.135  2.873  0.000
   82 C  -0.0014   1.118  2.883  0.000
   83 C  -0.0175   1.131  2.887  0.000
   84 C  -0.0695   1.091  2.979  0.000
   85 C  -0.0853   1.087  2.998  0.000
   86 C  -0.0143   1.150  2.864  0.000
   87 C  -0.0226   1.057  2.965  0.000
   88 C  -0.0954   1.028  3.068  0.000
   89 S   0.0563   1.872  3.971  0.101
   90 C  -0.0189   1.133  2.886  0.000
   91 C  -0.0343   1.087  2.947  0.000
   92 C  -0.0366   1.087  2.950  0.000
   93 H   0.0287   0.971  0.000  0.000
   94 H   0.0323   0.968  0.000  0.000
   95 H   0.0292   0.971  0.000  0.000
   96 H   0.0321   0.968  0.000  0.000
   97 H   0.0328   0.967  0.000  0.000
   98 H   0.0297   0.970  0.000  0.000
   99 H   0.0356   0.964  0.000  0.000
  100 H   0.0358   0.964  0.000  0.000
  101 H   0.0290   0.971  0.000  0.000
  102 H   0.0329   0.967  0.000  0.000
  103 H   0.0320   0.968  0.000  0.000
  104 H   0.0323   0.968  0.000  0.000
  105 H   0.0293   0.971  0.000  0.000
  106 H   0.0289   0.971  0.000  0.000
  107 H   0.0297   0.970  0.000  0.000
  108 H   0.0344   0.966  0.000  0.000
  109 H   0.0400   0.960  0.000  0.000
  110 H   0.0386   0.961  0.000  0.000
  111 H   0.0393   0.961  0.000  0.000
  112 H   0.0362   0.964  0.000  0.000
  113 H   0.0387   0.961  0.000  0.000
  114 H   0.0356   0.964  0.000  0.000
  115 H   0.0344   0.966  0.000  0.000
  116 H   0.0288   0.971  0.000  0.000
  117 H   0.0310   0.969  0.000  0.000
  118 H   0.0441   0.956  0.000  0.000
  119 H   0.0483   0.952  0.000  0.000
  120 H   0.0368   0.963  0.000  0.000
  121 H   0.0370   0.963  0.000  0.000
  122 H   0.0386   0.961  0.000  0.000
  123 H   0.0387   0.961  0.000  0.000
  124 H   0.0314   0.969  0.000  0.000
  125 H   0.0361   0.964  0.000  0.000
  126 H   0.0319   0.968  0.000  0.000
  127 H   0.0392   0.961  0.000  0.000
  128 H   0.0300   0.970  0.000  0.000
  129 H   0.0324   0.968  0.000  0.000
  130 H   0.0325   0.968  0.000  0.000
  131 H   0.0294   0.971  0.000  0.000
  132 H   0.0322   0.968  0.000  0.000
  133 H   0.0290   0.971  0.000  0.000
  134 H   0.0293   0.971  0.000  0.000
  135 H   0.0310   0.969  0.000  0.000
  136 H   0.0328   0.967  0.000  0.000
  137 H   0.0297   0.970  0.000  0.000
  138 H   0.0330   0.967  0.000  0.000
  139 H   0.0321   0.968  0.000  0.000
  140 H   0.0296   0.970  0.000  0.000
  141 H   0.0323   0.968  0.000  0.000
  142 H   0.0296   0.970  0.000  0.000
  143 H   0.0295   0.971  0.000  0.000
  144 H   0.0358   0.964  0.000  0.000
  145 H   0.0393   0.961  0.000  0.000
  146 H   0.0364   0.964  0.000  0.000
  147 H   0.0386   0.961  0.000  0.000
  148 H   0.0357   0.964  0.000  0.000
  149 H   0.0311   0.969  0.000  0.000
  150 H   0.0291   0.971  0.000  0.000
  151 H   0.0341   0.966  0.000  0.000
  152 H   0.0440   0.956  0.000  0.000
  153 H   0.0483   0.952  0.000  0.000
  154 H   0.0384   0.962  0.000  0.000
  155 H   0.0358   0.964  0.000  0.000
  156 H   0.0353   0.965  0.000  0.000
  157 H   0.0380   0.962  0.000  0.000
  158 H   0.0288   0.971  0.000  0.000
  159 H   0.0333   0.967  0.000  0.000
  160 H   0.0340   0.966  0.000  0.000
  161 H   0.0307   0.969  0.000  0.000
  162 H   0.0291   0.971  0.000  0.000
 
 Wiberg/Mayer (AO) data. WBOs > 0.1 written file <wbo>
 largest (>0.05) Wiberg bond orders for each atom
           total WBO             WBO to atom ...
     1  C   3.983    C    2 0.991    H   93 0.984    H   95 0.984    H   94 0.980
     2  C   3.974    C    1 0.991    C    3 0.982    H   96 0.967    H   97 0.966
     3  C   3.950    C    4 1.397    C   92 1.384    C    2 0.982    C    6 0.107
     4  C   3.971    C    5 1.429    C    3 1.397    H   98 0.944    C   91 0.108
     5  C   3.969    C    4 1.429    C    6 1.399    H   99 0.939    C   92 0.106
     6  C   3.946    C    5 1.399    C   91 1.384    C    7 0.927    C    3 0.107
     7  C   3.917    C   47 0.927    C    6 0.927    C    8 0.916    C   16 0.913
     8  C   3.943    C   15 1.396    C    9 1.388    C    7 0.916    C   11 0.108
     9  C   3.970    C   10 1.439    C    8 1.388    H  100 0.941    C   14 0.107
    10  C   3.970    C    9 1.439    C   11 1.388    H  101 0.945    C   15 0.106
    11  C   3.950    C   14 1.394    C   10 1.388    C   12 0.982    C    8 0.108
    12  C   3.973    C   13 0.991    C   11 0.982    H  103 0.967    H  102 0.966
    13  C   3.983    C   12 0.991    H  106 0.984    H  105 0.984    H  104 0.980
    14  C   3.971    C   15 1.432    C   11 1.394    H  107 0.945    C    9 0.107
    15  C   3.969    C   14 1.432    C    8 1.396    H  108 0.940    C   10 0.106
    16  C   3.928    C   17 1.452    C   21 1.276    C    7 0.913    C   19 0.093
    17  C   3.953    C   16 1.452    C   18 1.333    H  109 0.939    C   20 0.080
    18  C   3.934    C   17 1.333    C   19 1.280    C   66 1.089    C   21 0.081
    19  C   3.928    C   20 1.446    C   18 1.280    C   48 0.911    C   16 0.093
    20  C   3.955    C   19 1.446    C   21 1.339    H  110 0.940    C   17 0.080
    21  C   3.935    C   20 1.339    C   16 1.276    C   22 1.087    C   18 0.081
    22  C   3.921    C   47 1.522    S   23 1.091    C   21 1.087
    23  S   2.459    C   22 1.091    C   24 1.069    C   47 0.077
    24  C   3.926    C   25 1.365    C   46 1.222    S   23 1.069    C   37 0.056
    25  C   3.945    C   24 1.365    C   33 1.265    C   26 1.034    C   38 0.090
    26  C   3.936    C   27 1.572    S   32 1.110    C   25 1.034    C   29 0.111
    27  C   3.961    C   26 1.572    C   28 1.257    H  111 0.938    S   32 0.075
    28  C   3.962    C   29 1.601    C   27 1.257    H  112 0.939    S   32 0.072
    29  C   3.922    C   28 1.601    S   32 1.133    C   30 0.998    C   26 0.111
    30  C   3.975    C   29 0.998    C   31 0.988    H  114 0.964    H  113 0.963
    31  C   3.982    C   30 0.988    H  116 0.984    H  117 0.983    H  115 0.979
    32  S   2.541    C   29 1.133    C   26 1.110    C   27 0.075    C   28 0.072
    33  C   3.938    C   25 1.265    C   37 1.248    C   34 1.159    C   46 0.054
    34  C   3.958    C   35 1.712    C   33 1.159    H  118 0.936    S   36 0.087
    35  C   3.939    C   34 1.712    S   36 1.130    H  119 0.950
    36  S   2.474    C   35 1.130    C   37 1.077    C   34 0.087
    37  C   3.940    C   38 1.356    C   33 1.248    S   36 1.077    C   24 0.056
    38  C   3.929    C   37 1.356    C   46 1.283    C   39 0.997    C   25 0.090
    39  C   3.935    C   40 1.602    S   45 1.109    C   38 0.997    C   42 0.116
    40  C   3.960    C   39 1.602    C   41 1.244    H  120 0.939    S   45 0.080
    41  C   3.962    C   42 1.617    C   40 1.244    H  121 0.939    S   45 0.069
    42  C   3.928    C   41 1.617    S   45 1.133    C   43 0.988    C   39 0.116
    43  C   3.974    C   44 1.005    C   42 0.988    H  122 0.959    H  123 0.958
    44  C   3.985    C   43 1.005    H  124 0.985    H  126 0.984    H  125 0.981
    45  S   2.539    C   42 1.133    C   39 1.109    C   40 0.080    C   41 0.069
    46  C   3.942    C   38 1.283    C   24 1.222    C   47 1.159    C   33 0.054
    47  C   3.907    C   22 1.522    C   46 1.159    C    7 0.927    S   23 0.077
    48  C   3.917    C   49 0.925    C   57 0.924    C   65 0.923    C   19 0.911
    49  C   3.945    C   50 1.399    C   56 1.384    C   48 0.925    C   52 0.107
    50  C   3.968    C   51 1.428    C   49 1.399    H  127 0.937    C   55 0.106
    51  C   3.971    C   50 1.428    C   52 1.398    H  128 0.944    C   56 0.108
    52  C   3.949    C   51 1.398    C   55 1.384    C   53 0.982    C   49 0.107
    53  C   3.974    C   54 0.990    C   52 0.982    H  129 0.967    H  130 0.966
    54  C   3.983    C   53 0.990    H  133 0.984    H  131 0.984    H  132 0.980
    55  C   3.972    C   56 1.447    C   52 1.384    H  134 0.945    C   50 0.106
    56  C   3.971    C   55 1.447    C   49 1.384    H  135 0.945    C   51 0.108
    57  C   3.944    C   58 1.393    C   64 1.387    C   48 0.924    C   60 0.107
    58  C   3.970    C   59 1.435    C   57 1.393    H  136 0.942    C   63 0.106
    59  C   3.972    C   58 1.435    C   60 1.393    H  137 0.945    C   64 0.107
    60  C   3.950    C   59 1.393    C   63 1.388    C   61 0.982    C   57 0.107
    61  C   3.973    C   62 0.990    C   60 0.982    H  139 0.967    H  138 0.966
    62  C   3.983    C   61 0.990    H  140 0.984    H  142 0.983    H  141 0.980
    63  C   3.970    C   64 1.437    C   60 1.388    H  143 0.945    C   58 0.106
    64  C   3.968    C   63 1.437    C   57 1.387    H  144 0.942    C   59 0.107
    65  C   3.907    C   66 1.521    C   90 1.159    C   48 0.923    S   67 0.077
    66  C   3.921    C   65 1.521    S   67 1.090    C   18 1.089
    67  S   2.460    C   66 1.090    C   68 1.069    C   65 0.077
    68  C   3.926    C   69 1.365    C   90 1.222    S   67 1.069    C   81 0.056
    69  C   3.945    C   68 1.365    C   77 1.265    C   70 1.034    C   82 0.090
    70  C   3.936    C   71 1.572    S   76 1.110    C   69 1.034    C   73 0.111
    71  C   3.961    C   70 1.572    C   72 1.257    H  145 0.938    S   76 0.075
    72  C   3.963    C   73 1.602    C   71 1.257    H  146 0.939    S   76 0.072
    73  C   3.922    C   72 1.602    S   76 1.131    C   74 0.998    C   70 0.111
    74  C   3.974    C   73 0.998    C   75 0.988    H  148 0.964    H  147 0.963
    75  C   3.981    C   74 0.988    H  150 0.984    H  149 0.983    H  151 0.979
    76  S   2.540    C   73 1.131    C   70 1.110    C   71 0.075    C   72 0.072
    77  C   3.938    C   69 1.265    C   81 1.250    C   78 1.158    C   90 0.054
    78  C   3.959    C   79 1.712    C   77 1.158    H  152 0.936    S   80 0.087
    79  C   3.939    C   78 1.712    S   80 1.130    H  153 0.950
    80  S   2.475    C   79 1.130    C   81 1.077    C   78 0.087
    81  C   3.939    C   82 1.353    C   77 1.250    S   80 1.077    C   68 0.056
    82  C   3.929    C   81 1.353    C   90 1.287    C   83 0.997    C   69 0.090
    83  C   3.933    C   84 1.590    S   89 1.116    C   82 0.997    C   86 0.115
    84  C   3.960    C   83 1.590    C   85 1.253    H  154 0.939    S   89 0.079
    85  C   3.963    C   86 1.603    C   84 1.253    H  155 0.939    S   89 0.075
    86  C   3.926    C   85 1.603    S   89 1.133    C   87 0.997    C   83 0.115
    87  C   3.974    C   86 0.997    C   88 0.986    H  157 0.965    H  156 0.964
    88  C   3.981    C   87 0.986    H  158 0.983    H  160 0.979    H  159 0.979
    89  S   2.554    C   86 1.133    C   83 1.116    C   84 0.079    C   85 0.075
    90  C   3.942    C   82 1.287    C   68 1.222    C   65 1.159    C   77 0.054
    91  C   3.971    C   92 1.447    C    6 1.384    H  161 0.945    C    4 0.108
    92  C   3.972    C   91 1.447    C    3 1.384    H  162 0.945    C    5 0.106
    93  H   0.999    C    1 0.984
    94  H   0.997    C    1 0.980
    95  H   0.999    C    1 0.984
    96  H   0.998    C    2 0.967
    97  H   0.998    C    2 0.966
    98  H   0.997    C    4 0.944
    99  H   0.997    C    5 0.939
   100  H   0.997    C    9 0.941
   101  H   0.997    C   10 0.945
   102  H   0.998    C   12 0.966
   103  H   0.998    C   12 0.967
   104  H   0.997    C   13 0.980
   105  H   0.999    C   13 0.984
   106  H   0.999    C   13 0.984
   107  H   0.997    C   14 0.945
   108  H   0.997    C   15 0.940
   109  H   0.994    C   17 0.939
   110  H   0.994    C   20 0.940
   111  H   0.997    C   27 0.938
   112  H   0.997    C   28 0.939
   113  H   0.997    C   30 0.963
   114  H   0.998    C   30 0.964
   115  H   0.997    C   31 0.979
   116  H   0.999    C   31 0.984
   117  H   0.999    C   31 0.983
   118  H   0.994    C   34 0.936
   119  H   0.994    C   35 0.950
   120  H   0.997    C   40 0.939
   121  H   0.996    C   41 0.939
   122  H   0.997    C   43 0.959
   123  H   0.997    C   43 0.958
   124  H   0.999    C   44 0.985
   125  H   0.998    C   44 0.981
   126  H   0.999    C   44 0.984
   127  H   0.997    C   50 0.937
   128  H   0.997    C   51 0.944
   129  H   0.998    C   53 0.967
   130  H   0.998    C   53 0.966
   131  H   0.999    C   54 0.984
   132  H   0.997    C   54 0.980
   133  H   0.999    C   54 0.984
   134  H   0.997    C   55 0.945
   135  H   0.997    C   56 0.945
   136  H   0.997    C   58 0.942
   137  H   0.997    C   59 0.945
   138  H   0.998    C   61 0.966
   139  H   0.998    C   61 0.967
   140  H   0.999    C   62 0.984
   141  H   0.997    C   62 0.980
   142  H   0.999    C   62 0.983
   143  H   0.997    C   63 0.945
   144  H   0.997    C   64 0.942
   145  H   0.997    C   71 0.938
   146  H   0.996    C   72 0.939
   147  H   0.997    C   74 0.963
   148  H   0.998    C   74 0.964
   149  H   0.999    C   75 0.983
   150  H   0.999    C   75 0.984
   151  H   0.997    C   75 0.979
   152  H   0.994    C   78 0.936
   153  H   0.994    C   79 0.950
   154  H   0.997    C   84 0.939
   155  H   0.997    C   85 0.939
   156  H   0.998    C   87 0.964
   157  H   0.997    C   87 0.965
   158  H   0.999    C   88 0.983
   159  H   0.997    C   88 0.979
   160  H   0.999    C   88 0.979
   161  H   0.997    C   91 0.945
   162  H   0.997    C   92 0.945
 
 --------------------------------------------
          xTB calculation for sTDA...
 --------------------------------------------
 
 reading parameter file /ihome/ghutchison/blp62/xtb4stda/.param_stda2.xtb
 
      method parameters     
 k(s)        :  1.6000
 k(p)        :  2.1800
 k(d)        :  1.9500
 k(f)        :  2.0000
 k(R-V)      :  2.2750
 k(R-R)      :  1.7650
 Tscal       :  0.2580
 Gscal       :  1.0000
 fpol        :  1.0000
 Zcnf        :  0.3430
 Zqf         :  0.0000
 kcn         :  2.7000
 Ryd Hsplit  :  0.7000
 lshift(virt):  3.1000
 lshift(OS)  :  0.2000
 wllscaling  :  2.6000
 
 mowrcut     : 3.000
 
  Z AO/shell   Hii/eV     exponent
  1     Sun Feb 14 09:53:25 CET 2016    EN: 2.327 GAM: 0.473  GM3: 0.0000
     1s    -14.339618    1.220000
     2sp    -3.348946    0.600000
  6     Sun Feb 14 09:53:25 CET 2016    EN: 2.731 GAM: 0.422  GM3: 0.0000
     2s    -22.009312    1.565095
     2p    -13.020408    1.596905
     3sp    -3.914040    0.824500
 16     Sun Feb 21 16:35:57 CET 2016    EN: 1.915 GAM: 0.200  GM3: 0.0000
     3s    -17.898811    2.619580
     3p    -15.317401    1.798798
     4sp    -4.455139    0.843200
 
 Nbf   :         1086
 T(el) :     0.0
 calculating S/T integrals ...
 cpu time for ints    1.54501600000000     
 Nao   :         1086
 making H0...
 making H1...
 cpu time for H      3.796800000000000E-002
 solving ...
 cpu time for diag    1.01623000000000     
 
 gap (eV)           :   5.927
 Koopmans IP (eV)   :  13.447
 Eel (Eh)           :  -377.526296

          eigenvalues
 #    :         215        216        217        218        219        220        221        222
 occ. :        2.000      2.000      2.000      2.000      2.000      2.000      2.000      2.000
 eps  :       -15.543    -15.455    -15.366    -15.261    -15.219    -15.001    -14.958    -14.787
 #    :         223        224        225        226        227        228        229        230
 occ. :        2.000      2.000      2.000      2.000      2.000      0.000      0.000      0.000
 eps  :       -14.528    -14.477    -14.192    -13.693    -13.449     -7.521     -6.842     -6.309
 #    :         231        232        233        234        235        236        237        238
 occ. :        0.000      0.000      0.000      0.000      0.000      0.000      0.000      0.000
 eps  :        -5.957     -5.768     -5.683     -5.655     -5.639     -5.626     -5.615     -5.509
                            1  SCC done.
 writing mo output ...
 molden style : F
 
speedup  1.00
cpu  time for all    2.92 s
wall time for all    2.92 s
