 
        ______________________________________
       |                                      |
       |          ===================         |
       |             xTB for sTDA             |
       |          ===================         |
       |               S. Grimme              |
       |        Universitaet Bonn, MCTC       |
       |         2015-19, Version 1.0         |
       |     Wed Apr  3 09:14:55 CEST 2019    |
       |______________________________________|
 
        This code comes without any warranty
        for non-commercial, academia use only.
        Preliminary test version.
        Cite this work as:
        S. Grimme  &  C. Bannwarth, JCP 145 (2016) 054103
        if GBSA is used additionally:
        P. Shushkov, F. März, C. Bannwarth, S. Grimme, unpublished.
 
        with help from
        P. Shushkov, G. Brandenburg, S. Dohm, J. Pisarek,
        F. März, M. Checinski, S. Ehrlich, S. Spicher, 
        P. Pracht, E. Caldeweyher, S. Ehlert, and C. Bannwarth.
 
        usage        :
        xtb4stda <coord_file> [options]
        where <coord_file> is a valid file of TM)
        (*coord, Bohr) or xmol (*xyz, Angstroem)
        format.

        options:
        -chrg <int>   : molecular charge
        -uhf  <int>   : # of unpaired electrons(=2*S)
        -nox          : skip second, extended part in sTDA-xTB
        -pop          : do population analysis
                      : (default for -nox)
        -mowr <real>  : cut MO write above (def.3 Eh)
        -molden       : write formatted molden file
        -parx <file>  : read parameters for sTDA-xTB
                        calc (def:~/.param_stda2.xtb)
        -parv <file>  : read parameters for vTB part in
                        sTDA-xTB (def: ~/.param_stda1.xtb)
        -xtemp <real> : el. temp for xTB (def. 0 K)
        -etemp <real> : el. temp for GFN (def. 300 K)
        -fod          : calculate the FOD and write
                        molden.input file with
                        appropriate occupations
                        for plotting. Def. T=12500 K
 
        -acc <real>   : xTB accuracy (def. 1.0)
        -gbsa [string1] [string2]
                        use GBSA implicit solvent
                        for solvent [string1] and
                        solvation state [string2]=
                        reference, bar1M (default=1M)
        additional GFN/opt/MD/siman options read from
        $XTB4STDAHOME/.xtb4stdarc or $set in input
 
       spin and charge state information can be on:
       <.CHRG> (charge) and <.UHF> (=nalpha-nbeta)
       -uhf and -chrg override the file info.
       useful machine settings:
       setenv MKL_NUM_THREADS <NCORE_ON_YOUR_MACHINE>
       setenv OMP_STACKSIZE 500m
       limit stacksize unlimited
 
       total energies in Eh, gaps/HL energies in eV
       please read REVISION and HOWTO files carefully
 =============================
  # OMP threads =           8
 =============================
 
 xtb4stdahome directory:/ihome/ghutchison/blp62/xtb4stda/
 
 
 name of molecule           :
 comment line               :
 number of atoms            :   278
 number of electrons        :   882
 charge                     :  0
 spin                       : 0.0
 first test random number   :  0.6335
 
 -----------------------------------------
      charge density (VTB) calculation
 -----------------------------------------
 
      method parameters     
 k(s)        :  1.8000
 k(p)        :  2.8350
 k(d)        :  2.0860
 k(f)        :  2.0000
 Tscal       :  0.3300
 Gscal       :  0.3910
 fpol        :  1.0000
 Zcnf        :  0.6500
 Zqf         :  0.0000
 kcn         :  0.3000
 kEN1        : -0.5900
 wllscal     :  2.6000
 
     -------------------------
     ! NO SOLVENT MODEL USED !
     -------------------------
 
 doing EN charges ...
 sum q :  0.3774758D-14
 point charge moment (au)
     X       Y       Z   
   0.9728  -0.2785   2.2365  total (Debye):    6.239
 
            Z      q(EN)   CN      Cart. coordinates
     1  C   4.0  -0.164   3.145    12.00184   -41.31791    -7.36086
     2  C   4.0  -0.089   3.325    13.06424   -39.36148    -8.59939
     3  C   4.0  -0.020   3.456    11.42717   -37.23062    -8.80707
     4  C   4.0  -0.015   3.328    11.95233   -34.85108    -9.88138
     5  C   4.0  -0.114   3.208    14.26970   -34.34974   -11.24103
     6  C   4.0  -0.094   3.339    15.53336   -35.94712   -12.83256
     7  C   4.0  -0.104   3.372    17.73583   -34.97618   -13.96829
     8  C   4.0  -0.199   3.123    18.32996   -32.55412   -13.30575
     9  S   6.0   0.181   2.330    21.04663   -30.98130   -14.33527
    10  C   4.0  -0.242   4.016    20.18624   -27.68033   -13.78423
    11  C   4.0  -0.252   4.073    18.20808   -26.74302   -15.62841
    12  SE  6.0   0.292   2.874    15.95930   -31.22167   -10.99991
    13  C   4.0  -0.090   3.324    10.09189   -33.01805    -9.57694
    14  C   4.0  -0.021   3.451     7.74372   -33.45250    -8.37583
    15  C   4.0  -0.014   3.318     7.18927   -35.85150    -7.36521
    16  C   4.0  -0.112   3.207     4.85792   -36.41162    -6.04675
    17  C   4.0  -0.099   3.360     3.52302   -38.62222    -6.14785
    18  C   4.0  -0.103   3.354     1.38536   -38.78455    -4.56766
    19  C   4.0  -0.207   3.126     0.97264   -36.70982    -3.09518
    20  S   6.0   0.178   2.371    -1.43997   -36.11777    -0.91614
    21  C   4.0  -0.239   3.999    -2.50521   -39.29723    -0.08957
    22  C   4.0  -0.250   4.068    -0.50758   -40.77103     1.33963
    23  SE  6.0   0.291   2.696     3.39414   -34.18817    -3.64774
    24  C   4.0  -0.090   3.314     9.07598   -37.67622    -7.62013
    25  S   6.0   0.216   2.520     8.94521   -40.72662    -6.37442
    26  C   4.0  -0.092   3.375     6.18772   -31.26759    -8.41079
    27  C   4.0  -0.088   3.265     7.29453   -29.22839    -9.52082
    28  S   6.0   0.201   2.821    10.32527   -29.92324   -10.66486
    29  C   4.0  -0.093   3.275     6.35383   -26.72337    -9.81448
    30  C   4.0  -0.090   3.379     7.68211   -24.69740   -10.68867
    31  C   4.0  -0.019   3.449     6.28353   -22.41744   -10.71116
    32  C   4.0  -0.005   3.299     7.13031   -20.01087   -11.45457
    33  C   4.0  -0.006   3.240     9.68749   -19.68773   -12.47881
    34  C   4.0  -0.072   3.192    10.56413   -21.25488   -14.40954
    35  C   4.0  -0.086   3.262    13.01265   -21.06100   -15.27069
    36  C   4.0  -0.082   3.166    14.68071   -19.28673   -14.26630
    37  S   6.0   0.188   2.312    17.78402   -19.24100   -15.51522
    38  C   4.0  -0.239   3.999    19.79866   -18.57582   -12.78041
    39  C   4.0  -0.250   4.068    19.47778   -20.51657   -10.69925
    40  C   4.0   0.014   3.226    13.74379   -17.65287   -12.43288
    41  F   7.0  -0.028   1.076    15.21135   -15.80812   -11.44796
    42  C   4.0  -0.075   3.228    11.30642   -17.85319   -11.52260
    43  C   4.0  -0.087   3.301     5.45073   -18.02874   -11.12727
    44  C   4.0  -0.019   3.454     2.96252   -18.38722   -10.20471
    45  C   4.0  -0.005   3.301     2.08097   -20.80796    -9.55067
    46  C   4.0  -0.006   3.240    -0.52459   -21.13129    -8.66005
    47  C   4.0  -0.073   3.197    -2.52619   -20.06813   -10.00100
    48  C   4.0  -0.083   3.223    -4.97546   -20.19456    -9.11131
    49  C   4.0  -0.085   3.168    -5.51403   -21.38678    -6.83079
    50  S   6.0   0.192   2.342    -8.52682   -21.56480    -5.44109
    51  C   4.0  -0.238   4.002   -10.34493   -19.22040    -7.22858
    52  C   4.0  -0.253   4.087   -12.82614   -18.73455    -5.88026
    53  C   4.0   0.010   3.269    -3.50487   -22.53139    -5.55731
    54  C   4.0  -0.074   3.221    -1.05541   -22.42235    -6.42771
    55  F   7.0  -0.029   1.088    -3.96672   -23.74535    -3.36806
    56  C   4.0  -0.088   3.302     3.80099   -22.76931    -9.76535
    57  S   6.0   0.215   2.565     3.25486   -25.92515    -8.96864
    58  C   4.0  -0.088   3.368     1.64973   -16.07250    -9.95829
    59  C   4.0  -0.091   3.260     3.01487   -14.01421   -10.69906
    60  S   6.0   0.212   2.609     6.03201   -14.84493   -11.77337
    61  C   4.0  -0.088   3.261     2.19435   -11.45136   -10.55506
    62  C   4.0  -0.093   3.391    -0.11565   -10.64804    -9.73492
    63  C   4.0  -0.022   3.462    -0.36812    -7.99052    -9.63363
    64  C   4.0  -0.015   3.327    -2.48896    -6.59741    -8.81330
    65  C   4.0  -0.115   3.204    -4.89552    -7.79720    -8.32708
    66  C   4.0  -0.098   3.356    -6.64995    -7.21233    -6.52428
    67  C   4.0  -0.105   3.376    -8.93236    -8.58200    -6.61215
    68  C   4.0  -0.202   3.121    -9.11472   -10.29012    -8.53438
    69  S   6.0   0.180   2.331   -11.71762   -12.28114    -9.00020
    70  C   4.0  -0.241   4.010   -11.70156   -12.68611   -12.44158
    71  C   4.0  -0.251   4.070   -10.12515   -14.92751   -13.27419
    72  SE  6.0   0.300   2.695    -6.12328   -10.38197   -10.46020
    73  C   4.0  -0.088   3.307    -2.10988    -4.01000    -8.52418
    74  C   4.0  -0.019   3.449     0.17234    -2.77374    -9.18369
    75  C   4.0  -0.015   3.323     2.18944    -4.14096   -10.28124
    76  C   4.0  -0.113   3.206     4.41478    -2.88882   -11.23140
    77  C   4.0  -0.094   3.341     4.54290    -0.55331   -12.34936
    78  C   4.0  -0.104   3.369     6.95589     0.26683   -13.09202
    79  C   4.0  -0.202   3.125     8.87302    -1.39273   -12.58482
    80  S   6.0   0.182   2.343    12.04152    -0.82864   -13.29498
    81  C   4.0  -0.241   4.028    13.43879    -3.82159   -12.26546
    82  C   4.0  -0.251   4.076    16.25845    -3.82424   -12.75187
    83  SE  6.0   0.291   2.908     7.65433    -4.36602   -11.05622
    84  C   4.0  -0.088   3.321     1.88292    -6.75275   -10.36552
    85  S   6.0   0.195   2.854     4.17573    -8.91894   -11.32021
    86  C   4.0  -0.088   3.361     0.13039    -0.18595    -8.50755
    87  C   4.0  -0.091   3.264    -2.09193     0.57882    -7.44306
    88  S   6.0   0.212   2.667    -4.29232    -1.88254    -7.27809
    89  C   4.0  -0.091   3.265    -2.66357     2.98955    -6.38160
    90  C   4.0  -0.088   3.361    -1.11116     5.04368    -6.21777
    91  C   4.0  -0.019   3.449    -2.17167     7.09233    -4.86321
    92  C   4.0  -0.015   3.328    -0.98644     9.39005    -4.19633
    93  C   4.0  -0.114   3.208     1.43298    10.09832    -5.23530
    94  C   4.0  -0.094   3.340     2.29451     9.64535    -7.63449
    95  C   4.0  -0.104   3.374     4.74076    10.52237    -8.18818
    96  C   4.0  -0.200   3.123     5.94942    11.69816    -6.23024
    97  S   6.0   0.182   2.331     9.05670    12.79949    -6.41033
    98  C   4.0  -0.242   4.017     9.27837    14.75422    -3.57347
    99  C   4.0  -0.251   4.072     7.87071    17.23241    -3.84351
   100  SE  6.0   0.293   2.879     3.89775    11.81551    -3.32063
   101  C   4.0  -0.089   3.322    -2.28128    10.88614    -2.46553
   102  C   4.0  -0.021   3.449    -4.71921    10.30543    -1.53011
   103  C   4.0  -0.015   3.321    -5.97210     8.08954    -2.31945
   104  C   4.0  -0.115   3.208    -8.44651     7.34971    -1.41559
   105  C   4.0  -0.099   3.365   -10.26613     6.11931    -2.77733
   106  C   4.0  -0.104   3.371   -12.41720     5.32430    -1.42466
   107  C   4.0  -0.202   3.126   -12.37884     5.85267     1.09547
   108  S   6.0   0.182   2.347   -14.85325     5.18238     3.18400
   109  C   4.0  -0.241   4.013   -13.07105     4.43179     6.04920
   110  C   4.0  -0.251   4.073   -11.60216     1.99139     5.77822
   111  SE  6.0   0.298   2.674    -9.44636     7.67172     1.99631
   112  C   4.0  -0.088   3.313    -4.62340     6.52655    -3.95444
   113  S   6.0   0.212   2.677    -5.58338     3.52887    -4.92803
   114  C   4.0  -0.092   3.381    -5.57356    12.14735     0.20863
   115  C   4.0  -0.089   3.265    -3.86109    14.02082     0.67029
   116  S   6.0   0.197   2.847    -1.12439    13.67122    -1.14536
   117  C   4.0  -0.092   3.265    -4.08219    15.97102     2.51636
   118  C   4.0  -0.093   3.386    -6.18734    16.53964     3.89170
   119  C   4.0  -0.021   3.454    -5.76896    18.35188     5.81053
   120  C   4.0  -0.015   3.325    -7.48766    19.16919     7.67493
   121  C   4.0  -0.115   3.208   -10.03917    18.20222     7.87411
   122  C   4.0  -0.099   3.363   -12.14716    19.51558     8.59069
   123  C   4.0  -0.105   3.374   -14.41237    18.12417     8.72543
   124  C   4.0  -0.203   3.124   -14.19449    15.61821     8.16154
   125  S   6.0   0.181   2.335   -16.67834    13.44370     8.29023
   126  C   4.0  -0.245   4.024   -15.63767    11.14693     5.93090
   127  C   4.0  -0.253   4.077   -15.69285    12.21216     3.27697
   128  SE  6.0   0.300   2.695   -10.82681    14.75347     7.40225
   129  C   4.0  -0.090   3.313    -6.55357    20.91284     9.40743
   130  C   4.0  -0.021   3.451    -4.04571    21.84580     9.37852
   131  C   4.0  -0.015   3.324    -2.32058    20.99599     7.53339
   132  C   4.0  -0.116   3.210     0.30708    21.74961     7.49579
   133  C   4.0  -0.098   3.361     1.77955    22.17575     5.41520
   134  C   4.0  -0.105   3.379     4.34070    22.72282     5.88234
   135  C   4.0  -0.204   3.122     5.03253    22.69410     8.36922
   136  S   6.0   0.181   2.331     8.13697    23.15349     9.40706
   137  C   4.0  -0.242   4.017     7.70763    23.51084    12.81348
   138  C   4.0  -0.252   4.073     6.62651    26.06669    13.51702
   139  SE  6.0   0.301   2.689     2.26559    21.94123    10.46870
   140  C   4.0  -0.088   3.312    -3.25430    19.26349     5.78577
   141  S   6.0   0.212   2.647    -1.47871    17.78591     3.43325
   142  C   4.0  -0.092   3.378    -3.60068    23.56129    11.39013
   143  C   4.0  -0.091   3.262    -5.61967    23.86478    12.95747
   144  S   6.0   0.217   2.632    -8.23977    22.09978    11.97085
   145  C   4.0  -0.092   3.275    -5.84265    25.34897    15.19302
   146  C   4.0  -0.090   3.384    -7.88545    25.40226    16.75658
   147  C   4.0  -0.019   3.452    -7.58971    27.01514    18.87099
   148  C   4.0  -0.005   3.304    -9.31144    27.40802    20.84954
   149  C   4.0  -0.006   3.241   -11.79321    26.17233    20.78283
   150  C   4.0  -0.074   3.193   -12.66400    24.71402    22.79406
   151  C   4.0  -0.085   3.259   -14.89709    23.38593    22.59432
   152  C   4.0  -0.083   3.166   -16.36673    23.48873    20.41112
   153  S   6.0   0.188   2.305   -19.15974    21.65664    20.33062
   154  C   4.0  -0.238   3.999   -19.26632    20.43701    17.08993
   155  C   4.0  -0.249   4.066   -16.89226    18.99912    16.38411
   156  C   4.0   0.013   3.228   -15.54904    25.07515    18.47944
   157  F   7.0  -0.028   1.077   -16.94139    25.39017    16.36144
   158  C   4.0  -0.073   3.224   -13.29158    26.36886    18.62949
   159  C   4.0  -0.090   3.306    -8.51511    28.96459    22.80011
   160  C   4.0  -0.020   3.453    -6.11931    30.15795    22.82430
   161  C   4.0  -0.004   3.298    -4.40268    29.76659    20.83971
   162  C   4.0  -0.006   3.241    -1.88821    30.94029    20.85237
   163  C   4.0  -0.071   3.188    -0.29158    30.69803    22.93428
   164  C   4.0  -0.086   3.270     2.07038    31.79143    22.92616
   165  C   4.0  -0.083   3.163     2.93172    33.20116    20.87070
   166  S   6.0   0.188   2.313     5.93809    34.61524    21.21161
   167  C   4.0  -0.239   3.998     7.26807    34.77644    18.02421
   168  C   4.0  -0.250   4.069     7.50429    32.19091    16.81705
   169  C   4.0   0.014   3.223     1.30334    33.45174    18.82148
   170  C   4.0  -0.075   3.230    -1.04615    32.31753    18.78066
   171  F   7.0  -0.028   1.076     1.95568    34.84352    16.78001
   172  C   4.0  -0.087   3.306    -5.19202    28.20133    18.89159
   173  S   6.0   0.214   2.565    -3.39905    27.31580    16.25977
   174  C   4.0  -0.088   3.320    -5.83528    31.75193    24.98123
   175  C   4.0  -0.164   3.146    -7.87921    31.73870    26.50227
   176  S   6.0   0.216   2.490   -10.29636    29.80740    25.44176
   177  H   1.0   0.075   1.014    12.82274   -43.12336    -6.94418
   178  H   1.0   0.079   1.005    14.97268   -39.38113    -9.29103
   179  H   1.0   0.078   1.005    14.81810   -37.79546   -13.29762
   180  H   1.0   0.078   1.006    18.85758   -36.04331   -15.28750
   181  H   1.0   0.079   1.019    21.95597   -26.64778   -13.99153
   182  H   1.0   0.076   1.021    19.53769   -27.54502   -11.82364
   183  H   1.0   0.081   1.002    17.86131   -24.73916   -15.32606
   184  H   1.0   0.081   1.001    18.84907   -27.01344   -17.56198
   185  H   1.0   0.080   1.003    16.43589   -27.76196   -15.37027
   186  H   1.0   0.078   1.009     4.00849   -40.12928    -7.42662
   187  H   1.0   0.078   1.005     0.18500   -40.42596    -4.55896
   188  H   1.0   0.079   1.015    -3.08932   -40.24663    -1.81981
   189  H   1.0   0.079   1.020    -4.16666   -38.96709     1.08187
   190  H   1.0   0.081   1.000     0.01455   -39.77779     3.06136
   191  H   1.0   0.081   0.999    -1.23720   -42.62636     1.84324
   192  H   1.0   0.081   1.001     1.18051   -41.01764     0.19162
   193  H   1.0   0.077   1.015     4.29780   -31.19390    -7.65887
   194  H   1.0   0.080   1.010     9.63250   -24.83270   -11.24330
   195  H   1.0   0.076   1.006     9.30822   -22.62966   -15.24083
   196  H   1.0   0.076   1.008    13.68766   -22.29744   -16.74486
   197  H   1.0   0.079   1.021    21.69916   -18.64252   -13.57258
   198  H   1.0   0.081   1.014    19.41637   -16.66795   -12.11938
   199  H   1.0   0.081   1.001    19.86253   -22.40875   -11.40487
   200  H   1.0   0.081   1.001    17.56462   -20.47688    -9.94525
   201  H   1.0   0.081   0.999    20.78547   -20.10479    -9.16687
   202  H   1.0   0.076   1.009    10.70870   -16.57781   -10.04918
   203  H   1.0   0.076   1.006    -2.16260   -19.14954   -11.78660
   204  H   1.0   0.076   1.008    -6.46948   -19.35098   -10.20868
   205  H   1.0   0.079   1.016    -9.22356   -17.49565    -7.32685
   206  H   1.0   0.079   1.015   -10.67242   -19.97459    -9.11831
   207  H   1.0   0.081   1.000   -13.88344   -17.28400    -6.88257
   208  H   1.0   0.081   1.000   -13.95411   -20.44986    -5.79371
   209  H   1.0   0.082   1.001   -12.48051   -18.08109    -3.96370
   210  H   1.0   0.076   1.009     0.42481   -23.28653    -5.32563
   211  H   1.0   0.081   1.007    -0.22355   -15.94607    -9.18955
   212  H   1.0   0.078   1.015    -1.55128   -11.94080    -9.10187
   213  H   1.0   0.078   1.011    -6.30507    -5.81714    -5.08487
   214  H   1.0   0.078   1.006   -10.44395    -8.28645    -5.28405
   215  H   1.0   0.079   1.018   -13.67878   -12.93839   -12.95709
   216  H   1.0   0.078   1.018   -11.00501   -10.92205   -13.24906
   217  H   1.0   0.082   1.001   -10.87122   -16.66417   -12.46860
   218  H   1.0   0.081   0.999   -10.15841   -15.07945   -15.32454
   219  H   1.0   0.078   1.006    -8.16513   -14.70150   -12.67042
   220  H   1.0   0.078   1.005     2.87560     0.54689   -12.74072
   221  H   1.0   0.078   1.006     7.28470     2.05489   -14.00363
   222  H   1.0   0.077   1.019    13.02021    -4.02549   -10.25063
   223  H   1.0   0.077   1.019    12.49109    -5.32808   -13.31747
   224  H   1.0   0.081   1.000    16.64149    -3.57801   -14.75593
   225  H   1.0   0.081   0.999    17.06612    -5.61211   -12.13941
   226  H   1.0   0.081   1.000    17.16835    -2.29715   -11.72065
   227  H   1.0   0.080   1.006     1.73704     1.03897    -8.69633
   228  H   1.0   0.080   1.006     0.78499     5.04973    -6.94002
   229  H   1.0   0.078   1.005     1.12193     8.77664    -9.05405
   230  H   1.0   0.078   1.006     5.60398    10.30562   -10.01725
   231  H   1.0   0.076   1.022     8.55195    13.62681    -1.99839
   232  H   1.0   0.079   1.019    11.29678    15.06282    -3.31004
   233  H   1.0   0.081   0.999     8.09181    18.34584    -2.12953
   234  H   1.0   0.079   1.004     5.85985    16.89850    -4.14474
   235  H   1.0   0.081   1.000     8.60430    18.30540    -5.43523
   236  H   1.0   0.078   1.010   -10.08736     5.79466    -4.77798
   237  H   1.0   0.078   1.006   -13.96243     4.33125    -2.29753
   238  H   1.0   0.076   1.020   -11.82288     6.03522     6.43130
   239  H   1.0   0.079   1.018   -14.48891     4.30366     7.53604
   240  H   1.0   0.080   1.002   -10.20735     2.15126     4.27191
   241  H   1.0   0.081   0.999   -10.62102     1.56696     7.53453
   242  H   1.0   0.081   1.000   -12.86941     0.43596     5.33262
   243  H   1.0   0.077   1.017    -7.38864    12.08763     1.12533
   244  H   1.0   0.078   1.018    -7.99467    15.69399     3.50412
   245  H   1.0   0.078   1.011   -12.11843    21.52530     8.90647
   246  H   1.0   0.078   1.006   -16.19835    18.97587     9.19541
   247  H   1.0   0.079   1.020   -16.93194     9.55918     6.12592
   248  H   1.0   0.076   1.022   -13.73132    10.54410     6.46759
   249  H   1.0   0.080   1.003   -14.40463    13.81144     3.10671
   250  H   1.0   0.081   1.002   -15.11516    10.76067     1.93886
   251  H   1.0   0.081   1.001   -17.58806    12.84031     2.79264
   252  H   1.0   0.078   1.010     1.01270    22.19181     3.53020
   253  H   1.0   0.078   1.006     5.66786    23.13705     4.39815
   254  H   1.0   0.076   1.022     6.48989    21.96239    13.44351
   255  H   1.0   0.079   1.019     9.59055    23.25251    13.60546
   256  H   1.0   0.082   1.001     7.86202    27.57167    12.86223
   257  H   1.0   0.081   0.999     6.43508    26.20218    15.55925
   258  H   1.0   0.079   1.004     4.76608    26.33050    12.67175
   259  H   1.0   0.077   1.016    -1.86006    24.57778    11.67775
   260  H   1.0   0.080   1.010    -9.53745    24.26748    16.42399
   261  H   1.0   0.075   1.008   -11.54301    24.55888    24.49009
   262  H   1.0   0.076   1.008   -15.53600    22.20693    24.12972
   263  H   1.0   0.079   1.021   -20.90453    19.18847    17.12148
   264  H   1.0   0.080   1.014   -19.63747    21.99471    15.80094
   265  H   1.0   0.081   0.999   -17.13320    18.12739    14.53691
   266  H   1.0   0.081   1.001   -16.50600    17.52192    17.76097
   267  H   1.0   0.081   1.001   -15.26388    20.25314    16.29737
   268  H   1.0   0.076   1.006   -12.73921    27.56316    17.07122
   269  H   1.0   0.076   1.006    -0.89346    29.59897    24.54376
   270  H   1.0   0.076   1.008     3.30891    31.58242    24.53242
   271  H   1.0   0.078   1.021     9.12152    35.61850    18.34149
   272  H   1.0   0.081   1.014     6.13632    36.05956    16.88584
   273  H   1.0   0.081   1.000     8.59769    30.93085    18.01929
   274  H   1.0   0.081   0.999     8.45407    32.36647    15.00197
   275  H   1.0   0.082   1.001     5.65255    31.35584    16.50033
   276  H   1.0   0.076   1.008    -2.22893    32.58417    17.14152
   277  H   1.0   0.079   1.005    -4.17686    32.87122    25.33064
   278  H   1.0   0.075   1.013    -8.15020    32.76275    28.23005
 
  Z AO/shell   Hii/eV     exponent
  1     Sat Feb 20 21:38:01 CET 2016    EN: 2.327 GAM: 0.473  GM3: 0.0000
     1s    -13.751157    1.051071
  6     Sat Feb 20 21:38:01 CET 2016    EN: 2.731 GAM: 0.422  GM3: 0.0000
     2s    -19.378245    2.021003
     2p    -11.993376    1.497917
  9     Sat Feb 20 21:51:24 CET 2016    EN: 3.394 GAM: 0.669  GM3: 0.0000
     2s    -19.384211    2.614957
     2p    -19.426034    2.777297
 16     Sat Feb 20 23:13:41 CET 2016    EN: 1.915 GAM: 0.389  GM3: 0.0000
     3s    -22.000000    2.671470
     3p    -15.834192    1.836978
     3d     -2.593599    1.836978
 34     Wed Aug 31 17:01:01 CEST 2016   EN: 1.315 GAM: 0.403  GM3: 0.0000
     4s    -16.871366    1.770725
     4p    -15.977721    1.935918
     4d     -0.853608    1.935918
 
 dipole moment of classical point charges (au)
     X       Y       Z   
   0.9728  -0.2785   2.2365  total (Debye):    6.239

 
 Nbf   :          998
 T(el) :   300.0
 calculating S/T integrals ...
 cpu time for ints    1.49368000000000     
 Nao   :          966
 making H0...
 making H1...
 cpu time for H      4.532199999999986E-002
 solving ...
 cpu time for diag    2.44000000000000     
 
 gap (eV)           :   2.658
 Koopmans IP (eV)   :  11.743
 Eel (Eh)           :  -678.737028
 T,E(Fermi),NFOD :    300.000   -10.414  0.000000
 T,E(Fermi),NFOD :    300.000   -10.414  0.000000
 Nfod               :  0.0000
 Nfod/Nel           :  0.0000

          eigenvalues
 #    :         429        430        431        432        433        434        435        436
 occ. :        2.000      2.000      2.000      2.000      2.000      2.000      2.000      2.000
 eps  :       -13.425    -13.361    -13.251    -13.205    -13.135    -13.040    -12.881    -12.669
 #    :         437        438        439        440        441        442        443        444
 occ. :        2.000      2.000      2.000      2.000      2.000      0.000      0.000      0.000
 eps  :       -12.524    -12.242    -12.123    -12.024    -11.744     -9.086     -8.798     -8.575
 #    :         445        446        447        448        449        450        451        452
 occ. :        0.000      0.000      0.000      0.000      0.000      0.000      0.000      0.000
 eps  :        -8.496     -8.430     -8.393     -8.307     -8.196     -8.098     -8.039     -7.898
                            1  SCC done.
 making H1...
 cpu time for H       2.64859400000000     
 solving ...
 cpu time for diag   0.420216000000000     
 
 gap (eV)           :   2.669
 Koopmans IP (eV)   :  11.929
 Eel (Eh)           :  -679.336495
 T,E(Fermi),NFOD :    300.000   -10.595  0.000000
 T,E(Fermi),NFOD :    300.000   -10.595  0.000000
 Nfod               :  0.0000
 Nfod/Nel           :  0.0000

          eigenvalues
 #    :         429        430        431        432        433        434        435        436
 occ. :        2.000      2.000      2.000      2.000      2.000      2.000      2.000      2.000
 eps  :       -13.507    -13.376    -13.280    -13.228    -13.189    -13.144    -13.040    -12.772
 #    :         437        438        439        440        441        442        443        444
 occ. :        2.000      2.000      2.000      2.000      2.000      0.000      0.000      0.000
 eps  :       -12.608    -12.362    -12.212    -12.142    -11.930     -9.261     -8.943     -8.575
 #    :         445        446        447        448        449        450        451        452
 occ. :        0.000      0.000      0.000      0.000      0.000      0.000      0.000      0.000
 eps  :        -8.454     -8.385     -8.327     -8.221     -8.210     -8.048     -7.970     -7.899
                            2  SCC done.
 
 
 Mulliken/CM5 charges    n(s)   n(p)   n(d)   
    1 C  -0.0551 -0.0948   1.139  2.916  0.000
    2 C  -0.0717 -0.1237   1.134  2.937  0.000
    3 C  -0.0404 -0.0425   1.174  2.867  0.000
    4 C  -0.0034 -0.0039   1.158  2.845  0.000
    5 C  -0.0383 -0.0474   1.147  2.891  0.000
    6 C  -0.0785 -0.1327   1.142  2.937  0.000
    7 C  -0.0828 -0.1352   1.130  2.953  0.000
    8 C  -0.0461 -0.0432   1.158  2.888  0.000
    9 S  -0.0107 -0.0522   1.892  4.083  0.035
   10 C  -0.0410 -0.1362   1.133  2.908  0.000
   11 C  -0.0940 -0.2438   1.098  2.996  0.000
   12 SE  0.1322  0.1445   1.609  4.262 -0.003
   13 C  -0.0283 -0.0152   1.179  2.849  0.000
   14 C  -0.0286 -0.0301   1.169  2.860  0.000
   15 C   0.0008  0.0003   1.159  2.840  0.000
   16 C  -0.0417 -0.0506   1.146  2.896  0.000
   17 C  -0.0799 -0.1327   1.142  2.937  0.000
   18 C  -0.0930 -0.1469   1.131  2.962  0.000
   19 C  -0.0415 -0.0386   1.148  2.893  0.000
   20 S  -0.0123 -0.0536   1.893  4.084  0.036
   21 C  -0.0400 -0.1358   1.125  2.915  0.000
   22 C  -0.0860 -0.2359   1.094  2.992  0.000
   23 SE  0.1436  0.1553   1.618  4.243 -0.004
   24 C  -0.0343 -0.0218   1.177  2.858  0.000
   25 S   0.0823  0.0428   1.883  3.988  0.046
   26 C  -0.0751 -0.1227   1.145  2.930  0.000
   27 C  -0.0195 -0.0097   1.173  2.846  0.000
   28 S   0.0494  0.0121   1.894  4.011  0.046
   29 C  -0.0091  0.0009   1.165  2.844  0.000
   30 C  -0.0745 -0.1227   1.139  2.935  0.000
   31 C  -0.0278 -0.0299   1.170  2.858  0.000
   32 C  -0.0050 -0.0063   1.163  2.842  0.000
   33 C   0.0046 -0.0028   1.164  2.831  0.000
   34 C  -0.0399 -0.0939   1.141  2.898  0.000
   35 C  -0.0343 -0.0864   1.140  2.895  0.000
   36 C  -0.0031  0.0055   1.166  2.837  0.000
   37 S  -0.0448 -0.0870   1.895  4.122  0.027
   38 C  -0.0357 -0.1309   1.126  2.909  0.000
   39 C  -0.0862 -0.2360   1.094  2.992  0.000
   40 C   0.0823  0.0964   1.169  2.749  0.000
   41 F  -0.1379 -0.1641   1.684  5.454  0.000
   42 C  -0.0334 -0.0809   1.138  2.896  0.000
   43 C  -0.0234 -0.0109   1.176  2.848  0.000
   44 C  -0.0302 -0.0325   1.170  2.860  0.000
   45 C  -0.0052 -0.0065   1.164  2.841  0.000
   46 C  -0.0056 -0.0131   1.163  2.843  0.000
   47 C  -0.0456 -0.0997   1.142  2.904  0.000
   48 C  -0.0516 -0.1048   1.134  2.917  0.000
   49 C   0.0025  0.0120   1.165  2.833  0.000
   50 S  -0.0297 -0.0698   1.893  4.112  0.024
   51 C  -0.0397 -0.1364   1.126  2.913  0.000
   52 C  -0.0722 -0.2222   1.086  2.987  0.000
   53 C   0.0818  0.0975   1.163  2.755  0.000
   54 C  -0.0330 -0.0805   1.138  2.895  0.000
   55 F  -0.1338 -0.1570   1.682  5.451  0.000
   56 C  -0.0231 -0.0106   1.176  2.847  0.000
   57 S   0.0744  0.0384   1.890  3.998  0.038
   58 C  -0.0782 -0.1277   1.139  2.939  0.000
   59 C  -0.0102 -0.0003   1.165  2.845  0.000
   60 S   0.0773  0.0428   1.890  3.994  0.038
   61 C  -0.0184 -0.0085   1.173  2.845  0.000
   62 C  -0.0884 -0.1370   1.147  2.941  0.000
   63 C  -0.0297 -0.0313   1.169  2.861  0.000
   64 C  -0.0048 -0.0054   1.158  2.846  0.000
   65 C  -0.0369 -0.0461   1.146  2.891  0.000
   66 C  -0.0761 -0.1289   1.141  2.935  0.000
   67 C  -0.0773 -0.1297   1.133  2.944  0.000
   68 C  -0.0490 -0.0462   1.153  2.896  0.000
   69 S  -0.0197 -0.0625   1.893  4.091  0.035
   70 C  -0.0410 -0.1364   1.132  2.909  0.000
   71 C  -0.0944 -0.2442   1.099  2.996  0.000
   72 SE  0.1394  0.1476   1.614  4.251 -0.005
   73 C  -0.0300 -0.0172   1.180  2.850  0.000
   74 C  -0.0344 -0.0364   1.171  2.863  0.000
   75 C   0.0006 -0.0000   1.158  2.841  0.000
   76 C  -0.0451 -0.0542   1.146  2.899  0.000
   77 C  -0.0791 -0.1334   1.142  2.937  0.000
   78 C  -0.0892 -0.1417   1.127  2.962  0.000
   79 C  -0.0401 -0.0369   1.157  2.883  0.000
   80 S  -0.0039 -0.0451   1.892  4.081  0.031
   81 C  -0.0398 -0.1343   1.136  2.904  0.000
   82 C  -0.0713 -0.2210   1.084  2.987  0.000
   83 SE  0.1375  0.1505   1.605  4.259 -0.002
   84 C  -0.0293 -0.0164   1.180  2.849  0.000
   85 S   0.0629  0.0281   1.895  3.995  0.048
   86 C  -0.0761 -0.1256   1.140  2.936  0.000
   87 C  -0.0135 -0.0035   1.166  2.848  0.000
   88 S   0.0748  0.0388   1.890  3.996  0.039
   89 C  -0.0128 -0.0028   1.166  2.847  0.000
   90 C  -0.0767 -0.1261   1.140  2.937  0.000
   91 C  -0.0337 -0.0357   1.171  2.863  0.000
   92 C   0.0007  0.0001   1.158  2.841  0.000
   93 C  -0.0414 -0.0506   1.146  2.895  0.000
   94 C  -0.0786 -0.1329   1.142  2.936  0.000
   95 C  -0.0856 -0.1380   1.129  2.957  0.000
   96 C  -0.0435 -0.0406   1.158  2.885  0.000
   97 S  -0.0023 -0.0438   1.892  4.076  0.034
   98 C  -0.0390 -0.1338   1.131  2.908  0.000
   99 C  -0.0899 -0.2394   1.097  2.993  0.000
  100 SE  0.1383  0.1505   1.607  4.258 -0.003
  101 C  -0.0281 -0.0151   1.179  2.849  0.000
  102 C  -0.0285 -0.0301   1.169  2.860  0.000
  103 C  -0.0034 -0.0040   1.158  2.845  0.000
  104 C  -0.0344 -0.0434   1.146  2.888  0.000
  105 C  -0.0760 -0.1287   1.141  2.935  0.000
  106 C  -0.0728 -0.1253   1.134  2.938  0.000
  107 C  -0.0492 -0.0470   1.153  2.896  0.000
  108 S  -0.0252 -0.0694   1.893  4.095  0.037
  109 C  -0.0445 -0.1398   1.134  2.910  0.000
  110 C  -0.0884 -0.2380   1.096  2.992  0.000
  111 SE  0.1382  0.1458   1.613  4.254 -0.005
  112 C  -0.0302 -0.0175   1.180  2.851  0.000
  113 S   0.0733  0.0375   1.890  3.997  0.039
  114 C  -0.0876 -0.1361   1.147  2.940  0.000
  115 C  -0.0166 -0.0066   1.173  2.843  0.000
  116 S   0.0637  0.0289   1.894  3.996  0.047
  117 C  -0.0124 -0.0024   1.168  2.845  0.000
  118 C  -0.0886 -0.1372   1.149  2.940  0.000
  119 C  -0.0325 -0.0341   1.170  2.862  0.000
  120 C  -0.0046 -0.0051   1.158  2.846  0.000
  121 C  -0.0386 -0.0476   1.146  2.893  0.000
  122 C  -0.0777 -0.1305   1.142  2.936  0.000
  123 C  -0.0795 -0.1322   1.132  2.947  0.000
  124 C  -0.0469 -0.0443   1.153  2.894  0.000
  125 S  -0.0196 -0.0610   1.893  4.091  0.036
  126 C  -0.0456 -0.1405   1.135  2.911  0.000
  127 C  -0.0927 -0.2422   1.097  2.996  0.000
  128 SE  0.1408  0.1484   1.611  4.253 -0.005
  129 C  -0.0289 -0.0161   1.179  2.850  0.000
  130 C  -0.0323 -0.0339   1.170  2.862  0.000
  131 C   0.0003 -0.0002   1.159  2.841  0.000
  132 C  -0.0428 -0.0519   1.143  2.899  0.000
  133 C  -0.0767 -0.1294   1.142  2.935  0.000
  134 C  -0.0864 -0.1388   1.129  2.958  0.000
  135 C  -0.0454 -0.0426   1.154  2.892  0.000
  136 S  -0.0050 -0.0465   1.892  4.080  0.034
  137 C  -0.0405 -0.1353   1.132  2.909  0.000
  138 C  -0.0912 -0.2412   1.097  2.994  0.000
  139 SE  0.1417  0.1495   1.611  4.252 -0.005
  140 C  -0.0294 -0.0167   1.179  2.850  0.000
  141 S   0.0754  0.0398   1.890  3.995  0.040
  142 C  -0.0785 -0.1260   1.146  2.933  0.000
  143 C  -0.0142 -0.0045   1.168  2.847  0.000
  144 S   0.0677  0.0290   1.889  4.004  0.039
  145 C  -0.0113 -0.0014   1.165  2.846  0.000
  146 C  -0.0727 -0.1209   1.140  2.933  0.000
  147 C  -0.0286 -0.0307   1.170  2.859  0.000
  148 C  -0.0034 -0.0047   1.164  2.840  0.000
  149 C   0.0030 -0.0044   1.164  2.833  0.000
  150 C  -0.0388 -0.0914   1.140  2.899  0.000
  151 C  -0.0323 -0.0840   1.140  2.893  0.000
  152 C  -0.0017  0.0070   1.165  2.836  0.000
  153 S  -0.0484 -0.0891   1.895  4.125  0.028
  154 C  -0.0359 -0.1310   1.127  2.909  0.000
  155 C  -0.0855 -0.2350   1.094  2.992  0.000
  156 C   0.0817  0.0957   1.169  2.749  0.000
  157 F  -0.1373 -0.1636   1.683  5.454  0.000
  158 C  -0.0359 -0.0849   1.139  2.897  0.000
  159 C  -0.0264 -0.0139   1.174  2.853  0.000
  160 C  -0.0351 -0.0373   1.173  2.862  0.000
  161 C  -0.0055 -0.0067   1.164  2.841  0.000
  162 C   0.0005 -0.0068   1.164  2.836  0.000
  163 C  -0.0407 -0.0944   1.141  2.900  0.000
  164 C  -0.0365 -0.0881   1.138  2.898  0.000
  165 C  -0.0017  0.0072   1.166  2.835  0.000
  166 S  -0.0410 -0.0821   1.893  4.120  0.028
  167 C  -0.0341 -0.1292   1.126  2.908  0.000
  168 C  -0.0857 -0.2357   1.095  2.991  0.000
  169 C   0.0796  0.0937   1.168  2.753  0.000
  170 C  -0.0346 -0.0821   1.138  2.897  0.000
  171 F  -0.1385 -0.1651   1.684  5.455  0.000
  172 C  -0.0243 -0.0119   1.176  2.848  0.000
  173 S   0.0672  0.0317   1.891  4.004  0.038
  174 C  -0.0695 -0.1213   1.133  2.936  0.000
  175 C  -0.0517 -0.0915   1.139  2.913  0.000
  176 S   0.0857  0.0476   1.883  3.987  0.045
  177 H   0.0588  0.1166   0.941  0.000  0.000
  178 H   0.0525  0.1115   0.947  0.000  0.000
  179 H   0.0449  0.1033   0.955  0.000  0.000
  180 H   0.0440  0.1017   0.956  0.000  0.000
  181 H   0.0510  0.1078   0.949  0.000  0.000
  182 H   0.0467  0.1048   0.953  0.000  0.000
  183 H   0.0363  0.0900   0.964  0.000  0.000
  184 H   0.0314  0.0844   0.969  0.000  0.000
  185 H   0.0318  0.0859   0.968  0.000  0.000
  186 H   0.0437  0.1037   0.956  0.000  0.000
  187 H   0.0438  0.1020   0.956  0.000  0.000
  188 H   0.0459  0.1029   0.954  0.000  0.000
  189 H   0.0511  0.1079   0.949  0.000  0.000
  190 H   0.0327  0.0855   0.967  0.000  0.000
  191 H   0.0336  0.0853   0.966  0.000  0.000
  192 H   0.0337  0.0876   0.966  0.000  0.000
  193 H   0.0563  0.1181   0.944  0.000  0.000
  194 H   0.0538  0.1159   0.946  0.000  0.000
  195 H   0.0461  0.1051   0.954  0.000  0.000
  196 H   0.0504  0.1092   0.950  0.000  0.000
  197 H   0.0504  0.1072   0.950  0.000  0.000
  198 H   0.0479  0.1068   0.952  0.000  0.000
  199 H   0.0314  0.0848   0.969  0.000  0.000
  200 H   0.0333  0.0877   0.967  0.000  0.000
  201 H   0.0337  0.0856   0.966  0.000  0.000
  202 H   0.0436  0.1048   0.956  0.000  0.000
  203 H   0.0443  0.1034   0.956  0.000  0.000
  204 H   0.0496  0.1089   0.950  0.000  0.000
  205 H   0.0439  0.1021   0.956  0.000  0.000
  206 H   0.0427  0.0994   0.957  0.000  0.000
  207 H   0.0391  0.0917   0.961  0.000  0.000
  208 H   0.0342  0.0870   0.966  0.000  0.000
  209 H   0.0346  0.0876   0.965  0.000  0.000
  210 H   0.0448  0.1058   0.955  0.000  0.000
  211 H   0.0542  0.1155   0.946  0.000  0.000
  212 H   0.0561  0.1180   0.944  0.000  0.000
  213 H   0.0452  0.1057   0.955  0.000  0.000
  214 H   0.0440  0.1017   0.956  0.000  0.000
  215 H   0.0509  0.1074   0.949  0.000  0.000
  216 H   0.0475  0.1054   0.953  0.000  0.000
  217 H   0.0313  0.0844   0.969  0.000  0.000
  218 H   0.0338  0.0856   0.966  0.000  0.000
  219 H   0.0323  0.0866   0.968  0.000  0.000
  220 H   0.0458  0.1045   0.954  0.000  0.000
  221 H   0.0441  0.1018   0.956  0.000  0.000
  222 H   0.0431  0.1006   0.957  0.000  0.000
  223 H   0.0442  0.1018   0.956  0.000  0.000
  224 H   0.0341  0.0869   0.966  0.000  0.000
  225 H   0.0399  0.0917   0.960  0.000  0.000
  226 H   0.0338  0.0866   0.966  0.000  0.000
  227 H   0.0551  0.1156   0.945  0.000  0.000
  228 H   0.0549  0.1154   0.945  0.000  0.000
  229 H   0.0449  0.1034   0.955  0.000  0.000
  230 H   0.0441  0.1018   0.956  0.000  0.000
  231 H   0.0477  0.1059   0.952  0.000  0.000
  232 H   0.0512  0.1079   0.949  0.000  0.000
  233 H   0.0341  0.0860   0.966  0.000  0.000
  234 H   0.0333  0.0875   0.967  0.000  0.000
  235 H   0.0316  0.0844   0.968  0.000  0.000
  236 H   0.0447  0.1049   0.955  0.000  0.000
  237 H   0.0451  0.1028   0.955  0.000  0.000
  238 H   0.0448  0.1029   0.955  0.000  0.000
  239 H   0.0506  0.1072   0.949  0.000  0.000
  240 H   0.0323  0.0861   0.968  0.000  0.000
  241 H   0.0336  0.0854   0.966  0.000  0.000
  242 H   0.0325  0.0854   0.967  0.000  0.000
  243 H   0.0558  0.1177   0.944  0.000  0.000
  244 H   0.0564  0.1186   0.944  0.000  0.000
  245 H   0.0446  0.1050   0.955  0.000  0.000
  246 H   0.0441  0.1019   0.956  0.000  0.000
  247 H   0.0522  0.1101   0.948  0.000  0.000
  248 H   0.0447  0.1037   0.955  0.000  0.000
  249 H   0.0311  0.0853   0.969  0.000  0.000
  250 H   0.0351  0.0888   0.965  0.000  0.000
  251 H   0.0322  0.0851   0.968  0.000  0.000
  252 H   0.0442  0.1042   0.956  0.000  0.000
  253 H   0.0421  0.0999   0.958  0.000  0.000
  254 H   0.0476  0.1058   0.952  0.000  0.000
  255 H   0.0513  0.1080   0.949  0.000  0.000
  256 H   0.0321  0.0852   0.968  0.000  0.000
  257 H   0.0341  0.0861   0.966  0.000  0.000
  258 H   0.0329  0.0870   0.967  0.000  0.000
  259 H   0.0559  0.1177   0.944  0.000  0.000
  260 H   0.0545  0.1169   0.946  0.000  0.000
  261 H   0.0448  0.1042   0.955  0.000  0.000
  262 H   0.0502  0.1088   0.950  0.000  0.000
  263 H   0.0503  0.1071   0.950  0.000  0.000
  264 H   0.0471  0.1059   0.953  0.000  0.000
  265 H   0.0345  0.0866   0.965  0.000  0.000
  266 H   0.0311  0.0841   0.969  0.000  0.000
  267 H   0.0327  0.0871   0.967  0.000  0.000
  268 H   0.0434  0.1035   0.957  0.000  0.000
  269 H   0.0452  0.1040   0.955  0.000  0.000
  270 H   0.0495  0.1083   0.950  0.000  0.000
  271 H   0.0509  0.1078   0.949  0.000  0.000
  272 H   0.0478  0.1067   0.952  0.000  0.000
  273 H   0.0308  0.0838   0.969  0.000  0.000
  274 H   0.0336  0.0855   0.966  0.000  0.000
  275 H   0.0335  0.0883   0.967  0.000  0.000
  276 H   0.0432  0.1040   0.957  0.000  0.000
  277 H   0.0523  0.1112   0.948  0.000  0.000
  278 H   0.0596  0.1174   0.940  0.000  0.000
 Hirshfeld charges for QMDFF written to <charges>
 
 Loewdin charges    n(s)   n(p)   n(d)
    1 C  -0.0243   1.081  2.943  0.000
    2 C  -0.0697   1.083  2.986  0.000
    3 C  -0.0385   1.133  2.906  0.000
    4 C  -0.0041   1.117  2.887  0.000
    5 C  -0.0114   1.098  2.913  0.000
    6 C  -0.0739   1.090  2.984  0.000
    7 C  -0.0819   1.080  3.002  0.000
    8 C   0.0077   1.103  2.889  0.000
    9 S  -0.0495   1.880  4.081  0.088
   10 C  -0.0138   1.068  2.946  0.000
   11 C  -0.0972   1.026  3.071  0.000
   12 SE  0.0845   1.587  4.264  0.064
   13 C  -0.0080   1.135  2.873  0.000
   14 C  -0.0264   1.128  2.899  0.000
   15 C   0.0004   1.118  2.881  0.000
   16 C  -0.0149   1.097  2.918  0.000
   17 C  -0.0745   1.091  2.984  0.000
   18 C  -0.0933   1.081  3.012  0.000
   19 C   0.0148   1.093  2.893  0.000
   20 S  -0.0513   1.881  4.081  0.089
   21 C  -0.0122   1.060  2.952  0.000
   22 C  -0.0877   1.022  3.066  0.000
   23 SE  0.0914   1.596  4.248  0.064
   24 C  -0.0135   1.133  2.881  0.000
   25 S   0.0444   1.868  3.985  0.103
   26 C  -0.0768   1.096  2.981  0.000
   27 C   0.0042   1.127  2.869  0.000
   28 S   0.0114   1.881  4.007  0.100
   29 C   0.0159   1.119  2.865  0.000
   30 C  -0.0754   1.090  2.986  0.000
   31 C  -0.0248   1.128  2.897  0.000
   32 C  -0.0067   1.123  2.884  0.000
   33 C   0.0110   1.120  2.869  0.000
   34 C  -0.0359   1.089  2.947  0.000
   35 C  -0.0286   1.087  2.942  0.000
   36 C   0.0198   1.120  2.861  0.000
   37 S  -0.0829   1.884  4.120  0.079
   38 C  -0.0072   1.061  2.946  0.000
   39 C  -0.0883   1.021  3.067  0.000
   40 C   0.0739   1.134  2.792  0.000
   41 F  -0.1203   1.667  5.453  0.000
   42 C  -0.0340   1.086  2.947  0.000
   43 C  -0.0022   1.131  2.871  0.000
   44 C  -0.0272   1.128  2.899  0.000
   45 C  -0.0068   1.123  2.883  0.000
   46 C   0.0001   1.119  2.881  0.000
   47 C  -0.0411   1.089  2.952  0.000
   48 C  -0.0480   1.082  2.966  0.000
   49 C   0.0266   1.118  2.855  0.000
   50 S  -0.0680   1.882  4.111  0.075
   51 C  -0.0127   1.062  2.951  0.000
   52 C  -0.0723   1.012  3.060  0.000
   53 C   0.0728   1.129  2.798  0.000
   54 C  -0.0335   1.086  2.947  0.000
   55 F  -0.1166   1.666  5.451  0.000
   56 C  -0.0017   1.131  2.871  0.000
   57 S   0.0359   1.877  3.996  0.091
   58 C  -0.0794   1.090  2.989  0.000
   59 C   0.0144   1.119  2.867  0.000
   60 S   0.0392   1.877  3.993  0.090
   61 C   0.0048   1.127  2.868  0.000
   62 C  -0.0900   1.099  2.991  0.000
   63 C  -0.0271   1.127  2.900  0.000
   64 C  -0.0055   1.118  2.888  0.000
   65 C  -0.0091   1.096  2.913  0.000
   66 C  -0.0713   1.090  2.981  0.000
   67 C  -0.0759   1.083  2.993  0.000
   68 C   0.0059   1.098  2.896  0.000
   69 S  -0.0582   1.881  4.089  0.088
   70 C  -0.0132   1.067  2.946  0.000
   71 C  -0.0981   1.027  3.071  0.000
   72 SE  0.0876   1.592  4.255  0.066
   73 C  -0.0092   1.135  2.874  0.000
   74 C  -0.0321   1.130  2.902  0.000
   75 C  -0.0001   1.117  2.883  0.000
   76 C  -0.0191   1.097  2.922  0.000
   77 C  -0.0739   1.091  2.983  0.000
   78 C  -0.0893   1.077  3.012  0.000
   79 C   0.0146   1.102  2.883  0.000
   80 S  -0.0421   1.880  4.079  0.083
   81 C  -0.0133   1.072  2.942  0.000
   82 C  -0.0712   1.011  3.060  0.000
   83 SE  0.0897   1.583  4.262  0.066
   84 C  -0.0097   1.136  2.873  0.000
   85 S   0.0251   1.882  3.992  0.101
   86 C  -0.0769   1.091  2.986  0.000
   87 C   0.0106   1.120  2.870  0.000
   88 S   0.0365   1.877  3.995  0.092
   89 C   0.0114   1.120  2.868  0.000
   90 C  -0.0776   1.090  2.987  0.000
   91 C  -0.0314   1.130  2.902  0.000
   92 C   0.0000   1.117  2.883  0.000
   93 C  -0.0147   1.097  2.918  0.000
   94 C  -0.0736   1.091  2.983  0.000
   95 C  -0.0850   1.079  3.006  0.000
   96 C   0.0106   1.104  2.886  0.000
   97 S  -0.0409   1.880  4.074  0.087
   98 C  -0.0117   1.067  2.945  0.000
   99 C  -0.0923   1.024  3.068  0.000
  100 SE  0.0903   1.584  4.260  0.065
  101 C  -0.0082   1.136  2.873  0.000
  102 C  -0.0260   1.127  2.899  0.000
  103 C  -0.0043   1.118  2.887  0.000
  104 C  -0.0061   1.096  2.910  0.000
  105 C  -0.0712   1.090  2.981  0.000
  106 C  -0.0710   1.084  2.987  0.000
  107 C   0.0055   1.098  2.896  0.000
  108 S  -0.0643   1.881  4.093  0.090
  109 C  -0.0176   1.070  2.948  0.000
  110 C  -0.0903   1.023  3.067  0.000
  111 SE  0.0867   1.591  4.258  0.065
  112 C  -0.0093   1.135  2.874  0.000
  113 S   0.0350   1.877  3.995  0.092
  114 C  -0.0898   1.099  2.991  0.000
  115 C   0.0069   1.128  2.866  0.000
  116 S   0.0259   1.881  3.993  0.100
  117 C   0.0122   1.121  2.866  0.000
  118 C  -0.0910   1.100  2.991  0.000
  119 C  -0.0299   1.129  2.901  0.000
  120 C  -0.0055   1.117  2.888  0.000
  121 C  -0.0106   1.096  2.914  0.000
  122 C  -0.0728   1.091  2.982  0.000
  123 C  -0.0783   1.082  2.996  0.000
  124 C   0.0081   1.097  2.894  0.000
  125 S  -0.0585   1.881  4.089  0.089
  126 C  -0.0190   1.070  2.948  0.000
  127 C  -0.0954   1.024  3.071  0.000
  128 SE  0.0891   1.588  4.257  0.066
  129 C  -0.0077   1.134  2.874  0.000
  130 C  -0.0300   1.129  2.901  0.000
  131 C  -0.0003   1.118  2.882  0.000
  132 C  -0.0154   1.094  2.921  0.000
  133 C  -0.0714   1.090  2.981  0.000
  134 C  -0.0860   1.079  3.007  0.000
  135 C   0.0101   1.098  2.892  0.000
  136 S  -0.0435   1.880  4.077  0.086
  137 C  -0.0131   1.067  2.946  0.000
  138 C  -0.0940   1.025  3.069  0.000
  139 SE  0.0896   1.588  4.256  0.067
  140 C  -0.0087   1.135  2.874  0.000
  141 S   0.0370   1.877  3.993  0.093
  142 C  -0.0804   1.097  2.984  0.000
  143 C   0.0103   1.121  2.868  0.000
  144 S   0.0287   1.876  4.002  0.093
  145 C   0.0136   1.119  2.868  0.000
  146 C  -0.0736   1.090  2.983  0.000
  147 C  -0.0257   1.128  2.898  0.000
  148 C  -0.0048   1.123  2.882  0.000
  149 C   0.0095   1.120  2.870  0.000
  150 C  -0.0347   1.087  2.948  0.000
  151 C  -0.0265   1.086  2.940  0.000
  152 C   0.0212   1.119  2.860  0.000
  153 S  -0.0867   1.884  4.123  0.080
  154 C  -0.0075   1.061  2.946  0.000
  155 C  -0.0872   1.021  3.066  0.000
  156 C   0.0734   1.134  2.793  0.000
  157 F  -0.1198   1.667  5.453  0.000
  158 C  -0.0365   1.088  2.948  0.000
  159 C  -0.0049   1.129  2.876  0.000
  160 C  -0.0328   1.132  2.901  0.000
  161 C  -0.0068   1.124  2.883  0.000
  162 C   0.0067   1.120  2.874  0.000
  163 C  -0.0366   1.088  2.948  0.000
  164 C  -0.0306   1.085  2.946  0.000
  165 C   0.0214   1.120  2.859  0.000
  166 S  -0.0794   1.882  4.118  0.080
  167 C  -0.0056   1.060  2.945  0.000
  168 C  -0.0876   1.022  3.065  0.000
  169 C   0.0709   1.133  2.796  0.000
  170 C  -0.0350   1.087  2.948  0.000
  171 F  -0.1209   1.667  5.454  0.000
  172 C  -0.0031   1.132  2.871  0.000
  173 S   0.0292   1.878  4.002  0.090
  174 C  -0.0673   1.082  2.985  0.000
  175 C  -0.0208   1.081  2.940  0.000
  176 S   0.0481   1.869  3.983  0.100
  177 H   0.0484   0.952  0.000  0.000
  178 H   0.0450   0.955  0.000  0.000
  179 H   0.0377   0.962  0.000  0.000
  180 H   0.0366   0.963  0.000  0.000
  181 H   0.0465   0.953  0.000  0.000
  182 H   0.0434   0.957  0.000  0.000
  183 H   0.0364   0.964  0.000  0.000
  184 H   0.0310   0.969  0.000  0.000
  185 H   0.0319   0.968  0.000  0.000
  186 H   0.0367   0.963  0.000  0.000
  187 H   0.0376   0.962  0.000  0.000
  188 H   0.0419   0.958  0.000  0.000
  189 H   0.0465   0.953  0.000  0.000
  190 H   0.0321   0.968  0.000  0.000
  191 H   0.0332   0.967  0.000  0.000
  192 H   0.0333   0.967  0.000  0.000
  193 H   0.0491   0.951  0.000  0.000
  194 H   0.0460   0.954  0.000  0.000
  195 H   0.0381   0.962  0.000  0.000
  196 H   0.0418   0.958  0.000  0.000
  197 H   0.0461   0.954  0.000  0.000
  198 H   0.0425   0.958  0.000  0.000
  199 H   0.0316   0.968  0.000  0.000
  200 H   0.0327   0.967  0.000  0.000
  201 H   0.0334   0.967  0.000  0.000
  202 H   0.0349   0.965  0.000  0.000
  203 H   0.0367   0.963  0.000  0.000
  204 H   0.0422   0.958  0.000  0.000
  205 H   0.0399   0.960  0.000  0.000
  206 H   0.0388   0.961  0.000  0.000
  207 H   0.0384   0.962  0.000  0.000
  208 H   0.0334   0.967  0.000  0.000
  209 H   0.0336   0.966  0.000  0.000
  210 H   0.0360   0.964  0.000  0.000
  211 H   0.0468   0.953  0.000  0.000
  212 H   0.0499   0.950  0.000  0.000
  213 H   0.0380   0.962  0.000  0.000
  214 H   0.0364   0.964  0.000  0.000
  215 H   0.0460   0.954  0.000  0.000
  216 H   0.0434   0.957  0.000  0.000
  217 H   0.0315   0.969  0.000  0.000
  218 H   0.0335   0.967  0.000  0.000
  219 H   0.0332   0.967  0.000  0.000
  220 H   0.0387   0.961  0.000  0.000
  221 H   0.0368   0.963  0.000  0.000
  222 H   0.0391   0.961  0.000  0.000
  223 H   0.0401   0.960  0.000  0.000
  224 H   0.0332   0.967  0.000  0.000
  225 H   0.0390   0.961  0.000  0.000
  226 H   0.0330   0.967  0.000  0.000
  227 H   0.0475   0.953  0.000  0.000
  228 H   0.0472   0.953  0.000  0.000
  229 H   0.0378   0.962  0.000  0.000
  230 H   0.0367   0.963  0.000  0.000
  231 H   0.0441   0.956  0.000  0.000
  232 H   0.0466   0.953  0.000  0.000
  233 H   0.0337   0.966  0.000  0.000
  234 H   0.0334   0.967  0.000  0.000
  235 H   0.0311   0.969  0.000  0.000
  236 H   0.0374   0.963  0.000  0.000
  237 H   0.0374   0.963  0.000  0.000
  238 H   0.0417   0.958  0.000  0.000
  239 H   0.0460   0.954  0.000  0.000
  240 H   0.0321   0.968  0.000  0.000
  241 H   0.0332   0.967  0.000  0.000
  242 H   0.0319   0.968  0.000  0.000
  243 H   0.0496   0.950  0.000  0.000
  244 H   0.0505   0.950  0.000  0.000
  245 H   0.0375   0.963  0.000  0.000
  246 H   0.0367   0.963  0.000  0.000
  247 H   0.0476   0.952  0.000  0.000
  248 H   0.0420   0.958  0.000  0.000
  249 H   0.0314   0.969  0.000  0.000
  250 H   0.0349   0.965  0.000  0.000
  251 H   0.0316   0.968  0.000  0.000
  252 H   0.0370   0.963  0.000  0.000
  253 H   0.0349   0.965  0.000  0.000
  254 H   0.0442   0.956  0.000  0.000
  255 H   0.0467   0.953  0.000  0.000
  256 H   0.0318   0.968  0.000  0.000
  257 H   0.0339   0.966  0.000  0.000
  258 H   0.0331   0.967  0.000  0.000
  259 H   0.0490   0.951  0.000  0.000
  260 H   0.0466   0.953  0.000  0.000
  261 H   0.0368   0.963  0.000  0.000
  262 H   0.0413   0.959  0.000  0.000
  263 H   0.0460   0.954  0.000  0.000
  264 H   0.0418   0.958  0.000  0.000
  265 H   0.0342   0.966  0.000  0.000
  266 H   0.0308   0.969  0.000  0.000
  267 H   0.0322   0.968  0.000  0.000
  268 H   0.0347   0.965  0.000  0.000
  269 H   0.0373   0.963  0.000  0.000
  270 H   0.0408   0.959  0.000  0.000
  271 H   0.0467   0.953  0.000  0.000
  272 H   0.0424   0.958  0.000  0.000
  273 H   0.0306   0.969  0.000  0.000
  274 H   0.0333   0.967  0.000  0.000
  275 H   0.0330   0.967  0.000  0.000
  276 H   0.0344   0.966  0.000  0.000
  277 H   0.0445   0.956  0.000  0.000
  278 H   0.0491   0.951  0.000  0.000
 
 Wiberg/Mayer (AO) data. WBOs > 0.1 written file <wbo>
 largest (>0.05) Wiberg bond orders for each atom
           total WBO             WBO to atom ...
     1  C   3.937    C    2 1.707    S   25 1.132    H  177 0.950    C   24 0.050
     2  C   3.959    C    1 1.707    C    3 1.163    H  178 0.935    S   25 0.086
     3  C   3.934    C   24 1.259    C    4 1.253    C    2 1.163    C   14 0.051
     4  C   3.940    C   13 1.348    C    3 1.253    C    5 1.064    C   15 0.083
     5  C   3.948    C    6 1.568    SE  12 1.070    C    4 1.064    C    8 0.111
     6  C   3.958    C    5 1.568    C    7 1.264    H  179 0.938    SE  12 0.054
     7  C   3.957    C    8 1.580    C    6 1.264    H  180 0.941    S    9 0.061
     8  C   3.938    C    7 1.580    SE  12 1.093    S    9 1.076    C    5 0.111
     9  S   2.264    C    8 1.076    C   10 0.979    C    7 0.061
    10  C   3.963    C   11 1.010    S    9 0.979    H  181 0.967    H  182 0.963
    11  C   3.982    C   10 1.010    H  184 0.982    H  185 0.978    H  183 0.970
    12  SE  2.458    C    8 1.093    C    5 1.070    C    6 0.054
    13  C   3.929    C    4 1.348    C   14 1.244    S   28 1.071    C   24 0.053
    14  C   3.945    C   15 1.257    C   13 1.244    C   26 1.188    C    3 0.051
    15  C   3.921    C   24 1.335    C   14 1.257    C   16 1.061    C    4 0.083
    16  C   3.947    C   17 1.568    SE  23 1.075    C   15 1.061    C   19 0.110
    17  C   3.952    C   16 1.568    C   18 1.266    H  186 0.937    SE  23 0.055
    18  C   3.957    C   19 1.572    C   17 1.266    H  187 0.940    S   20 0.066    SE  23 0.051
    19  C   3.942    C   18 1.572    SE  23 1.116    S   20 1.070    C   16 0.110
    20  S   2.255    C   19 1.070    C   21 0.978    C   18 0.066
    21  C   3.967    C   22 1.011    S   20 0.978    H  188 0.975    H  189 0.968
    22  C   3.983    C   21 1.011    H  190 0.982    H  192 0.982    H  191 0.977
    23  SE  2.445    C   19 1.116    C   16 1.075    C   17 0.055    C   18 0.051
    24  C   3.936    C   15 1.335    C    3 1.259    S   25 1.080    C   13 0.053    C    1 0.050
    25  S   2.485    C    1 1.132    C   24 1.080    C    2 0.086
    26  C   3.927    C   27 1.574    C   14 1.188    H  193 0.922    C   30 0.075    S   28 0.069
    27  C   3.921    C   26 1.574    C   29 1.122    S   28 1.036
    28  S   2.431    C   13 1.071    C   27 1.036    C   26 0.069
    29  C   3.921    C   30 1.562    C   27 1.122    S   57 1.060
    30  C   3.931    C   29 1.562    C   31 1.198    H  194 0.933    C   26 0.075    S   57 0.070
    31  C   3.934    C   32 1.263    C   56 1.227    C   30 1.198    C   44 0.051
    32  C   3.926    C   43 1.375    C   31 1.263    C   33 0.999    C   45 0.085
    33  C   3.950    C   42 1.371    C   34 1.355    C   32 0.999    C   36 0.097
    34  C   3.967    C   35 1.460    C   33 1.355    H  195 0.941    C   40 0.095
    35  C   3.968    C   34 1.460    C   36 1.365    H  196 0.940    C   42 0.100
    36  C   3.946    C   35 1.365    C   40 1.345    S   37 1.025    C   33 0.097
    37  S   2.205    C   36 1.025    C   38 0.973
    38  C   3.962    C   39 1.012    H  198 0.975    S   37 0.973    H  197 0.968
    39  C   3.984    C   38 1.012    H  200 0.982    H  199 0.981    H  201 0.976
    40  C   3.913    C   42 1.410    C   36 1.345    F   41 0.961    C   34 0.095
    41  F   1.095    C   40 0.961
    42  C   3.964    C   40 1.410    C   33 1.371    H  202 0.942    C   35 0.100
    43  C   3.930    C   32 1.375    C   44 1.229    S   60 1.074    C   56 0.053
    44  C   3.935    C   45 1.259    C   43 1.229    C   58 1.201    C   31 0.051
    45  C   3.925    C   56 1.376    C   44 1.259    C   46 1.000    C   32 0.085
    46  C   3.953    C   47 1.366    C   54 1.355    C   45 1.000    C   49 0.095
    47  C   3.968    C   48 1.447    C   46 1.366    H  203 0.942    C   53 0.096
    48  C   3.968    C   47 1.447    C   49 1.370    H  204 0.940    C   54 0.096
    49  C   3.946    C   48 1.370    C   53 1.324    S   50 1.048    C   46 0.095
    50  S   2.211    C   49 1.048    C   51 0.969
    51  C   3.966    C   52 1.016    H  206 0.977    H  205 0.975    S   50 0.969
    52  C   3.983    C   51 1.016    H  208 0.985    H  209 0.984    H  207 0.975
    53  C   3.915    C   54 1.430    C   49 1.324    F   55 0.966    C   47 0.096
    54  C   3.963    C   53 1.430    C   46 1.355    H  210 0.942    C   48 0.096
    55  F   1.095    C   53 0.966
    56  C   3.931    C   45 1.376    C   31 1.227    S   57 1.074    C   43 0.053
    57  S   2.425    C   56 1.074    C   29 1.060    C   30 0.070
    58  C   3.929    C   59 1.555    C   44 1.201    H  211 0.933    S   60 0.071    C   62 0.062
    59  C   3.921    C   58 1.555    C   61 1.123    S   60 1.067
    60  S   2.425    C   43 1.074    C   59 1.067    C   58 0.071
    61  C   3.915    C   62 1.554    C   59 1.123    S   85 1.049
    62  C   3.926    C   61 1.554    C   63 1.203    H  212 0.920    S   85 0.069    C   58 0.062
    63  C   3.935    C   84 1.246    C   64 1.238    C   62 1.203
    64  C   3.919    C   73 1.348    C   63 1.238    C   65 1.067    C   75 0.077
    65  C   3.946    C   66 1.562    SE  72 1.076    C   64 1.067    C   68 0.110
    66  C   3.938    C   65 1.562    C   67 1.268    H  213 0.936    SE  72 0.054
    67  C   3.958    C   68 1.577    C   66 1.268    H  214 0.940    S   69 0.057    SE  72 0.051
    68  C   3.937    C   67 1.577    SE  72 1.103    S   69 1.069    C   65 0.110
    69  S   2.248    C   68 1.069    C   70 0.973    C   67 0.057
    70  C   3.964    C   71 1.011    S   69 0.973    H  215 0.969    H  216 0.968
    71  C   3.980    C   70 1.011    H  217 0.981    H  218 0.975    H  219 0.972
    72  SE  2.462    C   68 1.103    C   65 1.076    C   66 0.054    C   67 0.051
    73  C   3.926    C   64 1.348    C   74 1.240    S   88 1.076
    74  C   3.934    C   73 1.240    C   75 1.232    C   86 1.207
    75  C   3.910    C   84 1.343    C   74 1.232    C   76 1.084    C   64 0.077
    76  C   3.945    C   77 1.546    C   75 1.084    SE  83 1.066    C   79 0.107
    77  C   3.951    C   76 1.546    C   78 1.279    H  220 0.937    SE  83 0.054
    78  C   3.952    C   79 1.558    C   77 1.279    H  221 0.941    S   80 0.067
    79  C   3.934    C   78 1.558    SE  83 1.098    S   80 1.092    C   76 0.107
    80  S   2.257    C   79 1.092    C   81 0.970    C   78 0.067
    81  C   3.962    C   82 1.014    H  222 0.971    H  223 0.970    S   80 0.970
    82  C   3.983    C   81 1.014    H  226 0.985    H  224 0.985    H  225 0.977
    83  SE  2.465    C   79 1.098    C   76 1.066    C   77 0.054
    84  C   3.926    C   75 1.343    C   63 1.246    S   85 1.071
    85  S   2.441    C   84 1.071    C   61 1.049    C   62 0.069
    86  C   3.929    C   87 1.550    C   74 1.207    H  227 0.933    S   88 0.070    C   90 0.060
    87  C   3.919    C   86 1.550    C   89 1.124    S   88 1.064
    88  S   2.432    C   73 1.076    C   87 1.064    C   86 0.070
    89  C   3.919    C   90 1.552    C   87 1.124    S  113 1.064
    90  C   3.929    C   89 1.552    C   91 1.205    H  228 0.934    S  113 0.070    C   86 0.060
    91  C   3.933    C  112 1.242    C   92 1.234    C   90 1.205
    92  C   3.922    C  101 1.349    C   91 1.234    C   93 1.076    C  103 0.077
    93  C   3.947    C   94 1.556    C   92 1.076    SE 100 1.069    C   96 0.110
    94  C   3.953    C   93 1.556    C   95 1.272    H  229 0.938    SE 100 0.055
    95  C   3.956    C   96 1.570    C   94 1.272    H  230 0.941    S   97 0.062
    96  C   3.935    C   95 1.570    SE 100 1.096    S   97 1.080    C   93 0.110
    97  S   2.274    C   96 1.080    C   98 0.983    C   95 0.062
    98  C   3.963    C   99 1.010    S   97 0.983    H  232 0.967    H  231 0.962
    99  C   3.982    C   98 1.010    H  235 0.982    H  234 0.977    H  233 0.976
   100  SE  2.463    C   96 1.096    C   93 1.069    C   94 0.055
   101  C   3.927    C   92 1.349    C  102 1.240    S  116 1.073    C  112 0.051
   102  C   3.934    C  103 1.243    C  101 1.240    C  114 1.202
   103  C   3.919    C  112 1.348    C  102 1.243    C  104 1.062    C   92 0.077
   104  C   3.949    C  105 1.564    SE 111 1.080    C  103 1.062    C  107 0.112
   105  C   3.950    C  104 1.564    C  106 1.266    H  236 0.937    SE 111 0.054
   106  C   3.961    C  107 1.583    C  105 1.266    H  237 0.940    S  108 0.053    SE 111 0.052
   107  C   3.937    C  106 1.583    SE 111 1.095    S  108 1.067    C  104 0.112
   108  S   2.242    C  107 1.067    C  109 0.971    C  106 0.053
   109  C   3.963    C  110 1.010    S  108 0.971    H  239 0.967    H  238 0.964
   110  C   3.983    C  109 1.010    H  242 0.982    H  240 0.981    H  241 0.976
   111  SE  2.458    C  107 1.095    C  104 1.080    C  105 0.054    C  106 0.052
   112  C   3.926    C  103 1.348    C   91 1.242    S  113 1.076    C  101 0.051
   113  S   2.429    C  112 1.076    C   89 1.064    C   90 0.070
   114  C   3.927    C  115 1.556    C  102 1.202    H  243 0.918    S  116 0.069    C  118 0.060
   115  C   3.914    C  114 1.556    C  117 1.120    S  116 1.050
   116  S   2.441    C  101 1.073    C  115 1.050    C  114 0.069
   117  C   3.917    C  118 1.553    C  115 1.120    S  141 1.065
   118  C   3.926    C  117 1.553    C  119 1.203    H  244 0.917    S  141 0.071    C  114 0.060
   119  C   3.935    C  120 1.243    C  140 1.239    C  118 1.203
   120  C   3.911    C  129 1.350    C  119 1.243    C  121 1.062    C  131 0.080
   121  C   3.948    C  122 1.564    SE 128 1.076    C  120 1.062    C  124 0.111
   122  C   3.950    C  121 1.564    C  123 1.267    H  245 0.936    SE 128 0.054
   123  C   3.958    C  124 1.578    C  122 1.267    H  246 0.940    S  125 0.057
   124  C   3.938    C  123 1.578    SE 128 1.098    S  125 1.072    C  121 0.111
   125  S   2.248    C  124 1.072    C  126 0.976    C  123 0.057
   126  C   3.962    C  127 1.010    S  125 0.976    H  247 0.964    H  248 0.962
   127  C   3.983    C  126 1.010    H  251 0.982    H  249 0.979    H  250 0.973
   128  SE  2.464    C  124 1.098    C  121 1.076    C  122 0.054
   129  C   3.930    C  120 1.350    C  130 1.240    S  144 1.076    C  140 0.051
   130  C   3.932    C  131 1.247    C  129 1.240    C  142 1.195
   131  C   3.922    C  140 1.349    C  130 1.247    C  132 1.062    C  120 0.080
   132  C   3.947    C  133 1.564    SE 139 1.073    C  131 1.062    C  135 0.111
   133  C   3.939    C  132 1.564    C  134 1.269    H  252 0.937    SE 139 0.055
   134  C   3.956    C  135 1.572    C  133 1.269    H  253 0.941    S  136 0.061
   135  C   3.940    C  134 1.572    SE 139 1.104    S  136 1.076    C  132 0.111
   136  S   2.270    C  135 1.076    C  137 0.984    C  134 0.061
   137  C   3.963    C  138 1.010    S  136 0.984    H  255 0.967    H  254 0.962
   138  C   3.982    C  137 1.010    H  256 0.982    H  258 0.977    H  257 0.975
   139  SE  2.464    C  135 1.104    C  132 1.073    C  133 0.055
   140  C   3.928    C  131 1.349    C  119 1.239    S  141 1.077    C  129 0.051
   141  S   2.433    C  140 1.077    C  117 1.065    C  118 0.071
   142  C   3.929    C  143 1.565    C  130 1.195    H  259 0.921    C  146 0.075    S  144 0.070
   143  C   3.918    C  142 1.565    C  145 1.122    S  144 1.054
   144  S   2.429    C  129 1.076    C  143 1.054    C  142 0.070
   145  C   3.928    C  146 1.569    C  143 1.122    S  173 1.059
   146  C   3.930    C  145 1.569    C  147 1.191    H  260 0.932    C  142 0.075    S  173 0.071
   147  C   3.947    C  148 1.272    C  172 1.232    C  146 1.191    C  160 0.055
   148  C   3.927    C  159 1.365    C  147 1.272    C  149 0.997    C  161 0.090
   149  C   3.950    C  150 1.364    C  158 1.363    C  148 0.997    C  152 0.097
   150  C   3.965    C  151 1.454    C  149 1.364    H  261 0.941    C  156 0.094
   151  C   3.968    C  150 1.454    C  152 1.369    H  262 0.940    C  158 0.101
   152  C   3.946    C  151 1.369    C  156 1.339    S  153 1.027    C  149 0.097
   153  S   2.197    C  152 1.027    C  154 0.972
   154  C   3.961    C  155 1.012    H  264 0.975    S  153 0.972    H  263 0.968
   155  C   3.984    C  154 1.012    H  267 0.982    H  266 0.982    H  265 0.976
   156  C   3.914    C  158 1.416    C  152 1.339    F  157 0.961    C  150 0.094
   157  F   1.096    C  156 0.961
   158  C   3.966    C  156 1.416    C  149 1.363    H  268 0.943    C  151 0.101
   159  C   3.940    C  148 1.365    C  160 1.242    S  176 1.080    C  172 0.056
   160  C   3.935    C  161 1.279    C  159 1.242    C  174 1.159    C  147 0.055
   161  C   3.945    C  172 1.372    C  160 1.279    C  162 0.994    C  148 0.090
   162  C   3.951    C  170 1.371    C  163 1.359    C  161 0.994    C  165 0.097
   163  C   3.969    C  164 1.460    C  162 1.359    H  269 0.942    C  169 0.095
   164  C   3.968    C  163 1.460    C  165 1.362    H  270 0.941    C  170 0.100
   165  C   3.948    C  164 1.362    C  169 1.343    S  166 1.031    C  162 0.097
   166  S   2.213    C  165 1.031    C  167 0.975
   167  C   3.962    C  168 1.011    S  166 0.975    H  272 0.975    H  271 0.967
   168  C   3.983    C  167 1.011    H  273 0.982    H  275 0.982    H  274 0.976
   169  C   3.914    C  170 1.411    C  165 1.343    F  171 0.960    C  163 0.095
   170  C   3.965    C  169 1.411    C  162 1.371    H  276 0.943    C  164 0.100
   171  F   1.095    C  169 0.960
   172  C   3.932    C  161 1.372    C  147 1.232    S  173 1.072    C  159 0.056
   173  S   2.421    C  172 1.072    C  145 1.059    C  146 0.071
   174  C   3.958    C  175 1.712    C  160 1.159    H  277 0.936    S  176 0.086
   175  C   3.938    C  174 1.712    S  176 1.131    H  278 0.950
   176  S   2.478    C  175 1.131    C  159 1.080    C  174 0.086
   177  H   0.994    C    1 0.950
   178  H   0.995    C    2 0.935
   179  H   0.997    C    6 0.938
   180  H   0.996    C    7 0.941
   181  H   0.997    C   10 0.967
   182  H   0.998    C   10 0.963
   183  H   0.997    C   11 0.970
   184  H   0.999    C   11 0.982
   185  H   0.999    C   11 0.978
   186  H   0.998    C   17 0.937
   187  H   0.997    C   18 0.940
   188  H   0.998    C   21 0.975
   189  H   0.996    C   21 0.968
   190  H   0.999    C   22 0.982
   191  H   0.998    C   22 0.977
   192  H   0.999    C   22 0.982
   193  H   0.993    C   26 0.922
   194  H   0.995    C   30 0.933
   195  H   0.997    C   34 0.941
   196  H   0.995    C   35 0.940
   197  H   0.996    C   38 0.968
   198  H   0.997    C   38 0.975
   199  H   0.999    C   39 0.981
   200  H   0.999    C   39 0.982
   201  H   0.999    C   39 0.976
   202  H   0.998    C   42 0.942
   203  H   0.998    C   47 0.942
   204  H   0.995    C   48 0.940
   205  H   0.998    C   51 0.975
   206  H   0.998    C   51 0.977
   207  H   0.997    C   52 0.975
   208  H   0.999    C   52 0.985
   209  H   0.999    C   52 0.984
   210  H   0.997    C   54 0.942
   211  H   0.995    C   58 0.933
   212  H   0.993    C   62 0.920
   213  H   0.997    C   66 0.936
   214  H   0.996    C   67 0.940
   215  H   0.996    C   70 0.969
   216  H   0.997    C   70 0.968
   217  H   0.999    C   71 0.981
   218  H   0.998    C   71 0.975
   219  H   0.999    C   71 0.972
   220  H   0.997    C   77 0.937
   221  H   0.996    C   78 0.941
   222  H   0.998    C   81 0.971
   223  H   0.998    C   81 0.970
   224  H   0.999    C   82 0.985
   225  H   0.997    C   82 0.977
   226  H   0.999    C   82 0.985
   227  H   0.995    C   86 0.933
   228  H   0.995    C   90 0.934
   229  H   0.997    C   94 0.938
   230  H   0.996    C   95 0.941
   231  H   0.998    C   98 0.962
   232  H   0.996    C   98 0.967
   233  H   0.998    C   99 0.976
   234  H   0.999    C   99 0.977
   235  H   0.999    C   99 0.982
   236  H   0.997    C  105 0.937
   237  H   0.996    C  106 0.940
   238  H   0.998    C  109 0.964
   239  H   0.996    C  109 0.967
   240  H   0.999    C  110 0.981
   241  H   0.998    C  110 0.976
   242  H   0.999    C  110 0.982
   243  H   0.994    C  114 0.918
   244  H   0.994    C  118 0.917
   245  H   0.997    C  122 0.936
   246  H   0.996    C  123 0.940
   247  H   0.996    C  126 0.964
   248  H   0.998    C  126 0.962
   249  H   0.999    C  127 0.979
   250  H   0.997    C  127 0.973
   251  H   0.999    C  127 0.982
   252  H   0.997    C  133 0.937
   253  H   0.996    C  134 0.941
   254  H   0.998    C  137 0.962
   255  H   0.996    C  137 0.967
   256  H   0.999    C  138 0.982
   257  H   0.998    C  138 0.975
   258  H   0.999    C  138 0.977
   259  H   0.994    C  142 0.921
   260  H   0.995    C  146 0.932
   261  H   0.997    C  150 0.941
   262  H   0.995    C  151 0.940
   263  H   0.996    C  154 0.968
   264  H   0.998    C  154 0.975
   265  H   0.998    C  155 0.976
   266  H   0.999    C  155 0.982
   267  H   0.999    C  155 0.982
   268  H   0.998    C  158 0.943
   269  H   0.997    C  163 0.942
   270  H   0.995    C  164 0.941
   271  H   0.996    C  167 0.967
   272  H   0.998    C  167 0.975
   273  H   0.999    C  168 0.982
   274  H   0.998    C  168 0.976
   275  H   0.999    C  168 0.982
   276  H   0.998    C  170 0.943
   277  H   0.995    C  174 0.936
   278  H   0.994    C  175 0.950
 
 --------------------------------------------
          xTB calculation for sTDA...
 --------------------------------------------
 
 reading parameter file /ihome/ghutchison/blp62/xtb4stda/.param_stda2.xtb
 
      method parameters     
 k(s)        :  1.6000
 k(p)        :  2.1800
 k(d)        :  1.9500
 k(f)        :  2.0000
 k(R-V)      :  2.2750
 k(R-R)      :  1.7650
 Tscal       :  0.2580
 Gscal       :  1.0000
 fpol        :  1.0000
 Zcnf        :  0.3430
 Zqf         :  0.0000
 kcn         :  2.7000
 Ryd Hsplit  :  0.7000
 lshift(virt):  3.1000
 lshift(OS)  :  0.2000
 wllscaling  :  2.6000
 
 mowrcut     : 3.000
 
  Z AO/shell   Hii/eV     exponent
  1     Sun Feb 14 09:53:25 CET 2016    EN: 2.327 GAM: 0.473  GM3: 0.0000
     1s    -14.339618    1.220000
     2sp    -3.348946    0.600000
  6     Sun Feb 14 09:53:25 CET 2016    EN: 2.731 GAM: 0.422  GM3: 0.0000
     2s    -22.009312    1.565095
     2p    -13.020408    1.596905
     3sp    -3.914040    0.824500
  9     Sun Feb 21 12:20:01 CET 2016    EN: 3.394 GAM: 0.600  GM3: 0.0000
     2s    -26.548112    1.943768
     2p    -23.081168    2.552035
     3sp    -1.937199    1.103200
 16     Sun Feb 21 16:35:57 CET 2016    EN: 1.915 GAM: 0.200  GM3: 0.0000
     3s    -17.898811    2.619580
     3p    -15.317401    1.798798
     4sp    -4.455139    0.843200
 34     Tue Sep 13 12:54:47 CEST 2016   EN: 1.315 GAM: 0.403  GM3: 0.0000
     4s    -24.924300    2.166243
     4p    -14.275287    1.915023
     5sp    -3.986999    0.809100
 
 Nbf   :         1918
 T(el) :     0.0
 calculating S/T integrals ...
 cpu time for ints    3.60316200000000     
 Nao   :         1918
 making H0...
 making H1...
 cpu time for H      8.544100000000121E-002
 solving ...
 cpu time for diag    2.16826200000000     
 
 gap (eV)           :   5.082
 Koopmans IP (eV)   :  13.203
 Eel (Eh)           :  -733.521416

          eigenvalues
 #    :         429        430        431        432        433        434        435        436
 occ. :        2.000      2.000      2.000      2.000      2.000      2.000      2.000      2.000
 eps  :       -14.500    -14.427    -14.260    -14.212    -14.135    -14.084    -14.032    -13.945
 #    :         437        438        439        440        441        442        443        444
 occ. :        2.000      2.000      2.000      2.000      2.000      0.000      0.000      0.000
 eps  :       -13.832    -13.471    -13.394    -13.337    -13.204     -8.121     -7.928     -7.615
 #    :         445        446        447        448        449        450        451        452
 occ. :        0.000      0.000      0.000      0.000      0.000      0.000      0.000      0.000
 eps  :        -7.314     -7.036     -6.909     -6.469     -6.402     -6.346     -6.334     -6.303
                            1  SCC done.
 writing mo output ...
 molden style : F
 
speedup  3.18
cpu  time for all   13.15 s
wall time for all    4.13 s
