 
        ______________________________________
       |                                      |
       |          ===================         |
       |             xTB for sTDA             |
       |          ===================         |
       |               S. Grimme              |
       |        Universitaet Bonn, MCTC       |
       |         2015-19, Version 1.0         |
       |     Wed Apr  3 09:14:55 CEST 2019    |
       |______________________________________|
 
        This code comes without any warranty
        for non-commercial, academia use only.
        Preliminary test version.
        Cite this work as:
        S. Grimme  &  C. Bannwarth, JCP 145 (2016) 054103
        if GBSA is used additionally:
        P. Shushkov, F. März, C. Bannwarth, S. Grimme, unpublished.
 
        with help from
        P. Shushkov, G. Brandenburg, S. Dohm, J. Pisarek,
        F. März, M. Checinski, S. Ehrlich, S. Spicher, 
        P. Pracht, E. Caldeweyher, S. Ehlert, and C. Bannwarth.
 
        usage        :
        xtb4stda <coord_file> [options]
        where <coord_file> is a valid file of TM)
        (*coord, Bohr) or xmol (*xyz, Angstroem)
        format.

        options:
        -chrg <int>   : molecular charge
        -uhf  <int>   : # of unpaired electrons(=2*S)
        -nox          : skip second, extended part in sTDA-xTB
        -pop          : do population analysis
                      : (default for -nox)
        -mowr <real>  : cut MO write above (def.3 Eh)
        -molden       : write formatted molden file
        -parx <file>  : read parameters for sTDA-xTB
                        calc (def:~/.param_stda2.xtb)
        -parv <file>  : read parameters for vTB part in
                        sTDA-xTB (def: ~/.param_stda1.xtb)
        -xtemp <real> : el. temp for xTB (def. 0 K)
        -etemp <real> : el. temp for GFN (def. 300 K)
        -fod          : calculate the FOD and write
                        molden.input file with
                        appropriate occupations
                        for plotting. Def. T=12500 K
 
        -acc <real>   : xTB accuracy (def. 1.0)
        -gbsa [string1] [string2]
                        use GBSA implicit solvent
                        for solvent [string1] and
                        solvation state [string2]=
                        reference, bar1M (default=1M)
        additional GFN/opt/MD/siman options read from
        $XTB4STDAHOME/.xtb4stdarc or $set in input
 
       spin and charge state information can be on:
       <.CHRG> (charge) and <.UHF> (=nalpha-nbeta)
       -uhf and -chrg override the file info.
       useful machine settings:
       setenv MKL_NUM_THREADS <NCORE_ON_YOUR_MACHINE>
       setenv OMP_STACKSIZE 500m
       limit stacksize unlimited
 
       total energies in Eh, gaps/HL energies in eV
       please read REVISION and HOWTO files carefully
 =============================
  # OMP threads =           8
 =============================
 
 xtb4stdahome directory:/ihome/ghutchison/blp62/xtb4stda/
 
 
 name of molecule           :
 comment line               :
 number of atoms            :   170
 number of electrons        :   566
 charge                     :  0
 spin                       : 0.0
 first test random number   :  0.9506
 
 -----------------------------------------
      charge density (VTB) calculation
 -----------------------------------------
 
      method parameters     
 k(s)        :  1.8000
 k(p)        :  2.8350
 k(d)        :  2.0860
 k(f)        :  2.0000
 Tscal       :  0.3300
 Gscal       :  0.3910
 fpol        :  1.0000
 Zcnf        :  0.6500
 Zqf         :  0.0000
 kcn         :  0.3000
 kEN1        : -0.5900
 wllscal     :  2.6000
 
     -------------------------
     ! NO SOLVENT MODEL USED !
     -------------------------
 
 doing EN charges ...
 sum q :  0.0000000D+00
 point charge moment (au)
     X       Y       Z   
   0.4740   1.9621   0.1948  total (Debye):    5.154
 
            Z      q(EN)   CN      Cart. coordinates
     1  C   4.0   0.039   3.264    24.28714   -11.36103    24.96082
     2  N   5.0  -0.391   3.267    24.46212   -11.56852    22.39231
     3  C   4.0   0.193   3.237    22.08655   -11.50654    21.20424
     4  O   6.0  -0.107   1.083    21.78552   -11.65337    18.92976
     5  C   4.0  -0.002   3.546    20.35896   -11.23839    23.29465
     6  C   4.0   0.003   3.463    21.80007   -11.15222    25.59350
     7  C   4.0   0.199   3.210    20.03601   -10.84325    27.68127
     8  O   6.0  -0.103   1.048    20.31758   -10.67544    29.93742
     9  N   5.0  -0.388   3.284    17.66724   -10.75859    26.47846
    10  C   4.0   0.096   3.396    17.83278   -10.98649    23.89464
    11  C   4.0  -0.071   3.216    15.77203   -10.93017    22.18519
    12  C   4.0  -0.085   3.345    13.24282   -10.50801    22.57486
    13  C   4.0  -0.018   3.449    11.82439   -10.48760    20.31644
    14  C   4.0  -0.015   3.325     9.19465   -10.05410    20.01579
    15  C   4.0  -0.114   3.206     7.52451    -9.95489    22.16460
    16  C   4.0  -0.094   3.342     7.70555   -11.35026    24.34043
    17  C   4.0  -0.104   3.376     5.87421   -10.87027    26.20256
    18  C   4.0  -0.201   3.122     4.13907    -9.05462    25.58897
    19  S   6.0   0.182   2.331     1.62592    -8.22220    27.56109
    20  C   4.0  -0.242   4.016     0.22507    -5.55938    25.87110
    21  C   4.0  -0.251   4.072     1.73874    -3.14904    26.18480
    22  SE  6.0   0.292   2.883     4.71751    -7.76488    22.32125
    23  C   4.0  -0.089   3.317     8.37848    -9.72812    17.54251
    24  C   4.0  -0.018   3.436     9.95035   -10.00232    15.37991
    25  C   4.0  -0.015   3.329    12.51509   -10.72779    15.67112
    26  C   4.0  -0.108   3.208    14.14214   -11.25748    13.56823
    27  C   4.0  -0.094   3.335    13.47223   -12.15377    11.21722
    28  C   4.0  -0.104   3.374    15.43566   -12.46652     9.47698
    29  C   4.0  -0.201   3.123    17.78969   -11.80644    10.34682
    30  S   6.0   0.183   2.332    20.50088   -11.97028     8.48789
    31  C   4.0  -0.242   4.016    22.91822   -10.62423    10.55960
    32  C   4.0  -0.251   4.070    23.91921   -12.49846    12.48013
    33  SE  6.0   0.291   3.103    17.68368   -10.77975    13.74435
    34  C   4.0  -0.088   3.330    13.37567   -10.84552    18.16594
    35  S   6.0   0.199   3.107    16.49598   -11.37577    18.99571
    36  C   4.0  -0.087   3.357     8.67139    -9.37399    13.13492
    37  C   4.0  -0.073   3.209     6.18753    -8.71334    13.49907
    38  S   6.0   0.201   2.789     5.31202    -8.87850    16.69327
    39  C   4.0   0.094   3.386     4.49056    -7.93742    11.59800
    40  N   5.0  -0.393   3.300     2.04960    -7.13239    12.04133
    41  C   4.0   0.200   3.222     0.80748    -6.38822     9.83678
    42  O   6.0  -0.099   1.050    -1.34133    -5.58395     9.72377
    43  C   4.0   0.002   3.522     2.67094    -6.81624     7.88753
    44  C   4.0   0.004   3.503     4.90535    -7.77339     9.01116
    45  C   4.0   0.199   3.227     6.74935    -8.19555     7.01315
    46  O   6.0  -0.101   1.051     8.89248    -9.00624     7.08383
    47  N   5.0  -0.385   3.285     5.48814    -7.44117     4.82182
    48  C   4.0   0.111   3.334     3.07383    -6.60705     5.30654
    49  C   4.0   0.111   3.334     1.42863    -5.67334     3.44232
    50  N   5.0  -0.385   3.286    -0.96811    -4.79423     3.93498
    51  C   4.0   0.199   3.227    -2.17564    -3.89888     1.76614
    52  O   6.0  -0.101   1.051    -4.29705    -3.03112     1.70850
    53  C   4.0   0.004   3.503    -0.31861    -4.28420    -0.22639
    54  C   4.0   0.002   3.522     1.85817    -5.39044     0.87324
    55  C   4.0   0.200   3.222     3.72994    -5.79692    -1.07336
    56  O   6.0  -0.099   1.050     5.84549    -6.68491    -0.97264
    57  N   5.0  -0.393   3.299     2.54584    -4.90157    -3.25411
    58  C   4.0   0.094   3.386     0.15250    -3.97693    -2.79150
    59  C   4.0  -0.076   3.209    -1.42561    -2.88826    -4.64230
    60  C   4.0  -0.087   3.359    -3.74581    -1.81130    -4.19576
    61  C   4.0  -0.018   3.440    -4.89023    -0.80389    -6.37499
    62  C   4.0  -0.015   3.324    -7.20307     0.54462    -6.53165
    63  C   4.0  -0.112   3.206    -8.89494     0.71980    -4.41383
    64  C   4.0  -0.094   3.340    -9.29537    -1.03954    -2.54659
    65  C   4.0  -0.105   3.376   -11.04620    -0.38305    -0.66991
    66  C   4.0  -0.202   3.123   -12.11541     1.95983    -0.93390
    67  S   6.0   0.183   2.332   -14.24173     3.23861     1.23512
    68  C   4.0  -0.242   4.017   -15.27636     6.11440    -0.37511
    69  C   4.0  -0.251   4.072   -17.16060     5.58131    -2.46439
    70  SE  6.0   0.292   2.934   -10.92262     3.60125    -3.85391
    71  C   4.0  -0.088   3.320    -7.69648     1.68696    -8.85280
    72  C   4.0  -0.021   3.453    -6.13934     1.40860   -11.00822
    73  C   4.0  -0.015   3.322    -3.90361    -0.04875   -10.89408
    74  C   4.0  -0.115   3.207    -2.24575    -0.39382   -13.04232
    75  C   4.0  -0.098   3.362    -0.92086    -2.53034   -13.64552
    76  C   4.0  -0.104   3.373     0.60698    -2.39447   -15.82116
    77  C   4.0  -0.203   3.124     0.60131    -0.11471   -17.02454
    78  S   6.0   0.181   2.334     2.38748     0.60131   -19.70852
    79  C   4.0  -0.244   4.023     0.39193     3.01373   -21.17003
    80  C   4.0  -0.253   4.077    -2.06698     1.93546   -22.15798
    81  SE  6.0   0.300   2.697    -1.45849     2.23573   -15.32228
    82  C   4.0  -0.090   3.310    -3.34104    -1.09075    -8.54912
    83  S   6.0   0.218   2.582    -0.56767    -2.72083    -7.83858
    84  C   4.0  -0.093   3.388    -7.11690     2.72631   -13.11413
    85  C   4.0  -0.088   3.265    -9.27780     4.04439   -12.61505
    86  S   6.0   0.194   2.898   -10.29749     3.60068    -9.50608
    87  C   4.0  -0.092   3.264   -10.56735     5.70905   -14.29483
    88  C   4.0  -0.092   3.382    -9.78878     6.42450   -16.64886
    89  C   4.0  -0.021   3.451   -11.38125     8.23202   -17.81067
    90  C   4.0  -0.015   3.320   -11.03430     9.44674   -20.15619
    91  C   4.0  -0.115   3.206    -8.81274     9.06709   -21.70653
    92  C   4.0  -0.099   3.359    -8.69614     9.03913   -24.28789
    93  C   4.0  -0.105   3.372    -6.26104     8.91233   -25.35653
    94  C   4.0  -0.202   3.124    -4.32143     8.87510   -23.65937
    95  S   6.0   0.183   2.345    -1.13402     8.57841   -24.48896
    96  C   4.0  -0.242   4.014     0.38475    10.20244   -21.84467
    97  C   4.0  -0.251   4.072    -0.08523    13.02437   -21.90948
    98  SE  6.0   0.299   2.682    -5.53161     8.87037   -20.30794
    99  C   4.0  -0.090   3.312   -12.91968    11.14844   -20.86163
   100  C   4.0  -0.023   3.461   -15.03712    11.72027   -19.33454
   101  C   4.0  -0.015   3.324   -15.34287    10.55979   -16.96105
   102  C   4.0  -0.116   3.210   -17.38661    11.16563   -15.24366
   103  C   4.0  -0.098   3.361   -18.68523     9.51987   -13.73547
   104  C   4.0  -0.105   3.379   -20.47556    10.59985   -12.08914
   105  C   4.0  -0.203   3.122   -20.63675    13.17309   -12.17966
   106  S   6.0   0.181   2.331   -22.56711    14.95019   -10.16956
   107  C   4.0  -0.242   4.015   -22.64043    18.00569   -11.77507
   108  C   4.0  -0.251   4.072   -24.25350    17.95032   -14.13931
   109  SE  6.0   0.298   2.672   -18.36417    14.52613   -14.56072
   110  C   4.0  -0.089   3.315   -13.49642     8.81444   -16.27961
   111  S   6.0   0.213   2.652   -13.38436     7.18871   -13.41573
   112  C   4.0  -0.092   3.339   -16.64357    13.53932   -20.50712
   113  C   4.0  -0.164   3.145   -15.76334    14.34699   -22.75702
   114  S   6.0   0.216   2.521   -12.95010    12.93876   -23.63027
   115  H   1.0   0.079   1.002    25.94291   -11.37407    26.13340
   116  H   1.0   0.175   1.008    26.09107   -11.75504    21.42382
   117  H   1.0   0.176   1.009    16.04018   -10.54788    27.44411
   118  H   1.0   0.080   1.005    12.44158   -10.11948    24.40109
   119  H   1.0   0.078   1.005     9.10753   -12.80818    24.57041
   120  H   1.0   0.078   1.006     5.81809   -11.86181    27.97758
   121  H   1.0   0.076   1.022     0.06501    -6.11402    23.88481
   122  H   1.0   0.079   1.019    -1.66107    -5.36682    26.67443
   123  H   1.0   0.081   1.000     1.89785    -2.65488    28.17298
   124  H   1.0   0.081   0.999     0.80880    -1.60986    25.18910
   125  H   1.0   0.079   1.004     3.63470    -3.37373    25.40963
   126  H   1.0   0.079   1.006    11.56474   -12.67571    10.74744
   127  H   1.0   0.078   1.006    15.12650   -13.14286     7.58498
   128  H   1.0   0.077   1.021    22.08239    -8.97053    11.47442
   129  H   1.0   0.079   1.019    24.40581   -10.01252     9.27213
   130  H   1.0   0.081   0.999    25.49014   -11.65262    13.50077
   131  H   1.0   0.081   1.000    24.57607   -14.20696    11.54566
   132  H   1.0   0.080   1.005    22.46941   -12.99716    13.85566
   133  H   1.0   0.081   1.007     9.52497    -9.29915    11.29244
   134  H   1.0   0.175   1.012     1.26290    -7.04943    13.77516
   135  H   1.0   0.169   1.010     6.25367    -7.48010     3.06249
   136  H   1.0   0.169   1.010    -1.74705    -4.78724     5.68864
   137  H   1.0   0.175   1.012     3.36598    -4.90403    -4.97451
   138  H   1.0   0.081   1.008    -4.51210    -1.69093    -2.31794
   139  H   1.0   0.079   1.006    -8.40418    -2.86690    -2.55888
   140  H   1.0   0.078   1.006   -11.50938    -1.61987     0.87532
   141  H   1.0   0.076   1.022   -13.58033     7.05567    -1.09302
   142  H   1.0   0.079   1.019   -16.11426     7.26996     1.10870
   143  H   1.0   0.081   1.000   -18.81090     4.61509    -1.71266
   144  H   1.0   0.081   0.999   -17.75908     7.34858    -3.32743
   145  H   1.0   0.079   1.004   -16.31438     4.40060    -3.92591
   146  H   1.0   0.078   1.010    -1.13346    -4.26719   -12.60617
   147  H   1.0   0.078   1.006     1.67260    -3.98014   -16.51791
   148  H   1.0   0.079   1.020     1.53011     3.79816   -22.69429
   149  H   1.0   0.076   1.022     0.06274     4.47638   -19.74329
   150  H   1.0   0.081   1.001    -1.70056     0.46279   -23.54277
   151  H   1.0   0.080   1.003    -3.17965     1.13138   -20.62126
   152  H   1.0   0.081   1.002    -3.16680     3.42588   -23.05296
   153  H   1.0   0.078   1.020    -6.27710     2.69362   -14.96455
   154  H   1.0   0.078   1.016    -8.12714     5.64801   -17.52796
   155  H   1.0   0.078   1.010   -10.36571     9.07541   -25.44932
   156  H   1.0   0.078   1.006    -5.94016     8.88587   -27.36437
   157  H   1.0   0.076   1.021    -0.33807     9.34791   -20.10536
   158  H   1.0   0.079   1.018     2.38691     9.76346   -22.03572
   159  H   1.0   0.081   1.000     0.60018    13.82637   -23.67335
   160  H   1.0   0.080   1.002    -2.09797    13.42688   -21.74489
   161  H   1.0   0.081   0.999     0.89101    13.93049   -20.34347
   162  H   1.0   0.078   1.009   -18.43428     7.50448   -13.86265
   163  H   1.0   0.078   1.006   -21.64095     9.48888   -10.84703
   164  H   1.0   0.079   1.019   -23.40274    19.31035   -10.37667
   165  H   1.0   0.076   1.021   -20.68267    18.52612   -12.19194
   166  H   1.0   0.080   1.003   -23.49610    16.60370   -15.50237
   167  H   1.0   0.081   0.999   -24.28014    19.81245   -15.01009
   168  H   1.0   0.081   1.000   -26.18026    17.40268   -13.68048
   169  H   1.0   0.077   1.011   -18.40196    14.17899   -19.70776
   170  H   1.0   0.075   1.014   -16.60464    15.69247   -24.01709
 
  Z AO/shell   Hii/eV     exponent
  1     Sat Feb 20 21:38:01 CET 2016    EN: 2.327 GAM: 0.473  GM3: 0.0000
     1s    -13.751157    1.051071
  6     Sat Feb 20 21:38:01 CET 2016    EN: 2.731 GAM: 0.422  GM3: 0.0000
     2s    -19.378245    2.021003
     2p    -11.993376    1.497917
  7     Sat Feb 20 21:38:01 CET 2016    EN: 3.573 GAM: 0.504  GM3: 0.0000
     2s    -21.576984    2.275442
     2p    -16.125120    2.056788
  8     Sat Feb 20 21:38:01 CET 2016    EN: 3.700 GAM: 0.587  GM3: 0.0000
     2s    -21.648843    2.110798
     2p    -17.239740    2.329048
 16     Sat Feb 20 23:13:41 CET 2016    EN: 1.915 GAM: 0.389  GM3: 0.0000
     3s    -22.000000    2.671470
     3p    -15.834192    1.836978
     3d     -2.593599    1.836978
 34     Wed Aug 31 17:01:01 CEST 2016   EN: 1.315 GAM: 0.403  GM3: 0.0000
     4s    -16.871366    1.770725
     4p    -15.977721    1.935918
     4d     -0.853608    1.935918
 
 dipole moment of classical point charges (au)
     X       Y       Z   
   0.4740   1.9621   0.1948  total (Debye):    5.154

 
 Nbf   :          620
 T(el) :   300.0
 calculating S/T integrals ...
 cpu time for ints   0.937999000000000     
 Nao   :          602
 making H0...
 making H1...
 cpu time for H      0.304605000000000     
 solving ...
 cpu time for diag    1.81715800000000     
 
 gap (eV)           :   1.352
 Koopmans IP (eV)   :  11.873
 Eel (Eh)           :  -437.444801
 T,E(Fermi),NFOD :    300.000   -11.197  0.000000
 T,E(Fermi),NFOD :    300.000   -11.197  0.000000
 Nfod               :  0.0000
 Nfod/Nel           :  0.0000

          eigenvalues
 #    :         271        272        273        274        275        276        277        278
 occ. :        2.000      2.000      2.000      2.000      2.000      2.000      2.000      2.000
 eps  :       -14.271    -14.255    -14.142    -13.774    -13.446    -13.280    -13.217    -12.949
 #    :         279        280        281        282        283        284        285        286
 occ. :        2.000      2.000      2.000      2.000      2.000      0.000      0.000      0.000
 eps  :       -12.906    -12.589    -12.232    -12.049    -11.874    -10.522     -9.630     -9.002
 #    :         287        288        289        290        291        292        293        294
 occ. :        0.000      0.000      0.000      0.000      0.000      0.000      0.000      0.000
 eps  :        -8.682     -8.491     -8.421     -8.146     -8.057     -7.858     -7.819     -7.678
                            1  SCC done.
 making H1...
 cpu time for H       1.91819500000000     
 solving ...
 cpu time for diag   0.180184000000000     
 
 gap (eV)           :   1.426
 Koopmans IP (eV)   :  11.848
 Eel (Eh)           :  -435.618928
 T,E(Fermi),NFOD :    300.000   -11.135  0.000000
 T,E(Fermi),NFOD :    300.000   -11.135  0.000000
 Nfod               :  0.0000
 Nfod/Nel           :  0.0000

          eigenvalues
 #    :         271        272        273        274        275        276        277        278
 occ. :        2.000      2.000      2.000      2.000      2.000      2.000      2.000      2.000
 eps  :       -14.140    -14.025    -13.966    -13.567    -13.331    -13.293    -13.124    -13.037
 #    :         279        280        281        282        283        284        285        286
 occ. :        2.000      2.000      2.000      2.000      2.000      0.000      0.000      0.000
 eps  :       -12.679    -12.468    -12.330    -12.141    -11.849    -10.422     -9.570     -9.018
 #    :         287        288        289        290        291        292        293        294
 occ. :        0.000      0.000      0.000      0.000      0.000      0.000      0.000      0.000
 eps  :        -8.630     -8.501     -8.404     -8.146     -8.029     -7.892     -7.687     -7.591
                            2  SCC done.
 
 
 Mulliken/CM5 charges    n(s)   n(p)   n(d)   
    1 C   0.0455  0.0626   1.170  2.784  0.000
    2 N  -0.1049 -0.4552   1.214  3.891  0.000
    3 C   0.1811  0.2773   1.163  2.655  0.000
    4 O  -0.2750 -0.3171   1.630  4.645  0.000
    5 C  -0.0669 -0.0485   1.163  2.904  0.000
    6 C  -0.0766 -0.0617   1.161  2.915  0.000
    7 C   0.1949  0.2915   1.164  2.641  0.000
    8 O  -0.2766 -0.3154   1.628  4.648  0.000
    9 N  -0.1307 -0.4746   1.219  3.912  0.000
   10 C   0.0557  0.1217   1.192  2.752  0.000
   11 C  -0.0103  0.0033   1.178  2.832  0.000
   12 C  -0.0825 -0.1309   1.148  2.935  0.000
   13 C  -0.0261 -0.0281   1.170  2.856  0.000
   14 C  -0.0091 -0.0096   1.159  2.850  0.000
   15 C  -0.0442 -0.0533   1.145  2.899  0.000
   16 C  -0.0796 -0.1339   1.143  2.937  0.000
   17 C  -0.0851 -0.1375   1.128  2.957  0.000
   18 C  -0.0429 -0.0399   1.159  2.883  0.000
   19 S   0.0059 -0.0357   1.891  4.070  0.033
   20 C  -0.0376 -0.1323   1.131  2.907  0.000
   21 C  -0.0899 -0.2395   1.096  2.993  0.000
   22 SE  0.1390  0.1511   1.605  4.258 -0.002
   23 C  -0.0291 -0.0161   1.182  2.847  0.000
   24 C  -0.0250 -0.0269   1.170  2.855  0.000
   25 C   0.0093  0.0088   1.160  2.831  0.000
   26 C  -0.0457 -0.0545   1.150  2.896  0.000
   27 C  -0.0646 -0.1191   1.143  2.922  0.000
   28 C  -0.0780 -0.1306   1.127  2.951  0.000
   29 C  -0.0352 -0.0319   1.164  2.871  0.000
   30 S   0.0129 -0.0286   1.890  4.063  0.034
   31 C  -0.0363 -0.1311   1.131  2.906  0.000
   32 C  -0.0906 -0.2401   1.097  2.994  0.000
   33 SE  0.1568  0.1707   1.592  4.252 -0.001
   34 C  -0.0341 -0.0207   1.186  2.848  0.000
   35 S   0.0984  0.0624   1.896  3.951  0.055
   36 C  -0.0592 -0.1077   1.151  2.908  0.000
   37 C  -0.0083  0.0050   1.170  2.839  0.000
   38 S   0.0600  0.0254   1.894  4.000  0.046
   39 C   0.0606  0.1254   1.189  2.750  0.000
   40 N  -0.1183 -0.4623   1.216  3.902  0.000
   41 C   0.1851  0.2825   1.162  2.653  0.000
   42 O  -0.2799 -0.3252   1.627  4.652  0.000
   43 C  -0.0693 -0.0508   1.171  2.899  0.000
   44 C  -0.0717 -0.0546   1.170  2.901  0.000
   45 C   0.1879  0.2852   1.162  2.650  0.000
   46 O  -0.2803 -0.3262   1.628  4.653  0.000
   47 N  -0.1137 -0.4554   1.219  3.894  0.000
   48 C   0.0729  0.1422   1.180  2.747  0.000
   49 C   0.0751  0.1444   1.179  2.746  0.000
   50 N  -0.1142 -0.4559   1.219  3.895  0.000
   51 C   0.1878  0.2850   1.162  2.650  0.000
   52 O  -0.2814 -0.3274   1.628  4.654  0.000
   53 C  -0.0718 -0.0547   1.170  2.902  0.000
   54 C  -0.0713 -0.0529   1.171  2.900  0.000
   55 C   0.1851  0.2825   1.162  2.653  0.000
   56 O  -0.2785 -0.3239   1.627  4.651  0.000
   57 N  -0.1171 -0.4611   1.216  3.901  0.000
   58 C   0.0602  0.1250   1.190  2.750  0.000
   59 C  -0.0011  0.0122   1.162  2.839  0.000
   60 C  -0.0633 -0.1118   1.152  2.911  0.000
   61 C  -0.0263 -0.0282   1.169  2.857  0.000
   62 C   0.0046  0.0041   1.161  2.834  0.000
   63 C  -0.0435 -0.0525   1.146  2.898  0.000
   64 C  -0.0670 -0.1215   1.143  2.924  0.000
   65 C  -0.0772 -0.1297   1.127  2.950  0.000
   66 C  -0.0398 -0.0367   1.160  2.880  0.000
   67 S   0.0087 -0.0328   1.891  4.066  0.034
   68 C  -0.0390 -0.1338   1.131  2.907  0.000
   69 C  -0.0902 -0.2397   1.097  2.994  0.000
   70 SE  0.1376  0.1500   1.603  4.261 -0.002
   71 C  -0.0272 -0.0142   1.180  2.847  0.000
   72 C  -0.0303 -0.0319   1.172  2.858  0.000
   73 C  -0.0032 -0.0037   1.157  2.846  0.000
   74 C  -0.0408 -0.0499   1.145  2.895  0.000
   75 C  -0.0761 -0.1288   1.142  2.934  0.000
   76 C  -0.0781 -0.1306   1.132  2.946  0.000
   77 C  -0.0446 -0.0419   1.152  2.892  0.000
   78 S  -0.0168 -0.0581   1.893  4.088  0.036
   79 C  -0.0458 -0.1407   1.135  2.911  0.000
   80 C  -0.0926 -0.2421   1.097  2.996  0.000
   81 SE  0.1427  0.1500   1.610  4.253 -0.005
   82 C  -0.0310 -0.0183   1.182  2.849  0.000
   83 S   0.0750  0.0395   1.889  3.997  0.039
   84 C  -0.0887 -0.1374   1.149  2.940  0.000
   85 C  -0.0198 -0.0098   1.177  2.843  0.000
   86 S   0.0665  0.0314   1.895  3.990  0.048
   87 C  -0.0115 -0.0015   1.167  2.845  0.000
   88 C  -0.0875 -0.1360   1.148  2.939  0.000
   89 C  -0.0326 -0.0343   1.170  2.863  0.000
   90 C  -0.0046 -0.0052   1.159  2.845  0.000
   91 C  -0.0368 -0.0459   1.146  2.891  0.000
   92 C  -0.0769 -0.1297   1.142  2.935  0.000
   93 C  -0.0766 -0.1291   1.133  2.944  0.000
   94 C  -0.0492 -0.0470   1.154  2.895  0.000
   95 S  -0.0176 -0.0616   1.893  4.089  0.036
   96 C  -0.0436 -0.1388   1.134  2.910  0.000
   97 C  -0.0885 -0.2381   1.096  2.992  0.000
   98 SE  0.1366  0.1443   1.613  4.255 -0.005
   99 C  -0.0330 -0.0205   1.177  2.856  0.000
  100 C  -0.0399 -0.0416   1.173  2.867  0.000
  101 C   0.0000 -0.0005   1.159  2.841  0.000
  102 C  -0.0419 -0.0509   1.144  2.898  0.000
  103 C  -0.0768 -0.1296   1.142  2.935  0.000
  104 C  -0.0848 -0.1371   1.130  2.955  0.000
  105 C  -0.0461 -0.0432   1.153  2.893  0.000
  106 S  -0.0084 -0.0499   1.892  4.082  0.034
  107 C  -0.0407 -0.1355   1.132  2.909  0.000
  108 C  -0.0900 -0.2395   1.096  2.993  0.000
  109 SE  0.1368  0.1451   1.613  4.254 -0.005
  110 C  -0.0301 -0.0174   1.180  2.850  0.000
  111 S   0.0771  0.0415   1.890  3.994  0.039
  112 C  -0.0775 -0.1286   1.139  2.938  0.000
  113 C  -0.0561 -0.0958   1.140  2.916  0.000
  114 S   0.0830  0.0432   1.883  3.988  0.046
  115 H   0.0702  0.1353   0.930  0.000  0.000
  116 H   0.1519  0.3473   0.848  0.000  0.000
  117 H   0.1498  0.3465   0.850  0.000  0.000
  118 H   0.0583  0.1192   0.942  0.000  0.000
  119 H   0.0456  0.1042   0.954  0.000  0.000
  120 H   0.0451  0.1028   0.955  0.000  0.000
  121 H   0.0479  0.1061   0.952  0.000  0.000
  122 H   0.0524  0.1091   0.948  0.000  0.000
  123 H   0.0320  0.0848   0.968  0.000  0.000
  124 H   0.0344  0.0863   0.966  0.000  0.000
  125 H   0.0320  0.0861   0.968  0.000  0.000
  126 H   0.0509  0.1107   0.949  0.000  0.000
  127 H   0.0471  0.1050   0.953  0.000  0.000
  128 H   0.0488  0.1070   0.951  0.000  0.000
  129 H   0.0499  0.1065   0.950  0.000  0.000
  130 H   0.0335  0.0857   0.967  0.000  0.000
  131 H   0.0295  0.0824   0.970  0.000  0.000
  132 H   0.0386  0.0947   0.961  0.000  0.000
  133 H   0.0740  0.1420   0.926  0.000  0.000
  134 H   0.1522  0.3494   0.848  0.000  0.000
  135 H   0.1602  0.3622   0.840  0.000  0.000
  136 H   0.1599  0.3619   0.840  0.000  0.000
  137 H   0.1531  0.3503   0.847  0.000  0.000
  138 H   0.0735  0.1419   0.926  0.000  0.000
  139 H   0.0501  0.1097   0.950  0.000  0.000
  140 H   0.0469  0.1048   0.953  0.000  0.000
  141 H   0.0479  0.1062   0.952  0.000  0.000
  142 H   0.0512  0.1079   0.949  0.000  0.000
  143 H   0.0317  0.0845   0.968  0.000  0.000
  144 H   0.0339  0.0857   0.966  0.000  0.000
  145 H   0.0332  0.0873   0.967  0.000  0.000
  146 H   0.0438  0.1039   0.956  0.000  0.000
  147 H   0.0447  0.1024   0.955  0.000  0.000
  148 H   0.0521  0.1099   0.948  0.000  0.000
  149 H   0.0445  0.1035   0.955  0.000  0.000
  150 H   0.0325  0.0854   0.968  0.000  0.000
  151 H   0.0308  0.0850   0.969  0.000  0.000
  152 H   0.0348  0.0886   0.965  0.000  0.000
  153 H   0.0575  0.1199   0.943  0.000  0.000
  154 H   0.0559  0.1176   0.944  0.000  0.000
  155 H   0.0450  0.1054   0.955  0.000  0.000
  156 H   0.0445  0.1022   0.956  0.000  0.000
  157 H   0.0455  0.1037   0.955  0.000  0.000
  158 H   0.0511  0.1078   0.949  0.000  0.000
  159 H   0.0324  0.0853   0.968  0.000  0.000
  160 H   0.0322  0.0861   0.968  0.000  0.000
  161 H   0.0338  0.0856   0.966  0.000  0.000
  162 H   0.0440  0.1040   0.956  0.000  0.000
  163 H   0.0426  0.1004   0.957  0.000  0.000
  164 H   0.0514  0.1081   0.949  0.000  0.000
  165 H   0.0469  0.1051   0.953  0.000  0.000
  166 H   0.0322  0.0862   0.968  0.000  0.000
  167 H   0.0334  0.0852   0.967  0.000  0.000
  168 H   0.0322  0.0850   0.968  0.000  0.000
  169 H   0.0529  0.1126   0.947  0.000  0.000
  170 H   0.0588  0.1167   0.941  0.000  0.000
 Hirshfeld charges for QMDFF written to <charges>
 
 Loewdin charges    n(s)   n(p)   n(d)
    1 C   0.0482   1.124  2.828  0.000
    2 N  -0.0600   1.162  3.898  0.000
    3 C   0.1627   1.136  2.702  0.000
    4 O  -0.2613   1.601  4.660  0.000
    5 C  -0.0787   1.127  2.951  0.000
    6 C  -0.0844   1.124  2.961  0.000
    7 C   0.1766   1.136  2.688  0.000
    8 O  -0.2623   1.597  4.665  0.000
    9 N  -0.0892   1.169  3.920  0.000
   10 C   0.0546   1.156  2.789  0.000
   11 C   0.0089   1.134  2.857  0.000
   12 C  -0.0793   1.097  2.982  0.000
   13 C  -0.0239   1.129  2.895  0.000
   14 C  -0.0095   1.118  2.891  0.000
   15 C  -0.0177   1.096  2.921  0.000
   16 C  -0.0744   1.091  2.983  0.000
   17 C  -0.0848   1.078  3.007  0.000
   18 C   0.0115   1.105  2.884  0.000
   19 S  -0.0328   1.879  4.068  0.086
   20 C  -0.0102   1.066  2.944  0.000
   21 C  -0.0925   1.024  3.068  0.000
   22 SE  0.0910   1.583  4.261  0.066
   23 C  -0.0084   1.138  2.870  0.000
   24 C  -0.0228   1.129  2.894  0.000
   25 C   0.0089   1.119  2.872  0.000
   26 C  -0.0215   1.102  2.919  0.000
   27 C  -0.0595   1.091  2.969  0.000
   28 C  -0.0781   1.077  3.002  0.000
   29 C   0.0189   1.109  2.872  0.000
   30 S  -0.0255   1.878  4.061  0.087
   31 C  -0.0089   1.066  2.943  0.000
   32 C  -0.0935   1.025  3.069  0.000
   33 SE  0.1126   1.569  4.253  0.065
   34 C  -0.0142   1.143  2.871  0.000
   35 S   0.0586   1.884  3.948  0.110
   36 C  -0.0565   1.100  2.956  0.000
   37 C   0.0125   1.124  2.863  0.000
   38 S   0.0221   1.881  3.997  0.100
   39 C   0.0583   1.153  2.788  0.000
   40 N  -0.0761   1.166  3.911  0.000
   41 C   0.1665   1.134  2.700  0.000
   42 O  -0.2653   1.597  4.668  0.000
   43 C  -0.0773   1.133  2.944  0.000
   44 C  -0.0822   1.134  2.948  0.000
   45 C   0.1690   1.134  2.697  0.000
   46 O  -0.2662   1.597  4.669  0.000
   47 N  -0.0715   1.169  3.903  0.000
   48 C   0.0664   1.145  2.788  0.000
   49 C   0.0682   1.144  2.787  0.000
   50 N  -0.0720   1.169  3.903  0.000
   51 C   0.1688   1.134  2.697  0.000
   52 O  -0.2674   1.597  4.670  0.000
   53 C  -0.0825   1.134  2.949  0.000
   54 C  -0.0791   1.134  2.945  0.000
   55 C   0.1665   1.134  2.700  0.000
   56 O  -0.2639   1.597  4.667  0.000
   57 N  -0.0749   1.165  3.909  0.000
   58 C   0.0581   1.154  2.788  0.000
   59 C   0.0201   1.116  2.863  0.000
   60 C  -0.0603   1.101  2.959  0.000
   61 C  -0.0247   1.128  2.897  0.000
   62 C   0.0050   1.120  2.875  0.000
   63 C  -0.0178   1.097  2.920  0.000
   64 C  -0.0620   1.091  2.971  0.000
   65 C  -0.0771   1.077  3.000  0.000
   66 C   0.0148   1.105  2.880  0.000
   67 S  -0.0300   1.879  4.064  0.087
   68 C  -0.0117   1.067  2.945  0.000
   69 C  -0.0927   1.024  3.068  0.000
   70 SE  0.0908   1.580  4.263  0.065
   71 C  -0.0080   1.137  2.871  0.000
   72 C  -0.0267   1.130  2.896  0.000
   73 C  -0.0046   1.117  2.888  0.000
   74 C  -0.0127   1.096  2.917  0.000
   75 C  -0.0712   1.091  2.981  0.000
   76 C  -0.0769   1.082  2.995  0.000
   77 C   0.0103   1.097  2.893  0.000
   78 S  -0.0558   1.881  4.086  0.089
   79 C  -0.0192   1.071  2.949  0.000
   80 C  -0.0953   1.024  3.071  0.000
   81 SE  0.0910   1.587  4.256  0.066
   82 C  -0.0088   1.137  2.872  0.000
   83 S   0.0362   1.876  3.995  0.093
   84 C  -0.0916   1.100  2.991  0.000
   85 C   0.0043   1.131  2.864  0.000
   86 S   0.0285   1.882  3.987  0.102
   87 C   0.0128   1.120  2.867  0.000
   88 C  -0.0892   1.099  2.990  0.000
   89 C  -0.0303   1.128  2.902  0.000
   90 C  -0.0050   1.119  2.886  0.000
   91 C  -0.0089   1.096  2.912  0.000
   92 C  -0.0720   1.090  2.982  0.000
   93 C  -0.0751   1.082  2.993  0.000
   94 C   0.0058   1.099  2.895  0.000
   95 S  -0.0565   1.881  4.087  0.089
   96 C  -0.0167   1.070  2.947  0.000
   97 C  -0.0905   1.024  3.067  0.000
   98 SE  0.0851   1.591  4.259  0.065
   99 C  -0.0123   1.133  2.879  0.000
  100 C  -0.0379   1.132  2.906  0.000
  101 C  -0.0004   1.118  2.882  0.000
  102 C  -0.0141   1.094  2.920  0.000
  103 C  -0.0717   1.090  2.981  0.000
  104 C  -0.0841   1.080  3.005  0.000
  105 C   0.0093   1.098  2.893  0.000
  106 S  -0.0471   1.880  4.080  0.087
  107 C  -0.0134   1.067  2.946  0.000
  108 C  -0.0923   1.024  3.068  0.000
  109 SE  0.0847   1.591  4.259  0.066
  110 C  -0.0093   1.135  2.874  0.000
  111 S   0.0385   1.877  3.992  0.093
  112 C  -0.0764   1.089  2.988  0.000
  113 C  -0.0251   1.082  2.943  0.000
  114 S   0.0450   1.868  3.984  0.103
  115 H   0.0572   0.943  0.000  0.000
  116 H   0.1302   0.870  0.000  0.000
  117 H   0.1283   0.872  0.000  0.000
  118 H   0.0496   0.950  0.000  0.000
  119 H   0.0383   0.962  0.000  0.000
  120 H   0.0376   0.962  0.000  0.000
  121 H   0.0443   0.956  0.000  0.000
  122 H   0.0476   0.952  0.000  0.000
  123 H   0.0315   0.968  0.000  0.000
  124 H   0.0340   0.966  0.000  0.000
  125 H   0.0323   0.968  0.000  0.000
  126 H   0.0434   0.957  0.000  0.000
  127 H   0.0394   0.961  0.000  0.000
  128 H   0.0448   0.955  0.000  0.000
  129 H   0.0455   0.954  0.000  0.000
  130 H   0.0333   0.967  0.000  0.000
  131 H   0.0295   0.970  0.000  0.000
  132 H   0.0379   0.962  0.000  0.000
  133 H   0.0628   0.937  0.000  0.000
  134 H   0.1305   0.870  0.000  0.000
  135 H   0.1371   0.863  0.000  0.000
  136 H   0.1367   0.863  0.000  0.000
  137 H   0.1313   0.869  0.000  0.000
  138 H   0.0622   0.938  0.000  0.000
  139 H   0.0425   0.958  0.000  0.000
  140 H   0.0391   0.961  0.000  0.000
  141 H   0.0444   0.956  0.000  0.000
  142 H   0.0466   0.953  0.000  0.000
  143 H   0.0313   0.969  0.000  0.000
  144 H   0.0336   0.966  0.000  0.000
  145 H   0.0333   0.967  0.000  0.000
  146 H   0.0367   0.963  0.000  0.000
  147 H   0.0370   0.963  0.000  0.000
  148 H   0.0475   0.953  0.000  0.000
  149 H   0.0419   0.958  0.000  0.000
  150 H   0.0318   0.968  0.000  0.000
  151 H   0.0312   0.969  0.000  0.000
  152 H   0.0347   0.965  0.000  0.000
  153 H   0.0515   0.948  0.000  0.000
  154 H   0.0496   0.950  0.000  0.000
  155 H   0.0378   0.962  0.000  0.000
  156 H   0.0369   0.963  0.000  0.000
  157 H   0.0425   0.957  0.000  0.000
  158 H   0.0464   0.954  0.000  0.000
  159 H   0.0318   0.968  0.000  0.000
  160 H   0.0321   0.968  0.000  0.000
  161 H   0.0334   0.967  0.000  0.000
  162 H   0.0368   0.963  0.000  0.000
  163 H   0.0354   0.965  0.000  0.000
  164 H   0.0468   0.953  0.000  0.000
  165 H   0.0435   0.956  0.000  0.000
  166 H   0.0323   0.968  0.000  0.000
  167 H   0.0331   0.967  0.000  0.000
  168 H   0.0317   0.968  0.000  0.000
  169 H   0.0462   0.954  0.000  0.000
  170 H   0.0485   0.951  0.000  0.000
 
 Wiberg/Mayer (AO) data. WBOs > 0.1 written file <wbo>
 largest (>0.05) Wiberg bond orders for each atom
           total WBO             WBO to atom ...
     1  C   3.903    C    6 1.564    N    2 1.176    H  115 0.943    O    8 0.085    C   10 0.066
     2  N   3.478    C    1 1.176    C    3 1.008    H  116 0.950    O    4 0.135    C    6 0.080
     3  C   3.921    O    4 1.725    C    5 1.072    N    2 1.008
     4  O   2.117    C    3 1.725    N    2 0.135    C   10 0.079    C    5 0.069
     5  C   3.918    C   10 1.420    C    6 1.097    C    3 1.072    O    4 0.069    C   12 0.068    N    9 0.067
     6  C   3.947    C    1 1.564    C    5 1.097    C    7 1.035    N    2 0.080    O    8 0.071
     7  C   3.923    O    8 1.761    C    6 1.035    N    9 1.016
     8  O   2.140    C    7 1.761    N    9 0.151    C    1 0.085    C    6 0.071
     9  N   3.435    C   10 1.094    C    7 1.016    H  117 0.949    O    8 0.151    C    5 0.067
    10  C   3.923    C    5 1.420    C   11 1.151    N    9 1.094    O    4 0.079    C    1 0.066
    11  C   3.912    C   12 1.513    C   10 1.151    S   35 1.032
    12  C   3.933    C   11 1.513    C   13 1.228    H  118 0.933    S   35 0.071    C    5 0.068
    13  C   3.924    C   34 1.242    C   12 1.228    C   14 1.209
    14  C   3.899    C   23 1.362    C   13 1.209    C   15 1.083    C   25 0.069
    15  C   3.945    C   16 1.548    C   14 1.083    SE  22 1.066    C   18 0.108
    16  C   3.948    C   15 1.548    C   17 1.276    H  119 0.938    SE  22 0.054
    17  C   3.954    C   18 1.565    C   16 1.276    H  120 0.941    S   19 0.062
    18  C   3.933    C   17 1.565    SE  22 1.097    S   19 1.083    C   15 0.108
    19  S   2.281    C   18 1.083    C   20 0.985    C   17 0.062
    20  C   3.963    C   21 1.010    S   19 0.985    H  122 0.967    H  121 0.962
    21  C   3.982    C   20 1.010    H  123 0.982    H  125 0.977    H  124 0.976
    22  SE  2.463    C   18 1.097    C   15 1.066    C   16 0.054
    23  C   3.914    C   14 1.362    C   24 1.221    S   38 1.073
    24  C   3.928    C   36 1.245    C   23 1.221    C   25 1.211
    25  C   3.914    C   34 1.330    C   24 1.211    C   26 1.113    C   14 0.069
    26  C   3.938    C   27 1.520    C   25 1.113    SE  33 1.053    C   29 0.105
    27  C   3.935    C   26 1.520    C   28 1.298    H  126 0.935    SE  33 0.053
    28  C   3.952    C   29 1.542    C   27 1.298    H  127 0.940    S   30 0.062
    29  C   3.922    C   28 1.542    SE  33 1.097    S   30 1.094    C   26 0.105
    30  S   2.291    C   29 1.094    C   31 0.983    C   28 0.062
    31  C   3.962    C   32 1.010    S   30 0.983    H  129 0.968    H  128 0.964
    32  C   3.981    C   31 1.010    H  131 0.982    H  130 0.976    H  132 0.973
    33  SE  2.500    C   29 1.097    C   26 1.053    S   35 0.073    C   27 0.053
    34  C   3.926    C   25 1.330    C   13 1.242    S   35 1.080
    35  S   2.491    C   34 1.080    C   11 1.032    SE  33 0.073    C   12 0.071
    36  C   3.912    C   37 1.489    C   24 1.245    H  133 0.922    S   38 0.067
    37  C   3.914    C   36 1.489    C   39 1.181    S   38 1.037
    38  S   2.432    C   23 1.073    C   37 1.037    C   36 0.067
    39  C   3.872    C   44 1.362    C   37 1.181    N   40 1.099    O   46 0.062    C   48 0.051
    40  N   3.440    C   39 1.099    C   41 1.031    H  134 0.947    O   42 0.144    C   44 0.064
    41  C   3.911    O   42 1.716    C   43 1.058    N   40 1.031
    42  O   2.103    C   41 1.716    N   40 0.144    C   43 0.067    C   48 0.060
    43  C   3.910    C   48 1.348    C   44 1.171    C   41 1.058    O   42 0.067    N   47 0.065    C   54 0.056
    44  C   3.910    C   39 1.362    C   43 1.171    C   45 1.045    O   46 0.072    N   40 0.064
    45  C   3.918    O   46 1.728    C   44 1.045    N   47 1.037
    46  O   2.123    C   45 1.728    N   47 0.149    C   44 0.072    C   39 0.062
    47  N   3.451    C   48 1.102    C   45 1.037    H  135 0.929    O   46 0.149    C   43 0.065
    48  C   3.894    C   43 1.348    C   49 1.193    N   47 1.102    O   42 0.060    C   39 0.051
    49  C   3.895    C   54 1.349    C   48 1.193    N   50 1.102    O   56 0.060    C   58 0.052
    50  N   3.451    C   49 1.102    C   51 1.037    H  136 0.930    O   52 0.149    C   54 0.066
    51  C   3.919    O   52 1.727    C   53 1.046    N   50 1.037
    52  O   2.123    C   51 1.727    N   50 0.149    C   53 0.072    C   58 0.062
    53  C   3.912    C   58 1.362    C   54 1.170    C   51 1.046    O   52 0.072    N   57 0.064
    54  C   3.910    C   49 1.349    C   53 1.170    C   55 1.057    O   56 0.067    N   50 0.066    C   43 0.056
    55  C   3.911    O   56 1.718    C   54 1.057    N   57 1.031
    56  O   2.104    C   55 1.718    N   57 0.143    C   54 0.067    C   49 0.060
    57  N   3.442    C   58 1.101    C   55 1.031    H  137 0.947    O   56 0.143    C   53 0.064
    58  C   3.872    C   53 1.362    C   59 1.179    N   57 1.101    O   52 0.062    C   49 0.052
    59  C   3.920    C   60 1.487    C   58 1.179    S   83 1.055
    60  C   3.909    C   59 1.487    C   61 1.245    H  138 0.923    S   83 0.070
    61  C   3.930    C   60 1.245    C   82 1.223    C   62 1.212
    62  C   3.915    C   71 1.346    C   61 1.212    C   63 1.097    C   73 0.072
    63  C   3.942    C   64 1.535    C   62 1.097    SE  70 1.062    C   66 0.108
    64  C   3.952    C   63 1.535    C   65 1.287    H  139 0.936    SE  70 0.054
    65  C   3.954    C   66 1.554    C   64 1.287    H  140 0.940    S   67 0.062
    66  C   3.929    C   65 1.554    SE  70 1.097    S   67 1.088    C   63 0.108
    67  S   2.284    C   66 1.088    C   68 0.984    C   65 0.062
    68  C   3.963    C   69 1.010    S   67 0.984    H  142 0.967    H  141 0.962
    69  C   3.982    C   68 1.010    H  143 0.982    H  145 0.977    H  144 0.976
    70  SE  2.468    C   66 1.097    C   63 1.062    C   64 0.054
    71  C   3.925    C   62 1.346    C   72 1.242    S   86 1.072
    72  C   3.926    C   71 1.242    C   73 1.231    C   84 1.209
    73  C   3.917    C   82 1.359    C   72 1.231    C   74 1.063    C   62 0.072
    74  C   3.948    C   75 1.564    SE  81 1.076    C   73 1.063    C   77 0.111
    75  C   3.949    C   74 1.564    C   76 1.267    H  146 0.937    SE  81 0.054
    76  C   3.959    C   77 1.578    C   75 1.267    H  147 0.940    S   78 0.057
    77  C   3.939    C   76 1.578    SE  81 1.097    S   78 1.073    C   74 0.111
    78  S   2.249    C   77 1.073    C   79 0.975    C   76 0.057
    79  C   3.962    C   80 1.010    S   78 0.975    H  148 0.965    H  149 0.962
    80  C   3.983    C   79 1.010    H  150 0.982    H  151 0.979    H  152 0.973
    81  SE  2.467    C   77 1.097    C   74 1.076    C   75 0.054
    82  C   3.918    C   73 1.359    C   61 1.223    S   83 1.079
    83  S   2.427    C   82 1.079    C   59 1.055    C   60 0.070
    84  C   3.924    C   85 1.548    C   72 1.209    H  153 0.913    S   86 0.068    C   88 0.061
    85  C   3.908    C   84 1.548    C   87 1.124    S   86 1.048
    86  S   2.445    C   71 1.072    C   85 1.048    C   84 0.068
    87  C   3.922    C   88 1.551    C   85 1.124    S  111 1.067
    88  C   3.925    C   87 1.551    C   89 1.201    H  154 0.920    S  111 0.073    C   84 0.061
    89  C   3.945    C   90 1.250    C  110 1.239    C   88 1.201    C  100 0.050
    90  C   3.921    C   99 1.338    C   89 1.250    C   91 1.064    C  101 0.084
    91  C   3.948    C   92 1.563    SE  98 1.076    C   90 1.064    C   94 0.111
    92  C   3.938    C   91 1.563    C   93 1.267    H  155 0.936    SE  98 0.054
    93  C   3.959    C   94 1.579    C   92 1.267    H  156 0.940    S   95 0.056    SE  98 0.051
    94  C   3.937    C   93 1.579    SE  98 1.097    S   95 1.070    C   91 0.111
    95  S   2.253    C   94 1.070    C   96 0.975    C   93 0.056
    96  C   3.962    C   97 1.010    S   95 0.975    H  158 0.967    H  157 0.962
    97  C   3.983    C   96 1.010    H  159 0.982    H  160 0.981    H  161 0.976
    98  SE  2.458    C   94 1.097    C   91 1.076    C   92 0.054    C   93 0.051
    99  C   3.937    C   90 1.338    C  100 1.255    S  114 1.081    C  110 0.053
   100  C   3.934    C  101 1.261    C   99 1.255    C  112 1.161    C   89 0.050
   101  C   3.928    C  110 1.349    C  100 1.261    C  102 1.054    C   90 0.084
   102  C   3.948    C  103 1.570    SE 109 1.076    C  101 1.054    C  105 0.112
   103  C   3.953    C  102 1.570    C  104 1.266    H  162 0.937    SE 109 0.056
   104  C   3.957    C  105 1.576    C  103 1.266    H  163 0.941    S  106 0.061
   105  C   3.942    C  104 1.576    SE 109 1.103    S  106 1.074    C  102 0.112
   106  S   2.265    C  105 1.074    C  107 0.982    C  104 0.061
   107  C   3.963    C  108 1.010    S  106 0.982    H  164 0.967    H  165 0.962
   108  C   3.983    C  107 1.010    H  168 0.982    H  166 0.978    H  167 0.976
   109  SE  2.458    C  105 1.103    C  102 1.076    C  103 0.056
   110  C   3.929    C  101 1.349    C   89 1.239    S  111 1.077    C   99 0.053
   111  S   2.435    C  110 1.077    C   87 1.067    C   88 0.073
   112  C   3.957    C  113 1.708    C  100 1.161    H  169 0.926    S  114 0.086
   113  C   3.934    C  112 1.708    S  114 1.130    H  170 0.949
   114  S   2.485    C  113 1.130    C   99 1.081    C  112 0.086
   115  H   0.994    C    1 0.943
   116  H   0.976    N    2 0.950
   117  H   0.977    N    9 0.949
   118  H   0.992    C   12 0.933
   119  H   0.997    C   16 0.938
   120  H   0.996    C   17 0.941
   121  H   0.998    C   20 0.962
   122  H   0.996    C   20 0.967
   123  H   0.999    C   21 0.982
   124  H   0.998    C   21 0.976
   125  H   0.999    C   21 0.977
   126  H   0.996    C   27 0.935
   127  H   0.996    C   28 0.940
   128  H   0.997    C   31 0.964
   129  H   0.997    C   31 0.968
   130  H   0.998    C   32 0.976
   131  H   0.999    C   32 0.982
   132  H   0.998    C   32 0.973
   133  H   0.991    C   36 0.922
   134  H   0.976    N   40 0.947
   135  H   0.973    N   47 0.929
   136  H   0.974    N   50 0.930
   137  H   0.976    N   57 0.947
   138  H   0.992    C   60 0.923
   139  H   0.996    C   64 0.936
   140  H   0.996    C   65 0.940
   141  H   0.998    C   68 0.962
   142  H   0.996    C   68 0.967
   143  H   0.999    C   69 0.982
   144  H   0.998    C   69 0.976
   145  H   0.999    C   69 0.977
   146  H   0.997    C   75 0.937
   147  H   0.996    C   76 0.940
   148  H   0.996    C   79 0.965
   149  H   0.998    C   79 0.962
   150  H   0.999    C   80 0.982
   151  H   0.999    C   80 0.979
   152  H   0.997    C   80 0.973
   153  H   0.993    C   84 0.913
   154  H   0.994    C   88 0.920
   155  H   0.997    C   92 0.936
   156  H   0.996    C   93 0.940
   157  H   0.998    C   96 0.962
   158  H   0.996    C   96 0.967
   159  H   0.999    C   97 0.982
   160  H   0.999    C   97 0.981
   161  H   0.997    C   97 0.976
   162  H   0.997    C  103 0.937
   163  H   0.997    C  104 0.941
   164  H   0.997    C  107 0.967
   165  H   0.998    C  107 0.962
   166  H   0.999    C  108 0.978
   167  H   0.998    C  108 0.976
   168  H   0.999    C  108 0.982
   169  H   0.995    C  112 0.926
   170  H   0.994    C  113 0.949
 
 --------------------------------------------
          xTB calculation for sTDA...
 --------------------------------------------
 
 reading parameter file /ihome/ghutchison/blp62/xtb4stda/.param_stda2.xtb
 
      method parameters     
 k(s)        :  1.6000
 k(p)        :  2.1800
 k(d)        :  1.9500
 k(f)        :  2.0000
 k(R-V)      :  2.2750
 k(R-R)      :  1.7650
 Tscal       :  0.2580
 Gscal       :  1.0000
 fpol        :  1.0000
 Zcnf        :  0.3430
 Zqf         :  0.0000
 kcn         :  2.7000
 Ryd Hsplit  :  0.7000
 lshift(virt):  3.1000
 lshift(OS)  :  0.2000
 wllscaling  :  2.6000
 
 mowrcut     : 3.000
 
  Z AO/shell   Hii/eV     exponent
  1     Sun Feb 14 09:53:25 CET 2016    EN: 2.327 GAM: 0.473  GM3: 0.0000
     1s    -14.339618    1.220000
     2sp    -3.348946    0.600000
  6     Sun Feb 14 09:53:25 CET 2016    EN: 2.731 GAM: 0.422  GM3: 0.0000
     2s    -22.009312    1.565095
     2p    -13.020408    1.596905
     3sp    -3.914040    0.824500
  7     Sun Feb 14 09:53:25 CET 2016    EN: 3.573 GAM: 0.504  GM3: 0.0000
     2s    -25.722000    2.064844
     2p    -18.684912    1.801692
     3sp    -4.344791    0.921400
  8     Sun Feb 14 09:53:25 CET 2016    EN: 3.700 GAM: 0.587  GM3: 0.0000
     2s    -33.859000    2.418661
     2p    -22.175911    1.973969
     3sp    -4.259392    1.013700
 16     Sun Feb 21 16:35:57 CET 2016    EN: 1.915 GAM: 0.200  GM3: 0.0000
     3s    -17.898811    2.619580
     3p    -15.317401    1.798798
     4sp    -4.455139    0.843200
 34     Tue Sep 13 12:54:47 CEST 2016   EN: 1.315 GAM: 0.403  GM3: 0.0000
     4s    -24.924300    2.166243
     4p    -14.275287    1.915023
     5sp    -3.986999    0.809100
 
 Nbf   :         1192
 T(el) :     0.0
 calculating S/T integrals ...
 cpu time for ints    2.44763400000000     
 Nao   :         1192
 making H0...
 making H1...
 cpu time for H      3.448799999999963E-002
 solving ...
 cpu time for diag   0.638042000000000     
 
 gap (eV)           :   4.047
 Koopmans IP (eV)   :  13.184
 Eel (Eh)           :  -479.733148

          eigenvalues
 #    :         271        272        273        274        275        276        277        278
 occ. :        2.000      2.000      2.000      2.000      2.000      2.000      2.000      2.000
 eps  :       -14.935    -14.894    -14.828    -14.738    -14.493    -14.347    -14.206    -14.009
 #    :         279        280        281        282        283        284        285        286
 occ. :        2.000      2.000      2.000      2.000      2.000      0.000      0.000      0.000
 eps  :       -13.994    -13.794    -13.475    -13.307    -13.185     -9.138     -8.463     -7.950
 #    :         287        288        289        290        291        292        293        294
 occ. :        0.000      0.000      0.000      0.000      0.000      0.000      0.000      0.000
 eps  :        -7.531     -7.091     -6.853     -6.314     -6.260     -5.993     -5.883     -5.814
                            1  SCC done.
 writing mo output ...
 molden style : F
 
speedup  4.02
cpu  time for all    7.74 s
wall time for all    1.93 s
