 
        ______________________________________
       |                                      |
       |          ===================         |
       |             xTB for sTDA             |
       |          ===================         |
       |               S. Grimme              |
       |        Universitaet Bonn, MCTC       |
       |         2015-19, Version 1.0         |
       |     Wed Apr  3 09:14:55 CEST 2019    |
       |______________________________________|
 
        This code comes without any warranty
        for non-commercial, academia use only.
        Preliminary test version.
        Cite this work as:
        S. Grimme  &  C. Bannwarth, JCP 145 (2016) 054103
        if GBSA is used additionally:
        P. Shushkov, F. März, C. Bannwarth, S. Grimme, unpublished.
 
        with help from
        P. Shushkov, G. Brandenburg, S. Dohm, J. Pisarek,
        F. März, M. Checinski, S. Ehrlich, S. Spicher, 
        P. Pracht, E. Caldeweyher, S. Ehlert, and C. Bannwarth.
 
        usage        :
        xtb4stda <coord_file> [options]
        where <coord_file> is a valid file of TM)
        (*coord, Bohr) or xmol (*xyz, Angstroem)
        format.

        options:
        -chrg <int>   : molecular charge
        -uhf  <int>   : # of unpaired electrons(=2*S)
        -nox          : skip second, extended part in sTDA-xTB
        -pop          : do population analysis
                      : (default for -nox)
        -mowr <real>  : cut MO write above (def.3 Eh)
        -molden       : write formatted molden file
        -parx <file>  : read parameters for sTDA-xTB
                        calc (def:~/.param_stda2.xtb)
        -parv <file>  : read parameters for vTB part in
                        sTDA-xTB (def: ~/.param_stda1.xtb)
        -xtemp <real> : el. temp for xTB (def. 0 K)
        -etemp <real> : el. temp for GFN (def. 300 K)
        -fod          : calculate the FOD and write
                        molden.input file with
                        appropriate occupations
                        for plotting. Def. T=12500 K
 
        -acc <real>   : xTB accuracy (def. 1.0)
        -gbsa [string1] [string2]
                        use GBSA implicit solvent
                        for solvent [string1] and
                        solvation state [string2]=
                        reference, bar1M (default=1M)
        additional GFN/opt/MD/siman options read from
        $XTB4STDAHOME/.xtb4stdarc or $set in input
 
       spin and charge state information can be on:
       <.CHRG> (charge) and <.UHF> (=nalpha-nbeta)
       -uhf and -chrg override the file info.
       useful machine settings:
       setenv MKL_NUM_THREADS <NCORE_ON_YOUR_MACHINE>
       setenv OMP_STACKSIZE 500m
       limit stacksize unlimited
 
       total energies in Eh, gaps/HL energies in eV
       please read REVISION and HOWTO files carefully
 =============================
  # OMP threads =           8
 =============================
 
 xtb4stdahome directory:/ihome/ghutchison/blp62/xtb4stda/
 
 
 name of molecule           :
 comment line               :
 number of atoms            :   167
 number of electrons        :   482
 charge                     :  0
 spin                       : 0.0
 first test random number   :  0.4333
 
 -----------------------------------------
      charge density (VTB) calculation
 -----------------------------------------
 
      method parameters     
 k(s)        :  1.8000
 k(p)        :  2.8350
 k(d)        :  2.0860
 k(f)        :  2.0000
 Tscal       :  0.3300
 Gscal       :  0.3910
 fpol        :  1.0000
 Zcnf        :  0.6500
 Zqf         :  0.0000
 kcn         :  0.3000
 kEN1        : -0.5900
 wllscal     :  2.6000
 
     -------------------------
     ! NO SOLVENT MODEL USED !
     -------------------------
 
 doing EN charges ...
 sum q : -0.2109424D-14
 point charge moment (au)
     X       Y       Z   
   0.1833  -0.8023   0.3549  total (Debye):    2.278
 
            Z      q(EN)   CN      Cart. coordinates
     1  C   4.0  -0.170   3.165    11.80606    11.77148     6.95192
     2  S   6.0   0.222   2.547     8.93519    10.44508     6.33134
     3  C   4.0  -0.088   3.210    10.00893     7.41850     7.02676
     4  C   4.0  -0.023   3.452    12.55855     7.49503     7.72312
     5  C   4.0  -0.023   3.427    13.57636    10.00194     7.67267
     6  C   4.0  -0.068   3.193    16.13883    10.39387     8.31763
     7  C   4.0   0.008   3.176    17.63965     8.40569     8.98338
     8  C   4.0  -0.252   4.061    20.35632     8.82804     9.65537
     9  C   4.0   0.008   3.178    16.62505     5.90331     9.04215
    10  C   4.0  -0.252   4.061    18.29179     3.74015     9.78292
    11  C   4.0  -0.068   3.195    14.15083     5.48153     8.42629
    12  C   4.0  -0.078   3.179     8.42345     5.27460     6.84270
    13  C   4.0  -0.082   3.204     5.96832     5.33678     6.12460
    14  C   4.0  -0.082   3.186     4.38227     3.18135     5.86835
    15  C   4.0  -0.088   3.352     4.88891     0.68427     6.30885
    16  C   4.0  -0.019   3.447     2.84139    -0.95072     5.77255
    17  C   4.0  -0.005   3.304     2.72725    -3.59350     6.04164
    18  C   4.0  -0.006   3.242     4.82919    -5.02157     7.15148
    19  C   4.0  -0.076   3.209     5.76555    -7.19456     6.00668
    20  C   4.0  -0.082   3.220     7.72992    -8.55158     7.06323
    21  C   4.0  -0.084   3.167     8.83844    -7.77849     9.31465
    22  S   6.0   0.192   2.330    11.32551    -9.31975    10.90523
    23  C   4.0  -0.240   3.998    12.24467   -11.88751     8.79346
    24  C   4.0  -0.249   4.065    13.79538   -10.97326     6.56132
    25  C   4.0   0.009   3.276     7.87222    -5.60266    10.45226
    26  F   7.0  -0.028   1.089     8.89022    -4.80387    12.65247
    27  C   4.0  -0.071   3.216     5.91428    -4.23790     9.42198
    28  C   4.0  -0.087   3.307     0.51911    -4.75871     5.25608
    29  C   4.0  -0.019   3.445    -1.60476    -3.43174     4.30026
    30  C   4.0  -0.005   3.307    -1.48986    -0.79482     4.03645
    31  C   4.0  -0.006   3.248    -3.58349     0.72906     3.04132
    32  C   4.0  -0.071   3.185    -6.00498     0.59999     4.06820
    33  C   4.0  -0.087   3.271    -7.86901     2.22988     3.26299
    34  C   4.0  -0.083   3.163    -7.41472     4.03797     1.39726
    35  S   6.0   0.190   2.319    -9.97605     6.04693     0.64232
    36  C   4.0  -0.238   3.998    -8.57444     9.03969    -0.39892
    37  C   4.0  -0.250   4.064    -8.61942     9.36095    -3.24504
    38  C   4.0   0.013   3.224    -5.02592     4.05290     0.29801
    39  C   4.0  -0.077   3.246    -3.13317     2.45097     1.10587
    40  F   7.0  -0.029   1.081    -4.44955     5.66483    -1.60041
    41  C   4.0  -0.089   3.314     0.73340     0.37171     4.78573
    42  S   6.0   0.217   2.614     1.28596     3.61599     4.74888
    43  C   4.0  -0.087   3.354    -3.60314    -5.07864     3.61467
    44  C   4.0  -0.090   3.293    -3.06835    -7.57421     3.99885
    45  S   6.0   0.212   2.726    -0.05820    -7.99940     5.33186
    46  C   4.0  -0.092   3.298    -4.37509    -9.74777     3.10936
    47  S   6.0   0.222   2.914    -2.53885   -12.32838     2.29129
    48  C   4.0  -0.086   3.238    -4.92878   -13.70788     0.54878
    49  C   4.0  -0.022   3.464    -7.17321   -12.38829     0.88175
    50  C   4.0  -0.020   3.453    -6.85989   -10.10644     2.31189
    51  C   4.0  -0.068   3.199    -8.97525    -8.54213     2.71421
    52  C   4.0   0.007   3.180   -11.28658    -9.16271     1.74063
    53  C   4.0  -0.252   4.061   -13.52004    -7.48464     2.20077
    54  C   4.0   0.008   3.179   -11.59026   -11.41565     0.28592
    55  C   4.0  -0.253   4.061   -14.13326   -12.06363    -0.77479
    56  C   4.0  -0.068   3.200    -9.57354   -12.97165    -0.12359
    57  C   4.0  -0.079   3.199    -4.21938   -15.60233    -1.30958
    58  C   4.0  -0.078   3.188    -2.37104   -15.10439    -2.98237
    59  C   4.0  -0.095   3.261    -1.31808   -12.57726    -3.15320
    60  S   6.0   0.216   2.638     1.80639   -11.89242    -2.48329
    61  C   4.0  -0.089   3.218     1.23512    -8.66231    -2.18944
    62  C   4.0  -0.025   3.465    -1.31374    -8.14415    -2.66262
    63  C   4.0  -0.026   3.496    -2.72536   -10.35513    -3.28812
    64  C   4.0  -0.069   3.219    -5.29955   -10.12477    -3.94934
    65  C   4.0   0.008   3.186    -6.49688    -7.84633    -3.79457
    66  C   4.0  -0.254   4.066    -9.20939    -7.59538    -4.55575
    67  C   4.0   0.007   3.189    -5.16141    -5.69261    -2.87956
    68  C   4.0  -0.255   4.074    -6.54696    -3.25694    -2.49878
    69  C   4.0  -0.074   3.233    -2.63371    -5.84662    -2.36896
    70  C   4.0  -0.081   3.191     3.19024    -7.06021    -1.27235
    71  C   4.0  -0.077   3.173     3.51338    -4.54933    -1.71096
    72  C   4.0  -0.087   3.203     2.41885    -3.07043    -3.65756
    73  S   6.0   0.224   2.680     1.31789    -4.40476    -6.44529
    74  C   4.0  -0.090   3.215     0.55463    -1.50328    -7.76432
    75  C   4.0  -0.024   3.458     1.17125     0.45561    -6.09474
    76  C   4.0  -0.022   3.447     2.28090    -0.42538    -3.79986
    77  C   4.0  -0.069   3.202     3.15357     1.35285    -2.02201
    78  C   4.0   0.007   3.182     2.97197     3.89435    -2.48839
    79  C   4.0  -0.255   4.071     4.02984     5.77047    -0.65441
    80  C   4.0   0.008   3.182     1.81187     4.76929    -4.75323
    81  C   4.0  -0.253   4.063     1.52803     7.54624    -5.20903
    82  C   4.0  -0.072   3.218     0.96149     3.07515    -6.51048
    83  C   4.0  -0.080   3.189    -0.23546    -1.38555   -10.33434
    84  C   4.0  -0.077   3.172    -1.94264     0.21656   -11.38428
    85  C   4.0  -0.088   3.201    -3.80515     1.68450   -10.14197
    86  S   6.0   0.228   2.698    -4.74265     1.09642    -7.06228
    87  C   4.0  -0.088   3.203    -7.37617     3.03301    -7.29302
    88  C   4.0  -0.021   3.433    -7.41188     4.27475    -9.62324
    89  C   4.0  -0.023   3.455    -5.40877     3.48144   -11.25124
    90  C   4.0  -0.068   3.199    -5.20733     4.54271   -13.68067
    91  C   4.0   0.008   3.178    -6.87426     6.34986   -14.48286
    92  C   4.0  -0.252   4.060    -6.63880     7.45950   -17.07594
    93  C   4.0   0.008   3.178    -8.81123     7.21630   -12.82727
    94  C   4.0  -0.252   4.061   -10.56678     9.26873   -13.67689
    95  C   4.0  -0.069   3.199    -9.05651     6.19471   -10.46587
    96  C   4.0  -0.082   3.155    -9.14476     2.98936    -5.24512
    97  C   4.0  -0.144   3.054   -11.59101     3.59067    -5.34509
    98  H   1.0   0.076   1.014    12.05135    13.77251     6.75709
    99  H   1.0   0.075   1.005    16.88262    12.29475     8.26963
   100  H   1.0   0.081   0.999    20.73729     8.19725    11.57760
   101  H   1.0   0.081   0.999    21.59069     7.77018     8.39171
   102  H   1.0   0.082   1.000    20.83366    10.82133     9.51590
   103  H   1.0   0.081   0.999    19.04201     4.01680    11.68002
   104  H   1.0   0.082   1.000    17.24545     1.97306     9.74834
   105  H   1.0   0.081   0.999    19.89050     3.57933     8.49489
   106  H   1.0   0.075   1.006    13.40194     3.58368     8.47882
   107  H   1.0   0.075   1.007     9.29443     3.48617     7.30511
   108  H   1.0   0.074   1.013     5.11624     7.13976     5.66937
   109  H   1.0   0.080   1.006     6.69039     0.01720     6.96704
   110  H   1.0   0.076   1.010     4.96129    -7.82687     4.24414
   111  H   1.0   0.076   1.007     8.37961   -10.22890     6.10892
   112  H   1.0   0.080   1.014    10.54618   -12.89681     8.21747
   113  H   1.0   0.079   1.021    13.36546   -13.12585     9.99911
   114  H   1.0   0.081   0.999    14.32960   -12.57027     5.38024
   115  H   1.0   0.081   1.000    15.50463   -10.04314     7.22178
   116  H   1.0   0.081   1.000    12.73430    -9.63571     5.41690
   117  H   1.0   0.076   1.006     5.21205    -2.60291    10.41711
   118  H   1.0   0.075   1.006    -6.39464    -0.72660     5.56808
   119  H   1.0   0.076   1.008    -9.72642     2.17035     4.10297
   120  H   1.0   0.081   1.016    -6.67054     9.13928     0.36642
   121  H   1.0   0.078   1.019    -9.73757    10.47532     0.51533
   122  H   1.0   0.081   0.999    -7.89962    11.22327    -3.73807
   123  H   1.0   0.081   1.001   -10.54221     9.18464    -3.94972
   124  H   1.0   0.083   1.002    -7.45667     7.94309    -4.16703
   125  H   1.0   0.077   1.010    -1.31714     2.55019     0.18160
   126  H   1.0   0.081   1.007    -5.30919    -4.43556     2.72706
   127  H   1.0   0.076   1.006    -8.75605    -6.85895     3.84767
   128  H   1.0   0.081   0.999   -14.32450    -6.82871     0.42179
   129  H   1.0   0.082   1.000   -12.97750    -5.84549     3.31477
   130  H   1.0   0.081   0.999   -14.99630    -8.50112     3.21348
   131  H   1.0   0.081   0.999   -14.79164   -10.58247    -2.04449
   132  H   1.0   0.082   1.000   -14.05106   -13.82958    -1.82094
   133  H   1.0   0.081   0.999   -15.52296   -12.26186     0.73113
   134  H   1.0   0.075   1.006    -9.79218   -14.69130    -1.20281
   135  H   1.0   0.074   1.004    -5.17520   -17.40910    -1.29994
   136  H   1.0   0.074   1.005    -1.64671   -16.56420    -4.21617
   137  H   1.0   0.076   1.007    -6.30129   -11.78717    -4.58221
   138  H   1.0   0.082   1.001    -9.96509    -9.41499    -5.13571
   139  H   1.0   0.082   1.001   -10.33831    -6.88257    -2.99125
   140  H   1.0   0.081   1.000    -9.39439    -6.27200    -6.12347
   141  H   1.0   0.081   1.000    -8.05722    -3.48900    -1.11513
   142  H   1.0   0.082   1.003    -7.41037    -2.63201    -4.25888
   143  H   1.0   0.083   1.002    -5.26799    -1.78900    -1.83984
   144  H   1.0   0.078   1.011    -1.63820    -4.20105    -1.69017
   145  H   1.0   0.074   1.009     4.54233    -7.97502    -0.03628
   146  H   1.0   0.074   1.007     4.85603    -3.55646    -0.52497
   147  H   1.0   0.075   1.007     4.02285     0.69240    -0.29480
   148  H   1.0   0.083   1.003     5.06352     4.82088     0.84433
   149  H   1.0   0.081   1.001     2.52448     6.89126     0.19407
   150  H   1.0   0.081   1.000     5.31467     7.06512    -1.60721
   151  H   1.0   0.082   1.000     0.57334     7.88791    -6.99577
   152  H   1.0   0.081   0.999     3.36296     8.47939    -5.25589
   153  H   1.0   0.081   1.000     0.41914     8.40531    -3.70254
   154  H   1.0   0.077   1.009     0.15137     3.74260    -8.25905
   155  H   1.0   0.073   1.008     0.65876    -2.74747   -11.57495
   156  H   1.0   0.074   1.007    -2.06075     0.25266   -13.42707
   157  H   1.0   0.075   1.006    -3.69385     3.93724   -14.91032
   158  H   1.0   0.081   0.999    -8.37092     7.16849   -18.15063
   159  H   1.0   0.081   0.999    -6.29940     9.48813   -16.97371
   160  H   1.0   0.082   1.000    -5.08298     6.59004   -18.09791
   161  H   1.0   0.081   0.999    -9.51647    10.97043   -14.16690
   162  H   1.0   0.082   1.000   -11.90754     9.73549   -12.19176
   163  H   1.0   0.081   0.999   -11.61974     8.68065   -15.34609
   164  H   1.0   0.076   1.006   -10.48307     6.90978    -9.19824
   165  H   1.0   0.074   1.012    -8.38282     2.26654    -3.48825
   166  H   1.0   0.074   1.002   -12.50356     4.19236    -7.05756
   167  H   1.0   0.073   1.003   -12.75867     3.45593    -3.68629
 
  Z AO/shell   Hii/eV     exponent
  1     Sat Feb 20 21:38:01 CET 2016    EN: 2.327 GAM: 0.473  GM3: 0.0000
     1s    -13.751157    1.051071
  6     Sat Feb 20 21:38:01 CET 2016    EN: 2.731 GAM: 0.422  GM3: 0.0000
     2s    -19.378245    2.021003
     2p    -11.993376    1.497917
  9     Sat Feb 20 21:51:24 CET 2016    EN: 3.394 GAM: 0.669  GM3: 0.0000
     2s    -19.384211    2.614957
     2p    -19.426034    2.777297
 16     Sat Feb 20 23:13:41 CET 2016    EN: 1.915 GAM: 0.389  GM3: 0.0000
     3s    -22.000000    2.671470
     3p    -15.834192    1.836978
     3d     -2.593599    1.836978
 
 dipole moment of classical point charges (au)
     X       Y       Z   
   0.1833  -0.8023   0.3549  total (Debye):    2.278

 
 Nbf   :          512
 T(el) :   300.0
 calculating S/T integrals ...
 cpu time for ints   0.813389000000000     
 Nao   :          503
 making H0...
 making H1...
 cpu time for H      0.233038000000000     
 solving ...
 cpu time for diag   0.246649000000000     
 
 gap (eV)           :   1.747
 Koopmans IP (eV)   :  11.329
 Eel (Eh)           :  -373.471214
 T,E(Fermi),NFOD :    300.000   -10.455  0.000000
 T,E(Fermi),NFOD :    300.000   -10.455  0.000000
 Nfod               :  0.0000
 Nfod/Nel           :  0.0000

          eigenvalues
 #    :         229        230        231        232        233        234        235        236
 occ. :        2.000      2.000      2.000      2.000      2.000      2.000      2.000      2.000
 eps  :       -14.820    -14.801    -14.788    -14.673    -14.331    -14.052    -13.973    -13.138
 #    :         237        238        239        240        241        242        243        244
 occ. :        2.000      2.000      2.000      2.000      2.000      0.000      0.000      0.000
 eps  :       -13.123    -12.454    -12.261    -11.714    -11.330     -9.583     -9.191     -8.697
 #    :         245        246        247        248        249        250        251        252
 occ. :        0.000      0.000      0.000      0.000      0.000      0.000      0.000      0.000
 eps  :        -8.576     -8.287     -8.037     -7.822     -7.800     -7.688     -7.677     -7.626
                            1  SCC done.
 making H1...
 cpu time for H      0.327926000000000     
 solving ...
 cpu time for diag   0.149062000000000     
 
 gap (eV)           :   1.858
 Koopmans IP (eV)   :  11.299
 Eel (Eh)           :  -371.805145
 T,E(Fermi),NFOD :    300.000   -10.370  0.000000
 T,E(Fermi),NFOD :    300.000   -10.370  0.000000
 Nfod               :  0.0000
 Nfod/Nel           :  0.0000

          eigenvalues
 #    :         229        230        231        232        233        234        235        236
 occ. :        2.000      2.000      2.000      2.000      2.000      2.000      2.000      2.000
 eps  :       -14.626    -14.573    -14.492    -14.383    -14.225    -13.820    -13.606    -13.090
 #    :         237        238        239        240        241        242        243        244
 occ. :        2.000      2.000      2.000      2.000      2.000      0.000      0.000      0.000
 eps  :       -12.925    -12.474    -12.262    -11.775    -11.300     -9.442     -9.154     -8.633
 #    :         245        246        247        248        249        250        251        252
 occ. :        0.000      0.000      0.000      0.000      0.000      0.000      0.000      0.000
 eps  :        -8.436     -8.045     -7.800     -7.599     -7.517     -7.493     -7.373     -7.283
                            2  SCC done.
 
 
 Mulliken/CM5 charges    n(s)   n(p)   n(d)   
    1 C  -0.0838 -0.1198   1.139  2.945  0.000
    2 S   0.1470  0.1067   1.876  3.909  0.068
    3 C  -0.0374 -0.0294   1.164  2.873  0.000
    4 C  -0.0390 -0.0420   1.169  2.870  0.000
    5 C  -0.0304 -0.0354   1.163  2.868  0.000
    6 C  -0.0611 -0.1123   1.142  2.919  0.000
    7 C  -0.0043 -0.0202   1.179  2.825  0.000
    8 C  -0.0846 -0.2305   1.080  3.005  0.000
    9 C  -0.0063 -0.0223   1.180  2.826  0.000
   10 C  -0.0839 -0.2299   1.080  3.004  0.000
   11 C  -0.0570 -0.1084   1.141  2.916  0.000
   12 C  -0.0373 -0.0901   1.132  2.905  0.000
   13 C  -0.0437 -0.0960   1.128  2.915  0.000
   14 C  -0.0142 -0.0102   1.171  2.844  0.000
   15 C  -0.0824 -0.1322   1.136  2.946  0.000
   16 C  -0.0328 -0.0353   1.171  2.861  0.000
   17 C  -0.0087 -0.0101   1.164  2.845  0.000
   18 C  -0.0043 -0.0116   1.163  2.841  0.000
   19 C  -0.0432 -0.0961   1.141  2.902  0.000
   20 C  -0.0495 -0.1029   1.134  2.916  0.000
   21 C  -0.0003  0.0091   1.167  2.834  0.000
   22 S  -0.0188 -0.0592   1.893  4.099  0.026
   23 C  -0.0365 -0.1327   1.124  2.913  0.000
   24 C  -0.0870 -0.2372   1.096  2.991  0.000
   25 C   0.0772  0.0927   1.164  2.759  0.000
   26 F  -0.1397 -0.1628   1.684  5.455  0.000
   27 C  -0.0364 -0.0851   1.140  2.897  0.000
   28 C  -0.0258 -0.0133   1.178  2.848  0.000
   29 C  -0.0278 -0.0302   1.171  2.857  0.000
   30 C  -0.0108 -0.0124   1.163  2.848  0.000
   31 C   0.0003 -0.0074   1.165  2.835  0.000
   32 C  -0.0413 -0.0950   1.141  2.900  0.000
   33 C  -0.0391 -0.0908   1.138  2.902  0.000
   34 C  -0.0035  0.0047   1.168  2.835  0.000
   35 S  -0.0383 -0.0814   1.894  4.119  0.026
   36 C  -0.0352 -0.1304   1.126  2.909  0.000
   37 C  -0.0859 -0.2359   1.096  2.990  0.000
   38 C   0.0779  0.0913   1.167  2.755  0.000
   39 C  -0.0359 -0.0838   1.141  2.895  0.000
   40 F  -0.1381 -0.1664   1.683  5.455  0.000
   41 C  -0.0251 -0.0129   1.177  2.848  0.000
   42 S   0.0626  0.0231   1.890  4.010  0.037
   43 C  -0.0824 -0.1323   1.138  2.944  0.000
   44 C  -0.0071  0.0030   1.171  2.836  0.000
   45 S   0.0603  0.0247   1.892  4.012  0.036
   46 C  -0.0373 -0.0237   1.169  2.868  0.000
   47 S   0.1323  0.0960   1.886  3.924  0.057
   48 C  -0.0462 -0.0367   1.183  2.863  0.000
   49 C  -0.0294 -0.0323   1.170  2.859  0.000
   50 C  -0.0290 -0.0314   1.171  2.858  0.000
   51 C  -0.0583 -0.1101   1.142  2.916  0.000
   52 C  -0.0059 -0.0226   1.180  2.826  0.000
   53 C  -0.0851 -0.2313   1.080  3.005  0.000
   54 C  -0.0068 -0.0235   1.180  2.827  0.000
   55 C  -0.0850 -0.2312   1.080  3.005  0.000
   56 C  -0.0566 -0.1082   1.142  2.915  0.000
   57 C  -0.0300 -0.0823   1.141  2.889  0.000
   58 C  -0.0188 -0.0707   1.142  2.877  0.000
   59 C  -0.0575 -0.0470   1.182  2.876  0.000
   60 S   0.1151  0.0797   1.886  3.937  0.063
   61 C  -0.0405 -0.0312   1.173  2.868  0.000
   62 C  -0.0385 -0.0401   1.170  2.869  0.000
   63 C  -0.0375 -0.0393   1.172  2.865  0.000
   64 C  -0.0620 -0.1128   1.143  2.918  0.000
   65 C  -0.0077 -0.0238   1.179  2.828  0.000
   66 C  -0.0873 -0.2336   1.081  3.006  0.000
   67 C  -0.0088 -0.0252   1.181  2.828  0.000
   68 C  -0.0900 -0.2365   1.083  3.007  0.000
   69 C  -0.0620 -0.1126   1.146  2.916  0.000
   70 C  -0.0442 -0.0960   1.133  2.912  0.000
   71 C  -0.0461 -0.0989   1.134  2.912  0.000
   72 C  -0.0360 -0.0287   1.172  2.864  0.000
   73 S   0.1236  0.0858   1.884  3.937  0.056
   74 C  -0.0398 -0.0304   1.177  2.863  0.000
   75 C  -0.0350 -0.0370   1.169  2.866  0.000
   76 C  -0.0370 -0.0403   1.171  2.866  0.000
   77 C  -0.0595 -0.1115   1.143  2.916  0.000
   78 C  -0.0057 -0.0223   1.181  2.825  0.000
   79 C  -0.0894 -0.2355   1.083  3.007  0.000
   80 C  -0.0047 -0.0208   1.179  2.825  0.000
   81 C  -0.0846 -0.2306   1.080  3.005  0.000
   82 C  -0.0604 -0.1110   1.145  2.916  0.000
   83 C  -0.0454 -0.0970   1.132  2.914  0.000
   84 C  -0.0440 -0.0970   1.134  2.910  0.000
   85 C  -0.0398 -0.0321   1.173  2.867  0.000
   86 S   0.1317  0.0908   1.883  3.928  0.057
   87 C  -0.0402 -0.0324   1.176  2.865  0.000
   88 C  -0.0346 -0.0373   1.169  2.866  0.000
   89 C  -0.0386 -0.0417   1.171  2.868  0.000
   90 C  -0.0614 -0.1128   1.142  2.919  0.000
   91 C  -0.0082 -0.0242   1.180  2.829  0.000
   92 C  -0.0852 -0.2311   1.080  3.005  0.000
   93 C  -0.0092 -0.0252   1.180  2.829  0.000
   94 C  -0.0852 -0.2312   1.080  3.005  0.000
   95 C  -0.0591 -0.1110   1.143  2.916  0.000
   96 C  -0.0260 -0.0824   1.132  2.894  0.000
   97 C  -0.0928 -0.1971   1.113  2.979  0.000
   98 H   0.0570  0.1153   0.943  0.000  0.000
   99 H   0.0376  0.0956   0.962  0.000  0.000
  100 H   0.0428  0.0958   0.957  0.000  0.000
  101 H   0.0425  0.0955   0.957  0.000  0.000
  102 H   0.0379  0.0911   0.962  0.000  0.000
  103 H   0.0429  0.0959   0.957  0.000  0.000
  104 H   0.0391  0.0923   0.961  0.000  0.000
  105 H   0.0424  0.0953   0.958  0.000  0.000
  106 H   0.0399  0.0985   0.960  0.000  0.000
  107 H   0.0449  0.1047   0.955  0.000  0.000
  108 H   0.0389  0.1004   0.961  0.000  0.000
  109 H   0.0510  0.1112   0.949  0.000  0.000
  110 H   0.0470  0.1080   0.953  0.000  0.000
  111 H   0.0514  0.1109   0.949  0.000  0.000
  112 H   0.0479  0.1049   0.952  0.000  0.000
  113 H   0.0520  0.1089   0.948  0.000  0.000
  114 H   0.0330  0.0846   0.967  0.000  0.000
  115 H   0.0327  0.0855   0.967  0.000  0.000
  116 H   0.0331  0.0866   0.967  0.000  0.000
  117 H   0.0444  0.1045   0.956  0.000  0.000
  118 H   0.0451  0.1036   0.955  0.000  0.000
  119 H   0.0484  0.1071   0.952  0.000  0.000
  120 H   0.0484  0.1076   0.952  0.000  0.000
  121 H   0.0476  0.1042   0.952  0.000  0.000
  122 H   0.0331  0.0849   0.967  0.000  0.000
  123 H   0.0312  0.0846   0.969  0.000  0.000
  124 H   0.0359  0.0920   0.964  0.000  0.000
  125 H   0.0474  0.1109   0.953  0.000  0.000
  126 H   0.0547  0.1164   0.945  0.000  0.000
  127 H   0.0399  0.0992   0.960  0.000  0.000
  128 H   0.0422  0.0952   0.958  0.000  0.000
  129 H   0.0382  0.0913   0.962  0.000  0.000
  130 H   0.0429  0.0958   0.957  0.000  0.000
  131 H   0.0421  0.0952   0.958  0.000  0.000
  132 H   0.0382  0.0913   0.962  0.000  0.000
  133 H   0.0427  0.0957   0.957  0.000  0.000
  134 H   0.0383  0.0970   0.962  0.000  0.000
  135 H   0.0518  0.1084   0.948  0.000  0.000
  136 H   0.0518  0.1086   0.948  0.000  0.000
  137 H   0.0378  0.0986   0.962  0.000  0.000
  138 H   0.0374  0.0914   0.963  0.000  0.000
  139 H   0.0432  0.0982   0.957  0.000  0.000
  140 H   0.0421  0.0950   0.958  0.000  0.000
  141 H   0.0408  0.0944   0.959  0.000  0.000
  142 H   0.0438  0.0991   0.956  0.000  0.000
  143 H   0.0401  0.0958   0.960  0.000  0.000
  144 H   0.0430  0.1071   0.957  0.000  0.000
  145 H   0.0489  0.1078   0.951  0.000  0.000
  146 H   0.0508  0.1093   0.949  0.000  0.000
  147 H   0.0398  0.0995   0.960  0.000  0.000
  148 H   0.0398  0.0958   0.960  0.000  0.000
  149 H   0.0428  0.0968   0.957  0.000  0.000
  150 H   0.0416  0.0949   0.958  0.000  0.000
  151 H   0.0386  0.0918   0.961  0.000  0.000
  152 H   0.0415  0.0944   0.958  0.000  0.000
  153 H   0.0433  0.0967   0.957  0.000  0.000
  154 H   0.0410  0.1032   0.959  0.000  0.000
  155 H   0.0511  0.1093   0.949  0.000  0.000
  156 H   0.0509  0.1094   0.949  0.000  0.000
  157 H   0.0385  0.0972   0.962  0.000  0.000
  158 H   0.0423  0.0953   0.958  0.000  0.000
  159 H   0.0423  0.0952   0.958  0.000  0.000
  160 H   0.0380  0.0911   0.962  0.000  0.000
  161 H   0.0421  0.0951   0.958  0.000  0.000
  162 H   0.0382  0.0914   0.962  0.000  0.000
  163 H   0.0420  0.0949   0.958  0.000  0.000
  164 H   0.0425  0.1022   0.957  0.000  0.000
  165 H   0.0448  0.1066   0.955  0.000  0.000
  166 H   0.0328  0.0882   0.967  0.000  0.000
  167 H   0.0427  0.0975   0.957  0.000  0.000
 Hirshfeld charges for QMDFF written to <charges>
 
 Loewdin charges    n(s)   n(p)   n(d)
    1 C  -0.0567   1.084  2.973  0.000
    2 S   0.1111   1.860  3.903  0.126
    3 C  -0.0158   1.119  2.896  0.000
    4 C  -0.0365   1.128  2.909  0.000
    5 C  -0.0261   1.120  2.906  0.000
    6 C  -0.0595   1.090  2.969  0.000
    7 C   0.0025   1.136  2.862  0.000
    8 C  -0.0868   1.006  3.081  0.000
    9 C   0.0008   1.137  2.862  0.000
   10 C  -0.0862   1.006  3.080  0.000
   11 C  -0.0561   1.090  2.967  0.000
   12 C  -0.0322   1.079  2.953  0.000
   13 C  -0.0410   1.076  2.965  0.000
   14 C   0.0139   1.123  2.863  0.000
   15 C  -0.0842   1.087  2.997  0.000
   16 C  -0.0297   1.130  2.900  0.000
   17 C  -0.0103   1.123  2.887  0.000
   18 C   0.0015   1.119  2.880  0.000
   19 C  -0.0395   1.088  2.951  0.000
   20 C  -0.0461   1.081  2.965  0.000
   21 C   0.0235   1.120  2.857  0.000
   22 S  -0.0572   1.882  4.098  0.078
   23 C  -0.0083   1.059  2.950  0.000
   24 C  -0.0891   1.023  3.066  0.000
   25 C   0.0689   1.129  2.802  0.000
   26 F  -0.1225   1.668  5.455  0.000
   27 C  -0.0370   1.088  2.949  0.000
   28 C  -0.0047   1.133  2.871  0.000
   29 C  -0.0247   1.129  2.896  0.000
   30 C  -0.0127   1.123  2.890  0.000
   31 C   0.0066   1.120  2.873  0.000
   32 C  -0.0371   1.088  2.949  0.000
   33 C  -0.0332   1.084  2.949  0.000
   34 C   0.0198   1.122  2.859  0.000
   35 S  -0.0760   1.882  4.116  0.078
   36 C  -0.0072   1.061  2.947  0.000
   37 C  -0.0882   1.024  3.064  0.000
   38 C   0.0694   1.133  2.798  0.000
   39 C  -0.0367   1.090  2.947  0.000
   40 F  -0.1206   1.667  5.454  0.000
   41 C  -0.0033   1.132  2.871  0.000
   42 S   0.0246   1.877  4.008  0.091
   43 C  -0.0849   1.089  2.996  0.000
   44 C   0.0176   1.125  2.857  0.000
   45 S   0.0231   1.879  4.010  0.088
   46 C  -0.0192   1.126  2.893  0.000
   47 S   0.0968   1.873  3.920  0.111
   48 C  -0.0252   1.139  2.886  0.000
   49 C  -0.0274   1.129  2.899  0.000
   50 C  -0.0272   1.129  2.898  0.000
   51 C  -0.0575   1.091  2.967  0.000
   52 C   0.0012   1.137  2.862  0.000
   53 C  -0.0874   1.006  3.081  0.000
   54 C   0.0003   1.136  2.863  0.000
   55 C  -0.0873   1.006  3.081  0.000
   56 C  -0.0553   1.090  2.965  0.000
   57 C  -0.0238   1.088  2.935  0.000
   58 C  -0.0126   1.089  2.923  0.000
   59 C  -0.0354   1.137  2.898  0.000
   60 S   0.0799   1.872  3.932  0.117
   61 C  -0.0186   1.128  2.890  0.000
   62 C  -0.0369   1.128  2.908  0.000
   63 C  -0.0349   1.131  2.904  0.000
   64 C  -0.0610   1.092  2.969  0.000
   65 C  -0.0008   1.136  2.865  0.000
   66 C  -0.0902   1.007  3.083  0.000
   67 C  -0.0016   1.138  2.864  0.000
   68 C  -0.0932   1.010  3.083  0.000
   69 C  -0.0612   1.095  2.966  0.000
   70 C  -0.0409   1.081  2.960  0.000
   71 C  -0.0414   1.082  2.960  0.000
   72 C  -0.0136   1.127  2.887  0.000
   73 S   0.0868   1.870  3.933  0.111
   74 C  -0.0163   1.132  2.885  0.000
   75 C  -0.0333   1.127  2.906  0.000
   76 C  -0.0342   1.129  2.905  0.000
   77 C  -0.0584   1.092  2.966  0.000
   78 C   0.0016   1.138  2.861  0.000
   79 C  -0.0926   1.009  3.083  0.000
   80 C   0.0022   1.136  2.861  0.000
   81 C  -0.0869   1.006  3.081  0.000
   82 C  -0.0593   1.093  2.966  0.000
   83 C  -0.0414   1.079  2.962  0.000
   84 C  -0.0395   1.081  2.959  0.000
   85 C  -0.0171   1.127  2.890  0.000
   86 S   0.0950   1.869  3.924  0.113
   87 C  -0.0184   1.131  2.887  0.000
   88 C  -0.0326   1.127  2.905  0.000
   89 C  -0.0361   1.129  2.907  0.000
   90 C  -0.0603   1.091  2.969  0.000
   91 C  -0.0013   1.136  2.865  0.000
   92 C  -0.0874   1.006  3.081  0.000
   93 C  -0.0020   1.137  2.865  0.000
   94 C  -0.0875   1.006  3.081  0.000
   95 C  -0.0587   1.092  2.967  0.000
   96 C  -0.0162   1.077  2.940  0.000
   97 C  -0.0911   1.049  3.042  0.000
   98 H   0.0467   0.953  0.000  0.000
   99 H   0.0305   0.969  0.000  0.000
  100 H   0.0420   0.958  0.000  0.000
  101 H   0.0418   0.958  0.000  0.000
  102 H   0.0374   0.963  0.000  0.000
  103 H   0.0422   0.958  0.000  0.000
  104 H   0.0384   0.962  0.000  0.000
  105 H   0.0418   0.958  0.000  0.000
  106 H   0.0331   0.967  0.000  0.000
  107 H   0.0371   0.963  0.000  0.000
  108 H   0.0313   0.969  0.000  0.000
  109 H   0.0439   0.956  0.000  0.000
  110 H   0.0398   0.960  0.000  0.000
  111 H   0.0441   0.956  0.000  0.000
  112 H   0.0440   0.956  0.000  0.000
  113 H   0.0475   0.953  0.000  0.000
  114 H   0.0327   0.967  0.000  0.000
  115 H   0.0321   0.968  0.000  0.000
  116 H   0.0330   0.967  0.000  0.000
  117 H   0.0357   0.964  0.000  0.000
  118 H   0.0371   0.963  0.000  0.000
  119 H   0.0398   0.960  0.000  0.000
  120 H   0.0436   0.956  0.000  0.000
  121 H   0.0434   0.957  0.000  0.000
  122 H   0.0330   0.967  0.000  0.000
  123 H   0.0311   0.969  0.000  0.000
  124 H   0.0348   0.965  0.000  0.000
  125 H   0.0385   0.962  0.000  0.000
  126 H   0.0474   0.953  0.000  0.000
  127 H   0.0332   0.967  0.000  0.000
  128 H   0.0418   0.958  0.000  0.000
  129 H   0.0377   0.962  0.000  0.000
  130 H   0.0421   0.958  0.000  0.000
  131 H   0.0416   0.958  0.000  0.000
  132 H   0.0376   0.962  0.000  0.000
  133 H   0.0420   0.958  0.000  0.000
  134 H   0.0313   0.969  0.000  0.000
  135 H   0.0431   0.957  0.000  0.000
  136 H   0.0429   0.957  0.000  0.000
  137 H   0.0309   0.969  0.000  0.000
  138 H   0.0371   0.963  0.000  0.000
  139 H   0.0427   0.957  0.000  0.000
  140 H   0.0415   0.958  0.000  0.000
  141 H   0.0409   0.959  0.000  0.000
  142 H   0.0434   0.957  0.000  0.000
  143 H   0.0397   0.960  0.000  0.000
  144 H   0.0359   0.964  0.000  0.000
  145 H   0.0417   0.958  0.000  0.000
  146 H   0.0432   0.957  0.000  0.000
  147 H   0.0332   0.967  0.000  0.000
  148 H   0.0395   0.960  0.000  0.000
  149 H   0.0422   0.958  0.000  0.000
  150 H   0.0413   0.959  0.000  0.000
  151 H   0.0380   0.962  0.000  0.000
  152 H   0.0412   0.959  0.000  0.000
  153 H   0.0424   0.958  0.000  0.000
  154 H   0.0338   0.966  0.000  0.000
  155 H   0.0428   0.957  0.000  0.000
  156 H   0.0433   0.957  0.000  0.000
  157 H   0.0319   0.968  0.000  0.000
  158 H   0.0416   0.958  0.000  0.000
  159 H   0.0416   0.958  0.000  0.000
  160 H   0.0375   0.963  0.000  0.000
  161 H   0.0415   0.959  0.000  0.000
  162 H   0.0377   0.962  0.000  0.000
  163 H   0.0413   0.959  0.000  0.000
  164 H   0.0360   0.964  0.000  0.000
  165 H   0.0368   0.963  0.000  0.000
  166 H   0.0300   0.970  0.000  0.000
  167 H   0.0390   0.961  0.000  0.000
 
 Wiberg/Mayer (AO) data. WBOs > 0.1 written file <wbo>
 largest (>0.05) Wiberg bond orders for each atom
           total WBO             WBO to atom ...
     1  C   3.909    C    5 1.435    S    2 1.245    H   98 0.951    C    3 0.119    C    7 0.058    C   13 0.052
     2  S   2.667    C    1 1.245    C    3 1.140    C    5 0.054
     3  C   3.934    C    4 1.315    C   12 1.205    S    2 1.140    C    1 0.119    C    9 0.054
     4  C   3.929    C    3 1.315    C   11 1.230    C    5 1.140    C   13 0.059
     5  C   3.956    C    1 1.435    C    6 1.194    C    4 1.140    S    2 0.054
     6  C   3.956    C    7 1.581    C    5 1.194    H   99 0.941    C   11 0.105
     7  C   3.952    C    6 1.581    C    9 1.185    C    8 0.994    C    1 0.058
     8  C   3.985    C    7 0.994    H  102 0.978    H  101 0.970    H  100 0.970
     9  C   3.923    C   11 1.559    C    7 1.185    C   10 0.995    C    3 0.054
    10  C   3.985    C    9 0.995    H  104 0.978    H  103 0.970    H  105 0.970
    11  C   3.968    C    9 1.559    C    4 1.230    H  106 0.940    C    6 0.105
    12  C   3.942    C   13 1.627    C    3 1.205    H  107 0.936    C   15 0.070
    13  C   3.943    C   12 1.627    C   14 1.165    H  108 0.941    C    4 0.059    C    1 0.052
    14  C   3.918    C   15 1.532    C   13 1.165    S   42 1.055
    15  C   3.900    C   14 1.532    C   16 1.209    H  109 0.935    C   12 0.070    S   42 0.066
    16  C   3.932    C   17 1.253    C   41 1.227    C   15 1.209    C   29 0.050
    17  C   3.922    C   28 1.383    C   16 1.253    C   18 1.000    C   30 0.083
    18  C   3.953    C   19 1.373    C   27 1.349    C   17 1.000    C   21 0.095
    19  C   3.965    C   20 1.443    C   18 1.373    H  110 0.938    C   25 0.096
    20  C   3.969    C   19 1.443    C   21 1.376    H  111 0.939    C   27 0.097
    21  C   3.947    C   20 1.376    C   25 1.325    S   22 1.039    C   18 0.095
    22  S   2.240    C   21 1.039    C   23 0.986
    23  C   3.966    C   24 1.009    S   22 0.986    H  112 0.973    H  113 0.968
    24  C   3.982    C   23 1.009    H  115 0.982    H  116 0.981    H  114 0.976
    25  C   3.914    C   27 1.433    C   21 1.325    F   26 0.961    C   19 0.096
    26  F   1.090    C   25 0.961
    27  C   3.964    C   25 1.433    C   18 1.349    H  117 0.943    C   20 0.097
    28  C   3.925    C   17 1.383    C   29 1.224    S   45 1.068    C   41 0.054
    29  C   3.930    C   30 1.265    C   28 1.224    C   43 1.197    C   16 0.050
    30  C   3.921    C   41 1.372    C   29 1.265    C   31 0.995    C   17 0.083
    31  C   3.951    C   39 1.367    C   32 1.360    C   30 0.995    C   34 0.097
    32  C   3.966    C   33 1.459    C   31 1.360    H  118 0.942    C   38 0.094
    33  C   3.967    C   32 1.459    C   34 1.362    H  119 0.941    C   39 0.101
    34  C   3.946    C   33 1.362    C   38 1.341    S   35 1.031    C   31 0.097
    35  S   2.220    C   34 1.031    C   36 0.974
    36  C   3.962    C   37 1.011    S   35 0.974    H  120 0.973    H  121 0.971
    37  C   3.983    C   36 1.011    H  123 0.982    H  124 0.979    H  122 0.975
    38  C   3.914    C   39 1.412    C   34 1.341    F   40 0.959    C   32 0.094
    39  C   3.963    C   38 1.412    C   31 1.367    H  125 0.938    C   33 0.101
    40  F   1.094    C   38 0.959
    41  C   3.927    C   30 1.372    C   16 1.227    S   42 1.074    C   28 0.054
    42  S   2.416    C   41 1.074    C   14 1.055    C   15 0.066
    43  C   3.938    C   44 1.545    C   29 1.197    H  126 0.933    S   45 0.062
    44  C   3.916    C   43 1.545    C   46 1.143    S   45 1.051
    45  S   2.406    C   28 1.068    C   44 1.051    C   43 0.062
    46  C   3.926    C   50 1.338    C   44 1.143    S   47 1.137    C   48 0.121    C   52 0.056
    47  S   2.614    C   48 1.160    C   46 1.137
    48  C   3.897    C   49 1.372    S   47 1.160    C   57 1.054    C   46 0.121    C   54 0.059
    49  C   3.951    C   48 1.372    C   56 1.208    C   50 1.133
    50  C   3.938    C   46 1.338    C   51 1.223    C   49 1.133
    51  C   3.965    C   52 1.560    C   50 1.223    H  127 0.938    C   56 0.105
    52  C   3.940    C   51 1.560    C   54 1.187    C   53 0.995    C   46 0.056
    53  C   3.985    C   52 0.995    H  129 0.978    H  128 0.970    H  130 0.969
    54  C   3.942    C   56 1.570    C   52 1.187    C   55 0.994    C   48 0.059
    55  C   3.985    C   54 0.994    H  132 0.978    H  131 0.970    H  133 0.970
    56  C   3.960    C   54 1.570    C   49 1.208    H  134 0.940    C   51 0.105
    57  C   3.950    C   58 1.810    C   48 1.054    H  135 0.930
    58  C   3.943    C   57 1.810    C   59 1.057    H  136 0.932
    59  C   3.880    C   63 1.356    S   60 1.160    C   58 1.057    C   61 0.118    C   65 0.055
    60  S   2.608    C   59 1.160    C   61 1.136
    61  C   3.928    C   62 1.316    C   70 1.179    S   60 1.136    C   59 0.118    C   67 0.052
    62  C   3.944    C   61 1.316    C   69 1.222    C   63 1.154
    63  C   3.953    C   59 1.356    C   64 1.208    C   62 1.154
    64  C   3.957    C   65 1.569    C   63 1.208    H  137 0.939    C   69 0.104
    65  C   3.948    C   64 1.569    C   67 1.191    C   66 0.994    C   59 0.055
    66  C   3.985    C   65 0.994    H  138 0.978    H  140 0.970    H  139 0.968
    67  C   3.944    C   69 1.557    C   65 1.191    C   68 0.995    C   61 0.052
    68  C   3.983    C   67 0.995    H  143 0.976    H  141 0.968    H  142 0.966
    69  C   3.967    C   67 1.557    C   62 1.222    H  144 0.934    C   64 0.104
    70  C   3.917    C   71 1.614    C   61 1.179    H  145 0.933    C   76 0.050
    71  C   3.953    C   70 1.614    C   72 1.202    H  146 0.931
    72  C   3.906    C   76 1.289    C   71 1.202    S   73 1.132    C   74 0.094
    73  S   2.598    C   74 1.142    C   72 1.132
    74  C   3.904    C   75 1.303    C   83 1.167    S   73 1.142    C   72 0.094
    75  C   3.947    C   74 1.303    C   82 1.230    C   76 1.164
    76  C   3.937    C   72 1.289    C   77 1.237    C   75 1.164    C   70 0.050
    77  C   3.959    C   78 1.540    C   76 1.237    H  147 0.939    C   82 0.103
    78  C   3.927    C   77 1.540    C   80 1.206    C   79 0.995
    79  C   3.984    C   78 0.995    H  148 0.974    H  150 0.970    H  149 0.967
    80  C   3.946    C   82 1.547    C   78 1.206    C   81 0.995
    81  C   3.985    C   80 0.995    H  151 0.978    H  153 0.970    H  152 0.969
    82  C   3.959    C   80 1.547    C   75 1.230    H  154 0.936    C   77 0.103
    83  C   3.927    C   84 1.623    C   74 1.167    H  155 0.932    C   89 0.053
    84  C   3.937    C   83 1.623    C   85 1.203    H  156 0.932
    85  C   3.933    C   89 1.293    C   84 1.203    S   86 1.138    C   87 0.101
    86  S   2.625    C   87 1.150    C   85 1.138    C   97 0.051
    87  C   3.896    C   88 1.325    S   86 1.150    C   96 1.128    C   85 0.101    C   93 0.050
    88  C   3.953    C   87 1.325    C   95 1.222    C   89 1.158
    89  C   3.935    C   85 1.293    C   90 1.238    C   88 1.158    C   83 0.053
    90  C   3.963    C   91 1.546    C   89 1.238    H  157 0.940    C   95 0.104
    91  C   3.923    C   90 1.546    C   93 1.202    C   92 0.995
    92  C   3.985    C   91 0.995    H  160 0.978    H  158 0.970    H  159 0.970
    93  C   3.950    C   95 1.555    C   91 1.202    C   94 0.994    C   87 0.050
    94  C   3.985    C   93 0.994    H  162 0.978    H  163 0.970    H  161 0.970
    95  C   3.957    C   93 1.555    C   88 1.222    H  164 0.937    C   90 0.104
    96  C   3.970    C   97 1.844    C   87 1.128    H  165 0.935
    97  C   3.932    C   96 1.844    H  166 0.960    H  167 0.960    S   86 0.051
    98  H   0.994    C    1 0.951
    99  H   0.996    C    6 0.941
   100  H   0.995    C    8 0.970
   101  H   0.995    C    8 0.970
   102  H   0.997    C    8 0.978
   103  H   0.995    C   10 0.970
   104  H   0.997    C   10 0.978
   105  H   0.995    C   10 0.970
   106  H   0.996    C   11 0.940
   107  H   0.997    C   12 0.936
   108  H   0.997    C   13 0.941
   109  H   0.995    C   15 0.935
   110  H   0.998    C   19 0.938
   111  H   0.995    C   20 0.939
   112  H   0.998    C   23 0.973
   113  H   0.997    C   23 0.968
   114  H   0.998    C   24 0.976
   115  H   0.999    C   24 0.982
   116  H   0.999    C   24 0.981
   117  H   0.997    C   27 0.943
   118  H   0.997    C   32 0.942
   119  H   0.995    C   33 0.941
   120  H   0.998    C   36 0.973
   121  H   0.997    C   36 0.971
   122  H   0.998    C   37 0.975
   123  H   0.999    C   37 0.982
   124  H   0.999    C   37 0.979
   125  H   0.998    C   39 0.938
   126  H   0.995    C   43 0.933
   127  H   0.995    C   51 0.938
   128  H   0.995    C   53 0.970
   129  H   0.997    C   53 0.978
   130  H   0.995    C   53 0.969
   131  H   0.995    C   55 0.970
   132  H   0.997    C   55 0.978
   133  H   0.995    C   55 0.970
   134  H   0.995    C   56 0.940
   135  H   0.991    C   57 0.930
   136  H   0.991    C   58 0.932
   137  H   0.996    C   64 0.939
   138  H   0.997    C   66 0.978
   139  H   0.995    C   66 0.968
   140  H   0.995    C   66 0.970
   141  H   0.995    C   68 0.968
   142  H   0.995    C   68 0.966
   143  H   0.997    C   68 0.976
   144  H   0.995    C   69 0.934
   145  H   0.992    C   70 0.933
   146  H   0.993    C   71 0.931
   147  H   0.996    C   77 0.939
   148  H   0.997    C   79 0.974
   149  H   0.995    C   79 0.967
   150  H   0.995    C   79 0.970
   151  H   0.997    C   81 0.978
   152  H   0.995    C   81 0.969
   153  H   0.995    C   81 0.970
   154  H   0.996    C   82 0.936
   155  H   0.990    C   83 0.932
   156  H   0.994    C   84 0.932
   157  H   0.996    C   90 0.940
   158  H   0.995    C   92 0.970
   159  H   0.995    C   92 0.970
   160  H   0.997    C   92 0.978
   161  H   0.995    C   94 0.970
   162  H   0.997    C   94 0.978
   163  H   0.995    C   94 0.970
   164  H   0.996    C   95 0.937
   165  H   0.995    C   96 0.935
   166  H   0.999    C   97 0.960
   167  H   0.996    C   97 0.960
 
 --------------------------------------------
          xTB calculation for sTDA...
 --------------------------------------------
 
 reading parameter file /ihome/ghutchison/blp62/xtb4stda/.param_stda2.xtb
 
      method parameters     
 k(s)        :  1.6000
 k(p)        :  2.1800
 k(d)        :  1.9500
 k(f)        :  2.0000
 k(R-V)      :  2.2750
 k(R-R)      :  1.7650
 Tscal       :  0.2580
 Gscal       :  1.0000
 fpol        :  1.0000
 Zcnf        :  0.3430
 Zqf         :  0.0000
 kcn         :  2.7000
 Ryd Hsplit  :  0.7000
 lshift(virt):  3.1000
 lshift(OS)  :  0.2000
 wllscaling  :  2.6000
 
 mowrcut     : 3.000
 
  Z AO/shell   Hii/eV     exponent
  1     Sun Feb 14 09:53:25 CET 2016    EN: 2.327 GAM: 0.473  GM3: 0.0000
     1s    -14.339618    1.220000
     2sp    -3.348946    0.600000
  6     Sun Feb 14 09:53:25 CET 2016    EN: 2.731 GAM: 0.422  GM3: 0.0000
     2s    -22.009312    1.565095
     2p    -13.020408    1.596905
     3sp    -3.914040    0.824500
  9     Sun Feb 21 12:20:01 CET 2016    EN: 3.394 GAM: 0.600  GM3: 0.0000
     2s    -26.548112    1.943768
     2p    -23.081168    2.552035
     3sp    -1.937199    1.103200
 16     Sun Feb 21 16:35:57 CET 2016    EN: 1.915 GAM: 0.200  GM3: 0.0000
     3s    -17.898811    2.619580
     3p    -15.317401    1.798798
     4sp    -4.455139    0.843200
 
 Nbf   :         1126
 T(el) :     0.0
 calculating S/T integrals ...
 cpu time for ints    2.87339600000000     
 Nao   :         1126
 making H0...
 making H1...
 cpu time for H      4.085099999999997E-002
 solving ...
 cpu time for diag    2.34539000000000     
 
 gap (eV)           :   4.539
 Koopmans IP (eV)   :  12.584
 Eel (Eh)           :  -401.469810

          eigenvalues
 #    :         229        230        231        232        233        234        235        236
 occ. :        2.000      2.000      2.000      2.000      2.000      2.000      2.000      2.000
 eps  :       -15.395    -15.332    -15.200    -15.106    -15.041    -14.731    -14.578    -13.986
 #    :         237        238        239        240        241        242        243        244
 occ. :        2.000      2.000      2.000      2.000      2.000      0.000      0.000      0.000
 eps  :       -13.956    -13.593    -13.366    -13.037    -12.585     -8.045     -7.922     -7.484
 #    :         245        246        247        248        249        250        251        252
 occ. :        0.000      0.000      0.000      0.000      0.000      0.000      0.000      0.000
 eps  :        -7.250     -6.697     -6.550     -6.098     -5.870     -5.805     -5.764     -5.687
                            1  SCC done.
 writing mo output ...
 molden style : F
 
speedup  3.13
cpu  time for all    7.90 s
wall time for all    2.53 s
