 
        ______________________________________
       |                                      |
       |          ===================         |
       |             xTB for sTDA             |
       |          ===================         |
       |               S. Grimme              |
       |        Universitaet Bonn, MCTC       |
       |         2015-19, Version 1.0         |
       |     Wed Apr  3 09:14:55 CEST 2019    |
       |______________________________________|
 
        This code comes without any warranty
        for non-commercial, academia use only.
        Preliminary test version.
        Cite this work as:
        S. Grimme  &  C. Bannwarth, JCP 145 (2016) 054103
        if GBSA is used additionally:
        P. Shushkov, F. März, C. Bannwarth, S. Grimme, unpublished.
 
        with help from
        P. Shushkov, G. Brandenburg, S. Dohm, J. Pisarek,
        F. März, M. Checinski, S. Ehrlich, S. Spicher, 
        P. Pracht, E. Caldeweyher, S. Ehlert, and C. Bannwarth.
 
        usage        :
        xtb4stda <coord_file> [options]
        where <coord_file> is a valid file of TM)
        (*coord, Bohr) or xmol (*xyz, Angstroem)
        format.

        options:
        -chrg <int>   : molecular charge
        -uhf  <int>   : # of unpaired electrons(=2*S)
        -nox          : skip second, extended part in sTDA-xTB
        -pop          : do population analysis
                      : (default for -nox)
        -mowr <real>  : cut MO write above (def.3 Eh)
        -molden       : write formatted molden file
        -parx <file>  : read parameters for sTDA-xTB
                        calc (def:~/.param_stda2.xtb)
        -parv <file>  : read parameters for vTB part in
                        sTDA-xTB (def: ~/.param_stda1.xtb)
        -xtemp <real> : el. temp for xTB (def. 0 K)
        -etemp <real> : el. temp for GFN (def. 300 K)
        -fod          : calculate the FOD and write
                        molden.input file with
                        appropriate occupations
                        for plotting. Def. T=12500 K
 
        -acc <real>   : xTB accuracy (def. 1.0)
        -gbsa [string1] [string2]
                        use GBSA implicit solvent
                        for solvent [string1] and
                        solvation state [string2]=
                        reference, bar1M (default=1M)
        additional GFN/opt/MD/siman options read from
        $XTB4STDAHOME/.xtb4stdarc or $set in input
 
       spin and charge state information can be on:
       <.CHRG> (charge) and <.UHF> (=nalpha-nbeta)
       -uhf and -chrg override the file info.
       useful machine settings:
       setenv MKL_NUM_THREADS <NCORE_ON_YOUR_MACHINE>
       setenv OMP_STACKSIZE 500m
       limit stacksize unlimited
 
       total energies in Eh, gaps/HL energies in eV
       please read REVISION and HOWTO files carefully
 =============================
  # OMP threads =           8
 =============================
 
 xtb4stdahome directory:/ihome/ghutchison/blp62/xtb4stda/
 
 
 name of molecule           :
 comment line               :
 number of atoms            :   148
 number of electrons        :   518
 charge                     :  0
 spin                       : 0.0
 first test random number   :  0.4719
 
 -----------------------------------------
      charge density (VTB) calculation
 -----------------------------------------
 
      method parameters     
 k(s)        :  1.8000
 k(p)        :  2.8350
 k(d)        :  2.0860
 k(f)        :  2.0000
 Tscal       :  0.3300
 Gscal       :  0.3910
 fpol        :  1.0000
 Zcnf        :  0.6500
 Zqf         :  0.0000
 kcn         :  0.3000
 kEN1        : -0.5900
 wllscal     :  2.6000
 
     -------------------------
     ! NO SOLVENT MODEL USED !
     -------------------------
 
 doing EN charges ...
 sum q :  0.1110223D-14
 point charge moment (au)
     X       Y       Z   
  -0.3736   0.8573   0.1673  total (Debye):    2.415
 
            Z      q(EN)   CN      Cart. coordinates
     1  C   4.0  -0.160   3.164    -0.60698     5.98968    16.24219
     2  S   6.0   0.209   2.751    -1.67619     2.96706    16.68817
     3  C   4.0  -0.093   3.320    -1.72173     2.29205    13.44653
     4  C   4.0  -0.109   3.519    -0.92238     4.42479    12.16058
     5  S   6.0   0.202   2.822    -0.48963     5.12928     8.98962
     6  C   4.0  -0.091   3.331     0.57334     8.21010     9.74267
     7  C   4.0  -0.095   3.284     1.28067     9.84491     7.71027
     8  C   4.0  -0.090   3.352     1.67675    12.42079     7.73427
     9  C   4.0  -0.089   3.347     2.33306    13.38134     5.36550
    10  C   4.0  -0.086   3.215     2.44833    11.55473     3.52434
    11  C   4.0   0.177   3.197     3.11673    11.93532     0.87419
    12  O   6.0  -0.106   1.058     3.55250    13.97717    -0.04913
    13  O   6.0  -0.141   2.090     3.18003     9.74192    -0.38928
    14  C   4.0  -0.117   4.077     3.90266     9.85662    -2.98690
    15  C   4.0  -0.240   4.012     6.74708    10.16295    -3.27282
    16  S   6.0   0.218   2.714     1.73288     8.59939     4.70315
    17  C   4.0  -0.078   3.319     0.56786     8.62962    12.29267
    18  C   4.0  -0.046   3.656    -0.27363     6.51105    13.73037
    19  CL  7.0   0.090   1.194     1.52085    11.35385    13.76080
    20  C   4.0  -0.078   3.253    -2.55585     0.00699    12.31912
    21  S   6.0   0.194   3.097    -3.00429     0.11527     9.04612
    22  C   4.0  -0.088   3.311    -4.00697    -3.02885     8.83636
    23  C   4.0  -0.106   3.476    -3.97069    -4.05705    11.23159
    24  S   6.0   0.215   2.689    -4.57616    -7.08364    12.34577
    25  C   4.0  -0.098   3.348    -3.78947    -6.18923    15.44019
    26  C   4.0  -0.094   3.293    -4.02039    -8.06044    17.37433
    27  C   4.0  -0.090   3.352    -3.11389    -8.08028    19.81718
    28  C   4.0  -0.089   3.347    -3.75300   -10.27576    21.13658
    29  C   4.0  -0.085   3.214    -5.14761   -11.94609    19.72212
    30  C   4.0   0.176   3.197    -6.12876   -14.39385    20.52223
    31  O   6.0  -0.106   1.056    -5.80637   -15.29563    22.59337
    32  O   6.0  -0.140   2.093    -7.45743   -15.49537    18.66256
    33  C   4.0  -0.115   4.071    -8.50074   -17.92537    19.18506
    34  C   4.0  -0.238   4.006    -6.56453   -20.01182    18.77348
    35  S   6.0   0.216   2.752    -5.68637   -10.81906    16.70933
    36  C   4.0  -0.075   3.332    -3.07969    -3.69989    15.56813
    37  C   4.0  -0.040   3.627    -3.15301    -2.40487    13.20559
    38  CL  7.0   0.084   1.400    -2.20966    -2.30509    18.35699
    39  C   4.0  -0.091   3.296    -4.55575    -3.96861     6.38822
    40  S   6.0   0.208   2.875    -3.34311    -2.25236     3.86033
    41  C   4.0  -0.092   3.291    -4.57200    -4.32010     1.63858
    42  C   4.0  -0.021   3.449    -5.97059    -6.22211     2.81985
    43  C   4.0  -0.019   3.433    -5.95453    -6.03711     5.51271
    44  C   4.0  -0.068   3.195    -7.37957    -7.78189     6.93340
    45  C   4.0   0.075   3.236    -8.73016    -9.64497     5.75592
    46  O   6.0  -0.134   2.054   -10.11155   -11.43662     6.94285
    47  C   4.0  -0.188   4.060   -10.14953   -11.45042     9.60415
    48  C   4.0   0.073   3.235    -8.81689    -9.76705     3.03830
    49  O   6.0  -0.133   2.053   -10.31715   -11.62219     2.10383
    50  C   4.0  -0.185   4.059   -10.63103   -11.78320    -0.52969
    51  C   4.0  -0.065   3.186    -7.48124    -8.07007     1.62384
    52  C   4.0  -0.094   3.294    -4.11866    -3.86581    -0.96565
    53  S   6.0   0.214   2.729    -4.03003    -0.77479    -2.05678
    54  C   4.0  -0.094   3.291    -3.37297    -1.71663    -5.12966
    55  C   4.0  -0.022   3.456    -3.28756    -4.34410    -5.30597
    56  C   4.0  -0.020   3.445    -3.64037    -5.56505    -2.92889
    57  C   4.0  -0.065   3.184    -3.33915    -8.21313    -2.76240
    58  C   4.0   0.073   3.237    -2.91471    -9.59792    -4.90006
    59  O   6.0  -0.133   2.054    -2.57778   -12.13714    -4.97659
    60  C   4.0  -0.185   4.058    -2.52581   -13.47337    -2.68114
    61  C   4.0   0.074   3.239    -2.81701    -8.38188    -7.33743
    62  O   6.0  -0.134   2.054    -2.49935    -9.98588    -9.30407
    63  C   4.0  -0.186   4.061    -2.16978    -8.94974   -11.73066
    64  C   4.0  -0.069   3.211    -2.99238    -5.81166    -7.51525
    65  C   4.0  -0.087   3.286    -3.03301     0.13493    -7.04565
    66  S   6.0   0.208   2.691    -5.04840     2.74672    -7.16490
    67  C   4.0  -0.094   3.297    -3.53719     4.01756    -9.81127
    68  C   4.0  -0.111   3.497    -1.60721     2.44965   -10.52880
    69  S   6.0   0.217   2.581     0.53536     2.56039   -13.01171
    70  C   4.0  -0.095   3.338     2.06887    -0.17159   -11.85652
    71  C   4.0  -0.094   3.288     4.23091    -1.08036   -13.17309
    72  C   4.0  -0.091   3.370     5.32733     0.02589   -15.26861
    73  C   4.0  -0.088   3.339     7.40130    -1.31676   -16.18494
    74  C   4.0  -0.085   3.220     7.89981    -3.45877   -14.80411
    75  C   4.0   0.176   3.199     9.91369    -5.28594   -15.23781
    76  O   6.0  -0.106   1.056    11.44928    -5.14194   -16.92061
    77  O   6.0  -0.140   2.094     9.81883    -7.16603   -13.53478
    78  C   4.0  -0.115   4.071    11.71233    -9.07409   -13.71828
    79  C   4.0  -0.238   4.006    14.15216    -8.26415   -12.42816
    80  S   6.0   0.218   2.777     5.80656    -3.83482   -12.32819
    81  C   4.0  -0.075   3.333     0.91690    -1.11021    -9.73152
    82  C   4.0  -0.040   3.638    -1.26101     0.27533    -8.97393
    83  CL  7.0   0.089   1.396     2.14711    -3.59199    -8.04343
    84  C   4.0  -0.090   3.279    -4.28401     6.37253   -10.91600
    85  S   6.0   0.213   2.578    -7.37617     6.93133   -11.90017
    86  C   4.0  -0.168   3.180    -6.64409     9.88421   -13.05744
    87  C   4.0  -0.111   3.456    -4.16118    10.41107   -12.68630
    88  S   6.0   0.211   2.514    -2.26314    13.02361   -13.30518
    89  C   4.0  -0.096   3.337     0.32768    11.55945   -11.78093
    90  C   4.0  -0.094   3.287     2.63825    12.92100   -11.56834
    91  C   4.0  -0.091   3.369     3.10898    15.31944   -12.48277
    92  C   4.0  -0.088   3.340     5.55712    16.15848   -11.97992
    93  C   4.0  -0.085   3.220     6.96780    14.41105   -10.67714
    94  C   4.0   0.176   3.200     9.58431    14.65709    -9.84812
    95  O   6.0  -0.106   1.056    10.91260    16.46140   -10.27576
    96  O   6.0  -0.141   2.096    10.32811    12.59106    -8.57293
    97  C   4.0  -0.115   4.071    12.85694    12.58217    -7.63884
    98  C   4.0  -0.239   4.007    13.06764    13.99115    -5.14100
    99  S   6.0   0.220   2.802     5.27914    11.69098   -10.05712
   100  C   4.0  -0.076   3.332    -0.25814     9.18766   -10.92375
   101  C   4.0  -0.044   3.667    -2.78735     8.44141   -11.44683
   102  CL  7.0   0.085   1.430     1.80885     7.36199    -9.23093
   103  H   1.0   0.076   1.014    -0.26777     7.18682    17.83788
   104  H   1.0   0.080   1.010     1.47361    13.57258     9.39118
   105  H   1.0   0.079   1.004     2.71818    15.33739     4.97659
   106  H   1.0   0.080   1.001     2.92133    11.44021    -3.88792
   107  H   1.0   0.082   1.002     3.25184     8.07423    -3.79400
   108  H   1.0   0.081   0.999     7.72558     8.64323    -2.29356
   109  H   1.0   0.082   1.002     7.25541    10.12553    -5.26137
   110  H   1.0   0.082   1.000     7.32722    11.96442    -2.47138
   111  H   1.0   0.080   1.010    -2.00519    -6.58210    20.61578
   112  H   1.0   0.079   1.004    -3.22746   -10.66051    23.06070
   113  H   1.0   0.080   1.001    -9.17708   -17.95448    21.14074
   114  H   1.0   0.081   1.000   -10.09114   -18.11435    17.88399
   115  H   1.0   0.081   0.999    -5.82130   -19.92451    16.85957
   116  H   1.0   0.081   0.999    -7.44968   -21.83975    19.06998
   117  H   1.0   0.081   0.999    -5.01363   -19.80017    20.10479
   118  H   1.0   0.078   1.028    -7.41566    -7.60256     8.95390
   119  H   1.0   0.079   0.997    -8.25017   -11.66225    10.39538
   120  H   1.0   0.079   0.996   -11.00860    -9.72680    10.35721
   121  H   1.0   0.081   0.997   -11.29962   -13.07199    10.13101
   122  H   1.0   0.081   0.997   -11.90773   -13.36546    -0.84149
   123  H   1.0   0.079   0.996    -8.83768   -12.15094    -1.49647
   124  H   1.0   0.079   0.996   -11.47196   -10.05750    -1.30089
   125  H   1.0   0.078   1.008    -7.59273    -8.06100    -0.40761
   126  H   1.0   0.078   1.008    -3.40207    -9.08580    -0.92521
   127  H   1.0   0.079   0.996    -1.00760   -12.80346    -1.44621
   128  H   1.0   0.081   0.997    -2.18018   -15.43642    -3.18891
   129  H   1.0   0.079   0.996    -4.32823   -13.33617    -1.67127
   130  H   1.0   0.081   0.997    -1.85344   -10.55242   -12.98053
   131  H   1.0   0.079   0.996    -3.85258    -7.91795   -12.35163
   132  H   1.0   0.079   0.997    -0.52950    -7.69081   -11.79718
   133  H   1.0   0.078   1.009    -2.91169    -4.86000    -9.31219
   134  H   1.0   0.079   1.008     4.62813     1.75102   -16.08459
   135  H   1.0   0.079   1.004     8.51775    -0.77517   -17.79253
   136  H   1.0   0.081   1.000    10.89333   -10.72854   -12.79590
   137  H   1.0   0.080   1.001    12.06193    -9.47754   -15.71780
   138  H   1.0   0.081   0.999    13.78820    -7.76923   -10.46700
   139  H   1.0   0.081   0.999    14.94660    -6.63369   -13.39400
   140  H   1.0   0.081   0.999    15.50898    -9.80276   -12.49430
   141  H   1.0   0.077   1.013    -8.07896    11.02315   -13.91386
   142  H   1.0   0.079   1.007     1.70793    16.40452   -13.47828
   143  H   1.0   0.079   1.004     6.30072    17.96676   -12.52869
   144  H   1.0   0.080   1.001    14.09093    13.45220    -9.05424
   145  H   1.0   0.081   1.000    13.33504    10.58719    -7.41528
   146  H   1.0   0.081   0.999    12.57329    15.96724    -5.40877
   147  H   1.0   0.081   0.999    11.80247    13.16610    -3.74865
   148  H   1.0   0.081   0.999    14.99724    13.87645    -4.45049
 
  Z AO/shell   Hii/eV     exponent
  1     Sat Feb 20 21:38:01 CET 2016    EN: 2.327 GAM: 0.473  GM3: 0.0000
     1s    -13.751157    1.051071
  6     Sat Feb 20 21:38:01 CET 2016    EN: 2.731 GAM: 0.422  GM3: 0.0000
     2s    -19.378245    2.021003
     2p    -11.993376    1.497917
  8     Sat Feb 20 21:38:01 CET 2016    EN: 3.700 GAM: 0.587  GM3: 0.0000
     2s    -21.648843    2.110798
     2p    -17.239740    2.329048
 16     Sat Feb 20 23:13:41 CET 2016    EN: 1.915 GAM: 0.389  GM3: 0.0000
     3s    -22.000000    2.671470
     3p    -15.834192    1.836978
     3d     -2.593599    1.836978
 17     Sat Feb 20 23:13:41 CET 2016    EN: 2.375 GAM: 0.431  GM3: 0.0000
     3s    -21.000000    2.596786
     3p    -17.375270    2.088291
     3d     -1.372943    2.088291
 
 dipole moment of classical point charges (au)
     X       Y       Z   
  -0.3736   0.8573   0.1673  total (Debye):    2.415

 
 Nbf   :          562
 T(el) :   300.0
 calculating S/T integrals ...
 cpu time for ints   0.904556000000000     
 Nao   :          544
 making H0...
 making H1...
 cpu time for H      0.287191000000000     
 solving ...
 cpu time for diag    2.56726600000000     
 
 gap (eV)           :   1.529
 Koopmans IP (eV)   :  11.006
 Eel (Eh)           :  -400.131101
 T,E(Fermi),NFOD :    300.000   -10.241  0.000000
 T,E(Fermi),NFOD :    300.000   -10.241  0.000000
 Nfod               :  0.0000
 Nfod/Nel           :  0.0000

          eigenvalues
 #    :         247        248        249        250        251        252        253        254
 occ. :        2.000      2.000      2.000      2.000      2.000      2.000      2.000      2.000
 eps  :       -15.083    -14.439    -14.071    -13.920    -13.865    -13.721    -13.504    -13.213
 #    :         255        256        257        258        259        260        261        262
 occ. :        2.000      2.000      2.000      2.000      2.000      0.000      0.000      0.000
 eps  :       -12.782    -12.604    -12.320    -11.808    -11.007     -9.478     -9.364     -9.222
 #    :         263        264        265        266        267        268        269        270
 occ. :        0.000      0.000      0.000      0.000      0.000      0.000      0.000      0.000
 eps  :        -8.930     -8.920     -8.752     -8.655     -8.613     -8.523     -8.429     -8.173
                            1  SCC done.
 making H1...
 cpu time for H       2.67176500000000     
 solving ...
 cpu time for diag   0.130122000000000     
 
 gap (eV)           :   1.647
 Koopmans IP (eV)   :  11.270
 Eel (Eh)           :  -398.682952
 T,E(Fermi),NFOD :    300.000   -10.447  0.000000
 T,E(Fermi),NFOD :    300.000   -10.447  0.000000
 Nfod               :  0.0000
 Nfod/Nel           :  0.0000

          eigenvalues
 #    :         247        248        249        250        251        252        253        254
 occ. :        2.000      2.000      2.000      2.000      2.000      2.000      2.000      2.000
 eps  :       -14.289    -14.252    -14.132    -13.909    -13.673    -13.563    -13.484    -13.325
 #    :         255        256        257        258        259        260        261        262
 occ. :        2.000      2.000      2.000      2.000      2.000      0.000      0.000      0.000
 eps  :       -13.099    -12.858    -12.593    -12.086    -11.271     -9.624     -9.545     -9.333
 #    :         263        264        265        266        267        268        269        270
 occ. :        0.000      0.000      0.000      0.000      0.000      0.000      0.000      0.000
 eps  :        -9.083     -8.979     -8.786     -8.723     -8.705     -8.541     -8.349     -8.048
                            2  SCC done.
 
 
 Mulliken/CM5 charges    n(s)   n(p)   n(d)   
    1 C  -0.0873 -0.1229   1.144  2.943  0.000
    2 S   0.1269  0.0888   1.885  3.922  0.066
    3 C  -0.0234 -0.0083   1.156  2.868  0.000
    4 C  -0.0720 -0.0561   1.181  2.891  0.000
    5 S   0.0724  0.0407   1.897  3.986  0.044
    6 C  -0.0102  0.0029   1.168  2.843  0.000
    7 C  -0.0359 -0.0248   1.178  2.858  0.000
    8 C  -0.0649 -0.1161   1.140  2.925  0.000
    9 C  -0.0651 -0.1157   1.147  2.918  0.000
   10 C  -0.0281 -0.0134   1.182  2.847  0.000
   11 C   0.2342  0.2954   1.136  2.630  0.000
   12 O  -0.3000 -0.3500   1.624  4.676  0.000
   13 O  -0.1503 -0.2322   1.474  4.676  0.000
   14 C   0.0504 -0.0325   1.137  2.813  0.000
   15 C  -0.0828 -0.2318   1.091  2.992  0.000
   16 S   0.1191  0.0869   1.886  3.951  0.044
   17 C   0.0070  0.0077   1.146  2.847  0.000
   18 C  -0.0465 -0.0462   1.162  2.884  0.000
   19 CL -0.0151 -0.0173   1.899  5.110  0.007
   20 C  -0.0486 -0.0343   1.178  2.871  0.000
   21 S   0.0933  0.0601   1.893  3.969  0.044
   22 C  -0.0101  0.0048   1.162  2.848  0.000
   23 C  -0.0676 -0.0527   1.177  2.890  0.000
   24 S   0.0801  0.0416   1.891  3.982  0.047
   25 C  -0.0149 -0.0014   1.164  2.850  0.000
   26 C  -0.0355 -0.0244   1.179  2.856  0.000
   27 C  -0.0641 -0.1153   1.140  2.924  0.000
   28 C  -0.0635 -0.1141   1.147  2.916  0.000
   29 C  -0.0276 -0.0129   1.181  2.846  0.000
   30 C   0.2342  0.2953   1.136  2.630  0.000
   31 O  -0.2991 -0.3486   1.624  4.675  0.000
   32 O  -0.1524 -0.2342   1.473  4.679  0.000
   33 C   0.0518 -0.0309   1.136  2.813  0.000
   34 C  -0.0804 -0.2295   1.090  2.991  0.000
   35 S   0.1100  0.0775   1.886  3.960  0.044
   36 C   0.0079  0.0092   1.152  2.841  0.000
   37 C  -0.0462 -0.0429   1.166  2.880  0.000
   38 CL -0.0123 -0.0130   1.900  5.106  0.006
   39 C  -0.0485 -0.0344   1.169  2.880  0.000
   40 S   0.1155  0.0822   1.889  3.941  0.055
   41 C  -0.0228 -0.0092   1.165  2.858  0.000
   42 C  -0.0346 -0.0372   1.167  2.867  0.000
   43 C  -0.0248 -0.0266   1.164  2.861  0.000
   44 C  -0.0850 -0.1339   1.135  2.950  0.000
   45 C   0.0793  0.1013   1.151  2.769  0.000
   46 O  -0.1387 -0.2273   1.455  4.684  0.000
   47 C   0.0090 -0.1124   1.087  2.904  0.000
   48 C   0.0707  0.0924   1.153  2.777  0.000
   49 O  -0.1429 -0.2315   1.455  4.688  0.000
   50 C   0.0083 -0.1129   1.086  2.905  0.000
   51 C  -0.0755 -0.1255   1.134  2.942  0.000
   52 C  -0.0325 -0.0190   1.166  2.867  0.000
   53 S   0.1246  0.0913   1.888  3.929  0.058
   54 C  -0.0469 -0.0329   1.162  2.885  0.000
   55 C  -0.0330 -0.0349   1.167  2.866  0.000
   56 C  -0.0319 -0.0345   1.165  2.867  0.000
   57 C  -0.0770 -0.1271   1.134  2.943  0.000
   58 C   0.0731  0.0947   1.152  2.775  0.000
   59 O  -0.1421 -0.2308   1.455  4.687  0.000
   60 C   0.0084 -0.1129   1.086  2.905  0.000
   61 C   0.0760  0.0980   1.152  2.772  0.000
   62 O  -0.1398 -0.2284   1.455  4.685  0.000
   63 C   0.0087 -0.1125   1.087  2.905  0.000
   64 C  -0.0823 -0.1311   1.133  2.949  0.000
   65 C  -0.0275 -0.0136   1.169  2.859  0.000
   66 S   0.1201  0.0877   1.891  3.937  0.052
   67 C  -0.0347 -0.0196   1.154  2.880  0.000
   68 C  -0.0579 -0.0425   1.178  2.880  0.000
   69 S   0.0602  0.0254   1.894  4.002  0.043
   70 C  -0.0192 -0.0064   1.164  2.855  0.000
   71 C  -0.0352 -0.0241   1.177  2.858  0.000
   72 C  -0.0589 -0.1094   1.135  2.924  0.000
   73 C  -0.0610 -0.1116   1.146  2.915  0.000
   74 C  -0.0338 -0.0191   1.183  2.851  0.000
   75 C   0.2314  0.2924   1.137  2.632  0.000
   76 O  -0.3027 -0.3521   1.625  4.678  0.000
   77 O  -0.1533 -0.2352   1.473  4.680  0.000
   78 C   0.0516 -0.0311   1.135  2.813  0.000
   79 C  -0.0807 -0.2298   1.090  2.991  0.000
   80 S   0.1026  0.0690   1.888  3.959  0.051
   81 C   0.0114  0.0124   1.151  2.837  0.000
   82 C  -0.0590 -0.0564   1.170  2.889  0.000
   83 CL -0.0105 -0.0105   1.901  5.103  0.006
   84 C  -0.0452 -0.0306   1.164  2.881  0.000
   85 S   0.1401  0.1037   1.882  3.917  0.061
   86 C  -0.0604 -0.0956   1.125  2.936  0.000
   87 C  -0.0477 -0.0354   1.166  2.881  0.000
   88 S   0.0614  0.0274   1.894  4.004  0.040
   89 C  -0.0101  0.0027   1.163  2.847  0.000
   90 C  -0.0353 -0.0242   1.177  2.858  0.000
   91 C  -0.0546 -0.1050   1.135  2.920  0.000
   92 C  -0.0608 -0.1113   1.146  2.915  0.000
   93 C  -0.0306 -0.0159   1.183  2.847  0.000
   94 C   0.2327  0.2937   1.137  2.631  0.000
   95 O  -0.3001 -0.3496   1.624  4.676  0.000
   96 O  -0.1530 -0.2373   1.474  4.679  0.000
   97 C   0.0510 -0.0320   1.136  2.813  0.000
   98 C  -0.0812 -0.2306   1.090  2.991  0.000
   99 S   0.1027  0.0669   1.888  3.959  0.051
  100 C   0.0077  0.0094   1.150  2.843  0.000
  101 C  -0.0581 -0.0549   1.171  2.887  0.000
  102 CL -0.0193 -0.0183   1.901  5.112  0.007
  103 H   0.0661  0.1248   0.934  0.000  0.000
  104 H   0.0493  0.1092   0.951  0.000  0.000
  105 H   0.0582  0.1174   0.942  0.000  0.000
  106 H   0.0452  0.1128   0.955  0.000  0.000
  107 H   0.0408  0.1057   0.959  0.000  0.000
  108 H   0.0279  0.0822   0.972  0.000  0.000
  109 H   0.0421  0.0985   0.958  0.000  0.000
  110 H   0.0368  0.0945   0.963  0.000  0.000
  111 H   0.0499  0.1099   0.950  0.000  0.000
  112 H   0.0582  0.1172   0.942  0.000  0.000
  113 H   0.0465  0.1143   0.954  0.000  0.000
  114 H   0.0413  0.1051   0.959  0.000  0.000
  115 H   0.0292  0.0833   0.971  0.000  0.000
  116 H   0.0394  0.0917   0.961  0.000  0.000
  117 H   0.0352  0.0914   0.965  0.000  0.000
  118 H   0.0447  0.1128   0.955  0.000  0.000
  119 H   0.0428  0.1031   0.957  0.000  0.000
  120 H   0.0412  0.1009   0.959  0.000  0.000
  121 H   0.0448  0.1060   0.955  0.000  0.000
  122 H   0.0443  0.1055   0.956  0.000  0.000
  123 H   0.0421  0.1018   0.958  0.000  0.000
  124 H   0.0415  0.1010   0.959  0.000  0.000
  125 H   0.0468  0.1107   0.953  0.000  0.000
  126 H   0.0470  0.1105   0.953  0.000  0.000
  127 H   0.0417  0.1012   0.958  0.000  0.000
  128 H   0.0443  0.1055   0.956  0.000  0.000
  129 H   0.0417  0.1013   0.958  0.000  0.000
  130 H   0.0452  0.1063   0.955  0.000  0.000
  131 H   0.0404  0.0998   0.960  0.000  0.000
  132 H   0.0418  0.1020   0.958  0.000  0.000
  133 H   0.0424  0.1065   0.958  0.000  0.000
  134 H   0.0483  0.1075   0.952  0.000  0.000
  135 H   0.0592  0.1182   0.941  0.000  0.000
  136 H   0.0411  0.1049   0.959  0.000  0.000
  137 H   0.0461  0.1139   0.954  0.000  0.000
  138 H   0.0290  0.0832   0.971  0.000  0.000
  139 H   0.0354  0.0916   0.965  0.000  0.000
  140 H   0.0390  0.0913   0.961  0.000  0.000
  141 H   0.0632  0.1216   0.937  0.000  0.000
  142 H   0.0484  0.1075   0.952  0.000  0.000
  143 H   0.0590  0.1180   0.941  0.000  0.000
  144 H   0.0461  0.1138   0.954  0.000  0.000
  145 H   0.0407  0.1045   0.959  0.000  0.000
  146 H   0.0359  0.0923   0.964  0.000  0.000
  147 H   0.0306  0.0851   0.969  0.000  0.000
  148 H   0.0386  0.0909   0.961  0.000  0.000
 Hirshfeld charges for QMDFF written to <charges>
 
 Loewdin charges    n(s)   n(p)   n(d)
    1 C  -0.0604   1.089  2.971  0.000
    2 S   0.0910   1.871  3.916  0.122
    3 C  -0.0084   1.114  2.894  0.000
    4 C  -0.0505   1.138  2.912  0.000
    5 S   0.0364   1.885  3.984  0.095
    6 C   0.0032   1.126  2.870  0.000
    7 C  -0.0103   1.132  2.878  0.000
    8 C  -0.0641   1.089  2.975  0.000
    9 C  -0.0566   1.094  2.963  0.000
   10 C  -0.0131   1.139  2.874  0.000
   11 C   0.2075   1.109  2.683  0.000
   12 O  -0.2868   1.594  4.693  0.000
   13 O  -0.1136   1.437  4.677  0.000
   14 C   0.0471   1.080  2.873  0.000
   15 C  -0.0853   1.018  3.067  0.000
   16 S   0.0825   1.872  3.948  0.098
   17 C   0.0239   1.105  2.871  0.000
   18 C  -0.0470   1.123  2.924  0.000
   19 CL -0.0256   1.888  5.107  0.030
   20 C  -0.0298   1.135  2.895  0.000
   21 S   0.0593   1.881  3.966  0.094
   22 C   0.0049   1.120  2.875  0.000
   23 C  -0.0455   1.134  2.912  0.000
   24 S   0.0414   1.879  3.979  0.101
   25 C   0.0002   1.123  2.877  0.000
   26 C  -0.0100   1.133  2.877  0.000
   27 C  -0.0634   1.089  2.974  0.000
   28 C  -0.0550   1.094  2.961  0.000
   29 C  -0.0128   1.139  2.874  0.000
   30 C   0.2076   1.109  2.683  0.000
   31 O  -0.2858   1.594  4.692  0.000
   32 O  -0.1157   1.436  4.679  0.000
   33 C   0.0486   1.079  2.872  0.000
   34 C  -0.0824   1.017  3.066  0.000
   35 S   0.0738   1.873  3.956  0.097
   36 C   0.0237   1.111  2.866  0.000
   37 C  -0.0509   1.129  2.922  0.000
   38 CL -0.0207   1.890  5.102  0.029
   39 C  -0.0298   1.126  2.904  0.000
   40 S   0.0802   1.876  3.937  0.107
   41 C  -0.0047   1.122  2.883  0.000
   42 C  -0.0318   1.125  2.906  0.000
   43 C  -0.0226   1.122  2.900  0.000
   44 C  -0.0879   1.085  3.003  0.000
   45 C   0.0654   1.118  2.817  0.000
   46 O  -0.0998   1.416  4.684  0.000
   47 C  -0.0019   1.018  2.984  0.000
   48 C   0.0572   1.119  2.824  0.000
   49 O  -0.1042   1.416  4.688  0.000
   50 C  -0.0031   1.018  2.985  0.000
   51 C  -0.0781   1.083  2.995  0.000
   52 C  -0.0128   1.122  2.891  0.000
   53 S   0.0880   1.874  3.926  0.112
   54 C  -0.0286   1.119  2.909  0.000
   55 C  -0.0300   1.125  2.905  0.000
   56 C  -0.0297   1.123  2.906  0.000
   57 C  -0.0794   1.084  2.996  0.000
   58 C   0.0593   1.119  2.822  0.000
   59 O  -0.1034   1.416  4.687  0.000
   60 C  -0.0031   1.018  2.985  0.000
   61 C   0.0621   1.119  2.819  0.000
   62 O  -0.1010   1.416  4.685  0.000
   63 C  -0.0023   1.018  2.984  0.000
   64 C  -0.0844   1.083  3.001  0.000
   65 C  -0.0074   1.125  2.882  0.000
   66 S   0.0830   1.878  3.935  0.104
   67 C  -0.0184   1.112  2.906  0.000
   68 C  -0.0350   1.135  2.900  0.000
   69 S   0.0220   1.882  4.001  0.096
   70 C  -0.0041   1.122  2.882  0.000
   71 C  -0.0099   1.131  2.879  0.000
   72 C  -0.0579   1.085  2.973  0.000
   73 C  -0.0524   1.092  2.960  0.000
   74 C  -0.0192   1.140  2.879  0.000
   75 C   0.2049   1.110  2.685  0.000
   76 O  -0.2895   1.594  4.695  0.000
   77 O  -0.1167   1.436  4.680  0.000
   78 C   0.0483   1.079  2.873  0.000
   79 C  -0.0827   1.017  3.066  0.000
   80 S   0.0658   1.874  3.955  0.105
   81 C   0.0269   1.111  2.863  0.000
   82 C  -0.0629   1.132  2.931  0.000
   83 CL -0.0195   1.891  5.100  0.028
   84 C  -0.0255   1.121  2.904  0.000
   85 S   0.1040   1.868  3.912  0.117
   86 C  -0.0383   1.071  2.967  0.000
   87 C  -0.0218   1.121  2.901  0.000
   88 S   0.0230   1.881  4.003  0.093
   89 C   0.0050   1.121  2.874  0.000
   90 C  -0.0100   1.132  2.879  0.000
   91 C  -0.0536   1.085  2.969  0.000
   92 C  -0.0522   1.092  2.960  0.000
   93 C  -0.0161   1.141  2.875  0.000
   94 C   0.2062   1.110  2.684  0.000
   95 O  -0.2867   1.594  4.693  0.000
   96 O  -0.1163   1.437  4.680  0.000
   97 C   0.0478   1.079  2.873  0.000
   98 C  -0.0835   1.017  3.067  0.000
   99 S   0.0660   1.874  3.955  0.105
  100 C   0.0231   1.109  2.868  0.000
  101 C  -0.0620   1.133  2.929  0.000
  102 CL -0.0276   1.891  5.108  0.029
  103 H   0.0542   0.946  0.000  0.000
  104 H   0.0420   0.958  0.000  0.000
  105 H   0.0485   0.952  0.000  0.000
  106 H   0.0386   0.961  0.000  0.000
  107 H   0.0353   0.965  0.000  0.000
  108 H   0.0278   0.972  0.000  0.000
  109 H   0.0418   0.958  0.000  0.000
  110 H   0.0356   0.964  0.000  0.000
  111 H   0.0424   0.958  0.000  0.000
  112 H   0.0485   0.952  0.000  0.000
  113 H   0.0395   0.960  0.000  0.000
  114 H   0.0356   0.964  0.000  0.000
  115 H   0.0289   0.971  0.000  0.000
  116 H   0.0392   0.961  0.000  0.000
  117 H   0.0340   0.966  0.000  0.000
  118 H   0.0391   0.961  0.000  0.000
  119 H   0.0400   0.960  0.000  0.000
  120 H   0.0386   0.961  0.000  0.000
  121 H   0.0415   0.958  0.000  0.000
  122 H   0.0411   0.959  0.000  0.000
  123 H   0.0398   0.960  0.000  0.000
  124 H   0.0387   0.961  0.000  0.000
  125 H   0.0399   0.960  0.000  0.000
  126 H   0.0400   0.960  0.000  0.000
  127 H   0.0389   0.961  0.000  0.000
  128 H   0.0411   0.959  0.000  0.000
  129 H   0.0395   0.960  0.000  0.000
  130 H   0.0418   0.958  0.000  0.000
  131 H   0.0379   0.962  0.000  0.000
  132 H   0.0390   0.961  0.000  0.000
  133 H   0.0357   0.964  0.000  0.000
  134 H   0.0409   0.959  0.000  0.000
  135 H   0.0494   0.951  0.000  0.000
  136 H   0.0355   0.965  0.000  0.000
  137 H   0.0392   0.961  0.000  0.000
  138 H   0.0288   0.971  0.000  0.000
  139 H   0.0341   0.966  0.000  0.000
  140 H   0.0388   0.961  0.000  0.000
  141 H   0.0522   0.948  0.000  0.000
  142 H   0.0410   0.959  0.000  0.000
  143 H   0.0493   0.951  0.000  0.000
  144 H   0.0392   0.961  0.000  0.000
  145 H   0.0351   0.965  0.000  0.000
  146 H   0.0345   0.965  0.000  0.000
  147 H   0.0306   0.969  0.000  0.000
  148 H   0.0386   0.961  0.000  0.000
 
 Wiberg/Mayer (AO) data. WBOs > 0.1 written file <wbo>
 largest (>0.05) Wiberg bond orders for each atom
           total WBO             WBO to atom ...
     1  C   3.870    C   18 1.481    S    2 1.196    H  103 0.949    C    3 0.095    C    6 0.058
     2  S   2.578    C    1 1.196    C    3 1.086    C   18 0.065    C    4 0.053
     3  C   3.937    C    4 1.416    C   20 1.189    S    2 1.086    C    1 0.095
     4  C   3.891    C    3 1.416    C   18 1.166    S    5 1.068    S    2 0.053
     5  S   2.413    C    4 1.068    C    6 1.027    C   17 0.062
     6  C   3.937    C   17 1.546    C    7 1.123    S    5 1.027    CL  19 0.061    C    1 0.058
     7  C   3.941    C    8 1.473    S   16 1.126    C    6 1.123    C   10 0.095
     8  C   3.950    C    7 1.473    C    9 1.331    H  104 0.932    S   16 0.066
     9  C   3.968    C   10 1.497    C    8 1.331    H  105 0.938    S   16 0.077
    10  C   3.917    C    9 1.497    S   16 1.128    C   11 1.034    C    7 0.095    O   12 0.070
    11  C   3.922    O   12 1.735    O   13 1.081    C   10 1.034
    12  O   2.091    C   11 1.735    O   13 0.159    C   10 0.070
    13  O   2.307    C   11 1.081    C   14 0.962    O   12 0.159
    14  C   3.931    C   15 1.006    H  107 0.974    H  106 0.966    O   13 0.962
    15  C   3.984    C   14 1.006    H  108 0.985    H  110 0.982    H  109 0.975
    16  S   2.564    C   10 1.128    C    7 1.126    C    9 0.077    C    8 0.066
    17  C   3.919    C    6 1.546    C   18 1.111    CL  19 1.023    S    5 0.062
    18  C   3.949    C    1 1.481    C    4 1.166    C   17 1.111    S    2 0.065
    19  CL  1.213    C   17 1.023    C    6 0.061
    20  C   3.863    C   37 1.340    C    3 1.189    S   21 1.085    C   22 0.072
    21  S   2.470    C   20 1.085    C   22 1.065
    22  C   3.904    C   23 1.413    C   39 1.191    S   21 1.065    C   20 0.072
    23  C   3.904    C   22 1.413    C   37 1.178    S   24 1.061
    24  S   2.428    C   23 1.061    C   25 1.041    C   36 0.063
    25  C   3.918    C   36 1.516    C   26 1.127    S   24 1.041    CL  38 0.054
    26  C   3.939    C   27 1.473    C   25 1.127    S   35 1.120    C   29 0.093
    27  C   3.945    C   26 1.473    C   28 1.330    H  111 0.932    S   35 0.065
    28  C   3.967    C   29 1.497    C   27 1.330    H  112 0.938    S   35 0.076
    29  C   3.913    C   28 1.497    S   35 1.124    C   30 1.037    C   26 0.093    O   31 0.070
    30  C   3.921    O   31 1.736    O   32 1.076    C   29 1.037
    31  O   2.091    C   30 1.736    O   32 0.158    C   29 0.070
    32  O   2.304    C   30 1.076    C   33 0.964    O   31 0.158
    33  C   3.933    C   34 1.006    H  114 0.976    H  113 0.966    O   32 0.964
    34  C   3.985    C   33 1.006    H  115 0.985    H  117 0.984    H  116 0.978
    35  S   2.551    C   29 1.124    C   26 1.120    C   28 0.076    C   27 0.065
    36  C   3.915    C   25 1.516    C   37 1.146    CL  38 1.014    S   24 0.063
    37  C   3.939    C   20 1.340    C   23 1.178    C   36 1.146
    38  CL  1.227    C   36 1.014    C   25 0.054
    39  C   3.890    C   43 1.303    C   22 1.191    S   40 1.114    C   41 0.090
    40  S   2.547    C   41 1.122    C   39 1.114
    41  C   3.890    C   42 1.316    C   52 1.171    S   40 1.122    C   39 0.090
    42  C   3.939    C   41 1.316    C   51 1.219    C   43 1.157
    43  C   3.940    C   39 1.303    C   44 1.230    C   42 1.157
    44  C   3.953    C   45 1.519    C   43 1.230    H  118 0.926    C   51 0.087    O   46 0.075
    45  C   3.923    C   44 1.519    C   48 1.154    O   46 1.061
    46  O   2.234    C   45 1.061    C   47 0.990    C   44 0.075
    47  C   3.955    O   46 0.990    H  121 0.989    H  120 0.981    H  119 0.979
    48  C   3.920    C   51 1.528    C   45 1.154    O   49 1.054
    49  O   2.227    C   48 1.054    C   50 0.991    C   51 0.074
    50  C   3.956    O   49 0.991    H  122 0.989    H  124 0.980    H  123 0.978
    51  C   3.955    C   48 1.528    C   42 1.219    H  125 0.936    C   44 0.087    O   49 0.074
    52  C   3.904    C   56 1.316    C   41 1.171    S   53 1.129    C   54 0.096
    53  S   2.562    C   52 1.129    C   54 1.125
    54  C   3.886    C   55 1.329    C   65 1.145    S   53 1.125    C   52 0.096
    55  C   3.943    C   54 1.329    C   64 1.215    C   56 1.155
    56  C   3.936    C   52 1.316    C   57 1.218    C   55 1.155
    57  C   3.956    C   58 1.530    C   56 1.218    H  126 0.937    C   64 0.087    O   59 0.075
    58  C   3.921    C   57 1.530    C   61 1.150    O   59 1.055
    59  O   2.227    C   58 1.055    C   60 0.991    C   57 0.075
    60  C   3.956    O   59 0.991    H  128 0.989    H  127 0.980    H  129 0.979
    61  C   3.921    C   64 1.530    C   58 1.150    O   62 1.059
    62  O   2.231    C   61 1.059    C   63 0.990    C   64 0.075
    63  C   3.956    O   62 0.990    H  130 0.989    H  131 0.981    H  132 0.980
    64  C   3.954    C   61 1.530    C   55 1.215    H  133 0.939    C   57 0.087    O   62 0.075
    65  C   3.897    C   82 1.369    C   54 1.145    S   66 1.114    C   67 0.091    C   70 0.052
    66  S   2.527    C   65 1.114    C   67 1.093    C   68 0.057    C   82 0.052
    67  C   3.909    C   68 1.482    S   66 1.093    C   84 1.080    C   65 0.091
    68  C   3.930    C   67 1.482    C   82 1.157    S   69 1.055    S   66 0.057
    69  S   2.398    C   68 1.055    C   70 1.031    C   81 0.062
    70  C   3.918    C   81 1.510    C   71 1.147    S   69 1.031    CL  83 0.053    C   65 0.052
    71  C   3.940    C   72 1.458    C   70 1.147    S   80 1.119    C   74 0.091
    72  C   3.941    C   71 1.458    C   73 1.340    H  134 0.938    S   80 0.064    C   81 0.062
    73  C   3.967    C   74 1.490    C   72 1.340    H  135 0.938    S   80 0.074
    74  C   3.915    C   73 1.490    S   80 1.116    C   75 1.041    C   71 0.091    O   76 0.070
    75  C   3.920    O   76 1.731    O   77 1.074    C   74 1.041
    76  O   2.085    C   75 1.731    O   77 0.157    C   74 0.070
    77  O   2.302    C   75 1.074    C   78 0.965    O   76 0.157
    78  C   3.933    C   79 1.006    H  136 0.976    H  137 0.966    O   77 0.965
    79  C   3.985    C   78 1.006    H  138 0.985    H  139 0.984    H  140 0.978
    80  S   2.561    C   71 1.119    C   74 1.116    C   73 0.074    C   72 0.064
    81  C   3.917    C   70 1.510    C   82 1.144    CL  83 1.018    S   69 0.062    C   72 0.062
    82  C   3.925    C   65 1.369    C   68 1.157    C   81 1.144    S   66 0.052
    83  CL  1.226    C   81 1.018    C   70 0.053
    84  C   3.907    C  101 1.412    S   85 1.133    C   67 1.080    C   86 0.113    C   89 0.059
    85  S   2.605    C   86 1.180    C   84 1.133    C   87 0.066    C  101 0.063
    86  C   3.940    C   87 1.583    S   85 1.180    H  141 0.950    C   84 0.113    S   88 0.055
    87  C   3.942    C   86 1.583    C  101 1.140    S   88 1.049    S   85 0.066
    88  S   2.388    C   87 1.049    C   89 1.032    C  100 0.065    C   86 0.055
    89  C   3.934    C  100 1.521    C   90 1.143    S   88 1.032    C   84 0.059    CL 102 0.054
    90  C   3.941    C   91 1.462    C   89 1.143    S   99 1.118    C   93 0.092
    91  C   3.943    C   90 1.462    C   92 1.337    H  142 0.938    S   99 0.065    C  100 0.063
    92  C   3.968    C   93 1.493    C   91 1.337    H  143 0.938    S   99 0.075
    93  C   3.918    C   92 1.493    S   99 1.118    C   94 1.038    C   90 0.092    O   95 0.070
    94  C   3.920    O   95 1.736    O   96 1.074    C   93 1.038
    95  O   2.089    C   94 1.736    O   96 0.158    C   93 0.070
    96  O   2.303    C   94 1.074    C   97 0.964    O   95 0.158
    97  C   3.933    C   98 1.006    H  145 0.976    H  144 0.966    O   96 0.964
    98  C   3.985    C   97 1.006    H  146 0.984    H  147 0.984    H  148 0.978
    99  S   2.567    C   90 1.118    C   93 1.118    C   92 0.075    C   91 0.065
   100  C   3.919    C   89 1.521    C  101 1.137    CL 102 1.017    S   88 0.065    C   91 0.063
   101  C   3.939    C   84 1.412    C   87 1.140    C  100 1.137    S   85 0.063
   102  CL  1.221    C  100 1.017    C   89 0.054
   103  H   0.994    C    1 0.949
   104  H   0.996    C    8 0.932
   105  H   0.994    C    9 0.938
   106  H   0.998    C   14 0.966
   107  H   0.998    C   14 0.974
   108  H   0.999    C   15 0.985
   109  H   0.998    C   15 0.975
   110  H   0.999    C   15 0.982
   111  H   0.996    C   27 0.932
   112  H   0.994    C   28 0.938
   113  H   0.998    C   33 0.966
   114  H   0.998    C   33 0.976
   115  H   0.999    C   34 0.985
   116  H   0.998    C   34 0.978
   117  H   0.999    C   34 0.984
   118  H   0.995    C   44 0.926
   119  H   0.998    C   47 0.979
   120  H   0.998    C   47 0.981
   121  H   0.997    C   47 0.989
   122  H   0.997    C   50 0.989
   123  H   0.998    C   50 0.978
   124  H   0.998    C   50 0.980
   125  H   0.995    C   51 0.936
   126  H   0.995    C   57 0.937
   127  H   0.998    C   60 0.980
   128  H   0.997    C   60 0.989
   129  H   0.998    C   60 0.979
   130  H   0.997    C   63 0.989
   131  H   0.998    C   63 0.981
   132  H   0.998    C   63 0.980
   133  H   0.996    C   64 0.939
   134  H   0.996    C   72 0.938
   135  H   0.995    C   73 0.938
   136  H   0.998    C   78 0.976
   137  H   0.998    C   78 0.966
   138  H   0.999    C   79 0.985
   139  H   0.999    C   79 0.984
   140  H   0.998    C   79 0.978
   141  H   0.993    C   86 0.950
   142  H   0.996    C   91 0.938
   143  H   0.995    C   92 0.938
   144  H   0.998    C   97 0.966
   145  H   0.998    C   97 0.976
   146  H   0.999    C   98 0.984
   147  H   0.999    C   98 0.984
   148  H   0.998    C   98 0.978
 
 --------------------------------------------
          xTB calculation for sTDA...
 --------------------------------------------
 
 reading parameter file /ihome/ghutchison/blp62/xtb4stda/.param_stda2.xtb
 
      method parameters     
 k(s)        :  1.6000
 k(p)        :  2.1800
 k(d)        :  1.9500
 k(f)        :  2.0000
 k(R-V)      :  2.2750
 k(R-R)      :  1.7650
 Tscal       :  0.2580
 Gscal       :  1.0000
 fpol        :  1.0000
 Zcnf        :  0.3430
 Zqf         :  0.0000
 kcn         :  2.7000
 Ryd Hsplit  :  0.7000
 lshift(virt):  3.1000
 lshift(OS)  :  0.2000
 wllscaling  :  2.6000
 
 mowrcut     : 3.000
 
  Z AO/shell   Hii/eV     exponent
  1     Sun Feb 14 09:53:25 CET 2016    EN: 2.327 GAM: 0.473  GM3: 0.0000
     1s    -14.339618    1.220000
     2sp    -3.348946    0.600000
  6     Sun Feb 14 09:53:25 CET 2016    EN: 2.731 GAM: 0.422  GM3: 0.0000
     2s    -22.009312    1.565095
     2p    -13.020408    1.596905
     3sp    -3.914040    0.824500
  8     Sun Feb 14 09:53:25 CET 2016    EN: 3.700 GAM: 0.587  GM3: 0.0000
     2s    -33.859000    2.418661
     2p    -22.175911    1.973969
     3sp    -4.259392    1.013700
 16     Sun Feb 21 16:35:57 CET 2016    EN: 1.915 GAM: 0.200  GM3: 0.0000
     3s    -17.898811    2.619580
     3p    -15.317401    1.798798
     4sp    -4.455139    0.843200
 17     Sun Feb 21 16:32:04 CET 2016    EN: 2.375 GAM: 0.300  GM3: 0.0000
     3s    -29.486180    2.293696
     3p    -18.696427    2.332982
     4sp    -5.680125    0.918900
 
 Nbf   :         1046
 T(el) :     0.0
 calculating S/T integrals ...
 cpu time for ints    2.36801800000000     
 Nao   :         1046
 making H0...
 making H1...
 cpu time for H      2.818800000000010E-002
 solving ...
 cpu time for diag   0.533251000000000     
 
 gap (eV)           :   4.552
 Koopmans IP (eV)   :  12.558
 Eel (Eh)           :  -443.406496

          eigenvalues
 #    :         247        248        249        250        251        252        253        254
 occ. :        2.000      2.000      2.000      2.000      2.000      2.000      2.000      2.000
 eps  :       -15.829    -15.167    -14.841    -14.798    -14.756    -14.669    -14.568    -14.424
 #    :         255        256        257        258        259        260        261        262
 occ. :        2.000      2.000      2.000      2.000      2.000      0.000      0.000      0.000
 eps  :       -14.248    -14.039    -13.745    -13.267    -12.559     -8.007     -7.714     -7.521
 #    :         263        264        265        266        267        268        269        270
 occ. :        0.000      0.000      0.000      0.000      0.000      0.000      0.000      0.000
 eps  :        -7.382     -7.324     -6.771     -6.400     -6.266     -6.144     -5.826     -5.758
                            1  SCC done.
 writing mo output ...
 molden style : F
 
speedup  3.16
cpu  time for all    8.17 s
wall time for all    2.58 s
