 
        ______________________________________
       |                                      |
       |          ===================         |
       |             xTB for sTDA             |
       |          ===================         |
       |               S. Grimme              |
       |        Universitaet Bonn, MCTC       |
       |         2015-19, Version 1.0         |
       |     Wed Apr  3 09:14:55 CEST 2019    |
       |______________________________________|
 
        This code comes without any warranty
        for non-commercial, academia use only.
        Preliminary test version.
        Cite this work as:
        S. Grimme  &  C. Bannwarth, JCP 145 (2016) 054103
        if GBSA is used additionally:
        P. Shushkov, F. März, C. Bannwarth, S. Grimme, unpublished.
 
        with help from
        P. Shushkov, G. Brandenburg, S. Dohm, J. Pisarek,
        F. März, M. Checinski, S. Ehrlich, S. Spicher, 
        P. Pracht, E. Caldeweyher, S. Ehlert, and C. Bannwarth.
 
        usage        :
        xtb4stda <coord_file> [options]
        where <coord_file> is a valid file of TM)
        (*coord, Bohr) or xmol (*xyz, Angstroem)
        format.

        options:
        -chrg <int>   : molecular charge
        -uhf  <int>   : # of unpaired electrons(=2*S)
        -nox          : skip second, extended part in sTDA-xTB
        -pop          : do population analysis
                      : (default for -nox)
        -mowr <real>  : cut MO write above (def.3 Eh)
        -molden       : write formatted molden file
        -parx <file>  : read parameters for sTDA-xTB
                        calc (def:~/.param_stda2.xtb)
        -parv <file>  : read parameters for vTB part in
                        sTDA-xTB (def: ~/.param_stda1.xtb)
        -xtemp <real> : el. temp for xTB (def. 0 K)
        -etemp <real> : el. temp for GFN (def. 300 K)
        -fod          : calculate the FOD and write
                        molden.input file with
                        appropriate occupations
                        for plotting. Def. T=12500 K
 
        -acc <real>   : xTB accuracy (def. 1.0)
        -gbsa [string1] [string2]
                        use GBSA implicit solvent
                        for solvent [string1] and
                        solvation state [string2]=
                        reference, bar1M (default=1M)
        additional GFN/opt/MD/siman options read from
        $XTB4STDAHOME/.xtb4stdarc or $set in input
 
       spin and charge state information can be on:
       <.CHRG> (charge) and <.UHF> (=nalpha-nbeta)
       -uhf and -chrg override the file info.
       useful machine settings:
       setenv MKL_NUM_THREADS <NCORE_ON_YOUR_MACHINE>
       setenv OMP_STACKSIZE 500m
       limit stacksize unlimited
 
       total energies in Eh, gaps/HL energies in eV
       please read REVISION and HOWTO files carefully
 =============================
  # OMP threads =           8
 =============================
 
 xtb4stdahome directory:/ihome/ghutchison/blp62/xtb4stda/
 
 
 name of molecule           :
 comment line               :
 number of atoms            :   227
 number of electrons        :   816
 charge                     :  0
 spin                       : 0.0
 first test random number   :  0.4005
 
 -----------------------------------------
      charge density (VTB) calculation
 -----------------------------------------
 
      method parameters     
 k(s)        :  1.8000
 k(p)        :  2.8350
 k(d)        :  2.0860
 k(f)        :  2.0000
 Tscal       :  0.3300
 Gscal       :  0.3910
 fpol        :  1.0000
 Zcnf        :  0.6500
 Zqf         :  0.0000
 kcn         :  0.3000
 kEN1        : -0.5900
 wllscal     :  2.6000
 
     -------------------------
     ! NO SOLVENT MODEL USED !
     -------------------------
 
 doing EN charges ...
 sum q : -0.3330669D-15
 point charge moment (au)
     X       Y       Z   
  -0.4144  -0.5802  -0.4623  total (Debye):    2.160
 
            Z      q(EN)   CN      Cart. coordinates
     1  C   4.0  -0.164   3.148     2.64070   -21.73979    18.85587
     2  C   4.0  -0.090   3.327     4.04439   -21.56877    16.73617
     3  C   4.0  -0.021   3.461     3.26715   -19.55413    15.12423
     4  C   4.0  -0.011   3.335     4.28269   -18.84246    12.77738
     5  C   4.0  -0.095   3.316     6.35326   -20.23405    11.62238
     6  S   6.0   0.220   2.650     6.14350   -23.46907    11.08192
     7  C   4.0  -0.084   3.265     9.10357   -23.58189     9.69524
     8  C   4.0  -0.182   4.099    10.20811   -26.01435     8.81330
     9  C   4.0  -0.244   4.032    11.39240   -27.47057    11.01389
    10  C   4.0  -0.095   3.433    10.17523   -21.24071     9.68825
    11  CL  7.0   0.088   1.223    13.12131   -20.60330     8.49356
    12  C   4.0  -0.094   3.436     8.61772   -19.33511    10.76407
    13  CL  7.0   0.088   1.286     9.59697   -16.26412    11.07436
    14  C   4.0  -0.089   3.314     3.20309   -16.76395    11.58969
    15  C   4.0  -0.021   3.468     1.16804   -15.39805    12.66305
    16  C   4.0  -0.012   3.339     0.10469   -16.14790    14.97551
    17  C   4.0  -0.095   3.314    -2.08985   -14.82414    15.96497
    18  S   6.0   0.218   2.667    -2.14805   -13.54612    18.98929
    19  C   4.0  -0.085   3.268    -5.14043   -12.29890    18.56429
    20  C   4.0  -0.182   4.099    -6.37783   -10.72722    20.54302
    21  C   4.0  -0.244   4.033    -5.87913    -7.91512    20.07928
    22  C   4.0  -0.095   3.432    -6.02161   -12.86147    16.20950
    23  C   4.0  -0.093   3.434    -4.30309   -14.29729    14.73382
    24  CL  7.0   0.091   1.247    -5.04217   -15.36272    11.75693
    25  CL  7.0   0.089   1.240    -8.92347   -11.93948    15.09797
    26  C   4.0  -0.092   3.314     1.21585   -18.19712    16.17719
    27  S   6.0   0.214   2.520     0.28573   -19.48137    19.05883
    28  C   4.0  -0.092   3.388     0.43350   -13.33617    11.13256
    29  C   4.0  -0.092   3.264     1.73647   -13.18367     8.91346
    30  S   6.0   0.213   2.650     4.03475   -15.54111     8.64852
    31  C   4.0  -0.092   3.265     1.28142   -11.33703     6.99917
    32  C   4.0  -0.093   3.392    -0.83809    -9.87420     6.85933
    33  C   4.0  -0.020   3.461    -0.78159    -8.08822     4.87795
    34  C   4.0  -0.012   3.337    -2.61822    -6.25386     4.29856
    35  C   4.0  -0.092   3.303    -4.85716    -5.95982     5.86287
    36  S   6.0   0.216   2.726    -7.85597    -5.82451     4.50926
    37  C   4.0  -0.083   3.262    -9.34696    -5.72719     7.41717
    38  C   4.0  -0.181   4.097   -12.15075    -5.60719     7.64923
    39  C   4.0  -0.245   4.031   -13.03835    -3.01506     8.57482
    40  C   4.0  -0.095   3.442    -7.60161    -5.75233     9.31106
    41  CL  7.0   0.089   1.253    -8.34768    -5.71869    12.46501
    42  C   4.0  -0.093   3.435    -5.06617    -5.86987     8.44292
    43  CL  7.0   0.093   1.273    -2.59044    -5.72795    10.53503
    44  C   4.0  -0.090   3.317    -2.19529    -4.82579     2.13671
    45  C   4.0  -0.022   3.467    -0.01398    -5.10245     0.60792
    46  C   4.0  -0.014   3.342     1.83662    -6.91451     1.21264
    47  C   4.0  -0.094   3.315     3.98959    -7.32911    -0.44503
    48  S   6.0   0.224   2.751     5.91711    -4.86189    -1.45301
    49  C   4.0  -0.083   3.265     7.69685    -6.82437    -3.37203
    50  C   4.0  -0.183   4.104     9.76724    -5.79560    -4.97395
    51  C   4.0  -0.247   4.043     8.77759    -3.81214    -6.82682
    52  C   4.0  -0.095   3.435     6.84100    -9.24662    -3.20252
    53  C   4.0  -0.094   3.439     4.74397    -9.54179    -1.54976
    54  CL  7.0   0.088   1.302     3.22803   -12.38035    -1.19903
    55  CL  7.0   0.088   1.226     8.11581   -11.74389    -4.83108
    56  C   4.0  -0.090   3.316     1.41786    -8.35183     3.36787
    57  S   6.0   0.214   2.666     3.42437   -10.66278     4.58107
    58  C   4.0  -0.092   3.381    -0.07823    -3.47464    -1.51613
    59  C   4.0  -0.092   3.276    -2.20418    -2.03410    -1.64312
    60  S   6.0   0.216   2.676    -4.23147    -2.54867     0.91841
    61  C   4.0  -0.094   3.285    -2.91944    -0.31218    -3.58538
    62  C   4.0  -0.099   3.426    -5.28840     0.56238    -4.07425
    63  C   4.0  -0.022   3.474    -5.39592     2.29243    -6.10930
    64  C   4.0  -0.013   3.341    -7.51582     3.63621    -6.98651
    65  C   4.0  -0.095   3.316   -10.00345     3.07062    -5.97758
    66  S   6.0   0.225   2.741   -11.98748     5.40707    -4.80803
    67  C   4.0  -0.083   3.263   -14.28897     3.24825    -3.94442
    68  C   4.0  -0.180   4.099   -16.69063     4.07822    -2.73311
    69  C   4.0  -0.247   4.044   -16.25486     6.09777    -0.72112
    70  C   4.0  -0.095   3.434   -13.54253     0.86209    -4.56255
    71  CL  7.0   0.088   1.225   -15.31264    -1.79694    -4.00149
    72  C   4.0  -0.094   3.439   -11.12085     0.75268    -5.71699
    73  CL  7.0   0.091   1.249    -9.84680    -2.02824    -6.79886
    74  C   4.0  -0.089   3.316    -7.07324     5.47321    -8.80763
    75  C   4.0  -0.020   3.454    -4.65572     5.87837    -9.88289
    76  C   4.0  -0.012   3.340    -2.56870     4.40287    -9.14212
    77  C   4.0  -0.094   3.314    -0.10507     4.63758   -10.32792
    78  S   6.0   0.229   2.759     1.32942     7.55588   -10.79619
    79  C   4.0  -0.084   3.269     4.02020     6.22306   -12.08272
    80  C   4.0  -0.183   4.106     6.17336     7.83537   -12.89662
    81  C   4.0  -0.248   4.046     7.12276     9.49738   -10.73459
    82  C   4.0  -0.096   3.444     3.78002     3.66286   -12.17399
    83  C   4.0  -0.095   3.450     1.45282     2.75692   -11.18585
    84  CL  7.0   0.088   1.328     0.67614    -0.38267   -11.29470
    85  CL  7.0   0.088   1.284     6.01972     1.66825   -13.39287
    86  C   4.0  -0.090   3.327    -2.98388     2.68814    -7.19740
    87  S   6.0   0.220   2.718    -0.67652     0.89630    -5.68467
    88  C   4.0  -0.098   3.436    -4.71014     7.83046   -11.70043
    89  C   4.0  -0.096   3.309    -7.01372     8.95976   -11.98785
    90  S   6.0   0.221   2.651    -9.32126     7.49938   -10.12156
    91  C   4.0  -0.086   3.282    -7.38788    11.08664   -13.62719
    92  S   6.0   0.212   2.675    -5.21886    11.22970   -16.14053
    93  C   4.0  -0.166   3.176    -6.28693    14.14895   -17.08048
    94  C   4.0  -0.085   3.482    -8.17382    14.94112   -15.56700
    95  C   4.0  -0.031   3.543    -8.87585    13.22733   -13.59866
    96  C   4.0  -0.011   3.272   -10.92829    14.29502   -12.09311
    97  C   4.0  -0.134   3.204   -11.57873    16.62789   -12.86620
    98  S   6.0   0.379   3.279    -9.96396    17.85300   -15.61462
    99  O   6.0  -0.238   1.016    -8.26415    19.88974   -14.82547
   100  C   4.0  -0.073   3.144   -12.45159    13.16194   -10.07432
   101  C   4.0  -0.080   3.171   -11.82024    12.46142    -7.73068
   102  C   4.0  -0.086   3.213    -9.36548    12.25620    -6.61385
   103  C   4.0  -0.097   3.410    -8.88077    10.79374    -4.54781
   104  C   4.0  -0.021   3.471    -6.28164    10.33982    -4.13888
   105  C   4.0  -0.013   3.346    -5.19353     8.65060    -2.39636
   106  C   4.0  -0.093   3.315    -6.71609     7.45932    -0.45637
   107  S   6.0   0.223   2.842    -6.47836     4.24036     0.14853
   108  C   4.0  -0.083   3.266    -8.82502     4.32294     2.41866
   109  C   4.0  -0.183   4.105    -9.65858     1.95983     3.69800
   110  C   4.0  -0.249   4.043   -11.05395     0.21052     1.86799
   111  C   4.0  -0.095   3.437    -9.70129     6.72875     2.70174
   112  CL  7.0   0.088   1.228   -12.01280     7.58423     4.81351
   113  C   4.0  -0.094   3.436    -8.50868     8.51246     1.08773
   114  CL  7.0   0.091   1.249    -9.17046    11.68304     1.24986
   115  C   4.0  -0.090   3.324    -2.65015     8.10541    -2.74936
   116  C   4.0  -0.021   3.460    -1.13195     9.33506    -4.58202
   117  C   4.0  -0.013   3.344    -2.16449    11.24897    -6.11855
   118  C   4.0  -0.093   3.321    -0.63098    12.71389    -7.84917
   119  S   6.0   0.217   2.900    -1.68790    13.41422   -10.88312
   120  C   4.0  -0.082   3.268     1.01705    15.08625   -11.61992
   121  C   4.0  -0.183   4.104     1.36684    16.17832   -14.18693
   122  C   4.0  -0.245   4.036     2.09457    14.12570   -16.08913
   123  C   4.0  -0.095   3.438     2.62370    15.11214    -9.60756
   124  C   4.0  -0.094   3.436     1.69282    13.79009    -7.46272
   125  CL  7.0   0.091   1.253     3.30041    13.76817    -4.64457
   126  CL  7.0   0.089   1.228     5.50609    16.60105    -9.60869
   127  C   4.0  -0.089   3.330    -4.76287    11.60292    -5.94073
   128  S   6.0   0.217   2.797    -6.59514    13.44672    -7.96123
   129  C   4.0  -0.096   3.406     1.32640     8.28172    -4.68595
   130  C   4.0  -0.092   3.283     1.71304     6.38142    -2.99484
   131  S   6.0   0.216   2.718    -0.94467     5.82168    -1.10454
   132  C   4.0  -0.093   3.276     3.94083     4.89628    -2.69324
   133  C   4.0  -0.091   3.369     4.55140     3.32082    -0.75306
   134  C   4.0  -0.021   3.455     6.96251     2.18377    -1.02045
   135  C   4.0  -0.014   3.350     8.23372     0.62399     0.70298
   136  C   4.0  -0.096   3.327     7.21592    -0.00151     3.17739
   137  S   6.0   0.226   2.723     4.36035    -1.56432     3.59898
   138  C   4.0  -0.084   3.272     4.74642    -1.69641     6.84232
   139  C   4.0  -0.184   4.109     2.92341    -3.08460     8.47202
   140  C   4.0  -0.248   4.045     4.10184    -5.54597     9.42992
   141  C   4.0  -0.095   3.433     6.94096    -0.53971     7.53566
   142  CL  7.0   0.089   1.226     7.93968    -0.23735    10.60306
   143  C   4.0  -0.095   3.445     8.34805     0.41782     5.46263
   144  CL  7.0   0.089   1.274    11.12519     2.03826     5.84058
   145  C   4.0  -0.094   3.333    10.59645    -0.27080    -0.01682
   146  C   4.0  -0.022   3.471    11.77923     0.41574    -2.31132
   147  C   4.0  -0.012   3.341    10.58662     2.12934    -3.95312
   148  C   4.0  -0.094   3.316    11.86275     3.00504    -6.21947
   149  S   6.0   0.219   2.748    10.43620     2.88826    -9.17386
   150  C   4.0  -0.083   3.262    13.11035     4.01964   -10.67884
   151  C   4.0  -0.181   4.099    13.19728     4.35034   -13.47526
   152  C   4.0  -0.245   4.031    13.42480     7.13069   -14.23474
   153  C   4.0  -0.094   3.433    14.96871     4.49547    -8.95730
   154  C   4.0  -0.093   3.435    14.26743     3.93328    -6.42960
   155  CL  7.0   0.091   1.244    16.22821     4.52136    -3.91098
   156  CL  7.0   0.089   1.228    17.92122     5.59680    -9.72340
   157  C   4.0  -0.090   3.315     8.17212     2.91887    -3.29379
   158  S   6.0   0.217   2.650     6.30337     5.01269    -5.01193
   159  C   4.0  -0.092   3.338    14.11531    -0.88401    -2.64410
   160  C   4.0  -0.164   3.152    14.66711    -2.43756    -0.69806
   161  S   6.0   0.218   2.554    12.41021    -2.43831     1.66409
   162  H   1.0   0.075   1.014     2.83100   -23.07469    20.36860
   163  H   1.0   0.079   1.007     5.59151   -22.81145    16.30796
   164  H   1.0   0.081   1.005     8.73261   -27.16500     7.94554
   165  H   1.0   0.082   1.006    11.65035   -25.60711     7.39639
   166  H   1.0   0.081   0.999    12.88056   -26.35544    11.88657
   167  H   1.0   0.081   1.000     9.96944   -27.89727    12.43402
   168  H   1.0   0.081   0.999    12.20026   -29.23368    10.33945
   169  H   1.0   0.081   1.006    -5.65217   -11.26409    22.39609
   170  H   1.0   0.081   1.006    -8.41136   -11.07776    20.49899
   171  H   1.0   0.082   1.000    -6.61253    -7.35462    18.24436
   172  H   1.0   0.081   0.999    -3.86128    -7.53018    20.12464
   173  H   1.0   0.081   0.999    -6.79961    -6.78714    21.52738
   174  H   1.0   0.081   1.009    -0.97302   -11.98445    11.68701
   175  H   1.0   0.082   1.011    -2.42622   -10.12874     8.09218
   176  H   1.0   0.081   1.006   -12.99621    -6.02464     5.81582
   177  H   1.0   0.081   1.005   -12.76718    -7.04887     8.99415
   178  H   1.0   0.082   1.001   -12.25298    -2.60896    10.42751
   179  H   1.0   0.081   0.999   -15.08701    -2.98614     8.71107
   180  H   1.0   0.082   1.000   -12.44158    -1.54221     7.27526
   181  H   1.0   0.082   1.007    11.21288    -4.94012    -3.77397
   182  H   1.0   0.082   1.007    10.62820    -7.35973    -6.00555
   183  H   1.0   0.082   1.000     7.38580    -4.64041    -8.09067
   184  H   1.0   0.082   1.000    10.32112    -3.06192    -7.95405
   185  H   1.0   0.082   1.003     7.89452    -2.25898    -5.81034
   186  H   1.0   0.080   1.013     1.36552    -3.40321    -2.94174
   187  H   1.0   0.082   1.015    -6.89826    -0.01474    -2.98482
   188  H   1.0   0.081   1.007   -17.60204     2.42320    -1.90352
   189  H   1.0   0.080   1.004   -17.95561     4.82995    -4.18669
   190  H   1.0   0.081   1.003   -15.37859     7.76016    -1.55354
   191  H   1.0   0.082   1.002   -15.02219     5.39082     0.76137
   192  H   1.0   0.082   0.999   -18.04197     6.65354     0.12359
   193  H   1.0   0.081   1.005     5.57016     9.03591   -14.46717
   194  H   1.0   0.082   1.008     7.67928     6.59930   -13.56710
   195  H   1.0   0.082   1.003     7.80589     8.33331    -9.18539
   196  H   1.0   0.082   0.999     8.65041    10.71059   -11.37747
   197  H   1.0   0.082   1.004     5.60266    10.69283   -10.04068
   198  H   1.0   0.081   1.022    -3.06684     8.44367   -12.71937
   199  H   1.0   0.076   1.014    -5.44525    15.08871   -18.66331
   200  H   1.0   0.076   1.011   -13.04723    17.75379   -12.02735
   201  H   1.0   0.073   1.007   -14.44185    13.09882   -10.55147
   202  H   1.0   0.074   1.009   -13.31293    11.76827    -6.51483
   203  H   1.0   0.082   1.015   -10.35192     9.91558    -3.46557
   204  H   1.0   0.082   1.007   -10.89011     2.47157     5.27158
   205  H   1.0   0.081   1.006    -8.00771     0.96659     4.43991
   206  H   1.0   0.082   1.001   -12.72995     1.13062     1.11834
   207  H   1.0   0.082   1.001   -11.61671    -1.51783     2.82117
   208  H   1.0   0.082   1.003    -9.82563    -0.29801     0.30330
   209  H   1.0   0.081   1.006    -0.39042    17.07783   -14.78578
   210  H   1.0   0.082   1.006     2.84744    17.61073   -14.10510
   211  H   1.0   0.082   1.000     3.88188    13.26758   -15.55093
   212  H   1.0   0.082   0.999     2.29432    14.93904   -17.96373
   213  H   1.0   0.081   1.001     0.64969    12.66494   -16.14903
   214  H   1.0   0.081   1.016     2.76108     8.86981    -5.99402
   215  H   1.0   0.079   1.010     3.32592     3.00334     0.83620
   216  H   1.0   0.081   1.005     2.40014    -1.90579    10.08490
   217  H   1.0   0.082   1.010     1.22587    -3.49637     7.37692
   218  H   1.0   0.082   1.002     2.72272    -6.62708    10.50026
   219  H   1.0   0.082   1.003     4.75153    -6.68661     7.85011
   220  H   1.0   0.082   1.002     5.70735    -5.14572    10.64426
   221  H   1.0   0.081   1.005    14.82698     3.31930   -14.21698
   222  H   1.0   0.081   1.008    11.49067     3.53190   -14.29313
   223  H   1.0   0.081   0.999    13.38814     7.30020   -16.28112
   224  H   1.0   0.082   1.002    15.18867     7.91984   -13.54404
   225  H   1.0   0.082   1.000    11.87334     8.22276   -13.45220
   226  H   1.0   0.080   1.008    15.28921    -0.68597    -4.28817
   227  H   1.0   0.075   1.014    16.29530    -3.62544    -0.48301
 
  Z AO/shell   Hii/eV     exponent
  1     Sat Feb 20 21:38:01 CET 2016    EN: 2.327 GAM: 0.473  GM3: 0.0000
     1s    -13.751157    1.051071
  6     Sat Feb 20 21:38:01 CET 2016    EN: 2.731 GAM: 0.422  GM3: 0.0000
     2s    -19.378245    2.021003
     2p    -11.993376    1.497917
  8     Sat Feb 20 21:38:01 CET 2016    EN: 3.700 GAM: 0.587  GM3: 0.0000
     2s    -21.648843    2.110798
     2p    -17.239740    2.329048
 16     Sat Feb 20 23:13:41 CET 2016    EN: 1.915 GAM: 0.389  GM3: 0.0000
     3s    -22.000000    2.671470
     3p    -15.834192    1.836978
     3d     -2.593599    1.836978
 17     Sat Feb 20 23:13:41 CET 2016    EN: 2.375 GAM: 0.431  GM3: 0.0000
     3s    -21.000000    2.596786
     3p    -17.375270    2.088291
     3d     -1.372943    2.088291
 
 dipole moment of classical point charges (au)
     X       Y       Z   
  -0.4144  -0.5802  -0.4623  total (Debye):    2.160

 
 Nbf   :          962
 T(el) :   300.0
 calculating S/T integrals ...
 cpu time for ints    1.46568500000000     
 Nao   :          920
 making H0...
 making H1...
 cpu time for H      4.795900000000008E-002
 solving ...
 cpu time for diag   0.785480000000000     
 
 gap (eV)           :   2.890
 Koopmans IP (eV)   :  11.984
 Eel (Eh)           :  -623.764425
 T,E(Fermi),NFOD :    300.000   -10.539  0.000000
 T,E(Fermi),NFOD :    300.000   -10.539  0.000000
 Nfod               :  0.0000
 Nfod/Nel           :  0.0000

          eigenvalues
 #    :         396        397        398        399        400        401        402        403
 occ. :        2.000      2.000      2.000      2.000      2.000      2.000      2.000      2.000
 eps  :       -13.453    -13.371    -13.296    -13.267    -13.198    -13.062    -12.985    -12.912
 #    :         404        405        406        407        408        409        410        411
 occ. :        2.000      2.000      2.000      2.000      2.000      0.000      0.000      0.000
 eps  :       -12.546    -12.459    -12.332    -12.090    -11.986     -9.095     -9.053     -8.983
 #    :         412        413        414        415        416        417        418        419
 occ. :        0.000      0.000      0.000      0.000      0.000      0.000      0.000      0.000
 eps  :        -8.902     -8.871     -8.848     -8.744     -8.707     -8.511     -8.505     -8.470
                            1  SCC done.
 making H1...
 cpu time for H       1.13264400000000     
 solving ...
 cpu time for diag   0.402517000000000     
 
 gap (eV)           :   3.044
 Koopmans IP (eV)   :  12.250
 Eel (Eh)           :  -626.226365
 T,E(Fermi),NFOD :    300.000   -10.729  0.000000
 T,E(Fermi),NFOD :    300.000   -10.729  0.000000
 Nfod               :  0.0000
 Nfod/Nel           :  0.0000

          eigenvalues
 #    :         396        397        398        399        400        401        402        403
 occ. :        2.000      2.000      2.000      2.000      2.000      2.000      2.000      2.000
 eps  :       -13.826    -13.731    -13.661    -13.629    -13.587    -13.438    -13.373    -13.275
 #    :         404        405        406        407        408        409        410        411
 occ. :        2.000      2.000      2.000      2.000      2.000      0.000      0.000      0.000
 eps  :       -12.772    -12.680    -12.583    -12.336    -12.252     -9.207     -9.096     -9.072
 #    :         412        413        414        415        416        417        418        419
 occ. :        0.000      0.000      0.000      0.000      0.000      0.000      0.000      0.000
 eps  :        -8.963     -8.951     -8.881     -8.846     -8.738     -8.557     -8.520     -8.476
                            2  SCC done.
 
 
 Mulliken/CM5 charges    n(s)   n(p)   n(d)   
    1 C  -0.0500 -0.0897   1.139  2.912  0.000
    2 C  -0.0689 -0.1199   1.133  2.936  0.000
    3 C  -0.0309 -0.0322   1.173  2.858  0.000
    4 C   0.0020  0.0035   1.158  2.840  0.000
    5 C  -0.0480 -0.0348   1.167  2.880  0.000
    6 S   0.0954  0.0575   1.886  3.965  0.054
    7 C  -0.0472 -0.0428   1.189  2.859  0.000
    8 C  -0.0262 -0.1306   1.120  2.906  0.000
    9 C  -0.0880 -0.2391   1.098  2.990  0.000
   10 C  -0.0001  0.0002   1.147  2.853  0.000
   11 CL -0.0486 -0.0498   1.901  5.142  0.005
   12 C   0.0101  0.0118   1.150  2.839  0.000
   13 CL -0.0420 -0.0410   1.902  5.135  0.006
   14 C  -0.0245 -0.0112   1.178  2.847  0.000
   15 C  -0.0298 -0.0312   1.170  2.859  0.000
   16 C   0.0006  0.0021   1.158  2.842  0.000
   17 C  -0.0462 -0.0331   1.168  2.878  0.000
   18 S   0.1030  0.0671   1.886  3.957  0.054
   19 C  -0.0458 -0.0413   1.189  2.857  0.000
   20 C  -0.0250 -0.1293   1.120  2.905  0.000
   21 C  -0.0884 -0.2395   1.098  2.991  0.000
   22 C  -0.0024 -0.0022   1.146  2.856  0.000
   23 C   0.0051  0.0056   1.152  2.843  0.000
   24 CL -0.0437 -0.0448   1.902  5.136  0.005
   25 CL -0.0495 -0.0508   1.902  5.143  0.005
   26 C  -0.0235 -0.0101   1.173  2.850  0.000
   27 S   0.0861  0.0495   1.883  3.985  0.046
   28 C  -0.0786 -0.1275   1.140  2.938  0.000
   29 C  -0.0077  0.0021   1.165  2.843  0.000
   30 S   0.0834  0.0499   1.890  3.987  0.039
   31 C  -0.0064  0.0030   1.165  2.841  0.000
   32 C  -0.0820 -0.1314   1.141  2.941  0.000
   33 C  -0.0292 -0.0313   1.171  2.858  0.000
   34 C  -0.0018 -0.0008   1.158  2.844  0.000
   35 C  -0.0451 -0.0322   1.169  2.876  0.000
   36 S   0.0991  0.0621   1.887  3.961  0.053
   37 C  -0.0458 -0.0415   1.190  2.855  0.000
   38 C  -0.0244 -0.1288   1.120  2.904  0.000
   39 C  -0.0910 -0.2428   1.096  2.995  0.000
   40 C  -0.0025 -0.0023   1.147  2.856  0.000
   41 CL -0.0473 -0.0493   1.902  5.141  0.005
   42 C   0.0054  0.0058   1.152  2.842  0.000
   43 CL -0.0356 -0.0399   1.901  5.129  0.005
   44 C  -0.0197 -0.0063   1.177  2.843  0.000
   45 C  -0.0218 -0.0228   1.170  2.852  0.000
   46 C   0.0068  0.0084   1.158  2.835  0.000
   47 C  -0.0473 -0.0342   1.168  2.879  0.000
   48 S   0.0970  0.0570   1.887  3.963  0.053
   49 C  -0.0463 -0.0419   1.191  2.855  0.000
   50 C  -0.0305 -0.1347   1.121  2.910  0.000
   51 C  -0.0890 -0.2399   1.097  2.992  0.000
   52 C  -0.0004 -0.0001   1.146  2.854  0.000
   53 C   0.0101  0.0118   1.152  2.838  0.000
   54 CL -0.0416 -0.0406   1.902  5.134  0.006
   55 CL -0.0494 -0.0506   1.901  5.143  0.005
   56 C  -0.0240 -0.0113   1.178  2.846  0.000
   57 S   0.0891  0.0535   1.890  3.981  0.039
   58 C  -0.0671 -0.1144   1.139  2.928  0.000
   59 C  -0.0072  0.0028   1.166  2.842  0.000
   60 S   0.0701  0.0340   1.890  4.000  0.039
   61 C  -0.0043  0.0060   1.166  2.839  0.000
   62 C  -0.0753 -0.1227   1.142  2.934  0.000
   63 C  -0.0267 -0.0279   1.171  2.856  0.000
   64 C   0.0007  0.0022   1.158  2.841  0.000
   65 C  -0.0480 -0.0348   1.167  2.881  0.000
   66 S   0.0939  0.0530   1.885  3.967  0.054
   67 C  -0.0472 -0.0433   1.192  2.855  0.000
   68 C  -0.0253 -0.1295   1.120  2.905  0.000
   69 C  -0.0867 -0.2378   1.094  2.993  0.000
   70 C  -0.0023 -0.0027   1.145  2.857  0.000
   71 CL -0.0492 -0.0509   1.902  5.142  0.005
   72 C   0.0084  0.0088   1.151  2.840  0.000
   73 CL -0.0389 -0.0401   1.902  5.132  0.005
   74 C  -0.0227 -0.0093   1.177  2.845  0.000
   75 C  -0.0255 -0.0267   1.169  2.856  0.000
   76 C   0.0017  0.0031   1.158  2.840  0.000
   77 C  -0.0487 -0.0356   1.169  2.880  0.000
   78 S   0.0987  0.0552   1.886  3.963  0.053
   79 C  -0.0441 -0.0398   1.190  2.854  0.000
   80 C  -0.0285 -0.1333   1.120  2.908  0.000
   81 C  -0.0900 -0.2414   1.097  2.993  0.000
   82 C   0.0006  0.0010   1.146  2.853  0.000
   83 C   0.0114  0.0132   1.152  2.837  0.000
   84 CL -0.0398 -0.0387   1.902  5.132  0.006
   85 CL -0.0465 -0.0479   1.901  5.140  0.005
   86 C  -0.0262 -0.0128   1.179  2.847  0.000
   87 S   0.0755  0.0394   1.891  3.994  0.039
   88 C  -0.0780 -0.1248   1.146  2.932  0.000
   89 C  -0.0091  0.0023   1.170  2.839  0.000
   90 S   0.0779  0.0436   1.892  3.990  0.040
   91 C  -0.0209 -0.0076   1.177  2.844  0.000
   92 S   0.1158  0.0751   1.884  3.953  0.046
   93 C  -0.0422 -0.0772   1.142  2.901  0.000
   94 C  -0.0836 -0.0725   1.219  2.864  0.000
   95 C  -0.0390 -0.0360   1.177  2.862  0.000
   96 C   0.0180  0.0125   1.179  2.803  0.000
   97 C  -0.0804 -0.1185   1.184  2.897  0.000
   98 S   0.3155  0.3254   1.841  3.400  0.443
   99 O  -0.3387 -0.3825   1.624  4.715  0.000
  100 C  -0.0286 -0.0818   1.141  2.887  0.000
  101 C  -0.0181 -0.0706   1.136  2.882  0.000
  102 C  -0.0136 -0.0074   1.175  2.839  0.000
  103 C  -0.0770 -0.1259   1.145  2.932  0.000
  104 C  -0.0288 -0.0302   1.170  2.858  0.000
  105 C  -0.0010  0.0005   1.158  2.843  0.000
  106 C  -0.0453 -0.0321   1.170  2.875  0.000
  107 S   0.0973  0.0578   1.887  3.964  0.052
  108 C  -0.0460 -0.0417   1.192  2.854  0.000
  109 C  -0.0266 -0.1313   1.121  2.906  0.000
  110 C  -0.0919 -0.2436   1.098  2.994  0.000
  111 C  -0.0013 -0.0014   1.147  2.854  0.000
  112 CL -0.0475 -0.0498   1.902  5.141  0.005
  113 C   0.0087  0.0093   1.151  2.841  0.000
  114 CL -0.0378 -0.0391   1.902  5.131  0.005
  115 C  -0.0237 -0.0101   1.179  2.845  0.000
  116 C  -0.0279 -0.0292   1.171  2.857  0.000
  117 C   0.0046  0.0062   1.158  2.837  0.000
  118 C  -0.0439 -0.0305   1.171  2.873  0.000
  119 S   0.0954  0.0569   1.888  3.965  0.051
  120 C  -0.0414 -0.0370   1.192  2.849  0.000
  121 C  -0.0248 -0.1292   1.120  2.905  0.000
  122 C  -0.0889 -0.2401   1.098  2.991  0.000
  123 C   0.0003 -0.0001   1.147  2.853  0.000
  124 C   0.0109  0.0113   1.151  2.838  0.000
  125 CL -0.0376 -0.0392   1.902  5.130  0.005
  126 CL -0.0482 -0.0500   1.902  5.141  0.005
  127 C  -0.0242 -0.0106   1.181  2.843  0.000
  128 S   0.0720  0.0373   1.892  3.997  0.040
  129 C  -0.0752 -0.1226   1.143  2.932  0.000
  130 C  -0.0088  0.0014   1.168  2.841  0.000
  131 S   0.0703  0.0356   1.892  3.999  0.039
  132 C  -0.0088  0.0013   1.166  2.842  0.000
  133 C  -0.0644 -0.1118   1.137  2.927  0.000
  134 C  -0.0224 -0.0237   1.169  2.853  0.000
  135 C   0.0056  0.0072   1.158  2.837  0.000
  136 C  -0.0472 -0.0338   1.168  2.879  0.000
  137 S   0.0981  0.0597   1.887  3.960  0.055
  138 C  -0.0494 -0.0450   1.191  2.859  0.000
  139 C  -0.0289 -0.1332   1.122  2.907  0.000
  140 C  -0.0965 -0.2477   1.099  2.998  0.000
  141 C   0.0003  0.0006   1.145  2.855  0.000
  142 CL -0.0475 -0.0491   1.901  5.141  0.005
  143 C   0.0088  0.0105   1.151  2.840  0.000
  144 CL -0.0438 -0.0430   1.902  5.137  0.006
  145 C  -0.0278 -0.0148   1.176  2.852  0.000
  146 C  -0.0353 -0.0377   1.174  2.861  0.000
  147 C  -0.0007  0.0001   1.158  2.843  0.000
  148 C  -0.0481 -0.0351   1.169  2.879  0.000
  149 S   0.0978  0.0590   1.887  3.960  0.055
  150 C  -0.0483 -0.0440   1.191  2.857  0.000
  151 C  -0.0261 -0.1306   1.121  2.905  0.000
  152 C  -0.0923 -0.2443   1.096  2.996  0.000
  153 C  -0.0019 -0.0017   1.146  2.856  0.000
  154 C   0.0066  0.0073   1.151  2.842  0.000
  155 CL -0.0407 -0.0417   1.902  5.134  0.005
  156 CL -0.0471 -0.0488   1.901  5.140  0.005
  157 C  -0.0198 -0.0067   1.176  2.843  0.000
  158 S   0.0684  0.0320   1.890  4.003  0.038
  159 C  -0.0719 -0.1242   1.135  2.937  0.000
  160 C  -0.0488 -0.0891   1.140  2.909  0.000
  161 S   0.0894  0.0511   1.883  3.982  0.045
  162 H   0.0593  0.1172   0.941  0.000  0.000
  163 H   0.0518  0.1115   0.948  0.000  0.000
  164 H   0.0446  0.1010   0.955  0.000  0.000
  165 H   0.0433  0.1005   0.957  0.000  0.000
  166 H   0.0296  0.0825   0.970  0.000  0.000
  167 H   0.0297  0.0827   0.970  0.000  0.000
  168 H   0.0356  0.0873   0.964  0.000  0.000
  169 H   0.0444  0.1010   0.956  0.000  0.000
  170 H   0.0433  0.1001   0.957  0.000  0.000
  171 H   0.0303  0.0839   0.970  0.000  0.000
  172 H   0.0300  0.0828   0.970  0.000  0.000
  173 H   0.0357  0.0874   0.964  0.000  0.000
  174 H   0.0539  0.1163   0.946  0.000  0.000
  175 H   0.0552  0.1181   0.945  0.000  0.000
  176 H   0.0438  0.1006   0.956  0.000  0.000
  177 H   0.0453  0.1016   0.955  0.000  0.000
  178 H   0.0314  0.0854   0.969  0.000  0.000
  179 H   0.0361  0.0879   0.964  0.000  0.000
  180 H   0.0310  0.0844   0.969  0.000  0.000
  181 H   0.0470  0.1060   0.953  0.000  0.000
  182 H   0.0416  0.0992   0.958  0.000  0.000
  183 H   0.0294  0.0822   0.971  0.000  0.000
  184 H   0.0359  0.0889   0.964  0.000  0.000
  185 H   0.0323  0.0883   0.968  0.000  0.000
  186 H   0.0549  0.1178   0.945  0.000  0.000
  187 H   0.0562  0.1213   0.944  0.000  0.000
  188 H   0.0430  0.1003   0.957  0.000  0.000
  189 H   0.0455  0.1011   0.955  0.000  0.000
  190 H   0.0313  0.0857   0.969  0.000  0.000
  191 H   0.0316  0.0862   0.968  0.000  0.000
  192 H   0.0379  0.0898   0.962  0.000  0.000
  193 H   0.0453  0.1014   0.955  0.000  0.000
  194 H   0.0445  0.1033   0.956  0.000  0.000
  195 H   0.0313  0.0862   0.969  0.000  0.000
  196 H   0.0373  0.0895   0.963  0.000  0.000
  197 H   0.0319  0.0883   0.968  0.000  0.000
  198 H   0.0545  0.1212   0.946  0.000  0.000
  199 H   0.0655  0.1242   0.935  0.000  0.000
  200 H   0.0471  0.1060   0.953  0.000  0.000
  201 H   0.0541  0.1120   0.946  0.000  0.000
  202 H   0.0533  0.1121   0.947  0.000  0.000
  203 H   0.0532  0.1179   0.947  0.000  0.000
  204 H   0.0426  0.1001   0.957  0.000  0.000
  205 H   0.0467  0.1038   0.953  0.000  0.000
  206 H   0.0290  0.0834   0.971  0.000  0.000
  207 H   0.0379  0.0912   0.962  0.000  0.000
  208 H   0.0324  0.0878   0.968  0.000  0.000
  209 H   0.0475  0.1041   0.953  0.000  0.000
  210 H   0.0434  0.1006   0.957  0.000  0.000
  211 H   0.0289  0.0819   0.971  0.000  0.000
  212 H   0.0356  0.0874   0.964  0.000  0.000
  213 H   0.0301  0.0843   0.970  0.000  0.000
  214 H   0.0569  0.1223   0.943  0.000  0.000
  215 H   0.0535  0.1149   0.947  0.000  0.000
  216 H   0.0433  0.0998   0.957  0.000  0.000
  217 H   0.0437  0.1035   0.956  0.000  0.000
  218 H   0.0350  0.0889   0.965  0.000  0.000
  219 H   0.0310  0.0868   0.969  0.000  0.000
  220 H   0.0313  0.0854   0.969  0.000  0.000
  221 H   0.0445  0.1006   0.956  0.000  0.000
  222 H   0.0441  0.1017   0.956  0.000  0.000
  223 H   0.0356  0.0874   0.964  0.000  0.000
  224 H   0.0324  0.0866   0.968  0.000  0.000
  225 H   0.0316  0.0852   0.968  0.000  0.000
  226 H   0.0520  0.1121   0.948  0.000  0.000
  227 H   0.0597  0.1175   0.940  0.000  0.000
 Hirshfeld charges for QMDFF written to <charges>
 
 Loewdin charges    n(s)   n(p)   n(d)
    1 C  -0.0193   1.081  2.938  0.000
    2 C  -0.0666   1.082  2.985  0.000
    3 C  -0.0291   1.132  2.897  0.000
    4 C   0.0003   1.118  2.882  0.000
    5 C  -0.0311   1.125  2.906  0.000
    6 S   0.0583   1.872  3.961  0.109
    7 C  -0.0277   1.146  2.882  0.000
    8 C  -0.0193   1.058  2.962  0.000
    9 C  -0.0897   1.025  3.065  0.000
   10 C   0.0129   1.107  2.881  0.000
   11 CL -0.0584   1.891  5.139  0.028
   12 C   0.0229   1.111  2.867  0.000
   13 CL -0.0515   1.892  5.132  0.028
   14 C  -0.0038   1.134  2.870  0.000
   15 C  -0.0274   1.129  2.898  0.000
   16 C  -0.0009   1.117  2.884  0.000
   17 C  -0.0293   1.126  2.904  0.000
   18 S   0.0660   1.872  3.953  0.109
   19 C  -0.0265   1.146  2.880  0.000
   20 C  -0.0179   1.058  2.960  0.000
   21 C  -0.0900   1.025  3.065  0.000
   22 C   0.0106   1.106  2.883  0.000
   23 C   0.0182   1.112  2.870  0.000
   24 CL -0.0536   1.892  5.134  0.028
   25 CL -0.0592   1.892  5.140  0.028
   26 C  -0.0027   1.129  2.874  0.000
   27 S   0.0489   1.869  3.982  0.101
   28 C  -0.0794   1.091  2.989  0.000
   29 C   0.0163   1.119  2.865  0.000
   30 S   0.0454   1.877  3.986  0.091
   31 C   0.0178   1.119  2.863  0.000
   32 C  -0.0828   1.091  2.991  0.000
   33 C  -0.0265   1.130  2.897  0.000
   34 C  -0.0034   1.118  2.886  0.000
   35 C  -0.0289   1.128  2.901  0.000
   36 S   0.0627   1.873  3.957  0.107
   37 C  -0.0265   1.148  2.878  0.000
   38 C  -0.0173   1.058  2.959  0.000
   39 C  -0.0936   1.024  3.070  0.000
   40 C   0.0104   1.107  2.883  0.000
   41 CL -0.0570   1.892  5.138  0.028
   42 C   0.0188   1.112  2.869  0.000
   43 CL -0.0454   1.891  5.126  0.028
   44 C   0.0010   1.133  2.867  0.000
   45 C  -0.0195   1.129  2.890  0.000
   46 C   0.0048   1.118  2.877  0.000
   47 C  -0.0314   1.126  2.905  0.000
   48 S   0.0604   1.873  3.959  0.107
   49 C  -0.0269   1.149  2.878  0.000
   50 C  -0.0244   1.059  2.966  0.000
   51 C  -0.0909   1.025  3.066  0.000
   52 C   0.0122   1.106  2.882  0.000
   53 C   0.0231   1.112  2.865  0.000
   54 CL -0.0510   1.892  5.131  0.028
   55 CL -0.0591   1.891  5.140  0.028
   56 C  -0.0033   1.134  2.870  0.000
   57 S   0.0512   1.877  3.980  0.092
   58 C  -0.0680   1.090  2.978  0.000
   59 C   0.0171   1.119  2.863  0.000
   60 S   0.0326   1.877  3.998  0.092
   61 C   0.0196   1.120  2.861  0.000
   62 C  -0.0765   1.092  2.984  0.000
   63 C  -0.0243   1.130  2.895  0.000
   64 C  -0.0010   1.117  2.884  0.000
   65 C  -0.0316   1.125  2.906  0.000
   66 S   0.0571   1.871  3.963  0.109
   67 C  -0.0275   1.149  2.878  0.000
   68 C  -0.0184   1.058  2.961  0.000
   69 C  -0.0885   1.021  3.067  0.000
   70 C   0.0103   1.105  2.885  0.000
   71 CL -0.0590   1.892  5.140  0.028
   72 C   0.0216   1.111  2.867  0.000
   73 CL -0.0489   1.892  5.129  0.028
   74 C  -0.0021   1.133  2.869  0.000
   75 C  -0.0232   1.128  2.895  0.000
   76 C  -0.0001   1.118  2.882  0.000
   77 C  -0.0324   1.127  2.906  0.000
   78 S   0.0617   1.872  3.959  0.108
   79 C  -0.0246   1.148  2.877  0.000
   80 C  -0.0227   1.058  2.964  0.000
   81 C  -0.0925   1.025  3.067  0.000
   82 C   0.0130   1.106  2.881  0.000
   83 C   0.0242   1.112  2.864  0.000
   84 CL -0.0492   1.892  5.129  0.028
   85 CL -0.0558   1.891  5.137  0.028
   86 C  -0.0057   1.135  2.871  0.000
   87 S   0.0380   1.878  3.992  0.091
   88 C  -0.0789   1.097  2.982  0.000
   89 C   0.0154   1.124  2.860  0.000
   90 S   0.0402   1.879  3.989  0.092
   91 C  -0.0014   1.134  2.868  0.000
   92 S   0.0802   1.870  3.948  0.102
   93 C  -0.0149   1.085  2.930  0.000
   94 C  -0.0692   1.178  2.891  0.000
   95 C  -0.0424   1.139  2.903  0.000
   96 C   0.0273   1.135  2.838  0.000
   97 C  -0.0653   1.133  2.932  0.000
   98 S   0.2470   1.825  3.395  0.534
   99 O  -0.2931   1.592  4.702  0.000
  100 C  -0.0244   1.089  2.935  0.000
  101 C  -0.0124   1.083  2.930  0.000
  102 C   0.0120   1.128  2.860  0.000
  103 C  -0.0766   1.095  2.982  0.000
  104 C  -0.0266   1.129  2.898  0.000
  105 C  -0.0026   1.118  2.885  0.000
  106 C  -0.0292   1.128  2.901  0.000
  107 S   0.0611   1.873  3.960  0.106
  108 C  -0.0270   1.150  2.877  0.000
  109 C  -0.0199   1.058  2.961  0.000
  110 C  -0.0954   1.026  3.069  0.000
  111 C   0.0116   1.107  2.881  0.000
  112 CL -0.0571   1.892  5.138  0.027
  113 C   0.0218   1.111  2.867  0.000
  114 CL -0.0479   1.892  5.128  0.028
  115 C  -0.0032   1.135  2.869  0.000
  116 C  -0.0254   1.130  2.896  0.000
  117 C   0.0027   1.118  2.879  0.000
  118 C  -0.0281   1.129  2.899  0.000
  119 S   0.0603   1.875  3.961  0.104
  120 C  -0.0228   1.150  2.873  0.000
  121 C  -0.0177   1.057  2.960  0.000
  122 C  -0.0911   1.026  3.065  0.000
  123 C   0.0133   1.107  2.880  0.000
  124 C   0.0240   1.111  2.865  0.000
  125 CL -0.0475   1.892  5.128  0.028
  126 CL -0.0579   1.892  5.139  0.027
  127 C  -0.0041   1.137  2.867  0.000
  128 S   0.0349   1.879  3.995  0.091
  129 C  -0.0761   1.093  2.983  0.000
  130 C   0.0152   1.122  2.863  0.000
  131 S   0.0331   1.879  3.997  0.091
  132 C   0.0157   1.120  2.864  0.000
  133 C  -0.0652   1.087  2.978  0.000
  134 C  -0.0202   1.128  2.892  0.000
  135 C   0.0038   1.117  2.879  0.000
  136 C  -0.0308   1.126  2.905  0.000
  137 S   0.0616   1.873  3.956  0.109
  138 C  -0.0300   1.148  2.882  0.000
  139 C  -0.0223   1.060  2.962  0.000
  140 C  -0.0992   1.026  3.073  0.000
  141 C   0.0130   1.105  2.882  0.000
  142 CL -0.0573   1.891  5.138  0.028
  143 C   0.0219   1.111  2.867  0.000
  144 CL -0.0536   1.892  5.134  0.028
  145 C  -0.0069   1.132  2.875  0.000
  146 C  -0.0333   1.133  2.900  0.000
  147 C  -0.0021   1.118  2.885  0.000
  148 C  -0.0316   1.127  2.905  0.000
  149 S   0.0614   1.874  3.956  0.109
  150 C  -0.0291   1.149  2.880  0.000
  151 C  -0.0192   1.059  2.960  0.000
  152 C  -0.0950   1.024  3.071  0.000
  153 C   0.0109   1.106  2.883  0.000
  154 C   0.0199   1.111  2.869  0.000
  155 CL -0.0508   1.892  5.131  0.028
  156 CL -0.0568   1.892  5.138  0.028
  157 C   0.0009   1.132  2.867  0.000
  158 S   0.0307   1.877  4.001  0.091
  159 C  -0.0694   1.084  2.986  0.000
  160 C  -0.0181   1.082  2.936  0.000
  161 S   0.0521   1.869  3.979  0.100
  162 H   0.0489   0.951  0.000  0.000
  163 H   0.0441   0.956  0.000  0.000
  164 H   0.0401   0.960  0.000  0.000
  165 H   0.0389   0.961  0.000  0.000
  166 H   0.0293   0.971  0.000  0.000
  167 H   0.0295   0.971  0.000  0.000
  168 H   0.0352   0.965  0.000  0.000
  169 H   0.0399   0.960  0.000  0.000
  170 H   0.0390   0.961  0.000  0.000
  171 H   0.0301   0.970  0.000  0.000
  172 H   0.0297   0.970  0.000  0.000
  173 H   0.0352   0.965  0.000  0.000
  174 H   0.0463   0.954  0.000  0.000
  175 H   0.0476   0.952  0.000  0.000
  176 H   0.0394   0.961  0.000  0.000
  177 H   0.0406   0.959  0.000  0.000
  178 H   0.0312   0.969  0.000  0.000
  179 H   0.0357   0.964  0.000  0.000
  180 H   0.0315   0.969  0.000  0.000
  181 H   0.0425   0.957  0.000  0.000
  182 H   0.0375   0.962  0.000  0.000
  183 H   0.0290   0.971  0.000  0.000
  184 H   0.0356   0.964  0.000  0.000
  185 H   0.0320   0.968  0.000  0.000
  186 H   0.0469   0.953  0.000  0.000
  187 H   0.0490   0.951  0.000  0.000
  188 H   0.0387   0.961  0.000  0.000
  189 H   0.0408   0.959  0.000  0.000
  190 H   0.0313   0.969  0.000  0.000
  191 H   0.0316   0.968  0.000  0.000
  192 H   0.0373   0.963  0.000  0.000
  193 H   0.0412   0.959  0.000  0.000
  194 H   0.0408   0.959  0.000  0.000
  195 H   0.0311   0.969  0.000  0.000
  196 H   0.0373   0.963  0.000  0.000
  197 H   0.0321   0.968  0.000  0.000
  198 H   0.0475   0.952  0.000  0.000
  199 H   0.0538   0.946  0.000  0.000
  200 H   0.0380   0.962  0.000  0.000
  201 H   0.0458   0.954  0.000  0.000
  202 H   0.0450   0.955  0.000  0.000
  203 H   0.0462   0.954  0.000  0.000
  204 H   0.0387   0.961  0.000  0.000
  205 H   0.0420   0.958  0.000  0.000
  206 H   0.0293   0.971  0.000  0.000
  207 H   0.0380   0.962  0.000  0.000
  208 H   0.0328   0.967  0.000  0.000
  209 H   0.0426   0.957  0.000  0.000
  210 H   0.0391   0.961  0.000  0.000
  211 H   0.0292   0.971  0.000  0.000
  212 H   0.0352   0.965  0.000  0.000
  213 H   0.0300   0.970  0.000  0.000
  214 H   0.0494   0.951  0.000  0.000
  215 H   0.0452   0.955  0.000  0.000
  216 H   0.0389   0.961  0.000  0.000
  217 H   0.0396   0.960  0.000  0.000
  218 H   0.0350   0.965  0.000  0.000
  219 H   0.0310   0.969  0.000  0.000
  220 H   0.0311   0.969  0.000  0.000
  221 H   0.0399   0.960  0.000  0.000
  222 H   0.0400   0.960  0.000  0.000
  223 H   0.0353   0.965  0.000  0.000
  224 H   0.0321   0.968  0.000  0.000
  225 H   0.0321   0.968  0.000  0.000
  226 H   0.0442   0.956  0.000  0.000
  227 H   0.0492   0.951  0.000  0.000
 
 Wiberg/Mayer (AO) data. WBOs > 0.1 written file <wbo>
 largest (>0.05) Wiberg bond orders for each atom
           total WBO             WBO to atom ...
     1  C   3.938    C    2 1.711    S   27 1.132    H  162 0.950
     2  C   3.958    C    1 1.711    C    3 1.161    H  163 0.935    S   27 0.086
     3  C   3.936    C    4 1.271    C   26 1.244    C    2 1.161    C   15 0.053
     4  C   3.941    C   14 1.358    C    3 1.271    C    5 1.023    C   16 0.088
     5  C   3.932    C   12 1.535    S    6 1.104    C    4 1.023    C    7 0.105    CL  13 0.056
     6  S   2.551    C    7 1.126    C    5 1.104    C   12 0.073    C   10 0.073
     7  C   3.920    C   10 1.560    S    6 1.126    C    8 0.997    C    5 0.105    CL  11 0.054
     8  C   3.968    C    7 0.997    C    9 0.985    H  164 0.964    H  165 0.962
     9  C   3.981    C    8 0.985    H  166 0.984    H  167 0.984    H  168 0.978
    10  C   3.929    C    7 1.560    C   12 1.179    CL  11 1.005    S    6 0.073
    11  CL  1.169    C   10 1.005    C    7 0.054
    12  C   3.917    C    5 1.535    C   10 1.179    CL  13 1.010    S    6 0.073
    13  CL  1.172    C   12 1.010    C    5 0.056
    14  C   3.933    C    4 1.358    C   15 1.231    S   30 1.079    C   26 0.054
    15  C   3.948    C   16 1.262    C   14 1.231    C   28 1.195    C    3 0.053
    16  C   3.918    C   26 1.354    C   15 1.262    C   17 1.027    C    4 0.088
    17  C   3.932    C   23 1.527    S   18 1.108    C   16 1.027    C   19 0.105    CL  24 0.055
    18  S   2.553    C   19 1.130    C   17 1.108    C   23 0.074    C   22 0.072
    19  C   3.919    C   22 1.555    S   18 1.130    C   20 0.997    C   17 0.105    CL  25 0.054
    20  C   3.968    C   19 0.997    C   21 0.985    H  169 0.966    H  170 0.961
    21  C   3.982    C   20 0.985    H  172 0.984    H  171 0.983    H  173 0.978
    22  C   3.929    C   19 1.555    C   23 1.185    CL  25 1.004    S   18 0.072
    23  C   3.925    C   17 1.527    C   22 1.185    CL  24 1.006    S   18 0.074
    24  CL  1.171    C   23 1.006    C   17 0.055
    25  CL  1.167    C   22 1.004    C   19 0.054
    26  C   3.940    C   16 1.354    C    3 1.244    S   27 1.083    C   14 0.054
    27  S   2.483    C    1 1.132    C   26 1.083    C    2 0.086
    28  C   3.933    C   29 1.564    C   15 1.195    H  174 0.934    S   30 0.073    C   32 0.059
    29  C   3.929    C   28 1.564    C   31 1.113    S   30 1.070
    30  S   2.438    C   14 1.079    C   29 1.070    C   28 0.073
    31  C   3.923    C   32 1.558    C   29 1.113    S   57 1.070
    32  C   3.934    C   31 1.558    C   33 1.203    H  175 0.932    S   57 0.072    C   28 0.059
    33  C   3.937    C   34 1.249    C   56 1.227    C   32 1.203
    34  C   3.924    C   44 1.356    C   33 1.249    C   35 1.039    C   46 0.082
    35  C   3.930    C   42 1.524    S   36 1.098    C   34 1.039    C   37 0.104    CL  43 0.055
    36  S   2.544    C   37 1.127    C   35 1.098    C   42 0.072    C   40 0.071
    37  C   3.917    C   40 1.558    S   36 1.127    C   38 0.995    C   35 0.104    CL  41 0.054
    38  C   3.972    C   37 0.995    C   39 0.987    H  176 0.967    H  177 0.959
    39  C   3.981    C   38 0.987    H  178 0.982    H  180 0.981    H  179 0.978
    40  C   3.928    C   37 1.558    C   42 1.184    CL  41 1.004    S   36 0.071
    41  CL  1.170    C   40 1.004    C   37 0.054
    42  C   3.915    C   35 1.524    C   40 1.184    CL  43 1.006    S   36 0.072
    43  CL  1.191    C   42 1.006    C   35 0.055
    44  C   3.930    C   34 1.356    C   45 1.234    S   60 1.077    C   56 0.052
    45  C   3.935    C   46 1.252    C   44 1.234    C   58 1.194
    46  C   3.914    C   56 1.362    C   45 1.252    C   47 1.029    C   34 0.082
    47  C   3.931    C   53 1.533    S   48 1.099    C   46 1.029    C   49 0.104    CL  54 0.056
    48  S   2.546    C   49 1.120    C   47 1.099    C   53 0.073    C   52 0.071
    49  C   3.918    C   52 1.565    S   48 1.120    C   50 0.996    C   47 0.104    CL  55 0.054
    50  C   3.967    C   49 0.996    C   51 0.990    H  182 0.961    H  181 0.954
    51  C   3.981    C   50 0.990    H  183 0.984    H  185 0.981    H  184 0.977
    52  C   3.928    C   49 1.565    C   53 1.176    CL  55 1.004    S   48 0.071
    53  C   3.921    C   47 1.533    C   52 1.176    CL  54 1.010    S   48 0.073
    54  CL  1.174    C   53 1.010    C   47 0.056
    55  CL  1.168    C   52 1.004    C   49 0.054
    56  C   3.932    C   46 1.362    C   33 1.227    S   57 1.079    C   44 0.052
    57  S   2.446    C   56 1.079    C   31 1.070    C   32 0.072
    58  C   3.930    C   59 1.572    C   45 1.194    H  186 0.931    S   60 0.071    C   62 0.070
    59  C   3.920    C   58 1.572    C   61 1.114    S   60 1.057
    60  S   2.429    C   44 1.077    C   59 1.057    C   58 0.071
    61  C   3.922    C   62 1.567    C   59 1.114    S   87 1.060
    62  C   3.930    C   61 1.567    C   63 1.194    H  187 0.929    S   87 0.071    C   58 0.070
    63  C   3.937    C   64 1.252    C   86 1.234    C   62 1.194
    64  C   3.923    C   74 1.359    C   63 1.252    C   65 1.034    C   76 0.082
    65  C   3.932    C   72 1.529    S   66 1.099    C   64 1.034    C   67 0.105    CL  73 0.055
    66  S   2.544    C   67 1.122    C   65 1.099    C   72 0.074    C   70 0.070
    67  C   3.918    C   70 1.564    S   66 1.122    C   68 0.992    C   65 0.105    CL  71 0.054
    68  C   3.968    C   69 0.997    C   67 0.992    H  188 0.960    H  189 0.955
    69  C   3.982    C   68 0.997    H  190 0.983    H  191 0.981    H  192 0.979
    70  C   3.928    C   67 1.564    C   72 1.179    CL  71 1.003    S   66 0.070
    71  CL  1.167    C   70 1.003    C   67 0.054
    72  C   3.924    C   65 1.529    C   70 1.179    CL  73 1.009    S   66 0.074
    73  CL  1.176    C   72 1.009    C   65 0.055
    74  C   3.930    C   64 1.359    C   75 1.233    S   90 1.075    C   86 0.052
    75  C   3.935    C   76 1.249    C   74 1.233    C   88 1.200
    76  C   3.925    C   86 1.356    C   75 1.249    C   77 1.039    C   64 0.082
    77  C   3.931    C   83 1.527    S   78 1.096    C   76 1.039    C   79 0.103    CL  84 0.055
    78  S   2.551    C   79 1.119    C   77 1.096    C   83 0.072    C   82 0.070
    79  C   3.917    C   82 1.564    S   78 1.119    C   80 0.995    C   77 0.103    CL  85 0.054
    80  C   3.968    C   79 0.995    C   81 0.992    H  194 0.959    H  193 0.956
    81  C   3.981    C   80 0.992    H  195 0.981    H  197 0.980    H  196 0.977
    82  C   3.928    C   79 1.564    C   83 1.177    CL  85 1.003    S   78 0.070
    83  C   3.920    C   77 1.527    C   82 1.177    CL  84 1.011    S   78 0.072
    84  CL  1.176    C   83 1.011    C   77 0.055
    85  CL  1.174    C   82 1.003    C   79 0.054
    86  C   3.932    C   76 1.356    C   63 1.234    S   87 1.077    C   74 0.052
    87  S   2.433    C   86 1.077    C   61 1.060    C   62 0.071
    88  C   3.932    C   89 1.565    C   75 1.200    H  198 0.924    S   90 0.072    C   95 0.056
    89  C   3.914    C   88 1.565    C   91 1.104    S   90 1.065
    90  S   2.434    C   74 1.075    C   89 1.065    C   88 0.072
    91  C   3.936    C   95 1.470    C   89 1.104    S   92 1.089    C   93 0.080    C   97 0.073
    92  S   2.554    C   93 1.155    C   91 1.089    C   94 0.078    C   95 0.064
    93  C   3.944    C   94 1.655    S   92 1.155    H  199 0.948    C   91 0.080
    94  C   3.921    C   93 1.655    C   95 1.152    S   98 0.853    O   99 0.097    S   92 0.078
    95  C   3.928    C   91 1.470    C   94 1.152    C   96 1.031    S   92 0.064    C   88 0.056
    96  C   3.950    C   97 1.770    C   95 1.031    C  100 0.999
    97  C   3.908    C   96 1.770    H  200 0.944    S   98 0.901    O   99 0.093    C   91 0.073
    98  S   3.729    O   99 1.804    C   97 0.901    C   94 0.853
    99  O   2.080    S   98 1.804    C   94 0.097    C   97 0.093
   100  C   3.932    C  101 1.789    C   96 0.999    H  201 0.932    C  103 0.096
   101  C   3.963    C  100 1.789    C  102 1.115    H  202 0.930
   102  C   3.919    C  103 1.567    C  101 1.115    S  128 1.059
   103  C   3.950    C  102 1.567    C  104 1.198    H  203 0.929    C  100 0.096    S  128 0.072
   104  C   3.935    C  105 1.244    C  127 1.240    C  103 1.198
   105  C   3.924    C  115 1.355    C  104 1.244    C  106 1.048    C  117 0.080
   106  C   3.931    C  113 1.520    S  107 1.096    C  105 1.048    C  108 0.101    CL 114 0.055
   107  S   2.542    C  108 1.119    C  106 1.096    C  113 0.072    C  111 0.071
   108  C   3.914    C  111 1.560    S  107 1.119    C  109 0.997    C  106 0.101    CL 112 0.054
   109  C   3.967    C  108 0.997    C  110 0.987    H  204 0.961    H  205 0.960
   110  C   3.980    C  109 0.987    H  206 0.982    H  208 0.980    H  207 0.975
   111  C   3.927    C  108 1.560    C  113 1.182    CL 112 1.002    S  107 0.071
   112  CL  1.171    C  111 1.002    C  108 0.054
   113  C   3.922    C  106 1.520    C  111 1.182    CL 114 1.010    S  107 0.072
   114  CL  1.176    C  113 1.010    C  106 0.055
   115  C   3.932    C  105 1.355    C  116 1.236    S  131 1.075    C  127 0.052
   116  C   3.936    C  117 1.246    C  115 1.236    C  129 1.196
   117  C   3.923    C  127 1.349    C  116 1.246    C  118 1.052    C  105 0.080
   118  C   3.930    C  124 1.520    S  119 1.092    C  117 1.052    C  120 0.100    CL 125 0.055
   119  S   2.538    C  120 1.117    C  118 1.092    C  124 0.071    C  123 0.070
   120  C   3.913    C  123 1.560    S  119 1.117    C  121 0.998    C  118 0.100    CL 126 0.054
   121  C   3.968    C  120 0.998    C  122 0.986    H  209 0.962    H  210 0.962
   122  C   3.980    C  121 0.986    H  211 0.983    H  213 0.982    H  212 0.978
   123  C   3.928    C  120 1.560    C  124 1.180    CL 126 1.003    S  119 0.070
   124  C   3.922    C  118 1.520    C  123 1.180    CL 125 1.009    S  119 0.071
   125  CL  1.178    C  124 1.009    C  118 0.055
   126  CL  1.168    C  123 1.003    C  120 0.054
   127  C   3.934    C  117 1.349    C  104 1.240    S  128 1.073    C  115 0.052
   128  S   2.438    C  127 1.073    C  102 1.059    C  103 0.072
   129  C   3.931    C  130 1.568    C  116 1.196    H  214 0.927    C  133 0.073    S  131 0.070
   130  C   3.920    C  129 1.568    C  132 1.117    S  131 1.055
   131  S   2.432    C  115 1.075    C  130 1.055    C  129 0.070
   132  C   3.926    C  133 1.575    C  130 1.117    S  158 1.055
   133  C   3.931    C  132 1.575    C  134 1.188    H  215 0.935    C  129 0.073    S  158 0.071
   134  C   3.946    C  135 1.271    C  157 1.231    C  133 1.188    C  146 0.053
   135  C   3.922    C  145 1.348    C  134 1.271    C  136 1.020    C  147 0.088
   136  C   3.931    C  143 1.535    S  137 1.104    C  135 1.020    C  138 0.106    CL 144 0.056
   137  S   2.553    C  138 1.126    C  136 1.104    C  143 0.073    C  141 0.072
   138  C   3.918    C  141 1.559    S  137 1.126    C  139 0.996    C  136 0.106    CL 142 0.055
   139  C   3.967    C  138 0.996    C  140 0.986    H  217 0.962    H  216 0.959
   140  C   3.981    C  139 0.986    H  220 0.983    H  219 0.979    H  218 0.975
   141  C   3.929    C  138 1.559    C  143 1.181    CL 142 1.005    S  137 0.072
   142  CL  1.171    C  141 1.005    C  138 0.055
   143  C   3.923    C  136 1.535    C  141 1.181    CL 144 1.010    S  137 0.073
   144  CL  1.171    C  143 1.010    C  136 0.056
   145  C   3.940    C  135 1.348    C  146 1.248    S  161 1.083    C  157 0.055
   146  C   3.936    C  147 1.262    C  145 1.248    C  159 1.161    C  134 0.053
   147  C   3.943    C  157 1.359    C  146 1.262    C  148 1.031    C  135 0.088
   148  C   3.932    C  154 1.529    S  149 1.101    C  147 1.031    C  150 0.105    CL 155 0.055
   149  S   2.550    C  150 1.126    C  148 1.101    C  154 0.073    C  153 0.071
   150  C   3.919    C  153 1.559    S  149 1.126    C  151 0.994    C  148 0.105    CL 156 0.055
   151  C   3.967    C  150 0.994    C  152 0.988    H  222 0.965    H  221 0.958
   152  C   3.981    C  151 0.988    H  224 0.982    H  225 0.981    H  223 0.978
   153  C   3.929    C  150 1.559    C  154 1.183    CL 156 1.004    S  149 0.071
   154  C   3.927    C  148 1.529    C  153 1.183    CL 155 1.008    S  149 0.073
   155  CL  1.173    C  154 1.008    C  148 0.055
   156  CL  1.171    C  153 1.004    C  150 0.055
   157  C   3.932    C  147 1.359    C  134 1.231    S  158 1.076    C  145 0.055
   158  S   2.427    C  157 1.076    C  132 1.055    C  133 0.071
   159  C   3.958    C  160 1.704    C  146 1.161    H  226 0.936    S  161 0.087
   160  C   3.939    C  159 1.704    S  161 1.134    H  227 0.950
   161  S   2.485    C  160 1.134    C  145 1.083    C  159 0.087
   162  H   0.994    C    1 0.950
   163  H   0.995    C    2 0.935
   164  H   0.997    C    8 0.964
   165  H   0.997    C    8 0.962
   166  H   0.999    C    9 0.984
   167  H   0.999    C    9 0.984
   168  H   0.996    C    9 0.978
   169  H   0.997    C   20 0.966
   170  H   0.997    C   20 0.961
   171  H   0.999    C   21 0.983
   172  H   0.999    C   21 0.984
   173  H   0.996    C   21 0.978
   174  H   0.995    C   28 0.934
   175  H   0.995    C   32 0.932
   176  H   0.997    C   38 0.967
   177  H   0.997    C   38 0.959
   178  H   0.999    C   39 0.982
   179  H   0.996    C   39 0.978
   180  H   0.999    C   39 0.981
   181  H   0.997    C   50 0.954
   182  H   0.997    C   50 0.961
   183  H   0.999    C   51 0.984
   184  H   0.997    C   51 0.977
   185  H   0.999    C   51 0.981
   186  H   0.994    C   58 0.931
   187  H   0.994    C   62 0.929
   188  H   0.997    C   68 0.960
   189  H   0.996    C   68 0.955
   190  H   0.999    C   69 0.983
   191  H   0.999    C   69 0.981
   192  H   0.997    C   69 0.979
   193  H   0.996    C   80 0.956
   194  H   0.997    C   80 0.959
   195  H   0.999    C   81 0.981
   196  H   0.996    C   81 0.977
   197  H   0.999    C   81 0.980
   198  H   0.995    C   88 0.924
   199  H   0.993    C   93 0.948
   200  H   0.994    C   97 0.944
   201  H   0.992    C  100 0.932
   202  H   0.991    C  101 0.930
   203  H   0.995    C  103 0.929
   204  H   0.997    C  109 0.961
   205  H   0.996    C  109 0.960
   206  H   0.999    C  110 0.982
   207  H   0.996    C  110 0.975
   208  H   0.999    C  110 0.980
   209  H   0.996    C  121 0.962
   210  H   0.997    C  121 0.962
   211  H   0.999    C  122 0.983
   212  H   0.996    C  122 0.978
   213  H   0.999    C  122 0.982
   214  H   0.994    C  129 0.927
   215  H   0.995    C  133 0.935
   216  H   0.997    C  139 0.959
   217  H   0.997    C  139 0.962
   218  H   0.997    C  140 0.975
   219  H   0.999    C  140 0.979
   220  H   0.999    C  140 0.983
   221  H   0.997    C  151 0.958
   222  H   0.997    C  151 0.965
   223  H   0.997    C  152 0.978
   224  H   0.999    C  152 0.982
   225  H   0.999    C  152 0.981
   226  H   0.995    C  159 0.936
   227  H   0.994    C  160 0.950
 
 --------------------------------------------
          xTB calculation for sTDA...
 --------------------------------------------
 
 reading parameter file /ihome/ghutchison/blp62/xtb4stda/.param_stda2.xtb
 
      method parameters     
 k(s)        :  1.6000
 k(p)        :  2.1800
 k(d)        :  1.9500
 k(f)        :  2.0000
 k(R-V)      :  2.2750
 k(R-R)      :  1.7650
 Tscal       :  0.2580
 Gscal       :  1.0000
 fpol        :  1.0000
 Zcnf        :  0.3430
 Zqf         :  0.0000
 kcn         :  2.7000
 Ryd Hsplit  :  0.7000
 lshift(virt):  3.1000
 lshift(OS)  :  0.2000
 wllscaling  :  2.6000
 
 mowrcut     : 3.000
 
  Z AO/shell   Hii/eV     exponent
  1     Sun Feb 14 09:53:25 CET 2016    EN: 2.327 GAM: 0.473  GM3: 0.0000
     1s    -14.339618    1.220000
     2sp    -3.348946    0.600000
  6     Sun Feb 14 09:53:25 CET 2016    EN: 2.731 GAM: 0.422  GM3: 0.0000
     2s    -22.009312    1.565095
     2p    -13.020408    1.596905
     3sp    -3.914040    0.824500
  8     Sun Feb 14 09:53:25 CET 2016    EN: 3.700 GAM: 0.587  GM3: 0.0000
     2s    -33.859000    2.418661
     2p    -22.175911    1.973969
     3sp    -4.259392    1.013700
 16     Sun Feb 21 16:35:57 CET 2016    EN: 1.915 GAM: 0.200  GM3: 0.0000
     3s    -17.898811    2.619580
     3p    -15.317401    1.798798
     4sp    -4.455139    0.843200
 17     Sun Feb 21 16:32:04 CET 2016    EN: 2.375 GAM: 0.300  GM3: 0.0000
     3s    -29.486180    2.293696
     3p    -18.696427    2.332982
     4sp    -5.680125    0.918900
 
 Nbf   :         1618
 T(el) :     0.0
 calculating S/T integrals ...
 cpu time for ints    3.43081900000000     
 Nao   :         1618
 making H0...
 making H1...
 cpu time for H      7.560499999999948E-002
 solving ...
 cpu time for diag    1.40196600000000     
 
 gap (eV)           :   5.534
 Koopmans IP (eV)   :  13.602
 Eel (Eh)           :  -681.353727

          eigenvalues
 #    :         396        397        398        399        400        401        402        403
 occ. :        2.000      2.000      2.000      2.000      2.000      2.000      2.000      2.000
 eps  :       -15.052    -14.942    -14.859    -14.850    -14.775    -14.533    -14.501    -14.311
 #    :         404        405        406        407        408        409        410        411
 occ. :        2.000      2.000      2.000      2.000      2.000      0.000      0.000      0.000
 eps  :       -14.021    -13.905    -13.840    -13.652    -13.603     -8.069     -7.928     -7.613
 #    :         412        413        414        415        416        417        418        419
 occ. :        0.000      0.000      0.000      0.000      0.000      0.000      0.000      0.000
 eps  :        -7.241     -7.069     -6.859     -6.646     -6.597     -6.486     -6.425     -6.383
                            1  SCC done.
 writing mo output ...
 molden style : F
 
speedup  2.57
cpu  time for all   11.58 s
wall time for all    4.51 s
