 
        ______________________________________
       |                                      |
       |          ===================         |
       |             xTB for sTDA             |
       |          ===================         |
       |               S. Grimme              |
       |        Universitaet Bonn, MCTC       |
       |         2015-19, Version 1.0         |
       |     Wed Apr  3 09:14:55 CEST 2019    |
       |______________________________________|
 
        This code comes without any warranty
        for non-commercial, academia use only.
        Preliminary test version.
        Cite this work as:
        S. Grimme  &  C. Bannwarth, JCP 145 (2016) 054103
        if GBSA is used additionally:
        P. Shushkov, F. März, C. Bannwarth, S. Grimme, unpublished.
 
        with help from
        P. Shushkov, G. Brandenburg, S. Dohm, J. Pisarek,
        F. März, M. Checinski, S. Ehrlich, S. Spicher, 
        P. Pracht, E. Caldeweyher, S. Ehlert, and C. Bannwarth.
 
        usage        :
        xtb4stda <coord_file> [options]
        where <coord_file> is a valid file of TM)
        (*coord, Bohr) or xmol (*xyz, Angstroem)
        format.

        options:
        -chrg <int>   : molecular charge
        -uhf  <int>   : # of unpaired electrons(=2*S)
        -nox          : skip second, extended part in sTDA-xTB
        -pop          : do population analysis
                      : (default for -nox)
        -mowr <real>  : cut MO write above (def.3 Eh)
        -molden       : write formatted molden file
        -parx <file>  : read parameters for sTDA-xTB
                        calc (def:~/.param_stda2.xtb)
        -parv <file>  : read parameters for vTB part in
                        sTDA-xTB (def: ~/.param_stda1.xtb)
        -xtemp <real> : el. temp for xTB (def. 0 K)
        -etemp <real> : el. temp for GFN (def. 300 K)
        -fod          : calculate the FOD and write
                        molden.input file with
                        appropriate occupations
                        for plotting. Def. T=12500 K
 
        -acc <real>   : xTB accuracy (def. 1.0)
        -gbsa [string1] [string2]
                        use GBSA implicit solvent
                        for solvent [string1] and
                        solvation state [string2]=
                        reference, bar1M (default=1M)
        additional GFN/opt/MD/siman options read from
        $XTB4STDAHOME/.xtb4stdarc or $set in input
 
       spin and charge state information can be on:
       <.CHRG> (charge) and <.UHF> (=nalpha-nbeta)
       -uhf and -chrg override the file info.
       useful machine settings:
       setenv MKL_NUM_THREADS <NCORE_ON_YOUR_MACHINE>
       setenv OMP_STACKSIZE 500m
       limit stacksize unlimited
 
       total energies in Eh, gaps/HL energies in eV
       please read REVISION and HOWTO files carefully
 =============================
  # OMP threads =           8
 =============================
 
 xtb4stdahome directory:/ihome/ghutchison/blp62/xtb4stda/
 
 
 name of molecule           :
 comment line               :
 number of atoms            :   258
 number of electrons        :   806
 charge                     :  0
 spin                       : 0.0
 first test random number   :  0.5407
 
 -----------------------------------------
      charge density (VTB) calculation
 -----------------------------------------
 
      method parameters     
 k(s)        :  1.8000
 k(p)        :  2.8350
 k(d)        :  2.0860
 k(f)        :  2.0000
 Tscal       :  0.3300
 Gscal       :  0.3910
 fpol        :  1.0000
 Zcnf        :  0.6500
 Zqf         :  0.0000
 kcn         :  0.3000
 kEN1        : -0.5900
 wllscal     :  2.6000
 
     -------------------------
     ! NO SOLVENT MODEL USED !
     -------------------------
 
 doing EN charges ...
 sum q : -0.3219647D-14
 point charge moment (au)
     X       Y       Z   
   0.9693   0.7249  -0.5948  total (Debye):    3.428
 
            Z      q(EN)   CN      Cart. coordinates
     1  C   4.0  -0.164   3.146     2.34761     4.11639    19.76408
     2  C   4.0  -0.088   3.321     0.24472     5.44770    19.22173
     3  C   4.0  -0.020   3.452    -0.90442     4.70315    16.89736
     4  C   4.0  -0.004   3.298    -3.09405     5.67447    15.75975
     5  C   4.0  -0.006   3.242    -4.46221     7.83367    16.83821
     6  C   4.0  -0.072   3.188    -3.19647    10.05863    17.46107
     7  C   4.0  -0.085   3.260    -4.50284    12.10936    18.39440
     8  C   4.0  -0.083   3.166    -7.10726    12.01866    18.77348
     9  S   6.0   0.188   2.310    -8.57331    14.73892    20.04678
    10  C   4.0  -0.238   3.999   -11.52960    14.99384    18.26552
    11  C   4.0  -0.249   4.069   -11.07190    15.15919    15.44379
    12  C   4.0   0.014   3.228    -8.33445     9.76365    18.20373
    13  F   7.0  -0.028   1.077   -10.83966     9.49909    18.61248
    14  C   4.0  -0.075   3.232    -7.05926     7.71292    17.21918
    15  C   4.0  -0.087   3.306    -3.88150     4.51985    13.53970
    16  C   4.0  -0.019   3.456    -2.52373     2.52146    12.39396
    17  C   4.0  -0.005   3.306    -0.28648     1.61061    13.47942
    18  C   4.0  -0.006   3.243     1.17843    -0.38078    12.21103
    19  C   4.0  -0.072   3.191     2.09155    -0.00983     9.76724
    20  C   4.0  -0.086   3.268     3.40321    -1.89521     8.53929
    21  C   4.0  -0.083   3.167     3.84370    -4.22883     9.68598
    22  S   6.0   0.193   2.334     5.63686    -6.44340     7.93458
    23  C   4.0  -0.239   4.000     4.29402    -9.52384     8.75434
    24  C   4.0  -0.251   4.071     1.50838    -9.69807     8.11883
    25  C   4.0   0.013   3.227     2.95062    -4.55424    12.13941
    26  C   4.0  -0.074   3.224     1.64274    -2.67623    13.39457
    27  F   7.0  -0.029   1.079     3.31704    -6.74859    13.39287
    28  C   4.0  -0.090   3.309     0.44144     2.69569    15.74614
    29  S   6.0   0.218   2.498     3.09443     1.86365    17.51322
    30  C   4.0  -0.088   3.369    -3.71331     1.64973    10.16143
    31  C   4.0  -0.092   3.259    -5.86306     2.93833     9.56466
    32  S   6.0   0.214   2.588    -6.53373     5.33035    11.74597
    33  C   4.0  -0.091   3.260    -7.34348     2.48499     7.34536
    34  C   4.0  -0.088   3.366    -7.31607     0.29480     5.98420
    35  C   4.0  -0.019   3.453    -8.57614     0.47942     3.63205
    36  C   4.0  -0.006   3.313    -8.68594    -1.34719     1.71587
    37  C   4.0  -0.006   3.247    -7.33138    -3.75942     1.93300
    38  C   4.0  -0.073   3.196    -4.76003    -3.77416     2.51523
    39  C   4.0  -0.087   3.272    -3.44837    -6.01443     2.66999
    40  C   4.0  -0.083   3.162    -4.63191    -8.33483     2.24802
    41  S   6.0   0.190   2.338    -2.68927   -11.03543     2.45891
    42  C   4.0  -0.237   4.000    -4.84261   -13.65044     3.20668
    43  C   4.0  -0.251   4.087    -3.30986   -15.80756     4.30480
    44  C   4.0   0.014   3.223    -7.18247    -8.28513     1.61061
    45  F   7.0  -0.028   1.076    -8.46030   -10.43979     1.10152
    46  C   4.0  -0.075   3.228    -8.52380    -6.04958     1.46340
    47  C   4.0  -0.090   3.313    -9.90330    -0.65007    -0.49076
    48  C   4.0  -0.018   3.440   -10.89314     1.80318    -0.91916
    49  C   4.0  -0.005   3.303   -10.79903     3.61977     1.01403
    50  C   4.0  -0.006   3.244   -11.73199     6.20869     0.65555
    51  C   4.0  -0.074   3.200   -13.43123     7.27015     2.36537
    52  C   4.0  -0.086   3.266   -14.31467     9.69448     2.02333
    53  C   4.0  -0.084   3.163   -13.51608    11.17452    -0.00699
    54  S   6.0   0.188   2.328   -14.74648    14.26630    -0.19294
    55  C   4.0  -0.237   4.000   -14.72852    15.00046    -3.58764
    56  C   4.0  -0.251   4.085   -16.63734    17.07689    -4.08804
    57  C   4.0   0.014   3.225   -11.75523    10.11721    -1.65143
    58  C   4.0  -0.073   3.219   -10.89257     7.67267    -1.35852
    59  F   7.0  -0.028   1.077   -10.79865    11.46572    -3.59766
    60  C   4.0  -0.088   3.310    -9.66803     2.89336     3.26526
    61  S   6.0   0.214   2.594    -9.09979     4.86434     5.85324
    62  C   4.0  -0.088   3.356   -11.69948     2.11385    -3.46141
    63  C   4.0  -0.090   3.270   -11.31889     0.03269    -4.92727
    64  S   6.0   0.217   2.617   -10.09454    -2.51995    -3.18778
    65  C   4.0  -0.091   3.280   -11.23159    -0.17348    -7.61862
    66  C   4.0  -0.090   3.377   -10.81925    -2.32625    -8.97110
    67  C   4.0  -0.018   3.446    -9.80333    -1.88746   -11.40903
    68  C   4.0  -0.005   3.310    -8.79327    -3.69309   -13.07199
    69  C   4.0  -0.006   3.247    -9.01645    -6.42601   -12.62772
    70  C   4.0  -0.073   3.195    -9.98777    -8.00337   -14.49741
    71  C   4.0  -0.086   3.263   -10.21000   -10.56565   -14.08413
    72  C   4.0  -0.083   3.165    -9.42614   -11.66377   -11.82137
    73  S   6.0   0.188   2.310    -9.74588   -14.97853   -11.54982
    74  C   4.0  -0.238   3.999   -10.57150   -15.50237    -8.22957
    75  C   4.0  -0.249   4.068   -12.94784   -14.09622    -7.47141
    76  C   4.0   0.014   3.227    -8.35920   -10.07659   -10.01630
    77  F   7.0  -0.028   1.077    -7.43399   -11.00917    -7.82630
    78  C   4.0  -0.073   3.219    -8.18157    -7.49976   -10.38008
    79  C   4.0  -0.087   3.314    -7.29434    -2.77487   -15.00820
    80  C   4.0  -0.019   3.451    -6.88824    -0.16554   -15.42224
    81  C   4.0  -0.005   3.303    -8.19536     1.64803   -13.98397
    82  C   4.0  -0.005   3.238    -7.94309     4.33805   -14.59964
    83  C   4.0  -0.072   3.194    -8.25206     5.12040   -17.09994
    84  C   4.0  -0.085   3.263    -8.03417     7.63185   -17.74661
    85  C   4.0  -0.083   3.165    -7.50127     9.47244   -15.93776
    86  S   6.0   0.188   2.311    -7.36785    12.63943   -16.99355
    87  C   4.0  -0.238   3.999    -4.82088    14.06920   -15.13803
    88  C   4.0  -0.249   4.068    -2.33589    12.68819   -15.48026
    89  C   4.0   0.014   3.226    -7.22404     8.66987   -13.44918
    90  C   4.0  -0.076   3.230    -7.41169     6.15540   -12.77870
    91  F   7.0  -0.028   1.077    -6.74632    10.34020   -11.58024
    92  C   4.0  -0.087   3.302    -9.53499     0.73076   -11.92493
    93  S   6.0   0.214   2.588   -10.75027     2.55132    -9.45184
    94  C   4.0  -0.089   3.376    -4.69465     0.27042   -16.90435
    95  C   4.0  -0.090   3.298    -3.44648    -1.88179   -17.56538
    96  S   6.0   0.211   2.575    -5.17577    -4.61736   -16.75601
    97  C   4.0  -0.090   3.281    -0.77328    -2.11725   -17.94597
    98  S   6.0   0.218   2.660     1.02763    -0.21600   -15.91017
    99  C   4.0  -0.098   3.336     3.64982    -2.06150   -16.46802
   100  C   4.0  -0.093   3.308     5.77198    -2.26956   -14.85381
   101  C   4.0   0.060   3.444     7.20553    -4.46164   -14.99781
   102  O   6.0  -0.131   2.111     6.96912    -6.15427   -16.87601
   103  C   4.0   0.019   4.168     5.43580    -5.51176   -19.06941
   104  C   4.0  -0.160   4.083     7.18757    -4.01869   -20.87920
   105  C   4.0  -0.242   4.022     5.84681    -2.31076   -22.77214
   106  C   4.0  -0.159   4.081     4.65288    -8.12714   -20.07267
   107  C   4.0  -0.242   4.016     3.85372    -8.28796   -22.83242
   108  C   4.0  -0.005   3.462     3.22482    -3.88981   -18.28990
   109  C   4.0  -0.087   3.356     0.68332    -3.95085   -19.05978
   110  C   4.0  -0.085   3.349     8.70597    -4.85414   -12.83880
   111  C   4.0  -0.094   3.271     8.33180    -3.04019   -11.01748
   112  S   6.0   0.218   2.617     6.24630    -0.69712   -12.02659
   113  C   4.0  -0.092   3.273     9.15667    -3.01676    -8.44915
   114  C   4.0  -0.089   3.373     7.85483    -1.99857    -6.47004
   115  C   4.0  -0.018   3.445     8.97865    -2.46647    -4.08861
   116  C   4.0  -0.005   3.308     8.08387    -1.74025    -1.70019
   117  C   4.0  -0.006   3.246     5.60153    -0.55350    -1.33641
   118  C   4.0  -0.072   3.189     3.41285    -1.70964    -2.23895
   119  C   4.0  -0.086   3.262     1.06826    -0.71318    -1.69773
   120  C   4.0  -0.082   3.165     0.81107     1.49780    -0.28743
   121  S   6.0   0.192   2.318    -2.30169     2.57154     0.30538
   122  C   4.0  -0.240   4.006    -2.12821     3.96805     3.47899
   123  C   4.0  -0.250   4.066    -2.40298     6.81700     3.44006
   124  C   4.0   0.014   3.226     3.01695     2.69551     0.49397
   125  F   7.0  -0.028   1.078     2.93550     4.91669     1.75556
   126  C   4.0  -0.076   3.234     5.37306     1.67619     0.03156
   127  C   4.0  -0.089   3.314     9.60491    -2.31548     0.34828
   128  C   4.0  -0.018   3.440    11.94137    -3.60711     0.13417
   129  C   4.0  -0.005   3.299    12.80422    -4.38983    -2.25444
   130  C   4.0  -0.006   3.241    15.22004    -5.72020    -2.55189
   131  C   4.0  -0.072   3.189    17.43556    -4.74661    -1.51027
   132  C   4.0  -0.085   3.261    19.70058    -5.99761    -1.80431
   133  C   4.0  -0.083   3.166    19.85611    -8.25527    -3.15187
   134  S   6.0   0.188   2.310    22.88345    -9.63741    -3.47615
   135  C   4.0  -0.239   3.999    22.30084   -13.03117    -3.13354
   136  C   4.0  -0.249   4.069    21.06156   -13.65799    -0.62909
   137  C   4.0   0.014   3.227    17.64021    -9.17575    -4.22599
   138  C   4.0  -0.075   3.232    15.35383    -7.95801    -3.92288
   139  F   7.0  -0.028   1.077    17.64815   -11.32003    -5.61343
   140  C   4.0  -0.087   3.304    11.27713    -3.82178    -4.30933
   141  S   6.0   0.215   2.566    11.90641    -4.57654    -7.46461
   142  C   4.0  -0.089   3.362    13.05593    -4.03948     2.53242
   143  C   4.0  -0.091   3.264    11.66641    -3.12901     4.50511
   144  S   6.0   0.218   2.617     8.86697    -1.67468     3.49467
   145  C   4.0  -0.095   3.286    12.23390    -3.18721     7.12824
   146  S   6.0   0.219   2.581    15.12858    -4.32709     8.22711
   147  C   4.0  -0.096   3.315    14.25061    -3.68723    11.30529
   148  C   4.0  -0.095   3.299    15.68605    -3.97542    13.54858
   149  C   4.0   0.056   3.462    14.75630    -2.94041    15.76390
   150  O   6.0  -0.132   2.106    12.54513    -1.69282    15.93077
   151  C   4.0   0.020   4.189    10.67261    -2.14333    14.00230
   152  C   4.0  -0.162   4.098     9.16385    -4.53931    14.72304
   153  C   4.0  -0.242   4.023     7.71726    -4.31406    17.19972
   154  C   4.0  -0.163   4.093     9.00700     0.22979    13.96810
   155  C   4.0  -0.241   4.027    10.41409     2.54697    12.99640
   156  C   4.0  -0.007   3.482    11.85860    -2.65185    11.45873
   157  C   4.0  -0.091   3.393    10.72779    -2.37595     9.08788
   158  C   4.0  -0.086   3.321    16.43854    -3.23502    17.81577
   159  C   4.0  -0.168   3.158    18.57638    -4.49093    17.14000
   160  S   6.0   0.219   2.499    18.61852    -5.34566    14.00476
   161  H   1.0   0.075   1.014     3.55117     4.29440    21.38489
   162  H   1.0   0.079   1.005    -0.51287     6.89674    20.42643
   163  H   1.0   0.076   1.006    -1.18618    10.19677    17.14492
   164  H   1.0   0.076   1.008    -3.52377    13.84054    18.84321
   165  H   1.0   0.079   1.021   -12.36126    16.73466    18.98759
   166  H   1.0   0.080   1.014   -12.74866    13.41422    18.75931
   167  H   1.0   0.081   1.000    -9.79993    16.71481    15.00820
   168  H   1.0   0.081   0.999   -12.85637    15.47251    14.47133
   169  H   1.0   0.081   1.001   -10.24250    13.41781    14.72871
   170  H   1.0   0.076   1.008    -8.10787     6.01160    16.81592
   171  H   1.0   0.076   1.006     1.77691     1.78050     8.84070
   172  H   1.0   0.076   1.010     4.11223    -1.60287     6.64787
   173  H   1.0   0.081   1.015     4.66271    -9.90632    10.73988
   174  H   1.0   0.079   1.021     5.39838   -10.82870     7.60445
   175  H   1.0   0.081   1.002     1.19204    -9.34167     6.11950
   176  H   1.0   0.082   1.001     0.41517    -8.34201     9.21279
   177  H   1.0   0.081   0.999     0.82392   -11.58553     8.56178
   178  H   1.0   0.076   1.007     0.97623    -3.03944    15.28675
   179  H   1.0   0.081   1.006    -2.97008     0.13152     9.03610
   180  H   1.0   0.080   1.006    -6.40730    -1.40350     6.62689
   181  H   1.0   0.076   1.009    -3.78115    -2.00746     2.79113
   182  H   1.0   0.076   1.009    -1.45679    -6.01065     3.11049
   183  H   1.0   0.080   1.015    -6.21777   -12.94727     4.56614
   184  H   1.0   0.080   1.014    -5.79636   -14.22189     1.47531
   185  H   1.0   0.081   1.001    -2.36083   -15.21532     6.02955
   186  H   1.0   0.081   1.001    -1.88670   -16.43721     2.96196
   187  H   1.0   0.082   0.999    -4.54989   -17.38775     4.74038
   188  H   1.0   0.076   1.008   -10.50347    -6.12933     0.98209
   189  H   1.0   0.075   1.008   -14.10114     6.16448     3.94291
   190  H   1.0   0.076   1.008   -15.65562    10.49837     3.33159
   191  H   1.0   0.080   1.015   -15.22798    13.27400    -4.58939
   192  H   1.0   0.080   1.014   -12.83029    15.59156    -4.11771
   193  H   1.0   0.081   0.999   -16.65019    17.53533    -6.09210
   194  H   1.0   0.081   1.000   -18.52309    16.47558    -3.53341
   195  H   1.0   0.081   1.000   -16.15565    18.77027    -3.02734
   196  H   1.0   0.076   1.006    -9.50419     6.96137    -2.67188
   197  H   1.0   0.080   1.007   -12.46425     3.84446    -4.20162
   198  H   1.0   0.080   1.008   -11.08872    -4.17686    -8.17854
   199  H   1.0   0.075   1.006   -10.61043    -7.20156   -16.26638
   200  H   1.0   0.076   1.008   -11.00009   -11.77847   -15.51956
   201  H   1.0   0.079   1.021   -10.85421   -17.54081    -8.13754
   202  H   1.0   0.081   1.014    -8.96694   -14.99479    -7.05019
   203  H   1.0   0.082   1.001   -12.66286   -12.06212    -7.57686
   204  H   1.0   0.081   0.999   -13.44578   -14.57772    -5.53539
   205  H   1.0   0.081   1.000   -14.51291   -14.60229    -8.70521
   206  H   1.0   0.076   1.006    -7.31154    -6.36630    -8.92480
   207  H   1.0   0.076   1.006    -8.68140     3.73788   -18.53727
   208  H   1.0   0.076   1.008    -8.27757     8.22598   -19.68168
   209  H   1.0   0.079   1.021    -4.71619    15.98406   -15.89033
   210  H   1.0   0.081   1.014    -5.39233    14.15386   -13.16572
   211  H   1.0   0.082   1.001    -2.44776    10.77692   -14.72909
   212  H   1.0   0.081   1.000    -1.83757    12.58009   -17.47222
   213  H   1.0   0.081   0.999    -0.84565    13.68955   -14.47814
   214  H   1.0   0.076   1.012    -7.11463     5.65217   -10.82700
   215  H   1.0   0.080   1.007    -3.93535     2.12670   -17.23827
   216  H   1.0   0.082   1.005     8.40248    -2.83761   -19.69661
   217  H   1.0   0.082   1.003     8.40531    -5.36229   -21.85978
   218  H   1.0   0.081   0.999     7.24578    -1.39197   -23.96494
   219  H   1.0   0.082   1.000     4.77250    -0.85019   -21.80498
   220  H   1.0   0.083   1.000     4.56407    -3.36485   -23.97495
   221  H   1.0   0.082   1.004     3.13071    -8.82729   -18.86702
   222  H   1.0   0.082   1.005     6.28315    -9.35943   -19.78184
   223  H   1.0   0.082   0.999     5.40216    -7.79682   -24.08682
   224  H   1.0   0.081   0.999     3.28945   -10.22058   -23.24816
   225  H   1.0   0.082   0.999     2.26144    -7.05907   -23.24079
   226  H   1.0   0.080   1.006    -0.10469    -5.31561   -20.33931
   227  H   1.0   0.079   1.005     9.90764    -6.46985   -12.58104
   228  H   1.0   0.080   1.008     6.11874    -0.96886    -6.70720
   229  H   1.0   0.076   1.006     3.55533    -3.44327    -3.30362
   230  H   1.0   0.076   1.008    -0.62607    -1.64841    -2.34156
   231  H   1.0   0.081   1.016    -0.35829     3.36863     4.33163
   232  H   1.0   0.081   1.023    -3.68232     3.09953     4.50851
   233  H   1.0   0.081   1.001    -4.16892     7.35160     2.53280
   234  H   1.0   0.081   1.000    -2.41431     7.53226     5.36852
   235  H   1.0   0.082   1.001    -0.84471     7.68722     2.42471
   236  H   1.0   0.076   1.008     7.01882     2.66848     0.71167
   237  H   1.0   0.076   1.006    17.37905    -2.98255    -0.48831
   238  H   1.0   0.076   1.008    21.41116    -5.24097    -0.99305
   239  H   1.0   0.079   1.021    24.18887   -13.84602    -3.25335
   240  H   1.0   0.081   1.014    21.18666   -13.68596    -4.73150
   241  H   1.0   0.081   1.001    19.18015   -12.83426    -0.51514
   242  H   1.0   0.081   0.999    20.88941   -15.69776    -0.43350
   243  H   1.0   0.081   1.000    22.18576   -12.93555     0.93371
   244  H   1.0   0.076   1.009    13.68917    -8.78193    -4.76268
   245  H   1.0   0.080   1.008    14.81148    -5.02686     2.80227
   246  H   1.0   0.082   1.004    10.51576    -6.09701    14.86307
   247  H   1.0   0.084   1.007     7.88129    -4.96885    13.17120
   248  H   1.0   0.082   1.001     6.17090    -2.97254    17.03399
   249  H   1.0   0.081   0.999     6.93492    -6.14350    17.71259
   250  H   1.0   0.082   1.000     8.97563    -3.69101    18.69959
   251  H   1.0   0.083   1.005     7.33970    -0.13908    12.81291
   252  H   1.0   0.083   1.007     8.39076     0.58865    15.89921
   253  H   1.0   0.082   1.000    10.98158     2.30414    11.03638
   254  H   1.0   0.081   0.999     9.20656     4.20426    13.12585
   255  H   1.0   0.082   1.000    12.09708     2.87125    14.12948
   256  H   1.0   0.080   1.010     8.86546    -1.62611     8.77891
   257  H   1.0   0.079   1.004    16.05322    -2.53885    19.68244
   258  H   1.0   0.076   1.014    20.14901    -4.98888    18.31390
 
  Z AO/shell   Hii/eV     exponent
  1     Sat Feb 20 21:38:01 CET 2016    EN: 2.327 GAM: 0.473  GM3: 0.0000
     1s    -13.751157    1.051071
  6     Sat Feb 20 21:38:01 CET 2016    EN: 2.731 GAM: 0.422  GM3: 0.0000
     2s    -19.378245    2.021003
     2p    -11.993376    1.497917
  8     Sat Feb 20 21:38:01 CET 2016    EN: 3.700 GAM: 0.587  GM3: 0.0000
     2s    -21.648843    2.110798
     2p    -17.239740    2.329048
  9     Sat Feb 20 21:51:24 CET 2016    EN: 3.394 GAM: 0.669  GM3: 0.0000
     2s    -19.384211    2.614957
     2p    -19.426034    2.777297
 16     Sat Feb 20 23:13:41 CET 2016    EN: 1.915 GAM: 0.389  GM3: 0.0000
     3s    -22.000000    2.671470
     3p    -15.834192    1.836978
     3d     -2.593599    1.836978
 
 dipole moment of classical point charges (au)
     X       Y       Z   
   0.9693   0.7249  -0.5948  total (Debye):    3.428

 
 Nbf   :          858
 T(el) :   300.0
 calculating S/T integrals ...
 cpu time for ints    1.45457300000000     
 Nao   :          838
 making H0...
 making H1...
 cpu time for H      3.567100000000001E-002
 solving ...
 cpu time for diag    2.04673600000000     
 
 gap (eV)           :   2.739
 Koopmans IP (eV)   :  11.664
 Eel (Eh)           :  -623.156035
 T,E(Fermi),NFOD :    300.000   -10.294  0.000000
 T,E(Fermi),NFOD :    300.000   -10.294  0.000000
 Nfod               :  0.0000
 Nfod/Nel           :  0.0000

          eigenvalues
 #    :         391        392        393        394        395        396        397        398
 occ. :        2.000      2.000      2.000      2.000      2.000      2.000      2.000      2.000
 eps  :       -14.104    -14.098    -14.043    -13.977    -13.807    -13.634    -13.463    -13.155
 #    :         399        400        401        402        403        404        405        406
 occ. :        2.000      2.000      2.000      2.000      2.000      0.000      0.000      0.000
 eps  :       -13.089    -12.843    -12.370    -12.060    -11.665     -8.925     -8.782     -8.619
 #    :         407        408        409        410        411        412        413        414
 occ. :        0.000      0.000      0.000      0.000      0.000      0.000      0.000      0.000
 eps  :        -8.591     -8.545     -8.316     -8.261     -8.213     -8.188     -8.036     -7.961
                            1  SCC done.
 making H1...
 cpu time for H       2.67790300000000     
 solving ...
 cpu time for diag   0.300616000000000     
 
 gap (eV)           :   2.786
 Koopmans IP (eV)   :  11.819
 Eel (Eh)           :  -622.225576
 T,E(Fermi),NFOD :    300.000   -10.426  0.000000
 T,E(Fermi),NFOD :    300.000   -10.426  0.000000
 Nfod               :  0.0000
 Nfod/Nel           :  0.0000

          eigenvalues
 #    :         391        392        393        394        395        396        397        398
 occ. :        2.000      2.000      2.000      2.000      2.000      2.000      2.000      2.000
 eps  :       -13.842    -13.814    -13.780    -13.732    -13.707    -13.550    -13.434    -13.038
 #    :         399        400        401        402        403        404        405        406
 occ. :        2.000      2.000      2.000      2.000      2.000      0.000      0.000      0.000
 eps  :       -13.007    -12.861    -12.536    -12.193    -11.821     -9.034     -8.848     -8.599
 #    :         407        408        409        410        411        412        413        414
 occ. :        0.000      0.000      0.000      0.000      0.000      0.000      0.000      0.000
 eps  :        -8.518     -8.392     -8.313     -8.211     -8.164     -8.084     -7.976     -7.908
                            2  SCC done.
 
 
 Mulliken/CM5 charges    n(s)   n(p)   n(d)   
    1 C  -0.0509 -0.0907   1.139  2.912  0.000
    2 C  -0.0678 -0.1196   1.133  2.935  0.000
    3 C  -0.0344 -0.0366   1.173  2.861  0.000
    4 C  -0.0034 -0.0047   1.164  2.839  0.000
    5 C   0.0029 -0.0044   1.164  2.833  0.000
    6 C  -0.0407 -0.0943   1.141  2.900  0.000
    7 C  -0.0328 -0.0845   1.140  2.893  0.000
    8 C  -0.0018  0.0069   1.165  2.836  0.000
    9 S  -0.0498 -0.0906   1.895  4.127  0.028
   10 C  -0.0359 -0.1310   1.126  2.909  0.000
   11 C  -0.0853 -0.2348   1.094  2.991  0.000
   12 C   0.0837  0.0979   1.169  2.747  0.000
   13 F  -0.1362 -0.1623   1.683  5.453  0.000
   14 C  -0.0346 -0.0821   1.138  2.897  0.000
   15 C  -0.0248 -0.0124   1.177  2.848  0.000
   16 C  -0.0309 -0.0331   1.169  2.862  0.000
   17 C  -0.0068 -0.0081   1.164  2.843  0.000
   18 C   0.0008 -0.0070   1.165  2.835  0.000
   19 C  -0.0418 -0.0958   1.142  2.900  0.000
   20 C  -0.0349 -0.0873   1.140  2.894  0.000
   21 C  -0.0022  0.0054   1.168  2.834  0.000
   22 S  -0.0414 -0.0844   1.895  4.120  0.027
   23 C  -0.0356 -0.1307   1.127  2.909  0.000
   24 C  -0.0872 -0.2369   1.095  2.992  0.000
   25 C   0.0820  0.0947   1.169  2.749  0.000
   26 C  -0.0337 -0.0820   1.138  2.895  0.000
   27 F  -0.1361 -0.1646   1.683  5.453  0.000
   28 C  -0.0272 -0.0147   1.174  2.853  0.000
   29 S   0.0850  0.0447   1.883  3.988  0.044
   30 C  -0.0791 -0.1285   1.141  2.939  0.000
   31 C  -0.0114 -0.0021   1.165  2.846  0.000
   32 S   0.0823  0.0478   1.890  3.989  0.038
   33 C  -0.0133 -0.0052   1.168  2.845  0.000
   34 C  -0.0719 -0.1226   1.140  2.932  0.000
   35 C  -0.0288 -0.0313   1.169  2.860  0.000
   36 C  -0.0041 -0.0053   1.163  2.841  0.000
   37 C  -0.0013 -0.0086   1.164  2.838  0.000
   38 C  -0.0442 -0.0981   1.144  2.901  0.000
   39 C  -0.0389 -0.0907   1.137  2.902  0.000
   40 C   0.0019  0.0110   1.166  2.832  0.000
   41 S  -0.0433 -0.0856   1.893  4.126  0.024
   42 C  -0.0346 -0.1297   1.126  2.909  0.000
   43 C  -0.0732 -0.2230   1.087  2.987  0.000
   44 C   0.0783  0.0927   1.166  2.755  0.000
   45 F  -0.1398 -0.1659   1.684  5.456  0.000
   46 C  -0.0335 -0.0808   1.138  2.896  0.000
   47 C  -0.0211 -0.0083   1.176  2.845  0.000
   48 C  -0.0237 -0.0257   1.171  2.853  0.000
   49 C  -0.0018 -0.0031   1.164  2.838  0.000
   50 C  -0.0013 -0.0085   1.164  2.838  0.000
   51 C  -0.0400 -0.0924   1.140  2.900  0.000
   52 C  -0.0355 -0.0871   1.137  2.898  0.000
   53 C   0.0015  0.0106   1.165  2.833  0.000
   54 S  -0.0494 -0.0901   1.893  4.131  0.025
   55 C  -0.0353 -0.1304   1.126  2.909  0.000
   56 C  -0.0739 -0.2236   1.087  2.987  0.000
   57 C   0.0787  0.0931   1.167  2.754  0.000
   58 C  -0.0342 -0.0829   1.139  2.895  0.000
   59 F  -0.1377 -0.1638   1.683  5.454  0.000
   60 C  -0.0224 -0.0102   1.176  2.846  0.000
   61 S   0.0805  0.0450   1.891  3.990  0.038
   62 C  -0.0645 -0.1128   1.138  2.926  0.000
   63 C  -0.0100 -0.0003   1.171  2.839  0.000
   64 S   0.0649  0.0284   1.891  4.007  0.037
   65 C  -0.0149 -0.0050   1.170  2.845  0.000
   66 C  -0.0653 -0.1135   1.141  2.925  0.000
   67 C  -0.0279 -0.0298   1.171  2.857  0.000
   68 C  -0.0026 -0.0039   1.166  2.837  0.000
   69 C   0.0023 -0.0049   1.164  2.834  0.000
   70 C  -0.0391 -0.0916   1.140  2.899  0.000
   71 C  -0.0339 -0.0855   1.139  2.895  0.000
   72 C  -0.0016  0.0072   1.166  2.836  0.000
   73 S  -0.0463 -0.0872   1.895  4.124  0.028
   74 C  -0.0354 -0.1305   1.126  2.909  0.000
   75 C  -0.0851 -0.2346   1.094  2.991  0.000
   76 C   0.0816  0.0956   1.169  2.750  0.000
   77 F  -0.1368 -0.1632   1.683  5.454  0.000
   78 C  -0.0344 -0.0832   1.139  2.896  0.000
   79 C  -0.0233 -0.0109   1.179  2.845  0.000
   80 C  -0.0273 -0.0295   1.174  2.854  0.000
   81 C  -0.0025 -0.0038   1.164  2.838  0.000
   82 C   0.0032 -0.0042   1.164  2.833  0.000
   83 C  -0.0415 -0.0949   1.142  2.900  0.000
   84 C  -0.0348 -0.0865   1.139  2.896  0.000
   85 C  -0.0019  0.0069   1.166  2.836  0.000
   86 S  -0.0467 -0.0876   1.895  4.124  0.028
   87 C  -0.0351 -0.1302   1.126  2.909  0.000
   88 C  -0.0852 -0.2347   1.094  2.991  0.000
   89 C   0.0829  0.0971   1.168  2.749  0.000
   90 C  -0.0341 -0.0816   1.138  2.896  0.000
   91 F  -0.1354 -0.1618   1.683  5.453  0.000
   92 C  -0.0226 -0.0101   1.178  2.844  0.000
   93 S   0.0692  0.0325   1.891  4.002  0.037
   94 C  -0.0672 -0.1151   1.141  2.927  0.000
   95 C  -0.0182 -0.0082   1.177  2.842  0.000
   96 S   0.0546  0.0209   1.894  4.015  0.036
   97 C  -0.0303 -0.0206   1.169  2.861  0.000
   98 S   0.0943  0.0594   1.890  3.972  0.044
   99 C  -0.0277 -0.0132   1.175  2.852  0.000
  100 C  -0.0537 -0.0378   1.166  2.888  0.000
  101 C   0.0479  0.0716   1.155  2.797  0.000
  102 O  -0.1476 -0.2213   1.473  4.675  0.000
  103 C   0.0928  0.0956   1.257  2.650  0.000
  104 C  -0.0499 -0.1548   1.148  2.902  0.000
  105 C  -0.0907 -0.2430   1.090  3.001  0.000
  106 C  -0.0411 -0.1460   1.143  2.898  0.000
  107 C  -0.0898 -0.2432   1.090  3.000  0.000
  108 C  -0.0541 -0.0575   1.189  2.865  0.000
  109 C  -0.0660 -0.1155   1.143  2.923  0.000
  110 C  -0.0676 -0.1137   1.132  2.936  0.000
  111 C  -0.0215 -0.0111   1.162  2.859  0.000
  112 S   0.0978  0.0629   1.888  3.964  0.051
  113 C  -0.0120 -0.0019   1.166  2.846  0.000
  114 C  -0.0741 -0.1221   1.139  2.935  0.000
  115 C  -0.0291 -0.0311   1.169  2.861  0.000
  116 C  -0.0074 -0.0087   1.163  2.844  0.000
  117 C   0.0031 -0.0041   1.164  2.833  0.000
  118 C  -0.0384 -0.0918   1.141  2.897  0.000
  119 C  -0.0350 -0.0867   1.139  2.896  0.000
  120 C  -0.0038  0.0048   1.167  2.836  0.000
  121 S  -0.0413 -0.0836   1.896  4.120  0.026
  122 C  -0.0468 -0.1427   1.129  2.918  0.000
  123 C  -0.0831 -0.2327   1.095  2.988  0.000
  124 C   0.0791  0.0932   1.168  2.753  0.000
  125 F  -0.1391 -0.1661   1.684  5.455  0.000
  126 C  -0.0343 -0.0817   1.138  2.896  0.000
  127 C  -0.0241 -0.0115   1.176  2.848  0.000
  128 C  -0.0275 -0.0296   1.170  2.857  0.000
  129 C  -0.0064 -0.0076   1.163  2.843  0.000
  130 C   0.0044 -0.0029   1.165  2.831  0.000
  131 C  -0.0396 -0.0933   1.141  2.899  0.000
  132 C  -0.0331 -0.0848   1.140  2.893  0.000
  133 C  -0.0028  0.0059   1.166  2.837  0.000
  134 S  -0.0492 -0.0900   1.895  4.126  0.028
  135 C  -0.0361 -0.1313   1.126  2.910  0.000
  136 C  -0.0856 -0.2350   1.094  2.991  0.000
  137 C   0.0825  0.0968   1.169  2.748  0.000
  138 C  -0.0352 -0.0826   1.138  2.897  0.000
  139 F  -0.1375 -0.1637   1.683  5.454  0.000
  140 C  -0.0246 -0.0122   1.176  2.849  0.000
  141 S   0.0723  0.0368   1.891  3.998  0.039
  142 C  -0.0794 -0.1276   1.135  2.944  0.000
  143 C  -0.0089  0.0009   1.167  2.842  0.000
  144 S   0.0630  0.0253   1.890  4.010  0.037
  145 C  -0.0269 -0.0167   1.159  2.868  0.000
  146 S   0.1023  0.0676   1.888  3.963  0.046
  147 C  -0.0249 -0.0104   1.170  2.855  0.000
  148 C  -0.0526 -0.0368   1.154  2.898  0.000
  149 C   0.0335  0.0570   1.157  2.809  0.000
  150 O  -0.1536 -0.2272   1.473  4.680  0.000
  151 C   0.0909  0.0940   1.251  2.658  0.000
  152 C  -0.0533 -0.1585   1.154  2.900  0.000
  153 C  -0.0925 -0.2443   1.090  3.002  0.000
  154 C  -0.0424 -0.1482   1.140  2.902  0.000
  155 C  -0.0900 -0.2409   1.090  3.000  0.000
  156 C  -0.0556 -0.0595   1.188  2.868  0.000
  157 C  -0.0741 -0.1235   1.143  2.931  0.000
  158 C  -0.0700 -0.1195   1.128  2.942  0.000
  159 C  -0.0687 -0.1079   1.133  2.936  0.000
  160 S   0.1143  0.0774   1.880  3.945  0.060
  161 H   0.0603  0.1181   0.940  0.000  0.000
  162 H   0.0526  0.1114   0.947  0.000  0.000
  163 H   0.0450  0.1038   0.955  0.000  0.000
  164 H   0.0501  0.1087   0.950  0.000  0.000
  165 H   0.0501  0.1069   0.950  0.000  0.000
  166 H   0.0470  0.1059   0.953  0.000  0.000
  167 H   0.0314  0.0843   0.969  0.000  0.000
  168 H   0.0334  0.0852   0.967  0.000  0.000
  169 H   0.0328  0.0871   0.967  0.000  0.000
  170 H   0.0428  0.1038   0.957  0.000  0.000
  171 H   0.0451  0.1038   0.955  0.000  0.000
  172 H   0.0519  0.1117   0.948  0.000  0.000
  173 H   0.0468  0.1057   0.953  0.000  0.000
  174 H   0.0513  0.1082   0.949  0.000  0.000
  175 H   0.0335  0.0878   0.966  0.000  0.000
  176 H   0.0312  0.0857   0.969  0.000  0.000
  177 H   0.0333  0.0854   0.967  0.000  0.000
  178 H   0.0435  0.1037   0.957  0.000  0.000
  179 H   0.0524  0.1131   0.948  0.000  0.000
  180 H   0.0538  0.1143   0.946  0.000  0.000
  181 H   0.0469  0.1080   0.953  0.000  0.000
  182 H   0.0500  0.1089   0.950  0.000  0.000
  183 H   0.0432  0.1015   0.957  0.000  0.000
  184 H   0.0459  0.1038   0.954  0.000  0.000
  185 H   0.0326  0.0854   0.967  0.000  0.000
  186 H   0.0344  0.0873   0.966  0.000  0.000
  187 H   0.0383  0.0901   0.962  0.000  0.000
  188 H   0.0430  0.1036   0.957  0.000  0.000
  189 H   0.0447  0.1042   0.955  0.000  0.000
  190 H   0.0498  0.1085   0.950  0.000  0.000
  191 H   0.0434  0.1018   0.957  0.000  0.000
  192 H   0.0457  0.1036   0.954  0.000  0.000
  193 H   0.0379  0.0896   0.962  0.000  0.000
  194 H   0.0327  0.0855   0.967  0.000  0.000
  195 H   0.0338  0.0867   0.966  0.000  0.000
  196 H   0.0447  0.1048   0.955  0.000  0.000
  197 H   0.0547  0.1152   0.945  0.000  0.000
  198 H   0.0551  0.1166   0.945  0.000  0.000
  199 H   0.0440  0.1027   0.956  0.000  0.000
  200 H   0.0497  0.1084   0.950  0.000  0.000
  201 H   0.0501  0.1069   0.950  0.000  0.000
  202 H   0.0477  0.1066   0.952  0.000  0.000
  203 H   0.0330  0.0874   0.967  0.000  0.000
  204 H   0.0335  0.0853   0.967  0.000  0.000
  205 H   0.0311  0.0839   0.969  0.000  0.000
  206 H   0.0443  0.1044   0.956  0.000  0.000
  207 H   0.0440  0.1029   0.956  0.000  0.000
  208 H   0.0495  0.1082   0.950  0.000  0.000
  209 H   0.0502  0.1070   0.950  0.000  0.000
  210 H   0.0478  0.1067   0.952  0.000  0.000
  211 H   0.0331  0.0875   0.967  0.000  0.000
  212 H   0.0309  0.0838   0.969  0.000  0.000
  213 H   0.0334  0.0852   0.967  0.000  0.000
  214 H   0.0445  0.1066   0.955  0.000  0.000
  215 H   0.0520  0.1126   0.948  0.000  0.000
  216 H   0.0328  0.0944   0.967  0.000  0.000
  217 H   0.0347  0.0929   0.965  0.000  0.000
  218 H   0.0386  0.0904   0.961  0.000  0.000
  219 H   0.0317  0.0862   0.968  0.000  0.000
  220 H   0.0323  0.0863   0.968  0.000  0.000
  221 H   0.0351  0.0939   0.965  0.000  0.000
  222 H   0.0347  0.0961   0.965  0.000  0.000
  223 H   0.0328  0.0862   0.967  0.000  0.000
  224 H   0.0390  0.0909   0.961  0.000  0.000
  225 H   0.0333  0.0868   0.967  0.000  0.000
  226 H   0.0541  0.1134   0.946  0.000  0.000
  227 H   0.0526  0.1127   0.947  0.000  0.000
  228 H   0.0523  0.1133   0.948  0.000  0.000
  229 H   0.0459  0.1046   0.954  0.000  0.000
  230 H   0.0504  0.1092   0.950  0.000  0.000
  231 H   0.0465  0.1067   0.954  0.000  0.000
  232 H   0.0483  0.1106   0.952  0.000  0.000
  233 H   0.0329  0.0862   0.967  0.000  0.000
  234 H   0.0337  0.0859   0.966  0.000  0.000
  235 H   0.0337  0.0879   0.966  0.000  0.000
  236 H   0.0432  0.1039   0.957  0.000  0.000
  237 H   0.0454  0.1043   0.955  0.000  0.000
  238 H   0.0499  0.1086   0.950  0.000  0.000
  239 H   0.0500  0.1068   0.950  0.000  0.000
  240 H   0.0473  0.1062   0.953  0.000  0.000
  241 H   0.0329  0.0871   0.967  0.000  0.000
  242 H   0.0330  0.0847   0.967  0.000  0.000
  243 H   0.0313  0.0841   0.969  0.000  0.000
  244 H   0.0429  0.1040   0.957  0.000  0.000
  245 H   0.0510  0.1118   0.949  0.000  0.000
  246 H   0.0318  0.0917   0.968  0.000  0.000
  247 H   0.0379  0.0992   0.962  0.000  0.000
  248 H   0.0306  0.0856   0.969  0.000  0.000
  249 H   0.0365  0.0889   0.963  0.000  0.000
  250 H   0.0306  0.0862   0.969  0.000  0.000
  251 H   0.0364  0.0954   0.964  0.000  0.000
  252 H   0.0373  0.0989   0.963  0.000  0.000
  253 H   0.0309  0.0854   0.969  0.000  0.000
  254 H   0.0358  0.0877   0.964  0.000  0.000
  255 H   0.0314  0.0871   0.969  0.000  0.000
  256 H   0.0530  0.1154   0.947  0.000  0.000
  257 H   0.0502  0.1089   0.950  0.000  0.000
  258 H   0.0598  0.1178   0.940  0.000  0.000
 Hirshfeld charges for QMDFF written to <charges>
 
 Loewdin charges    n(s)   n(p)   n(d)
    1 C  -0.0199   1.081  2.939  0.000
    2 C  -0.0657   1.082  2.984  0.000
    3 C  -0.0321   1.132  2.900  0.000
    4 C  -0.0049   1.124  2.881  0.000
    5 C   0.0094   1.120  2.870  0.000
    6 C  -0.0368   1.088  2.948  0.000
    7 C  -0.0269   1.087  2.940  0.000
    8 C   0.0210   1.119  2.860  0.000
    9 S  -0.0881   1.884  4.125  0.080
   10 C  -0.0075   1.061  2.947  0.000
   11 C  -0.0869   1.021  3.066  0.000
   12 C   0.0752   1.134  2.791  0.000
   13 F  -0.1186   1.666  5.452  0.000
   14 C  -0.0352   1.087  2.949  0.000
   15 C  -0.0036   1.132  2.872  0.000
   16 C  -0.0282   1.127  2.901  0.000
   17 C  -0.0080   1.123  2.885  0.000
   18 C   0.0074   1.120  2.872  0.000
   19 C  -0.0376   1.089  2.948  0.000
   20 C  -0.0291   1.087  2.942  0.000
   21 C   0.0210   1.122  2.857  0.000
   22 S  -0.0797   1.883  4.117  0.079
   23 C  -0.0072   1.061  2.946  0.000
   24 C  -0.0895   1.023  3.067  0.000
   25 C   0.0737   1.134  2.792  0.000
   26 C  -0.0341   1.087  2.947  0.000
   27 F  -0.1185   1.666  5.452  0.000
   28 C  -0.0058   1.129  2.876  0.000
   29 S   0.0475   1.868  3.985  0.100
   30 C  -0.0797   1.091  2.989  0.000
   31 C   0.0134   1.119  2.867  0.000
   32 S   0.0438   1.877  3.988  0.091
   33 C   0.0118   1.122  2.866  0.000
   34 C  -0.0722   1.091  2.982  0.000
   35 C  -0.0260   1.127  2.899  0.000
   36 C  -0.0057   1.123  2.883  0.000
   37 C   0.0049   1.120  2.876  0.000
   38 C  -0.0406   1.091  2.950  0.000
   39 C  -0.0333   1.084  2.949  0.000
   40 C   0.0253   1.119  2.855  0.000
   41 S  -0.0810   1.881  4.125  0.076
   42 C  -0.0069   1.060  2.947  0.000
   43 C  -0.0733   1.013  3.060  0.000
   44 C   0.0693   1.132  2.799  0.000
   45 F  -0.1222   1.667  5.455  0.000
   46 C  -0.0337   1.086  2.948  0.000
   47 C   0.0005   1.131  2.868  0.000
   48 C  -0.0212   1.129  2.892  0.000
   49 C  -0.0035   1.123  2.880  0.000
   50 C   0.0049   1.119  2.876  0.000
   51 C  -0.0357   1.087  2.948  0.000
   52 C  -0.0300   1.084  2.946  0.000
   53 C   0.0249   1.119  2.856  0.000
   54 S  -0.0871   1.882  4.129  0.076
   55 C  -0.0077   1.061  2.947  0.000
   56 C  -0.0740   1.014  3.060  0.000
   57 C   0.0699   1.132  2.798  0.000
   58 C  -0.0348   1.087  2.947  0.000
   59 F  -0.1202   1.667  5.454  0.000
   60 C  -0.0011   1.132  2.869  0.000
   61 S   0.0423   1.878  3.989  0.091
   62 C  -0.0651   1.089  2.977  0.000
   63 C   0.0145   1.125  2.861  0.000
   64 S   0.0264   1.878  4.006  0.090
   65 C   0.0093   1.124  2.866  0.000
   66 C  -0.0653   1.091  2.975  0.000
   67 C  -0.0255   1.129  2.896  0.000
   68 C  -0.0039   1.125  2.879  0.000
   69 C   0.0087   1.120  2.871  0.000
   70 C  -0.0350   1.087  2.948  0.000
   71 C  -0.0281   1.086  2.942  0.000
   72 C   0.0214   1.119  2.859  0.000
   73 S  -0.0846   1.883  4.122  0.079
   74 C  -0.0070   1.061  2.946  0.000
   75 C  -0.0867   1.021  3.066  0.000
   76 C   0.0731   1.134  2.793  0.000
   77 F  -0.1192   1.666  5.453  0.000
   78 C  -0.0352   1.088  2.948  0.000
   79 C  -0.0020   1.134  2.868  0.000
   80 C  -0.0245   1.132  2.892  0.000
   81 C  -0.0040   1.124  2.880  0.000
   82 C   0.0096   1.120  2.871  0.000
   83 C  -0.0374   1.089  2.948  0.000
   84 C  -0.0289   1.086  2.943  0.000
   85 C   0.0211   1.119  2.859  0.000
   86 S  -0.0849   1.883  4.122  0.080
   87 C  -0.0066   1.061  2.946  0.000
   88 C  -0.0868   1.021  3.066  0.000
   89 C   0.0744   1.134  2.792  0.000
   90 C  -0.0348   1.087  2.948  0.000
   91 F  -0.1178   1.666  5.452  0.000
   92 C  -0.0013   1.134  2.867  0.000
   93 S   0.0307   1.878  4.000  0.090
   94 C  -0.0673   1.091  2.976  0.000
   95 C   0.0066   1.131  2.863  0.000
   96 S   0.0169   1.882  4.013  0.088
   97 C  -0.0090   1.125  2.884  0.000
   98 S   0.0566   1.877  3.969  0.098
   99 C  -0.0048   1.130  2.875  0.000
  100 C  -0.0382   1.123  2.915  0.000
  101 C   0.0356   1.122  2.842  0.000
  102 O  -0.1126   1.438  4.674  0.000
  103 C   0.0910   1.223  2.686  0.000
  104 C  -0.0475   1.089  2.958  0.000
  105 C  -0.0924   1.017  3.076  0.000
  106 C  -0.0378   1.084  2.954  0.000
  107 C  -0.0917   1.017  3.075  0.000
  108 C  -0.0572   1.151  2.906  0.000
  109 C  -0.0641   1.092  2.972  0.000
  110 C  -0.0695   1.083  2.987  0.000
  111 C   0.0030   1.116  2.881  0.000
  112 S   0.0603   1.874  3.961  0.105
  113 C   0.0130   1.119  2.868  0.000
  114 C  -0.0749   1.090  2.985  0.000
  115 C  -0.0264   1.127  2.899  0.000
  116 C  -0.0090   1.123  2.886  0.000
  117 C   0.0094   1.120  2.871  0.000
  118 C  -0.0343   1.088  2.946  0.000
  119 C  -0.0292   1.085  2.944  0.000
  120 C   0.0191   1.121  2.860  0.000
  121 S  -0.0785   1.884  4.118  0.076
  122 C  -0.0212   1.064  2.957  0.000
  123 C  -0.0847   1.022  3.063  0.000
  124 C   0.0706   1.133  2.796  0.000
  125 F  -0.1215   1.667  5.455  0.000
  126 C  -0.0346   1.087  2.948  0.000
  127 C  -0.0027   1.132  2.871  0.000
  128 C  -0.0245   1.129  2.896  0.000
  129 C  -0.0083   1.123  2.885  0.000
  130 C   0.0109   1.120  2.869  0.000
  131 C  -0.0358   1.088  2.948  0.000
  132 C  -0.0272   1.086  2.941  0.000
  133 C   0.0200   1.119  2.861  0.000
  134 S  -0.0875   1.884  4.124  0.080
  135 C  -0.0077   1.061  2.947  0.000
  136 C  -0.0872   1.022  3.066  0.000
  137 C   0.0742   1.134  2.791  0.000
  138 C  -0.0358   1.087  2.949  0.000
  139 F  -0.1199   1.667  5.453  0.000
  140 C  -0.0032   1.132  2.872  0.000
  141 S   0.0339   1.878  3.997  0.091
  142 C  -0.0815   1.086  2.995  0.000
  143 C   0.0164   1.120  2.863  0.000
  144 S   0.0248   1.877  4.008  0.090
  145 C  -0.0052   1.114  2.891  0.000
  146 S   0.0646   1.874  3.961  0.100
  147 C  -0.0025   1.124  2.878  0.000
  148 C  -0.0365   1.111  2.925  0.000
  149 C   0.0205   1.125  2.855  0.000
  150 O  -0.1186   1.438  4.680  0.000
  151 C   0.0883   1.218  2.694  0.000
  152 C  -0.0511   1.095  2.956  0.000
  153 C  -0.0943   1.017  3.077  0.000
  154 C  -0.0400   1.081  2.959  0.000
  155 C  -0.0913   1.017  3.075  0.000
  156 C  -0.0580   1.150  2.908  0.000
  157 C  -0.0725   1.092  2.980  0.000
  158 C  -0.0687   1.077  2.991  0.000
  159 C  -0.0381   1.076  2.962  0.000
  160 S   0.0774   1.865  3.941  0.117
  161 H   0.0497   0.950  0.000  0.000
  162 H   0.0448   0.955  0.000  0.000
  163 H   0.0371   0.963  0.000  0.000
  164 H   0.0412   0.959  0.000  0.000
  165 H   0.0458   0.954  0.000  0.000
  166 H   0.0417   0.958  0.000  0.000
  167 H   0.0310   0.969  0.000  0.000
  168 H   0.0331   0.967  0.000  0.000
  169 H   0.0323   0.968  0.000  0.000
  170 H   0.0341   0.966  0.000  0.000
  171 H   0.0371   0.963  0.000  0.000
  172 H   0.0432   0.957  0.000  0.000
  173 H   0.0416   0.958  0.000  0.000
  174 H   0.0469   0.953  0.000  0.000
  175 H   0.0333   0.967  0.000  0.000
  176 H   0.0310   0.969  0.000  0.000
  177 H   0.0332   0.967  0.000  0.000
  178 H   0.0346   0.965  0.000  0.000
  179 H   0.0448   0.955  0.000  0.000
  180 H   0.0460   0.954  0.000  0.000
  181 H   0.0394   0.961  0.000  0.000
  182 H   0.0414   0.959  0.000  0.000
  183 H   0.0386   0.961  0.000  0.000
  184 H   0.0405   0.959  0.000  0.000
  185 H   0.0321   0.968  0.000  0.000
  186 H   0.0336   0.966  0.000  0.000
  187 H   0.0376   0.962  0.000  0.000
  188 H   0.0342   0.966  0.000  0.000
  189 H   0.0368   0.963  0.000  0.000
  190 H   0.0410   0.959  0.000  0.000
  191 H   0.0389   0.961  0.000  0.000
  192 H   0.0404   0.960  0.000  0.000
  193 H   0.0372   0.963  0.000  0.000
  194 H   0.0320   0.968  0.000  0.000
  195 H   0.0330   0.967  0.000  0.000
  196 H   0.0359   0.964  0.000  0.000
  197 H   0.0464   0.954  0.000  0.000
  198 H   0.0470   0.953  0.000  0.000
  199 H   0.0359   0.964  0.000  0.000
  200 H   0.0409   0.959  0.000  0.000
  201 H   0.0459   0.954  0.000  0.000
  202 H   0.0423   0.958  0.000  0.000
  203 H   0.0324   0.968  0.000  0.000
  204 H   0.0331   0.967  0.000  0.000
  205 H   0.0307   0.969  0.000  0.000
  206 H   0.0357   0.964  0.000  0.000
  207 H   0.0360   0.964  0.000  0.000
  208 H   0.0407   0.959  0.000  0.000
  209 H   0.0460   0.954  0.000  0.000
  210 H   0.0424   0.958  0.000  0.000
  211 H   0.0325   0.967  0.000  0.000
  212 H   0.0306   0.969  0.000  0.000
  213 H   0.0330   0.967  0.000  0.000
  214 H   0.0361   0.964  0.000  0.000
  215 H   0.0438   0.956  0.000  0.000
  216 H   0.0293   0.971  0.000  0.000
  217 H   0.0317   0.968  0.000  0.000
  218 H   0.0382   0.962  0.000  0.000
  219 H   0.0313   0.969  0.000  0.000
  220 H   0.0327   0.967  0.000  0.000
  221 H   0.0314   0.969  0.000  0.000
  222 H   0.0310   0.969  0.000  0.000
  223 H   0.0331   0.967  0.000  0.000
  224 H   0.0385   0.961  0.000  0.000
  225 H   0.0340   0.966  0.000  0.000
  226 H   0.0464   0.954  0.000  0.000
  227 H   0.0438   0.956  0.000  0.000
  228 H   0.0443   0.956  0.000  0.000
  229 H   0.0377   0.962  0.000  0.000
  230 H   0.0416   0.958  0.000  0.000
  231 H   0.0424   0.958  0.000  0.000
  232 H   0.0446   0.955  0.000  0.000
  233 H   0.0323   0.968  0.000  0.000
  234 H   0.0336   0.966  0.000  0.000
  235 H   0.0327   0.967  0.000  0.000
  236 H   0.0344   0.966  0.000  0.000
  237 H   0.0375   0.963  0.000  0.000
  238 H   0.0411   0.959  0.000  0.000
  239 H   0.0458   0.954  0.000  0.000
  240 H   0.0420   0.958  0.000  0.000
  241 H   0.0323   0.968  0.000  0.000
  242 H   0.0327   0.967  0.000  0.000
  243 H   0.0309   0.969  0.000  0.000
  244 H   0.0342   0.966  0.000  0.000
  245 H   0.0434   0.957  0.000  0.000
  246 H   0.0285   0.972  0.000  0.000
  247 H   0.0349   0.965  0.000  0.000
  248 H   0.0313   0.969  0.000  0.000
  249 H   0.0362   0.964  0.000  0.000
  250 H   0.0302   0.970  0.000  0.000
  251 H   0.0336   0.966  0.000  0.000
  252 H   0.0341   0.966  0.000  0.000
  253 H   0.0307   0.969  0.000  0.000
  254 H   0.0356   0.964  0.000  0.000
  255 H   0.0308   0.969  0.000  0.000
  256 H   0.0458   0.954  0.000  0.000
  257 H   0.0420   0.958  0.000  0.000
  258 H   0.0494   0.951  0.000  0.000
 
 Wiberg/Mayer (AO) data. WBOs > 0.1 written file <wbo>
 largest (>0.05) Wiberg bond orders for each atom
           total WBO             WBO to atom ...
     1  C   3.938    C    2 1.713    S   29 1.130    H  161 0.949    C    4 0.050
     2  C   3.958    C    1 1.713    C    3 1.158    H  162 0.936    S   29 0.086
     3  C   3.937    C    4 1.283    C   28 1.239    C    2 1.158    C   16 0.055
     4  C   3.946    C   15 1.367    C    3 1.283    C    5 0.996    C   17 0.092    C    1 0.050
     5  C   3.950    C   14 1.369    C    6 1.361    C    4 0.996    C    8 0.097
     6  C   3.969    C    7 1.456    C    5 1.361    H  163 0.942    C   12 0.095
     7  C   3.968    C    6 1.456    C    8 1.368    H  164 0.940    C   14 0.101
     8  C   3.948    C    7 1.368    C   12 1.342    S    9 1.026    C    5 0.097
     9  S   2.196    C    8 1.026    C   10 0.972
    10  C   3.961    C   11 1.012    H  166 0.975    S    9 0.972    H  165 0.968
    11  C   3.984    C   10 1.012    H  169 0.982    H  167 0.982    H  168 0.976
    12  C   3.914    C   14 1.413    C    8 1.342    F   13 0.962    C    6 0.095
    13  F   1.098    C   12 0.962
    14  C   3.965    C   12 1.413    C    5 1.369    H  170 0.943    C    7 0.101
    15  C   3.933    C    4 1.367    C   16 1.234    S   32 1.075    C   28 0.056
    16  C   3.948    C   17 1.275    C   15 1.234    C   30 1.188    C    3 0.055
    17  C   3.930    C   28 1.371    C   16 1.275    C   18 0.985    C    4 0.092
    18  C   3.950    C   26 1.376    C   19 1.361    C   17 0.985    C   21 0.098
    19  C   3.968    C   20 1.456    C   18 1.361    H  171 0.942    C   25 0.096
    20  C   3.967    C   19 1.456    C   21 1.365    H  172 0.938    C   26 0.101
    21  C   3.949    C   20 1.365    C   25 1.343    S   22 1.026    C   18 0.098
    22  S   2.205    C   21 1.026    C   23 0.973
    23  C   3.961    C   24 1.011    H  173 0.975    S   22 0.973    H  174 0.967
    24  C   3.982    C   23 1.011    H  176 0.982    H  175 0.978    H  177 0.976
    25  C   3.914    C   26 1.407    C   21 1.343    F   27 0.961    C   19 0.096
    26  C   3.965    C   25 1.407    C   18 1.376    H  178 0.944    C   20 0.101
    27  F   1.097    C   25 0.961
    28  C   3.939    C   17 1.371    C    3 1.239    S   29 1.078    C   15 0.056
    29  S   2.479    C    1 1.130    C   28 1.078    C    2 0.086
    30  C   3.935    C   31 1.577    C   16 1.188    H  179 0.935    S   32 0.074    C   34 0.056
    31  C   3.929    C   30 1.577    C   33 1.099    S   32 1.071
    32  S   2.435    C   15 1.075    C   31 1.071    C   30 0.074
    33  C   3.922    C   34 1.568    C   31 1.099    S   61 1.065
    34  C   3.942    C   33 1.568    C   35 1.192    H  180 0.935    S   61 0.074    C   30 0.056
    35  C   3.937    C   36 1.266    C   60 1.232    C   34 1.192    C   48 0.052
    36  C   3.929    C   47 1.377    C   35 1.266    C   37 0.992    C   49 0.087
    37  C   3.951    C   46 1.376    C   38 1.354    C   36 0.992    C   40 0.096
    38  C   3.967    C   39 1.464    C   37 1.354    H  181 0.937    C   44 0.094
    39  C   3.967    C   38 1.464    C   40 1.356    H  182 0.940    C   46 0.100
    40  C   3.947    C   39 1.356    C   44 1.345    S   41 1.039    C   37 0.096
    41  S   2.200    C   40 1.039    C   42 0.964
    42  C   3.964    C   43 1.016    H  184 0.977    H  183 0.977    S   41 0.964
    43  C   3.984    C   42 1.016    H  186 0.985    H  185 0.983    H  187 0.976
    44  C   3.913    C   46 1.408    C   40 1.345    F   45 0.959    C   38 0.094
    45  F   1.092    C   44 0.959
    46  C   3.964    C   44 1.408    C   37 1.376    H  188 0.943    C   39 0.100
    47  C   3.932    C   36 1.377    C   48 1.227    S   64 1.076    C   60 0.055
    48  C   3.935    C   49 1.272    C   47 1.227    C   62 1.188    C   35 0.052
    49  C   3.928    C   60 1.371    C   48 1.272    C   50 0.993    C   36 0.087
    50  C   3.951    C   58 1.369    C   51 1.360    C   49 0.993    C   53 0.096
    51  C   3.966    C   52 1.459    C   50 1.360    H  189 0.942    C   57 0.094
    52  C   3.968    C   51 1.459    C   53 1.362    H  190 0.941    C   58 0.101
    53  C   3.948    C   52 1.362    C   57 1.340    S   54 1.039    C   50 0.096
    54  S   2.192    C   53 1.039    C   55 0.963
    55  C   3.963    C   56 1.016    H  192 0.977    H  191 0.977    S   54 0.963
    56  C   3.984    C   55 1.016    H  195 0.985    H  194 0.984    H  193 0.976
    57  C   3.914    C   58 1.413    C   53 1.340    F   59 0.961    C   51 0.094
    58  C   3.966    C   57 1.413    C   50 1.369    H  196 0.943    C   52 0.101
    59  F   1.094    C   57 0.961
    60  C   3.932    C   49 1.371    C   35 1.232    S   61 1.074    C   47 0.055
    61  S   2.431    C   60 1.074    C   33 1.065    C   34 0.074
    62  C   3.932    C   63 1.580    C   48 1.188    H  197 0.935    S   64 0.070    C   66 0.065
    63  C   3.917    C   62 1.580    C   65 1.109    S   64 1.048
    64  S   2.422    C   47 1.076    C   63 1.048    C   62 0.070
    65  C   3.915    C   66 1.572    C   63 1.109    S   93 1.050
    66  C   3.940    C   65 1.572    C   67 1.195    H  198 0.934    S   93 0.071    C   62 0.065
    67  C   3.936    C   68 1.262    C   92 1.228    C   66 1.195    C   80 0.053
    68  C   3.925    C   79 1.385    C   67 1.262    C   69 0.986    C   81 0.082
    69  C   3.950    C   78 1.370    C   70 1.367    C   68 0.986    C   72 0.098
    70  C   3.966    C   71 1.454    C   69 1.367    H  199 0.943    C   76 0.095
    71  C   3.968    C   70 1.454    C   72 1.369    H  200 0.940    C   78 0.101
    72  C   3.949    C   71 1.369    C   76 1.341    S   73 1.028    C   69 0.098
    73  S   2.203    C   72 1.028    C   74 0.973
    74  C   3.962    C   75 1.012    H  202 0.975    S   73 0.973    H  201 0.968
    75  C   3.983    C   74 1.012    H  203 0.982    H  205 0.982    H  204 0.976
    76  C   3.914    C   78 1.412    C   72 1.341    F   77 0.961    C   70 0.095
    77  F   1.096    C   76 0.961
    78  C   3.966    C   76 1.412    C   69 1.370    H  206 0.943    C   71 0.101
    79  C   3.933    C   68 1.385    C   80 1.233    S   96 1.063    C   92 0.055
    80  C   3.931    C   81 1.260    C   79 1.233    C   94 1.185    C   67 0.053
    81  C   3.935    C   92 1.371    C   80 1.260    C   82 1.005    C   68 0.082    C   95 0.051
    82  C   3.950    C   90 1.368    C   83 1.354    C   81 1.005    C   85 0.096
    83  C   3.968    C   84 1.461    C   82 1.354    H  207 0.942    C   89 0.094
    84  C   3.968    C   83 1.461    C   85 1.364    H  208 0.940    C   90 0.100
    85  C   3.946    C   84 1.364    C   89 1.342    S   86 1.028    C   82 0.096
    86  S   2.201    C   85 1.028    C   87 0.973
    87  C   3.962    C   88 1.012    H  210 0.975    S   86 0.973    H  209 0.968
    88  C   3.983    C   87 1.012    H  211 0.983    H  212 0.982    H  213 0.976
    89  C   3.914    C   90 1.412    C   85 1.342    F   91 0.962    C   83 0.094
    90  C   3.964    C   89 1.412    C   82 1.368    H  214 0.940    C   84 0.100
    91  F   1.098    C   89 0.962
    92  C   3.930    C   81 1.371    C   67 1.228    S   93 1.071    C   79 0.055
    93  S   2.424    C   92 1.071    C   65 1.050    C   66 0.071
    94  C   3.946    C   95 1.596    C   80 1.185    H  215 0.935    S   96 0.069
    95  C   3.908    C   94 1.596    C   97 1.084    S   96 1.038    C   81 0.051
    96  S   2.402    C   79 1.063    C   95 1.038    C   94 0.069
    97  C   3.905    C  109 1.522    C   95 1.084    S   98 1.077    C   99 0.091
    98  S   2.520    C   99 1.122    C   97 1.077    C  109 0.066    C  108 0.063
    99  C   3.932    C  108 1.422    C  100 1.148    S   98 1.122    C   97 0.091
   100  C   3.911    C  101 1.382    C   99 1.148    S  112 1.109    C  111 0.087    O  102 0.062
   101  C   3.924    C  100 1.382    C  110 1.274    O  102 1.060    S  112 0.061
   102  O   2.271    C  101 1.060    C  103 0.930    C  100 0.062
   103  C   3.865    C  106 0.948    C  108 0.936    O  102 0.930    C  104 0.930
   104  C   3.963    C  105 1.008    H  216 0.967    H  217 0.964    C  103 0.930
   105  C   3.985    C  104 1.008    H  219 0.983    H  220 0.982    H  218 0.978
   106  C   3.965    C  107 1.008    H  222 0.967    H  221 0.966    C  103 0.948
   107  C   3.984    C  106 1.008    H  223 0.983    H  225 0.980    H  224 0.977
   108  C   3.920    C   99 1.422    C  109 1.281    C  103 0.936    S   98 0.063
   109  C   3.951    C   97 1.522    C  108 1.281    H  226 0.935    S   98 0.066
   110  C   3.943    C  111 1.501    C  101 1.274    H  227 0.939    S  112 0.072    C  114 0.057
   111  C   3.922    C  110 1.501    C  113 1.115    S  112 1.100    C  100 0.087
   112  S   2.522    C  100 1.109    C  111 1.100    C  110 0.072    C  101 0.061
   113  C   3.922    C  114 1.565    C  111 1.115    S  141 1.061
   114  C   3.936    C  113 1.565    C  115 1.196    H  228 0.935    S  141 0.071    C  110 0.057
   115  C   3.934    C  116 1.263    C  140 1.230    C  114 1.196    C  128 0.051
   116  C   3.926    C  127 1.380    C  115 1.263    C  117 0.992    C  129 0.085
   117  C   3.950    C  126 1.372    C  118 1.360    C  116 0.992    C  120 0.097
   118  C   3.967    C  119 1.459    C  117 1.360    H  229 0.942    C  124 0.095
   119  C   3.967    C  118 1.459    C  120 1.365    H  230 0.940    C  126 0.101
   120  C   3.947    C  119 1.365    C  124 1.344    S  121 1.030    C  117 0.097
   121  S   2.213    C  120 1.030    C  122 0.970
   122  C   3.960    C  123 1.012    H  231 0.972    S  121 0.970    H  232 0.963
   123  C   3.983    C  122 1.012    H  233 0.983    H  235 0.981    H  234 0.975
   124  C   3.913    C  126 1.411    C  120 1.344    F  125 0.959    C  118 0.095
   125  F   1.094    C  124 0.959
   126  C   3.965    C  124 1.411    C  117 1.372    H  236 0.943    C  119 0.101
   127  C   3.930    C  116 1.380    C  128 1.227    S  144 1.070    C  140 0.055
   128  C   3.934    C  129 1.265    C  127 1.227    C  142 1.197    C  115 0.051
   129  C   3.923    C  140 1.373    C  128 1.265    C  130 0.997    C  116 0.085
   130  C   3.949    C  138 1.369    C  131 1.360    C  129 0.997    C  133 0.097
   131  C   3.968    C  132 1.457    C  130 1.360    H  237 0.942    C  137 0.095
   132  C   3.968    C  131 1.457    C  133 1.367    H  238 0.940    C  138 0.101
   133  C   3.948    C  132 1.367    C  137 1.343    S  134 1.025    C  130 0.097
   134  S   2.195    C  133 1.025    C  135 0.972
   135  C   3.962    C  136 1.011    H  240 0.975    S  134 0.972    H  239 0.968
   136  C   3.983    C  135 1.011    H  241 0.983    H  243 0.982    H  242 0.976
   137  C   3.913    C  138 1.412    C  133 1.343    F  139 0.961    C  131 0.095
   138  C   3.964    C  137 1.412    C  130 1.369    H  244 0.943    C  132 0.101
   139  F   1.096    C  137 0.961
   140  C   3.930    C  129 1.373    C  115 1.230    S  141 1.073    C  127 0.055
   141  S   2.428    C  140 1.073    C  113 1.061    C  114 0.071
   142  C   3.932    C  143 1.553    C  128 1.197    H  245 0.935    S  144 0.066    C  157 0.064
   143  C   3.921    C  142 1.553    C  145 1.139    S  144 1.054
   144  S   2.416    C  127 1.070    C  143 1.054    C  142 0.066
   145  C   3.925    C  157 1.477    C  143 1.139    S  146 1.093    C  147 0.085
   146  S   2.533    C  147 1.125    C  145 1.093    C  157 0.064    C  156 0.060
   147  C   3.928    C  156 1.420    C  148 1.145    S  146 1.125    C  145 0.085
   148  C   3.940    C  149 1.415    C  147 1.145    S  160 1.121    C  159 0.100    O  150 0.061
   149  C   3.919    C  148 1.415    C  158 1.238    O  150 1.051    S  160 0.070
   150  O   2.261    C  149 1.051    C  151 0.939    C  148 0.061
   151  C   3.872    C  154 0.953    O  150 0.939    C  156 0.931    C  152 0.927
   152  C   3.962    C  153 1.004    H  246 0.966    H  247 0.960    C  151 0.927
   153  C   3.982    C  152 1.004    H  250 0.984    H  248 0.982    H  249 0.978
   154  C   3.968    C  155 1.008    H  252 0.965    H  251 0.964    C  151 0.953
   155  C   3.986    C  154 1.008    H  255 0.985    H  253 0.982    H  254 0.979
   156  C   3.935    C  147 1.420    C  157 1.300    C  151 0.931    S  146 0.060
   157  C   3.942    C  145 1.477    C  156 1.300    H  256 0.935    S  146 0.064    C  142 0.064
   158  C   3.966    C  159 1.627    C  149 1.238    H  257 0.940    S  160 0.085
   159  C   3.934    C  158 1.627    S  160 1.181    H  258 0.952    C  148 0.100
   160  S   2.584    C  159 1.181    C  148 1.121    C  158 0.085    C  149 0.070
   161  H   0.994    C    1 0.949
   162  H   0.995    C    2 0.936
   163  H   0.997    C    6 0.942
   164  H   0.995    C    7 0.940
   165  H   0.996    C   10 0.968
   166  H   0.998    C   10 0.975
   167  H   0.999    C   11 0.982
   168  H   0.999    C   11 0.976
   169  H   0.999    C   11 0.982
   170  H   0.998    C   14 0.943
   171  H   0.997    C   19 0.942
   172  H   0.995    C   20 0.938
   173  H   0.998    C   23 0.975
   174  H   0.996    C   23 0.967
   175  H   0.999    C   24 0.978
   176  H   0.999    C   24 0.982
   177  H   0.998    C   24 0.976
   178  H   0.998    C   26 0.944
   179  H   0.995    C   30 0.935
   180  H   0.995    C   34 0.935
   181  H   0.997    C   38 0.937
   182  H   0.995    C   39 0.940
   183  H   0.998    C   42 0.977
   184  H   0.998    C   42 0.977
   185  H   0.999    C   43 0.983
   186  H   0.999    C   43 0.985
   187  H   0.997    C   43 0.976
   188  H   0.998    C   46 0.943
   189  H   0.997    C   51 0.942
   190  H   0.995    C   52 0.941
   191  H   0.998    C   55 0.977
   192  H   0.998    C   55 0.977
   193  H   0.997    C   56 0.976
   194  H   0.999    C   56 0.984
   195  H   0.999    C   56 0.985
   196  H   0.998    C   58 0.943
   197  H   0.995    C   62 0.935
   198  H   0.995    C   66 0.934
   199  H   0.997    C   70 0.943
   200  H   0.995    C   71 0.940
   201  H   0.996    C   74 0.968
   202  H   0.998    C   74 0.975
   203  H   0.999    C   75 0.982
   204  H   0.999    C   75 0.976
   205  H   0.999    C   75 0.982
   206  H   0.998    C   78 0.943
   207  H   0.997    C   83 0.942
   208  H   0.995    C   84 0.940
   209  H   0.996    C   87 0.968
   210  H   0.998    C   87 0.975
   211  H   0.999    C   88 0.983
   212  H   0.999    C   88 0.982
   213  H   0.999    C   88 0.976
   214  H   0.998    C   90 0.940
   215  H   0.995    C   94 0.935
   216  H   0.999    C  104 0.967
   217  H   0.997    C  104 0.964
   218  H   0.998    C  105 0.978
   219  H   0.999    C  105 0.983
   220  H   0.999    C  105 0.982
   221  H   0.999    C  106 0.966
   222  H   0.997    C  106 0.967
   223  H   0.999    C  107 0.983
   224  H   0.997    C  107 0.977
   225  H   0.999    C  107 0.980
   226  H   0.995    C  109 0.935
   227  H   0.995    C  110 0.939
   228  H   0.995    C  114 0.935
   229  H   0.997    C  118 0.942
   230  H   0.995    C  119 0.940
   231  H   0.998    C  122 0.972
   232  H   0.997    C  122 0.963
   233  H   0.999    C  123 0.983
   234  H   0.998    C  123 0.975
   235  H   0.999    C  123 0.981
   236  H   0.998    C  126 0.943
   237  H   0.997    C  131 0.942
   238  H   0.995    C  132 0.940
   239  H   0.996    C  135 0.968
   240  H   0.998    C  135 0.975
   241  H   0.999    C  136 0.983
   242  H   0.999    C  136 0.976
   243  H   0.999    C  136 0.982
   244  H   0.998    C  138 0.943
   245  H   0.995    C  142 0.935
   246  H   0.998    C  152 0.966
   247  H   0.998    C  152 0.960
   248  H   0.999    C  153 0.982
   249  H   0.997    C  153 0.978
   250  H   0.999    C  153 0.984
   251  H   0.998    C  154 0.964
   252  H   0.997    C  154 0.965
   253  H   0.999    C  155 0.982
   254  H   0.998    C  155 0.979
   255  H   0.999    C  155 0.985
   256  H   0.996    C  157 0.935
   257  H   0.996    C  158 0.940
   258  H   0.995    C  159 0.952
 
 --------------------------------------------
          xTB calculation for sTDA...
 --------------------------------------------
 
 reading parameter file /ihome/ghutchison/blp62/xtb4stda/.param_stda2.xtb
 
      method parameters     
 k(s)        :  1.6000
 k(p)        :  2.1800
 k(d)        :  1.9500
 k(f)        :  2.0000
 k(R-V)      :  2.2750
 k(R-R)      :  1.7650
 Tscal       :  0.2580
 Gscal       :  1.0000
 fpol        :  1.0000
 Zcnf        :  0.3430
 Zqf         :  0.0000
 kcn         :  2.7000
 Ryd Hsplit  :  0.7000
 lshift(virt):  3.1000
 lshift(OS)  :  0.2000
 wllscaling  :  2.6000
 
 mowrcut     : 3.000
 
  Z AO/shell   Hii/eV     exponent
  1     Sun Feb 14 09:53:25 CET 2016    EN: 2.327 GAM: 0.473  GM3: 0.0000
     1s    -14.339618    1.220000
     2sp    -3.348946    0.600000
  6     Sun Feb 14 09:53:25 CET 2016    EN: 2.731 GAM: 0.422  GM3: 0.0000
     2s    -22.009312    1.565095
     2p    -13.020408    1.596905
     3sp    -3.914040    0.824500
  8     Sun Feb 14 09:53:25 CET 2016    EN: 3.700 GAM: 0.587  GM3: 0.0000
     2s    -33.859000    2.418661
     2p    -22.175911    1.973969
     3sp    -4.259392    1.013700
  9     Sun Feb 21 12:20:01 CET 2016    EN: 3.394 GAM: 0.600  GM3: 0.0000
     2s    -26.548112    1.943768
     2p    -23.081168    2.552035
     3sp    -1.937199    1.103200
 16     Sun Feb 21 16:35:57 CET 2016    EN: 1.915 GAM: 0.200  GM3: 0.0000
     3s    -17.898811    2.619580
     3p    -15.317401    1.798798
     4sp    -4.455139    0.843200
 
 Nbf   :         1770
 T(el) :     0.0
 calculating S/T integrals ...
 cpu time for ints    3.97349900000000     
 Nao   :         1770
 making H0...
 making H1...
 cpu time for H      9.052900000000008E-002
 solving ...
 cpu time for diag    1.76650700000000     
 
 gap (eV)           :   5.082
 Koopmans IP (eV)   :  13.135
 Eel (Eh)           :  -680.065711

          eigenvalues
 #    :         391        392        393        394        395        396        397        398
 occ. :        2.000      2.000      2.000      2.000      2.000      2.000      2.000      2.000
 eps  :       -14.838    -14.822    -14.791    -14.733    -14.715    -14.658    -14.541    -14.218
 #    :         399        400        401        402        403        404        405        406
 occ. :        2.000      2.000      2.000      2.000      2.000      0.000      0.000      0.000
 eps  :       -14.148    -14.064    -13.861    -13.415    -13.136     -8.053     -7.793     -7.504
 #    :         407        408        409        410        411        412        413        414
 occ. :        0.000      0.000      0.000      0.000      0.000      0.000      0.000      0.000
 eps  :        -7.120     -6.937     -6.621     -6.495     -6.416     -6.255     -6.205     -6.089
                            1  SCC done.
 writing mo output ...
 molden style : F
 
speedup  2.89
cpu  time for all   13.88 s
wall time for all    4.81 s
