 
        ______________________________________
       |                                      |
       |          ===================         |
       |             xTB for sTDA             |
       |          ===================         |
       |               S. Grimme              |
       |        Universitaet Bonn, MCTC       |
       |         2015-19, Version 1.0         |
       |     Wed Apr  3 09:14:55 CEST 2019    |
       |______________________________________|
 
        This code comes without any warranty
        for non-commercial, academia use only.
        Preliminary test version.
        Cite this work as:
        S. Grimme  &  C. Bannwarth, JCP 145 (2016) 054103
        if GBSA is used additionally:
        P. Shushkov, F. März, C. Bannwarth, S. Grimme, unpublished.
 
        with help from
        P. Shushkov, G. Brandenburg, S. Dohm, J. Pisarek,
        F. März, M. Checinski, S. Ehrlich, S. Spicher, 
        P. Pracht, E. Caldeweyher, S. Ehlert, and C. Bannwarth.
 
        usage        :
        xtb4stda <coord_file> [options]
        where <coord_file> is a valid file of TM)
        (*coord, Bohr) or xmol (*xyz, Angstroem)
        format.

        options:
        -chrg <int>   : molecular charge
        -uhf  <int>   : # of unpaired electrons(=2*S)
        -nox          : skip second, extended part in sTDA-xTB
        -pop          : do population analysis
                      : (default for -nox)
        -mowr <real>  : cut MO write above (def.3 Eh)
        -molden       : write formatted molden file
        -parx <file>  : read parameters for sTDA-xTB
                        calc (def:~/.param_stda2.xtb)
        -parv <file>  : read parameters for vTB part in
                        sTDA-xTB (def: ~/.param_stda1.xtb)
        -xtemp <real> : el. temp for xTB (def. 0 K)
        -etemp <real> : el. temp for GFN (def. 300 K)
        -fod          : calculate the FOD and write
                        molden.input file with
                        appropriate occupations
                        for plotting. Def. T=12500 K
 
        -acc <real>   : xTB accuracy (def. 1.0)
        -gbsa [string1] [string2]
                        use GBSA implicit solvent
                        for solvent [string1] and
                        solvation state [string2]=
                        reference, bar1M (default=1M)
        additional GFN/opt/MD/siman options read from
        $XTB4STDAHOME/.xtb4stdarc or $set in input
 
       spin and charge state information can be on:
       <.CHRG> (charge) and <.UHF> (=nalpha-nbeta)
       -uhf and -chrg override the file info.
       useful machine settings:
       setenv MKL_NUM_THREADS <NCORE_ON_YOUR_MACHINE>
       setenv OMP_STACKSIZE 500m
       limit stacksize unlimited
 
       total energies in Eh, gaps/HL energies in eV
       please read REVISION and HOWTO files carefully
 =============================
  # OMP threads =           8
 =============================
 
 xtb4stdahome directory:/ihome/ghutchison/blp62/xtb4stda/
 
 
 name of molecule           :
 comment line               :
 number of atoms            :   125
 number of electrons        :   364
 charge                     :  0
 spin                       : 0.0
 first test random number   :  0.1763
 
 -----------------------------------------
      charge density (VTB) calculation
 -----------------------------------------
 
      method parameters     
 k(s)        :  1.8000
 k(p)        :  2.8350
 k(d)        :  2.0860
 k(f)        :  2.0000
 Tscal       :  0.3300
 Gscal       :  0.3910
 fpol        :  1.0000
 Zcnf        :  0.6500
 Zqf         :  0.0000
 kcn         :  0.3000
 kEN1        : -0.5900
 wllscal     :  2.6000
 
     -------------------------
     ! NO SOLVENT MODEL USED !
     -------------------------
 
 doing EN charges ...
 sum q :  0.1110223D-14
 point charge moment (au)
     X       Y       Z   
  -0.0325  -0.4428  -0.8385  total (Debye):    2.412
 
            Z      q(EN)   CN      Cart. coordinates
     1  C   4.0  -0.072   3.177     4.18820     7.79852   -12.53909
     2  C   4.0  -0.071   3.139     1.91070     6.60799   -12.81650
     3  C   4.0  -0.074   3.187     0.81693     5.30484   -10.79733
     4  C   4.0   0.000   3.222     1.96834     5.17029    -8.45822
     5  C   4.0   0.083   3.363     4.33560     6.42091    -8.12941
     6  C   4.0  -0.001   3.259     5.44865     7.72255   -10.19791
     7  C   4.0  -0.071   3.191     7.80986     8.89248    -9.80163
     8  C   4.0  -0.067   3.136     8.92593     8.74414    -7.47576
     9  C   4.0   0.039   3.211     7.65963     7.41755    -5.55938
    10  N   5.0  -0.221   2.172     5.47756     6.31017    -5.85626
    11  C   4.0  -0.071   3.153     0.85038     3.86260    -6.33115
    12  C   4.0  -0.072   3.149    -0.81561     1.95795    -6.52617
    13  C   4.0  -0.003   3.209    -2.06415     0.69051    -4.45257
    14  C   4.0  -0.073   3.187    -2.37501     1.85155    -2.12934
    15  C   4.0  -0.073   3.197    -3.89699     0.81258    -0.26324
    16  C   4.0  -0.000   3.216    -5.25268    -1.39896    -0.62909
    17  C   4.0   0.085   3.346    -4.78101    -2.78546    -2.89544
    18  C   4.0  -0.002   3.285    -3.16302    -1.75215    -4.78498
    19  C   4.0  -0.072   3.196    -2.67377    -3.27565    -6.91318
    20  C   4.0  -0.067   3.134    -3.77662    -5.60738    -7.12389
    21  C   4.0   0.040   3.205    -5.36229    -6.42072    -5.16746
    22  N   5.0  -0.223   2.174    -5.83283    -5.08412    -3.15301
    23  C   4.0  -0.073   3.168    -7.07022    -2.12254     1.27349
    24  C   4.0  -0.071   3.143    -9.03024    -3.71974     1.01913
    25  C   4.0  -0.005   3.220   -10.73478    -4.32350     3.07402
    26  C   4.0  -0.074   3.194   -11.68342    -6.74878     3.30664
    27  C   4.0  -0.072   3.187   -12.74148    -7.60936     5.56600
    28  C   4.0  -0.009   3.311   -12.84201    -6.06489     7.65887
    29  C   4.0   0.081   3.400   -12.33311    -3.43836     7.34045
    30  C   4.0  -0.003   3.292   -11.34535    -2.54565     5.00796
    31  C   4.0  -0.072   3.190   -11.08551     0.08882     4.74680
    32  C   4.0  -0.068   3.132   -11.60197     1.63612     6.75974
    33  C   4.0   0.039   3.206   -12.40114     0.52837     9.03006
    34  N   5.0  -0.221   2.176   -12.79458    -1.88878     9.30104
    35  C   4.0  -0.071   3.157   -13.17857    -6.99936    10.24761
    36  C   4.0  -0.077   3.180   -11.28147    -6.84497    11.91793
    37  C   4.0  -0.084   3.208    -8.76512    -6.01122    11.28922
    38  S   6.0   0.233   2.755    -7.57912    -6.42034     8.24072
    39  C   4.0  -0.097   3.330    -4.80236    -4.95770     9.07144
    40  C   4.0  -0.096   3.310    -2.83270    -4.23147     7.42284
    41  C   4.0   0.058   3.442    -1.00118    -2.58703     8.30516
    42  O   6.0  -0.130   2.106    -0.96074    -1.70718    10.69849
    43  C   4.0   0.020   4.175    -2.36594    -3.05474    12.62677
    44  C   4.0  -0.161   4.086    -3.01355    -1.05352    14.62875
    45  C   4.0  -0.241   4.021    -0.70525     0.25398    15.74973
    46  C   4.0  -0.160   4.087    -0.60547    -5.17048    13.60811
    47  C   4.0  -0.241   4.020    -1.66012    -6.67357    15.82154
    48  C   4.0  -0.005   3.463    -4.74718    -4.23790    11.57835
    49  C   4.0  -0.087   3.370    -7.00295    -4.87625    12.82689
    50  C   4.0  -0.085   3.364     0.67501    -1.82340     6.39729
    51  C   4.0  -0.085   3.234     0.15552    -2.88164     4.06971
    52  S   6.0   0.228   2.654    -2.47460    -4.86548     4.25396
    53  C   4.0  -0.008   3.264     1.42825    -2.31095     1.72097
    54  C   4.0  -0.073   3.197     2.57966     0.03458     1.49572
    55  C   4.0  -0.073   3.197     3.79570     0.78197    -0.69769
    56  C   4.0   0.001   3.214     3.88641    -0.72603    -2.83780
    57  C   4.0   0.086   3.345     2.72234    -3.15490    -2.69343
    58  C   4.0  -0.001   3.280     1.54391    -3.97201    -0.40516
    59  C   4.0  -0.076   3.215     0.62229    -6.46967    -0.37719
    60  C   4.0  -0.067   3.134     0.73057    -7.93949    -2.50445
    61  C   4.0   0.040   3.206     1.82170    -6.90430    -4.67688
    62  N   5.0  -0.225   2.183     2.80511    -4.64816    -4.74699
    63  C   4.0  -0.070   3.164     5.14535     0.28554    -5.03347
    64  C   4.0  -0.070   3.149     5.21394    -0.67218    -7.38316
    65  C   4.0  -0.003   3.215     6.41071     0.58411    -9.50286
    66  C   4.0  -0.073   3.193     5.19334     0.57485   -11.81589
    67  C   4.0  -0.072   3.181     6.09285     1.94377   -13.86945
    68  C   4.0  -0.000   3.222     8.27360     3.36863   -13.71695
    69  C   4.0   0.083   3.363     9.67294     3.29455   -11.41565
    70  C   4.0  -0.001   3.282     8.76455     1.87574    -9.31786
    71  C   4.0  -0.072   3.193    10.35267     1.72589    -7.18474
    72  C   4.0  -0.067   3.133    12.57764     3.04681    -7.13882
    73  C   4.0   0.041   3.206    13.22317     4.49622    -9.26060
    74  N   5.0  -0.221   2.175    11.86427     4.58712   -11.31095
    75  C   4.0  -0.071   3.101     9.22867     4.90913   -15.77864
    76  C   4.0  -0.142   3.046     7.99638     5.50005   -17.88607
    77  H   1.0   0.075   1.005     5.05521     8.79781   -14.09320
    78  H   1.0   0.074   1.005     0.92993     6.67413   -14.60588
    79  H   1.0   0.075   1.006    -1.00269     4.42271   -11.07115
    80  H   1.0   0.075   1.005     8.70729     9.87401   -11.35158
    81  H   1.0   0.075   1.004    10.73478     9.60718    -7.10102
    82  H   1.0   0.075   1.005     8.48903     7.26127    -3.69271
    83  H   1.0   0.077   1.009     1.53276     4.46580    -4.50662
    84  H   1.0   0.075   1.008    -1.31903     1.29956    -8.39341
    85  H   1.0   0.076   1.006    -1.50630     3.66569    -1.79373
    86  H   1.0   0.075   1.006    -4.13226     1.83303     1.49213
    87  H   1.0   0.076   1.006    -1.37496    -2.62861    -8.34692
    88  H   1.0   0.074   1.004    -3.41681    -6.81190    -8.72978
    89  H   1.0   0.075   1.004    -6.26274    -8.25754    -5.24664
    90  H   1.0   0.074   1.010    -6.80471    -1.17541     3.07099
    91  H   1.0   0.076   1.009    -9.24718    -4.76759    -0.71753
    92  H   1.0   0.075   1.005   -11.39335    -8.07574     1.78296
    93  H   1.0   0.075   1.005   -13.26607    -9.57486     5.73891
    94  H   1.0   0.075   1.006   -10.54864     0.87268     2.93909
    95  H   1.0   0.074   1.004   -11.44021     3.66361     6.60705
    96  H   1.0   0.075   1.004   -12.79704     1.68242    10.67317
    97  H   1.0   0.074   1.004   -14.99025    -7.76753    10.78939
    98  H   1.0   0.074   1.005   -11.57967    -7.37428    13.87040
    99  H   1.0   0.082   1.004    -4.21050     0.35508    13.70921
   100  H   1.0   0.083   1.004    -4.11318    -1.93943    16.12598
   101  H   1.0   0.082   1.000     0.49813     0.96886    14.24834
   102  H   1.0   0.082   0.999     0.38607    -1.03538    16.91796
   103  H   1.0   0.081   0.999    -1.30391     1.83266    16.92193
   104  H   1.0   0.082   1.004     1.19601    -4.31122    14.12457
   105  H   1.0   0.081   1.004    -0.25152    -6.44926    12.02281
   106  H   1.0   0.081   0.999    -0.36510    -8.19480    16.30248
   107  H   1.0   0.082   0.999    -1.89728    -5.48606    17.47997
   108  H   1.0   0.082   1.000    -3.47728    -7.50165    15.33664
   109  H   1.0   0.080   1.005    -7.38769    -4.46769    14.77955
   110  H   1.0   0.080   1.005     2.23290    -0.57296     6.75407
   111  H   1.0   0.076   1.007     2.48726     1.34171     3.05758
   112  H   1.0   0.075   1.006     4.66139     2.63088    -0.76307
   113  H   1.0   0.076   1.027    -0.14022    -7.26316     1.33585
   114  H   1.0   0.074   1.004     0.02627    -9.85228    -2.50294
   115  H   1.0   0.075   1.005     1.94491    -7.98504    -6.41127
   116  H   1.0   0.076   1.011     6.00649     2.11460    -4.71090
   117  H   1.0   0.077   1.010     4.19009    -2.38994    -7.79002
   118  H   1.0   0.075   1.006     3.44535    -0.46449   -12.00430
   119  H   1.0   0.075   1.006     5.03820     1.89672   -15.61499
   120  H   1.0   0.076   1.006     9.82676     0.52043    -5.62515
   121  H   1.0   0.074   1.004    13.83431     2.95459    -5.53501
   122  H   1.0   0.075   1.004    14.95850     5.58225    -9.29405
   123  H   1.0   0.075   1.008    11.11197     5.63327   -15.45853
   124  H   1.0   0.073   1.001     6.10004     4.86737   -18.27082
   125  H   1.0   0.073   1.001     8.85242     6.66317   -19.31924
 
  Z AO/shell   Hii/eV     exponent
  1     Sat Feb 20 21:38:01 CET 2016    EN: 2.327 GAM: 0.473  GM3: 0.0000
     1s    -13.751157    1.051071
  6     Sat Feb 20 21:38:01 CET 2016    EN: 2.731 GAM: 0.422  GM3: 0.0000
     2s    -19.378245    2.021003
     2p    -11.993376    1.497917
  7     Sat Feb 20 21:38:01 CET 2016    EN: 3.573 GAM: 0.504  GM3: 0.0000
     2s    -21.576984    2.275442
     2p    -16.125120    2.056788
  8     Sat Feb 20 21:38:01 CET 2016    EN: 3.700 GAM: 0.587  GM3: 0.0000
     2s    -21.648843    2.110798
     2p    -17.239740    2.329048
 16     Sat Feb 20 23:13:41 CET 2016    EN: 1.915 GAM: 0.389  GM3: 0.0000
     3s    -22.000000    2.671470
     3p    -15.834192    1.836978
     3d     -2.593599    1.836978
 
 dipole moment of classical point charges (au)
     X       Y       Z   
  -0.0325  -0.4428  -0.8385  total (Debye):    2.412

 
 Nbf   :          365
 T(el) :   300.0
 calculating S/T integrals ...
 cpu time for ints   0.501874000000000     
 Nao   :          363
 making H0...
 making H1...
 cpu time for H      0.431730000000000     
 solving ...
 cpu time for diag   0.184355000000000     
 
 gap (eV)           :   2.556
 Koopmans IP (eV)   :  11.995
 Eel (Eh)           :  -285.223228
 T,E(Fermi),NFOD :    300.000   -10.717  0.000000
 T,E(Fermi),NFOD :    300.000   -10.717  0.000000
 Nfod               :  0.0000
 Nfod/Nel           :  0.0000

          eigenvalues
 #    :         170        171        172        173        174        175        176        177
 occ. :        2.000      2.000      2.000      2.000      2.000      2.000      2.000      2.000
 eps  :       -15.411    -15.371    -15.282    -15.154    -15.116    -15.115    -14.920    -14.552
 #    :         178        179        180        181        182        183        184        185
 occ. :        2.000      2.000      2.000      2.000      2.000      0.000      0.000      0.000
 eps  :       -14.403    -13.912    -13.410    -12.943    -11.996     -9.440     -9.367     -8.713
 #    :         186        187        188        189        190        191        192        193
 occ. :        0.000      0.000      0.000      0.000      0.000      0.000      0.000      0.000
 eps  :        -8.644     -8.408     -8.060     -7.942     -7.689     -6.900     -6.833     -6.782
                            1  SCC done.
 making H1...
 cpu time for H      0.605359000000000     
 solving ...
 cpu time for diag   7.102399999999998E-002
 
 gap (eV)           :   2.769
 Koopmans IP (eV)   :  11.989
 Eel (Eh)           :  -282.806760
 T,E(Fermi),NFOD :    300.000   -10.604  0.000000
 T,E(Fermi),NFOD :    300.000   -10.604  0.000000
 Nfod               :  0.0000
 Nfod/Nel           :  0.0000

          eigenvalues
 #    :         170        171        172        173        174        175        176        177
 occ. :        2.000      2.000      2.000      2.000      2.000      2.000      2.000      2.000
 eps  :       -14.807    -14.746    -14.730    -14.676    -14.634    -14.549    -14.525    -14.249
 #    :         178        179        180        181        182        183        184        185
 occ. :        2.000      2.000      2.000      2.000      2.000      0.000      0.000      0.000
 eps  :       -14.168    -13.693    -13.229    -12.734    -11.990     -9.221     -9.183     -8.407
 #    :         186        187        188        189        190        191        192        193
 occ. :        0.000      0.000      0.000      0.000      0.000      0.000      0.000      0.000
 eps  :        -8.374     -8.052     -7.859     -7.733     -7.360     -6.616     -6.541     -6.473
                            2  SCC done.
 
 
 Mulliken/CM5 charges    n(s)   n(p)   n(d)   
    1 C  -0.0416 -0.0953   1.144  2.898  0.000
    2 C  -0.0266 -0.0830   1.134  2.893  0.000
    3 C  -0.0439 -0.0976   1.143  2.901  0.000
    4 C   0.0152  0.0120   1.163  2.822  0.000
    5 C   0.0355  0.1066   1.187  2.778  0.000
    6 C   0.0051  0.0030   1.167  2.827  0.000
    7 C  -0.0127 -0.0636   1.155  2.858  0.000
    8 C  -0.0233 -0.0734   1.139  2.884  0.000
    9 C   0.0241  0.0531   1.163  2.813  0.000
   10 N  -0.1907 -0.3988   1.477  3.714  0.000
   11 C  -0.0328 -0.0863   1.141  2.892  0.000
   12 C  -0.0380 -0.0936   1.138  2.900  0.000
   13 C  -0.0024 -0.0110   1.170  2.833  0.000
   14 C  -0.0335 -0.0872   1.139  2.895  0.000
   15 C  -0.0434 -0.0969   1.145  2.898  0.000
   16 C   0.0151  0.0125   1.164  2.821  0.000
   17 C   0.0364  0.1089   1.187  2.777  0.000
   18 C   0.0004  0.0011   1.175  2.825  0.000
   19 C  -0.0181 -0.0692   1.154  2.864  0.000
   20 C  -0.0285 -0.0790   1.139  2.889  0.000
   21 C   0.0236  0.0531   1.161  2.815  0.000
   22 N  -0.1858 -0.3902   1.473  3.713  0.000
   23 C  -0.0415 -0.0943   1.145  2.897  0.000
   24 C  -0.0292 -0.0823   1.143  2.886  0.000
   25 C  -0.0028 -0.0112   1.171  2.831  0.000
   26 C  -0.0308 -0.0839   1.141  2.890  0.000
   27 C  -0.0362 -0.0884   1.144  2.892  0.000
   28 C   0.0093  0.0090   1.171  2.820  0.000
   29 C   0.0334  0.1069   1.190  2.776  0.000
   30 C  -0.0020 -0.0015   1.176  2.826  0.000
   31 C  -0.0222 -0.0741   1.157  2.865  0.000
   32 C  -0.0337 -0.0842   1.140  2.894  0.000
   33 C   0.0222  0.0519   1.161  2.816  0.000
   34 N  -0.1942 -0.3902   1.479  3.715  0.000
   35 C  -0.0258 -0.0768   1.140  2.886  0.000
   36 C  -0.0245 -0.0757   1.135  2.890  0.000
   37 C  -0.0257 -0.0190   1.172  2.854  0.000
   38 S   0.1046  0.0679   1.888  3.960  0.048
   39 C  -0.0353 -0.0204   1.172  2.863  0.000
   40 C  -0.0454 -0.0292   1.160  2.885  0.000
   41 C   0.0366  0.0600   1.154  2.810  0.000
   42 O  -0.1564 -0.2296   1.472  4.684  0.000
   43 C   0.0912  0.0941   1.254  2.655  0.000
   44 C  -0.0414 -0.1469   1.141  2.900  0.000
   45 C  -0.0898 -0.2416   1.089  3.001  0.000
   46 C  -0.0524 -0.1573   1.149  2.904  0.000
   47 C  -0.0898 -0.2421   1.089  3.001  0.000
   48 C  -0.0604 -0.0640   1.191  2.870  0.000
   49 C  -0.0808 -0.1313   1.141  2.939  0.000
   50 C  -0.0802 -0.1278   1.135  2.945  0.000
   51 C  -0.0375 -0.0295   1.172  2.865  0.000
   52 S   0.1212  0.0803   1.886  3.940  0.053
   53 C  -0.0009 -0.0051   1.169  2.832  0.000
   54 C  -0.0394 -0.0930   1.139  2.900  0.000
   55 C  -0.0397 -0.0940   1.145  2.895  0.000
   56 C   0.0126  0.0095   1.162  2.825  0.000
   57 C   0.0380  0.1105   1.188  2.774  0.000
   58 C   0.0014  0.0030   1.175  2.823  0.000
   59 C  -0.0209 -0.0710   1.157  2.864  0.000
   60 C  -0.0250 -0.0754   1.139  2.886  0.000
   61 C   0.0266  0.0559   1.161  2.812  0.000
   62 N  -0.1855 -0.3946   1.469  3.716  0.000
   63 C  -0.0390 -0.0926   1.146  2.893  0.000
   64 C  -0.0341 -0.0874   1.143  2.891  0.000
   65 C   0.0025 -0.0060   1.172  2.825  0.000
   66 C  -0.0340 -0.0876   1.138  2.896  0.000
   67 C  -0.0401 -0.0936   1.142  2.899  0.000
   68 C   0.0056  0.0028   1.163  2.832  0.000
   69 C   0.0329  0.1043   1.188  2.779  0.000
   70 C   0.0027  0.0035   1.174  2.824  0.000
   71 C  -0.0189 -0.0704   1.157  2.862  0.000
   72 C  -0.0326 -0.0831   1.139  2.893  0.000
   73 C   0.0225  0.0520   1.162  2.815  0.000
   74 N  -0.1938 -0.3970   1.476  3.718  0.000
   75 C  -0.0254 -0.0809   1.137  2.888  0.000
   76 C  -0.0837 -0.1875   1.112  2.972  0.000
   77 H   0.0419  0.1002   0.958  0.000  0.000
   78 H   0.0413  0.0980   0.959  0.000  0.000
   79 H   0.0429  0.1013   0.957  0.000  0.000
   80 H   0.0425  0.1009   0.957  0.000  0.000
   81 H   0.0404  0.0981   0.960  0.000  0.000
   82 H   0.0500  0.1175   0.950  0.000  0.000
   83 H   0.0446  0.1111   0.955  0.000  0.000
   84 H   0.0403  0.1011   0.960  0.000  0.000
   85 H   0.0451  0.1043   0.955  0.000  0.000
   86 H   0.0426  0.1007   0.957  0.000  0.000
   87 H   0.0463  0.1064   0.954  0.000  0.000
   88 H   0.0397  0.0968   0.960  0.000  0.000
   89 H   0.0505  0.1179   0.949  0.000  0.000
   90 H   0.0377  0.1002   0.962  0.000  0.000
   91 H   0.0444  0.1127   0.956  0.000  0.000
   92 H   0.0427  0.1005   0.957  0.000  0.000
   93 H   0.0438  0.1014   0.956  0.000  0.000
   94 H   0.0447  0.1040   0.955  0.000  0.000
   95 H   0.0395  0.0963   0.960  0.000  0.000
   96 H   0.0511  0.1185   0.949  0.000  0.000
   97 H   0.0492  0.1064   0.951  0.000  0.000
   98 H   0.0463  0.1037   0.954  0.000  0.000
   99 H   0.0342  0.0934   0.966  0.000  0.000
  100 H   0.0386  0.0967   0.961  0.000  0.000
  101 H   0.0320  0.0887   0.968  0.000  0.000
  102 H   0.0305  0.0838   0.969  0.000  0.000
  103 H   0.0363  0.0882   0.964  0.000  0.000
  104 H   0.0330  0.0926   0.967  0.000  0.000
  105 H   0.0314  0.0912   0.969  0.000  0.000
  106 H   0.0381  0.0900   0.962  0.000  0.000
  107 H   0.0309  0.0841   0.969  0.000  0.000
  108 H   0.0325  0.0868   0.968  0.000  0.000
  109 H   0.0478  0.1063   0.952  0.000  0.000
  110 H   0.0507  0.1108   0.949  0.000  0.000
  111 H   0.0437  0.1030   0.956  0.000  0.000
  112 H   0.0470  0.1057   0.953  0.000  0.000
  113 H   0.0454  0.1097   0.955  0.000  0.000
  114 H   0.0409  0.0981   0.959  0.000  0.000
  115 H   0.0504  0.1182   0.950  0.000  0.000
  116 H   0.0438  0.1134   0.956  0.000  0.000
  117 H   0.0440  0.1149   0.956  0.000  0.000
  118 H   0.0392  0.0974   0.961  0.000  0.000
  119 H   0.0452  0.1039   0.955  0.000  0.000
  120 H   0.0468  0.1070   0.953  0.000  0.000
  121 H   0.0389  0.0958   0.961  0.000  0.000
  122 H   0.0504  0.1178   0.950  0.000  0.000
  123 H   0.0425  0.1082   0.958  0.000  0.000
  124 H   0.0315  0.0862   0.969  0.000  0.000
  125 H   0.0403  0.0938   0.960  0.000  0.000
 Hirshfeld charges for QMDFF written to <charges>
 
 Loewdin charges    n(s)   n(p)   n(d)
    1 C  -0.0359   1.090  2.946  0.000
    2 C  -0.0189   1.079  2.940  0.000
    3 C  -0.0384   1.089  2.949  0.000
    4 C   0.0181   1.120  2.862  0.000
    5 C   0.0284   1.152  2.820  0.000
    6 C   0.0067   1.125  2.869  0.000
    7 C  -0.0019   1.099  2.903  0.000
    8 C  -0.0206   1.086  2.935  0.000
    9 C   0.0267   1.115  2.858  0.000
   10 N  -0.1696   1.442  3.728  0.000
   11 C  -0.0278   1.088  2.940  0.000
   12 C  -0.0339   1.086  2.948  0.000
   13 C   0.0040   1.126  2.870  0.000
   14 C  -0.0298   1.086  2.944  0.000
   15 C  -0.0362   1.091  2.945  0.000
   16 C   0.0175   1.121  2.862  0.000
   17 C   0.0292   1.152  2.818  0.000
   18 C  -0.0005   1.134  2.867  0.000
   19 C  -0.0080   1.100  2.908  0.000
   20 C  -0.0254   1.086  2.939  0.000
   21 C   0.0259   1.113  2.861  0.000
   22 N  -0.1648   1.437  3.727  0.000
   23 C  -0.0366   1.093  2.944  0.000
   24 C  -0.0245   1.090  2.934  0.000
   25 C   0.0039   1.127  2.869  0.000
   26 C  -0.0263   1.088  2.938  0.000
   27 C  -0.0291   1.090  2.939  0.000
   28 C   0.0128   1.128  2.859  0.000
   29 C   0.0265   1.156  2.818  0.000
   30 C  -0.0028   1.135  2.868  0.000
   31 C  -0.0114   1.102  2.909  0.000
   32 C  -0.0308   1.087  2.944  0.000
   33 C   0.0245   1.114  2.862  0.000
   34 N  -0.1735   1.444  3.729  0.000
   35 C  -0.0214   1.087  2.934  0.000
   36 C  -0.0185   1.081  2.937  0.000
   37 C  -0.0022   1.126  2.876  0.000
   38 S   0.0657   1.874  3.957  0.103
   39 C  -0.0135   1.127  2.887  0.000
   40 C  -0.0279   1.117  2.911  0.000
   41 C   0.0239   1.121  2.855  0.000
   42 O  -0.1216   1.438  4.684  0.000
   43 C   0.0892   1.220  2.691  0.000
   44 C  -0.0386   1.082  2.957  0.000
   45 C  -0.0912   1.016  3.075  0.000
   46 C  -0.0502   1.090  2.960  0.000
   47 C  -0.0910   1.015  3.076  0.000
   48 C  -0.0627   1.153  2.910  0.000
   49 C  -0.0788   1.091  2.988  0.000
   50 C  -0.0812   1.086  2.995  0.000
   51 C  -0.0133   1.127  2.886  0.000
   52 S   0.0822   1.872  3.937  0.109
   53 C   0.0029   1.126  2.871  0.000
   54 C  -0.0356   1.086  2.949  0.000
   55 C  -0.0327   1.091  2.942  0.000
   56 C   0.0145   1.120  2.866  0.000
   57 C   0.0309   1.153  2.816  0.000
   58 C   0.0002   1.135  2.865  0.000
   59 C  -0.0107   1.103  2.908  0.000
   60 C  -0.0222   1.086  2.937  0.000
   61 C   0.0289   1.113  2.858  0.000
   62 N  -0.1641   1.434  3.730  0.000
   63 C  -0.0344   1.094  2.941  0.000
   64 C  -0.0299   1.091  2.939  0.000
   65 C   0.0096   1.128  2.863  0.000
   66 C  -0.0300   1.085  2.945  0.000
   67 C  -0.0336   1.088  2.946  0.000
   68 C   0.0071   1.120  2.873  0.000
   69 C   0.0265   1.153  2.820  0.000
   70 C   0.0013   1.133  2.866  0.000
   71 C  -0.0084   1.102  2.907  0.000
   72 C  -0.0296   1.086  2.943  0.000
   73 C   0.0251   1.114  2.861  0.000
   74 N  -0.1729   1.440  3.733  0.000
   75 C  -0.0154   1.081  2.934  0.000
   76 C  -0.0798   1.047  3.033  0.000
   77 H   0.0340   0.966  0.000  0.000
   78 H   0.0336   0.966  0.000  0.000
   79 H   0.0354   0.965  0.000  0.000
   80 H   0.0331   0.967  0.000  0.000
   81 H   0.0330   0.967  0.000  0.000
   82 H   0.0393   0.961  0.000  0.000
   83 H   0.0361   0.964  0.000  0.000
   84 H   0.0338   0.966  0.000  0.000
   85 H   0.0375   0.962  0.000  0.000
   86 H   0.0349   0.965  0.000  0.000
   87 H   0.0375   0.962  0.000  0.000
   88 H   0.0325   0.968  0.000  0.000
   89 H   0.0396   0.960  0.000  0.000
   90 H   0.0310   0.969  0.000  0.000
   91 H   0.0353   0.965  0.000  0.000
   92 H   0.0349   0.965  0.000  0.000
   93 H   0.0356   0.964  0.000  0.000
   94 H   0.0356   0.964  0.000  0.000
   95 H   0.0322   0.968  0.000  0.000
   96 H   0.0401   0.960  0.000  0.000
   97 H   0.0411   0.959  0.000  0.000
   98 H   0.0383   0.962  0.000  0.000
   99 H   0.0304   0.970  0.000  0.000
  100 H   0.0361   0.964  0.000  0.000
  101 H   0.0314   0.969  0.000  0.000
  102 H   0.0310   0.969  0.000  0.000
  103 H   0.0361   0.964  0.000  0.000
  104 H   0.0300   0.970  0.000  0.000
  105 H   0.0281   0.972  0.000  0.000
  106 H   0.0377   0.962  0.000  0.000
  107 H   0.0313   0.969  0.000  0.000
  108 H   0.0321   0.968  0.000  0.000
  109 H   0.0409   0.959  0.000  0.000
  110 H   0.0429   0.957  0.000  0.000
  111 H   0.0362   0.964  0.000  0.000
  112 H   0.0391   0.961  0.000  0.000
  113 H   0.0374   0.963  0.000  0.000
  114 H   0.0335   0.967  0.000  0.000
  115 H   0.0397   0.960  0.000  0.000
  116 H   0.0363   0.964  0.000  0.000
  117 H   0.0351   0.965  0.000  0.000
  118 H   0.0319   0.968  0.000  0.000
  119 H   0.0376   0.962  0.000  0.000
  120 H   0.0375   0.963  0.000  0.000
  121 H   0.0317   0.968  0.000  0.000
  122 H   0.0395   0.960  0.000  0.000
  123 H   0.0333   0.967  0.000  0.000
  124 H   0.0286   0.971  0.000  0.000
  125 H   0.0363   0.964  0.000  0.000
 
 Wiberg/Mayer (AO) data. WBOs > 0.1 written file <wbo>
 largest (>0.05) Wiberg bond orders for each atom
           total WBO             WBO to atom ...
     1  C   3.958    C    2 1.531    C    6 1.256    H   77 0.941    C    4 0.102
     2  C   3.973    C    1 1.531    C    3 1.340    H   78 0.945    C    5 0.061
     3  C   3.959    C    4 1.443    C    2 1.340    H   79 0.944    C    6 0.060    C   12 0.050
     4  C   3.956    C    3 1.443    C    5 1.201    C   11 1.085    C    1 0.102
     5  C   3.936    N   10 1.257    C    6 1.220    C    4 1.201    C    8 0.062    C    2 0.061
     6  C   3.958    C    1 1.256    C    7 1.252    C    5 1.220    C    9 0.061    C    3 0.060
     7  C   3.963    C    8 1.537    C    6 1.252    H   80 0.942    N   10 0.124
     8  C   3.972    C    7 1.537    C    9 1.313    H   81 0.945    C    5 0.062
     9  C   3.950    N   10 1.535    C    8 1.313    H   82 0.948    C    6 0.061
    10  N   3.112    C    9 1.535    C    5 1.257    C    7 0.124
    11  C   3.945    C   12 1.745    C    4 1.085    H   83 0.938
    12  C   3.962    C   11 1.745    C   13 1.094    H   84 0.938    C    3 0.050
    13  C   3.943    C   14 1.418    C   18 1.181    C   12 1.094    C   16 0.089
    14  C   3.960    C   13 1.418    C   15 1.382    H   85 0.941    C   17 0.053
    15  C   3.955    C   16 1.413    C   14 1.382    H   86 0.943    C   24 0.060    C   18 0.051
    16  C   3.942    C   15 1.413    C   17 1.191    C   23 1.099    C   13 0.089
    17  C   3.936    N   22 1.267    C   18 1.224    C   16 1.191    C   20 0.064    C   14 0.053
    18  C   3.947    C   19 1.276    C   17 1.224    C   13 1.181    C   21 0.066    C   15 0.051
    19  C   3.964    C   20 1.520    C   18 1.276    H   87 0.941    N   22 0.123
    20  C   3.964    C   19 1.520    C   21 1.325    H   88 0.945    C   17 0.064
    21  C   3.956    N   22 1.526    C   20 1.325    H   89 0.948    C   18 0.066
    22  N   3.114    C   21 1.526    C   17 1.267    C   19 0.123
    23  C   3.963    C   24 1.739    C   16 1.099    H   90 0.934    C   26 0.057
    24  C   3.949    C   23 1.739    C   25 1.082    H   91 0.932    C   15 0.060
    25  C   3.951    C   26 1.442    C   30 1.175    C   24 1.082    C   28 0.103
    26  C   3.949    C   25 1.442    C   27 1.352    H   92 0.942    C   29 0.057    C   23 0.057
    27  C   3.966    C   28 1.467    C   26 1.352    H   93 0.943    C   30 0.052
    28  C   3.941    C   27 1.467    C   29 1.201    C   35 1.006    C   25 0.103
    29  C   3.942    N   34 1.263    C   30 1.222    C   28 1.201    C   32 0.064    C   26 0.057
    30  C   3.950    C   31 1.279    C   29 1.222    C   25 1.175    C   33 0.067    C   27 0.052
    31  C   3.967    C   32 1.516    C   30 1.279    H   94 0.939    N   34 0.122
    32  C   3.969    C   31 1.516    C   33 1.326    H   95 0.946    C   29 0.064
    33  C   3.959    N   34 1.528    C   32 1.326    H   96 0.948    C   30 0.067
    34  N   3.104    C   33 1.528    C   29 1.263    C   31 0.122
    35  C   3.943    C   36 1.813    C   28 1.006    H   97 0.935    C   49 0.072
    36  C   3.964    C   35 1.813    C   37 1.099    H   98 0.933
    37  C   3.915    C   49 1.513    S   38 1.100    C   36 1.099    C   39 0.087
    38  S   2.552    C   39 1.119    C   37 1.100    C   48 0.065    C   49 0.064
    39  C   3.944    C   48 1.427    C   40 1.150    S   38 1.119    C   37 0.087
    40  C   3.919    C   41 1.388    C   39 1.150    S   52 1.120    C   51 0.088    O   42 0.057
    41  C   3.922    C   40 1.388    C   50 1.282    O   42 1.047    S   52 0.060
    42  O   2.254    C   41 1.047    C   43 0.937    C   40 0.057
    43  C   3.869    C   44 0.952    O   42 0.937    C   48 0.932    C   46 0.929
    44  C   3.966    C   45 1.007    H   99 0.967    H  100 0.963    C   43 0.952
    45  C   3.984    C   44 1.007    H  102 0.984    H  101 0.984    H  103 0.979
    46  C   3.964    C   47 1.008    H  105 0.967    H  104 0.964    C   43 0.929
    47  C   3.986    C   46 1.008    H  107 0.984    H  108 0.982    H  106 0.978
    48  C   3.919    C   39 1.427    C   49 1.282    C   43 0.932    S   38 0.065
    49  C   3.962    C   37 1.513    C   48 1.282    H  109 0.938    C   35 0.072    S   38 0.064
    50  C   3.947    C   51 1.497    C   41 1.282    H  110 0.939    S   52 0.072
    51  C   3.917    C   50 1.497    S   52 1.106    C   53 1.088    C   40 0.088
    52  S   2.555    C   40 1.120    C   51 1.106    C   50 0.072    C   41 0.060
    53  C   3.942    C   54 1.406    C   58 1.184    C   51 1.088    C   56 0.087
    54  C   3.957    C   53 1.406    C   55 1.391    H  111 0.942    C   57 0.054
    55  C   3.951    C   56 1.404    C   54 1.391    H  112 0.941    C   64 0.062    C   58 0.050
    56  C   3.929    C   55 1.404    C   57 1.194    C   63 1.105    C   53 0.087
    57  C   3.935    N   62 1.268    C   58 1.216    C   56 1.194    C   60 0.063    C   54 0.054
    58  C   3.948    C   59 1.277    C   57 1.216    C   53 1.184    C   61 0.066    C   55 0.050
    59  C   3.961    C   60 1.517    C   58 1.277    H  113 0.929    N   62 0.122
    60  C   3.963    C   59 1.517    C   61 1.327    H  114 0.945    C   57 0.063
    61  C   3.953    N   62 1.521    C   60 1.327    H  115 0.947    C   58 0.066
    62  N   3.121    C   61 1.521    C   57 1.268    C   59 0.122
    63  C   3.953    C   64 1.743    C   56 1.105    H  116 0.931
    64  C   3.947    C   63 1.743    C   65 1.071    H  117 0.928    C   55 0.062
    65  C   3.953    C   66 1.433    C   70 1.189    C   64 1.071    C   68 0.094
    66  C   3.953    C   65 1.433    C   67 1.371    H  118 0.943    C   69 0.057
    67  C   3.970    C   68 1.432    C   66 1.371    H  119 0.942    C   76 0.057    C   70 0.053
    68  C   3.947    C   67 1.432    C   69 1.209    C   75 1.069    C   65 0.094
    69  C   3.943    N   74 1.256    C   70 1.221    C   68 1.209    C   72 0.062    C   66 0.057
    70  C   3.947    C   71 1.269    C   69 1.221    C   65 1.189    C   73 0.064    C   67 0.053
    71  C   3.965    C   72 1.525    C   70 1.269    H  120 0.938    N   74 0.123
    72  C   3.968    C   71 1.525    C   73 1.319    H  121 0.946    C   69 0.062
    73  C   3.952    N   74 1.534    C   72 1.319    H  122 0.948    C   70 0.064
    74  N   3.105    C   73 1.534    C   69 1.256    C   71 0.123
    75  C   3.971    C   76 1.900    C   68 1.069    H  123 0.941
    76  C   3.961    C   75 1.900    H  125 0.963    H  124 0.962    C   67 0.057
    77  H   0.996    C    1 0.941
    78  H   0.995    C    2 0.945
    79  H   0.997    C    3 0.944
    80  H   0.996    C    7 0.942
    81  H   0.997    C    8 0.945
    82  H   0.996    C    9 0.948
    83  H   0.997    C   11 0.938
    84  H   0.997    C   12 0.938
    85  H   0.995    C   14 0.941
    86  H   0.995    C   15 0.943
    87  H   0.996    C   19 0.941
    88  H   0.996    C   20 0.945
    89  H   0.996    C   21 0.948
    90  H   0.997    C   23 0.934
    91  H   0.995    C   24 0.932
    92  H   0.995    C   26 0.942
    93  H   0.995    C   27 0.943
    94  H   0.996    C   31 0.939
    95  H   0.997    C   32 0.946
    96  H   0.996    C   33 0.948
    97  H   0.993    C   35 0.935
    98  H   0.993    C   36 0.933
    99  H   0.999    C   44 0.967
   100  H   0.998    C   44 0.963
   101  H   0.999    C   45 0.984
   102  H   0.999    C   45 0.984
   103  H   0.997    C   45 0.979
   104  H   0.996    C   46 0.964
   105  H   0.999    C   46 0.967
   106  H   0.998    C   47 0.978
   107  H   0.999    C   47 0.984
   108  H   0.999    C   47 0.982
   109  H   0.996    C   49 0.938
   110  H   0.996    C   50 0.939
   111  H   0.995    C   54 0.942
   112  H   0.994    C   55 0.941
   113  H   0.996    C   59 0.929
   114  H   0.996    C   60 0.945
   115  H   0.995    C   61 0.947
   116  H   0.996    C   63 0.931
   117  H   0.995    C   64 0.928
   118  H   0.995    C   66 0.943
   119  H   0.995    C   67 0.942
   120  H   0.996    C   71 0.938
   121  H   0.997    C   72 0.946
   122  H   0.996    C   73 0.948
   123  H   0.997    C   75 0.941
   124  H   0.999    C   76 0.962
   125  H   0.996    C   76 0.963
 
 --------------------------------------------
          xTB calculation for sTDA...
 --------------------------------------------
 
 reading parameter file /ihome/ghutchison/blp62/xtb4stda/.param_stda2.xtb
 
      method parameters     
 k(s)        :  1.6000
 k(p)        :  2.1800
 k(d)        :  1.9500
 k(f)        :  2.0000
 k(R-V)      :  2.2750
 k(R-R)      :  1.7650
 Tscal       :  0.2580
 Gscal       :  1.0000
 fpol        :  1.0000
 Zcnf        :  0.3430
 Zqf         :  0.0000
 kcn         :  2.7000
 Ryd Hsplit  :  0.7000
 lshift(virt):  3.1000
 lshift(OS)  :  0.2000
 wllscaling  :  2.6000
 
 mowrcut     : 3.000
 
  Z AO/shell   Hii/eV     exponent
  1     Sun Feb 14 09:53:25 CET 2016    EN: 2.327 GAM: 0.473  GM3: 0.0000
     1s    -14.339618    1.220000
     2sp    -3.348946    0.600000
  6     Sun Feb 14 09:53:25 CET 2016    EN: 2.731 GAM: 0.422  GM3: 0.0000
     2s    -22.009312    1.565095
     2p    -13.020408    1.596905
     3sp    -3.914040    0.824500
  7     Sun Feb 14 09:53:25 CET 2016    EN: 3.573 GAM: 0.504  GM3: 0.0000
     2s    -25.722000    2.064844
     2p    -18.684912    1.801692
     3sp    -4.344791    0.921400
  8     Sun Feb 14 09:53:25 CET 2016    EN: 3.700 GAM: 0.587  GM3: 0.0000
     2s    -33.859000    2.418661
     2p    -22.175911    1.973969
     3sp    -4.259392    1.013700
 16     Sun Feb 21 16:35:57 CET 2016    EN: 1.915 GAM: 0.200  GM3: 0.0000
     3s    -17.898811    2.619580
     3p    -15.317401    1.798798
     4sp    -4.455139    0.843200
 
 Nbf   :          853
 T(el) :     0.0
 calculating S/T integrals ...
 cpu time for ints    1.03553000000000     
 Nao   :          853
 making H0...
 making H1...
 cpu time for H      2.246300000000012E-002
 solving ...
 cpu time for diag    2.24688600000000     
 
 gap (eV)           :   4.910
 Koopmans IP (eV)   :  13.126
 Eel (Eh)           :  -311.150420

          eigenvalues
 #    :         170        171        172        173        174        175        176        177
 occ. :        2.000      2.000      2.000      2.000      2.000      2.000      2.000      2.000
 eps  :       -16.061    -15.991    -15.953    -15.940    -15.871    -15.647    -15.400    -15.228
 #    :         178        179        180        181        182        183        184        185
 occ. :        2.000      2.000      2.000      2.000      2.000      0.000      0.000      0.000
 eps  :       -15.081    -14.771    -14.384    -14.012    -13.127     -8.217     -8.096     -7.480
 #    :         186        187        188        189        190        191        192        193
 occ. :        0.000      0.000      0.000      0.000      0.000      0.000      0.000      0.000
 eps  :        -7.378     -7.061     -6.736     -6.148     -6.131     -6.081     -6.019     -5.946
                            1  SCC done.
 writing mo output ...
 molden style : F
 
speedup  3.48
cpu  time for all    8.82 s
wall time for all    2.54 s
