 
        ______________________________________
       |                                      |
       |          ===================         |
       |             xTB for sTDA             |
       |          ===================         |
       |               S. Grimme              |
       |        Universitaet Bonn, MCTC       |
       |         2015-19, Version 1.0         |
       |     Wed Apr  3 09:14:55 CEST 2019    |
       |______________________________________|
 
        This code comes without any warranty
        for non-commercial, academia use only.
        Preliminary test version.
        Cite this work as:
        S. Grimme  &  C. Bannwarth, JCP 145 (2016) 054103
        if GBSA is used additionally:
        P. Shushkov, F. März, C. Bannwarth, S. Grimme, unpublished.
 
        with help from
        P. Shushkov, G. Brandenburg, S. Dohm, J. Pisarek,
        F. März, M. Checinski, S. Ehrlich, S. Spicher, 
        P. Pracht, E. Caldeweyher, S. Ehlert, and C. Bannwarth.
 
        usage        :
        xtb4stda <coord_file> [options]
        where <coord_file> is a valid file of TM)
        (*coord, Bohr) or xmol (*xyz, Angstroem)
        format.

        options:
        -chrg <int>   : molecular charge
        -uhf  <int>   : # of unpaired electrons(=2*S)
        -nox          : skip second, extended part in sTDA-xTB
        -pop          : do population analysis
                      : (default for -nox)
        -mowr <real>  : cut MO write above (def.3 Eh)
        -molden       : write formatted molden file
        -parx <file>  : read parameters for sTDA-xTB
                        calc (def:~/.param_stda2.xtb)
        -parv <file>  : read parameters for vTB part in
                        sTDA-xTB (def: ~/.param_stda1.xtb)
        -xtemp <real> : el. temp for xTB (def. 0 K)
        -etemp <real> : el. temp for GFN (def. 300 K)
        -fod          : calculate the FOD and write
                        molden.input file with
                        appropriate occupations
                        for plotting. Def. T=12500 K
 
        -acc <real>   : xTB accuracy (def. 1.0)
        -gbsa [string1] [string2]
                        use GBSA implicit solvent
                        for solvent [string1] and
                        solvation state [string2]=
                        reference, bar1M (default=1M)
        additional GFN/opt/MD/siman options read from
        $XTB4STDAHOME/.xtb4stdarc or $set in input
 
       spin and charge state information can be on:
       <.CHRG> (charge) and <.UHF> (=nalpha-nbeta)
       -uhf and -chrg override the file info.
       useful machine settings:
       setenv MKL_NUM_THREADS <NCORE_ON_YOUR_MACHINE>
       setenv OMP_STACKSIZE 500m
       limit stacksize unlimited
 
       total energies in Eh, gaps/HL energies in eV
       please read REVISION and HOWTO files carefully
 =============================
  # OMP threads =           8
 =============================
 
 xtb4stdahome directory:/ihome/ghutchison/blp62/xtb4stda/
 
 
 name of molecule           :
 comment line               :
 number of atoms            :   145
 number of electrons        :   504
 charge                     :  0
 spin                       : 0.0
 first test random number   :  0.4533
 
 -----------------------------------------
      charge density (VTB) calculation
 -----------------------------------------
 
      method parameters     
 k(s)        :  1.8000
 k(p)        :  2.8350
 k(d)        :  2.0860
 k(f)        :  2.0000
 Tscal       :  0.3300
 Gscal       :  0.3910
 fpol        :  1.0000
 Zcnf        :  0.6500
 Zqf         :  0.0000
 kcn         :  0.3000
 kEN1        : -0.5900
 wllscal     :  2.6000
 
     -------------------------
     ! NO SOLVENT MODEL USED !
     -------------------------
 
 doing EN charges ...
 sum q :  0.1110223D-14
 point charge moment (au)
     X       Y       Z   
   0.6807   0.4854   1.5041  total (Debye):    4.374
 
            Z      q(EN)   CN      Cart. coordinates
     1  C   4.0  -0.066   3.215     2.59459     4.40514    24.60140
     2  C   4.0   0.064   3.657     0.21033     3.38526    24.08909
     3  C   4.0   0.064   3.698    -0.41612     2.43416    21.60259
     4  N   5.0  -0.307   2.152    -2.75106     1.47361    21.52719
     5  S   6.0   0.453   2.897    -4.02001     1.79146    24.25444
     6  N   5.0  -0.303   2.141    -1.71190     3.11408    25.70575
     7  C   4.0   0.013   3.268     1.34208     2.51352    19.61365
     8  C   4.0  -0.020   3.441     3.69101     3.57026    20.14750
     9  C   4.0  -0.089   3.357     5.74212     3.96710    18.45828
    10  C   4.0  -0.083   3.209     7.79134     5.02232    19.58644
    11  C   4.0   0.178   3.195    10.25252     5.59019    18.43919
    12  O   6.0  -0.109   1.064    12.01752     6.49291    19.56358
    13  O   6.0  -0.138   2.076    10.27085     4.94655    15.99502
    14  C   4.0  -0.114   4.066    12.58973     5.21356    14.63838
    15  C   4.0  -0.239   4.007    13.03798     2.84007    13.08484
    16  S   6.0   0.215   2.529     7.34971     5.65992    22.78707
    17  C   4.0  -0.089   3.270     4.27910     4.47052    22.63079
    18  C   4.0   0.005   3.301     0.66122     1.53408    17.12470
    19  C   4.0   0.066   3.704    -1.54580     2.38653    15.90450
    20  C   4.0   0.063   3.700    -2.27296     1.44564    13.44729
    21  N   5.0  -0.313   2.183    -4.35827     2.59025    12.59408
    22  S   6.0   0.456   2.897    -5.29747     4.58674    14.66654
    23  N   5.0  -0.307   2.154    -3.12561     4.17044    16.73277
    24  C   4.0   0.013   3.267    -0.81239    -0.36869    12.16530
    25  C   4.0  -0.017   3.436     1.34435    -1.23059    13.41195
    26  C   4.0  -0.086   3.347     3.04945    -3.13732    12.59219
    27  C   4.0  -0.082   3.207     4.94503    -3.58802    14.26195
    28  C   4.0   0.177   3.209     7.06096    -5.35888    14.02706
    29  O   6.0  -0.109   1.067     8.71976    -5.59397    15.57437
    30  O   6.0  -0.137   2.075     6.93945    -6.67886    11.87239
    31  C   4.0  -0.114   4.078     8.93595    -8.45142    11.46440
    32  C   4.0  -0.239   4.009     8.45804    -9.79162     8.97677
    33  S   6.0   0.223   2.580     4.76589    -1.74082    16.98259
    34  C   4.0  -0.087   3.306     2.04317    -0.27212    15.83798
    35  C   4.0   0.004   3.303    -1.46624    -1.17295     9.61341
    36  C   4.0   0.066   3.690     0.32995    -1.03633     7.65074
    37  C   4.0   0.066   3.712    -0.30746    -1.73080     5.09583
    38  N   5.0  -0.320   2.252     1.64255    -1.41918     3.53303
    39  S   6.0   0.453   2.877     4.00943    -0.33580     5.09149
    40  N   5.0  -0.306   2.156     2.71138    -0.21694     7.83102
    41  C   4.0   0.006   3.289    -2.72687    -2.64996     4.41742
    42  C   4.0  -0.016   3.421    -4.52684    -2.67642     6.37461
    43  C   4.0  -0.088   3.350    -7.13164    -3.29379     6.22608
    44  C   4.0  -0.083   3.209    -8.34295    -3.18929     8.49205
    45  C   4.0   0.177   3.198   -11.02126    -3.72597     8.91705
    46  O   6.0  -0.106   1.057   -12.46066    -4.41478     7.28376
    47  O   6.0  -0.142   2.092   -11.64997    -3.37959    11.34100
    48  C   4.0  -0.115   4.072   -14.22699    -3.79967    12.01034
    49  C   4.0  -0.239   4.006   -15.84365    -1.48589    11.45779
    50  S   6.0   0.230   2.610    -6.38822    -2.28128    10.97024
    51  C   4.0  -0.088   3.311    -3.85693    -1.96248     8.89381
    52  C   4.0  -0.083   3.238    -3.17002    -3.45215     1.87877
    53  S   6.0   0.227   2.701    -1.20338    -2.35573    -0.53366
    54  C   4.0  -0.096   3.319    -2.91849    -4.02001    -2.74615
    55  C   4.0  -0.090   3.300    -2.65695    -3.99772    -5.39517
    56  C   4.0   0.061   3.445    -4.56955    -5.07732    -6.85385
    57  O   6.0  -0.133   2.110    -6.60195    -6.22268    -5.85588
    58  C   4.0   0.020   4.181    -6.42734    -7.16414    -3.29757
    59  C   4.0  -0.161   4.086    -9.16801    -7.28981    -2.34572
    60  C   4.0  -0.241   4.021   -10.87594    -8.94275    -3.97220
    61  C   4.0  -0.160   4.088    -5.11360    -9.77045    -3.45366
    62  C   4.0  -0.241   4.020    -4.93030   -11.17376    -0.95034
    63  C   4.0  -0.005   3.462    -4.85886    -5.42673    -1.66485
    64  C   4.0  -0.087   3.366    -4.98264    -5.09300     0.94127
    65  C   4.0  -0.084   3.358    -4.20747    -4.71146    -9.44107
    66  C   4.0  -0.082   3.242    -2.01766    -3.39886   -10.00137
    67  S   6.0   0.208   2.853    -0.37473    -2.59592    -7.25277
    68  C   4.0  -0.003   3.314    -1.12987    -2.69872   -12.45783
    69  C   4.0   0.068   3.677    -2.67472    -3.05795   -14.63026
    70  C   4.0   0.062   3.706    -1.84853    -2.29980   -17.11997
    71  N   5.0  -0.314   2.176    -3.56572    -2.83780   -18.89291
    72  S   6.0   0.454   2.879    -5.97097    -4.11110   -17.57615
    73  N   5.0  -0.307   2.159    -4.97395    -4.08464   -14.70887
    74  C   4.0   0.013   3.269     0.53007    -1.20130   -17.53779
    75  C   4.0  -0.017   3.446     2.04997    -0.87362   -15.41223
    76  C   4.0  -0.086   3.351     4.48791     0.25303   -15.35194
    77  C   4.0  -0.078   3.207     5.50723     0.32031   -13.00131
    78  C   4.0   0.177   3.206     7.97332     1.30599   -12.21065
    79  O   6.0  -0.109   1.067     8.72846     1.28955   -10.06033
    80  O   6.0  -0.136   2.070     9.28385     2.20059   -14.18466
    81  C   4.0  -0.115   4.073    11.71403     3.24428   -13.64212
    82  C   4.0  -0.239   4.006    11.51278     5.95925   -12.71445
    83  S   6.0   0.207   2.841     3.52869    -0.94864   -10.69698
    84  C   4.0  -0.086   3.308     1.22246    -1.60627   -12.95180
    85  C   4.0   0.005   3.298     1.33339    -0.52270   -20.08779
    86  C   4.0   0.064   3.695     3.62053    -1.43751   -21.10578
    87  C   4.0   0.063   3.646     4.37812    -0.84187   -23.66579
    88  N   5.0  -0.304   2.141     6.58494    -1.92733   -24.26068
    89  S   6.0   0.453   2.887     7.56363    -3.52226   -21.88284
    90  N   5.0  -0.306   2.151     5.29085    -2.94589   -19.96174
    91  C   4.0  -0.055   3.173     2.88315     0.68125   -25.21121
    92  C   4.0  -0.018   3.400     0.64610     1.58397   -24.20796
    93  C   4.0  -0.086   3.334    -1.15481     3.18891   -25.39905
    94  C   4.0  -0.082   3.209    -3.13657     3.77586   -23.87971
    95  C   4.0   0.178   3.197    -5.29463     5.38477   -24.54225
    96  O   6.0  -0.106   1.056    -5.54786     6.42072   -26.55745
    97  O   6.0  -0.142   2.094    -6.93832     5.52650   -22.62852
    98  C   4.0  -0.115   4.072    -9.11849     7.07041   -22.99589
    99  C   4.0  -0.239   4.006    -8.54553     9.83697   -22.45807
   100  S   6.0   0.227   2.596    -2.95818     2.40033   -20.89111
   101  C   4.0  -0.089   3.308    -0.10753     0.96036   -21.68612
   102  H   1.0   0.077   1.006     3.05795     5.09432    26.45862
   103  H   1.0   0.080   1.008     5.69809     3.50828    16.48219
   104  H   1.0   0.079   0.999    12.41455     6.87463    13.41535
   105  H   1.0   0.081   1.001    14.12003     5.53406    15.99351
   106  H   1.0   0.081   0.999    14.78030     3.03528    12.01715
   107  H   1.0   0.081   0.999    11.47782     2.54452    11.78169
   108  H   1.0   0.081   0.999    13.18292     1.20187    14.31581
   109  H   1.0   0.081   1.007     2.86993    -4.14455    10.84079
   110  H   1.0   0.080   1.000     8.97733    -9.78481    13.04837
   111  H   1.0   0.080   1.000    10.73799    -7.43097    11.44116
   112  H   1.0   0.081   0.999     6.65297   -10.76898     9.03516
   113  H   1.0   0.081   0.999     9.95073   -11.15770     8.63454
   114  H   1.0   0.081   0.999     8.42156    -8.43517     7.43550
   115  H   1.0   0.081   1.006    -8.13470    -3.71671     4.51550
   116  H   1.0   0.080   1.001   -14.93356    -5.43410    10.95531
   117  H   1.0   0.081   1.000   -14.19241    -4.22203    14.02951
   118  H   1.0   0.081   0.999   -15.08304     0.15855    12.42722
   119  H   1.0   0.081   0.999   -17.76437    -1.81848    12.10010
   120  H   1.0   0.081   0.999   -15.87162    -1.11796     9.43635
   121  H   1.0   0.083   1.004    -9.17953    -7.97502    -0.40535
   122  H   1.0   0.082   1.004    -9.89990    -5.36021    -2.34496
   123  H   1.0   0.082   0.999   -10.36552   -10.92545    -3.81252
   124  H   1.0   0.081   0.999   -12.82500    -8.73091    -3.35861
   125  H   1.0   0.082   1.000   -10.73988    -8.37734    -5.94054
   126  H   1.0   0.082   1.004    -3.21159    -9.45203    -4.19784
   127  H   1.0   0.083   1.004    -6.13537   -10.91071    -4.83354
   128  H   1.0   0.081   0.999    -3.89888   -12.93045    -1.22209
   129  H   1.0   0.082   0.999    -6.79224   -11.63259    -0.21656
   130  H   1.0   0.082   1.000    -3.92761   -10.04900     0.44692
   131  H   1.0   0.081   1.006    -6.28088    -6.09002     2.13747
   132  H   1.0   0.082   1.008    -5.49287    -5.36796   -10.86422
   133  H   1.0   0.081   1.007     5.43561     0.98493   -16.98845
   134  H   1.0   0.081   1.000    12.74677     3.13846   -15.42527
   135  H   1.0   0.080   1.001    12.64321     2.06963   -12.21443
   136  H   1.0   0.081   0.999    10.50499     6.01500   -10.92488
   137  H   1.0   0.081   0.999    10.50347     7.10764   -14.08753
   138  H   1.0   0.081   0.999    13.39400     6.73347   -12.44271
   139  H   1.0   0.076   1.005     3.46387     1.12665   -27.11058
   140  H   1.0   0.079   1.004    -0.97774     3.87847   -27.30163
   141  H   1.0   0.080   1.001    -9.77782     6.84175   -24.94400
   142  H   1.0   0.081   1.000   -10.52483     6.32945   -21.68064
   143  H   1.0   0.081   0.999    -7.80532    10.05164   -20.55342
   144  H   1.0   0.081   0.999   -10.26461    10.94340   -22.64118
   145  H   1.0   0.081   0.999    -7.15677    10.53900   -23.79978
 
  Z AO/shell   Hii/eV     exponent
  1     Sat Feb 20 21:38:01 CET 2016    EN: 2.327 GAM: 0.473  GM3: 0.0000
     1s    -13.751157    1.051071
  6     Sat Feb 20 21:38:01 CET 2016    EN: 2.731 GAM: 0.422  GM3: 0.0000
     2s    -19.378245    2.021003
     2p    -11.993376    1.497917
  7     Sat Feb 20 21:38:01 CET 2016    EN: 3.573 GAM: 0.504  GM3: 0.0000
     2s    -21.576984    2.275442
     2p    -16.125120    2.056788
  8     Sat Feb 20 21:38:01 CET 2016    EN: 3.700 GAM: 0.587  GM3: 0.0000
     2s    -21.648843    2.110798
     2p    -17.239740    2.329048
 16     Sat Feb 20 23:13:41 CET 2016    EN: 1.915 GAM: 0.389  GM3: 0.0000
     3s    -22.000000    2.671470
     3p    -15.834192    1.836978
     3d     -2.593599    1.836978
 
 dipole moment of classical point charges (au)
     X       Y       Z   
   0.6807   0.4854   1.5041  total (Debye):    4.374

 
 Nbf   :          520
 T(el) :   300.0
 calculating S/T integrals ...
 cpu time for ints   0.710272000000000     
 Nao   :          508
 making H0...
 making H1...
 cpu time for H      0.629706000000000     
 solving ...
 cpu time for diag   0.226192000000000     
 
 gap (eV)           :   0.745
 Koopmans IP (eV)   :  11.777
 Eel (Eh)           :  -392.044053
 T,E(Fermi),NFOD :    300.000   -11.404  0.000001
 T,E(Fermi),NFOD :    300.000   -11.404  0.000001
 Nfod               :  0.0000
 Nfod/Nel           :  0.0000

          eigenvalues
 #    :         240        241        242        243        244        245        246        247
 occ. :        2.000      2.000      2.000      2.000      2.000      2.000      2.000      2.000
 eps  :       -15.327    -14.875    -14.666    -14.635    -14.621    -14.607    -14.573    -13.976
 #    :         248        249        250        251        252        253        254        255
 occ. :        2.000      2.000      2.000      2.000      2.000      0.000      0.000      0.000
 eps  :       -13.846    -13.555    -13.206    -12.863    -11.778    -11.033    -10.901    -10.782
 #    :         256        257        258        259        260        261        262        263
 occ. :        0.000      0.000      0.000      0.000      0.000      0.000      0.000      0.000
 eps  :       -10.705    -10.645     -8.810     -8.770     -8.538     -8.341     -8.247     -8.192
                            1  SCC done.
 making H1...
 cpu time for H      0.778656000000000     
 solving ...
 cpu time for diag   0.133881000000000     
 
 gap (eV)           :   1.237
 Koopmans IP (eV)   :  12.087
 Eel (Eh)           :  -391.340060
 T,E(Fermi),NFOD :    300.000   -11.469  0.000000
 T,E(Fermi),NFOD :    300.000   -11.469  0.000000
 Nfod               :  0.0000
 Nfod/Nel           :  0.0000

          eigenvalues
 #    :         240        241        242        243        244        245        246        247
 occ. :        2.000      2.000      2.000      2.000      2.000      2.000      2.000      2.000
 eps  :       -14.750    -14.689    -14.652    -14.585    -14.570    -14.543    -14.516    -13.996
 #    :         248        249        250        251        252        253        254        255
 occ. :        2.000      2.000      2.000      2.000      2.000      0.000      0.000      0.000
 eps  :       -13.803    -13.576    -13.245    -12.928    -12.088    -10.851    -10.677    -10.526
 #    :         256        257        258        259        260        261        262        263
 occ. :        0.000      0.000      0.000      0.000      0.000      0.000      0.000      0.000
 eps  :       -10.450    -10.327     -8.832     -8.797     -8.688     -8.307     -8.253     -8.176
                            2  SCC done.
 
 
 Mulliken/CM5 charges    n(s)   n(p)   n(d)   
    1 C  -0.0113 -0.0545   1.129  2.882  0.000
    2 C   0.0190  0.1006   1.203  2.778  0.000
    3 C   0.0212  0.1070   1.206  2.773  0.000
    4 N  -0.2209 -0.3847   1.530  3.691  0.000
    5 S   0.2814  0.4221   1.904  3.642  0.173
    6 N  -0.1980 -0.3609   1.529  3.669  0.000
    7 C   0.0040  0.0103   1.172  2.824  0.000
    8 C  -0.0116 -0.0125   1.172  2.839  0.000
    9 C  -0.0666 -0.1135   1.148  2.919  0.000
   10 C  -0.0111  0.0032   1.189  2.822  0.000
   11 C   0.2426  0.3042   1.135  2.623  0.000
   12 O  -0.2779 -0.3263   1.623  4.655  0.000
   13 O  -0.1515 -0.2358   1.467  4.685  0.000
   14 C   0.0544 -0.0282   1.137  2.809  0.000
   15 C  -0.0780 -0.2271   1.088  2.990  0.000
   16 S   0.1028  0.0704   1.886  3.974  0.036
   17 C  -0.0097  0.0004   1.177  2.832  0.000
   18 C   0.0197  0.0267   1.160  2.821  0.000
   19 C   0.0190  0.1055   1.210  2.771  0.000
   20 C   0.0170  0.1024   1.209  2.774  0.000
   21 N  -0.2231 -0.3892   1.531  3.692  0.000
   22 S   0.2887  0.4296   1.904  3.636  0.171
   23 N  -0.1931 -0.3571   1.528  3.665  0.000
   24 C   0.0062  0.0125   1.172  2.822  0.000
   25 C  -0.0053 -0.0055   1.170  2.835  0.000
   26 C  -0.0597 -0.1057   1.147  2.913  0.000
   27 C  -0.0117  0.0025   1.188  2.824  0.000
   28 C   0.2399  0.3015   1.136  2.624  0.000
   29 O  -0.2825 -0.3293   1.624  4.658  0.000
   30 O  -0.1542 -0.2376   1.473  4.682  0.000
   31 C   0.0583 -0.0241   1.135  2.807  0.000
   32 C  -0.0760 -0.2252   1.086  2.990  0.000
   33 S   0.1033  0.0694   1.887  3.972  0.037
   34 C  -0.0205 -0.0076   1.185  2.835  0.000
   35 C   0.0142  0.0211   1.157  2.829  0.000
   36 C   0.0106  0.0951   1.211  2.778  0.000
   37 C   0.0079  0.0942   1.212  2.780  0.000
   38 N  -0.2183 -0.3864   1.528  3.690  0.000
   39 S   0.2871  0.4264   1.906  3.641  0.166
   40 N  -0.1967 -0.3645   1.527  3.670  0.000
   41 C   0.0063  0.0116   1.167  2.827  0.000
   42 C  -0.0166 -0.0181   1.169  2.847  0.000
   43 C  -0.0672 -0.1158   1.148  2.919  0.000
   44 C  -0.0142  0.0001   1.185  2.829  0.000
   45 C   0.2414  0.3026   1.135  2.624  0.000
   46 O  -0.2967 -0.3464   1.625  4.672  0.000
   47 O  -0.1414 -0.2235   1.471  4.670  0.000
   48 C   0.0543 -0.0285   1.135  2.810  0.000
   49 C  -0.0797 -0.2288   1.090  2.990  0.000
   50 S   0.1047  0.0756   1.887  3.969  0.040
   51 C  -0.0180 -0.0034   1.185  2.833  0.000
   52 C  -0.0324 -0.0215   1.175  2.858  0.000
   53 S   0.1390  0.1105   1.887  3.928  0.046
   54 C  -0.0287 -0.0139   1.176  2.853  0.000
   55 C  -0.0442 -0.0281   1.168  2.876  0.000
   56 C   0.0463  0.0701   1.156  2.798  0.000
   57 O  -0.1469 -0.2209   1.472  4.675  0.000
   58 C   0.0943  0.0974   1.253  2.653  0.000
   59 C  -0.0397 -0.1454   1.141  2.899  0.000
   60 C  -0.0871 -0.2390   1.089  2.999  0.000
   61 C  -0.0510 -0.1559   1.148  2.903  0.000
   62 C  -0.0878 -0.2401   1.088  3.000  0.000
   63 C  -0.0602 -0.0639   1.194  2.866  0.000
   64 C  -0.0743 -0.1255   1.146  2.928  0.000
   65 C  -0.0639 -0.1086   1.135  2.929  0.000
   66 C  -0.0302 -0.0186   1.176  2.854  0.000
   67 S   0.1198  0.0868   1.889  3.941  0.050
   68 C   0.0183  0.0246   1.155  2.827  0.000
   69 C   0.0129  0.0978   1.214  2.773  0.000
   70 C   0.0158  0.1013   1.207  2.777  0.000
   71 N  -0.2030 -0.3693   1.527  3.676  0.000
   72 S   0.2836  0.4237   1.905  3.642  0.170
   73 N  -0.2142 -0.3888   1.525  3.689  0.000
   74 C   0.0056  0.0120   1.170  2.825  0.000
   75 C  -0.0084 -0.0086   1.171  2.838  0.000
   76 C  -0.0584 -0.1046   1.147  2.912  0.000
   77 C  -0.0120  0.0023   1.193  2.819  0.000
   78 C   0.2420  0.3035   1.136  2.622  0.000
   79 O  -0.2761 -0.3247   1.624  4.652  0.000
   80 O  -0.1514 -0.2352   1.476  4.676  0.000
   81 C   0.0552 -0.0278   1.136  2.809  0.000
   82 C  -0.0797 -0.2288   1.089  2.990  0.000
   83 S   0.1001  0.0683   1.889  3.971  0.040
   84 C  -0.0230 -0.0090   1.185  2.838  0.000
   85 C   0.0098  0.0167   1.161  2.829  0.000
   86 C   0.0138  0.0980   1.213  2.773  0.000
   87 C   0.0199  0.1010   1.199  2.782  0.000
   88 N  -0.2012 -0.3643   1.528  3.673  0.000
   89 S   0.2837  0.4239   1.904  3.639  0.173
   90 N  -0.2245 -0.3922   1.530  3.694  0.000
   91 C  -0.0161 -0.0607   1.138  2.878  0.000
   92 C  -0.0094 -0.0139   1.169  2.841  0.000
   93 C  -0.0484 -0.0965   1.144  2.904  0.000
   94 C  -0.0194 -0.0052   1.190  2.829  0.000
   95 C   0.2444  0.3059   1.135  2.621  0.000
   96 O  -0.2865 -0.3360   1.624  4.662  0.000
   97 O  -0.1436 -0.2258   1.472  4.672  0.000
   98 C   0.0552 -0.0276   1.136  2.809  0.000
   99 C  -0.0798 -0.2289   1.090  2.990  0.000
  100 S   0.0944  0.0652   1.887  3.980  0.038
  101 C  -0.0107  0.0037   1.182  2.828  0.000
  102 H   0.0543  0.1145   0.946  0.000  0.000
  103 H   0.0601  0.1245   0.940  0.000  0.000
  104 H   0.0414  0.1042   0.959  0.000  0.000
  105 H   0.0497  0.1199   0.950  0.000  0.000
  106 H   0.0399  0.0922   0.960  0.000  0.000
  107 H   0.0312  0.0855   0.969  0.000  0.000
  108 H   0.0335  0.0878   0.967  0.000  0.000
  109 H   0.0622  0.1285   0.938  0.000  0.000
  110 H   0.0442  0.1096   0.956  0.000  0.000
  111 H   0.0444  0.1096   0.956  0.000  0.000
  112 H   0.0314  0.0857   0.969  0.000  0.000
  113 H   0.0404  0.0927   0.960  0.000  0.000
  114 H   0.0327  0.0870   0.967  0.000  0.000
  115 H   0.0641  0.1260   0.936  0.000  0.000
  116 H   0.0454  0.1131   0.955  0.000  0.000
  117 H   0.0433  0.1072   0.957  0.000  0.000
  118 H   0.0306  0.0848   0.969  0.000  0.000
  119 H   0.0400  0.0922   0.960  0.000  0.000
  120 H   0.0341  0.0903   0.966  0.000  0.000
  121 H   0.0399  0.0981   0.960  0.000  0.000
  122 H   0.0348  0.0940   0.965  0.000  0.000
  123 H   0.0310  0.0843   0.969  0.000  0.000
  124 H   0.0388  0.0907   0.961  0.000  0.000
  125 H   0.0323  0.0891   0.968  0.000  0.000
  126 H   0.0318  0.0918   0.968  0.000  0.000
  127 H   0.0369  0.0966   0.963  0.000  0.000
  128 H   0.0405  0.0923   0.960  0.000  0.000
  129 H   0.0324  0.0856   0.968  0.000  0.000
  130 H   0.0308  0.0851   0.969  0.000  0.000
  131 H   0.0605  0.1210   0.940  0.000  0.000
  132 H   0.0605  0.1317   0.939  0.000  0.000
  133 H   0.0641  0.1306   0.936  0.000  0.000
  134 H   0.0427  0.1065   0.957  0.000  0.000
  135 H   0.0478  0.1155   0.952  0.000  0.000
  136 H   0.0356  0.0920   0.964  0.000  0.000
  137 H   0.0289  0.0831   0.971  0.000  0.000
  138 H   0.0408  0.0931   0.959  0.000  0.000
  139 H   0.0544  0.1141   0.946  0.000  0.000
  140 H   0.0625  0.1221   0.937  0.000  0.000
  141 H   0.0469  0.1146   0.953  0.000  0.000
  142 H   0.0434  0.1073   0.957  0.000  0.000
  143 H   0.0296  0.0838   0.970  0.000  0.000
  144 H   0.0407  0.0930   0.959  0.000  0.000
  145 H   0.0346  0.0908   0.965  0.000  0.000
 Hirshfeld charges for QMDFF written to <charges>
 
 Loewdin charges    n(s)   n(p)   n(d)
    1 C  -0.0138   1.079  2.935  0.000
    2 C   0.0163   1.168  2.815  0.000
    3 C   0.0138   1.173  2.813  0.000
    4 N  -0.1791   1.492  3.687  0.000
    5 S   0.2159   1.895  3.647  0.241
    6 N  -0.1576   1.491  3.667  0.000
    7 C   0.0026   1.132  2.865  0.000
    8 C  -0.0091   1.131  2.878  0.000
    9 C  -0.0623   1.096  2.966  0.000
   10 C   0.0080   1.145  2.847  0.000
   11 C   0.2149   1.108  2.677  0.000
   12 O  -0.2647   1.593  4.672  0.000
   13 O  -0.1138   1.429  4.685  0.000
   14 C   0.0512   1.080  2.869  0.000
   15 C  -0.0794   1.015  3.065  0.000
   16 S   0.0635   1.873  3.974  0.090
   17 C   0.0183   1.130  2.852  0.000
   18 C   0.0140   1.120  2.866  0.000
   19 C   0.0132   1.177  2.810  0.000
   20 C   0.0104   1.176  2.814  0.000
   21 N  -0.1814   1.493  3.688  0.000
   22 S   0.2229   1.896  3.642  0.239
   23 N  -0.1525   1.490  3.663  0.000
   24 C   0.0047   1.132  2.864  0.000
   25 C  -0.0031   1.129  2.874  0.000
   26 C  -0.0555   1.095  2.961  0.000
   27 C   0.0069   1.143  2.850  0.000
   28 C   0.2126   1.109  2.678  0.000
   29 O  -0.2697   1.594  4.676  0.000
   30 O  -0.1169   1.435  4.682  0.000
   31 C   0.0554   1.079  2.866  0.000
   32 C  -0.0774   1.012  3.065  0.000
   33 S   0.0641   1.874  3.971  0.091
   34 C   0.0041   1.140  2.856  0.000
   35 C   0.0078   1.118  2.874  0.000
   36 C   0.0055   1.178  2.817  0.000
   37 C   0.0019   1.179  2.819  0.000
   38 N  -0.1763   1.490  3.686  0.000
   39 S   0.2215   1.898  3.647  0.233
   40 N  -0.1568   1.489  3.667  0.000
   41 C   0.0055   1.126  2.868  0.000
   42 C  -0.0152   1.129  2.887  0.000
   43 C  -0.0632   1.096  2.967  0.000
   44 C   0.0036   1.141  2.855  0.000
   45 C   0.2139   1.109  2.677  0.000
   46 O  -0.2831   1.595  4.689  0.000
   47 O  -0.1044   1.434  4.671  0.000
   48 C   0.0510   1.079  2.870  0.000
   49 C  -0.0816   1.016  3.065  0.000
   50 S   0.0654   1.873  3.968  0.093
   51 C   0.0064   1.139  2.854  0.000
   52 C  -0.0095   1.129  2.880  0.000
   53 S   0.0988   1.874  3.927  0.100
   54 C  -0.0059   1.130  2.876  0.000
   55 C  -0.0273   1.125  2.902  0.000
   56 C   0.0346   1.123  2.842  0.000
   57 O  -0.1116   1.436  4.675  0.000
   58 C   0.0916   1.219  2.690  0.000
   59 C  -0.0368   1.081  2.955  0.000
   60 C  -0.0885   1.015  3.073  0.000
   61 C  -0.0483   1.089  2.959  0.000
   62 C  -0.0890   1.015  3.074  0.000
   63 C  -0.0612   1.156  2.905  0.000
   64 C  -0.0728   1.095  2.977  0.000
   65 C  -0.0666   1.086  2.981  0.000
   66 C  -0.0058   1.131  2.875  0.000
   67 S   0.0832   1.876  3.939  0.102
   68 C   0.0138   1.116  2.871  0.000
   69 C   0.0076   1.181  2.811  0.000
   70 C   0.0092   1.174  2.817  0.000
   71 N  -0.1621   1.489  3.673  0.000
   72 S   0.2175   1.897  3.648  0.237
   73 N  -0.1723   1.486  3.686  0.000
   74 C   0.0027   1.130  2.868  0.000
   75 C  -0.0053   1.129  2.876  0.000
   76 C  -0.0541   1.094  2.960  0.000
   77 C   0.0054   1.149  2.846  0.000
   78 C   0.2147   1.109  2.676  0.000
   79 O  -0.2632   1.593  4.670  0.000
   80 O  -0.1139   1.438  4.676  0.000
   81 C   0.0520   1.079  2.869  0.000
   82 C  -0.0815   1.016  3.065  0.000
   83 S   0.0636   1.876  3.969  0.091
   84 C  -0.0013   1.141  2.860  0.000
   85 C   0.0054   1.122  2.873  0.000
   86 C   0.0082   1.180  2.812  0.000
   87 C   0.0161   1.164  2.820  0.000
   88 N  -0.1602   1.490  3.670  0.000
   89 S   0.2180   1.896  3.645  0.241
   90 N  -0.1830   1.492  3.691  0.000
   91 C  -0.0156   1.087  2.929  0.000
   92 C  -0.0023   1.125  2.877  0.000
   93 C  -0.0445   1.092  2.952  0.000
   94 C  -0.0001   1.146  2.854  0.000
   95 C   0.2167   1.108  2.675  0.000
   96 O  -0.2730   1.594  4.679  0.000
   97 O  -0.1063   1.434  4.672  0.000
   98 C   0.0520   1.079  2.869  0.000
   99 C  -0.0816   1.016  3.065  0.000
  100 S   0.0552   1.874  3.979  0.091
  101 C   0.0124   1.137  2.850  0.000
  102 H   0.0441   0.956  0.000  0.000
  103 H   0.0502   0.950  0.000  0.000
  104 H   0.0355   0.965  0.000  0.000
  105 H   0.0423   0.958  0.000  0.000
  106 H   0.0395   0.961  0.000  0.000
  107 H   0.0306   0.969  0.000  0.000
  108 H   0.0325   0.967  0.000  0.000
  109 H   0.0516   0.948  0.000  0.000
  110 H   0.0376   0.962  0.000  0.000
  111 H   0.0377   0.962  0.000  0.000
  112 H   0.0308   0.969  0.000  0.000
  113 H   0.0399   0.960  0.000  0.000
  114 H   0.0319   0.968  0.000  0.000
  115 H   0.0548   0.945  0.000  0.000
  116 H   0.0387   0.961  0.000  0.000
  117 H   0.0374   0.963  0.000  0.000
  118 H   0.0301   0.970  0.000  0.000
  119 H   0.0397   0.960  0.000  0.000
  120 H   0.0331   0.967  0.000  0.000
  121 H   0.0373   0.963  0.000  0.000
  122 H   0.0309   0.969  0.000  0.000
  123 H   0.0314   0.969  0.000  0.000
  124 H   0.0382   0.962  0.000  0.000
  125 H   0.0316   0.968  0.000  0.000
  126 H   0.0284   0.972  0.000  0.000
  127 H   0.0334   0.967  0.000  0.000
  128 H   0.0397   0.960  0.000  0.000
  129 H   0.0325   0.968  0.000  0.000
  130 H   0.0308   0.969  0.000  0.000
  131 H   0.0531   0.947  0.000  0.000
  132 H   0.0503   0.950  0.000  0.000
  133 H   0.0534   0.947  0.000  0.000
  134 H   0.0368   0.963  0.000  0.000
  135 H   0.0407   0.959  0.000  0.000
  136 H   0.0342   0.966  0.000  0.000
  137 H   0.0287   0.971  0.000  0.000
  138 H   0.0404   0.960  0.000  0.000
  139 H   0.0442   0.956  0.000  0.000
  140 H   0.0520   0.948  0.000  0.000
  141 H   0.0399   0.960  0.000  0.000
  142 H   0.0374   0.963  0.000  0.000
  143 H   0.0293   0.971  0.000  0.000
  144 H   0.0403   0.960  0.000  0.000
  145 H   0.0334   0.967  0.000  0.000
 
 Wiberg/Mayer (AO) data. WBOs > 0.1 written file <wbo>
 largest (>0.05) Wiberg bond orders for each atom
           total WBO             WBO to atom ...
     1  C   3.956    C   17 1.482    C    2 1.277    H  102 0.940    C    7 0.102
     2  C   3.928    N    6 1.353    C    1 1.277    C    3 1.090    S    5 0.060
     3  C   3.929    N    4 1.352    C    7 1.244    C    2 1.090    S    5 0.065
     4  N   3.070    S    5 1.354    C    3 1.352    N    6 0.236
     5  S   2.951    N    4 1.354    N    6 1.353    C    3 0.065    C    2 0.060
     6  N   3.090    S    5 1.353    C    2 1.353    N    4 0.236    C   17 0.056
     7  C   3.935    C    8 1.347    C    3 1.244    C   18 1.009    C    1 0.102    C   10 0.059
     8  C   3.948    C    7 1.347    C    9 1.177    C   17 1.163
     9  C   3.966    C   10 1.608    C    8 1.177    H  103 0.934    S   16 0.085    O   12 0.069
    10  C   3.907    C    9 1.608    S   16 1.073    C   11 1.008    O   12 0.066    C    7 0.059
    11  C   3.921    O   12 1.759    O   13 1.089    C   10 1.008
    12  O   2.102    C   11 1.759    O   13 0.164    C    9 0.069    C   10 0.066
    13  O   2.313    C   11 1.089    C   14 0.958    O   12 0.164
    14  C   3.929    C   15 1.012    H  104 0.973    H  105 0.962    O   13 0.958
    15  C   3.985    C   14 1.012    H  107 0.985    H  108 0.985    H  106 0.978
    16  S   2.464    C   17 1.083    C   10 1.073    C    9 0.085
    17  C   3.947    C    1 1.482    C    8 1.163    S   16 1.083    N    6 0.056
    18  C   3.926    C   34 1.407    C   19 1.217    C    7 1.009    C   24 0.092
    19  C   3.920    N   23 1.365    C   18 1.217    C   20 1.094    S   22 0.063
    20  C   3.921    N   21 1.351    C   24 1.236    C   19 1.094    S   22 0.065
    21  N   3.064    C   20 1.351    S   22 1.348    N   23 0.232
    22  S   2.943    N   23 1.353    N   21 1.348    C   20 0.065    C   19 0.063
    23  N   3.094    C   19 1.365    S   22 1.353    N   21 0.232
    24  C   3.922    C   25 1.331    C   20 1.236    C   35 1.023    C   18 0.092    C   27 0.056
    25  C   3.943    C   24 1.331    C   26 1.178    C   34 1.178
    26  C   3.964    C   27 1.607    C   25 1.178    H  109 0.934    S   33 0.083    O   29 0.070
    27  C   3.905    C   26 1.607    S   33 1.070    C   28 1.013    O   29 0.066    C   24 0.056
    28  C   3.921    O   29 1.756    O   30 1.087    C   27 1.013
    29  O   2.094    C   28 1.756    O   30 0.163    C   26 0.070    C   27 0.066
    30  O   2.306    C   28 1.087    C   31 0.955    O   29 0.163
    31  C   3.930    C   32 1.016    H  111 0.969    H  110 0.969    O   30 0.955
    32  C   3.986    C   31 1.016    H  112 0.985    H  114 0.985    H  113 0.979
    33  S   2.469    C   34 1.085    C   27 1.070    C   26 0.083
    34  C   3.935    C   18 1.407    C   25 1.178    S   33 1.085
    35  C   3.894    C   51 1.387    C   36 1.212    C   24 1.023    C   41 0.079
    36  C   3.920    N   40 1.364    C   35 1.212    C   37 1.103    S   39 0.061
    37  C   3.920    N   38 1.377    C   41 1.200    C   36 1.103    S   39 0.070
    38  N   3.073    C   37 1.377    S   39 1.332    N   40 0.224
    39  S   2.907    N   40 1.340    N   38 1.332    C   37 0.070    C   36 0.061
    40  N   3.077    C   36 1.364    S   39 1.340    N   38 0.224
    41  C   3.921    C   42 1.279    C   37 1.200    C   52 1.141    C   35 0.079    C   44 0.050
    42  C   3.932    C   41 1.279    C   43 1.198    C   51 1.191
    43  C   3.963    C   44 1.585    C   42 1.198    H  115 0.932    S   50 0.082    O   46 0.054
    44  C   3.902    C   43 1.585    S   50 1.077    C   45 1.019    O   46 0.067    C   41 0.050
    45  C   3.919    O   46 1.741    O   47 1.091    C   44 1.019
    46  O   2.085    C   45 1.741    O   47 0.163    C   44 0.067    C   43 0.054
    47  O   2.317    C   45 1.091    C   48 0.962    O   46 0.163
    48  C   3.931    C   49 1.006    H  117 0.976    H  116 0.966    O   47 0.962
    49  C   3.985    C   48 1.006    H  118 0.985    H  120 0.984    H  119 0.978
    50  S   2.476    C   51 1.093    C   44 1.077    C   43 0.082
    51  C   3.927    C   35 1.387    C   42 1.191    S   50 1.093
    52  C   3.904    C   64 1.434    C   41 1.141    S   53 1.100    C   54 0.074
    53  S   2.536    C   54 1.124    C   52 1.100    C   64 0.061    C   63 0.059
    54  C   3.905    C   63 1.367    C   55 1.188    S   53 1.124    C   52 0.074
    55  C   3.895    C   56 1.341    C   54 1.188    S   67 1.110    C   66 0.075    O   57 0.054
    56  C   3.905    C   55 1.341    C   65 1.311    O   57 1.058    S   67 0.059
    57  O   2.264    C   56 1.058    C   58 0.937    C   55 0.054
    58  C   3.867    C   59 0.951    O   57 0.937    C   63 0.931    C   61 0.928
    59  C   3.966    C   60 1.008    H  122 0.968    H  121 0.963    C   58 0.951
    60  C   3.984    C   59 1.008    H  123 0.984    H  125 0.984    H  124 0.979
    61  C   3.961    C   62 1.009    H  126 0.967    H  127 0.963    C   58 0.928
    62  C   3.985    C   61 1.009    H  129 0.984    H  130 0.982    H  128 0.978
    63  C   3.902    C   54 1.367    C   64 1.341    C   58 0.931    S   53 0.059
    64  C   3.925    C   52 1.434    C   63 1.341    H  131 0.931    S   53 0.061
    65  C   3.934    C   66 1.457    C   56 1.311    H  132 0.930    S   67 0.068
    66  C   3.905    C   65 1.457    C   68 1.136    S   67 1.095    C   55 0.075
    67  S   2.521    C   55 1.110    C   66 1.095    C   65 0.068    C   56 0.059
    68  C   3.940    C   84 1.352    C   69 1.176    C   66 1.136    C   74 0.080
    69  C   3.918    N   73 1.392    C   68 1.176    C   70 1.099    S   72 0.071
    70  C   3.926    N   71 1.350    C   74 1.241    C   69 1.099    S   72 0.062
    71  N   3.059    C   70 1.350    S   72 1.349    N   73 0.223
    72  S   2.918    N   71 1.349    N   73 1.328    C   69 0.071    C   70 0.062
    73  N   3.097    C   69 1.392    S   72 1.328    N   71 0.223
    74  C   3.875    C   75 1.323    C   70 1.241    C   85 1.014    C   68 0.080    C   77 0.053
    75  C   3.948    C   74 1.323    C   84 1.199    C   76 1.173
    76  C   3.964    C   77 1.615    C   75 1.173    H  133 0.933    S   83 0.081    O   79 0.071
    77  C   3.901    C   76 1.615    S   83 1.060    C   78 1.010    O   79 0.066    C   74 0.053
    78  C   3.921    O   79 1.763    O   80 1.083    C   77 1.010
    79  O   2.103    C   78 1.763    O   80 0.162    C   76 0.071    C   77 0.066
    80  O   2.311    C   78 1.083    C   81 0.960    O   79 0.162
    81  C   3.930    C   82 1.007    H  134 0.976    H  135 0.966    O   80 0.960
    82  C   3.985    C   81 1.007    H  137 0.985    H  136 0.984    H  138 0.978
    83  S   2.474    C   84 1.093    C   77 1.060    C   76 0.081
    84  C   3.921    C   68 1.352    C   75 1.199    S   83 1.093
    85  C   3.949    C  101 1.413    C   86 1.217    C   74 1.014    C   91 0.101
    86  C   3.919    N   90 1.363    C   85 1.217    C   87 1.089    S   89 0.065
    87  C   3.932    N   88 1.337    C   91 1.305    C   86 1.089    S   89 0.060
    88  N   3.069    S   89 1.361    C   87 1.337    N   90 0.234    C   92 0.052
    89  S   2.949    N   88 1.361    N   90 1.344    C   86 0.065    C   87 0.060
    90  N   3.084    C   86 1.363    S   89 1.344    N   88 0.234
    91  C   3.937    C   92 1.407    C   87 1.305    H  139 0.940    C   85 0.101    C   94 0.061
    92  C   3.953    C   91 1.407    C  101 1.166    C   93 1.165    N   88 0.052
    93  C   3.964    C   94 1.617    C   92 1.165    H  140 0.937    S  100 0.085    O   96 0.057
    94  C   3.911    C   93 1.617    S  100 1.069    C   95 1.009    O   96 0.067    C   91 0.061
    95  C   3.922    O   96 1.754    O   97 1.093    C   94 1.009
    96  O   2.098    C   95 1.754    O   97 0.165    C   94 0.067    C   93 0.057
    97  O   2.318    C   95 1.093    C   98 0.960    O   96 0.165
    98  C   3.930    C   99 1.007    H  142 0.976    H  141 0.966    O   97 0.960
    99  C   3.985    C   98 1.007    H  143 0.985    H  145 0.984    H  144 0.978
   100  S   2.469    C  101 1.090    C   94 1.069    C   93 0.085
   101  C   3.934    C   85 1.413    C   92 1.166    S  100 1.090
   102  H   0.992    C    1 0.940
   103  H   0.995    C    9 0.934
   104  H   0.998    C   14 0.973
   105  H   0.997    C   14 0.962
   106  H   0.998    C   15 0.978
   107  H   0.999    C   15 0.985
   108  H   0.999    C   15 0.985
   109  H   0.994    C   26 0.934
   110  H   0.998    C   31 0.969
   111  H   0.998    C   31 0.969
   112  H   0.999    C   32 0.985
   113  H   0.998    C   32 0.979
   114  H   0.999    C   32 0.985
   115  H   0.994    C   43 0.932
   116  H   0.998    C   48 0.966
   117  H   0.998    C   48 0.976
   118  H   0.999    C   49 0.985
   119  H   0.998    C   49 0.978
   120  H   0.999    C   49 0.984
   121  H   0.998    C   59 0.963
   122  H   0.999    C   59 0.968
   123  H   0.999    C   60 0.984
   124  H   0.997    C   60 0.979
   125  H   0.999    C   60 0.984
   126  H   0.999    C   61 0.967
   127  H   0.996    C   61 0.963
   128  H   0.998    C   62 0.978
   129  H   0.999    C   62 0.984
   130  H   0.999    C   62 0.982
   131  H   0.995    C   64 0.931
   132  H   0.994    C   65 0.930
   133  H   0.994    C   76 0.933
   134  H   0.998    C   81 0.976
   135  H   0.998    C   81 0.966
   136  H   0.999    C   82 0.984
   137  H   0.999    C   82 0.985
   138  H   0.998    C   82 0.978
   139  H   0.994    C   91 0.940
   140  H   0.994    C   93 0.937
   141  H   0.998    C   98 0.966
   142  H   0.998    C   98 0.976
   143  H   0.999    C   99 0.985
   144  H   0.998    C   99 0.978
   145  H   0.999    C   99 0.984
 
 --------------------------------------------
          xTB calculation for sTDA...
 --------------------------------------------
 
 reading parameter file /ihome/ghutchison/blp62/xtb4stda/.param_stda2.xtb
 
      method parameters     
 k(s)        :  1.6000
 k(p)        :  2.1800
 k(d)        :  1.9500
 k(f)        :  2.0000
 k(R-V)      :  2.2750
 k(R-R)      :  1.7650
 Tscal       :  0.2580
 Gscal       :  1.0000
 fpol        :  1.0000
 Zcnf        :  0.3430
 Zqf         :  0.0000
 kcn         :  2.7000
 Ryd Hsplit  :  0.7000
 lshift(virt):  3.1000
 lshift(OS)  :  0.2000
 wllscaling  :  2.6000
 
 mowrcut     : 3.000
 
  Z AO/shell   Hii/eV     exponent
  1     Sun Feb 14 09:53:25 CET 2016    EN: 2.327 GAM: 0.473  GM3: 0.0000
     1s    -14.339618    1.220000
     2sp    -3.348946    0.600000
  6     Sun Feb 14 09:53:25 CET 2016    EN: 2.731 GAM: 0.422  GM3: 0.0000
     2s    -22.009312    1.565095
     2p    -13.020408    1.596905
     3sp    -3.914040    0.824500
  7     Sun Feb 14 09:53:25 CET 2016    EN: 3.573 GAM: 0.504  GM3: 0.0000
     2s    -25.722000    2.064844
     2p    -18.684912    1.801692
     3sp    -4.344791    0.921400
  8     Sun Feb 14 09:53:25 CET 2016    EN: 3.700 GAM: 0.587  GM3: 0.0000
     2s    -33.859000    2.418661
     2p    -22.175911    1.973969
     3sp    -4.259392    1.013700
 16     Sun Feb 21 16:35:57 CET 2016    EN: 1.915 GAM: 0.200  GM3: 0.0000
     3s    -17.898811    2.619580
     3p    -15.317401    1.798798
     4sp    -4.455139    0.843200
 
 Nbf   :         1028
 T(el) :     0.0
 calculating S/T integrals ...
 cpu time for ints    1.81248400000000     
 Nao   :         1028
 making H0...
 making H1...
 cpu time for H      2.633000000000063E-002
 solving ...
 cpu time for diag    2.16235500000000     
 
 gap (eV)           :   4.581
 Koopmans IP (eV)   :  12.787
 Eel (Eh)           :  -431.228922

          eigenvalues
 #    :         240        241        242        243        244        245        246        247
 occ. :        2.000      2.000      2.000      2.000      2.000      2.000      2.000      2.000
 eps  :       -15.370    -15.356    -15.317    -15.284    -15.213    -15.182    -15.144    -14.474
 #    :         248        249        250        251        252        253        254        255
 occ. :        2.000      2.000      2.000      2.000      2.000      0.000      0.000      0.000
 eps  :       -14.320    -14.165    -13.919    -13.615    -12.788     -8.207     -7.961     -7.696
 #    :         256        257        258        259        260        261        262        263
 occ. :        0.000      0.000      0.000      0.000      0.000      0.000      0.000      0.000
 eps  :        -7.542     -7.344     -6.627     -6.391     -6.360     -6.342     -6.169     -6.030
                            1  SCC done.
 writing mo output ...
 molden style : F
 
speedup  3.64
cpu  time for all    9.11 s
wall time for all    2.50 s
