 
        ______________________________________
       |                                      |
       |          ===================         |
       |             xTB for sTDA             |
       |          ===================         |
       |               S. Grimme              |
       |        Universitaet Bonn, MCTC       |
       |         2015-19, Version 1.0         |
       |     Wed Apr  3 09:14:55 CEST 2019    |
       |______________________________________|
 
        This code comes without any warranty
        for non-commercial, academia use only.
        Preliminary test version.
        Cite this work as:
        S. Grimme  &  C. Bannwarth, JCP 145 (2016) 054103
        if GBSA is used additionally:
        P. Shushkov, F. März, C. Bannwarth, S. Grimme, unpublished.
 
        with help from
        P. Shushkov, G. Brandenburg, S. Dohm, J. Pisarek,
        F. März, M. Checinski, S. Ehrlich, S. Spicher, 
        P. Pracht, E. Caldeweyher, S. Ehlert, and C. Bannwarth.
 
        usage        :
        xtb4stda <coord_file> [options]
        where <coord_file> is a valid file of TM)
        (*coord, Bohr) or xmol (*xyz, Angstroem)
        format.

        options:
        -chrg <int>   : molecular charge
        -uhf  <int>   : # of unpaired electrons(=2*S)
        -nox          : skip second, extended part in sTDA-xTB
        -pop          : do population analysis
                      : (default for -nox)
        -mowr <real>  : cut MO write above (def.3 Eh)
        -molden       : write formatted molden file
        -parx <file>  : read parameters for sTDA-xTB
                        calc (def:~/.param_stda2.xtb)
        -parv <file>  : read parameters for vTB part in
                        sTDA-xTB (def: ~/.param_stda1.xtb)
        -xtemp <real> : el. temp for xTB (def. 0 K)
        -etemp <real> : el. temp for GFN (def. 300 K)
        -fod          : calculate the FOD and write
                        molden.input file with
                        appropriate occupations
                        for plotting. Def. T=12500 K
 
        -acc <real>   : xTB accuracy (def. 1.0)
        -gbsa [string1] [string2]
                        use GBSA implicit solvent
                        for solvent [string1] and
                        solvation state [string2]=
                        reference, bar1M (default=1M)
        additional GFN/opt/MD/siman options read from
        $XTB4STDAHOME/.xtb4stdarc or $set in input
 
       spin and charge state information can be on:
       <.CHRG> (charge) and <.UHF> (=nalpha-nbeta)
       -uhf and -chrg override the file info.
       useful machine settings:
       setenv MKL_NUM_THREADS <NCORE_ON_YOUR_MACHINE>
       setenv OMP_STACKSIZE 500m
       limit stacksize unlimited
 
       total energies in Eh, gaps/HL energies in eV
       please read REVISION and HOWTO files carefully
 =============================
  # OMP threads =           8
 =============================
 
 xtb4stdahome directory:/ihome/ghutchison/blp62/xtb4stda/
 
 
 name of molecule           :
 comment line               :
 number of atoms            :   212
 number of electrons        :   704
 charge                     :  0
 spin                       : 0.0
 first test random number   :  0.0417
 
 -----------------------------------------
      charge density (VTB) calculation
 -----------------------------------------
 
      method parameters     
 k(s)        :  1.8000
 k(p)        :  2.8350
 k(d)        :  2.0860
 k(f)        :  2.0000
 Tscal       :  0.3300
 Gscal       :  0.3910
 fpol        :  1.0000
 Zcnf        :  0.6500
 Zqf         :  0.0000
 kcn         :  0.3000
 kEN1        : -0.5900
 wllscal     :  2.6000
 
     -------------------------
     ! NO SOLVENT MODEL USED !
     -------------------------
 
 doing EN charges ...
 sum q : -0.9992007D-15
 point charge moment (au)
     X       Y       Z   
   0.2307  -0.8190  -0.5195  total (Debye):    2.534
 
            Z      q(EN)   CN      Cart. coordinates
     1  C   4.0  -0.163   3.151     5.85758   -10.31186    17.20860
     2  C   4.0  -0.091   3.333     5.35208    -7.95858    18.04462
     3  C   4.0  -0.023   3.476     3.46254    -6.71816    16.58197
     4  C   4.0  -0.014   3.354     2.56852    -4.23563    16.84521
     5  C   4.0  -0.096   3.323     3.58859    -2.52354    18.73758
     6  S   6.0   0.221   2.675     6.81057    -1.90031    18.90784
     7  C   4.0  -0.084   3.266     6.42356     0.21732    21.36940
     8  C   4.0  -0.182   4.099     8.61413     1.62365    22.43634
     9  C   4.0  -0.244   4.032     9.25909     3.92005    20.80040
    10  C   4.0  -0.095   3.433     3.93290     0.41820    21.99074
    11  CL  7.0   0.088   1.222     2.80605     2.33532    24.35195
    12  C   4.0  -0.094   3.438     2.32077    -1.13365    20.50655
    13  CL  7.0   0.088   1.278    -0.87192    -1.32149    21.02226
    14  C   4.0  -0.092   3.327     0.74550    -3.44044    15.13652
    15  C   4.0  -0.021   3.462    -0.21562    -5.00947    13.19482
    16  C   4.0  -0.014   3.348     0.71658    -7.48048    12.89436
    17  C   4.0  -0.093   3.320     0.03080    -8.98187    10.70322
    18  S   6.0   0.226   2.804     0.22866    -7.60199     7.72199
    19  C   4.0  -0.085   3.276    -0.38078   -10.41579     6.18753
    20  C   4.0  -0.184   4.107    -0.46809   -10.54845     3.37996
    21  C   4.0  -0.244   4.032    -3.13279   -10.02046     2.38918
    22  C   4.0  -0.097   3.454    -0.79860   -12.28530     7.90794
    23  C   4.0  -0.096   3.445    -0.56144   -11.48670    10.46398
    24  CL  7.0   0.087   1.316    -1.12476   -13.49000    12.94084
    25  CL  7.0   0.090   1.241    -1.45093   -15.35402     7.09214
    26  C   4.0  -0.091   3.316     2.52921    -8.28607    14.62535
    27  S   6.0   0.215   2.644     4.06329   -11.19304    14.62875
    28  C   4.0  -0.092   3.383    -2.02900    -3.73259    11.69495
    29  C   4.0  -0.091   3.268    -2.35857    -1.25988    12.34823
    30  S   6.0   0.216   2.649    -0.48150    -0.39514    14.93904
    31  C   4.0  -0.095   3.280    -3.86997     0.58374    11.10781
    32  S   6.0   0.220   2.588    -6.06508    -0.28969     8.80726
    33  C   4.0  -0.096   3.315    -6.67130     2.85065     8.14774
    34  C   4.0  -0.094   3.296    -8.31196     3.85485     6.29506
    35  C   4.0   0.059   3.446    -8.55252     6.45889     6.10967
    36  O   6.0  -0.132   2.109    -7.48313     8.08406     7.74731
    37  C   4.0   0.020   4.175    -5.26704     7.28830     9.13172
    38  C   4.0  -0.161   4.086    -5.34925     8.76625    11.63089
    39  C   4.0  -0.241   4.021    -5.39214    11.62389    11.27770
    40  C   4.0  -0.159   4.088    -2.98350     7.96293     7.42984
    41  C   4.0  -0.242   4.019    -0.39080     7.61824     8.62452
    42  C   4.0  -0.006   3.463    -5.25401     4.47582     9.63023
    43  C   4.0  -0.089   3.385    -3.71010     3.17172    11.33420
    44  C   4.0  -0.085   3.353   -10.08792     7.21271     4.08200
    45  C   4.0  -0.094   3.280   -11.06453     5.20298     2.75768
    46  S   6.0   0.217   2.586   -10.08679     2.31567     4.02304
    47  C   4.0  -0.094   3.280   -12.39150     5.22358     0.41083
    48  S   6.0   0.217   2.596   -11.56059     7.44968    -1.88425
    49  C   4.0  -0.097   3.329   -13.39986     5.89897    -4.09485
    50  C   4.0  -0.092   3.301   -13.18273     6.06829    -6.75483
    51  C   4.0   0.060   3.451   -14.00079     4.00452    -8.16456
    52  O   6.0  -0.135   2.112   -15.44397     2.14503    -7.22858
    53  C   4.0   0.021   4.180   -16.51507     2.44171    -4.73981
    54  C   4.0  -0.160   4.087   -16.89774    -0.25833    -3.73656
    55  C   4.0  -0.241   4.021   -18.56637    -1.90314    -5.40915
    56  C   4.0  -0.160   4.080   -19.03729     3.95009    -4.89382
    57  C   4.0  -0.241   4.020   -20.21874     4.02644    -7.52262
    58  C   4.0  -0.006   3.469   -14.70868     3.87961    -3.05909
    59  C   4.0  -0.087   3.367   -14.08413     3.48333    -0.51949
    60  C   4.0  -0.086   3.363   -12.88604     3.89095   -10.56697
    61  C   4.0  -0.093   3.282   -11.19984     5.82640   -10.99745
    62  S   6.0   0.216   2.604   -11.14182     7.96312    -8.47655
    63  C   4.0  -0.089   3.277    -9.19900     5.86495   -12.79099
    64  C   4.0  -0.092   3.389    -7.22612     7.53112   -12.88472
    65  C   4.0  -0.021   3.469    -5.05634     6.54658   -14.09565
    66  C   4.0  -0.012   3.340    -2.58798     7.55701   -14.02082
    67  C   4.0  -0.093   3.312    -2.20380    10.19318   -13.41082
    68  S   6.0   0.214   2.751     0.12680    11.22932   -11.33684
    69  C   4.0  -0.083   3.267    -0.73718    14.36248   -11.69136
    70  C   4.0  -0.182   4.099     0.53668    16.40490   -10.23570
    71  C   4.0  -0.244   4.032    -0.75816    16.81270    -7.68117
    72  C   4.0  -0.094   3.431    -2.71837    14.56828   -13.32559
    73  CL  7.0   0.088   1.223    -4.08313    17.38888   -14.16085
    74  C   4.0  -0.093   3.434    -3.55306    12.21708   -14.30712
    75  CL  7.0   0.092   1.249    -5.91465    12.00694   -16.51809
    76  C   4.0  -0.088   3.314    -0.63325     5.83812   -14.35757
    77  C   4.0  -0.019   3.449    -1.02914     3.28756   -15.08001
    78  C   4.0  -0.012   3.340    -3.49032     2.43586   -15.63370
    79  C   4.0  -0.095   3.317    -4.03948    -0.07672   -16.58405
    80  S   6.0   0.221   2.658    -2.79094    -2.81380   -15.26029
    81  C   4.0  -0.084   3.265    -4.45560    -4.75153   -17.30157
    82  C   4.0  -0.182   4.100    -4.14455    -7.54624   -17.22599
    83  C   4.0  -0.244   4.032    -1.68771    -8.35145   -18.52177
    84  C   4.0  -0.095   3.432    -5.87251    -3.33442   -18.91842
    85  C   4.0  -0.095   3.445    -5.66124    -0.69126   -18.50439
    86  CL  7.0   0.088   1.284    -7.19097     1.48022   -20.35632
    87  CL  7.0   0.088   1.223    -7.76167    -4.58070   -21.24014
    88  C   4.0  -0.089   3.326    -5.45224     4.06121   -14.99252
    89  S   6.0   0.213   2.654    -8.58540     3.12958   -14.57281
    90  C   4.0  -0.091   3.378     1.19676     1.82661   -14.84153
    91  C   4.0  -0.089   3.274     3.20195     3.14356   -13.88986
    92  S   6.0   0.208   2.694     2.52808     6.38595   -13.60943
    93  C   4.0  -0.093   3.280     5.36077     2.14049   -12.64113
    94  S   6.0   0.218   2.603     5.37929    -1.04955   -11.77658
    95  C   4.0  -0.096   3.321     7.82365    -0.49964    -9.68107
    96  C   4.0  -0.094   3.301     8.61110    -2.09230    -7.68381
    97  C   4.0   0.060   3.445     9.96150    -0.99985    -5.71529
    98  O   6.0  -0.134   2.107    10.92545     1.34133    -5.77292
    99  C   4.0   0.020   4.171    10.79355     2.83005    -8.06044
   100  C   4.0  -0.161   4.091    10.30165     5.56449    -7.17227
   101  C   4.0  -0.241   4.020    12.17248     6.49971    -5.19127
   102  C   4.0  -0.161   4.084    13.34865     2.63031    -9.45638
   103  C   4.0  -0.241   4.024    13.92841    -0.00019   -10.47645
   104  C   4.0  -0.005   3.464     8.66723     1.97684    -9.75911
   105  C   4.0  -0.089   3.381     7.26165     3.45423   -11.44191
   106  C   4.0  -0.084   3.351    10.06487    -2.54659    -3.56119
   107  C   4.0  -0.095   3.273     8.84600    -4.81748    -3.89416
   108  S   6.0   0.216   2.619     7.59046    -5.10075    -6.92320
   109  C   4.0  -0.091   3.267     8.35240    -6.69983    -2.02049
   110  C   4.0  -0.090   3.373     7.98334    -6.28485     0.49662
   111  C   4.0  -0.020   3.458     7.32741    -8.49205     1.86573
   112  C   4.0  -0.013   3.343     6.67905    -8.69765     4.43859
   113  C   4.0  -0.092   3.316     6.22570    -6.45852     5.95849
   114  S   6.0   0.220   2.772     4.33919    -4.06064     4.70050
   115  C   4.0  -0.084   3.267     4.29024    -2.39031     7.50561
   116  C   4.0  -0.181   4.103     2.86369     0.02268     7.76791
   117  C   4.0  -0.249   4.055     0.49756     0.05745     6.12592
   118  C   4.0  -0.096   3.453     5.71396    -3.60333     9.27421
   119  CL  7.0   0.094   1.296     6.18507    -2.48934    12.28341
   120  C   4.0  -0.094   3.440     6.80660    -5.90294     8.41646
   121  CL  7.0   0.086   1.366     8.79025    -7.61881    10.30997
   122  C   4.0  -0.089   3.315     6.23269   -11.12879     5.34906
   123  C   4.0  -0.022   3.472     6.27389   -13.30008     3.78304
   124  C   4.0  -0.012   3.341     6.75917   -13.06330     1.18750
   125  C   4.0  -0.095   3.317     6.65467   -15.22855    -0.50078
   126  S   6.0   0.217   2.701     9.17027   -15.95458    -2.48556
   127  C   4.0  -0.084   3.266     7.62769   -18.55125    -3.73693
   128  C   4.0  -0.182   4.100     8.79856   -20.09421    -5.77689
   129  C   4.0  -0.244   4.032     8.44008   -18.83206    -8.35448
   130  C   4.0  -0.094   3.432     5.29312   -18.80240    -2.67850
   131  C   4.0  -0.093   3.431     4.74019   -16.93024    -0.83507
   132  CL  7.0   0.092   1.251     1.88028   -16.79362     0.68616
   133  CL  7.0   0.088   1.221     3.19118   -21.14736    -3.45990
   134  C   4.0  -0.090   3.318     7.32458   -10.65976     0.29914
   135  S   6.0   0.211   2.656     7.96047    -9.88157    -2.83440
   136  C   4.0  -0.092   3.341     5.73418   -15.54394     5.17199
   137  C   4.0  -0.163   3.156     5.24229   -15.09041     7.62939
   138  S   6.0   0.220   2.732     5.45507   -11.93834     8.43687
   139  H   1.0   0.075   1.014     7.19079   -11.64071    17.95958
   140  H   1.0   0.079   1.008     6.27427    -7.10518    19.63935
   141  H   1.0   0.081   1.006     8.13659     2.24310    24.34477
   142  H   1.0   0.081   1.005    10.25120     0.37246    22.53517
   143  H   1.0   0.081   0.999    10.85950     4.92916    21.59843
   144  H   1.0   0.081   1.000     9.73738     3.32252    18.89310
   145  H   1.0   0.081   0.999     7.65377     5.19845    20.70497
   146  H   1.0   0.081   1.007     0.84943    -9.16819     2.59308
   147  H   1.0   0.082   1.010     0.12775   -12.43288     2.79094
   148  H   1.0   0.081   0.999    -3.15641   -10.14292     0.33977
   149  H   1.0   0.082   1.000    -4.45862   -11.39448     3.14715
   150  H   1.0   0.081   1.000    -3.74204    -8.13829     2.94627
   151  H   1.0   0.080   1.012    -3.05493    -4.59808    10.17069
   152  H   1.0   0.082   1.004    -7.06398     8.18289    12.62110
   153  H   1.0   0.083   1.004    -3.73523     8.22220    12.78626
   154  H   1.0   0.082   1.000    -6.90147    12.15169     9.99041
   155  H   1.0   0.081   0.999    -5.72096    12.53947    13.08749
   156  H   1.0   0.082   0.999    -3.60843    12.30873    10.52483
   157  H   1.0   0.081   1.004    -3.11956     6.78185     5.73683
   158  H   1.0   0.082   1.004    -3.22406     9.92125     6.83098
   159  H   1.0   0.081   0.999     1.06146     8.09615     7.25050
   160  H   1.0   0.082   1.001    -0.09845     5.67182     9.21298
   161  H   1.0   0.082   0.999    -0.15590     8.84203    10.25592
   162  H   1.0   0.080   1.008    -2.47044     4.04420    12.68649
   163  H   1.0   0.079   1.005   -10.46209     9.15119     3.61032
   164  H   1.0   0.082   1.004   -17.71599    -0.13908    -1.84853
   165  H   1.0   0.082   1.004   -15.03371    -1.13100    -3.58009
   166  H   1.0   0.082   0.999   -20.50334    -1.22209    -5.42181
   167  H   1.0   0.081   0.999   -18.56826    -3.83010    -4.69502
   168  H   1.0   0.082   1.000   -17.84695    -1.91788    -7.33119
   169  H   1.0   0.082   1.004   -20.36520     3.11200    -3.55873
   170  H   1.0   0.082   1.004   -18.68920     5.89122    -4.28004
   171  H   1.0   0.082   1.000   -19.04523     5.10302    -8.82162
   172  H   1.0   0.081   0.999   -22.05820     4.93729    -7.41528
   173  H   1.0   0.083   1.000   -20.45987     2.13936    -8.28872
   174  H   1.0   0.080   1.006   -14.80865     1.97665     0.63306
   175  H   1.0   0.079   1.007   -13.18802     2.36329   -11.87012
   176  H   1.0   0.080   1.010    -7.24880     9.30312   -11.88959
   177  H   1.0   0.081   1.006     0.45845    18.15006   -11.33288
   178  H   1.0   0.081   1.006     2.51220    15.89732    -9.93372
   179  H   1.0   0.081   0.999     0.18878    18.30899    -6.64125
   180  H   1.0   0.082   1.000    -2.72291    17.34390    -7.95707
   181  H   1.0   0.081   1.000    -0.69391    15.08795    -6.56642
   182  H   1.0   0.082   1.006    -5.75270    -8.41212   -18.18332
   183  H   1.0   0.081   1.005    -4.12093    -8.18176   -15.26351
   184  H   1.0   0.081   1.000    -0.07238    -7.50977   -17.56992
   185  H   1.0   0.081   0.999    -1.68564    -7.74542   -20.48463
   186  H   1.0   0.081   0.999    -1.49685   -10.39519   -18.46338
   187  H   1.0   0.080   1.015     1.27689    -0.17499   -15.17261
   188  H   1.0   0.083   1.004    10.35475     6.81095    -8.81085
   189  H   1.0   0.082   1.004     8.39719     5.62496    -6.37839
   190  H   1.0   0.082   1.000    12.29210     5.16103    -3.64037
   191  H   1.0   0.082   0.999    14.04501     6.75350    -5.99421
   192  H   1.0   0.081   0.999    11.54188     8.31007    -4.45219
   193  H   1.0   0.083   1.004    14.83378     3.17096    -8.13508
   194  H   1.0   0.082   1.004    13.32673     3.98430   -11.01238
   195  H   1.0   0.082   1.000    12.51112    -0.59867   -11.83970
   196  H   1.0   0.082   1.000    13.99531    -1.37685    -8.95201
   197  H   1.0   0.081   0.999    15.75805     0.01039   -11.41187
   198  H   1.0   0.080   1.007     7.53339     5.44373   -11.74691
   199  H   1.0   0.080   1.005    10.98989    -2.00368    -1.83927
   200  H   1.0   0.080   1.010     8.13810    -4.44369     1.33490
   201  H   1.0   0.080   1.004     4.08974     1.60476     7.24313
   202  H   1.0   0.082   1.008     2.36461     0.25927     9.75684
   203  H   1.0   0.082   1.000    -0.54878     1.80015     6.41883
   204  H   1.0   0.082   1.003     1.00496    -0.07805     4.13926
   205  H   1.0   0.082   1.003    -0.71583    -1.53124     6.59647
   206  H   1.0   0.081   1.006     7.91644   -21.95862    -5.78691
   207  H   1.0   0.081   1.005    10.81377   -20.31720    -5.39838
   208  H   1.0   0.081   0.999     6.43981   -18.61342    -8.76795
   209  H   1.0   0.081   0.999     9.29613   -19.97951    -9.82657
   210  H   1.0   0.081   1.000     9.31881   -16.97446    -8.36544
   211  H   1.0   0.080   1.007     5.74307   -17.39927     4.34883
   212  H   1.0   0.076   1.015     4.78271   -16.42474     9.08372
 
  Z AO/shell   Hii/eV     exponent
  1     Sat Feb 20 21:38:01 CET 2016    EN: 2.327 GAM: 0.473  GM3: 0.0000
     1s    -13.751157    1.051071
  6     Sat Feb 20 21:38:01 CET 2016    EN: 2.731 GAM: 0.422  GM3: 0.0000
     2s    -19.378245    2.021003
     2p    -11.993376    1.497917
  8     Sat Feb 20 21:38:01 CET 2016    EN: 3.700 GAM: 0.587  GM3: 0.0000
     2s    -21.648843    2.110798
     2p    -17.239740    2.329048
 16     Sat Feb 20 23:13:41 CET 2016    EN: 1.915 GAM: 0.389  GM3: 0.0000
     3s    -22.000000    2.671470
     3p    -15.834192    1.836978
     3d     -2.593599    1.836978
 17     Sat Feb 20 23:13:41 CET 2016    EN: 2.375 GAM: 0.431  GM3: 0.0000
     3s    -21.000000    2.596786
     3p    -17.375270    2.088291
     3d     -1.372943    2.088291
 
 dipole moment of classical point charges (au)
     X       Y       Z   
   0.2307  -0.8190  -0.5195  total (Debye):    2.534

 
 Nbf   :          806
 T(el) :   300.0
 calculating S/T integrals ...
 cpu time for ints    1.42870400000000     
 Nao   :          776
 making H0...
 making H1...
 cpu time for H      3.851599999999999E-002
 solving ...
 cpu time for diag    1.99103500000000     
 
 gap (eV)           :   2.305
 Koopmans IP (eV)   :  11.364
 Eel (Eh)           :  -539.218941
 T,E(Fermi),NFOD :    300.000   -10.212  0.000000
 T,E(Fermi),NFOD :    300.000   -10.212  0.000000
 Nfod               :  0.0000
 Nfod/Nel           :  0.0000

          eigenvalues
 #    :         340        341        342        343        344        345        346        347
 occ. :        2.000      2.000      2.000      2.000      2.000      2.000      2.000      2.000
 eps  :       -13.997    -13.822    -13.645    -13.441    -13.365    -13.359    -13.309    -12.669
 #    :         348        349        350        351        352        353        354        355
 occ. :        2.000      2.000      2.000      2.000      2.000      0.000      0.000      0.000
 eps  :       -12.532    -12.449    -12.167    -11.727    -11.365     -9.060     -9.040     -8.947
 #    :         356        357        358        359        360        361        362        363
 occ. :        0.000      0.000      0.000      0.000      0.000      0.000      0.000      0.000
 eps  :        -8.889     -8.666     -8.536     -8.527     -8.493     -8.465     -8.455     -8.351
                            1  SCC done.
 making H1...
 cpu time for H       2.41974900000000     
 solving ...
 cpu time for diag   0.257852999999999     
 
 gap (eV)           :   2.410
 Koopmans IP (eV)   :  11.556
 Eel (Eh)           :  -539.941028
 T,E(Fermi),NFOD :    300.000   -10.351  0.000000
 T,E(Fermi),NFOD :    300.000   -10.351  0.000000
 Nfod               :  0.0000
 Nfod/Nel           :  0.0000

          eigenvalues
 #    :         340        341        342        343        344        345        346        347
 occ. :        2.000      2.000      2.000      2.000      2.000      2.000      2.000      2.000
 eps  :       -13.998    -13.926    -13.830    -13.717    -13.671    -13.658    -13.616    -12.838
 #    :         348        349        350        351        352        353        354        355
 occ. :        2.000      2.000      2.000      2.000      2.000      0.000      0.000      0.000
 eps  :       -12.712    -12.608    -12.334    -11.913    -11.557     -9.147     -8.989     -8.934
 #    :         356        357        358        359        360        361        362        363
 occ. :        0.000      0.000      0.000      0.000      0.000      0.000      0.000      0.000
 eps  :        -8.849     -8.741     -8.535     -8.451     -8.427     -8.400     -8.381     -8.285
                            2  SCC done.
 
 
 Mulliken/CM5 charges    n(s)   n(p)   n(d)   
    1 C  -0.0512 -0.0907   1.140  2.911  0.000
    2 C  -0.0703 -0.1212   1.134  2.937  0.000
    3 C  -0.0317 -0.0330   1.172  2.859  0.000
    4 C  -0.0000  0.0015   1.159  2.841  0.000
    5 C  -0.0452 -0.0320   1.169  2.877  0.000
    6 S   0.0989  0.0606   1.886  3.962  0.054
    7 C  -0.0487 -0.0443   1.189  2.860  0.000
    8 C  -0.0261 -0.1305   1.120  2.906  0.000
    9 C  -0.0877 -0.2388   1.098  2.990  0.000
   10 C  -0.0016 -0.0013   1.147  2.855  0.000
   11 CL -0.0500 -0.0512   1.902  5.143  0.005
   12 C   0.0078  0.0095   1.151  2.842  0.000
   13 CL -0.0434 -0.0425   1.902  5.136  0.006
   14 C  -0.0256 -0.0124   1.178  2.848  0.000
   15 C  -0.0265 -0.0277   1.171  2.856  0.000
   16 C   0.0003  0.0019   1.159  2.841  0.000
   17 C  -0.0468 -0.0335   1.172  2.875  0.000
   18 S   0.0889  0.0485   1.887  3.971  0.052
   19 C  -0.0466 -0.0418   1.192  2.855  0.000
   20 C  -0.0301 -0.1343   1.122  2.908  0.000
   21 C  -0.0883 -0.2393   1.098  2.991  0.000
   22 C  -0.0006 -0.0000   1.148  2.852  0.000
   23 C   0.0120  0.0140   1.150  2.838  0.000
   24 CL -0.0398 -0.0387   1.902  5.132  0.006
   25 CL -0.0501 -0.0514   1.902  5.143  0.005
   26 C  -0.0289 -0.0156   1.177  2.852  0.000
   27 S   0.0857  0.0475   1.884  3.984  0.047
   28 C  -0.0784 -0.1263   1.138  2.941  0.000
   29 C  -0.0132 -0.0041   1.168  2.845  0.000
   30 S   0.0634  0.0270   1.891  4.007  0.039
   31 C  -0.0289 -0.0197   1.161  2.868  0.000
   32 S   0.1049  0.0688   1.888  3.961  0.046
   33 C  -0.0259 -0.0114   1.169  2.857  0.000
   34 C  -0.0465 -0.0304   1.156  2.890  0.000
   35 C   0.0431  0.0669   1.153  2.804  0.000
   36 O  -0.1497 -0.2237   1.470  4.680  0.000
   37 C   0.0928  0.0958   1.253  2.654  0.000
   38 C  -0.0414 -0.1469   1.142  2.899  0.000
   39 C  -0.0893 -0.2412   1.089  3.000  0.000
   40 C  -0.0532 -0.1580   1.150  2.903  0.000
   41 C  -0.0916 -0.2444   1.089  3.002  0.000
   42 C  -0.0579 -0.0616   1.189  2.869  0.000
   43 C  -0.0762 -0.1265   1.143  2.933  0.000
   44 C  -0.0742 -0.1202   1.131  2.943  0.000
   45 C  -0.0251 -0.0146   1.163  2.862  0.000
   46 S   0.0976  0.0638   1.889  3.962  0.052
   47 C  -0.0270 -0.0168   1.162  2.865  0.000
   48 S   0.0997  0.0657   1.889  3.966  0.046
   49 C  -0.0295 -0.0151   1.174  2.855  0.000
   50 C  -0.0489 -0.0330   1.165  2.884  0.000
   51 C   0.0521  0.0759   1.155  2.793  0.000
   52 O  -0.1418 -0.2171   1.468  4.674  0.000
   53 C   0.0913  0.0950   1.255  2.653  0.000
   54 C  -0.0400 -0.1457   1.143  2.897  0.000
   55 C  -0.0889 -0.2410   1.089  3.000  0.000
   56 C  -0.0532 -0.1585   1.155  2.898  0.000
   57 C  -0.0917 -0.2429   1.091  3.001  0.000
   58 C  -0.0546 -0.0582   1.190  2.865  0.000
   59 C  -0.0739 -0.1229   1.141  2.933  0.000
   60 C  -0.0667 -0.1126   1.133  2.934  0.000
   61 C  -0.0219 -0.0116   1.164  2.858  0.000
   62 S   0.0925  0.0579   1.889  3.970  0.049
   63 C  -0.0099  0.0000   1.169  2.841  0.000
   64 C  -0.0745 -0.1220   1.140  2.934  0.000
   65 C  -0.0285 -0.0299   1.172  2.857  0.000
   66 C  -0.0006  0.0008   1.158  2.842  0.000
   67 C  -0.0434 -0.0302   1.168  2.875  0.000
   68 S   0.0961  0.0602   1.887  3.963  0.054
   69 C  -0.0466 -0.0422   1.191  2.856  0.000
   70 C  -0.0253 -0.1297   1.120  2.905  0.000
   71 C  -0.0878 -0.2389   1.098  2.990  0.000
   72 C   0.0004  0.0006   1.146  2.854  0.000
   73 CL -0.0482 -0.0494   1.901  5.142  0.005
   74 C   0.0075  0.0083   1.151  2.842  0.000
   75 CL -0.0397 -0.0403   1.902  5.132  0.006
   76 C  -0.0217 -0.0082   1.178  2.843  0.000
   77 C  -0.0246 -0.0258   1.171  2.854  0.000
   78 C   0.0014  0.0029   1.158  2.840  0.000
   79 C  -0.0469 -0.0336   1.167  2.880  0.000
   80 S   0.1004  0.0610   1.885  3.960  0.054
   81 C  -0.0468 -0.0424   1.189  2.858  0.000
   82 C  -0.0263 -0.1307   1.120  2.906  0.000
   83 C  -0.0876 -0.2387   1.098  2.990  0.000
   84 C  -0.0006 -0.0003   1.147  2.854  0.000
   85 C   0.0078  0.0096   1.151  2.841  0.000
   86 CL -0.0431 -0.0422   1.902  5.136  0.006
   87 CL -0.0492 -0.0503   1.901  5.142  0.005
   88 C  -0.0268 -0.0136   1.179  2.847  0.000
   89 S   0.0624  0.0271   1.892  4.008  0.038
   90 C  -0.0738 -0.1211   1.138  2.935  0.000
   91 C  -0.0136 -0.0038   1.172  2.842  0.000
   92 S   0.0570  0.0228   1.893  4.012  0.039
   93 C  -0.0259 -0.0159   1.164  2.862  0.000
   94 S   0.1019  0.0670   1.888  3.965  0.044
   95 C  -0.0252 -0.0111   1.172  2.853  0.000
   96 C  -0.0448 -0.0292   1.160  2.885  0.000
   97 C   0.0474  0.0712   1.153  2.799  0.000
   98 O  -0.1476 -0.2218   1.465  4.682  0.000
   99 C   0.0927  0.0959   1.252  2.655  0.000
  100 C  -0.0408 -0.1465   1.145  2.896  0.000
  101 C  -0.0898 -0.2417   1.089  3.001  0.000
  102 C  -0.0486 -0.1541   1.148  2.900  0.000
  103 C  -0.0919 -0.2428   1.090  3.002  0.000
  104 C  -0.0538 -0.0574   1.188  2.866  0.000
  105 C  -0.0725 -0.1215   1.142  2.930  0.000
  106 C  -0.0745 -0.1213   1.133  2.942  0.000
  107 C  -0.0228 -0.0124   1.161  2.862  0.000
  108 S   0.1104  0.0774   1.888  3.950  0.052
  109 C  -0.0098  0.0003   1.166  2.844  0.000
  110 C  -0.0792 -0.1273   1.140  2.939  0.000
  111 C  -0.0262 -0.0275   1.170  2.857  0.000
  112 C   0.0002  0.0016   1.160  2.839  0.000
  113 C  -0.0478 -0.0347   1.171  2.877  0.000
  114 S   0.0920  0.0515   1.887  3.969  0.052
  115 C  -0.0428 -0.0381   1.192  2.850  0.000
  116 C  -0.0255 -0.1296   1.120  2.905  0.000
  117 C  -0.0865 -0.2374   1.093  2.993  0.000
  118 C  -0.0053 -0.0048   1.147  2.858  0.000
  119 CL -0.0531 -0.0537   1.903  5.145  0.005
  120 C   0.0119  0.0138   1.152  2.836  0.000
  121 CL -0.0364 -0.0350   1.902  5.129  0.006
  122 C  -0.0331 -0.0200   1.180  2.853  0.000
  123 C  -0.0369 -0.0387   1.175  2.862  0.000
  124 C  -0.0012  0.0001   1.158  2.843  0.000
  125 C  -0.0467 -0.0335   1.168  2.879  0.000
  126 S   0.0981  0.0620   1.886  3.962  0.054
  127 C  -0.0461 -0.0417   1.189  2.857  0.000
  128 C  -0.0262 -0.1305   1.120  2.906  0.000
  129 C  -0.0875 -0.2386   1.098  2.990  0.000
  130 C  -0.0016 -0.0014   1.147  2.855  0.000
  131 C   0.0073  0.0081   1.151  2.842  0.000
  132 CL -0.0374 -0.0399   1.901  5.131  0.005
  133 CL -0.0493 -0.0505   1.902  5.142  0.005
  134 C  -0.0234 -0.0100   1.177  2.846  0.000
  135 S   0.0747  0.0421   1.891  3.995  0.039
  136 C  -0.0718 -0.1231   1.134  2.938  0.000
  137 C  -0.0506 -0.0902   1.142  2.909  0.000
  138 S   0.0836  0.0441   1.885  3.984  0.047
  139 H   0.0587  0.1166   0.941  0.000  0.000
  140 H   0.0511  0.1109   0.949  0.000  0.000
  141 H   0.0428  0.0999   0.957  0.000  0.000
  142 H   0.0445  0.1009   0.955  0.000  0.000
  143 H   0.0354  0.0871   0.965  0.000  0.000
  144 H   0.0305  0.0835   0.970  0.000  0.000
  145 H   0.0294  0.0822   0.971  0.000  0.000
  146 H   0.0444  0.1022   0.956  0.000  0.000
  147 H   0.0452  0.1045   0.955  0.000  0.000
  148 H   0.0354  0.0872   0.965  0.000  0.000
  149 H   0.0297  0.0827   0.970  0.000  0.000
  150 H   0.0294  0.0823   0.971  0.000  0.000
  151 H   0.0522  0.1147   0.948  0.000  0.000
  152 H   0.0342  0.0933   0.966  0.000  0.000
  153 H   0.0383  0.0964   0.962  0.000  0.000
  154 H   0.0325  0.0892   0.967  0.000  0.000
  155 H   0.0368  0.0887   0.963  0.000  0.000
  156 H   0.0306  0.0839   0.969  0.000  0.000
  157 H   0.0308  0.0904   0.969  0.000  0.000
  158 H   0.0340  0.0941   0.966  0.000  0.000
  159 H   0.0383  0.0901   0.962  0.000  0.000
  160 H   0.0327  0.0874   0.967  0.000  0.000
  161 H   0.0316  0.0849   0.968  0.000  0.000
  162 H   0.0529  0.1134   0.947  0.000  0.000
  163 H   0.0505  0.1106   0.949  0.000  0.000
  164 H   0.0364  0.0939   0.964  0.000  0.000
  165 H   0.0349  0.0941   0.965  0.000  0.000
  166 H   0.0313  0.0849   0.969  0.000  0.000
  167 H   0.0370  0.0889   0.963  0.000  0.000
  168 H   0.0330  0.0895   0.967  0.000  0.000
  169 H   0.0351  0.0924   0.965  0.000  0.000
  170 H   0.0332  0.0917   0.967  0.000  0.000
  171 H   0.0305  0.0866   0.970  0.000  0.000
  172 H   0.0354  0.0873   0.965  0.000  0.000
  173 H   0.0323  0.0878   0.968  0.000  0.000
  174 H   0.0516  0.1111   0.948  0.000  0.000
  175 H   0.0527  0.1136   0.947  0.000  0.000
  176 H   0.0526  0.1145   0.947  0.000  0.000
  177 H   0.0437  0.1007   0.956  0.000  0.000
  178 H   0.0443  0.1008   0.956  0.000  0.000
  179 H   0.0355  0.0872   0.965  0.000  0.000
  180 H   0.0300  0.0830   0.970  0.000  0.000
  181 H   0.0302  0.0831   0.970  0.000  0.000
  182 H   0.0429  0.1001   0.957  0.000  0.000
  183 H   0.0449  0.1012   0.955  0.000  0.000
  184 H   0.0304  0.0835   0.970  0.000  0.000
  185 H   0.0294  0.0822   0.971  0.000  0.000
  186 H   0.0355  0.0873   0.965  0.000  0.000
  187 H   0.0531  0.1163   0.947  0.000  0.000
  188 H   0.0372  0.0948   0.963  0.000  0.000
  189 H   0.0353  0.0943   0.965  0.000  0.000
  190 H   0.0324  0.0895   0.968  0.000  0.000
  191 H   0.0307  0.0839   0.969  0.000  0.000
  192 H   0.0368  0.0887   0.963  0.000  0.000
  193 H   0.0352  0.0947   0.965  0.000  0.000
  194 H   0.0353  0.0924   0.965  0.000  0.000
  195 H   0.0301  0.0849   0.970  0.000  0.000
  196 H   0.0308  0.0868   0.969  0.000  0.000
  197 H   0.0367  0.0886   0.963  0.000  0.000
  198 H   0.0524  0.1125   0.948  0.000  0.000
  199 H   0.0513  0.1112   0.949  0.000  0.000
  200 H   0.0523  0.1138   0.948  0.000  0.000
  201 H   0.0442  0.0997   0.956  0.000  0.000
  202 H   0.0445  0.1035   0.956  0.000  0.000
  203 H   0.0389  0.0926   0.961  0.000  0.000
  204 H   0.0320  0.0863   0.968  0.000  0.000
  205 H   0.0331  0.0888   0.967  0.000  0.000
  206 H   0.0428  0.0999   0.957  0.000  0.000
  207 H   0.0446  0.1010   0.955  0.000  0.000
  208 H   0.0295  0.0823   0.971  0.000  0.000
  209 H   0.0353  0.0871   0.965  0.000  0.000
  210 H   0.0307  0.0838   0.969  0.000  0.000
  211 H   0.0522  0.1121   0.948  0.000  0.000
  212 H   0.0609  0.1193   0.939  0.000  0.000
 Hirshfeld charges for QMDFF written to <charges>
 
 Loewdin charges    n(s)   n(p)   n(d)
    1 C  -0.0211   1.083  2.938  0.000
    2 C  -0.0680   1.082  2.986  0.000
    3 C  -0.0302   1.132  2.899  0.000
    4 C  -0.0015   1.118  2.883  0.000
    5 C  -0.0285   1.126  2.902  0.000
    6 S   0.0617   1.872  3.958  0.108
    7 C  -0.0292   1.147  2.883  0.000
    8 C  -0.0192   1.058  2.962  0.000
    9 C  -0.0894   1.025  3.064  0.000
   10 C   0.0114   1.107  2.882  0.000
   11 CL -0.0598   1.892  5.141  0.028
   12 C   0.0208   1.111  2.869  0.000
   13 CL -0.0530   1.892  5.133  0.028
   14 C  -0.0048   1.133  2.871  0.000
   15 C  -0.0238   1.129  2.895  0.000
   16 C  -0.0015   1.119  2.883  0.000
   17 C  -0.0308   1.130  2.901  0.000
   18 S   0.0525   1.874  3.967  0.107
   19 C  -0.0273   1.150  2.878  0.000
   20 C  -0.0237   1.060  2.964  0.000
   21 C  -0.0899   1.025  3.065  0.000
   22 C   0.0124   1.108  2.880  0.000
   23 C   0.0248   1.111  2.865  0.000
   24 CL -0.0489   1.892  5.129  0.028
   25 CL -0.0598   1.892  5.140  0.028
   26 C  -0.0085   1.133  2.875  0.000
   27 S   0.0491   1.870  3.980  0.101
   28 C  -0.0802   1.088  2.992  0.000
   29 C   0.0122   1.122  2.866  0.000
   30 S   0.0259   1.878  4.005  0.091
   31 C  -0.0068   1.116  2.891  0.000
   32 S   0.0669   1.874  3.959  0.100
   33 C  -0.0038   1.124  2.880  0.000
   34 C  -0.0302   1.114  2.917  0.000
   35 C   0.0306   1.121  2.849  0.000
   36 O  -0.1146   1.435  4.680  0.000
   37 C   0.0904   1.219  2.690  0.000
   38 C  -0.0386   1.083  2.956  0.000
   39 C  -0.0907   1.016  3.075  0.000
   40 C  -0.0510   1.092  2.959  0.000
   41 C  -0.0934   1.016  3.077  0.000
   42 C  -0.0605   1.151  2.909  0.000
   43 C  -0.0743   1.093  2.982  0.000
   44 C  -0.0765   1.082  2.994  0.000
   45 C  -0.0000   1.117  2.883  0.000
   46 S   0.0599   1.875  3.960  0.105
   47 C  -0.0048   1.117  2.887  0.000
   48 S   0.0619   1.875  3.963  0.099
   49 C  -0.0072   1.129  2.878  0.000
   50 C  -0.0335   1.122  2.911  0.000
   51 C   0.0398   1.123  2.838  0.000
   52 O  -0.1062   1.432  4.674  0.000
   53 C   0.0884   1.222  2.690  0.000
   54 C  -0.0368   1.084  2.953  0.000
   55 C  -0.0904   1.016  3.074  0.000
   56 C  -0.0512   1.097  2.954  0.000
   57 C  -0.0935   1.018  3.076  0.000
   58 C  -0.0568   1.152  2.905  0.000
   59 C  -0.0723   1.090  2.982  0.000
   60 C  -0.0684   1.084  2.985  0.000
   61 C   0.0023   1.118  2.879  0.000
   62 S   0.0553   1.875  3.967  0.102
   63 C   0.0136   1.123  2.863  0.000
   64 C  -0.0747   1.091  2.984  0.000
   65 C  -0.0262   1.130  2.896  0.000
   66 C  -0.0023   1.118  2.885  0.000
   67 C  -0.0270   1.126  2.901  0.000
   68 S   0.0600   1.873  3.959  0.107
   69 C  -0.0274   1.149  2.879  0.000
   70 C  -0.0183   1.057  2.961  0.000
   71 C  -0.0894   1.025  3.064  0.000
   72 C   0.0133   1.106  2.881  0.000
   73 CL -0.0580   1.892  5.139  0.027
   74 C   0.0207   1.111  2.868  0.000
   75 CL -0.0498   1.892  5.130  0.028
   76 C  -0.0015   1.134  2.867  0.000
   77 C  -0.0222   1.130  2.892  0.000
   78 C  -0.0006   1.118  2.883  0.000
   79 C  -0.0301   1.125  2.905  0.000
   80 S   0.0630   1.871  3.957  0.109
   81 C  -0.0273   1.147  2.881  0.000
   82 C  -0.0194   1.058  2.962  0.000
   83 C  -0.0893   1.025  3.064  0.000
   84 C   0.0124   1.106  2.881  0.000
   85 C   0.0208   1.111  2.868  0.000
   86 CL -0.0527   1.892  5.133  0.028
   87 CL -0.0589   1.891  5.140  0.028
   88 C  -0.0059   1.135  2.871  0.000
   89 S   0.0246   1.879  4.006  0.090
   90 C  -0.0752   1.089  2.986  0.000
   91 C   0.0108   1.126  2.863  0.000
   92 S   0.0202   1.880  4.010  0.090
   93 C  -0.0044   1.119  2.885  0.000
   94 S   0.0641   1.875  3.963  0.098
   95 C  -0.0029   1.127  2.876  0.000
   96 C  -0.0287   1.117  2.912  0.000
   97 C   0.0346   1.120  2.845  0.000
   98 O  -0.1120   1.430  4.682  0.000
   99 C   0.0901   1.219  2.691  0.000
  100 C  -0.0374   1.086  2.952  0.000
  101 C  -0.0912   1.016  3.075  0.000
  102 C  -0.0463   1.090  2.957  0.000
  103 C  -0.0933   1.017  3.076  0.000
  104 C  -0.0562   1.150  2.906  0.000
  105 C  -0.0703   1.092  2.979  0.000
  106 C  -0.0762   1.083  2.993  0.000
  107 C   0.0015   1.115  2.884  0.000
  108 S   0.0727   1.874  3.948  0.105
  109 C   0.0147   1.120  2.865  0.000
  110 C  -0.0801   1.090  2.990  0.000
  111 C  -0.0239   1.128  2.896  0.000
  112 C  -0.0012   1.120  2.881  0.000
  113 C  -0.0324   1.129  2.903  0.000
  114 S   0.0555   1.873  3.965  0.106
  115 C  -0.0228   1.150  2.873  0.000
  116 C  -0.0189   1.058  2.961  0.000
  117 C  -0.0884   1.021  3.068  0.000
  118 C   0.0067   1.107  2.886  0.000
  119 CL -0.0627   1.893  5.142  0.028
  120 C   0.0247   1.112  2.863  0.000
  121 CL -0.0453   1.892  5.125  0.028
  122 C  -0.0130   1.136  2.877  0.000
  123 C  -0.0348   1.134  2.901  0.000
  124 C  -0.0028   1.118  2.885  0.000
  125 C  -0.0301   1.126  2.904  0.000
  126 S   0.0615   1.872  3.958  0.108
  127 C  -0.0269   1.147  2.880  0.000
  128 C  -0.0192   1.058  2.962  0.000
  129 C  -0.0892   1.025  3.064  0.000
  130 C   0.0114   1.107  2.882  0.000
  131 C   0.0203   1.111  2.869  0.000
  132 CL -0.0472   1.891  5.128  0.028
  133 CL -0.0591   1.892  5.140  0.028
  134 C  -0.0027   1.133  2.870  0.000
  135 S   0.0370   1.878  3.994  0.092
  136 C  -0.0694   1.083  2.987  0.000
  137 C  -0.0207   1.085  2.936  0.000
  138 S   0.0470   1.871  3.980  0.102
  139 H   0.0483   0.952  0.000  0.000
  140 H   0.0435   0.956  0.000  0.000
  141 H   0.0385   0.962  0.000  0.000
  142 H   0.0401   0.960  0.000  0.000
  143 H   0.0350   0.965  0.000  0.000
  144 H   0.0301   0.970  0.000  0.000
  145 H   0.0291   0.971  0.000  0.000
  146 H   0.0400   0.960  0.000  0.000
  147 H   0.0410   0.959  0.000  0.000
  148 H   0.0350   0.965  0.000  0.000
  149 H   0.0294   0.971  0.000  0.000
  150 H   0.0292   0.971  0.000  0.000
  151 H   0.0448   0.955  0.000  0.000
  152 H   0.0304   0.970  0.000  0.000
  153 H   0.0358   0.964  0.000  0.000
  154 H   0.0318   0.968  0.000  0.000
  155 H   0.0365   0.964  0.000  0.000
  156 H   0.0310   0.969  0.000  0.000
  157 H   0.0277   0.972  0.000  0.000
  158 H   0.0309   0.969  0.000  0.000
  159 H   0.0379   0.962  0.000  0.000
  160 H   0.0331   0.967  0.000  0.000
  161 H   0.0319   0.968  0.000  0.000
  162 H   0.0458   0.954  0.000  0.000
  163 H   0.0421   0.958  0.000  0.000
  164 H   0.0338   0.966  0.000  0.000
  165 H   0.0310   0.969  0.000  0.000
  166 H   0.0317   0.968  0.000  0.000
  167 H   0.0367   0.963  0.000  0.000
  168 H   0.0323   0.968  0.000  0.000
  169 H   0.0326   0.967  0.000  0.000
  170 H   0.0299   0.970  0.000  0.000
  171 H   0.0301   0.970  0.000  0.000
  172 H   0.0353   0.965  0.000  0.000
  173 H   0.0324   0.968  0.000  0.000
  174 H   0.0439   0.956  0.000  0.000
  175 H   0.0441   0.956  0.000  0.000
  176 H   0.0445   0.955  0.000  0.000
  177 H   0.0393   0.961  0.000  0.000
  178 H   0.0398   0.960  0.000  0.000
  179 H   0.0351   0.965  0.000  0.000
  180 H   0.0297   0.970  0.000  0.000
  181 H   0.0298   0.970  0.000  0.000
  182 H   0.0386   0.961  0.000  0.000
  183 H   0.0404   0.960  0.000  0.000
  184 H   0.0301   0.970  0.000  0.000
  185 H   0.0291   0.971  0.000  0.000
  186 H   0.0351   0.965  0.000  0.000
  187 H   0.0457   0.954  0.000  0.000
  188 H   0.0346   0.965  0.000  0.000
  189 H   0.0314   0.969  0.000  0.000
  190 H   0.0316   0.968  0.000  0.000
  191 H   0.0311   0.969  0.000  0.000
  192 H   0.0365   0.963  0.000  0.000
  193 H   0.0321   0.968  0.000  0.000
  194 H   0.0324   0.968  0.000  0.000
  195 H   0.0298   0.970  0.000  0.000
  196 H   0.0304   0.970  0.000  0.000
  197 H   0.0365   0.964  0.000  0.000
  198 H   0.0448   0.955  0.000  0.000
  199 H   0.0429   0.957  0.000  0.000
  200 H   0.0445   0.955  0.000  0.000
  201 H   0.0398   0.960  0.000  0.000
  202 H   0.0401   0.960  0.000  0.000
  203 H   0.0387   0.961  0.000  0.000
  204 H   0.0318   0.968  0.000  0.000
  205 H   0.0327   0.967  0.000  0.000
  206 H   0.0385   0.961  0.000  0.000
  207 H   0.0401   0.960  0.000  0.000
  208 H   0.0292   0.971  0.000  0.000
  209 H   0.0350   0.965  0.000  0.000
  210 H   0.0303   0.970  0.000  0.000
  211 H   0.0443   0.956  0.000  0.000
  212 H   0.0502   0.950  0.000  0.000
 
 Wiberg/Mayer (AO) data. WBOs > 0.1 written file <wbo>
 largest (>0.05) Wiberg bond orders for each atom
           total WBO             WBO to atom ...
     1  C   3.937    C    2 1.711    S   27 1.129    H  139 0.950
     2  C   3.958    C    1 1.711    C    3 1.161    H  140 0.935    S   27 0.085
     3  C   3.934    C    4 1.268    C   26 1.247    C    2 1.161    C   15 0.053
     4  C   3.930    C   14 1.360    C    3 1.268    C    5 1.022    C   16 0.086
     5  C   3.932    C   12 1.536    S    6 1.104    C    4 1.022    C    7 0.105    CL  13 0.055
     6  S   2.552    C    7 1.126    C    5 1.104    C   12 0.073    C   10 0.073
     7  C   3.920    C   10 1.560    S    6 1.126    C    8 0.997    C    5 0.105    CL  11 0.054
     8  C   3.968    C    7 0.997    C    9 0.985    H  142 0.964    H  141 0.962
     9  C   3.982    C    8 0.985    H  145 0.984    H  144 0.984    H  143 0.978
    10  C   3.929    C    7 1.560    C   12 1.179    CL  11 1.004    S    6 0.073
    11  CL  1.167    C   10 1.004    C    7 0.054
    12  C   3.917    C    5 1.536    C   10 1.179    CL  13 1.009    S    6 0.073
    13  CL  1.170    C   12 1.009    C    5 0.055
    14  C   3.929    C    4 1.360    C   15 1.232    S   30 1.075    C   26 0.055
    15  C   3.946    C   16 1.259    C   14 1.232    C   28 1.195    C    3 0.053
    16  C   3.909    C   26 1.341    C   15 1.259    C   17 1.039    C    4 0.086
    17  C   3.929    C   23 1.529    S   18 1.091    C   16 1.039    C   19 0.102    CL  24 0.055
    18  S   2.539    C   19 1.123    C   17 1.091    C   22 0.072    C   23 0.071
    19  C   3.916    C   22 1.560    S   18 1.123    C   20 0.997    C   17 0.102    CL  25 0.054
    20  C   3.966    C   19 0.997    C   21 0.985    H  146 0.964    H  147 0.955
    21  C   3.980    C   20 0.985    H  149 0.984    H  150 0.984    H  148 0.978
    22  C   3.928    C   19 1.560    C   23 1.177    CL  25 1.004    S   18 0.072
    23  C   3.912    C   17 1.529    C   22 1.177    CL  24 1.011    S   18 0.071
    24  CL  1.178    C   23 1.011    C   17 0.055
    25  CL  1.164    C   22 1.004    C   19 0.054
    26  C   3.938    C   16 1.341    C    3 1.247    S   27 1.084    C   14 0.055
    27  S   2.486    C    1 1.129    C   26 1.084    C    2 0.085
    28  C   3.930    C   29 1.555    C   15 1.195    H  151 0.932    S   30 0.067    C   43 0.063
    29  C   3.925    C   28 1.555    C   31 1.135    S   30 1.054
    30  S   2.422    C   14 1.075    C   29 1.054    C   28 0.067
    31  C   3.916    C   43 1.473    C   29 1.135    S   32 1.094    C   33 0.083
    32  S   2.528    C   33 1.120    C   31 1.094    C   43 0.064    C   42 0.059
    33  C   3.928    C   42 1.407    C   34 1.163    S   32 1.120    C   31 0.083
    34  C   3.923    C   35 1.385    C   33 1.163    S   46 1.113    C   45 0.086    O   36 0.057
    35  C   3.919    C   34 1.385    C   44 1.278    O   36 1.050    S   46 0.061
    36  O   2.261    C   35 1.050    C   37 0.941    C   34 0.057
    37  C   3.869    C   38 0.950    O   36 0.941    C   42 0.932    C   40 0.926
    38  C   3.966    C   39 1.007    H  152 0.967    H  153 0.963    C   37 0.950
    39  C   3.984    C   38 1.007    H  156 0.984    H  154 0.984    H  155 0.979
    40  C   3.963    C   41 1.008    H  157 0.966    H  158 0.963    C   37 0.926
    41  C   3.985    C   40 1.008    H  161 0.984    H  160 0.980    H  159 0.978
    42  C   3.920    C   33 1.407    C   43 1.305    C   37 0.932    S   32 0.059
    43  C   3.944    C   31 1.473    C   42 1.305    H  162 0.935    S   32 0.064    C   28 0.063
    44  C   3.947    C   45 1.503    C   35 1.278    H  163 0.940    S   46 0.069
    45  C   3.915    C   44 1.503    C   47 1.110    S   46 1.096    C   34 0.086
    46  S   2.523    C   34 1.113    C   45 1.096    C   44 0.069    C   35 0.061
    47  C   3.912    C   59 1.495    C   45 1.110    S   48 1.090    C   49 0.087
    48  S   2.523    C   49 1.117    C   47 1.090    C   59 0.064    C   58 0.061
    49  C   3.925    C   58 1.407    C   50 1.160    S   48 1.117    C   47 0.087
    50  C   3.909    C   51 1.366    C   49 1.160    S   62 1.107    C   61 0.084    O   52 0.062
    51  C   3.921    C   50 1.366    C   60 1.285    O   52 1.064    S   62 0.059
    52  O   2.279    C   51 1.064    C   53 0.935    C   50 0.062
    53  C   3.868    C   54 0.953    O   52 0.935    C   58 0.933    C   56 0.924
    54  C   3.967    C   55 1.008    H  165 0.966    H  164 0.965    C   53 0.953
    55  C   3.984    C   54 1.008    H  166 0.984    H  168 0.984    H  167 0.978
    56  C   3.959    C   57 1.006    H  169 0.965    H  170 0.964    C   53 0.924
    57  C   3.983    C   56 1.006    H  171 0.984    H  173 0.982    H  172 0.978
    58  C   3.916    C   49 1.407    C   59 1.298    C   53 0.933    S   48 0.061
    59  C   3.950    C   47 1.495    C   58 1.298    H  174 0.937    S   48 0.064
    60  C   3.940    C   61 1.479    C   51 1.285    H  175 0.938    S   62 0.068    C   64 0.062
    61  C   3.915    C   60 1.479    C   63 1.144    S   62 1.088    C   50 0.084
    62  S   2.503    C   50 1.107    C   61 1.088    C   60 0.068    C   51 0.059
    63  C   3.916    C   64 1.541    C   61 1.144    S   89 1.047
    64  C   3.936    C   63 1.541    C   65 1.208    H  176 0.935    S   89 0.066    C   60 0.062
    65  C   3.931    C   88 1.238    C   66 1.228    C   64 1.208
    66  C   3.920    C   76 1.360    C   65 1.228    C   67 1.057    C   78 0.075
    67  C   3.932    C   74 1.510    S   68 1.099    C   66 1.057    C   69 0.101    CL  75 0.054
    68  S   2.543    C   69 1.123    C   67 1.099    C   74 0.071    C   72 0.071
    69  C   3.913    C   72 1.554    S   68 1.123    C   70 0.998    C   67 0.101    CL  73 0.054
    70  C   3.968    C   69 0.998    C   71 0.985    H  178 0.965    H  177 0.961
    71  C   3.981    C   70 0.985    H  180 0.984    H  181 0.984    H  179 0.978
    72  C   3.930    C   69 1.554    C   74 1.188    CL  73 1.005    S   68 0.071
    73  CL  1.168    C   72 1.005    C   69 0.054
    74  C   3.923    C   67 1.510    C   72 1.188    CL  75 1.011    S   68 0.071
    75  CL  1.175    C   74 1.011    C   67 0.054
    76  C   3.927    C   66 1.360    C   77 1.229    S   92 1.068    C   88 0.051
    77  C   3.930    C   78 1.243    C   76 1.229    C   90 1.205
    78  C   3.919    C   88 1.358    C   77 1.243    C   79 1.038    C   66 0.075
    79  C   3.932    C   85 1.524    S   80 1.103    C   78 1.038    C   81 0.104    CL  86 0.055
    80  S   2.553    C   81 1.123    C   79 1.103    C   85 0.072    C   84 0.072
    81  C   3.917    C   84 1.558    S   80 1.123    C   82 0.997    C   79 0.104    CL  87 0.054
    82  C   3.967    C   81 0.997    C   83 0.985    H  183 0.963    H  182 0.962
    83  C   3.980    C   82 0.985    H  185 0.984    H  184 0.984    H  186 0.978
    84  C   3.929    C   81 1.558    C   85 1.182    CL  87 1.004    S   80 0.072
    85  C   3.920    C   79 1.524    C   84 1.182    CL  86 1.010    S   80 0.072
    86  CL  1.172    C   85 1.010    C   79 0.055
    87  CL  1.168    C   84 1.004    C   81 0.054
    88  C   3.928    C   78 1.358    C   65 1.238    S   89 1.069    C   76 0.051
    89  S   2.412    C   88 1.069    C   63 1.047    C   64 0.066
    90  C   3.935    C   91 1.548    C   77 1.205    H  187 0.930    S   92 0.065    C  105 0.060
    91  C   3.910    C   90 1.548    C   93 1.138    S   92 1.043
    92  S   2.414    C   76 1.068    C   91 1.043    C   90 0.065
    93  C   3.912    C  105 1.474    C   91 1.138    S   94 1.087    C   95 0.084
    94  S   2.516    C   95 1.118    C   93 1.087    C  105 0.063    C  104 0.059
    95  C   3.926    C  104 1.406    C   96 1.159    S   94 1.118    C   93 0.084
    96  C   3.923    C   97 1.375    C   95 1.159    S  108 1.116    C  107 0.087    O   98 0.061
    97  C   3.920    C   96 1.375    C  106 1.275    O   98 1.062    S  108 0.061
    98  O   2.274    C   97 1.062    C   99 0.935    C   96 0.061
    99  C   3.870    C  100 0.945    O   98 0.935    C  102 0.935    C  104 0.934
   100  C   3.965    C  101 1.008    H  189 0.967    H  188 0.965    C   99 0.945
   101  C   3.984    C  100 1.008    H  191 0.984    H  190 0.984    H  192 0.979
   102  C   3.963    C  103 1.007    H  194 0.964    H  193 0.964    C   99 0.935
   103  C   3.985    C  102 1.007    H  196 0.983    H  195 0.983    H  197 0.979
   104  C   3.921    C   95 1.406    C  105 1.307    C   99 0.934    S   94 0.059
   105  C   3.942    C   93 1.474    C  104 1.307    H  198 0.937    S   94 0.063    C   90 0.060
   106  C   3.947    C  107 1.501    C   97 1.275    H  199 0.940    S  108 0.073
   107  C   3.917    C  106 1.501    S  108 1.107    C  109 1.105    C   96 0.087
   108  S   2.531    C   96 1.116    C  107 1.107    C  106 0.073    C   97 0.061
   109  C   3.927    C  110 1.573    C  107 1.105    S  135 1.066
   110  C   3.936    C  109 1.573    C  111 1.192    H  200 0.933    S  135 0.071
   111  C   3.946    C  112 1.256    C  134 1.238    C  110 1.192    C  123 0.053
   112  C   3.919    C  122 1.341    C  111 1.256    C  113 1.043    C  124 0.087
   113  C   3.928    C  120 1.529    S  114 1.085    C  112 1.043    C  115 0.103    CL 121 0.055
   114  S   2.541    C  115 1.124    C  113 1.085    C  120 0.071    C  118 0.070
   115  C   3.917    C  118 1.567    S  114 1.124    C  116 0.991    C  113 0.103    CL 119 0.054
   116  C   3.972    C  117 1.002    C  115 0.991    H  202 0.957    H  201 0.954
   117  C   3.982    C  116 1.002    H  204 0.983    H  205 0.981    H  203 0.977
   118  C   3.925    C  115 1.567    C  120 1.177    CL 119 1.001    S  114 0.070
   119  CL  1.159    C  118 1.001    C  115 0.054
   120  C   3.911    C  113 1.529    C  118 1.177    CL 121 1.010    S  114 0.071
   121  CL  1.187    C  120 1.010    C  113 0.055
   122  C   3.937    C  112 1.341    C  123 1.246    S  138 1.081    C  134 0.054
   123  C   3.936    C  124 1.270    C  122 1.246    C  136 1.158    C  111 0.053
   124  C   3.935    C  134 1.355    C  123 1.270    C  125 1.025    C  112 0.087
   125  C   3.932    C  131 1.534    S  126 1.105    C  124 1.025    C  127 0.105    CL 132 0.055
   126  S   2.547    C  127 1.126    C  125 1.105    C  131 0.073    C  130 0.072
   127  C   3.920    C  130 1.559    S  126 1.126    C  128 0.997    C  125 0.105    CL 133 0.054
   128  C   3.968    C  127 0.997    C  129 0.985    H  207 0.964    H  206 0.962
   129  C   3.981    C  128 0.985    H  208 0.984    H  210 0.984    H  209 0.978
   130  C   3.928    C  127 1.559    C  131 1.180    CL 133 1.004    S  126 0.072
   131  C   3.926    C  125 1.534    C  130 1.180    CL 132 1.007    S  126 0.073
   132  CL  1.182    C  131 1.007    C  125 0.055
   133  CL  1.167    C  130 1.004    C  127 0.054
   134  C   3.931    C  124 1.355    C  111 1.238    S  135 1.077    C  122 0.054
   135  S   2.433    C  134 1.077    C  109 1.066    C  110 0.071
   136  C   3.958    C  137 1.713    C  123 1.158    H  211 0.935    S  138 0.085
   137  C   3.939    C  136 1.713    S  138 1.127    H  212 0.949
   138  S   2.486    C  137 1.127    C  122 1.081    C  136 0.085
   139  H   0.994    C    1 0.950
   140  H   0.995    C    2 0.935
   141  H   0.997    C    8 0.962
   142  H   0.996    C    8 0.964
   143  H   0.996    C    9 0.978
   144  H   0.999    C    9 0.984
   145  H   0.999    C    9 0.984
   146  H   0.997    C   20 0.964
   147  H   0.997    C   20 0.955
   148  H   0.996    C   21 0.978
   149  H   0.999    C   21 0.984
   150  H   0.999    C   21 0.984
   151  H   0.995    C   28 0.932
   152  H   0.999    C   38 0.967
   153  H   0.998    C   38 0.963
   154  H   0.999    C   39 0.984
   155  H   0.997    C   39 0.979
   156  H   0.999    C   39 0.984
   157  H   0.999    C   40 0.966
   158  H   0.996    C   40 0.963
   159  H   0.998    C   41 0.978
   160  H   0.999    C   41 0.980
   161  H   0.999    C   41 0.984
   162  H   0.996    C   43 0.935
   163  H   0.996    C   44 0.940
   164  H   0.998    C   54 0.965
   165  H   0.998    C   54 0.966
   166  H   0.999    C   55 0.984
   167  H   0.997    C   55 0.978
   168  H   0.999    C   55 0.984
   169  H   0.998    C   56 0.965
   170  H   0.999    C   56 0.964
   171  H   0.999    C   57 0.984
   172  H   0.997    C   57 0.978
   173  H   0.999    C   57 0.982
   174  H   0.996    C   59 0.937
   175  H   0.995    C   60 0.938
   176  H   0.995    C   64 0.935
   177  H   0.997    C   70 0.961
   178  H   0.997    C   70 0.965
   179  H   0.996    C   71 0.978
   180  H   0.999    C   71 0.984
   181  H   0.999    C   71 0.984
   182  H   0.997    C   82 0.962
   183  H   0.997    C   82 0.963
   184  H   0.999    C   83 0.984
   185  H   0.999    C   83 0.984
   186  H   0.996    C   83 0.978
   187  H   0.995    C   90 0.930
   188  H   0.998    C  100 0.965
   189  H   0.998    C  100 0.967
   190  H   0.999    C  101 0.984
   191  H   0.999    C  101 0.984
   192  H   0.997    C  101 0.979
   193  H   0.996    C  102 0.964
   194  H   0.998    C  102 0.964
   195  H   0.999    C  103 0.983
   196  H   0.999    C  103 0.983
   197  H   0.998    C  103 0.979
   198  H   0.996    C  105 0.937
   199  H   0.996    C  106 0.940
   200  H   0.995    C  110 0.933
   201  H   0.996    C  116 0.954
   202  H   0.997    C  116 0.957
   203  H   0.997    C  117 0.977
   204  H   0.999    C  117 0.983
   205  H   0.999    C  117 0.981
   206  H   0.997    C  128 0.962
   207  H   0.997    C  128 0.964
   208  H   0.999    C  129 0.984
   209  H   0.996    C  129 0.978
   210  H   0.999    C  129 0.984
   211  H   0.995    C  136 0.935
   212  H   0.994    C  137 0.949
 
 --------------------------------------------
          xTB calculation for sTDA...
 --------------------------------------------
 
 reading parameter file /ihome/ghutchison/blp62/xtb4stda/.param_stda2.xtb
 
      method parameters     
 k(s)        :  1.6000
 k(p)        :  2.1800
 k(d)        :  1.9500
 k(f)        :  2.0000
 k(R-V)      :  2.2750
 k(R-R)      :  1.7650
 Tscal       :  0.2580
 Gscal       :  1.0000
 fpol        :  1.0000
 Zcnf        :  0.3430
 Zqf         :  0.0000
 kcn         :  2.7000
 Ryd Hsplit  :  0.7000
 lshift(virt):  3.1000
 lshift(OS)  :  0.2000
 wllscaling  :  2.6000
 
 mowrcut     : 3.000
 
  Z AO/shell   Hii/eV     exponent
  1     Sun Feb 14 09:53:25 CET 2016    EN: 2.327 GAM: 0.473  GM3: 0.0000
     1s    -14.339618    1.220000
     2sp    -3.348946    0.600000
  6     Sun Feb 14 09:53:25 CET 2016    EN: 2.731 GAM: 0.422  GM3: 0.0000
     2s    -22.009312    1.565095
     2p    -13.020408    1.596905
     3sp    -3.914040    0.824500
  8     Sun Feb 14 09:53:25 CET 2016    EN: 3.700 GAM: 0.587  GM3: 0.0000
     2s    -33.859000    2.418661
     2p    -22.175911    1.973969
     3sp    -4.259392    1.013700
 16     Sun Feb 21 16:35:57 CET 2016    EN: 1.915 GAM: 0.200  GM3: 0.0000
     3s    -17.898811    2.619580
     3p    -15.317401    1.798798
     4sp    -4.455139    0.843200
 17     Sun Feb 21 16:32:04 CET 2016    EN: 2.375 GAM: 0.300  GM3: 0.0000
     3s    -29.486180    2.293696
     3p    -18.696427    2.332982
     4sp    -5.680125    0.918900
 
 Nbf   :         1474
 T(el) :     0.0
 calculating S/T integrals ...
 cpu time for ints    3.04522500000000     
 Nao   :         1474
 making H0...
 making H1...
 cpu time for H      6.284100000000059E-002
 solving ...
 cpu time for diag    1.13904900000000     
 
 gap (eV)           :   4.917
 Koopmans IP (eV)   :  12.899
 Eel (Eh)           :  -589.687388

          eigenvalues
 #    :         340        341        342        343        344        345        346        347
 occ. :        2.000      2.000      2.000      2.000      2.000      2.000      2.000      2.000
 eps  :       -15.103    -15.075    -14.964    -14.927    -14.839    -14.829    -14.718    -13.995
 #    :         348        349        350        351        352        353        354        355
 occ. :        2.000      2.000      2.000      2.000      2.000      0.000      0.000      0.000
 eps  :       -13.946    -13.857    -13.564    -13.251    -12.901     -7.983     -7.651     -7.478
 #    :         356        357        358        359        360        361        362        363
 occ. :        0.000      0.000      0.000      0.000      0.000      0.000      0.000      0.000
 eps  :        -7.081     -6.841     -6.645     -6.349     -6.287     -6.150     -6.104     -6.076
                            1  SCC done.
 writing mo output ...
 molden style : F
 
speedup  2.88
cpu  time for all   12.22 s
wall time for all    4.24 s
