 
        ______________________________________
       |                                      |
       |          ===================         |
       |             xTB for sTDA             |
       |          ===================         |
       |               S. Grimme              |
       |        Universitaet Bonn, MCTC       |
       |         2015-19, Version 1.0         |
       |     Wed Apr  3 09:14:55 CEST 2019    |
       |______________________________________|
 
        This code comes without any warranty
        for non-commercial, academia use only.
        Preliminary test version.
        Cite this work as:
        S. Grimme  &  C. Bannwarth, JCP 145 (2016) 054103
        if GBSA is used additionally:
        P. Shushkov, F. März, C. Bannwarth, S. Grimme, unpublished.
 
        with help from
        P. Shushkov, G. Brandenburg, S. Dohm, J. Pisarek,
        F. März, M. Checinski, S. Ehrlich, S. Spicher, 
        P. Pracht, E. Caldeweyher, S. Ehlert, and C. Bannwarth.
 
        usage        :
        xtb4stda <coord_file> [options]
        where <coord_file> is a valid file of TM)
        (*coord, Bohr) or xmol (*xyz, Angstroem)
        format.

        options:
        -chrg <int>   : molecular charge
        -uhf  <int>   : # of unpaired electrons(=2*S)
        -nox          : skip second, extended part in sTDA-xTB
        -pop          : do population analysis
                      : (default for -nox)
        -mowr <real>  : cut MO write above (def.3 Eh)
        -molden       : write formatted molden file
        -parx <file>  : read parameters for sTDA-xTB
                        calc (def:~/.param_stda2.xtb)
        -parv <file>  : read parameters for vTB part in
                        sTDA-xTB (def: ~/.param_stda1.xtb)
        -xtemp <real> : el. temp for xTB (def. 0 K)
        -etemp <real> : el. temp for GFN (def. 300 K)
        -fod          : calculate the FOD and write
                        molden.input file with
                        appropriate occupations
                        for plotting. Def. T=12500 K
 
        -acc <real>   : xTB accuracy (def. 1.0)
        -gbsa [string1] [string2]
                        use GBSA implicit solvent
                        for solvent [string1] and
                        solvation state [string2]=
                        reference, bar1M (default=1M)
        additional GFN/opt/MD/siman options read from
        $XTB4STDAHOME/.xtb4stdarc or $set in input
 
       spin and charge state information can be on:
       <.CHRG> (charge) and <.UHF> (=nalpha-nbeta)
       -uhf and -chrg override the file info.
       useful machine settings:
       setenv MKL_NUM_THREADS <NCORE_ON_YOUR_MACHINE>
       setenv OMP_STACKSIZE 500m
       limit stacksize unlimited
 
       total energies in Eh, gaps/HL energies in eV
       please read REVISION and HOWTO files carefully
 =============================
  # OMP threads =           8
 =============================
 
 xtb4stdahome directory:/ihome/ghutchison/blp62/xtb4stda/
 
 
 name of molecule           :
 comment line               :
 number of atoms            :   214
 number of electrons        :   770
 charge                     :  0
 spin                       : 0.0
 first test random number   :  0.6946
 
 -----------------------------------------
      charge density (VTB) calculation
 -----------------------------------------
 
      method parameters     
 k(s)        :  1.8000
 k(p)        :  2.8350
 k(d)        :  2.0860
 k(f)        :  2.0000
 Tscal       :  0.3300
 Gscal       :  0.3910
 fpol        :  1.0000
 Zcnf        :  0.6500
 Zqf         :  0.0000
 kcn         :  0.3000
 kEN1        : -0.5900
 wllscal     :  2.6000
 
     -------------------------
     ! NO SOLVENT MODEL USED !
     -------------------------
 
 doing EN charges ...
 sum q : -0.7771561D-15
 point charge moment (au)
     X       Y       Z   
  -0.2154   0.3562  -0.2207  total (Debye):    1.198
 
            Z      q(EN)   CN      Cart. coordinates
     1  C   4.0  -0.164   3.149   -26.49377   -22.77951    -1.77218
     2  C   4.0  -0.090   3.327   -25.66569   -21.62073     0.34053
     3  C   4.0  -0.021   3.463   -23.01573   -21.13734     0.29574
     4  C   4.0  -0.012   3.341   -21.52719   -19.95305     2.14333
     5  C   4.0  -0.095   3.319   -22.62342   -18.92976     4.44823
     6  S   6.0   0.220   2.651   -25.04378   -16.70952     4.33125
     7  C   4.0  -0.084   3.265   -25.12315   -16.40244     7.58687
     8  C   4.0  -0.182   4.099   -26.98000   -14.70415     8.84543
     9  C   4.0  -0.244   4.031   -29.55985   -15.98708     9.09355
    10  C   4.0  -0.095   3.433   -23.38668   -17.96317     8.67233
    11  CL  7.0   0.088   1.222   -22.92181   -18.20524    11.87201
    12  C   4.0  -0.094   3.437   -21.95616   -19.38745     6.90033
    13  CL  7.0   0.088   1.283   -19.73422   -21.56140     7.80740
    14  C   4.0  -0.090   3.316   -18.95905   -19.73422     1.64671
    15  C   4.0  -0.020   3.457   -17.83127   -20.62560    -0.61265
    16  C   4.0  -0.012   3.340   -19.33076   -21.76397    -2.48234
    17  C   4.0  -0.095   3.317   -18.25362   -22.55841    -4.88060
    18  S   6.0   0.218   2.691   -18.68542   -25.60163    -6.03692
    19  C   4.0  -0.084   3.267   -16.95821   -24.97670    -8.74168
    20  C   4.0  -0.182   4.100   -16.65151   -26.92028   -10.75197
    21  C   4.0  -0.244   4.032   -18.95376   -26.95600   -12.50280
    22  C   4.0  -0.094   3.430   -16.12919   -22.53801    -8.73280
    23  C   4.0  -0.093   3.431   -16.84917   -21.16323    -6.54223
    24  CL  7.0   0.091   1.241   -16.14053   -18.02175    -6.14633
    25  CL  7.0   0.088   1.221   -14.37155   -21.21482   -11.11518
    26  C   4.0  -0.092   3.318   -21.89021   -22.02986    -1.95832
    27  S   6.0   0.213   2.541   -24.13463   -23.37137    -3.95614
    28  C   4.0  -0.091   3.379   -15.19188   -20.17301    -0.65441
    29  C   4.0  -0.091   3.272   -14.33471   -18.91597     1.42277
    30  S   6.0   0.216   2.648   -16.75091   -18.27025     3.59105
    31  C   4.0  -0.092   3.274   -11.83365   -18.04197     1.91165
    32  C   4.0  -0.092   3.383   -10.97458   -16.86599     4.03608
    33  C   4.0  -0.020   3.456    -8.43782   -16.03792     3.84578
    34  C   4.0  -0.012   3.341    -7.05718   -14.59681     5.59756
    35  C   4.0  -0.095   3.318    -8.18818   -13.72697     7.94516
    36  S   6.0   0.218   2.685    -6.74046   -14.27707    10.84155
    37  C   4.0  -0.084   3.266    -9.10338   -12.72409    12.48296
    38  C   4.0  -0.182   4.099    -9.07560   -12.57896    15.29242
    39  C   4.0  -0.244   4.032   -10.24269   -14.95302    16.46216
    40  C   4.0  -0.095   3.431   -10.89692   -11.84650    10.85572
    41  CL  7.0   0.088   1.222   -13.53384   -10.20433    11.78433
    42  C   4.0  -0.093   3.430   -10.38045   -12.40000     8.28002
    43  CL  7.0   0.091   1.242   -12.26546   -11.34251     5.85985
    44  C   4.0  -0.090   3.317    -4.60734   -13.94145     4.93048
    45  C   4.0  -0.020   3.457    -3.49939   -14.65294     2.60121
    46  C   4.0  -0.012   3.338    -4.87512   -16.09952     0.84376
    47  C   4.0  -0.094   3.314    -3.78871   -16.77925    -1.58605
    48  S   6.0   0.221   2.668    -2.40335   -14.51102    -3.52793
    49  C   4.0  -0.085   3.266    -1.65521   -16.70763    -5.82773
    50  C   4.0  -0.183   4.102    -0.19521   -15.97537    -8.11788
    51  C   4.0  -0.245   4.037     2.64883   -16.14468    -7.61522
    52  C   4.0  -0.095   3.435    -2.44285   -19.05222    -5.10963
    53  C   4.0  -0.094   3.436    -3.66323   -19.09946    -2.71799
    54  CL  7.0   0.087   1.293    -4.68520   -21.85355    -1.35645
    55  CL  7.0   0.088   1.224    -2.01426   -21.72429    -6.89561
    56  C   4.0  -0.090   3.312    -7.33233   -16.73938     1.50630
    57  S   6.0   0.216   2.650    -9.49738   -18.29557    -0.41725
    58  C   4.0  -0.091   3.377    -1.05579   -13.61566     2.30981
    59  C   4.0  -0.091   3.265    -0.34128   -12.08291     4.25831
    60  S   6.0   0.210   2.655    -2.60688   -11.98710     6.66525
    61  C   4.0  -0.091   3.267     1.79033   -10.42883     4.25528
    62  C   4.0  -0.091   3.380     3.26582    -9.90859     2.20323
    63  C   4.0  -0.020   3.461     4.89269    -7.82252     2.56209
    64  C   4.0  -0.012   3.344     6.43962    -6.65013     0.75060
    65  C   4.0  -0.095   3.316     6.51464    -7.55947    -1.84343
    66  S   6.0   0.218   2.671     9.34677    -8.35032    -3.30626
    67  C   4.0  -0.084   3.264     7.84558    -9.18879    -6.09002
    68  C   4.0  -0.182   4.099     9.29405   -10.21076    -8.27435
    69  C   4.0  -0.244   4.032    10.09548   -12.94935    -7.80325
    70  C   4.0  -0.095   3.432     5.30144    -8.85941    -5.86590
    71  CL  7.0   0.090   1.233     3.17417    -9.45562    -8.23807
    72  C   4.0  -0.092   3.432     4.53704    -7.93042    -3.46538
    73  CL  7.0   0.090   1.244     1.43770    -7.23236    -2.78168
    74  C   4.0  -0.091   3.314     7.74315    -4.50870     1.51386
    75  C   4.0  -0.020   3.453     7.60955    -3.53511     4.00603
    76  C   4.0  -0.012   3.337     6.13613    -4.77137     5.84511
    77  C   4.0  -0.094   3.316     6.06678    -3.87243     8.43517
    78  S   6.0   0.217   2.714     3.23861    -3.38204    10.03256
    79  C   4.0  -0.084   3.267     4.77401    -2.42603    12.75660
    80  C   4.0  -0.182   4.100     3.32951    -1.76160    15.07699
    81  C   4.0  -0.244   4.033     2.49784    -4.14492    16.48861
    82  C   4.0  -0.094   3.429     7.32741    -2.51768    12.42816
    83  C   4.0  -0.093   3.431     8.06894    -3.32327     9.97813
    84  CL  7.0   0.091   1.240    11.17830    -3.70991     9.13947
    85  CL  7.0   0.088   1.221     9.48019    -1.73496    14.72474
    86  C   4.0  -0.089   3.313     4.72696    -6.83533     5.04481
    87  S   6.0   0.209   2.680     2.51504    -8.49129     6.83533
    88  C   4.0  -0.091   3.362     8.83900    -1.16709     4.21541
    89  C   4.0  -0.106   3.168     9.85114    -0.34355     1.99083
    90  S   6.0   0.209   2.590     9.45865    -2.53185    -0.47716
    91  C   4.0   0.021   2.180    10.82057     2.03958     1.48325
    92  C   4.0   0.021   2.178    11.39127     4.18196     0.89913
    93  C   4.0  -0.107   3.169    11.74975     6.71098     0.30481
    94  C   4.0  -0.092   3.366    11.40280     7.80438    -2.00613
    95  C   4.0  -0.020   3.456    11.55549    10.47324    -1.94358
    96  C   4.0  -0.012   3.341    11.20211    12.17305    -3.95520
    97  C   4.0  -0.094   3.317    10.92148    11.29773    -6.54053
    98  S   6.0   0.216   2.726     8.48449    12.36693    -8.46711
    99  C   4.0  -0.083   3.266     9.53348    10.61402   -11.02069
   100  C   4.0  -0.182   4.100     8.23391    10.77371   -13.51022
   101  C   4.0  -0.244   4.034     8.87359    13.25832   -14.84550
   102  C   4.0  -0.094   3.430    11.65583     9.29726   -10.39179
   103  CL  7.0   0.088   1.221    13.26210     7.35878   -12.43723
   104  C   4.0  -0.093   3.431    12.44347     9.67048    -7.85200
   105  CL  7.0   0.091   1.241    15.14124     8.32575    -6.65373
   106  C   4.0  -0.090   3.318    11.14107    14.72550    -3.35218
   107  C   4.0  -0.020   3.459    11.57778    15.64806    -0.87967
   108  C   4.0  -0.012   3.343    12.06817    13.95468     1.10776
   109  C   4.0  -0.095   3.316    12.60768    14.88991     3.63545
   110  S   6.0   0.221   2.662    15.05639    17.02908     4.12414
   111  C   4.0  -0.084   3.264    14.48664    17.17666     7.34196
   112  C   4.0  -0.182   4.100    15.99067    18.88346     8.99699
   113  C   4.0  -0.244   4.034    15.29147    21.65135     8.53665
   114  C   4.0  -0.095   3.433    12.50469    15.65714     7.96671
   115  C   4.0  -0.094   3.433    11.43927    14.35039     5.87365
   116  CL  7.0   0.087   1.288     8.83730    12.44366     6.16693
   117  CL  7.0   0.088   1.223    11.35971    15.31472    10.98158
   118  C   4.0  -0.090   3.310    11.99806    11.39486     0.53574
   119  S   6.0   0.210   2.624    12.37827     8.93481     2.68341
   120  C   4.0  -0.090   3.372    11.33458    18.31107    -0.75022
   121  C   4.0  -0.091   3.271    10.74290    19.39558    -3.00939
   122  S   6.0   0.213   2.664    10.52729    17.17648    -5.45677
   123  C   4.0  -0.091   3.274    10.23608    21.99055    -3.52150
   124  C   4.0  -0.092   3.383     9.37588    22.99589    -5.72908
   125  C   4.0  -0.020   3.457     9.01683    25.64717    -5.62949
   126  C   4.0  -0.012   3.341     8.09748    27.24682    -7.53793
   127  C   4.0  -0.095   3.316     7.48955    26.26133   -10.02745
   128  S   6.0   0.218   2.687     4.54385    26.77099   -11.38957
   129  C   4.0  -0.084   3.266     5.30408    25.01922   -14.04369
   130  C   4.0  -0.182   4.099     3.48409    24.73651   -16.17001
   131  C   4.0  -0.244   4.032     3.52585    27.06730   -17.88134
   132  C   4.0  -0.094   3.431     7.71594    24.13161   -13.87078
   133  CL  7.0   0.088   1.222     9.14646    22.31615   -16.14639
   134  C   4.0  -0.093   3.430     8.95938    24.82420   -11.59460
   135  CL  7.0   0.091   1.240    12.05059    24.04166   -10.99310
   136  C   4.0  -0.092   3.317     7.78775    29.77925    -6.91866
   137  C   4.0  -0.021   3.464     8.37319    30.77192    -4.50567
   138  C   4.0  -0.012   3.339     9.25399    29.16433    -2.58703
   139  C   4.0  -0.095   3.318     9.71111    30.08028    -0.03798
   140  S   6.0   0.217   2.700    12.53682    29.49201     1.52879
   141  C   4.0  -0.084   3.267    11.52752    31.02873     4.23280
   142  C   4.0  -0.182   4.099    13.13870    31.13153     6.53675
   143  C   4.0  -0.244   4.033    12.82840    28.72308     8.10881
   144  C   4.0  -0.094   3.430     9.13021    31.91653     3.91797
   145  C   4.0  -0.093   3.431     8.09653    31.39062     1.49685
   146  CL  7.0   0.091   1.239     5.05917    32.19243     0.68767
   147  CL  7.0   0.088   1.221     7.48124    33.52468     6.20132
   148  C   4.0  -0.090   3.318     9.59830    26.63928    -3.21386
   149  S   6.0   0.213   2.633    10.62480    24.27995    -1.16124
   150  C   4.0  -0.091   3.333     8.01225    33.44021    -4.41894
   151  C   4.0  -0.164   3.149     7.16660    34.39547    -6.62443
   152  S   6.0   0.214   2.534     6.76220    32.14575    -8.96127
   153  H   1.0   0.075   1.014   -28.38614   -23.35286    -2.21627
   154  H   1.0   0.079   1.007   -26.86775   -21.11939     1.89804
   155  H   1.0   0.081   1.005   -27.18031   -12.97165     7.74391
   156  H   1.0   0.082   1.006   -26.26417   -14.21868    10.71777
   157  H   1.0   0.081   1.000   -30.29665   -16.47104     7.23708
   158  H   1.0   0.081   0.999   -29.39658   -17.70598    10.20660
   159  H   1.0   0.081   0.999   -30.88776   -14.72550    10.02159
   160  H   1.0   0.082   1.006   -14.95661   -26.48432   -11.84329
   161  H   1.0   0.081   1.005   -16.42229   -28.77618    -9.88289
   162  H   1.0   0.081   1.000   -20.65565   -27.37759   -11.43095
   163  H   1.0   0.081   0.999   -19.18544   -25.12806   -13.41082
   164  H   1.0   0.081   0.999   -18.71396   -28.38765   -13.95506
   165  H   1.0   0.080   1.010   -13.96186   -20.76299    -2.15920
   166  H   1.0   0.080   1.011   -12.13658   -16.59633     5.67976
   167  H   1.0   0.081   1.005    -7.13069   -12.37506    15.94702
   168  H   1.0   0.081   1.006   -10.15123   -10.91959    15.87899
   169  H   1.0   0.081   1.000    -9.18275   -16.62014    15.89694
   170  H   1.0   0.081   0.999   -10.21624   -14.81621    18.51062
   171  H   1.0   0.082   0.999   -12.18873   -15.16959    15.84138
   172  H   1.0   0.081   1.007    -0.67822   -14.04350    -8.65230
   173  H   1.0   0.081   1.006    -0.69977   -17.24110    -9.66633
   174  H   1.0   0.082   1.000     3.17209   -18.06597    -7.10896
   175  H   1.0   0.082   0.999     3.68988   -15.59402    -9.29745
   176  H   1.0   0.081   1.001     3.17304   -14.88821    -6.07528
   177  H   1.0   0.081   1.012     0.11282   -13.95109     0.68767
   178  H   1.0   0.081   1.009     3.13638   -10.92810     0.45580
   179  H   1.0   0.082   1.007     8.10371   -10.11136    -9.95545
   180  H   1.0   0.081   1.005    10.97364    -9.05368    -8.58559
   181  H   1.0   0.081   0.999    11.12708   -13.67028    -9.42558
   182  H   1.0   0.081   1.000    11.30774   -13.06027    -6.14785
   183  H   1.0   0.081   0.999     8.44632   -14.13439    -7.49106
   184  H   1.0   0.082   1.006     4.53062    -0.61227    16.29756
   185  H   1.0   0.081   1.005     1.66542    -0.65914    14.55731
   186  H   1.0   0.081   0.999     1.43922    -3.63394    18.17217
   187  H   1.0   0.081   1.000     1.30580    -5.30578    15.28259
   188  H   1.0   0.081   0.999     4.13699    -5.24852    17.05043
   189  H   1.0   0.080   1.007     8.87226    -0.04857     5.90974
   190  H   1.0   0.080   1.007    10.95795     6.72875    -3.66966
   191  H   1.0   0.082   1.006     8.83428     9.17991   -14.67297
   192  H   1.0   0.081   1.005     6.19320    10.65579   -13.22978
   193  H   1.0   0.081   0.999    10.89748    13.39305   -15.17091
   194  H   1.0   0.081   0.999     7.90831    13.35677   -16.65529
   195  H   1.0   0.081   1.000     8.28739    14.85684   -13.69484
   196  H   1.0   0.082   1.007    15.62236    18.38458    10.96306
   197  H   1.0   0.081   1.005    18.00115    18.61682     8.61507
   198  H   1.0   0.081   0.999    13.29932    21.95918     8.93330
   199  H   1.0   0.081   0.999    16.40169    22.87249     9.75836
   200  H   1.0   0.081   1.000    15.66110    22.15987     6.57946
   201  H   1.0   0.079   1.010    11.53300    19.38897     0.96036
   202  H   1.0   0.080   1.011     8.97204    21.85487    -7.35954
   203  H   1.0   0.081   1.006     3.99809    23.06354   -17.26132
   204  H   1.0   0.081   1.005     1.58227    24.47668   -15.41487
   205  H   1.0   0.081   1.000     3.01581    28.74519   -16.81062
   206  H   1.0   0.081   0.999     2.18981    26.83430   -19.42317
   207  H   1.0   0.081   0.999     5.40292    27.33753   -18.67106
   208  H   1.0   0.081   1.005    15.11422    31.33997     5.98420
   209  H   1.0   0.081   1.006    12.58671    32.76993     7.66133
   210  H   1.0   0.082   1.000    10.87329    28.50746     8.70049
   211  H   1.0   0.081   1.000    13.36641    27.07751     7.00276
   212  H   1.0   0.081   0.999    14.01591    28.81379     9.78122
   213  H   1.0   0.079   1.007     8.40437    34.57027    -2.77884
   214  H   1.0   0.075   1.014     6.74349    36.32866    -7.06134
 
  Z AO/shell   Hii/eV     exponent
  1     Sat Feb 20 21:38:01 CET 2016    EN: 2.327 GAM: 0.473  GM3: 0.0000
     1s    -13.751157    1.051071
  6     Sat Feb 20 21:38:01 CET 2016    EN: 2.731 GAM: 0.422  GM3: 0.0000
     2s    -19.378245    2.021003
     2p    -11.993376    1.497917
 16     Sat Feb 20 23:13:41 CET 2016    EN: 1.915 GAM: 0.389  GM3: 0.0000
     3s    -22.000000    2.671470
     3p    -15.834192    1.836978
     3d     -2.593599    1.836978
 17     Sat Feb 20 23:13:41 CET 2016    EN: 2.375 GAM: 0.431  GM3: 0.0000
     3s    -21.000000    2.596786
     3p    -17.375270    2.088291
     3d     -1.372943    2.088291
 
 dipole moment of classical point charges (au)
     X       Y       Z   
  -0.2154   0.3562  -0.2207  total (Debye):    1.198

 
 Nbf   :          910
 T(el) :   300.0
 calculating S/T integrals ...
 cpu time for ints    1.49503500000000     
 Nao   :          870
 making H0...
 making H1...
 cpu time for H      4.052900000000004E-002
 solving ...
 cpu time for diag    2.07760900000000     
 
 gap (eV)           :   2.929
 Koopmans IP (eV)   :  11.955
 Eel (Eh)           :  -588.822002
 T,E(Fermi),NFOD :    300.000   -10.491  0.000000
 T,E(Fermi),NFOD :    300.000   -10.491  0.000000
 Nfod               :  0.0000
 Nfod/Nel           :  0.0000

          eigenvalues
 #    :         373        374        375        376        377        378        379        380
 occ. :        2.000      2.000      2.000      2.000      2.000      2.000      2.000      2.000
 eps  :       -13.554    -13.397    -13.376    -13.349    -13.232    -13.165    -13.022    -12.957
 #    :         381        382        383        384        385        386        387        388
 occ. :        2.000      2.000      2.000      2.000      2.000      0.000      0.000      0.000
 eps  :       -12.595    -12.548    -12.440    -12.214    -11.956     -9.027     -9.009     -8.986
 #    :         389        390        391        392        393        394        395        396
 occ. :        0.000      0.000      0.000      0.000      0.000      0.000      0.000      0.000
 eps  :        -8.940     -8.869     -8.833     -8.642     -8.481     -8.471     -8.466     -8.456
                            1  SCC done.
 making H1...
 cpu time for H       2.83314000000000     
 solving ...
 cpu time for diag   0.322144000000000     
 
 gap (eV)           :   3.011
 Koopmans IP (eV)   :  12.207
 Eel (Eh)           :  -590.797746
 T,E(Fermi),NFOD :    300.000   -10.701  0.000000
 T,E(Fermi),NFOD :    300.000   -10.701  0.000000
 Nfod               :  0.0000
 Nfod/Nel           :  0.0000

          eigenvalues
 #    :         373        374        375        376        377        378        379        380
 occ. :        2.000      2.000      2.000      2.000      2.000      2.000      2.000      2.000
 eps  :       -13.881    -13.758    -13.715    -13.708    -13.600    -13.527    -13.382    -13.295
 #    :         381        382        383        384        385        386        387        388
 occ. :        2.000      2.000      2.000      2.000      2.000      0.000      0.000      0.000
 eps  :       -12.812    -12.756    -12.641    -12.436    -12.208     -9.196     -9.040     -9.015
 #    :         389        390        391        392        393        394        395        396
 occ. :        0.000      0.000      0.000      0.000      0.000      0.000      0.000      0.000
 eps  :        -8.949     -8.883     -8.856     -8.811     -8.459     -8.444     -8.429     -8.419
                            2  SCC done.
 
 
 Mulliken/CM5 charges    n(s)   n(p)   n(d)   
    1 C  -0.0500 -0.0897   1.139  2.911  0.000
    2 C  -0.0691 -0.1201   1.133  2.936  0.000
    3 C  -0.0309 -0.0322   1.173  2.858  0.000
    4 C   0.0003  0.0019   1.158  2.842  0.000
    5 C  -0.0478 -0.0345   1.168  2.880  0.000
    6 S   0.0961  0.0583   1.886  3.964  0.054
    7 C  -0.0470 -0.0427   1.189  2.859  0.000
    8 C  -0.0262 -0.1306   1.120  2.906  0.000
    9 C  -0.0879 -0.2389   1.098  2.990  0.000
   10 C  -0.0008 -0.0005   1.147  2.854  0.000
   11 CL -0.0491 -0.0503   1.901  5.142  0.005
   12 C   0.0090  0.0107   1.150  2.841  0.000
   13 CL -0.0429 -0.0420   1.902  5.136  0.006
   14 C  -0.0241 -0.0107   1.178  2.846  0.000
   15 C  -0.0271 -0.0284   1.171  2.856  0.000
   16 C   0.0029  0.0044   1.158  2.839  0.000
   17 C  -0.0471 -0.0338   1.168  2.879  0.000
   18 S   0.0985  0.0624   1.886  3.962  0.054
   19 C  -0.0461 -0.0417   1.189  2.857  0.000
   20 C  -0.0260 -0.1304   1.120  2.906  0.000
   21 C  -0.0878 -0.2388   1.098  2.990  0.000
   22 C  -0.0009 -0.0007   1.147  2.854  0.000
   23 C   0.0076  0.0085   1.151  2.841  0.000
   24 CL -0.0413 -0.0422   1.902  5.134  0.005
   25 CL -0.0489 -0.0501   1.901  5.142  0.005
   26 C  -0.0241 -0.0107   1.175  2.850  0.000
   27 S   0.0858  0.0492   1.883  3.985  0.046
   28 C  -0.0695 -0.1171   1.139  2.931  0.000
   29 C  -0.0076  0.0023   1.166  2.842  0.000
   30 S   0.0722  0.0365   1.890  3.999  0.038
   31 C  -0.0071  0.0030   1.166  2.841  0.000
   32 C  -0.0700 -0.1176   1.139  2.931  0.000
   33 C  -0.0262 -0.0276   1.171  2.855  0.000
   34 C   0.0039  0.0054   1.157  2.839  0.000
   35 C  -0.0467 -0.0335   1.168  2.879  0.000
   36 S   0.0997  0.0637   1.886  3.960  0.054
   37 C  -0.0453 -0.0409   1.189  2.857  0.000
   38 C  -0.0258 -0.1302   1.120  2.906  0.000
   39 C  -0.0877 -0.2388   1.098  2.990  0.000
   40 C  -0.0012 -0.0009   1.146  2.855  0.000
   41 CL -0.0489 -0.0501   1.901  5.142  0.005
   42 C   0.0085  0.0093   1.151  2.841  0.000
   43 CL -0.0409 -0.0419   1.902  5.134  0.005
   44 C  -0.0196 -0.0061   1.176  2.843  0.000
   45 C  -0.0241 -0.0253   1.170  2.854  0.000
   46 C   0.0000  0.0015   1.158  2.842  0.000
   47 C  -0.0481 -0.0350   1.168  2.880  0.000
   48 S   0.0978  0.0586   1.886  3.963  0.054
   49 C  -0.0467 -0.0423   1.189  2.857  0.000
   50 C  -0.0260 -0.1304   1.120  2.906  0.000
   51 C  -0.0900 -0.2412   1.099  2.991  0.000
   52 C  -0.0005 -0.0002   1.147  2.854  0.000
   53 C   0.0098  0.0115   1.151  2.839  0.000
   54 CL -0.0415 -0.0405   1.902  5.134  0.006
   55 CL -0.0489 -0.0501   1.901  5.142  0.005
   56 C  -0.0231 -0.0097   1.177  2.846  0.000
   57 S   0.0739  0.0384   1.890  3.997  0.039
   58 C  -0.0758 -0.1243   1.140  2.936  0.000
   59 C  -0.0078  0.0022   1.167  2.841  0.000
   60 S   0.0806  0.0480   1.890  3.990  0.039
   61 C  -0.0059  0.0041   1.167  2.839  0.000
   62 C  -0.0771 -0.1259   1.140  2.937  0.000
   63 C  -0.0274 -0.0288   1.171  2.857  0.000
   64 C  -0.0007  0.0008   1.158  2.843  0.000
   65 C  -0.0472 -0.0341   1.168  2.879  0.000
   66 S   0.1007  0.0646   1.886  3.960  0.054
   67 C  -0.0460 -0.0417   1.189  2.857  0.000
   68 C  -0.0262 -0.1306   1.120  2.906  0.000
   69 C  -0.0876 -0.2387   1.097  2.990  0.000
   70 C  -0.0022 -0.0022   1.147  2.855  0.000
   71 CL -0.0467 -0.0495   1.901  5.140  0.005
   72 C   0.0062  0.0068   1.152  2.842  0.000
   73 CL -0.0413 -0.0425   1.902  5.134  0.005
   74 C  -0.0201 -0.0065   1.176  2.844  0.000
   75 C  -0.0272 -0.0285   1.170  2.857  0.000
   76 C   0.0037  0.0052   1.158  2.839  0.000
   77 C  -0.0476 -0.0344   1.168  2.880  0.000
   78 S   0.1001  0.0640   1.886  3.960  0.053
   79 C  -0.0446 -0.0401   1.190  2.855  0.000
   80 C  -0.0259 -0.1303   1.120  2.906  0.000
   81 C  -0.0873 -0.2384   1.098  2.990  0.000
   82 C  -0.0006 -0.0004   1.146  2.854  0.000
   83 C   0.0077  0.0085   1.151  2.842  0.000
   84 CL -0.0413 -0.0421   1.902  5.134  0.005
   85 CL -0.0482 -0.0494   1.901  5.141  0.005
   86 C  -0.0201 -0.0066   1.177  2.843  0.000
   87 S   0.0811  0.0485   1.891  3.989  0.039
   88 C  -0.0613 -0.1094   1.140  2.922  0.000
   89 C   0.0229  0.0323   1.137  2.840  0.000
   90 S   0.0823  0.0498   1.891  3.990  0.037
   91 C  -0.0492 -0.0487   1.131  2.918  0.000
   92 C  -0.0493 -0.0489   1.131  2.918  0.000
   93 C   0.0232  0.0327   1.137  2.840  0.000
   94 C  -0.0632 -0.1112   1.140  2.923  0.000
   95 C  -0.0269 -0.0283   1.170  2.857  0.000
   96 C   0.0020  0.0035   1.158  2.840  0.000
   97 C  -0.0475 -0.0343   1.168  2.879  0.000
   98 S   0.0968  0.0606   1.886  3.964  0.053
   99 C  -0.0447 -0.0403   1.190  2.855  0.000
  100 C  -0.0260 -0.1303   1.120  2.906  0.000
  101 C  -0.0870 -0.2380   1.097  2.990  0.000
  102 C  -0.0001  0.0001   1.147  2.854  0.000
  103 CL -0.0479 -0.0491   1.901  5.141  0.005
  104 C   0.0083  0.0092   1.151  2.841  0.000
  105 CL -0.0404 -0.0413   1.902  5.133  0.005
  106 C  -0.0198 -0.0062   1.177  2.843  0.000
  107 C  -0.0232 -0.0244   1.170  2.853  0.000
  108 C   0.0023  0.0038   1.158  2.840  0.000
  109 C  -0.0482 -0.0350   1.167  2.881  0.000
  110 S   0.0964  0.0582   1.886  3.964  0.053
  111 C  -0.0458 -0.0414   1.189  2.857  0.000
  112 C  -0.0265 -0.1308   1.120  2.906  0.000
  113 C  -0.0875 -0.2388   1.098  2.990  0.000
  114 C  -0.0009 -0.0006   1.147  2.854  0.000
  115 C   0.0101  0.0118   1.151  2.839  0.000
  116 CL -0.0417 -0.0407   1.902  5.134  0.006
  117 CL -0.0487 -0.0499   1.901  5.142  0.005
  118 C  -0.0238 -0.0104   1.178  2.846  0.000
  119 S   0.0852  0.0518   1.891  3.986  0.038
  120 C  -0.0685 -0.1158   1.138  2.930  0.000
  121 C  -0.0078  0.0022   1.167  2.841  0.000
  122 S   0.0720  0.0372   1.891  3.999  0.039
  123 C  -0.0082  0.0018   1.166  2.842  0.000
  124 C  -0.0709 -0.1185   1.139  2.932  0.000
  125 C  -0.0272 -0.0286   1.170  2.857  0.000
  126 C   0.0027  0.0042   1.158  2.840  0.000
  127 C  -0.0468 -0.0336   1.168  2.879  0.000
  128 S   0.0982  0.0621   1.886  3.962  0.054
  129 C  -0.0462 -0.0418   1.189  2.857  0.000
  130 C  -0.0262 -0.1306   1.120  2.906  0.000
  131 C  -0.0875 -0.2385   1.097  2.990  0.000
  132 C  -0.0011 -0.0008   1.147  2.854  0.000
  133 CL -0.0493 -0.0505   1.902  5.142  0.005
  134 C   0.0078  0.0085   1.151  2.842  0.000
  135 CL -0.0408 -0.0419   1.902  5.134  0.005
  136 C  -0.0242 -0.0107   1.174  2.850  0.000
  137 C  -0.0340 -0.0355   1.173  2.861  0.000
  138 C   0.0001  0.0016   1.158  2.842  0.000
  139 C  -0.0469 -0.0337   1.168  2.879  0.000
  140 S   0.0981  0.0621   1.886  3.962  0.054
  141 C  -0.0470 -0.0426   1.189  2.858  0.000
  142 C  -0.0259 -0.1303   1.120  2.906  0.000
  143 C  -0.0883 -0.2397   1.098  2.990  0.000
  144 C  -0.0011 -0.0009   1.147  2.854  0.000
  145 C   0.0071  0.0080   1.151  2.842  0.000
  146 CL -0.0416 -0.0425   1.902  5.135  0.005
  147 CL -0.0486 -0.0498   1.901  5.142  0.005
  148 C  -0.0209 -0.0074   1.177  2.844  0.000
  149 S   0.0705  0.0360   1.891  4.000  0.039
  150 C  -0.0704 -0.1217   1.134  2.937  0.000
  151 C  -0.0488 -0.0884   1.139  2.910  0.000
  152 S   0.0870  0.0504   1.883  3.984  0.045
  153 H   0.0593  0.1171   0.941  0.000  0.000
  154 H   0.0515  0.1110   0.949  0.000  0.000
  155 H   0.0447  0.1011   0.955  0.000  0.000
  156 H   0.0432  0.1003   0.957  0.000  0.000
  157 H   0.0299  0.0829   0.970  0.000  0.000
  158 H   0.0295  0.0823   0.971  0.000  0.000
  159 H   0.0356  0.0874   0.964  0.000  0.000
  160 H   0.0429  0.1000   0.957  0.000  0.000
  161 H   0.0447  0.1011   0.955  0.000  0.000
  162 H   0.0304  0.0835   0.970  0.000  0.000
  163 H   0.0295  0.0824   0.970  0.000  0.000
  164 H   0.0353  0.0871   0.965  0.000  0.000
  165 H   0.0541  0.1162   0.946  0.000  0.000
  166 H   0.0548  0.1172   0.945  0.000  0.000
  167 H   0.0446  0.1011   0.955  0.000  0.000
  168 H   0.0430  0.1000   0.957  0.000  0.000
  169 H   0.0303  0.0833   0.970  0.000  0.000
  170 H   0.0355  0.0873   0.964  0.000  0.000
  171 H   0.0298  0.0827   0.970  0.000  0.000
  172 H   0.0454  0.1024   0.955  0.000  0.000
  173 H   0.0435  0.1004   0.956  0.000  0.000
  174 H   0.0294  0.0824   0.971  0.000  0.000
  175 H   0.0358  0.0880   0.964  0.000  0.000
  176 H   0.0295  0.0834   0.971  0.000  0.000
  177 H   0.0540  0.1166   0.946  0.000  0.000
  178 H   0.0549  0.1171   0.945  0.000  0.000
  179 H   0.0424  0.0998   0.958  0.000  0.000
  180 H   0.0457  0.1019   0.954  0.000  0.000
  181 H   0.0360  0.0878   0.964  0.000  0.000
  182 H   0.0309  0.0841   0.969  0.000  0.000
  183 H   0.0292  0.0822   0.971  0.000  0.000
  184 H   0.0428  0.1000   0.957  0.000  0.000
  185 H   0.0449  0.1013   0.955  0.000  0.000
  186 H   0.0354  0.0871   0.965  0.000  0.000
  187 H   0.0309  0.0840   0.969  0.000  0.000
  188 H   0.0294  0.0822   0.971  0.000  0.000
  189 H   0.0563  0.1169   0.944  0.000  0.000
  190 H   0.0558  0.1164   0.944  0.000  0.000
  191 H   0.0428  0.1000   0.957  0.000  0.000
  192 H   0.0449  0.1011   0.955  0.000  0.000
  193 H   0.0297  0.0825   0.970  0.000  0.000
  194 H   0.0355  0.0873   0.964  0.000  0.000
  195 H   0.0308  0.0841   0.969  0.000  0.000
  196 H   0.0426  0.0999   0.957  0.000  0.000
  197 H   0.0452  0.1013   0.955  0.000  0.000
  198 H   0.0294  0.0822   0.971  0.000  0.000
  199 H   0.0355  0.0874   0.964  0.000  0.000
  200 H   0.0310  0.0844   0.969  0.000  0.000
  201 H   0.0538  0.1157   0.946  0.000  0.000
  202 H   0.0544  0.1171   0.946  0.000  0.000
  203 H   0.0426  0.0998   0.957  0.000  0.000
  204 H   0.0447  0.1011   0.955  0.000  0.000
  205 H   0.0307  0.0838   0.969  0.000  0.000
  206 H   0.0354  0.0872   0.965  0.000  0.000
  207 H   0.0295  0.0823   0.971  0.000  0.000
  208 H   0.0446  0.1010   0.955  0.000  0.000
  209 H   0.0431  0.1002   0.957  0.000  0.000
  210 H   0.0297  0.0826   0.970  0.000  0.000
  211 H   0.0308  0.0842   0.969  0.000  0.000
  212 H   0.0351  0.0870   0.965  0.000  0.000
  213 H   0.0520  0.1118   0.948  0.000  0.000
  214 H   0.0595  0.1173   0.941  0.000  0.000
 Hirshfeld charges for QMDFF written to <charges>
 
 Loewdin charges    n(s)   n(p)   n(d)
    1 C  -0.0194   1.082  2.938  0.000
    2 C  -0.0668   1.082  2.985  0.000
    3 C  -0.0290   1.132  2.897  0.000
    4 C  -0.0013   1.118  2.884  0.000
    5 C  -0.0309   1.126  2.905  0.000
    6 S   0.0589   1.872  3.960  0.109
    7 C  -0.0276   1.146  2.881  0.000
    8 C  -0.0193   1.058  2.962  0.000
    9 C  -0.0895   1.025  3.065  0.000
   10 C   0.0122   1.107  2.881  0.000
   11 CL -0.0589   1.891  5.140  0.028
   12 C   0.0219   1.110  2.868  0.000
   13 CL -0.0525   1.892  5.133  0.028
   14 C  -0.0031   1.134  2.870  0.000
   15 C  -0.0248   1.129  2.895  0.000
   16 C   0.0013   1.117  2.881  0.000
   17 C  -0.0303   1.125  2.905  0.000
   18 S   0.0618   1.872  3.958  0.108
   19 C  -0.0269   1.147  2.880  0.000
   20 C  -0.0190   1.058  2.961  0.000
   21 C  -0.0894   1.025  3.064  0.000
   22 C   0.0121   1.106  2.881  0.000
   23 C   0.0207   1.111  2.868  0.000
   24 CL -0.0512   1.892  5.132  0.028
   25 CL -0.0587   1.891  5.140  0.028
   26 C  -0.0034   1.130  2.873  0.000
   27 S   0.0487   1.869  3.982  0.101
   28 C  -0.0701   1.089  2.981  0.000
   29 C   0.0166   1.120  2.863  0.000
   30 S   0.0342   1.877  3.998  0.091
   31 C   0.0172   1.120  2.863  0.000
   32 C  -0.0706   1.089  2.981  0.000
   33 C  -0.0239   1.130  2.894  0.000
   34 C   0.0020   1.117  2.881  0.000
   35 C  -0.0299   1.125  2.904  0.000
   36 S   0.0629   1.872  3.957  0.108
   37 C  -0.0261   1.146  2.880  0.000
   38 C  -0.0189   1.058  2.961  0.000
   39 C  -0.0893   1.025  3.064  0.000
   40 C   0.0118   1.106  2.882  0.000
   41 CL -0.0587   1.891  5.140  0.028
   42 C   0.0214   1.111  2.868  0.000
   43 CL -0.0508   1.892  5.131  0.028
   44 C   0.0011   1.132  2.867  0.000
   45 C  -0.0217   1.128  2.893  0.000
   46 C  -0.0019   1.117  2.885  0.000
   47 C  -0.0314   1.126  2.906  0.000
   48 S   0.0606   1.872  3.959  0.109
   49 C  -0.0272   1.147  2.880  0.000
   50 C  -0.0190   1.058  2.961  0.000
   51 C  -0.0920   1.027  3.065  0.000
   52 C   0.0125   1.107  2.881  0.000
   53 C   0.0227   1.111  2.867  0.000
   54 CL -0.0510   1.892  5.132  0.028
   55 CL -0.0587   1.892  5.140  0.028
   56 C  -0.0022   1.133  2.869  0.000
   57 S   0.0360   1.877  3.995  0.092
   58 C  -0.0767   1.090  2.986  0.000
   59 C   0.0163   1.121  2.863  0.000
   60 S   0.0428   1.878  3.989  0.091
   61 C   0.0180   1.121  2.861  0.000
   62 C  -0.0778   1.090  2.987  0.000
   63 C  -0.0249   1.129  2.896  0.000
   64 C  -0.0027   1.117  2.885  0.000
   65 C  -0.0302   1.126  2.905  0.000
   66 S   0.0637   1.872  3.956  0.108
   67 C  -0.0267   1.146  2.880  0.000
   68 C  -0.0192   1.058  2.962  0.000
   69 C  -0.0895   1.025  3.065  0.000
   70 C   0.0109   1.107  2.883  0.000
   71 CL -0.0565   1.891  5.138  0.028
   72 C   0.0192   1.112  2.869  0.000
   73 CL -0.0511   1.893  5.131  0.027
   74 C   0.0012   1.131  2.867  0.000
   75 C  -0.0248   1.129  2.896  0.000
   76 C   0.0018   1.117  2.881  0.000
   77 C  -0.0310   1.125  2.906  0.000
   78 S   0.0635   1.873  3.957  0.107
   79 C  -0.0254   1.147  2.878  0.000
   80 C  -0.0190   1.058  2.961  0.000
   81 C  -0.0890   1.025  3.064  0.000
   82 C   0.0124   1.106  2.882  0.000
   83 C   0.0208   1.111  2.869  0.000
   84 CL -0.0513   1.892  5.132  0.028
   85 CL -0.0580   1.892  5.139  0.028
   86 C   0.0004   1.133  2.867  0.000
   87 S   0.0435   1.878  3.988  0.091
   88 C  -0.0613   1.090  2.972  0.000
   89 C   0.0515   1.087  2.862  0.000
   90 S   0.0440   1.878  3.988  0.090
   91 C  -0.0533   1.091  2.962  0.000
   92 C  -0.0534   1.091  2.962  0.000
   93 C   0.0517   1.087  2.861  0.000
   94 C  -0.0632   1.090  2.973  0.000
   95 C  -0.0245   1.129  2.896  0.000
   96 C   0.0002   1.117  2.883  0.000
   97 C  -0.0309   1.126  2.905  0.000
   98 S   0.0605   1.873  3.960  0.107
   99 C  -0.0255   1.147  2.878  0.000
  100 C  -0.0190   1.058  2.961  0.000
  101 C  -0.0886   1.025  3.064  0.000
  102 C   0.0128   1.106  2.881  0.000
  103 CL -0.0577   1.892  5.139  0.028
  104 C   0.0214   1.111  2.868  0.000
  105 CL -0.0504   1.892  5.131  0.028
  106 C   0.0009   1.132  2.867  0.000
  107 C  -0.0208   1.129  2.892  0.000
  108 C   0.0003   1.117  2.882  0.000
  109 C  -0.0314   1.125  2.906  0.000
  110 S   0.0592   1.872  3.961  0.108
  111 C  -0.0263   1.146  2.880  0.000
  112 C  -0.0196   1.058  2.962  0.000
  113 C  -0.0892   1.025  3.064  0.000
  114 C   0.0121   1.107  2.881  0.000
  115 C   0.0228   1.111  2.866  0.000
  116 CL -0.0512   1.892  5.132  0.028
  117 CL -0.0585   1.891  5.139  0.028
  118 C  -0.0027   1.134  2.869  0.000
  119 S   0.0470   1.878  3.985  0.090
  120 C  -0.0692   1.089  2.981  0.000
  121 C   0.0166   1.121  2.863  0.000
  122 S   0.0342   1.878  3.997  0.091
  123 C   0.0161   1.120  2.864  0.000
  124 C  -0.0715   1.090  2.982  0.000
  125 C  -0.0249   1.129  2.896  0.000
  126 C   0.0011   1.117  2.882  0.000
  127 C  -0.0301   1.126  2.905  0.000
  128 S   0.0614   1.872  3.958  0.108
  129 C  -0.0269   1.147  2.880  0.000
  130 C  -0.0193   1.058  2.962  0.000
  131 C  -0.0891   1.025  3.064  0.000
  132 C   0.0119   1.106  2.882  0.000
  133 CL -0.0590   1.892  5.140  0.028
  134 C   0.0209   1.111  2.869  0.000
  135 CL -0.0507   1.892  5.131  0.028
  136 C  -0.0034   1.130  2.874  0.000
  137 C  -0.0321   1.132  2.900  0.000
  138 C  -0.0015   1.117  2.884  0.000
  139 C  -0.0302   1.126  2.904  0.000
  140 S   0.0616   1.872  3.958  0.108
  141 C  -0.0278   1.147  2.881  0.000
  142 C  -0.0189   1.058  2.961  0.000
  143 C  -0.0903   1.025  3.065  0.000
  144 C   0.0119   1.107  2.882  0.000
  145 C   0.0202   1.111  2.869  0.000
  146 CL -0.0516   1.892  5.132  0.028
  147 CL -0.0584   1.892  5.139  0.028
  148 C  -0.0001   1.133  2.868  0.000
  149 S   0.0326   1.878  3.999  0.091
  150 C  -0.0681   1.082  2.986  0.000
  151 C  -0.0182   1.081  2.937  0.000
  152 S   0.0498   1.869  3.981  0.100
  153 H   0.0488   0.951  0.000  0.000
  154 H   0.0437   0.956  0.000  0.000
  155 H   0.0402   0.960  0.000  0.000
  156 H   0.0388   0.961  0.000  0.000
  157 H   0.0296   0.970  0.000  0.000
  158 H   0.0292   0.971  0.000  0.000
  159 H   0.0352   0.965  0.000  0.000
  160 H   0.0386   0.961  0.000  0.000
  161 H   0.0402   0.960  0.000  0.000
  162 H   0.0301   0.970  0.000  0.000
  163 H   0.0292   0.971  0.000  0.000
  164 H   0.0349   0.965  0.000  0.000
  165 H   0.0459   0.954  0.000  0.000
  166 H   0.0466   0.953  0.000  0.000
  167 H   0.0401   0.960  0.000  0.000
  168 H   0.0387   0.961  0.000  0.000
  169 H   0.0300   0.970  0.000  0.000
  170 H   0.0351   0.965  0.000  0.000
  171 H   0.0294   0.971  0.000  0.000
  172 H   0.0408   0.959  0.000  0.000
  173 H   0.0391   0.961  0.000  0.000
  174 H   0.0291   0.971  0.000  0.000
  175 H   0.0355   0.965  0.000  0.000
  176 H   0.0295   0.971  0.000  0.000
  177 H   0.0467   0.953  0.000  0.000
  178 H   0.0472   0.953  0.000  0.000
  179 H   0.0382   0.962  0.000  0.000
  180 H   0.0410   0.959  0.000  0.000
  181 H   0.0356   0.964  0.000  0.000
  182 H   0.0305   0.970  0.000  0.000
  183 H   0.0293   0.971  0.000  0.000
  184 H   0.0385   0.961  0.000  0.000
  185 H   0.0404   0.960  0.000  0.000
  186 H   0.0350   0.965  0.000  0.000
  187 H   0.0305   0.970  0.000  0.000
  188 H   0.0291   0.971  0.000  0.000
  189 H   0.0474   0.953  0.000  0.000
  190 H   0.0470   0.953  0.000  0.000
  191 H   0.0385   0.961  0.000  0.000
  192 H   0.0404   0.960  0.000  0.000
  193 H   0.0294   0.971  0.000  0.000
  194 H   0.0351   0.965  0.000  0.000
  195 H   0.0304   0.970  0.000  0.000
  196 H   0.0383   0.962  0.000  0.000
  197 H   0.0406   0.959  0.000  0.000
  198 H   0.0292   0.971  0.000  0.000
  199 H   0.0352   0.965  0.000  0.000
  200 H   0.0308   0.969  0.000  0.000
  201 H   0.0457   0.954  0.000  0.000
  202 H   0.0463   0.954  0.000  0.000
  203 H   0.0384   0.962  0.000  0.000
  204 H   0.0402   0.960  0.000  0.000
  205 H   0.0303   0.970  0.000  0.000
  206 H   0.0350   0.965  0.000  0.000
  207 H   0.0292   0.971  0.000  0.000
  208 H   0.0401   0.960  0.000  0.000
  209 H   0.0388   0.961  0.000  0.000
  210 H   0.0294   0.971  0.000  0.000
  211 H   0.0307   0.969  0.000  0.000
  212 H   0.0348   0.965  0.000  0.000
  213 H   0.0441   0.956  0.000  0.000
  214 H   0.0490   0.951  0.000  0.000
 
 Wiberg/Mayer (AO) data. WBOs > 0.1 written file <wbo>
 largest (>0.05) Wiberg bond orders for each atom
           total WBO             WBO to atom ...
     1  C   3.938    C    2 1.711    S   27 1.131    H  153 0.950
     2  C   3.958    C    1 1.711    C    3 1.160    H  154 0.935    S   27 0.086
     3  C   3.936    C    4 1.271    C   26 1.246    C    2 1.160    C   15 0.053
     4  C   3.941    C   14 1.360    C    3 1.271    C    5 1.021    C   16 0.088
     5  C   3.932    C   12 1.537    S    6 1.104    C    4 1.021    C    7 0.106    CL  13 0.056
     6  S   2.551    C    7 1.126    C    5 1.104    C   12 0.073    C   10 0.073
     7  C   3.921    C   10 1.561    S    6 1.126    C    8 0.997    C    5 0.106    CL  11 0.054
     8  C   3.967    C    7 0.997    C    9 0.985    H  155 0.964    H  156 0.962
     9  C   3.981    C    8 0.985    H  158 0.984    H  157 0.984    H  159 0.978
    10  C   3.929    C    7 1.561    C   12 1.178    CL  11 1.005    S    6 0.073
    11  CL  1.168    C   10 1.005    C    7 0.054
    12  C   3.917    C    5 1.537    C   10 1.178    CL  13 1.009    S    6 0.073
    13  CL  1.171    C   12 1.009    C    5 0.056
    14  C   3.933    C    4 1.360    C   15 1.230    S   30 1.079    C   26 0.055
    15  C   3.947    C   16 1.266    C   14 1.230    C   28 1.191    C    3 0.053
    16  C   3.917    C   26 1.350    C   15 1.266    C   17 1.027    C    4 0.088
    17  C   3.933    C   23 1.531    S   18 1.106    C   16 1.027    C   19 0.105    CL  24 0.055
    18  S   2.548    C   19 1.127    C   17 1.106    C   23 0.074    C   22 0.072
    19  C   3.919    C   22 1.558    S   18 1.127    C   20 0.997    C   17 0.105    CL  25 0.054
    20  C   3.968    C   19 0.997    C   21 0.985    H  161 0.964    H  160 0.962
    21  C   3.981    C   20 0.985    H  163 0.984    H  162 0.984    H  164 0.978
    22  C   3.929    C   19 1.558    C   23 1.181    CL  25 1.005    S   18 0.072
    23  C   3.925    C   17 1.531    C   22 1.181    CL  24 1.008    S   18 0.074
    24  CL  1.173    C   23 1.008    C   17 0.055
    25  CL  1.168    C   22 1.005    C   19 0.054
    26  C   3.939    C   16 1.350    C    3 1.246    S   27 1.082    C   14 0.055
    27  S   2.482    C    1 1.131    C   26 1.082    C    2 0.086
    28  C   3.930    C   29 1.569    C   15 1.191    H  165 0.934    C   32 0.074    S   30 0.071
    29  C   3.928    C   28 1.569    C   31 1.121    S   30 1.058
    30  S   2.430    C   14 1.079    C   29 1.058    C   28 0.071
    31  C   3.922    C   32 1.565    C   29 1.121    S   57 1.059
    32  C   3.931    C   31 1.565    C   33 1.196    H  166 0.934    C   28 0.074    S   57 0.070
    33  C   3.935    C   34 1.258    C   56 1.226    C   32 1.196
    34  C   3.915    C   44 1.362    C   33 1.258    C   35 1.025    C   46 0.083
    35  C   3.932    C   42 1.532    S   36 1.106    C   34 1.025    C   37 0.105    CL  43 0.055
    36  S   2.550    C   37 1.127    C   35 1.106    C   42 0.074    C   40 0.072
    37  C   3.919    C   40 1.558    S   36 1.127    C   38 0.997    C   35 0.105    CL  41 0.054
    38  C   3.968    C   37 0.997    C   39 0.985    H  167 0.964    H  168 0.961
    39  C   3.982    C   38 0.985    H  171 0.984    H  169 0.984    H  170 0.978
    40  C   3.929    C   37 1.558    C   42 1.181    CL  41 1.005    S   36 0.072
    41  CL  1.168    C   40 1.005    C   37 0.054
    42  C   3.925    C   35 1.532    C   40 1.181    CL  43 1.008    S   36 0.074
    43  CL  1.174    C   42 1.008    C   35 0.055
    44  C   3.931    C   34 1.362    C   45 1.230    S   60 1.078    C   56 0.053
    45  C   3.936    C   46 1.250    C   44 1.230    C   58 1.203
    46  C   3.923    C   56 1.363    C   45 1.250    C   47 1.031    C   34 0.083
    47  C   3.931    C   53 1.531    S   48 1.100    C   46 1.031    C   49 0.104    CL  54 0.055
    48  S   2.552    C   49 1.126    C   47 1.100    C   52 0.072    C   53 0.072
    49  C   3.918    C   52 1.558    S   48 1.126    C   50 0.997    C   47 0.104    CL  55 0.054
    50  C   3.967    C   49 0.997    C   51 0.984    H  172 0.964    H  173 0.961
    51  C   3.980    C   50 0.984    H  174 0.984    H  176 0.982    H  175 0.977
    52  C   3.929    C   49 1.558    C   53 1.180    CL  55 1.005    S   48 0.072
    53  C   3.914    C   47 1.531    C   52 1.180    CL  54 1.010    S   48 0.072
    54  CL  1.173    C   53 1.010    C   47 0.055
    55  CL  1.168    C   52 1.005    C   49 0.054
    56  C   3.932    C   46 1.363    C   33 1.226    S   57 1.080    C   44 0.053
    57  S   2.432    C   56 1.080    C   31 1.059    C   32 0.070
    58  C   3.930    C   59 1.555    C   45 1.203    H  177 0.931    S   60 0.071    C   62 0.060
    59  C   3.920    C   58 1.555    C   61 1.119    S   60 1.067
    60  S   2.432    C   44 1.078    C   59 1.067    C   58 0.071
    61  C   3.921    C   62 1.555    C   59 1.119    S   87 1.068
    62  C   3.936    C   61 1.555    C   63 1.202    H  178 0.933    S   87 0.071    C   58 0.060
    63  C   3.936    C   64 1.254    C   86 1.228    C   62 1.202
    64  C   3.920    C   74 1.365    C   63 1.254    C   65 1.021    C   76 0.083
    65  C   3.933    C   72 1.535    S   66 1.108    C   64 1.021    C   67 0.105    CL  73 0.055
    66  S   2.550    C   67 1.127    C   65 1.108    C   72 0.075    C   70 0.072
    67  C   3.920    C   70 1.560    S   66 1.127    C   68 0.997    C   65 0.105    CL  71 0.054
    68  C   3.968    C   67 0.997    C   69 0.986    H  180 0.962    H  179 0.962
    69  C   3.981    C   68 0.986    H  182 0.984    H  183 0.983    H  181 0.978
    70  C   3.928    C   67 1.560    C   72 1.180    CL  71 1.004    S   66 0.072
    71  CL  1.172    C   70 1.004    C   67 0.054
    72  C   3.926    C   65 1.535    C   70 1.180    CL  73 1.006    S   66 0.075
    73  CL  1.173    C   72 1.006    C   65 0.055
    74  C   3.931    C   64 1.365    C   75 1.230    S   90 1.080    C   86 0.053
    75  C   3.933    C   76 1.250    C   74 1.230    C   88 1.199
    76  C   3.924    C   86 1.361    C   75 1.250    C   77 1.036    C   64 0.083
    77  C   3.933    C   83 1.526    S   78 1.103    C   76 1.036    C   79 0.104    CL  84 0.055
    78  S   2.547    C   79 1.126    C   77 1.103    C   83 0.073    C   82 0.071
    79  C   3.918    C   82 1.557    S   78 1.126    C   80 0.997    C   77 0.104    CL  85 0.054
    80  C   3.968    C   79 0.997    C   81 0.985    H  185 0.963    H  184 0.962
    81  C   3.980    C   80 0.985    H  188 0.984    H  187 0.984    H  186 0.978
    82  C   3.929    C   79 1.557    C   83 1.183    CL  85 1.005    S   78 0.071
    83  C   3.926    C   77 1.526    C   82 1.183    CL  84 1.009    S   78 0.073
    84  CL  1.173    C   83 1.009    C   77 0.055
    85  CL  1.168    C   82 1.005    C   79 0.054
    86  C   3.931    C   76 1.361    C   63 1.228    S   87 1.077    C   74 0.053
    87  S   2.433    C   86 1.077    C   61 1.068    C   62 0.071
    88  C   3.911    C   89 1.546    C   75 1.199    H  189 0.934    C   92 0.091    S   90 0.072
    89  C   3.929    C   88 1.546    C   91 1.162    S   90 1.043
    90  S   2.431    C   74 1.080    C   89 1.043    C   88 0.072
    91  C   3.943    C   92 2.575    C   89 1.162    C   94 0.091
    92  C   3.943    C   91 2.575    C   93 1.162    C   88 0.091
    93  C   3.930    C   94 1.543    C   92 1.162    S  119 1.045
    94  C   3.911    C   93 1.543    C   95 1.200    H  190 0.934    C   91 0.091    S  119 0.072
    95  C   3.934    C   96 1.255    C  118 1.226    C   94 1.200    C  107 0.050
    96  C   3.917    C  106 1.358    C   95 1.255    C   97 1.033    C  108 0.084
    97  C   3.932    C  104 1.529    S   98 1.102    C   96 1.033    C   99 0.104    CL 105 0.055
    98  S   2.544    C   99 1.124    C   97 1.102    C  104 0.073    C  102 0.071
    99  C   3.917    C  102 1.559    S   98 1.124    C  100 0.997    C   97 0.104    CL 103 0.054
   100  C   3.968    C   99 0.997    C  101 0.986    H  192 0.963    H  191 0.962
   101  C   3.980    C  100 0.986    H  193 0.984    H  195 0.983    H  194 0.978
   102  C   3.929    C   99 1.559    C  104 1.180    CL 103 1.005    S   98 0.071
   103  CL  1.168    C  102 1.005    C   99 0.054
   104  C   3.925    C   97 1.529    C  102 1.180    CL 105 1.009    S   98 0.073
   105  CL  1.173    C  104 1.009    C   97 0.055
   106  C   3.931    C   96 1.358    C  107 1.233    S  122 1.077    C  118 0.052
   107  C   3.935    C  108 1.256    C  106 1.233    C  120 1.195    C   95 0.050
   108  C   3.922    C  118 1.362    C  107 1.256    C  109 1.023    C   96 0.084
   109  C   3.932    C  115 1.537    S  110 1.103    C  108 1.023    C  111 0.105    CL 116 0.055
   110  S   2.548    C  111 1.125    C  109 1.103    C  115 0.074    C  114 0.072
   111  C   3.920    C  114 1.563    S  110 1.125    C  112 0.997    C  109 0.105    CL 117 0.054
   112  C   3.967    C  111 0.997    C  113 0.986    H  197 0.962    H  196 0.962
   113  C   3.981    C  112 0.986    H  198 0.984    H  200 0.983    H  199 0.978
   114  C   3.929    C  111 1.563    C  115 1.176    CL 117 1.004    S  110 0.072
   115  C   3.916    C  109 1.537    C  114 1.176    CL 116 1.010    S  110 0.074
   116  CL  1.173    C  115 1.010    C  109 0.055
   117  CL  1.169    C  114 1.004    C  111 0.054
   118  C   3.930    C  108 1.362    C   95 1.226    S  119 1.082    C  106 0.052
   119  S   2.431    C  118 1.082    C   93 1.045    C   94 0.072
   120  C   3.931    C  121 1.567    C  107 1.195    H  201 0.934    C  124 0.075    S  122 0.070
   121  C   3.921    C  120 1.567    C  123 1.121    S  122 1.057
   122  S   2.428    C  106 1.077    C  121 1.057    C  120 0.070
   123  C   3.928    C  124 1.569    C  121 1.121    S  149 1.058
   124  C   3.930    C  123 1.569    C  125 1.191    H  202 0.933    C  120 0.075    S  149 0.071
   125  C   3.947    C  126 1.262    C  148 1.234    C  124 1.191    C  137 0.053
   126  C   3.923    C  136 1.351    C  125 1.262    C  127 1.029    C  138 0.087
   127  C   3.933    C  134 1.530    S  128 1.104    C  126 1.029    C  129 0.105    CL 135 0.055
   128  S   2.547    C  129 1.127    C  127 1.104    C  134 0.074    C  132 0.072
   129  C   3.919    C  132 1.558    S  128 1.127    C  130 0.997    C  127 0.105    CL 133 0.054
   130  C   3.968    C  129 0.997    C  131 0.985    H  204 0.964    H  203 0.962
   131  C   3.981    C  130 0.985    H  207 0.984    H  205 0.984    H  206 0.978
   132  C   3.929    C  129 1.558    C  134 1.182    CL 133 1.004    S  128 0.072
   133  CL  1.168    C  132 1.004    C  129 0.054
   134  C   3.918    C  127 1.530    C  132 1.182    CL 135 1.008    S  128 0.074
   135  CL  1.174    C  134 1.008    C  127 0.055
   136  C   3.940    C  126 1.351    C  137 1.246    S  152 1.083    C  148 0.055
   137  C   3.936    C  138 1.268    C  136 1.246    C  150 1.161    C  125 0.053
   138  C   3.933    C  148 1.358    C  137 1.268    C  139 1.027    C  126 0.087
   139  C   3.933    C  145 1.531    S  140 1.105    C  138 1.027    C  141 0.105    CL 146 0.055
   140  S   2.549    C  141 1.126    C  139 1.105    C  145 0.073    C  144 0.072
   141  C   3.919    C  144 1.558    S  140 1.126    C  142 0.997    C  139 0.105    CL 147 0.054
   142  C   3.968    C  141 0.997    C  143 0.985    H  208 0.964    H  209 0.962
   143  C   3.980    C  142 0.985    H  210 0.984    H  211 0.983    H  212 0.978
   144  C   3.929    C  141 1.558    C  145 1.181    CL 147 1.005    S  140 0.072
   145  C   3.927    C  139 1.531    C  144 1.181    CL 146 1.008    S  140 0.073
   146  CL  1.173    C  145 1.008    C  139 0.055
   147  CL  1.168    C  144 1.005    C  141 0.054
   148  C   3.933    C  138 1.358    C  125 1.234    S  149 1.077    C  136 0.055
   149  S   2.428    C  148 1.077    C  123 1.058    C  124 0.071
   150  C   3.958    C  151 1.710    C  137 1.161    H  213 0.936    S  152 0.086
   151  C   3.939    C  150 1.710    S  152 1.132    H  214 0.950
   152  S   2.483    C  151 1.132    C  136 1.083    C  150 0.086
   153  H   0.994    C    1 0.950
   154  H   0.995    C    2 0.935
   155  H   0.997    C    8 0.964
   156  H   0.997    C    8 0.962
   157  H   0.999    C    9 0.984
   158  H   0.999    C    9 0.984
   159  H   0.996    C    9 0.978
   160  H   0.997    C   20 0.962
   161  H   0.997    C   20 0.964
   162  H   0.999    C   21 0.984
   163  H   0.999    C   21 0.984
   164  H   0.996    C   21 0.978
   165  H   0.995    C   28 0.934
   166  H   0.995    C   32 0.934
   167  H   0.997    C   38 0.964
   168  H   0.997    C   38 0.961
   169  H   0.999    C   39 0.984
   170  H   0.996    C   39 0.978
   171  H   0.999    C   39 0.984
   172  H   0.997    C   50 0.964
   173  H   0.997    C   50 0.961
   174  H   0.999    C   51 0.984
   175  H   0.996    C   51 0.977
   176  H   0.999    C   51 0.982
   177  H   0.995    C   58 0.931
   178  H   0.995    C   62 0.933
   179  H   0.997    C   68 0.962
   180  H   0.996    C   68 0.962
   181  H   0.996    C   69 0.978
   182  H   0.999    C   69 0.984
   183  H   0.999    C   69 0.983
   184  H   0.997    C   80 0.962
   185  H   0.997    C   80 0.963
   186  H   0.996    C   81 0.978
   187  H   0.999    C   81 0.984
   188  H   0.999    C   81 0.984
   189  H   0.994    C   88 0.934
   190  H   0.994    C   94 0.934
   191  H   0.997    C  100 0.962
   192  H   0.997    C  100 0.963
   193  H   0.999    C  101 0.984
   194  H   0.996    C  101 0.978
   195  H   0.999    C  101 0.983
   196  H   0.997    C  112 0.962
   197  H   0.997    C  112 0.962
   198  H   0.999    C  113 0.984
   199  H   0.996    C  113 0.978
   200  H   0.999    C  113 0.983
   201  H   0.995    C  120 0.934
   202  H   0.995    C  124 0.933
   203  H   0.997    C  130 0.962
   204  H   0.997    C  130 0.964
   205  H   0.999    C  131 0.984
   206  H   0.996    C  131 0.978
   207  H   0.999    C  131 0.984
   208  H   0.997    C  142 0.964
   209  H   0.997    C  142 0.962
   210  H   0.999    C  143 0.984
   211  H   0.999    C  143 0.983
   212  H   0.996    C  143 0.978
   213  H   0.995    C  150 0.936
   214  H   0.994    C  151 0.950
 
 --------------------------------------------
          xTB calculation for sTDA...
 --------------------------------------------
 
 reading parameter file /ihome/ghutchison/blp62/xtb4stda/.param_stda2.xtb
 
      method parameters     
 k(s)        :  1.6000
 k(p)        :  2.1800
 k(d)        :  1.9500
 k(f)        :  2.0000
 k(R-V)      :  2.2750
 k(R-R)      :  1.7650
 Tscal       :  0.2580
 Gscal       :  1.0000
 fpol        :  1.0000
 Zcnf        :  0.3430
 Zqf         :  0.0000
 kcn         :  2.7000
 Ryd Hsplit  :  0.7000
 lshift(virt):  3.1000
 lshift(OS)  :  0.2000
 wllscaling  :  2.6000
 
 mowrcut     : 3.000
 
  Z AO/shell   Hii/eV     exponent
  1     Sun Feb 14 09:53:25 CET 2016    EN: 2.327 GAM: 0.473  GM3: 0.0000
     1s    -14.339618    1.220000
     2sp    -3.348946    0.600000
  6     Sun Feb 14 09:53:25 CET 2016    EN: 2.731 GAM: 0.422  GM3: 0.0000
     2s    -22.009312    1.565095
     2p    -13.020408    1.596905
     3sp    -3.914040    0.824500
 16     Sun Feb 21 16:35:57 CET 2016    EN: 1.915 GAM: 0.200  GM3: 0.0000
     3s    -17.898811    2.619580
     3p    -15.317401    1.798798
     4sp    -4.455139    0.843200
 17     Sun Feb 21 16:32:04 CET 2016    EN: 2.375 GAM: 0.300  GM3: 0.0000
     3s    -29.486180    2.293696
     3p    -18.696427    2.332982
     4sp    -5.680125    0.918900
 
 Nbf   :         1526
 T(el) :     0.0
 calculating S/T integrals ...
 cpu time for ints    2.72471000000000     
 Nao   :         1526
 making H0...
 making H1...
 cpu time for H      5.728099999999969E-002
 solving ...
 cpu time for diag    1.20822800000000     
 
 gap (eV)           :   5.434
 Koopmans IP (eV)   :  13.563
 Eel (Eh)           :  -642.702505

          eigenvalues
 #    :         373        374        375        376        377        378        379        380
 occ. :        2.000      2.000      2.000      2.000      2.000      2.000      2.000      2.000
 eps  :       -15.064    -15.045    -15.028    -14.919    -14.823    -14.682    -14.515    -14.420
 #    :         381        382        383        384        385        386        387        388
 occ. :        2.000      2.000      2.000      2.000      2.000      0.000      0.000      0.000
 eps  :       -14.053    -13.994    -13.905    -13.771    -13.565     -8.130     -7.857     -7.490
 #    :         389        390        391        392        393        394        395        396
 occ. :        0.000      0.000      0.000      0.000      0.000      0.000      0.000      0.000
 eps  :        -7.129     -6.889     -6.434     -6.390     -6.385     -6.358     -6.342     -6.299
                            1  SCC done.
 writing mo output ...
 molden style : F
 
speedup  3.45
cpu  time for all   11.73 s
wall time for all    3.40 s
