 
        ______________________________________
       |                                      |
       |          ===================         |
       |             xTB for sTDA             |
       |          ===================         |
       |               S. Grimme              |
       |        Universitaet Bonn, MCTC       |
       |         2015-19, Version 1.0         |
       |     Wed Apr  3 09:14:55 CEST 2019    |
       |______________________________________|
 
        This code comes without any warranty
        for non-commercial, academia use only.
        Preliminary test version.
        Cite this work as:
        S. Grimme  &  C. Bannwarth, JCP 145 (2016) 054103
        if GBSA is used additionally:
        P. Shushkov, F. März, C. Bannwarth, S. Grimme, unpublished.
 
        with help from
        P. Shushkov, G. Brandenburg, S. Dohm, J. Pisarek,
        F. März, M. Checinski, S. Ehrlich, S. Spicher, 
        P. Pracht, E. Caldeweyher, S. Ehlert, and C. Bannwarth.
 
        usage        :
        xtb4stda <coord_file> [options]
        where <coord_file> is a valid file of TM)
        (*coord, Bohr) or xmol (*xyz, Angstroem)
        format.

        options:
        -chrg <int>   : molecular charge
        -uhf  <int>   : # of unpaired electrons(=2*S)
        -nox          : skip second, extended part in sTDA-xTB
        -pop          : do population analysis
                      : (default for -nox)
        -mowr <real>  : cut MO write above (def.3 Eh)
        -molden       : write formatted molden file
        -parx <file>  : read parameters for sTDA-xTB
                        calc (def:~/.param_stda2.xtb)
        -parv <file>  : read parameters for vTB part in
                        sTDA-xTB (def: ~/.param_stda1.xtb)
        -xtemp <real> : el. temp for xTB (def. 0 K)
        -etemp <real> : el. temp for GFN (def. 300 K)
        -fod          : calculate the FOD and write
                        molden.input file with
                        appropriate occupations
                        for plotting. Def. T=12500 K
 
        -acc <real>   : xTB accuracy (def. 1.0)
        -gbsa [string1] [string2]
                        use GBSA implicit solvent
                        for solvent [string1] and
                        solvation state [string2]=
                        reference, bar1M (default=1M)
        additional GFN/opt/MD/siman options read from
        $XTB4STDAHOME/.xtb4stdarc or $set in input
 
       spin and charge state information can be on:
       <.CHRG> (charge) and <.UHF> (=nalpha-nbeta)
       -uhf and -chrg override the file info.
       useful machine settings:
       setenv MKL_NUM_THREADS <NCORE_ON_YOUR_MACHINE>
       setenv OMP_STACKSIZE 500m
       limit stacksize unlimited
 
       total energies in Eh, gaps/HL energies in eV
       please read REVISION and HOWTO files carefully
 =============================
  # OMP threads =           8
 =============================
 
 xtb4stdahome directory:/ihome/ghutchison/blp62/xtb4stda/
 
 
 name of molecule           :
 comment line               :
 number of atoms            :   194
 number of electrons        :   610
 charge                     :  0
 spin                       : 0.0
 first test random number   :  0.4315
 
 -----------------------------------------
      charge density (VTB) calculation
 -----------------------------------------
 
      method parameters     
 k(s)        :  1.8000
 k(p)        :  2.8350
 k(d)        :  2.0860
 k(f)        :  2.0000
 Tscal       :  0.3300
 Gscal       :  0.3910
 fpol        :  1.0000
 Zcnf        :  0.6500
 Zqf         :  0.0000
 kcn         :  0.3000
 kEN1        : -0.5900
 wllscal     :  2.6000
 
     -------------------------
     ! NO SOLVENT MODEL USED !
     -------------------------
 
 doing EN charges ...
 sum q :  0.3219647D-14
 point charge moment (au)
     X       Y       Z   
   0.9878   0.6793   0.6783  total (Debye):    3.501
 
            Z      q(EN)   CN      Cart. coordinates
     1  C   4.0  -0.163   3.148    24.72442    -9.94771    19.61271
     2  C   4.0  -0.090   3.327    23.50347    -8.87264    17.65212
     3  C   4.0  -0.021   3.463    21.38225   -10.31299    16.82423
     4  C   4.0  -0.012   3.340    19.64559    -9.73398    14.90276
     5  C   4.0  -0.095   3.319    19.89390    -7.46857    13.36641
     6  S   6.0   0.220   2.651    22.65744    -6.83268    11.70553
     7  C   4.0  -0.084   3.265    21.42817    -4.09107    10.41182
     8  C   4.0  -0.182   4.099    22.91236    -2.55132     8.58408
     9  C   4.0  -0.244   4.032    22.71110    -3.64112     5.91239
    10  C   4.0  -0.095   3.433    19.01499    -3.72352    11.22970
    11  CL  7.0   0.088   1.222    17.17591    -1.19903    10.35967
    12  C   4.0  -0.094   3.437    18.13948    -5.62987    12.90740
    13  CL  7.0   0.088   1.283    15.22250    -5.50647    14.30749
    14  C   4.0  -0.089   3.315    17.69955   -11.44569    14.49476
    15  C   4.0  -0.020   3.457    17.41118   -13.69333    15.92264
    16  C   4.0  -0.012   3.340    19.10003   -14.22680    17.90137
    17  C   4.0  -0.095   3.317    18.77046   -16.44326    19.48667
    18  S   6.0   0.217   2.691    21.21595   -18.57355    20.00842
    19  C   4.0  -0.084   3.266    19.36723   -20.44872    21.94728
    20  C   4.0  -0.182   4.099    20.36501   -22.83545    23.05333
    21  C   4.0  -0.244   4.031    20.01560   -25.05002    21.22578
    22  C   4.0  -0.094   3.430    16.99620   -19.46361    22.14948
    23  C   4.0  -0.093   3.431    16.65170   -17.18970    20.76563
    24  CL  7.0   0.091   1.239    13.88249   -15.50086    20.84651
    25  CL  7.0   0.088   1.221    14.62988   -20.79908    23.92072
    26  C   4.0  -0.091   3.317    21.07082   -12.53210    18.27819
    27  S   6.0   0.213   2.543    23.39254   -12.76680    20.59952
    28  C   4.0  -0.090   3.368    15.38823   -15.19566    15.02710
    29  C   4.0  -0.090   3.264    14.12835   -14.15065    13.02909
    30  S   6.0   0.211   2.703    15.41903   -11.23555    12.13790
    31  C   4.0  -0.095   3.278    12.01374   -15.16505    11.71252
    32  S   6.0   0.216   2.635    10.46549   -13.41875     9.38325
    33  C   4.0  -0.120   3.426     8.38623   -15.86935     8.87793
    34  C   4.0  -0.120   3.425     6.35307   -16.06343     7.14638
    35  C   4.0  -0.118   3.361     5.00910   -18.31636     7.08156
    36  GE  4.0   0.507   4.467     6.44245   -20.63467     9.62022
    37  C   4.0  -0.261   3.971     4.08313   -21.45217    12.47710
    38  C   4.0  -0.253   4.049     5.45016   -22.58657    14.73608
    39  C   4.0  -0.262   3.973     8.14831   -23.64463     8.07159
    40  C   4.0  -0.253   4.053     9.90613   -22.89063     5.92731
    41  C   4.0  -0.119   3.362     8.86943   -17.93237    10.42996
    42  C   4.0  -0.094   3.364    10.91676   -17.51341    12.02754
    43  C   4.0  -0.094   3.364     3.08554   -18.27837     5.28556
    44  C   4.0  -0.095   3.272     2.92435   -16.01845     3.98524
    45  S   6.0   0.215   2.627     5.22093   -13.88344     5.00607
    46  C   4.0  -0.094   3.272     1.18675   -15.36687     2.04279
    47  S   6.0   0.215   2.627     0.90216   -12.25638     0.97982
    48  C   4.0  -0.120   3.426    -1.40029   -13.15022    -1.14385
    49  C   4.0  -0.120   3.426    -2.78942   -11.67114    -2.88977
    50  C   4.0  -0.119   3.361    -4.52646   -12.90116    -4.42593
    51  GE  4.0   0.507   4.469    -4.51456   -16.52414    -3.57536
    52  C   4.0  -0.262   3.972    -7.79644   -17.63946    -2.04053
    53  C   4.0  -0.253   4.053    -8.61942   -15.90960     0.10110
    54  C   4.0  -0.261   3.971    -3.27017   -18.74022    -6.39332
    55  C   4.0  -0.252   4.048    -5.02025   -18.70904    -8.67233
    56  C   4.0  -0.118   3.361    -1.90598   -15.72403    -1.04256
    57  C   4.0  -0.094   3.363    -0.44654   -16.95670     0.76742
    58  C   4.0  -0.094   3.364    -5.79390   -11.23915    -6.02482
    59  C   4.0  -0.094   3.272    -5.06182    -8.74868    -5.72852
    60  S   6.0   0.215   2.629    -2.72347    -8.45747    -3.41870
    61  C   4.0  -0.094   3.272    -6.02275    -6.59382    -7.01164
    62  S   6.0   0.215   2.630    -5.16916    -3.54361    -6.09134
    63  C   4.0  -0.120   3.426    -7.11123    -2.26880    -8.37564
    64  C   4.0  -0.120   3.426    -7.63978     0.29499    -8.93670
    65  C   4.0  -0.119   3.362    -9.34753     0.79879   -10.86725
    66  GE  4.0   0.507   4.467   -10.47362    -2.43151   -12.33500
    67  C   4.0  -0.262   3.973    -9.18123    -2.96668   -15.85726
    68  C   4.0  -0.253   4.053    -6.38746    -2.33230   -16.07854
    69  C   4.0  -0.261   3.971   -14.18334    -3.10406   -11.90074
    70  C   4.0  -0.252   4.048   -14.88102    -5.84020   -12.43326
    71  C   4.0  -0.118   3.360    -8.33785    -4.11034    -9.78689
    72  C   4.0  -0.094   3.364    -7.71140    -6.54412    -9.00530
    73  C   4.0  -0.094   3.363    -9.75722     3.37845   -11.18321
    74  C   4.0  -0.095   3.278    -8.39038     4.85489    -9.51987
    75  S   6.0   0.216   2.640    -6.52806     3.00618    -7.52262
    76  C   4.0  -0.090   3.265    -8.41608     7.53339    -9.28763
    77  C   4.0  -0.089   3.367    -9.95772     9.21015   -10.50669
    78  C   4.0  -0.020   3.456    -9.52838    11.75674    -9.81618
    79  C   4.0  -0.012   3.340   -10.76312    13.93635   -10.71153
    80  C   4.0  -0.095   3.317   -12.61014    13.78706   -12.73694
    81  S   6.0   0.217   2.698   -15.60082    15.11819   -12.45027
    82  C   4.0  -0.084   3.266   -16.47671    14.16557   -15.45323
    83  C   4.0  -0.181   4.098   -19.05978    14.65974   -16.45460
    84  C   4.0  -0.244   4.031   -20.84859    12.47351   -15.83250
    85  C   4.0  -0.094   3.431   -14.54976    12.88340   -16.58253
    86  CL  7.0   0.088   1.222   -14.71511    11.65186   -19.57851
    87  C   4.0  -0.093   3.431   -12.35352    12.67194   -15.05469
    88  CL  7.0   0.091   1.240    -9.61946    11.28299   -16.11653
    89  C   4.0  -0.090   3.314   -10.12572    16.21498    -9.58186
    90  C   4.0  -0.020   3.456    -8.24506    16.43343    -7.69100
    91  C   4.0  -0.012   3.341    -6.90336    14.27726    -6.90695
    92  C   4.0  -0.095   3.318    -4.84318    14.46358    -5.10302
    93  S   6.0   0.217   2.706    -4.70844    12.55421    -2.43340
    94  C   4.0  -0.084   3.267    -1.88443    13.87569    -1.44942
    95  C   4.0  -0.182   4.100    -0.56673    12.94047     0.85321
    96  C   4.0  -0.244   4.033     0.97510    10.56659     0.25719
    97  C   4.0  -0.094   3.431    -1.10511    15.67263    -3.12183
    98  C   4.0  -0.093   3.431    -2.78130    16.01996    -5.18919
    99  CL  7.0   0.091   1.242    -2.15259    18.08279    -7.61238
   100  CL  7.0   0.088   1.221     1.63178    17.38227    -2.79679
   101  C   4.0  -0.089   3.315    -7.62315    11.98181    -7.95008
   102  S   6.0   0.208   2.705    -6.33776     9.05009    -7.20061
   103  C   4.0  -0.091   3.378    -8.01206    18.94242    -6.79432
   104  C   4.0  -0.090   3.267    -9.57732    20.61445    -7.97786
   105  S   6.0   0.211   2.637   -11.45382    19.14311   -10.28540
   106  C   4.0  -0.096   3.280    -9.82298    23.25213    -7.53339
   107  S   6.0   0.220   2.577    -7.96255    24.74917    -5.25533
   108  C   4.0  -0.121   3.428    -9.38948    27.59680    -5.92561
   109  C   4.0  -0.122   3.432    -8.98149    30.01886    -4.83449
   110  C   4.0  -0.119   3.372   -10.40899    32.01876    -5.72398
   111  GE  4.0   0.506   4.470   -12.70368    30.75907    -8.37319
   112  C   4.0  -0.262   3.973   -16.34802    30.85450    -7.33592
   113  C   4.0  -0.253   4.053   -16.74411    29.75203    -4.71241
   114  C   4.0  -0.261   3.971   -12.01318    32.15822   -11.83139
   115  C   4.0  -0.253   4.049   -13.21599    30.58144   -13.91103
   116  C   4.0  -0.118   3.361   -11.19606    27.40122    -7.81232
   117  C   4.0  -0.096   3.376   -11.42868    24.93304    -8.70805
   118  C   4.0  -0.096   3.336    -9.81845    34.28605    -4.47355
   119  C   4.0  -0.168   3.159    -7.98882    33.98842    -2.68965
   120  S   6.0   0.220   2.495    -6.92169    30.92064    -2.47441
   121  H   1.0   0.075   1.014    26.36413    -9.26268    20.58667
   122  H   1.0   0.079   1.007    24.05999    -7.11255    16.80703
   123  H   1.0   0.081   1.005    24.89185    -2.51787     9.16309
   124  H   1.0   0.081   1.006    22.18311    -0.62210     8.60165
   125  H   1.0   0.082   0.999    20.75051    -3.66645     5.30049
   126  H   1.0   0.081   0.999    23.79713    -2.49557     4.59922
   127  H   1.0   0.081   1.000    23.43714    -5.56316     5.87081
   128  H   1.0   0.081   1.006    22.36944   -22.60396    23.47758
   129  H   1.0   0.081   1.006    19.35533   -23.22549    24.80965
   130  H   1.0   0.081   0.999    18.02251   -25.31704    20.80550
   131  H   1.0   0.081   0.999    20.74957   -26.77666    22.06047
   132  H   1.0   0.081   1.000    21.01659   -24.68719    19.46833
   133  H   1.0   0.081   1.008    14.90143   -16.99620    15.82513
   134  H   1.0   0.077   1.011     2.64278   -22.75287    11.78811
   135  H   1.0   0.077   1.012     3.13090   -19.71098    13.02645
   136  H   1.0   0.080   0.998     4.12641   -22.97586    16.26185
   137  H   1.0   0.080   1.000     6.88068   -21.28738    15.43698
   138  H   1.0   0.080   1.000     6.37499   -24.34912    14.21962
   139  H   1.0   0.077   1.012     9.20297   -24.62672     9.54255
   140  H   1.0   0.077   1.012     6.69889   -24.93834     7.38732
   141  H   1.0   0.080   1.001    11.36670   -21.61242     6.60837
   142  H   1.0   0.080   0.998    10.81793   -24.54697     5.11681
   143  H   1.0   0.080   1.001     8.86017   -21.92989     4.43991
   144  H   1.0   0.079   1.005    11.60386   -18.87723    13.36906
   145  H   1.0   0.079   1.005     1.82491   -19.83645     4.94711
   146  H   1.0   0.077   1.012    -9.23112   -17.67196    -3.51772
   147  H   1.0   0.077   1.012    -7.57591   -19.56962    -1.35645
   148  H   1.0   0.080   1.001    -7.20647   -15.88825     1.59550
   149  H   1.0   0.080   1.001    -8.85752   -13.98322    -0.57920
   150  H   1.0   0.080   0.998   -10.40559   -16.54209     0.90272
   151  H   1.0   0.077   1.012    -1.39500   -18.08071    -6.93151
   152  H   1.0   0.077   1.011    -3.06665   -20.66018    -5.67749
   153  H   1.0   0.080   1.000    -6.88673   -19.40843    -8.16721
   154  H   1.0   0.080   0.998    -4.27173   -19.89579   -10.17693
   155  H   1.0   0.080   1.000    -5.22131   -16.79532    -9.39591
   156  H   1.0   0.079   1.005    -0.55067   -18.95338     1.13365
   157  H   1.0   0.078   1.005    -7.22763   -11.81513    -7.34612
   158  H   1.0   0.077   1.012   -10.28427    -1.79259   -17.14038
   159  H   1.0   0.077   1.012    -9.50835    -4.93048   -16.38544
   160  H   1.0   0.080   1.001    -5.27706    -3.50450   -14.80392
   161  H   1.0   0.080   1.001    -6.05298    -0.36302   -15.58967
   162  H   1.0   0.081   0.998    -5.72077    -2.64770   -17.99888
   163  H   1.0   0.077   1.012   -15.22307    -1.84721   -13.15759
   164  H   1.0   0.077   1.012   -14.69451    -2.60518    -9.96925
   165  H   1.0   0.080   0.998   -16.89566    -6.14331   -12.14602
   166  H   1.0   0.080   1.000   -13.85094    -7.10121   -11.17830
   167  H   1.0   0.080   1.000   -14.42333    -6.34381   -14.37363
   168  H   1.0   0.079   1.005    -8.45180    -8.23221    -9.86229
   169  H   1.0   0.079   1.005   -11.00501     4.16231   -12.58293
   170  H   1.0   0.080   1.008   -11.39524     8.63850   -11.81967
   171  H   1.0   0.081   1.006   -19.78789    16.40282   -15.62879
   172  H   1.0   0.081   1.006   -18.94564    14.89161   -18.50193
   173  H   1.0   0.081   1.000   -20.15752    10.72986   -16.67041
   174  H   1.0   0.081   0.999   -22.72339    12.86261   -16.57422
   175  H   1.0   0.081   0.999   -20.98144    12.21878   -13.79802
   176  H   1.0   0.081   1.006     0.68427    14.42485     1.55071
   177  H   1.0   0.081   1.005    -1.95832    12.50526     2.31170
   178  H   1.0   0.081   0.999     1.92223     9.89555     1.95114
   179  H   1.0   0.081   0.999     2.39296    10.97931    -1.17106
   180  H   1.0   0.081   1.000    -0.25360     9.07862    -0.44843
   181  H   1.0   0.080   1.010    -6.75577    19.49611    -5.29728
   182  H   1.0   0.077   1.012   -17.44708    29.80003    -8.72165
   183  H   1.0   0.077   1.012   -16.99544    32.80867    -7.39582
   184  H   1.0   0.080   1.000   -15.66715    30.80858    -3.31458
   185  H   1.0   0.080   0.998   -18.73229    29.81761    -4.18763
   186  H   1.0   0.080   1.001   -16.12012    27.79314    -4.65213
   187  H   1.0   0.077   1.011   -12.71370    34.09330   -11.90773
   188  H   1.0   0.077   1.012    -9.97133    32.23060   -12.08839
   189  H   1.0   0.080   1.000   -12.50829    28.65221   -13.85188
   190  H   1.0   0.080   0.998   -12.78456    31.37380   -15.75994
   191  H   1.0   0.080   1.000   -15.26010    30.52607   -13.69465
   192  H   1.0   0.078   1.007   -12.72598    24.35233   -10.16446
   193  H   1.0   0.077   1.004   -10.71153    36.06825    -4.87625
   194  H   1.0   0.075   1.013    -7.18417    35.39098    -1.46775
 
  Z AO/shell   Hii/eV     exponent
  1     Sat Feb 20 21:38:01 CET 2016    EN: 2.327 GAM: 0.473  GM3: 0.0000
     1s    -13.751157    1.051071
  6     Sat Feb 20 21:38:01 CET 2016    EN: 2.731 GAM: 0.422  GM3: 0.0000
     2s    -19.378245    2.021003
     2p    -11.993376    1.497917
 16     Sat Feb 20 23:13:41 CET 2016    EN: 1.915 GAM: 0.389  GM3: 0.0000
     3s    -22.000000    2.671470
     3p    -15.834192    1.836978
     3d     -2.593599    1.836978
 17     Sat Feb 20 23:13:41 CET 2016    EN: 2.375 GAM: 0.431  GM3: 0.0000
     3s    -21.000000    2.596786
     3p    -17.375270    2.088291
     3d     -1.372943    2.088291
 32     Wed Aug 31 15:59:06 CEST 2016   EN: 0.689 GAM: 0.339  GM3: 0.0000
     4s    -16.317672    2.576293
     4p    -11.984139    1.522858
     4d      4.208333    1.522858
 
 dipole moment of classical point charges (au)
     X       Y       Z   
   0.9878   0.6793   0.6783  total (Debye):    3.501

 
 Nbf   :          722
 T(el) :   300.0
 calculating S/T integrals ...
 cpu time for ints    1.22405100000000     
 Nao   :          694
 making H0...
 making H1...
 cpu time for H      0.190735000000000     
 solving ...
 cpu time for diag    2.58598600000000     
 
 gap (eV)           :   0.105
 Koopmans IP (eV)   :  11.353
 Eel (Eh)           :  -466.271656
 !!!!!!!!!!!!!!!!!!!!!!!!!!!!!!!!!!!!!!!!!!!!!!!!!
 !!!!!!!! WARNING: small HL-gap detected !!!!!!!!!
 !!!!!!!!!!!!!!!!!!!!!!!!!!!!!!!!!!!!!!!!!!!!!!!!!
 T,E(Fermi),NFOD :    300.000   -11.301  0.240532
 T,E(Fermi),NFOD :    300.000   -11.301  0.240532
 Nfod               :  0.4811
 Nfod/Nel           :  0.0008

          eigenvalues
 #    :         293        294        295        296        297        298        299        300
 occ. :        2.000      2.000      2.000      2.000      2.000      2.000      2.000      2.000
 eps  :       -14.089    -14.075    -14.023    -13.986    -13.679    -13.427    -13.340    -13.039
 #    :         301        302        303        304        305        306        307        308
 occ. :        2.000      2.000      2.000      2.000      1.759      0.224      0.011      0.006
 eps  :       -12.661    -12.580    -12.239    -11.866    -11.354    -11.249    -11.167    -11.152
 #    :         309        310        311        312        313        314        315        316
 occ. :        0.000      0.000      0.000      0.000      0.000      0.000      0.000      0.000
 eps  :       -11.073     -9.228     -8.973     -8.898     -8.808     -8.474     -8.469     -8.441
                            1  SCC done.
 making H1...
 cpu time for H       2.85451900000000     
 solving ...
 cpu time for diag   0.202629000000000     
 
 gap (eV)           :   0.459
 Koopmans IP (eV)   :  11.558
 Eel (Eh)           :  -466.462282
 T,E(Fermi),NFOD :    300.000   -11.330  0.000299
 T,E(Fermi),NFOD :    300.000   -11.330  0.000299
 Nfod               :  0.0006
 Nfod/Nel           :  0.0000

          eigenvalues
 #    :         293        294        295        296        297        298        299        300
 occ. :        2.000      2.000      2.000      2.000      2.000      2.000      2.000      2.000
 eps  :       -14.069    -14.053    -13.987    -13.983    -13.924    -13.720    -13.657    -13.268
 #    :         301        302        303        304        305        306        307        308
 occ. :        2.000      2.000      2.000      2.000      2.000      0.000      0.000      0.000
 eps  :       -12.841    -12.748    -12.410    -12.054    -11.559    -11.100    -11.039    -11.012
 #    :         309        310        311        312        313        314        315        316
 occ. :        0.000      0.000      0.000      0.000      0.000      0.000      0.000      0.000
 eps  :       -10.915     -9.276     -8.915     -8.876     -8.852     -8.497     -8.383     -8.372
                            2  SCC done.
 
 
 Mulliken/CM5 charges    n(s)   n(p)   n(d)   
    1 C  -0.0530 -0.0927   1.139  2.914  0.000
    2 C  -0.0688 -0.1198   1.133  2.936  0.000
    3 C  -0.0343 -0.0356   1.172  2.862  0.000
    4 C   0.0012  0.0027   1.158  2.841  0.000
    5 C  -0.0471 -0.0339   1.168  2.879  0.000
    6 S   0.0942  0.0564   1.886  3.966  0.054
    7 C  -0.0478 -0.0434   1.188  2.859  0.000
    8 C  -0.0263 -0.1307   1.120  2.906  0.000
    9 C  -0.0875 -0.2386   1.098  2.990  0.000
   10 C  -0.0001  0.0002   1.147  2.853  0.000
   11 CL -0.0487 -0.0498   1.901  5.142  0.005
   12 C   0.0104  0.0121   1.150  2.839  0.000
   13 CL -0.0416 -0.0407   1.902  5.134  0.006
   14 C  -0.0265 -0.0131   1.178  2.849  0.000
   15 C  -0.0281 -0.0295   1.171  2.857  0.000
   16 C  -0.0042 -0.0027   1.158  2.846  0.000
   17 C  -0.0457 -0.0325   1.168  2.877  0.000
   18 S   0.0983  0.0623   1.886  3.962  0.054
   19 C  -0.0476 -0.0431   1.189  2.858  0.000
   20 C  -0.0257 -0.1300   1.120  2.906  0.000
   21 C  -0.0879 -0.2390   1.098  2.990  0.000
   22 C  -0.0018 -0.0016   1.147  2.855  0.000
   23 C   0.0057  0.0065   1.151  2.843  0.000
   24 CL -0.0413 -0.0422   1.902  5.134  0.005
   25 CL -0.0496 -0.0507   1.902  5.143  0.005
   26 C  -0.0249 -0.0115   1.174  2.851  0.000
   27 S   0.0820  0.0454   1.884  3.988  0.046
   28 C  -0.0889 -0.1375   1.137  2.952  0.000
   29 C  -0.0068  0.0032   1.168  2.839  0.000
   30 S   0.0732  0.0396   1.891  3.998  0.038
   31 C  -0.0350 -0.0246   1.169  2.866  0.000
   32 S   0.1172  0.0842   1.888  3.948  0.047
   33 C  -0.0329 -0.0167   1.172  2.861  0.000
   34 C  -0.0415 -0.0255   1.171  2.870  0.000
   35 C  -0.1514 -0.1431   1.217  2.935  0.000
   36 GE  0.3102  0.2392   1.336  2.527 -0.172
   37 C  -0.1082 -0.2046   1.141  2.967  0.000
   38 C  -0.0761 -0.2261   1.086  2.990  0.000
   39 C  -0.1140 -0.2105   1.140  2.974  0.000
   40 C  -0.0778 -0.2276   1.086  2.992  0.000
   41 C  -0.1594 -0.1513   1.217  2.942  0.000
   42 C  -0.0694 -0.1175   1.141  2.929  0.000
   43 C  -0.0781 -0.1260   1.140  2.938  0.000
   44 C  -0.0290 -0.0186   1.170  2.859  0.000
   45 S   0.1130  0.0801   1.889  3.952  0.047
   46 C  -0.0345 -0.0241   1.170  2.864  0.000
   47 S   0.1119  0.0790   1.889  3.953  0.047
   48 C  -0.0387 -0.0226   1.171  2.868  0.000
   49 C  -0.0405 -0.0245   1.172  2.869  0.000
   50 C  -0.1575 -0.1493   1.218  2.940  0.000
   51 GE  0.3139  0.2429   1.334  2.525 -0.173
   52 C  -0.1097 -0.2061   1.139  2.971  0.000
   53 C  -0.0783 -0.2281   1.086  2.992  0.000
   54 C  -0.1048 -0.2012   1.140  2.965  0.000
   55 C  -0.0768 -0.2268   1.086  2.991  0.000
   56 C  -0.1538 -0.1455   1.217  2.937  0.000
   57 C  -0.0752 -0.1231   1.140  2.935  0.000
   58 C  -0.0769 -0.1249   1.140  2.937  0.000
   59 C  -0.0347 -0.0244   1.171  2.864  0.000
   60 S   0.1102  0.0773   1.889  3.954  0.047
   61 C  -0.0297 -0.0193   1.171  2.859  0.000
   62 S   0.1115  0.0786   1.889  3.953  0.047
   63 C  -0.0436 -0.0276   1.172  2.872  0.000
   64 C  -0.0320 -0.0159   1.172  2.860  0.000
   65 C  -0.1564 -0.1482   1.216  2.940  0.000
   66 GE  0.3103  0.2393   1.336  2.527 -0.172
   67 C  -0.1127 -0.2092   1.140  2.973  0.000
   68 C  -0.0775 -0.2273   1.086  2.991  0.000
   69 C  -0.1099 -0.2064   1.141  2.969  0.000
   70 C  -0.0761 -0.2262   1.086  2.990  0.000
   71 C  -0.1556 -0.1474   1.218  2.937  0.000
   72 C  -0.0795 -0.1275   1.140  2.939  0.000
   73 C  -0.0687 -0.1166   1.140  2.928  0.000
   74 C  -0.0349 -0.0245   1.168  2.866  0.000
   75 S   0.1182  0.0852   1.888  3.947  0.047
   76 C  -0.0082  0.0019   1.168  2.840  0.000
   77 C  -0.0890 -0.1375   1.138  2.951  0.000
   78 C  -0.0291 -0.0305   1.170  2.859  0.000
   79 C  -0.0060 -0.0045   1.157  2.848  0.000
   80 C  -0.0453 -0.0321   1.168  2.877  0.000
   81 S   0.0983  0.0625   1.886  3.962  0.054
   82 C  -0.0478 -0.0433   1.189  2.858  0.000
   83 C  -0.0254 -0.1298   1.120  2.905  0.000
   84 C  -0.0880 -0.2391   1.097  2.991  0.000
   85 C  -0.0018 -0.0015   1.147  2.855  0.000
   86 CL -0.0497 -0.0509   1.902  5.143  0.005
   87 C   0.0056  0.0064   1.151  2.843  0.000
   88 CL -0.0420 -0.0429   1.902  5.135  0.005
   89 C  -0.0220 -0.0085   1.176  2.846  0.000
   90 C  -0.0292 -0.0306   1.171  2.858  0.000
   91 C   0.0003  0.0019   1.157  2.843  0.000
   92 C  -0.0469 -0.0337   1.168  2.879  0.000
   93 S   0.0986  0.0625   1.886  3.962  0.054
   94 C  -0.0455 -0.0411   1.189  2.856  0.000
   95 C  -0.0262 -0.1306   1.120  2.906  0.000
   96 C  -0.0876 -0.2387   1.098  2.990  0.000
   97 C  -0.0013 -0.0011   1.147  2.855  0.000
   98 C   0.0076  0.0084   1.151  2.842  0.000
   99 CL -0.0422 -0.0430   1.902  5.135  0.005
  100 CL -0.0495 -0.0507   1.902  5.143  0.005
  101 C  -0.0229 -0.0094   1.177  2.846  0.000
  102 S   0.0731  0.0405   1.891  3.998  0.038
  103 C  -0.0793 -0.1269   1.137  2.942  0.000
  104 C  -0.0105 -0.0006   1.168  2.842  0.000
  105 S   0.0637  0.0293   1.891  4.007  0.038
  106 C  -0.0304 -0.0201   1.167  2.864  0.000
  107 S   0.1079  0.0731   1.888  3.957  0.047
  108 C  -0.0348 -0.0187   1.172  2.863  0.000
  109 C  -0.0419 -0.0260   1.169  2.873  0.000
  110 C  -0.1610 -0.1528   1.218  2.943  0.000
  111 GE  0.3047  0.2338   1.336  2.531 -0.172
  112 C  -0.1184 -0.2149   1.141  2.977  0.000
  113 C  -0.0772 -0.2270   1.086  2.991  0.000
  114 C  -0.1141 -0.2106   1.143  2.971  0.000
  115 C  -0.0760 -0.2261   1.086  2.990  0.000
  116 C  -0.1564 -0.1482   1.216  2.940  0.000
  117 C  -0.0677 -0.1148   1.141  2.927  0.000
  118 C  -0.0673 -0.1178   1.135  2.933  0.000
  119 C  -0.0734 -0.1127   1.140  2.934  0.000
  120 S   0.1200  0.0830   1.881  3.944  0.055
  121 H   0.0591  0.1170   0.941  0.000  0.000
  122 H   0.0516  0.1113   0.948  0.000  0.000
  123 H   0.0439  0.1003   0.956  0.000  0.000
  124 H   0.0430  0.1002   0.957  0.000  0.000
  125 H   0.0303  0.0831   0.970  0.000  0.000
  126 H   0.0354  0.0871   0.965  0.000  0.000
  127 H   0.0302  0.0832   0.970  0.000  0.000
  128 H   0.0447  0.1012   0.955  0.000  0.000
  129 H   0.0431  0.1001   0.957  0.000  0.000
  130 H   0.0293  0.0823   0.971  0.000  0.000
  131 H   0.0356  0.0874   0.964  0.000  0.000
  132 H   0.0302  0.0831   0.970  0.000  0.000
  133 H   0.0520  0.1133   0.948  0.000  0.000
  134 H   0.0398  0.0958   0.960  0.000  0.000
  135 H   0.0403  0.0967   0.960  0.000  0.000
  136 H   0.0405  0.0920   0.960  0.000  0.000
  137 H   0.0335  0.0866   0.966  0.000  0.000
  138 H   0.0314  0.0841   0.969  0.000  0.000
  139 H   0.0388  0.0950   0.961  0.000  0.000
  140 H   0.0385  0.0945   0.962  0.000  0.000
  141 H   0.0329  0.0862   0.967  0.000  0.000
  142 H   0.0376  0.0891   0.962  0.000  0.000
  143 H   0.0328  0.0860   0.967  0.000  0.000
  144 H   0.0505  0.1088   0.949  0.000  0.000
  145 H   0.0502  0.1084   0.950  0.000  0.000
  146 H   0.0378  0.0940   0.962  0.000  0.000
  147 H   0.0375  0.0936   0.962  0.000  0.000
  148 H   0.0325  0.0857   0.967  0.000  0.000
  149 H   0.0327  0.0859   0.967  0.000  0.000
  150 H   0.0373  0.0887   0.963  0.000  0.000
  151 H   0.0388  0.0952   0.961  0.000  0.000
  152 H   0.0387  0.0947   0.961  0.000  0.000
  153 H   0.0313  0.0840   0.969  0.000  0.000
  154 H   0.0398  0.0913   0.960  0.000  0.000
  155 H   0.0329  0.0859   0.967  0.000  0.000
  156 H   0.0501  0.1082   0.950  0.000  0.000
  157 H   0.0498  0.1080   0.950  0.000  0.000
  158 H   0.0387  0.0948   0.961  0.000  0.000
  159 H   0.0390  0.0952   0.961  0.000  0.000
  160 H   0.0330  0.0862   0.967  0.000  0.000
  161 H   0.0330  0.0862   0.967  0.000  0.000
  162 H   0.0380  0.0895   0.962  0.000  0.000
  163 H   0.0397  0.0958   0.960  0.000  0.000
  164 H   0.0399  0.0962   0.960  0.000  0.000
  165 H   0.0402  0.0917   0.960  0.000  0.000
  166 H   0.0333  0.0862   0.967  0.000  0.000
  167 H   0.0317  0.0844   0.968  0.000  0.000
  168 H   0.0501  0.1083   0.950  0.000  0.000
  169 H   0.0509  0.1092   0.949  0.000  0.000
  170 H   0.0522  0.1134   0.948  0.000  0.000
  171 H   0.0445  0.1010   0.956  0.000  0.000
  172 H   0.0433  0.1002   0.957  0.000  0.000
  173 H   0.0296  0.0826   0.970  0.000  0.000
  174 H   0.0357  0.0874   0.964  0.000  0.000
  175 H   0.0301  0.0830   0.970  0.000  0.000
  176 H   0.0426  0.0997   0.957  0.000  0.000
  177 H   0.0446  0.1010   0.955  0.000  0.000
  178 H   0.0353  0.0871   0.965  0.000  0.000
  179 H   0.0294  0.0823   0.971  0.000  0.000
  180 H   0.0311  0.0842   0.969  0.000  0.000
  181 H   0.0527  0.1147   0.947  0.000  0.000
  182 H   0.0393  0.0955   0.961  0.000  0.000
  183 H   0.0391  0.0952   0.961  0.000  0.000
  184 H   0.0330  0.0862   0.967  0.000  0.000
  185 H   0.0376  0.0891   0.962  0.000  0.000
  186 H   0.0333  0.0865   0.967  0.000  0.000
  187 H   0.0405  0.0966   0.959  0.000  0.000
  188 H   0.0412  0.0975   0.959  0.000  0.000
  189 H   0.0342  0.0872   0.966  0.000  0.000
  190 H   0.0401  0.0916   0.960  0.000  0.000
  191 H   0.0317  0.0845   0.968  0.000  0.000
  192 H   0.0503  0.1094   0.950  0.000  0.000
  193 H   0.0481  0.1050   0.952  0.000  0.000
  194 H   0.0561  0.1139   0.944  0.000  0.000
 Hirshfeld charges for QMDFF written to <charges>
 
 Loewdin charges    n(s)   n(p)   n(d)
    1 C  -0.0224   1.082  2.941  0.000
    2 C  -0.0665   1.082  2.985  0.000
    3 C  -0.0326   1.131  2.901  0.000
    4 C  -0.0005   1.117  2.883  0.000
    5 C  -0.0302   1.125  2.905  0.000
    6 S   0.0572   1.872  3.962  0.109
    7 C  -0.0283   1.146  2.882  0.000
    8 C  -0.0194   1.058  2.962  0.000
    9 C  -0.0891   1.025  3.064  0.000
   10 C   0.0129   1.107  2.881  0.000
   11 CL -0.0585   1.891  5.139  0.028
   12 C   0.0231   1.111  2.866  0.000
   13 CL -0.0513   1.892  5.132  0.028
   14 C  -0.0059   1.134  2.872  0.000
   15 C  -0.0256   1.129  2.896  0.000
   16 C  -0.0059   1.117  2.888  0.000
   17 C  -0.0289   1.126  2.903  0.000
   18 S   0.0616   1.872  3.958  0.108
   19 C  -0.0282   1.147  2.881  0.000
   20 C  -0.0187   1.057  2.961  0.000
   21 C  -0.0896   1.025  3.065  0.000
   22 C   0.0112   1.106  2.882  0.000
   23 C   0.0188   1.111  2.870  0.000
   24 CL -0.0513   1.892  5.132  0.028
   25 CL -0.0593   1.892  5.140  0.028
   26 C  -0.0041   1.130  2.874  0.000
   27 S   0.0450   1.869  3.985  0.101
   28 C  -0.0901   1.088  3.002  0.000
   29 C   0.0175   1.122  2.861  0.000
   30 S   0.0357   1.878  3.997  0.090
   31 C  -0.0129   1.124  2.889  0.000
   32 S   0.0793   1.875  3.945  0.101
   33 C  -0.0046   1.127  2.878  0.000
   34 C  -0.0135   1.126  2.887  0.000
   35 C  -0.0835   1.150  2.934  0.000
   36 GE  0.0118   1.323  2.584  0.081
   37 C  -0.0415   1.058  2.984  0.000
   38 C  -0.0743   1.013  3.061  0.000
   39 C  -0.0475   1.057  2.991  0.000
   40 C  -0.0760   1.013  3.063  0.000
   41 C  -0.0916   1.150  2.941  0.000
   42 C  -0.0661   1.090  2.976  0.000
   43 C  -0.0751   1.089  2.986  0.000
   44 C  -0.0063   1.124  2.882  0.000
   45 S   0.0751   1.875  3.950  0.100
   46 C  -0.0116   1.125  2.887  0.000
   47 S   0.0739   1.875  3.951  0.100
   48 C  -0.0105   1.126  2.884  0.000
   49 C  -0.0123   1.127  2.886  0.000
   50 C  -0.0895   1.151  2.939  0.000
   51 GE  0.0152   1.322  2.582  0.081
   52 C  -0.0437   1.056  2.988  0.000
   53 C  -0.0765   1.013  3.063  0.000
   54 C  -0.0388   1.057  2.982  0.000
   55 C  -0.0751   1.013  3.062  0.000
   56 C  -0.0859   1.150  2.936  0.000
   57 C  -0.0722   1.089  2.983  0.000
   58 C  -0.0739   1.090  2.984  0.000
   59 C  -0.0119   1.126  2.886  0.000
   60 S   0.0722   1.875  3.952  0.100
   61 C  -0.0070   1.125  2.882  0.000
   62 S   0.0735   1.875  3.951  0.100
   63 C  -0.0155   1.127  2.889  0.000
   64 C  -0.0038   1.127  2.877  0.000
   65 C  -0.0886   1.149  2.939  0.000
   66 GE  0.0119   1.323  2.584  0.081
   67 C  -0.0462   1.056  2.990  0.000
   68 C  -0.0757   1.013  3.062  0.000
   69 C  -0.0432   1.058  2.985  0.000
   70 C  -0.0744   1.013  3.062  0.000
   71 C  -0.0877   1.151  2.936  0.000
   72 C  -0.0766   1.090  2.987  0.000
   73 C  -0.0653   1.089  2.976  0.000
   74 C  -0.0128   1.123  2.889  0.000
   75 S   0.0803   1.875  3.945  0.100
   76 C   0.0160   1.122  2.862  0.000
   77 C  -0.0900   1.088  3.002  0.000
   78 C  -0.0266   1.129  2.898  0.000
   79 C  -0.0079   1.117  2.891  0.000
   80 C  -0.0285   1.126  2.902  0.000
   81 S   0.0617   1.873  3.958  0.108
   82 C  -0.0285   1.147  2.881  0.000
   83 C  -0.0184   1.058  2.961  0.000
   84 C  -0.0897   1.025  3.065  0.000
   85 C   0.0113   1.106  2.882  0.000
   86 CL -0.0594   1.892  5.140  0.028
   87 C   0.0187   1.111  2.870  0.000
   88 CL -0.0520   1.892  5.132  0.028
   89 C  -0.0012   1.132  2.870  0.000
   90 C  -0.0265   1.129  2.897  0.000
   91 C  -0.0019   1.116  2.886  0.000
   92 C  -0.0302   1.126  2.905  0.000
   93 S   0.0620   1.873  3.958  0.108
   94 C  -0.0263   1.147  2.879  0.000
   95 C  -0.0192   1.058  2.962  0.000
   96 C  -0.0892   1.025  3.064  0.000
   97 C   0.0117   1.106  2.882  0.000
   98 C   0.0206   1.111  2.869  0.000
   99 CL -0.0521   1.892  5.132  0.028
  100 CL -0.0593   1.892  5.140  0.028
  101 C  -0.0023   1.133  2.869  0.000
  102 S   0.0357   1.878  3.996  0.090
  103 C  -0.0807   1.087  2.993  0.000
  104 C   0.0144   1.122  2.864  0.000
  105 S   0.0262   1.878  4.005  0.091
  106 C  -0.0083   1.122  2.887  0.000
  107 S   0.0700   1.874  3.954  0.101
  108 C  -0.0059   1.127  2.879  0.000
  109 C  -0.0138   1.124  2.890  0.000
  110 C  -0.0942   1.152  2.942  0.000
  111 GE  0.0070   1.324  2.588  0.081
  112 C  -0.0514   1.058  2.994  0.000
  113 C  -0.0754   1.013  3.062  0.000
  114 C  -0.0468   1.059  2.988  0.000
  115 C  -0.0743   1.013  3.061  0.000
  116 C  -0.0892   1.150  2.939  0.000
  117 C  -0.0644   1.090  2.974  0.000
  118 C  -0.0615   1.083  2.979  0.000
  119 C  -0.0449   1.083  2.961  0.000
  120 S   0.0830   1.866  3.939  0.111
  121 H   0.0487   0.951  0.000  0.000
  122 H   0.0439   0.956  0.000  0.000
  123 H   0.0395   0.960  0.000  0.000
  124 H   0.0387   0.961  0.000  0.000
  125 H   0.0298   0.970  0.000  0.000
  126 H   0.0350   0.965  0.000  0.000
  127 H   0.0299   0.970  0.000  0.000
  128 H   0.0402   0.960  0.000  0.000
  129 H   0.0388   0.961  0.000  0.000
  130 H   0.0291   0.971  0.000  0.000
  131 H   0.0352   0.965  0.000  0.000
  132 H   0.0299   0.970  0.000  0.000
  133 H   0.0443   0.956  0.000  0.000
  134 H   0.0419   0.958  0.000  0.000
  135 H   0.0424   0.958  0.000  0.000
  136 H   0.0398   0.960  0.000  0.000
  137 H   0.0337   0.966  0.000  0.000
  138 H   0.0320   0.968  0.000  0.000
  139 H   0.0411   0.959  0.000  0.000
  140 H   0.0407   0.959  0.000  0.000
  141 H   0.0332   0.967  0.000  0.000
  142 H   0.0372   0.963  0.000  0.000
  143 H   0.0331   0.967  0.000  0.000
  144 H   0.0431   0.957  0.000  0.000
  145 H   0.0427   0.957  0.000  0.000
  146 H   0.0403   0.960  0.000  0.000
  147 H   0.0400   0.960  0.000  0.000
  148 H   0.0328   0.967  0.000  0.000
  149 H   0.0330   0.967  0.000  0.000
  150 H   0.0369   0.963  0.000  0.000
  151 H   0.0411   0.959  0.000  0.000
  152 H   0.0409   0.959  0.000  0.000
  153 H   0.0318   0.968  0.000  0.000
  154 H   0.0392   0.961  0.000  0.000
  155 H   0.0332   0.967  0.000  0.000
  156 H   0.0426   0.957  0.000  0.000
  157 H   0.0425   0.957  0.000  0.000
  158 H   0.0410   0.959  0.000  0.000
  159 H   0.0413   0.959  0.000  0.000
  160 H   0.0332   0.967  0.000  0.000
  161 H   0.0332   0.967  0.000  0.000
  162 H   0.0375   0.963  0.000  0.000
  163 H   0.0419   0.958  0.000  0.000
  164 H   0.0420   0.958  0.000  0.000
  165 H   0.0396   0.960  0.000  0.000
  166 H   0.0335   0.967  0.000  0.000
  167 H   0.0322   0.968  0.000  0.000
  168 H   0.0428   0.957  0.000  0.000
  169 H   0.0433   0.957  0.000  0.000
  170 H   0.0445   0.956  0.000  0.000
  171 H   0.0399   0.960  0.000  0.000
  172 H   0.0390   0.961  0.000  0.000
  173 H   0.0293   0.971  0.000  0.000
  174 H   0.0352   0.965  0.000  0.000
  175 H   0.0298   0.970  0.000  0.000
  176 H   0.0384   0.962  0.000  0.000
  177 H   0.0401   0.960  0.000  0.000
  178 H   0.0349   0.965  0.000  0.000
  179 H   0.0292   0.971  0.000  0.000
  180 H   0.0307   0.969  0.000  0.000
  181 H   0.0447   0.955  0.000  0.000
  182 H   0.0416   0.958  0.000  0.000
  183 H   0.0413   0.959  0.000  0.000
  184 H   0.0332   0.967  0.000  0.000
  185 H   0.0372   0.963  0.000  0.000
  186 H   0.0334   0.967  0.000  0.000
  187 H   0.0425   0.958  0.000  0.000
  188 H   0.0431   0.957  0.000  0.000
  189 H   0.0343   0.966  0.000  0.000
  190 H   0.0395   0.961  0.000  0.000
  191 H   0.0322   0.968  0.000  0.000
  192 H   0.0427   0.957  0.000  0.000
  193 H   0.0408   0.959  0.000  0.000
  194 H   0.0464   0.954  0.000  0.000
 
 Wiberg/Mayer (AO) data. WBOs > 0.1 written file <wbo>
 largest (>0.05) Wiberg bond orders for each atom
           total WBO             WBO to atom ...
     1  C   3.936    C    2 1.712    S   27 1.129    H  121 0.950
     2  C   3.958    C    1 1.712    C    3 1.160    H  122 0.935    S   27 0.086
     3  C   3.933    C    4 1.267    C   26 1.249    C    2 1.160    C   15 0.053
     4  C   3.941    C   14 1.363    C    3 1.267    C    5 1.022    C   16 0.086
     5  C   3.932    C   12 1.536    S    6 1.104    C    4 1.022    C    7 0.105    CL  13 0.056
     6  S   2.551    C    7 1.125    C    5 1.104    C   12 0.073    C   10 0.073
     7  C   3.921    C   10 1.561    S    6 1.125    C    8 0.997    C    5 0.105    CL  11 0.055
     8  C   3.968    C    7 0.997    C    9 0.985    H  123 0.964    H  124 0.962
     9  C   3.982    C    8 0.985    H  125 0.984    H  127 0.984    H  126 0.978
    10  C   3.929    C    7 1.561    C   12 1.178    CL  11 1.005    S    6 0.073
    11  CL  1.169    C   10 1.005    C    7 0.055
    12  C   3.925    C    5 1.536    C   10 1.178    CL  13 1.010    S    6 0.073
    13  CL  1.172    C   12 1.010    C    5 0.056
    14  C   3.930    C    4 1.363    C   15 1.228    S   30 1.077    C   26 0.055
    15  C   3.947    C   16 1.261    C   14 1.228    C   28 1.199    C    3 0.053
    16  C   3.920    C   26 1.349    C   15 1.261    C   17 1.030    C    4 0.086
    17  C   3.933    C   23 1.529    S   18 1.105    C   16 1.030    C   19 0.104    CL  24 0.055
    18  S   2.548    C   19 1.127    C   17 1.105    C   23 0.073    C   22 0.072
    19  C   3.918    C   22 1.558    S   18 1.127    C   20 0.997    C   17 0.104    CL  25 0.054
    20  C   3.968    C   19 0.997    C   21 0.985    H  128 0.965    H  129 0.961
    21  C   3.982    C   20 0.985    H  130 0.984    H  132 0.984    H  131 0.978
    22  C   3.929    C   19 1.558    C   23 1.182    CL  25 1.004    S   18 0.072
    23  C   3.925    C   17 1.529    C   22 1.182    CL  24 1.008    S   18 0.073
    24  CL  1.173    C   23 1.008    C   17 0.055
    25  CL  1.167    C   22 1.004    C   19 0.054
    26  C   3.940    C   16 1.349    C    3 1.249    S   27 1.081    C   14 0.055
    27  S   2.479    C    1 1.129    C   26 1.081    C    2 0.086
    28  C   3.930    C   29 1.547    C   15 1.199    H  133 0.935    S   30 0.067
    29  C   3.925    C   28 1.547    C   31 1.138    S   30 1.062
    30  S   2.424    C   14 1.077    C   29 1.062    C   28 0.067
    31  C   3.907    C   42 1.447    C   29 1.138    S   32 1.108    C   33 0.089
    32  S   2.537    C   33 1.130    C   31 1.108    C   41 0.064    C   42 0.062
    33  C   3.926    C   41 1.427    C   34 1.148    S   32 1.130    C   31 0.089
    34  C   3.916    C   35 1.431    C   33 1.148    S   45 1.122    C   44 0.087
    35  C   3.903    C   34 1.431    C   43 1.352    GE  36 0.848    S   45 0.065
    36  GE  3.499    C   39 0.860    C   37 0.857    C   35 0.848    C   41 0.848
    37  C   3.950    C   38 1.028    H  135 0.981    H  134 0.978    GE  36 0.857
    38  C   3.982    C   37 1.028    H  138 0.986    H  137 0.985    H  136 0.968
    39  C   3.957    C   40 1.029    H  139 0.978    H  140 0.978    GE  36 0.860
    40  C   3.985    C   39 1.029    H  143 0.985    H  141 0.985    H  142 0.969
    41  C   3.903    C   33 1.427    C   42 1.353    GE  36 0.848    S   32 0.064
    42  C   3.946    C   31 1.447    C   41 1.353    H  144 0.938    S   32 0.062
    43  C   3.945    C   44 1.440    C   35 1.352    H  145 0.938    S   45 0.058
    44  C   3.907    C   43 1.440    C   46 1.149    S   45 1.107    C   34 0.087
    45  S   2.529    C   34 1.122    C   44 1.107    C   35 0.065    C   43 0.058
    46  C   3.904    C   57 1.440    C   44 1.149    S   47 1.105    C   48 0.086
    47  S   2.527    C   48 1.123    C   46 1.105    C   56 0.064    C   57 0.058
    48  C   3.917    C   56 1.428    C   49 1.151    S   47 1.123    C   46 0.086
    49  C   3.916    C   50 1.428    C   48 1.151    S   60 1.123    C   59 0.086
    50  C   3.903    C   49 1.428    C   58 1.354    GE  51 0.847    S   60 0.064
    51  GE  3.499    C   52 0.860    C   54 0.857    C   56 0.848    C   50 0.847
    52  C   3.958    C   53 1.029    H  146 0.978    H  147 0.978    GE  51 0.860
    53  C   3.985    C   52 1.029    H  149 0.985    H  148 0.985    H  150 0.969
    54  C   3.950    C   55 1.028    H  151 0.981    H  152 0.978    GE  51 0.857
    55  C   3.982    C   54 1.028    H  153 0.986    H  155 0.985    H  154 0.968
    56  C   3.899    C   48 1.428    C   57 1.353    GE  51 0.848    S   47 0.064
    57  C   3.946    C   46 1.440    C   56 1.353    H  156 0.938    S   47 0.058
    58  C   3.946    C   59 1.438    C   50 1.354    H  157 0.938    S   60 0.058
    59  C   3.905    C   58 1.438    C   61 1.152    S   60 1.105    C   49 0.086
    60  S   2.526    C   49 1.123    C   59 1.105    C   50 0.064    C   58 0.058
    61  C   3.907    C   72 1.437    C   59 1.152    S   62 1.107    C   63 0.086
    62  S   2.528    C   63 1.122    C   61 1.107    C   71 0.065    C   72 0.057
    63  C   3.916    C   71 1.430    C   64 1.149    S   62 1.122    C   61 0.086
    64  C   3.924    C   65 1.426    C   63 1.149    S   75 1.130    C   74 0.088
    65  C   3.899    C   64 1.426    C   73 1.353    GE  66 0.849    S   75 0.064
    66  GE  3.499    C   67 0.860    C   69 0.856    C   65 0.849    C   71 0.846
    67  C   3.957    C   68 1.029    H  158 0.978    H  159 0.978    GE  66 0.860
    68  C   3.985    C   67 1.029    H  160 0.985    H  161 0.985    H  162 0.969
    69  C   3.950    C   70 1.028    H  164 0.981    H  163 0.978    GE  66 0.856
    70  C   3.982    C   69 1.028    H  167 0.986    H  166 0.985    H  165 0.968
    71  C   3.905    C   63 1.430    C   72 1.354    GE  66 0.846    S   62 0.065
    72  C   3.945    C   61 1.437    C   71 1.354    H  168 0.938    S   62 0.057
    73  C   3.944    C   74 1.446    C   65 1.353    H  169 0.938    S   75 0.061
    74  C   3.906    C   73 1.446    C   76 1.140    S   75 1.107    C   64 0.088
    75  S   2.534    C   64 1.130    C   74 1.107    C   65 0.064    C   73 0.061
    76  C   3.918    C   77 1.542    C   74 1.140    S  102 1.061
    77  C   3.928    C   76 1.542    C   78 1.204    H  170 0.935    S  102 0.066
    78  C   3.934    C   79 1.248    C  101 1.230    C   77 1.204
    79  C   3.919    C   89 1.365    C   78 1.248    C   80 1.030    C   91 0.081
    80  C   3.932    C   87 1.530    S   81 1.104    C   79 1.030    C   82 0.104    CL  88 0.055
    81  S   2.548    C   82 1.126    C   80 1.104    C   87 0.073    C   85 0.072
    82  C   3.918    C   85 1.558    S   81 1.126    C   83 0.997    C   80 0.104    CL  86 0.054
    83  C   3.968    C   82 0.997    C   84 0.985    H  171 0.965    H  172 0.961
    84  C   3.982    C   83 0.985    H  173 0.984    H  175 0.984    H  174 0.978
    85  C   3.929    C   82 1.558    C   87 1.182    CL  86 1.004    S   81 0.072
    86  CL  1.167    C   85 1.004    C   82 0.054
    87  C   3.924    C   80 1.530    C   85 1.182    CL  88 1.008    S   81 0.073
    88  CL  1.172    C   87 1.008    C   80 0.055
    89  C   3.930    C   79 1.365    C   90 1.230    S  105 1.074    C  101 0.053
    90  C   3.932    C   91 1.251    C   89 1.230    C  103 1.200
    91  C   3.921    C  101 1.363    C   90 1.251    C   92 1.030    C   79 0.081
    92  C   3.932    C   98 1.530    S   93 1.104    C   91 1.030    C   94 0.104    CL  99 0.055
    93  S   2.547    C   94 1.126    C   92 1.104    C   98 0.073    C   97 0.072
    94  C   3.918    C   97 1.558    S   93 1.126    C   95 0.997    C   92 0.104    CL 100 0.054
    95  C   3.968    C   94 0.997    C   96 0.985    H  177 0.964    H  176 0.962
    96  C   3.980    C   95 0.985    H  179 0.984    H  180 0.984    H  178 0.978
    97  C   3.929    C   94 1.558    C   98 1.181    CL 100 1.004    S   93 0.072
    98  C   3.924    C   92 1.530    C   97 1.181    CL  99 1.008    S   93 0.073
    99  CL  1.173    C   98 1.008    C   92 0.055
   100  CL  1.167    C   97 1.004    C   94 0.054
   101  C   3.928    C   91 1.363    C   78 1.230    S  102 1.075    C   89 0.053
   102  S   2.421    C  101 1.075    C   76 1.061    C   77 0.066
   103  C   3.934    C  104 1.551    C   90 1.200    H  181 0.934    S  105 0.066    C  117 0.063
   104  C   3.917    C  103 1.551    C  106 1.139    S  105 1.053
   105  S   2.419    C   89 1.074    C  104 1.053    C  103 0.066
   106  C   3.920    C  117 1.461    C  104 1.139    S  107 1.101    C  108 0.093
   107  S   2.541    C  108 1.132    C  106 1.101    C  116 0.067    C  117 0.063
   108  C   3.926    C  116 1.451    S  107 1.132    C  109 1.123    C  106 0.093
   109  C   3.945    C  110 1.481    S  120 1.131    C  108 1.123    C  119 0.107
   110  C   3.903    C  109 1.481    C  118 1.287    GE 111 0.852    S  120 0.076
   111  GE  3.508    C  112 0.860    C  114 0.857    C  110 0.852    C  116 0.848
   112  C   3.957    C  113 1.029    H  182 0.978    H  183 0.978    GE 111 0.860
   113  C   3.985    C  112 1.029    H  184 0.985    H  186 0.985    H  185 0.969
   114  C   3.950    C  115 1.028    H  188 0.981    H  187 0.978    GE 111 0.857
   115  C   3.982    C  114 1.028    H  191 0.986    H  189 0.985    H  190 0.968
   116  C   3.921    C  108 1.451    C  117 1.338    GE 111 0.848    S  107 0.067
   117  C   3.944    C  106 1.461    C  116 1.338    H  192 0.937    C  103 0.063    S  107 0.063
   118  C   3.966    C  119 1.606    C  110 1.287    H  193 0.939    S  120 0.075
   119  C   3.926    C  118 1.606    S  120 1.184    H  194 0.949    C  109 0.107
   120  S   2.590    C  119 1.184    C  109 1.131    C  110 0.076    C  118 0.075
   121  H   0.994    C    1 0.950
   122  H   0.995    C    2 0.935
   123  H   0.997    C    8 0.964
   124  H   0.997    C    8 0.962
   125  H   0.999    C    9 0.984
   126  H   0.996    C    9 0.978
   127  H   0.999    C    9 0.984
   128  H   0.996    C   20 0.965
   129  H   0.997    C   20 0.961
   130  H   0.999    C   21 0.984
   131  H   0.996    C   21 0.978
   132  H   0.999    C   21 0.984
   133  H   0.995    C   28 0.935
   134  H   0.997    C   37 0.978
   135  H   0.997    C   37 0.981
   136  H   0.990    C   38 0.968
   137  H   0.999    C   38 0.985
   138  H   0.999    C   38 0.986
   139  H   0.997    C   39 0.978
   140  H   0.997    C   39 0.978
   141  H   0.999    C   40 0.985
   142  H   0.990    C   40 0.969
   143  H   0.999    C   40 0.985
   144  H   0.996    C   42 0.938
   145  H   0.996    C   43 0.938
   146  H   0.997    C   52 0.978
   147  H   0.997    C   52 0.978
   148  H   0.999    C   53 0.985
   149  H   0.999    C   53 0.985
   150  H   0.990    C   53 0.969
   151  H   0.997    C   54 0.981
   152  H   0.997    C   54 0.978
   153  H   0.999    C   55 0.986
   154  H   0.991    C   55 0.968
   155  H   0.999    C   55 0.985
   156  H   0.996    C   57 0.938
   157  H   0.996    C   58 0.938
   158  H   0.997    C   67 0.978
   159  H   0.997    C   67 0.978
   160  H   0.999    C   68 0.985
   161  H   0.999    C   68 0.985
   162  H   0.990    C   68 0.969
   163  H   0.997    C   69 0.978
   164  H   0.997    C   69 0.981
   165  H   0.991    C   70 0.968
   166  H   0.999    C   70 0.985
   167  H   0.999    C   70 0.986
   168  H   0.996    C   72 0.938
   169  H   0.996    C   73 0.938
   170  H   0.995    C   77 0.935
   171  H   0.997    C   83 0.965
   172  H   0.997    C   83 0.961
   173  H   0.999    C   84 0.984
   174  H   0.996    C   84 0.978
   175  H   0.999    C   84 0.984
   176  H   0.997    C   95 0.962
   177  H   0.997    C   95 0.964
   178  H   0.996    C   96 0.978
   179  H   0.999    C   96 0.984
   180  H   0.999    C   96 0.984
   181  H   0.995    C  103 0.934
   182  H   0.997    C  112 0.978
   183  H   0.997    C  112 0.978
   184  H   0.999    C  113 0.985
   185  H   0.990    C  113 0.969
   186  H   0.999    C  113 0.985
   187  H   0.997    C  114 0.978
   188  H   0.997    C  114 0.981
   189  H   0.999    C  115 0.985
   190  H   0.990    C  115 0.968
   191  H   0.999    C  115 0.986
   192  H   0.996    C  117 0.937
   193  H   0.996    C  118 0.939
   194  H   0.994    C  119 0.949
 
 --------------------------------------------
          xTB calculation for sTDA...
 --------------------------------------------
 
 reading parameter file /ihome/ghutchison/blp62/xtb4stda/.param_stda2.xtb
 
      method parameters     
 k(s)        :  1.6000
 k(p)        :  2.1800
 k(d)        :  1.9500
 k(f)        :  2.0000
 k(R-V)      :  2.2750
 k(R-R)      :  1.7650
 Tscal       :  0.2580
 Gscal       :  1.0000
 fpol        :  1.0000
 Zcnf        :  0.3430
 Zqf         :  0.0000
 kcn         :  2.7000
 Ryd Hsplit  :  0.7000
 lshift(virt):  3.1000
 lshift(OS)  :  0.2000
 wllscaling  :  2.6000
 
 mowrcut     : 3.000
 
  Z AO/shell   Hii/eV     exponent
  1     Sun Feb 14 09:53:25 CET 2016    EN: 2.327 GAM: 0.473  GM3: 0.0000
     1s    -14.339618    1.220000
     2sp    -3.348946    0.600000
  6     Sun Feb 14 09:53:25 CET 2016    EN: 2.731 GAM: 0.422  GM3: 0.0000
     2s    -22.009312    1.565095
     2p    -13.020408    1.596905
     3sp    -3.914040    0.824500
 16     Sun Feb 21 16:35:57 CET 2016    EN: 1.915 GAM: 0.200  GM3: 0.0000
     3s    -17.898811    2.619580
     3p    -15.317401    1.798798
     4sp    -4.455139    0.843200
 17     Sun Feb 21 16:32:04 CET 2016    EN: 2.375 GAM: 0.300  GM3: 0.0000
     3s    -29.486180    2.293696
     3p    -18.696427    2.332982
     4sp    -5.680125    0.918900
 32     Sun Sep 18 13:35:37 CEST 2016   EN: 0.689 GAM: 0.339  GM3: 0.0000
     4s    -16.761771    1.435626
     4p    -10.938012    1.971698
     5sp    -4.085576    0.676600
 
 Nbf   :         1330
 T(el) :     0.0
 calculating S/T integrals ...
 cpu time for ints    2.11899500000000     
 Nao   :         1330
 making H0...
 making H1...
 cpu time for H      3.663599999999967E-002
 solving ...
 cpu time for diag   0.823855999999999     
 
 gap (eV)           :   4.915
 Koopmans IP (eV)   :  12.618
 Eel (Eh)           :  -499.103429

          eigenvalues
 #    :         293        294        295        296        297        298        299        300
 occ. :        2.000      2.000      2.000      2.000      2.000      2.000      2.000      2.000
 eps  :       -15.363    -15.119    -15.067    -15.021    -14.900    -14.833    -14.684    -14.128
 #    :         301        302        303        304        305        306        307        308
 occ. :        2.000      2.000      2.000      2.000      2.000      0.000      0.000      0.000
 eps  :       -13.882    -13.766    -13.396    -13.102    -12.619     -7.704     -7.502     -7.140
 #    :         309        310        311        312        313        314        315        316
 occ. :        0.000      0.000      0.000      0.000      0.000      0.000      0.000      0.000
 eps  :        -6.781     -6.525     -6.271     -6.213     -6.116     -6.032     -5.938     -5.903
                            1  SCC done.
 writing mo output ...
 molden style : F
 
speedup  2.96
cpu  time for all   10.29 s
wall time for all    3.48 s
