 
        ______________________________________
       |                                      |
       |          ===================         |
       |             xTB for sTDA             |
       |          ===================         |
       |               S. Grimme              |
       |        Universitaet Bonn, MCTC       |
       |         2015-19, Version 1.0         |
       |     Wed Apr  3 09:14:55 CEST 2019    |
       |______________________________________|
 
        This code comes without any warranty
        for non-commercial, academia use only.
        Preliminary test version.
        Cite this work as:
        S. Grimme  &  C. Bannwarth, JCP 145 (2016) 054103
        if GBSA is used additionally:
        P. Shushkov, F. März, C. Bannwarth, S. Grimme, unpublished.
 
        with help from
        P. Shushkov, G. Brandenburg, S. Dohm, J. Pisarek,
        F. März, M. Checinski, S. Ehrlich, S. Spicher, 
        P. Pracht, E. Caldeweyher, S. Ehlert, and C. Bannwarth.
 
        usage        :
        xtb4stda <coord_file> [options]
        where <coord_file> is a valid file of TM)
        (*coord, Bohr) or xmol (*xyz, Angstroem)
        format.

        options:
        -chrg <int>   : molecular charge
        -uhf  <int>   : # of unpaired electrons(=2*S)
        -nox          : skip second, extended part in sTDA-xTB
        -pop          : do population analysis
                      : (default for -nox)
        -mowr <real>  : cut MO write above (def.3 Eh)
        -molden       : write formatted molden file
        -parx <file>  : read parameters for sTDA-xTB
                        calc (def:~/.param_stda2.xtb)
        -parv <file>  : read parameters for vTB part in
                        sTDA-xTB (def: ~/.param_stda1.xtb)
        -xtemp <real> : el. temp for xTB (def. 0 K)
        -etemp <real> : el. temp for GFN (def. 300 K)
        -fod          : calculate the FOD and write
                        molden.input file with
                        appropriate occupations
                        for plotting. Def. T=12500 K
 
        -acc <real>   : xTB accuracy (def. 1.0)
        -gbsa [string1] [string2]
                        use GBSA implicit solvent
                        for solvent [string1] and
                        solvation state [string2]=
                        reference, bar1M (default=1M)
        additional GFN/opt/MD/siman options read from
        $XTB4STDAHOME/.xtb4stdarc or $set in input
 
       spin and charge state information can be on:
       <.CHRG> (charge) and <.UHF> (=nalpha-nbeta)
       -uhf and -chrg override the file info.
       useful machine settings:
       setenv MKL_NUM_THREADS <NCORE_ON_YOUR_MACHINE>
       setenv OMP_STACKSIZE 500m
       limit stacksize unlimited
 
       total energies in Eh, gaps/HL energies in eV
       please read REVISION and HOWTO files carefully
 =============================
  # OMP threads =           8
 =============================
 
 xtb4stdahome directory:/ihome/ghutchison/blp62/xtb4stda/
 
 
 name of molecule           :
 comment line               :
 number of atoms            :   206
 number of electrons        :   742
 charge                     :  0
 spin                       : 0.0
 first test random number   :  0.9960
 
 -----------------------------------------
      charge density (VTB) calculation
 -----------------------------------------
 
      method parameters     
 k(s)        :  1.8000
 k(p)        :  2.8350
 k(d)        :  2.0860
 k(f)        :  2.0000
 Tscal       :  0.3300
 Gscal       :  0.3910
 fpol        :  1.0000
 Zcnf        :  0.6500
 Zqf         :  0.0000
 kcn         :  0.3000
 kEN1        : -0.5900
 wllscal     :  2.6000
 
     -------------------------
     ! NO SOLVENT MODEL USED !
     -------------------------
 
 doing EN charges ...
 sum q : -0.1887379D-14
 point charge moment (au)
     X       Y       Z   
  -0.1217  -0.2133  -0.3910  total (Debye):    1.174
 
            Z      q(EN)   CN      Cart. coordinates
     1  C   4.0  -0.164   3.150     9.75666   -14.44714    15.28486
     2  C   4.0  -0.091   3.336     8.99510   -12.16247    14.45149
     3  C   4.0  -0.022   3.470     7.47424   -12.31345    12.23352
     4  C   4.0  -0.011   3.336     6.29619   -10.33718    10.91128
     5  C   4.0  -0.095   3.316     6.87388    -7.71178    11.47649
     6  S   6.0   0.221   2.698     4.56463    -5.42068    11.93513
     7  C   4.0  -0.085   3.270     6.78298    -3.05682    12.35408
     8  C   4.0  -0.182   4.102     6.04542    -0.37681    12.79401
     9  C   4.0  -0.249   4.049     6.17222     1.13894    10.33586
    10  C   4.0  -0.095   3.433     9.16517    -4.00773    12.11314
    11  CL  7.0   0.089   1.226    11.85520    -2.21873    12.38659
    12  C   4.0  -0.093   3.435     9.22583    -6.64295    11.62030
    13  CL  7.0   0.091   1.245    11.99579    -8.24922    11.10403
    14  C   4.0  -0.090   3.315     4.67367   -11.01597     8.96108
    15  C   4.0  -0.020   3.456     4.34996   -13.54763     8.15360
    16  C   4.0  -0.012   3.339     5.63478   -15.51295     9.39118
    17  C   4.0  -0.095   3.316     5.38988   -18.12115     8.56707
    18  S   6.0   0.221   2.656     2.44134   -19.52975     8.20632
    19  C   4.0  -0.084   3.265     3.74638   -22.38210     7.28357
    20  C   4.0  -0.182   4.099     2.11857   -24.54660     6.52296
    21  C   4.0  -0.244   4.033     1.20527   -24.23800     3.79551
    22  C   4.0  -0.095   3.433     6.31622   -22.21826     7.25239
    23  C   4.0  -0.094   3.436     7.25579   -19.81302     7.99052
    24  CL  7.0   0.088   1.283    10.41598   -19.10740     7.96992
    25  CL  7.0   0.088   1.223     8.27492   -24.66244     6.41392
    26  C   4.0  -0.092   3.317     7.12710   -14.84644    11.44890
    27  S   6.0   0.216   2.554     8.70408   -16.93138    13.44389
    28  C   4.0  -0.090   3.367     2.74917   -13.71091     6.00933
    29  C   4.0  -0.091   3.269     1.81357   -11.43738     5.25741
    30  S   6.0   0.215   2.645     2.90904    -8.93330     7.12975
    31  C   4.0  -0.092   3.276     0.19502   -10.89503     3.16794
    32  C   4.0  -0.092   3.383    -1.17900    -8.75038     2.81002
    33  C   4.0  -0.021   3.463    -2.44890    -8.67630     0.45561
    34  C   4.0  -0.012   3.345    -3.84578    -6.66450    -0.56862
    35  C   4.0  -0.095   3.316    -4.19973    -4.34599     0.86814
    36  S   6.0   0.223   2.667    -5.49135    -4.38246     3.88792
    37  C   4.0  -0.085   3.264    -5.00834    -1.17711     4.30064
    38  C   4.0  -0.183   4.107    -5.70489     0.07994     6.71476
    39  C   4.0  -0.244   4.035    -8.50887    -0.23017     7.32741
    40  C   4.0  -0.094   3.435    -3.91835    -0.16044     2.20115
    41  CL  7.0   0.089   1.259    -3.10199     2.97405     1.92223
    42  C   4.0  -0.093   3.437    -3.46047    -1.94623     0.24699
    43  CL  7.0   0.087   1.352    -1.97665    -1.13516    -2.51976
    44  C   4.0  -0.090   3.316    -4.63021    -6.92018    -3.05625
    45  C   4.0  -0.020   3.450    -3.98052    -9.01588    -4.59695
    46  C   4.0  -0.012   3.336    -2.70080   -11.08438    -3.52774
    47  C   4.0  -0.095   3.316    -2.04979   -13.31879    -4.98812
    48  S   6.0   0.221   2.656    -0.41555   -13.11829    -7.83348
    49  C   4.0  -0.084   3.265    -0.31747   -16.36805    -8.18591
    50  C   4.0  -0.182   4.099     0.83356   -17.54894   -10.46511
    51  C   4.0  -0.244   4.032    -0.99135   -17.46693   -12.70746
    52  C   4.0  -0.095   3.433    -1.50611   -17.51455    -6.21040
    53  C   4.0  -0.094   3.441    -2.47441   -15.79679    -4.38794
    54  CL  7.0   0.088   1.294    -4.14379   -16.78662    -1.79637
    55  CL  7.0   0.088   1.224    -1.81395   -20.72727    -5.89821
    56  C   4.0  -0.089   3.316    -1.97231   -10.86403    -1.01006
    57  S   6.0   0.215   2.644    -0.07238   -12.99848     0.62720
    58  C   4.0  -0.090   3.359    -4.62000    -8.58521    -7.17000
    59  C   4.0  -0.089   3.282    -5.77009    -6.32265    -7.57534
    60  S   6.0   0.214   2.693    -6.31017    -4.66460    -4.74567
    61  C   4.0  -0.091   3.295    -5.94413    -4.81389    -9.82374
    62  C   4.0  -0.091   3.380    -7.48672    -2.79188   -10.22020
    63  C   4.0  -0.019   3.449    -6.44963    -0.96641   -11.88600
    64  C   4.0  -0.012   3.342    -7.27563     1.53181   -12.29475
    65  C   4.0  -0.095   3.316    -9.80843     2.41507   -11.73312
    66  S   6.0   0.221   2.657   -11.41224     1.71096    -8.95220
    67  C   4.0  -0.085   3.266   -14.00929     3.50223    -9.80314
    68  C   4.0  -0.182   4.099   -16.21215     3.79476    -8.07877
    69  C   4.0  -0.244   4.032   -15.81228     6.00744    -6.25858
    70  C   4.0  -0.095   3.434   -13.62870     4.58410   -12.10917
    71  CL  7.0   0.088   1.224   -15.79414     6.48989   -13.58921
    72  C   4.0  -0.095   3.448   -11.25710     3.97787   -13.20616
    73  CL  7.0   0.088   1.295   -10.41390     4.99889   -16.16113
    74  C   4.0  -0.090   3.333    -5.41803     3.23918   -13.03703
    75  C   4.0  -0.019   3.449    -2.91263     2.52732   -13.65044
    76  C   4.0  -0.012   3.344    -2.29866    -0.05537   -13.83827
    77  C   4.0  -0.095   3.317     0.10696    -0.99135   -14.75933
    78  S   6.0   0.221   2.657     3.01468     0.22185   -13.82372
    79  C   4.0  -0.085   3.266     4.68047    -1.95795   -15.60007
    80  C   4.0  -0.182   4.099     7.48974    -1.89766   -15.72573
    81  C   4.0  -0.244   4.032     8.39246    -0.06709   -17.77552
    82  C   4.0  -0.095   3.434     3.05512    -3.50979   -16.85806
    83  C   4.0  -0.095   3.448     0.46960    -2.98577   -16.37107
    84  CL  7.0   0.088   1.290    -1.92393    -4.62038   -17.81312
    85  CL  7.0   0.088   1.224     4.00320    -5.89594   -18.83698
    86  C   4.0  -0.090   3.333    -4.05308    -1.72211   -12.80762
    87  S   6.0   0.214   2.663    -3.30740    -4.78271   -11.84235
    88  C   4.0  -0.091   3.379    -1.23116     4.60847   -13.51853
    89  C   4.0  -0.090   3.294    -2.36537     6.79621   -12.77001
    90  S   6.0   0.212   2.672    -5.67579     6.50217   -12.63584
    91  C   4.0  -0.090   3.309    -1.20867     8.79989   -11.37048
    92  S   6.0   0.205   2.873     1.04804     7.87354    -9.13475
    93  C   4.0  -0.086   3.278     0.71885    10.62102    -7.35519
    94  C   4.0  -0.031   3.585    -0.87967    12.30079    -8.61129
    95  C   4.0  -0.113   3.492    -1.97817    11.21552   -10.82851
    96  S   6.0   0.220   2.538    -4.11979    13.21410   -12.28775
    97  C   4.0  -0.082   3.221    -3.57839    15.54999    -9.99457
    98  C   4.0   0.109   3.148    -4.86850    18.00663   -10.06185
    99  O   6.0  -0.108   1.063    -4.37831    19.65674    -8.55743
   100  C   4.0  -0.176   4.071    -6.87785    18.29028   -12.07308
   101  C   4.0  -0.243   4.033    -9.32939    17.03834   -11.18434
   102  C   4.0   0.015   3.342    -1.84740    14.77274    -8.22806
   103  F   7.0  -0.026   1.065    -1.11513    16.23936    -6.32189
   104  C   4.0  -0.087   3.282     1.61893    10.56451    -4.82296
   105  C   4.0  -0.089   3.363     1.27311    12.25695    -2.89789
   106  C   4.0  -0.021   3.466     1.85231    11.25993    -0.48528
   107  C   4.0  -0.012   3.336     1.52747    12.45159     1.87725
   108  C   4.0  -0.094   3.314     1.03387    15.14030     2.02276
   109  S   6.0   0.217   2.710    -1.33774    16.38978     3.92307
   110  C   4.0  -0.084   3.268    -0.65838    19.45284     3.01109
   111  C   4.0  -0.182   4.100    -2.05375    21.64265     4.09145
   112  C   4.0  -0.244   4.032    -0.81750    22.53404     6.55017
   113  C   4.0  -0.095   3.431     1.32016    19.48326     1.35928
   114  CL  7.0   0.089   1.224     2.55642    22.18689     0.07313
   115  C   4.0  -0.093   3.433     2.27447    17.04476     0.78102
   116  CL  7.0   0.092   1.249     4.83959    16.60143    -1.14631
   117  C   4.0  -0.089   3.311     1.66749    10.90712     3.99601
   118  C   4.0  -0.022   3.475     2.31359     8.31631     3.84446
   119  C   4.0  -0.012   3.343     3.01071     7.22404     1.52104
   120  C   4.0  -0.095   3.317     3.97579     4.66044     1.45093
   121  S   6.0   0.219   2.780     2.82627     2.39674    -0.62418
   122  C   4.0  -0.085   3.272     4.76135     0.07408     0.59829
   123  C   4.0  -0.183   4.103     4.64306    -2.58401    -0.31710
   124  C   4.0  -0.248   4.042     3.19836    -4.25169     1.55203
   125  C   4.0  -0.094   3.436     6.22514     1.02650     2.49652
   126  C   4.0  -0.093   3.436     5.79031     3.62355     2.98369
   127  CL  7.0   0.093   1.255     7.51752     5.29445     5.16103
   128  CL  7.0   0.090   1.232     8.40153    -0.73076     4.14058
   129  C   4.0  -0.088   3.310     2.64618     8.70483    -0.61019
   130  S   6.0   0.203   2.799     2.89336     7.69024    -3.72182
   131  C   4.0  -0.093   3.393     2.05413     7.07324     6.19263
   132  C   4.0  -0.090   3.263     1.35097     8.64531     8.11146
   133  S   6.0   0.208   2.653     1.00685    11.78074     7.10442
   134  C   4.0  -0.097   3.299     0.85397     7.86806    10.64294
   135  S   6.0   0.215   2.590     0.90915     9.90746    13.22884
   136  C   4.0  -0.163   3.154     0.24831     7.53944    15.33286
   137  C   4.0  -0.036   3.587    -0.02438     5.25797    14.12721
   138  C   4.0  -0.111   3.495     0.31521     5.45753    11.45798
   139  S   6.0   0.224   2.572    -0.15968     2.60026     9.91993
   140  C   4.0  -0.081   3.227    -0.74304     1.09358    12.82765
   141  C   4.0   0.104   3.178    -1.32621    -1.60986    12.65852
   142  O   6.0  -0.115   1.094    -1.60154    -2.56984    10.59550
   143  C   4.0  -0.172   4.054    -1.55411    -3.03452    15.11365
   144  C   4.0  -0.243   4.029    -2.14352    -5.81336    14.66956
   145  C   4.0   0.015   3.323    -0.59715     2.72461    14.82188
   146  F   7.0  -0.025   1.057    -0.97019     2.04846    17.23128
   147  H   1.0   0.075   1.014    10.90013   -14.86232    16.90587
   148  H   1.0   0.079   1.007     9.44409   -10.41522    15.38313
   149  H   1.0   0.081   1.006     7.33535     0.45297    14.17616
   150  H   1.0   0.082   1.008     4.13075    -0.31369    13.55670
   151  H   1.0   0.082   1.001     5.66105     3.09934    10.67884
   152  H   1.0   0.082   1.003     4.88324     0.34847     8.94369
   153  H   1.0   0.082   1.003     8.07593     1.08659     9.57033
   154  H   1.0   0.082   1.006     3.21046   -26.28741     6.69681
   155  H   1.0   0.081   1.005     0.48849   -24.65771     7.78227
   156  H   1.0   0.081   0.999     2.80775   -24.14257     2.51352
   157  H   1.0   0.081   1.000     0.10488   -22.51325     3.60087
   158  H   1.0   0.081   0.999     0.02929   -25.83407     3.26072
   159  H   1.0   0.079   1.011     2.29526   -15.44775     5.05936
   160  H   1.0   0.080   1.012    -1.24249    -7.26089     4.18858
   161  H   1.0   0.082   1.008    -4.57540    -0.76383     8.22447
   162  H   1.0   0.082   1.008    -5.22131     2.07945     6.57284
   163  H   1.0   0.081   0.999    -8.94918     0.69429     9.10810
   164  H   1.0   0.081   1.001    -8.98697    -2.22251     7.48502
   165  H   1.0   0.081   0.999    -9.66538     0.60811     5.84965
   166  H   1.0   0.082   1.006     1.30523   -19.50764   -10.02481
   167  H   1.0   0.081   1.005     2.56681   -16.54512   -10.95814
   168  H   1.0   0.081   1.000    -1.46000   -15.52126   -13.17404
   169  H   1.0   0.081   0.999    -0.13020   -18.34924   -14.34926
   170  H   1.0   0.081   0.999    -2.72480   -18.47169   -12.25336
   171  H   1.0   0.079   1.011    -4.15059    -9.85889    -8.68008
   172  H   1.0   0.080   1.016    -9.20108    -2.51560    -9.16801
   173  H   1.0   0.081   1.006   -17.90100     4.13340    -9.21393
   174  H   1.0   0.081   1.006   -16.47387     2.05640    -7.00087
   175  H   1.0   0.081   1.000   -14.13704     5.69318    -5.11076
   176  H   1.0   0.081   0.999   -17.43688     6.20076    -5.01798
   177  H   1.0   0.082   1.000   -15.57210     7.75695    -7.30776
   178  H   1.0   0.081   1.006     8.24544    -1.31147   -13.89893
   179  H   1.0   0.081   1.006     8.17288    -3.79759   -16.14846
   180  H   1.0   0.081   0.999    10.44433    -0.05046   -17.85111
   181  H   1.0   0.082   1.000     7.67021    -0.64081   -19.61082
   182  H   1.0   0.081   1.000     7.73106     1.83662   -17.37376
   183  H   1.0   0.080   1.015     0.78083     4.45087   -13.73925
   184  H   1.0   0.081   1.009    -6.25046    17.42705   -13.83771
   185  H   1.0   0.081   1.004    -7.20401    20.30322   -12.37336
   186  H   1.0   0.081   0.999   -10.80300    17.31556   -12.58822
   187  H   1.0   0.081   0.999    -9.94790    17.87133    -9.41008
   188  H   1.0   0.081   1.001    -9.06502    15.01879   -10.90939
   189  H   1.0   0.082   1.009     0.50493    14.11399    -3.15244
   190  H   1.0   0.081   1.006    -4.00735    21.09652     4.46070
   191  H   1.0   0.081   1.006    -2.04242    23.17919     2.71554
   192  H   1.0   0.082   1.000     1.12382    23.10757     6.20151
   193  H   1.0   0.081   1.000    -0.81655    21.01791     7.93760
   194  H   1.0   0.081   0.999    -1.84947    24.13426     7.31834
   195  H   1.0   0.082   1.007     3.70575    -2.62899    -2.15221
   196  H   1.0   0.081   1.005     6.56359    -3.30948    -0.53668
   197  H   1.0   0.082   1.000     3.08422    -6.17260     0.83601
   198  H   1.0   0.082   1.002     4.14228    -4.28495     3.37524
   199  H   1.0   0.083   1.002     1.29238    -3.53454     1.81697
   200  H   1.0   0.081   1.015     2.33740     5.07921     6.43849
   201  H   1.0   0.076   1.013     0.09014     7.94309    17.30970
   202  H   1.0   0.081   1.004     0.21770    -2.82533    16.15489
   203  H   1.0   0.081   1.004    -3.03225    -2.14578    16.25051
   204  H   1.0   0.082   0.999    -3.91910    -6.00952    13.65573
   205  H   1.0   0.081   0.999    -2.28336    -6.80812    16.46008
   206  H   1.0   0.082   1.001    -0.66197    -6.67432    13.53648
 
  Z AO/shell   Hii/eV     exponent
  1     Sat Feb 20 21:38:01 CET 2016    EN: 2.327 GAM: 0.473  GM3: 0.0000
     1s    -13.751157    1.051071
  6     Sat Feb 20 21:38:01 CET 2016    EN: 2.731 GAM: 0.422  GM3: 0.0000
     2s    -19.378245    2.021003
     2p    -11.993376    1.497917
  8     Sat Feb 20 21:38:01 CET 2016    EN: 3.700 GAM: 0.587  GM3: 0.0000
     2s    -21.648843    2.110798
     2p    -17.239740    2.329048
  9     Sat Feb 20 21:51:24 CET 2016    EN: 3.394 GAM: 0.669  GM3: 0.0000
     2s    -19.384211    2.614957
     2p    -19.426034    2.777297
 16     Sat Feb 20 23:13:41 CET 2016    EN: 1.915 GAM: 0.389  GM3: 0.0000
     3s    -22.000000    2.671470
     3p    -15.834192    1.836978
     3d     -2.593599    1.836978
 17     Sat Feb 20 23:13:41 CET 2016    EN: 2.375 GAM: 0.431  GM3: 0.0000
     3s    -21.000000    2.596786
     3p    -17.375270    2.088291
     3d     -1.372943    2.088291
 
 dipole moment of classical point charges (au)
     X       Y       Z   
  -0.1217  -0.2133  -0.3910  total (Debye):    1.174

 
 Nbf   :          860
 T(el) :   300.0
 calculating S/T integrals ...
 cpu time for ints    1.47321200000000     
 Nao   :          824
 making H0...
 making H1...
 cpu time for H      3.745699999999985E-002
 solving ...
 cpu time for diag    1.90142600000000     
 
 gap (eV)           :   2.331
 Koopmans IP (eV)   :  11.725
 Eel (Eh)           :  -568.121647
 T,E(Fermi),NFOD :    300.000   -10.559  0.000000
 T,E(Fermi),NFOD :    300.000   -10.559  0.000000
 Nfod               :  0.0000
 Nfod/Nel           :  0.0000

          eigenvalues
 #    :         359        360        361        362        363        364        365        366
 occ. :        2.000      2.000      2.000      2.000      2.000      2.000      2.000      2.000
 eps  :       -13.925    -13.591    -13.454    -13.388    -13.335    -13.178    -13.025    -12.658
 #    :         367        368        369        370        371        372        373        374
 occ. :        2.000      2.000      2.000      2.000      2.000      0.000      0.000      0.000
 eps  :       -12.589    -12.562    -12.333    -12.161    -11.726     -9.394     -9.228     -9.009
 #    :         375        376        377        378        379        380        381        382
 occ. :        0.000      0.000      0.000      0.000      0.000      0.000      0.000      0.000
 eps  :        -8.979     -8.892     -8.876     -8.815     -8.743     -8.630     -8.589     -8.510
                            1  SCC done.
 making H1...
 cpu time for H       2.72311400000000     
 solving ...
 cpu time for diag   0.274849000000000     
 
 gap (eV)           :   2.438
 Koopmans IP (eV)   :  11.997
 Eel (Eh)           :  -568.800326
 T,E(Fermi),NFOD :    300.000   -10.778  0.000000
 T,E(Fermi),NFOD :    300.000   -10.778  0.000000
 Nfod               :  0.0000
 Nfod/Nel           :  0.0000

          eigenvalues
 #    :         359        360        361        362        363        364        365        366
 occ. :        2.000      2.000      2.000      2.000      2.000      2.000      2.000      2.000
 eps  :       -13.914    -13.871    -13.754    -13.709    -13.667    -13.492    -13.328    -12.980
 #    :         367        368        369        370        371        372        373        374
 occ. :        2.000      2.000      2.000      2.000      2.000      0.000      0.000      0.000
 eps  :       -12.813    -12.732    -12.526    -12.374    -11.998     -9.560     -9.260     -9.017
 #    :         375        376        377        378        379        380        381        382
 occ. :        0.000      0.000      0.000      0.000      0.000      0.000      0.000      0.000
 eps  :        -8.980     -8.954     -8.885     -8.856     -8.824     -8.765     -8.608     -8.457
                            2  SCC done.
 
 
 Mulliken/CM5 charges    n(s)   n(p)   n(d)   
    1 C  -0.0499 -0.0895   1.139  2.911  0.000
    2 C  -0.0706 -0.1219   1.134  2.937  0.000
    3 C  -0.0356 -0.0372   1.174  2.862  0.000
    4 C   0.0007  0.0021   1.158  2.841  0.000
    5 C  -0.0470 -0.0338   1.168  2.879  0.000
    6 S   0.1063  0.0689   1.886  3.953  0.054
    7 C  -0.0491 -0.0447   1.190  2.860  0.000
    8 C  -0.0293 -0.1336   1.121  2.908  0.000
    9 C  -0.0950 -0.2460   1.102  2.993  0.000
   10 C  -0.0015 -0.0013   1.146  2.855  0.000
   11 CL -0.0495 -0.0509   1.902  5.143  0.005
   12 C   0.0060  0.0068   1.151  2.843  0.000
   13 CL -0.0428 -0.0435   1.902  5.136  0.005
   14 C  -0.0204 -0.0069   1.177  2.844  0.000
   15 C  -0.0244 -0.0256   1.170  2.854  0.000
   16 C   0.0017  0.0032   1.158  2.840  0.000
   17 C  -0.0477 -0.0345   1.167  2.880  0.000
   18 S   0.0977  0.0594   1.886  3.963  0.054
   19 C  -0.0466 -0.0422   1.189  2.858  0.000
   20 C  -0.0262 -0.1306   1.120  2.906  0.000
   21 C  -0.0877 -0.2387   1.098  2.990  0.000
   22 C  -0.0009 -0.0006   1.147  2.854  0.000
   23 C   0.0093  0.0110   1.151  2.840  0.000
   24 CL -0.0421 -0.0412   1.902  5.135  0.006
   25 CL -0.0492 -0.0503   1.901  5.142  0.005
   26 C  -0.0288 -0.0155   1.176  2.853  0.000
   27 S   0.0866  0.0490   1.883  3.984  0.046
   28 C  -0.0703 -0.1177   1.139  2.932  0.000
   29 C  -0.0084  0.0014   1.167  2.842  0.000
   30 S   0.0783  0.0426   1.890  3.993  0.039
   31 C  -0.0088  0.0009   1.167  2.842  0.000
   32 C  -0.0677 -0.1161   1.140  2.927  0.000
   33 C  -0.0240 -0.0255   1.171  2.853  0.000
   34 C   0.0031  0.0044   1.158  2.839  0.000
   35 C  -0.0497 -0.0370   1.167  2.882  0.000
   36 S   0.1035  0.0643   1.885  3.958  0.054
   37 C  -0.0389 -0.0346   1.188  2.850  0.000
   38 C  -0.0322 -0.1361   1.123  2.909  0.000
   39 C  -0.0869 -0.2377   1.096  2.991  0.000
   40 C  -0.0032 -0.0030   1.147  2.856  0.000
   41 CL -0.0543 -0.0553   1.903  5.146  0.005
   42 C   0.0104  0.0113   1.153  2.836  0.000
   43 CL -0.0421 -0.0418   1.903  5.134  0.005
   44 C  -0.0234 -0.0099   1.179  2.845  0.000
   45 C  -0.0226 -0.0237   1.171  2.851  0.000
   46 C   0.0015  0.0029   1.159  2.840  0.000
   47 C  -0.0484 -0.0351   1.168  2.881  0.000
   48 S   0.0988  0.0601   1.886  3.962  0.054
   49 C  -0.0465 -0.0422   1.189  2.858  0.000
   50 C  -0.0262 -0.1305   1.120  2.906  0.000
   51 C  -0.0875 -0.2386   1.098  2.990  0.000
   52 C  -0.0007 -0.0004   1.147  2.854  0.000
   53 C   0.0085  0.0103   1.151  2.841  0.000
   54 CL -0.0423 -0.0413   1.902  5.135  0.006
   55 CL -0.0490 -0.0501   1.901  5.142  0.005
   56 C  -0.0247 -0.0115   1.178  2.846  0.000
   57 S   0.0709  0.0358   1.891  3.999  0.039
   58 C  -0.0638 -0.1113   1.140  2.924  0.000
   59 C  -0.0100 -0.0002   1.175  2.835  0.000
   60 S   0.0661  0.0310   1.892  4.004  0.038
   61 C  -0.0139 -0.0038   1.174  2.839  0.000
   62 C  -0.0614 -0.1086   1.143  2.918  0.000
   63 C  -0.0228 -0.0240   1.172  2.850  0.000
   64 C   0.0060  0.0075   1.161  2.833  0.000
   65 C  -0.0458 -0.0324   1.167  2.879  0.000
   66 S   0.1025  0.0629   1.885  3.958  0.055
   67 C  -0.0467 -0.0423   1.189  2.858  0.000
   68 C  -0.0255 -0.1298   1.120  2.906  0.000
   69 C  -0.0875 -0.2386   1.097  2.990  0.000
   70 C  -0.0000  0.0003   1.146  2.854  0.000
   71 CL -0.0490 -0.0501   1.901  5.142  0.005
   72 C   0.0087  0.0105   1.151  2.840  0.000
   73 CL -0.0423 -0.0413   1.902  5.135  0.006
   74 C  -0.0231 -0.0099   1.181  2.842  0.000
   75 C  -0.0224 -0.0235   1.173  2.850  0.000
   76 C   0.0070  0.0085   1.160  2.833  0.000
   77 C  -0.0466 -0.0331   1.167  2.880  0.000
   78 S   0.1013  0.0617   1.885  3.959  0.055
   79 C  -0.0467 -0.0422   1.189  2.857  0.000
   80 C  -0.0257 -0.1301   1.120  2.906  0.000
   81 C  -0.0880 -0.2391   1.098  2.990  0.000
   82 C  -0.0001  0.0002   1.146  2.854  0.000
   83 C   0.0086  0.0104   1.151  2.840  0.000
   84 CL -0.0429 -0.0420   1.902  5.135  0.006
   85 CL -0.0491 -0.0503   1.901  5.142  0.005
   86 C  -0.0240 -0.0108   1.181  2.843  0.000
   87 S   0.0644  0.0300   1.893  4.004  0.039
   88 C  -0.0586 -0.1059   1.141  2.918  0.000
   89 C  -0.0171 -0.0064   1.176  2.842  0.000
   90 S   0.0605  0.0269   1.894  4.007  0.038
   91 C  -0.0158 -0.0014   1.165  2.851  0.000
   92 S   0.1224  0.0882   1.891  3.941  0.045
   93 C  -0.0277 -0.0133   1.179  2.849  0.000
   94 C  -0.0394 -0.0352   1.168  2.872  0.000
   95 C  -0.0426 -0.0267   1.174  2.869  0.000
   96 S   0.0843  0.0476   1.890  3.979  0.047
   97 C  -0.0335 -0.0186   1.193  2.841  0.000
   98 C   0.1568  0.1856   1.187  2.657  0.000
   99 O  -0.2275 -0.2746   1.623  4.604  0.000
  100 C  -0.0527 -0.1556   1.137  2.916  0.000
  101 C  -0.0866 -0.2373   1.092  2.995  0.000
  102 C   0.0629  0.0838   1.176  2.761  0.000
  103 F  -0.0940 -0.1197   1.675  5.419  0.000
  104 C  -0.0048  0.0059   1.169  2.836  0.000
  105 C  -0.0715 -0.1195   1.144  2.928  0.000
  106 C  -0.0240 -0.0255   1.170  2.854  0.000
  107 C  -0.0008  0.0006   1.159  2.842  0.000
  108 C  -0.0481 -0.0350   1.167  2.881  0.000
  109 S   0.0975  0.0615   1.886  3.962  0.054
  110 C  -0.0444 -0.0399   1.190  2.855  0.000
  111 C  -0.0251 -0.1295   1.120  2.905  0.000
  112 C  -0.0882 -0.2392   1.098  2.990  0.000
  113 C   0.0017  0.0019   1.146  2.853  0.000
  114 CL -0.0453 -0.0465   1.901  5.139  0.005
  115 C   0.0085  0.0092   1.151  2.841  0.000
  116 CL -0.0395 -0.0402   1.901  5.133  0.006
  117 C  -0.0193 -0.0058   1.176  2.843  0.000
  118 C  -0.0290 -0.0304   1.171  2.858  0.000
  119 C   0.0060  0.0074   1.156  2.838  0.000
  120 C  -0.0467 -0.0336   1.169  2.878  0.000
  121 S   0.1078  0.0706   1.886  3.951  0.055
  122 C  -0.0444 -0.0398   1.191  2.854  0.000
  123 C  -0.0258 -0.1302   1.121  2.905  0.000
  124 C  -0.0934 -0.2449   1.099  2.994  0.000
  125 C  -0.0027 -0.0027   1.146  2.857  0.000
  126 C   0.0065  0.0070   1.151  2.843  0.000
  127 CL -0.0429 -0.0447   1.902  5.135  0.006
  128 CL -0.0476 -0.0503   1.902  5.141  0.005
  129 C  -0.0199 -0.0062   1.180  2.840  0.000
  130 S   0.0667  0.0342   1.893  4.004  0.037
  131 C  -0.0709 -0.1188   1.138  2.933  0.000
  132 C  -0.0159 -0.0052   1.167  2.849  0.000
  133 S   0.0755  0.0431   1.892  3.993  0.040
  134 C  -0.0193 -0.0051   1.150  2.869  0.000
  135 S   0.1615  0.1247   1.880  3.897  0.062
  136 C  -0.0777 -0.1131   1.142  2.936  0.000
  137 C  -0.0391 -0.0378   1.159  2.880  0.000
  138 C  -0.0619 -0.0476   1.175  2.887  0.000
  139 S   0.0957  0.0576   1.891  3.969  0.044
  140 C  -0.0294 -0.0157   1.195  2.835  0.000
  141 C   0.1557  0.1834   1.191  2.653  0.000
  142 O  -0.2181 -0.2755   1.618  4.600  0.000
  143 C  -0.0499 -0.1528   1.135  2.915  0.000
  144 C  -0.0818 -0.2321   1.087  2.995  0.000
  145 C   0.0462  0.0652   1.177  2.776  0.000
  146 F  -0.1083 -0.1332   1.681  5.428  0.000
  147 H   0.0593  0.1171   0.941  0.000  0.000
  148 H   0.0514  0.1111   0.949  0.000  0.000
  149 H   0.0417  0.0984   0.958  0.000  0.000
  150 H   0.0419  0.1012   0.958  0.000  0.000
  151 H   0.0327  0.0864   0.967  0.000  0.000
  152 H   0.0323  0.0875   0.968  0.000  0.000
  153 H   0.0315  0.0864   0.968  0.000  0.000
  154 H   0.0429  0.1001   0.957  0.000  0.000
  155 H   0.0447  0.1010   0.955  0.000  0.000
  156 H   0.0295  0.0823   0.971  0.000  0.000
  157 H   0.0306  0.0837   0.969  0.000  0.000
  158 H   0.0356  0.0874   0.964  0.000  0.000
  159 H   0.0533  0.1152   0.947  0.000  0.000
  160 H   0.0572  0.1202   0.943  0.000  0.000
  161 H   0.0535  0.1185   0.946  0.000  0.000
  162 H   0.0393  0.0976   0.961  0.000  0.000
  163 H   0.0349  0.0867   0.965  0.000  0.000
  164 H   0.0320  0.0858   0.968  0.000  0.000
  165 H   0.0279  0.0805   0.972  0.000  0.000
  166 H   0.0430  0.1002   0.957  0.000  0.000
  167 H   0.0449  0.1012   0.955  0.000  0.000
  168 H   0.0304  0.0835   0.970  0.000  0.000
  169 H   0.0358  0.0876   0.964  0.000  0.000
  170 H   0.0294  0.0822   0.971  0.000  0.000
  171 H   0.0544  0.1159   0.946  0.000  0.000
  172 H   0.0548  0.1178   0.945  0.000  0.000
  173 H   0.0434  0.1004   0.957  0.000  0.000
  174 H   0.0444  0.1009   0.956  0.000  0.000
  175 H   0.0303  0.0832   0.970  0.000  0.000
  176 H   0.0356  0.0874   0.964  0.000  0.000
  177 H   0.0299  0.0829   0.970  0.000  0.000
  178 H   0.0447  0.1012   0.955  0.000  0.000
  179 H   0.0434  0.1004   0.957  0.000  0.000
  180 H   0.0356  0.0874   0.964  0.000  0.000
  181 H   0.0298  0.0827   0.970  0.000  0.000
  182 H   0.0298  0.0828   0.970  0.000  0.000
  183 H   0.0541  0.1170   0.946  0.000  0.000
  184 H   0.0375  0.0964   0.962  0.000  0.000
  185 H   0.0402  0.0986   0.960  0.000  0.000
  186 H   0.0363  0.0881   0.964  0.000  0.000
  187 H   0.0338  0.0870   0.966  0.000  0.000
  188 H   0.0314  0.0857   0.969  0.000  0.000
  189 H   0.0595  0.1241   0.941  0.000  0.000
  190 H   0.0444  0.1009   0.956  0.000  0.000
  191 H   0.0445  0.1015   0.956  0.000  0.000
  192 H   0.0297  0.0828   0.970  0.000  0.000
  193 H   0.0294  0.0824   0.971  0.000  0.000
  194 H   0.0353  0.0870   0.965  0.000  0.000
  195 H   0.0446  0.1021   0.955  0.000  0.000
  196 H   0.0431  0.0996   0.957  0.000  0.000
  197 H   0.0356  0.0892   0.964  0.000  0.000
  198 H   0.0312  0.0857   0.969  0.000  0.000
  199 H   0.0312  0.0871   0.969  0.000  0.000
  200 H   0.0545  0.1193   0.945  0.000  0.000
  201 H   0.0683  0.1267   0.932  0.000  0.000
  202 H   0.0433  0.1010   0.957  0.000  0.000
  203 H   0.0434  0.1012   0.957  0.000  0.000
  204 H   0.0336  0.0881   0.966  0.000  0.000
  205 H   0.0350  0.0870   0.965  0.000  0.000
  206 H   0.0352  0.0911   0.965  0.000  0.000
 Hirshfeld charges for QMDFF written to <charges>
 
 Loewdin charges    n(s)   n(p)   n(d)
    1 C  -0.0194   1.081  2.938  0.000
    2 C  -0.0683   1.082  2.986  0.000
    3 C  -0.0337   1.133  2.901  0.000
    4 C  -0.0009   1.118  2.883  0.000
    5 C  -0.0304   1.126  2.904  0.000
    6 S   0.0694   1.872  3.950  0.108
    7 C  -0.0298   1.147  2.883  0.000
    8 C  -0.0231   1.059  2.964  0.000
    9 C  -0.0976   1.030  3.067  0.000
   10 C   0.0114   1.106  2.883  0.000
   11 CL -0.0592   1.892  5.140  0.028
   12 C   0.0192   1.111  2.870  0.000
   13 CL -0.0528   1.892  5.133  0.028
   14 C   0.0004   1.133  2.867  0.000
   15 C  -0.0222   1.129  2.893  0.000
   16 C   0.0000   1.118  2.882  0.000
   17 C  -0.0309   1.125  2.906  0.000
   18 S   0.0605   1.872  3.959  0.109
   19 C  -0.0271   1.146  2.881  0.000
   20 C  -0.0193   1.058  2.962  0.000
   21 C  -0.0893   1.025  3.064  0.000
   22 C   0.0121   1.107  2.881  0.000
   23 C   0.0221   1.111  2.867  0.000
   24 CL -0.0517   1.892  5.132  0.028
   25 CL -0.0590   1.891  5.140  0.028
   26 C  -0.0080   1.131  2.877  0.000
   27 S   0.0494   1.869  3.981  0.101
   28 C  -0.0710   1.089  2.982  0.000
   29 C   0.0160   1.120  2.864  0.000
   30 S   0.0401   1.877  3.991  0.091
   31 C   0.0158   1.120  2.864  0.000
   32 C  -0.0685   1.091  2.978  0.000
   33 C  -0.0215   1.130  2.892  0.000
   34 C   0.0012   1.118  2.881  0.000
   35 C  -0.0329   1.125  2.908  0.000
   36 S   0.0661   1.871  3.954  0.109
   37 C  -0.0191   1.146  2.873  0.000
   38 C  -0.0264   1.061  2.965  0.000
   39 C  -0.0883   1.023  3.065  0.000
   40 C   0.0091   1.107  2.884  0.000
   41 CL -0.0636   1.893  5.143  0.027
   42 C   0.0231   1.113  2.863  0.000
   43 CL -0.0511   1.893  5.131  0.027
   44 C  -0.0023   1.134  2.868  0.000
   45 C  -0.0204   1.130  2.890  0.000
   46 C  -0.0003   1.118  2.882  0.000
   47 C  -0.0316   1.125  2.906  0.000
   48 S   0.0615   1.872  3.958  0.109
   49 C  -0.0271   1.146  2.881  0.000
   50 C  -0.0192   1.058  2.962  0.000
   51 C  -0.0892   1.025  3.064  0.000
   52 C   0.0123   1.107  2.881  0.000
   53 C   0.0214   1.111  2.868  0.000
   54 CL -0.0518   1.892  5.132  0.028
   55 CL -0.0587   1.891  5.140  0.028
   56 C  -0.0039   1.134  2.870  0.000
   57 S   0.0332   1.878  3.997  0.092
   58 C  -0.0641   1.090  2.974  0.000
   59 C   0.0140   1.129  2.857  0.000
   60 S   0.0283   1.879  4.002  0.090
   61 C   0.0097   1.129  2.861  0.000
   62 C  -0.0609   1.093  2.968  0.000
   63 C  -0.0214   1.131  2.890  0.000
   64 C   0.0047   1.120  2.875  0.000
   65 C  -0.0291   1.125  2.904  0.000
   66 S   0.0649   1.871  3.954  0.110
   67 C  -0.0270   1.146  2.881  0.000
   68 C  -0.0185   1.057  2.961  0.000
   69 C  -0.0891   1.025  3.064  0.000
   70 C   0.0128   1.106  2.881  0.000
   71 CL -0.0588   1.892  5.140  0.028
   72 C   0.0217   1.112  2.867  0.000
   73 CL -0.0519   1.892  5.132  0.028
   74 C  -0.0024   1.137  2.866  0.000
   75 C  -0.0205   1.132  2.889  0.000
   76 C   0.0054   1.119  2.875  0.000
   77 C  -0.0299   1.125  2.905  0.000
   78 S   0.0637   1.871  3.955  0.110
   79 C  -0.0271   1.147  2.880  0.000
   80 C  -0.0187   1.058  2.961  0.000
   81 C  -0.0897   1.025  3.065  0.000
   82 C   0.0129   1.106  2.881  0.000
   83 C   0.0216   1.111  2.867  0.000
   84 CL -0.0526   1.892  5.133  0.028
   85 CL -0.0589   1.891  5.140  0.028
   86 C  -0.0030   1.137  2.866  0.000
   87 S   0.0267   1.880  4.002  0.091
   88 C  -0.0590   1.091  2.968  0.000
   89 C   0.0068   1.130  2.863  0.000
   90 S   0.0228   1.882  4.006  0.089
   91 C  -0.0013   1.124  2.877  0.000
   92 S   0.0867   1.879  3.938  0.097
   93 C  -0.0068   1.135  2.871  0.000
   94 C  -0.0444   1.130  2.914  0.000
   95 C  -0.0184   1.129  2.889  0.000
   96 S   0.0461   1.876  3.977  0.101
   97 C  -0.0240   1.153  2.871  0.000
   98 C   0.1491   1.152  2.699  0.000
   99 O  -0.2118   1.592  4.620  0.000
  100 C  -0.0504   1.077  2.974  0.000
  101 C  -0.0862   1.018  3.068  0.000
  102 C   0.0549   1.143  2.802  0.000
  103 F  -0.0757   1.658  5.418  0.000
  104 C   0.0170   1.124  2.859  0.000
  105 C  -0.0706   1.094  2.977  0.000
  106 C  -0.0220   1.129  2.893  0.000
  107 C  -0.0025   1.118  2.884  0.000
  108 C  -0.0315   1.125  2.906  0.000
  109 S   0.0610   1.873  3.958  0.108
  110 C  -0.0251   1.147  2.878  0.000
  111 C  -0.0181   1.057  2.961  0.000
  112 C  -0.0899   1.025  3.065  0.000
  113 C   0.0146   1.105  2.880  0.000
  114 CL -0.0553   1.891  5.137  0.028
  115 C   0.0217   1.111  2.868  0.000
  116 CL -0.0495   1.891  5.130  0.028
  117 C   0.0008   1.132  2.867  0.000
  118 C  -0.0259   1.130  2.896  0.000
  119 C   0.0034   1.115  2.881  0.000
  120 C  -0.0304   1.126  2.904  0.000
  121 S   0.0711   1.873  3.948  0.109
  122 C  -0.0253   1.149  2.877  0.000
  123 C  -0.0188   1.058  2.961  0.000
  124 C  -0.0961   1.027  3.069  0.000
  125 C   0.0101   1.106  2.884  0.000
  126 C   0.0198   1.111  2.869  0.000
  127 CL -0.0527   1.892  5.133  0.028
  128 CL -0.0573   1.892  5.138  0.028
  129 C   0.0007   1.136  2.864  0.000
  130 S   0.0301   1.881  4.002  0.087
  131 C  -0.0731   1.089  2.984  0.000
  132 C   0.0090   1.121  2.870  0.000
  133 S   0.0380   1.879  3.992  0.091
  134 C  -0.0038   1.108  2.896  0.000
  135 S   0.1252   1.865  3.892  0.118
  136 C  -0.0496   1.086  2.963  0.000
  137 C  -0.0409   1.120  2.921  0.000
  138 C  -0.0382   1.131  2.907  0.000
  139 S   0.0564   1.878  3.967  0.098
  140 C  -0.0196   1.154  2.866  0.000
  141 C   0.1499   1.156  2.694  0.000
  142 O  -0.2027   1.587  4.616  0.000
  143 C  -0.0473   1.074  2.973  0.000
  144 C  -0.0826   1.013  3.069  0.000
  145 C   0.0397   1.144  2.816  0.000
  146 F  -0.0901   1.663  5.427  0.000
  147 H   0.0488   0.951  0.000  0.000
  148 H   0.0436   0.956  0.000  0.000
  149 H   0.0376   0.962  0.000  0.000
  150 H   0.0381   0.962  0.000  0.000
  151 H   0.0331   0.967  0.000  0.000
  152 H   0.0319   0.968  0.000  0.000
  153 H   0.0312   0.969  0.000  0.000
  154 H   0.0386   0.961  0.000  0.000
  155 H   0.0402   0.960  0.000  0.000
  156 H   0.0292   0.971  0.000  0.000
  157 H   0.0302   0.970  0.000  0.000
  158 H   0.0352   0.965  0.000  0.000
  159 H   0.0453   0.955  0.000  0.000
  160 H   0.0491   0.951  0.000  0.000
  161 H   0.0477   0.952  0.000  0.000
  162 H   0.0357   0.964  0.000  0.000
  163 H   0.0347   0.965  0.000  0.000
  164 H   0.0316   0.968  0.000  0.000
  165 H   0.0278   0.972  0.000  0.000
  166 H   0.0387   0.961  0.000  0.000
  167 H   0.0404   0.960  0.000  0.000
  168 H   0.0301   0.970  0.000  0.000
  169 H   0.0354   0.965  0.000  0.000
  170 H   0.0291   0.971  0.000  0.000
  171 H   0.0462   0.954  0.000  0.000
  172 H   0.0470   0.953  0.000  0.000
  173 H   0.0390   0.961  0.000  0.000
  174 H   0.0399   0.960  0.000  0.000
  175 H   0.0299   0.970  0.000  0.000
  176 H   0.0352   0.965  0.000  0.000
  177 H   0.0296   0.970  0.000  0.000
  178 H   0.0402   0.960  0.000  0.000
  179 H   0.0390   0.961  0.000  0.000
  180 H   0.0352   0.965  0.000  0.000
  181 H   0.0295   0.971  0.000  0.000
  182 H   0.0296   0.970  0.000  0.000
  183 H   0.0463   0.954  0.000  0.000
  184 H   0.0349   0.965  0.000  0.000
  185 H   0.0357   0.964  0.000  0.000
  186 H   0.0355   0.964  0.000  0.000
  187 H   0.0328   0.967  0.000  0.000
  188 H   0.0312   0.969  0.000  0.000
  189 H   0.0498   0.950  0.000  0.000
  190 H   0.0399   0.960  0.000  0.000
  191 H   0.0399   0.960  0.000  0.000
  192 H   0.0294   0.971  0.000  0.000
  193 H   0.0292   0.971  0.000  0.000
  194 H   0.0349   0.965  0.000  0.000
  195 H   0.0401   0.960  0.000  0.000
  196 H   0.0388   0.961  0.000  0.000
  197 H   0.0353   0.965  0.000  0.000
  198 H   0.0310   0.969  0.000  0.000
  199 H   0.0311   0.969  0.000  0.000
  200 H   0.0471   0.953  0.000  0.000
  201 H   0.0559   0.944  0.000  0.000
  202 H   0.0400   0.960  0.000  0.000
  203 H   0.0399   0.960  0.000  0.000
  204 H   0.0326   0.967  0.000  0.000
  205 H   0.0348   0.965  0.000  0.000
  206 H   0.0342   0.966  0.000  0.000
 
 Wiberg/Mayer (AO) data. WBOs > 0.1 written file <wbo>
 largest (>0.05) Wiberg bond orders for each atom
           total WBO             WBO to atom ...
     1  C   3.940    C    2 1.709    S   27 1.132    H  147 0.950
     2  C   3.958    C    1 1.709    C    3 1.161    H  148 0.936    S   27 0.086
     3  C   3.938    C    4 1.268    C   26 1.246    C    2 1.161    C   15 0.053
     4  C   3.941    C   14 1.355    C    3 1.268    C    5 1.029    C   16 0.087
     5  C   3.933    C   12 1.526    S    6 1.107    C    4 1.029    C    7 0.105    CL  13 0.055
     6  S   2.555    C    7 1.129    C    5 1.107    C   12 0.073    C   10 0.072
     7  C   3.919    C   10 1.556    S    6 1.129    C    8 0.996    C    5 0.105    CL  11 0.054
     8  C   3.967    C    7 0.996    C    9 0.985    H  150 0.963    H  149 0.960
     9  C   3.980    C    8 0.985    H  153 0.981    H  152 0.980    H  151 0.976
    10  C   3.929    C    7 1.556    C   12 1.185    CL  11 1.004    S    6 0.072
    11  CL  1.168    C   10 1.004    C    7 0.054
    12  C   3.927    C    5 1.526    C   10 1.185    CL  13 1.008    S    6 0.073
    13  CL  1.174    C   12 1.008    C    5 0.055
    14  C   3.933    C    4 1.355    C   15 1.234    S   30 1.080    C   26 0.055
    15  C   3.946    C   16 1.266    C   14 1.234    C   28 1.187    C    3 0.053
    16  C   3.926    C   26 1.348    C   15 1.266    C   17 1.028    C    4 0.087
    17  C   3.933    C   23 1.532    S   18 1.103    C   16 1.028    C   19 0.105    CL  24 0.055
    18  S   2.551    C   19 1.126    C   17 1.103    C   23 0.073    C   22 0.072
    19  C   3.919    C   22 1.559    S   18 1.126    C   20 0.997    C   17 0.105    CL  25 0.054
    20  C   3.967    C   19 0.997    C   21 0.985    H  155 0.964    H  154 0.962
    21  C   3.980    C   20 0.985    H  156 0.984    H  157 0.984    H  158 0.978
    22  C   3.929    C   19 1.559    C   23 1.179    CL  25 1.005    S   18 0.072
    23  C   3.923    C   17 1.532    C   22 1.179    CL  24 1.010    S   18 0.073
    24  CL  1.172    C   23 1.010    C   17 0.055
    25  CL  1.168    C   22 1.005    C   19 0.054
    26  C   3.940    C   16 1.348    C    3 1.246    S   27 1.084    C   14 0.055
    27  S   2.485    C    1 1.132    C   26 1.084    C    2 0.086
    28  C   3.933    C   29 1.582    C   15 1.187    H  159 0.933    S   30 0.072    C   32 0.069
    29  C   3.926    C   28 1.582    C   31 1.108    S   30 1.057
    30  S   2.434    C   14 1.080    C   29 1.057    C   28 0.072
    31  C   3.922    C   32 1.576    C   29 1.108    S   57 1.059
    32  C   3.933    C   31 1.576    C   33 1.191    H  160 0.931    S   57 0.071    C   28 0.069
    33  C   3.938    C   34 1.255    C   56 1.235    C   32 1.191    C   45 0.052
    34  C   3.923    C   44 1.365    C   33 1.255    C   35 1.023    C   46 0.083
    35  C   3.932    C   42 1.531    S   36 1.105    C   34 1.023    C   37 0.105    CL  43 0.055
    36  S   2.555    C   37 1.128    C   35 1.105    C   42 0.075    C   40 0.071
    37  C   3.922    C   40 1.563    S   36 1.128    C   38 0.995    C   35 0.105    CL  41 0.052
    38  C   3.966    C   37 0.995    C   39 0.991    H  162 0.961    H  161 0.947
    39  C   3.982    C   38 0.991    H  165 0.984    H  164 0.983    H  163 0.979
    40  C   3.926    C   37 1.563    C   42 1.179    CL  41 0.999    S   36 0.071
    41  CL  1.162    C   40 0.999    C   37 0.052
    42  C   3.922    C   35 1.531    C   40 1.179    CL  43 1.007    S   36 0.075
    43  CL  1.175    C   42 1.007    C   35 0.055
    44  C   3.934    C   34 1.365    C   45 1.228    S   60 1.077    C   56 0.053
    45  C   3.935    C   46 1.265    C   44 1.228    C   58 1.184    C   33 0.052
    46  C   3.929    C   56 1.353    C   45 1.265    C   47 1.028    C   34 0.083
    47  C   3.932    C   53 1.532    S   48 1.103    C   46 1.028    C   49 0.105    CL  54 0.055
    48  S   2.552    C   49 1.125    C   47 1.103    C   53 0.073    C   52 0.072
    49  C   3.919    C   52 1.560    S   48 1.125    C   50 0.997    C   47 0.105    CL  55 0.054
    50  C   3.967    C   49 0.997    C   51 0.985    H  167 0.964    H  166 0.962
    51  C   3.981    C   50 0.985    H  170 0.984    H  168 0.984    H  169 0.978
    52  C   3.929    C   49 1.560    C   53 1.180    CL  55 1.005    S   48 0.072
    53  C   3.923    C   47 1.532    C   52 1.180    CL  54 1.010    S   48 0.073
    54  CL  1.172    C   53 1.010    C   47 0.055
    55  CL  1.168    C   52 1.005    C   49 0.054
    56  C   3.931    C   46 1.353    C   33 1.235    S   57 1.078    C   44 0.053
    57  S   2.430    C   56 1.078    C   31 1.059    C   32 0.071
    58  C   3.939    C   59 1.603    C   45 1.184    H  171 0.932    S   60 0.072
    59  C   3.910    C   58 1.603    C   61 1.079    S   60 1.043
    60  S   2.423    C   44 1.077    C   59 1.043    C   58 0.072
    61  C   3.906    C   62 1.593    C   59 1.079    S   87 1.044
    62  C   3.944    C   61 1.593    C   63 1.192    H  172 0.929    S   87 0.073
    63  C   3.933    C   64 1.241    C   86 1.238    C   62 1.192
    64  C   3.930    C   74 1.359    C   63 1.241    C   65 1.043    C   76 0.076
    65  C   3.932    C   72 1.517    S   66 1.104    C   64 1.043    C   67 0.103    CL  73 0.054
    66  S   2.556    C   67 1.124    C   65 1.104    C   70 0.072    C   72 0.072
    67  C   3.916    C   70 1.555    S   66 1.124    C   68 0.997    C   65 0.103    CL  71 0.054
    68  C   3.968    C   67 0.997    C   69 0.985    H  174 0.965    H  173 0.961
    69  C   3.981    C   68 0.985    H  177 0.984    H  175 0.984    H  176 0.978
    70  C   3.930    C   67 1.555    C   72 1.186    CL  71 1.005    S   66 0.072
    71  CL  1.168    C   70 1.005    C   67 0.054
    72  C   3.919    C   65 1.517    C   70 1.186    CL  73 1.010    S   66 0.072
    73  CL  1.173    C   72 1.010    C   65 0.054
    74  C   3.929    C   64 1.359    C   75 1.236    S   90 1.069    C   86 0.053
    75  C   3.935    C   76 1.244    C   74 1.236    C   88 1.193
    76  C   3.929    C   86 1.354    C   75 1.244    C   77 1.042    C   64 0.076
    77  C   3.932    C   83 1.519    S   78 1.103    C   76 1.042    C   79 0.103    CL  84 0.054
    78  S   2.555    C   79 1.124    C   77 1.103    C   83 0.072    C   82 0.072
    79  C   3.915    C   82 1.555    S   78 1.124    C   80 0.997    C   77 0.103    CL  85 0.054
    80  C   3.967    C   79 0.997    C   81 0.984    H  178 0.965    H  179 0.961
    81  C   3.980    C   80 0.984    H  181 0.984    H  182 0.984    H  180 0.978
    82  C   3.930    C   79 1.555    C   83 1.185    CL  85 1.005    S   78 0.072
    83  C   3.919    C   77 1.519    C   82 1.185    CL  84 1.010    S   78 0.072
    84  CL  1.173    C   83 1.010    C   77 0.054
    85  CL  1.168    C   82 1.005    C   79 0.054
    86  C   3.931    C   76 1.354    C   63 1.238    S   87 1.072    C   74 0.053
    87  S   2.420    C   86 1.072    C   61 1.044    C   62 0.073
    88  C   3.947    C   89 1.584    C   75 1.193    H  183 0.929    S   90 0.071
    89  C   3.906    C   88 1.584    C   91 1.095    S   90 1.035
    90  S   2.413    C   74 1.069    C   89 1.035    C   88 0.071
    91  C   3.899    C   95 1.463    C   89 1.095    S   92 1.078    C   93 0.090
    92  S   2.520    C   93 1.124    C   91 1.078    C   94 0.051
    93  C   3.906    C   94 1.338    C  104 1.166    S   92 1.124    C   91 0.090    C   97 0.056
    94  C   3.925    C   93 1.338    C   95 1.160    C  102 1.159    S   92 0.051
    95  C   3.932    C   91 1.463    C   94 1.160    S   96 1.072
    96  S   2.446    C   95 1.072    C   97 1.051    C  102 0.074
    97  C   3.912    C  102 1.519    S   96 1.051    C   98 1.036    O   99 0.076    C   93 0.056
    98  C   3.898    O   99 1.828    C   97 1.036    C  100 0.936
    99  O   2.154    C   98 1.828    C   97 0.076    C  100 0.071    C  102 0.067
   100  C   3.970    C  101 0.988    H  185 0.963    H  184 0.961    C   98 0.936    O   99 0.071
   101  C   3.983    C  100 0.988    H  187 0.985    H  188 0.983    H  186 0.980
   102  C   3.915    C   97 1.519    C   94 1.159    F  103 0.989    S   96 0.074    O   99 0.067
   103  F   1.143    C  102 0.989
   104  C   3.918    C  105 1.525    C   93 1.166    S  130 1.043
   105  C   3.928    C  104 1.525    C  106 1.211    H  189 0.931    S  130 0.064
   106  C   3.935    C  107 1.239    C  129 1.228    C  105 1.211
   107  C   3.915    C  117 1.357    C  106 1.239    C  108 1.045    C  119 0.078
   108  C   3.932    C  115 1.516    S  109 1.102    C  107 1.045    C  110 0.103    CL 116 0.055
   109  S   2.547    C  110 1.127    C  108 1.102    C  115 0.073    C  113 0.071
   110  C   3.915    C  113 1.552    S  109 1.127    C  111 0.998    C  108 0.103    CL 114 0.055
   111  C   3.968    C  110 0.998    C  112 0.984    H  190 0.965    H  191 0.961
   112  C   3.980    C  111 0.984    H  192 0.984    H  193 0.984    H  194 0.978
   113  C   3.930    C  110 1.552    C  115 1.186    CL 114 1.007    S  109 0.071
   114  CL  1.171    C  113 1.007    C  110 0.055
   115  C   3.922    C  108 1.516    C  113 1.186    CL 116 1.011    S  109 0.073
   116  CL  1.177    C  115 1.011    C  108 0.055
   117  C   3.929    C  107 1.357    C  118 1.235    S  133 1.073    C  129 0.051
   118  C   3.930    C  119 1.240    C  117 1.235    C  131 1.202
   119  C   3.925    C  129 1.365    C  118 1.240    C  120 1.041    C  107 0.078
   120  C   3.932    C  126 1.515    S  121 1.105    C  119 1.041    C  122 0.104    CL 127 0.054
   121  S   2.557    C  122 1.132    C  120 1.105    C  126 0.074    C  125 0.072
   122  C   3.916    C  125 1.550    S  121 1.132    C  123 0.996    C  120 0.104    CL 128 0.054
   123  C   3.967    C  122 0.996    C  124 0.985    H  195 0.965    H  196 0.960
   124  C   3.980    C  123 0.985    H  198 0.982    H  199 0.980    H  197 0.976
   125  C   3.928    C  122 1.550    C  126 1.191    CL 128 1.003    S  121 0.072
   126  C   3.923    C  120 1.515    C  125 1.191    CL 127 1.007    S  121 0.074
   127  CL  1.176    C  126 1.007    C  120 0.054
   128  CL  1.171    C  125 1.003    C  122 0.054
   129  C   3.923    C  119 1.365    C  106 1.228    S  130 1.071    C  117 0.051
   130  S   2.407    C  129 1.071    C  104 1.043    C  105 0.064
   131  C   3.957    C  132 1.556    C  118 1.202    H  200 0.930    S  133 0.069
   132  C   3.919    C  131 1.556    C  134 1.122    S  133 1.062
   133  S   2.429    C  117 1.073    C  132 1.062    C  131 0.069
   134  C   3.940    C  138 1.448    C  132 1.122    S  135 1.118    C  136 0.110
   135  S   2.628    C  136 1.229    C  134 1.118    C  137 0.066    C  138 0.055
   136  C   3.915    C  137 1.471    S  135 1.229    H  201 0.950    C  134 0.110    C  140 0.063
   137  C   3.951    C  136 1.471    C  138 1.156    C  145 1.122    S  135 0.066
   138  C   3.926    C  134 1.448    C  137 1.156    S  139 1.072    S  135 0.055
   139  S   2.452    C  138 1.072    C  140 1.035    C  145 0.079
   140  C   3.926    C  145 1.560    S  139 1.035    C  141 1.027    O  142 0.073    C  136 0.063
   141  C   3.900    O  142 1.830    C  140 1.027    C  143 0.942
   142  O   2.171    C  141 1.830    C  145 0.086    C  140 0.073    C  143 0.071
   143  C   3.971    C  144 1.004    H  202 0.951    H  203 0.951    C  141 0.942    O  142 0.071
   144  C   3.985    C  143 1.004    H  204 0.985    H  206 0.983    H  205 0.981
   145  C   3.912    C  140 1.560    C  137 1.122    F  146 0.979    O  142 0.086    S  139 0.079
   146  F   1.126    C  145 0.979
   147  H   0.994    C    1 0.950
   148  H   0.995    C    2 0.936
   149  H   0.997    C    8 0.960
   150  H   0.997    C    8 0.963
   151  H   0.996    C    9 0.976
   152  H   0.999    C    9 0.980
   153  H   0.999    C    9 0.981
   154  H   0.997    C   20 0.962
   155  H   0.997    C   20 0.964
   156  H   0.999    C   21 0.984
   157  H   0.999    C   21 0.984
   158  H   0.996    C   21 0.978
   159  H   0.995    C   28 0.933
   160  H   0.994    C   32 0.931
   161  H   0.995    C   38 0.947
   162  H   0.998    C   38 0.961
   163  H   0.997    C   39 0.979
   164  H   0.999    C   39 0.983
   165  H   0.999    C   39 0.984
   166  H   0.997    C   50 0.962
   167  H   0.997    C   50 0.964
   168  H   0.999    C   51 0.984
   169  H   0.996    C   51 0.978
   170  H   0.999    C   51 0.984
   171  H   0.995    C   58 0.932
   172  H   0.994    C   62 0.929
   173  H   0.997    C   68 0.961
   174  H   0.997    C   68 0.965
   175  H   0.999    C   69 0.984
   176  H   0.996    C   69 0.978
   177  H   0.999    C   69 0.984
   178  H   0.997    C   80 0.965
   179  H   0.997    C   80 0.961
   180  H   0.996    C   81 0.978
   181  H   0.999    C   81 0.984
   182  H   0.999    C   81 0.984
   183  H   0.994    C   88 0.929
   184  H   0.998    C  100 0.961
   185  H   0.996    C  100 0.963
   186  H   0.998    C  101 0.980
   187  H   0.999    C  101 0.985
   188  H   0.999    C  101 0.983
   189  H   0.994    C  105 0.931
   190  H   0.997    C  111 0.965
   191  H   0.997    C  111 0.961
   192  H   0.999    C  112 0.984
   193  H   0.999    C  112 0.984
   194  H   0.996    C  112 0.978
   195  H   0.997    C  123 0.965
   196  H   0.997    C  123 0.960
   197  H   0.996    C  124 0.976
   198  H   0.999    C  124 0.982
   199  H   0.999    C  124 0.980
   200  H   0.995    C  131 0.930
   201  H   0.994    C  136 0.950
   202  H   0.998    C  143 0.951
   203  H   0.998    C  143 0.951
   204  H   0.999    C  144 0.985
   205  H   0.997    C  144 0.981
   206  H   0.999    C  144 0.983
 
 --------------------------------------------
          xTB calculation for sTDA...
 --------------------------------------------
 
 reading parameter file /ihome/ghutchison/blp62/xtb4stda/.param_stda2.xtb
 
      method parameters     
 k(s)        :  1.6000
 k(p)        :  2.1800
 k(d)        :  1.9500
 k(f)        :  2.0000
 k(R-V)      :  2.2750
 k(R-R)      :  1.7650
 Tscal       :  0.2580
 Gscal       :  1.0000
 fpol        :  1.0000
 Zcnf        :  0.3430
 Zqf         :  0.0000
 kcn         :  2.7000
 Ryd Hsplit  :  0.7000
 lshift(virt):  3.1000
 lshift(OS)  :  0.2000
 wllscaling  :  2.6000
 
 mowrcut     : 3.000
 
  Z AO/shell   Hii/eV     exponent
  1     Sun Feb 14 09:53:25 CET 2016    EN: 2.327 GAM: 0.473  GM3: 0.0000
     1s    -14.339618    1.220000
     2sp    -3.348946    0.600000
  6     Sun Feb 14 09:53:25 CET 2016    EN: 2.731 GAM: 0.422  GM3: 0.0000
     2s    -22.009312    1.565095
     2p    -13.020408    1.596905
     3sp    -3.914040    0.824500
  8     Sun Feb 14 09:53:25 CET 2016    EN: 3.700 GAM: 0.587  GM3: 0.0000
     2s    -33.859000    2.418661
     2p    -22.175911    1.973969
     3sp    -4.259392    1.013700
  9     Sun Feb 21 12:20:01 CET 2016    EN: 3.394 GAM: 0.600  GM3: 0.0000
     2s    -26.548112    1.943768
     2p    -23.081168    2.552035
     3sp    -1.937199    1.103200
 16     Sun Feb 21 16:35:57 CET 2016    EN: 1.915 GAM: 0.200  GM3: 0.0000
     3s    -17.898811    2.619580
     3p    -15.317401    1.798798
     4sp    -4.455139    0.843200
 17     Sun Feb 21 16:32:04 CET 2016    EN: 2.375 GAM: 0.300  GM3: 0.0000
     3s    -29.486180    2.293696
     3p    -18.696427    2.332982
     4sp    -5.680125    0.918900
 
 Nbf   :         1468
 T(el) :     0.0
 calculating S/T integrals ...
 cpu time for ints    3.09612000000000     
 Nao   :         1468
 making H0...
 making H1...
 cpu time for H      6.122399999999928E-002
 solving ...
 cpu time for diag    1.05893900000000     
 
 gap (eV)           :   5.107
 Koopmans IP (eV)   :  13.374
 Eel (Eh)           :  -622.547416

          eigenvalues
 #    :         359        360        361        362        363        364        365        366
 occ. :        2.000      2.000      2.000      2.000      2.000      2.000      2.000      2.000
 eps  :       -15.157    -15.103    -15.086    -14.937    -14.932    -14.786    -14.518    -14.149
 #    :         367        368        369        370        371        372        373        374
 occ. :        2.000      2.000      2.000      2.000      2.000      0.000      0.000      0.000
 eps  :       -14.077    -14.023    -13.864    -13.760    -13.375     -8.268     -7.961     -7.877
 #    :         375        376        377        378        379        380        381        382
 occ. :        0.000      0.000      0.000      0.000      0.000      0.000      0.000      0.000
 eps  :        -7.543     -7.226     -7.055     -6.696     -6.573     -6.460     -6.412     -6.363
                            1  SCC done.
 writing mo output ...
 molden style : F
 
speedup  3.07
cpu  time for all   12.24 s
wall time for all    3.99 s
