 
        ______________________________________
       |                                      |
       |          ===================         |
       |             xTB for sTDA             |
       |          ===================         |
       |               S. Grimme              |
       |        Universitaet Bonn, MCTC       |
       |         2015-19, Version 1.0         |
       |     Wed Apr  3 09:14:55 CEST 2019    |
       |______________________________________|
 
        This code comes without any warranty
        for non-commercial, academia use only.
        Preliminary test version.
        Cite this work as:
        S. Grimme  &  C. Bannwarth, JCP 145 (2016) 054103
        if GBSA is used additionally:
        P. Shushkov, F. März, C. Bannwarth, S. Grimme, unpublished.
 
        with help from
        P. Shushkov, G. Brandenburg, S. Dohm, J. Pisarek,
        F. März, M. Checinski, S. Ehrlich, S. Spicher, 
        P. Pracht, E. Caldeweyher, S. Ehlert, and C. Bannwarth.
 
        usage        :
        xtb4stda <coord_file> [options]
        where <coord_file> is a valid file of TM)
        (*coord, Bohr) or xmol (*xyz, Angstroem)
        format.

        options:
        -chrg <int>   : molecular charge
        -uhf  <int>   : # of unpaired electrons(=2*S)
        -nox          : skip second, extended part in sTDA-xTB
        -pop          : do population analysis
                      : (default for -nox)
        -mowr <real>  : cut MO write above (def.3 Eh)
        -molden       : write formatted molden file
        -parx <file>  : read parameters for sTDA-xTB
                        calc (def:~/.param_stda2.xtb)
        -parv <file>  : read parameters for vTB part in
                        sTDA-xTB (def: ~/.param_stda1.xtb)
        -xtemp <real> : el. temp for xTB (def. 0 K)
        -etemp <real> : el. temp for GFN (def. 300 K)
        -fod          : calculate the FOD and write
                        molden.input file with
                        appropriate occupations
                        for plotting. Def. T=12500 K
 
        -acc <real>   : xTB accuracy (def. 1.0)
        -gbsa [string1] [string2]
                        use GBSA implicit solvent
                        for solvent [string1] and
                        solvation state [string2]=
                        reference, bar1M (default=1M)
        additional GFN/opt/MD/siman options read from
        $XTB4STDAHOME/.xtb4stdarc or $set in input
 
       spin and charge state information can be on:
       <.CHRG> (charge) and <.UHF> (=nalpha-nbeta)
       -uhf and -chrg override the file info.
       useful machine settings:
       setenv MKL_NUM_THREADS <NCORE_ON_YOUR_MACHINE>
       setenv OMP_STACKSIZE 500m
       limit stacksize unlimited
 
       total energies in Eh, gaps/HL energies in eV
       please read REVISION and HOWTO files carefully
 =============================
  # OMP threads =           8
 =============================
 
 xtb4stdahome directory:/ihome/ghutchison/blp62/xtb4stda/
 
 
 name of molecule           :
 comment line               :
 number of atoms            :   231
 number of electrons        :   828
 charge                     :  0
 spin                       : 0.0
 first test random number   :  0.1351
 
 -----------------------------------------
      charge density (VTB) calculation
 -----------------------------------------
 
      method parameters     
 k(s)        :  1.8000
 k(p)        :  2.8350
 k(d)        :  2.0860
 k(f)        :  2.0000
 Tscal       :  0.3300
 Gscal       :  0.3910
 fpol        :  1.0000
 Zcnf        :  0.6500
 Zqf         :  0.0000
 kcn         :  0.3000
 kEN1        : -0.5900
 wllscal     :  2.6000
 
     -------------------------
     ! NO SOLVENT MODEL USED !
     -------------------------
 
 doing EN charges ...
 sum q : -0.2886580D-14
 point charge moment (au)
     X       Y       Z   
  -0.0070  -0.3415  -0.0733  total (Debye):    0.888
 
            Z      q(EN)   CN      Cart. coordinates
     1  C   4.0  -0.166   3.158    11.47234    -5.24248     6.54355
     2  C   4.0  -0.095   3.349     9.74569    -3.38393     6.78034
     3  C   4.0  -0.021   3.459     7.24823    -4.31179     7.17359
     4  C   4.0  -0.012   3.337     4.98377    -2.94759     7.42284
     5  C   4.0  -0.093   3.314     4.84375    -0.22639     7.08572
     6  S   6.0   0.216   2.801     3.02715     1.63140     9.10224
     7  C   4.0  -0.083   3.266     3.56232     4.33976     7.35330
     8  C   4.0  -0.183   4.102     2.29432     6.77618     7.97200
     9  C   4.0  -0.246   4.031     4.05006     8.65343     9.28933
    10  C   4.0  -0.095   3.441     5.13042     3.82499     5.37438
    11  CL  7.0   0.091   1.298     6.10306     6.06678     3.24126
    12  C   4.0  -0.093   3.433     5.83226     1.23890     5.19486
    13  CL  7.0   0.097   1.291     7.49371     0.09071     2.65318
    14  C   4.0  -0.087   3.322     2.80927    -4.34354     7.92230
    15  C   4.0  -0.020   3.457     2.78168    -7.01221     8.07877
    16  C   4.0  -0.012   3.341     5.03725    -8.37791     7.76810
    17  C   4.0  -0.095   3.318     5.07883   -11.12142     7.90926
    18  S   6.0   0.221   2.651     3.15017   -12.95634     5.98079
    19  C   4.0  -0.085   3.267     4.32388   -15.74973     7.21006
    20  C   4.0  -0.182   4.099     3.32252   -18.24512     6.38236
    21  C   4.0  -0.244   4.032     0.96867   -18.96302     7.90246
    22  C   4.0  -0.095   3.434     6.08416   -15.25746     9.02401
    23  C   4.0  -0.094   3.436     6.52692   -12.63849     9.41783
    24  CL  7.0   0.088   1.285     8.55781   -11.54679    11.68966
    25  CL  7.0   0.088   1.223     7.64923   -17.55461    10.69169
    26  C   4.0  -0.092   3.320     7.21819    -6.98632     7.32250
    27  S   6.0   0.218   2.566    10.21548    -8.24091     6.81171
    28  C   4.0  -0.091   3.382     0.33184    -7.96293     8.59069
    29  C   4.0  -0.090   3.283    -1.45962    -6.12347     8.83050
    30  S   6.0   0.205   2.894    -0.20201    -3.10199     8.39284
    31  C   4.0  -0.102   3.353    -4.07897    -6.48422     9.35018
    32  S   6.0   0.216   2.648    -5.40726    -9.46167     8.86130
    33  C   4.0  -0.100   3.303    -8.38925    -8.39360     9.72510
    34  C   4.0  -0.113   3.498    -8.30251    -5.90917    10.43129
    35  C   4.0  -0.108   3.431    -5.87346    -4.79575    10.18638
    36  S   6.0   0.190   2.521    -5.21527    -1.57830    10.67147
    37  C   4.0  -0.245   4.068    -6.86613    -0.85038    13.66234
    38  C   4.0   0.109   3.219    -7.37938    -3.24938    15.09891
    39  O   6.0  -0.111   1.060    -5.77992    -4.39267    16.23728
    40  C   4.0  -0.245   4.054   -10.06487    -4.17932    14.89255
    41  S   6.0   0.193   2.489   -10.99688    -4.28117    11.55889
    42  C   4.0  -0.080   3.183   -10.55582   -10.06525     9.54406
    43  C   4.0  -0.078   3.166   -12.49695    -9.78349     7.93647
    44  C   4.0  -0.082   3.187   -12.81178    -7.90831     6.00215
    45  C   4.0  -0.091   3.373   -14.52670    -8.03682     4.07425
    46  C   4.0  -0.019   3.448   -14.32318    -6.04467     2.29205
    47  C   4.0  -0.011   3.332   -15.68945    -5.67296     0.03798
    48  C   4.0  -0.095   3.315   -17.62774    -7.42738    -0.79520
    49  S   6.0   0.220   2.650   -17.06290   -10.65957    -1.00401
    50  C   4.0  -0.085   3.266   -20.06889   -11.26711    -2.13822
    51  C   4.0  -0.182   4.099   -20.86220   -13.86700    -2.86275
    52  C   4.0  -0.244   4.032   -20.15884   -14.42844    -5.61173
    53  C   4.0  -0.095   3.433   -21.40625    -9.07541    -2.34118
    54  CL  7.0   0.088   1.223   -24.46987    -8.92159    -3.38998
    55  C   4.0  -0.094   3.438   -20.03298    -6.89731    -1.58113
    56  CL  7.0   0.088   1.283   -21.36090    -3.94499    -1.51896
    57  C   4.0  -0.088   3.317   -15.03220    -3.58122    -1.41314
    58  C   4.0  -0.019   3.460   -13.21353    -1.78863    -0.61624
    59  C   4.0  -0.012   3.345   -11.89923    -2.10289     1.66938
    60  C   4.0  -0.092   3.311   -10.01574    -0.28856     2.50181
    61  S   6.0   0.216   2.758    -7.05265    -1.26215     3.56553
    62  C   4.0  -0.084   3.268    -6.02898     1.80922     4.01661
    63  C   4.0  -0.185   4.106    -3.41190     2.38276     4.87341
    64  C   4.0  -0.247   4.038    -1.54410     2.25633     2.66905
    65  C   4.0  -0.096   3.439    -7.89603     3.46670     3.38393
    66  C   4.0  -0.093   3.428   -10.16200     2.29658     2.55056
    67  CL  7.0   0.091   1.250   -12.82840     4.01812     1.86799
    68  CL  7.0   0.091   1.240    -7.57024     6.68377     3.54853
    69  C   4.0  -0.090   3.325   -12.42892    -4.29610     3.00655
    70  S   6.0   0.214   2.888   -10.88841    -5.23360     5.73607
    71  C   4.0  -0.096   3.429   -12.75886     0.05537    -2.48952
    72  C   4.0  -0.096   3.293   -14.08602    -0.31162    -4.66460
    73  S   6.0   0.215   2.591   -16.07439    -2.93304    -4.48281
    74  C   4.0  -0.088   3.261   -13.52137     1.20205    -6.85234
    75  C   4.0  -0.089   3.356   -12.64453     0.47640    -9.15931
    76  C   4.0  -0.019   3.443   -11.13578     2.35838   -10.35230
    77  C   4.0  -0.012   3.334    -9.44164     2.05281   -12.38696
    78  C   4.0  -0.095   3.314    -9.41745    -0.14192   -14.02914
    79  S   6.0   0.221   2.656    -9.62551    -3.23597   -12.93895
    80  C   4.0  -0.085   3.266    -9.31748    -4.48829   -15.94192
    81  C   4.0  -0.182   4.099    -9.45090    -7.26222   -16.38789
    82  C   4.0  -0.244   4.032   -12.19402    -8.12601   -16.69837
    83  C   4.0  -0.095   3.434    -9.09412    -2.59800   -17.67650
    84  CL  7.0   0.088   1.224    -8.78458    -3.10066   -20.86390
    85  C   4.0  -0.095   3.446    -9.12586    -0.13946   -16.60275
    86  CL  7.0   0.088   1.287    -8.97204     2.53601   -18.41916
    87  C   4.0  -0.088   3.323    -7.55588     3.87828   -12.62545
    88  C   4.0  -0.020   3.469    -7.51147     6.11969   -11.17225
    89  C   4.0  -0.013   3.359    -9.37644     6.57209    -9.33562
    90  C   4.0  -0.093   3.325    -9.13928     8.71258    -7.63128
    91  S   6.0   0.216   2.770    -8.90344     8.25319    -4.37925
    92  C   4.0  -0.084   3.268    -8.37545    11.43020    -3.81838
    93  C   4.0  -0.184   4.107    -8.09483    12.38224    -1.18750
    94  C   4.0  -0.245   4.036   -10.65390    12.47843     0.15477
    95  C   4.0  -0.095   3.427    -8.40172    12.74979    -6.02993
    96  C   4.0  -0.093   3.430    -8.80461    11.21080    -8.19593
    97  CL  7.0   0.090   1.230    -8.94747    12.41191   -11.20475
    98  CL  7.0   0.088   1.226    -7.95745    15.95515    -6.23591
    99  C   4.0  -0.090   3.326   -11.05849     4.61244    -8.90477
   100  S   6.0   0.213   2.745   -12.95143     4.40552    -6.23307
   101  C   4.0  -0.091   3.393    -5.13552     7.33251   -11.25388
   102  C   4.0  -0.089   3.261    -3.32837     5.96643   -12.49128
   103  S   6.0   0.210   2.642    -4.64249     3.38922   -14.11172
   104  C   4.0  -0.091   3.262    -0.70770     6.11572   -11.83252
   105  C   4.0  -0.093   3.411     0.02116     7.12257    -9.56787
   106  C   4.0  -0.020   3.469     2.50502     6.49952    -8.84807
   107  C   4.0  -0.012   3.348     3.63923     7.02959    -6.50595
   108  C   4.0  -0.094   3.315     2.34194     8.60260    -4.67046
   109  S   6.0   0.218   2.743     1.87650     7.59027    -1.57830
   110  C   4.0  -0.084   3.269     0.09713    10.22493    -0.82165
   111  C   4.0  -0.183   4.102    -0.87362    10.63916     1.78636
   112  C   4.0  -0.245   4.036     1.04256    12.13714     3.35332
   113  C   4.0  -0.095   3.433    -0.08390    11.79850    -2.85386
   114  CL  7.0   0.090   1.239    -1.71700    14.59964    -2.83667
   115  C   4.0  -0.093   3.434     1.18051    10.88633    -5.03706
   116  CL  7.0   0.091   1.245     1.32923    12.60145    -7.78945
   117  C   4.0  -0.091   3.318     5.90407     5.81204    -6.01122
   118  C   4.0  -0.020   3.454     7.11690     4.21466    -7.78548
   119  C   4.0  -0.012   3.334     6.03068     3.79778   -10.18033
   120  C   4.0  -0.095   3.314     7.27658     2.17753   -12.01903
   121  S   6.0   0.220   2.651    10.33756     2.83516   -13.02210
   122  C   4.0  -0.085   3.266    10.38990     0.26135   -15.03749
   123  C   4.0  -0.182   4.099    12.60674    -0.26173   -16.68893
   124  C   4.0  -0.244   4.032    12.35786     1.12325   -19.21606
   125  C   4.0  -0.095   3.435     8.15284    -1.00874   -14.92128
   126  C   4.0  -0.094   3.433     6.38614     0.06312   -13.20559
   127  CL  7.0   0.087   1.291     3.51319    -1.30448   -12.60069
   128  CL  7.0   0.088   1.224     7.50013    -3.67344   -16.64849
   129  C   4.0  -0.087   3.307     3.70330     4.92009   -10.64615
   130  S   6.0   0.211   2.631     1.75688     4.45578   -13.27627
   131  C   4.0  -0.090   3.366     9.26911     3.02129    -6.72251
   132  C   4.0  -0.091   3.270     9.68919     3.66493    -4.26265
   133  S   6.0   0.215   2.698     7.50977     5.89519    -3.15395
   134  C   4.0  -0.093   3.282    11.46081     2.63617    -2.51409
   135  C   4.0  -0.097   3.413    11.67510     3.25505    -0.02400
   136  C   4.0  -0.021   3.458    13.43538     1.75045     1.31468
   137  C   4.0  -0.013   3.341    14.00438     1.80658     3.90890
   138  C   4.0  -0.093   3.316    12.94330     3.69819     5.58868
   139  S   6.0   0.221   2.803    11.72991     2.84706     8.52644
   140  C   4.0  -0.084   3.264    11.09420     5.93979     9.34696
   141  C   4.0  -0.181   4.102    10.12647     6.60403    11.90508
   142  C   4.0  -0.247   4.052     8.61658     4.46372    13.10034
   143  C   4.0  -0.096   3.443    11.74502     7.51846     7.41850
   144  CL  7.0   0.088   1.228    11.36727    10.73988     7.53018
   145  C   4.0  -0.093   3.432    12.80554     6.26520     5.29426
   146  CL  7.0   0.091   1.249    13.99437     7.90416     2.75994
   147  C   4.0  -0.091   3.322    15.65373    -0.04176     4.79518
   148  C   4.0  -0.022   3.469    16.77226    -1.87952     3.21027
   149  C   4.0  -0.012   3.343    16.19533    -1.93376     0.62191
   150  C   4.0  -0.096   3.320    17.22069    -3.87715    -1.02763
   151  S   6.0   0.218   2.681    18.85776    -3.12655    -3.77227
   152  C   4.0  -0.084   3.267    19.33001    -6.27427    -4.52287
   153  C   4.0  -0.182   4.099    20.82024    -7.02562    -6.78771
   154  C   4.0  -0.244   4.032    23.65181    -7.05605    -6.19925
   155  C   4.0  -0.094   3.429    18.27422    -7.79304    -2.73009
   156  C   4.0  -0.093   3.431    17.06838    -6.44075    -0.74928
   157  CL  7.0   0.091   1.247    15.46249    -7.91795     1.65275
   158  CL  7.0   0.088   1.220    18.35226   -11.03449    -2.82779
   159  C   4.0  -0.091   3.320    14.55713    -0.09222    -0.27023
   160  S   6.0   0.214   2.610    13.47375     0.15080    -3.37014
   161  C   4.0  -0.091   3.332    18.47887    -3.46481     4.56614
   162  C   4.0  -0.163   3.149    18.61815    -2.87597     7.04093
   163  S   6.0   0.212   2.591    16.70820    -0.36453     7.89962
   164  H   1.0   0.076   1.018    13.46562    -5.06069     6.23175
   165  H   1.0   0.081   1.017    10.21491    -1.41238     6.72931
   166  H   1.0   0.082   1.007     0.66594     6.39011     9.17594
   167  H   1.0   0.082   1.007     1.62687     7.60709     6.20586
   168  H   1.0   0.082   1.002     5.74042     8.95881     8.16494
   169  H   1.0   0.082   1.000     4.58958     7.94346    11.13748
   170  H   1.0   0.081   0.999     3.09197    10.45321     9.53499
   171  H   1.0   0.081   1.006     2.84782   -18.16348     4.37736
   172  H   1.0   0.081   1.006     4.78630   -19.67148     6.66091
   173  H   1.0   0.081   0.999     0.25946   -20.78831     7.28489
   174  H   1.0   0.081   1.000    -0.50626   -17.55650     7.63846
   175  H   1.0   0.082   1.000     1.42202   -19.07470     9.90273
   176  H   1.0   0.080   1.011    -0.09014    -9.93788     8.80971
   177  H   1.0   0.080   1.019    -5.53557     0.33637    14.69167
   178  H   1.0   0.081   1.017    -8.58616     0.18009    13.20522
   179  H   1.0   0.080   1.018   -11.36576    -2.85972    15.79131
   180  H   1.0   0.080   1.013   -10.26216    -6.05128    15.73065
   181  H   1.0   0.074   1.006   -10.49478   -11.72480    10.73799
   182  H   1.0   0.074   1.007   -13.97830   -11.19398     7.96576
   183  H   1.0   0.079   1.009   -15.87804    -9.54482     3.91173
   184  H   1.0   0.081   1.006   -22.90556   -14.02555    -2.62823
   185  H   1.0   0.081   1.006   -19.94284   -15.23554    -1.62403
   186  H   1.0   0.082   1.000   -21.08103   -13.09089    -6.86840
   187  H   1.0   0.081   1.000   -18.12587   -14.28104    -5.87195
   188  H   1.0   0.081   0.999   -20.75429   -16.32704    -6.11818
   189  H   1.0   0.082   1.011    -2.85349     1.02971     6.32548
   190  H   1.0   0.082   1.007    -3.39187     4.27456     5.69469
   191  H   1.0   0.082   1.001     0.34847     2.71913     3.31496
   192  H   1.0   0.082   1.000    -2.07586     3.58387     1.19298
   193  H   1.0   0.082   1.001    -1.51877     0.36453     1.86988
   194  H   1.0   0.081   1.014   -11.36727     1.52047    -2.30490
   195  H   1.0   0.079   1.013   -12.85751    -1.41654    -9.86078
   196  H   1.0   0.081   1.006    -8.59258    -8.25489   -14.79693
   197  H   1.0   0.081   1.006    -8.38925    -7.70781   -18.09942
   198  H   1.0   0.081   0.999   -12.26205   -10.15085   -17.03267
   199  H   1.0   0.082   1.000   -13.06557    -7.16584   -18.29141
   200  H   1.0   0.081   1.000   -13.27287    -7.69950   -15.00216
   201  H   1.0   0.081   1.007    -6.83363    11.12557    -0.14381
   202  H   1.0   0.082   1.008    -7.25976    14.26630    -1.24816
   203  H   1.0   0.081   0.999   -11.94250    13.72621    -0.84660
   204  H   1.0   0.081   0.999   -10.41730    13.17385     2.07265
   205  H   1.0   0.081   1.001   -11.48273    10.59966     0.23263
   206  H   1.0   0.082   1.009    -4.73206     9.03138   -10.22247
   207  H   1.0   0.082   1.011    -1.25610     8.10012    -8.33464
   208  H   1.0   0.082   1.006    -1.24438     8.81557     2.67566
   209  H   1.0   0.082   1.006    -2.64240    11.69532     1.68223
   210  H   1.0   0.082   0.999     0.33486    12.41531     5.26119
   211  H   1.0   0.082   1.001     2.83610    11.13842     3.44270
   212  H   1.0   0.082   1.000     1.36608    13.97679     2.49973
   213  H   1.0   0.081   1.006    14.33017     0.34790   -15.73499
   214  H   1.0   0.081   1.006    12.71653    -2.29432   -17.02605
   215  H   1.0   0.082   1.000    10.65503     0.51873   -20.19286
   216  H   1.0   0.081   1.000    12.25468     3.15263   -18.91011
   217  H   1.0   0.081   0.999    13.98038     0.71621   -20.40658
   218  H   1.0   0.079   1.009    10.42089     1.67071    -7.71159
   219  H   1.0   0.081   1.017    10.53806     4.69975     0.83469
   220  H   1.0   0.082   1.006     8.98527     8.31593    11.75447
   221  H   1.0   0.080   1.004    11.74389     7.05302    13.11659
   222  H   1.0   0.082   1.003     7.02014     3.94953    11.91491
   223  H   1.0   0.082   0.999     7.91568     5.03253    14.94509
   224  H   1.0   0.081   1.003     9.80220     2.80171    13.33750
   225  H   1.0   0.081   1.006    20.45156    -5.69658    -8.32065
   226  H   1.0   0.081   1.006    20.21818    -8.90703    -7.38146
   227  H   1.0   0.081   0.999    24.04979    -8.38698    -4.68595
   228  H   1.0   0.081   1.000    24.27731    -5.18805    -5.61456
   229  H   1.0   0.081   0.999    24.71289    -7.61692    -7.86523
   230  H   1.0   0.079   1.007    19.55356    -4.95127     3.69649
   231  H   1.0   0.075   1.014    19.74575    -3.76490     8.47126
 
  Z AO/shell   Hii/eV     exponent
  1     Sat Feb 20 21:38:01 CET 2016    EN: 2.327 GAM: 0.473  GM3: 0.0000
     1s    -13.751157    1.051071
  6     Sat Feb 20 21:38:01 CET 2016    EN: 2.731 GAM: 0.422  GM3: 0.0000
     2s    -19.378245    2.021003
     2p    -11.993376    1.497917
  8     Sat Feb 20 21:38:01 CET 2016    EN: 3.700 GAM: 0.587  GM3: 0.0000
     2s    -21.648843    2.110798
     2p    -17.239740    2.329048
 16     Sat Feb 20 23:13:41 CET 2016    EN: 1.915 GAM: 0.389  GM3: 0.0000
     3s    -22.000000    2.671470
     3p    -15.834192    1.836978
     3d     -2.593599    1.836978
 17     Sat Feb 20 23:13:41 CET 2016    EN: 2.375 GAM: 0.431  GM3: 0.0000
     3s    -21.000000    2.596786
     3p    -17.375270    2.088291
     3d     -1.372943    2.088291
 
 dipole moment of classical point charges (au)
     X       Y       Z   
  -0.0070  -0.3415  -0.0733  total (Debye):    0.888

 
 Nbf   :          978
 T(el) :   300.0
 calculating S/T integrals ...
 cpu time for ints    1.52410000000000     
 Nao   :          935
 making H0...
 making H1...
 cpu time for H      4.612700000000003E-002
 solving ...
 cpu time for diag    1.39529700000000     
 
 gap (eV)           :   2.825
 Koopmans IP (eV)   :  11.908
 Eel (Eh)           :  -632.873148
 T,E(Fermi),NFOD :    300.000   -10.496  0.000000
 T,E(Fermi),NFOD :    300.000   -10.496  0.000000
 Nfod               :  0.0000
 Nfod/Nel           :  0.0000

          eigenvalues
 #    :         402        403        404        405        406        407        408        409
 occ. :        2.000      2.000      2.000      2.000      2.000      2.000      2.000      2.000
 eps  :       -13.431    -13.382    -13.308    -13.287    -13.208    -13.120    -12.939    -12.824
 #    :         410        411        412        413        414        415        416        417
 occ. :        2.000      2.000      2.000      2.000      2.000      0.000      0.000      0.000
 eps  :       -12.541    -12.435    -12.289    -12.180    -11.910     -9.084     -9.046     -9.034
 #    :         418        419        420        421        422        423        424        425
 occ. :        0.000      0.000      0.000      0.000      0.000      0.000      0.000      0.000
 eps  :        -8.956     -8.895     -8.869     -8.791     -8.630     -8.521     -8.483     -8.481
                            1  SCC done.
 making H1...
 cpu time for H       2.10349000000000     
 solving ...
 cpu time for diag   0.412034000000000     
 
 gap (eV)           :   3.014
 Koopmans IP (eV)   :  12.163
 Eel (Eh)           :  -634.649148
 T,E(Fermi),NFOD :    300.000   -10.655  0.000000
 T,E(Fermi),NFOD :    300.000   -10.655  0.000000
 Nfod               :  0.0000
 Nfod/Nel           :  0.0000

          eigenvalues
 #    :         402        403        404        405        406        407        408        409
 occ. :        2.000      2.000      2.000      2.000      2.000      2.000      2.000      2.000
 eps  :       -13.780    -13.689    -13.666    -13.620    -13.567    -13.480    -13.292    -13.090
 #    :         410        411        412        413        414        415        416        417
 occ. :        2.000      2.000      2.000      2.000      2.000      0.000      0.000      0.000
 eps  :       -12.763    -12.640    -12.476    -12.364    -12.164     -9.149     -9.066     -9.022
 #    :         418        419        420        421        422        423        424        425
 occ. :        0.000      0.000      0.000      0.000      0.000      0.000      0.000      0.000
 eps  :        -8.980     -8.911     -8.888     -8.862     -8.561     -8.523     -8.469     -8.462
                            2  SCC done.
 
 
 Mulliken/CM5 charges    n(s)   n(p)   n(d)   
    1 C  -0.0534 -0.0929   1.141  2.912  0.000
    2 C  -0.0768 -0.1280   1.137  2.940  0.000
    3 C  -0.0349 -0.0365   1.174  2.861  0.000
    4 C   0.0005  0.0020   1.159  2.840  0.000
    5 C  -0.0399 -0.0268   1.170  2.870  0.000
    6 S   0.1016  0.0632   1.887  3.959  0.052
    7 C  -0.0488 -0.0455   1.192  2.857  0.000
    8 C  -0.0283 -0.1337   1.121  2.908  0.000
    9 C  -0.0914 -0.2440   1.097  2.994  0.000
   10 C  -0.0016 -0.0022   1.149  2.853  0.000
   11 CL -0.0439 -0.0467   1.902  5.137  0.005
   12 C   0.0071  0.0077   1.152  2.841  0.000
   13 CL -0.0372 -0.0391   1.902  5.130  0.005
   14 C  -0.0241 -0.0106   1.182  2.842  0.000
   15 C  -0.0239 -0.0250   1.170  2.854  0.000
   16 C   0.0012  0.0027   1.158  2.841  0.000
   17 C  -0.0465 -0.0333   1.168  2.879  0.000
   18 S   0.0967  0.0587   1.886  3.963  0.054
   19 C  -0.0484 -0.0440   1.189  2.860  0.000
   20 C  -0.0263 -0.1307   1.120  2.906  0.000
   21 C  -0.0885 -0.2396   1.098  2.991  0.000
   22 C  -0.0009 -0.0006   1.147  2.854  0.000
   23 C   0.0093  0.0109   1.150  2.840  0.000
   24 CL -0.0425 -0.0416   1.902  5.135  0.006
   25 CL -0.0496 -0.0508   1.901  5.143  0.005
   26 C  -0.0291 -0.0159   1.177  2.852  0.000
   27 S   0.0849  0.0470   1.883  3.986  0.046
   28 C  -0.0735 -0.1207   1.137  2.936  0.000
   29 C  -0.0112 -0.0000   1.172  2.840  0.000
   30 S   0.0668  0.0317   1.893  3.996  0.044
   31 C  -0.0180 -0.0031   1.166  2.852  0.000
   32 S   0.1070  0.0714   1.889  3.959  0.045
   33 C  -0.0180 -0.0064   1.185  2.833  0.000
   34 C  -0.0545 -0.0392   1.180  2.875  0.000
   35 C  -0.0458 -0.0299   1.182  2.863  0.000
   36 S  -0.0209 -0.0585   1.902  4.084  0.035
   37 C  -0.0571 -0.1409   1.145  2.912  0.000
   38 C   0.1834  0.2091   1.209  2.608  0.000
   39 O  -0.2070 -0.2567   1.624  4.583  0.000
   40 C  -0.0652 -0.1492   1.150  2.915  0.000
   41 S  -0.0545 -0.0933   1.906  4.112  0.036
   42 C  -0.0258 -0.0770   1.135  2.891  0.000
   43 C  -0.0138 -0.0661   1.136  2.878  0.000
   44 C  -0.0168 -0.0108   1.176  2.841  0.000
   45 C  -0.0684 -0.1170   1.141  2.928  0.000
   46 C  -0.0244 -0.0256   1.169  2.855  0.000
   47 C   0.0006  0.0021   1.159  2.840  0.000
   48 C  -0.0468 -0.0336   1.168  2.879  0.000
   49 S   0.0966  0.0585   1.886  3.963  0.054
   50 C  -0.0476 -0.0432   1.189  2.859  0.000
   51 C  -0.0257 -0.1301   1.120  2.906  0.000
   52 C  -0.0875 -0.2386   1.097  2.990  0.000
   53 C  -0.0003 -0.0000   1.147  2.854  0.000
   54 CL -0.0482 -0.0493   1.901  5.142  0.005
   55 C   0.0091  0.0108   1.151  2.840  0.000
   56 CL -0.0410 -0.0400   1.902  5.134  0.006
   57 C  -0.0251 -0.0120   1.177  2.848  0.000
   58 C  -0.0286 -0.0300   1.171  2.858  0.000
   59 C   0.0046  0.0061   1.158  2.838  0.000
   60 C  -0.0439 -0.0309   1.170  2.874  0.000
   61 S   0.1002  0.0643   1.887  3.960  0.052
   62 C  -0.0429 -0.0384   1.190  2.853  0.000
   63 C  -0.0284 -0.1328   1.121  2.907  0.000
   64 C  -0.0911 -0.2423   1.098  2.993  0.000
   65 C  -0.0030 -0.0028   1.147  2.856  0.000
   66 C   0.0085  0.0091   1.150  2.841  0.000
   67 CL -0.0395 -0.0409   1.902  5.132  0.005
   68 CL -0.0513 -0.0539   1.901  5.145  0.006
   69 C  -0.0222 -0.0083   1.181  2.841  0.000
   70 S   0.0674  0.0323   1.891  3.998  0.043
   71 C  -0.0743 -0.1219   1.146  2.928  0.000
   72 C  -0.0101  0.0004   1.168  2.843  0.000
   73 S   0.0819  0.0482   1.891  3.985  0.042
   74 C  -0.0112 -0.0018   1.175  2.836  0.000
   75 C  -0.0618 -0.1095   1.143  2.919  0.000
   76 C  -0.0246 -0.0258   1.174  2.851  0.000
   77 C   0.0055  0.0070   1.160  2.834  0.000
   78 C  -0.0478 -0.0345   1.167  2.881  0.000
   79 S   0.0988  0.0594   1.885  3.962  0.055
   80 C  -0.0452 -0.0408   1.189  2.856  0.000
   81 C  -0.0256 -0.1299   1.120  2.905  0.000
   82 C  -0.0881 -0.2391   1.098  2.990  0.000
   83 C   0.0013  0.0016   1.146  2.853  0.000
   84 CL -0.0481 -0.0492   1.901  5.141  0.005
   85 C   0.0108  0.0126   1.151  2.838  0.000
   86 CL -0.0412 -0.0403   1.902  5.134  0.006
   87 C  -0.0259 -0.0129   1.179  2.847  0.000
   88 C  -0.0271 -0.0286   1.174  2.853  0.000
   89 C   0.0014  0.0029   1.160  2.839  0.000
   90 C  -0.0488 -0.0359   1.171  2.877  0.000
   91 S   0.0906  0.0540   1.888  3.969  0.053
   92 C  -0.0455 -0.0411   1.191  2.854  0.000
   93 C  -0.0287 -0.1333   1.122  2.907  0.000
   94 C  -0.0874 -0.2384   1.098  2.990  0.000
   95 C  -0.0002  0.0000   1.146  2.854  0.000
   96 C   0.0094  0.0099   1.151  2.840  0.000
   97 CL -0.0400 -0.0407   1.901  5.133  0.005
   98 CL -0.0464 -0.0476   1.901  5.140  0.005
   99 C  -0.0225 -0.0088   1.179  2.844  0.000
  100 S   0.0696  0.0338   1.891  4.000  0.039
  101 C  -0.0719 -0.1211   1.142  2.930  0.000
  102 C  -0.0089  0.0006   1.171  2.838  0.000
  103 S   0.0773  0.0442   1.893  3.991  0.039
  104 C  -0.0065  0.0034   1.168  2.839  0.000
  105 C  -0.0801 -0.1291   1.144  2.936  0.000
  106 C  -0.0289 -0.0305   1.170  2.859  0.000
  107 C   0.0000  0.0015   1.157  2.843  0.000
  108 C  -0.0451 -0.0321   1.169  2.876  0.000
  109 S   0.0994  0.0622   1.887  3.960  0.053
  110 C  -0.0477 -0.0435   1.191  2.857  0.000
  111 C  -0.0276 -0.1325   1.121  2.906  0.000
  112 C  -0.0903 -0.2421   1.099  2.991  0.000
  113 C  -0.0014 -0.0013   1.147  2.854  0.000
  114 CL -0.0468 -0.0489   1.901  5.140  0.005
  115 C   0.0063  0.0067   1.151  2.842  0.000
  116 CL -0.0407 -0.0419   1.902  5.133  0.005
  117 C  -0.0188 -0.0051   1.176  2.843  0.000
  118 C  -0.0226 -0.0238   1.170  2.852  0.000
  119 C   0.0043  0.0058   1.159  2.837  0.000
  120 C  -0.0474 -0.0343   1.168  2.880  0.000
  121 S   0.0972  0.0597   1.886  3.963  0.054
  122 C  -0.0464 -0.0420   1.188  2.858  0.000
  123 C  -0.0258 -0.1302   1.120  2.906  0.000
  124 C  -0.0877 -0.2388   1.097  2.990  0.000
  125 C  -0.0010 -0.0007   1.147  2.854  0.000
  126 C   0.0109  0.0125   1.151  2.838  0.000
  127 CL -0.0413 -0.0404   1.902  5.134  0.006
  128 CL -0.0492 -0.0503   1.901  5.142  0.005
  129 C  -0.0241 -0.0111   1.179  2.845  0.000
  130 S   0.0844  0.0512   1.891  3.985  0.039
  131 C  -0.0675 -0.1149   1.138  2.930  0.000
  132 C  -0.0066  0.0033   1.167  2.839  0.000
  133 S   0.0730  0.0371   1.890  3.999  0.038
  134 C  -0.0078  0.0022   1.166  2.842  0.000
  135 C  -0.0741 -0.1218   1.143  2.931  0.000
  136 C  -0.0260 -0.0275   1.170  2.856  0.000
  137 C   0.0016  0.0027   1.159  2.840  0.000
  138 C  -0.0498 -0.0369   1.169  2.881  0.000
  139 S   0.0956  0.0542   1.885  3.966  0.053
  140 C  -0.0457 -0.0414   1.194  2.852  0.000
  141 C  -0.0250 -0.1295   1.120  2.905  0.000
  142 C  -0.0857 -0.2368   1.092  2.994  0.000
  143 C  -0.0054 -0.0053   1.144  2.861  0.000
  144 CL -0.0522 -0.0538   1.902  5.145  0.006
  145 C   0.0098  0.0105   1.151  2.839  0.000
  146 CL -0.0361 -0.0374   1.902  5.129  0.005
  147 C  -0.0273 -0.0146   1.176  2.851  0.000
  148 C  -0.0361 -0.0382   1.174  2.862  0.000
  149 C  -0.0001  0.0013   1.158  2.842  0.000
  150 C  -0.0469 -0.0336   1.168  2.879  0.000
  151 S   0.0995  0.0635   1.886  3.960  0.054
  152 C  -0.0468 -0.0424   1.189  2.858  0.000
  153 C  -0.0259 -0.1303   1.120  2.906  0.000
  154 C  -0.0878 -0.2388   1.098  2.990  0.000
  155 C  -0.0014 -0.0012   1.147  2.855  0.000
  156 C   0.0071  0.0080   1.151  2.842  0.000
  157 CL -0.0418 -0.0431   1.902  5.135  0.005
  158 CL -0.0488 -0.0500   1.902  5.142  0.005
  159 C  -0.0205 -0.0071   1.177  2.844  0.000
  160 S   0.0704  0.0362   1.891  4.000  0.039
  161 C  -0.0702 -0.1219   1.134  2.936  0.000
  162 C  -0.0505 -0.0906   1.140  2.910  0.000
  163 S   0.0822  0.0445   1.885  3.987  0.046
  164 H   0.0610  0.1225   0.939  0.000  0.000
  165 H   0.0536  0.1185   0.946  0.000  0.000
  166 H   0.0437  0.1007   0.956  0.000  0.000
  167 H   0.0463  0.1044   0.954  0.000  0.000
  168 H   0.0319  0.0868   0.968  0.000  0.000
  169 H   0.0321  0.0857   0.968  0.000  0.000
  170 H   0.0360  0.0879   0.964  0.000  0.000
  171 H   0.0444  0.1009   0.956  0.000  0.000
  172 H   0.0432  0.1002   0.957  0.000  0.000
  173 H   0.0351  0.0869   0.965  0.000  0.000
  174 H   0.0298  0.0828   0.970  0.000  0.000
  175 H   0.0297  0.0827   0.970  0.000  0.000
  176 H   0.0507  0.1128   0.949  0.000  0.000
  177 H   0.0594  0.1189   0.941  0.000  0.000
  178 H   0.0519  0.1114   0.948  0.000  0.000
  179 H   0.0624  0.1204   0.938  0.000  0.000
  180 H   0.0494  0.1091   0.951  0.000  0.000
  181 H   0.0581  0.1156   0.942  0.000  0.000
  182 H   0.0522  0.1101   0.948  0.000  0.000
  183 H   0.0497  0.1103   0.950  0.000  0.000
  184 H   0.0435  0.1005   0.957  0.000  0.000
  185 H   0.0439  0.1004   0.956  0.000  0.000
  186 H   0.0302  0.0832   0.970  0.000  0.000
  187 H   0.0301  0.0830   0.970  0.000  0.000
  188 H   0.0357  0.0874   0.964  0.000  0.000
  189 H   0.0492  0.1091   0.951  0.000  0.000
  190 H   0.0402  0.0979   0.960  0.000  0.000
  191 H   0.0360  0.0906   0.964  0.000  0.000
  192 H   0.0283  0.0817   0.972  0.000  0.000
  193 H   0.0316  0.0849   0.968  0.000  0.000
  194 H   0.0543  0.1187   0.946  0.000  0.000
  195 H   0.0554  0.1174   0.945  0.000  0.000
  196 H   0.0445  0.1009   0.956  0.000  0.000
  197 H   0.0438  0.1009   0.956  0.000  0.000
  198 H   0.0355  0.0873   0.965  0.000  0.000
  199 H   0.0300  0.0829   0.970  0.000  0.000
  200 H   0.0297  0.0826   0.970  0.000  0.000
  201 H   0.0450  0.1025   0.955  0.000  0.000
  202 H   0.0432  0.1011   0.957  0.000  0.000
  203 H   0.0295  0.0822   0.971  0.000  0.000
  204 H   0.0352  0.0870   0.965  0.000  0.000
  205 H   0.0316  0.0853   0.968  0.000  0.000
  206 H   0.0554  0.1178   0.945  0.000  0.000
  207 H   0.0548  0.1183   0.945  0.000  0.000
  208 H   0.0447  0.1018   0.955  0.000  0.000
  209 H   0.0442  0.1014   0.956  0.000  0.000
  210 H   0.0349  0.0869   0.965  0.000  0.000
  211 H   0.0319  0.0856   0.968  0.000  0.000
  212 H   0.0305  0.0837   0.969  0.000  0.000
  213 H   0.0441  0.1006   0.956  0.000  0.000
  214 H   0.0430  0.1000   0.957  0.000  0.000
  215 H   0.0302  0.0832   0.970  0.000  0.000
  216 H   0.0302  0.0831   0.970  0.000  0.000
  217 H   0.0354  0.0872   0.965  0.000  0.000
  218 H   0.0535  0.1147   0.947  0.000  0.000
  219 H   0.0563  0.1218   0.944  0.000  0.000
  220 H   0.0448  0.1023   0.955  0.000  0.000
  221 H   0.0462  0.1018   0.954  0.000  0.000
  222 H   0.0330  0.0887   0.967  0.000  0.000
  223 H   0.0380  0.0899   0.962  0.000  0.000
  224 H   0.0333  0.0877   0.967  0.000  0.000
  225 H   0.0445  0.1010   0.955  0.000  0.000
  226 H   0.0431  0.1002   0.957  0.000  0.000
  227 H   0.0295  0.0824   0.971  0.000  0.000
  228 H   0.0302  0.0831   0.970  0.000  0.000
  229 H   0.0356  0.0874   0.964  0.000  0.000
  230 H   0.0525  0.1123   0.947  0.000  0.000
  231 H   0.0600  0.1179   0.940  0.000  0.000
 Hirshfeld charges for QMDFF written to <charges>
 
 Loewdin charges    n(s)   n(p)   n(d)
    1 C  -0.0234   1.084  2.940  0.000
    2 C  -0.0752   1.086  2.989  0.000
    3 C  -0.0332   1.133  2.900  0.000
    4 C  -0.0009   1.119  2.882  0.000
    5 C  -0.0240   1.128  2.896  0.000
    6 S   0.0660   1.874  3.954  0.106
    7 C  -0.0294   1.150  2.880  0.000
    8 C  -0.0223   1.059  2.964  0.000
    9 C  -0.0941   1.025  3.069  0.000
   10 C   0.0114   1.109  2.880  0.000
   11 CL -0.0532   1.892  5.134  0.027
   12 C   0.0200   1.112  2.868  0.000
   13 CL -0.0473   1.893  5.127  0.027
   14 C  -0.0047   1.138  2.866  0.000
   15 C  -0.0214   1.128  2.893  0.000
   16 C  -0.0007   1.117  2.883  0.000
   17 C  -0.0296   1.125  2.904  0.000
   18 S   0.0595   1.872  3.960  0.109
   19 C  -0.0289   1.146  2.883  0.000
   20 C  -0.0193   1.058  2.961  0.000
   21 C  -0.0902   1.025  3.065  0.000
   22 C   0.0121   1.107  2.881  0.000
   23 C   0.0221   1.110  2.867  0.000
   24 CL -0.0521   1.892  5.133  0.028
   25 CL -0.0594   1.891  5.140  0.028
   26 C  -0.0082   1.133  2.875  0.000
   27 S   0.0478   1.869  3.983  0.101
   28 C  -0.0751   1.088  2.987  0.000
   29 C   0.0124   1.126  2.862  0.000
   30 S   0.0305   1.881  3.993  0.095
   31 C   0.0004   1.123  2.877  0.000
   32 S   0.0703   1.876  3.956  0.098
   33 C   0.0060   1.140  2.854  0.000
   34 C  -0.0348   1.137  2.898  0.000
   35 C  -0.0257   1.139  2.886  0.000
   36 S  -0.0561   1.891  4.081  0.084
   37 C  -0.0376   1.082  2.956  0.000
   38 C   0.1797   1.174  2.646  0.000
   39 O  -0.1902   1.592  4.598  0.000
   40 C  -0.0447   1.087  2.958  0.000
   41 S  -0.0909   1.896  4.109  0.086
   42 C  -0.0209   1.082  2.939  0.000
   43 C  -0.0087   1.082  2.926  0.000
   44 C   0.0085   1.129  2.862  0.000
   45 C  -0.0680   1.091  2.977  0.000
   46 C  -0.0225   1.128  2.894  0.000
   47 C  -0.0009   1.119  2.882  0.000
   48 C  -0.0299   1.125  2.905  0.000
   49 S   0.0594   1.872  3.960  0.109
   50 C  -0.0280   1.146  2.882  0.000
   51 C  -0.0187   1.058  2.961  0.000
   52 C  -0.0891   1.025  3.064  0.000
   53 C   0.0126   1.106  2.881  0.000
   54 CL -0.0580   1.891  5.139  0.028
   55 C   0.0220   1.111  2.867  0.000
   56 CL -0.0507   1.892  5.131  0.028
   57 C  -0.0047   1.133  2.871  0.000
   58 C  -0.0260   1.129  2.897  0.000
   59 C   0.0028   1.117  2.880  0.000
   60 C  -0.0278   1.128  2.900  0.000
   61 S   0.0642   1.874  3.957  0.105
   62 C  -0.0239   1.148  2.876  0.000
   63 C  -0.0220   1.059  2.963  0.000
   64 C  -0.0934   1.026  3.067  0.000
   65 C   0.0102   1.107  2.883  0.000
   66 C   0.0215   1.111  2.868  0.000
   67 CL -0.0493   1.892  5.130  0.028
   68 CL -0.0609   1.891  5.142  0.028
   69 C  -0.0019   1.137  2.865  0.000
   70 S   0.0298   1.878  3.996  0.096
   71 C  -0.0754   1.097  2.979  0.000
   72 C   0.0154   1.121  2.863  0.000
   73 S   0.0441   1.878  3.984  0.094
   74 C   0.0122   1.130  2.858  0.000
   75 C  -0.0619   1.093  2.969  0.000
   76 C  -0.0231   1.133  2.890  0.000
   77 C   0.0041   1.120  2.876  0.000
   78 C  -0.0312   1.125  2.906  0.000
   79 S   0.0614   1.871  3.958  0.110
   80 C  -0.0257   1.147  2.879  0.000
   81 C  -0.0185   1.058  2.961  0.000
   82 C  -0.0897   1.025  3.065  0.000
   83 C   0.0142   1.106  2.880  0.000
   84 CL -0.0579   1.891  5.139  0.028
   85 C   0.0239   1.111  2.865  0.000
   86 CL -0.0509   1.892  5.131  0.028
   87 C  -0.0056   1.135  2.870  0.000
   88 C  -0.0247   1.133  2.892  0.000
   89 C  -0.0002   1.120  2.881  0.000
   90 C  -0.0326   1.129  2.903  0.000
   91 S   0.0546   1.874  3.965  0.106
   92 C  -0.0262   1.149  2.877  0.000
   93 C  -0.0225   1.060  2.963  0.000
   94 C  -0.0891   1.025  3.064  0.000
   95 C   0.0127   1.106  2.881  0.000
   96 C   0.0229   1.111  2.866  0.000
   97 CL -0.0500   1.892  5.131  0.028
   98 CL -0.0563   1.891  5.137  0.028
   99 C  -0.0018   1.134  2.867  0.000
  100 S   0.0321   1.878  3.998  0.092
  101 C  -0.0720   1.092  2.979  0.000
  102 C   0.0143   1.126  2.860  0.000
  103 S   0.0396   1.880  3.990  0.090
  104 C   0.0174   1.122  2.861  0.000
  105 C  -0.0810   1.095  2.986  0.000
  106 C  -0.0263   1.129  2.898  0.000
  107 C  -0.0018   1.117  2.885  0.000
  108 C  -0.0287   1.127  2.901  0.000
  109 S   0.0630   1.873  3.957  0.107
  110 C  -0.0285   1.149  2.880  0.000
  111 C  -0.0214   1.059  2.962  0.000
  112 C  -0.0924   1.027  3.066  0.000
  113 C   0.0116   1.107  2.882  0.000
  114 CL -0.0566   1.892  5.138  0.027
  115 C   0.0195   1.111  2.869  0.000
  116 CL -0.0507   1.892  5.131  0.028
  117 C   0.0020   1.132  2.866  0.000
  118 C  -0.0204   1.129  2.891  0.000
  119 C   0.0024   1.118  2.879  0.000
  120 C  -0.0305   1.125  2.905  0.000
  121 S   0.0600   1.872  3.959  0.109
  122 C  -0.0269   1.146  2.881  0.000
  123 C  -0.0188   1.058  2.961  0.000
  124 C  -0.0893   1.025  3.065  0.000
  125 C   0.0120   1.107  2.881  0.000
  126 C   0.0235   1.111  2.866  0.000
  127 CL -0.0508   1.892  5.131  0.028
  128 CL -0.0589   1.891  5.140  0.028
  129 C  -0.0039   1.135  2.869  0.000
  130 S   0.0467   1.878  3.984  0.091
  131 C  -0.0681   1.088  2.980  0.000
  132 C   0.0175   1.121  2.861  0.000
  133 S   0.0351   1.877  3.997  0.091
  134 C   0.0165   1.120  2.864  0.000
  135 C  -0.0750   1.094  2.981  0.000
  136 C  -0.0238   1.129  2.895  0.000
  137 C   0.0003   1.118  2.882  0.000
  138 C  -0.0341   1.127  2.907  0.000
  139 S   0.0592   1.872  3.961  0.108
  140 C  -0.0256   1.151  2.875  0.000
  141 C  -0.0186   1.058  2.961  0.000
  142 C  -0.0871   1.019  3.068  0.000
  143 C   0.0069   1.104  2.889  0.000
  144 CL -0.0619   1.892  5.142  0.028
  145 C   0.0230   1.111  2.866  0.000
  146 CL -0.0461   1.892  5.127  0.028
  147 C  -0.0067   1.132  2.875  0.000
  148 C  -0.0340   1.133  2.901  0.000
  149 C  -0.0018   1.117  2.885  0.000
  150 C  -0.0299   1.125  2.904  0.000
  151 S   0.0627   1.872  3.957  0.108
  152 C  -0.0275   1.146  2.881  0.000
  153 C  -0.0189   1.057  2.961  0.000
  154 C  -0.0894   1.025  3.064  0.000
  155 C   0.0116   1.106  2.882  0.000
  156 C   0.0201   1.111  2.869  0.000
  157 CL -0.0516   1.892  5.132  0.027
  158 CL -0.0586   1.892  5.139  0.028
  159 C   0.0003   1.132  2.867  0.000
  160 S   0.0325   1.878  3.999  0.091
  161 C  -0.0676   1.083  2.985  0.000
  162 C  -0.0200   1.083  2.937  0.000
  163 S   0.0455   1.870  3.984  0.101
  164 H   0.0507   0.949  0.000  0.000
  165 H   0.0466   0.953  0.000  0.000
  166 H   0.0394   0.961  0.000  0.000
  167 H   0.0426   0.957  0.000  0.000
  168 H   0.0318   0.968  0.000  0.000
  169 H   0.0323   0.968  0.000  0.000
  170 H   0.0357   0.964  0.000  0.000
  171 H   0.0399   0.960  0.000  0.000
  172 H   0.0388   0.961  0.000  0.000
  173 H   0.0347   0.965  0.000  0.000
  174 H   0.0295   0.970  0.000  0.000
  175 H   0.0294   0.971  0.000  0.000
  176 H   0.0432   0.957  0.000  0.000
  177 H   0.0535   0.946  0.000  0.000
  178 H   0.0469   0.953  0.000  0.000
  179 H   0.0576   0.942  0.000  0.000
  180 H   0.0434   0.957  0.000  0.000
  181 H   0.0489   0.951  0.000  0.000
  182 H   0.0437   0.956  0.000  0.000
  183 H   0.0422   0.958  0.000  0.000
  184 H   0.0391   0.961  0.000  0.000
  185 H   0.0395   0.960  0.000  0.000
  186 H   0.0298   0.970  0.000  0.000
  187 H   0.0298   0.970  0.000  0.000
  188 H   0.0352   0.965  0.000  0.000
  189 H   0.0446   0.955  0.000  0.000
  190 H   0.0366   0.963  0.000  0.000
  191 H   0.0358   0.964  0.000  0.000
  192 H   0.0284   0.972  0.000  0.000
  193 H   0.0310   0.969  0.000  0.000
  194 H   0.0465   0.953  0.000  0.000
  195 H   0.0473   0.953  0.000  0.000
  196 H   0.0400   0.960  0.000  0.000
  197 H   0.0394   0.961  0.000  0.000
  198 H   0.0351   0.965  0.000  0.000
  199 H   0.0296   0.970  0.000  0.000
  200 H   0.0294   0.971  0.000  0.000
  201 H   0.0411   0.959  0.000  0.000
  202 H   0.0390   0.961  0.000  0.000
  203 H   0.0292   0.971  0.000  0.000
  204 H   0.0349   0.965  0.000  0.000
  205 H   0.0311   0.969  0.000  0.000
  206 H   0.0477   0.952  0.000  0.000
  207 H   0.0474   0.953  0.000  0.000
  208 H   0.0408   0.959  0.000  0.000
  209 H   0.0403   0.960  0.000  0.000
  210 H   0.0348   0.965  0.000  0.000
  211 H   0.0318   0.968  0.000  0.000
  212 H   0.0302   0.970  0.000  0.000
  213 H   0.0397   0.960  0.000  0.000
  214 H   0.0387   0.961  0.000  0.000
  215 H   0.0298   0.970  0.000  0.000
  216 H   0.0299   0.970  0.000  0.000
  217 H   0.0350   0.965  0.000  0.000
  218 H   0.0453   0.955  0.000  0.000
  219 H   0.0486   0.951  0.000  0.000
  220 H   0.0410   0.959  0.000  0.000
  221 H   0.0415   0.959  0.000  0.000
  222 H   0.0330   0.967  0.000  0.000
  223 H   0.0375   0.963  0.000  0.000
  224 H   0.0330   0.967  0.000  0.000
  225 H   0.0400   0.960  0.000  0.000
  226 H   0.0388   0.961  0.000  0.000
  227 H   0.0292   0.971  0.000  0.000
  228 H   0.0298   0.970  0.000  0.000
  229 H   0.0352   0.965  0.000  0.000
  230 H   0.0445   0.955  0.000  0.000
  231 H   0.0495   0.951  0.000  0.000
 
 Wiberg/Mayer (AO) data. WBOs > 0.1 written file <wbo>
 largest (>0.05) Wiberg bond orders for each atom
           total WBO             WBO to atom ...
     1  C   3.937    C    2 1.707    S   27 1.132    H  164 0.946
     2  C   3.956    C    1 1.707    C    3 1.162    H  165 0.927    S   27 0.086
     3  C   3.935    C    4 1.268    C   26 1.241    C    2 1.162    C   15 0.053
     4  C   3.933    C   14 1.349    C    3 1.268    C    5 1.039    C   16 0.087
     5  C   3.931    C   12 1.526    S    6 1.098    C    4 1.039    C    7 0.103    CL  13 0.054
     6  S   2.548    C    7 1.121    C    5 1.098    C   10 0.071    C   12 0.071
     7  C   3.916    C   10 1.559    S    6 1.121    C    8 0.995    C    5 0.103    CL  11 0.054
     8  C   3.967    C    7 0.995    C    9 0.987    H  166 0.966    H  167 0.956
     9  C   3.982    C    8 0.987    H  169 0.982    H  168 0.981    H  170 0.978
    10  C   3.928    C    7 1.559    C   12 1.180    CL  11 1.002    S    6 0.071
    11  CL  1.177    C   10 1.002    C    7 0.054
    12  C   3.925    C    5 1.526    C   10 1.180    CL  13 1.007    S    6 0.071
    13  CL  1.179    C   12 1.007    C    5 0.054
    14  C   3.928    C    4 1.349    C   15 1.240    S   30 1.065    C   26 0.055
    15  C   3.945    C   16 1.260    C   14 1.240    C   28 1.191    C    3 0.053
    16  C   3.922    C   26 1.354    C   15 1.260    C   17 1.025    C    4 0.087
    17  C   3.932    C   23 1.533    S   18 1.104    C   16 1.025    C   19 0.105    CL  24 0.056
    18  S   2.551    C   19 1.126    C   17 1.104    C   23 0.073    C   22 0.073
    19  C   3.919    C   22 1.559    S   18 1.126    C   20 0.997    C   17 0.105    CL  25 0.054
    20  C   3.967    C   19 0.997    C   21 0.985    H  171 0.965    H  172 0.961
    21  C   3.981    C   20 0.985    H  175 0.984    H  174 0.984    H  173 0.978
    22  C   3.929    C   19 1.559    C   23 1.180    CL  25 1.005    S   18 0.073
    23  C   3.915    C   17 1.533    C   22 1.180    CL  24 1.010    S   18 0.073
    24  CL  1.172    C   23 1.010    C   17 0.056
    25  CL  1.168    C   22 1.005    C   19 0.054
    26  C   3.939    C   16 1.354    C    3 1.241    S   27 1.083    C   14 0.055
    27  S   2.484    C    1 1.132    C   26 1.083    C    2 0.086
    28  C   3.945    C   29 1.566    C   15 1.191    H  176 0.933    S   30 0.071    C   35 0.061
    29  C   3.920    C   28 1.566    C   31 1.123    S   30 1.054
    30  S   2.442    C   14 1.065    C   29 1.054    C   28 0.071
    31  C   3.934    C   35 1.469    C   29 1.123    S   32 1.092    C   33 0.084
    32  S   2.535    C   33 1.116    C   31 1.092    C   34 0.064    C   35 0.059
    33  C   3.927    C   34 1.516    S   32 1.116    C   42 1.039    C   31 0.084
    34  C   3.934    C   33 1.516    C   35 1.185    S   41 1.005    S   32 0.064
    35  C   3.921    C   31 1.469    C   34 1.185    S   36 1.032    C   28 0.061    S   32 0.059
    36  S   2.217    C   35 1.032    C   37 0.922
    37  C   3.958    H  178 0.971    H  177 0.956    C   38 0.943    S   36 0.922    O   39 0.076
    38  C   3.875    O   39 1.929    C   37 0.943    C   40 0.937
    39  O   2.216    C   38 1.929    C   40 0.078    C   37 0.076
    40  C   3.962    H  180 0.964    H  179 0.947    C   38 0.937    S   41 0.935    O   39 0.078
    41  S   2.157    C   34 1.005    C   40 0.935
    42  C   3.931    C   43 1.779    C   33 1.039    H  181 0.931    C   45 0.097
    43  C   3.962    C   42 1.779    C   44 1.120    H  182 0.932
    44  C   3.921    C   45 1.574    C   43 1.120    S   70 1.056
    45  C   3.947    C   44 1.574    C   46 1.193    H  183 0.934    C   42 0.097    S   70 0.070
    46  C   3.938    C   47 1.256    C   69 1.236    C   45 1.193    C   58 0.050
    47  C   3.912    C   57 1.355    C   46 1.256    C   48 1.032    C   59 0.083
    48  C   3.932    C   55 1.528    S   49 1.103    C   47 1.032    C   50 0.104    CL  56 0.055
    49  S   2.551    C   50 1.126    C   48 1.103    C   55 0.073    C   53 0.073
    50  C   3.918    C   53 1.558    S   49 1.126    C   51 0.997    C   48 0.104    CL  54 0.054
    51  C   3.968    C   50 0.997    C   52 0.985    H  185 0.965    H  184 0.961
    52  C   3.982    C   51 0.985    H  186 0.984    H  187 0.984    H  188 0.978
    53  C   3.929    C   50 1.558    C   55 1.181    CL  54 1.005    S   49 0.073
    54  CL  1.169    C   53 1.005    C   50 0.054
    55  C   3.922    C   48 1.528    C   53 1.181    CL  56 1.011    S   49 0.073
    56  CL  1.173    C   55 1.011    C   48 0.055
    57  C   3.932    C   47 1.355    C   58 1.237    S   73 1.075    C   69 0.053
    58  C   3.937    C   59 1.252    C   57 1.237    C   71 1.191    C   46 0.050
    59  C   3.928    C   69 1.355    C   58 1.252    C   60 1.041    C   47 0.083
    60  C   3.931    C   66 1.525    S   61 1.098    C   59 1.041    C   62 0.103    CL  67 0.055
    61  S   2.541    C   62 1.125    C   60 1.098    C   66 0.072    C   65 0.071
    62  C   3.917    C   65 1.558    S   61 1.125    C   63 0.997    C   60 0.103    CL  68 0.054
    63  C   3.967    C   62 0.997    C   64 0.985    H  190 0.961    H  189 0.957
    64  C   3.981    C   63 0.985    H  193 0.984    H  192 0.983    H  191 0.975
    65  C   3.927    C   62 1.558    C   66 1.183    CL  68 1.003    S   61 0.071
    66  C   3.915    C   60 1.525    C   65 1.183    CL  67 1.008    S   61 0.072
    67  CL  1.176    C   66 1.008    C   60 0.055
    68  CL  1.170    C   65 1.003    C   62 0.054
    69  C   3.934    C   59 1.355    C   46 1.236    S   70 1.070    C   57 0.053
    70  S   2.455    C   69 1.070    C   44 1.056    C   45 0.070
    71  C   3.941    C   72 1.589    C   58 1.191    H  194 0.930    S   73 0.076    C   75 0.053
    72  C   3.921    C   71 1.589    S   73 1.075    C   74 1.066
    73  S   2.445    C   72 1.075    C   57 1.075    C   71 0.076
    74  C   3.907    C   75 1.600    C   72 1.066    S  100 1.055
    75  C   3.943    C   74 1.600    C   76 1.183    H  195 0.930    S  100 0.074    C   71 0.053
    76  C   3.930    C   77 1.252    C   99 1.232    C   75 1.183    C   88 0.050
    77  C   3.919    C   87 1.349    C   76 1.252    C   78 1.044    C   89 0.079
    78  C   3.932    C   85 1.518    S   79 1.102    C   77 1.044    C   80 0.103    CL  86 0.054
    79  S   2.554    C   80 1.124    C   78 1.102    C   85 0.072    C   83 0.072
    80  C   3.916    C   83 1.555    S   79 1.124    C   81 0.997    C   78 0.103    CL  84 0.054
    81  C   3.967    C   80 0.997    C   82 0.984    H  196 0.965    H  197 0.961
    82  C   3.980    C   81 0.984    H  199 0.984    H  200 0.984    H  198 0.978
    83  C   3.930    C   80 1.555    C   85 1.185    CL  84 1.005    S   79 0.072
    84  CL  1.168    C   83 1.005    C   80 0.054
    85  C   3.922    C   78 1.518    C   83 1.185    CL  86 1.011    S   79 0.072
    86  CL  1.174    C   85 1.011    C   78 0.054
    87  C   3.929    C   77 1.349    C   88 1.238    S  103 1.072    C   99 0.054
    88  C   3.938    C   89 1.245    C   87 1.238    C  101 1.197    C   76 0.050
    89  C   3.931    C   99 1.364    C   88 1.245    C   90 1.029    C   77 0.079
    90  C   3.930    C   96 1.536    S   91 1.094    C   89 1.029    C   92 0.104    CL  97 0.056
    91  S   2.537    C   92 1.121    C   90 1.094    C   96 0.072    C   95 0.071
    92  C   3.918    C   95 1.562    S   91 1.121    C   93 0.997    C   90 0.104    CL  98 0.055
    93  C   3.966    C   92 0.997    C   94 0.985    H  202 0.960    H  201 0.960
    94  C   3.980    C   93 0.985    H  203 0.984    H  205 0.983    H  204 0.978
    95  C   3.929    C   92 1.562    C   96 1.176    CL  98 1.006    S   91 0.071
    96  C   3.920    C   90 1.536    C   95 1.176    CL  97 1.010    S   91 0.072
    97  CL  1.172    C   96 1.010    C   90 0.056
    98  CL  1.170    C   95 1.006    C   92 0.055
    99  C   3.929    C   89 1.364    C   76 1.232    S  100 1.070    C   87 0.054
   100  S   2.438    C   99 1.070    C   74 1.055    C   75 0.074
   101  C   3.946    C  102 1.563    C   88 1.197    H  206 0.933    S  103 0.071    C  105 0.057
   102  C   3.917    C  101 1.563    C  104 1.108    S  103 1.058
   103  S   2.426    C   87 1.072    C  102 1.058    C  101 0.071
   104  C   3.919    C  105 1.551    C  102 1.108    S  130 1.073
   105  C   3.946    C  104 1.551    C  106 1.208    H  207 0.931    S  130 0.073    C  101 0.057
   106  C   3.937    C  107 1.247    C  129 1.227    C  105 1.208
   107  C   3.927    C  117 1.361    C  106 1.247    C  108 1.037    C  119 0.082
   108  C   3.931    C  115 1.524    S  109 1.101    C  107 1.037    C  110 0.104    CL 116 0.055
   109  S   2.545    C  110 1.126    C  108 1.101    C  115 0.072    C  113 0.072
   110  C   3.917    C  113 1.555    S  109 1.126    C  111 0.997    C  108 0.104    CL 114 0.054
   111  C   3.967    C  110 0.997    C  112 0.984    H  208 0.964    H  209 0.959
   112  C   3.980    C  111 0.984    H  212 0.984    H  211 0.981    H  210 0.977
   113  C   3.929    C  110 1.555    C  115 1.184    CL 114 1.004    S  109 0.072
   114  CL  1.171    C  113 1.004    C  110 0.054
   115  C   3.917    C  108 1.524    C  113 1.184    CL 116 1.008    S  109 0.072
   116  CL  1.172    C  115 1.008    C  108 0.055
   117  C   3.932    C  107 1.361    C  118 1.231    S  133 1.078    C  129 0.052
   118  C   3.933    C  119 1.255    C  117 1.231    C  131 1.196
   119  C   3.913    C  129 1.366    C  118 1.255    C  120 1.022    C  107 0.082
   120  C   3.932    C  126 1.535    S  121 1.105    C  119 1.022    C  122 0.105    CL 127 0.056
   121  S   2.552    C  122 1.127    C  120 1.105    C  126 0.074    C  125 0.073
   122  C   3.920    C  125 1.559    S  121 1.127    C  123 0.997    C  120 0.105    CL 128 0.054
   123  C   3.968    C  122 0.997    C  124 0.985    H  213 0.965    H  214 0.961
   124  C   3.982    C  123 0.985    H  215 0.984    H  216 0.984    H  217 0.978
   125  C   3.929    C  122 1.559    C  126 1.179    CL 128 1.005    S  121 0.073
   126  C   3.917    C  120 1.535    C  125 1.179    CL 127 1.010    S  121 0.074
   127  CL  1.174    C  126 1.010    C  120 0.056
   128  CL  1.168    C  125 1.005    C  122 0.054
   129  C   3.931    C  119 1.366    C  106 1.227    S  130 1.073    C  117 0.052
   130  S   2.434    C  104 1.073    C  129 1.073    C  105 0.073
   131  C   3.930    C  132 1.565    C  118 1.196    H  218 0.935    C  135 0.075    S  133 0.070
   132  C   3.920    C  131 1.565    C  134 1.123    S  133 1.056
   133  S   2.434    C  117 1.078    C  132 1.056    C  131 0.070
   134  C   3.927    C  135 1.565    C  132 1.123    S  160 1.058
   135  C   3.928    C  134 1.565    C  136 1.193    H  219 0.926    C  131 0.075    S  160 0.071
   136  C   3.947    C  137 1.260    C  159 1.231    C  135 1.193    C  148 0.052
   137  C   3.924    C  147 1.343    C  136 1.260    C  138 1.041    C  149 0.086
   138  C   3.931    C  145 1.528    S  139 1.091    C  137 1.041    C  140 0.103    CL 146 0.055
   139  S   2.542    C  140 1.124    C  138 1.091    C  145 0.072    C  143 0.069
   140  C   3.916    C  143 1.565    S  139 1.124    C  141 0.990    C  138 0.103    CL 144 0.054
   141  C   3.967    C  142 1.003    C  140 0.990    H  220 0.956    H  221 0.953
   142  C   3.982    C  141 1.003    H  224 0.983    H  222 0.979    H  223 0.979
   143  C   3.926    C  140 1.565    C  145 1.179    CL 144 1.002    S  139 0.069
   144  CL  1.165    C  143 1.002    C  140 0.054
   145  C   3.914    C  138 1.528    C  143 1.179    CL 146 1.010    S  139 0.072
   146  CL  1.179    C  145 1.010    C  138 0.055
   147  C   3.939    C  137 1.343    C  148 1.251    S  163 1.079    C  159 0.055
   148  C   3.935    C  149 1.267    C  147 1.251    C  161 1.158    C  136 0.052
   149  C   3.930    C  159 1.363    C  148 1.267    C  150 1.022    C  137 0.086
   150  C   3.933    C  156 1.534    S  151 1.107    C  149 1.022    C  152 0.105    CL 157 0.055
   151  S   2.551    C  152 1.127    C  150 1.107    C  156 0.074    C  155 0.073
   152  C   3.920    C  155 1.559    S  151 1.127    C  153 0.997    C  150 0.105    CL 158 0.054
   153  C   3.968    C  152 0.997    C  154 0.985    H  225 0.964    H  226 0.961
   154  C   3.982    C  153 0.985    H  227 0.984    H  228 0.984    H  229 0.978
   155  C   3.929    C  152 1.559    C  156 1.181    CL 158 1.005    S  151 0.073
   156  C   3.927    C  150 1.534    C  155 1.181    CL 157 1.007    S  151 0.074
   157  CL  1.173    C  156 1.007    C  150 0.055
   158  CL  1.168    C  155 1.005    C  152 0.054
   159  C   3.933    C  149 1.363    C  136 1.231    S  160 1.077    C  147 0.055
   160  S   2.427    C  159 1.077    C  134 1.058    C  135 0.071
   161  C   3.958    C  162 1.712    C  148 1.158    H  230 0.936    S  163 0.086
   162  C   3.938    C  161 1.712    S  163 1.128    H  231 0.949
   163  S   2.480    C  162 1.128    C  147 1.079    C  161 0.086
   164  H   0.994    C    1 0.946
   165  H   0.995    C    2 0.927
   166  H   0.997    C    8 0.966
   167  H   0.996    C    8 0.956
   168  H   0.999    C    9 0.981
   169  H   0.999    C    9 0.982
   170  H   0.997    C    9 0.978
   171  H   0.997    C   20 0.965
   172  H   0.997    C   20 0.961
   173  H   0.996    C   21 0.978
   174  H   0.999    C   21 0.984
   175  H   0.999    C   21 0.984
   176  H   0.995    C   28 0.933
   177  H   0.995    C   37 0.956
   178  H   0.997    C   37 0.971
   179  H   0.995    C   40 0.947
   180  H   0.997    C   40 0.964
   181  H   0.991    C   42 0.931
   182  H   0.994    C   43 0.932
   183  H   0.995    C   45 0.934
   184  H   0.997    C   51 0.961
   185  H   0.997    C   51 0.965
   186  H   0.999    C   52 0.984
   187  H   0.999    C   52 0.984
   188  H   0.996    C   52 0.978
   189  H   0.996    C   63 0.957
   190  H   0.997    C   63 0.961
   191  H   0.996    C   64 0.975
   192  H   0.999    C   64 0.983
   193  H   0.999    C   64 0.984
   194  H   0.995    C   71 0.930
   195  H   0.994    C   75 0.930
   196  H   0.997    C   81 0.965
   197  H   0.997    C   81 0.961
   198  H   0.996    C   82 0.978
   199  H   0.999    C   82 0.984
   200  H   0.999    C   82 0.984
   201  H   0.997    C   93 0.960
   202  H   0.997    C   93 0.960
   203  H   0.999    C   94 0.984
   204  H   0.996    C   94 0.978
   205  H   0.999    C   94 0.983
   206  H   0.995    C  101 0.933
   207  H   0.995    C  105 0.931
   208  H   0.997    C  111 0.964
   209  H   0.997    C  111 0.959
   210  H   0.996    C  112 0.977
   211  H   0.999    C  112 0.981
   212  H   0.999    C  112 0.984
   213  H   0.997    C  123 0.965
   214  H   0.997    C  123 0.961
   215  H   0.999    C  124 0.984
   216  H   0.999    C  124 0.984
   217  H   0.996    C  124 0.978
   218  H   0.995    C  131 0.935
   219  H   0.994    C  135 0.926
   220  H   0.997    C  141 0.956
   221  H   0.996    C  141 0.953
   222  H   0.999    C  142 0.979
   223  H   0.997    C  142 0.979
   224  H   0.999    C  142 0.983
   225  H   0.997    C  153 0.964
   226  H   0.997    C  153 0.961
   227  H   0.999    C  154 0.984
   228  H   0.999    C  154 0.984
   229  H   0.996    C  154 0.978
   230  H   0.995    C  161 0.936
   231  H   0.994    C  162 0.949
 
 --------------------------------------------
          xTB calculation for sTDA...
 --------------------------------------------
 
 reading parameter file /ihome/ghutchison/blp62/xtb4stda/.param_stda2.xtb
 
      method parameters     
 k(s)        :  1.6000
 k(p)        :  2.1800
 k(d)        :  1.9500
 k(f)        :  2.0000
 k(R-V)      :  2.2750
 k(R-R)      :  1.7650
 Tscal       :  0.2580
 Gscal       :  1.0000
 fpol        :  1.0000
 Zcnf        :  0.3430
 Zqf         :  0.0000
 kcn         :  2.7000
 Ryd Hsplit  :  0.7000
 lshift(virt):  3.1000
 lshift(OS)  :  0.2000
 wllscaling  :  2.6000
 
 mowrcut     : 3.000
 
  Z AO/shell   Hii/eV     exponent
  1     Sun Feb 14 09:53:25 CET 2016    EN: 2.327 GAM: 0.473  GM3: 0.0000
     1s    -14.339618    1.220000
     2sp    -3.348946    0.600000
  6     Sun Feb 14 09:53:25 CET 2016    EN: 2.731 GAM: 0.422  GM3: 0.0000
     2s    -22.009312    1.565095
     2p    -13.020408    1.596905
     3sp    -3.914040    0.824500
  8     Sun Feb 14 09:53:25 CET 2016    EN: 3.700 GAM: 0.587  GM3: 0.0000
     2s    -33.859000    2.418661
     2p    -22.175911    1.973969
     3sp    -4.259392    1.013700
 16     Sun Feb 21 16:35:57 CET 2016    EN: 1.915 GAM: 0.200  GM3: 0.0000
     3s    -17.898811    2.619580
     3p    -15.317401    1.798798
     4sp    -4.455139    0.843200
 17     Sun Feb 21 16:32:04 CET 2016    EN: 2.375 GAM: 0.300  GM3: 0.0000
     3s    -29.486180    2.293696
     3p    -18.696427    2.332982
     4sp    -5.680125    0.918900
 
 Nbf   :         1644
 T(el) :     0.0
 calculating S/T integrals ...
 cpu time for ints    2.56020300000000     
 Nao   :         1644
 making H0...
 making H1...
 cpu time for H      7.547700000000113E-002
 solving ...
 cpu time for diag    1.33853300000000     
 
 gap (eV)           :   5.432
 Koopmans IP (eV)   :  13.493
 Eel (Eh)           :  -691.682469

          eigenvalues
 #    :         402        403        404        405        406        407        408        409
 occ. :        2.000      2.000      2.000      2.000      2.000      2.000      2.000      2.000
 eps  :       -15.013    -14.999    -14.974    -14.868    -14.749    -14.616    -14.383    -14.359
 #    :         410        411        412        413        414        415        416        417
 occ. :        2.000      2.000      2.000      2.000      2.000      0.000      0.000      0.000
 eps  :       -13.989    -13.942    -13.816    -13.733    -13.494     -8.062     -7.881     -7.548
 #    :         418        419        420        421        422        423        424        425
 occ. :        0.000      0.000      0.000      0.000      0.000      0.000      0.000      0.000
 eps  :        -7.369     -7.028     -6.989     -6.867     -6.703     -6.532     -6.446     -6.395
                            1  SCC done.
 writing mo output ...
 molden style : F
 
speedup  2.66
cpu  time for all   13.14 s
wall time for all    4.94 s
