 
        ______________________________________
       |                                      |
       |          ===================         |
       |             xTB for sTDA             |
       |          ===================         |
       |               S. Grimme              |
       |        Universitaet Bonn, MCTC       |
       |         2015-19, Version 1.0         |
       |     Wed Apr  3 09:14:55 CEST 2019    |
       |______________________________________|
 
        This code comes without any warranty
        for non-commercial, academia use only.
        Preliminary test version.
        Cite this work as:
        S. Grimme  &  C. Bannwarth, JCP 145 (2016) 054103
        if GBSA is used additionally:
        P. Shushkov, F. März, C. Bannwarth, S. Grimme, unpublished.
 
        with help from
        P. Shushkov, G. Brandenburg, S. Dohm, J. Pisarek,
        F. März, M. Checinski, S. Ehrlich, S. Spicher, 
        P. Pracht, E. Caldeweyher, S. Ehlert, and C. Bannwarth.
 
        usage        :
        xtb4stda <coord_file> [options]
        where <coord_file> is a valid file of TM)
        (*coord, Bohr) or xmol (*xyz, Angstroem)
        format.

        options:
        -chrg <int>   : molecular charge
        -uhf  <int>   : # of unpaired electrons(=2*S)
        -nox          : skip second, extended part in sTDA-xTB
        -pop          : do population analysis
                      : (default for -nox)
        -mowr <real>  : cut MO write above (def.3 Eh)
        -molden       : write formatted molden file
        -parx <file>  : read parameters for sTDA-xTB
                        calc (def:~/.param_stda2.xtb)
        -parv <file>  : read parameters for vTB part in
                        sTDA-xTB (def: ~/.param_stda1.xtb)
        -xtemp <real> : el. temp for xTB (def. 0 K)
        -etemp <real> : el. temp for GFN (def. 300 K)
        -fod          : calculate the FOD and write
                        molden.input file with
                        appropriate occupations
                        for plotting. Def. T=12500 K
 
        -acc <real>   : xTB accuracy (def. 1.0)
        -gbsa [string1] [string2]
                        use GBSA implicit solvent
                        for solvent [string1] and
                        solvation state [string2]=
                        reference, bar1M (default=1M)
        additional GFN/opt/MD/siman options read from
        $XTB4STDAHOME/.xtb4stdarc or $set in input
 
       spin and charge state information can be on:
       <.CHRG> (charge) and <.UHF> (=nalpha-nbeta)
       -uhf and -chrg override the file info.
       useful machine settings:
       setenv MKL_NUM_THREADS <NCORE_ON_YOUR_MACHINE>
       setenv OMP_STACKSIZE 500m
       limit stacksize unlimited
 
       total energies in Eh, gaps/HL energies in eV
       please read REVISION and HOWTO files carefully
 =============================
  # OMP threads =           8
 =============================
 
 xtb4stdahome directory:/ihome/ghutchison/blp62/xtb4stda/
 
 
 name of molecule           :
 comment line               :
 number of atoms            :   202
 number of electrons        :   626
 charge                     :  0
 spin                       : 0.0
 first test random number   :  0.2086
 
 -----------------------------------------
      charge density (VTB) calculation
 -----------------------------------------
 
      method parameters     
 k(s)        :  1.8000
 k(p)        :  2.8350
 k(d)        :  2.0860
 k(f)        :  2.0000
 Tscal       :  0.3300
 Gscal       :  0.3910
 fpol        :  1.0000
 Zcnf        :  0.6500
 Zqf         :  0.0000
 kcn         :  0.3000
 kEN1        : -0.5900
 wllscal     :  2.6000
 
     -------------------------
     ! NO SOLVENT MODEL USED !
     -------------------------
 
 doing EN charges ...
 sum q :  0.3552714D-14
 point charge moment (au)
     X       Y       Z   
  -1.3753   0.1536   0.3550  total (Debye):    3.631
 
            Z      q(EN)   CN      Cart. coordinates
     1  C   4.0  -0.170   3.162    -1.33755   -15.51333    10.19696
     2  S   6.0   0.219   2.566    -1.87574   -13.26096     7.96104
     3  C   4.0  -0.024   3.439     1.19771   -15.76617    10.72590
     4  C   4.0  -0.065   3.184     2.32172   -17.46711    12.45140
     5  C   4.0   0.069   3.213     4.88645   -17.56557    12.73430
     6  O   6.0  -0.131   2.053     6.07471   -19.16012    14.38781
     7  C   4.0  -0.185   4.054     4.59147   -20.77867    15.88220
     8  C   4.0   0.074   3.206     6.46230   -15.94607    11.22119
     9  O   6.0  -0.132   2.055     9.03138   -15.88107    11.22875
    10  C   4.0  -0.185   4.040    10.51330   -17.51568    12.71861
    11  C   4.0  -0.066   3.195     5.37948   -14.26422     9.56485
    12  C   4.0  -0.021   3.433     2.74596   -14.07373     9.28460
    13  C   4.0  -0.086   3.200     1.31997   -12.52189     7.68646
    14  C   4.0  -0.080   3.201     1.97155   -10.56338     5.97569
    15  C   4.0  -0.080   3.181     4.18140    -9.28158     5.85229
    16  C   4.0  -0.083   3.188     4.71657    -7.38032     4.02209
    17  C   4.0  -0.088   3.349     3.32913    -6.59684     1.98591
    18  C   4.0  -0.019   3.447     4.52778    -4.71052     0.52138
    19  C   4.0  -0.005   3.310     3.62771    -3.52056    -1.67279
    20  C   4.0  -0.006   3.245     1.09585    -4.03570    -2.69777
    21  C   4.0  -0.075   3.205    -0.66386    -2.08853    -2.91585
    22  C   4.0  -0.088   3.286    -3.06514    -2.55529    -3.79211
    23  C   4.0  -0.082   3.162    -3.80799    -4.96412    -4.57144
    24  S   6.0   0.193   2.329    -6.94758    -5.17048    -5.70225
    25  C   4.0  -0.239   3.998    -7.81421    -8.51265    -5.83944
    26  C   4.0  -0.250   4.065    -7.99411    -9.73568    -3.25600
    27  C   4.0   0.014   3.218    -2.00557    -6.86934    -4.42876
    28  F   7.0  -0.028   1.076    -2.50993    -9.24964    -5.22547
    29  C   4.0  -0.073   3.218     0.38513    -6.44094    -3.46519
    30  C   4.0  -0.086   3.314     5.21168    -1.77389    -2.79793
    31  C   4.0  -0.019   3.449     7.61446    -1.09755    -1.82755
    32  C   4.0  -0.005   3.307     8.45199    -2.17885     0.44957
    33  C   4.0  -0.007   3.246    10.76671    -1.30750     1.70529
    34  C   4.0  -0.073   3.190    13.08333    -1.16804     0.47338
    35  C   4.0  -0.082   3.221    15.20587    -0.24491     1.68526
    36  C   4.0  -0.084   3.170    15.07775     0.59413     4.16987
    37  S   6.0   0.192   2.335    17.61678     1.79656     5.96379
    38  C   4.0  -0.240   3.998    20.08231     2.42017     3.63602
    39  C   4.0  -0.250   4.070    19.44963     4.67254     1.97968
    40  C   4.0   0.009   3.280    12.74734     0.41725     5.38969
    41  C   4.0  -0.075   3.237    10.62782    -0.51835     4.21409
    42  F   7.0  -0.029   1.090    12.55421     1.22227     7.80400
    43  C   4.0  -0.089   3.307     6.90052    -3.98959     1.53673
    44  S   6.0   0.213   2.588     7.59084    -5.73418     4.24338
    45  C   4.0  -0.087   3.351     8.83409     0.73605    -3.35596
    46  C   4.0  -0.087   3.293     7.48861     1.41200    -5.45186
    47  S   6.0   0.211   2.819     4.55367    -0.16082    -5.58641
    48  C   4.0  -0.091   3.303     7.97616     3.15773    -7.43532
    49  S   6.0   0.217   2.929     5.96643     2.98255   -10.02424
    50  C   4.0  -0.019   3.433     9.64195     5.18711    -7.68967
    51  C   4.0  -0.066   3.180    11.59876     5.97248    -6.05071
    52  C   4.0   0.073   3.237    13.00037     8.06800    -6.61404
    53  O   6.0  -0.134   2.056    14.95548     8.96807    -5.22944
    54  C   4.0  -0.188   4.063    15.73348     7.58876    -3.09462
    55  C   4.0   0.073   3.236    12.47692     9.53801    -8.85015
    56  O   6.0  -0.133   2.054    14.01496    11.56663    -9.15761
    57  C   4.0  -0.185   4.059    13.66215    13.09221   -11.30226
    58  C   4.0  -0.064   3.180    10.57037     8.84486   -10.43752
    59  C   4.0  -0.023   3.462     9.13928     6.64787    -9.91558
    60  C   4.0  -0.086   3.221     7.09517     5.76555   -11.30170
    61  C   4.0  -0.077   3.178     5.75781     6.96402   -13.35375
    62  C   4.0  -0.080   3.184     3.23786     7.31305   -13.35299
    63  C   4.0  -0.087   3.206     1.60948     6.79243   -11.23366
    64  C   4.0  -0.097   3.412     2.18792     6.85441    -8.72373
    65  C   4.0  -0.018   3.434     0.18557     6.15030    -7.09422
    66  C   4.0  -0.005   3.291     0.23017     5.81488    -4.44747
    67  C   4.0  -0.006   3.236     2.57551     6.03541    -2.97802
    68  C   4.0  -0.073   3.192     4.37755     7.91266    -3.40718
    69  C   4.0  -0.084   3.247     6.66676     7.89471    -2.15448
    70  C   4.0  -0.081   3.176     7.22329     6.06035    -0.35905
    71  S   6.0   0.196   2.336    10.26556     5.98212     1.05787
    72  C   4.0  -0.240   4.003     9.51496     6.13859     4.42687
    73  C   4.0  -0.249   4.072     8.19650     8.58918     5.09735
    74  C   4.0   0.013   3.246     5.36361     4.28533     0.17083
    75  F   7.0  -0.030   1.089     5.73343     2.51844     1.97250
    76  C   4.0  -0.079   3.259     3.10066     4.24848    -1.11343
    77  C   4.0  -0.086   3.300    -2.03883     5.08979    -3.33688
    78  C   4.0  -0.020   3.456    -4.26587     4.59373    -4.73773
    79  C   4.0  -0.005   3.308    -4.25680     4.76646    -7.38505
    80  C   4.0  -0.006   3.243    -6.48705     4.05478    -8.87170
    81  C   4.0  -0.073   3.194    -7.64432     1.71436    -8.51246
    82  C   4.0  -0.086   3.261    -9.70639     1.01705    -9.94071
    83  C   4.0  -0.082   3.167   -10.72325     2.63333   -11.75277
    84  S   6.0   0.188   2.310   -13.43161     1.58019   -13.40968
    85  C   4.0  -0.239   3.999   -12.84749     2.59327   -16.66606
    86  C   4.0  -0.249   4.069   -10.38877     1.54277   -17.69143
    87  C   4.0   0.014   3.228    -9.58488     4.98415   -12.05343
    88  C   4.0  -0.075   3.229    -7.48275     5.68373   -10.67676
    89  F   7.0  -0.028   1.077   -10.51840     6.68396   -13.71582
    90  C   4.0  -0.089   3.312    -2.03731     5.60039    -8.48997
    91  S   6.0   0.215   2.575    -1.55751     5.96908   -11.72953
    92  C   4.0  -0.088   3.362    -6.36894     4.06631    -3.17191
    93  C   4.0  -0.089   3.266    -5.83831     4.13604    -0.64515
    94  S   6.0   0.211   2.655    -2.63466     4.81483    -0.09713
    95  C   4.0  -0.094   3.283    -7.53831     3.85901     1.41238
    96  S   6.0   0.215   2.696    -6.88862     5.26289     4.29856
    97  C   4.0  -0.020   3.453    -9.90613     2.69456     1.45962
    98  C   4.0  -0.065   3.187   -10.99046     1.11626    -0.40024
    99  C   4.0   0.073   3.242   -13.35526     0.14702    -0.04573
   100  O   6.0  -0.134   2.055   -14.55391    -1.46529    -1.63990
   101  C   4.0  -0.187   4.063   -13.30480    -2.18415    -3.87545
   102  C   4.0   0.073   3.243   -14.82169     0.87022     2.13180
   103  O   6.0  -0.133   2.055   -17.23260    -0.01247     2.11423
   104  C   4.0  -0.187   4.061   -18.88687     0.81712     4.02417
   105  C   4.0  -0.066   3.203   -13.76117     2.30509     3.99318
   106  C   4.0  -0.023   3.468   -11.21193     3.08441     3.78550
   107  C   4.0  -0.085   3.203    -9.75741     4.33371     5.60134
   108  C   4.0  -0.078   3.183   -10.16540     4.78479     8.22768
   109  C   4.0  -0.077   3.175   -11.48065     3.36579     9.91520
   110  C   4.0  -0.086   3.205   -12.61222     0.95885     9.51609
   111  S   6.0   0.215   2.631   -15.39295     0.20352    11.10044
   112  C   4.0  -0.023   3.466   -12.00259    -0.95752     7.80816
   113  C   4.0  -0.067   3.226    -9.77177    -1.24627     6.39861
   114  C   4.0   0.074   3.219    -9.59168    -3.01884     4.51796
   115  O   6.0  -0.135   2.058    -7.33554    -3.01676     3.29134
   116  C   4.0  -0.187   4.052    -6.72931    -4.83505     1.44999
   117  C   4.0   0.069   3.226   -11.72386    -4.62170     3.99885
   118  O   6.0  -0.131   2.054   -11.61898    -6.11194     1.88651
   119  C   4.0  -0.187   4.061   -13.88042    -7.25579     1.06732
   120  C   4.0  -0.065   3.193   -13.75626    -4.60394     5.60153
   121  C   4.0  -0.022   3.452   -13.93068    -2.82779     7.58082
   122  C   4.0  -0.088   3.206   -15.90129    -2.49425     9.30142
   123  C   4.0  -0.079   3.127   -18.10509    -4.02096     9.62400
   124  C   4.0  -0.145   3.064   -19.94965    -3.58330    11.28658
   125  H   1.0   0.076   1.014    -2.89034   -16.52962    11.00746
   126  H   1.0   0.076   1.006     1.08792   -18.68353    13.52156
   127  H   1.0   0.079   0.996     3.49694   -22.09543    14.72115
   128  H   1.0   0.079   0.996     3.31174   -19.71740    17.11279
   129  H   1.0   0.081   0.997     5.92675   -21.83654    17.03664
   130  H   1.0   0.080   0.996    10.17428   -19.49857    12.25582
   131  H   1.0   0.080   0.996    10.19507   -17.22088    14.73571
   132  H   1.0   0.080   0.997    12.46029   -17.02870    12.25431
   133  H   1.0   0.077   1.007     6.64465   -13.13057     8.44764
   134  H   1.0   0.074   1.011     0.46846   -10.02802     4.69465
   135  H   1.0   0.076   1.010     5.65992    -9.64081     7.20798
   136  H   1.0   0.080   1.006     1.50233    -7.35122     1.51934
   137  H   1.0   0.077   1.009    -0.15968    -0.19804    -2.35460
   138  H   1.0   0.077   1.010    -4.42555    -1.03897    -3.87885
   139  H   1.0   0.081   1.015    -6.48422    -9.48605    -7.06644
   140  H   1.0   0.078   1.022    -9.65726    -8.46238    -6.76238
   141  H   1.0   0.082   1.001    -9.26552    -8.68159    -2.03486
   142  H   1.0   0.082   1.001    -6.15295    -9.82393    -2.35025
   143  H   1.0   0.081   0.999    -8.70313   -11.65526    -3.45914
   144  H   1.0   0.076   1.006     1.69641    -8.00110    -3.38242
   145  H   1.0   0.075   1.006    13.24641    -1.83530    -1.44829
   146  H   1.0   0.076   1.007    16.97182    -0.19521     0.67010
   147  H   1.0   0.079   1.021    21.75150     2.79396     4.78365
   148  H   1.0   0.079   1.014    20.40999     0.70506     2.54603
   149  H   1.0   0.081   0.999    20.94912     4.98132     0.60660
   150  H   1.0   0.081   1.000    19.25139     6.36271     3.13090
   151  H   1.0   0.082   1.001    17.68254     4.37094     0.97396
   152  H   1.0   0.077   1.009     8.86433    -0.57788     5.23341
   153  H   1.0   0.081   1.008    10.65390     1.50158    -2.89393
   154  H   1.0   0.078   1.009    11.95497     4.91367    -4.35336
   155  H   1.0   0.079   0.996    16.30720     5.66993    -3.61675
   156  H   1.0   0.081   0.997    17.35222     8.60732    -2.33721
   157  H   1.0   0.079   1.001    14.24494     7.49106    -1.66371
   158  H   1.0   0.079   0.996    11.78074    13.95393   -11.32135
   159  H   1.0   0.081   0.997    15.08776    14.56998   -11.17584
   160  H   1.0   0.079   0.996    13.93900    12.01922   -13.05026
   161  H   1.0   0.077   1.006    10.12421     9.91048   -12.11390
   162  H   1.0   0.074   1.005     6.86103     7.60936   -14.95076
   163  H   1.0   0.074   1.007     2.32380     8.05382   -15.02408
   164  H   1.0   0.083   1.012     4.02663     7.39317    -8.06233
   165  H   1.0   0.076   1.006     3.97069     9.43956    -4.69427
   166  H   1.0   0.076   1.008     8.06667     9.32145    -2.55793
   167  H   1.0   0.079   1.020    11.34780     5.99175     5.35322
   168  H   1.0   0.081   1.016     8.38282     4.49509     4.91499
   169  H   1.0   0.081   1.000     9.34829    10.20320     4.55216
   170  H   1.0   0.081   0.999     7.87373     8.66288     7.12653
   171  H   1.0   0.081   1.001     6.37934     8.72732     4.14001
   172  H   1.0   0.078   1.015     1.78560     2.76410    -0.65441
   173  H   1.0   0.076   1.008    -6.87728     0.39514    -7.16036
   174  H   1.0   0.076   1.008   -10.56092    -0.81636    -9.68126
   175  H   1.0   0.079   1.021   -14.46604     1.83757   -17.69199
   176  H   1.0   0.080   1.014   -12.90210     4.64646   -16.74732
   177  H   1.0   0.081   1.000   -10.35797    -0.50701   -17.53420
   178  H   1.0   0.081   0.999   -10.18959     2.05848   -19.67205
   179  H   1.0   0.081   1.001    -8.77872     2.30017   -16.65888
   180  H   1.0   0.076   1.008    -6.67621     7.52961   -10.98989
   181  H   1.0   0.081   1.007    -8.24261     3.82292    -3.91211
   182  H   1.0   0.078   1.008    -9.89593     0.63211    -2.04431
   183  H   1.0   0.081   0.997   -14.60267    -3.44403    -4.85565
   184  H   1.0   0.079   0.997   -12.90173    -0.55142    -5.07996
   185  H   1.0   0.079   0.999   -11.53886    -3.18476    -3.47710
   186  H   1.0   0.079   0.996   -19.03804     2.87994     4.04364
   187  H   1.0   0.081   0.997   -20.71877     0.00094     3.56572
   188  H   1.0   0.080   0.998   -18.29481     0.15628     5.89046
   189  H   1.0   0.078   1.009   -14.82396     2.87125     5.63195
   190  H   1.0   0.073   1.009    -9.22526     6.45039     8.95995
   191  H   1.0   0.073   1.008   -11.77602     4.16760    11.77564
   192  H   1.0   0.078   1.009    -8.15568    -0.06482     6.76125
   193  H   1.0   0.080   0.997    -7.00673    -6.75842     2.14635
   194  H   1.0   0.081   0.998    -4.73301    -4.53289     1.03462
   195  H   1.0   0.081   0.999    -7.82932    -4.55651    -0.27363
   196  H   1.0   0.081   0.997   -13.47053    -8.04230    -0.79028
   197  H   1.0   0.080   0.997   -15.39786    -5.86212     0.90178
   198  H   1.0   0.079   0.996   -14.46169    -8.78741     2.33041
   199  H   1.0   0.077   1.007   -15.30300    -5.89613     5.31901
   200  H   1.0   0.073   1.007   -18.21809    -5.64820     8.39076
   201  H   1.0   0.073   1.005   -19.88578    -1.98327    12.54362
   202  H   1.0   0.074   1.001   -21.55837    -4.81389    11.44324
 
  Z AO/shell   Hii/eV     exponent
  1     Sat Feb 20 21:38:01 CET 2016    EN: 2.327 GAM: 0.473  GM3: 0.0000
     1s    -13.751157    1.051071
  6     Sat Feb 20 21:38:01 CET 2016    EN: 2.731 GAM: 0.422  GM3: 0.0000
     2s    -19.378245    2.021003
     2p    -11.993376    1.497917
  8     Sat Feb 20 21:38:01 CET 2016    EN: 3.700 GAM: 0.587  GM3: 0.0000
     2s    -21.648843    2.110798
     2p    -17.239740    2.329048
  9     Sat Feb 20 21:51:24 CET 2016    EN: 3.394 GAM: 0.669  GM3: 0.0000
     2s    -19.384211    2.614957
     2p    -19.426034    2.777297
 16     Sat Feb 20 23:13:41 CET 2016    EN: 1.915 GAM: 0.389  GM3: 0.0000
     3s    -22.000000    2.671470
     3p    -15.834192    1.836978
     3d     -2.593599    1.836978
 
 dipole moment of classical point charges (au)
     X       Y       Z   
  -1.3753   0.1536   0.3550  total (Debye):    3.631

 
 Nbf   :          646
 T(el) :   300.0
 calculating S/T integrals ...
 cpu time for ints    1.06232400000000     
 Nao   :          634
 making H0...
 making H1...
 cpu time for H      0.306966000000000     
 solving ...
 cpu time for diag    2.11547500000000     
 
 gap (eV)           :   2.130
 Koopmans IP (eV)   :  11.531
 Eel (Eh)           :  -484.571048
 T,E(Fermi),NFOD :    300.000   -10.466  0.000000
 T,E(Fermi),NFOD :    300.000   -10.466  0.000000
 Nfod               :  0.0000
 Nfod/Nel           :  0.0000

          eigenvalues
 #    :         301        302        303        304        305        306        307        308
 occ. :        2.000      2.000      2.000      2.000      2.000      2.000      2.000      2.000
 eps  :       -14.052    -13.923    -13.876    -13.801    -13.760    -13.743    -13.675    -13.179
 #    :         309        310        311        312        313        314        315        316
 occ. :        2.000      2.000      2.000      2.000      2.000      0.000      0.000      0.000
 eps  :       -13.049    -12.491    -12.218    -11.705    -11.532     -9.401     -9.182     -8.673
 #    :         317        318        319        320        321        322        323        324
 occ. :        0.000      0.000      0.000      0.000      0.000      0.000      0.000      0.000
 eps  :        -8.422     -8.312     -8.247     -8.127     -8.042     -7.926     -7.837     -7.757
                            1  SCC done.
 making H1...
 cpu time for H       2.22492900000000     
 solving ...
 cpu time for diag   0.188620000000000     
 
 gap (eV)           :   2.208
 Koopmans IP (eV)   :  11.527
 Eel (Eh)           :  -481.254067
 T,E(Fermi),NFOD :    300.000   -10.423  0.000000
 T,E(Fermi),NFOD :    300.000   -10.423  0.000000
 Nfod               :  0.0000
 Nfod/Nel           :  0.0000

          eigenvalues
 #    :         301        302        303        304        305        306        307        308
 occ. :        2.000      2.000      2.000      2.000      2.000      2.000      2.000      2.000
 eps  :       -13.759    -13.709    -13.551    -13.438    -13.410    -13.339    -13.297    -12.960
 #    :         309        310        311        312        313        314        315        316
 occ. :        2.000      2.000      2.000      2.000      2.000      0.000      0.000      0.000
 eps  :       -12.856    -12.425    -12.212    -11.712    -11.528     -9.320     -9.101     -8.602
 #    :         317        318        319        320        321        322        323        324
 occ. :        0.000      0.000      0.000      0.000      0.000      0.000      0.000      0.000
 eps  :        -8.294     -8.071     -7.970     -7.891     -7.778     -7.723     -7.570     -7.391
                            2  SCC done.
 
 
 Mulliken/CM5 charges    n(s)   n(p)   n(d)   
    1 C  -0.0883 -0.1244   1.136  2.952  0.000
    2 S   0.1404  0.1007   1.877  3.912  0.071
    3 C  -0.0327 -0.0376   1.161  2.872  0.000
    4 C  -0.0787 -0.1281   1.132  2.947  0.000
    5 C   0.0691  0.0886   1.157  2.774  0.000
    6 O  -0.1520 -0.2496   1.455  4.697  0.000
    7 C   0.0073 -0.1142   1.087  2.906  0.000
    8 C   0.0721  0.0934   1.154  2.773  0.000
    9 O  -0.1447 -0.2351   1.442  4.702  0.000
   10 C   0.0090 -0.1105   1.086  2.905  0.000
   11 C  -0.0684 -0.1161   1.133  2.936  0.000
   12 C  -0.0403 -0.0427   1.167  2.873  0.000
   13 C  -0.0385 -0.0304   1.164  2.875  0.000
   14 C  -0.0381 -0.0900   1.134  2.904  0.000
   15 C  -0.0441 -0.0973   1.129  2.915  0.000
   16 C  -0.0120 -0.0072   1.171  2.841  0.000
   17 C  -0.0836 -0.1329   1.134  2.949  0.000
   18 C  -0.0286 -0.0306   1.171  2.857  0.000
   19 C  -0.0105 -0.0119   1.163  2.847  0.000
   20 C   0.0006 -0.0068   1.163  2.836  0.000
   21 C  -0.0405 -0.0938   1.142  2.898  0.000
   22 C  -0.0420 -0.0946   1.137  2.905  0.000
   23 C  -0.0032  0.0051   1.168  2.835  0.000
   24 S  -0.0314 -0.0772   1.892  4.113  0.026
   25 C  -0.0329 -0.1280   1.126  2.907  0.000
   26 C  -0.0876 -0.2380   1.095  2.992  0.000
   27 C   0.0736  0.0874   1.166  2.760  0.000
   28 F  -0.1431 -0.1703   1.685  5.458  0.000
   29 C  -0.0344 -0.0830   1.139  2.896  0.000
   30 C  -0.0245 -0.0119   1.179  2.845  0.000
   31 C  -0.0272 -0.0289   1.171  2.856  0.000
   32 C  -0.0037 -0.0047   1.163  2.841  0.000
   33 C   0.0009 -0.0063   1.162  2.837  0.000
   34 C  -0.0431 -0.0971   1.140  2.903  0.000
   35 C  -0.0501 -0.1036   1.134  2.916  0.000
   36 C  -0.0012  0.0080   1.166  2.835  0.000
   37 S  -0.0230 -0.0635   1.894  4.103  0.026
   38 C  -0.0377 -0.1337   1.124  2.913  0.000
   39 C  -0.0881 -0.2387   1.096  2.992  0.000
   40 C   0.0797  0.0947   1.165  2.756  0.000
   41 C  -0.0307 -0.0786   1.139  2.891  0.000
   42 F  -0.1401 -0.1640   1.685  5.455  0.000
   43 C  -0.0221 -0.0095   1.175  2.847  0.000
   44 S   0.0635  0.0273   1.889  4.010  0.037
   45 C  -0.0778 -0.1271   1.139  2.939  0.000
   46 C  -0.0160 -0.0059   1.173  2.843  0.000
   47 S   0.0484  0.0134   1.894  4.022  0.036
   48 C  -0.0397 -0.0264   1.168  2.872  0.000
   49 S   0.1178  0.0803   1.887  3.939  0.056
   50 C  -0.0336 -0.0361   1.168  2.866  0.000
   51 C  -0.0774 -0.1271   1.133  2.945  0.000
   52 C   0.0750  0.0967   1.153  2.772  0.000
   53 O  -0.1402 -0.2292   1.455  4.685  0.000
   54 C   0.0052 -0.1166   1.089  2.905  0.000
   55 C   0.0740  0.0958   1.153  2.773  0.000
   56 O  -0.1421 -0.2306   1.456  4.687  0.000
   57 C   0.0088 -0.1122   1.086  2.905  0.000
   58 C  -0.0806 -0.1297   1.132  2.949  0.000
   59 C  -0.0337 -0.0366   1.167  2.867  0.000
   60 C  -0.0524 -0.0442   1.177  2.875  0.000
   61 C  -0.0305 -0.0830   1.137  2.894  0.000
   62 C  -0.0250 -0.0770   1.137  2.888  0.000
   63 C  -0.0224 -0.0161   1.174  2.848  0.000
   64 C  -0.0833 -0.1319   1.144  2.940  0.000
   65 C  -0.0306 -0.0326   1.172  2.858  0.000
   66 C  -0.0048 -0.0061   1.166  2.839  0.000
   67 C   0.0114  0.0043   1.166  2.822  0.000
   68 C  -0.0422 -0.0966   1.141  2.901  0.000
   69 C  -0.0302 -0.0825   1.143  2.888  0.000
   70 C  -0.0086 -0.0006   1.167  2.842  0.000
   71 S  -0.0665 -0.1119   1.897  4.142  0.028
   72 C  -0.0386 -0.1340   1.129  2.910  0.000
   73 C  -0.0873 -0.2368   1.096  2.992  0.000
   74 C   0.0882  0.1026   1.171  2.741  0.000
   75 F  -0.1332 -0.1608   1.682  5.451  0.000
   76 C  -0.0383 -0.0860   1.141  2.898  0.000
   77 C  -0.0258 -0.0141   1.178  2.848  0.000
   78 C  -0.0294 -0.0321   1.171  2.859  0.000
   79 C  -0.0089 -0.0103   1.164  2.845  0.000
   80 C   0.0053 -0.0021   1.165  2.830  0.000
   81 C  -0.0415 -0.0955   1.142  2.899  0.000
   82 C  -0.0337 -0.0858   1.140  2.893  0.000
   83 C  -0.0041  0.0045   1.166  2.838  0.000
   84 S  -0.0525 -0.0933   1.895  4.129  0.028
   85 C  -0.0365 -0.1316   1.127  2.910  0.000
   86 C  -0.0855 -0.2350   1.094  2.991  0.000
   87 C   0.0828  0.0969   1.170  2.748  0.000
   88 C  -0.0341 -0.0816   1.138  2.896  0.000
   89 F  -0.1377 -0.1638   1.684  5.454  0.000
   90 C  -0.0230 -0.0104   1.176  2.847  0.000
   91 S   0.0634  0.0276   1.889  4.008  0.040
   92 C  -0.0891 -0.1393   1.140  2.949  0.000
   93 C  -0.0093  0.0004   1.168  2.841  0.000
   94 S   0.0663  0.0299   1.892  4.005  0.036
   95 C  -0.0436 -0.0303   1.163  2.880  0.000
   96 S   0.1170  0.0813   1.886  3.938  0.059
   97 C  -0.0298 -0.0322   1.167  2.863  0.000
   98 C  -0.0780 -0.1277   1.133  2.945  0.000
   99 C   0.0764  0.0979   1.153  2.771  0.000
  100 O  -0.1431 -0.2343   1.457  4.687  0.000
  101 C   0.0047 -0.1171   1.088  2.907  0.000
  102 C   0.0733  0.0948   1.154  2.773  0.000
  103 O  -0.1468 -0.2361   1.457  4.690  0.000
  104 C   0.0040 -0.1174   1.088  2.908  0.000
  105 C  -0.0722 -0.1212   1.134  2.938  0.000
  106 C  -0.0343 -0.0370   1.166  2.869  0.000
  107 C  -0.0363 -0.0286   1.173  2.863  0.000
  108 C  -0.0485 -0.1008   1.135  2.914  0.000
  109 C  -0.0429 -0.0953   1.134  2.909  0.000
  110 C  -0.0441 -0.0365   1.173  2.871  0.000
  111 S   0.1070  0.0685   1.884  3.951  0.058
  112 C  -0.0365 -0.0392   1.166  2.870  0.000
  113 C  -0.0674 -0.1144   1.134  2.933  0.000
  114 C   0.0758  0.0971   1.154  2.770  0.000
  115 O  -0.1454 -0.2368   1.445  4.701  0.000
  116 C   0.0026 -0.1175   1.090  2.907  0.000
  117 C   0.0703  0.0897   1.159  2.771  0.000
  118 O  -0.1515 -0.2512   1.459  4.693  0.000
  119 C   0.0051 -0.1172   1.089  2.906  0.000
  120 C  -0.0709 -0.1206   1.132  2.939  0.000
  121 C  -0.0356 -0.0391   1.167  2.868  0.000
  122 C  -0.0447 -0.0378   1.171  2.874  0.000
  123 C  -0.0279 -0.0843   1.129  2.899  0.000
  124 C  -0.0939 -0.1965   1.109  2.984  0.000
  125 H   0.0566  0.1149   0.943  0.000  0.000
  126 H   0.0420  0.1034   0.958  0.000  0.000
  127 H   0.0415  0.1009   0.959  0.000  0.000
  128 H   0.0419  0.1014   0.958  0.000  0.000
  129 H   0.0432  0.1044   0.957  0.000  0.000
  130 H   0.0420  0.1055   0.958  0.000  0.000
  131 H   0.0429  0.1068   0.957  0.000  0.000
  132 H   0.0421  0.1034   0.958  0.000  0.000
  133 H   0.0444  0.1079   0.956  0.000  0.000
  134 H   0.0419  0.1024   0.958  0.000  0.000
  135 H   0.0441  0.1048   0.956  0.000  0.000
  136 H   0.0489  0.1088   0.951  0.000  0.000
  137 H   0.0493  0.1109   0.951  0.000  0.000
  138 H   0.0507  0.1115   0.949  0.000  0.000
  139 H   0.0489  0.1078   0.951  0.000  0.000
  140 H   0.0509  0.1078   0.949  0.000  0.000
  141 H   0.0353  0.0910   0.965  0.000  0.000
  142 H   0.0339  0.0890   0.966  0.000  0.000
  143 H   0.0331  0.0850   0.967  0.000  0.000
  144 H   0.0428  0.1024   0.957  0.000  0.000
  145 H   0.0440  0.1025   0.956  0.000  0.000
  146 H   0.0493  0.1086   0.951  0.000  0.000
  147 H   0.0520  0.1088   0.948  0.000  0.000
  148 H   0.0467  0.1036   0.953  0.000  0.000
  149 H   0.0321  0.0838   0.968  0.000  0.000
  150 H   0.0331  0.0860   0.967  0.000  0.000
  151 H   0.0341  0.0886   0.966  0.000  0.000
  152 H   0.0456  0.1074   0.954  0.000  0.000
  153 H   0.0555  0.1173   0.945  0.000  0.000
  154 H   0.0480  0.1117   0.952  0.000  0.000
  155 H   0.0398  0.0996   0.960  0.000  0.000
  156 H   0.0436  0.1050   0.956  0.000  0.000
  157 H   0.0459  0.1080   0.954  0.000  0.000
  158 H   0.0408  0.1003   0.959  0.000  0.000
  159 H   0.0446  0.1057   0.955  0.000  0.000
  160 H   0.0406  0.1001   0.959  0.000  0.000
  161 H   0.0421  0.1036   0.958  0.000  0.000
  162 H   0.0544  0.1115   0.946  0.000  0.000
  163 H   0.0513  0.1093   0.949  0.000  0.000
  164 H   0.0560  0.1216   0.944  0.000  0.000
  165 H   0.0471  0.1063   0.953  0.000  0.000
  166 H   0.0515  0.1106   0.948  0.000  0.000
  167 H   0.0513  0.1093   0.949  0.000  0.000
  168 H   0.0486  0.1089   0.951  0.000  0.000
  169 H   0.0300  0.0829   0.970  0.000  0.000
  170 H   0.0331  0.0849   0.967  0.000  0.000
  171 H   0.0315  0.0852   0.968  0.000  0.000
  172 H   0.0469  0.1113   0.953  0.000  0.000
  173 H   0.0470  0.1073   0.953  0.000  0.000
  174 H   0.0498  0.1087   0.950  0.000  0.000
  175 H   0.0497  0.1065   0.950  0.000  0.000
  176 H   0.0471  0.1059   0.953  0.000  0.000
  177 H   0.0311  0.0840   0.969  0.000  0.000
  178 H   0.0329  0.0847   0.967  0.000  0.000
  179 H   0.0333  0.0876   0.967  0.000  0.000
  180 H   0.0429  0.1038   0.957  0.000  0.000
  181 H   0.0543  0.1155   0.946  0.000  0.000
  182 H   0.0452  0.1085   0.955  0.000  0.000
  183 H   0.0422  0.1035   0.958  0.000  0.000
  184 H   0.0416  0.1016   0.958  0.000  0.000
  185 H   0.0436  0.1055   0.956  0.000  0.000
  186 H   0.0406  0.1003   0.959  0.000  0.000
  187 H   0.0422  0.1033   0.958  0.000  0.000
  188 H   0.0445  0.1072   0.955  0.000  0.000
  189 H   0.0457  0.1109   0.954  0.000  0.000
  190 H   0.0484  0.1067   0.952  0.000  0.000
  191 H   0.0481  0.1064   0.952  0.000  0.000
  192 H   0.0438  0.1099   0.956  0.000  0.000
  193 H   0.0412  0.1051   0.959  0.000  0.000
  194 H   0.0419  0.1047   0.958  0.000  0.000
  195 H   0.0440  0.1102   0.956  0.000  0.000
  196 H   0.0424  0.1040   0.958  0.000  0.000
  197 H   0.0467  0.1099   0.953  0.000  0.000
  198 H   0.0408  0.1001   0.959  0.000  0.000
  199 H   0.0450  0.1075   0.955  0.000  0.000
  200 H   0.0428  0.1009   0.957  0.000  0.000
  201 H   0.0310  0.0870   0.969  0.000  0.000
  202 H   0.0418  0.0955   0.958  0.000  0.000
 Hirshfeld charges for QMDFF written to <charges>
 
 Loewdin charges    n(s)   n(p)   n(d)
    1 C  -0.0616   1.081  2.980  0.000
    2 S   0.1051   1.861  3.905  0.128
    3 C  -0.0274   1.118  2.910  0.000
    4 C  -0.0805   1.082  2.999  0.000
    5 C   0.0559   1.123  2.821  0.000
    6 O  -0.1135   1.416  4.697  0.000
    7 C  -0.0037   1.018  2.986  0.000
    8 C   0.0588   1.121  2.820  0.000
    9 O  -0.1055   1.403  4.702  0.000
   10 C  -0.0022   1.017  2.985  0.000
   11 C  -0.0703   1.082  2.988  0.000
   12 C  -0.0379   1.125  2.913  0.000
   13 C  -0.0176   1.119  2.898  0.000
   14 C  -0.0320   1.081  2.951  0.000
   15 C  -0.0426   1.078  2.965  0.000
   16 C   0.0163   1.123  2.861  0.000
   17 C  -0.0857   1.085  3.001  0.000
   18 C  -0.0255   1.130  2.896  0.000
   19 C  -0.0124   1.123  2.890  0.000
   20 C   0.0065   1.119  2.874  0.000
   21 C  -0.0376   1.090  2.948  0.000
   22 C  -0.0369   1.084  2.953  0.000
   23 C   0.0203   1.121  2.858  0.000
   24 S  -0.0694   1.881  4.110  0.079
   25 C  -0.0042   1.060  2.944  0.000
   26 C  -0.0905   1.023  3.067  0.000
   27 C   0.0648   1.132  2.803  0.000
   28 F  -0.1255   1.668  5.457  0.000
   29 C  -0.0347   1.087  2.948  0.000
   30 C  -0.0034   1.135  2.869  0.000
   31 C  -0.0244   1.129  2.895  0.000
   32 C  -0.0057   1.123  2.883  0.000
   33 C   0.0064   1.118  2.875  0.000
   34 C  -0.0389   1.087  2.952  0.000
   35 C  -0.0466   1.082  2.965  0.000
   36 C   0.0225   1.119  2.858  0.000
   37 S  -0.0614   1.882  4.101  0.078
   38 C  -0.0094   1.059  2.950  0.000
   39 C  -0.0905   1.024  3.067  0.000
   40 C   0.0715   1.130  2.799  0.000
   41 C  -0.0315   1.088  2.943  0.000
   42 F  -0.1228   1.668  5.455  0.000
   43 C  -0.0005   1.130  2.870  0.000
   44 S   0.0257   1.876  4.008  0.090
   45 C  -0.0805   1.090  2.991  0.000
   46 C   0.0082   1.128  2.864  0.000
   47 S   0.0122   1.882  4.020  0.086
   48 C  -0.0218   1.125  2.896  0.000
   49 S   0.0823   1.874  3.934  0.110
   50 C  -0.0307   1.126  2.905  0.000
   51 C  -0.0807   1.083  2.998  0.000
   52 C   0.0617   1.119  2.819  0.000
   53 O  -0.1014   1.416  4.685  0.000
   54 C  -0.0066   1.021  2.985  0.000
   55 C   0.0606   1.119  2.820  0.000
   56 O  -0.1036   1.417  4.687  0.000
   57 C  -0.0023   1.017  2.985  0.000
   58 C  -0.0827   1.082  3.001  0.000
   59 C  -0.0306   1.125  2.906  0.000
   60 C  -0.0306   1.133  2.898  0.000
   61 C  -0.0244   1.083  2.941  0.000
   62 C  -0.0199   1.084  2.935  0.000
   63 C   0.0050   1.127  2.868  0.000
   64 C  -0.0852   1.094  2.991  0.000
   65 C  -0.0281   1.131  2.897  0.000
   66 C  -0.0066   1.126  2.881  0.000
   67 C   0.0182   1.122  2.860  0.000
   68 C  -0.0389   1.088  2.950  0.000
   69 C  -0.0240   1.089  2.935  0.000
   70 C   0.0136   1.121  2.866  0.000
   71 S  -0.1044   1.885  4.139  0.080
   72 C  -0.0106   1.063  2.947  0.000
   73 C  -0.0890   1.023  3.066  0.000
   74 C   0.0804   1.136  2.784  0.000
   75 F  -0.1158   1.666  5.450  0.000
   76 C  -0.0405   1.090  2.950  0.000
   77 C  -0.0045   1.134  2.871  0.000
   78 C  -0.0260   1.129  2.897  0.000
   79 C  -0.0105   1.123  2.888  0.000
   80 C   0.0119   1.120  2.868  0.000
   81 C  -0.0384   1.089  2.949  0.000
   82 C  -0.0279   1.087  2.941  0.000
   83 C   0.0187   1.119  2.862  0.000
   84 S  -0.0907   1.884  4.127  0.080
   85 C  -0.0080   1.061  2.947  0.000
   86 C  -0.0871   1.021  3.066  0.000
   87 C   0.0744   1.135  2.791  0.000
   88 C  -0.0347   1.087  2.948  0.000
   89 F  -0.1201   1.667  5.453  0.000
   90 C  -0.0014   1.132  2.870  0.000
   91 S   0.0254   1.876  4.006  0.093
   92 C  -0.0908   1.091  3.000  0.000
   93 C   0.0154   1.122  2.863  0.000
   94 S   0.0286   1.879  4.003  0.089
   95 C  -0.0244   1.120  2.905  0.000
   96 S   0.0809   1.872  3.934  0.113
   97 C  -0.0269   1.125  2.902  0.000
   98 C  -0.0811   1.083  2.998  0.000
   99 C   0.0630   1.119  2.818  0.000
  100 O  -0.1044   1.418  4.687  0.000
  101 C  -0.0072   1.020  2.987  0.000
  102 C   0.0602   1.120  2.819  0.000
  103 O  -0.1083   1.418  4.690  0.000
  104 C  -0.0078   1.019  2.989  0.000
  105 C  -0.0747   1.084  2.991  0.000
  106 C  -0.0319   1.124  2.908  0.000
  107 C  -0.0144   1.129  2.886  0.000
  108 C  -0.0440   1.082  2.962  0.000
  109 C  -0.0384   1.081  2.957  0.000
  110 C  -0.0216   1.128  2.894  0.000
  111 S   0.0709   1.870  3.946  0.113
  112 C  -0.0341   1.124  2.910  0.000
  113 C  -0.0688   1.083  2.986  0.000
  114 C   0.0623   1.121  2.817  0.000
  115 O  -0.1061   1.405  4.701  0.000
  116 C  -0.0103   1.022  2.989  0.000
  117 C   0.0574   1.126  2.817  0.000
  118 O  -0.1132   1.420  4.693  0.000
  119 C  -0.0063   1.021  2.985  0.000
  120 C  -0.0733   1.082  2.992  0.000
  121 C  -0.0320   1.125  2.907  0.000
  122 C  -0.0228   1.126  2.897  0.000
  123 C  -0.0180   1.074  2.944  0.000
  124 C  -0.0919   1.045  3.047  0.000
  125 H   0.0464   0.954  0.000  0.000
  126 H   0.0353   0.965  0.000  0.000
  127 H   0.0388   0.961  0.000  0.000
  128 H   0.0392   0.961  0.000  0.000
  129 H   0.0402   0.960  0.000  0.000
  130 H   0.0388   0.961  0.000  0.000
  131 H   0.0396   0.960  0.000  0.000
  132 H   0.0393   0.961  0.000  0.000
  133 H   0.0370   0.963  0.000  0.000
  134 H   0.0340   0.966  0.000  0.000
  135 H   0.0365   0.963  0.000  0.000
  136 H   0.0420   0.958  0.000  0.000
  137 H   0.0420   0.958  0.000  0.000
  138 H   0.0429   0.957  0.000  0.000
  139 H   0.0435   0.957  0.000  0.000
  140 H   0.0469   0.953  0.000  0.000
  141 H   0.0356   0.964  0.000  0.000
  142 H   0.0332   0.967  0.000  0.000
  143 H   0.0329   0.967  0.000  0.000
  144 H   0.0340   0.966  0.000  0.000
  145 H   0.0365   0.964  0.000  0.000
  146 H   0.0423   0.958  0.000  0.000
  147 H   0.0474   0.953  0.000  0.000
  148 H   0.0430   0.957  0.000  0.000
  149 H   0.0319   0.968  0.000  0.000
  150 H   0.0324   0.968  0.000  0.000
  151 H   0.0343   0.966  0.000  0.000
  152 H   0.0369   0.963  0.000  0.000
  153 H   0.0486   0.951  0.000  0.000
  154 H   0.0415   0.958  0.000  0.000
  155 H   0.0375   0.963  0.000  0.000
  156 H   0.0407   0.959  0.000  0.000
  157 H   0.0434   0.957  0.000  0.000
  158 H   0.0382   0.962  0.000  0.000
  159 H   0.0413   0.959  0.000  0.000
  160 H   0.0380   0.962  0.000  0.000
  161 H   0.0353   0.965  0.000  0.000
  162 H   0.0457   0.954  0.000  0.000
  163 H   0.0425   0.957  0.000  0.000
  164 H   0.0490   0.951  0.000  0.000
  165 H   0.0398   0.960  0.000  0.000
  166 H   0.0425   0.958  0.000  0.000
  167 H   0.0468   0.953  0.000  0.000
  168 H   0.0435   0.957  0.000  0.000
  169 H   0.0299   0.970  0.000  0.000
  170 H   0.0327   0.967  0.000  0.000
  171 H   0.0312   0.969  0.000  0.000
  172 H   0.0397   0.960  0.000  0.000
  173 H   0.0397   0.960  0.000  0.000
  174 H   0.0412   0.959  0.000  0.000
  175 H   0.0455   0.955  0.000  0.000
  176 H   0.0418   0.958  0.000  0.000
  177 H   0.0308   0.969  0.000  0.000
  178 H   0.0326   0.967  0.000  0.000
  179 H   0.0327   0.967  0.000  0.000
  180 H   0.0342   0.966  0.000  0.000
  181 H   0.0470   0.953  0.000  0.000
  182 H   0.0390   0.961  0.000  0.000
  183 H   0.0394   0.961  0.000  0.000
  184 H   0.0391   0.961  0.000  0.000
  185 H   0.0413   0.959  0.000  0.000
  186 H   0.0380   0.962  0.000  0.000
  187 H   0.0393   0.961  0.000  0.000
  188 H   0.0418   0.958  0.000  0.000
  189 H   0.0385   0.962  0.000  0.000
  190 H   0.0403   0.960  0.000  0.000
  191 H   0.0401   0.960  0.000  0.000
  192 H   0.0354   0.965  0.000  0.000
  193 H   0.0383   0.962  0.000  0.000
  194 H   0.0393   0.961  0.000  0.000
  195 H   0.0414   0.959  0.000  0.000
  196 H   0.0404   0.960  0.000  0.000
  197 H   0.0431   0.957  0.000  0.000
  198 H   0.0385   0.961  0.000  0.000
  199 H   0.0386   0.961  0.000  0.000
  200 H   0.0351   0.965  0.000  0.000
  201 H   0.0275   0.972  0.000  0.000
  202 H   0.0380   0.962  0.000  0.000
 
 Wiberg/Mayer (AO) data. WBOs > 0.1 written file <wbo>
 largest (>0.05) Wiberg bond orders for each atom
           total WBO             WBO to atom ...
     1  C   3.915    C    3 1.440    S    2 1.241    H  125 0.951    C   13 0.119    C    5 0.056
     2  S   2.652    C    1 1.241    C   13 1.138    C    3 0.056
     3  C   3.956    C    1 1.440    C    4 1.197    C   12 1.133    S    2 0.056
     4  C   3.954    C    5 1.546    C    3 1.197    H  126 0.939    C   11 0.094    O    6 0.073
     5  C   3.933    C    4 1.546    C    8 1.148    O    6 1.039    C    1 0.056
     6  O   2.222    C    5 1.039    C    7 0.992    C    4 0.073
     7  C   3.957    O    6 0.992    H  129 0.989    H  127 0.980    H  128 0.980
     8  C   3.925    C   11 1.524    C    5 1.148    O    9 1.057    C   13 0.054
     9  O   2.234    C    8 1.057    C   10 0.990    C   11 0.055
    10  C   3.955    O    9 0.990    H  132 0.990    H  130 0.980    H  131 0.980
    11  C   3.965    C    8 1.524    C   12 1.243    H  133 0.938    C    4 0.094    O    9 0.055
    12  C   3.933    C   13 1.318    C   11 1.243    C    3 1.133
    13  C   3.932    C   12 1.318    C   14 1.193    S    2 1.138    C    1 0.119    C    8 0.054
    14  C   3.939    C   15 1.635    C   13 1.193    H  134 0.938    C   17 0.070
    15  C   3.961    C   14 1.635    C   16 1.161    H  135 0.939
    16  C   3.920    C   17 1.533    C   15 1.161    S   44 1.060
    17  C   3.903    C   16 1.533    C   18 1.209    H  136 0.936    C   14 0.070    S   44 0.066
    18  C   3.931    C   19 1.258    C   43 1.224    C   17 1.209    C   31 0.050
    19  C   3.922    C   30 1.390    C   18 1.258    C   20 0.984    C   32 0.084
    20  C   3.952    C   29 1.379    C   21 1.359    C   19 0.984    C   23 0.098
    21  C   3.963    C   22 1.463    C   20 1.359    H  137 0.936    C   27 0.095
    22  C   3.967    C   21 1.463    C   23 1.357    H  138 0.937    C   29 0.102
    23  C   3.948    C   22 1.357    C   27 1.350    S   24 1.029    C   20 0.098
    24  S   2.239    C   23 1.029    C   25 0.980
    25  C   3.960    C   26 1.010    S   24 0.980    H  139 0.974    H  140 0.967
    26  C   3.982    C   25 1.010    H  142 0.982    H  141 0.978    H  143 0.976
    27  C   3.912    C   29 1.405    C   23 1.350    F   28 0.955    C   21 0.095
    28  F   1.090    C   27 0.955
    29  C   3.966    C   27 1.405    C   20 1.379    H  144 0.944    C   22 0.102
    30  C   3.923    C   19 1.390    C   31 1.223    S   47 1.065    C   43 0.054
    31  C   3.930    C   32 1.262    C   30 1.223    C   45 1.198    C   18 0.050
    32  C   3.920    C   43 1.376    C   31 1.262    C   33 0.995    C   19 0.084
    33  C   3.952    C   34 1.375    C   41 1.352    C   32 0.995    C   36 0.096
    34  C   3.968    C   35 1.441    C   33 1.375    H  145 0.942    C   40 0.096
    35  C   3.969    C   34 1.441    C   36 1.377    H  146 0.939    C   41 0.098
    36  C   3.948    C   35 1.377    C   40 1.327    S   37 1.036    C   33 0.096
    37  S   2.233    C   36 1.036    C   38 0.985
    38  C   3.965    C   39 1.009    S   37 0.985    H  148 0.973    H  147 0.968
    39  C   3.982    C   38 1.009    H  150 0.982    H  151 0.980    H  149 0.976
    40  C   3.914    C   41 1.430    C   36 1.327    F   42 0.961    C   34 0.096
    41  C   3.963    C   40 1.430    C   33 1.352    H  152 0.942    C   35 0.098
    42  F   1.090    C   40 0.961
    43  C   3.927    C   32 1.376    C   18 1.224    S   44 1.076    C   30 0.054
    44  S   2.416    C   43 1.076    C   16 1.060    C   17 0.066
    45  C   3.931    C   46 1.542    C   31 1.198    H  153 0.929    S   47 0.062
    46  C   3.915    C   45 1.542    C   48 1.159    S   47 1.040
    47  S   2.389    C   30 1.065    C   46 1.040    C   45 0.062
    48  C   3.925    C   50 1.337    C   46 1.159    S   49 1.123    C   60 0.109    C   52 0.053
    49  S   2.578    C   60 1.139    C   48 1.123
    50  C   3.937    C   48 1.337    C   51 1.218    C   59 1.137
    51  C   3.960    C   52 1.534    C   50 1.218    H  154 0.936    C   58 0.089    O   53 0.076
    52  C   3.927    C   51 1.534    C   55 1.142    O   53 1.060    C   48 0.053
    53  O   2.232    C   52 1.060    C   54 0.989    C   51 0.076
    54  C   3.954    O   53 0.989    H  156 0.989    H  155 0.980    H  157 0.973
    55  C   3.926    C   58 1.548    C   52 1.142    O   56 1.054    C   60 0.055
    56  O   2.229    C   55 1.054    C   57 0.992    C   58 0.077
    57  C   3.956    O   56 0.992    H  159 0.989    H  158 0.980    H  160 0.980
    58  C   3.957    C   55 1.548    C   59 1.201    H  161 0.940    C   51 0.089    O   56 0.077
    59  C   3.947    C   60 1.373    C   58 1.201    C   50 1.137
    60  C   3.904    C   59 1.373    S   49 1.139    C   61 1.083    C   48 0.109    C   55 0.055
    61  C   3.940    C   62 1.756    C   60 1.083    H  162 0.931    C   64 0.066
    62  C   3.938    C   61 1.756    C   63 1.098    H  163 0.937
    63  C   3.916    C   64 1.579    C   62 1.098    S   91 1.065
    64  C   3.950    C   63 1.579    C   65 1.198    H  164 0.927    S   91 0.072    C   61 0.066
    65  C   3.930    C   66 1.254    C   90 1.228    C   64 1.198    C   78 0.050
    66  C   3.929    C   77 1.371    C   65 1.254    C   67 1.011    C   79 0.084
    67  C   3.946    C   68 1.360    C   76 1.357    C   66 1.011    C   70 0.096
    68  C   3.961    C   69 1.450    C   67 1.360    H  165 0.939    C   74 0.094
    69  C   3.967    C   68 1.450    C   70 1.377    H  166 0.939    C   76 0.100
    70  C   3.944    C   69 1.377    C   74 1.341    S   71 1.010    C   67 0.096
    71  S   2.173    C   70 1.010    C   72 0.964
    72  C   3.957    C   73 1.011    H  168 0.973    H  167 0.967    S   71 0.964
    73  C   3.983    C   72 1.011    H  171 0.983    H  169 0.982    H  170 0.976
    74  C   3.914    C   76 1.418    C   70 1.341    F   75 0.964    C   68 0.094
    75  F   1.100    C   74 0.964
    76  C   3.962    C   74 1.418    C   67 1.357    H  172 0.935    C   69 0.100
    77  C   3.925    C   66 1.371    C   78 1.231    S   94 1.069    C   90 0.053
    78  C   3.938    C   79 1.260    C   77 1.231    C   92 1.200    C   65 0.050
    79  C   3.913    C   90 1.374    C   78 1.260    C   80 0.996    C   66 0.084
    80  C   3.950    C   88 1.369    C   81 1.359    C   79 0.996    C   83 0.097
    81  C   3.966    C   82 1.457    C   80 1.359    H  173 0.939    C   87 0.095
    82  C   3.968    C   81 1.457    C   83 1.368    H  174 0.940    C   88 0.100
    83  C   3.947    C   82 1.368    C   87 1.343    S   84 1.024    C   80 0.097
    84  S   2.193    C   83 1.024    C   85 0.972
    85  C   3.961    C   86 1.012    H  176 0.975    S   84 0.972    H  175 0.968
    86  C   3.984    C   85 1.012    H  179 0.982    H  177 0.982    H  178 0.977
    87  C   3.913    C   88 1.412    C   83 1.343    F   89 0.961    C   81 0.095
    88  C   3.963    C   87 1.412    C   80 1.369    H  180 0.943    C   82 0.100
    89  F   1.095    C   87 0.961
    90  C   3.934    C   79 1.374    C   65 1.228    S   91 1.078    C   77 0.053
    91  S   2.431    C   90 1.078    C   63 1.065    C   64 0.072
    92  C   3.927    C   93 1.539    C   78 1.200    H  181 0.932    S   94 0.064
    93  C   3.922    C   92 1.539    C   95 1.152    S   94 1.051
    94  S   2.412    C   77 1.069    C   93 1.051    C   92 0.064
    95  C   3.913    C   97 1.322    C   93 1.152    S   96 1.137    C  107 0.100
    96  S   2.576    C   95 1.137    C  107 1.129
    97  C   3.940    C   95 1.322    C   98 1.217    C  106 1.158
    98  C   3.958    C   99 1.535    C   97 1.217    H  182 0.937    C  105 0.087    O  100 0.074
    99  C   3.927    C   98 1.535    C  102 1.147    O  100 1.055
   100  O   2.231    C   99 1.055    C  101 0.991    C   98 0.074
   101  C   3.955    O  100 0.991    H  183 0.989    H  184 0.979    H  185 0.975
   102  C   3.936    C  105 1.540    C   99 1.147    O  103 1.052
   103  O   2.224    C  102 1.052    C  104 0.990    C  105 0.074
   104  C   3.955    O  103 0.990    H  187 0.989    H  186 0.980    H  188 0.976
   105  C   3.960    C  102 1.540    C  106 1.209    H  189 0.937    C   98 0.087    O  103 0.074
   106  C   3.950    C  107 1.325    C  105 1.209    C   97 1.158
   107  C   3.912    C  106 1.325    C  108 1.165    S   96 1.129    C   95 0.100
   108  C   3.942    C  109 1.637    C  107 1.165    H  190 0.936
   109  C   3.939    C  108 1.637    C  110 1.171    H  191 0.937
   110  C   3.935    C  112 1.318    C  109 1.171    S  111 1.130    C  122 0.105    C  114 0.050
   111  S   2.591    C  122 1.139    C  110 1.130
   112  C   3.951    C  110 1.318    C  113 1.229    C  121 1.151
   113  C   3.963    C  114 1.529    C  112 1.229    H  192 0.940    C  120 0.092    O  115 0.056
   114  C   3.936    C  113 1.529    C  117 1.149    O  115 1.056    C  110 0.050
   115  O   2.238    C  114 1.056    C  116 0.990    C  113 0.056
   116  C   3.954    O  115 0.990    H  194 0.988    H  193 0.979    H  195 0.975
   117  C   3.920    C  120 1.529    C  114 1.149    O  118 1.041    C  122 0.051
   118  O   2.219    C  117 1.041    C  119 0.990    C  120 0.070
   119  C   3.955    O  118 0.990    H  196 0.987    H  198 0.981    H  197 0.977
   120  C   3.960    C  117 1.529    C  121 1.223    H  199 0.938    C  113 0.092    O  118 0.070
   121  C   3.956    C  122 1.332    C  120 1.223    C  112 1.151    C  124 0.065
   122  C   3.915    C  121 1.332    C  123 1.143    S  111 1.139    C  110 0.105    C  117 0.051
   123  C   3.972    C  124 1.836    C  122 1.143    H  200 0.936
   124  C   3.921    C  123 1.836    H  202 0.963    H  201 0.962    C  121 0.065
   125  H   0.995    C    1 0.951
   126  H   0.996    C    4 0.939
   127  H   0.998    C    7 0.980
   128  H   0.998    C    7 0.980
   129  H   0.998    C    7 0.989
   130  H   0.998    C   10 0.980
   131  H   0.998    C   10 0.980
   132  H   0.998    C   10 0.990
   133  H   0.996    C   11 0.938
   134  H   0.995    C   14 0.938
   135  H   0.997    C   15 0.939
   136  H   0.995    C   17 0.936
   137  H   0.996    C   21 0.936
   138  H   0.995    C   22 0.937
   139  H   0.997    C   25 0.974
   140  H   0.996    C   25 0.967
   141  H   0.999    C   26 0.978
   142  H   0.999    C   26 0.982
   143  H   0.998    C   26 0.976
   144  H   0.998    C   29 0.944
   145  H   0.998    C   34 0.942
   146  H   0.996    C   35 0.939
   147  H   0.996    C   38 0.968
   148  H   0.998    C   38 0.973
   149  H   0.998    C   39 0.976
   150  H   0.999    C   39 0.982
   151  H   0.999    C   39 0.980
   152  H   0.997    C   41 0.942
   153  H   0.994    C   45 0.929
   154  H   0.995    C   51 0.936
   155  H   0.998    C   54 0.980
   156  H   0.997    C   54 0.989
   157  H   0.998    C   54 0.973
   158  H   0.998    C   57 0.980
   159  H   0.997    C   57 0.989
   160  H   0.998    C   57 0.980
   161  H   0.995    C   58 0.940
   162  H   0.993    C   61 0.931
   163  H   0.991    C   62 0.937
   164  H   0.995    C   64 0.927
   165  H   0.997    C   68 0.939
   166  H   0.995    C   69 0.939
   167  H   0.996    C   72 0.967
   168  H   0.997    C   72 0.973
   169  H   0.999    C   73 0.982
   170  H   0.998    C   73 0.976
   171  H   0.999    C   73 0.983
   172  H   0.998    C   76 0.935
   173  H   0.997    C   81 0.939
   174  H   0.995    C   82 0.940
   175  H   0.996    C   85 0.968
   176  H   0.998    C   85 0.975
   177  H   0.999    C   86 0.982
   178  H   0.999    C   86 0.977
   179  H   0.999    C   86 0.982
   180  H   0.998    C   88 0.943
   181  H   0.995    C   92 0.932
   182  H   0.996    C   98 0.937
   183  H   0.998    C  101 0.989
   184  H   0.998    C  101 0.979
   185  H   0.998    C  101 0.975
   186  H   0.998    C  104 0.980
   187  H   0.998    C  104 0.989
   188  H   0.998    C  104 0.976
   189  H   0.995    C  105 0.937
   190  H   0.992    C  108 0.936
   191  H   0.992    C  109 0.937
   192  H   0.996    C  113 0.940
   193  H   0.998    C  116 0.979
   194  H   0.997    C  116 0.988
   195  H   0.998    C  116 0.975
   196  H   0.998    C  119 0.987
   197  H   0.998    C  119 0.977
   198  H   0.998    C  119 0.981
   199  H   0.996    C  120 0.938
   200  H   0.997    C  123 0.936
   201  H   0.999    C  124 0.962
   202  H   0.996    C  124 0.963
 
 --------------------------------------------
          xTB calculation for sTDA...
 --------------------------------------------
 
 reading parameter file /ihome/ghutchison/blp62/xtb4stda/.param_stda2.xtb
 
      method parameters     
 k(s)        :  1.6000
 k(p)        :  2.1800
 k(d)        :  1.9500
 k(f)        :  2.0000
 k(R-V)      :  2.2750
 k(R-R)      :  1.7650
 Tscal       :  0.2580
 Gscal       :  1.0000
 fpol        :  1.0000
 Zcnf        :  0.3430
 Zqf         :  0.0000
 kcn         :  2.7000
 Ryd Hsplit  :  0.7000
 lshift(virt):  3.1000
 lshift(OS)  :  0.2000
 wllscaling  :  2.6000
 
 mowrcut     : 3.000
 
  Z AO/shell   Hii/eV     exponent
  1     Sun Feb 14 09:53:25 CET 2016    EN: 2.327 GAM: 0.473  GM3: 0.0000
     1s    -14.339618    1.220000
     2sp    -3.348946    0.600000
  6     Sun Feb 14 09:53:25 CET 2016    EN: 2.731 GAM: 0.422  GM3: 0.0000
     2s    -22.009312    1.565095
     2p    -13.020408    1.596905
     3sp    -3.914040    0.824500
  8     Sun Feb 14 09:53:25 CET 2016    EN: 3.700 GAM: 0.587  GM3: 0.0000
     2s    -33.859000    2.418661
     2p    -22.175911    1.973969
     3sp    -4.259392    1.013700
  9     Sun Feb 21 12:20:01 CET 2016    EN: 3.394 GAM: 0.600  GM3: 0.0000
     2s    -26.548112    1.943768
     2p    -23.081168    2.552035
     3sp    -1.937199    1.103200
 16     Sun Feb 21 16:35:57 CET 2016    EN: 1.915 GAM: 0.200  GM3: 0.0000
     3s    -17.898811    2.619580
     3p    -15.317401    1.798798
     4sp    -4.455139    0.843200
 
 Nbf   :         1382
 T(el) :     0.0
 calculating S/T integrals ...
 cpu time for ints    3.35759900000000     
 Nao   :         1382
 making H0...
 making H1...
 cpu time for H      5.821699999999996E-002
 solving ...
 cpu time for diag   0.995570000000001     
 
 gap (eV)           :   4.759
 Koopmans IP (eV)   :  12.769
 Eel (Eh)           :  -533.046716

          eigenvalues
 #    :         301        302        303        304        305        306        307        308
 occ. :        2.000      2.000      2.000      2.000      2.000      2.000      2.000      2.000
 eps  :       -14.716    -14.665    -14.590    -14.548    -14.531    -14.377    -14.345    -13.959
 #    :         309        310        311        312        313        314        315        316
 occ. :        2.000      2.000      2.000      2.000      2.000      0.000      0.000      0.000
 eps  :       -13.866    -13.493    -13.350    -12.950    -12.770     -8.011     -7.791     -7.457
 #    :         317        318        319        320        321        322        323        324
 occ. :        0.000      0.000      0.000      0.000      0.000      0.000      0.000      0.000
 eps  :        -7.152     -6.717     -6.502     -6.225     -5.971     -5.915     -5.888     -5.827
                            1  SCC done.
 writing mo output ...
 molden style : F
 
speedup  2.94
cpu  time for all    9.67 s
wall time for all    3.29 s
