 
        ______________________________________
       |                                      |
       |          ===================         |
       |             xTB for sTDA             |
       |          ===================         |
       |               S. Grimme              |
       |        Universitaet Bonn, MCTC       |
       |         2015-19, Version 1.0         |
       |     Wed Apr  3 09:14:55 CEST 2019    |
       |______________________________________|
 
        This code comes without any warranty
        for non-commercial, academia use only.
        Preliminary test version.
        Cite this work as:
        S. Grimme  &  C. Bannwarth, JCP 145 (2016) 054103
        if GBSA is used additionally:
        P. Shushkov, F. März, C. Bannwarth, S. Grimme, unpublished.
 
        with help from
        P. Shushkov, G. Brandenburg, S. Dohm, J. Pisarek,
        F. März, M. Checinski, S. Ehrlich, S. Spicher, 
        P. Pracht, E. Caldeweyher, S. Ehlert, and C. Bannwarth.
 
        usage        :
        xtb4stda <coord_file> [options]
        where <coord_file> is a valid file of TM)
        (*coord, Bohr) or xmol (*xyz, Angstroem)
        format.

        options:
        -chrg <int>   : molecular charge
        -uhf  <int>   : # of unpaired electrons(=2*S)
        -nox          : skip second, extended part in sTDA-xTB
        -pop          : do population analysis
                      : (default for -nox)
        -mowr <real>  : cut MO write above (def.3 Eh)
        -molden       : write formatted molden file
        -parx <file>  : read parameters for sTDA-xTB
                        calc (def:~/.param_stda2.xtb)
        -parv <file>  : read parameters for vTB part in
                        sTDA-xTB (def: ~/.param_stda1.xtb)
        -xtemp <real> : el. temp for xTB (def. 0 K)
        -etemp <real> : el. temp for GFN (def. 300 K)
        -fod          : calculate the FOD and write
                        molden.input file with
                        appropriate occupations
                        for plotting. Def. T=12500 K
 
        -acc <real>   : xTB accuracy (def. 1.0)
        -gbsa [string1] [string2]
                        use GBSA implicit solvent
                        for solvent [string1] and
                        solvation state [string2]=
                        reference, bar1M (default=1M)
        additional GFN/opt/MD/siman options read from
        $XTB4STDAHOME/.xtb4stdarc or $set in input
 
       spin and charge state information can be on:
       <.CHRG> (charge) and <.UHF> (=nalpha-nbeta)
       -uhf and -chrg override the file info.
       useful machine settings:
       setenv MKL_NUM_THREADS <NCORE_ON_YOUR_MACHINE>
       setenv OMP_STACKSIZE 500m
       limit stacksize unlimited
 
       total energies in Eh, gaps/HL energies in eV
       please read REVISION and HOWTO files carefully
 =============================
  # OMP threads =           8
 =============================
 
 xtb4stdahome directory:/ihome/ghutchison/blp62/xtb4stda/
 
 
 name of molecule           :
 comment line               :
 number of atoms            :   250
 number of electrons        :   782
 charge                     :  0
 spin                       : 0.0
 first test random number   :  0.5207
 
 -----------------------------------------
      charge density (VTB) calculation
 -----------------------------------------
 
      method parameters     
 k(s)        :  1.8000
 k(p)        :  2.8350
 k(d)        :  2.0860
 k(f)        :  2.0000
 Tscal       :  0.3300
 Gscal       :  0.3910
 fpol        :  1.0000
 Zcnf        :  0.6500
 Zqf         :  0.0000
 kcn         :  0.3000
 kEN1        : -0.5900
 wllscal     :  2.6000
 
     -------------------------
     ! NO SOLVENT MODEL USED !
     -------------------------
 
 doing EN charges ...
 sum q : -0.3330669D-14
 point charge moment (au)
     X       Y       Z   
   0.6871  -0.5540  -0.6098  total (Debye):    2.727
 
            Z      q(EN)   CN      Cart. coordinates
     1  C   4.0  -0.164   3.156     8.61828    -7.65037    10.87462
     2  C   4.0  -0.089   3.330     8.13735    -5.20903    10.33642
     3  C   4.0  -0.021   3.464     5.92561    -4.88362     8.82521
     4  C   4.0  -0.005   3.305     4.77798    -2.60858     8.08122
     5  C   4.0  -0.006   3.245     5.98684    -0.17688     8.64644
     6  C   4.0  -0.077   3.213     8.55290     0.13682     8.14623
     7  C   4.0  -0.085   3.250     9.77536     2.36008     8.73885
     8  C   4.0  -0.082   3.177     8.47202     4.34675     9.85303
     9  S   6.0   0.188   2.316    10.13347     7.12710    10.73572
    10  C   4.0  -0.240   4.002     8.50981     9.45146     8.75586
    11  C   4.0  -0.250   4.078     9.27553     9.15270     6.01103
    12  C   4.0   0.013   3.239     5.90766     4.02606    10.33680
    13  F   7.0  -0.029   1.081     4.58807     5.86930    11.48424
    14  C   4.0  -0.075   3.229     4.65893     1.81640     9.73058
    15  C   4.0  -0.088   3.306     2.47819    -2.80946     6.83835
    16  C   4.0  -0.018   3.435     1.35418    -5.15498     6.18432
    17  C   4.0  -0.005   3.302     2.50389    -7.43475     6.92981
    18  C   4.0  -0.006   3.243     1.36004    -9.90972     6.42847
    19  C   4.0  -0.078   3.225     2.83062   -11.94817     5.63271
    20  C   4.0  -0.086   3.264     1.74592   -14.25269     5.09376
    21  C   4.0  -0.083   3.169    -0.84131   -14.64349     5.36153
    22  S   6.0   0.188   2.311    -2.05111   -17.68330     4.66989
    23  C   4.0  -0.239   3.999    -4.87719   -16.98486     2.79850
    24  C   4.0  -0.250   4.073    -4.21957   -15.63200     0.36150
    25  C   4.0   0.013   3.231    -2.27032   -12.63811     6.28050
    26  C   4.0  -0.073   3.222    -1.21642   -10.30846     6.78808
    27  F   7.0  -0.028   1.077    -4.77080   -12.91420     6.73026
    28  C   4.0  -0.089   3.315     4.76608    -7.22272     8.25357
    29  S   6.0   0.221   2.561     6.45341    -9.72566     9.57921
    30  C   4.0  -0.089   3.359    -0.96584    -4.79820     4.87436
    31  C   4.0  -0.089   3.257    -1.70548    -2.33910     4.71071
    32  S   6.0   0.220   2.601     0.58657    -0.26683     5.92297
    33  C   4.0  -0.097   3.279    -4.13170    -1.40218     3.94121
    34  S   6.0   0.221   2.600    -5.57091    -2.32928     1.15689
    35  C   4.0  -0.086   3.207    -8.36147    -0.73624     1.87499
    36  C   4.0  -0.022   3.449    -8.15851     0.45013     4.23790
    37  C   4.0  -0.023   3.455    -5.74307     0.10053     5.38515
    38  C   4.0  -0.072   3.212    -5.28556     1.12269     7.80929
    39  C   4.0   0.011   3.180    -7.11425     2.44833     9.04158
    40  C   4.0  -0.254   4.065    -6.68944     3.54815    11.60537
    41  C   4.0   0.067   3.251    -9.51723     2.83440     7.85672
    42  O   6.0  -0.134   2.058   -11.16866     4.22014     9.25361
    43  C   4.0  -0.186   4.059   -13.56823     4.74151     8.24147
    44  C   4.0  -0.066   3.185   -10.02556     1.85533     5.51233
    45  C   4.0  -0.079   3.181   -10.47494    -0.72055     0.25322
    46  C   4.0  -0.082   3.209   -10.51708    -1.60551    -2.16015
    47  C   4.0  -0.085   3.198   -12.63074    -1.61496    -3.79835
    48  S   6.0   0.221   2.684   -12.06911    -1.67600    -7.03639
    49  C   4.0  -0.086   3.200   -15.25689    -1.47436    -7.79909
    50  C   4.0  -0.023   3.456   -16.70763    -1.48173    -5.59321
    51  C   4.0  -0.021   3.431   -15.23724    -1.55354    -3.32743
    52  C   4.0  -0.069   3.197   -16.50827    -1.71474    -0.98946
    53  C   4.0   0.012   3.173   -19.08378    -1.67468    -0.86871
    54  C   4.0  -0.252   4.060   -20.47310    -1.90069     1.58321
    55  C   4.0   0.067   3.246   -20.53206    -1.44224    -3.13883
    56  O   6.0  -0.133   2.056   -23.07847    -1.35172    -2.77034
    57  C   4.0  -0.185   4.056   -24.66244    -1.20924    -4.89666
    58  C   4.0  -0.064   3.182   -19.36912    -1.36419    -5.44770
    59  C   4.0  -0.077   3.171   -16.16925    -1.49723   -10.34871
    60  C   4.0  -0.079   3.165   -15.04373    -0.50720   -12.41550
    61  C   4.0  -0.086   3.211   -12.86677     1.10814   -12.28416
    62  C   4.0  -0.095   3.411   -12.36656     2.79113   -10.40540
    63  C   4.0  -0.019   3.458    -9.93278     3.87980   -10.53749
    64  C   4.0  -0.006   3.314    -8.70729     5.25344    -8.63076
    65  C   4.0  -0.006   3.248    -9.98909     5.79220    -6.23043
    66  C   4.0  -0.073   3.192   -12.34936     6.94720    -6.14369
    67  C   4.0  -0.082   3.223   -13.59922     7.30171    -3.87828
    68  C   4.0  -0.084   3.173   -12.51641     6.52768    -1.61590
    69  S   6.0   0.197   2.345   -13.90971     6.84610     1.39632
    70  C   4.0  -0.240   3.999   -17.26170     7.29774     0.72773
    71  C   4.0  -0.251   4.073   -18.46980     4.94069    -0.36547
    72  C   4.0   0.009   3.279   -10.11589     5.45224    -1.72192
    73  F   7.0  -0.031   1.100    -8.96108     4.77949     0.44994
    74  C   4.0  -0.076   3.241    -8.87283     5.04614    -3.96559
    75  C   4.0  -0.089   3.313    -6.16712     5.74250    -9.00417
    76  C   4.0  -0.018   3.439    -4.80406     4.94957   -11.16941
    77  C   4.0  -0.005   3.301    -6.04656     3.58783   -13.08484
    78  C   4.0  -0.006   3.243    -4.68425     2.58590   -15.28448
    79  C   4.0  -0.073   3.193    -2.50445     1.14442   -14.99271
    80  C   4.0  -0.082   3.222    -1.21831     0.19937   -17.05893
    81  C   4.0  -0.085   3.168    -2.06793     0.67218   -19.49970
    82  S   6.0   0.192   2.347    -0.59224    -0.37851   -22.28592
    83  C   4.0  -0.237   3.999     2.36121    -1.77596   -21.13942
    84  C   4.0  -0.252   4.087     3.98090    -2.48764   -23.39537
    85  C   4.0   0.010   3.273    -4.28514     2.08040   -19.76219
    86  C   4.0  -0.073   3.223    -5.58886     3.02167   -17.71864
    87  F   7.0  -0.028   1.088    -5.17464     2.55019   -22.10242
    88  C   4.0  -0.087   3.307    -8.58994     3.07307   -12.70784
    89  S   6.0   0.212   2.557   -10.43034     1.02574   -14.53577
    90  C   4.0  -0.088   3.358    -2.17696     5.44676   -10.91865
    91  C   4.0  -0.089   3.265    -1.53521     6.46759    -8.64134
    92  S   6.0   0.218   2.634    -4.19822     7.17416    -6.79168
    93  C   4.0  -0.092   3.283     0.85019     6.41921    -7.38694
    94  C   4.0  -0.091   3.393     1.14177     6.59155    -4.83222
    95  C   4.0  -0.018   3.448     3.46727     5.61702    -3.94348
    96  C   4.0  -0.006   3.309     4.12659     5.07921    -1.43185
    97  C   4.0  -0.006   3.246     2.34798     5.52934     0.64969
    98  C   4.0  -0.074   3.199    -0.14305     4.68255     0.49454
    99  C   4.0  -0.084   3.234    -1.85495     5.16746     2.40052
   100  C   4.0  -0.086   3.175    -1.13705     6.51880     4.53855
   101  S   6.0   0.200   2.345    -3.21235     7.35519     6.99936
   102  C   4.0  -0.242   4.008    -6.24101     7.67474     5.37740
   103  C   4.0  -0.250   4.070    -6.22343     9.77801     3.43382
   104  C   4.0   0.010   3.268     1.39141     7.23784     4.72847
   105  F   7.0  -0.029   1.088     2.18509     8.49413     6.79470
   106  C   4.0  -0.075   3.228     3.11691     6.77013     2.83610
   107  C   4.0  -0.089   3.310     6.41770     3.86128    -1.06788
   108  C   4.0  -0.018   3.442     8.00790     3.09046    -3.07855
   109  C   4.0  -0.005   3.305     7.33478     3.62071    -5.58641
   110  C   4.0  -0.006   3.248     8.78817     2.71062    -7.77206
   111  C   4.0  -0.074   3.200     9.55464     4.38246    -9.65499
   112  C   4.0  -0.085   3.254    10.78013     3.51073   -11.78358
   113  C   4.0  -0.082   3.169    11.27581     0.94921   -12.11579
   114  S   6.0   0.187   2.307    12.86242    -0.00529   -14.90843
   115  C   4.0  -0.239   3.999    10.90353    -2.63749   -16.01033
   116  C   4.0  -0.249   4.070     8.21521    -1.80658   -16.55098
   117  C   4.0   0.013   3.230    10.55242    -0.69126   -10.19375
   118  C   4.0  -0.072   3.217     9.30973     0.15137    -8.06082
   119  F   7.0  -0.028   1.077    11.02617    -3.19458   -10.36930
   120  C   4.0  -0.087   3.315     5.06598     4.87625    -5.95509
   121  S   6.0   0.215   2.571     3.60276     5.33224    -8.88455
   122  C   4.0  -0.086   3.344    10.02934     1.54107    -2.20663
   123  C   4.0  -0.089   3.257     9.96358     1.10568     0.31275
   124  S   6.0   0.219   2.603     7.49465     2.72706     1.83209
   125  C   4.0  -0.095   3.277    11.18567    -0.89856     1.72078
   126  C   4.0  -0.089   3.384    10.34757    -3.31477     1.57074
   127  C   4.0  -0.019   3.454    11.44116    -4.95562     3.39074
   128  C   4.0  -0.005   3.302    10.81604    -7.48785     3.86468
   129  C   4.0  -0.006   3.241     8.68424    -8.67309     2.54716
   130  C   4.0  -0.073   3.206     6.40239    -7.36747     2.30131
   131  C   4.0  -0.087   3.284     4.37831    -8.43838     1.06902
   132  C   4.0  -0.084   3.169     4.50454   -10.87443     0.06879
   133  S   6.0   0.195   2.336     1.68110   -12.04625    -1.26196
   134  C   4.0  -0.239   3.999     2.64977   -14.30409    -3.69725
   135  C   4.0  -0.249   4.068     4.26549   -13.08352    -5.72171
   136  C   4.0   0.014   3.225     6.76730   -12.17758     0.37851
   137  F   7.0  -0.028   1.077     7.03507   -14.57319    -0.46657
   138  C   4.0  -0.076   3.231     8.83277   -11.10422     1.56167
   139  C   4.0  -0.090   3.311    12.21746    -8.69633     5.72738
   140  C   4.0  -0.021   3.460    14.02460    -7.42152     7.23557
   141  C   4.0  -0.005   3.302    14.52708    -4.84790     6.85668
   142  C   4.0  -0.006   3.244    16.18872    -3.40264     8.54194
   143  C   4.0  -0.073   3.194    15.78809    -3.41606    11.14088
   144  C   4.0  -0.082   3.219    17.26832    -1.98440    12.74582
   145  C   4.0  -0.085   3.168    19.22834    -0.50758    11.80701
   146  S   6.0   0.193   2.333    21.25488     1.42353    13.60111
   147  C   4.0  -0.240   3.998    20.45477     0.71148    16.88017
   148  C   4.0  -0.249   4.065    21.48826    -1.82321    17.73432
   149  C   4.0   0.010   3.278    19.60817    -0.51741     9.19389
   150  C   4.0  -0.074   3.226    18.12795    -1.90938     7.57194
   151  F   7.0  -0.029   1.090    21.49620     0.88647     8.22031
   152  C   4.0  -0.088   3.316    13.26909    -3.68818     4.87001
   153  S   6.0   0.219   2.566    13.51683    -0.50021     4.02020
   154  C   4.0  -0.089   3.324    15.14200    -9.07201     9.05311
   155  C   4.0  -0.164   3.148    14.22057   -11.44361     8.93935
   156  S   6.0   0.218   2.537    11.94042   -11.85236     6.63407
   157  H   1.0   0.076   1.015    10.13951    -8.41023    11.97878
   158  H   1.0   0.080   1.006     9.25682    -3.66153    11.02712
   159  H   1.0   0.078   1.012     9.57997    -1.38555     7.26505
   160  H   1.0   0.076   1.009    11.76638     2.58080     8.35618
   161  H   1.0   0.079   1.018     9.09676    11.27713     9.50343
   162  H   1.0   0.081   1.016     6.48346     9.23150     9.02212
   163  H   1.0   0.081   1.000    11.30094     9.43370     5.79314
   164  H   1.0   0.081   1.002     8.81123     7.26316     5.33715
   165  H   1.0   0.081   0.999     8.28947    10.54165     4.85716
   166  H   1.0   0.076   1.010     2.68190     1.65294    10.19677
   167  H   1.0   0.077   1.015     4.83751   -11.71403     5.37646
   168  H   1.0   0.076   1.008     2.89695   -15.80227     4.43802
   169  H   1.0   0.081   1.015    -6.19225   -15.90601     3.95085
   170  H   1.0   0.079   1.020    -5.68184   -18.84378     2.42641
   171  H   1.0   0.081   1.001    -2.90092   -16.75450    -0.74625
   172  H   1.0   0.081   0.999    -5.92410   -15.32568    -0.74795
   173  H   1.0   0.081   1.002    -3.35011   -13.80709     0.74285
   174  H   1.0   0.077   1.007    -2.41564    -8.84694     7.55097
   175  H   1.0   0.080   1.007    -2.10119    -6.31660     4.14587
   176  H   1.0   0.076   1.012    -3.46897     0.84206     8.68877
   177  H   1.0   0.082   1.000    -4.82277     3.06211    12.30571
   178  H   1.0   0.081   1.000    -8.11751     2.86275    12.91798
   179  H   1.0   0.081   1.001    -6.85479     5.59756    11.52846
   180  H   1.0   0.079   0.996   -14.64991     3.00561     7.92551
   181  H   1.0   0.079   1.000   -13.42764     5.79503     6.46740
   182  H   1.0   0.081   0.997   -14.52935     5.89254     9.65102
   183  H   1.0   0.077   1.008   -11.82345     2.15939     4.61018
   184  H   1.0   0.076   1.009   -12.14262     0.17726     1.01157
   185  H   1.0   0.074   1.013    -8.75888    -2.26427    -2.97821
   186  H   1.0   0.076   1.007   -15.43094    -1.94850     0.72433
   187  H   1.0   0.082   1.000   -19.16333    -1.99971     3.16246
   188  H   1.0   0.081   1.000   -21.73790    -0.29782     1.83946
   189  H   1.0   0.081   1.000   -21.63868    -3.59653     1.57433
   190  H   1.0   0.079   0.996   -24.31567     0.51344    -5.98986
   191  H   1.0   0.081   0.997   -26.58391    -1.17390    -4.16155
   192  H   1.0   0.079   0.996   -24.43189    -2.85689    -6.12668
   193  H   1.0   0.077   1.006   -20.43398    -1.24193    -7.17907
   194  H   1.0   0.073   1.007   -17.94805    -2.47838   -10.60987
   195  H   1.0   0.074   1.006   -15.80151    -0.91444   -14.26781
   196  H   1.0   0.081   1.010   -13.67670     3.16794    -8.90061
   197  H   1.0   0.076   1.006   -13.21296     7.60293    -7.87165
   198  H   1.0   0.076   1.007   -15.42527     8.20557    -3.89227
   199  H   1.0   0.079   1.021   -18.06654     7.75279     2.56889
   200  H   1.0   0.079   1.014   -17.47052     8.93784    -0.49870
   201  H   1.0   0.082   1.002   -18.26798     3.36692     0.93863
   202  H   1.0   0.081   0.999   -20.47272     5.26780    -0.69542
   203  H   1.0   0.082   1.001   -17.59127     4.40760    -2.14711
   204  H   1.0   0.077   1.011    -7.06304     4.11318    -3.93063
   205  H   1.0   0.076   1.006    -1.82907     0.70581   -13.11867
   206  H   1.0   0.076   1.007     0.45278    -0.92181   -16.74675
   207  H   1.0   0.079   1.014     1.89048    -3.43987   -20.01862
   208  H   1.0   0.079   1.015     3.30778    -0.37171   -19.96722
   209  H   1.0   0.081   1.001     3.00391    -3.85145   -24.58193
   210  H   1.0   0.081   0.999     5.74987    -3.31666   -22.75438
   211  H   1.0   0.082   1.001     4.40268    -0.82619   -24.52826
   212  H   1.0   0.076   1.007    -7.27866     4.11639   -18.03460
   213  H   1.0   0.080   1.007    -0.79066     4.94749   -12.31761
   214  H   1.0   0.080   1.011    -0.32673     7.27601    -3.60749
   215  H   1.0   0.076   1.007    -0.73926     3.59634    -1.12647
   216  H   1.0   0.077   1.009    -3.77019     4.49471     2.21835
   217  H   1.0   0.082   1.017    -6.75596     5.86817     4.54574
   218  H   1.0   0.080   1.022    -7.55985     8.09521     6.90147
   219  H   1.0   0.081   1.000    -8.09691     9.95621     2.60480
   220  H   1.0   0.081   1.000    -5.70981    11.56645     4.30706
   221  H   1.0   0.082   1.001    -4.88230     9.37210     1.92828
   222  H   1.0   0.077   1.009     5.02837     7.44231     3.04359
   223  H   1.0   0.076   1.007     9.18180     6.37631    -9.44466
   224  H   1.0   0.076   1.008    11.36368     4.80671   -13.24471
   225  H   1.0   0.079   1.020    11.85066    -3.25694   -17.73073
   226  H   1.0   0.081   1.014    10.97704    -4.15267   -14.62346
   227  H   1.0   0.081   0.999     7.13768    -3.38998   -17.30252
   228  H   1.0   0.081   1.001     7.29510    -1.14555   -14.83284
   229  H   1.0   0.081   1.001     8.20141    -0.27911   -17.92745
   230  H   1.0   0.076   1.006     8.72675    -1.20753    -6.65618
   231  H   1.0   0.080   1.006    11.43341     0.73113    -3.43099
   232  H   1.0   0.081   1.007     8.95843    -3.90058     0.20995
   233  H   1.0   0.077   1.008     6.20246    -5.51328     3.12561
   234  H   1.0   0.077   1.010     2.62653    -7.41037     0.88553
   235  H   1.0   0.079   1.021     0.85227   -14.94565    -4.47355
   236  H   1.0   0.081   1.015     3.59785   -15.89108    -2.79982
   237  H   1.0   0.081   1.001     3.29096   -11.47272    -6.54809
   238  H   1.0   0.081   0.999     4.66233   -14.45092    -7.20496
   239  H   1.0   0.082   1.001     6.05563   -12.43723    -4.94466
   240  H   1.0   0.076   1.010    10.54769   -12.19743     1.69546
   241  H   1.0   0.076   1.006    14.26006    -4.52665    11.91378
   242  H   1.0   0.076   1.007    16.86202    -2.01823    14.74119
   243  H   1.0   0.079   1.014    18.41349     0.85397    17.10240
   244  H   1.0   0.079   1.021    21.33444     2.24726    17.93369
   245  H   1.0   0.081   1.000    20.70988    -3.36012    16.61258
   246  H   1.0   0.081   0.999    21.01205    -2.14352    19.70946
   247  H   1.0   0.081   1.000    23.53351    -1.85477    17.53836
   248  H   1.0   0.076   1.008    18.51988    -1.85193     5.57261
   249  H   1.0   0.079   1.005    16.59312    -8.47958    10.34549
   250  H   1.0   0.075   1.014    14.74478   -13.04270    10.06922
 
  Z AO/shell   Hii/eV     exponent
  1     Sat Feb 20 21:38:01 CET 2016    EN: 2.327 GAM: 0.473  GM3: 0.0000
     1s    -13.751157    1.051071
  6     Sat Feb 20 21:38:01 CET 2016    EN: 2.731 GAM: 0.422  GM3: 0.0000
     2s    -19.378245    2.021003
     2p    -11.993376    1.497917
  8     Sat Feb 20 21:38:01 CET 2016    EN: 3.700 GAM: 0.587  GM3: 0.0000
     2s    -21.648843    2.110798
     2p    -17.239740    2.329048
  9     Sat Feb 20 21:51:24 CET 2016    EN: 3.394 GAM: 0.669  GM3: 0.0000
     2s    -19.384211    2.614957
     2p    -19.426034    2.777297
 16     Sat Feb 20 23:13:41 CET 2016    EN: 1.915 GAM: 0.389  GM3: 0.0000
     3s    -22.000000    2.671470
     3p    -15.834192    1.836978
     3d     -2.593599    1.836978
 
 dipole moment of classical point charges (au)
     X       Y       Z   
   0.6871  -0.5540  -0.6098  total (Debye):    2.727

 
 Nbf   :          826
 T(el) :   300.0
 calculating S/T integrals ...
 cpu time for ints    1.42207100000000     
 Nao   :          808
 making H0...
 making H1...
 cpu time for H      3.435300000000008E-002
 solving ...
 cpu time for diag    2.33423300000000     
 
 gap (eV)           :   1.948
 Koopmans IP (eV)   :  11.389
 Eel (Eh)           :  -605.503425
 T,E(Fermi),NFOD :    300.000   -10.415  0.000000
 T,E(Fermi),NFOD :    300.000   -10.415  0.000000
 Nfod               :  0.0000
 Nfod/Nel           :  0.0000

          eigenvalues
 #    :         379        380        381        382        383        384        385        386
 occ. :        2.000      2.000      2.000      2.000      2.000      2.000      2.000      2.000
 eps  :       -14.130    -13.997    -13.948    -13.862    -13.800    -13.732    -13.484    -13.147
 #    :         387        388        389        390        391        392        393        394
 occ. :        2.000      2.000      2.000      2.000      2.000      0.000      0.000      0.000
 eps  :       -13.027    -12.804    -12.741    -12.345    -11.390     -9.442     -8.662     -8.578
 #    :         395        396        397        398        399        400        401        402
 occ. :        0.000      0.000      0.000      0.000      0.000      0.000      0.000      0.000
 eps  :        -8.367     -8.337     -8.212     -8.167     -8.098     -8.051     -7.901     -7.890
                            1  SCC done.
 making H1...
 cpu time for H       2.76772700000000     
 solving ...
 cpu time for diag   0.264535000000000     
 
 gap (eV)           :   2.026
 Koopmans IP (eV)   :  11.505
 Eel (Eh)           :  -604.565843
 T,E(Fermi),NFOD :    300.000   -10.493  0.000000
 T,E(Fermi),NFOD :    300.000   -10.493  0.000000
 Nfod               :  0.0000
 Nfod/Nel           :  0.0000

          eigenvalues
 #    :         379        380        381        382        383        384        385        386
 occ. :        2.000      2.000      2.000      2.000      2.000      2.000      2.000      2.000
 eps  :       -13.906    -13.867    -13.819    -13.694    -13.605    -13.527    -13.485    -13.099
 #    :         387        388        389        390        391        392        393        394
 occ. :        2.000      2.000      2.000      2.000      2.000      0.000      0.000      0.000
 eps  :       -12.959    -12.800    -12.793    -12.466    -11.506     -9.481     -8.795     -8.526
 #    :         395        396        397        398        399        400        401        402
 occ. :        0.000      0.000      0.000      0.000      0.000      0.000      0.000      0.000
 eps  :        -8.332     -8.269     -8.218     -8.119     -8.070     -7.955     -7.845     -7.822
                            2  SCC done.
 
 
 Mulliken/CM5 charges    n(s)   n(p)   n(d)   
    1 C  -0.0562 -0.0959   1.141  2.915  0.000
    2 C  -0.0718 -0.1241   1.135  2.937  0.000
    3 C  -0.0383 -0.0410   1.174  2.864  0.000
    4 C  -0.0054 -0.0069   1.166  2.840  0.000
    5 C   0.0078  0.0004   1.166  2.826  0.000
    6 C  -0.0506 -0.1045   1.144  2.907  0.000
    7 C  -0.0293 -0.0812   1.145  2.885  0.000
    8 C  -0.0066  0.0018   1.166  2.841  0.000
    9 S  -0.0675 -0.1079   1.899  4.141  0.028
   10 C  -0.0392 -0.1345   1.129  2.910  0.000
   11 C  -0.0918 -0.2416   1.099  2.992  0.000
   12 C   0.0934  0.1083   1.171  2.736  0.000
   13 F  -0.1267 -0.1519   1.680  5.447  0.000
   14 C  -0.0334 -0.0809   1.138  2.895  0.000
   15 C  -0.0268 -0.0146   1.178  2.849  0.000
   16 C  -0.0299 -0.0327   1.172  2.858  0.000
   17 C  -0.0051 -0.0070   1.166  2.839  0.000
   18 C   0.0037 -0.0036   1.165  2.831  0.000
   19 C  -0.0438 -0.0963   1.143  2.901  0.000
   20 C  -0.0290 -0.0806   1.141  2.888  0.000
   21 C  -0.0012  0.0075   1.165  2.836  0.000
   22 S  -0.0524 -0.0932   1.896  4.128  0.028
   23 C  -0.0381 -0.1333   1.127  2.911  0.000
   24 C  -0.0880 -0.2375   1.096  2.992  0.000
   25 C   0.0838  0.0980   1.170  2.746  0.000
   26 C  -0.0371 -0.0861   1.139  2.898  0.000
   27 F  -0.1382 -0.1641   1.684  5.454  0.000
   28 C  -0.0294 -0.0176   1.176  2.853  0.000
   29 S   0.0882  0.0477   1.883  3.984  0.045
   30 C  -0.0756 -0.1246   1.142  2.933  0.000
   31 C  -0.0126 -0.0030   1.169  2.843  0.000
   32 S   0.0794  0.0411   1.891  3.991  0.038
   33 C  -0.0467 -0.0335   1.168  2.878  0.000
   34 S   0.1212  0.0847   1.885  3.934  0.060
   35 C  -0.0282 -0.0202   1.165  2.863  0.000
   36 C  -0.0306 -0.0339   1.166  2.865  0.000
   37 C  -0.0306 -0.0330   1.168  2.862  0.000
   38 C  -0.0628 -0.1135   1.142  2.921  0.000
   39 C   0.0063 -0.0069   1.176  2.818  0.000
   40 C  -0.0791 -0.2233   1.078  3.001  0.000
   41 C   0.0665  0.0834   1.159  2.775  0.000
   42 O  -0.1456 -0.2414   1.455  4.690  0.000
   43 C   0.0058 -0.1155   1.088  2.906  0.000
   44 C  -0.0710 -0.1214   1.133  2.938  0.000
   45 C  -0.0443 -0.0973   1.132  2.912  0.000
   46 C  -0.0443 -0.0955   1.129  2.916  0.000
   47 C  -0.0292 -0.0211   1.173  2.856  0.000
   48 S   0.1168  0.0787   1.885  3.942  0.056
   49 C  -0.0477 -0.0397   1.170  2.878  0.000
   50 C  -0.0355 -0.0385   1.169  2.866  0.000
   51 C  -0.0393 -0.0421   1.167  2.872  0.000
   52 C  -0.0604 -0.1126   1.142  2.918  0.000
   53 C  -0.0027 -0.0162   1.176  2.827  0.000
   54 C  -0.0807 -0.2251   1.079  3.002  0.000
   55 C   0.0645  0.0820   1.158  2.777  0.000
   56 O  -0.1510 -0.2455   1.457  4.694  0.000
   57 C   0.0080 -0.1131   1.086  2.906  0.000
   58 C  -0.0773 -0.1269   1.134  2.944  0.000
   59 C  -0.0331 -0.0857   1.136  2.897  0.000
   60 C  -0.0352 -0.0877   1.133  2.903  0.000
   61 C  -0.0174 -0.0112   1.174  2.843  0.000
   62 C  -0.0846 -0.1327   1.141  2.944  0.000
   63 C  -0.0290 -0.0309   1.173  2.856  0.000
   64 C  -0.0098 -0.0111   1.164  2.846  0.000
   65 C   0.0001 -0.0073   1.163  2.837  0.000
   66 C  -0.0407 -0.0949   1.140  2.900  0.000
   67 C  -0.0460 -0.0995   1.135  2.911  0.000
   68 C  -0.0016  0.0073   1.166  2.835  0.000
   69 S  -0.0273 -0.0713   1.893  4.108  0.026
   70 C  -0.0378 -0.1338   1.125  2.913  0.000
   71 C  -0.0882 -0.2385   1.096  2.992  0.000
   72 C   0.0801  0.0951   1.164  2.756  0.000
   73 F  -0.1384 -0.1663   1.684  5.455  0.000
   74 C  -0.0354 -0.0830   1.139  2.896  0.000
   75 C  -0.0237 -0.0111   1.177  2.847  0.000
   76 C  -0.0298 -0.0318   1.171  2.859  0.000
   77 C  -0.0033 -0.0046   1.165  2.839  0.000
   78 C  -0.0054 -0.0126   1.162  2.843  0.000
   79 C  -0.0441 -0.0981   1.141  2.903  0.000
   80 C  -0.0520 -0.1051   1.133  2.919  0.000
   81 C   0.0029  0.0125   1.165  2.832  0.000
   82 S  -0.0279 -0.0681   1.893  4.111  0.024
   83 C  -0.0384 -0.1351   1.125  2.914  0.000
   84 C  -0.0711 -0.2211   1.085  2.986  0.000
   85 C   0.0808  0.0965   1.163  2.757  0.000
   86 C  -0.0327 -0.0801   1.138  2.895  0.000
   87 F  -0.1359 -0.1590   1.683  5.453  0.000
   88 C  -0.0240 -0.0115   1.176  2.848  0.000
   89 S   0.0645  0.0298   1.891  4.006  0.039
   90 C  -0.0643 -0.1127   1.140  2.925  0.000
   91 C  -0.0151 -0.0055   1.171  2.844  0.000
   92 S   0.0627  0.0240   1.890  4.011  0.037
   93 C  -0.0117 -0.0018   1.169  2.842  0.000
   94 C  -0.0691 -0.1175   1.142  2.927  0.000
   95 C  -0.0263 -0.0284   1.170  2.856  0.000
   96 C  -0.0023 -0.0036   1.165  2.837  0.000
   97 C  -0.0040 -0.0113   1.164  2.840  0.000
   98 C  -0.0441 -0.0982   1.142  2.903  0.000
   99 C  -0.0424 -0.0957   1.138  2.905  0.000
  100 C   0.0018  0.0110   1.165  2.833  0.000
  101 S  -0.0303 -0.0725   1.894  4.109  0.027
  102 C  -0.0414 -0.1378   1.128  2.914  0.000
  103 C  -0.0876 -0.2375   1.095  2.993  0.000
  104 C   0.0836  0.0991   1.166  2.751  0.000
  105 F  -0.1328 -0.1576   1.682  5.451  0.000
  106 C  -0.0371 -0.0849   1.139  2.898  0.000
  107 C  -0.0238 -0.0112   1.177  2.847  0.000
  108 C  -0.0299 -0.0318   1.171  2.858  0.000
  109 C  -0.0057 -0.0070   1.165  2.841  0.000
  110 C   0.0062 -0.0010   1.166  2.828  0.000
  111 C  -0.0376 -0.0901   1.140  2.897  0.000
  112 C  -0.0278 -0.0795   1.142  2.886  0.000
  113 C  -0.0033  0.0052   1.166  2.838  0.000
  114 S  -0.0534 -0.0940   1.897  4.129  0.028
  115 C  -0.0381 -0.1333   1.127  2.911  0.000
  116 C  -0.0875 -0.2373   1.096  2.992  0.000
  117 C   0.0851  0.0994   1.171  2.744  0.000
  118 C  -0.0360 -0.0846   1.139  2.897  0.000
  119 F  -0.1366 -0.1623   1.683  5.453  0.000
  120 C  -0.0247 -0.0123   1.177  2.848  0.000
  121 S   0.0646  0.0294   1.892  4.006  0.038
  122 C  -0.0620 -0.1108   1.141  2.921  0.000
  123 C  -0.0156 -0.0065   1.173  2.843  0.000
  124 S   0.0755  0.0395   1.892  3.995  0.038
  125 C  -0.0165 -0.0068   1.168  2.849  0.000
  126 C  -0.0738 -0.1232   1.145  2.929  0.000
  127 C  -0.0327 -0.0354   1.170  2.862  0.000
  128 C  -0.0045 -0.0058   1.165  2.840  0.000
  129 C  -0.0000 -0.0077   1.164  2.836  0.000
  130 C  -0.0451 -0.0997   1.144  2.901  0.000
  131 C  -0.0384 -0.0907   1.139  2.900  0.000
  132 C  -0.0010  0.0073   1.167  2.834  0.000
  133 S  -0.0366 -0.0800   1.893  4.116  0.027
  134 C  -0.0338 -0.1290   1.126  2.908  0.000
  135 C  -0.0850 -0.2345   1.094  2.991  0.000
  136 C   0.0802  0.0936   1.168  2.752  0.000
  137 F  -0.1375 -0.1644   1.683  5.454  0.000
  138 C  -0.0338 -0.0817   1.138  2.896  0.000
  139 C  -0.0289 -0.0165   1.176  2.853  0.000
  140 C  -0.0373 -0.0397   1.173  2.864  0.000
  141 C  -0.0054 -0.0071   1.166  2.840  0.000
  142 C  -0.0075 -0.0149   1.163  2.845  0.000
  143 C  -0.0457 -0.0996   1.141  2.905  0.000
  144 C  -0.0500 -0.1035   1.134  2.916  0.000
  145 C   0.0023  0.0118   1.166  2.832  0.000
  146 S  -0.0138 -0.0543   1.893  4.095  0.026
  147 C  -0.0369 -0.1330   1.124  2.913  0.000
  148 C  -0.0870 -0.2372   1.096  2.991  0.000
  149 C   0.0813  0.0970   1.163  2.756  0.000
  150 C  -0.0340 -0.0814   1.138  2.896  0.000
  151 F  -0.1353 -0.1584   1.683  5.452  0.000
  152 C  -0.0263 -0.0151   1.177  2.849  0.000
  153 S   0.0899  0.0520   1.891  3.979  0.040
  154 C  -0.0715 -0.1235   1.134  2.938  0.000
  155 C  -0.0526 -0.0925   1.139  2.913  0.000
  156 S   0.0890  0.0493   1.883  3.983  0.045
  157 H   0.0595  0.1187   0.941  0.000  0.000
  158 H   0.0539  0.1137   0.946  0.000  0.000
  159 H   0.0466  0.1111   0.953  0.000  0.000
  160 H   0.0514  0.1112   0.949  0.000  0.000
  161 H   0.0485  0.1051   0.952  0.000  0.000
  162 H   0.0501  0.1103   0.950  0.000  0.000
  163 H   0.0299  0.0826   0.970  0.000  0.000
  164 H   0.0322  0.0871   0.968  0.000  0.000
  165 H   0.0314  0.0834   0.969  0.000  0.000
  166 H   0.0436  0.1051   0.956  0.000  0.000
  167 H   0.0480  0.1130   0.952  0.000  0.000
  168 H   0.0512  0.1104   0.949  0.000  0.000
  169 H   0.0471  0.1063   0.953  0.000  0.000
  170 H   0.0494  0.1062   0.951  0.000  0.000
  171 H   0.0307  0.0840   0.969  0.000  0.000
  172 H   0.0317  0.0834   0.968  0.000  0.000
  173 H   0.0335  0.0884   0.967  0.000  0.000
  174 H   0.0440  0.1044   0.956  0.000  0.000
  175 H   0.0539  0.1145   0.946  0.000  0.000
  176 H   0.0436  0.1055   0.956  0.000  0.000
  177 H   0.0396  0.0932   0.960  0.000  0.000
  178 H   0.0426  0.0980   0.957  0.000  0.000
  179 H   0.0452  0.1010   0.955  0.000  0.000
  180 H   0.0403  0.0998   0.960  0.000  0.000
  181 H   0.0439  0.1056   0.956  0.000  0.000
  182 H   0.0429  0.1040   0.957  0.000  0.000
  183 H   0.0439  0.1069   0.956  0.000  0.000
  184 H   0.0479  0.1097   0.952  0.000  0.000
  185 H   0.0397  0.1008   0.960  0.000  0.000
  186 H   0.0450  0.1047   0.955  0.000  0.000
  187 H   0.0382  0.0914   0.962  0.000  0.000
  188 H   0.0428  0.0984   0.957  0.000  0.000
  189 H   0.0441  0.0990   0.956  0.000  0.000
  190 H   0.0408  0.1002   0.959  0.000  0.000
  191 H   0.0438  0.1049   0.956  0.000  0.000
  192 H   0.0417  0.1011   0.958  0.000  0.000
  193 H   0.0400  0.1016   0.960  0.000  0.000
  194 H   0.0520  0.1099   0.948  0.000  0.000
  195 H   0.0513  0.1089   0.949  0.000  0.000
  196 H   0.0516  0.1152   0.948  0.000  0.000
  197 H   0.0452  0.1037   0.955  0.000  0.000
  198 H   0.0512  0.1105   0.949  0.000  0.000
  199 H   0.0515  0.1083   0.949  0.000  0.000
  200 H   0.0468  0.1036   0.953  0.000  0.000
  201 H   0.0342  0.0888   0.966  0.000  0.000
  202 H   0.0332  0.0852   0.967  0.000  0.000
  203 H   0.0341  0.0888   0.966  0.000  0.000
  204 H   0.0440  0.1063   0.956  0.000  0.000
  205 H   0.0448  0.1038   0.955  0.000  0.000
  206 H   0.0491  0.1084   0.951  0.000  0.000
  207 H   0.0428  0.0995   0.957  0.000  0.000
  208 H   0.0435  0.1008   0.956  0.000  0.000
  209 H   0.0351  0.0880   0.965  0.000  0.000
  210 H   0.0380  0.0898   0.962  0.000  0.000
  211 H   0.0350  0.0879   0.965  0.000  0.000
  212 H   0.0440  0.1044   0.956  0.000  0.000
  213 H   0.0545  0.1152   0.946  0.000  0.000
  214 H   0.0564  0.1191   0.944  0.000  0.000
  215 H   0.0439  0.1034   0.956  0.000  0.000
  216 H   0.0547  0.1157   0.945  0.000  0.000
  217 H   0.0512  0.1131   0.949  0.000  0.000
  218 H   0.0515  0.1105   0.948  0.000  0.000
  219 H   0.0335  0.0862   0.967  0.000  0.000
  220 H   0.0312  0.0840   0.969  0.000  0.000
  221 H   0.0314  0.0857   0.969  0.000  0.000
  222 H   0.0446  0.1061   0.955  0.000  0.000
  223 H   0.0451  0.1042   0.955  0.000  0.000
  224 H   0.0513  0.1098   0.949  0.000  0.000
  225 H   0.0501  0.1069   0.950  0.000  0.000
  226 H   0.0470  0.1060   0.953  0.000  0.000
  227 H   0.0320  0.0839   0.968  0.000  0.000
  228 H   0.0317  0.0857   0.968  0.000  0.000
  229 H   0.0315  0.0846   0.968  0.000  0.000
  230 H   0.0428  0.1027   0.957  0.000  0.000
  231 H   0.0540  0.1135   0.946  0.000  0.000
  232 H   0.0526  0.1135   0.947  0.000  0.000
  233 H   0.0485  0.1108   0.951  0.000  0.000
  234 H   0.0506  0.1107   0.949  0.000  0.000
  235 H   0.0508  0.1077   0.949  0.000  0.000
  236 H   0.0482  0.1071   0.952  0.000  0.000
  237 H   0.0308  0.0836   0.969  0.000  0.000
  238 H   0.0335  0.0854   0.966  0.000  0.000
  239 H   0.0333  0.0879   0.967  0.000  0.000
  240 H   0.0438  0.1053   0.956  0.000  0.000
  241 H   0.0434  0.1025   0.957  0.000  0.000
  242 H   0.0512  0.1107   0.949  0.000  0.000
  243 H   0.0475  0.1045   0.952  0.000  0.000
  244 H   0.0527  0.1096   0.947  0.000  0.000
  245 H   0.0321  0.0857   0.968  0.000  0.000
  246 H   0.0328  0.0845   0.967  0.000  0.000
  247 H   0.0334  0.0862   0.967  0.000  0.000
  248 H   0.0438  0.1046   0.956  0.000  0.000
  249 H   0.0517  0.1104   0.948  0.000  0.000
  250 H   0.0598  0.1177   0.940  0.000  0.000
 Hirshfeld charges for QMDFF written to <charges>
 
 Loewdin charges    n(s)   n(p)   n(d)
    1 C  -0.0256   1.083  2.942  0.000
    2 C  -0.0700   1.084  2.986  0.000
    3 C  -0.0357   1.133  2.903  0.000
    4 C  -0.0066   1.125  2.882  0.000
    5 C   0.0152   1.122  2.863  0.000
    6 C  -0.0479   1.092  2.956  0.000
    7 C  -0.0232   1.091  2.932  0.000
    8 C   0.0153   1.120  2.865  0.000
    9 S  -0.1053   1.888  4.139  0.079
   10 C  -0.0110   1.063  2.948  0.000
   11 C  -0.0942   1.028  3.067  0.000
   12 C   0.0851   1.136  2.779  0.000
   13 F  -0.1092   1.663  5.446  0.000
   14 C  -0.0345   1.087  2.948  0.000
   15 C  -0.0053   1.133  2.872  0.000
   16 C  -0.0271   1.131  2.896  0.000
   17 C  -0.0063   1.126  2.881  0.000
   18 C   0.0105   1.121  2.868  0.000
   19 C  -0.0404   1.090  2.950  0.000
   20 C  -0.0232   1.088  2.935  0.000
   21 C   0.0213   1.119  2.860  0.000
   22 S  -0.0906   1.884  4.126  0.080
   23 C  -0.0097   1.062  2.948  0.000
   24 C  -0.0900   1.024  3.066  0.000
   25 C   0.0757   1.135  2.789  0.000
   26 C  -0.0382   1.088  2.950  0.000
   27 F  -0.1207   1.667  5.454  0.000
   28 C  -0.0080   1.132  2.876  0.000
   29 S   0.0502   1.869  3.980  0.101
   30 C  -0.0767   1.093  2.984  0.000
   31 C   0.0123   1.123  2.864  0.000
   32 S   0.0407   1.878  3.990  0.091
   33 C  -0.0253   1.124  2.901  0.000
   34 S   0.0842   1.870  3.930  0.115
   35 C  -0.0063   1.120  2.886  0.000
   36 C  -0.0270   1.124  2.903  0.000
   37 C  -0.0291   1.127  2.902  0.000
   38 C  -0.0612   1.090  2.971  0.000
   39 C   0.0115   1.134  2.855  0.000
   40 C  -0.0810   1.004  3.077  0.000
   41 C   0.0556   1.124  2.820  0.000
   42 O  -0.1066   1.416  4.690  0.000
   43 C  -0.0056   1.019  2.986  0.000
   44 C  -0.0741   1.084  2.991  0.000
   45 C  -0.0412   1.080  2.962  0.000
   46 C  -0.0410   1.077  2.964  0.000
   47 C  -0.0052   1.127  2.878  0.000
   48 S   0.0800   1.871  3.938  0.110
   49 C  -0.0266   1.126  2.901  0.000
   50 C  -0.0313   1.127  2.904  0.000
   51 C  -0.0386   1.126  2.913  0.000
   52 C  -0.0588   1.090  2.968  0.000
   53 C   0.0023   1.134  2.864  0.000
   54 C  -0.0825   1.004  3.078  0.000
   55 C   0.0537   1.124  2.823  0.000
   56 O  -0.1122   1.418  4.694  0.000
   57 C  -0.0030   1.017  2.986  0.000
   58 C  -0.0804   1.084  2.997  0.000
   59 C  -0.0270   1.083  2.944  0.000
   60 C  -0.0316   1.080  2.952  0.000
   61 C   0.0102   1.127  2.863  0.000
   62 C  -0.0858   1.091  2.994  0.000
   63 C  -0.0260   1.131  2.895  0.000
   64 C  -0.0116   1.123  2.888  0.000
   65 C   0.0058   1.119  2.875  0.000
   66 C  -0.0365   1.087  2.949  0.000
   67 C  -0.0423   1.082  2.960  0.000
   68 C   0.0219   1.120  2.859  0.000
   69 S  -0.0657   1.882  4.105  0.079
   70 C  -0.0095   1.060  2.950  0.000
   71 C  -0.0907   1.024  3.067  0.000
   72 C   0.0718   1.130  2.799  0.000
   73 F  -0.1210   1.667  5.454  0.000
   74 C  -0.0361   1.088  2.948  0.000
   75 C  -0.0018   1.132  2.870  0.000
   76 C  -0.0273   1.130  2.898  0.000
   77 C  -0.0047   1.124  2.881  0.000
   78 C   0.0001   1.118  2.882  0.000
   79 C  -0.0398   1.088  2.952  0.000
   80 C  -0.0485   1.081  2.968  0.000
   81 C   0.0271   1.118  2.855  0.000
   82 S  -0.0662   1.881  4.110  0.075
   83 C  -0.0111   1.060  2.951  0.000
   84 C  -0.0710   1.012  3.060  0.000
   85 C   0.0719   1.128  2.800  0.000
   86 C  -0.0330   1.086  2.947  0.000
   87 F  -0.1186   1.667  5.452  0.000
   88 C  -0.0028   1.132  2.871  0.000
   89 S   0.0267   1.878  4.004  0.091
   90 C  -0.0648   1.090  2.975  0.000
   91 C   0.0091   1.125  2.866  0.000
   92 S   0.0240   1.877  4.009  0.090
   93 C   0.0130   1.123  2.864  0.000
   94 C  -0.0697   1.092  2.977  0.000
   95 C  -0.0235   1.129  2.895  0.000
   96 C  -0.0039   1.124  2.880  0.000
   97 C   0.0023   1.120  2.878  0.000
   98 C  -0.0400   1.089  2.951  0.000
   99 C  -0.0382   1.085  2.953  0.000
  100 C   0.0252   1.119  2.856  0.000
  101 S  -0.0690   1.883  4.107  0.079
  102 C  -0.0143   1.063  2.952  0.000
  103 C  -0.0895   1.022  3.067  0.000
  104 C   0.0749   1.131  2.794  0.000
  105 F  -0.1155   1.665  5.450  0.000
  106 C  -0.0384   1.088  2.951  0.000
  107 C  -0.0023   1.132  2.870  0.000
  108 C  -0.0275   1.130  2.897  0.000
  109 C  -0.0072   1.124  2.883  0.000
  110 C   0.0131   1.121  2.866  0.000
  111 C  -0.0336   1.087  2.946  0.000
  112 C  -0.0218   1.088  2.934  0.000
  113 C   0.0192   1.119  2.862  0.000
  114 S  -0.0917   1.885  4.127  0.079
  115 C  -0.0097   1.062  2.948  0.000
  116 C  -0.0894   1.023  3.066  0.000
  117 C   0.0770   1.136  2.787  0.000
  118 C  -0.0368   1.088  2.949  0.000
  119 F  -0.1191   1.667  5.452  0.000
  120 C  -0.0033   1.132  2.871  0.000
  121 S   0.0267   1.879  4.004  0.090
  122 C  -0.0622   1.090  2.972  0.000
  123 C   0.0087   1.127  2.864  0.000
  124 S   0.0369   1.879  3.993  0.091
  125 C   0.0091   1.122  2.869  0.000
  126 C  -0.0745   1.096  2.979  0.000
  127 C  -0.0299   1.129  2.901  0.000
  128 C  -0.0058   1.124  2.882  0.000
  129 C   0.0062   1.120  2.874  0.000
  130 C  -0.0413   1.092  2.950  0.000
  131 C  -0.0326   1.086  2.947  0.000
  132 C   0.0223   1.120  2.857  0.000
  133 S  -0.0750   1.882  4.114  0.080
  134 C  -0.0054   1.061  2.945  0.000
  135 C  -0.0866   1.021  3.065  0.000
  136 C   0.0716   1.133  2.796  0.000
  137 F  -0.1199   1.667  5.453  0.000
  138 C  -0.0342   1.086  2.948  0.000
  139 C  -0.0077   1.131  2.877  0.000
  140 C  -0.0348   1.132  2.903  0.000
  141 C  -0.0065   1.125  2.882  0.000
  142 C  -0.0017   1.119  2.883  0.000
  143 C  -0.0415   1.088  2.953  0.000
  144 C  -0.0467   1.081  2.965  0.000
  145 C   0.0262   1.119  2.855  0.000
  146 S  -0.0525   1.881  4.093  0.078
  147 C  -0.0086   1.059  2.950  0.000
  148 C  -0.0891   1.023  3.066  0.000
  149 C   0.0725   1.129  2.799  0.000
  150 C  -0.0344   1.086  2.948  0.000
  151 F  -0.1180   1.666  5.452  0.000
  152 C  -0.0051   1.132  2.873  0.000
  153 S   0.0510   1.878  3.977  0.094
  154 C  -0.0690   1.083  2.986  0.000
  155 C  -0.0218   1.082  2.940  0.000
  156 S   0.0513   1.869  3.980  0.100
  157 H   0.0493   0.951  0.000  0.000
  158 H   0.0463   0.954  0.000  0.000
  159 H   0.0395   0.961  0.000  0.000
  160 H   0.0425   0.957  0.000  0.000
  161 H   0.0441   0.956  0.000  0.000
  162 H   0.0447   0.955  0.000  0.000
  163 H   0.0297   0.970  0.000  0.000
  164 H   0.0326   0.967  0.000  0.000
  165 H   0.0315   0.969  0.000  0.000
  166 H   0.0350   0.965  0.000  0.000
  167 H   0.0405   0.960  0.000  0.000
  168 H   0.0423   0.958  0.000  0.000
  169 H   0.0419   0.958  0.000  0.000
  170 H   0.0452   0.955  0.000  0.000
  171 H   0.0305   0.969  0.000  0.000
  172 H   0.0315   0.968  0.000  0.000
  173 H   0.0330   0.967  0.000  0.000
  174 H   0.0356   0.964  0.000  0.000
  175 H   0.0460   0.954  0.000  0.000
  176 H   0.0363   0.964  0.000  0.000
  177 H   0.0389   0.961  0.000  0.000
  178 H   0.0414   0.959  0.000  0.000
  179 H   0.0439   0.956  0.000  0.000
  180 H   0.0378   0.962  0.000  0.000
  181 H   0.0415   0.959  0.000  0.000
  182 H   0.0400   0.960  0.000  0.000
  183 H   0.0377   0.962  0.000  0.000
  184 H   0.0408   0.959  0.000  0.000
  185 H   0.0318   0.968  0.000  0.000
  186 H   0.0381   0.962  0.000  0.000
  187 H   0.0377   0.962  0.000  0.000
  188 H   0.0417   0.958  0.000  0.000
  189 H   0.0427   0.957  0.000  0.000
  190 H   0.0382   0.962  0.000  0.000
  191 H   0.0407   0.959  0.000  0.000
  192 H   0.0389   0.961  0.000  0.000
  193 H   0.0337   0.966  0.000  0.000
  194 H   0.0438   0.956  0.000  0.000
  195 H   0.0427   0.957  0.000  0.000
  196 H   0.0444   0.956  0.000  0.000
  197 H   0.0373   0.963  0.000  0.000
  198 H   0.0438   0.956  0.000  0.000
  199 H   0.0471   0.953  0.000  0.000
  200 H   0.0430   0.957  0.000  0.000
  201 H   0.0338   0.966  0.000  0.000
  202 H   0.0329   0.967  0.000  0.000
  203 H   0.0338   0.966  0.000  0.000
  204 H   0.0356   0.964  0.000  0.000
  205 H   0.0372   0.963  0.000  0.000
  206 H   0.0418   0.958  0.000  0.000
  207 H   0.0386   0.961  0.000  0.000
  208 H   0.0395   0.960  0.000  0.000
  209 H   0.0341   0.966  0.000  0.000
  210 H   0.0375   0.963  0.000  0.000
  211 H   0.0340   0.966  0.000  0.000
  212 H   0.0351   0.965  0.000  0.000
  213 H   0.0464   0.954  0.000  0.000
  214 H   0.0485   0.951  0.000  0.000
  215 H   0.0364   0.964  0.000  0.000
  216 H   0.0466   0.953  0.000  0.000
  217 H   0.0469   0.953  0.000  0.000
  218 H   0.0473   0.953  0.000  0.000
  219 H   0.0332   0.967  0.000  0.000
  220 H   0.0308   0.969  0.000  0.000
  221 H   0.0313   0.969  0.000  0.000
  222 H   0.0366   0.963  0.000  0.000
  223 H   0.0368   0.963  0.000  0.000
  224 H   0.0422   0.958  0.000  0.000
  225 H   0.0457   0.954  0.000  0.000
  226 H   0.0418   0.958  0.000  0.000
  227 H   0.0320   0.968  0.000  0.000
  228 H   0.0314   0.969  0.000  0.000
  229 H   0.0312   0.969  0.000  0.000
  230 H   0.0342   0.966  0.000  0.000
  231 H   0.0455   0.954  0.000  0.000
  232 H   0.0448   0.955  0.000  0.000
  233 H   0.0407   0.959  0.000  0.000
  234 H   0.0418   0.958  0.000  0.000
  235 H   0.0467   0.953  0.000  0.000
  236 H   0.0428   0.957  0.000  0.000
  237 H   0.0305   0.970  0.000  0.000
  238 H   0.0332   0.967  0.000  0.000
  239 H   0.0327   0.967  0.000  0.000
  240 H   0.0352   0.965  0.000  0.000
  241 H   0.0360   0.964  0.000  0.000
  242 H   0.0439   0.956  0.000  0.000
  243 H   0.0437   0.956  0.000  0.000
  244 H   0.0481   0.952  0.000  0.000
  245 H   0.0322   0.968  0.000  0.000
  246 H   0.0326   0.967  0.000  0.000
  247 H   0.0326   0.967  0.000  0.000
  248 H   0.0351   0.965  0.000  0.000
  249 H   0.0438   0.956  0.000  0.000
  250 H   0.0493   0.951  0.000  0.000
 
 Wiberg/Mayer (AO) data. WBOs > 0.1 written file <wbo>
 largest (>0.05) Wiberg bond orders for each atom
           total WBO             WBO to atom ...
     1  C   3.938    C    2 1.713    S   29 1.129    H  157 0.948
     2  C   3.958    C    1 1.713    C    3 1.156    H  158 0.934    S   29 0.086
     3  C   3.938    C    4 1.274    C   28 1.251    C    2 1.156    C   16 0.055
     4  C   3.943    C   15 1.369    C    3 1.274    C    5 1.001    C   17 0.089
     5  C   3.953    C   14 1.368    C    6 1.361    C    4 1.001    C    8 0.097
     6  C   3.968    C    7 1.448    C    5 1.361    H  159 0.936    C   12 0.096
     7  C   3.967    C    6 1.448    C    8 1.379    H  160 0.937    C   14 0.101
     8  C   3.947    C    7 1.379    C   12 1.343    S    9 1.011    C    5 0.097
     9  S   2.161    C    8 1.011    C   10 0.967
    10  C   3.965    C   11 1.010    H  162 0.973    H  161 0.969    S    9 0.967
    11  C   3.982    C   10 1.010    H  163 0.982    H  164 0.979    H  165 0.975
    12  C   3.915    C   14 1.410    C    8 1.343    F   13 0.971    C    6 0.096
    13  F   1.106    C   12 0.971
    14  C   3.964    C   12 1.410    C    5 1.368    H  166 0.941    C    7 0.101
    15  C   3.930    C    4 1.369    C   16 1.234    S   32 1.074    C   28 0.056
    16  C   3.945    C   17 1.272    C   15 1.234    C   30 1.180    C    3 0.055
    17  C   3.929    C   28 1.352    C   16 1.272    C   18 1.009    C    4 0.089
    18  C   3.948    C   26 1.360    C   19 1.356    C   17 1.009    C   21 0.096
    19  C   3.964    C   20 1.456    C   18 1.356    H  167 0.935    C   25 0.094
    20  C   3.968    C   19 1.456    C   21 1.369    H  168 0.940    C   26 0.099
    21  C   3.945    C   20 1.369    C   25 1.341    S   22 1.023    C   18 0.096
    22  S   2.189    C   21 1.023    C   23 0.971
    23  C   3.960    C   24 1.011    H  169 0.974    S   22 0.971    H  170 0.968
    24  C   3.982    C   23 1.011    H  171 0.982    H  173 0.981    H  172 0.976
    25  C   3.913    C   26 1.416    C   21 1.341    F   27 0.960    C   19 0.094
    26  C   3.965    C   25 1.416    C   18 1.360    H  174 0.942    C   20 0.099
    27  F   1.095    C   25 0.960
    28  C   3.938    C   17 1.352    C    3 1.251    S   29 1.078    C   15 0.056
    29  S   2.482    C    1 1.129    C   28 1.078    C    2 0.086
    30  C   3.928    C   31 1.599    C   16 1.180    H  175 0.933    S   32 0.072
    31  C   3.925    C   30 1.599    C   33 1.082    S   32 1.057
    32  S   2.439    C   15 1.074    C   31 1.057    C   30 0.072
    33  C   3.876    C   37 1.345    S   34 1.155    C   31 1.082    C   35 0.099    C   39 0.053
    34  S   2.588    C   33 1.155    C   35 1.124
    35  C   3.923    C   36 1.289    C   45 1.233    S   34 1.124    C   33 0.099
    36  C   3.921    C   35 1.289    C   44 1.242    C   37 1.158    C   46 0.053
    37  C   3.943    C   33 1.345    C   38 1.203    C   36 1.158
    38  C   3.955    C   39 1.582    C   37 1.203    H  176 0.935    C   44 0.096
    39  C   3.942    C   38 1.582    C   41 1.172    C   40 0.996    C   33 0.053
    40  C   3.985    C   39 0.996    H  177 0.978    H  178 0.971    H  179 0.969
    41  C   3.907    C   44 1.505    C   39 1.172    O   42 1.052
    42  O   2.225    C   41 1.052    C   43 0.992    C   44 0.070
    43  C   3.954    O   42 0.992    H  182 0.989    H  180 0.980    H  181 0.975
    44  C   3.959    C   41 1.505    C   36 1.242    H  183 0.938    C   38 0.096    O   42 0.070
    45  C   3.943    C   46 1.577    C   35 1.233    H  184 0.930
    46  C   3.927    C   45 1.577    C   47 1.215    H  185 0.937    C   36 0.053
    47  C   3.925    C   51 1.301    C   46 1.215    S   48 1.128    C   49 0.096
    48  S   2.569    C   49 1.133    C   47 1.128
    49  C   3.885    C   50 1.329    C   59 1.139    S   48 1.133    C   47 0.096
    50  C   3.947    C   49 1.329    C   58 1.225    C   51 1.157
    51  C   3.923    C   47 1.301    C   52 1.224    C   50 1.157
    52  C   3.964    C   53 1.566    C   51 1.224    H  186 0.936    C   58 0.096
    53  C   3.934    C   52 1.566    C   55 1.177    C   54 0.995
    54  C   3.985    C   53 0.995    H  187 0.979    H  188 0.971    H  189 0.970
    55  C   3.919    C   58 1.518    C   53 1.177    O   56 1.047
    56  O   2.222    C   55 1.047    C   57 0.993    C   58 0.071
    57  C   3.957    O   56 0.993    H  191 0.989    H  190 0.980    H  192 0.980
    58  C   3.954    C   55 1.518    C   50 1.225    H  193 0.941    C   52 0.096    O   56 0.071
    59  C   3.946    C   60 1.711    C   49 1.139    H  194 0.930    C   62 0.058
    60  C   3.917    C   59 1.711    C   61 1.100    H  195 0.937
    61  C   3.920    C   62 1.584    C   60 1.100    S   89 1.059
    62  C   3.950    C   61 1.584    C   63 1.193    H  196 0.931    S   89 0.070    C   59 0.058
    63  C   3.935    C   64 1.263    C   88 1.229    C   62 1.193    C   76 0.052
    64  C   3.931    C   75 1.378    C   63 1.263    C   65 0.995    C   77 0.085
    65  C   3.952    C   66 1.373    C   74 1.354    C   64 0.995    C   68 0.096
    66  C   3.969    C   67 1.443    C   65 1.373    H  197 0.942    C   72 0.096
    67  C   3.968    C   66 1.443    C   68 1.376    H  198 0.939    C   74 0.098
    68  C   3.947    C   67 1.376    C   72 1.330    S   69 1.031    C   65 0.096
    69  S   2.231    C   68 1.031    C   70 0.982
    70  C   3.964    C   71 1.010    S   69 0.982    H  200 0.974    H  199 0.968
    71  C   3.982    C   70 1.010    H  203 0.981    H  201 0.980    H  202 0.976
    72  C   3.914    C   74 1.429    C   68 1.330    F   73 0.961    C   66 0.096
    73  F   1.093    C   72 0.961
    74  C   3.964    C   72 1.429    C   65 1.354    H  204 0.941    C   67 0.098
    75  C   3.931    C   64 1.378    C   76 1.229    S   92 1.069    C   88 0.055
    76  C   3.934    C   77 1.265    C   75 1.229    C   90 1.191    C   63 0.052
    77  C   3.925    C   88 1.374    C   76 1.265    C   78 0.995    C   64 0.085
    78  C   3.953    C   79 1.373    C   86 1.354    C   77 0.995    C   81 0.095
    79  C   3.968    C   80 1.443    C   78 1.373    H  205 0.941    C   85 0.096
    80  C   3.968    C   79 1.443    C   81 1.373    H  206 0.940    C   86 0.096
    81  C   3.948    C   80 1.373    C   85 1.323    S   82 1.047    C   78 0.095
    82  S   2.213    C   81 1.047    C   83 0.971
    83  C   3.967    C   84 1.016    H  207 0.978    H  208 0.977    S   82 0.971
    84  C   3.984    C   83 1.016    H  209 0.985    H  211 0.984    H  210 0.977
    85  C   3.915    C   86 1.432    C   81 1.323    F   87 0.964    C   79 0.096
    86  C   3.963    C   85 1.432    C   78 1.354    H  212 0.943    C   80 0.096
    87  F   1.093    C   85 0.964
    88  C   3.932    C   77 1.374    C   63 1.229    S   89 1.075    C   75 0.055
    89  S   2.422    C   88 1.075    C   61 1.059    C   62 0.070
    90  C   3.930    C   91 1.567    C   76 1.191    H  213 0.934    C   94 0.076    S   92 0.069
    91  C   3.916    C   90 1.567    C   93 1.121    S   92 1.049
    92  S   2.421    C   75 1.069    C   91 1.049    C   90 0.069
    93  C   3.922    C   94 1.564    C   91 1.121    S  121 1.057
    94  C   3.935    C   93 1.564    C   95 1.193    H  214 0.931    C   90 0.076    S  121 0.071
    95  C   3.943    C   96 1.268    C  120 1.230    C   94 1.193    C  108 0.054
    96  C   3.925    C  107 1.368    C   95 1.268    C   97 0.997    C  109 0.088
    97  C   3.951    C  106 1.363    C   98 1.361    C   96 0.997    C  100 0.096
    98  C   3.967    C   99 1.452    C   97 1.361    H  215 0.941    C  104 0.095
    99  C   3.968    C   98 1.452    C  100 1.369    H  216 0.938    C  106 0.097
   100  C   3.948    C   99 1.369    C  104 1.333    S  101 1.035    C   97 0.096
   101  S   2.220    C  100 1.035    C  102 0.978
   102  C   3.962    C  103 1.011    S  101 0.978    H  217 0.969    H  218 0.967
   103  C   3.984    C  102 1.011    H  220 0.982    H  221 0.982    H  219 0.976
   104  C   3.915    C  106 1.420    C  100 1.333    F  105 0.966    C   98 0.095
   105  F   1.098    C  104 0.966
   106  C   3.963    C  104 1.420    C   97 1.363    H  222 0.941    C   99 0.097
   107  C   3.936    C   96 1.368    C  108 1.239    S  124 1.076    C  120 0.057
   108  C   3.932    C  109 1.279    C  107 1.239    C  122 1.163    C   95 0.054
   109  C   3.939    C  120 1.374    C  108 1.279    C  110 0.988    C   96 0.088    C  123 0.050
   110  C   3.948    C  118 1.370    C  111 1.367    C  109 0.988    C  113 0.099
   111  C   3.967    C  112 1.451    C  110 1.367    H  223 0.942    C  117 0.096
   112  C   3.968    C  111 1.451    C  113 1.374    H  224 0.940    C  118 0.102
   113  C   3.949    C  112 1.374    C  117 1.344    S  114 1.019    C  110 0.099
   114  S   2.180    C  113 1.019    C  115 0.971
   115  C   3.961    C  116 1.011    H  226 0.975    S  114 0.971    H  225 0.968
   116  C   3.984    C  115 1.011    H  228 0.982    H  229 0.982    H  227 0.976
   117  C   3.913    C  118 1.411    C  113 1.344    F  119 0.962    C  111 0.096
   118  C   3.967    C  117 1.411    C  110 1.370    H  230 0.943    C  112 0.102
   119  F   1.096    C  117 0.962
   120  C   3.930    C  109 1.374    C   95 1.230    S  121 1.070    C  107 0.057
   121  S   2.416    C  120 1.070    C   93 1.057    C   94 0.071
   122  C   3.951    C  123 1.656    C  108 1.163    H  231 0.935    S  124 0.077
   123  C   3.914    C  122 1.656    S  124 1.054    C  125 1.013    C  109 0.050
   124  S   2.439    C  107 1.076    C  123 1.054    C  122 0.077
   125  C   3.924    C  126 1.643    S  153 1.076    C  123 1.013    C  128 0.050
   126  C   3.950    C  125 1.643    C  127 1.166    H  232 0.933    S  153 0.081
   127  C   3.946    C  128 1.278    C  152 1.243    C  126 1.166    C  140 0.056
   128  C   3.940    C  139 1.356    C  127 1.278    C  129 1.005    C  141 0.093    C  125 0.050
   129  C   3.950    C  138 1.369    C  130 1.349    C  128 1.005    C  132 0.096
   130  C   3.966    C  131 1.463    C  129 1.349    H  233 0.938    C  136 0.094
   131  C   3.967    C  130 1.463    C  132 1.358    H  234 0.939    C  138 0.099
   132  C   3.946    C  131 1.358    C  136 1.342    S  133 1.033    C  129 0.096
   133  S   2.218    C  132 1.033    C  134 0.975
   134  C   3.962    C  135 1.012    S  133 0.975    H  236 0.975    H  235 0.967
   135  C   3.983    C  134 1.012    H  239 0.983    H  237 0.982    H  238 0.976
   136  C   3.913    C  138 1.410    C  132 1.342    F  137 0.961    C  130 0.094
   137  F   1.096    C  136 0.961
   138  C   3.963    C  136 1.410    C  129 1.369    H  240 0.942    C  131 0.099
   139  C   3.939    C  128 1.356    C  140 1.246    S  156 1.081    C  152 0.057
   140  C   3.945    C  141 1.284    C  139 1.246    C  154 1.156    C  127 0.056
   141  C   3.944    C  152 1.362    C  140 1.284    C  142 0.995    C  128 0.093    C  155 0.050
   142  C   3.953    C  143 1.372    C  150 1.354    C  141 0.995    C  145 0.096
   143  C   3.968    C  144 1.444    C  142 1.372    H  241 0.942    C  149 0.096
   144  C   3.969    C  143 1.444    C  145 1.375    H  242 0.939    C  150 0.097
   145  C   3.949    C  144 1.375    C  149 1.324    S  146 1.042    C  142 0.096
   146  S   2.245    C  145 1.042    C  147 0.986
   147  C   3.965    C  148 1.009    S  146 0.986    H  243 0.973    H  244 0.968
   148  C   3.982    C  147 1.009    H  247 0.982    H  245 0.982    H  246 0.976
   149  C   3.916    C  150 1.431    C  145 1.324    F  151 0.965    C  143 0.096
   150  C   3.964    C  149 1.431    C  142 1.354    H  248 0.943    C  144 0.097
   151  F   1.095    C  149 0.965
   152  C   3.936    C  141 1.362    C  127 1.243    S  153 1.070    C  139 0.057
   153  S   2.453    C  125 1.076    C  152 1.070    C  126 0.081
   154  C   3.959    C  155 1.714    C  140 1.156    H  249 0.937    S  156 0.087
   155  C   3.942    C  154 1.714    S  156 1.130    H  250 0.949    C  141 0.050
   156  S   2.483    C  155 1.130    C  139 1.081    C  154 0.087
   157  H   0.994    C    1 0.948
   158  H   0.995    C    2 0.934
   159  H   0.997    C    6 0.936
   160  H   0.995    C    7 0.937
   161  H   0.996    C   10 0.969
   162  H   0.997    C   10 0.973
   163  H   0.999    C   11 0.982
   164  H   0.999    C   11 0.979
   165  H   0.999    C   11 0.975
   166  H   0.998    C   14 0.941
   167  H   0.997    C   19 0.935
   168  H   0.995    C   20 0.940
   169  H   0.998    C   23 0.974
   170  H   0.996    C   23 0.968
   171  H   0.999    C   24 0.982
   172  H   0.999    C   24 0.976
   173  H   0.999    C   24 0.981
   174  H   0.998    C   26 0.942
   175  H   0.995    C   30 0.933
   176  H   0.996    C   38 0.935
   177  H   0.997    C   40 0.978
   178  H   0.995    C   40 0.971
   179  H   0.995    C   40 0.969
   180  H   0.998    C   43 0.980
   181  H   0.998    C   43 0.975
   182  H   0.998    C   43 0.989
   183  H   0.995    C   44 0.938
   184  H   0.997    C   45 0.930
   185  H   0.995    C   46 0.937
   186  H   0.996    C   52 0.936
   187  H   0.997    C   54 0.979
   188  H   0.995    C   54 0.971
   189  H   0.995    C   54 0.970
   190  H   0.998    C   57 0.980
   191  H   0.998    C   57 0.989
   192  H   0.998    C   57 0.980
   193  H   0.996    C   58 0.941
   194  H   0.993    C   59 0.930
   195  H   0.992    C   60 0.937
   196  H   0.995    C   62 0.931
   197  H   0.998    C   66 0.942
   198  H   0.995    C   67 0.939
   199  H   0.997    C   70 0.968
   200  H   0.998    C   70 0.974
   201  H   0.999    C   71 0.980
   202  H   0.998    C   71 0.976
   203  H   0.999    C   71 0.981
   204  H   0.997    C   74 0.941
   205  H   0.998    C   79 0.941
   206  H   0.995    C   80 0.940
   207  H   0.998    C   83 0.978
   208  H   0.998    C   83 0.977
   209  H   0.999    C   84 0.985
   210  H   0.998    C   84 0.977
   211  H   0.999    C   84 0.984
   212  H   0.997    C   86 0.943
   213  H   0.995    C   90 0.934
   214  H   0.994    C   94 0.931
   215  H   0.998    C   98 0.941
   216  H   0.995    C   99 0.938
   217  H   0.997    C  102 0.969
   218  H   0.996    C  102 0.967
   219  H   0.998    C  103 0.976
   220  H   0.999    C  103 0.982
   221  H   0.999    C  103 0.982
   222  H   0.997    C  106 0.941
   223  H   0.997    C  111 0.942
   224  H   0.995    C  112 0.940
   225  H   0.996    C  115 0.968
   226  H   0.998    C  115 0.975
   227  H   0.999    C  116 0.976
   228  H   0.999    C  116 0.982
   229  H   0.999    C  116 0.982
   230  H   0.998    C  118 0.943
   231  H   0.995    C  122 0.935
   232  H   0.995    C  126 0.933
   233  H   0.997    C  130 0.938
   234  H   0.995    C  131 0.939
   235  H   0.996    C  134 0.967
   236  H   0.998    C  134 0.975
   237  H   0.999    C  135 0.982
   238  H   0.998    C  135 0.976
   239  H   0.999    C  135 0.983
   240  H   0.998    C  138 0.942
   241  H   0.998    C  143 0.942
   242  H   0.995    C  144 0.939
   243  H   0.998    C  147 0.973
   244  H   0.996    C  147 0.968
   245  H   0.999    C  148 0.982
   246  H   0.998    C  148 0.976
   247  H   0.999    C  148 0.982
   248  H   0.997    C  150 0.943
   249  H   0.995    C  154 0.937
   250  H   0.994    C  155 0.949
 
 --------------------------------------------
          xTB calculation for sTDA...
 --------------------------------------------
 
 reading parameter file /ihome/ghutchison/blp62/xtb4stda/.param_stda2.xtb
 
      method parameters     
 k(s)        :  1.6000
 k(p)        :  2.1800
 k(d)        :  1.9500
 k(f)        :  2.0000
 k(R-V)      :  2.2750
 k(R-R)      :  1.7650
 Tscal       :  0.2580
 Gscal       :  1.0000
 fpol        :  1.0000
 Zcnf        :  0.3430
 Zqf         :  0.0000
 kcn         :  2.7000
 Ryd Hsplit  :  0.7000
 lshift(virt):  3.1000
 lshift(OS)  :  0.2000
 wllscaling  :  2.6000
 
 mowrcut     : 3.000
 
  Z AO/shell   Hii/eV     exponent
  1     Sun Feb 14 09:53:25 CET 2016    EN: 2.327 GAM: 0.473  GM3: 0.0000
     1s    -14.339618    1.220000
     2sp    -3.348946    0.600000
  6     Sun Feb 14 09:53:25 CET 2016    EN: 2.731 GAM: 0.422  GM3: 0.0000
     2s    -22.009312    1.565095
     2p    -13.020408    1.596905
     3sp    -3.914040    0.824500
  8     Sun Feb 14 09:53:25 CET 2016    EN: 3.700 GAM: 0.587  GM3: 0.0000
     2s    -33.859000    2.418661
     2p    -22.175911    1.973969
     3sp    -4.259392    1.013700
  9     Sun Feb 21 12:20:01 CET 2016    EN: 3.394 GAM: 0.600  GM3: 0.0000
     2s    -26.548112    1.943768
     2p    -23.081168    2.552035
     3sp    -1.937199    1.103200
 16     Sun Feb 21 16:35:57 CET 2016    EN: 1.915 GAM: 0.200  GM3: 0.0000
     3s    -17.898811    2.619580
     3p    -15.317401    1.798798
     4sp    -4.455139    0.843200
 
 Nbf   :         1718
 T(el) :     0.0
 calculating S/T integrals ...
 cpu time for ints    4.08803500000000     
 Nao   :         1718
 making H0...
 making H1...
 cpu time for H      9.558600000000084E-002
 solving ...
 cpu time for diag    1.63946100000000     
 
 gap (eV)           :   4.667
 Koopmans IP (eV)   :  12.929
 Eel (Eh)           :  -661.222582

          eigenvalues
 #    :         379        380        381        382        383        384        385        386
 occ. :        2.000      2.000      2.000      2.000      2.000      2.000      2.000      2.000
 eps  :       -14.850    -14.804    -14.743    -14.683    -14.681    -14.644    -14.511    -14.202
 #    :         387        388        389        390        391        392        393        394
 occ. :        2.000      2.000      2.000      2.000      2.000      0.000      0.000      0.000
 eps  :       -14.090    -13.980    -13.927    -13.754    -12.930     -8.263     -7.839     -7.385
 #    :         395        396        397        398        399        400        401        402
 occ. :        0.000      0.000      0.000      0.000      0.000      0.000      0.000      0.000
 eps  :        -7.271     -7.070     -6.820     -6.454     -6.294     -6.130     -6.068     -6.028
                            1  SCC done.
 writing mo output ...
 molden style : F
 
speedup  2.65
cpu  time for all   13.43 s
wall time for all    5.07 s
