 
        ______________________________________
       |                                      |
       |          ===================         |
       |             xTB for sTDA             |
       |          ===================         |
       |               S. Grimme              |
       |        Universitaet Bonn, MCTC       |
       |         2015-19, Version 1.0         |
       |     Wed Apr  3 09:14:55 CEST 2019    |
       |______________________________________|
 
        This code comes without any warranty
        for non-commercial, academia use only.
        Preliminary test version.
        Cite this work as:
        S. Grimme  &  C. Bannwarth, JCP 145 (2016) 054103
        if GBSA is used additionally:
        P. Shushkov, F. März, C. Bannwarth, S. Grimme, unpublished.
 
        with help from
        P. Shushkov, G. Brandenburg, S. Dohm, J. Pisarek,
        F. März, M. Checinski, S. Ehrlich, S. Spicher, 
        P. Pracht, E. Caldeweyher, S. Ehlert, and C. Bannwarth.
 
        usage        :
        xtb4stda <coord_file> [options]
        where <coord_file> is a valid file of TM)
        (*coord, Bohr) or xmol (*xyz, Angstroem)
        format.

        options:
        -chrg <int>   : molecular charge
        -uhf  <int>   : # of unpaired electrons(=2*S)
        -nox          : skip second, extended part in sTDA-xTB
        -pop          : do population analysis
                      : (default for -nox)
        -mowr <real>  : cut MO write above (def.3 Eh)
        -molden       : write formatted molden file
        -parx <file>  : read parameters for sTDA-xTB
                        calc (def:~/.param_stda2.xtb)
        -parv <file>  : read parameters for vTB part in
                        sTDA-xTB (def: ~/.param_stda1.xtb)
        -xtemp <real> : el. temp for xTB (def. 0 K)
        -etemp <real> : el. temp for GFN (def. 300 K)
        -fod          : calculate the FOD and write
                        molden.input file with
                        appropriate occupations
                        for plotting. Def. T=12500 K
 
        -acc <real>   : xTB accuracy (def. 1.0)
        -gbsa [string1] [string2]
                        use GBSA implicit solvent
                        for solvent [string1] and
                        solvation state [string2]=
                        reference, bar1M (default=1M)
        additional GFN/opt/MD/siman options read from
        $XTB4STDAHOME/.xtb4stdarc or $set in input
 
       spin and charge state information can be on:
       <.CHRG> (charge) and <.UHF> (=nalpha-nbeta)
       -uhf and -chrg override the file info.
       useful machine settings:
       setenv MKL_NUM_THREADS <NCORE_ON_YOUR_MACHINE>
       setenv OMP_STACKSIZE 500m
       limit stacksize unlimited
 
       total energies in Eh, gaps/HL energies in eV
       please read REVISION and HOWTO files carefully
 =============================
  # OMP threads =           8
 =============================
 
 xtb4stdahome directory:/ihome/ghutchison/blp62/xtb4stda/
 
 
 name of molecule           :
 comment line               :
 number of atoms            :   137
 number of electrons        :   404
 charge                     :  0
 spin                       : 0.0
 first test random number   :  0.6887
 
 -----------------------------------------
      charge density (VTB) calculation
 -----------------------------------------
 
      method parameters     
 k(s)        :  1.8000
 k(p)        :  2.8350
 k(d)        :  2.0860
 k(f)        :  2.0000
 Tscal       :  0.3300
 Gscal       :  0.3910
 fpol        :  1.0000
 Zcnf        :  0.6500
 Zqf         :  0.0000
 kcn         :  0.3000
 kEN1        : -0.5900
 wllscal     :  2.6000
 
     -------------------------
     ! NO SOLVENT MODEL USED !
     -------------------------
 
 doing EN charges ...
 sum q : -0.2220446D-15
 point charge moment (au)
     X       Y       Z   
  -0.4786   0.1910   0.9294  total (Debye):    2.701
 
            Z      q(EN)   CN      Cart. coordinates
     1  C   4.0  -0.164   3.144     8.16003    23.27405   -17.26567
     2  C   4.0  -0.088   3.318     7.95064    22.21108   -14.96153
     3  C   4.0  -0.020   3.447     7.83537    19.51614   -15.04486
     4  C   4.0   0.007   3.269     7.62731    17.81464   -13.03231
     5  C   4.0  -0.176   4.077     7.41661    18.67125   -10.33964
     6  C   4.0  -0.242   4.029     4.66970    19.27842    -9.67389
     7  C   4.0  -0.087   3.306     7.53717    15.28146   -13.66272
     8  C   4.0  -0.019   3.439     7.65660    14.37023   -16.17813
     9  C   4.0   0.007   3.268     7.87128    16.07344   -18.19201
    10  C   4.0  -0.176   4.076     8.09653    15.19869   -20.87807
    11  C   4.0  -0.242   4.029    10.82000    14.44015   -21.48411
    12  C   4.0  -0.090   3.309     7.96406    18.60756   -17.55914
    13  S   6.0   0.213   2.488     8.23599    21.10106   -19.70871
    14  C   4.0  -0.087   3.350     7.53642    11.69268   -16.27961
    15  C   4.0  -0.089   3.268     7.36294    10.56073   -13.96791
    16  S   6.0   0.208   2.653     7.28263    12.79571   -11.51051
    17  C   4.0  -0.094   3.284     7.21119     7.94573   -13.35261
    18  S   6.0   0.217   2.745     5.78634     7.03942   -10.55128
    19  C   4.0  -0.092   3.268     6.23005     3.84673   -11.14164
    20  C   4.0  -0.022   3.447     7.47368     3.50166   -13.44880
    21  C   4.0  -0.020   3.447     8.05949     5.83415   -14.69073
    22  C   4.0  -0.066   3.184     9.45411     5.82376   -16.96464
    23  C   4.0   0.068   3.212    10.14386     3.56799   -18.02836
    24  O   6.0  -0.132   2.050    11.48783     3.30437   -20.20400
    25  C   4.0  -0.185   4.056    12.26716     5.49967   -21.48203
    26  C   4.0  -0.070   3.167     9.46072     1.25346   -16.85276
    27  C   4.0  -0.070   3.170     8.18780     1.21245   -14.62251
    28  C   4.0  -0.091   3.271     5.37155     2.09060    -9.30255
    29  C   4.0  -0.090   3.383     4.13604     2.68643    -7.10613
    30  C   4.0  -0.018   3.435     3.55117     0.58619    -5.56165
    31  C   4.0   0.006   3.269     2.33173     0.56106    -3.20705
    32  C   4.0  -0.176   4.077     1.33490     2.92756    -2.01142
    33  C   4.0  -0.242   4.029    -1.25497     3.61070    -3.09953
    34  C   4.0  -0.087   3.303     2.03788    -1.77445    -2.08286
    35  C   4.0  -0.019   3.440     2.89090    -4.07066    -3.17398
    36  C   4.0   0.007   3.270     4.07614    -4.05044    -5.54370
    37  C   4.0  -0.176   4.078     5.06447    -6.41467    -6.75237
    38  C   4.0  -0.243   4.029     7.68778    -7.07173    -5.73040
    39  C   4.0  -0.088   3.308     4.38511    -1.71266    -6.65713
    40  S   6.0   0.214   2.589     5.85456    -1.18013    -9.56334
    41  C   4.0  -0.087   3.351     2.40921    -6.17392    -1.59134
    42  C   4.0  -0.089   3.266     1.26083    -5.56789     0.64137
    43  S   6.0   0.208   2.632     0.63457    -2.31170     0.85567
    44  C   4.0  -0.095   3.280     0.56408    -7.19116     2.66546
    45  S   6.0   0.218   2.721    -1.90295    -6.37594     4.64891
    46  C   4.0  -0.092   3.267    -1.64916    -9.12568     6.41335
    47  C   4.0  -0.022   3.446     0.33580   -10.62177     5.50194
    48  C   4.0  -0.020   3.443     1.60986    -9.51250     3.38507
    49  C   4.0  -0.066   3.193     3.73372   -10.72363     2.35063
    50  C   4.0   0.068   3.207     4.52400   -13.01284     3.29134
    51  O   6.0  -0.131   2.051     6.60308   -14.03840     2.16865
    52  C   4.0  -0.185   4.051     7.52413   -16.37296     3.04454
    53  C   4.0  -0.070   3.160     3.19893   -14.15613     5.31126
    54  C   4.0  -0.071   3.175     1.17635   -12.98242     6.39899
    55  C   4.0  -0.091   3.269    -3.37184    -9.51194     8.43290
    56  C   4.0  -0.090   3.380    -5.37344    -7.98541     9.04196
    57  C   4.0  -0.018   3.434    -6.79356    -8.81066    11.15033
    58  C   4.0   0.006   3.269    -8.95333    -7.70611    12.22237
    59  C   4.0  -0.176   4.077   -10.04956    -5.28802    11.23537
    60  C   4.0  -0.242   4.029    -8.65759    -3.00769    12.34048
    61  C   4.0  -0.088   3.305    -9.97133    -8.92914    14.28973
    62  C   4.0  -0.018   3.437    -8.96373   -11.18000    15.33891
    63  C   4.0   0.006   3.272    -6.80112   -12.28038    14.27404
    64  C   4.0  -0.176   4.078    -5.70281   -14.69753    15.26180
    65  C   4.0  -0.243   4.030    -7.08307   -16.97824    14.14365
    66  C   4.0  -0.088   3.308    -5.79522   -11.06642    12.19799
    67  S   6.0   0.214   2.594    -3.14980   -12.08820    10.51273
    68  C   4.0  -0.090   3.382   -10.40351   -12.03755    17.41968
    69  C   4.0  -0.091   3.268   -12.44706   -10.55620    17.98868
    70  S   6.0   0.214   2.585   -12.66532    -7.96066    15.93757
    71  C   4.0  -0.093   3.274   -14.21112   -11.00917    19.96269
    72  S   6.0   0.223   2.579   -13.73377   -13.62039    21.90476
    73  C   4.0  -0.170   3.161   -16.37221   -13.01776    23.64387
    74  C   4.0  -0.025   3.438   -17.62434   -10.89484    22.81032
    75  C   4.0  -0.022   3.446   -16.39772    -9.71678    20.69099
    76  C   4.0  -0.068   3.198   -17.47354    -7.52791    19.63992
    77  C   4.0   0.068   3.207   -19.66487    -6.54374    20.63033
    78  O   6.0  -0.132   2.051   -20.56230    -4.42120    19.48156
    79  C   4.0  -0.185   4.050   -22.80389    -3.30815    20.37427
    80  C   4.0  -0.070   3.157   -20.86598    -7.71745    22.72206
    81  C   4.0  -0.068   3.156   -19.87368    -9.83716    23.78693
    82  H   1.0   0.075   1.013     8.28059    25.24466   -17.72601
    83  H   1.0   0.079   1.004     7.87335    23.28898   -13.24150
    84  H   1.0   0.082   1.004     8.59088    20.33836   -10.03369
    85  H   1.0   0.081   1.009     8.09634    17.16608    -9.10054
    86  H   1.0   0.081   0.999     3.94329    20.76280   -10.89673
    87  H   1.0   0.081   1.000     3.49769    17.60733    -9.91369
    88  H   1.0   0.081   0.998     4.52854    19.90240    -7.72123
    89  H   1.0   0.081   1.009     7.52338    16.72918   -22.13833
    90  H   1.0   0.081   1.004     6.84043    13.59450   -21.20235
    91  H   1.0   0.081   0.999    11.45042    12.94368   -20.22290
    92  H   1.0   0.081   0.999    12.07214    16.05228   -21.24789
    93  H   1.0   0.081   0.998    10.96608    13.77648   -23.42353
    94  H   1.0   0.080   1.006     7.47708    10.65616   -18.02288
    95  H   1.0   0.078   1.007     9.99948     7.60142   -17.78667
    96  H   1.0   0.079   0.996    10.64974     6.63917   -22.08806
    97  H   1.0   0.081   0.997    13.29762     4.84753   -23.13894
    98  H   1.0   0.079   0.996    13.51948     6.65656   -20.30926
    99  H   1.0   0.075   1.005    10.02424    -0.47016   -17.78138
   100  H   1.0   0.075   1.019     7.72463    -0.56559   -13.74624
   101  H   1.0   0.079   1.009     3.67514     4.60658    -6.62292
   102  H   1.0   0.081   1.009     1.15935     2.63125     0.02400
   103  H   1.0   0.081   1.004     2.65072     4.48413    -2.32758
   104  H   1.0   0.081   0.999    -1.12873     3.90380    -5.13004
   105  H   1.0   0.081   0.999    -2.59554     2.09419    -2.74332
   106  H   1.0   0.081   0.998    -1.96418     5.33073    -2.22761
   107  H   1.0   0.081   1.009     5.18503    -6.12630    -8.79308
   108  H   1.0   0.082   1.004     3.76981    -7.98069    -6.39823
   109  H   1.0   0.081   0.998     8.38604    -8.79308    -6.60856
   110  H   1.0   0.081   0.999     7.62108    -7.35066    -3.69517
   111  H   1.0   0.081   1.000     9.00700    -5.54824    -6.13311
   112  H   1.0   0.080   1.006     2.82835    -8.08538    -2.12613
   113  H   1.0   0.077   1.007     4.80482    -9.86305     0.85170
   114  H   1.0   0.079   0.996     6.13329   -17.88474     2.79698
   115  H   1.0   0.081   0.997     9.17783   -16.78114     1.88973
   116  H   1.0   0.079   0.996     8.09105   -16.27489     5.03177
   117  H   1.0   0.076   1.006     3.79759   -15.96365     6.03578
   118  H   1.0   0.075   1.020     0.22204   -13.87399     7.96066
   119  H   1.0   0.079   1.009    -5.80505    -6.31036     7.97408
   120  H   1.0   0.081   1.009   -12.04266    -5.18768    11.76411
   121  H   1.0   0.082   1.004    -9.92295    -5.24531     9.17745
   122  H   1.0   0.081   0.998    -9.46866    -1.26083    11.62484
   123  H   1.0   0.081   0.999    -8.81047    -3.00996    14.39007
   124  H   1.0   0.081   0.999    -6.66582    -3.06570    11.83573
   125  H   1.0   0.081   1.009    -3.70613   -14.79070    14.74459
   126  H   1.0   0.082   1.004    -5.84020   -14.74383    17.31896
   127  H   1.0   0.081   0.998    -6.28258   -18.72605    14.86893
   128  H   1.0   0.081   1.000    -6.90827   -16.97654    12.09576
   129  H   1.0   0.081   0.999    -9.08032   -16.91645    14.62535
   130  H   1.0   0.079   1.009    -9.96641   -13.71695    18.47793
   131  H   1.0   0.076   1.014   -16.87242   -14.24097    25.17814
   132  H   1.0   0.076   1.017   -16.61523    -6.58664    18.05369
   133  H   1.0   0.078   0.996   -22.61662    -2.67113    22.33429
   134  H   1.0   0.081   0.997   -23.12741    -1.67562    19.16371
   135  H   1.0   0.078   0.996   -24.41526    -4.59695    20.21780
   136  H   1.0   0.075   1.006   -22.58430    -6.92887    23.48287
   137  H   1.0   0.074   1.005   -20.78321   -10.73478    25.37732
 
  Z AO/shell   Hii/eV     exponent
  1     Sat Feb 20 21:38:01 CET 2016    EN: 2.327 GAM: 0.473  GM3: 0.0000
     1s    -13.751157    1.051071
  6     Sat Feb 20 21:38:01 CET 2016    EN: 2.731 GAM: 0.422  GM3: 0.0000
     2s    -19.378245    2.021003
     2p    -11.993376    1.497917
  8     Sat Feb 20 21:38:01 CET 2016    EN: 3.700 GAM: 0.587  GM3: 0.0000
     2s    -21.648843    2.110798
     2p    -17.239740    2.329048
 16     Sat Feb 20 23:13:41 CET 2016    EN: 1.915 GAM: 0.389  GM3: 0.0000
     3s    -22.000000    2.671470
     3p    -15.834192    1.836978
     3d     -2.593599    1.836978
 
 dipole moment of classical point charges (au)
     X       Y       Z   
  -0.4786   0.1910   0.9294  total (Debye):    2.701

 
 Nbf   :          434
 T(el) :   300.0
 calculating S/T integrals ...
 cpu time for ints   0.525025000000000     
 Nao   :          425
 making H0...
 making H1...
 cpu time for H      0.807331000000000     
 solving ...
 cpu time for diag   0.151026000000000     
 
 gap (eV)           :   2.039
 Koopmans IP (eV)   :  11.437
 Eel (Eh)           :  -312.923354
 T,E(Fermi),NFOD :    300.000   -10.418  0.000000
 T,E(Fermi),NFOD :    300.000   -10.418  0.000000
 Nfod               :  0.0000
 Nfod/Nel           :  0.0000

          eigenvalues
 #    :         190        191        192        193        194        195        196        197
 occ. :        2.000      2.000      2.000      2.000      2.000      2.000      2.000      2.000
 eps  :       -15.190    -14.843    -14.618    -14.490    -14.212    -14.158    -14.050    -13.563
 #    :         198        199        200        201        202        203        204        205
 occ. :        2.000      2.000      2.000      2.000      2.000      0.000      0.000      0.000
 eps  :       -13.471    -13.247    -12.369    -11.895    -11.438     -9.399     -8.944     -8.461
 #    :         206        207        208        209        210        211        212        213
 occ. :        0.000      0.000      0.000      0.000      0.000      0.000      0.000      0.000
 eps  :        -8.326     -8.278     -8.231     -8.156     -8.089     -7.831     -7.520     -7.269
                            1  SCC done.
 making H1...
 cpu time for H      0.446282000000000     
 solving ...
 cpu time for diag   0.104235000000000     
 
 gap (eV)           :   2.125
 Koopmans IP (eV)   :  11.506
 Eel (Eh)           :  -311.823873
 T,E(Fermi),NFOD :    300.000   -10.443  0.000000
 T,E(Fermi),NFOD :    300.000   -10.443  0.000000
 Nfod               :  0.0000
 Nfod/Nel           :  0.0000

          eigenvalues
 #    :         190        191        192        193        194        195        196        197
 occ. :        2.000      2.000      2.000      2.000      2.000      2.000      2.000      2.000
 eps  :       -14.992    -14.819    -14.543    -14.204    -14.170    -13.971    -13.964    -13.255
 #    :         198        199        200        201        202        203        204        205
 occ. :        2.000      2.000      2.000      2.000      2.000      0.000      0.000      0.000
 eps  :       -13.191    -13.030    -12.398    -11.951    -11.507     -9.382     -8.933     -8.437
 #    :         206        207        208        209        210        211        212        213
 occ. :        0.000      0.000      0.000      0.000      0.000      0.000      0.000      0.000
 eps  :        -8.070     -7.998     -7.984     -7.950     -7.871     -7.573     -7.235     -7.174
                            2  SCC done.
 
 
 Mulliken/CM5 charges    n(s)   n(p)   n(d)   
    1 C  -0.0573 -0.0971   1.139  2.918  0.000
    2 C  -0.0702 -0.1225   1.133  2.937  0.000
    3 C  -0.0420 -0.0451   1.173  2.870  0.000
    4 C  -0.0137 -0.0223   1.182  2.832  0.000
    5 C  -0.0394 -0.1448   1.124  2.915  0.000
    6 C  -0.0894 -0.2405   1.096  2.994  0.000
    7 C  -0.0309 -0.0194   1.176  2.855  0.000
    8 C  -0.0352 -0.0383   1.171  2.865  0.000
    9 C  -0.0154 -0.0240   1.182  2.833  0.000
   10 C  -0.0400 -0.1454   1.125  2.916  0.000
   11 C  -0.0901 -0.2414   1.096  2.994  0.000
   12 C  -0.0342 -0.0229   1.174  2.860  0.000
   13 S   0.0702  0.0309   1.883  4.002  0.045
   14 C  -0.0828 -0.1330   1.138  2.944  0.000
   15 C  -0.0150 -0.0051   1.169  2.846  0.000
   16 S   0.0523  0.0170   1.892  4.020  0.036
   17 C  -0.0387 -0.0252   1.165  2.873  0.000
   18 S   0.1342  0.0978   1.885  3.925  0.056
   19 C  -0.0306 -0.0174   1.168  2.862  0.000
   20 C  -0.0340 -0.0357   1.166  2.868  0.000
   21 C  -0.0278 -0.0300   1.169  2.859  0.000
   22 C  -0.0765 -0.1264   1.134  2.942  0.000
   23 C   0.0745  0.0904   1.153  2.773  0.000
   24 O  -0.1481 -0.2399   1.456  4.692  0.000
   25 C   0.0081 -0.1131   1.086  2.906  0.000
   26 C  -0.0393 -0.0903   1.133  2.907  0.000
   27 C  -0.0369 -0.0894   1.140  2.896  0.000
   28 C  -0.0159 -0.0057   1.166  2.849  0.000
   29 C  -0.0779 -0.1263   1.138  2.940  0.000
   30 C  -0.0330 -0.0360   1.169  2.864  0.000
   31 C  -0.0129 -0.0215   1.181  2.832  0.000
   32 C  -0.0393 -0.1446   1.124  2.915  0.000
   33 C  -0.0896 -0.2408   1.096  2.994  0.000
   34 C  -0.0298 -0.0183   1.176  2.854  0.000
   35 C  -0.0337 -0.0368   1.171  2.863  0.000
   36 C  -0.0160 -0.0245   1.181  2.835  0.000
   37 C  -0.0399 -0.1453   1.124  2.915  0.000
   38 C  -0.0896 -0.2409   1.096  2.994  0.000
   39 C  -0.0309 -0.0195   1.177  2.854  0.000
   40 S   0.0582  0.0181   1.889  4.014  0.038
   41 C  -0.0803 -0.1305   1.138  2.942  0.000
   42 C  -0.0144 -0.0044   1.168  2.846  0.000
   43 S   0.0525  0.0173   1.892  4.019  0.037
   44 C  -0.0368 -0.0232   1.165  2.872  0.000
   45 S   0.1374  0.1012   1.884  3.921  0.058
   46 C  -0.0324 -0.0191   1.168  2.865  0.000
   47 C  -0.0346 -0.0363   1.166  2.868  0.000
   48 C  -0.0286 -0.0307   1.169  2.860  0.000
   49 C  -0.0664 -0.1145   1.134  2.933  0.000
   50 C   0.0726  0.0884   1.153  2.774  0.000
   51 O  -0.1516 -0.2431   1.453  4.699  0.000
   52 C   0.0077 -0.1136   1.086  2.906  0.000
   53 C  -0.0470 -0.0997   1.133  2.914  0.000
   54 C  -0.0375 -0.0902   1.141  2.897  0.000
   55 C  -0.0165 -0.0064   1.166  2.850  0.000
   56 C  -0.0784 -0.1269   1.138  2.940  0.000
   57 C  -0.0337 -0.0367   1.169  2.865  0.000
   58 C  -0.0140 -0.0226   1.181  2.833  0.000
   59 C  -0.0394 -0.1448   1.124  2.915  0.000
   60 C  -0.0896 -0.2408   1.096  2.994  0.000
   61 C  -0.0312 -0.0199   1.176  2.855  0.000
   62 C  -0.0339 -0.0369   1.170  2.864  0.000
   63 C  -0.0166 -0.0251   1.180  2.836  0.000
   64 C  -0.0400 -0.1454   1.124  2.916  0.000
   65 C  -0.0901 -0.2413   1.096  2.994  0.000
   66 C  -0.0318 -0.0204   1.177  2.855  0.000
   67 S   0.0544  0.0140   1.889  4.018  0.038
   68 C  -0.0848 -0.1333   1.135  2.949  0.000
   69 C  -0.0163 -0.0061   1.169  2.848  0.000
   70 S   0.0612  0.0215   1.890  4.011  0.038
   71 C  -0.0377 -0.0248   1.161  2.877  0.000
   72 S   0.1503  0.1099   1.877  3.903  0.070
   73 C  -0.0875 -0.1235   1.139  2.948  0.000
   74 C  -0.0341 -0.0390   1.161  2.873  0.000
   75 C  -0.0347 -0.0363   1.169  2.866  0.000
   76 C  -0.0611 -0.1081   1.133  2.928  0.000
   77 C   0.0694  0.0853   1.155  2.776  0.000
   78 O  -0.1485 -0.2401   1.452  4.697  0.000
   79 C   0.0074 -0.1138   1.086  2.906  0.000
   80 C  -0.0438 -0.0964   1.132  2.912  0.000
   81 C  -0.0426 -0.0959   1.139  2.903  0.000
   82 H   0.0578  0.1156   0.942  0.000  0.000
   83 H   0.0499  0.1078   0.950  0.000  0.000
   84 H   0.0393  0.0958   0.961  0.000  0.000
   85 H   0.0390  0.0974   0.961  0.000  0.000
   86 H   0.0292  0.0821   0.971  0.000  0.000
   87 H   0.0301  0.0832   0.970  0.000  0.000
   88 H   0.0333  0.0850   0.967  0.000  0.000
   89 H   0.0390  0.0974   0.961  0.000  0.000
   90 H   0.0396  0.0960   0.960  0.000  0.000
   91 H   0.0289  0.0820   0.971  0.000  0.000
   92 H   0.0301  0.0831   0.970  0.000  0.000
   93 H   0.0329  0.0846   0.967  0.000  0.000
   94 H   0.0525  0.1124   0.948  0.000  0.000
   95 H   0.0424  0.1051   0.958  0.000  0.000
   96 H   0.0411  0.1005   0.959  0.000  0.000
   97 H   0.0442  0.1052   0.956  0.000  0.000
   98 H   0.0418  0.1012   0.958  0.000  0.000
   99 H   0.0428  0.1034   0.957  0.000  0.000
  100 H   0.0490  0.1112   0.951  0.000  0.000
  101 H   0.0497  0.1107   0.950  0.000  0.000
  102 H   0.0390  0.0974   0.961  0.000  0.000
  103 H   0.0398  0.0963   0.960  0.000  0.000
  104 H   0.0295  0.0826   0.970  0.000  0.000
  105 H   0.0297  0.0827   0.970  0.000  0.000
  106 H   0.0333  0.0849   0.967  0.000  0.000
  107 H   0.0384  0.0968   0.962  0.000  0.000
  108 H   0.0400  0.0965   0.960  0.000  0.000
  109 H   0.0334  0.0851   0.967  0.000  0.000
  110 H   0.0302  0.0833   0.970  0.000  0.000
  111 H   0.0296  0.0826   0.970  0.000  0.000
  112 H   0.0539  0.1139   0.946  0.000  0.000
  113 H   0.0415  0.1044   0.959  0.000  0.000
  114 H   0.0414  0.1007   0.959  0.000  0.000
  115 H   0.0439  0.1050   0.956  0.000  0.000
  116 H   0.0417  0.1010   0.958  0.000  0.000
  117 H   0.0436  0.1038   0.956  0.000  0.000
  118 H   0.0500  0.1125   0.950  0.000  0.000
  119 H   0.0496  0.1105   0.950  0.000  0.000
  120 H   0.0391  0.0975   0.961  0.000  0.000
  121 H   0.0397  0.0962   0.960  0.000  0.000
  122 H   0.0332  0.0849   0.967  0.000  0.000
  123 H   0.0298  0.0828   0.970  0.000  0.000
  124 H   0.0295  0.0825   0.971  0.000  0.000
  125 H   0.0380  0.0963   0.962  0.000  0.000
  126 H   0.0397  0.0962   0.960  0.000  0.000
  127 H   0.0326  0.0843   0.967  0.000  0.000
  128 H   0.0295  0.0826   0.971  0.000  0.000
  129 H   0.0299  0.0830   0.970  0.000  0.000
  130 H   0.0466  0.1075   0.953  0.000  0.000
  131 H   0.0584  0.1167   0.942  0.000  0.000
  132 H   0.0396  0.1052   0.960  0.000  0.000
  133 H   0.0412  0.1004   0.959  0.000  0.000
  134 H   0.0440  0.1051   0.956  0.000  0.000
  135 H   0.0412  0.1004   0.959  0.000  0.000
  136 H   0.0429  0.1031   0.957  0.000  0.000
  137 H   0.0456  0.1029   0.954  0.000  0.000
 Hirshfeld charges for QMDFF written to <charges>
 
 Loewdin charges    n(s)   n(p)   n(d)
    1 C  -0.0263   1.081  2.945  0.000
    2 C  -0.0680   1.082  2.986  0.000
    3 C  -0.0398   1.131  2.909  0.000
    4 C  -0.0135   1.142  2.872  0.000
    5 C  -0.0334   1.062  2.971  0.000
    6 C  -0.0909   1.023  3.068  0.000
    7 C  -0.0097   1.132  2.878  0.000
    8 C  -0.0322   1.129  2.903  0.000
    9 C  -0.0153   1.142  2.873  0.000
   10 C  -0.0339   1.063  2.971  0.000
   11 C  -0.0918   1.023  3.068  0.000
   12 C  -0.0128   1.130  2.883  0.000
   13 S   0.0330   1.869  3.998  0.100
   14 C  -0.0849   1.089  2.995  0.000
   15 C   0.0099   1.123  2.867  0.000
   16 S   0.0151   1.879  4.018  0.089
   17 C  -0.0200   1.122  2.898  0.000
   18 S   0.0979   1.871  3.920  0.111
   19 C  -0.0108   1.124  2.886  0.000
   20 C  -0.0334   1.125  2.908  0.000
   21 C  -0.0240   1.127  2.897  0.000
   22 C  -0.0805   1.084  2.996  0.000
   23 C   0.0659   1.117  2.817  0.000
   24 O  -0.1094   1.417  4.692  0.000
   25 C  -0.0028   1.018  2.985  0.000
   26 C  -0.0368   1.080  2.957  0.000
   27 C  -0.0302   1.086  2.944  0.000
   28 C   0.0088   1.120  2.871  0.000
   29 C  -0.0790   1.089  2.990  0.000
   30 C  -0.0300   1.127  2.903  0.000
   31 C  -0.0132   1.141  2.872  0.000
   32 C  -0.0332   1.062  2.971  0.000
   33 C  -0.0912   1.023  3.068  0.000
   34 C  -0.0083   1.131  2.877  0.000
   35 C  -0.0306   1.129  2.902  0.000
   36 C  -0.0161   1.141  2.875  0.000
   37 C  -0.0338   1.063  2.971  0.000
   38 C  -0.0913   1.023  3.068  0.000
   39 C  -0.0092   1.132  2.877  0.000
   40 S   0.0196   1.876  4.012  0.093
   41 C  -0.0823   1.089  2.993  0.000
   42 C   0.0104   1.122  2.867  0.000
   43 S   0.0152   1.879  4.017  0.089
   44 C  -0.0179   1.121  2.897  0.000
   45 S   0.1010   1.870  3.916  0.112
   46 C  -0.0125   1.124  2.888  0.000
   47 C  -0.0340   1.125  2.909  0.000
   48 C  -0.0248   1.127  2.898  0.000
   49 C  -0.0692   1.083  2.986  0.000
   50 C   0.0641   1.118  2.818  0.000
   51 O  -0.1131   1.414  4.699  0.000
   52 C  -0.0032   1.018  2.986  0.000
   53 C  -0.0455   1.081  2.965  0.000
   54 C  -0.0308   1.087  2.944  0.000
   55 C   0.0081   1.120  2.872  0.000
   56 C  -0.0794   1.089  2.991  0.000
   57 C  -0.0309   1.127  2.904  0.000
   58 C  -0.0141   1.141  2.873  0.000
   59 C  -0.0333   1.062  2.971  0.000
   60 C  -0.0912   1.023  3.068  0.000
   61 C  -0.0099   1.132  2.878  0.000
   62 C  -0.0306   1.128  2.902  0.000
   63 C  -0.0170   1.140  2.877  0.000
   64 C  -0.0339   1.063  2.971  0.000
   65 C  -0.0917   1.023  3.068  0.000
   66 C  -0.0100   1.132  2.878  0.000
   67 S   0.0159   1.876  4.015  0.093
   68 C  -0.0870   1.087  3.000  0.000
   69 C   0.0094   1.122  2.869  0.000
   70 S   0.0225   1.876  4.009  0.092
   71 C  -0.0206   1.118  2.902  0.000
   72 S   0.1147   1.861  3.897  0.128
   73 C  -0.0601   1.084  2.977  0.000
   74 C  -0.0308   1.119  2.912  0.000
   75 C  -0.0314   1.127  2.905  0.000
   76 C  -0.0635   1.083  2.981  0.000
   77 C   0.0610   1.119  2.820  0.000
   78 O  -0.1100   1.413  4.697  0.000
   79 C  -0.0036   1.017  2.986  0.000
   80 C  -0.0425   1.080  2.963  0.000
   81 C  -0.0350   1.085  2.950  0.000
   82 H   0.0477   0.952  0.000  0.000
   83 H   0.0428   0.957  0.000  0.000
   84 H   0.0358   0.964  0.000  0.000
   85 H   0.0355   0.964  0.000  0.000
   86 H   0.0291   0.971  0.000  0.000
   87 H   0.0297   0.970  0.000  0.000
   88 H   0.0332   0.967  0.000  0.000
   89 H   0.0355   0.964  0.000  0.000
   90 H   0.0362   0.964  0.000  0.000
   91 H   0.0290   0.971  0.000  0.000
   92 H   0.0297   0.970  0.000  0.000
   93 H   0.0328   0.967  0.000  0.000
   94 H   0.0461   0.954  0.000  0.000
   95 H   0.0363   0.964  0.000  0.000
   96 H   0.0384   0.962  0.000  0.000
   97 H   0.0410   0.959  0.000  0.000
   98 H   0.0390   0.961  0.000  0.000
   99 H   0.0345   0.965  0.000  0.000
  100 H   0.0413   0.959  0.000  0.000
  101 H   0.0428   0.957  0.000  0.000
  102 H   0.0355   0.964  0.000  0.000
  103 H   0.0363   0.964  0.000  0.000
  104 H   0.0294   0.971  0.000  0.000
  105 H   0.0294   0.971  0.000  0.000
  106 H   0.0331   0.967  0.000  0.000
  107 H   0.0350   0.965  0.000  0.000
  108 H   0.0365   0.963  0.000  0.000
  109 H   0.0332   0.967  0.000  0.000
  110 H   0.0300   0.970  0.000  0.000
  111 H   0.0293   0.971  0.000  0.000
  112 H   0.0473   0.953  0.000  0.000
  113 H   0.0340   0.966  0.000  0.000
  114 H   0.0387   0.961  0.000  0.000
  115 H   0.0408   0.959  0.000  0.000
  116 H   0.0389   0.961  0.000  0.000
  117 H   0.0367   0.963  0.000  0.000
  118 H   0.0424   0.958  0.000  0.000
  119 H   0.0427   0.957  0.000  0.000
  120 H   0.0356   0.964  0.000  0.000
  121 H   0.0362   0.964  0.000  0.000
  122 H   0.0331   0.967  0.000  0.000
  123 H   0.0295   0.971  0.000  0.000
  124 H   0.0294   0.971  0.000  0.000
  125 H   0.0346   0.965  0.000  0.000
  126 H   0.0362   0.964  0.000  0.000
  127 H   0.0326   0.967  0.000  0.000
  128 H   0.0292   0.971  0.000  0.000
  129 H   0.0297   0.970  0.000  0.000
  130 H   0.0403   0.960  0.000  0.000
  131 H   0.0479   0.952  0.000  0.000
  132 H   0.0324   0.968  0.000  0.000
  133 H   0.0385   0.961  0.000  0.000
  134 H   0.0408   0.959  0.000  0.000
  135 H   0.0385   0.961  0.000  0.000
  136 H   0.0361   0.964  0.000  0.000
  137 H   0.0373   0.963  0.000  0.000
 
 Wiberg/Mayer (AO) data. WBOs > 0.1 written file <wbo>
 largest (>0.05) Wiberg bond orders for each atom
           total WBO             WBO to atom ...
     1  C   3.940    C    2 1.716    S   13 1.127    H   82 0.950    C    4 0.050
     2  C   3.960    C    1 1.716    C    3 1.155    H   83 0.937    S   13 0.088
     3  C   3.937    C    4 1.295    C   12 1.238    C    2 1.155    C    8 0.057
     4  C   3.944    C    7 1.395    C    3 1.295    C    5 0.980    C    9 0.095    C    1 0.050
     5  C   3.971    C    6 0.989    C    4 0.980    H   84 0.965    H   85 0.963
     6  C   3.982    C    5 0.989    H   87 0.984    H   86 0.984    H   88 0.979
     7  C   3.930    C    4 1.395    C    8 1.225    S   16 1.067    C   12 0.058
     8  C   3.951    C    9 1.289    C    7 1.225    C   14 1.187    C    3 0.057
     9  C   3.921    C   12 1.387    C    8 1.289    C   10 0.981    C    4 0.095
    10  C   3.971    C   11 0.989    C    9 0.981    H   90 0.964    H   89 0.964
    11  C   3.981    C   10 0.989    H   92 0.985    H   91 0.984    H   93 0.979
    12  C   3.943    C    9 1.387    C    3 1.238    S   13 1.072    C    7 0.058
    13  S   2.469    C    1 1.127    C   12 1.072    C    2 0.088
    14  C   3.924    C   15 1.556    C    8 1.187    H   94 0.933    S   16 0.067
    15  C   3.931    C   14 1.556    C   17 1.143    S   16 1.048
    16  S   2.402    C    7 1.067    C   15 1.048    C   14 0.067
    17  C   3.907    C   21 1.321    C   15 1.143    S   18 1.142    C   19 0.103
    18  S   2.592    C   17 1.142    C   19 1.139
    19  C   3.915    C   20 1.319    C   28 1.169    S   18 1.139    C   17 0.103    C   26 0.053
    20  C   3.937    C   19 1.319    C   27 1.219    C   21 1.152
    21  C   3.941    C   17 1.321    C   22 1.231    C   20 1.152
    22  C   3.956    C   23 1.506    C   21 1.231    H   95 0.938    C   27 0.103    O   24 0.071
    23  C   3.928    C   22 1.506    C   26 1.213    O   24 1.050
    24  O   2.223    C   23 1.050    C   25 0.992    C   22 0.071
    25  C   3.956    O   24 0.992    H   97 0.989    H   96 0.980    H   98 0.980
    26  C   3.951    C   27 1.607    C   23 1.213    H   99 0.944    C   19 0.053
    27  C   3.962    C   26 1.607    C   20 1.219    H  100 0.933    C   22 0.103
    28  C   3.922    C   29 1.523    C   19 1.169    S   40 1.053
    29  C   3.914    C   28 1.523    C   30 1.211    H  101 0.935    S   40 0.066
    30  C   3.935    C   31 1.270    C   39 1.216    C   29 1.211    C   35 0.052
    31  C   3.916    C   34 1.406    C   30 1.270    C   32 0.981    C   36 0.088
    32  C   3.970    C   33 0.989    C   31 0.981    H  103 0.964    H  102 0.963
    33  C   3.980    C   32 0.989    H  105 0.984    H  104 0.984    H  106 0.979
    34  C   3.929    C   31 1.406    C   35 1.216    S   43 1.066    C   39 0.054
    35  C   3.933    C   36 1.275    C   34 1.216    C   41 1.201    C   30 0.052
    36  C   3.919    C   39 1.403    C   35 1.275    C   37 0.981    C   31 0.088
    37  C   3.970    C   38 0.989    C   36 0.981    H  108 0.964    H  107 0.963
    38  C   3.980    C   37 0.989    H  111 0.984    H  110 0.984    H  109 0.979
    39  C   3.926    C   36 1.403    C   30 1.216    S   40 1.060    C   34 0.054
    40  S   2.413    C   39 1.060    C   28 1.053    C   29 0.066
    41  C   3.924    C   42 1.542    C   35 1.201    H  112 0.933    S   43 0.065
    42  C   3.922    C   41 1.542    C   44 1.150    S   43 1.048
    43  S   2.400    C   34 1.066    C   42 1.048    C   41 0.065
    44  C   3.906    C   48 1.307    C   42 1.150    S   45 1.146    C   46 0.103
    45  S   2.599    C   44 1.146    C   46 1.142
    46  C   3.911    C   47 1.308    C   55 1.172    S   45 1.142    C   44 0.103    C   53 0.052
    47  C   3.938    C   46 1.308    C   54 1.235    C   48 1.149
    48  C   3.940    C   44 1.307    C   49 1.251    C   47 1.149
    49  C   3.957    C   50 1.496    C   48 1.251    H  113 0.941    C   54 0.108    O   51 0.052
    50  C   3.926    C   49 1.496    C   53 1.224    O   51 1.046
    51  O   2.219    C   50 1.046    C   52 0.992    C   49 0.052
    52  C   3.957    O   51 0.992    H  115 0.989    H  114 0.981    H  116 0.980
    53  C   3.951    C   54 1.583    C   50 1.224    H  117 0.943    C   46 0.052
    54  C   3.961    C   53 1.583    C   47 1.235    H  118 0.932    C   49 0.108
    55  C   3.921    C   56 1.521    C   46 1.172    S   67 1.051
    56  C   3.912    C   55 1.521    C   57 1.211    H  119 0.935    S   67 0.065
    57  C   3.934    C   58 1.270    C   66 1.215    C   56 1.211    C   62 0.051
    58  C   3.916    C   61 1.406    C   57 1.270    C   59 0.981    C   63 0.088
    59  C   3.970    C   60 0.989    C   58 0.981    H  121 0.964    H  120 0.963
    60  C   3.980    C   59 0.989    H  123 0.984    H  124 0.984    H  122 0.979
    61  C   3.929    C   58 1.406    C   62 1.216    S   70 1.060    C   66 0.054
    62  C   3.933    C   63 1.272    C   61 1.216    C   68 1.208    C   57 0.051
    63  C   3.919    C   66 1.405    C   62 1.272    C   64 0.981    C   58 0.088
    64  C   3.971    C   65 0.989    C   63 0.981    H  126 0.964    H  125 0.963
    65  C   3.980    C   64 0.989    H  128 0.984    H  129 0.984    H  127 0.979
    66  C   3.926    C   63 1.405    C   57 1.215    S   67 1.059    C   61 0.054
    67  S   2.410    C   66 1.059    C   55 1.051    C   56 0.065
    68  C   3.928    C   69 1.530    C   62 1.208    H  130 0.935    S   70 0.065
    69  C   3.922    C   68 1.530    C   71 1.161    S   70 1.056
    70  S   2.417    C   61 1.060    C   69 1.056    C   68 0.065
    71  C   3.933    C   75 1.328    C   69 1.161    S   72 1.143    C   73 0.127    C   77 0.054
    72  S   2.674    C   73 1.246    C   71 1.143    C   74 0.055
    73  C   3.922    C   74 1.443    S   72 1.246    H  131 0.951    C   71 0.127    C   80 0.062
    74  C   3.956    C   73 1.443    C   81 1.197    C   75 1.127    S   72 0.055
    75  C   3.939    C   71 1.328    C   76 1.249    C   74 1.127
    76  C   3.966    C   77 1.505    C   75 1.249    H  132 0.938    C   81 0.109    O   78 0.053
    77  C   3.915    C   76 1.505    C   80 1.206    O   78 1.048    C   71 0.054
    78  O   2.220    C   77 1.048    C   79 0.992    C   76 0.053
    79  C   3.957    O   78 0.992    H  134 0.989    H  133 0.981    H  135 0.980
    80  C   3.971    C   81 1.616    C   77 1.206    H  136 0.942    C   73 0.062
    81  C   3.960    C   80 1.616    C   74 1.197    H  137 0.941    C   76 0.109
    82  H   0.994    C    1 0.950
    83  H   0.995    C    2 0.937
    84  H   0.997    C    5 0.965
    85  H   0.997    C    5 0.963
    86  H   0.999    C    6 0.984
    87  H   0.999    C    6 0.984
    88  H   0.996    C    6 0.979
    89  H   0.997    C   10 0.964
    90  H   0.997    C   10 0.964
    91  H   0.999    C   11 0.984
    92  H   0.999    C   11 0.985
    93  H   0.996    C   11 0.979
    94  H   0.995    C   14 0.933
    95  H   0.996    C   22 0.938
    96  H   0.998    C   25 0.980
    97  H   0.998    C   25 0.989
    98  H   0.998    C   25 0.980
    99  H   0.995    C   26 0.944
   100  H   0.995    C   27 0.933
   101  H   0.995    C   29 0.935
   102  H   0.997    C   32 0.963
   103  H   0.997    C   32 0.964
   104  H   0.999    C   33 0.984
   105  H   0.999    C   33 0.984
   106  H   0.996    C   33 0.979
   107  H   0.997    C   37 0.963
   108  H   0.997    C   37 0.964
   109  H   0.996    C   38 0.979
   110  H   0.999    C   38 0.984
   111  H   0.999    C   38 0.984
   112  H   0.995    C   41 0.933
   113  H   0.996    C   49 0.941
   114  H   0.998    C   52 0.981
   115  H   0.997    C   52 0.989
   116  H   0.998    C   52 0.980
   117  H   0.996    C   53 0.943
   118  H   0.995    C   54 0.932
   119  H   0.995    C   56 0.935
   120  H   0.997    C   59 0.963
   121  H   0.997    C   59 0.964
   122  H   0.996    C   60 0.979
   123  H   0.999    C   60 0.984
   124  H   0.999    C   60 0.984
   125  H   0.997    C   64 0.963
   126  H   0.997    C   64 0.964
   127  H   0.996    C   65 0.979
   128  H   0.999    C   65 0.984
   129  H   0.999    C   65 0.984
   130  H   0.995    C   68 0.935
   131  H   0.994    C   73 0.951
   132  H   0.997    C   76 0.938
   133  H   0.998    C   79 0.981
   134  H   0.997    C   79 0.989
   135  H   0.998    C   79 0.980
   136  H   0.996    C   80 0.942
   137  H   0.996    C   81 0.941
 
 --------------------------------------------
          xTB calculation for sTDA...
 --------------------------------------------
 
 reading parameter file /ihome/ghutchison/blp62/xtb4stda/.param_stda2.xtb
 
      method parameters     
 k(s)        :  1.6000
 k(p)        :  2.1800
 k(d)        :  1.9500
 k(f)        :  2.0000
 k(R-V)      :  2.2750
 k(R-R)      :  1.7650
 Tscal       :  0.2580
 Gscal       :  1.0000
 fpol        :  1.0000
 Zcnf        :  0.3430
 Zqf         :  0.0000
 kcn         :  2.7000
 Ryd Hsplit  :  0.7000
 lshift(virt):  3.1000
 lshift(OS)  :  0.2000
 wllscaling  :  2.6000
 
 mowrcut     : 3.000
 
  Z AO/shell   Hii/eV     exponent
  1     Sun Feb 14 09:53:25 CET 2016    EN: 2.327 GAM: 0.473  GM3: 0.0000
     1s    -14.339618    1.220000
     2sp    -3.348946    0.600000
  6     Sun Feb 14 09:53:25 CET 2016    EN: 2.731 GAM: 0.422  GM3: 0.0000
     2s    -22.009312    1.565095
     2p    -13.020408    1.596905
     3sp    -3.914040    0.824500
  8     Sun Feb 14 09:53:25 CET 2016    EN: 3.700 GAM: 0.587  GM3: 0.0000
     2s    -33.859000    2.418661
     2p    -22.175911    1.973969
     3sp    -4.259392    1.013700
 16     Sun Feb 21 16:35:57 CET 2016    EN: 1.915 GAM: 0.200  GM3: 0.0000
     3s    -17.898811    2.619580
     3p    -15.317401    1.798798
     4sp    -4.455139    0.843200
 
 Nbf   :          928
 T(el) :     0.0
 calculating S/T integrals ...
 cpu time for ints    1.61249700000000     
 Nao   :          928
 making H0...
 making H1...
 cpu time for H      1.930399999999999E-002
 solving ...
 cpu time for diag   0.449811000000000     
 
 gap (eV)           :   4.786
 Koopmans IP (eV)   :  12.827
 Eel (Eh)           :  -339.049392

          eigenvalues
 #    :         190        191        192        193        194        195        196        197
 occ. :        2.000      2.000      2.000      2.000      2.000      2.000      2.000      2.000
 eps  :       -15.645    -15.581    -15.369    -15.247    -15.046    -15.008    -14.915    -14.159
 #    :         198        199        200        201        202        203        204        205
 occ. :        2.000      2.000      2.000      2.000      2.000      0.000      0.000      0.000
 eps  :       -14.125    -14.013    -13.548    -13.189    -12.829     -8.043     -7.705     -7.314
 #    :         206        207        208        209        210        211        212        213
 occ. :        0.000      0.000      0.000      0.000      0.000      0.000      0.000      0.000
 eps  :        -6.525     -6.214     -6.043     -5.522     -5.441     -5.322     -5.306     -5.286
                            1  SCC done.
 writing mo output ...
 molden style : F
 
speedup  4.08
cpu  time for all    6.89 s
wall time for all    1.69 s
