 
        ______________________________________
       |                                      |
       |          ===================         |
       |             xTB for sTDA             |
       |          ===================         |
       |               S. Grimme              |
       |        Universitaet Bonn, MCTC       |
       |         2015-19, Version 1.0         |
       |     Wed Apr  3 09:14:55 CEST 2019    |
       |______________________________________|
 
        This code comes without any warranty
        for non-commercial, academia use only.
        Preliminary test version.
        Cite this work as:
        S. Grimme  &  C. Bannwarth, JCP 145 (2016) 054103
        if GBSA is used additionally:
        P. Shushkov, F. März, C. Bannwarth, S. Grimme, unpublished.
 
        with help from
        P. Shushkov, G. Brandenburg, S. Dohm, J. Pisarek,
        F. März, M. Checinski, S. Ehrlich, S. Spicher, 
        P. Pracht, E. Caldeweyher, S. Ehlert, and C. Bannwarth.
 
        usage        :
        xtb4stda <coord_file> [options]
        where <coord_file> is a valid file of TM)
        (*coord, Bohr) or xmol (*xyz, Angstroem)
        format.

        options:
        -chrg <int>   : molecular charge
        -uhf  <int>   : # of unpaired electrons(=2*S)
        -nox          : skip second, extended part in sTDA-xTB
        -pop          : do population analysis
                      : (default for -nox)
        -mowr <real>  : cut MO write above (def.3 Eh)
        -molden       : write formatted molden file
        -parx <file>  : read parameters for sTDA-xTB
                        calc (def:~/.param_stda2.xtb)
        -parv <file>  : read parameters for vTB part in
                        sTDA-xTB (def: ~/.param_stda1.xtb)
        -xtemp <real> : el. temp for xTB (def. 0 K)
        -etemp <real> : el. temp for GFN (def. 300 K)
        -fod          : calculate the FOD and write
                        molden.input file with
                        appropriate occupations
                        for plotting. Def. T=12500 K
 
        -acc <real>   : xTB accuracy (def. 1.0)
        -gbsa [string1] [string2]
                        use GBSA implicit solvent
                        for solvent [string1] and
                        solvation state [string2]=
                        reference, bar1M (default=1M)
        additional GFN/opt/MD/siman options read from
        $XTB4STDAHOME/.xtb4stdarc or $set in input
 
       spin and charge state information can be on:
       <.CHRG> (charge) and <.UHF> (=nalpha-nbeta)
       -uhf and -chrg override the file info.
       useful machine settings:
       setenv MKL_NUM_THREADS <NCORE_ON_YOUR_MACHINE>
       setenv OMP_STACKSIZE 500m
       limit stacksize unlimited
 
       total energies in Eh, gaps/HL energies in eV
       please read REVISION and HOWTO files carefully
 =============================
  # OMP threads =           8
 =============================
 
 xtb4stdahome directory:/ihome/ghutchison/blp62/xtb4stda/
 
 
 name of molecule           :
 comment line               :
 number of atoms            :   100
 number of electrons        :   330
 charge                     :  0
 spin                       : 0.0
 first test random number   :  0.3016
 
 -----------------------------------------
      charge density (VTB) calculation
 -----------------------------------------
 
      method parameters     
 k(s)        :  1.8000
 k(p)        :  2.8350
 k(d)        :  2.0860
 k(f)        :  2.0000
 Tscal       :  0.3300
 Gscal       :  0.3910
 fpol        :  1.0000
 Zcnf        :  0.6500
 Zqf         :  0.0000
 kcn         :  0.3000
 kEN1        : -0.5900
 wllscal     :  2.6000
 
     -------------------------
     ! NO SOLVENT MODEL USED !
     -------------------------
 
 doing EN charges ...
 sum q : -0.1332268D-14
 point charge moment (au)
     X       Y       Z   
  -0.4028  -0.7184  -0.5189  total (Debye):    2.474
 
            Z      q(EN)   CN      Cart. coordinates
     1  C   4.0  -0.163   3.164    23.97325    23.30826     3.25770
     2  S   6.0   0.212   2.620    23.15557    20.34762     2.19567
     3  C   4.0  -0.102   3.322    20.30624    20.41509     3.83860
     4  C   4.0  -0.099   3.376    20.05585    22.68219     5.08847
     5  C   4.0   0.046   3.409    22.15987    24.32701     4.77250
     6  O   6.0  -0.209   2.044    22.33694    26.64646     5.82584
     7  S   6.0   0.122   2.193    17.40910    23.67638     6.88578
     8  C   4.0  -0.092   3.291    18.61456    18.31692     3.73145
     9  S   6.0   0.213   2.564    18.75081    16.26657     1.11059
    10  C   4.0  -0.092   3.401    16.33819    14.47228     2.36613
    11  C   4.0  -0.093   3.402    14.85306    12.35125     1.86289
    12  C   4.0   0.075   3.674    13.17366    12.08820     3.91324
    13  N   5.0  -0.296   3.266    13.61925    13.95015     5.65538
    14  C   4.0  -0.092   4.070    12.17815    14.40689     7.91644
    15  C   4.0  -0.239   4.022     9.86456    16.05190     7.39110
    16  C   4.0   0.074   3.674    15.51673    15.43812     4.70976
    17  C   4.0  -0.077   3.318    16.80930    17.61584     5.47076
    18  C   4.0  -0.078   3.326    11.50522    10.05221     3.66286
    19  C   4.0  -0.091   3.289    11.89526     8.75793     1.44111
    20  S   6.0   0.217   2.506    14.37137    10.03577    -0.38418
    21  C   4.0  -0.091   3.287    10.50461     6.65561     0.52251
    22  S   6.0   0.218   2.512     7.89698     5.54011     2.27088
    23  C   4.0  -0.093   3.404     7.30530     3.29738    -0.01720
    24  C   4.0  -0.092   3.403     5.61305     1.37307    -0.62966
    25  C   4.0   0.075   3.669     6.39975     0.37832    -2.97311
    26  N   5.0  -0.295   3.267     8.49507     1.65729    -3.80440
    27  C   4.0  -0.092   4.070     9.96018     1.08640    -6.02256
    28  C   4.0  -0.238   4.022    12.01771    -0.86096    -5.46528
    29  C   4.0   0.075   3.669     9.07598     3.42758    -2.00349
    30  C   4.0  -0.077   3.322    10.88142     5.33281    -1.68582
    31  C   4.0  -0.075   3.310     4.83486    -1.55165    -3.87866
    32  C   4.0  -0.091   3.287     2.85651    -2.02957    -2.25029
    33  S   6.0   0.213   2.598     2.92378    -0.10526     0.46053
    34  C   4.0  -0.091   3.287     0.83356    -3.76944    -2.57229
    35  S   6.0   0.213   2.598    -1.53087    -3.95879    -0.24132
    36  C   4.0  -0.092   3.403    -3.13713    -6.16429    -2.01861
    37  C   4.0  -0.093   3.404    -5.34433    -7.60350    -2.02352
    38  C   4.0   0.075   3.669    -5.35378    -8.99094    -4.29705
    39  N   5.0  -0.295   3.267    -3.23521    -8.41948    -5.67504
    40  C   4.0  -0.092   4.070    -2.49047    -9.57108    -8.02245
    41  C   4.0  -0.238   4.022    -0.94732   -11.97236    -7.58782
    42  C   4.0   0.075   3.669    -1.85779    -6.71514    -4.29062
    43  C   4.0  -0.075   3.310     0.39098    -5.35775    -4.59128
    44  C   4.0  -0.078   3.322    -7.50278   -10.50140    -4.60507
    45  C   4.0  -0.091   3.286    -9.13399   -10.27406    -2.59138
    46  S   6.0   0.218   2.512    -8.01527    -8.18591    -0.24869
    47  C   4.0  -0.091   3.288   -11.52487   -11.44720    -2.26975
    48  S   6.0   0.217   2.506   -12.71502   -13.46940    -4.63512
    49  C   4.0  -0.093   3.402   -15.44813   -13.90744    -2.90923
    50  C   4.0  -0.092   3.401   -17.77306   -15.14937    -2.99049
    51  C   4.0   0.075   3.676   -19.06091   -14.50686    -0.74776
    52  N   5.0  -0.296   3.267   -17.60450   -12.89984     0.66726
    53  C   4.0  -0.092   4.070   -18.18937   -11.96404     3.15244
    54  C   4.0  -0.238   4.022   -17.26454   -13.76552     5.20979
    55  C   4.0   0.075   3.672   -15.38728   -12.54551    -0.62002
    56  C   4.0  -0.078   3.326   -13.16270   -11.16091    -0.26947
    57  C   4.0  -0.075   3.312   -21.46370   -15.59477    -0.55086
    58  C   4.0  -0.090   3.286   -22.01682   -17.05723    -2.62747
    59  S   6.0   0.214   2.568   -19.56207   -17.12394    -4.87001
    60  C   4.0  -0.091   3.284   -24.28884   -18.42747    -3.09178
    61  S   6.0   0.212   2.618   -24.68587   -20.20589    -5.83226
    62  C   4.0  -0.174   3.211   -27.67579   -21.10692    -4.94277
    63  C   4.0  -0.101   3.342   -28.33398   -20.10101    -2.66999
    64  C   4.0   0.045   3.439   -26.41648   -18.56637    -1.59039
    65  O   6.0  -0.209   2.046   -26.64079   -17.36280     0.66443
    66  S   6.0   0.118   2.173   -31.25493   -20.57288    -1.10398
    67  H   1.0   0.077   1.013    25.72711    24.14673     2.70458
    68  H   1.0   0.130   1.023    20.78699    27.00437     6.72875
    69  H   1.0  -0.010   0.999    15.67301    22.71073     5.34018
    70  H   1.0   0.082   1.003    13.41101    15.33097     9.29273
    71  H   1.0   0.082   1.003    11.58742    12.58198     8.68461
    72  H   1.0   0.081   0.999     8.80801    16.35747     9.12454
    73  H   1.0   0.082   0.999     8.63869    15.13538     6.02010
    74  H   1.0   0.081   0.999    10.44092    17.87511     6.63728
    75  H   1.0   0.079   1.008    16.51356    18.58375     7.23104
    76  H   1.0   0.079   1.007    10.06638     9.52460     4.99606
    77  H   1.0   0.082   1.003     8.67838     0.37039    -7.47651
    78  H   1.0   0.082   1.003    10.81188     2.84139    -6.70418
    79  H   1.0   0.081   0.999    13.09372    -1.26045    -7.16773
    80  H   1.0   0.081   0.999    11.17735    -2.60858    -4.78460
    81  H   1.0   0.082   0.999    13.29781    -0.14740    -4.02474
    82  H   1.0   0.079   1.007    12.39169     5.76763    -2.97348
    83  H   1.0   0.079   1.004     5.10264    -2.54773    -5.62704
    84  H   1.0   0.082   1.003    -1.37988    -8.19612    -9.09298
    85  H   1.0   0.082   1.003    -4.19992   -10.01309    -9.09563
    86  H   1.0   0.081   0.999     0.75324   -11.54075    -6.51710
    87  H   1.0   0.081   0.999    -0.40724   -12.80138    -9.38684
    88  H   1.0   0.082   0.999    -2.05375   -13.34430    -6.53146
    89  H   1.0   0.079   1.004     1.63405    -5.49778    -6.19018
    90  H   1.0   0.079   1.007    -7.89603   -11.70062    -6.19698
    91  H   1.0   0.082   1.003   -20.23726   -11.72688     3.28529
    92  H   1.0   0.082   1.003   -17.29439   -10.11476     3.37392
    93  H   1.0   0.081   0.999   -17.72468   -13.01530     7.06474
    94  H   1.0   0.081   0.999   -15.22779   -14.00740     5.07921
    95  H   1.0   0.082   0.999   -18.15762   -15.60403     4.99681
    96  H   1.0   0.079   1.007   -12.73146    -9.99249     1.33547
    97  H   1.0   0.080   1.005   -22.75551   -15.35591     0.99343
    98  H   1.0   0.077   1.014   -28.76730   -22.31842    -6.14218
    99  H   1.0   0.131   1.021   -28.28731   -17.72601     1.36552
   100  H   1.0  -0.011   0.999   -32.23948   -22.05197    -2.87238
 
  Z AO/shell   Hii/eV     exponent
  1     Sat Feb 20 21:38:01 CET 2016    EN: 2.327 GAM: 0.473  GM3: 0.0000
     1s    -13.751157    1.051071
  6     Sat Feb 20 21:38:01 CET 2016    EN: 2.731 GAM: 0.422  GM3: 0.0000
     2s    -19.378245    2.021003
     2p    -11.993376    1.497917
  7     Sat Feb 20 21:38:01 CET 2016    EN: 3.573 GAM: 0.504  GM3: 0.0000
     2s    -21.576984    2.275442
     2p    -16.125120    2.056788
  8     Sat Feb 20 21:38:01 CET 2016    EN: 3.700 GAM: 0.587  GM3: 0.0000
     2s    -21.648843    2.110798
     2p    -17.239740    2.329048
 16     Sat Feb 20 23:13:41 CET 2016    EN: 1.915 GAM: 0.389  GM3: 0.0000
     3s    -22.000000    2.671470
     3p    -15.834192    1.836978
     3d     -2.593599    1.836978
 
 dipole moment of classical point charges (au)
     X       Y       Z   
  -0.4028  -0.7184  -0.5189  total (Debye):    2.474

 
 Nbf   :          370
 T(el) :   300.0
 calculating S/T integrals ...
 cpu time for ints   0.473413000000000     
 Nao   :          358
 making H0...
 making H1...
 cpu time for H      0.585213000000000     
 solving ...
 cpu time for diag   0.180775000000000     
 
 gap (eV)           :   2.283
 Koopmans IP (eV)   :  11.052
 Eel (Eh)           :  -254.745562
 T,E(Fermi),NFOD :    300.000    -9.911  0.000000
 T,E(Fermi),NFOD :    300.000    -9.911  0.000000
 Nfod               :  0.0000
 Nfod/Nel           :  0.0000

          eigenvalues
 #    :         153        154        155        156        157        158        159        160
 occ. :        2.000      2.000      2.000      2.000      2.000      2.000      2.000      2.000
 eps  :       -14.943    -14.135    -13.872    -13.710    -13.653    -13.555    -13.528    -13.512
 #    :         161        162        163        164        165        166        167        168
 occ. :        2.000      2.000      2.000      2.000      2.000      0.000      0.000      0.000
 eps  :       -13.497    -12.974    -12.256    -11.582    -11.053     -8.770     -8.701     -8.673
 #    :         169        170        171        172        173        174        175        176
 occ. :        0.000      0.000      0.000      0.000      0.000      0.000      0.000      0.000
 eps  :        -8.503     -8.455     -8.376     -8.242     -8.222     -8.187     -8.045     -7.696
                            1  SCC done.
 making H1...
 cpu time for H      0.400962000000000     
 solving ...
 cpu time for diag   6.685500000000011E-002
 
 gap (eV)           :   2.425
 Koopmans IP (eV)   :  11.150
 Eel (Eh)           :  -253.989421
 T,E(Fermi),NFOD :    300.000    -9.937  0.000000
 T,E(Fermi),NFOD :    300.000    -9.937  0.000000
 Nfod               :  0.0000
 Nfod/Nel           :  0.0000

          eigenvalues
 #    :         153        154        155        156        157        158        159        160
 occ. :        2.000      2.000      2.000      2.000      2.000      2.000      2.000      2.000
 eps  :       -14.960    -14.197    -13.812    -13.445    -13.407    -13.342    -13.317    -13.271
 #    :         161        162        163        164        165        166        167        168
 occ. :        2.000      2.000      2.000      2.000      2.000      0.000      0.000      0.000
 eps  :       -13.233    -13.053    -12.358    -11.684    -11.151     -8.725     -8.503     -8.418
 #    :         169        170        171        172        173        174        175        176
 occ. :        0.000      0.000      0.000      0.000      0.000      0.000      0.000      0.000
 eps  :        -8.225     -8.201     -8.153     -8.099     -7.902     -7.815     -7.745     -7.608
                            2  SCC done.
 
 
 Mulliken/CM5 charges    n(s)   n(p)   n(d)   
    1 C  -0.0970 -0.1314   1.125  2.972  0.000
    2 S   0.0998  0.0633   1.882  3.959  0.059
    3 C  -0.0399 -0.0257   1.161  2.879  0.000
    4 C  -0.0703 -0.0588   1.169  2.902  0.000
    5 C   0.0353  0.0541   1.148  2.817  0.000
    6 O  -0.1703 -0.3665   1.413  4.757  0.000
    7 S  -0.0790 -0.1655   1.852  4.198  0.030
    8 C  -0.0375 -0.0270   1.165  2.873  0.000
    9 S   0.0919  0.0602   1.892  3.964  0.052
   10 C  -0.0545 -0.0327   1.157  2.898  0.000
   11 C  -0.0577 -0.0359   1.156  2.902  0.000
   12 C  -0.0153  0.0513   1.178  2.838  0.000
   13 N  -0.0747 -0.3355   1.253  3.822  0.000
   14 C   0.0345 -0.0124   1.142  2.823  0.000
   15 C  -0.0836 -0.2300   1.093  2.990  0.000
   16 C  -0.0226  0.0438   1.179  2.844  0.000
   17 C  -0.0766 -0.1223   1.137  2.940  0.000
   18 C  -0.0740 -0.1188   1.130  2.944  0.000
   19 C  -0.0262 -0.0162   1.161  2.865  0.000
   20 S   0.0839  0.0504   1.892  3.973  0.051
   21 C  -0.0293 -0.0194   1.161  2.868  0.000
   22 S   0.0843  0.0505   1.891  3.973  0.051
   23 C  -0.0550 -0.0332   1.156  2.899  0.000
   24 C  -0.0565 -0.0347   1.157  2.900  0.000
   25 C  -0.0184  0.0478   1.178  2.840  0.000
   26 N  -0.0761 -0.3366   1.253  3.824  0.000
   27 C   0.0342 -0.0126   1.142  2.824  0.000
   28 C  -0.0836 -0.2300   1.094  2.990  0.000
   29 C  -0.0176  0.0487   1.178  2.840  0.000
   30 C  -0.0724 -0.1172   1.130  2.942  0.000
   31 C  -0.0805 -0.1262   1.131  2.950  0.000
   32 C  -0.0284 -0.0182   1.162  2.866  0.000
   33 S   0.0920  0.0602   1.892  3.965  0.051
   34 C  -0.0301 -0.0199   1.162  2.868  0.000
   35 S   0.0916  0.0597   1.892  3.966  0.051
   36 C  -0.0557 -0.0338   1.157  2.899  0.000
   37 C  -0.0566 -0.0348   1.155  2.901  0.000
   38 C  -0.0172  0.0491   1.178  2.839  0.000
   39 N  -0.0763 -0.3367   1.252  3.824  0.000
   40 C   0.0341 -0.0127   1.142  2.824  0.000
   41 C  -0.0836 -0.2301   1.094  2.990  0.000
   42 C  -0.0195  0.0467   1.178  2.841  0.000
   43 C  -0.0796 -0.1254   1.131  2.949  0.000
   44 C  -0.0745 -0.1193   1.130  2.945  0.000
   45 C  -0.0278 -0.0178   1.161  2.866  0.000
   46 S   0.0832  0.0494   1.891  3.974  0.051
   47 C  -0.0296 -0.0196   1.160  2.869  0.000
   48 S   0.0809  0.0473   1.892  3.976  0.052
   49 C  -0.0572 -0.0354   1.156  2.901  0.000
   50 C  -0.0580 -0.0362   1.156  2.902  0.000
   51 C  -0.0207  0.0458   1.180  2.841  0.000
   52 N  -0.0747 -0.3357   1.252  3.823  0.000
   53 C   0.0344 -0.0124   1.142  2.824  0.000
   54 C  -0.0837 -0.2301   1.094  2.990  0.000
   55 C  -0.0178  0.0488   1.177  2.841  0.000
   56 C  -0.0741 -0.1189   1.130  2.944  0.000
   57 C  -0.0769 -0.1219   1.131  2.946  0.000
   58 C  -0.0298 -0.0187   1.163  2.867  0.000
   59 S   0.0845  0.0529   1.892  3.971  0.052
   60 C  -0.0475 -0.0321   1.154  2.894  0.000
   61 S   0.0965  0.0599   1.882  3.962  0.060
   62 C  -0.0966 -0.1322   1.132  2.964  0.000
   63 C  -0.0439 -0.0349   1.160  2.884  0.000
   64 C   0.0190  0.0399   1.154  2.827  0.000
   65 O  -0.1611 -0.3622   1.413  4.748  0.000
   66 S  -0.0697 -0.1552   1.850  4.196  0.023
   67 H   0.0557  0.1156   0.944  0.000  0.000
   68 H   0.1683  0.3442   0.832  0.000  0.000
   69 H   0.0911  0.1622   0.909  0.000  0.000
   70 H   0.0488  0.1149   0.951  0.000  0.000
   71 H   0.0497  0.1158   0.950  0.000  0.000
   72 H   0.0410  0.0932   0.959  0.000  0.000
   73 H   0.0321  0.0870   0.968  0.000  0.000
   74 H   0.0302  0.0849   0.970  0.000  0.000
   75 H   0.0567  0.1178   0.943  0.000  0.000
   76 H   0.0548  0.1153   0.945  0.000  0.000
   77 H   0.0482  0.1143   0.952  0.000  0.000
   78 H   0.0493  0.1154   0.951  0.000  0.000
   79 H   0.0406  0.0927   0.959  0.000  0.000
   80 H   0.0311  0.0858   0.969  0.000  0.000
   81 H   0.0319  0.0867   0.968  0.000  0.000
   82 H   0.0545  0.1147   0.946  0.000  0.000
   83 H   0.0530  0.1123   0.947  0.000  0.000
   84 H   0.0480  0.1140   0.952  0.000  0.000
   85 H   0.0494  0.1155   0.951  0.000  0.000
   86 H   0.0309  0.0856   0.969  0.000  0.000
   87 H   0.0405  0.0927   0.960  0.000  0.000
   88 H   0.0321  0.0868   0.968  0.000  0.000
   89 H   0.0529  0.1122   0.947  0.000  0.000
   90 H   0.0543  0.1145   0.946  0.000  0.000
   91 H   0.0489  0.1151   0.951  0.000  0.000
   92 H   0.0488  0.1149   0.951  0.000  0.000
   93 H   0.0402  0.0924   0.960  0.000  0.000
   94 H   0.0315  0.0863   0.968  0.000  0.000
   95 H   0.0315  0.0862   0.969  0.000  0.000
   96 H   0.0543  0.1148   0.946  0.000  0.000
   97 H   0.0559  0.1212   0.944  0.000  0.000
   98 H   0.0590  0.1176   0.941  0.000  0.000
   99 H   0.1708  0.3470   0.829  0.000  0.000
  100 H   0.0928  0.1636   0.907  0.000  0.000
 Hirshfeld charges for QMDFF written to <charges>
 
 Loewdin charges    n(s)   n(p)   n(d)
    1 C  -0.0756   1.072  3.004  0.000
    2 S   0.0639   1.867  3.954  0.115
    3 C  -0.0205   1.118  2.903  0.000
    4 C  -0.0484   1.125  2.923  0.000
    5 C   0.0255   1.115  2.860  0.000
    6 O  -0.1261   1.359  4.767  0.000
    7 S  -0.0995   1.829  4.202  0.069
    8 C  -0.0146   1.120  2.895  0.000
    9 S   0.0543   1.879  3.962  0.104
   10 C  -0.0367   1.114  2.922  0.000
   11 C  -0.0399   1.113  2.927  0.000
   12 C  -0.0234   1.145  2.878  0.000
   13 N  -0.0321   1.211  3.821  0.000
   14 C   0.0361   1.085  2.879  0.000
   15 C  -0.0856   1.021  3.065  0.000
   16 C  -0.0310   1.147  2.884  0.000
   17 C  -0.0779   1.088  2.990  0.000
   18 C  -0.0753   1.081  2.995  0.000
   19 C  -0.0032   1.116  2.888  0.000
   20 S   0.0462   1.878  3.971  0.105
   21 C  -0.0064   1.116  2.891  0.000
   22 S   0.0464   1.878  3.971  0.105
   23 C  -0.0370   1.113  2.924  0.000
   24 C  -0.0389   1.114  2.925  0.000
   25 C  -0.0265   1.146  2.880  0.000
   26 N  -0.0336   1.211  3.823  0.000
   27 C   0.0357   1.085  2.880  0.000
   28 C  -0.0857   1.021  3.065  0.000
   29 C  -0.0258   1.145  2.880  0.000
   30 C  -0.0736   1.080  2.993  0.000
   31 C  -0.0818   1.081  3.000  0.000
   32 C  -0.0058   1.117  2.889  0.000
   33 S   0.0547   1.879  3.963  0.103
   34 C  -0.0076   1.117  2.890  0.000
   35 S   0.0543   1.879  3.964  0.104
   36 C  -0.0380   1.114  2.924  0.000
   37 C  -0.0387   1.113  2.926  0.000
   38 C  -0.0253   1.146  2.880  0.000
   39 N  -0.0338   1.211  3.823  0.000
   40 C   0.0356   1.085  2.880  0.000
   41 C  -0.0857   1.021  3.065  0.000
   42 C  -0.0277   1.146  2.882  0.000
   43 C  -0.0809   1.082  2.999  0.000
   44 C  -0.0759   1.080  2.996  0.000
   45 C  -0.0047   1.116  2.889  0.000
   46 S   0.0454   1.878  3.972  0.105
   47 C  -0.0068   1.115  2.892  0.000
   48 S   0.0432   1.878  3.973  0.105
   49 C  -0.0391   1.114  2.925  0.000
   50 C  -0.0407   1.113  2.927  0.000
   51 C  -0.0285   1.147  2.882  0.000
   52 N  -0.0321   1.210  3.822  0.000
   53 C   0.0360   1.085  2.879  0.000
   54 C  -0.0857   1.021  3.065  0.000
   55 C  -0.0262   1.145  2.882  0.000
   56 C  -0.0752   1.081  2.994  0.000
   57 C  -0.0789   1.081  2.997  0.000
   58 C  -0.0067   1.118  2.889  0.000
   59 S   0.0474   1.879  3.969  0.104
   60 C  -0.0312   1.111  2.920  0.000
   61 S   0.0602   1.867  3.957  0.116
   62 C  -0.0727   1.078  2.994  0.000
   63 C  -0.0174   1.114  2.904  0.000
   64 C   0.0054   1.123  2.872  0.000
   65 O  -0.1160   1.359  4.757  0.000
   66 S  -0.0895   1.827  4.201  0.061
   67 H   0.0455   0.955  0.000  0.000
   68 H   0.1393   0.861  0.000  0.000
   69 H   0.0893   0.911  0.000  0.000
   70 H   0.0429   0.957  0.000  0.000
   71 H   0.0436   0.956  0.000  0.000
   72 H   0.0407   0.959  0.000  0.000
   73 H   0.0314   0.969  0.000  0.000
   74 H   0.0298   0.970  0.000  0.000
   75 H   0.0492   0.951  0.000  0.000
   76 H   0.0468   0.953  0.000  0.000
   77 H   0.0424   0.958  0.000  0.000
   78 H   0.0433   0.957  0.000  0.000
   79 H   0.0403   0.960  0.000  0.000
   80 H   0.0305   0.969  0.000  0.000
   81 H   0.0312   0.969  0.000  0.000
   82 H   0.0465   0.954  0.000  0.000
   83 H   0.0454   0.955  0.000  0.000
   84 H   0.0422   0.958  0.000  0.000
   85 H   0.0434   0.957  0.000  0.000
   86 H   0.0304   0.970  0.000  0.000
   87 H   0.0403   0.960  0.000  0.000
   88 H   0.0313   0.969  0.000  0.000
   89 H   0.0453   0.955  0.000  0.000
   90 H   0.0463   0.954  0.000  0.000
   91 H   0.0430   0.957  0.000  0.000
   92 H   0.0429   0.957  0.000  0.000
   93 H   0.0400   0.960  0.000  0.000
   94 H   0.0309   0.969  0.000  0.000
   95 H   0.0308   0.969  0.000  0.000
   96 H   0.0464   0.954  0.000  0.000
   97 H   0.0473   0.953  0.000  0.000
   98 H   0.0492   0.951  0.000  0.000
   99 H   0.1412   0.859  0.000  0.000
  100 H   0.0906   0.909  0.000  0.000
 
 Wiberg/Mayer (AO) data. WBOs > 0.1 written file <wbo>
 largest (>0.05) Wiberg bond orders for each atom
           total WBO             WBO to atom ...
     1  C   3.927    C    5 1.574    S    2 1.164    H   67 0.951    C    3 0.099    O    6 0.066
     2  S   2.557    C    1 1.164    C    3 1.104    C    5 0.071    C    4 0.071
     3  C   3.941    C    4 1.479    C    8 1.122    S    2 1.104    C    1 0.099
     4  C   3.919    C    3 1.479    C    5 1.177    S    7 1.019    S    2 0.071
     5  C   3.939    C    1 1.574    C    4 1.177    O    6 1.049    S    2 0.071
     6  O   2.179    C    5 1.049    H   68 0.947    C    1 0.066
     7  S   2.176    C    4 1.019    H   69 0.970
     8  C   3.903    C   17 1.502    C    3 1.122    S    9 1.074    C   10 0.073
     9  S   2.494    C   10 1.109    C    8 1.074    C   17 0.070
    10  C   3.928    C   16 1.310    C   11 1.252    S    9 1.109    C    8 0.073
    11  C   3.919    C   12 1.309    C   10 1.252    S   20 1.105    C   19 0.069
    12  C   3.905    C   11 1.309    C   18 1.278    N   13 1.087
    13  N   3.447    C   12 1.087    C   16 1.085    C   14 0.958
    14  C   3.939    C   15 1.002    H   70 0.970    H   71 0.970    N   13 0.958
    15  C   3.982    C   14 1.002    H   74 0.984    H   73 0.984    H   72 0.975
    16  C   3.900    C   10 1.310    C   17 1.272    N   13 1.085
    17  C   3.958    C    8 1.502    C   16 1.272    H   75 0.932    S    9 0.070
    18  C   3.936    C   19 1.486    C   12 1.278    H   76 0.937    S   20 0.066    C   30 0.058
    19  C   3.908    C   18 1.486    C   21 1.154    S   20 1.070    C   11 0.069
    20  S   2.479    C   11 1.105    C   19 1.070    C   18 0.066
    21  C   3.904    C   30 1.484    C   19 1.154    S   22 1.069    C   23 0.069
    22  S   2.479    C   23 1.106    C   21 1.069    C   30 0.066
    23  C   3.921    C   29 1.305    C   24 1.257    S   22 1.106    C   21 0.069
    24  C   3.918    C   25 1.305    C   23 1.257    S   33 1.105    C   32 0.068
    25  C   3.900    C   24 1.305    C   31 1.282    N   26 1.084
    26  N   3.443    C   29 1.085    C   25 1.084    C   27 0.958
    27  C   3.939    C   28 1.002    H   77 0.970    H   78 0.970    N   26 0.958
    28  C   3.982    C   27 1.002    H   80 0.984    H   81 0.984    H   79 0.975
    29  C   3.899    C   23 1.305    C   30 1.281    N   26 1.085
    30  C   3.937    C   21 1.484    C   29 1.281    H   82 0.938    S   22 0.066    C   18 0.058
    31  C   3.935    C   32 1.477    C   25 1.282    H   83 0.939    S   33 0.066
    32  C   3.904    C   31 1.477    C   34 1.153    S   33 1.076    C   24 0.068
    33  S   2.479    C   24 1.105    C   32 1.076    C   31 0.066
    34  C   3.904    C   43 1.477    C   32 1.153    S   35 1.075    C   36 0.069
    35  S   2.480    C   36 1.105    C   34 1.075    C   43 0.066
    36  C   3.919    C   42 1.304    C   37 1.257    S   35 1.105    C   34 0.069
    37  C   3.920    C   38 1.306    C   36 1.257    S   46 1.105    C   45 0.068
    38  C   3.899    C   37 1.306    C   44 1.279    N   39 1.085
    39  N   3.443    C   38 1.085    C   42 1.084    C   40 0.958
    40  C   3.940    C   41 1.002    H   84 0.970    H   85 0.970    N   39 0.958
    41  C   3.982    C   40 1.002    H   86 0.984    H   88 0.984    H   87 0.975
    42  C   3.900    C   36 1.304    C   43 1.283    N   39 1.084
    43  C   3.936    C   34 1.477    C   42 1.283    H   89 0.938    S   35 0.066
    44  C   3.936    C   45 1.484    C   38 1.279    H   90 0.938    S   46 0.065    C   56 0.058
    45  C   3.904    C   44 1.484    C   47 1.155    S   46 1.069    C   37 0.068
    46  S   2.477    C   37 1.105    C   45 1.069    C   44 0.065
    47  C   3.907    C   56 1.484    C   45 1.155    S   48 1.068    C   49 0.069
    48  S   2.478    C   49 1.105    C   47 1.068    C   56 0.066
    49  C   3.919    C   55 1.307    C   50 1.254    S   48 1.105    C   47 0.069
    50  C   3.928    C   51 1.311    C   49 1.254    S   59 1.103    C   58 0.071
    51  C   3.900    C   50 1.311    C   57 1.272    N   52 1.086
    52  N   3.447    C   55 1.086    C   51 1.086    C   53 0.958
    53  C   3.939    C   54 1.002    H   91 0.970    H   92 0.970    N   52 0.958
    54  C   3.982    C   53 1.002    H   95 0.984    H   94 0.984    H   93 0.975
    55  C   3.903    C   49 1.307    C   56 1.280    N   52 1.086
    56  C   3.936    C   47 1.484    C   55 1.280    H   96 0.937    S   48 0.066    C   44 0.058
    57  C   3.958    C   58 1.496    C   51 1.272    H   97 0.935    S   59 0.067
    58  C   3.902    C   57 1.496    C   60 1.137    S   59 1.077    C   50 0.071
    59  S   2.484    C   50 1.103    C   58 1.077    C   57 0.067
    60  C   3.938    C   64 1.449    C   58 1.137    S   61 1.102    C   62 0.096    O   65 0.055
    61  S   2.553    C   62 1.163    C   60 1.102    C   63 0.078    C   64 0.065    S   66 0.050
    62  C   3.924    C   63 1.584    S   61 1.163    H   98 0.951    C   60 0.096    S   66 0.065
    63  C   3.946    C   62 1.584    C   64 1.186    S   66 1.019    S   61 0.078
    64  C   3.912    C   60 1.449    C   63 1.186    O   65 1.050    S   61 0.065
    65  O   2.194    C   64 1.050    H   99 0.953    C   60 0.055
    66  S   2.163    C   63 1.019    H  100 0.976    C   62 0.065    S   61 0.050
    67  H   0.996    C    1 0.951
    68  H   0.972    O    6 0.947
    69  H   0.991    S    7 0.970
    70  H   0.997    C   14 0.970
    71  H   0.996    C   14 0.970
    72  H   0.997    C   15 0.975
    73  H   0.999    C   15 0.984
    74  H   0.999    C   15 0.984
    75  H   0.995    C   17 0.932
    76  H   0.995    C   18 0.937
    77  H   0.997    C   27 0.970
    78  H   0.996    C   27 0.970
    79  H   0.997    C   28 0.975
    80  H   0.999    C   28 0.984
    81  H   0.999    C   28 0.984
    82  H   0.995    C   30 0.938
    83  H   0.996    C   31 0.939
    84  H   0.997    C   40 0.970
    85  H   0.996    C   40 0.970
    86  H   0.999    C   41 0.984
    87  H   0.997    C   41 0.975
    88  H   0.999    C   41 0.984
    89  H   0.996    C   43 0.938
    90  H   0.995    C   44 0.938
    91  H   0.997    C   53 0.970
    92  H   0.997    C   53 0.970
    93  H   0.997    C   54 0.975
    94  H   0.999    C   54 0.984
    95  H   0.999    C   54 0.984
    96  H   0.995    C   56 0.937
    97  H   0.995    C   57 0.935
    98  H   0.996    C   62 0.951
    99  H   0.971    O   65 0.953
   100  H   0.991    S   66 0.976
 
 --------------------------------------------
          xTB calculation for sTDA...
 --------------------------------------------
 
 reading parameter file /ihome/ghutchison/blp62/xtb4stda/.param_stda2.xtb
 
      method parameters     
 k(s)        :  1.6000
 k(p)        :  2.1800
 k(d)        :  1.9500
 k(f)        :  2.0000
 k(R-V)      :  2.2750
 k(R-R)      :  1.7650
 Tscal       :  0.2580
 Gscal       :  1.0000
 fpol        :  1.0000
 Zcnf        :  0.3430
 Zqf         :  0.0000
 kcn         :  2.7000
 Ryd Hsplit  :  0.7000
 lshift(virt):  3.1000
 lshift(OS)  :  0.2000
 wllscaling  :  2.6000
 
 mowrcut     : 3.000
 
  Z AO/shell   Hii/eV     exponent
  1     Sun Feb 14 09:53:25 CET 2016    EN: 2.327 GAM: 0.473  GM3: 0.0000
     1s    -14.339618    1.220000
     2sp    -3.348946    0.600000
  6     Sun Feb 14 09:53:25 CET 2016    EN: 2.731 GAM: 0.422  GM3: 0.0000
     2s    -22.009312    1.565095
     2p    -13.020408    1.596905
     3sp    -3.914040    0.824500
  7     Sun Feb 14 09:53:25 CET 2016    EN: 3.573 GAM: 0.504  GM3: 0.0000
     2s    -25.722000    2.064844
     2p    -18.684912    1.801692
     3sp    -4.344791    0.921400
  8     Sun Feb 14 09:53:25 CET 2016    EN: 3.700 GAM: 0.587  GM3: 0.0000
     2s    -33.859000    2.418661
     2p    -22.175911    1.973969
     3sp    -4.259392    1.013700
 16     Sun Feb 21 16:35:57 CET 2016    EN: 1.915 GAM: 0.200  GM3: 0.0000
     3s    -17.898811    2.619580
     3p    -15.317401    1.798798
     4sp    -4.455139    0.843200
 
 Nbf   :          698
 T(el) :     0.0
 calculating S/T integrals ...
 cpu time for ints    1.60177000000000     
 Nao   :          698
 making H0...
 making H1...
 cpu time for H      1.204999999999989E-002
 solving ...
 cpu time for diag   0.866760000000000     
 
 gap (eV)           :   5.239
 Koopmans IP (eV)   :  12.529
 Eel (Eh)           :  -273.580934

          eigenvalues
 #    :         153        154        155        156        157        158        159        160
 occ. :        2.000      2.000      2.000      2.000      2.000      2.000      2.000      2.000
 eps  :       -15.661    -15.086    -14.698    -14.479    -14.430    -14.110    -13.966    -13.944
 #    :         161        162        163        164        165        166        167        168
 occ. :        2.000      2.000      2.000      2.000      2.000      0.000      0.000      0.000
 eps  :       -13.875    -13.831    -13.476    -12.945    -12.530     -7.291     -6.902     -6.456
 #    :         169        170        171        172        173        174        175        176
 occ. :        0.000      0.000      0.000      0.000      0.000      0.000      0.000      0.000
 eps  :        -6.064     -5.777     -5.774     -5.722     -5.591     -5.408     -5.193     -4.998
                            1  SCC done.
 writing mo output ...
 molden style : F
 
speedup  5.33
cpu  time for all    5.90 s
wall time for all    1.11 s
