 
        ______________________________________
       |                                      |
       |          ===================         |
       |             xTB for sTDA             |
       |          ===================         |
       |               S. Grimme              |
       |        Universitaet Bonn, MCTC       |
       |         2015-19, Version 1.0         |
       |     Wed Apr  3 09:14:55 CEST 2019    |
       |______________________________________|
 
        This code comes without any warranty
        for non-commercial, academia use only.
        Preliminary test version.
        Cite this work as:
        S. Grimme  &  C. Bannwarth, JCP 145 (2016) 054103
        if GBSA is used additionally:
        P. Shushkov, F. März, C. Bannwarth, S. Grimme, unpublished.
 
        with help from
        P. Shushkov, G. Brandenburg, S. Dohm, J. Pisarek,
        F. März, M. Checinski, S. Ehrlich, S. Spicher, 
        P. Pracht, E. Caldeweyher, S. Ehlert, and C. Bannwarth.
 
        usage        :
        xtb4stda <coord_file> [options]
        where <coord_file> is a valid file of TM)
        (*coord, Bohr) or xmol (*xyz, Angstroem)
        format.

        options:
        -chrg <int>   : molecular charge
        -uhf  <int>   : # of unpaired electrons(=2*S)
        -nox          : skip second, extended part in sTDA-xTB
        -pop          : do population analysis
                      : (default for -nox)
        -mowr <real>  : cut MO write above (def.3 Eh)
        -molden       : write formatted molden file
        -parx <file>  : read parameters for sTDA-xTB
                        calc (def:~/.param_stda2.xtb)
        -parv <file>  : read parameters for vTB part in
                        sTDA-xTB (def: ~/.param_stda1.xtb)
        -xtemp <real> : el. temp for xTB (def. 0 K)
        -etemp <real> : el. temp for GFN (def. 300 K)
        -fod          : calculate the FOD and write
                        molden.input file with
                        appropriate occupations
                        for plotting. Def. T=12500 K
 
        -acc <real>   : xTB accuracy (def. 1.0)
        -gbsa [string1] [string2]
                        use GBSA implicit solvent
                        for solvent [string1] and
                        solvation state [string2]=
                        reference, bar1M (default=1M)
        additional GFN/opt/MD/siman options read from
        $XTB4STDAHOME/.xtb4stdarc or $set in input
 
       spin and charge state information can be on:
       <.CHRG> (charge) and <.UHF> (=nalpha-nbeta)
       -uhf and -chrg override the file info.
       useful machine settings:
       setenv MKL_NUM_THREADS <NCORE_ON_YOUR_MACHINE>
       setenv OMP_STACKSIZE 500m
       limit stacksize unlimited
 
       total energies in Eh, gaps/HL energies in eV
       please read REVISION and HOWTO files carefully
 =============================
  # OMP threads =           8
 =============================
 
 xtb4stdahome directory:/ihome/ghutchison/blp62/xtb4stda/
 
 
 name of molecule           :
 comment line               :
 number of atoms            :   153
 number of electrons        :   490
 charge                     :  0
 spin                       : 0.0
 first test random number   :  0.5219
 
 -----------------------------------------
      charge density (VTB) calculation
 -----------------------------------------
 
      method parameters     
 k(s)        :  1.8000
 k(p)        :  2.8350
 k(d)        :  2.0860
 k(f)        :  2.0000
 Tscal       :  0.3300
 Gscal       :  0.3910
 fpol        :  1.0000
 Zcnf        :  0.6500
 Zqf         :  0.0000
 kcn         :  0.3000
 kEN1        : -0.5900
 wllscal     :  2.6000
 
     -------------------------
     ! NO SOLVENT MODEL USED !
     -------------------------
 
 doing EN charges ...
 sum q :  0.1110223D-15
 point charge moment (au)
     X       Y       Z   
   1.7235  -1.1275   2.3924  total (Debye):    8.024
 
            Z      q(EN)   CN      Cart. coordinates
     1  C   4.0  -0.170   3.165    11.93815    -4.51796    11.08551
     2  S   6.0   0.223   2.529     9.68825    -6.33077    12.51981
     3  C   4.0  -0.090   3.208     7.24351    -4.79556    10.96854
     4  C   4.0  -0.024   3.469     8.19782    -2.87446     9.42671
     5  C   4.0  -0.022   3.426    10.91789    -2.74936     9.46998
     6  C   4.0  -0.063   3.165    12.22520    -0.97340     7.93666
     7  C   4.0  -0.001   3.333    10.80111     0.62323     6.51237
     8  C   4.0   0.201   3.257    11.55057     2.61595     4.69805
     9  O   6.0  -0.103   1.054    13.62946     3.24353     4.01057
    10  N   5.0  -0.292   3.271     9.30444     3.67174     3.83917
    11  C   4.0  -0.095   4.079     9.20164     5.73192     2.04374
    12  C   4.0  -0.238   4.023     9.06936     8.28021     3.38053
    13  C   4.0   0.201   3.267     7.17642     2.60952     4.92916
    14  O   6.0  -0.105   1.063     5.02554     3.27471     4.54404
    15  C   4.0  -0.002   3.350     8.11070     0.58600     6.59212
    16  C   4.0  -0.064   3.180     6.79205    -1.11947     7.99619
    17  C   4.0  -0.079   3.184     4.67688    -5.53104    11.16337
    18  C   4.0  -0.081   3.196     3.69139    -7.07362    12.95048
    19  C   4.0  -0.088   3.211     1.11475    -7.84236    12.98733
    20  S   6.0   0.218   2.605    -0.45183    -8.09937    15.85896
    21  C   4.0  -0.093   3.235    -3.33726    -8.63869    14.42692
    22  C   4.0  -0.029   3.514    -3.03566    -8.92858    11.82609
    23  C   4.0  -0.022   3.447    -0.52648    -8.33350    10.97345
    24  C   4.0  -0.064   3.177     0.00529    -8.28210     8.35221
    25  C   4.0  -0.002   3.344    -1.93754    -8.76474     6.73064
    26  C   4.0   0.200   3.265    -2.01048    -8.73601     3.94178
    27  O   6.0  -0.105   1.063    -0.39080    -8.10919     2.45967
    28  N   5.0  -0.291   3.268    -4.40533    -9.57392     3.28302
    29  C   4.0  -0.095   4.077    -5.20657    -9.94336     0.69107
    30  C   4.0  -0.239   4.024    -6.44680    -7.59443    -0.41839
    31  C   4.0   0.202   3.262    -5.92807   -10.09926     5.35019
    32  O   6.0  -0.104   1.060    -8.07801   -10.85251     5.23738
    33  C   4.0  -0.001   3.351    -4.36338    -9.54236     7.59330
    34  C   4.0  -0.064   3.201    -4.92689    -9.70166    10.09510
    35  C   4.0  -0.079   3.179    -5.68826    -8.30289    15.75899
    36  C   4.0  -0.077   3.178    -7.61201    -6.92566    14.81016
    37  C   4.0  -0.088   3.221    -7.47462    -5.53935    12.45915
    38  S   6.0   0.224   2.736    -4.89836    -3.66475    11.72348
    39  C   4.0  -0.082   3.194    -5.71018    -3.45215     8.53797
    40  C   4.0  -0.020   3.438    -8.07933    -4.58070     8.13111
    41  C   4.0  -0.023   3.467    -9.07201    -5.75251    10.38215
    42  C   4.0  -0.062   3.177   -11.32003    -7.20874    10.30392
    43  C   4.0  -0.000   3.340   -12.47540    -7.48464     8.02718
    44  C   4.0   0.203   3.257   -14.73098    -8.96467     7.29321
    45  O   6.0  -0.103   1.054   -16.13259   -10.20849     8.59013
    46  N   5.0  -0.291   3.271   -14.95208    -8.66288     4.70050
    47  C   4.0  -0.094   4.077   -16.91947    -9.84226     3.21575
    48  C   4.0  -0.238   4.022   -19.19848    -8.10107     2.93474
    49  C   4.0   0.202   3.261   -13.09958    -7.12729     3.66664
    50  O   6.0  -0.103   1.055   -12.88623    -6.63369     1.44923
    51  C   4.0  -0.001   3.348   -11.50465    -6.33134     5.80864
    52  C   4.0  -0.063   3.179    -9.38419    -4.87115     5.82527
    53  C   4.0  -0.084   3.242    -3.76679    -2.64108     6.90676
    54  C   4.0  -0.078   3.179    -3.75678    -2.45022     4.33484
    55  C   4.0  -0.087   3.212    -1.52973    -2.22251     2.90186
    56  S   6.0   0.228   2.671     1.44507    -2.48083     4.26417
    57  C   4.0  -0.087   3.204     3.00712    -2.22251     1.40293
    58  C   4.0  -0.024   3.479     1.25742    -2.13010    -0.57958
    59  C   4.0  -0.021   3.454    -1.30939    -1.97798     0.26626
    60  C   4.0  -0.062   3.177    -3.26809    -1.50082    -1.48268
    61  C   4.0  -0.001   3.343    -2.61859    -1.26479    -3.96880
    62  C   4.0   0.200   3.258    -4.16137    -0.61284    -6.19736
    63  O   6.0  -0.103   1.054    -6.37442    -0.08806    -6.33776
    64  N   5.0  -0.290   3.271    -2.51163    -0.69032    -8.24582
    65  C   4.0  -0.094   4.077    -3.26923    -0.10545   -10.80734
    66  C   4.0  -0.238   4.024    -2.27712     2.46420   -11.65337
    67  C   4.0   0.202   3.266    -0.06331    -1.32602    -7.58026
    68  O   6.0  -0.106   1.067     1.69792    -1.45603    -9.03119
    69  C   4.0  -0.001   3.356    -0.11112    -1.70019    -4.82126
    70  C   4.0  -0.065   3.207     1.81036    -2.20890    -3.18929
    71  C   4.0  -0.078   3.185     5.68505    -1.99026     1.36022
    72  C   4.0  -0.077   3.189     7.13863    -0.70052    -0.32428
    73  C   4.0  -0.085   3.206     6.34343     0.89705    -2.33891
    74  S   6.0   0.217   2.688     8.02037     0.77403    -5.16651
    75  C   4.0  -0.095   3.292     5.75100     2.47101    -6.79810
    76  C   4.0  -0.021   3.453     3.79684     3.21669    -5.17804
    77  C   4.0  -0.023   3.466     4.18083     2.39485    -2.63428
    78  C   4.0  -0.071   3.223     2.43057     3.10085    -0.75324
    79  C   4.0   0.009   3.156     0.23867     4.30820    -1.39972
    80  C   4.0  -0.253   4.058    -1.67297     5.01609     0.55615
    81  C   4.0  -0.074   3.183    -0.25625     4.85206    -3.97201
    82  C   4.0  -0.068   3.170     1.48287     4.38133    -5.81280
    83  C   4.0  -0.095   3.289     5.91352     2.71535    -9.46696
    84  S   6.0   0.222   2.702     7.02902     0.22148   -11.25445
    85  C   4.0  -0.089   3.200     6.48800     1.75763   -14.08110
    86  C   4.0  -0.022   3.445     5.43221     4.13774   -13.66820
    87  C   4.0  -0.021   3.456     5.17048     4.71789   -11.01899
    88  C   4.0  -0.063   3.176     4.38284     7.14883   -10.23324
    89  C   4.0  -0.001   3.339     3.68742     8.82313   -12.06004
    90  C   4.0   0.201   3.254     2.75333    11.44078   -11.84858
    91  O   6.0  -0.102   1.054     2.42244    12.72371    -9.99098
    92  N   5.0  -0.289   3.270     2.25331    12.20801   -14.30768
    93  C   4.0  -0.094   4.076     1.34416    14.70585   -14.94244
    94  C   4.0  -0.238   4.022     3.52717    16.55438   -15.28902
    95  C   4.0   0.201   3.255     2.77676    10.36893   -16.10406
    96  O   6.0  -0.102   1.054     2.48291    10.62291   -18.35188
    97  C   4.0  -0.001   3.338     3.71728     8.16985   -14.66919
    98  C   4.0  -0.063   3.172     4.57711     5.89217   -15.50029
    99  C   4.0  -0.080   3.143     7.18360     0.48207   -16.37882
   100  C   4.0  -0.143   3.047     7.79474     1.55865   -18.57034
   101  H   1.0   0.076   1.014    13.89572    -4.83959    11.49350
   102  H   1.0   0.075   1.004    14.26252    -0.91784     7.91550
   103  H   1.0   0.082   1.004    10.90334     5.61192     0.88023
   104  H   1.0   0.083   1.004     7.52470     5.45205     0.87022
   105  H   1.0   0.081   0.999    10.72911     8.55271     4.56180
   106  H   1.0   0.082   0.999     7.38599     8.37319     4.55575
   107  H   1.0   0.082   0.999     8.98962     9.78916     1.99139
   108  H   1.0   0.076   1.009     4.75568    -1.11116     8.01489
   109  H   1.0   0.076   1.009     3.43231    -4.71808     9.76251
   110  H   1.0   0.074   1.010     4.85867    -7.66794    14.52235
   111  H   1.0   0.076   1.006     1.87650    -7.88242     7.65528
   112  H   1.0   0.082   1.004    -6.53600   -11.52317     0.68257
   113  H   1.0   0.082   1.004    -3.51924   -10.43563    -0.39514
   114  H   1.0   0.082   0.999    -6.89807    -7.92740    -2.39334
   115  H   1.0   0.083   1.001    -5.15593    -5.99950    -0.30651
   116  H   1.0   0.083   1.000    -8.19234    -7.15450     0.57145
   117  H   1.0   0.077   1.007    -6.72837   -10.38990    10.75141
   118  H   1.0   0.074   1.006    -5.85116    -9.12738    17.62056
   119  H   1.0   0.074   1.005    -9.38740    -6.86311    15.82249
   120  H   1.0   0.076   1.005   -12.04644    -8.09445    11.98974
   121  H   1.0   0.082   1.003   -17.45823   -11.58496     4.18310
   122  H   1.0   0.082   1.003   -16.11955   -10.28181     1.36344
   123  H   1.0   0.082   0.999   -20.65376    -9.03308     1.82718
   124  H   1.0   0.081   0.999   -19.96873    -7.63582     4.78290
   125  H   1.0   0.081   0.999   -18.64971    -6.36516     1.98081
   126  H   1.0   0.077   1.007    -8.73299    -4.00452     4.10543
   127  H   1.0   0.074   1.019    -1.97911    -2.29980     7.85030
   128  H   1.0   0.077   1.008    -5.48606    -2.56700     3.26564
   129  H   1.0   0.076   1.005    -5.20204    -1.26158    -0.88194
   130  H   1.0   0.083   1.004    -5.33356    -0.13625   -10.83588
   131  H   1.0   0.082   1.003    -2.53204    -1.58454   -12.04870
   132  H   1.0   0.082   0.999    -2.90602     2.85500   -13.56842
   133  H   1.0   0.082   0.999    -2.97689     3.94631   -10.41258
   134  H   1.0   0.082   1.000    -0.22166     2.47157   -11.62389
   135  H   1.0   0.078   1.009     3.68156    -2.65185    -3.85542
   136  H   1.0   0.074   1.010     6.65788    -2.93267     2.89506
   137  H   1.0   0.073   1.009     9.16404    -0.98852    -0.20277
   138  H   1.0   0.079   1.010     2.84706     2.70174     1.20016
   139  H   1.0   0.081   1.000    -3.44157     4.01812     0.21146
   140  H   1.0   0.081   0.999    -2.06660     7.03450     0.47451
   141  H   1.0   0.082   1.000    -0.99645     4.54555     2.43718
   142  H   1.0   0.075   1.005    -2.04620     5.70338    -4.46013
   143  H   1.0   0.077   1.008     1.09207     4.85811    -7.75373
   144  H   1.0   0.076   1.006     4.36659     7.66189    -8.26113
   145  H   1.0   0.082   1.003     0.11527    15.32908   -13.40402
   146  H   1.0   0.082   1.003     0.25833    14.53804   -16.69082
   147  H   1.0   0.081   0.999     4.61736    16.69422   -13.55217
   148  H   1.0   0.081   0.999     4.76041    15.91905   -16.80552
   149  H   1.0   0.081   0.999     2.79679    18.41330   -15.76409
   150  H   1.0   0.076   1.006     4.57370     5.43126   -17.48280
   151  H   1.0   0.073   1.009     7.28414    -1.55562   -16.20837
   152  H   1.0   0.074   1.002     7.86636     3.57272   -18.82677
   153  H   1.0   0.073   1.001     8.30005     0.42443   -20.18057
 
  Z AO/shell   Hii/eV     exponent
  1     Sat Feb 20 21:38:01 CET 2016    EN: 2.327 GAM: 0.473  GM3: 0.0000
     1s    -13.751157    1.051071
  6     Sat Feb 20 21:38:01 CET 2016    EN: 2.731 GAM: 0.422  GM3: 0.0000
     2s    -19.378245    2.021003
     2p    -11.993376    1.497917
  7     Sat Feb 20 21:38:01 CET 2016    EN: 3.573 GAM: 0.504  GM3: 0.0000
     2s    -21.576984    2.275442
     2p    -16.125120    2.056788
  8     Sat Feb 20 21:38:01 CET 2016    EN: 3.700 GAM: 0.587  GM3: 0.0000
     2s    -21.648843    2.110798
     2p    -17.239740    2.329048
 16     Sat Feb 20 23:13:41 CET 2016    EN: 1.915 GAM: 0.389  GM3: 0.0000
     3s    -22.000000    2.671470
     3p    -15.834192    1.836978
     3d     -2.593599    1.836978
 
 dipole moment of classical point charges (au)
     X       Y       Z   
   1.7235  -1.1275   2.3924  total (Debye):    8.024

 
 Nbf   :          489
 T(el) :   300.0
 calculating S/T integrals ...
 cpu time for ints   0.726442000000000     
 Nao   :          483
 making H0...
 making H1...
 cpu time for H      0.519721000000000     
 solving ...
 cpu time for diag   0.256763000000000     
 
 gap (eV)           :   1.537
 Koopmans IP (eV)   :  11.461
 Eel (Eh)           :  -382.823520
 T,E(Fermi),NFOD :    300.000   -10.693  0.000000
 T,E(Fermi),NFOD :    300.000   -10.693  0.000000
 Nfod               :  0.0000
 Nfod/Nel           :  0.0000

          eigenvalues
 #    :         233        234        235        236        237        238        239        240
 occ. :        2.000      2.000      2.000      2.000      2.000      2.000      2.000      2.000
 eps  :       -15.331    -15.096    -15.060    -15.013    -14.952    -14.874    -14.843    -13.665
 #    :         241        242        243        244        245        246        247        248
 occ. :        2.000      2.000      2.000      2.000      2.000      0.000      0.000      0.000
 eps  :       -13.454    -13.250    -12.274    -11.963    -11.462     -9.925     -9.539     -9.323
 #    :         249        250        251        252        253        254        255        256
 occ. :        0.000      0.000      0.000      0.000      0.000      0.000      0.000      0.000
 eps  :        -8.882     -8.797     -8.712     -8.642     -8.636     -8.317     -8.145     -8.048
                            1  SCC done.
 making H1...
 cpu time for H      0.690243000000000     
 solving ...
 cpu time for diag   0.138729000000000     
 
 gap (eV)           :   1.582
 Koopmans IP (eV)   :  11.632
 Eel (Eh)           :  -380.047884
 T,E(Fermi),NFOD :    300.000   -10.841  0.000000
 T,E(Fermi),NFOD :    300.000   -10.841  0.000000
 Nfod               :  0.0000
 Nfod/Nel           :  0.0000

          eigenvalues
 #    :         233        234        235        236        237        238        239        240
 occ. :        2.000      2.000      2.000      2.000      2.000      2.000      2.000      2.000
 eps  :       -14.496    -14.417    -14.410    -14.403    -14.335    -14.321    -14.298    -13.977
 #    :         241        242        243        244        245        246        247        248
 occ. :        2.000      2.000      2.000      2.000      2.000      0.000      0.000      0.000
 eps  :       -13.695    -13.422    -12.546    -12.209    -11.633    -10.051     -9.751     -9.317
 #    :         249        250        251        252        253        254        255        256
 occ. :        0.000      0.000      0.000      0.000      0.000      0.000      0.000      0.000
 eps  :        -8.877     -8.678     -8.530     -8.469     -8.392     -8.335     -8.166     -8.028
                            2  SCC done.
 
 
 Mulliken/CM5 charges    n(s)   n(p)   n(d)   
    1 C  -0.0711 -0.1072   1.142  2.930  0.000
    2 S   0.1708  0.1313   1.875  3.889  0.065
    3 C  -0.0323 -0.0241   1.169  2.863  0.000
    4 C  -0.0295 -0.0323   1.169  2.861  0.000
    5 C  -0.0184 -0.0231   1.163  2.856  0.000
    6 C  -0.0186 -0.0678   1.151  2.867  0.000
    7 C  -0.0147 -0.0096   1.173  2.842  0.000
    8 C   0.1933  0.2940   1.174  2.633  0.000
    9 O  -0.2624 -0.3045   1.627  4.635  0.000
   10 N  -0.1293 -0.3818   1.281  3.848  0.000
   11 C   0.0281 -0.0186   1.146  2.826  0.000
   12 C  -0.0812 -0.2273   1.092  2.989  0.000
   13 C   0.1906  0.2913   1.172  2.637  0.000
   14 O  -0.2672 -0.3202   1.624  4.644  0.000
   15 C  -0.0186 -0.0140   1.172  2.847  0.000
   16 C  -0.0202 -0.0701   1.151  2.869  0.000
   17 C  -0.0354 -0.0885   1.132  2.903  0.000
   18 C  -0.0356 -0.0871   1.132  2.904  0.000
   19 C  -0.0222 -0.0137   1.173  2.849  0.000
   20 S   0.1552  0.1195   1.883  3.904  0.057
   21 C  -0.0451 -0.0350   1.182  2.863  0.000
   22 C  -0.0271 -0.0283   1.173  2.854  0.000
   23 C  -0.0264 -0.0286   1.171  2.855  0.000
   24 C  -0.0200 -0.0696   1.153  2.867  0.000
   25 C  -0.0193 -0.0142   1.174  2.846  0.000
   26 C   0.1902  0.2913   1.174  2.636  0.000
   27 O  -0.2718 -0.3150   1.628  4.644  0.000
   28 N  -0.1291 -0.3802   1.281  3.848  0.000
   29 C   0.0289 -0.0180   1.146  2.825  0.000
   30 C  -0.0853 -0.2321   1.093  2.992  0.000
   31 C   0.1915  0.2928   1.173  2.636  0.000
   32 O  -0.2589 -0.3022   1.627  4.632  0.000
   33 C  -0.0155 -0.0101   1.174  2.841  0.000
   34 C  -0.0238 -0.0723   1.155  2.869  0.000
   35 C  -0.0262 -0.0782   1.139  2.887  0.000
   36 C  -0.0252 -0.0779   1.138  2.888  0.000
   37 C  -0.0634 -0.0546   1.184  2.879  0.000
   38 S   0.1229  0.0846   1.885  3.939  0.054
   39 C  -0.0186 -0.0104   1.177  2.842  0.000
   40 C  -0.0266 -0.0287   1.170  2.856  0.000
   41 C  -0.0174 -0.0203   1.172  2.846  0.000
   42 C  -0.0273 -0.0765   1.151  2.876  0.000
   43 C  -0.0042  0.0012   1.171  2.833  0.000
   44 C   0.1961  0.2976   1.173  2.631  0.000
   45 O  -0.2697 -0.3117   1.628  4.642  0.000
   46 N  -0.1238 -0.3753   1.278  3.845  0.000
   47 C   0.0292 -0.0173   1.145  2.826  0.000
   48 C  -0.0824 -0.2284   1.092  2.990  0.000
   49 C   0.1944  0.2955   1.171  2.634  0.000
   50 O  -0.2680 -0.3138   1.627  4.641  0.000
   51 C  -0.0116 -0.0062   1.171  2.841  0.000
   52 C  -0.0172 -0.0669   1.151  2.866  0.000
   53 C  -0.0481 -0.0986   1.133  2.915  0.000
   54 C  -0.0292 -0.0828   1.132  2.898  0.000
   55 C  -0.0221 -0.0143   1.172  2.850  0.000
   56 S   0.1336  0.0919   1.882  3.933  0.052
   57 C  -0.0131 -0.0049   1.178  2.835  0.000
   58 C  -0.0168 -0.0192   1.167  2.850  0.000
   59 C  -0.0107 -0.0140   1.168  2.842  0.000
   60 C  -0.0157 -0.0664   1.151  2.865  0.000
   61 C  -0.0134 -0.0086   1.172  2.842  0.000
   62 C   0.1916  0.2919   1.174  2.634  0.000
   63 O  -0.2642 -0.3068   1.627  4.637  0.000
   64 N  -0.1319 -0.3830   1.281  3.851  0.000
   65 C   0.0277 -0.0188   1.145  2.827  0.000
   66 C  -0.0832 -0.2296   1.093  2.990  0.000
   67 C   0.1906  0.2919   1.174  2.635  0.000
   68 O  -0.2817 -0.3259   1.629  4.653  0.000
   69 C  -0.0158 -0.0105   1.172  2.844  0.000
   70 C  -0.0131 -0.0619   1.154  2.859  0.000
   71 C  -0.0424 -0.0946   1.133  2.910  0.000
   72 C  -0.0301 -0.0820   1.137  2.893  0.000
   73 C  -0.0398 -0.0327   1.177  2.862  0.000
   74 S   0.1307  0.0947   1.886  3.927  0.057
   75 C  -0.0271 -0.0133   1.168  2.859  0.000
   76 C  -0.0321 -0.0348   1.172  2.860  0.000
   77 C  -0.0292 -0.0324   1.172  2.857  0.000
   78 C  -0.0616 -0.1128   1.148  2.914  0.000
   79 C   0.0049 -0.0132   1.179  2.816  0.000
   80 C  -0.0808 -0.2265   1.079  3.002  0.000
   81 C  -0.0412 -0.0956   1.137  2.904  0.000
   82 C  -0.0387 -0.0928   1.143  2.895  0.000
   83 C  -0.0233 -0.0093   1.169  2.854  0.000
   84 S   0.1679  0.1325   1.882  3.894  0.056
   85 C  -0.0318 -0.0231   1.178  2.854  0.000
   86 C  -0.0229 -0.0253   1.168  2.855  0.000
   87 C  -0.0239 -0.0266   1.171  2.853  0.000
   88 C  -0.0201 -0.0703   1.153  2.867  0.000
   89 C  -0.0198 -0.0147   1.171  2.849  0.000
   90 C   0.1898  0.2907   1.174  2.637  0.000
   91 O  -0.2719 -0.3138   1.628  4.644  0.000
   92 N  -0.1310 -0.3814   1.281  3.850  0.000
   93 C   0.0283 -0.0182   1.145  2.827  0.000
   94 C  -0.0823 -0.2283   1.092  2.990  0.000
   95 C   0.1905  0.2915   1.174  2.636  0.000
   96 O  -0.2714 -0.3134   1.628  4.644  0.000
   97 C  -0.0200 -0.0148   1.172  2.848  0.000
   98 C  -0.0191 -0.0687   1.153  2.866  0.000
   99 C  -0.0184 -0.0739   1.130  2.888  0.000
  100 C  -0.0784 -0.1823   1.115  2.963  0.000
  101 H   0.0630  0.1214   0.937  0.000  0.000
  102 H   0.0535  0.1121   0.946  0.000  0.000
  103 H   0.0495  0.1193   0.950  0.000  0.000
  104 H   0.0507  0.1209   0.949  0.000  0.000
  105 H   0.0310  0.0862   0.969  0.000  0.000
  106 H   0.0322  0.0881   0.968  0.000  0.000
  107 H   0.0413  0.0936   0.959  0.000  0.000
  108 H   0.0544  0.1163   0.946  0.000  0.000
  109 H   0.0494  0.1108   0.951  0.000  0.000
  110 H   0.0459  0.1059   0.954  0.000  0.000
  111 H   0.0556  0.1164   0.944  0.000  0.000
  112 H   0.0505  0.1199   0.950  0.000  0.000
  113 H   0.0482  0.1177   0.952  0.000  0.000
  114 H   0.0426  0.0952   0.957  0.000  0.000
  115 H   0.0307  0.0885   0.969  0.000  0.000
  116 H   0.0370  0.0963   0.963  0.000  0.000
  117 H   0.0569  0.1193   0.943  0.000  0.000
  118 H   0.0576  0.1151   0.942  0.000  0.000
  119 H   0.0588  0.1161   0.941  0.000  0.000
  120 H   0.0512  0.1107   0.949  0.000  0.000
  121 H   0.0489  0.1185   0.951  0.000  0.000
  122 H   0.0499  0.1190   0.950  0.000  0.000
  123 H   0.0395  0.0918   0.961  0.000  0.000
  124 H   0.0308  0.0862   0.969  0.000  0.000
  125 H   0.0324  0.0879   0.968  0.000  0.000
  126 H   0.0587  0.1200   0.941  0.000  0.000
  127 H   0.0411  0.1047   0.959  0.000  0.000
  128 H   0.0516  0.1126   0.948  0.000  0.000
  129 H   0.0538  0.1132   0.946  0.000  0.000
  130 H   0.0510  0.1218   0.949  0.000  0.000
  131 H   0.0463  0.1138   0.954  0.000  0.000
  132 H   0.0404  0.0927   0.960  0.000  0.000
  133 H   0.0315  0.0867   0.968  0.000  0.000
  134 H   0.0332  0.0915   0.967  0.000  0.000
  135 H   0.0563  0.1205   0.944  0.000  0.000
  136 H   0.0488  0.1095   0.951  0.000  0.000
  137 H   0.0512  0.1107   0.949  0.000  0.000
  138 H   0.0470  0.1189   0.953  0.000  0.000
  139 H   0.0420  0.0952   0.958  0.000  0.000
  140 H   0.0429  0.0954   0.957  0.000  0.000
  141 H   0.0400  0.0939   0.960  0.000  0.000
  142 H   0.0410  0.0990   0.959  0.000  0.000
  143 H   0.0497  0.1117   0.950  0.000  0.000
  144 H   0.0565  0.1175   0.944  0.000  0.000
  145 H   0.0491  0.1181   0.951  0.000  0.000
  146 H   0.0494  0.1189   0.951  0.000  0.000
  147 H   0.0320  0.0877   0.968  0.000  0.000
  148 H   0.0315  0.0869   0.969  0.000  0.000
  149 H   0.0395  0.0918   0.961  0.000  0.000
  150 H   0.0569  0.1171   0.943  0.000  0.000
  151 H   0.0450  0.1033   0.955  0.000  0.000
  152 H   0.0371  0.0924   0.963  0.000  0.000
  153 H   0.0452  0.0988   0.955  0.000  0.000
 Hirshfeld charges for QMDFF written to <charges>
 
 Loewdin charges    n(s)   n(p)   n(d)
    1 C  -0.0434   1.086  2.958  0.000
    2 S   0.1344   1.860  3.883  0.123
    3 C  -0.0086   1.124  2.885  0.000
    4 C  -0.0283   1.128  2.900  0.000
    5 C  -0.0150   1.120  2.894  0.000
    6 C  -0.0112   1.097  2.914  0.000
    7 C  -0.0180   1.133  2.885  0.000
    8 C   0.1735   1.146  2.680  0.000
    9 O  -0.2478   1.596  4.652  0.000
   10 N  -0.0952   1.244  3.851  0.000
   11 C   0.0303   1.088  2.881  0.000
   12 C  -0.0830   1.019  3.064  0.000
   13 C   0.1711   1.144  2.684  0.000
   14 O  -0.2520   1.593  4.659  0.000
   15 C  -0.0219   1.132  2.890  0.000
   16 C  -0.0137   1.098  2.916  0.000
   17 C  -0.0322   1.080  2.952  0.000
   18 C  -0.0311   1.079  2.952  0.000
   19 C   0.0022   1.128  2.870  0.000
   20 S   0.1184   1.869  3.900  0.112
   21 C  -0.0211   1.137  2.884  0.000
   22 C  -0.0251   1.132  2.893  0.000
   23 C  -0.0257   1.130  2.895  0.000
   24 C  -0.0137   1.099  2.914  0.000
   25 C  -0.0226   1.133  2.889  0.000
   26 C   0.1707   1.146  2.683  0.000
   27 O  -0.2575   1.598  4.660  0.000
   28 N  -0.0950   1.244  3.851  0.000
   29 C   0.0315   1.088  2.880  0.000
   30 C  -0.0886   1.021  3.068  0.000
   31 C   0.1719   1.145  2.683  0.000
   32 O  -0.2448   1.597  4.648  0.000
   33 C  -0.0187   1.134  2.885  0.000
   34 C  -0.0168   1.101  2.916  0.000
   35 C  -0.0204   1.086  2.935  0.000
   36 C  -0.0199   1.085  2.935  0.000
   37 C  -0.0386   1.139  2.900  0.000
   38 S   0.0860   1.871  3.935  0.108
   39 C   0.0048   1.131  2.864  0.000
   40 C  -0.0257   1.129  2.896  0.000
   41 C  -0.0159   1.131  2.885  0.000
   42 C  -0.0203   1.098  2.923  0.000
   43 C  -0.0080   1.131  2.877  0.000
   44 C   0.1761   1.145  2.679  0.000
   45 O  -0.2549   1.597  4.658  0.000
   46 N  -0.0898   1.241  3.848  0.000
   47 C   0.0315   1.087  2.881  0.000
   48 C  -0.0842   1.019  3.065  0.000
   49 C   0.1745   1.144  2.682  0.000
   50 O  -0.2534   1.596  4.657  0.000
   51 C  -0.0156   1.131  2.885  0.000
   52 C  -0.0121   1.098  2.914  0.000
   53 C  -0.0437   1.081  2.963  0.000
   54 C  -0.0274   1.080  2.948  0.000
   55 C   0.0018   1.126  2.872  0.000
   56 S   0.0963   1.867  3.929  0.107
   57 C   0.0108   1.132  2.857  0.000
   58 C  -0.0163   1.126  2.890  0.000
   59 C  -0.0093   1.127  2.882  0.000
   60 C  -0.0092   1.097  2.912  0.000
   61 C  -0.0170   1.132  2.885  0.000
   62 C   0.1721   1.146  2.682  0.000
   63 O  -0.2494   1.596  4.653  0.000
   64 N  -0.0980   1.244  3.854  0.000
   65 C   0.0301   1.088  2.882  0.000
   66 C  -0.0855   1.020  3.066  0.000
   67 C   0.1712   1.146  2.682  0.000
   68 O  -0.2671   1.599  4.668  0.000
   69 C  -0.0190   1.132  2.887  0.000
   70 C  -0.0067   1.100  2.906  0.000
   71 C  -0.0396   1.081  2.959  0.000
   72 C  -0.0243   1.085  2.940  0.000
   73 C  -0.0180   1.133  2.885  0.000
   74 S   0.0950   1.872  3.922  0.111
   75 C  -0.0069   1.124  2.883  0.000
   76 C  -0.0307   1.131  2.900  0.000
   77 C  -0.0262   1.130  2.896  0.000
   78 C  -0.0619   1.097  2.965  0.000
   79 C   0.0153   1.134  2.850  0.000
   80 C  -0.0828   1.005  3.078  0.000
   81 C  -0.0372   1.084  2.953  0.000
   82 C  -0.0336   1.090  2.944  0.000
   83 C  -0.0023   1.125  2.877  0.000
   84 S   0.1307   1.868  3.890  0.111
   85 C  -0.0087   1.132  2.876  0.000
   86 C  -0.0218   1.127  2.894  0.000
   87 C  -0.0230   1.130  2.892  0.000
   88 C  -0.0130   1.099  2.914  0.000
   89 C  -0.0236   1.131  2.892  0.000
   90 C   0.1703   1.146  2.684  0.000
   91 O  -0.2575   1.597  4.660  0.000
   92 N  -0.0971   1.244  3.853  0.000
   93 C   0.0307   1.087  2.882  0.000
   94 C  -0.0841   1.019  3.065  0.000
   95 C   0.1710   1.146  2.683  0.000
   96 O  -0.2568   1.597  4.660  0.000
   97 C  -0.0232   1.132  2.891  0.000
   98 C  -0.0127   1.099  2.914  0.000
   99 C  -0.0084   1.074  2.934  0.000
  100 C  -0.0753   1.050  3.025  0.000
  101 H   0.0516   0.948  0.000  0.000
  102 H   0.0428   0.957  0.000  0.000
  103 H   0.0430   0.957  0.000  0.000
  104 H   0.0442   0.956  0.000  0.000
  105 H   0.0304   0.970  0.000  0.000
  106 H   0.0315   0.969  0.000  0.000
  107 H   0.0409   0.959  0.000  0.000
  108 H   0.0450   0.955  0.000  0.000
  109 H   0.0416   0.958  0.000  0.000
  110 H   0.0370   0.963  0.000  0.000
  111 H   0.0456   0.954  0.000  0.000
  112 H   0.0437   0.956  0.000  0.000
  113 H   0.0419   0.958  0.000  0.000
  114 H   0.0421   0.958  0.000  0.000
  115 H   0.0310   0.969  0.000  0.000
  116 H   0.0358   0.964  0.000  0.000
  117 H   0.0460   0.954  0.000  0.000
  118 H   0.0479   0.952  0.000  0.000
  119 H   0.0493   0.951  0.000  0.000
  120 H   0.0412   0.959  0.000  0.000
  121 H   0.0425   0.957  0.000  0.000
  122 H   0.0433   0.957  0.000  0.000
  123 H   0.0394   0.961  0.000  0.000
  124 H   0.0303   0.970  0.000  0.000
  125 H   0.0316   0.968  0.000  0.000
  126 H   0.0496   0.950  0.000  0.000
  127 H   0.0335   0.966  0.000  0.000
  128 H   0.0444   0.956  0.000  0.000
  129 H   0.0442   0.956  0.000  0.000
  130 H   0.0442   0.956  0.000  0.000
  131 H   0.0402   0.960  0.000  0.000
  132 H   0.0401   0.960  0.000  0.000
  133 H   0.0311   0.969  0.000  0.000
  134 H   0.0327   0.967  0.000  0.000
  135 H   0.0458   0.954  0.000  0.000
  136 H   0.0411   0.959  0.000  0.000
  137 H   0.0427   0.957  0.000  0.000
  138 H   0.0385   0.961  0.000  0.000
  139 H   0.0412   0.959  0.000  0.000
  140 H   0.0418   0.958  0.000  0.000
  141 H   0.0392   0.961  0.000  0.000
  142 H   0.0334   0.967  0.000  0.000
  143 H   0.0419   0.958  0.000  0.000
  144 H   0.0461   0.954  0.000  0.000
  145 H   0.0426   0.957  0.000  0.000
  146 H   0.0428   0.957  0.000  0.000
  147 H   0.0313   0.969  0.000  0.000
  148 H   0.0308   0.969  0.000  0.000
  149 H   0.0394   0.961  0.000  0.000
  150 H   0.0468   0.953  0.000  0.000
  151 H   0.0361   0.964  0.000  0.000
  152 H   0.0334   0.967  0.000  0.000
  153 H   0.0407   0.959  0.000  0.000
 
 Wiberg/Mayer (AO) data. WBOs > 0.1 written file <wbo>
 largest (>0.05) Wiberg bond orders for each atom
           total WBO             WBO to atom ...
     1  C   3.899    C    5 1.448    S    2 1.244    H  101 0.950    C    3 0.106    C    7 0.059
     2  S   2.667    C    1 1.244    C    3 1.147    C    5 0.051
     3  C   3.922    C    4 1.321    C   17 1.191    S    2 1.147    C    1 0.106    C   15 0.055
     4  C   3.927    C    3 1.321    C   16 1.237    C    5 1.124    C   18 0.057
     5  C   3.953    C    1 1.448    C    6 1.192    C    4 1.124    S    2 0.051
     6  C   3.958    C    7 1.557    C    5 1.192    H  102 0.941    C   16 0.084
     7  C   3.953    C    6 1.557    C   15 1.149    C    8 0.981    O    9 0.059    C    1 0.059
     8  C   3.909    O    9 1.793    N   10 1.038    C    7 0.981
     9  O   2.136    C    8 1.793    N   10 0.150    C    7 0.059
    10  N   3.464    C   13 1.044    C    8 1.038    C   11 0.949    O    9 0.150    O   14 0.149
    11  C   3.937    C   12 1.005    H  103 0.970    H  104 0.968    N   10 0.949
    12  C   3.983    C   11 1.005    H  105 0.984    H  106 0.984    H  107 0.975
    13  C   3.907    O   14 1.769    N   10 1.044    C   15 0.994
    14  O   2.128    C   13 1.769    N   10 0.149    C   15 0.058
    15  C   3.926    C   16 1.525    C    7 1.149    C   13 0.994    O   14 0.058    C    3 0.055
    16  C   3.964    C   15 1.525    C    4 1.237    H  108 0.937    C    6 0.084
    17  C   3.949    C   18 1.638    C    3 1.191    H  109 0.931
    18  C   3.939    C   17 1.638    C   19 1.165    H  110 0.935    C    4 0.057
    19  C   3.914    C   23 1.323    C   18 1.165    S   20 1.151    C   21 0.101    C   25 0.052
    20  S   2.613    C   21 1.158    C   19 1.151
    21  C   3.882    C   22 1.352    S   20 1.158    C   35 1.095    C   19 0.101    C   33 0.055
    22  C   3.947    C   21 1.352    C   34 1.211    C   23 1.138
    23  C   3.930    C   19 1.323    C   24 1.227    C   22 1.138
    24  C   3.964    C   25 1.529    C   23 1.227    H  111 0.937    C   34 0.085
    25  C   3.942    C   24 1.529    C   33 1.154    C   26 0.988    O   27 0.059    C   19 0.052
    26  C   3.908    O   27 1.779    N   28 1.043    C   25 0.988
    27  O   2.121    C   26 1.779    N   28 0.150    C   25 0.059
    28  N   3.465    C   26 1.043    C   31 1.041    C   29 0.946    O   32 0.150    O   27 0.150
    29  C   3.936    C   30 1.006    H  113 0.970    H  112 0.970    N   28 0.946
    30  C   3.982    C   29 1.006    H  116 0.981    H  115 0.980    H  114 0.975
    31  C   3.910    O   32 1.790    N   28 1.041    C   33 0.982
    32  O   2.134    C   31 1.790    N   28 0.150    C   33 0.059
    33  C   3.952    C   34 1.542    C   25 1.154    C   31 0.982    O   32 0.059    C   21 0.055
    34  C   3.960    C   33 1.542    C   22 1.211    H  117 0.939    C   24 0.085
    35  C   3.928    C   36 1.753    C   21 1.095    H  118 0.933
    36  C   3.939    C   35 1.753    C   37 1.081    H  119 0.930
    37  C   3.854    C   41 1.361    S   38 1.145    C   36 1.081    C   39 0.086    C   43 0.054
    38  S   2.563    C   37 1.145    C   39 1.117
    39  C   3.910    C   40 1.288    C   53 1.249    S   38 1.117    C   37 0.086
    40  C   3.912    C   39 1.288    C   52 1.249    C   41 1.133
    41  C   3.944    C   37 1.361    C   42 1.209    C   40 1.133
    42  C   3.955    C   43 1.543    C   41 1.209    H  120 0.941    C   52 0.084
    43  C   3.941    C   42 1.543    C   51 1.160    C   44 0.979    O   45 0.058    C   37 0.054
    44  C   3.908    O   45 1.787    N   46 1.046    C   43 0.979
    45  O   2.128    C   44 1.787    N   46 0.151    C   43 0.058
    46  N   3.467    C   44 1.046    C   49 1.038    C   47 0.951    O   45 0.151    O   50 0.147
    47  C   3.939    C   48 1.005    H  121 0.970    H  122 0.970    N   46 0.951
    48  C   3.983    C   47 1.005    H  124 0.984    H  125 0.984    H  123 0.976
    49  C   3.905    O   50 1.780    N   46 1.038    C   51 0.990
    50  O   2.122    C   49 1.780    N   46 0.147    C   51 0.058
    51  C   3.931    C   52 1.513    C   43 1.160    C   49 0.990    O   50 0.058
    52  C   3.962    C   51 1.513    C   40 1.249    H  126 0.934    C   42 0.084
    53  C   3.914    C   54 1.537    C   39 1.249    H  127 0.936    C   59 0.051
    54  C   3.942    C   53 1.537    C   55 1.257    H  128 0.929
    55  C   3.905    C   59 1.272    C   54 1.257    S   56 1.119    C   57 0.076
    56  S   2.572    C   57 1.139    C   55 1.119
    57  C   3.872    C   58 1.301    C   71 1.175    S   56 1.139    C   55 0.076
    58  C   3.944    C   57 1.301    C   70 1.227    C   59 1.157
    59  C   3.917    C   55 1.272    C   60 1.247    C   58 1.157    C   53 0.051
    60  C   3.960    C   61 1.509    C   59 1.247    H  129 0.940    C   70 0.082
    61  C   3.923    C   60 1.509    C   69 1.165    C   62 0.991    O   63 0.058
    62  C   3.905    O   63 1.788    N   64 1.029    C   61 0.991
    63  O   2.129    C   62 1.788    N   64 0.148    C   61 0.058
    64  N   3.460    C   67 1.049    C   62 1.029    C   65 0.950    O   68 0.149    O   63 0.148
    65  C   3.939    C   66 1.006    H  131 0.971    H  130 0.970    N   64 0.950
    66  C   3.983    C   65 1.006    H  133 0.984    H  134 0.982    H  132 0.975
    67  C   3.907    O   68 1.770    N   64 1.049    C   69 0.989
    68  O   2.114    C   67 1.770    N   64 0.149    C   69 0.058
    69  C   3.950    C   70 1.521    C   61 1.165    C   67 0.989    O   68 0.058
    70  C   3.957    C   69 1.521    C   58 1.227    H  135 0.937    C   60 0.082
    71  C   3.937    C   72 1.629    C   57 1.175    H  136 0.934
    72  C   3.922    C   71 1.629    C   73 1.169    H  137 0.936
    73  C   3.894    C   77 1.309    C   72 1.169    S   74 1.128    C   75 0.103
    74  S   2.598    C   75 1.152    C   73 1.128
    75  C   3.912    C   76 1.306    C   83 1.157    S   74 1.152    C   73 0.103    C   81 0.051
    76  C   3.942    C   75 1.306    C   82 1.225    C   77 1.159
    77  C   3.946    C   73 1.309    C   78 1.224    C   76 1.159
    78  C   3.958    C   79 1.544    C   77 1.224    H  138 0.929    C   82 0.106
    79  C   3.949    C   78 1.544    C   81 1.235    C   80 0.993
    80  C   3.984    C   79 0.993    H  141 0.978    H  140 0.972    H  139 0.970
    81  C   3.959    C   82 1.587    C   79 1.235    H  142 0.944    C   75 0.051
    82  C   3.963    C   81 1.587    C   76 1.225    H  143 0.936    C   78 0.106
    83  C   3.921    C   87 1.325    C   75 1.157    S   84 1.150    C   85 0.095    C   89 0.053
    84  S   2.631    C   85 1.164    C   83 1.150
    85  C   3.881    C   86 1.349    S   84 1.164    C   99 1.109    C   83 0.095    C   97 0.054
    86  C   3.951    C   85 1.349    C   98 1.217    C   87 1.132
    87  C   3.938    C   83 1.325    C   88 1.228    C   86 1.132
    88  C   3.963    C   89 1.527    C   87 1.228    H  144 0.938    C   98 0.083
    89  C   3.936    C   88 1.527    C   97 1.152    C   90 0.991    O   91 0.059    C   83 0.053
    90  C   3.906    O   91 1.780    N   92 1.037    C   89 0.991
    91  O   2.119    C   90 1.780    N   92 0.149    C   89 0.059
    92  N   3.462    C   95 1.040    C   90 1.037    C   93 0.951    O   96 0.150    O   91 0.149
    93  C   3.939    C   94 1.005    H  145 0.970    H  146 0.970    N   92 0.951
    94  C   3.983    C   93 1.005    H  148 0.984    H  147 0.984    H  149 0.976
    95  C   3.908    O   96 1.782    N   92 1.040    C   97 0.988
    96  O   2.123    C   95 1.782    N   92 0.150    C   97 0.059
    97  C   3.953    C   98 1.538    C   89 1.152    C   95 0.988    O   96 0.059    C   85 0.054
    98  C   3.959    C   97 1.538    C   86 1.217    H  150 0.937    C   88 0.083
    99  C   3.970    C  100 1.869    C   85 1.109    H  151 0.938
   100  C   3.946    C   99 1.869    H  153 0.960    H  152 0.960
   101  H   0.994    C    1 0.950
   102  H   0.994    C    6 0.941
   103  H   0.997    C   11 0.970
   104  H   0.997    C   11 0.968
   105  H   0.999    C   12 0.984
   106  H   0.999    C   12 0.984
   107  H   0.997    C   12 0.975
   108  H   0.994    C   16 0.937
   109  H   0.997    C   17 0.931
   110  H   0.994    C   18 0.935
   111  H   0.993    C   24 0.937
   112  H   0.996    C   29 0.970
   113  H   0.997    C   29 0.970
   114  H   0.997    C   30 0.975
   115  H   0.999    C   30 0.980
   116  H   0.999    C   30 0.981
   117  H   0.993    C   34 0.939
   118  H   0.989    C   35 0.933
   119  H   0.991    C   36 0.930
   120  H   0.993    C   42 0.941
   121  H   0.997    C   47 0.970
   122  H   0.997    C   47 0.970
   123  H   0.997    C   48 0.976
   124  H   0.999    C   48 0.984
   125  H   0.999    C   48 0.984
   126  H   0.993    C   52 0.934
   127  H   0.995    C   53 0.936
   128  H   0.996    C   54 0.929
   129  H   0.993    C   60 0.940
   130  H   0.997    C   65 0.970
   131  H   0.997    C   65 0.971
   132  H   0.997    C   66 0.975
   133  H   0.999    C   66 0.984
   134  H   0.999    C   66 0.982
   135  H   0.993    C   70 0.937
   136  H   0.991    C   71 0.934
   137  H   0.992    C   72 0.936
   138  H   0.996    C   78 0.929
   139  H   0.995    C   80 0.970
   140  H   0.995    C   80 0.972
   141  H   0.997    C   80 0.978
   142  H   0.996    C   81 0.944
   143  H   0.995    C   82 0.936
   144  H   0.993    C   88 0.938
   145  H   0.997    C   93 0.970
   146  H   0.997    C   93 0.970
   147  H   0.999    C   94 0.984
   148  H   0.999    C   94 0.984
   149  H   0.997    C   94 0.976
   150  H   0.993    C   98 0.937
   151  H   0.995    C   99 0.938
   152  H   0.999    C  100 0.960
   153  H   0.995    C  100 0.960
 
 --------------------------------------------
          xTB calculation for sTDA...
 --------------------------------------------
 
 reading parameter file /ihome/ghutchison/blp62/xtb4stda/.param_stda2.xtb
 
      method parameters     
 k(s)        :  1.6000
 k(p)        :  2.1800
 k(d)        :  1.9500
 k(f)        :  2.0000
 k(R-V)      :  2.2750
 k(R-R)      :  1.7650
 Tscal       :  0.2580
 Gscal       :  1.0000
 fpol        :  1.0000
 Zcnf        :  0.3430
 Zqf         :  0.0000
 kcn         :  2.7000
 Ryd Hsplit  :  0.7000
 lshift(virt):  3.1000
 lshift(OS)  :  0.2000
 wllscaling  :  2.6000
 
 mowrcut     : 3.000
 
  Z AO/shell   Hii/eV     exponent
  1     Sun Feb 14 09:53:25 CET 2016    EN: 2.327 GAM: 0.473  GM3: 0.0000
     1s    -14.339618    1.220000
     2sp    -3.348946    0.600000
  6     Sun Feb 14 09:53:25 CET 2016    EN: 2.731 GAM: 0.422  GM3: 0.0000
     2s    -22.009312    1.565095
     2p    -13.020408    1.596905
     3sp    -3.914040    0.824500
  7     Sun Feb 14 09:53:25 CET 2016    EN: 3.573 GAM: 0.504  GM3: 0.0000
     2s    -25.722000    2.064844
     2p    -18.684912    1.801692
     3sp    -4.344791    0.921400
  8     Sun Feb 14 09:53:25 CET 2016    EN: 3.700 GAM: 0.587  GM3: 0.0000
     2s    -33.859000    2.418661
     2p    -22.175911    1.973969
     3sp    -4.259392    1.013700
 16     Sun Feb 21 16:35:57 CET 2016    EN: 1.915 GAM: 0.200  GM3: 0.0000
     3s    -17.898811    2.619580
     3p    -15.317401    1.798798
     4sp    -4.455139    0.843200
 
 Nbf   :         1065
 T(el) :     0.0
 calculating S/T integrals ...
 cpu time for ints    2.18270600000000     
 Nao   :         1065
 making H0...
 making H1...
 cpu time for H      3.118200000000027E-002
 solving ...
 cpu time for diag    2.07765700000000     
 
 gap (eV)           :   4.303
 Koopmans IP (eV)   :  12.971
 Eel (Eh)           :  -425.835424

          eigenvalues
 #    :         233        234        235        236        237        238        239        240
 occ. :        2.000      2.000      2.000      2.000      2.000      2.000      2.000      2.000
 eps  :       -16.087    -15.979    -15.922    -15.673    -15.641    -15.579    -15.428    -15.067
 #    :         241        242        243        244        245        246        247        248
 occ. :        2.000      2.000      2.000      2.000      2.000      0.000      0.000      0.000
 eps  :       -14.681    -14.422    -13.865    -13.460    -12.972     -8.668     -8.447     -7.985
 #    :         249        250        251        252        253        254        255        256
 occ. :        0.000      0.000      0.000      0.000      0.000      0.000      0.000      0.000
 eps  :        -7.795     -7.667     -7.530     -7.466     -7.374     -7.331     -7.085     -6.759
                            1  SCC done.
 writing mo output ...
 molden style : F
 
speedup  3.77
cpu  time for all    9.31 s
wall time for all    2.47 s
