 
        ______________________________________
       |                                      |
       |          ===================         |
       |             xTB for sTDA             |
       |          ===================         |
       |               S. Grimme              |
       |        Universitaet Bonn, MCTC       |
       |         2015-19, Version 1.0         |
       |     Wed Apr  3 09:14:55 CEST 2019    |
       |______________________________________|
 
        This code comes without any warranty
        for non-commercial, academia use only.
        Preliminary test version.
        Cite this work as:
        S. Grimme  &  C. Bannwarth, JCP 145 (2016) 054103
        if GBSA is used additionally:
        P. Shushkov, F. März, C. Bannwarth, S. Grimme, unpublished.
 
        with help from
        P. Shushkov, G. Brandenburg, S. Dohm, J. Pisarek,
        F. März, M. Checinski, S. Ehrlich, S. Spicher, 
        P. Pracht, E. Caldeweyher, S. Ehlert, and C. Bannwarth.
 
        usage        :
        xtb4stda <coord_file> [options]
        where <coord_file> is a valid file of TM)
        (*coord, Bohr) or xmol (*xyz, Angstroem)
        format.

        options:
        -chrg <int>   : molecular charge
        -uhf  <int>   : # of unpaired electrons(=2*S)
        -nox          : skip second, extended part in sTDA-xTB
        -pop          : do population analysis
                      : (default for -nox)
        -mowr <real>  : cut MO write above (def.3 Eh)
        -molden       : write formatted molden file
        -parx <file>  : read parameters for sTDA-xTB
                        calc (def:~/.param_stda2.xtb)
        -parv <file>  : read parameters for vTB part in
                        sTDA-xTB (def: ~/.param_stda1.xtb)
        -xtemp <real> : el. temp for xTB (def. 0 K)
        -etemp <real> : el. temp for GFN (def. 300 K)
        -fod          : calculate the FOD and write
                        molden.input file with
                        appropriate occupations
                        for plotting. Def. T=12500 K
 
        -acc <real>   : xTB accuracy (def. 1.0)
        -gbsa [string1] [string2]
                        use GBSA implicit solvent
                        for solvent [string1] and
                        solvation state [string2]=
                        reference, bar1M (default=1M)
        additional GFN/opt/MD/siman options read from
        $XTB4STDAHOME/.xtb4stdarc or $set in input
 
       spin and charge state information can be on:
       <.CHRG> (charge) and <.UHF> (=nalpha-nbeta)
       -uhf and -chrg override the file info.
       useful machine settings:
       setenv MKL_NUM_THREADS <NCORE_ON_YOUR_MACHINE>
       setenv OMP_STACKSIZE 500m
       limit stacksize unlimited
 
       total energies in Eh, gaps/HL energies in eV
       please read REVISION and HOWTO files carefully
 =============================
  # OMP threads =           1
 =============================
 
 xtb4stdahome directory:/ihome/ghutchison/blp62/xtb4stda/
 
 
 name of molecule           :
 comment line               :
 number of atoms            :   140
 number of electrons        :   438
 charge                     :  0
 spin                       : 0.0
 first test random number   :  0.8535
 
 -----------------------------------------
      charge density (VTB) calculation
 -----------------------------------------
 
      method parameters     
 k(s)        :  1.8000
 k(p)        :  2.8350
 k(d)        :  2.0860
 k(f)        :  2.0000
 Tscal       :  0.3300
 Gscal       :  0.3910
 fpol        :  1.0000
 Zcnf        :  0.6500
 Zqf         :  0.0000
 kcn         :  0.3000
 kEN1        : -0.5900
 wllscal     :  2.6000
 
     -------------------------
     ! NO SOLVENT MODEL USED !
     -------------------------
 
 doing EN charges ...
 sum q :  0.5551115D-15
 point charge moment (au)
     X       Y       Z   
   0.8673   0.7566   0.1031  total (Debye):    2.937
 
            Z      q(EN)   CN      Cart. coordinates
     1  C   4.0  -0.088   3.309     1.85822    -0.88136     0.04994
     2  C   4.0  -0.018   3.450     1.39163     1.59064    -0.86157
     3  C   4.0  -0.011   3.332    -1.09433     2.36090    -1.42515
     4  C   4.0  -0.089   3.316    -2.99611     0.61600    -0.95280
     5  C   4.0  -0.019   3.447    -2.53656    -1.85474    -0.02542
     6  C   4.0  -0.011   3.325    -0.04380    -2.64299     0.49185
     7  S   6.0   0.211   2.680    -6.20321     1.12372    -1.48708
     8  C   4.0  -0.090   3.267    -6.91252    -1.95334    -0.49221
     9  C   4.0  -0.092   3.379    -4.79942    -3.26404     0.19221
    10  S   6.0   0.216   2.597     5.06354    -1.32582     0.67979
    11  C   4.0  -0.091   3.268     5.73496     1.79961    -0.18827
    12  C   4.0  -0.090   3.372     3.62172     3.06199    -0.95642
    13  C   4.0  -0.086   3.248     0.54541    -5.12585     1.48315
    14  C   4.0  -0.086   3.250    -1.59247     4.85176    -2.44674
    15  C   4.0  -0.101   3.444     2.58106    -6.60948     0.91595
    16  C   4.0  -0.087   3.375     2.62167    -8.88149     2.31036
    17  C   4.0  -0.086   3.264     0.66996    -9.15095     3.97401
    18  S   6.0   0.219   2.660    -1.30849    -6.55686     3.79855
    19  C   4.0  -0.097   3.424    -0.26027     6.10788    -4.26575
    20  C   4.0  -0.087   3.372    -1.26834     8.51941    -4.79332
    21  C   4.0  -0.084   3.265    -3.33889     9.14106    -3.38772
    22  S   6.0   0.214   2.735    -4.11216     6.67911    -1.38081
    23  C   4.0  -0.095   3.264     8.23730     2.76400    -0.02524
    24  C   4.0  -0.095   3.268    -9.46428    -2.79099    -0.44619
    25  S   6.0   0.216   2.654     8.89135     5.85727    -0.90383
    26  C   4.0  -0.093   3.294    12.07034     5.49276    -0.09460
    27  C   4.0  -0.006   3.366    12.55914     3.07273     0.78945
    28  C   4.0  -0.092   3.394    10.38242     1.56207     0.81217
    29  C   4.0  -0.093   3.400   -11.58811    -1.44705    -1.10433
    30  C   4.0  -0.006   3.366   -13.85752    -2.78093    -0.82020
    31  C   4.0  -0.093   3.294   -13.46370    -5.21365     0.07874
    32  S   6.0   0.216   2.643   -10.25145    -5.81252     0.55835
    33  C   4.0  -0.094   3.273    13.69442     7.60845    -0.38944
    34  C   4.0  -0.094   3.270   -15.21849    -7.16424     0.63861
    35  C   4.0  -0.094   3.414    13.03265     9.91247    -1.41987
    36  C   4.0  -0.005   3.363    14.96453    11.71067    -1.44697
    37  C   4.0  -0.092   3.294    17.18897    10.78430    -0.39698
    38  S   6.0   0.217   2.660    16.82845     7.65067     0.58251
    39  S   6.0   0.217   2.667   -18.46724    -6.82654     0.31094
    40  C   4.0  -0.092   3.294   -18.99232    -9.91052     1.36535
    41  C   4.0  -0.005   3.364   -16.72710   -11.11661     1.93277
    42  C   4.0  -0.094   3.413   -14.64081    -9.55275     1.51557
    43  C   4.0  -0.096   3.273    19.55144    11.97771    -0.00315
    44  S   6.0   0.212   2.666    20.19596    15.06528    -0.89042
    45  C   4.0  -0.081   3.182    23.27330    14.89644     0.32979
    46  C   4.0  -0.088   3.329    23.70807    12.52055     1.34577
    47  C   4.0  -0.092   3.374    21.65301    10.91177     1.15589
    48  C   4.0  -0.089   3.291    24.76645    17.08765     0.11408
    49  C   4.0  -0.073   3.162    27.15417    17.60988     0.93584
    50  S   6.0   0.196   2.640    28.43105    20.62120     0.32434
    51  C   4.0  -0.132   3.166    31.24551    19.89029     1.90963
    52  N   5.0  -0.334   3.417    31.14265    17.49534     2.81111
    53  C   4.0   0.185   3.321    28.97126    16.09811     2.34592
    54  S   6.0   0.194   1.330    33.61099    21.84226     2.24983
    55  O   6.0  -0.101   1.069    28.74451    13.93775     3.08761
    56  C   4.0  -0.100   4.116    33.23543    16.37560     4.18040
    57  C   4.0  -0.240   4.027    35.22860    15.33875     2.38082
    58  C   4.0  -0.173   4.080    14.70831    14.33407    -2.46678
    59  C   4.0  -0.242   4.024    12.10504    14.93583    -3.53776
    60  C   4.0  -0.173   4.078    15.12571     2.21755     1.61304
    61  C   4.0  -0.242   4.024    15.26168    -0.56294     2.34557
    62  CL  7.0   0.087   1.179     0.03817    10.50380    -7.01883
    63  C   4.0  -0.181   4.099    -4.90943    11.47192    -3.50271
    64  C   4.0  -0.244   4.032    -7.22958    11.07247    -5.18288
    65  CL  7.0   0.087   1.180     4.96250   -11.11066     1.93825
    66  C   4.0  -0.181   4.099     0.07564   -11.32218     5.66075
    67  C   4.0  -0.244   4.032    -1.84579   -13.09712     4.42549
    68  C   4.0  -0.173   4.080   -16.41990    -1.73620    -1.40207
    69  C   4.0  -0.242   4.024   -16.39235     0.96566    -2.39493
    70  C   4.0  -0.174   4.082   -16.58761   -13.77486     2.88123
    71  C   4.0  -0.242   4.024   -13.91568   -14.70023     3.41955
    72  C   4.0  -0.093   3.280   -21.51491   -10.78959     1.51851
    73  C   4.0  -0.091   3.364   -23.67247    -9.41546     0.92957
    74  C   4.0  -0.089   3.342   -25.89428   -10.75676     1.25709
    75  C   4.0  -0.085   3.197   -25.52600   -13.21176     2.10589
    76  S   6.0   0.209   2.797   -22.31083   -13.82184     2.49776
    77  C   4.0  -0.084   3.247   -27.41560   -15.01356     2.59560
    78  C   4.0  -0.078   3.187   -27.11491   -17.43242     3.40428
    79  S   6.0   0.193   2.753   -24.27007   -18.97084     4.06644
    80  C   4.0  -0.128   3.173   -25.87388   -21.77601     4.87959
    81  N   5.0  -0.333   3.402   -28.40257   -21.46574     4.63718
    82  C   4.0   0.185   3.338   -29.25282   -19.12036     3.82931
    83  O   6.0  -0.100   1.064   -31.46642   -18.60628     3.54981
    84  C   4.0  -0.100   4.113   -30.17700   -23.49496     5.12689
    85  C   4.0  -0.240   4.027   -30.40557   -25.25041     2.85665
    86  S   6.0   0.195   1.331   -24.45209   -24.34717     5.81300
    87  H   1.0   0.080   1.015    -4.88999    -5.19289     0.81922
    88  H   1.0   0.080   1.009     3.66603     5.01656    -1.50590
    89  H   1.0   0.081   1.010     3.97066    -6.15136    -0.49048
    90  H   1.0   0.080   1.006     1.32977     5.32533    -5.25618
    91  H   1.0   0.080   1.008    10.33782    -0.37169     1.43059
    92  H   1.0   0.080   1.008   -11.46130     0.46732    -1.76957
    93  H   1.0   0.080   1.010    11.16053    10.24686    -2.13153
    94  H   1.0   0.080   1.010   -12.71670   -10.11686     1.83634
    95  H   1.0   0.080   1.007    25.47980    12.01701     2.19687
    96  H   1.0   0.079   1.008    21.64331     8.99872     1.84468
    97  H   1.0   0.074   1.015    23.84118    18.63259    -0.86577
    98  H   1.0   0.083   1.004    32.43640    14.85468     5.32549
    99  H   1.0   0.082   1.007    34.05119    17.82964     5.39804
   100  H   1.0   0.082   0.999    34.40475    13.91461     1.14922
   101  H   1.0   0.082   0.999    36.74793    14.48131     3.46144
   102  H   1.0   0.081   1.001    36.00903    16.85333     1.23231
   103  H   1.0   0.080   1.008    16.13328    14.61122    -3.94134
   104  H   1.0   0.080   1.008    15.15083    15.67675    -0.95562
   105  H   1.0   0.081   0.999    11.64619    13.67949    -5.09762
   106  H   1.0   0.081   0.999    12.08013    16.86719    -4.23809
   107  H   1.0   0.081   0.999    10.65771    14.75738    -2.09018
   108  H   1.0   0.080   1.007    15.72481     3.37679     3.21939
   109  H   1.0   0.080   1.008    16.46814     2.58573     0.08230
   110  H   1.0   0.081   0.999    14.03617    -0.96156     3.94580
   111  H   1.0   0.081   0.999    17.18794    -1.04084     2.87697
   112  H   1.0   0.081   0.999    14.71143    -1.76114     0.76941
   113  H   1.0   0.081   1.006    -3.76116    13.00916    -4.26106
   114  H   1.0   0.081   1.005    -5.52213    11.98453    -1.60049
   115  H   1.0   0.081   0.999    -6.65036    10.58471    -7.09305
   116  H   1.0   0.081   0.999    -8.35578    12.78834    -5.25446
   117  H   1.0   0.081   1.000    -8.39130     9.54815    -4.44040
   118  H   1.0   0.081   1.005    -0.68856   -10.62201     7.44494
   119  H   1.0   0.081   1.006     1.81927   -12.35356     6.05075
   120  H   1.0   0.081   1.000    -3.60070   -12.09617     4.04604
   121  H   1.0   0.081   0.999    -2.24589   -14.68235     5.66821
   122  H   1.0   0.081   0.999    -1.10676   -13.82251     2.65074
   123  H   1.0   0.080   1.008   -17.57299    -1.81925     0.31419
   124  H   1.0   0.080   1.008   -17.33560    -2.96429    -2.79303
   125  H   1.0   0.081   0.999   -15.57127     2.24536    -1.01288
   126  H   1.0   0.081   0.999   -18.31632     1.57796    -2.77578
   127  H   1.0   0.081   0.999   -15.31840     1.09218    -4.14211
   128  H   1.0   0.080   1.008   -17.47336   -15.02293     1.48854
   129  H   1.0   0.080   1.008   -17.71880   -13.92150     4.60761
   130  H   1.0   0.081   0.999   -12.77230   -14.67435     1.71233
   131  H   1.0   0.081   0.999   -13.98853   -16.63112     4.11697
   132  H   1.0   0.081   0.999   -13.00995   -13.53238     4.84734
   133  H   1.0   0.079   1.008   -23.58383    -7.49001     0.28341
   134  H   1.0   0.079   1.004   -27.74551   -10.00044     0.89610
   135  H   1.0   0.075   1.008   -29.35253   -14.42065     2.29218
   136  H   1.0   0.083   1.004   -31.99097   -22.59422     5.52834
   137  H   1.0   0.082   1.007   -29.51860   -24.53867     6.78232
   138  H   1.0   0.081   0.999   -31.03609   -24.20110     1.20580
   139  H   1.0   0.082   0.999   -31.77226   -26.72568     3.26500
   140  H   1.0   0.081   1.001   -28.59246   -26.12607     2.44619
 
  Z AO/shell   Hii/eV     exponent
  1     Sat Feb 20 21:38:01 CET 2016    EN: 2.327 GAM: 0.473  GM3: 0.0000
     1s    -13.751157    1.051071
  6     Sat Feb 20 21:38:01 CET 2016    EN: 2.731 GAM: 0.422  GM3: 0.0000
     2s    -19.378245    2.021003
     2p    -11.993376    1.497917
  7     Sat Feb 20 21:38:01 CET 2016    EN: 3.573 GAM: 0.504  GM3: 0.0000
     2s    -21.576984    2.275442
     2p    -16.125120    2.056788
  8     Sat Feb 20 21:38:01 CET 2016    EN: 3.700 GAM: 0.587  GM3: 0.0000
     2s    -21.648843    2.110798
     2p    -17.239740    2.329048
 16     Sat Feb 20 23:13:41 CET 2016    EN: 1.915 GAM: 0.389  GM3: 0.0000
     3s    -22.000000    2.671470
     3p    -15.834192    1.836978
     3d     -2.593599    1.836978
 17     Sat Feb 20 23:13:41 CET 2016    EN: 2.375 GAM: 0.431  GM3: 0.0000
     3s    -21.000000    2.596786
     3p    -17.375270    2.088291
     3d     -1.372943    2.088291
 
 dipole moment of classical point charges (au)
     X       Y       Z   
   0.8673   0.7566   0.1031  total (Debye):    2.937

 
 Nbf   :          494
 T(el) :   300.0
 calculating S/T integrals ...
 cpu time for ints   8.749600000000000E-002
 Nao   :          478
 making H0...
 making H1...
 cpu time for H      1.372600000000000E-002
 solving ...
 cpu time for diag   3.981800000000001E-002
 
 gap (eV)           :   2.149
 Koopmans IP (eV)   :  11.666
 Eel (Eh)           :  -337.451887
 T,E(Fermi),NFOD :    300.000   -10.592  0.000000
 T,E(Fermi),NFOD :    300.000   -10.592  0.000000
 Nfod               :  0.0000
 Nfod/Nel           :  0.0000

          eigenvalues
 #    :         207        208        209        210        211        212        213        214
 occ. :        2.000      2.000      2.000      2.000      2.000      2.000      2.000      2.000
 eps  :       -15.136    -15.059    -15.006    -14.990    -14.690    -14.296    -14.151    -13.638
 #    :         215        216        217        218        219        220        221        222
 occ. :        2.000      2.000      2.000      2.000      2.000      0.000      0.000      0.000
 eps  :       -13.270    -13.085    -12.505    -12.000    -11.667     -9.519     -9.371     -8.713
 #    :         223        224        225        226        227        228        229        230
 occ. :        0.000      0.000      0.000      0.000      0.000      0.000      0.000      0.000
 eps  :        -8.654     -8.425     -8.152     -8.103     -8.086     -8.010     -7.963     -7.888
                            1  SCC done.
 making H1...
 cpu time for H      5.000700000000001E-002
 solving ...
 cpu time for diag   3.325400000000001E-002
 
 gap (eV)           :   2.264
 Koopmans IP (eV)   :  11.944
 Eel (Eh)           :  -338.664212
 T,E(Fermi),NFOD :    300.000   -10.812  0.000000
 T,E(Fermi),NFOD :    300.000   -10.812  0.000000
 Nfod               :  0.0000
 Nfod/Nel           :  0.0000

          eigenvalues
 #    :         207        208        209        210        211        212        213        214
 occ. :        2.000      2.000      2.000      2.000      2.000      2.000      2.000      2.000
 eps  :       -14.674    -14.619    -14.571    -14.430    -14.211    -13.870    -13.851    -13.822
 #    :         215        216        217        218        219        220        221        222
 occ. :        2.000      2.000      2.000      2.000      2.000      0.000      0.000      0.000
 eps  :       -13.509    -13.348    -12.691    -12.261    -11.945     -9.680     -9.526     -8.873
 #    :         223        224        225        226        227        228        229        230
 occ. :        0.000      0.000      0.000      0.000      0.000      0.000      0.000      0.000
 eps  :        -8.696     -8.401     -8.249     -8.125     -8.116     -7.951     -7.930     -7.853
                            2  SCC done.
 
 
 Mulliken/CM5 charges    n(s)   n(p)   n(d)   
    1 C  -0.0268 -0.0140   1.177  2.850  0.000
    2 C  -0.0293 -0.0310   1.170  2.859  0.000
    3 C   0.0018  0.0027   1.156  2.842  0.000
    4 C  -0.0230 -0.0095   1.177  2.846  0.000
    5 C  -0.0250 -0.0262   1.169  2.856  0.000
    6 C   0.0024  0.0033   1.157  2.841  0.000
    7 S   0.0700  0.0353   1.891  4.001  0.039
    8 C  -0.0096  0.0003   1.167  2.843  0.000
    9 C  -0.0756 -0.1229   1.139  2.937  0.000
   10 S   0.0734  0.0363   1.890  3.998  0.039
   11 C  -0.0111 -0.0012   1.165  2.846  0.000
   12 C  -0.0770 -0.1252   1.138  2.939  0.000
   13 C  -0.0382 -0.0283   1.172  2.866  0.000
   14 C  -0.0372 -0.0275   1.173  2.865  0.000
   15 C  -0.0791 -0.1267   1.142  2.937  0.000
   16 C   0.0052  0.0025   1.147  2.848  0.000
   17 C  -0.0458 -0.0415   1.190  2.856  0.000
   18 S   0.0958  0.0563   1.885  3.969  0.050
   19 C  -0.0795 -0.1286   1.142  2.937  0.000
   20 C   0.0046  0.0018   1.147  2.849  0.000
   21 C  -0.0455 -0.0413   1.190  2.855  0.000
   22 S   0.0932  0.0571   1.886  3.971  0.050
   23 C  -0.0204 -0.0101   1.164  2.857  0.000
   24 C  -0.0189 -0.0085   1.163  2.856  0.000
   25 S   0.0924  0.0546   1.888  3.977  0.043
   26 C  -0.0333 -0.0214   1.167  2.866  0.000
   27 C  -0.0325 -0.0428   1.189  2.843  0.000
   28 C  -0.0749 -0.1241   1.138  2.937  0.000
   29 C  -0.0761 -0.1253   1.138  2.938  0.000
   30 C  -0.0331 -0.0433   1.189  2.844  0.000
   31 C  -0.0339 -0.0220   1.167  2.867  0.000
   32 S   0.0952  0.0577   1.888  3.974  0.043
   33 C  -0.0198 -0.0093   1.168  2.852  0.000
   34 C  -0.0190 -0.0086   1.168  2.851  0.000
   35 C  -0.0833 -0.1324   1.137  2.946  0.000
   36 C  -0.0312 -0.0415   1.191  2.840  0.000
   37 C  -0.0374 -0.0254   1.166  2.872  0.000
   38 S   0.0988  0.0583   1.888  3.969  0.044
   39 S   0.0940  0.0532   1.888  3.974  0.044
   40 C  -0.0382 -0.0262   1.166  2.872  0.000
   41 C  -0.0294 -0.0397   1.191  2.838  0.000
   42 C  -0.0828 -0.1319   1.137  2.946  0.000
   43 C  -0.0159 -0.0054   1.173  2.843  0.000
   44 S   0.0960  0.0554   1.887  3.975  0.041
   45 C  -0.0228 -0.0171   1.166  2.856  0.000
   46 C  -0.0624 -0.1133   1.150  2.912  0.000
   47 C  -0.0695 -0.1200   1.138  2.931  0.000
   48 C  -0.0146 -0.0604   1.140  2.875  0.000
   49 C  -0.0272 -0.0106   1.179  2.849  0.000
   50 S   0.0711  0.0472   1.890  4.002  0.037
   51 C   0.0672  0.1681   1.205  2.728  0.000
   52 N  -0.1243 -0.3804   1.279  3.845  0.000
   53 C   0.1778  0.2790   1.170  2.652  0.000
   54 S  -0.2415 -0.2579   1.897  4.327  0.017
   55 O  -0.2647 -0.3191   1.622  4.643  0.000
   56 C   0.0339 -0.0131   1.150  2.816  0.000
   57 C  -0.0802 -0.2264   1.091  2.990  0.000
   58 C  -0.0314 -0.1360   1.125  2.907  0.000
   59 C  -0.0827 -0.2350   1.089  2.994  0.000
   60 C  -0.0316 -0.1361   1.125  2.907  0.000
   61 C  -0.0827 -0.2350   1.089  2.994  0.000
   62 CL -0.0573 -0.0593   1.902  5.151  0.004
   63 C  -0.0285 -0.1327   1.120  2.909  0.000
   64 C  -0.0880 -0.2390   1.098  2.990  0.000
   65 CL -0.0568 -0.0588   1.902  5.151  0.004
   66 C  -0.0284 -0.1327   1.120  2.909  0.000
   67 C  -0.0882 -0.2391   1.098  2.990  0.000
   68 C  -0.0320 -0.1366   1.125  2.907  0.000
   69 C  -0.0829 -0.2351   1.089  2.994  0.000
   70 C  -0.0310 -0.1356   1.125  2.906  0.000
   71 C  -0.0827 -0.2349   1.089  2.994  0.000
   72 C  -0.0179 -0.0074   1.175  2.842  0.000
   73 C  -0.0699 -0.1205   1.136  2.934  0.000
   74 C  -0.0624 -0.1143   1.143  2.919  0.000
   75 C  -0.0240 -0.0176   1.165  2.859  0.000
   76 S   0.1010  0.0621   1.888  3.969  0.042
   77 C  -0.0161 -0.0624   1.136  2.881  0.000
   78 C  -0.0261 -0.0084   1.176  2.850  0.000
   79 S   0.0665  0.0441   1.892  4.003  0.038
   80 C   0.0645  0.1654   1.209  2.726  0.000
   81 N  -0.1213 -0.3774   1.278  3.844  0.000
   82 C   0.1802  0.2815   1.169  2.651  0.000
   83 O  -0.2731 -0.3188   1.627  4.646  0.000
   84 C   0.0364 -0.0106   1.150  2.814  0.000
   85 C  -0.0800 -0.2261   1.091  2.989  0.000
   86 S  -0.2338 -0.2502   1.897  4.320  0.017
   87 H   0.0540  0.1172   0.946  0.000  0.000
   88 H   0.0539  0.1154   0.946  0.000  0.000
   89 H   0.0504  0.1112   0.950  0.000  0.000
   90 H   0.0510  0.1101   0.949  0.000  0.000
   91 H   0.0522  0.1127   0.948  0.000  0.000
   92 H   0.0521  0.1129   0.948  0.000  0.000
   93 H   0.0502  0.1116   0.950  0.000  0.000
   94 H   0.0504  0.1117   0.950  0.000  0.000
   95 H   0.0647  0.1340   0.935  0.000  0.000
   96 H   0.0480  0.1073   0.952  0.000  0.000
   97 H   0.0579  0.1193   0.942  0.000  0.000
   98 H   0.0550  0.1273   0.945  0.000  0.000
   99 H   0.0537  0.1218   0.946  0.000  0.000
  100 H   0.0318  0.0872   0.968  0.000  0.000
  101 H   0.0440  0.0964   0.956  0.000  0.000
  102 H   0.0346  0.0904   0.965  0.000  0.000
  103 H   0.0426  0.1006   0.957  0.000  0.000
  104 H   0.0427  0.1007   0.957  0.000  0.000
  105 H   0.0321  0.0848   0.968  0.000  0.000
  106 H   0.0370  0.0888   0.963  0.000  0.000
  107 H   0.0321  0.0849   0.968  0.000  0.000
  108 H   0.0427  0.1005   0.957  0.000  0.000
  109 H   0.0421  0.1002   0.958  0.000  0.000
  110 H   0.0322  0.0850   0.968  0.000  0.000
  111 H   0.0372  0.0890   0.963  0.000  0.000
  112 H   0.0318  0.0846   0.968  0.000  0.000
  113 H   0.0424  0.0995   0.958  0.000  0.000
  114 H   0.0435  0.0998   0.957  0.000  0.000
  115 H   0.0293  0.0821   0.971  0.000  0.000
  116 H   0.0348  0.0865   0.965  0.000  0.000
  117 H   0.0299  0.0829   0.970  0.000  0.000
  118 H   0.0435  0.0998   0.957  0.000  0.000
  119 H   0.0429  0.1000   0.957  0.000  0.000
  120 H   0.0293  0.0823   0.971  0.000  0.000
  121 H   0.0351  0.0868   0.965  0.000  0.000
  122 H   0.0295  0.0823   0.971  0.000  0.000
  123 H   0.0422  0.1003   0.958  0.000  0.000
  124 H   0.0421  0.1001   0.958  0.000  0.000
  125 H   0.0323  0.0851   0.968  0.000  0.000
  126 H   0.0367  0.0885   0.963  0.000  0.000
  127 H   0.0322  0.0849   0.968  0.000  0.000
  128 H   0.0432  0.1013   0.957  0.000  0.000
  129 H   0.0431  0.1013   0.957  0.000  0.000
  130 H   0.0317  0.0844   0.968  0.000  0.000
  131 H   0.0380  0.0898   0.962  0.000  0.000
  132 H   0.0316  0.0844   0.968  0.000  0.000
  133 H   0.0505  0.1099   0.949  0.000  0.000
  134 H   0.0533  0.1106   0.947  0.000  0.000
  135 H   0.0636  0.1256   0.936  0.000  0.000
  136 H   0.0556  0.1275   0.944  0.000  0.000
  137 H   0.0540  0.1218   0.946  0.000  0.000
  138 H   0.0320  0.0873   0.968  0.000  0.000
  139 H   0.0443  0.0968   0.956  0.000  0.000
  140 H   0.0347  0.0905   0.965  0.000  0.000
 
 Loewdin charges    n(s)   n(p)   n(d)
    1 C  -0.0054   1.133  2.873  0.000
    2 C  -0.0265   1.129  2.898  0.000
    3 C  -0.0004   1.116  2.885  0.000
    4 C  -0.0021   1.132  2.870  0.000
    5 C  -0.0226   1.128  2.895  0.000
    6 C   0.0002   1.116  2.884  0.000
    7 S   0.0323   1.878  3.999  0.091
    8 C   0.0148   1.121  2.864  0.000
    9 C  -0.0767   1.090  2.987  0.000
   10 S   0.0346   1.877  3.996  0.092
   11 C   0.0136   1.119  2.867  0.000
   12 C  -0.0782   1.089  2.990  0.000
   13 C  -0.0139   1.126  2.888  0.000
   14 C  -0.0133   1.127  2.886  0.000
   15 C  -0.0808   1.093  2.988  0.000
   16 C   0.0233   1.104  2.872  0.000
   17 C  -0.0271   1.147  2.880  0.000
   18 S   0.0585   1.871  3.965  0.105
   19 C  -0.0815   1.093  2.988  0.000
   20 C   0.0227   1.104  2.873  0.000
   21 C  -0.0273   1.148  2.879  0.000
   22 S   0.0572   1.873  3.967  0.103
   23 C   0.0036   1.118  2.879  0.000
   24 C   0.0051   1.117  2.878  0.000
   25 S   0.0549   1.874  3.974  0.097
   26 C  -0.0143   1.123  2.891  0.000
   27 C  -0.0285   1.149  2.880  0.000
   28 C  -0.0751   1.088  2.987  0.000
   29 C  -0.0763   1.088  2.988  0.000
   30 C  -0.0291   1.149  2.880  0.000
   31 C  -0.0149   1.123  2.892  0.000
   32 S   0.0576   1.874  3.971  0.097
   33 C   0.0053   1.122  2.873  0.000
   34 C   0.0060   1.121  2.873  0.000
   35 C  -0.0845   1.088  2.997  0.000
   36 C  -0.0261   1.150  2.876  0.000
   37 C  -0.0192   1.123  2.897  0.000
   38 S   0.0608   1.874  3.966  0.099
   39 S   0.0561   1.874  3.970  0.100
   40 C  -0.0200   1.123  2.897  0.000
   41 C  -0.0245   1.150  2.874  0.000
   42 C  -0.0840   1.087  2.997  0.000
   43 C   0.0099   1.127  2.864  0.000
   44 S   0.0583   1.874  3.972  0.096
   45 C   0.0002   1.121  2.879  0.000
   46 C  -0.0576   1.098  2.960  0.000
   47 C  -0.0670   1.087  2.980  0.000
   48 C  -0.0085   1.087  2.922  0.000
   49 C  -0.0105   1.136  2.875  0.000
   50 S   0.0319   1.878  4.002  0.088
   51 C   0.1291   1.149  2.722  0.000
   52 N  -0.0882   1.241  3.847  0.000
   53 C   0.1577   1.143  2.700  0.000
   54 S  -0.2926   1.888  4.344  0.061
   55 O  -0.2506   1.592  4.659  0.000
   56 C   0.0364   1.093  2.871  0.000
   57 C  -0.0819   1.018  3.064  0.000
   58 C  -0.0241   1.063  2.961  0.000
   59 C  -0.0838   1.016  3.068  0.000
   60 C  -0.0241   1.063  2.961  0.000
   61 C  -0.0838   1.016  3.068  0.000
   62 CL -0.0664   1.892  5.148  0.026
   63 C  -0.0214   1.057  2.964  0.000
   64 C  -0.0897   1.025  3.065  0.000
   65 CL -0.0660   1.892  5.148  0.026
   66 C  -0.0214   1.057  2.964  0.000
   67 C  -0.0899   1.025  3.065  0.000
   68 C  -0.0246   1.063  2.962  0.000
   69 C  -0.0839   1.016  3.068  0.000
   70 C  -0.0236   1.063  2.961  0.000
   71 C  -0.0837   1.016  3.068  0.000
   72 C   0.0069   1.130  2.863  0.000
   73 C  -0.0679   1.085  2.983  0.000
   74 C  -0.0560   1.091  2.965  0.000
   75 C  -0.0012   1.119  2.882  0.000
   76 S   0.0640   1.875  3.966  0.096
   77 C  -0.0113   1.083  2.929  0.000
   78 C  -0.0090   1.132  2.877  0.000
   79 S   0.0281   1.880  4.004  0.088
   80 C   0.1256   1.154  2.720  0.000
   81 N  -0.0851   1.239  3.846  0.000
   82 C   0.1608   1.142  2.698  0.000
   83 O  -0.2603   1.597  4.663  0.000
   84 C   0.0391   1.092  2.868  0.000
   85 C  -0.0817   1.017  3.064  0.000
   86 S  -0.2849   1.887  4.337  0.061
   87 H   0.0464   0.954  0.000  0.000
   88 H   0.0460   0.954  0.000  0.000
   89 H   0.0427   0.957  0.000  0.000
   90 H   0.0432   0.957  0.000  0.000
   91 H   0.0446   0.955  0.000  0.000
   92 H   0.0446   0.955  0.000  0.000
   93 H   0.0432   0.957  0.000  0.000
   94 H   0.0433   0.957  0.000  0.000
   95 H   0.0540   0.946  0.000  0.000
   96 H   0.0404   0.960  0.000  0.000
   97 H   0.0481   0.952  0.000  0.000
   98 H   0.0478   0.952  0.000  0.000
   99 H   0.0477   0.952  0.000  0.000
  100 H   0.0312   0.969  0.000  0.000
  101 H   0.0433   0.957  0.000  0.000
  102 H   0.0339   0.966  0.000  0.000
  103 H   0.0389   0.961  0.000  0.000
  104 H   0.0390   0.961  0.000  0.000
  105 H   0.0318   0.968  0.000  0.000
  106 H   0.0365   0.964  0.000  0.000
  107 H   0.0318   0.968  0.000  0.000
  108 H   0.0389   0.961  0.000  0.000
  109 H   0.0384   0.962  0.000  0.000
  110 H   0.0320   0.968  0.000  0.000
  111 H   0.0366   0.963  0.000  0.000
  112 H   0.0315   0.969  0.000  0.000
  113 H   0.0382   0.962  0.000  0.000
  114 H   0.0391   0.961  0.000  0.000
  115 H   0.0291   0.971  0.000  0.000
  116 H   0.0345   0.966  0.000  0.000
  117 H   0.0296   0.970  0.000  0.000
  118 H   0.0391   0.961  0.000  0.000
  119 H   0.0386   0.961  0.000  0.000
  120 H   0.0292   0.971  0.000  0.000
  121 H   0.0347   0.965  0.000  0.000
  122 H   0.0292   0.971  0.000  0.000
  123 H   0.0385   0.961  0.000  0.000
  124 H   0.0384   0.962  0.000  0.000
  125 H   0.0320   0.968  0.000  0.000
  126 H   0.0362   0.964  0.000  0.000
  127 H   0.0318   0.968  0.000  0.000
  128 H   0.0394   0.961  0.000  0.000
  129 H   0.0394   0.961  0.000  0.000
  130 H   0.0314   0.969  0.000  0.000
  131 H   0.0372   0.963  0.000  0.000
  132 H   0.0314   0.969  0.000  0.000
  133 H   0.0429   0.957  0.000  0.000
  134 H   0.0448   0.955  0.000  0.000
  135 H   0.0530   0.947  0.000  0.000
  136 H   0.0483   0.952  0.000  0.000
  137 H   0.0479   0.952  0.000  0.000
  138 H   0.0313   0.969  0.000  0.000
  139 H   0.0436   0.956  0.000  0.000
  140 H   0.0340   0.966  0.000  0.000
 
 Wiberg/Mayer (AO) data. WBOs > 0.1 written file <wbo>
 largest (>0.05) Wiberg bond orders for each atom
           total WBO             WBO to atom ...
     1  C   3.929    C    6 1.351    C    2 1.236    S   10 1.077    C    4 0.051
     2  C   3.934    C    3 1.240    C    1 1.236    C   12 1.205
     3  C   3.919    C    4 1.359    C    2 1.240    C   14 1.047    C    6 0.077
     4  C   3.929    C    3 1.359    C    5 1.233    S    7 1.076    C    1 0.051
     5  C   3.933    C    6 1.244    C    4 1.233    C    9 1.206
     6  C   3.919    C    1 1.351    C    5 1.244    C   13 1.053    C    3 0.077
     7  S   2.425    C    4 1.076    C    8 1.055    C    9 0.067
     8  C   3.917    C    9 1.547    C   24 1.140    S    7 1.055
     9  C   3.929    C    8 1.547    C    5 1.206    H   87 0.930    S    7 0.067    C   29 0.063
    10  S   2.428    C    1 1.077    C   11 1.057    C   12 0.067
    11  C   3.921    C   12 1.547    C   23 1.139    S   10 1.057
    12  C   3.931    C   11 1.547    C    2 1.205    H   88 0.934    S   10 0.067    C   28 0.063
    13  C   3.937    C   15 1.559    S   18 1.107    C    6 1.053    C   17 0.106
    14  C   3.937    C   19 1.565    S   22 1.106    C    3 1.047    C   21 0.107
    15  C   3.948    C   13 1.559    C   16 1.231    H   89 0.935    S   18 0.076
    16  C   3.930    C   17 1.543    C   15 1.231    CL  65 1.000    S   18 0.069
    17  C   3.912    C   16 1.543    S   18 1.130    C   66 0.999    C   13 0.106    CL  65 0.052
    18  S   2.550    C   17 1.130    C   13 1.107    C   15 0.076    C   16 0.069
    19  C   3.953    C   14 1.565    C   20 1.229    H   90 0.936    S   22 0.076
    20  C   3.930    C   21 1.546    C   19 1.229    CL  62 0.999    S   22 0.069
    21  C   3.913    C   20 1.546    S   22 1.129    C   63 0.999    C   14 0.107    CL  62 0.052
    22  S   2.542    C   21 1.129    C   14 1.106    C   19 0.076    C   20 0.069
    23  C   3.916    C   28 1.474    C   11 1.139    S   25 1.102    C   26 0.085
    24  C   3.916    C   29 1.471    C    8 1.140    S   32 1.104    C   31 0.084
    25  S   2.503    C   23 1.102    C   26 1.093    C   28 0.067    C   27 0.060
    26  C   3.918    C   27 1.421    C   33 1.163    S   25 1.093    C   23 0.085
    27  C   3.919    C   26 1.421    C   28 1.303    C   60 0.975    S   25 0.060    C   35 0.052
    28  C   3.941    C   23 1.474    C   27 1.303    H   91 0.937    S   25 0.067    C   12 0.063
    29  C   3.941    C   24 1.471    C   30 1.305    H   92 0.937    S   32 0.067    C    9 0.063
    30  C   3.919    C   31 1.419    C   29 1.305    C   68 0.975    S   32 0.060    C   42 0.052
    31  C   3.918    C   30 1.419    C   34 1.165    S   32 1.094    C   24 0.084
    32  S   2.505    C   24 1.104    C   31 1.094    C   29 0.067    C   30 0.060
    33  C   3.915    C   35 1.445    C   26 1.163    S   38 1.108    C   37 0.081
    34  C   3.915    C   42 1.445    C   31 1.165    S   39 1.106    C   40 0.081
    35  C   3.944    C   33 1.445    C   36 1.325    H   93 0.936    S   38 0.063    C   27 0.052
    36  C   3.917    C   37 1.399    C   35 1.325    C   58 0.976    S   38 0.059
    37  C   3.911    C   36 1.399    C   43 1.181    S   38 1.086    C   33 0.081
    38  S   2.515    C   33 1.108    C   37 1.086    C   35 0.063    C   36 0.059
    39  S   2.512    C   34 1.106    C   40 1.085    C   42 0.062    C   41 0.059
    40  C   3.911    C   41 1.399    C   72 1.183    S   39 1.085    C   34 0.081
    41  C   3.917    C   40 1.399    C   42 1.324    C   70 0.976    S   39 0.059
    42  C   3.944    C   34 1.445    C   41 1.324    H   94 0.936    S   39 0.062    C   30 0.052
    43  C   3.925    C   47 1.406    C   37 1.181    S   44 1.122    C   45 0.077
    44  S   2.513    C   43 1.122    C   45 1.078    C   46 0.063    C   47 0.056
    45  C   3.913    C   46 1.407    C   48 1.220    S   44 1.078    C   43 0.077
    46  C   3.955    C   45 1.407    C   47 1.394    H   95 0.920    S   44 0.063    C   49 0.056
    47  C   3.947    C   43 1.406    C   46 1.394    H   96 0.938    S   44 0.056
    48  C   3.941    C   49 1.561    C   45 1.220    H   97 0.937    O   55 0.065
    49  C   3.905    C   48 1.561    C   53 1.059    S   50 1.029    O   55 0.063    C   46 0.056
    50  S   2.436    C   51 1.086    C   49 1.029    S   54 0.137
    51  C   3.919    S   54 1.634    N   52 1.140    S   50 1.086
    52  N   3.495    C   51 1.140    C   53 1.015    C   56 0.933    S   54 0.143    O   55 0.141
    53  C   3.911    O   55 1.730    C   49 1.059    N   52 1.015
    54  S   1.984    C   51 1.634    N   52 0.143    S   50 0.137
    55  O   2.149    C   53 1.730    N   52 0.141    C   48 0.065    C   49 0.063
    56  C   3.927    C   57 1.008    H   98 0.967    H   99 0.963    N   52 0.933
    57  C   3.984    C   56 1.008    H  100 0.985    H  102 0.982    H  101 0.974
    58  C   3.971    C   59 1.006    C   36 0.976    H  103 0.954    H  104 0.954
    59  C   3.984    C   58 1.006    H  105 0.985    H  107 0.985    H  106 0.981
    60  C   3.971    C   61 1.006    C   27 0.975    H  109 0.955    H  108 0.954
    61  C   3.984    C   60 1.006    H  112 0.985    H  110 0.985    H  111 0.981
    62  CL  1.158    C   20 0.999    C   21 0.052
    63  C   3.974    C   21 0.999    C   64 0.985    H  114 0.965    H  113 0.962
    64  C   3.980    C   63 0.985    H  115 0.984    H  117 0.984    H  116 0.978
    65  CL  1.159    C   16 1.000    C   17 0.052
    66  C   3.973    C   17 0.999    C   67 0.985    H  118 0.965    H  119 0.962
    67  C   3.980    C   66 0.985    H  122 0.984    H  120 0.984    H  121 0.978
    68  C   3.971    C   69 1.006    C   30 0.975    H  124 0.955    H  123 0.954
    69  C   3.984    C   68 1.006    H  127 0.985    H  125 0.985    H  126 0.981
    70  C   3.971    C   71 1.006    C   41 0.976    H  128 0.954    H  129 0.954
    71  C   3.984    C   70 1.006    H  130 0.985    H  132 0.985    H  131 0.981
    72  C   3.915    C   73 1.411    C   40 1.183    S   76 1.111    C   75 0.077
    73  C   3.940    C   72 1.411    C   74 1.392    H  133 0.937    S   76 0.055
    74  C   3.955    C   75 1.407    C   73 1.392    H  134 0.938    C   78 0.070    S   76 0.063
    75  C   3.917    C   74 1.407    C   77 1.223    S   76 1.083    C   72 0.077
    76  S   2.522    C   72 1.111    C   75 1.083    C   74 0.063    C   73 0.055
    77  C   3.944    C   78 1.571    C   75 1.223    H  135 0.928    O   83 0.064
    78  C   3.909    C   77 1.571    C   82 1.052    S   79 1.036    C   74 0.070    O   83 0.064
    79  S   2.454    C   80 1.063    C   78 1.036    S   86 0.134
    80  C   3.915    S   86 1.647    N   81 1.146    S   79 1.063
    81  N   3.494    C   80 1.146    C   82 1.012    C   84 0.932    S   86 0.145    O   83 0.142
    82  C   3.907    O   83 1.743    C   78 1.052    N   81 1.012
    83  O   2.108    C   82 1.743    N   81 0.142    C   78 0.064    C   77 0.064
    84  C   3.926    C   85 1.008    H  136 0.968    H  137 0.963    N   81 0.932
    85  C   3.984    C   84 1.008    H  138 0.985    H  140 0.982    H  139 0.974
    86  S   1.993    C   80 1.647    N   81 0.145    S   79 0.134
    87  H   0.995    C    9 0.930
    88  H   0.995    C   12 0.934
    89  H   0.996    C   15 0.935
    90  H   0.996    C   19 0.936
    91  H   0.995    C   28 0.937
    92  H   0.995    C   29 0.937
    93  H   0.995    C   35 0.936
    94  H   0.995    C   42 0.936
    95  H   0.994    C   46 0.920
    96  H   0.996    C   47 0.938
    97  H   0.994    C   48 0.937
    98  H   0.997    C   56 0.967
    99  H   0.996    C   56 0.963
   100  H   0.999    C   57 0.985
   101  H   0.997    C   57 0.974
   102  H   0.999    C   57 0.982
   103  H   0.996    C   58 0.954
   104  H   0.996    C   58 0.954
   105  H   0.999    C   59 0.985
   106  H   0.997    C   59 0.981
   107  H   0.999    C   59 0.985
   108  H   0.997    C   60 0.954
   109  H   0.997    C   60 0.955
   110  H   0.999    C   61 0.985
   111  H   0.997    C   61 0.981
   112  H   0.999    C   61 0.985
   113  H   0.997    C   63 0.962
   114  H   0.997    C   63 0.965
   115  H   0.999    C   64 0.984
   116  H   0.996    C   64 0.978
   117  H   0.999    C   64 0.984
   118  H   0.997    C   66 0.965
   119  H   0.997    C   66 0.962
   120  H   0.999    C   67 0.984
   121  H   0.996    C   67 0.978
   122  H   0.999    C   67 0.984
   123  H   0.997    C   68 0.954
   124  H   0.997    C   68 0.955
   125  H   0.999    C   69 0.985
   126  H   0.997    C   69 0.981
   127  H   0.999    C   69 0.985
   128  H   0.996    C   70 0.954
   129  H   0.996    C   70 0.954
   130  H   0.999    C   71 0.985
   131  H   0.997    C   71 0.981
   132  H   0.999    C   71 0.985
   133  H   0.995    C   73 0.937
   134  H   0.995    C   74 0.938
   135  H   0.993    C   77 0.928
   136  H   0.997    C   84 0.968
   137  H   0.996    C   84 0.963
   138  H   0.999    C   85 0.985
   139  H   0.997    C   85 0.974
   140  H   0.999    C   85 0.982
 
 --------------------------------------------
          xTB calculation for sTDA...
 --------------------------------------------
 
 reading parameter file /ihome/ghutchison/blp62/xtb4stda/.param_stda2.xtb
 
      method parameters     
 k(s)        :  1.6000
 k(p)        :  2.1800
 k(d)        :  1.9500
 k(f)        :  2.0000
 k(R-V)      :  2.2750
 k(R-R)      :  1.7650
 Tscal       :  0.2580
 Gscal       :  1.0000
 fpol        :  1.0000
 Zcnf        :  0.3430
 Zqf         :  0.0000
 kcn         :  2.7000
 Ryd Hsplit  :  0.7000
 lshift(virt):  3.1000
 lshift(OS)  :  0.2000
 wllscaling  :  2.6000
 
 mowrcut     : 3.000
 
  Z AO/shell   Hii/eV     exponent
  1     Sun Feb 14 09:53:25 CET 2016    EN: 2.327 GAM: 0.473  GM3: 0.0000
     1s    -14.339618    1.220000
     2sp    -3.348946    0.600000
  6     Sun Feb 14 09:53:25 CET 2016    EN: 2.731 GAM: 0.422  GM3: 0.0000
     2s    -22.009312    1.565095
     2p    -13.020408    1.596905
     3sp    -3.914040    0.824500
  7     Sun Feb 14 09:53:25 CET 2016    EN: 3.573 GAM: 0.504  GM3: 0.0000
     2s    -25.722000    2.064844
     2p    -18.684912    1.801692
     3sp    -4.344791    0.921400
  8     Sun Feb 14 09:53:25 CET 2016    EN: 3.700 GAM: 0.587  GM3: 0.0000
     2s    -33.859000    2.418661
     2p    -22.175911    1.973969
     3sp    -4.259392    1.013700
 16     Sun Feb 21 16:35:57 CET 2016    EN: 1.915 GAM: 0.200  GM3: 0.0000
     3s    -17.898811    2.619580
     3p    -15.317401    1.798798
     4sp    -4.455139    0.843200
 17     Sun Feb 21 16:32:04 CET 2016    EN: 2.375 GAM: 0.300  GM3: 0.0000
     3s    -29.486180    2.293696
     3p    -18.696427    2.332982
     4sp    -5.680125    0.918900
 
 Nbf   :          958
 T(el) :     0.0
 calculating S/T integrals ...
 cpu time for ints   0.860571000000000     
 Nao   :          958
 making H0...
 making H1...
 cpu time for H      2.869900000000003E-002
 solving ...
 cpu time for diag   0.687002000000000     
 
 gap (eV)           :   4.956
 Koopmans IP (eV)   :  13.385
 Eel (Eh)           :  -366.213979

          eigenvalues
 #    :         207        208        209        210        211        212        213        214
 occ. :        2.000      2.000      2.000      2.000      2.000      2.000      2.000      2.000
 eps  :       -15.797    -15.780    -15.561    -15.384    -15.262    -15.084    -14.705    -14.638
 #    :         215        216        217        218        219        220        221        222
 occ. :        2.000      2.000      2.000      2.000      2.000      0.000      0.000      0.000
 eps  :       -14.616    -14.432    -13.929    -13.630    -13.386     -8.430     -8.309     -7.867
 #    :         223        224        225        226        227        228        229        230
 occ. :        0.000      0.000      0.000      0.000      0.000      0.000      0.000      0.000
 eps  :        -7.329     -6.965     -6.402     -6.340     -5.963     -5.959     -5.905     -5.771
                            1  SCC done.
 writing mo output ...
 molden style : F
 
speedup  1.00
cpu  time for all    1.89 s
wall time for all    1.89 s
