 
        ______________________________________
       |                                      |
       |          ===================         |
       |             xTB for sTDA             |
       |          ===================         |
       |               S. Grimme              |
       |        Universitaet Bonn, MCTC       |
       |         2015-19, Version 1.0         |
       |     Wed Apr  3 09:14:55 CEST 2019    |
       |______________________________________|
 
        This code comes without any warranty
        for non-commercial, academia use only.
        Preliminary test version.
        Cite this work as:
        S. Grimme  &  C. Bannwarth, JCP 145 (2016) 054103
        if GBSA is used additionally:
        P. Shushkov, F. März, C. Bannwarth, S. Grimme, unpublished.
 
        with help from
        P. Shushkov, G. Brandenburg, S. Dohm, J. Pisarek,
        F. März, M. Checinski, S. Ehrlich, S. Spicher, 
        P. Pracht, E. Caldeweyher, S. Ehlert, and C. Bannwarth.
 
        usage        :
        xtb4stda <coord_file> [options]
        where <coord_file> is a valid file of TM)
        (*coord, Bohr) or xmol (*xyz, Angstroem)
        format.

        options:
        -chrg <int>   : molecular charge
        -uhf  <int>   : # of unpaired electrons(=2*S)
        -nox          : skip second, extended part in sTDA-xTB
        -pop          : do population analysis
                      : (default for -nox)
        -mowr <real>  : cut MO write above (def.3 Eh)
        -molden       : write formatted molden file
        -parx <file>  : read parameters for sTDA-xTB
                        calc (def:~/.param_stda2.xtb)
        -parv <file>  : read parameters for vTB part in
                        sTDA-xTB (def: ~/.param_stda1.xtb)
        -xtemp <real> : el. temp for xTB (def. 0 K)
        -etemp <real> : el. temp for GFN (def. 300 K)
        -fod          : calculate the FOD and write
                        molden.input file with
                        appropriate occupations
                        for plotting. Def. T=12500 K
 
        -acc <real>   : xTB accuracy (def. 1.0)
        -gbsa [string1] [string2]
                        use GBSA implicit solvent
                        for solvent [string1] and
                        solvation state [string2]=
                        reference, bar1M (default=1M)
        additional GFN/opt/MD/siman options read from
        $XTB4STDAHOME/.xtb4stdarc or $set in input
 
       spin and charge state information can be on:
       <.CHRG> (charge) and <.UHF> (=nalpha-nbeta)
       -uhf and -chrg override the file info.
       useful machine settings:
       setenv MKL_NUM_THREADS <NCORE_ON_YOUR_MACHINE>
       setenv OMP_STACKSIZE 500m
       limit stacksize unlimited
 
       total energies in Eh, gaps/HL energies in eV
       please read REVISION and HOWTO files carefully
 =============================
  # OMP threads =           8
 =============================
 
 xtb4stdahome directory:/ihome/ghutchison/blp62/xtb4stda/
 
 
 name of molecule           :
 comment line               :
 number of atoms            :   115
 number of electrons        :   372
 charge                     :  0
 spin                       : 0.0
 first test random number   :  0.3204
 
 -----------------------------------------
      charge density (VTB) calculation
 -----------------------------------------
 
      method parameters     
 k(s)        :  1.8000
 k(p)        :  2.8350
 k(d)        :  2.0860
 k(f)        :  2.0000
 Tscal       :  0.3300
 Gscal       :  0.3910
 fpol        :  1.0000
 Zcnf        :  0.6500
 Zqf         :  0.0000
 kcn         :  0.3000
 kEN1        : -0.5900
 wllscal     :  2.6000
 
     -------------------------
     ! NO SOLVENT MODEL USED !
     -------------------------
 
 doing EN charges ...
 sum q : -0.2331468D-14
 point charge moment (au)
     X       Y       Z   
   0.5213   1.1204  -0.7462  total (Debye):    3.669
 
            Z      q(EN)   CN      Cart. coordinates
     1  C   4.0  -0.073   3.196    -9.21317    -4.07141   -15.77165
     2  C   4.0  -0.004   3.280    -8.91894    -2.61689   -17.90912
     3  C   4.0   0.105   3.237    -8.12733     0.03628   -17.94484
     4  O   6.0  -0.123   1.230    -7.57440     1.35361   -16.14279
     5  C   4.0  -0.006   3.363    -8.15549     0.80332   -20.62882
     6  C   4.0   0.028   3.166    -7.59349     3.09594   -21.74734
     7  F   7.0  -0.027   1.066    -6.88238     5.08450   -20.36029
     8  C   4.0  -0.073   3.166    -7.76205     3.35955   -24.35498
     9  C   4.0  -0.073   3.151    -8.49677     1.31733   -25.81214
    10  C   4.0  -0.069   3.160    -9.07031    -1.00685   -24.72952
    11  C   4.0  -0.007   3.352    -8.89626    -1.26215   -22.13153
    12  C   4.0  -0.008   3.323    -9.35830    -3.43458   -20.47575
    13  C   4.0  -0.037   3.119   -10.01517    -5.80826   -21.28984
    14  C   4.0   0.234   2.163   -10.39652    -7.93704   -19.73327
    15  N   5.0  -0.214   1.027   -10.72665    -9.76516   -18.60832
    16  C   4.0   0.235   2.165   -10.37441    -6.47874   -23.84418
    17  N   5.0  -0.215   1.026   -10.69623    -7.16433   -25.87772
    18  C   4.0  -0.081   3.199    -8.71050    -3.52680   -13.23980
    19  S   6.0   0.230   2.657    -7.48520    -0.68427   -12.02281
    20  C   4.0  -0.103   3.388    -7.39582    -2.00613    -9.07994
    21  C   4.0  -0.098   3.398    -6.63464    -1.29371    -6.63067
    22  C   4.0  -0.016   3.613    -7.00597    -3.31704    -4.98113
    23  C   4.0  -0.030   4.217    -8.07310    -5.58017    -6.34891
    24  C   4.0  -0.012   3.563    -8.27379    -4.52079    -8.99396
    25  C   4.0  -0.082   3.342    -9.04196    -5.34811   -11.32853
    26  C   4.0  -0.163   4.094   -10.64917    -6.38331    -5.27706
    27  C   4.0  -0.242   4.028   -12.52491    -4.20124    -5.14761
    28  C   4.0  -0.163   4.104    -6.10438    -7.72822    -6.16051
    29  C   4.0  -0.242   4.018    -6.74897   -10.11230    -7.63449
    30  C   4.0  -0.100   3.440    -6.12555    -2.76542    -2.57362
    31  S   6.0   0.226   2.441    -5.83113    -4.44331     0.24094
    32  C   4.0  -0.097   3.394    -4.25680    -1.89483     1.55883
    33  C   4.0  -0.098   3.399    -2.89846    -1.38177     3.80251
    34  C   4.0  -0.015   3.604    -1.80261     1.00911     3.60673
    35  C   4.0  -0.031   4.226    -2.57475     2.28827     1.18221
    36  C   4.0  -0.017   3.623    -4.02134     0.17064    -0.05745
    37  C   4.0  -0.102   3.442    -5.09281    -0.30859    -2.40298
    38  S   6.0   0.228   2.442    -5.25986     1.33169    -5.24040
    39  C   4.0  -0.163   4.104    -4.44331     4.48300     1.66031
    40  C   4.0  -0.243   4.023    -3.37694     6.65108     3.22028
    41  C   4.0  -0.165   4.099    -0.29310     3.14280    -0.39136
    42  C   4.0  -0.242   4.030     1.45244     0.96414    -1.09944
    43  C   4.0  -0.102   3.441    -0.13474     1.45944     5.58414
    44  S   6.0   0.228   2.449     2.02673     3.83047     6.29033
    45  C   4.0  -0.097   3.394     3.09424     2.05583     8.82521
    46  C   4.0  -0.103   3.391     5.05917     2.21703    10.61195
    47  C   4.0  -0.011   3.553     5.01873     0.02211    12.12637
    48  C   4.0  -0.029   4.205     2.86860    -1.70151    11.36065
    49  C   4.0  -0.163   4.091     3.69914    -4.34146    10.42297
    50  C   4.0  -0.242   4.020     5.96284    -5.50534    11.76808
    51  C   4.0  -0.162   4.101     0.78745    -1.81263    13.40477
    52  C   4.0  -0.242   4.018     1.50252    -3.18438    15.82816
    53  C   4.0  -0.017   3.619     1.81263    -0.22185     9.15742
    54  C   4.0  -0.101   3.441    -0.01247    -0.57637     7.30908
    55  S   6.0   0.227   2.439    -2.01483    -3.04794     6.47533
    56  C   4.0  -0.083   3.346     6.94644     0.03572    13.86341
    57  C   4.0  -0.082   3.198     8.51643     2.17507    13.67122
    58  S   6.0   0.230   2.645     7.47254     4.24829    11.29130
    59  C   4.0  -0.073   3.196    10.66788     2.44965    15.17148
    60  C   4.0  -0.004   3.279    12.52378     4.27494    15.15352
    61  C   4.0   0.103   3.241    12.60334     6.47288    13.47866
    62  O   6.0  -0.121   1.219    11.03184     7.12691    11.92757
    63  C   4.0  -0.005   3.352    15.00537     7.77981    14.03821
    64  C   4.0  -0.076   3.246    15.98897     9.92465    12.93310
    65  C   4.0  -0.077   3.235    18.32184    10.79411    13.76949
    66  CL  7.0   0.082   1.275    19.61989    13.45428    12.43780
    67  C   4.0  -0.076   3.236    19.61158     9.50853    15.68378
    68  CL  7.0   0.082   1.282    22.49719    10.59758    16.69648
    69  C   4.0  -0.078   3.257    18.60681     7.34744    16.79494
    70  C   4.0  -0.005   3.350    16.28415     6.47439    15.96535
    71  C   4.0  -0.008   3.324    14.76348     4.29100    16.72237
    72  C   4.0  -0.037   3.119    15.40694     2.60688    18.58678
    73  C   4.0   0.236   2.165    17.64305     2.75824    20.02996
    74  N   5.0  -0.215   1.027    19.42185     2.76316    21.27189
    75  C   4.0   0.234   2.161    13.96526     0.50097    19.35174
    76  N   5.0  -0.214   1.027    12.91136    -1.24892    20.08911
    77  H   1.0   0.076   1.013    -9.91256    -5.97418   -16.05606
    78  H   1.0   0.075   1.004    -7.31607     5.15876   -25.20252
    79  H   1.0   0.074   1.005    -8.62773     1.53087   -27.83585
    80  H   1.0   0.077   1.007    -9.63817    -2.55888   -25.91702
    81  H   1.0   0.079   1.004    -9.81618    -7.18039   -11.74654
    82  H   1.0   0.082   1.004   -10.35702    -7.15620    -3.38563
    83  H   1.0   0.083   1.004   -11.42736    -7.86863    -6.47363
    84  H   1.0   0.082   1.000   -11.84537    -2.72139    -3.89340
    85  H   1.0   0.082   1.000   -12.82198    -3.38620    -7.01107
    86  H   1.0   0.081   0.999   -14.33225    -4.87077    -4.43670
    87  H   1.0   0.082   1.004    -4.29535    -6.99350    -6.83495
    88  H   1.0   0.082   1.005    -5.88631    -8.19725    -4.16118
    89  H   1.0   0.082   0.999    -8.50962   -10.94321    -6.98443
    90  H   1.0   0.082   1.000    -6.89750    -9.71603    -9.64252
    91  H   1.0   0.081   0.999    -5.25476   -11.49785    -7.36691
    92  H   1.0   0.082   1.004    -5.06069     5.18881    -0.17820
    93  H   1.0   0.082   1.004    -6.09720     3.71048     2.62766
    94  H   1.0   0.082   1.000    -1.78069     7.53717     2.28317
    95  H   1.0   0.081   0.999    -4.83297     8.07650     3.48673
    96  H   1.0   0.082   1.002    -2.77393     5.99875     5.07127
    97  H   1.0   0.082   1.005    -0.99078     4.05214    -2.10704
    98  H   1.0   0.083   1.006     0.77252     4.53005     0.69806
    99  H   1.0   0.082   1.000     2.17186     0.02740     0.58298
   100  H   1.0   0.082   1.000     0.46601    -0.42821    -2.24518
   101  H   1.0   0.081   0.999     3.05058     1.67203    -2.17791
   102  H   1.0   0.082   1.005     4.17327    -4.18555     8.41835
   103  H   1.0   0.082   1.004     2.07397    -5.60379    10.57037
   104  H   1.0   0.082   1.000     7.65641    -4.39059    11.43927
   105  H   1.0   0.081   0.999     6.28750    -7.39393    11.02334
   106  H   1.0   0.083   1.000     5.65860    -5.65746    13.78971
   107  H   1.0   0.082   1.005    -0.86323    -2.72858    12.56668
   108  H   1.0   0.082   1.004     0.25927     0.13134    13.86473
   109  H   1.0   0.082   1.000     3.17172    -2.34836    16.68118
   110  H   1.0   0.082   0.999     1.84607    -5.17728    15.47969
   111  H   1.0   0.081   0.999    -0.04535    -3.03396    17.17270
   112  H   1.0   0.079   1.005     7.33100    -1.41352    15.23403
   113  H   1.0   0.076   1.013    10.90788     0.92200    16.51261
   114  H   1.0   0.076   1.006    14.97324    10.89484    11.45646
   115  H   1.0   0.078   1.009    19.66071     6.40976    18.26307
 
  Z AO/shell   Hii/eV     exponent
  1     Sat Feb 20 21:38:01 CET 2016    EN: 2.327 GAM: 0.473  GM3: 0.0000
     1s    -13.751157    1.051071
  6     Sat Feb 20 21:38:01 CET 2016    EN: 2.731 GAM: 0.422  GM3: 0.0000
     2s    -19.378245    2.021003
     2p    -11.993376    1.497917
  7     Sat Feb 20 21:38:01 CET 2016    EN: 3.573 GAM: 0.504  GM3: 0.0000
     2s    -21.576984    2.275442
     2p    -16.125120    2.056788
  8     Sat Feb 20 21:38:01 CET 2016    EN: 3.700 GAM: 0.587  GM3: 0.0000
     2s    -21.648843    2.110798
     2p    -17.239740    2.329048
  9     Sat Feb 20 21:51:24 CET 2016    EN: 3.394 GAM: 0.669  GM3: 0.0000
     2s    -19.384211    2.614957
     2p    -19.426034    2.777297
 16     Sat Feb 20 23:13:41 CET 2016    EN: 1.915 GAM: 0.389  GM3: 0.0000
     3s    -22.000000    2.671470
     3p    -15.834192    1.836978
     3d     -2.593599    1.836978
 17     Sat Feb 20 23:13:41 CET 2016    EN: 2.375 GAM: 0.431  GM3: 0.0000
     3s    -21.000000    2.596786
     3p    -17.375270    2.088291
     3d     -1.372943    2.088291
 
 dipole moment of classical point charges (au)
     X       Y       Z   
   0.5213   1.1204  -0.7462  total (Debye):    3.669

 
 Nbf   :          391
 T(el) :   300.0
 calculating S/T integrals ...
 cpu time for ints   0.471658000000000     
 Nao   :          383
 making H0...
 making H1...
 cpu time for H      0.730240000000000     
 solving ...
 cpu time for diag   0.134682000000000     
 
 gap (eV)           :   1.556
 Koopmans IP (eV)   :  11.563
 Eel (Eh)           :  -289.744379
 T,E(Fermi),NFOD :    300.000   -10.785  0.000000
 T,E(Fermi),NFOD :    300.000   -10.785  0.000000
 Nfod               :  0.0000
 Nfod/Nel           :  0.0000

          eigenvalues
 #    :         174        175        176        177        178        179        180        181
 occ. :        2.000      2.000      2.000      2.000      2.000      2.000      2.000      2.000
 eps  :       -15.525    -15.494    -15.407    -15.393    -15.086    -14.811    -14.472    -14.445
 #    :         182        183        184        185        186        187        188        189
 occ. :        2.000      2.000      2.000      2.000      2.000      0.000      0.000      0.000
 eps  :       -14.319    -14.027    -13.545    -12.581    -11.564    -10.007     -9.637     -9.508
 #    :         190        191        192        193        194        195        196        197
 occ. :        0.000      0.000      0.000      0.000      0.000      0.000      0.000      0.000
 eps  :        -9.344     -9.109     -8.792     -8.153     -8.084     -7.864     -7.817     -7.578
                            1  SCC done.
 making H1...
 cpu time for H      0.602238000000000     
 solving ...
 cpu time for diag   7.533499999999993E-002
 
 gap (eV)           :   1.747
 Koopmans IP (eV)   :  11.953
 Eel (Eh)           :  -290.872350
 T,E(Fermi),NFOD :    300.000   -11.080  0.000000
 T,E(Fermi),NFOD :    300.000   -11.080  0.000000
 Nfod               :  0.0000
 Nfod/Nel           :  0.0000

          eigenvalues
 #    :         174        175        176        177        178        179        180        181
 occ. :        2.000      2.000      2.000      2.000      2.000      2.000      2.000      2.000
 eps  :       -15.385    -15.244    -15.152    -14.997    -14.674    -14.605    -14.396    -14.100
 #    :         182        183        184        185        186        187        188        189
 occ. :        2.000      2.000      2.000      2.000      2.000      0.000      0.000      0.000
 eps  :       -14.086    -14.056    -13.747    -12.842    -11.954    -10.207     -9.754     -9.449
 #    :         190        191        192        193        194        195        196        197
 occ. :        0.000      0.000      0.000      0.000      0.000      0.000      0.000      0.000
 eps  :        -9.335     -9.247     -9.023     -8.499     -8.425     -7.898     -7.835     -7.812
                            2  SCC done.
 
 
 Mulliken/CM5 charges    n(s)   n(p)   n(d)   
    1 C   0.0019 -0.0459   1.151  2.847  0.000
    2 C  -0.0304 -0.0321   1.167  2.864  0.000
    3 C   0.1341  0.1705   1.173  2.693  0.000
    4 O  -0.2167 -0.2618   1.620  4.597  0.000
    5 C  -0.0203 -0.0173   1.182  2.838  0.000
    6 C   0.1058  0.1212   1.170  2.724  0.000
    7 F  -0.1138 -0.1371   1.676  5.438  0.000
    8 C  -0.0196 -0.0710   1.135  2.885  0.000
    9 C  -0.0154 -0.0714   1.138  2.878  0.000
   10 C  -0.0303 -0.0829   1.143  2.887  0.000
   11 C  -0.0021 -0.0055   1.173  2.830  0.000
   12 C   0.0190  0.0183   1.195  2.786  0.000
   13 C   0.0001  0.0063   1.114  2.886  0.000
   14 C   0.0997  0.2173   1.172  2.728  0.000
   15 N  -0.2207 -0.3511   1.642  3.578  0.000
   16 C   0.0962  0.2150   1.172  2.732  0.000
   17 N  -0.2168 -0.3468   1.642  3.575  0.000
   18 C  -0.0064 -0.0008   1.164  2.843  0.000
   19 S   0.1638  0.1342   1.891  3.877  0.068
   20 C  -0.0423 -0.0278   1.195  2.848  0.000
   21 C  -0.0277 -0.0139   1.169  2.859  0.000
   22 C  -0.0669 -0.0687   1.201  2.865  0.000
   23 C   0.0252  0.0083   1.243  2.732  0.000
   24 C  -0.0564 -0.0617   1.196  2.860  0.000
   25 C  -0.0562 -0.1070   1.152  2.904  0.000
   26 C  -0.0378 -0.1450   1.142  2.896  0.000
   27 C  -0.0890 -0.2403   1.090  2.999  0.000
   28 C  -0.0391 -0.1458   1.147  2.892  0.000
   29 C  -0.0875 -0.2402   1.089  2.998  0.000
   30 C  -0.0491 -0.0355   1.171  2.878  0.000
   31 S   0.1274  0.0937   1.891  3.929  0.052
   32 C  -0.0430 -0.0292   1.174  2.869  0.000
   33 C  -0.0428 -0.0289   1.174  2.869  0.000
   34 C  -0.0616 -0.0630   1.194  2.868  0.000
   35 C   0.0285  0.0120   1.243  2.729  0.000
   36 C  -0.0612 -0.0629   1.193  2.868  0.000
   37 C  -0.0547 -0.0410   1.176  2.878  0.000
   38 S   0.1369  0.1030   1.890  3.922  0.051
   39 C  -0.0365 -0.1431   1.147  2.890  0.000
   40 C  -0.0886 -0.2408   1.090  2.999  0.000
   41 C  -0.0359 -0.1428   1.141  2.895  0.000
   42 C  -0.0895 -0.2407   1.090  3.000  0.000
   43 C  -0.0534 -0.0401   1.177  2.877  0.000
   44 S   0.1382  0.1028   1.890  3.921  0.051
   45 C  -0.0284 -0.0144   1.169  2.860  0.000
   46 C  -0.0413 -0.0266   1.194  2.847  0.000
   47 C  -0.0542 -0.0593   1.195  2.859  0.000
   48 C   0.0252  0.0086   1.247  2.728  0.000
   49 C  -0.0411 -0.1478   1.145  2.896  0.000
   50 C  -0.0885 -0.2414   1.091  2.997  0.000
   51 C  -0.0415 -0.1481   1.148  2.894  0.000
   52 C  -0.0877 -0.2407   1.090  2.998  0.000
   53 C  -0.0648 -0.0667   1.201  2.863  0.000
   54 C  -0.0494 -0.0357   1.171  2.878  0.000
   55 S   0.1271  0.0935   1.891  3.930  0.053
   56 C  -0.0555 -0.1069   1.153  2.902  0.000
   57 C  -0.0071 -0.0015   1.164  2.844  0.000
   58 S   0.1625  0.1327   1.891  3.880  0.067
   59 C   0.0009 -0.0469   1.151  2.848  0.000
   60 C  -0.0294 -0.0312   1.168  2.862  0.000
   61 C   0.1333  0.1687   1.174  2.693  0.000
   62 O  -0.2240 -0.2700   1.621  4.603  0.000
   63 C  -0.0264 -0.0282   1.185  2.842  0.000
   64 C  -0.0255 -0.0744   1.147  2.879  0.000
   65 C   0.0599  0.0561   1.152  2.788  0.000
   66 CL -0.0328 -0.0337   1.898  5.132  0.003
   67 C   0.0601  0.0561   1.152  2.788  0.000
   68 CL -0.0294 -0.0304   1.898  5.130  0.002
   69 C  -0.0364 -0.0854   1.150  2.886  0.000
   70 C  -0.0109 -0.0142   1.171  2.840  0.000
   71 C   0.0172  0.0166   1.196  2.787  0.000
   72 C  -0.0000  0.0062   1.113  2.887  0.000
   73 C   0.0947  0.2137   1.172  2.733  0.000
   74 N  -0.2158 -0.3460   1.642  3.574  0.000
   75 C   0.0982  0.2158   1.172  2.729  0.000
   76 N  -0.2205 -0.3509   1.642  3.578  0.000
   77 H   0.0597  0.1278   0.940  0.000  0.000
   78 H   0.0466  0.1044   0.953  0.000  0.000
   79 H   0.0537  0.1105   0.946  0.000  0.000
   80 H   0.0556  0.1199   0.944  0.000  0.000
   81 H   0.0600  0.1184   0.940  0.000  0.000
   82 H   0.0356  0.0926   0.964  0.000  0.000
   83 H   0.0411  0.0984   0.959  0.000  0.000
   84 H   0.0286  0.0828   0.971  0.000  0.000
   85 H   0.0317  0.0858   0.968  0.000  0.000
   86 H   0.0390  0.0909   0.961  0.000  0.000
   87 H   0.0353  0.0927   0.965  0.000  0.000
   88 H   0.0355  0.0932   0.965  0.000  0.000
   89 H   0.0318  0.0848   0.968  0.000  0.000
   90 H   0.0336  0.0874   0.966  0.000  0.000
   91 H   0.0395  0.0914   0.960  0.000  0.000
   92 H   0.0382  0.0953   0.962  0.000  0.000
   93 H   0.0344  0.0917   0.966  0.000  0.000
   94 H   0.0328  0.0861   0.967  0.000  0.000
   95 H   0.0398  0.0917   0.960  0.000  0.000
   96 H   0.0304  0.0858   0.970  0.000  0.000
   97 H   0.0392  0.0966   0.961  0.000  0.000
   98 H   0.0415  0.0998   0.959  0.000  0.000
   99 H   0.0289  0.0833   0.971  0.000  0.000
  100 H   0.0292  0.0836   0.971  0.000  0.000
  101 H   0.0406  0.0925   0.959  0.000  0.000
  102 H   0.0340  0.0918   0.966  0.000  0.000
  103 H   0.0374  0.0947   0.963  0.000  0.000
  104 H   0.0322  0.0862   0.968  0.000  0.000
  105 H   0.0389  0.0907   0.961  0.000  0.000
  106 H   0.0340  0.0879   0.966  0.000  0.000
  107 H   0.0344  0.0918   0.966  0.000  0.000
  108 H   0.0343  0.0916   0.966  0.000  0.000
  109 H   0.0330  0.0869   0.967  0.000  0.000
  110 H   0.0328  0.0861   0.967  0.000  0.000
  111 H   0.0391  0.0909   0.961  0.000  0.000
  112 H   0.0614  0.1203   0.939  0.000  0.000
  113 H   0.0603  0.1285   0.940  0.000  0.000
  114 H   0.0551  0.1148   0.945  0.000  0.000
  115 H   0.0574  0.1227   0.943  0.000  0.000
 Hirshfeld charges for QMDFF written to <charges>
 
 Loewdin charges    n(s)   n(p)   n(d)
    1 C   0.0083   1.098  2.894  0.000
    2 C  -0.0393   1.129  2.910  0.000
    3 C   0.1247   1.139  2.736  0.000
    4 O  -0.1975   1.588  4.610  0.000
    5 C  -0.0289   1.144  2.885  0.000
    6 C   0.0983   1.135  2.767  0.000
    7 F  -0.0961   1.658  5.438  0.000
    8 C  -0.0172   1.082  2.935  0.000
    9 C  -0.0047   1.082  2.923  0.000
   10 C  -0.0266   1.090  2.937  0.000
   11 C   0.0028   1.130  2.867  0.000
   12 C   0.0297   1.151  2.819  0.000
   13 C  -0.0119   1.073  2.939  0.000
   14 C   0.0941   1.138  2.768  0.000
   15 N  -0.2096   1.604  3.605  0.000
   16 C   0.0905   1.138  2.772  0.000
   17 N  -0.2059   1.604  3.602  0.000
   18 C   0.0148   1.119  2.866  0.000
   19 S   0.1190   1.878  3.876  0.126
   20 C  -0.0162   1.149  2.868  0.000
   21 C  -0.0074   1.125  2.883  0.000
   22 C  -0.0689   1.164  2.904  0.000
   23 C   0.0340   1.204  2.762  0.000
   24 C  -0.0575   1.158  2.899  0.000
   25 C  -0.0509   1.101  2.950  0.000
   26 C  -0.0333   1.082  2.951  0.000
   27 C  -0.0902   1.017  3.074  0.000
   28 C  -0.0340   1.087  2.947  0.000
   29 C  -0.0895   1.016  3.073  0.000
   30 C  -0.0281   1.128  2.900  0.000
   31 S   0.0881   1.877  3.928  0.106
   32 C  -0.0202   1.129  2.891  0.000
   33 C  -0.0200   1.130  2.890  0.000
   34 C  -0.0667   1.158  2.909  0.000
   35 C   0.0375   1.203  2.759  0.000
   36 C  -0.0659   1.157  2.909  0.000
   37 C  -0.0316   1.132  2.899  0.000
   38 S   0.0972   1.876  3.921  0.105
   39 C  -0.0311   1.087  2.944  0.000
   40 C  -0.0904   1.017  3.074  0.000
   41 C  -0.0313   1.081  2.950  0.000
   42 C  -0.0908   1.017  3.074  0.000
   43 C  -0.0304   1.133  2.898  0.000
   44 S   0.0986   1.876  3.920  0.105
   45 C  -0.0082   1.125  2.883  0.000
   46 C  -0.0153   1.148  2.867  0.000
   47 C  -0.0554   1.158  2.898  0.000
   48 C   0.0339   1.208  2.759  0.000
   49 C  -0.0367   1.086  2.951  0.000
   50 C  -0.0908   1.019  3.072  0.000
   51 C  -0.0368   1.089  2.948  0.000
   52 C  -0.0898   1.017  3.073  0.000
   53 C  -0.0665   1.164  2.902  0.000
   54 C  -0.0283   1.128  2.900  0.000
   55 S   0.0877   1.877  3.929  0.107
   56 C  -0.0506   1.102  2.949  0.000
   57 C   0.0142   1.119  2.867  0.000
   58 S   0.1179   1.878  3.879  0.125
   59 C   0.0072   1.098  2.895  0.000
   60 C  -0.0382   1.130  2.908  0.000
   61 C   0.1244   1.139  2.737  0.000
   62 O  -0.2050   1.589  4.616  0.000
   63 C  -0.0286   1.144  2.884  0.000
   64 C  -0.0235   1.095  2.929  0.000
   65 C   0.0762   1.109  2.815  0.000
   66 CL -0.0429   1.888  5.130  0.025
   67 C   0.0769   1.108  2.815  0.000
   68 CL -0.0396   1.888  5.128  0.024
   69 C  -0.0363   1.099  2.937  0.000
   70 C  -0.0079   1.128  2.880  0.000
   71 C   0.0284   1.152  2.820  0.000
   72 C  -0.0125   1.072  2.940  0.000
   73 C   0.0891   1.138  2.773  0.000
   74 N  -0.2050   1.604  3.601  0.000
   75 C   0.0928   1.138  2.769  0.000
   76 N  -0.2095   1.604  3.605  0.000
   77 H   0.0499   0.950  0.000  0.000
   78 H   0.0373   0.963  0.000  0.000
   79 H   0.0443   0.956  0.000  0.000
   80 H   0.0458   0.954  0.000  0.000
   81 H   0.0512   0.949  0.000  0.000
   82 H   0.0322   0.968  0.000  0.000
   83 H   0.0374   0.963  0.000  0.000
   84 H   0.0286   0.971  0.000  0.000
   85 H   0.0311   0.969  0.000  0.000
   86 H   0.0384   0.962  0.000  0.000
   87 H   0.0314   0.969  0.000  0.000
   88 H   0.0323   0.968  0.000  0.000
   89 H   0.0320   0.968  0.000  0.000
   90 H   0.0333   0.967  0.000  0.000
   91 H   0.0390   0.961  0.000  0.000
   92 H   0.0344   0.966  0.000  0.000
   93 H   0.0307   0.969  0.000  0.000
   94 H   0.0329   0.967  0.000  0.000
   95 H   0.0392   0.961  0.000  0.000
   96 H   0.0305   0.969  0.000  0.000
   97 H   0.0354   0.965  0.000  0.000
   98 H   0.0379   0.962  0.000  0.000
   99 H   0.0289   0.971  0.000  0.000
  100 H   0.0291   0.971  0.000  0.000
  101 H   0.0396   0.960  0.000  0.000
  102 H   0.0305   0.969  0.000  0.000
  103 H   0.0342   0.966  0.000  0.000
  104 H   0.0319   0.968  0.000  0.000
  105 H   0.0385   0.962  0.000  0.000
  106 H   0.0343   0.966  0.000  0.000
  107 H   0.0313   0.969  0.000  0.000
  108 H   0.0305   0.969  0.000  0.000
  109 H   0.0329   0.967  0.000  0.000
  110 H   0.0331   0.967  0.000  0.000
  111 H   0.0386   0.961  0.000  0.000
  112 H   0.0529   0.947  0.000  0.000
  113 H   0.0505   0.949  0.000  0.000
  114 H   0.0445   0.955  0.000  0.000
  115 H   0.0467   0.953  0.000  0.000
 
 Wiberg/Mayer (AO) data. WBOs > 0.1 written file <wbo>
 largest (>0.05) Wiberg bond orders for each atom
           total WBO             WBO to atom ...
     1  C   3.925    C    2 1.453    C   18 1.301    H   77 0.919
     2  C   3.909    C    1 1.453    C   12 1.120    C    3 1.035    O    4 0.064    C   25 0.060
     3  C   3.907    O    4 1.742    C    2 1.035    C    5 0.986
     4  O   2.188    C    3 1.742    S   19 0.076    C    2 0.064    C    5 0.056
     5  C   3.936    C    6 1.361    C   11 1.267    C    3 0.986    C    9 0.093    O    4 0.056
     6  C   3.912    C    8 1.367    C    5 1.361    F    7 0.983    C   10 0.086
     7  F   1.121    C    6 0.983
     8  C   3.955    C    9 1.438    C    6 1.367    H   78 0.945    C   11 0.095
     9  C   3.963    C    8 1.438    C   10 1.410    H   79 0.942    C    5 0.093
    10  C   3.959    C    9 1.410    C   11 1.395    H   80 0.936    C    6 0.086
    11  C   3.949    C   10 1.395    C    5 1.267    C   12 1.037    C    8 0.095
    12  C   3.928    C   13 1.453    C    2 1.120    C   11 1.037    N   15 0.089    N   17 0.088
    13  C   3.923    C   12 1.453    C   14 1.065    C   16 1.064    N   15 0.081    N   17 0.081
    14  C   3.938    N   15 2.774    C   13 1.065
    15  N   3.038    C   14 2.774    C   12 0.089    C   13 0.081
    16  C   3.938    N   17 2.782    C   13 1.064
    17  N   3.040    C   16 2.782    C   12 0.088    C   13 0.081
    18  C   3.909    C   25 1.328    C    1 1.301    S   19 1.076    C   20 0.065
    19  S   2.622    C   20 1.156    C   18 1.076    O    4 0.076    C   25 0.063    C   24 0.053
    20  C   3.912    C   24 1.288    C   21 1.192    S   19 1.156    C   18 0.065
    21  C   3.910    C   22 1.364    C   20 1.192    S   38 1.106    C   37 0.056
    22  C   3.892    C   21 1.364    C   30 1.308    C   23 0.934    S   38 0.068
    23  C   3.904    C   26 0.940    C   22 0.934    C   24 0.932    C   28 0.929
    24  C   3.908    C   25 1.438    C   20 1.288    C   23 0.932    S   19 0.053
    25  C   3.940    C   24 1.438    C   18 1.328    H   81 0.935    S   19 0.063    C    2 0.060
    26  C   3.966    C   27 1.008    H   82 0.966    H   83 0.964    C   23 0.940
    27  C   3.985    C   26 1.008    H   85 0.984    H   84 0.984    H   86 0.979
    28  C   3.963    C   29 1.007    H   87 0.967    H   88 0.964    C   23 0.929
    29  C   3.982    C   28 1.007    H   89 0.984    H   90 0.982    H   91 0.977
    30  C   3.913    C   22 1.308    C   37 1.273    S   31 1.089    C   32 0.058
    31  S   2.515    C   32 1.111    C   30 1.089    C   36 0.066
    32  C   3.900    C   36 1.379    C   33 1.171    S   31 1.111    C   30 0.058
    33  C   3.900    C   34 1.378    C   32 1.171    S   55 1.111    C   54 0.058
    34  C   3.901    C   33 1.378    C   43 1.300    C   35 0.934    S   55 0.067
    35  C   3.905    C   41 0.941    C   34 0.934    C   36 0.933    C   39 0.927
    36  C   3.902    C   32 1.379    C   37 1.300    C   35 0.933    S   31 0.066
    37  C   3.909    C   36 1.300    C   30 1.273    S   38 1.098    C   21 0.056
    38  S   2.523    C   21 1.106    C   37 1.098    C   22 0.068
    39  C   3.962    C   40 1.007    H   93 0.967    H   92 0.965    C   35 0.927
    40  C   3.982    C   39 1.007    H   94 0.983    H   96 0.981    H   95 0.977
    41  C   3.967    C   42 1.008    H   97 0.964    H   98 0.963    C   35 0.941
    42  C   3.985    C   41 1.008    H   99 0.984    H  100 0.984    H  101 0.978
    43  C   3.908    C   34 1.300    C   54 1.274    S   44 1.095    C   45 0.056
    44  S   2.522    C   45 1.105    C   43 1.095    C   53 0.067
    45  C   3.909    C   53 1.365    C   46 1.192    S   44 1.105    C   43 0.056
    46  C   3.913    C   47 1.289    C   45 1.192    S   58 1.157    C   57 0.065
    47  C   3.908    C   56 1.437    C   46 1.289    C   48 0.931    S   58 0.054
    48  C   3.901    C   53 0.933    C   49 0.933    C   51 0.932    C   47 0.931
    49  C   3.964    C   50 1.007    H  102 0.967    H  103 0.965    C   48 0.933
    50  C   3.983    C   49 1.007    H  104 0.983    H  106 0.981    H  105 0.977
    51  C   3.963    C   52 1.006    H  108 0.966    H  107 0.964    C   48 0.932
    52  C   3.982    C   51 1.006    H  110 0.983    H  109 0.982    H  111 0.977
    53  C   3.892    C   45 1.365    C   54 1.308    C   48 0.933    S   44 0.067
    54  C   3.912    C   53 1.308    C   43 1.274    S   55 1.089    C   33 0.058
    55  S   2.516    C   33 1.111    C   54 1.089    C   34 0.067
    56  C   3.939    C   47 1.437    C   57 1.328    H  112 0.934    S   58 0.062    C   60 0.061
    57  C   3.908    C   56 1.328    C   59 1.300    S   58 1.076    C   46 0.065
    58  S   2.619    C   46 1.157    C   57 1.076    O   62 0.072    C   56 0.062    C   47 0.054
    59  C   3.923    C   60 1.454    C   57 1.300    H  113 0.919
    60  C   3.906    C   59 1.454    C   71 1.113    C   61 1.040    O   62 0.064    C   56 0.061
    61  C   3.904    O   62 1.736    C   60 1.040    C   63 0.983
    62  O   2.173    C   61 1.736    S   58 0.072    C   60 0.064    C   63 0.055
    63  C   3.938    C   64 1.400    C   70 1.263    C   61 0.983    C   67 0.083    O   62 0.055
    64  C   3.960    C   63 1.400    C   65 1.376    H  114 0.941    C   69 0.083
    65  C   3.921    C   64 1.376    C   67 1.329    CL  66 1.020    C   70 0.082
    66  CL  1.175    C   65 1.020
    67  C   3.929    C   69 1.382    C   65 1.329    CL  68 1.022    C   63 0.083
    68  CL  1.180    C   67 1.022
    69  C   3.954    C   70 1.388    C   67 1.382    H  115 0.933    C   64 0.083
    70  C   3.949    C   69 1.388    C   63 1.263    C   71 1.044    C   65 0.082
    71  C   3.928    C   72 1.453    C   60 1.113    C   70 1.044    N   76 0.089    N   74 0.088
    72  C   3.922    C   71 1.453    C   75 1.066    C   73 1.064    N   74 0.081    N   76 0.081
    73  C   3.938    N   74 2.783    C   72 1.064
    74  N   3.041    C   73 2.783    C   71 0.088    C   72 0.081
    75  C   3.938    N   76 2.774    C   72 1.066
    76  N   3.037    C   75 2.774    C   71 0.089    C   72 0.081
    77  H   0.993    C    1 0.919
    78  H   0.994    C    8 0.945
    79  H   0.993    C    9 0.942
    80  H   0.995    C   10 0.936
    81  H   0.995    C   25 0.935
    82  H   0.997    C   26 0.966
    83  H   0.996    C   26 0.964
    84  H   0.999    C   27 0.984
    85  H   0.999    C   27 0.984
    86  H   0.998    C   27 0.979
    87  H   0.998    C   28 0.967
    88  H   0.996    C   28 0.964
    89  H   0.999    C   29 0.984
    90  H   0.999    C   29 0.982
    91  H   0.997    C   29 0.977
    92  H   0.996    C   39 0.965
    93  H   0.998    C   39 0.967
    94  H   0.999    C   40 0.983
    95  H   0.996    C   40 0.977
    96  H   0.999    C   40 0.981
    97  H   0.996    C   41 0.964
    98  H   0.996    C   41 0.963
    99  H   0.999    C   42 0.984
   100  H   0.999    C   42 0.984
   101  H   0.998    C   42 0.978
   102  H   0.999    C   49 0.967
   103  H   0.996    C   49 0.965
   104  H   0.999    C   50 0.983
   105  H   0.997    C   50 0.977
   106  H   0.999    C   50 0.981
   107  H   0.997    C   51 0.964
   108  H   0.998    C   51 0.966
   109  H   0.999    C   52 0.982
   110  H   0.999    C   52 0.983
   111  H   0.997    C   52 0.977
   112  H   0.994    C   56 0.934
   113  H   0.993    C   59 0.919
   114  H   0.995    C   64 0.941
   115  H   0.994    C   69 0.933
 
 --------------------------------------------
          xTB calculation for sTDA...
 --------------------------------------------
 
 reading parameter file /ihome/ghutchison/blp62/xtb4stda/.param_stda2.xtb
 
      method parameters     
 k(s)        :  1.6000
 k(p)        :  2.1800
 k(d)        :  1.9500
 k(f)        :  2.0000
 k(R-V)      :  2.2750
 k(R-R)      :  1.7650
 Tscal       :  0.2580
 Gscal       :  1.0000
 fpol        :  1.0000
 Zcnf        :  0.3430
 Zqf         :  0.0000
 kcn         :  2.7000
 Ryd Hsplit  :  0.7000
 lshift(virt):  3.1000
 lshift(OS)  :  0.2000
 wllscaling  :  2.6000
 
 mowrcut     : 3.000
 
  Z AO/shell   Hii/eV     exponent
  1     Sun Feb 14 09:53:25 CET 2016    EN: 2.327 GAM: 0.473  GM3: 0.0000
     1s    -14.339618    1.220000
     2sp    -3.348946    0.600000
  6     Sun Feb 14 09:53:25 CET 2016    EN: 2.731 GAM: 0.422  GM3: 0.0000
     2s    -22.009312    1.565095
     2p    -13.020408    1.596905
     3sp    -3.914040    0.824500
  7     Sun Feb 14 09:53:25 CET 2016    EN: 3.573 GAM: 0.504  GM3: 0.0000
     2s    -25.722000    2.064844
     2p    -18.684912    1.801692
     3sp    -4.344791    0.921400
  8     Sun Feb 14 09:53:25 CET 2016    EN: 3.700 GAM: 0.587  GM3: 0.0000
     2s    -33.859000    2.418661
     2p    -22.175911    1.973969
     3sp    -4.259392    1.013700
  9     Sun Feb 21 12:20:01 CET 2016    EN: 3.394 GAM: 0.600  GM3: 0.0000
     2s    -26.548112    1.943768
     2p    -23.081168    2.552035
     3sp    -1.937199    1.103200
 16     Sun Feb 21 16:35:57 CET 2016    EN: 1.915 GAM: 0.200  GM3: 0.0000
     3s    -17.898811    2.619580
     3p    -15.317401    1.798798
     4sp    -4.455139    0.843200
 17     Sun Feb 21 16:32:04 CET 2016    EN: 2.375 GAM: 0.300  GM3: 0.0000
     3s    -29.486180    2.293696
     3p    -18.696427    2.332982
     4sp    -5.680125    0.918900
 
 Nbf   :          803
 T(el) :     0.0
 calculating S/T integrals ...
 cpu time for ints    1.60393300000000     
 Nao   :          803
 making H0...
 making H1...
 cpu time for H      1.607300000000045E-002
 solving ...
 cpu time for diag    2.02881900000000     
 
 gap (eV)           :   4.334
 Koopmans IP (eV)   :  13.309
 Eel (Eh)           :  -320.214937

          eigenvalues
 #    :         174        175        176        177        178        179        180        181
 occ. :        2.000      2.000      2.000      2.000      2.000      2.000      2.000      2.000
 eps  :       -16.534    -16.491    -16.447    -16.245    -16.113    -16.053    -16.015    -15.794
 #    :         182        183        184        185        186        187        188        189
 occ. :        2.000      2.000      2.000      2.000      2.000      0.000      0.000      0.000
 eps  :       -15.169    -15.010    -14.968    -14.181    -13.310     -8.975     -8.779     -8.587
 #    :         190        191        192        193        194        195        196        197
 occ. :        0.000      0.000      0.000      0.000      0.000      0.000      0.000      0.000
 eps  :        -8.427     -7.384     -6.787     -6.445     -6.108     -5.985     -5.908     -5.696
                            1  SCC done.
 writing mo output ...
 molden style : F
 
speedup  4.25
cpu  time for all    7.82 s
wall time for all    1.84 s
