 
        ______________________________________
       |                                      |
       |          ===================         |
       |             xTB for sTDA             |
       |          ===================         |
       |               S. Grimme              |
       |        Universitaet Bonn, MCTC       |
       |         2015-19, Version 1.0         |
       |     Wed Apr  3 09:14:55 CEST 2019    |
       |______________________________________|
 
        This code comes without any warranty
        for non-commercial, academia use only.
        Preliminary test version.
        Cite this work as:
        S. Grimme  &  C. Bannwarth, JCP 145 (2016) 054103
        if GBSA is used additionally:
        P. Shushkov, F. März, C. Bannwarth, S. Grimme, unpublished.
 
        with help from
        P. Shushkov, G. Brandenburg, S. Dohm, J. Pisarek,
        F. März, M. Checinski, S. Ehrlich, S. Spicher, 
        P. Pracht, E. Caldeweyher, S. Ehlert, and C. Bannwarth.
 
        usage        :
        xtb4stda <coord_file> [options]
        where <coord_file> is a valid file of TM)
        (*coord, Bohr) or xmol (*xyz, Angstroem)
        format.

        options:
        -chrg <int>   : molecular charge
        -uhf  <int>   : # of unpaired electrons(=2*S)
        -nox          : skip second, extended part in sTDA-xTB
        -pop          : do population analysis
                      : (default for -nox)
        -mowr <real>  : cut MO write above (def.3 Eh)
        -molden       : write formatted molden file
        -parx <file>  : read parameters for sTDA-xTB
                        calc (def:~/.param_stda2.xtb)
        -parv <file>  : read parameters for vTB part in
                        sTDA-xTB (def: ~/.param_stda1.xtb)
        -xtemp <real> : el. temp for xTB (def. 0 K)
        -etemp <real> : el. temp for GFN (def. 300 K)
        -fod          : calculate the FOD and write
                        molden.input file with
                        appropriate occupations
                        for plotting. Def. T=12500 K
 
        -acc <real>   : xTB accuracy (def. 1.0)
        -gbsa [string1] [string2]
                        use GBSA implicit solvent
                        for solvent [string1] and
                        solvation state [string2]=
                        reference, bar1M (default=1M)
        additional GFN/opt/MD/siman options read from
        $XTB4STDAHOME/.xtb4stdarc or $set in input
 
       spin and charge state information can be on:
       <.CHRG> (charge) and <.UHF> (=nalpha-nbeta)
       -uhf and -chrg override the file info.
       useful machine settings:
       setenv MKL_NUM_THREADS <NCORE_ON_YOUR_MACHINE>
       setenv OMP_STACKSIZE 500m
       limit stacksize unlimited
 
       total energies in Eh, gaps/HL energies in eV
       please read REVISION and HOWTO files carefully
 =============================
  # OMP threads =           8
 =============================
 
 xtb4stdahome directory:/ihome/ghutchison/blp62/xtb4stda/
 
 
 name of molecule           :
 comment line               :
 number of atoms            :    85
 number of electrons        :   308
 charge                     :  0
 spin                       : 0.0
 first test random number   :  0.2383
 
 -----------------------------------------
      charge density (VTB) calculation
 -----------------------------------------
 
      method parameters     
 k(s)        :  1.8000
 k(p)        :  2.8350
 k(d)        :  2.0860
 k(f)        :  2.0000
 Tscal       :  0.3300
 Gscal       :  0.3910
 fpol        :  1.0000
 Zcnf        :  0.6500
 Zqf         :  0.0000
 kcn         :  0.3000
 kEN1        : -0.5900
 wllscal     :  2.6000
 
     -------------------------
     ! NO SOLVENT MODEL USED !
     -------------------------
 
 doing EN charges ...
 sum q :  0.0000000D+00
 point charge moment (au)
     X       Y       Z   
   1.7032  -0.9091  -0.8969  total (Debye):    5.411
 
            Z      q(EN)   CN      Cart. coordinates
     1  C   4.0  -0.058   3.135    -1.75896    -7.29926    11.02976
     2  C   4.0  -0.002   3.261    -4.00754    -6.03446    11.25332
     3  C   4.0   0.103   3.209    -4.92311    -3.88528     9.70469
     4  O   6.0  -0.104   1.055    -3.98373    -2.92548     7.84935
     5  C   4.0  -0.007   3.356    -7.32817    -3.08914    10.89559
     6  C   4.0  -0.067   3.176    -8.88115    -1.11210    10.20150
     7  C   4.0   0.022   3.164   -11.03713    -0.74077    11.64298
     8  F   7.0  -0.026   1.065   -12.60485     1.16332    11.04242
     9  C   4.0  -0.073   3.169   -11.63466    -2.26427    13.69031
    10  C   4.0  -0.070   3.165   -10.05977    -4.24754    14.36116
    11  C   4.0  -0.006   3.340    -7.88677    -4.66913    12.95275
    12  C   4.0  -0.008   3.322    -5.89179    -6.56642    13.17895
    13  C   4.0  -0.037   3.120    -5.89557    -8.51945    14.88102
    14  C   4.0   0.235   2.168    -7.81874    -8.93028    16.68345
    15  N   5.0  -0.215   1.026    -9.30425    -9.37814    18.19957
    16  C   4.0   0.235   2.164    -4.05384   -10.43677    15.08833
    17  N   5.0  -0.214   1.026    -2.66376   -12.07724    15.38785
    18  C   4.0   0.056   3.441     0.20636    -6.98216     9.27383
    19  O   6.0  -0.161   2.134     0.11716    -5.24871     7.36691
    20  C   4.0   0.062   3.670     2.24915    -5.49476     6.06073
    21  C   4.0   0.090   3.642     3.32837    -4.39021     3.92761
    22  N   5.0  -0.294   3.265     2.73084    -2.57381     2.19265
    23  C   4.0  -0.097   4.085     0.17518    -1.59531     2.14786
    24  C   4.0  -0.238   4.025    -1.32904    -2.69513    -0.05424
    25  C   4.0   0.101   3.448     4.65874    -2.49425     0.43275
    26  C   4.0   0.008   3.426     6.50954    -4.33598     1.12703
    27  C   4.0  -0.086   3.406     5.66634    -5.49135     3.35256
    28  S   6.0   0.223   2.392     6.59987    -7.85672     5.43277
    29  C   4.0  -0.087   3.358     3.78966    -7.40905     7.09951
    30  C   4.0  -0.072   3.274     2.46893    -8.35523     9.16460
    31  C   4.0   0.075   3.661     8.63775    -4.85924    -0.39835
    32  N   5.0  -0.299   2.148    10.46833    -6.51880    -0.00699
    33  S   6.0   0.429   2.896    12.36353    -6.45304    -2.40468
    34  N   5.0  -0.299   2.148    10.92243    -4.30498    -4.03513
    35  C   4.0   0.075   3.661     8.90666    -3.55911    -2.75522
    36  C   4.0   0.008   3.425     7.13277    -1.66901    -3.39527
    37  C   4.0  -0.087   3.409     7.02468    -0.04913    -5.48512
    38  S   6.0   0.225   2.394     8.64682     0.48396    -8.28494
    39  C   4.0  -0.088   3.365     6.55130     2.93796    -8.94729
    40  C   4.0  -0.071   3.259     6.06016     4.72129   -10.81660
    41  C   4.0   0.051   3.422     3.95898     6.08322    -9.99004
    42  O   6.0  -0.154   2.134     3.16321     5.19108    -7.66530
    43  C   4.0   0.062   3.643     4.71373     3.29889    -7.05284
    44  C   4.0   0.089   3.636     4.97640     1.57887    -5.07316
    45  N   5.0  -0.292   3.264     3.80194     0.99891    -2.84234
    46  C   4.0  -0.097   4.084     2.08569     2.82571    -1.74573
    47  C   4.0  -0.238   4.025     3.27962     4.16930     0.51098
    48  C   4.0   0.100   3.446     5.07618    -1.01913    -1.77426
    49  C   4.0  -0.057   3.135     2.51258     8.09974   -10.93868
    50  C   4.0  -0.003   3.260     2.61028     9.36699   -13.19104
    51  C   4.0   0.101   3.212     4.26473     8.84184   -15.38218
    52  O   6.0  -0.105   1.055     5.97985     7.33308   -15.55811
    53  C   4.0  -0.006   3.354     3.39111    10.55865   -17.40891
    54  C   4.0  -0.077   3.243     4.28269    10.74007   -19.85157
    55  C   4.0  -0.069   3.153     3.13921    12.49808   -21.43365
    56  CL  7.0   0.082   1.200     4.17119    12.80422   -24.50427
    57  C   4.0  -0.083   3.237     1.16974    14.01383   -20.57779
    58  C   4.0  -0.068   3.164     0.29177    13.81975   -18.11718
    59  C   4.0  -0.006   3.342     1.40917    12.07648   -16.50657
    60  C   4.0  -0.008   3.323     0.92426    11.42868   -13.86832
    61  C   4.0  -0.037   3.119    -0.78537    12.63320   -12.33802
    62  C   4.0   0.235   2.168    -2.35365    14.63687   -13.13926
    63  N   5.0  -0.215   1.026    -3.69158    16.26525   -13.65403
    64  C   4.0   0.235   2.164    -1.23456    12.12486    -9.75968
    65  N   5.0  -0.214   1.027    -1.72286    11.86011    -7.66076
    66  H   1.0   0.076   1.013    -1.36306    -8.77551    12.38583
    67  H   1.0   0.076   1.004    -8.43687     0.08844     8.61621
    68  H   1.0   0.075   1.005   -13.33485    -1.88425    14.74799
    69  H   1.0   0.077   1.007   -10.54467    -5.41350    15.95722
    70  H   1.0   0.084   1.004     0.19181     0.46279     2.10837
    71  H   1.0   0.083   1.006    -0.71186    -2.16336     3.92458
    72  H   1.0   0.082   0.999    -3.22293    -1.90258    -0.06463
    73  H   1.0   0.082   0.999    -0.42519    -2.29810    -1.85798
    74  H   1.0   0.082   0.999    -1.48136    -4.73433     0.14986
    75  H   1.0   0.080   1.003     3.01430    -9.83262    10.43431
    76  H   1.0   0.081   1.005     7.04584     5.02856   -12.55496
    77  H   1.0   0.083   1.006     1.68450     4.20615    -3.22746
    78  H   1.0   0.084   1.004     0.29820     1.93678    -1.24174
    79  H   1.0   0.082   0.999     1.94472     5.50817     1.31166
    80  H   1.0   0.082   1.000     3.83709     2.83081     1.96796
    81  H   1.0   0.082   0.999     4.95562     5.19788    -0.08712
    82  H   1.0   0.075   1.013     1.05862     8.66779    -9.61417
    83  H   1.0   0.076   1.006     5.80940     9.55162   -20.49257
    84  H   1.0   0.076   1.007     0.31691    15.35686   -21.85203
    85  H   1.0   0.077   1.007    -1.23985    15.01406   -17.50642
 
  Z AO/shell   Hii/eV     exponent
  1     Sat Feb 20 21:38:01 CET 2016    EN: 2.327 GAM: 0.473  GM3: 0.0000
     1s    -13.751157    1.051071
  6     Sat Feb 20 21:38:01 CET 2016    EN: 2.731 GAM: 0.422  GM3: 0.0000
     2s    -19.378245    2.021003
     2p    -11.993376    1.497917
  7     Sat Feb 20 21:38:01 CET 2016    EN: 3.573 GAM: 0.504  GM3: 0.0000
     2s    -21.576984    2.275442
     2p    -16.125120    2.056788
  8     Sat Feb 20 21:38:01 CET 2016    EN: 3.700 GAM: 0.587  GM3: 0.0000
     2s    -21.648843    2.110798
     2p    -17.239740    2.329048
  9     Sat Feb 20 21:51:24 CET 2016    EN: 3.394 GAM: 0.669  GM3: 0.0000
     2s    -19.384211    2.614957
     2p    -19.426034    2.777297
 16     Sat Feb 20 23:13:41 CET 2016    EN: 1.915 GAM: 0.389  GM3: 0.0000
     3s    -22.000000    2.671470
     3p    -15.834192    1.836978
     3d     -2.593599    1.836978
 17     Sat Feb 20 23:13:41 CET 2016    EN: 2.375 GAM: 0.431  GM3: 0.0000
     3s    -21.000000    2.596786
     3p    -17.375270    2.088291
     3d     -1.372943    2.088291
 
 dipole moment of classical point charges (au)
     X       Y       Z   
   1.7032  -0.9091  -0.8969  total (Debye):    5.411

 
 Nbf   :          304
 T(el) :   300.0
 calculating S/T integrals ...
 cpu time for ints   0.318910000000000     
 Nao   :          300
 making H0...
 making H1...
 cpu time for H      0.120040000000000     
 solving ...
 cpu time for diag   0.154253000000000     
 
 gap (eV)           :   1.447
 Koopmans IP (eV)   :  11.925
 Eel (Eh)           :  -242.609799
 T,E(Fermi),NFOD :    300.000   -11.202  0.000000
 T,E(Fermi),NFOD :    300.000   -11.202  0.000000
 Nfod               :  0.0000
 Nfod/Nel           :  0.0000

          eigenvalues
 #    :         142        143        144        145        146        147        148        149
 occ. :        2.000      2.000      2.000      2.000      2.000      2.000      2.000      2.000
 eps  :       -15.711    -15.458    -15.405    -15.390    -15.254    -14.815    -14.582    -14.369
 #    :         150        151        152        153        154        155        156        157
 occ. :        2.000      2.000      2.000      2.000      2.000      0.000      0.000      0.000
 eps  :       -14.229    -13.744    -13.520    -12.835    -11.926    -10.479     -9.739     -9.530
 #    :         158        159        160        161        162        163        164        165
 occ. :        0.000      0.000      0.000      0.000      0.000      0.000      0.000      0.000
 eps  :        -9.423     -9.278     -8.832     -8.490     -8.400     -7.481     -7.082     -6.892
                            1  SCC done.
 making H1...
 cpu time for H      0.188731000000000     
 solving ...
 cpu time for diag   4.674000000000000E-002
 
 gap (eV)           :   1.885
 Koopmans IP (eV)   :  12.252
 Eel (Eh)           :  -243.834193
 T,E(Fermi),NFOD :    300.000   -11.309  0.000000
 T,E(Fermi),NFOD :    300.000   -11.309  0.000000
 Nfod               :  0.0000
 Nfod/Nel           :  0.0000

          eigenvalues
 #    :         142        143        144        145        146        147        148        149
 occ. :        2.000      2.000      2.000      2.000      2.000      2.000      2.000      2.000
 eps  :       -15.713    -15.705    -15.603    -15.081    -14.731    -14.431    -14.372    -14.252
 #    :         150        151        152        153        154        155        156        157
 occ. :        2.000      2.000      2.000      2.000      2.000      0.000      0.000      0.000
 eps  :       -14.214    -14.079    -13.688    -13.170    -12.253    -10.368     -9.813     -9.742
 #    :         158        159        160        161        162        163        164        165
 occ. :        0.000      0.000      0.000      0.000      0.000      0.000      0.000      0.000
 eps  :        -9.379     -9.303     -8.997     -8.654     -8.591     -7.399     -7.067     -7.005
                            2  SCC done.
 
 
 Mulliken/CM5 charges    n(s)   n(p)   n(d)   
    1 C  -0.0036 -0.0505   1.153  2.851  0.000
    2 C  -0.0344 -0.0361   1.173  2.861  0.000
    3 C   0.1384  0.1744   1.174  2.688  0.000
    4 O  -0.2506 -0.2959   1.628  4.622  0.000
    5 C  -0.0234 -0.0250   1.187  2.836  0.000
    6 C  -0.0138 -0.0612   1.139  2.875  0.000
    7 C   0.1039  0.1153   1.167  2.729  0.000
    8 F  -0.1267 -0.1508   1.679  5.448  0.000
    9 C  -0.0125 -0.0638   1.133  2.880  0.000
   10 C  -0.0180 -0.0703   1.144  2.874  0.000
   11 C  -0.0083 -0.0117   1.169  2.840  0.000
   12 C   0.0126  0.0119   1.196  2.791  0.000
   13 C   0.0063  0.0124   1.114  2.880  0.000
   14 C   0.0953  0.2143   1.172  2.733  0.000
   15 N  -0.2104 -0.3406   1.642  3.569  0.000
   16 C   0.0964  0.2140   1.173  2.731  0.000
   17 N  -0.2125 -0.3429   1.642  3.571  0.000
   18 C   0.0696  0.0877   1.155  2.776  0.000
   19 O  -0.0577 -0.1244   1.478  4.580  0.000
   20 C   0.0474  0.0782   1.156  2.797  0.000
   21 C   0.0066  0.0773   1.164  2.829  0.000
   22 N  -0.0845 -0.3424   1.271  3.814  0.000
   23 C   0.0334 -0.0159   1.147  2.819  0.000
   24 C  -0.0816 -0.2286   1.093  2.989  0.000
   25 C   0.0263  0.0956   1.186  2.788  0.000
   26 C  -0.0076  0.0055   1.153  2.855  0.000
   27 C  -0.0419 -0.0201   1.167  2.875  0.000
   28 S   0.1410  0.1102   1.893  3.914  0.052
   29 C  -0.0334 -0.0202   1.161  2.873  0.000
   30 C  -0.0261 -0.0738   1.145  2.881  0.000
   31 C   0.0151  0.1032   1.203  2.782  0.000
   32 N  -0.1996 -0.3615   1.531  3.669  0.000
   33 S   0.2488  0.3839   1.909  3.691  0.151
   34 N  -0.1978 -0.3596   1.531  3.667  0.000
   35 C   0.0152  0.1033   1.203  2.782  0.000
   36 C  -0.0064  0.0067   1.153  2.854  0.000
   37 C  -0.0426 -0.0207   1.167  2.876  0.000
   38 S   0.1443  0.1134   1.892  3.911  0.052
   39 C  -0.0327 -0.0194   1.162  2.870  0.000
   40 C  -0.0218 -0.0683   1.152  2.870  0.000
   41 C   0.0679  0.0846   1.160  2.773  0.000
   42 O  -0.0844 -0.1532   1.486  4.599  0.000
   43 C   0.0424  0.0727   1.157  2.801  0.000
   44 C   0.0040  0.0741   1.166  2.830  0.000
   45 N  -0.0873 -0.3448   1.274  3.813  0.000
   46 C   0.0326 -0.0167   1.147  2.820  0.000
   47 C  -0.0816 -0.2285   1.093  2.989  0.000
   48 C   0.0238  0.0929   1.186  2.790  0.000
   49 C  -0.0057 -0.0517   1.152  2.854  0.000
   50 C  -0.0292 -0.0314   1.171  2.858  0.000
   51 C   0.1355  0.1706   1.173  2.691  0.000
   52 O  -0.2285 -0.2825   1.622  4.606  0.000
   53 C  -0.0252 -0.0270   1.189  2.836  0.000
   54 C  -0.0253 -0.0743   1.146  2.880  0.000
   55 C   0.0738  0.0665   1.150  2.776  0.000
   56 CL -0.0334 -0.0354   1.897  5.135  0.001
   57 C  -0.0278 -0.0807   1.140  2.887  0.000
   58 C  -0.0247 -0.0772   1.147  2.877  0.000
   59 C  -0.0104 -0.0138   1.168  2.843  0.000
   60 C   0.0152  0.0145   1.197  2.788  0.000
   61 C   0.0016  0.0077   1.114  2.884  0.000
   62 C   0.0956  0.2146   1.172  2.732  0.000
   63 N  -0.2130 -0.3431   1.642  3.571  0.000
   64 C   0.0999  0.2175   1.172  2.728  0.000
   65 N  -0.2214 -0.3517   1.642  3.579  0.000
   66 H   0.0678  0.1363   0.932  0.000  0.000
   67 H   0.0507  0.1103   0.949  0.000  0.000
   68 H   0.0505  0.1084   0.949  0.000  0.000
   69 H   0.0600  0.1243   0.940  0.000  0.000
   70 H   0.0580  0.1255   0.942  0.000  0.000
   71 H   0.0597  0.1337   0.940  0.000  0.000
   72 H   0.0458  0.0982   0.954  0.000  0.000
   73 H   0.0318  0.0890   0.968  0.000  0.000
   74 H   0.0337  0.0885   0.966  0.000  0.000
   75 H   0.0711  0.1290   0.929  0.000  0.000
   76 H   0.0808  0.1497   0.919  0.000  0.000
   77 H   0.0547  0.1265   0.945  0.000  0.000
   78 H   0.0592  0.1265   0.941  0.000  0.000
   79 H   0.0458  0.0981   0.954  0.000  0.000
   80 H   0.0330  0.0901   0.967  0.000  0.000
   81 H   0.0337  0.0884   0.966  0.000  0.000
   82 H   0.0606  0.1327   0.939  0.000  0.000
   83 H   0.0509  0.1105   0.949  0.000  0.000
   84 H   0.0487  0.1066   0.951  0.000  0.000
   85 H   0.0562  0.1203   0.944  0.000  0.000
 Hirshfeld charges for QMDFF written to <charges>
 
 Loewdin charges    n(s)   n(p)   n(d)
    1 C   0.0023   1.099  2.899  0.000
    2 C  -0.0427   1.135  2.907  0.000
    3 C   0.1287   1.140  2.732  0.000
    4 O  -0.2346   1.597  4.637  0.000
    5 C  -0.0240   1.146  2.878  0.000
    6 C  -0.0128   1.086  2.927  0.000
    7 C   0.0990   1.131  2.770  0.000
    8 F  -0.1090   1.662  5.447  0.000
    9 C  -0.0095   1.080  2.930  0.000
   10 C  -0.0114   1.090  2.921  0.000
   11 C  -0.0064   1.127  2.880  0.000
   12 C   0.0238   1.152  2.824  0.000
   13 C  -0.0061   1.073  2.933  0.000
   14 C   0.0896   1.138  2.773  0.000
   15 N  -0.1996   1.604  3.596  0.000
   16 C   0.0911   1.138  2.771  0.000
   17 N  -0.2018   1.604  3.598  0.000
   18 C   0.0545   1.122  2.823  0.000
   19 O  -0.0131   1.435  4.578  0.000
   20 C   0.0295   1.126  2.844  0.000
   21 C  -0.0079   1.134  2.873  0.000
   22 N  -0.0405   1.229  3.812  0.000
   23 C   0.0338   1.090  2.876  0.000
   24 C  -0.0835   1.020  3.064  0.000
   25 C   0.0155   1.154  2.830  0.000
   26 C  -0.0150   1.115  2.900  0.000
   27 C  -0.0203   1.123  2.897  0.000
   28 S   0.1013   1.879  3.914  0.105
   29 C  -0.0120   1.117  2.895  0.000
   30 C  -0.0232   1.094  2.930  0.000
   31 C   0.0098   1.169  2.821  0.000
   32 N  -0.1605   1.493  3.667  0.000
   33 S   0.1844   1.902  3.698  0.216
   34 N  -0.1587   1.493  3.665  0.000
   35 C   0.0098   1.169  2.821  0.000
   36 C  -0.0137   1.115  2.899  0.000
   37 C  -0.0208   1.123  2.898  0.000
   38 S   0.1045   1.878  3.911  0.106
   39 C  -0.0110   1.118  2.893  0.000
   40 C  -0.0208   1.101  2.920  0.000
   41 C   0.0542   1.126  2.819  0.000
   42 O  -0.0402   1.444  4.596  0.000
   43 C   0.0250   1.127  2.848  0.000
   44 C  -0.0103   1.136  2.875  0.000
   45 N  -0.0438   1.232  3.812  0.000
   46 C   0.0329   1.090  2.877  0.000
   47 C  -0.0833   1.020  3.064  0.000
   48 C   0.0132   1.155  2.832  0.000
   49 C   0.0005   1.098  2.901  0.000
   50 C  -0.0371   1.134  2.903  0.000
   51 C   0.1261   1.139  2.735  0.000
   52 O  -0.2119   1.591  4.621  0.000
   53 C  -0.0262   1.148  2.878  0.000
   54 C  -0.0245   1.094  2.931  0.000
   55 C   0.0962   1.104  2.800  0.000
   56 CL -0.0433   1.887  5.133  0.023
   57 C  -0.0251   1.088  2.937  0.000
   58 C  -0.0185   1.093  2.925  0.000
   59 C  -0.0086   1.126  2.883  0.000
   60 C   0.0264   1.153  2.821  0.000
   61 C  -0.0107   1.073  2.938  0.000
   62 C   0.0898   1.138  2.772  0.000
   63 N  -0.2022   1.604  3.599  0.000
   64 C   0.0944   1.138  2.768  0.000
   65 N  -0.2104   1.604  3.606  0.000
   66 H   0.0570   0.943  0.000  0.000
   67 H   0.0403   0.960  0.000  0.000
   68 H   0.0407   0.959  0.000  0.000
   69 H   0.0492   0.951  0.000  0.000
   70 H   0.0532   0.947  0.000  0.000
   71 H   0.0521   0.948  0.000  0.000
   72 H   0.0448   0.955  0.000  0.000
   73 H   0.0319   0.968  0.000  0.000
   74 H   0.0327   0.967  0.000  0.000
   75 H   0.0599   0.940  0.000  0.000
   76 H   0.0678   0.932  0.000  0.000
   77 H   0.0479   0.952  0.000  0.000
   78 H   0.0542   0.946  0.000  0.000
   79 H   0.0448   0.955  0.000  0.000
   80 H   0.0328   0.967  0.000  0.000
   81 H   0.0327   0.967  0.000  0.000
   82 H   0.0499   0.950  0.000  0.000
   83 H   0.0407   0.959  0.000  0.000
   84 H   0.0395   0.961  0.000  0.000
   85 H   0.0458   0.954  0.000  0.000
 
 Wiberg/Mayer (AO) data. WBOs > 0.1 written file <wbo>
 largest (>0.05) Wiberg bond orders for each atom
           total WBO             WBO to atom ...
     1  C   3.923    C    2 1.490    C   18 1.264    H   66 0.921
     2  C   3.905    C    1 1.490    C   12 1.102    C    3 1.010    C   30 0.074    O    4 0.070
     3  C   3.907    O    4 1.777    C    2 1.010    C    5 0.975
     4  O   2.128    C    3 1.777    C    2 0.070    C    5 0.062
     5  C   3.938    C    6 1.398    C   11 1.274    C    3 0.975    C    9 0.092    O    4 0.062
     6  C   3.963    C    5 1.398    C    7 1.379    H   67 0.945    C   10 0.092
     7  C   3.902    C    9 1.383    C    6 1.379    F    8 0.973    C   11 0.088
     8  F   1.098    C    7 0.973
     9  C   3.962    C   10 1.430    C    7 1.383    H   68 0.945    C    5 0.092
    10  C   3.958    C    9 1.430    C   11 1.378    H   69 0.935    C    6 0.092
    11  C   3.950    C   10 1.378    C    5 1.274    C   12 1.046    C    7 0.088
    12  C   3.930    C   13 1.465    C    2 1.102    C   11 1.046    N   17 0.090    N   15 0.090
    13  C   3.926    C   12 1.465    C   16 1.062    C   14 1.060    N   17 0.080    N   15 0.080
    14  C   3.939    N   15 2.787    C   13 1.060
    15  N   3.045    C   14 2.787    C   12 0.090    C   13 0.080
    16  C   3.939    N   17 2.778    C   13 1.062
    17  N   3.043    C   16 2.778    C   12 0.090    C   13 0.080
    18  C   3.886    C   30 1.383    C    1 1.264    O   19 1.040    C   20 0.054
    19  O   2.424    C   20 1.102    C   18 1.040    C   30 0.074
    20  C   3.901    C   29 1.274    C   21 1.259    O   19 1.102    S   28 0.056    C   18 0.054
    21  C   3.904    C   27 1.316    C   20 1.259    N   22 1.081    S   28 0.051
    22  N   3.433    C   25 1.103    C   21 1.081    C   23 0.942
    23  C   3.926    C   24 1.004    H   71 0.966    H   70 0.961    N   22 0.942
    24  C   3.981    C   23 1.004    H   74 0.985    H   73 0.982    H   72 0.974
    25  C   3.885    C   26 1.261    C   48 1.246    N   22 1.103
    26  C   3.920    C   25 1.261    C   27 1.226    C   31 1.157
    27  C   3.900    C   21 1.316    C   26 1.226    S   28 1.099
    28  S   2.481    C   27 1.099    C   29 1.083    C   20 0.056    C   21 0.051
    29  C   3.918    C   30 1.345    C   20 1.274    S   28 1.083
    30  C   3.931    C   18 1.383    C   29 1.345    H   75 0.943    O   19 0.074    C    2 0.074
    31  C   3.928    N   32 1.427    C   26 1.157    C   35 1.114    S   33 0.074
    32  N   3.071    C   31 1.427    S   33 1.285    N   34 0.201
    33  S   2.819    N   34 1.286    N   32 1.285    C   31 0.074    C   35 0.074
    34  N   3.072    C   35 1.428    S   33 1.286    N   32 0.201
    35  C   3.928    N   34 1.428    C   36 1.156    C   31 1.114    S   33 0.074
    36  C   3.920    C   48 1.266    C   37 1.222    C   35 1.156
    37  C   3.901    C   44 1.317    C   36 1.222    S   38 1.104
    38  S   2.488    C   37 1.104    C   39 1.086    C   43 0.057    C   44 0.052
    39  C   3.917    C   40 1.331    C   43 1.281    S   38 1.086    O   42 0.050
    40  C   3.924    C   41 1.400    C   39 1.331    H   76 0.924    O   42 0.070    C   50 0.061
    41  C   3.877    C   40 1.400    C   49 1.255    O   42 1.024    C   43 0.054
    42  O   2.395    C   43 1.095    C   41 1.024    C   40 0.070    C   39 0.050
    43  C   3.898    C   39 1.281    C   44 1.261    O   42 1.095    S   38 0.057    C   41 0.054
    44  C   3.903    C   37 1.317    C   43 1.261    N   45 1.077    S   38 0.052
    45  N   3.425    C   48 1.098    C   44 1.077    C   46 0.943
    46  C   3.928    C   47 1.004    H   77 0.968    H   78 0.960    N   45 0.943
    47  C   3.980    C   46 1.004    H   81 0.985    H   80 0.982    H   79 0.974
    48  C   3.885    C   36 1.266    C   25 1.246    N   45 1.098
    49  C   3.924    C   50 1.497    C   41 1.255    H   82 0.923
    50  C   3.906    C   49 1.497    C   60 1.099    C   51 1.010    O   52 0.068    C   40 0.061
    51  C   3.907    O   52 1.778    C   50 1.010    C   53 0.977
    52  O   2.157    C   51 1.778    C   50 0.068    C   53 0.060
    53  C   3.940    C   54 1.406    C   59 1.269    C   51 0.977    C   57 0.089    O   52 0.060
    54  C   3.962    C   53 1.406    C   55 1.368    H   83 0.943    C   58 0.088
    55  C   3.923    C   57 1.374    C   54 1.368    CL  56 1.021    C   59 0.086
    56  CL  1.173    C   55 1.021
    57  C   3.960    C   58 1.436    C   55 1.374    H   84 0.943    C   53 0.089
    58  C   3.958    C   57 1.436    C   59 1.374    H   85 0.936    C   54 0.088
    59  C   3.950    C   58 1.374    C   53 1.269    C   60 1.051    C   55 0.086
    60  C   3.930    C   61 1.461    C   50 1.099    C   59 1.051    N   63 0.089    N   65 0.089
    61  C   3.926    C   60 1.461    C   64 1.064    C   62 1.061    N   65 0.081    N   63 0.081
    62  C   3.939    N   63 2.786    C   61 1.061
    63  N   3.044    C   62 2.786    C   60 0.089    C   61 0.081
    64  C   3.938    N   65 2.774    C   61 1.064
    65  N   3.035    C   64 2.774    C   60 0.089    C   61 0.081
    66  H   0.993    C    1 0.921
    67  H   0.996    C    6 0.945
    68  H   0.994    C    9 0.945
    69  H   0.994    C   10 0.935
    70  H   0.996    C   23 0.961
    71  H   0.995    C   23 0.966
    72  H   0.997    C   24 0.974
    73  H   0.999    C   24 0.982
    74  H   0.999    C   24 0.985
    75  H   0.993    C   30 0.943
    76  H   0.992    C   40 0.924
    77  H   0.996    C   46 0.968
    78  H   0.996    C   46 0.960
    79  H   0.997    C   47 0.974
    80  H   0.999    C   47 0.982
    81  H   0.999    C   47 0.985
    82  H   0.993    C   49 0.923
    83  H   0.996    C   54 0.943
    84  H   0.996    C   57 0.943
    85  H   0.995    C   58 0.936
 
 --------------------------------------------
          xTB calculation for sTDA...
 --------------------------------------------
 
 reading parameter file /ihome/ghutchison/blp62/xtb4stda/.param_stda2.xtb
 
      method parameters     
 k(s)        :  1.6000
 k(p)        :  2.1800
 k(d)        :  1.9500
 k(f)        :  2.0000
 k(R-V)      :  2.2750
 k(R-R)      :  1.7650
 Tscal       :  0.2580
 Gscal       :  1.0000
 fpol        :  1.0000
 Zcnf        :  0.3430
 Zqf         :  0.0000
 kcn         :  2.7000
 Ryd Hsplit  :  0.7000
 lshift(virt):  3.1000
 lshift(OS)  :  0.2000
 wllscaling  :  2.6000
 
 mowrcut     : 3.000
 
  Z AO/shell   Hii/eV     exponent
  1     Sun Feb 14 09:53:25 CET 2016    EN: 2.327 GAM: 0.473  GM3: 0.0000
     1s    -14.339618    1.220000
     2sp    -3.348946    0.600000
  6     Sun Feb 14 09:53:25 CET 2016    EN: 2.731 GAM: 0.422  GM3: 0.0000
     2s    -22.009312    1.565095
     2p    -13.020408    1.596905
     3sp    -3.914040    0.824500
  7     Sun Feb 14 09:53:25 CET 2016    EN: 3.573 GAM: 0.504  GM3: 0.0000
     2s    -25.722000    2.064844
     2p    -18.684912    1.801692
     3sp    -4.344791    0.921400
  8     Sun Feb 14 09:53:25 CET 2016    EN: 3.700 GAM: 0.587  GM3: 0.0000
     2s    -33.859000    2.418661
     2p    -22.175911    1.973969
     3sp    -4.259392    1.013700
  9     Sun Feb 21 12:20:01 CET 2016    EN: 3.394 GAM: 0.600  GM3: 0.0000
     2s    -26.548112    1.943768
     2p    -23.081168    2.552035
     3sp    -1.937199    1.103200
 16     Sun Feb 21 16:35:57 CET 2016    EN: 1.915 GAM: 0.200  GM3: 0.0000
     3s    -17.898811    2.619580
     3p    -15.317401    1.798798
     4sp    -4.455139    0.843200
 17     Sun Feb 21 16:32:04 CET 2016    EN: 2.375 GAM: 0.300  GM3: 0.0000
     3s    -29.486180    2.293696
     3p    -18.696427    2.332982
     4sp    -5.680125    0.918900
 
 Nbf   :          620
 T(el) :     0.0
 calculating S/T integrals ...
 cpu time for ints    1.74753600000000     
 Nao   :          620
 making H0...
 making H1...
 cpu time for H      9.318999999999633E-003
 solving ...
 cpu time for diag    1.97267300000000     
 
 gap (eV)           :   4.863
 Koopmans IP (eV)   :  13.910
 Eel (Eh)           :  -274.399884

          eigenvalues
 #    :         142        143        144        145        146        147        148        149
 occ. :        2.000      2.000      2.000      2.000      2.000      2.000      2.000      2.000
 eps  :       -16.960    -16.844    -16.797    -16.748    -16.699    -16.173    -16.028    -15.991
 #    :         150        151        152        153        154        155        156        157
 occ. :        2.000      2.000      2.000      2.000      2.000      0.000      0.000      0.000
 eps  :       -15.757    -14.955    -14.852    -14.288    -13.912     -9.048     -8.869     -8.548
 #    :         158        159        160        161        162        163        164        165
 occ. :        0.000      0.000      0.000      0.000      0.000      0.000      0.000      0.000
 eps  :        -8.475     -7.209     -6.631     -6.620     -5.929     -5.628     -5.620     -5.547
                            1  SCC done.
 writing mo output ...
 molden style : F
 
speedup  4.32
cpu  time for all    4.95 s
wall time for all    1.15 s
