 
        ______________________________________
       |                                      |
       |          ===================         |
       |             xTB for sTDA             |
       |          ===================         |
       |               S. Grimme              |
       |        Universitaet Bonn, MCTC       |
       |         2015-19, Version 1.0         |
       |     Wed Apr  3 09:14:55 CEST 2019    |
       |______________________________________|
 
        This code comes without any warranty
        for non-commercial, academia use only.
        Preliminary test version.
        Cite this work as:
        S. Grimme  &  C. Bannwarth, JCP 145 (2016) 054103
        if GBSA is used additionally:
        P. Shushkov, F. März, C. Bannwarth, S. Grimme, unpublished.
 
        with help from
        P. Shushkov, G. Brandenburg, S. Dohm, J. Pisarek,
        F. März, M. Checinski, S. Ehrlich, S. Spicher, 
        P. Pracht, E. Caldeweyher, S. Ehlert, and C. Bannwarth.
 
        usage        :
        xtb4stda <coord_file> [options]
        where <coord_file> is a valid file of TM)
        (*coord, Bohr) or xmol (*xyz, Angstroem)
        format.

        options:
        -chrg <int>   : molecular charge
        -uhf  <int>   : # of unpaired electrons(=2*S)
        -nox          : skip second, extended part in sTDA-xTB
        -pop          : do population analysis
                      : (default for -nox)
        -mowr <real>  : cut MO write above (def.3 Eh)
        -molden       : write formatted molden file
        -parx <file>  : read parameters for sTDA-xTB
                        calc (def:~/.param_stda2.xtb)
        -parv <file>  : read parameters for vTB part in
                        sTDA-xTB (def: ~/.param_stda1.xtb)
        -xtemp <real> : el. temp for xTB (def. 0 K)
        -etemp <real> : el. temp for GFN (def. 300 K)
        -fod          : calculate the FOD and write
                        molden.input file with
                        appropriate occupations
                        for plotting. Def. T=12500 K
 
        -acc <real>   : xTB accuracy (def. 1.0)
        -gbsa [string1] [string2]
                        use GBSA implicit solvent
                        for solvent [string1] and
                        solvation state [string2]=
                        reference, bar1M (default=1M)
        additional GFN/opt/MD/siman options read from
        $XTB4STDAHOME/.xtb4stdarc or $set in input
 
       spin and charge state information can be on:
       <.CHRG> (charge) and <.UHF> (=nalpha-nbeta)
       -uhf and -chrg override the file info.
       useful machine settings:
       setenv MKL_NUM_THREADS <NCORE_ON_YOUR_MACHINE>
       setenv OMP_STACKSIZE 500m
       limit stacksize unlimited
 
       total energies in Eh, gaps/HL energies in eV
       please read REVISION and HOWTO files carefully
 =============================
  # OMP threads =           8
 =============================
 
 xtb4stdahome directory:/ihome/ghutchison/blp62/xtb4stda/
 
 
 name of molecule           :
 comment line               :
 number of atoms            :   112
 number of electrons        :   372
 charge                     :  0
 spin                       : 0.0
 first test random number   :  0.3600
 
 -----------------------------------------
      charge density (VTB) calculation
 -----------------------------------------
 
      method parameters     
 k(s)        :  1.8000
 k(p)        :  2.8350
 k(d)        :  2.0860
 k(f)        :  2.0000
 Tscal       :  0.3300
 Gscal       :  0.3910
 fpol        :  1.0000
 Zcnf        :  0.6500
 Zqf         :  0.0000
 kcn         :  0.3000
 kEN1        : -0.5900
 wllscal     :  2.6000
 
     -------------------------
     ! NO SOLVENT MODEL USED !
     -------------------------
 
 doing EN charges ...
 sum q :  0.9992007D-15
 point charge moment (au)
     X       Y       Z   
  -0.0844  -0.7835   0.1332  total (Debye):    2.031
 
            Z      q(EN)   CN      Cart. coordinates
     1  C   4.0  -0.074   3.227    12.54910    -8.08198    11.65375
     2  C   4.0  -0.002   3.282    14.39669    -9.71130    12.42722
     3  C   4.0   0.101   3.239    14.64386   -10.24137    15.17922
     4  O   6.0  -0.107   1.057    13.65006    -9.08164    16.87847
     5  C   4.0  -0.015   3.423    16.24503   -12.52454    15.33588
     6  C   4.0  -0.065   3.156    16.90417   -13.97811    17.41175
     7  CL  7.0   0.087   1.209    15.89902   -13.18537    20.39090
     8  C   4.0  -0.083   3.231    18.40140   -16.11294    17.04155
     9  C   4.0  -0.072   3.151    19.20321   -16.75790    14.63820
    10  C   4.0  -0.069   3.158    18.57185   -15.30773    12.54003
    11  C   4.0  -0.006   3.354    17.09389   -13.18235    12.89927
    12  C   4.0  -0.007   3.329    16.17473   -11.28960    11.10176
    13  C   4.0  -0.037   3.130    17.15418   -10.85270     8.74301
    14  C   4.0   0.239   2.170    16.58027    -8.67346     7.32817
    15  N   5.0  -0.218   1.037    16.17851    -6.86915     6.19377
    16  C   4.0   0.239   2.146    18.95641   -12.41418     7.55985
    17  N   5.0  -0.216   1.026    20.40129   -13.64420     6.50916
    18  C   4.0  -0.079   3.209    11.39354    -7.76337     9.27837
    19  C   4.0   0.052   3.441    11.28752    -9.32750     7.14864
    20  O   6.0  -0.133   2.074    12.37544   -11.64298     6.94229
    21  C   4.0  -0.115   4.075    11.28374   -13.61132     8.41873
    22  C   4.0  -0.240   4.011     8.66761   -14.33678     7.46347
    23  C   4.0  -0.104   3.479     9.86966    -8.24658     5.19089
    24  S   6.0   0.231   2.429     9.04744    -9.33109     2.18641
    25  C   4.0  -0.088   3.407     7.31173    -6.59779     1.74743
    26  C   4.0   0.008   3.425     5.74836    -5.48795    -0.08069
    27  C   4.0   0.075   3.662     5.11322    -6.30299    -2.54055
    28  C   4.0   0.075   3.662     3.47596    -4.75984    -4.04326
    29  N   5.0  -0.298   2.147     3.07742    -5.71774    -6.32000
    30  S   6.0   0.428   2.896     4.63493    -8.34125    -6.54866
    31  N   5.0  -0.299   2.148     5.86703    -8.35882    -3.75073
    32  C   4.0   0.008   3.427     2.42641    -2.56436    -2.95043
    33  C   4.0  -0.089   3.405     0.55785    -0.92408    -3.85995
    34  S   6.0   0.228   2.463    -1.31374    -0.53782    -6.50104
    35  C   4.0  -0.098   3.451    -2.91566     1.94509    -4.97584
    36  C   4.0   0.066   3.399    -4.97886     3.50261    -5.63025
    37  O   6.0  -0.143   2.078    -6.48535     3.39357    -7.63676
    38  C   4.0  -0.116   4.076    -6.09796     1.55128    -9.54312
    39  C   4.0  -0.241   4.013    -7.32760    -0.96414    -8.86848
    40  C   4.0  -0.080   3.217    -5.52235     5.24985    -3.70575
    41  S   6.0   0.221   2.540    -3.55363     4.83373    -1.06297
    42  C   4.0  -0.099   3.407    -1.94774     2.43340    -2.56133
    43  C   4.0   0.074   3.685     0.02797     0.79198    -1.92639
    44  N   5.0  -0.294   3.273     1.53805     0.31256     0.11603
    45  C   4.0   0.099   3.446     3.02734    -1.76500    -0.44805
    46  C   4.0   0.098   3.445     4.84639    -3.16642     0.94902
    47  N   5.0  -0.292   3.267     5.91617    -2.85708     3.32138
    48  C   4.0   0.074   3.683     7.38562    -4.93332     3.80024
    49  C   4.0  -0.097   3.401     8.85696    -5.87365     5.78199
    50  S   6.0   0.220   2.556     9.62967    -4.98415     8.81746
    51  C   4.0  -0.098   4.088     6.29997    -0.59696     4.81445
    52  C   4.0  -0.239   4.026     7.69496     1.43241     3.31231
    53  C   4.0  -0.098   4.088     0.98001     1.50895     2.50653
    54  C   4.0  -0.239   4.026    -0.33656    -0.31180     4.31632
    55  C   4.0  -0.075   3.225    -7.48010     7.02997    -3.49675
    56  C   4.0  -0.001   3.276    -8.78723     8.18289    -5.40953
    57  C   4.0   0.101   3.226    -7.91323     8.45161    -8.04702
    58  O   6.0  -0.104   1.060    -5.87081     7.86409    -8.91176
    59  C   4.0  -0.007   3.365    -9.93334     9.84850    -9.37550
    60  C   4.0  -0.057   3.148   -10.02386    10.44697   -11.93570
    61  C   4.0   0.003   3.506   -12.15850    11.74484   -12.64661
    62  C   4.0   0.002   3.508   -14.04822    12.43610   -10.92658
    63  C   4.0  -0.059   3.154   -13.96772    11.88581    -8.38982
    64  C   4.0  -0.007   3.363   -11.82609    10.53617    -7.63411
    65  C   4.0  -0.007   3.323   -11.12860     9.57014    -5.14232
    66  C   4.0  -0.037   3.120   -12.53417     9.84302    -2.97915
    67  C   4.0   0.235   2.166   -14.81186    11.21571    -2.81512
    68  N   5.0  -0.214   1.027   -16.66663    12.30476    -2.52354
    69  C   4.0   0.234   2.165   -11.93910     8.79743    -0.60169
    70  N   5.0  -0.214   1.027   -11.62087     7.99184     1.38989
    71  C   4.0  -0.105   4.484   -15.64485    13.66650   -12.94122
    72  C   4.0  -0.102   4.328   -17.98358    12.19497   -13.90593
    73  C   4.0  -0.062   3.281   -17.42308     9.42898   -13.50474
    74  C   4.0  -0.061   3.280   -15.63843     8.76625   -15.13482
    75  C   4.0  -0.102   4.328   -14.95964    11.07247   -16.66738
    76  C   4.0  -0.169   4.322   -17.54346    12.39566   -16.76981
    77  C   4.0  -0.105   4.482   -13.54329    12.88888   -14.86024
    78  H   1.0   0.073   1.011    11.76846    -6.92377    13.16005
    79  H   1.0   0.076   1.006    18.92201   -17.25471    18.64687
    80  H   1.0   0.074   1.005    20.34932   -18.42596    14.38592
    81  H   1.0   0.076   1.006    19.21454   -15.85404    10.68640
    82  H   1.0   0.081   1.001    12.59805   -15.19000     8.21350
    83  H   1.0   0.080   1.001    11.19247   -13.06179    10.41636
    84  H   1.0   0.081   1.000     8.75245   -14.79183     5.46187
    85  H   1.0   0.081   1.000     7.34404   -12.78551     7.73068
    86  H   1.0   0.081   0.999     7.98730   -15.97291     8.49923
    87  H   1.0   0.080   1.009    -4.08143     1.31317    -9.93127
    88  H   1.0   0.081   1.001    -6.99973     2.36216   -11.21552
    89  H   1.0   0.081   0.999    -9.33525    -0.69391    -8.52474
    90  H   1.0   0.081   1.002    -6.47250    -1.77048    -7.18379
    91  H   1.0   0.082   0.999    -7.08402    -2.28184   -10.42203
    92  H   1.0   0.084   1.004     4.51285     0.09864     5.56430
    93  H   1.0   0.083   1.011     7.45497    -1.15727     6.43168
    94  H   1.0   0.082   1.000     6.66884     1.93565     1.60381
    95  H   1.0   0.082   0.999     9.55238     0.74569     2.76391
    96  H   1.0   0.082   0.999     7.93553     3.11446     4.46504
    97  H   1.0   0.083   1.012    -0.28667     3.08630     2.09382
    98  H   1.0   0.084   1.004     2.69154     2.30603     3.32686
    99  H   1.0   0.082   1.000     0.79652    -1.99668     4.63569
   100  H   1.0   0.082   0.999    -0.68068     0.61492     6.11572
   101  H   1.0   0.082   0.999    -2.14314    -0.89365     3.52925
   102  H   1.0   0.075   1.014    -7.96935     7.51733    -1.56866
   103  H   1.0   0.075   1.004    -8.51983     9.88988   -13.19463
   104  H   1.0   0.077   1.006   -15.43264    12.44158    -7.09063
   105  H   1.0   0.088   1.004   -16.02828    15.67131   -12.69197
   106  H   1.0   0.087   1.003   -19.77901    12.87130   -13.17347
   107  H   1.0   0.078   1.002   -18.27686     8.30119   -12.04851
   108  H   1.0   0.078   1.002   -14.70282     6.97309   -15.31264
   109  H   1.0   0.087   1.003   -14.00325    10.72627   -18.45204
   110  H   1.0   0.086   1.002   -17.44519    14.33546   -17.45030
   111  H   1.0   0.085   1.002   -18.93335    11.34440   -17.86471
   112  H   1.0   0.088   1.004   -12.55780    14.38573   -15.86935
 
  Z AO/shell   Hii/eV     exponent
  1     Sat Feb 20 21:38:01 CET 2016    EN: 2.327 GAM: 0.473  GM3: 0.0000
     1s    -13.751157    1.051071
  6     Sat Feb 20 21:38:01 CET 2016    EN: 2.731 GAM: 0.422  GM3: 0.0000
     2s    -19.378245    2.021003
     2p    -11.993376    1.497917
  7     Sat Feb 20 21:38:01 CET 2016    EN: 3.573 GAM: 0.504  GM3: 0.0000
     2s    -21.576984    2.275442
     2p    -16.125120    2.056788
  8     Sat Feb 20 21:38:01 CET 2016    EN: 3.700 GAM: 0.587  GM3: 0.0000
     2s    -21.648843    2.110798
     2p    -17.239740    2.329048
 16     Sat Feb 20 23:13:41 CET 2016    EN: 1.915 GAM: 0.389  GM3: 0.0000
     3s    -22.000000    2.671470
     3p    -15.834192    1.836978
     3d     -2.593599    1.836978
 17     Sat Feb 20 23:13:41 CET 2016    EN: 2.375 GAM: 0.431  GM3: 0.0000
     3s    -21.000000    2.596786
     3p    -17.375270    2.088291
     3d     -1.372943    2.088291
 
 dipole moment of classical point charges (au)
     X       Y       Z   
  -0.0844  -0.7835   0.1332  total (Debye):    2.031

 
 Nbf   :          379
 T(el) :   300.0
 calculating S/T integrals ...
 cpu time for ints   0.429366000000000     
 Nao   :          373
 making H0...
 making H1...
 cpu time for H      0.146137000000000     
 solving ...
 cpu time for diag   0.132906000000000     
 
 gap (eV)           :   1.475
 Koopmans IP (eV)   :  11.930
 Eel (Eh)           :  -290.897058
 T,E(Fermi),NFOD :    300.000   -11.192  0.000000
 T,E(Fermi),NFOD :    300.000   -11.192  0.000000
 Nfod               :  0.0000
 Nfod/Nel           :  0.0000

          eigenvalues
 #    :         174        175        176        177        178        179        180        181
 occ. :        2.000      2.000      2.000      2.000      2.000      2.000      2.000      2.000
 eps  :       -15.413    -15.268    -15.035    -14.954    -14.853    -14.534    -14.457    -14.414
 #    :         182        183        184        185        186        187        188        189
 occ. :        2.000      2.000      2.000      2.000      2.000      0.000      0.000      0.000
 eps  :       -13.748    -13.725    -13.352    -12.830    -11.931    -10.456     -9.690     -9.599
 #    :         190        191        192        193        194        195        196        197
 occ. :        0.000      0.000      0.000      0.000      0.000      0.000      0.000      0.000
 eps  :        -9.338     -9.166     -8.962     -8.903     -8.787     -7.657     -7.551     -7.433
                            1  SCC done.
 making H1...
 cpu time for H      0.181894000000000     
 solving ...
 cpu time for diag   7.589299999999999E-002
 
 gap (eV)           :   1.991
 Koopmans IP (eV)   :  12.235
 Eel (Eh)           :  -291.584324
 T,E(Fermi),NFOD :    300.000   -11.239  0.000000
 T,E(Fermi),NFOD :    300.000   -11.239  0.000000
 Nfod               :  0.0000
 Nfod/Nel           :  0.0000

          eigenvalues
 #    :         174        175        176        177        178        179        180        181
 occ. :        2.000      2.000      2.000      2.000      2.000      2.000      2.000      2.000
 eps  :       -15.178    -15.100    -14.904    -14.661    -14.591    -14.351    -14.156    -14.088
 #    :         182        183        184        185        186        187        188        189
 occ. :        2.000      2.000      2.000      2.000      2.000      0.000      0.000      0.000
 eps  :       -13.936    -13.778    -13.500    -13.032    -12.236    -10.245     -9.734     -9.637
 #    :         190        191        192        193        194        195        196        197
 occ. :        0.000      0.000      0.000      0.000      0.000      0.000      0.000      0.000
 eps  :        -9.242     -9.196     -9.100     -8.984     -8.929     -7.764     -7.607     -7.520
                            2  SCC done.
 
 
 Mulliken/CM5 charges    n(s)   n(p)   n(d)   
    1 C  -0.0004 -0.0468   1.153  2.847  0.000
    2 C  -0.0321 -0.0351   1.176  2.856  0.000
    3 C   0.1343  0.1695   1.177  2.689  0.000
    4 O  -0.2306 -0.2770   1.627  4.604  0.000
    5 C  -0.0368 -0.0355   1.188  2.849  0.000
    6 C   0.0745  0.0708   1.154  2.772  0.000
    7 CL -0.0210 -0.0210   1.896  5.124  0.001
    8 C  -0.0324 -0.0854   1.142  2.890  0.000
    9 C  -0.0189 -0.0750   1.141  2.878  0.000
   10 C  -0.0304 -0.0831   1.141  2.889  0.000
   11 C  -0.0079 -0.0115   1.177  2.831  0.000
   12 C   0.0140  0.0136   1.197  2.789  0.000
   13 C   0.0106  0.0182   1.114  2.876  0.000
   14 C   0.1058  0.2275   1.170  2.725  0.000
   15 N  -0.2189 -0.3482   1.643  3.576  0.000
   16 C   0.0971  0.2164   1.171  2.732  0.000
   17 N  -0.2125 -0.3419   1.642  3.571  0.000
   18 C  -0.0233 -0.0122   1.167  2.856  0.000
   19 C   0.0686  0.0953   1.157  2.775  0.000
   20 O  -0.1525 -0.2359   1.466  4.686  0.000
   21 C   0.0405 -0.0426   1.139  2.821  0.000
   22 C  -0.0831 -0.2323   1.091  2.992  0.000
   23 C  -0.0418 -0.0250   1.167  2.875  0.000
   24 S   0.1376  0.1063   1.891  3.920  0.051
   25 C  -0.0469 -0.0248   1.169  2.878  0.000
   26 C  -0.0083  0.0047   1.153  2.856  0.000
   27 C   0.0158  0.1039   1.203  2.782  0.000
   28 C   0.0154  0.1035   1.203  2.782  0.000
   29 N  -0.2017 -0.3634   1.532  3.670  0.000
   30 S   0.2455  0.3804   1.910  3.694  0.151
   31 N  -0.1984 -0.3603   1.531  3.668  0.000
   32 C  -0.0106  0.0026   1.152  2.858  0.000
   33 C  -0.0499 -0.0275   1.170  2.880  0.000
   34 S   0.1273  0.0910   1.892  3.928  0.052
   35 C  -0.0547 -0.0399   1.169  2.886  0.000
   36 C   0.0902  0.1181   1.151  2.758  0.000
   37 O  -0.0975 -0.1828   1.453  4.644  0.000
   38 C   0.0524 -0.0303   1.134  2.814  0.000
   39 C  -0.0851 -0.2343   1.092  2.993  0.000
   40 C  -0.0270 -0.0156   1.156  2.871  0.000
   41 S   0.0980  0.0609   1.887  3.964  0.051
   42 C  -0.0442 -0.0263   1.166  2.878  0.000
   43 C   0.0010  0.0709   1.163  2.836  0.000
   44 N  -0.0845 -0.3426   1.270  3.814  0.000
   45 C   0.0240  0.0927   1.185  2.791  0.000
   46 C   0.0226  0.0910   1.186  2.791  0.000
   47 N  -0.0865 -0.3439   1.277  3.809  0.000
   48 C   0.0011  0.0706   1.164  2.834  0.000
   49 C  -0.0432 -0.0253   1.163  2.880  0.000
   50 S   0.1070  0.0707   1.888  3.955  0.050
   51 C   0.0296 -0.0198   1.148  2.823  0.000
   52 C  -0.0817 -0.2288   1.093  2.989  0.000
   53 C   0.0304 -0.0185   1.147  2.823  0.000
   54 C  -0.0823 -0.2294   1.093  2.989  0.000
   55 C  -0.0009 -0.0469   1.156  2.845  0.000
   56 C  -0.0390 -0.0405   1.173  2.866  0.000
   57 C   0.1316  0.1676   1.175  2.693  0.000
   58 O  -0.2477 -0.2922   1.629  4.619  0.000
   59 C  -0.0223 -0.0240   1.189  2.833  0.000
   60 C  -0.0186 -0.0678   1.151  2.868  0.000
   61 C  -0.0127 -0.0202   1.209  2.804  0.000
   62 C  -0.0125 -0.0202   1.207  2.805  0.000
   63 C  -0.0275 -0.0769   1.153  2.875  0.000
   64 C  -0.0061 -0.0093   1.174  2.832  0.000
   65 C   0.0161  0.0155   1.197  2.787  0.000
   66 C  -0.0033  0.0030   1.114  2.889  0.000
   67 C   0.0957  0.2145   1.172  2.732  0.000
   68 N  -0.2179 -0.3478   1.642  3.576  0.000
   69 C   0.0969  0.2148   1.173  2.730  0.000
   70 N  -0.2226 -0.3524   1.642  3.580  0.000
   71 C  -0.0295 -0.0850   1.218  2.812  0.000
   72 C  -0.0210 -0.0813   1.194  2.827  0.000
   73 C  -0.0508 -0.1085   1.165  2.886  0.000
   74 C  -0.0526 -0.1103   1.165  2.887  0.000
   75 C  -0.0220 -0.0823   1.194  2.828  0.000
   76 C  -0.0574 -0.1601   1.164  2.894  0.000
   77 C  -0.0322 -0.0876   1.219  2.813  0.000
   78 H   0.0671  0.1310   0.933  0.000  0.000
   79 H   0.0457  0.1036   0.954  0.000  0.000
   80 H   0.0511  0.1078   0.949  0.000  0.000
   81 H   0.0530  0.1160   0.947  0.000  0.000
   82 H   0.0442  0.1091   0.956  0.000  0.000
   83 H   0.0400  0.1053   0.960  0.000  0.000
   84 H   0.0335  0.0883   0.967  0.000  0.000
   85 H   0.0290  0.0839   0.971  0.000  0.000
   86 H   0.0408  0.0930   0.959  0.000  0.000
   87 H   0.0452  0.1122   0.955  0.000  0.000
   88 H   0.0462  0.1111   0.954  0.000  0.000
   89 H   0.0307  0.0849   0.969  0.000  0.000
   90 H   0.0304  0.0865   0.970  0.000  0.000
   91 H   0.0416  0.0940   0.958  0.000  0.000
   92 H   0.0579  0.1252   0.942  0.000  0.000
   93 H   0.0538  0.1247   0.946  0.000  0.000
   94 H   0.0331  0.0902   0.967  0.000  0.000
   95 H   0.0355  0.0902   0.965  0.000  0.000
   96 H   0.0443  0.0966   0.956  0.000  0.000
   97 H   0.0546  0.1258   0.945  0.000  0.000
   98 H   0.0585  0.1261   0.942  0.000  0.000
   99 H   0.0332  0.0908   0.967  0.000  0.000
  100 H   0.0448  0.0971   0.955  0.000  0.000
  101 H   0.0341  0.0889   0.966  0.000  0.000
  102 H   0.0637  0.1313   0.936  0.000  0.000
  103 H   0.0492  0.1077   0.951  0.000  0.000
  104 H   0.0527  0.1169   0.947  0.000  0.000
  105 H   0.0461  0.1044   0.954  0.000  0.000
  106 H   0.0455  0.1030   0.954  0.000  0.000
  107 H   0.0457  0.1024   0.954  0.000  0.000
  108 H   0.0451  0.1017   0.955  0.000  0.000
  109 H   0.0444  0.1018   0.956  0.000  0.000
  110 H   0.0323  0.0890   0.968  0.000  0.000
  111 H   0.0398  0.0962   0.960  0.000  0.000
  112 H   0.0457  0.1039   0.954  0.000  0.000
 Hirshfeld charges for QMDFF written to <charges>
 
 Loewdin charges    n(s)   n(p)   n(d)
    1 C   0.0090   1.099  2.892  0.000
    2 C  -0.0399   1.139  2.901  0.000
    3 C   0.1260   1.143  2.731  0.000
    4 O  -0.2154   1.596  4.620  0.000
    5 C  -0.0457   1.151  2.895  0.000
    6 C   0.0951   1.109  2.796  0.000
    7 CL -0.0316   1.886  5.123  0.023
    8 C  -0.0304   1.090  2.941  0.000
    9 C  -0.0085   1.085  2.923  0.000
   10 C  -0.0270   1.088  2.939  0.000
   11 C  -0.0029   1.134  2.869  0.000
   12 C   0.0243   1.153  2.822  0.000
   13 C  -0.0017   1.073  2.929  0.000
   14 C   0.0986   1.136  2.765  0.000
   15 N  -0.2073   1.605  3.602  0.000
   16 C   0.0907   1.137  2.773  0.000
   17 N  -0.2013   1.604  3.598  0.000
   18 C  -0.0059   1.124  2.882  0.000
   19 C   0.0540   1.126  2.820  0.000
   20 O  -0.1166   1.430  4.687  0.000
   21 C   0.0370   1.083  2.880  0.000
   22 C  -0.0852   1.018  3.067  0.000
   23 C  -0.0243   1.124  2.900  0.000
   24 S   0.0973   1.878  3.920  0.105
   25 C  -0.0255   1.125  2.900  0.000
   26 C  -0.0157   1.115  2.901  0.000
   27 C   0.0104   1.169  2.821  0.000
   28 C   0.0101   1.169  2.821  0.000
   29 N  -0.1628   1.494  3.668  0.000
   30 S   0.1813   1.902  3.700  0.216
   31 N  -0.1593   1.493  3.666  0.000
   32 C  -0.0180   1.114  2.904  0.000
   33 C  -0.0282   1.125  2.903  0.000
   34 S   0.0868   1.879  3.927  0.107
   35 C  -0.0386   1.128  2.911  0.000
   36 C   0.0740   1.120  2.806  0.000
   37 O  -0.0581   1.414  4.644  0.000
   38 C   0.0483   1.077  2.874  0.000
   39 C  -0.0873   1.019  3.068  0.000
   40 C  -0.0103   1.113  2.897  0.000
   41 S   0.0587   1.874  3.961  0.106
   42 C  -0.0199   1.121  2.899  0.000
   43 C  -0.0125   1.133  2.880  0.000
   44 N  -0.0408   1.228  3.813  0.000
   45 C   0.0134   1.154  2.833  0.000
   46 C   0.0120   1.155  2.833  0.000
   47 N  -0.0434   1.236  3.808  0.000
   48 C  -0.0122   1.134  2.878  0.000
   49 C  -0.0199   1.119  2.901  0.000
   50 S   0.0684   1.875  3.953  0.104
   51 C   0.0295   1.091  2.879  0.000
   52 C  -0.0834   1.020  3.064  0.000
   53 C   0.0301   1.090  2.879  0.000
   54 C  -0.0841   1.020  3.064  0.000
   55 C   0.0079   1.102  2.891  0.000
   56 C  -0.0482   1.135  2.913  0.000
   57 C   0.1228   1.141  2.736  0.000
   58 O  -0.2325   1.599  4.634  0.000
   59 C  -0.0241   1.149  2.875  0.000
   60 C  -0.0147   1.098  2.917  0.000
   61 C  -0.0084   1.168  2.840  0.000
   62 C  -0.0076   1.166  2.841  0.000
   63 C  -0.0255   1.101  2.925  0.000
   64 C  -0.0024   1.132  2.870  0.000
   65 C   0.0272   1.153  2.820  0.000
   66 C  -0.0156   1.073  2.943  0.000
   67 C   0.0900   1.138  2.772  0.000
   68 N  -0.2071   1.604  3.603  0.000
   69 C   0.0915   1.139  2.770  0.000
   70 N  -0.2117   1.604  3.607  0.000
   71 C  -0.0231   1.173  2.851  0.000
   72 C  -0.0114   1.146  2.865  0.000
   73 C  -0.0434   1.114  2.929  0.000
   74 C  -0.0451   1.114  2.931  0.000
   75 C  -0.0124   1.146  2.866  0.000
   76 C  -0.0529   1.106  2.947  0.000
   77 C  -0.0257   1.174  2.852  0.000
   78 H   0.0555   0.944  0.000  0.000
   79 H   0.0368   0.963  0.000  0.000
   80 H   0.0418   0.958  0.000  0.000
   81 H   0.0434   0.957  0.000  0.000
   82 H   0.0380   0.962  0.000  0.000
   83 H   0.0345   0.966  0.000  0.000
   84 H   0.0325   0.968  0.000  0.000
   85 H   0.0289   0.971  0.000  0.000
   86 H   0.0403   0.960  0.000  0.000
   87 H   0.0401   0.960  0.000  0.000
   88 H   0.0397   0.960  0.000  0.000
   89 H   0.0302   0.970  0.000  0.000
   90 H   0.0304   0.970  0.000  0.000
   91 H   0.0409   0.959  0.000  0.000
   92 H   0.0533   0.947  0.000  0.000
   93 H   0.0479   0.952  0.000  0.000
   94 H   0.0330   0.967  0.000  0.000
   95 H   0.0342   0.966  0.000  0.000
   96 H   0.0435   0.956  0.000  0.000
   97 H   0.0488   0.951  0.000  0.000
   98 H   0.0537   0.946  0.000  0.000
   99 H   0.0330   0.967  0.000  0.000
  100 H   0.0440   0.956  0.000  0.000
  101 H   0.0331   0.967  0.000  0.000
  102 H   0.0528   0.947  0.000  0.000
  103 H   0.0393   0.961  0.000  0.000
  104 H   0.0426   0.957  0.000  0.000
  105 H   0.0382   0.962  0.000  0.000
  106 H   0.0377   0.962  0.000  0.000
  107 H   0.0375   0.963  0.000  0.000
  108 H   0.0369   0.963  0.000  0.000
  109 H   0.0367   0.963  0.000  0.000
  110 H   0.0290   0.971  0.000  0.000
  111 H   0.0356   0.964  0.000  0.000
  112 H   0.0379   0.962  0.000  0.000
 
 Wiberg/Mayer (AO) data. WBOs > 0.1 written file <wbo>
 largest (>0.05) Wiberg bond orders for each atom
           total WBO             WBO to atom ...
     1  C   3.929    C    2 1.513    C   18 1.238    H   78 0.931
     2  C   3.915    C    1 1.513    C   12 1.110    C    3 0.983    O    4 0.068    C   19 0.054
     3  C   3.909    O    4 1.795    C    5 0.984    C    2 0.983
     4  O   2.137    C    3 1.795    C    2 0.068    C    5 0.064
     5  C   3.934    C    6 1.352    C   11 1.266    C    3 0.984    C    9 0.090    O    4 0.064
     6  C   3.935    C    8 1.357    C    5 1.352    CL   7 1.031    C   10 0.084
     7  CL  1.196    C    6 1.031
     8  C   3.954    C    9 1.445    C    6 1.357    H   79 0.943    C   11 0.094
     9  C   3.964    C    8 1.445    C   10 1.405    H   80 0.943    C    5 0.090
    10  C   3.960    C    9 1.405    C   11 1.397    H   81 0.938    C    6 0.084
    11  C   3.951    C   10 1.397    C    5 1.266    C   12 1.033    C    8 0.094
    12  C   3.937    C   13 1.459    C    2 1.110    C   11 1.033    N   15 0.094    N   17 0.092
    13  C   3.949    C   12 1.459    C   16 1.065    C   14 1.064    N   17 0.079    N   15 0.077
    14  C   3.942    N   15 2.792    C   13 1.064
    15  N   3.058    C   14 2.792    C   12 0.094    C   13 0.077
    16  C   3.941    N   17 2.790    C   13 1.065
    17  N   3.044    C   16 2.790    C   12 0.092    C   13 0.079
    18  C   3.909    C   19 1.355    C    1 1.238    S   50 1.063    C   49 0.055
    19  C   3.913    C   18 1.355    C   23 1.270    O   20 1.038    S   50 0.066    C    2 0.054
    20  O   2.215    C   19 1.038    C   21 0.961
    21  C   3.935    C   22 1.002    H   82 0.974    H   83 0.964    O   20 0.961
    22  C   3.984    C   21 1.002    H   84 0.984    H   85 0.984    H   86 0.978
    23  C   3.918    C   49 1.324    C   19 1.270    S   24 1.074
    24  S   2.493    C   25 1.109    C   23 1.074    C   49 0.055    C   48 0.053
    25  C   3.912    C   48 1.330    C   26 1.210    S   24 1.109
    26  C   3.924    C   46 1.275    C   25 1.210    C   27 1.160
    27  C   3.929    N   31 1.426    C   26 1.160    C   28 1.113    S   30 0.074
    28  C   3.929    N   29 1.425    C   32 1.160    C   27 1.113    S   30 0.073
    29  N   3.070    C   28 1.425    S   30 1.284    N   31 0.202
    30  S   2.817    N   31 1.286    N   29 1.284    C   27 0.074    C   28 0.073
    31  N   3.072    C   27 1.426    S   30 1.286    N   29 0.202
    32  C   3.922    C   45 1.273    C   33 1.210    C   28 1.160
    33  C   3.913    C   43 1.334    C   32 1.210    S   34 1.104    C   35 0.051
    34  S   2.490    C   33 1.104    C   35 1.062    C   42 0.054    C   43 0.052
    35  C   3.912    C   42 1.340    C   36 1.241    S   34 1.062    S   41 0.054    O   37 0.054    C   33 0.051
    36  C   3.909    C   40 1.332    C   35 1.241    O   37 1.107    S   41 0.060
    37  O   2.331    C   36 1.107    C   38 0.967    C   35 0.054
    38  C   3.932    C   39 1.003    H   88 0.975    O   37 0.967    H   87 0.959
    39  C   3.983    C   38 1.003    H   89 0.985    H   90 0.981    H   91 0.978
    40  C   3.909    C   36 1.332    C   55 1.269    S   41 1.058    C   42 0.051
    41  S   2.484    C   42 1.105    C   40 1.058    C   36 0.060    C   35 0.054
    42  C   3.924    C   35 1.340    C   43 1.237    S   41 1.105    S   34 0.054    C   40 0.051
    43  C   3.903    C   33 1.334    C   42 1.237    N   44 1.083    S   34 0.052
    44  N   3.432    C   45 1.098    C   43 1.083    C   53 0.947
    45  C   3.892    C   32 1.273    C   46 1.242    N   44 1.098
    46  C   3.890    C   26 1.275    C   45 1.242    N   47 1.093
    47  N   3.422    C   46 1.093    C   48 1.080    C   51 0.944
    48  C   3.903    C   25 1.330    C   49 1.244    N   47 1.080    S   24 0.053
    49  C   3.920    C   23 1.324    C   48 1.244    S   50 1.107    C   18 0.055    S   24 0.055
    50  S   2.496    C   49 1.107    C   18 1.063    C   19 0.066
    51  C   3.928    C   52 1.004    H   93 0.965    H   92 0.960    N   47 0.944
    52  C   3.980    C   51 1.004    H   95 0.985    H   94 0.982    H   96 0.975
    53  C   3.928    C   54 1.003    H   97 0.964    H   98 0.960    N   44 0.947
    54  C   3.981    C   53 1.003    H  101 0.985    H   99 0.982    H  100 0.975
    55  C   3.926    C   56 1.484    C   40 1.269    H  102 0.919
    56  C   3.913    C   55 1.484    C   65 1.111    C   57 1.011    O   58 0.069
    57  C   3.905    O   58 1.770    C   56 1.011    C   59 0.980
    58  O   2.127    C   57 1.770    C   56 0.069    C   59 0.061
    59  C   3.936    C   60 1.363    C   64 1.288    C   57 0.980    C   62 0.091    O   58 0.061
    60  C   3.961    C   61 1.419    C   59 1.363    H  103 0.942    C   63 0.083
    61  C   3.918    C   60 1.419    C   62 1.314    C   77 0.951    C   64 0.091
    62  C   3.929    C   63 1.428    C   61 1.314    C   71 0.953    C   59 0.091
    63  C   3.955    C   62 1.428    C   64 1.348    H  104 0.934    C   60 0.083
    64  C   3.946    C   63 1.348    C   59 1.288    C   65 1.047    C   61 0.091
    65  C   3.932    C   66 1.451    C   56 1.111    C   64 1.047    N   68 0.088    N   70 0.088
    66  C   3.934    C   65 1.451    C   69 1.066    C   67 1.065    N   70 0.081    N   68 0.081
    67  C   3.938    N   68 2.781    C   66 1.065
    68  N   3.040    C   67 2.781    C   65 0.088    C   66 0.081
    69  C   3.938    N   70 2.774    C   66 1.066
    70  N   3.035    C   69 2.774    C   65 0.088    C   66 0.081
    71  C   3.931    C   62 0.953    C   77 0.950    H  105 0.941    C   72 0.925
    72  C   3.949    C   73 0.991    C   76 0.969    H  106 0.947    C   71 0.925
    73  C   3.964    C   74 1.937    C   72 0.991    H  107 0.937
    74  C   3.964    C   73 1.937    C   75 0.991    H  108 0.937
    75  C   3.948    C   74 0.991    C   76 0.969    H  109 0.947    C   77 0.924
    76  C   3.962    C   72 0.969    C   75 0.969    H  110 0.964    H  111 0.958
    77  C   3.928    C   61 0.951    C   71 0.950    H  112 0.941    C   75 0.924
    78  H   0.990    C    1 0.931
    79  H   0.994    C    8 0.943
    80  H   0.994    C    9 0.943
    81  H   0.993    C   10 0.938
    82  H   0.997    C   21 0.974
    83  H   0.998    C   21 0.964
    84  H   0.999    C   22 0.984
    85  H   0.999    C   22 0.984
    86  H   0.998    C   22 0.978
    87  H   0.998    C   38 0.959
    88  H   0.997    C   38 0.975
    89  H   0.999    C   39 0.985
    90  H   0.999    C   39 0.981
    91  H   0.998    C   39 0.978
    92  H   0.996    C   51 0.960
    93  H   0.996    C   51 0.965
    94  H   0.999    C   52 0.982
    95  H   0.998    C   52 0.985
    96  H   0.997    C   52 0.975
    97  H   0.996    C   53 0.964
    98  H   0.995    C   53 0.960
    99  H   0.999    C   54 0.982
   100  H   0.997    C   54 0.975
   101  H   0.999    C   54 0.985
   102  H   0.990    C   55 0.919
   103  H   0.996    C   60 0.942
   104  H   0.995    C   63 0.934
   105  H   0.996    C   71 0.941
   106  H   0.997    C   72 0.947
   107  H   0.998    C   73 0.937
   108  H   0.998    C   74 0.937
   109  H   0.997    C   75 0.947
   110  H   0.999    C   76 0.964
   111  H   0.996    C   76 0.958
   112  H   0.996    C   77 0.941
 
 --------------------------------------------
          xTB calculation for sTDA...
 --------------------------------------------
 
 reading parameter file /ihome/ghutchison/blp62/xtb4stda/.param_stda2.xtb
 
      method parameters     
 k(s)        :  1.6000
 k(p)        :  2.1800
 k(d)        :  1.9500
 k(f)        :  2.0000
 k(R-V)      :  2.2750
 k(R-R)      :  1.7650
 Tscal       :  0.2580
 Gscal       :  1.0000
 fpol        :  1.0000
 Zcnf        :  0.3430
 Zqf         :  0.0000
 kcn         :  2.7000
 Ryd Hsplit  :  0.7000
 lshift(virt):  3.1000
 lshift(OS)  :  0.2000
 wllscaling  :  2.6000
 
 mowrcut     : 3.000
 
  Z AO/shell   Hii/eV     exponent
  1     Sun Feb 14 09:53:25 CET 2016    EN: 2.327 GAM: 0.473  GM3: 0.0000
     1s    -14.339618    1.220000
     2sp    -3.348946    0.600000
  6     Sun Feb 14 09:53:25 CET 2016    EN: 2.731 GAM: 0.422  GM3: 0.0000
     2s    -22.009312    1.565095
     2p    -13.020408    1.596905
     3sp    -3.914040    0.824500
  7     Sun Feb 14 09:53:25 CET 2016    EN: 3.573 GAM: 0.504  GM3: 0.0000
     2s    -25.722000    2.064844
     2p    -18.684912    1.801692
     3sp    -4.344791    0.921400
  8     Sun Feb 14 09:53:25 CET 2016    EN: 3.700 GAM: 0.587  GM3: 0.0000
     2s    -33.859000    2.418661
     2p    -22.175911    1.973969
     3sp    -4.259392    1.013700
 16     Sun Feb 21 16:35:57 CET 2016    EN: 1.915 GAM: 0.200  GM3: 0.0000
     3s    -17.898811    2.619580
     3p    -15.317401    1.798798
     4sp    -4.455139    0.843200
 17     Sun Feb 21 16:32:04 CET 2016    EN: 2.375 GAM: 0.300  GM3: 0.0000
     3s    -29.486180    2.293696
     3p    -18.696427    2.332982
     4sp    -5.680125    0.918900
 
 Nbf   :          791
 T(el) :     0.0
 calculating S/T integrals ...
 cpu time for ints    1.97902700000000     
 Nao   :          791
 making H0...
 making H1...
 cpu time for H      1.408399999999999E-002
 solving ...
 cpu time for diag    2.19165200000000     
 
 gap (eV)           :   4.886
 Koopmans IP (eV)   :  13.630
 Eel (Eh)           :  -323.763726

          eigenvalues
 #    :         174        175        176        177        178        179        180        181
 occ. :        2.000      2.000      2.000      2.000      2.000      2.000      2.000      2.000
 eps  :       -16.404    -16.353    -16.199    -16.020    -15.881    -15.815    -15.624    -15.354
 #    :         182        183        184        185        186        187        188        189
 occ. :        2.000      2.000      2.000      2.000      2.000      0.000      0.000      0.000
 eps  :       -15.182    -14.537    -14.368    -14.040    -13.631     -8.744     -8.552     -8.378
 #    :         190        191        192        193        194        195        196        197
 occ. :        0.000      0.000      0.000      0.000      0.000      0.000      0.000      0.000
 eps  :        -8.122     -7.075     -6.531     -6.286     -5.814     -5.775     -5.582     -5.562
                            1  SCC done.
 writing mo output ...
 molden style : F
 
speedup  3.71
cpu  time for all    5.71 s
wall time for all    1.54 s
