 
        ______________________________________
       |                                      |
       |          ===================         |
       |             xTB for sTDA             |
       |          ===================         |
       |               S. Grimme              |
       |        Universitaet Bonn, MCTC       |
       |         2015-19, Version 1.0         |
       |     Wed Apr  3 09:14:55 CEST 2019    |
       |______________________________________|
 
        This code comes without any warranty
        for non-commercial, academia use only.
        Preliminary test version.
        Cite this work as:
        S. Grimme  &  C. Bannwarth, JCP 145 (2016) 054103
        if GBSA is used additionally:
        P. Shushkov, F. März, C. Bannwarth, S. Grimme, unpublished.
 
        with help from
        P. Shushkov, G. Brandenburg, S. Dohm, J. Pisarek,
        F. März, M. Checinski, S. Ehrlich, S. Spicher, 
        P. Pracht, E. Caldeweyher, S. Ehlert, and C. Bannwarth.
 
        usage        :
        xtb4stda <coord_file> [options]
        where <coord_file> is a valid file of TM)
        (*coord, Bohr) or xmol (*xyz, Angstroem)
        format.

        options:
        -chrg <int>   : molecular charge
        -uhf  <int>   : # of unpaired electrons(=2*S)
        -nox          : skip second, extended part in sTDA-xTB
        -pop          : do population analysis
                      : (default for -nox)
        -mowr <real>  : cut MO write above (def.3 Eh)
        -molden       : write formatted molden file
        -parx <file>  : read parameters for sTDA-xTB
                        calc (def:~/.param_stda2.xtb)
        -parv <file>  : read parameters for vTB part in
                        sTDA-xTB (def: ~/.param_stda1.xtb)
        -xtemp <real> : el. temp for xTB (def. 0 K)
        -etemp <real> : el. temp for GFN (def. 300 K)
        -fod          : calculate the FOD and write
                        molden.input file with
                        appropriate occupations
                        for plotting. Def. T=12500 K
 
        -acc <real>   : xTB accuracy (def. 1.0)
        -gbsa [string1] [string2]
                        use GBSA implicit solvent
                        for solvent [string1] and
                        solvation state [string2]=
                        reference, bar1M (default=1M)
        additional GFN/opt/MD/siman options read from
        $XTB4STDAHOME/.xtb4stdarc or $set in input
 
       spin and charge state information can be on:
       <.CHRG> (charge) and <.UHF> (=nalpha-nbeta)
       -uhf and -chrg override the file info.
       useful machine settings:
       setenv MKL_NUM_THREADS <NCORE_ON_YOUR_MACHINE>
       setenv OMP_STACKSIZE 500m
       limit stacksize unlimited
 
       total energies in Eh, gaps/HL energies in eV
       please read REVISION and HOWTO files carefully
 =============================
  # OMP threads =           8
 =============================
 
 xtb4stdahome directory:/ihome/ghutchison/blp62/xtb4stda/
 
 
 name of molecule           :
 comment line               :
 number of atoms            :   145
 number of electrons        :   466
 charge                     :  0
 spin                       : 0.0
 first test random number   :  0.2688
 
 -----------------------------------------
      charge density (VTB) calculation
 -----------------------------------------
 
      method parameters     
 k(s)        :  1.8000
 k(p)        :  2.8350
 k(d)        :  2.0860
 k(f)        :  2.0000
 Tscal       :  0.3300
 Gscal       :  0.3910
 fpol        :  1.0000
 Zcnf        :  0.6500
 Zqf         :  0.0000
 kcn         :  0.3000
 kEN1        : -0.5900
 wllscal     :  2.6000
 
     -------------------------
     ! NO SOLVENT MODEL USED !
     -------------------------
 
 doing EN charges ...
 sum q :  0.4107825D-14
 point charge moment (au)
     X       Y       Z   
  -0.3605   0.9420   0.0786  total (Debye):    2.572
 
            Z      q(EN)   CN      Cart. coordinates
     1  C   4.0  -0.074   3.203    -4.97924    11.09855    -6.88049
     2  C   4.0  -0.003   3.277    -3.32308    13.09127    -6.97536
     3  C   4.0   0.103   3.244    -0.79047    13.17517    -5.86117
     4  O   6.0  -0.121   1.229     0.23527    11.55530    -4.57899
     5  C   4.0  -0.007   3.368     0.30689    15.62539    -6.58966
     6  C   4.0  -0.057   3.147     2.71213    16.52169    -6.00423
     7  C   4.0   0.003   3.500     3.22916    18.87175    -6.98065
     8  C   4.0   0.003   3.502     1.47758    20.23500    -8.42402
     9  C   4.0  -0.059   3.153    -0.90688    19.37933    -9.00058
    10  C   4.0  -0.007   3.365    -1.47021    16.98599    -8.03360
    11  C   4.0  -0.008   3.326    -3.76792    15.46722    -8.26377
    12  C   4.0  -0.037   3.120    -5.93846    16.21498    -9.47017
    13  C   4.0   0.234   2.166    -8.17892    14.78786    -9.68088
    14  N   5.0  -0.214   1.028   -10.07488    13.75909    -9.93542
    15  C   4.0   0.235   2.168    -6.26104    18.56750   -10.68130
    16  N   5.0  -0.214   1.027    -6.67054    20.43739   -11.70402
    17  C   4.0  -0.105   4.488     3.26715    22.41933    -8.81141
    18  C   4.0  -0.102   4.332     4.56766    22.58600   -11.41697
    19  C   4.0  -0.062   3.279     6.81567    24.28581   -10.95134
    20  C   4.0  -0.062   3.279     8.47561    22.99702    -9.58337
    21  C   4.0  -0.102   4.331     7.37730    20.40413    -9.10187
    22  C   4.0  -0.169   4.319     5.90766    20.01957   -11.57117
    23  C   4.0  -0.105   4.486     5.22075    20.89980    -7.20099
    24  C   4.0  -0.079   3.222    -4.76230     8.71239    -5.76159
    25  C   4.0  -0.008   3.394    -6.64900     6.85441    -5.95906
    26  C   4.0  -0.174   4.063    -9.06993     7.09724    -7.39053
    27  C   4.0  -0.243   4.030    -8.67290     6.48800   -10.19110
    28  C   4.0  -0.105   3.484    -5.94621     4.64325    -4.73339
    29  S   6.0   0.229   2.433    -7.45384     1.71020    -4.39550
    30  C   4.0  -0.089   3.412    -4.88475     0.66726    -2.67510
    31  C   4.0   0.001   3.448    -4.02398    -1.56054    -1.53200
    32  C   4.0   0.104   3.326    -5.08733    -4.01642    -1.59814
    33  N   5.0  -0.227   2.271    -7.21063    -4.48489    -2.86142
    34  C   4.0   0.095   3.365    -8.06743    -6.83363    -2.93852
    35  C   4.0  -0.086   3.275   -10.16521    -7.23028    -4.63380
    36  S   6.0   0.223   2.681   -12.10672    -4.66554    -5.28500
    37  C   4.0  -0.077   3.203   -13.86095    -6.39502    -7.42832
    38  C   4.0  -0.179   4.087   -16.09102    -5.31637    -8.76549
    39  C   4.0  -0.244   4.032   -18.24020    -4.72791    -6.92528
    40  C   4.0   0.003   3.393   -12.90513    -8.78723    -7.60464
    41  C   4.0  -0.090   3.375   -10.81018    -9.29292    -6.05449
    42  F   7.0  -0.022   1.055   -13.89043   -10.54429    -9.15988
    43  C   4.0   0.098   3.334    -6.87860    -8.76965    -1.48646
    44  C   4.0  -0.083   3.256    -7.94252   -11.23744    -0.99267
    45  C   4.0  -0.087   3.366    -6.59477   -13.35035    -0.35395
    46  C   4.0   0.004   3.388    -8.18384   -15.40977     0.18330
    47  F   7.0  -0.022   1.056    -7.27809   -17.70031     0.81277
    48  C   4.0  -0.076   3.204   -10.71305   -14.91958     0.03590
    49  C   4.0  -0.179   4.088   -12.86525   -16.69138     0.41706
    50  C   4.0  -0.243   4.032   -14.20431   -17.26246    -2.08097
    51  S   6.0   0.223   2.666   -11.17622   -11.80191    -0.83129
    52  N   5.0  -0.221   2.240    -4.67726    -8.33860    -0.37719
    53  C   4.0   0.103   3.326    -3.71029    -6.01840    -0.47716
    54  C   4.0   0.001   3.446    -1.39216    -5.43183     0.73019
    55  C   4.0  -0.089   3.410     0.21033    -7.00899     2.12840
    56  S   6.0   0.229   2.432     0.46015   -10.15954     2.93947
    57  C   4.0  -0.104   3.482     3.11106    -9.40498     4.78195
    58  C   4.0  -0.008   3.392     4.66989   -10.86139     6.30356
    59  C   4.0  -0.174   4.063     4.39267   -13.65988     6.53921
    60  C   4.0  -0.243   4.030     6.17827   -15.02351     4.71506
    61  C   4.0  -0.079   3.221     6.54866    -9.37890     7.46631
    62  S   6.0   0.226   2.677     6.32151    -6.16107     6.60913
    63  C   4.0  -0.094   3.396     3.74355    -6.82210     4.73301
    64  C   4.0   0.072   3.689     2.08210    -5.47132     3.18891
    65  N   5.0  -0.291   3.266     1.74327    -3.01147     2.43737
    66  C   4.0  -0.100   4.092     2.87843    -1.03689     3.95104
    67  C   4.0  -0.239   4.028     1.17976    -0.35036     6.18129
    68  C   4.0   0.099   3.453    -0.38154    -2.94117     0.91312
    69  C   4.0   0.102   3.451    -1.62157    -0.99853    -0.44654
    70  N   5.0  -0.295   3.269    -1.01743     1.47191    -1.01894
    71  C   4.0   0.074   3.683    -2.98974     2.48537    -2.35592
    72  C   4.0  -0.094   3.396    -3.56950     4.76759    -3.55212
    73  S   6.0   0.227   2.680    -2.13955     7.66095    -3.99205
    74  C   4.0  -0.096   4.085     1.37024     2.79339    -0.92559
    75  C   4.0  -0.241   4.026     1.40312     4.84148     1.10870
    76  C   4.0  -0.074   3.203     8.33634   -10.38423     9.12492
    77  C   4.0  -0.004   3.279    10.25800    -9.25115    10.46058
    78  C   4.0   0.102   3.238    10.90126    -6.56188    10.42656
    79  O   6.0  -0.121   1.231     9.89782    -4.88815     9.19597
    80  C   4.0  -0.006   3.338    13.01908    -6.24517    12.20347
    81  C   4.0  -0.067   3.188    14.27423    -4.09031    12.85751
    82  C   4.0  -0.005   3.254    16.24881    -4.22940    14.64953
    83  C   4.0  -0.072   3.179    17.60488    -2.06415    15.40278
    84  C   4.0  -0.072   3.157    19.50329    -2.22307    17.14870
    85  C   4.0   0.023   3.155    20.09176    -4.58561    18.18918
    86  F   7.0  -0.026   1.065    21.96334    -4.70372    19.90713
    87  C   4.0  -0.072   3.198    18.83868    -6.74424    17.52192
    88  C   4.0  -0.005   3.260    16.87847    -6.61517    15.72668
    89  C   4.0  -0.068   3.197    15.54659    -8.81784    15.00197
    90  C   4.0  -0.006   3.338    13.64080    -8.63832    13.26247
    91  C   4.0  -0.008   3.322    11.95327   -10.53900    12.17928
    92  C   4.0  -0.037   3.119    12.01960   -13.07294    12.73505
    93  C   4.0   0.234   2.163    10.42524   -14.94282    11.70836
    94  N   5.0  -0.214   1.028     9.20410   -16.57781    10.96457
    95  C   4.0   0.235   2.166    13.73642   -14.18013    14.44620
    96  N   5.0  -0.214   1.027    15.07775   -15.20795    15.80775
    97  H   1.0   0.077   1.015    -6.75483    11.36708    -7.85502
    98  H   1.0   0.075   1.004     3.99923    15.40901    -4.88097
    99  H   1.0   0.077   1.006    -2.23007    20.45836   -10.10777
   100  H   1.0   0.088   1.004     2.62218    24.24367    -8.11581
   101  H   1.0   0.087   1.003     3.32346    23.10039   -12.96711
   102  H   1.0   0.078   1.002     6.91810    26.22089   -11.55586
   103  H   1.0   0.078   1.002    10.24156    23.64047    -8.81633
   104  H   1.0   0.087   1.003     8.69501    18.93090    -8.54421
   105  H   1.0   0.086   1.003     7.15223    19.88955   -13.20427
   106  H   1.0   0.087   1.004     4.63399    18.40480   -11.54717
   107  H   1.0   0.088   1.004     5.87969    21.71087    -5.42937
   108  H   1.0   0.082   1.004    -9.85738     8.99358    -7.20647
   109  H   1.0   0.081   1.006   -10.42127     5.75516    -6.59684
   110  H   1.0   0.081   0.999    -7.32363     7.78888   -11.03468
   111  H   1.0   0.082   0.999   -10.45340     6.65429   -11.19852
   112  H   1.0   0.081   0.999    -7.96368     4.57163   -10.41088
   113  H   1.0   0.081   1.004   -16.72842    -6.67999   -10.17731
   114  H   1.0   0.080   1.004   -15.53714    -3.58084    -9.73814
   115  H   1.0   0.081   1.000   -17.61565    -3.36674    -5.51838
   116  H   1.0   0.081   0.999   -19.84458    -3.94386    -7.93931
   117  H   1.0   0.081   0.999   -18.84529    -6.43830    -5.96001
   118  H   1.0   0.080   1.007    -9.82903   -11.06964    -6.04845
   119  H   1.0   0.080   1.005    -4.56822   -13.41384    -0.29461
   120  H   1.0   0.080   1.004   -14.21754   -15.86349     1.74025
   121  H   1.0   0.081   1.004   -12.13374   -18.43806     1.23683
   122  H   1.0   0.081   1.000   -14.93167   -15.52920    -2.91301
   123  H   1.0   0.081   0.999   -15.77165   -18.55106    -1.76444
   124  H   1.0   0.081   0.999   -12.90040   -18.13060    -3.41114
   125  H   1.0   0.082   1.004     4.77458   -14.28860     8.46484
   126  H   1.0   0.081   1.007     2.44531   -14.15556     6.07131
   127  H   1.0   0.082   0.999     5.93072   -17.05326     4.89023
   128  H   1.0   0.082   0.999     8.13716   -14.56960     5.13779
   129  H   1.0   0.081   0.999     5.77803   -14.47133     2.77639
   130  H   1.0   0.086   1.005     3.27112     0.62947     2.82268
   131  H   1.0   0.082   1.009     4.67499    -1.77861     4.65024
   132  H   1.0   0.082   0.999    -0.64742     0.32390     5.51989
   133  H   1.0   0.082   1.000     0.87230    -1.99461     7.37484
   134  H   1.0   0.082   0.999     2.06736     1.11739     7.30927
   135  H   1.0   0.081   1.006     1.64671     3.70027    -2.76580
   136  H   1.0   0.083   1.003     2.88523     1.41654    -0.68068
   137  H   1.0   0.082   0.999     0.85888     4.09277     2.94193
   138  H   1.0   0.082   1.003     0.09392     6.34135     0.60585
   139  H   1.0   0.082   0.999     3.28378     5.65312     1.24646
   140  H   1.0   0.077   1.015     8.13433   -12.39887     9.40006
   141  H   1.0   0.075   1.005    13.76476    -2.29961    12.02244
   142  H   1.0   0.075   1.005    17.11600    -0.26418    14.57546
   143  H   1.0   0.075   1.004    20.55757    -0.58487    17.74717
   144  H   1.0   0.076   1.005    19.34267    -8.53230    18.36171
   145  H   1.0   0.077   1.008    16.07269   -10.59135    15.85442
 
  Z AO/shell   Hii/eV     exponent
  1     Sat Feb 20 21:38:01 CET 2016    EN: 2.327 GAM: 0.473  GM3: 0.0000
     1s    -13.751157    1.051071
  6     Sat Feb 20 21:38:01 CET 2016    EN: 2.731 GAM: 0.422  GM3: 0.0000
     2s    -19.378245    2.021003
     2p    -11.993376    1.497917
  7     Sat Feb 20 21:38:01 CET 2016    EN: 3.573 GAM: 0.504  GM3: 0.0000
     2s    -21.576984    2.275442
     2p    -16.125120    2.056788
  8     Sat Feb 20 21:38:01 CET 2016    EN: 3.700 GAM: 0.587  GM3: 0.0000
     2s    -21.648843    2.110798
     2p    -17.239740    2.329048
  9     Sat Feb 20 21:51:24 CET 2016    EN: 3.394 GAM: 0.669  GM3: 0.0000
     2s    -19.384211    2.614957
     2p    -19.426034    2.777297
 16     Sat Feb 20 23:13:41 CET 2016    EN: 1.915 GAM: 0.389  GM3: 0.0000
     3s    -22.000000    2.671470
     3p    -15.834192    1.836978
     3d     -2.593599    1.836978
 
 dipole moment of classical point charges (au)
     X       Y       Z   
  -0.3605   0.9420   0.0786  total (Debye):    2.572

 
 Nbf   :          469
 T(el) :   300.0
 calculating S/T integrals ...
 cpu time for ints   0.588709000000000     
 Nao   :          463
 making H0...
 making H1...
 cpu time for H      0.205747000000000     
 solving ...
 cpu time for diag   0.214477000000000     
 
 gap (eV)           :   1.883
 Koopmans IP (eV)   :  12.059
 Eel (Eh)           :  -364.781969
 T,E(Fermi),NFOD :    300.000   -11.117  0.000000
 T,E(Fermi),NFOD :    300.000   -11.117  0.000000
 Nfod               :  0.0000
 Nfod/Nel           :  0.0000

          eigenvalues
 #    :         221        222        223        224        225        226        227        228
 occ. :        2.000      2.000      2.000      2.000      2.000      2.000      2.000      2.000
 eps  :       -15.114    -15.023    -14.833    -14.793    -14.502    -14.386    -14.148    -13.928
 #    :         229        230        231        232        233        234        235        236
 occ. :        2.000      2.000      2.000      2.000      2.000      0.000      0.000      0.000
 eps  :       -13.892    -13.800    -12.990    -12.736    -12.060    -10.176     -9.772     -9.734
 #    :         237        238        239        240        241        242        243        244
 occ. :        0.000      0.000      0.000      0.000      0.000      0.000      0.000      0.000
 eps  :        -9.511     -9.357     -8.873     -8.832     -8.488     -8.124     -8.067     -7.896
                            1  SCC done.
 making H1...
 cpu time for H      0.282376000000000     
 solving ...
 cpu time for diag   0.134983000000000     
 
 gap (eV)           :   2.043
 Koopmans IP (eV)   :  12.237
 Eel (Eh)           :  -364.275924
 T,E(Fermi),NFOD :    300.000   -11.215  0.000000
 T,E(Fermi),NFOD :    300.000   -11.215  0.000000
 Nfod               :  0.0000
 Nfod/Nel           :  0.0000

          eigenvalues
 #    :         221        222        223        224        225        226        227        228
 occ. :        2.000      2.000      2.000      2.000      2.000      2.000      2.000      2.000
 eps  :       -14.758    -14.533    -14.363    -14.247    -14.199    -14.161    -14.107    -13.983
 #    :         229        230        231        232        233        234        235        236
 occ. :        2.000      2.000      2.000      2.000      2.000      0.000      0.000      0.000
 eps  :       -13.873    -13.818    -13.171    -12.943    -12.238    -10.195     -9.781     -9.515
 #    :         237        238        239        240        241        242        243        244
 occ. :        0.000      0.000      0.000      0.000      0.000      0.000      0.000      0.000
 eps  :        -9.357     -9.150     -8.837     -8.812     -8.557     -8.201     -7.966     -7.814
                            2  SCC done.
 
 
 Mulliken/CM5 charges    n(s)   n(p)   n(d)   
    1 C  -0.0057 -0.0538   1.153  2.853  0.000
    2 C  -0.0320 -0.0339   1.169  2.863  0.000
    3 C   0.1332  0.1684   1.175  2.691  0.000
    4 O  -0.2266 -0.2729   1.621  4.605  0.000
    5 C  -0.0182 -0.0200   1.186  2.832  0.000
    6 C  -0.0174 -0.0667   1.151  2.867  0.000
    7 C  -0.0154 -0.0241   1.210  2.805  0.000
    8 C  -0.0159 -0.0248   1.209  2.807  0.000
    9 C  -0.0280 -0.0776   1.153  2.875  0.000
   10 C  -0.0065 -0.0097   1.175  2.832  0.000
   11 C   0.0174  0.0167   1.197  2.786  0.000
   12 C  -0.0003  0.0058   1.115  2.885  0.000
   13 C   0.0992  0.2163   1.172  2.728  0.000
   14 N  -0.2175 -0.3507   1.642  3.575  0.000
   15 C   0.0975  0.2163   1.171  2.731  0.000
   16 N  -0.2138 -0.3439   1.642  3.572  0.000
   17 C  -0.0281 -0.0833   1.219  2.809  0.000
   18 C  -0.0206 -0.0810   1.192  2.828  0.000
   19 C  -0.0466 -0.1052   1.166  2.880  0.000
   20 C  -0.0481 -0.1066   1.166  2.882  0.000
   21 C  -0.0213 -0.0816   1.193  2.829  0.000
   22 C  -0.0636 -0.1656   1.159  2.905  0.000
   23 C  -0.0305 -0.0857   1.220  2.811  0.000
   24 C  -0.0194 -0.0117   1.167  2.852  0.000
   25 C  -0.0197 -0.0277   1.195  2.825  0.000
   26 C  -0.0271 -0.1332   1.122  2.905  0.000
   27 C  -0.0851 -0.2365   1.095  2.990  0.000
   28 C  -0.0532 -0.0400   1.173  2.880  0.000
   29 S   0.1173  0.0849   1.893  3.940  0.050
   30 C  -0.0433 -0.0206   1.170  2.873  0.000
   31 C  -0.0143 -0.0004   1.155  2.859  0.000
   32 C   0.0477  0.1304   1.179  2.773  0.000
   33 N  -0.1820 -0.3661   1.480  3.702  0.000
   34 C   0.0601  0.1446   1.190  2.750  0.000
   35 C  -0.0190 -0.0016   1.162  2.857  0.000
   36 S   0.1251  0.0919   1.884  3.943  0.048
   37 C  -0.0375 -0.0317   1.191  2.846  0.000
   38 C  -0.0220 -0.1259   1.118  2.904  0.000
   39 C  -0.0864 -0.2373   1.096  2.990  0.000
   40 C   0.0391  0.0550   1.164  2.797  0.000
   41 C  -0.0666 -0.1125   1.138  2.928  0.000
   42 F  -0.1372 -0.1609   1.687  5.450  0.000
   43 C   0.0589  0.1424   1.190  2.751  0.000
   44 C  -0.0219 -0.0058   1.161  2.861  0.000
   45 C  -0.0533 -0.0983   1.137  2.916  0.000
   46 C   0.0416  0.0576   1.163  2.795  0.000
   47 F  -0.1350 -0.1587   1.686  5.449  0.000
   48 C  -0.0355 -0.0298   1.191  2.845  0.000
   49 C  -0.0217 -0.1255   1.118  2.904  0.000
   50 C  -0.0867 -0.2375   1.097  2.990  0.000
   51 S   0.1117  0.0736   1.885  3.954  0.049
   52 N  -0.1881 -0.3736   1.480  3.708  0.000
   53 C   0.0455  0.1280   1.179  2.775  0.000
   54 C  -0.0137  0.0000   1.156  2.858  0.000
   55 C  -0.0438 -0.0212   1.172  2.872  0.000
   56 S   0.1179  0.0852   1.893  3.939  0.050
   57 C  -0.0524 -0.0392   1.173  2.879  0.000
   58 C  -0.0190 -0.0270   1.196  2.823  0.000
   59 C  -0.0265 -0.1325   1.122  2.904  0.000
   60 C  -0.0846 -0.2360   1.095  2.989  0.000
   61 C  -0.0178 -0.0102   1.168  2.850  0.000
   62 S   0.1191  0.0880   1.895  3.920  0.066
   63 C  -0.0585 -0.0407   1.188  2.870  0.000
   64 C  -0.0027  0.0663   1.169  2.833  0.000
   65 N  -0.0778 -0.3339   1.281  3.797  0.000
   66 C   0.0270 -0.0224   1.147  2.826  0.000
   67 C  -0.0846 -0.2314   1.094  2.991  0.000
   68 C   0.0292  0.0984   1.186  2.784  0.000
   69 C   0.0322  0.1021   1.184  2.783  0.000
   70 N  -0.0761 -0.3336   1.261  3.815  0.000
   71 C  -0.0019  0.0678   1.168  2.834  0.000
   72 C  -0.0578 -0.0400   1.186  2.872  0.000
   73 S   0.1184  0.0866   1.895  3.921  0.066
   74 C   0.0329 -0.0154   1.146  2.821  0.000
   75 C  -0.0810 -0.2287   1.093  2.988  0.000
   76 C  -0.0038 -0.0519   1.153  2.851  0.000
   77 C  -0.0298 -0.0317   1.169  2.861  0.000
   78 C   0.1329  0.1681   1.174  2.693  0.000
   79 O  -0.2315 -0.2776   1.621  4.611  0.000
   80 C  -0.0213 -0.0232   1.180  2.841  0.000
   81 C  -0.0197 -0.0693   1.150  2.870  0.000
   82 C   0.0043 -0.0029   1.164  2.832  0.000
   83 C  -0.0274 -0.0808   1.140  2.887  0.000
   84 C  -0.0178 -0.0694   1.132  2.886  0.000
   85 C   0.0973  0.1084   1.164  2.738  0.000
   86 F  -0.1304 -0.1544   1.680  5.451  0.000
   87 C  -0.0288 -0.0775   1.135  2.894  0.000
   88 C   0.0145  0.0074   1.164  2.822  0.000
   89 C  -0.0262 -0.0760   1.151  2.876  0.000
   90 C  -0.0053 -0.0087   1.168  2.837  0.000
   91 C   0.0163  0.0156   1.196  2.788  0.000
   92 C  -0.0002  0.0059   1.113  2.887  0.000
   93 C   0.0972  0.2143   1.173  2.730  0.000
   94 N  -0.2192 -0.3526   1.642  3.577  0.000
   95 C   0.0950  0.2138   1.172  2.733  0.000
   96 N  -0.2152 -0.3454   1.642  3.573  0.000
   97 H   0.0664  0.1371   0.934  0.000  0.000
   98 H   0.0501  0.1087   0.950  0.000  0.000
   99 H   0.0533  0.1176   0.947  0.000  0.000
  100 H   0.0478  0.1065   0.952  0.000  0.000
  101 H   0.0462  0.1039   0.954  0.000  0.000
  102 H   0.0473  0.1035   0.953  0.000  0.000
  103 H   0.0468  0.1030   0.953  0.000  0.000
  104 H   0.0451  0.1028   0.955  0.000  0.000
  105 H   0.0376  0.0944   0.962  0.000  0.000
  106 H   0.0359  0.0953   0.964  0.000  0.000
  107 H   0.0471  0.1058   0.953  0.000  0.000
  108 H   0.0503  0.1083   0.950  0.000  0.000
  109 H   0.0433  0.1009   0.957  0.000  0.000
  110 H   0.0304  0.0838   0.970  0.000  0.000
  111 H   0.0396  0.0916   0.960  0.000  0.000
  112 H   0.0299  0.0828   0.970  0.000  0.000
  113 H   0.0438  0.1008   0.956  0.000  0.000
  114 H   0.0450  0.1009   0.955  0.000  0.000
  115 H   0.0312  0.0846   0.969  0.000  0.000
  116 H   0.0365  0.0883   0.963  0.000  0.000
  117 H   0.0298  0.0824   0.970  0.000  0.000
  118 H   0.0573  0.1178   0.943  0.000  0.000
  119 H   0.0592  0.1205   0.941  0.000  0.000
  120 H   0.0447  0.1006   0.955  0.000  0.000
  121 H   0.0450  0.1019   0.955  0.000  0.000
  122 H   0.0308  0.0841   0.969  0.000  0.000
  123 H   0.0366  0.0883   0.963  0.000  0.000
  124 H   0.0305  0.0831   0.969  0.000  0.000
  125 H   0.0506  0.1085   0.949  0.000  0.000
  126 H   0.0434  0.1010   0.957  0.000  0.000
  127 H   0.0404  0.0926   0.960  0.000  0.000
  128 H   0.0314  0.0851   0.969  0.000  0.000
  129 H   0.0294  0.0822   0.971  0.000  0.000
  130 H   0.0597  0.1287   0.940  0.000  0.000
  131 H   0.0552  0.1251   0.945  0.000  0.000
  132 H   0.0312  0.0866   0.969  0.000  0.000
  133 H   0.0319  0.0872   0.968  0.000  0.000
  134 H   0.0428  0.0952   0.957  0.000  0.000
  135 H   0.0510  0.1190   0.949  0.000  0.000
  136 H   0.0550  0.1230   0.945  0.000  0.000
  137 H   0.0329  0.0886   0.967  0.000  0.000
  138 H   0.0369  0.0936   0.963  0.000  0.000
  139 H   0.0449  0.0973   0.955  0.000  0.000
  140 H   0.0667  0.1375   0.933  0.000  0.000
  141 H   0.0509  0.1102   0.949  0.000  0.000
  142 H   0.0492  0.1067   0.951  0.000  0.000
  143 H   0.0475  0.1052   0.953  0.000  0.000
  144 H   0.0452  0.1038   0.955  0.000  0.000
  145 H   0.0539  0.1191   0.946  0.000  0.000
 Hirshfeld charges for QMDFF written to <charges>
 
 Loewdin charges    n(s)   n(p)   n(d)
    1 C   0.0006   1.099  2.900  0.000
    2 C  -0.0404   1.131  2.910  0.000
    3 C   0.1245   1.141  2.735  0.000
    4 O  -0.2072   1.590  4.617  0.000
    5 C  -0.0200   1.146  2.874  0.000
    6 C  -0.0134   1.098  2.916  0.000
    7 C  -0.0108   1.169  2.841  0.000
    8 C  -0.0106   1.168  2.842  0.000
    9 C  -0.0260   1.100  2.926  0.000
   10 C  -0.0029   1.133  2.870  0.000
   11 C   0.0284   1.153  2.819  0.000
   12 C  -0.0119   1.074  2.938  0.000
   13 C   0.0938   1.138  2.768  0.000
   14 N  -0.2066   1.604  3.602  0.000
   15 C   0.0915   1.137  2.771  0.000
   16 N  -0.2030   1.604  3.599  0.000
   17 C  -0.0216   1.173  2.848  0.000
   18 C  -0.0108   1.144  2.867  0.000
   19 C  -0.0384   1.115  2.923  0.000
   20 C  -0.0399   1.115  2.925  0.000
   21 C  -0.0115   1.144  2.867  0.000
   22 C  -0.0603   1.102  2.959  0.000
   23 C  -0.0240   1.174  2.850  0.000
   24 C  -0.0004   1.123  2.877  0.000
   25 C  -0.0161   1.155  2.861  0.000
   26 C  -0.0204   1.060  2.960  0.000
   27 C  -0.0863   1.022  3.064  0.000
   28 C  -0.0331   1.130  2.903  0.000
   29 S   0.0779   1.879  3.939  0.104
   30 C  -0.0215   1.126  2.896  0.000
   31 C  -0.0206   1.116  2.904  0.000
   32 C   0.0377   1.145  2.817  0.000
   33 N  -0.1620   1.446  3.716  0.000
   34 C   0.0514   1.156  2.792  0.000
   35 C   0.0028   1.117  2.880  0.000
   36 S   0.0876   1.870  3.940  0.102
   37 C  -0.0171   1.148  2.869  0.000
   38 C  -0.0151   1.055  2.960  0.000
   39 C  -0.0877   1.023  3.064  0.000
   40 C   0.0291   1.131  2.840  0.000
   41 C  -0.0657   1.088  2.978  0.000
   42 F  -0.1191   1.670  5.449  0.000
   43 C   0.0500   1.157  2.793  0.000
   44 C  -0.0001   1.116  2.884  0.000
   45 C  -0.0530   1.086  2.967  0.000
   46 C   0.0317   1.130  2.838  0.000
   47 F  -0.1169   1.669  5.448  0.000
   48 C  -0.0152   1.148  2.867  0.000
   49 C  -0.0147   1.055  2.960  0.000
   50 C  -0.0880   1.024  3.064  0.000
   51 S   0.0750   1.871  3.950  0.104
   52 N  -0.1676   1.446  3.721  0.000
   53 C   0.0354   1.145  2.819  0.000
   54 C  -0.0200   1.117  2.903  0.000
   55 C  -0.0215   1.127  2.894  0.000
   56 S   0.0784   1.879  3.939  0.104
   57 C  -0.0323   1.130  2.902  0.000
   58 C  -0.0151   1.156  2.859  0.000
   59 C  -0.0197   1.060  2.960  0.000
   60 C  -0.0858   1.022  3.064  0.000
   61 C   0.0012   1.124  2.875  0.000
   62 S   0.0747   1.882  3.919  0.124
   63 C  -0.0346   1.143  2.891  0.000
   64 C  -0.0158   1.139  2.877  0.000
   65 N  -0.0362   1.240  3.796  0.000
   66 C   0.0267   1.090  2.883  0.000
   67 C  -0.0867   1.021  3.065  0.000
   68 C   0.0186   1.155  2.827  0.000
   69 C   0.0212   1.153  2.826  0.000
   70 N  -0.0333   1.219  3.814  0.000
   71 C  -0.0150   1.138  2.877  0.000
   72 C  -0.0345   1.142  2.893  0.000
   73 S   0.0743   1.882  3.920  0.123
   74 C   0.0340   1.090  2.876  0.000
   75 C  -0.0835   1.020  3.063  0.000
   76 C   0.0024   1.099  2.898  0.000
   77 C  -0.0380   1.131  2.907  0.000
   78 C   0.1241   1.140  2.736  0.000
   79 O  -0.2123   1.589  4.623  0.000
   80 C  -0.0239   1.140  2.884  0.000
   81 C  -0.0140   1.097  2.917  0.000
   82 C   0.0081   1.120  2.871  0.000
   83 C  -0.0205   1.086  2.934  0.000
   84 C  -0.0149   1.079  2.936  0.000
   85 C   0.0928   1.127  2.780  0.000
   86 F  -0.1127   1.663  5.450  0.000
   87 C  -0.0304   1.083  2.947  0.000
   88 C   0.0215   1.120  2.859  0.000
   89 C  -0.0237   1.099  2.925  0.000
   90 C  -0.0024   1.126  2.877  0.000
   91 C   0.0274   1.152  2.821  0.000
   92 C  -0.0127   1.072  2.941  0.000
   93 C   0.0921   1.138  2.770  0.000
   94 N  -0.2082   1.604  3.604  0.000
   95 C   0.0894   1.138  2.773  0.000
   96 N  -0.2045   1.604  3.601  0.000
   97 H   0.0568   0.943  0.000  0.000
   98 H   0.0401   0.960  0.000  0.000
   99 H   0.0431   0.957  0.000  0.000
  100 H   0.0395   0.960  0.000  0.000
  101 H   0.0382   0.962  0.000  0.000
  102 H   0.0388   0.961  0.000  0.000
  103 H   0.0385   0.962  0.000  0.000
  104 H   0.0372   0.963  0.000  0.000
  105 H   0.0338   0.966  0.000  0.000
  106 H   0.0320   0.968  0.000  0.000
  107 H   0.0390   0.961  0.000  0.000
  108 H   0.0459   0.954  0.000  0.000
  109 H   0.0389   0.961  0.000  0.000
  110 H   0.0303   0.970  0.000  0.000
  111 H   0.0385   0.961  0.000  0.000
  112 H   0.0296   0.970  0.000  0.000
  113 H   0.0390   0.961  0.000  0.000
  114 H   0.0404   0.960  0.000  0.000
  115 H   0.0309   0.969  0.000  0.000
  116 H   0.0360   0.964  0.000  0.000
  117 H   0.0294   0.971  0.000  0.000
  118 H   0.0481   0.952  0.000  0.000
  119 H   0.0491   0.951  0.000  0.000
  120 H   0.0401   0.960  0.000  0.000
  121 H   0.0400   0.960  0.000  0.000
  122 H   0.0305   0.970  0.000  0.000
  123 H   0.0360   0.964  0.000  0.000
  124 H   0.0300   0.970  0.000  0.000
  125 H   0.0463   0.954  0.000  0.000
  126 H   0.0389   0.961  0.000  0.000
  127 H   0.0392   0.961  0.000  0.000
  128 H   0.0311   0.969  0.000  0.000
  129 H   0.0291   0.971  0.000  0.000
  130 H   0.0551   0.945  0.000  0.000
  131 H   0.0490   0.951  0.000  0.000
  132 H   0.0309   0.969  0.000  0.000
  133 H   0.0311   0.969  0.000  0.000
  134 H   0.0422   0.958  0.000  0.000
  135 H   0.0446   0.955  0.000  0.000
  136 H   0.0501   0.950  0.000  0.000
  137 H   0.0333   0.967  0.000  0.000
  138 H   0.0360   0.964  0.000  0.000
  139 H   0.0442   0.956  0.000  0.000
  140 H   0.0571   0.943  0.000  0.000
  141 H   0.0409   0.959  0.000  0.000
  142 H   0.0403   0.960  0.000  0.000
  143 H   0.0382   0.962  0.000  0.000
  144 H   0.0361   0.964  0.000  0.000
  145 H   0.0438   0.956  0.000  0.000
 
 Wiberg/Mayer (AO) data. WBOs > 0.1 written file <wbo>
 largest (>0.05) Wiberg bond orders for each atom
           total WBO             WBO to atom ...
     1  C   3.924    C    2 1.478    C   24 1.283    H   97 0.914
     2  C   3.908    C    1 1.478    C   11 1.103    C    3 1.033    C   25 0.068    O    4 0.063
     3  C   3.903    O    4 1.732    C    2 1.033    C    5 0.993
     4  O   2.173    C    3 1.732    S   73 0.074    C    2 0.063    C    5 0.053
     5  C   3.933    C    6 1.357    C   10 1.286    C    3 0.993    C    8 0.091    O    4 0.053
     6  C   3.958    C    7 1.422    C    5 1.357    H   98 0.941    C    9 0.082
     7  C   3.917    C    6 1.422    C    8 1.312    C   23 0.947    C   10 0.091
     8  C   3.928    C    9 1.428    C    7 1.312    C   17 0.950    C    5 0.091
     9  C   3.954    C    8 1.428    C   10 1.348    H   99 0.934    C    6 0.082
    10  C   3.944    C    9 1.348    C    5 1.286    C   11 1.047    C    7 0.091
    11  C   3.928    C   12 1.459    C    2 1.103    C   10 1.047    N   14 0.090    N   16 0.090
    12  C   3.929    C   11 1.459    C   13 1.064    C   15 1.063    N   14 0.080    N   16 0.080
    13  C   3.938    N   14 2.773    C   12 1.064
    14  N   3.040    C   13 2.773    C   11 0.090    C   12 0.080
    15  C   3.939    N   16 2.784    C   12 1.063
    16  N   3.043    C   15 2.784    C   11 0.090    C   12 0.080
    17  C   3.930    C   23 0.950    C    8 0.950    H  100 0.941    C   18 0.929
    18  C   3.950    C   19 0.985    C   22 0.974    H  101 0.946    C   17 0.929
    19  C   3.959    C   20 1.935    C   18 0.985    H  102 0.937
    20  C   3.959    C   19 1.935    C   21 0.985    H  103 0.937
    21  C   3.949    C   20 0.985    C   22 0.974    H  104 0.946    C   23 0.928
    22  C   3.967    C   21 0.974    C   18 0.974    H  105 0.962    H  106 0.960
    23  C   3.927    C   17 0.950    C    7 0.947    H  107 0.941    C   21 0.928
    24  C   3.914    C   25 1.341    C    1 1.283    S   73 1.057    C   72 0.053
    25  C   3.909    C   24 1.341    C   28 1.324    C   26 0.981    S   73 0.070    C    2 0.068
    26  C   3.970    C   27 0.987    C   25 0.981    H  109 0.965    H  108 0.961
    27  C   3.979    C   26 0.987    H  112 0.985    H  110 0.984    H  111 0.978
    28  C   3.914    C   25 1.324    C   72 1.294    S   29 1.061
    29  S   2.472    C   30 1.106    C   28 1.061    C   72 0.053    C   71 0.052
    30  C   3.899    C   71 1.324    C   31 1.215    S   29 1.106
    31  C   3.917    C   69 1.254    C   30 1.215    C   32 1.173
    32  C   3.924    N   33 1.299    C   53 1.196    C   31 1.173    C   43 0.057
    33  N   3.094    C   34 1.410    C   32 1.299    N   52 0.092
    34  C   3.918    N   33 1.410    C   43 1.182    C   35 1.082    C   53 0.057
    35  C   3.940    C   41 1.528    S   36 1.110    C   34 1.082    C   37 0.105
    36  S   2.567    C   37 1.147    C   35 1.110    C   41 0.081    C   40 0.072
    37  C   3.914    C   40 1.531    S   36 1.147    C   38 0.999    C   35 0.105
    38  C   3.974    C   37 0.999    C   39 0.989    H  113 0.964    H  114 0.961
    39  C   3.980    C   38 0.989    H  117 0.984    H  115 0.983    H  116 0.979
    40  C   3.907    C   37 1.531    C   41 1.254    F   42 0.960    S   36 0.072
    41  C   3.953    C   35 1.528    C   40 1.254    H  118 0.937    S   36 0.081
    42  F   1.085    C   40 0.960
    43  C   3.917    N   52 1.408    C   34 1.182    C   44 1.079    C   32 0.057
    44  C   3.941    C   45 1.534    S   51 1.108    C   43 1.079    C   48 0.106
    45  C   3.955    C   44 1.534    C   46 1.250    H  119 0.939    S   51 0.079
    46  C   3.908    C   48 1.535    C   45 1.250    F   47 0.961    S   51 0.071
    47  F   1.088    C   46 0.961
    48  C   3.913    C   46 1.535    S   51 1.139    C   49 0.999    C   44 0.106
    49  C   3.973    C   48 0.999    C   50 0.987    H  121 0.964    H  120 0.961
    50  C   3.980    C   49 0.987    H  124 0.984    H  122 0.983    H  123 0.978
    51  S   2.557    C   48 1.139    C   44 1.108    C   45 0.079    C   46 0.071
    52  N   3.094    C   43 1.408    C   53 1.299    N   33 0.092
    53  C   3.924    N   52 1.299    C   32 1.196    C   54 1.171    C   34 0.057
    54  C   3.919    C   68 1.261    C   55 1.211    C   53 1.171
    55  C   3.897    C   64 1.326    C   54 1.211    S   56 1.108
    56  S   2.473    C   55 1.108    C   57 1.059    C   64 0.053    C   63 0.053
    57  C   3.914    C   58 1.333    C   63 1.286    S   56 1.059
    58  C   3.908    C   57 1.333    C   61 1.329    C   59 0.981    S   62 0.069    C   77 0.067
    59  C   3.970    C   60 0.987    C   58 0.981    H  126 0.965    H  125 0.960
    60  C   3.979    C   59 0.987    H  129 0.985    H  128 0.984    H  127 0.978
    61  C   3.913    C   58 1.329    C   76 1.299    S   62 1.053    C   63 0.051
    62  S   2.557    C   63 1.097    C   61 1.053    O   79 0.076    C   58 0.069
    63  C   3.917    C   57 1.286    C   64 1.255    S   62 1.097    S   56 0.053    C   61 0.051
    64  C   3.902    C   55 1.326    C   63 1.255    N   65 1.072    S   56 0.053
    65  N   3.414    C   68 1.091    C   64 1.072    C   66 0.948
    66  C   3.930    C   67 1.002    H  131 0.966    H  130 0.959    N   65 0.948
    67  C   3.981    C   66 1.002    H  133 0.984    H  132 0.983    H  134 0.975
    68  C   3.883    C   54 1.261    C   69 1.261    N   65 1.091
    69  C   3.886    C   68 1.261    C   31 1.254    N   70 1.104
    70  N   3.435    C   69 1.104    C   71 1.079    C   74 0.947
    71  C   3.901    C   30 1.324    C   72 1.250    N   70 1.079    S   29 0.052
    72  C   3.919    C   28 1.294    C   71 1.250    S   73 1.095    S   29 0.053    C   24 0.053
    73  S   2.557    C   72 1.095    C   24 1.057    O    4 0.074    C   25 0.070
    74  C   3.931    C   75 1.005    H  135 0.967    H  136 0.962    N   70 0.947
    75  C   3.979    C   74 1.005    H  138 0.982    H  137 0.981    H  139 0.975
    76  C   3.923    C   77 1.457    C   61 1.299    H  140 0.914
    77  C   3.909    C   76 1.457    C   91 1.112    C   78 1.041    C   58 0.067    O   79 0.065
    78  C   3.903    O   79 1.726    C   77 1.041    C   80 0.992
    79  O   2.163    C   78 1.726    S   62 0.076    C   77 0.065    C   80 0.054
    80  C   3.941    C   81 1.509    C   90 1.169    C   78 0.992    O   79 0.054    C   88 0.051
    81  C   3.957    C   80 1.509    C   82 1.246    H  141 0.942    C   89 0.086
    82  C   3.949    C   83 1.264    C   81 1.246    C   88 1.210    C   85 0.060    C   90 0.050
    83  C   3.960    C   84 1.544    C   82 1.264    H  142 0.941    C   87 0.109
    84  C   3.959    C   83 1.544    C   85 1.281    H  143 0.945    C   88 0.063
    85  C   3.909    C   87 1.499    C   84 1.281    F   86 0.970    C   82 0.060
    86  F   1.095    C   85 0.970
    87  C   3.959    C   85 1.499    C   88 1.267    H  144 0.944    C   83 0.109
    88  C   3.952    C   87 1.267    C   89 1.246    C   82 1.210    C   84 0.063    C   80 0.051
    89  C   3.949    C   90 1.500    C   88 1.246    H  145 0.934    C   81 0.086
    90  C   3.952    C   89 1.500    C   80 1.169    C   91 1.046    C   82 0.050
    91  C   3.928    C   92 1.452    C   77 1.112    C   90 1.046    N   94 0.089    N   96 0.089
    92  C   3.913    C   91 1.452    C   93 1.066    C   95 1.064    N   94 0.081    N   96 0.081
    93  C   3.939    N   94 2.771    C   92 1.066
    94  N   3.040    C   93 2.771    C   91 0.089    C   92 0.081
    95  C   3.939    N   96 2.783    C   92 1.064
    96  N   3.043    C   95 2.783    C   91 0.089    C   92 0.081
    97  H   0.992    C    1 0.914
    98  H   0.996    C    6 0.941
    99  H   0.995    C    9 0.934
   100  H   0.996    C   17 0.941
   101  H   0.997    C   18 0.946
   102  H   0.997    C   19 0.937
   103  H   0.997    C   20 0.937
   104  H   0.997    C   21 0.946
   105  H   0.998    C   22 0.962
   106  H   0.999    C   22 0.960
   107  H   0.995    C   23 0.941
   108  H   0.996    C   26 0.961
   109  H   0.997    C   26 0.965
   110  H   0.999    C   27 0.984
   111  H   0.995    C   27 0.978
   112  H   0.999    C   27 0.985
   113  H   0.997    C   38 0.964
   114  H   0.996    C   38 0.961
   115  H   0.999    C   39 0.983
   116  H   0.996    C   39 0.979
   117  H   0.999    C   39 0.984
   118  H   0.995    C   41 0.937
   119  H   0.995    C   45 0.939
   120  H   0.997    C   49 0.961
   121  H   0.997    C   49 0.964
   122  H   0.999    C   50 0.983
   123  H   0.996    C   50 0.978
   124  H   0.999    C   50 0.984
   125  H   0.996    C   59 0.960
   126  H   0.997    C   59 0.965
   127  H   0.995    C   60 0.978
   128  H   0.999    C   60 0.984
   129  H   0.999    C   60 0.985
   130  H   0.995    C   66 0.959
   131  H   0.996    C   66 0.966
   132  H   0.999    C   67 0.983
   133  H   0.999    C   67 0.984
   134  H   0.998    C   67 0.975
   135  H   0.996    C   74 0.967
   136  H   0.996    C   74 0.962
   137  H   0.999    C   75 0.981
   138  H   0.998    C   75 0.982
   139  H   0.997    C   75 0.975
   140  H   0.993    C   76 0.914
   141  H   0.994    C   81 0.942
   142  H   0.996    C   83 0.941
   143  H   0.994    C   84 0.945
   144  H   0.996    C   87 0.944
   145  H   0.994    C   89 0.934
 
 --------------------------------------------
          xTB calculation for sTDA...
 --------------------------------------------
 
 reading parameter file /ihome/ghutchison/blp62/xtb4stda/.param_stda2.xtb
 
      method parameters     
 k(s)        :  1.6000
 k(p)        :  2.1800
 k(d)        :  1.9500
 k(f)        :  2.0000
 k(R-V)      :  2.2750
 k(R-R)      :  1.7650
 Tscal       :  0.2580
 Gscal       :  1.0000
 fpol        :  1.0000
 Zcnf        :  0.3430
 Zqf         :  0.0000
 kcn         :  2.7000
 Ryd Hsplit  :  0.7000
 lshift(virt):  3.1000
 lshift(OS)  :  0.2000
 wllscaling  :  2.6000
 
 mowrcut     : 3.000
 
  Z AO/shell   Hii/eV     exponent
  1     Sun Feb 14 09:53:25 CET 2016    EN: 2.327 GAM: 0.473  GM3: 0.0000
     1s    -14.339618    1.220000
     2sp    -3.348946    0.600000
  6     Sun Feb 14 09:53:25 CET 2016    EN: 2.731 GAM: 0.422  GM3: 0.0000
     2s    -22.009312    1.565095
     2p    -13.020408    1.596905
     3sp    -3.914040    0.824500
  7     Sun Feb 14 09:53:25 CET 2016    EN: 3.573 GAM: 0.504  GM3: 0.0000
     2s    -25.722000    2.064844
     2p    -18.684912    1.801692
     3sp    -4.344791    0.921400
  8     Sun Feb 14 09:53:25 CET 2016    EN: 3.700 GAM: 0.587  GM3: 0.0000
     2s    -33.859000    2.418661
     2p    -22.175911    1.973969
     3sp    -4.259392    1.013700
  9     Sun Feb 21 12:20:01 CET 2016    EN: 3.394 GAM: 0.600  GM3: 0.0000
     2s    -26.548112    1.943768
     2p    -23.081168    2.552035
     3sp    -1.937199    1.103200
 16     Sun Feb 21 16:35:57 CET 2016    EN: 1.915 GAM: 0.200  GM3: 0.0000
     3s    -17.898811    2.619580
     3p    -15.317401    1.798798
     4sp    -4.455139    0.843200
 
 Nbf   :         1013
 T(el) :     0.0
 calculating S/T integrals ...
 cpu time for ints    2.27349600000000     
 Nao   :         1013
 making H0...
 making H1...
 cpu time for H      2.610899999999994E-002
 solving ...
 cpu time for diag    2.77945400000000     
 
 gap (eV)           :   4.797
 Koopmans IP (eV)   :  13.756
 Eel (Eh)           :  -404.286976

          eigenvalues
 #    :         221        222        223        224        225        226        227        228
 occ. :        2.000      2.000      2.000      2.000      2.000      2.000      2.000      2.000
 eps  :       -16.135    -15.996    -15.808    -15.726    -15.692    -15.676    -15.499    -15.203
 #    :         229        230        231        232        233        234        235        236
 occ. :        2.000      2.000      2.000      2.000      2.000      0.000      0.000      0.000
 eps  :       -14.806    -14.634    -14.543    -14.022    -13.758     -8.960     -8.783     -8.505
 #    :         237        238        239        240        241        242        243        244
 occ. :        0.000      0.000      0.000      0.000      0.000      0.000      0.000      0.000
 eps  :        -8.404     -7.675     -7.516     -7.401     -6.563     -6.140     -5.821     -5.805
                            1  SCC done.
 writing mo output ...
 molden style : F
 
speedup  3.08
cpu  time for all    7.25 s
wall time for all    2.35 s
