 
        ______________________________________
       |                                      |
       |          ===================         |
       |             xTB for sTDA             |
       |          ===================         |
       |               S. Grimme              |
       |        Universitaet Bonn, MCTC       |
       |         2015-19, Version 1.0         |
       |     Wed Apr  3 09:14:55 CEST 2019    |
       |______________________________________|
 
        This code comes without any warranty
        for non-commercial, academia use only.
        Preliminary test version.
        Cite this work as:
        S. Grimme  &  C. Bannwarth, JCP 145 (2016) 054103
        if GBSA is used additionally:
        P. Shushkov, F. März, C. Bannwarth, S. Grimme, unpublished.
 
        with help from
        P. Shushkov, G. Brandenburg, S. Dohm, J. Pisarek,
        F. März, M. Checinski, S. Ehrlich, S. Spicher, 
        P. Pracht, E. Caldeweyher, S. Ehlert, and C. Bannwarth.
 
        usage        :
        xtb4stda <coord_file> [options]
        where <coord_file> is a valid file of TM)
        (*coord, Bohr) or xmol (*xyz, Angstroem)
        format.

        options:
        -chrg <int>   : molecular charge
        -uhf  <int>   : # of unpaired electrons(=2*S)
        -nox          : skip second, extended part in sTDA-xTB
        -pop          : do population analysis
                      : (default for -nox)
        -mowr <real>  : cut MO write above (def.3 Eh)
        -molden       : write formatted molden file
        -parx <file>  : read parameters for sTDA-xTB
                        calc (def:~/.param_stda2.xtb)
        -parv <file>  : read parameters for vTB part in
                        sTDA-xTB (def: ~/.param_stda1.xtb)
        -xtemp <real> : el. temp for xTB (def. 0 K)
        -etemp <real> : el. temp for GFN (def. 300 K)
        -fod          : calculate the FOD and write
                        molden.input file with
                        appropriate occupations
                        for plotting. Def. T=12500 K
 
        -acc <real>   : xTB accuracy (def. 1.0)
        -gbsa [string1] [string2]
                        use GBSA implicit solvent
                        for solvent [string1] and
                        solvation state [string2]=
                        reference, bar1M (default=1M)
        additional GFN/opt/MD/siman options read from
        $XTB4STDAHOME/.xtb4stdarc or $set in input
 
       spin and charge state information can be on:
       <.CHRG> (charge) and <.UHF> (=nalpha-nbeta)
       -uhf and -chrg override the file info.
       useful machine settings:
       setenv MKL_NUM_THREADS <NCORE_ON_YOUR_MACHINE>
       setenv OMP_STACKSIZE 500m
       limit stacksize unlimited
 
       total energies in Eh, gaps/HL energies in eV
       please read REVISION and HOWTO files carefully
 =============================
  # OMP threads =           8
 =============================
 
 xtb4stdahome directory:/ihome/ghutchison/blp62/xtb4stda/
 
 
 name of molecule           :
 comment line               :
 number of atoms            :   110
 number of electrons        :   360
 charge                     :  0
 spin                       : 0.0
 first test random number   :  0.7887
 
 -----------------------------------------
      charge density (VTB) calculation
 -----------------------------------------
 
      method parameters     
 k(s)        :  1.8000
 k(p)        :  2.8350
 k(d)        :  2.0860
 k(f)        :  2.0000
 Tscal       :  0.3300
 Gscal       :  0.3910
 fpol        :  1.0000
 Zcnf        :  0.6500
 Zqf         :  0.0000
 kcn         :  0.3000
 kEN1        : -0.5900
 wllscal     :  2.6000
 
     -------------------------
     ! NO SOLVENT MODEL USED !
     -------------------------
 
 doing EN charges ...
 sum q :  0.5551115D-15
 point charge moment (au)
     X       Y       Z   
   0.2867   1.0330  -0.4336  total (Debye):    2.939
 
            Z      q(EN)   CN      Cart. coordinates
     1  C   4.0  -0.074   3.202    -2.32531     2.99824    12.83483
     2  C   4.0  -0.003   3.276    -4.20540     1.24117    13.16402
     3  C   4.0   0.103   3.246    -4.87020    -0.79595    11.41224
     4  O   6.0  -0.121   1.237    -3.91872    -1.25364     9.36076
     5  C   4.0  -0.007   3.369    -6.92358    -2.23252    12.61694
     6  C   4.0  -0.057   3.148    -8.14283    -4.35846    11.65848
     7  C   4.0   0.002   3.507    -9.99967    -5.29974    13.21032
     8  C   4.0   0.003   3.508   -10.59361    -4.20955    15.54848
     9  C   4.0  -0.059   3.154    -9.39761    -2.11687    16.51923
    10  C   4.0  -0.007   3.365    -7.50637    -1.12288    14.96701
    11  C   4.0  -0.008   3.326    -5.85097     1.05825    15.34628
    12  C   4.0  -0.037   3.120    -5.91201     2.63900    17.40135
    13  C   4.0   0.234   2.167    -4.35506     4.76778    17.78194
    14  N   5.0  -0.214   1.028    -3.18041     6.53807    18.23491
    15  C   4.0   0.235   2.168    -7.58555     2.37898    19.45983
    16  N   5.0  -0.214   1.027    -8.87018     2.28903    21.20650
    17  C   4.0  -0.105   4.485   -12.64680    -6.11194    16.08384
    18  C   4.0  -0.102   4.327   -15.42281    -5.26062    15.71628
    19  C   4.0  -0.062   3.280   -15.38142    -3.17739    13.77062
    20  C   4.0  -0.061   3.280   -14.81961    -4.20899    11.55662
    21  C   4.0  -0.102   4.327   -14.47039    -7.00899    11.96518
    22  C   4.0  -0.169   4.322   -16.39885    -7.46045    14.08961
    23  C   4.0  -0.105   4.483   -11.98483    -7.32666    13.47771
    24  C   4.0  -0.080   3.219    -0.67123     3.40472    10.81207
    25  C   4.0  -0.012   3.397     1.14177     5.34339    10.78599
    26  C   4.0  -0.174   4.065     1.55695     7.25371    12.82255
    27  C   4.0  -0.243   4.031    -0.27873     9.46998    12.53436
    28  C   4.0  -0.130   3.443     2.47497     5.39668     8.52588
    29  SE  6.0   0.311   2.418     5.05521     7.56117     7.28433
    30  C   4.0  -0.121   3.369     4.83505     5.60209     4.37207
    31  C   4.0   0.004   3.433     5.81166     5.57828     1.91562
    32  C   4.0   0.074   3.662     7.37938     7.33762     0.66405
    33  C   4.0   0.074   3.662     7.70725     7.11501    -2.01275
    34  N   5.0  -0.298   2.148     9.07673     8.97431    -2.97235
    35  S   6.0   0.423   2.894     9.89725    10.84419    -0.68748
    36  N   5.0  -0.298   2.148     8.52153     9.35169     1.60778
    37  C   4.0   0.004   3.430     6.64995     5.01193    -3.26658
    38  C   4.0  -0.122   3.368     6.73744     4.29516    -5.81431
    39  SE  6.0   0.316   2.445     7.90737     5.53331    -8.88322
    40  C   4.0  -0.132   3.449     6.52466     2.53658   -10.27992
    41  C   4.0  -0.010   3.375     6.36686     1.59039   -12.74866
    42  C   4.0  -0.173   4.065     7.70309     2.78961   -14.93261
    43  C   4.0  -0.244   4.034     6.80093     5.48209   -15.45078
    44  C   4.0  -0.082   3.231     5.13741    -0.73170   -12.80478
    45  S   6.0   0.219   2.555     4.29006    -1.77842    -9.75684
    46  C   4.0  -0.103   3.391     5.43901     0.96565    -8.43971
    47  C   4.0   0.066   3.678     5.53028     1.94869    -5.98873
    48  N   5.0  -0.291   3.270     4.68841     1.20243    -3.64925
    49  C   4.0   0.098   3.454     5.29936     3.09764    -1.95039
    50  C   4.0   0.101   3.450     4.66384     3.51584     0.62153
    51  N   5.0  -0.297   3.275     2.97632     2.37992     2.24896
    52  C   4.0   0.069   3.665     3.06627     3.63413     4.51153
    53  C   4.0  -0.098   3.381     1.73798     3.52094     6.79659
    54  S   6.0   0.227   2.708    -0.64043     1.64047     7.98882
    55  C   4.0  -0.096   4.086     0.98039     0.58355     1.74913
    56  C   4.0  -0.241   4.028     1.52161    -1.99971     2.92681
    57  C   4.0  -0.101   4.093     4.37150    -1.47342    -3.17512
    58  C   4.0  -0.240   4.030     6.90827    -2.85122    -3.28907
    59  C   4.0  -0.076   3.230     4.64721    -2.42225   -14.81092
    60  C   4.0  -0.003   3.283     3.91854    -1.79146   -17.21106
    61  C   4.0   0.101   3.223     2.64562     0.60981   -17.86982
    62  O   6.0  -0.107   1.059     2.20852     2.39183   -16.50033
    63  C   4.0  -0.006   3.354     1.73571     0.26437   -20.49238
    64  C   4.0  -0.077   3.243     0.40875     1.95095   -21.97128
    65  C   4.0  -0.069   3.153    -0.26891     1.17390   -24.38805
    66  CL  7.0   0.082   1.200    -1.91297     3.21216   -26.32388
    67  C   4.0  -0.083   3.237     0.35243    -1.22114   -25.27149
    68  C   4.0  -0.068   3.163     1.67770    -2.90791   -23.76614
    69  C   4.0  -0.007   3.343     2.38313    -2.16393   -21.35334
    70  C   4.0  -0.008   3.325     3.76660    -3.47445   -19.35911
    71  C   4.0  -0.038   3.120     4.85849    -5.81733   -19.54808
    72  C   4.0   0.236   2.155     6.33965    -6.94701   -17.64210
    73  N   5.0  -0.215   1.026     7.59897    -7.95329   -16.18872
    74  C   4.0   0.237   2.154     4.68010    -7.37843   -21.69916
    75  N   5.0  -0.216   1.026     4.58523    -8.73205   -23.39197
    76  H   1.0   0.077   1.015    -2.05300     4.31670    14.37193
    77  H   1.0   0.075   1.004    -7.61994    -5.13892     9.84906
    78  H   1.0   0.077   1.006    -9.87552    -1.31109    18.32581
    79  H   1.0   0.088   1.004   -12.39566    -7.25730    17.77306
    80  H   1.0   0.087   1.003   -16.42739    -4.85301    17.45993
    81  H   1.0   0.078   1.002   -15.65014    -1.21358    14.21017
    82  H   1.0   0.078   1.002   -14.52462    -3.27905     9.77612
    83  H   1.0   0.087   1.003   -14.60947    -8.19442    10.29334
    84  H   1.0   0.086   1.002   -18.34262    -7.19097    13.47053
    85  H   1.0   0.086   1.002   -16.20591    -9.29859    14.99535
    86  H   1.0   0.088   1.004   -11.30170    -9.26665    13.46524
    87  H   1.0   0.082   1.004     1.34019     6.41789    14.69413
    88  H   1.0   0.079   1.007     3.49391     7.95820    12.64586
    89  H   1.0   0.081   0.999    -0.03496    10.35872    10.69585
    90  H   1.0   0.082   0.999    -2.22383     8.83031    12.70633
    91  H   1.0   0.082   0.999     0.07597    10.86479    13.99777
    92  H   1.0   0.079   1.005     9.72075     2.83969   -14.46869
    93  H   1.0   0.083   1.006     7.46253     1.63140   -16.61995
    94  H   1.0   0.079   1.006     7.19060     6.70210   -13.83695
    95  H   1.0   0.083   1.001     4.78082     5.49154   -15.81077
    96  H   1.0   0.081   0.999     7.77830     6.23893   -17.09144
    97  H   1.0   0.084   1.004     0.68427     0.46657    -0.28781
    98  H   1.0   0.081   1.006    -0.75684     1.32999     2.59081
    99  H   1.0   0.081   0.999     3.41511    -2.66130     2.47308
   100  H   1.0   0.082   0.999     0.15156    -3.37127     2.25218
   101  H   1.0   0.082   1.004     1.36098    -1.88765     4.97017
   102  H   1.0   0.088   1.007     3.54475    -1.76841    -1.32659
   103  H   1.0   0.082   1.006     3.09650    -2.22761    -4.61792
   104  H   1.0   0.082   1.001     7.76375    -2.66508    -5.14686
   105  H   1.0   0.081   0.999     8.20236    -2.07870    -1.88973
   106  H   1.0   0.082   0.999     6.62651    -4.84715    -2.89960
   107  H   1.0   0.075   1.011     4.76551    -4.40911   -14.32337
   108  H   1.0   0.076   1.006    -0.07238     3.80175   -21.26641
   109  H   1.0   0.076   1.007    -0.21165    -1.77030   -27.15177
   110  H   1.0   0.076   1.007     2.12519    -4.76003   -24.48556
 
  Z AO/shell   Hii/eV     exponent
  1     Sat Feb 20 21:38:01 CET 2016    EN: 2.327 GAM: 0.473  GM3: 0.0000
     1s    -13.751157    1.051071
  6     Sat Feb 20 21:38:01 CET 2016    EN: 2.731 GAM: 0.422  GM3: 0.0000
     2s    -19.378245    2.021003
     2p    -11.993376    1.497917
  7     Sat Feb 20 21:38:01 CET 2016    EN: 3.573 GAM: 0.504  GM3: 0.0000
     2s    -21.576984    2.275442
     2p    -16.125120    2.056788
  8     Sat Feb 20 21:38:01 CET 2016    EN: 3.700 GAM: 0.587  GM3: 0.0000
     2s    -21.648843    2.110798
     2p    -17.239740    2.329048
 16     Sat Feb 20 23:13:41 CET 2016    EN: 1.915 GAM: 0.389  GM3: 0.0000
     3s    -22.000000    2.671470
     3p    -15.834192    1.836978
     3d     -2.593599    1.836978
 17     Sat Feb 20 23:13:41 CET 2016    EN: 2.375 GAM: 0.431  GM3: 0.0000
     3s    -21.000000    2.596786
     3p    -17.375270    2.088291
     3d     -1.372943    2.088291
 34     Wed Aug 31 17:01:01 CEST 2016   EN: 1.315 GAM: 0.403  GM3: 0.0000
     4s    -16.871366    1.770725
     4p    -15.977721    1.935918
     4d     -0.853608    1.935918
 
 dipole moment of classical point charges (au)
     X       Y       Z   
   0.2867   1.0330  -0.4336  total (Debye):    2.939

 
 Nbf   :          371
 T(el) :   300.0
 calculating S/T integrals ...
 cpu time for ints   0.443765000000000     
 Nao   :          365
 making H0...
 making H1...
 cpu time for H      0.144219000000000     
 solving ...
 cpu time for diag   0.127788000000000     
 
 gap (eV)           :   1.436
 Koopmans IP (eV)   :  11.888
 Eel (Eh)           :  -281.081774
 T,E(Fermi),NFOD :    300.000   -11.170  0.000000
 T,E(Fermi),NFOD :    300.000   -11.170  0.000000
 Nfod               :  0.0000
 Nfod/Nel           :  0.0000

          eigenvalues
 #    :         168        169        170        171        172        173        174        175
 occ. :        2.000      2.000      2.000      2.000      2.000      2.000      2.000      2.000
 eps  :       -15.517    -15.434    -15.282    -15.100    -14.888    -14.665    -14.563    -14.282
 #    :         176        177        178        179        180        181        182        183
 occ. :        2.000      2.000      2.000      2.000      2.000      0.000      0.000      0.000
 eps  :       -14.140    -13.743    -13.435    -12.901    -11.889    -10.453     -9.758     -9.658
 #    :         184        185        186        187        188        189        190        191
 occ. :        0.000      0.000      0.000      0.000      0.000      0.000      0.000      0.000
 eps  :        -9.484     -9.287     -8.693     -8.648     -8.538     -7.556     -7.312     -7.221
                            1  SCC done.
 making H1...
 cpu time for H      0.176460000000000     
 solving ...
 cpu time for diag   7.450199999999996E-002
 
 gap (eV)           :   1.966
 Koopmans IP (eV)   :  12.256
 Eel (Eh)           :  -282.038114
 T,E(Fermi),NFOD :    300.000   -11.273  0.000000
 T,E(Fermi),NFOD :    300.000   -11.273  0.000000
 Nfod               :  0.0000
 Nfod/Nel           :  0.0000

          eigenvalues
 #    :         168        169        170        171        172        173        174        175
 occ. :        2.000      2.000      2.000      2.000      2.000      2.000      2.000      2.000
 eps  :       -15.353    -15.265    -15.221    -14.733    -14.612    -14.378    -14.337    -14.187
 #    :         176        177        178        179        180        181        182        183
 occ. :        2.000      2.000      2.000      2.000      2.000      0.000      0.000      0.000
 eps  :       -14.080    -13.926    -13.544    -13.250    -12.257    -10.291     -9.807     -9.750
 #    :         184        185        186        187        188        189        190        191
 occ. :        0.000      0.000      0.000      0.000      0.000      0.000      0.000      0.000
 eps  :        -9.406     -9.333     -8.785     -8.769     -8.668     -7.646     -7.518     -7.323
                            2  SCC done.
 
 
 Mulliken/CM5 charges    n(s)   n(p)   n(d)   
    1 C  -0.0026 -0.0507   1.152  2.851  0.000
    2 C  -0.0275 -0.0294   1.168  2.859  0.000
    3 C   0.1340  0.1692   1.176  2.691  0.000
    4 O  -0.2281 -0.2746   1.621  4.607  0.000
    5 C  -0.0179 -0.0195   1.185  2.833  0.000
    6 C  -0.0164 -0.0656   1.150  2.866  0.000
    7 C  -0.0115 -0.0190   1.208  2.803  0.000
    8 C  -0.0111 -0.0188   1.207  2.804  0.000
    9 C  -0.0263 -0.0757   1.152  2.874  0.000
   10 C  -0.0051 -0.0082   1.174  2.831  0.000
   11 C   0.0180  0.0174   1.197  2.785  0.000
   12 C   0.0020  0.0082   1.115  2.883  0.000
   13 C   0.0987  0.2158   1.173  2.729  0.000
   14 N  -0.2166 -0.3499   1.642  3.574  0.000
   15 C   0.0973  0.2162   1.171  2.731  0.000
   16 N  -0.2132 -0.3433   1.642  3.571  0.000
   17 C  -0.0292 -0.0847   1.218  2.811  0.000
   18 C  -0.0207 -0.0811   1.194  2.827  0.000
   19 C  -0.0505 -0.1082   1.165  2.885  0.000
   20 C  -0.0525 -0.1101   1.165  2.887  0.000
   21 C  -0.0217 -0.0821   1.194  2.828  0.000
   22 C  -0.0572 -0.1599   1.164  2.894  0.000
   23 C  -0.0320 -0.0874   1.219  2.813  0.000
   24 C  -0.0171 -0.0094   1.167  2.851  0.000
   25 C  -0.0230 -0.0320   1.194  2.829  0.000
   26 C  -0.0297 -0.1358   1.123  2.906  0.000
   27 C  -0.0850 -0.2364   1.095  2.990  0.000
   28 C  -0.0521 -0.0571   1.146  2.906  0.000
   29 SE  0.1491  0.1615   1.629  4.221  0.002
   30 C  -0.0492 -0.0464   1.142  2.907  0.000
   31 C  -0.0149 -0.0026   1.150  2.865  0.000
   32 C   0.0139  0.1019   1.204  2.782  0.000
   33 C   0.0137  0.1017   1.203  2.783  0.000
   34 N  -0.2008 -0.3624   1.533  3.668  0.000
   35 S   0.2410  0.3748   1.911  3.700  0.148
   36 N  -0.2000 -0.3617   1.532  3.668  0.000
   37 C  -0.0115  0.0006   1.152  2.859  0.000
   38 C  -0.0436 -0.0410   1.139  2.905  0.000
   39 SE  0.1639  0.1753   1.622  4.212  0.002
   40 C  -0.0527 -0.0575   1.145  2.908  0.000
   41 C  -0.0090 -0.0167   1.190  2.819  0.000
   42 C  -0.0275 -0.1322   1.122  2.905  0.000
   43 C  -0.0958 -0.2465   1.095  3.000  0.000
   44 C  -0.0178 -0.0098   1.166  2.852  0.000
   45 S   0.0977  0.0612   1.890  3.966  0.047
   46 C  -0.0436 -0.0278   1.166  2.878  0.000
   47 C  -0.0040  0.0629   1.165  2.839  0.000
   48 N  -0.0904 -0.3469   1.289  3.801  0.000
   49 C   0.0190  0.0879   1.187  2.794  0.000
   50 C   0.0227  0.0927   1.185  2.792  0.000
   51 N  -0.0841 -0.3424   1.263  3.821  0.000
   52 C   0.0000  0.0678   1.165  2.835  0.000
   53 C  -0.0629 -0.0471   1.186  2.877  0.000
   54 S   0.1167  0.0838   1.894  3.924  0.066
   55 C   0.0353 -0.0131   1.146  2.818  0.000
   56 C  -0.0810 -0.2288   1.094  2.987  0.000
   57 C   0.0271 -0.0225   1.148  2.825  0.000
   58 C  -0.0858 -0.2324   1.094  2.991  0.000
   59 C   0.0055 -0.0416   1.159  2.836  0.000
   60 C  -0.0279 -0.0308   1.179  2.849  0.000
   61 C   0.1377  0.1720   1.175  2.687  0.000
   62 O  -0.2250 -0.2802   1.624  4.601  0.000
   63 C  -0.0255 -0.0274   1.190  2.836  0.000
   64 C  -0.0246 -0.0736   1.146  2.879  0.000
   65 C   0.0743  0.0670   1.150  2.775  0.000
   66 CL -0.0334 -0.0355   1.897  5.135  0.001
   67 C  -0.0260 -0.0789   1.140  2.885  0.000
   68 C  -0.0229 -0.0754   1.147  2.876  0.000
   69 C  -0.0099 -0.0134   1.168  2.842  0.000
   70 C   0.0133  0.0127   1.196  2.790  0.000
   71 C   0.0081  0.0145   1.114  2.878  0.000
   72 C   0.0960  0.2147   1.172  2.732  0.000
   73 N  -0.2146 -0.3437   1.642  3.573  0.000
   74 C   0.0961  0.2152   1.171  2.733  0.000
   75 N  -0.2101 -0.3398   1.642  3.568  0.000
   76 H   0.0662  0.1366   0.934  0.000  0.000
   77 H   0.0496  0.1083   0.950  0.000  0.000
   78 H   0.0533  0.1176   0.947  0.000  0.000
   79 H   0.0464  0.1047   0.954  0.000  0.000
   80 H   0.0458  0.1033   0.954  0.000  0.000
   81 H   0.0460  0.1027   0.954  0.000  0.000
   82 H   0.0454  0.1020   0.955  0.000  0.000
   83 H   0.0444  0.1019   0.956  0.000  0.000
   84 H   0.0401  0.0965   0.960  0.000  0.000
   85 H   0.0323  0.0890   0.968  0.000  0.000
   86 H   0.0458  0.1040   0.954  0.000  0.000
   87 H   0.0495  0.1070   0.951  0.000  0.000
   88 H   0.0426  0.0997   0.957  0.000  0.000
   89 H   0.0291  0.0820   0.971  0.000  0.000
   90 H   0.0316  0.0854   0.968  0.000  0.000
   91 H   0.0402  0.0923   0.960  0.000  0.000
   92 H   0.0403  0.0964   0.960  0.000  0.000
   93 H   0.0416  0.1022   0.958  0.000  0.000
   94 H   0.0327  0.0875   0.967  0.000  0.000
   95 H   0.0371  0.0989   0.963  0.000  0.000
   96 H   0.0342  0.0863   0.966  0.000  0.000
   97 H   0.0543  0.1233   0.946  0.000  0.000
   98 H   0.0532  0.1215   0.947  0.000  0.000
   99 H   0.0324  0.0876   0.968  0.000  0.000
  100 H   0.0454  0.0978   0.955  0.000  0.000
  101 H   0.0388  0.0961   0.961  0.000  0.000
  102 H   0.0613  0.1325   0.939  0.000  0.000
  103 H   0.0528  0.1206   0.947  0.000  0.000
  104 H   0.0325  0.0890   0.967  0.000  0.000
  105 H   0.0311  0.0859   0.969  0.000  0.000
  106 H   0.0431  0.0954   0.957  0.000  0.000
  107 H   0.0651  0.1305   0.935  0.000  0.000
  108 H   0.0512  0.1107   0.949  0.000  0.000
  109 H   0.0491  0.1071   0.951  0.000  0.000
  110 H   0.0562  0.1196   0.944  0.000  0.000
 Hirshfeld charges for QMDFF written to <charges>
 
 Loewdin charges    n(s)   n(p)   n(d)
    1 C   0.0036   1.099  2.898  0.000
    2 C  -0.0360   1.130  2.906  0.000
    3 C   0.1253   1.141  2.734  0.000
    4 O  -0.2086   1.590  4.619  0.000
    5 C  -0.0196   1.145  2.874  0.000
    6 C  -0.0125   1.097  2.915  0.000
    7 C  -0.0072   1.168  2.839  0.000
    8 C  -0.0062   1.167  2.839  0.000
    9 C  -0.0243   1.100  2.924  0.000
   10 C  -0.0014   1.132  2.869  0.000
   11 C   0.0290   1.153  2.818  0.000
   12 C  -0.0097   1.074  2.936  0.000
   13 C   0.0934   1.138  2.768  0.000
   14 N  -0.2057   1.604  3.601  0.000
   15 C   0.0914   1.137  2.771  0.000
   16 N  -0.2024   1.604  3.598  0.000
   17 C  -0.0228   1.172  2.850  0.000
   18 C  -0.0110   1.146  2.865  0.000
   19 C  -0.0431   1.114  2.929  0.000
   20 C  -0.0450   1.114  2.931  0.000
   21 C  -0.0121   1.146  2.866  0.000
   22 C  -0.0527   1.106  2.947  0.000
   23 C  -0.0255   1.173  2.852  0.000
   24 C   0.0016   1.123  2.876  0.000
   25 C  -0.0185   1.154  2.865  0.000
   26 C  -0.0236   1.061  2.962  0.000
   27 C  -0.0863   1.022  3.064  0.000
   28 C  -0.0261   1.098  2.928  0.000
   29 SE  0.0916   1.608  4.230  0.070
   30 C  -0.0180   1.092  2.926  0.000
   31 C  -0.0218   1.112  2.910  0.000
   32 C   0.0089   1.170  2.821  0.000
   33 C   0.0085   1.170  2.822  0.000
   34 N  -0.1619   1.496  3.666  0.000
   35 S   0.1772   1.903  3.706  0.213
   36 N  -0.1613   1.495  3.666  0.000
   37 C  -0.0177   1.114  2.904  0.000
   38 C  -0.0133   1.088  2.925  0.000
   39 SE  0.1066   1.601  4.220  0.072
   40 C  -0.0269   1.098  2.929  0.000
   41 C  -0.0074   1.150  2.857  0.000
   42 C  -0.0213   1.060  2.961  0.000
   43 C  -0.0996   1.023  3.076  0.000
   44 C   0.0017   1.122  2.876  0.000
   45 S   0.0594   1.876  3.964  0.101
   46 C  -0.0199   1.121  2.899  0.000
   47 C  -0.0160   1.134  2.882  0.000
   48 N  -0.0483   1.248  3.800  0.000
   49 C   0.0082   1.156  2.836  0.000
   50 C   0.0121   1.153  2.835  0.000
   51 N  -0.0403   1.221  3.819  0.000
   52 C  -0.0129   1.135  2.878  0.000
   53 C  -0.0385   1.141  2.898  0.000
   54 S   0.0721   1.881  3.923  0.124
   55 C   0.0366   1.089  2.874  0.000
   56 C  -0.0832   1.021  3.062  0.000
   57 C   0.0267   1.091  2.882  0.000
   58 C  -0.0879   1.022  3.066  0.000
   59 C   0.0156   1.104  2.880  0.000
   60 C  -0.0354   1.141  2.895  0.000
   61 C   0.1288   1.141  2.730  0.000
   62 O  -0.2088   1.593  4.616  0.000
   63 C  -0.0264   1.149  2.877  0.000
   64 C  -0.0237   1.094  2.930  0.000
   65 C   0.0967   1.104  2.799  0.000
   66 CL -0.0433   1.887  5.133  0.023
   67 C  -0.0232   1.088  2.935  0.000
   68 C  -0.0167   1.093  2.924  0.000
   69 C  -0.0081   1.126  2.882  0.000
   70 C   0.0244   1.152  2.824  0.000
   71 C  -0.0042   1.073  2.931  0.000
   72 C   0.0901   1.138  2.772  0.000
   73 N  -0.2037   1.604  3.600  0.000
   74 C   0.0900   1.137  2.773  0.000
   75 N  -0.1992   1.604  3.596  0.000
   76 H   0.0565   0.943  0.000  0.000
   77 H   0.0397   0.960  0.000  0.000
   78 H   0.0431   0.957  0.000  0.000
   79 H   0.0385   0.962  0.000  0.000
   80 H   0.0380   0.962  0.000  0.000
   81 H   0.0377   0.962  0.000  0.000
   82 H   0.0372   0.963  0.000  0.000
   83 H   0.0368   0.963  0.000  0.000
   84 H   0.0358   0.964  0.000  0.000
   85 H   0.0290   0.971  0.000  0.000
   86 H   0.0380   0.962  0.000  0.000
   87 H   0.0452   0.955  0.000  0.000
   88 H   0.0386   0.961  0.000  0.000
   89 H   0.0290   0.971  0.000  0.000
   90 H   0.0312   0.969  0.000  0.000
   91 H   0.0390   0.961  0.000  0.000
   92 H   0.0363   0.964  0.000  0.000
   93 H   0.0373   0.963  0.000  0.000
   94 H   0.0338   0.966  0.000  0.000
   95 H   0.0355   0.964  0.000  0.000
   96 H   0.0343   0.966  0.000  0.000
   97 H   0.0491   0.951  0.000  0.000
   98 H   0.0466   0.953  0.000  0.000
   99 H   0.0333   0.967  0.000  0.000
  100 H   0.0446   0.955  0.000  0.000
  101 H   0.0378   0.962  0.000  0.000
  102 H   0.0565   0.944  0.000  0.000
  103 H   0.0468   0.953  0.000  0.000
  104 H   0.0319   0.968  0.000  0.000
  105 H   0.0305   0.969  0.000  0.000
  106 H   0.0424   0.958  0.000  0.000
  107 H   0.0536   0.946  0.000  0.000
  108 H   0.0409   0.959  0.000  0.000
  109 H   0.0398   0.960  0.000  0.000
  110 H   0.0458   0.954  0.000  0.000
 
 Wiberg/Mayer (AO) data. WBOs > 0.1 written file <wbo>
 largest (>0.05) Wiberg bond orders for each atom
           total WBO             WBO to atom ...
     1  C   3.926    C    2 1.479    C   24 1.282    H   76 0.915
     2  C   3.909    C    1 1.479    C   11 1.103    C    3 1.033    C   25 0.069    O    4 0.062
     3  C   3.903    O    4 1.730    C    2 1.033    C    5 0.994
     4  O   2.173    C    3 1.730    S   54 0.076    C    2 0.062    C    5 0.053
     5  C   3.934    C    6 1.359    C   10 1.284    C    3 0.994    C    8 0.090    O    4 0.053
     6  C   3.960    C    7 1.420    C    5 1.359    H   77 0.941    C    9 0.083
     7  C   3.918    C    6 1.420    C    8 1.313    C   23 0.951    C   10 0.091
     8  C   3.928    C    9 1.426    C    7 1.313    C   17 0.953    C    5 0.090
     9  C   3.955    C    8 1.426    C   10 1.350    H   78 0.934    C    6 0.083
    10  C   3.944    C    9 1.350    C    5 1.284    C   11 1.047    C    7 0.091
    11  C   3.929    C   12 1.461    C    2 1.103    C   10 1.047    N   14 0.090    N   16 0.090
    12  C   3.929    C   11 1.461    C   13 1.064    C   15 1.062    N   14 0.080    N   16 0.080
    13  C   3.939    N   14 2.774    C   12 1.064
    14  N   3.041    C   13 2.774    C   11 0.090    C   12 0.080
    15  C   3.939    N   16 2.784    C   12 1.062
    16  N   3.043    C   15 2.784    C   11 0.090    C   12 0.080
    17  C   3.931    C    8 0.953    C   23 0.949    H   79 0.941    C   18 0.925
    18  C   3.949    C   19 0.991    C   22 0.969    H   80 0.947    C   17 0.925
    19  C   3.964    C   20 1.937    C   18 0.991    H   81 0.937
    20  C   3.964    C   19 1.937    C   21 0.991    H   82 0.937
    21  C   3.948    C   20 0.991    C   22 0.969    H   83 0.947    C   23 0.925
    22  C   3.962    C   21 0.969    C   18 0.969    H   85 0.964    H   84 0.958
    23  C   3.928    C    7 0.951    C   17 0.949    H   86 0.941    C   21 0.925
    24  C   3.915    C   25 1.344    C    1 1.282    S   54 1.059    C   53 0.054
    25  C   3.906    C   24 1.344    C   28 1.332    C   26 0.981    S   54 0.070    C    2 0.069
    26  C   3.970    C   27 0.987    C   25 0.981    H   88 0.962    H   87 0.961
    27  C   3.979    C   26 0.987    H   89 0.985    H   90 0.984    H   91 0.978
    28  C   3.929    C   25 1.332    C   53 1.308    SE  29 1.046
    29  SE  2.398    C   30 1.094    C   28 1.046
    30  C   3.919    C   52 1.330    C   31 1.232    SE  29 1.094
    31  C   3.920    C   50 1.266    C   30 1.232    C   32 1.156
    32  C   3.927    N   36 1.431    C   31 1.156    C   33 1.111    S   35 0.073
    33  C   3.929    N   34 1.430    C   37 1.157    C   32 1.111    S   35 0.074
    34  N   3.069    C   33 1.430    S   35 1.279    N   36 0.201
    35  S   2.804    N   34 1.279    N   36 1.279    C   33 0.074    C   32 0.073
    36  N   3.071    C   32 1.431    S   35 1.279    N   34 0.201
    37  C   3.921    C   49 1.281    C   38 1.217    C   33 1.157
    38  C   3.928    C   47 1.344    C   37 1.217    SE  39 1.098    C   40 0.057
    39  SE  2.428    C   38 1.098    C   40 1.056
    40  C   3.928    C   46 1.332    C   41 1.287    SE  39 1.056    C   38 0.057
    41  C   3.910    C   44 1.411    C   40 1.287    C   42 0.975    S   45 0.068
    42  C   3.971    C   43 0.994    C   41 0.975    H   93 0.963    H   92 0.958
    43  C   3.981    C   42 0.994    H   96 0.979    H   95 0.975    H   94 0.971
    44  C   3.911    C   41 1.411    C   59 1.207    S   45 1.059    C   46 0.061
    45  S   2.492    C   46 1.110    C   44 1.059    C   41 0.068
    46  C   3.927    C   40 1.332    C   47 1.244    S   45 1.110    C   44 0.061
    47  C   3.899    C   38 1.344    C   46 1.244    N   48 1.070
    48  N   3.407    C   49 1.091    C   47 1.070    C   57 0.946
    49  C   3.892    C   37 1.281    C   50 1.243    N   48 1.091
    50  C   3.891    C   31 1.266    C   49 1.243    N   51 1.112
    51  N   3.440    C   50 1.112    C   52 1.080    C   55 0.946
    52  C   3.898    C   30 1.330    C   53 1.246    N   51 1.080
    53  C   3.918    C   28 1.308    C   52 1.246    S   54 1.094    C   24 0.054
    54  S   2.559    C   53 1.094    C   24 1.059    O    4 0.076    C   25 0.070
    55  C   3.929    C   56 1.004    H   98 0.967    H   97 0.964    N   51 0.946
    56  C   3.980    C   55 1.004    H  101 0.980    H   99 0.979    H  100 0.975
    57  C   3.930    C   58 1.002    H  103 0.968    H  102 0.960    N   48 0.946
    58  C   3.980    C   57 1.002    H  105 0.984    H  104 0.983    H  106 0.975
    59  C   3.922    C   60 1.529    C   44 1.207    H  107 0.921    O   62 0.054
    60  C   3.917    C   59 1.529    C   70 1.100    C   61 0.997    O   62 0.069
    61  C   3.911    O   62 1.788    C   60 0.997    C   63 0.975
    62  O   2.159    C   61 1.788    C   60 0.069    C   63 0.060    C   59 0.054
    63  C   3.939    C   64 1.406    C   69 1.266    C   61 0.975    C   67 0.089    O   62 0.060
    64  C   3.963    C   63 1.406    C   65 1.367    H  108 0.943    C   68 0.089
    65  C   3.923    C   67 1.375    C   64 1.367    CL  66 1.020    C   69 0.085
    66  CL  1.172    C   65 1.020
    67  C   3.960    C   68 1.435    C   65 1.375    H  109 0.943    C   63 0.089
    68  C   3.958    C   67 1.435    C   69 1.375    H  110 0.936    C   64 0.089
    69  C   3.951    C   68 1.375    C   63 1.266    C   70 1.051    C   65 0.085
    70  C   3.933    C   71 1.462    C   60 1.100    C   69 1.051    N   75 0.091    N   73 0.090
    71  C   3.933    C   70 1.462    C   74 1.063    C   72 1.063    N   73 0.080    N   75 0.079
    72  C   3.940    N   73 2.784    C   71 1.063
    73  N   3.041    C   72 2.784    C   70 0.090    C   71 0.080
    74  C   3.940    N   75 2.788    C   71 1.063
    75  N   3.045    C   74 2.788    C   70 0.091    C   71 0.079
    76  H   0.992    C    1 0.915
    77  H   0.996    C    6 0.941
    78  H   0.995    C    9 0.934
    79  H   0.996    C   17 0.941
    80  H   0.997    C   18 0.947
    81  H   0.998    C   19 0.937
    82  H   0.998    C   20 0.937
    83  H   0.997    C   21 0.947
    84  H   0.996    C   22 0.958
    85  H   0.999    C   22 0.964
    86  H   0.996    C   23 0.941
    87  H   0.996    C   26 0.961
    88  H   0.997    C   26 0.962
    89  H   0.999    C   27 0.985
    90  H   0.999    C   27 0.984
    91  H   0.995    C   27 0.978
    92  H   0.997    C   42 0.958
    93  H   0.997    C   42 0.963
    94  H   0.999    C   43 0.971
    95  H   0.998    C   43 0.975
    96  H   0.997    C   43 0.979
    97  H   0.996    C   55 0.964
    98  H   0.995    C   55 0.967
    99  H   0.999    C   56 0.979
   100  H   0.997    C   56 0.975
   101  H   0.998    C   56 0.980
   102  H   0.995    C   57 0.960
   103  H   0.996    C   57 0.968
   104  H   0.998    C   58 0.983
   105  H   0.999    C   58 0.984
   106  H   0.997    C   58 0.975
   107  H   0.990    C   59 0.921
   108  H   0.996    C   64 0.943
   109  H   0.996    C   67 0.943
   110  H   0.995    C   68 0.936
 
 --------------------------------------------
          xTB calculation for sTDA...
 --------------------------------------------
 
 reading parameter file /ihome/ghutchison/blp62/xtb4stda/.param_stda2.xtb
 
      method parameters     
 k(s)        :  1.6000
 k(p)        :  2.1800
 k(d)        :  1.9500
 k(f)        :  2.0000
 k(R-V)      :  2.2750
 k(R-R)      :  1.7650
 Tscal       :  0.2580
 Gscal       :  1.0000
 fpol        :  1.0000
 Zcnf        :  0.3430
 Zqf         :  0.0000
 kcn         :  2.7000
 Ryd Hsplit  :  0.7000
 lshift(virt):  3.1000
 lshift(OS)  :  0.2000
 wllscaling  :  2.6000
 
 mowrcut     : 3.000
 
  Z AO/shell   Hii/eV     exponent
  1     Sun Feb 14 09:53:25 CET 2016    EN: 2.327 GAM: 0.473  GM3: 0.0000
     1s    -14.339618    1.220000
     2sp    -3.348946    0.600000
  6     Sun Feb 14 09:53:25 CET 2016    EN: 2.731 GAM: 0.422  GM3: 0.0000
     2s    -22.009312    1.565095
     2p    -13.020408    1.596905
     3sp    -3.914040    0.824500
  7     Sun Feb 14 09:53:25 CET 2016    EN: 3.573 GAM: 0.504  GM3: 0.0000
     2s    -25.722000    2.064844
     2p    -18.684912    1.801692
     3sp    -4.344791    0.921400
  8     Sun Feb 14 09:53:25 CET 2016    EN: 3.700 GAM: 0.587  GM3: 0.0000
     2s    -33.859000    2.418661
     2p    -22.175911    1.973969
     3sp    -4.259392    1.013700
 16     Sun Feb 21 16:35:57 CET 2016    EN: 1.915 GAM: 0.200  GM3: 0.0000
     3s    -17.898811    2.619580
     3p    -15.317401    1.798798
     4sp    -4.455139    0.843200
 17     Sun Feb 21 16:32:04 CET 2016    EN: 2.375 GAM: 0.300  GM3: 0.0000
     3s    -29.486180    2.293696
     3p    -18.696427    2.332982
     4sp    -5.680125    0.918900
 34     Tue Sep 13 12:54:47 CEST 2016   EN: 1.315 GAM: 0.403  GM3: 0.0000
     4s    -24.924300    2.166243
     4p    -14.275287    1.915023
     5sp    -3.986999    0.809100
 
 Nbf   :          775
 T(el) :     0.0
 calculating S/T integrals ...
 cpu time for ints    1.98792600000000     
 Nao   :          775
 making H0...
 making H1...
 cpu time for H      1.481900000000014E-002
 solving ...
 cpu time for diag    2.63462300000000     
 
 gap (eV)           :   4.668
 Koopmans IP (eV)   :  13.623
 Eel (Eh)           :  -312.805698

          eigenvalues
 #    :         168        169        170        171        172        173        174        175
 occ. :        2.000      2.000      2.000      2.000      2.000      2.000      2.000      2.000
 eps  :       -16.570    -16.333    -16.298    -16.049    -16.012    -15.978    -15.833    -15.473
 #    :         176        177        178        179        180        181        182        183
 occ. :        2.000      2.000      2.000      2.000      2.000      0.000      0.000      0.000
 eps  :       -15.342    -14.540    -14.495    -14.002    -13.624     -8.956     -8.771     -8.543
 #    :         184        185        186        187        188        189        190        191
 occ. :        0.000      0.000      0.000      0.000      0.000      0.000      0.000      0.000
 eps  :        -8.425     -7.097     -6.594     -6.450     -5.921     -5.690     -5.661     -5.556
                            1  SCC done.
 writing mo output ...
 molden style : F
 
speedup  3.24
cpu  time for all    6.15 s
wall time for all    1.90 s
