 
        ______________________________________
       |                                      |
       |          ===================         |
       |             xTB for sTDA             |
       |          ===================         |
       |               S. Grimme              |
       |        Universitaet Bonn, MCTC       |
       |         2015-19, Version 1.0         |
       |     Wed Apr  3 09:14:55 CEST 2019    |
       |______________________________________|
 
        This code comes without any warranty
        for non-commercial, academia use only.
        Preliminary test version.
        Cite this work as:
        S. Grimme  &  C. Bannwarth, JCP 145 (2016) 054103
        if GBSA is used additionally:
        P. Shushkov, F. März, C. Bannwarth, S. Grimme, unpublished.
 
        with help from
        P. Shushkov, G. Brandenburg, S. Dohm, J. Pisarek,
        F. März, M. Checinski, S. Ehrlich, S. Spicher, 
        P. Pracht, E. Caldeweyher, S. Ehlert, and C. Bannwarth.
 
        usage        :
        xtb4stda <coord_file> [options]
        where <coord_file> is a valid file of TM)
        (*coord, Bohr) or xmol (*xyz, Angstroem)
        format.

        options:
        -chrg <int>   : molecular charge
        -uhf  <int>   : # of unpaired electrons(=2*S)
        -nox          : skip second, extended part in sTDA-xTB
        -pop          : do population analysis
                      : (default for -nox)
        -mowr <real>  : cut MO write above (def.3 Eh)
        -molden       : write formatted molden file
        -parx <file>  : read parameters for sTDA-xTB
                        calc (def:~/.param_stda2.xtb)
        -parv <file>  : read parameters for vTB part in
                        sTDA-xTB (def: ~/.param_stda1.xtb)
        -xtemp <real> : el. temp for xTB (def. 0 K)
        -etemp <real> : el. temp for GFN (def. 300 K)
        -fod          : calculate the FOD and write
                        molden.input file with
                        appropriate occupations
                        for plotting. Def. T=12500 K
 
        -acc <real>   : xTB accuracy (def. 1.0)
        -gbsa [string1] [string2]
                        use GBSA implicit solvent
                        for solvent [string1] and
                        solvation state [string2]=
                        reference, bar1M (default=1M)
        additional GFN/opt/MD/siman options read from
        $XTB4STDAHOME/.xtb4stdarc or $set in input
 
       spin and charge state information can be on:
       <.CHRG> (charge) and <.UHF> (=nalpha-nbeta)
       -uhf and -chrg override the file info.
       useful machine settings:
       setenv MKL_NUM_THREADS <NCORE_ON_YOUR_MACHINE>
       setenv OMP_STACKSIZE 500m
       limit stacksize unlimited
 
       total energies in Eh, gaps/HL energies in eV
       please read REVISION and HOWTO files carefully
 =============================
  # OMP threads =           8
 =============================
 
 xtb4stdahome directory:/ihome/ghutchison/blp62/xtb4stda/
 
 
 name of molecule           :
 comment line               :
 number of atoms            :    98
 number of electrons        :   324
 charge                     :  0
 spin                       : 0.0
 first test random number   :  0.7863
 
 -----------------------------------------
      charge density (VTB) calculation
 -----------------------------------------
 
      method parameters     
 k(s)        :  1.8000
 k(p)        :  2.8350
 k(d)        :  2.0860
 k(f)        :  2.0000
 Tscal       :  0.3300
 Gscal       :  0.3910
 fpol        :  1.0000
 Zcnf        :  0.6500
 Zqf         :  0.0000
 kcn         :  0.3000
 kEN1        : -0.5900
 wllscal     :  2.6000
 
     -------------------------
     ! NO SOLVENT MODEL USED !
     -------------------------
 
 doing EN charges ...
 sum q :  0.2109424D-14
 point charge moment (au)
     X       Y       Z   
  -0.6218  -0.1526   0.2469  total (Debye):    1.744
 
            Z      q(EN)   CN      Cart. coordinates
     1  C   4.0  -0.088   3.282   -10.67242    12.42533     4.84129
     2  C   4.0  -0.076   3.167   -10.56754    14.95661     5.22264
     3  S   6.0   0.202   2.469   -13.14493    16.93667     4.52325
     4  C   4.0   0.149   3.157   -11.37785    19.70701     5.31391
     5  O   6.0  -0.119   1.095   -12.20650    21.80876     5.24985
     6  N   5.0  -0.312   3.323    -8.97922    19.00875     5.94980
     7  C   4.0  -0.097   4.095    -7.12049    20.90245     6.66204
     8  C   4.0  -0.238   4.023    -7.28603    21.50735     9.47074
     9  C   4.0   0.187   3.312    -8.36090    16.46254     5.93242
    10  O   6.0  -0.103   1.073    -6.23761    15.70532     6.32491
    11  C   4.0  -0.082   3.235    -8.83371    10.59418     5.53633
    12  C   4.0  -0.006   3.373    -7.35066    10.35778     7.67796
    13  C   4.0  -0.172   4.067    -7.53377    12.04587     9.92692
    14  C   4.0  -0.245   4.034    -7.64224    10.59966    12.42041
    15  C   4.0  -0.106   3.487    -5.78955     8.20897     7.52111
    16  S   6.0   0.229   2.456    -3.45347     6.96591     9.50513
    17  C   4.0  -0.088   3.404    -2.88429     4.60715     7.32061
    18  C   4.0   0.008   3.418    -1.33679     2.47365     7.01221
    19  C   4.0   0.075   3.658     0.37606     1.27991     8.67611
    20  C   4.0   0.075   3.657     1.53786    -1.05031     7.91720
    21  N   5.0  -0.299   2.146     2.99937    -2.01445     9.70280
    22  S   6.0   0.427   2.891     2.93002    -0.14872    12.12675
    23  N   5.0  -0.299   2.147     1.02914     1.96191    10.99235
    24  C   4.0   0.008   3.420     1.13157    -1.94528     5.43466
    25  C   4.0  -0.088   3.402     2.25539    -3.92288     4.07992
    26  S   6.0   0.226   2.426     4.41213    -6.33342     4.55197
    27  C   4.0  -0.104   3.480     4.20993    -7.06663     1.32338
    28  C   4.0  -0.008   3.391     5.40518    -8.86905    -0.15590
    29  C   4.0  -0.174   4.063     7.32836   -10.66032     0.87324
    30  C   4.0  -0.243   4.030    10.00175    -9.60888     0.52572
    31  C   4.0  -0.079   3.221     4.65931    -8.68291    -2.70439
    32  S   6.0   0.227   2.696     2.42093    -6.25424    -3.18192
    33  C   4.0  -0.094   3.396     2.52713    -5.50364    -0.01682
    34  C   4.0   0.074   3.685     1.40274    -3.73051     1.57981
    35  N   5.0  -0.296   3.270    -0.24113    -1.74327     1.36230
    36  C   4.0   0.101   3.457    -0.47602    -0.63740     3.70897
    37  C   4.0   0.097   3.460    -1.91505     1.44073     4.59846
    38  N   5.0  -0.289   3.265    -3.83841     2.85953     3.51546
    39  C   4.0   0.073   3.690    -4.41667     4.76287     5.17653
    40  C   4.0  -0.098   3.411    -6.08983     6.80623     5.30068
    41  S   6.0   0.219   2.544    -8.40172     8.08047     3.39376
    42  C   4.0  -0.100   4.092    -5.76177     2.05054     1.74422
    43  C   4.0  -0.239   4.027    -7.34971    -0.08863     2.85368
    44  C   4.0  -0.096   4.086    -0.89630    -0.79009    -1.11191
    45  C   4.0  -0.241   4.027    -2.97329    -2.35082    -2.37047
    46  C   4.0  -0.074   3.203     5.63119   -10.23532    -4.60186
    47  C   4.0  -0.003   3.278     5.17955   -10.28521    -7.16414
    48  C   4.0   0.103   3.240     3.43080    -8.64569    -8.54024
    49  O   6.0  -0.122   1.242     2.05867    -7.00314    -7.67701
    50  C   4.0  -0.006   3.339     3.62525    -9.36869   -11.21893
    51  C   4.0  -0.067   3.188     2.38446    -8.38264   -13.25208
    52  C   4.0  -0.005   3.254     2.88278    -9.37040   -15.68170
    53  C   4.0  -0.072   3.179     1.65861    -8.42497   -17.84997
    54  C   4.0  -0.072   3.157     2.16128    -9.39477   -20.19172
    55  C   4.0   0.023   3.155     3.92477   -11.35744   -20.41206
    56  F   7.0  -0.026   1.065     4.39626   -12.28700   -22.73227
    57  C   4.0  -0.072   3.198     5.16424   -12.34331   -18.37059
    58  C   4.0  -0.005   3.260     4.66857   -11.36802   -15.94475
    59  C   4.0  -0.068   3.196     5.92127   -12.35295   -13.79651
    60  C   4.0  -0.006   3.338     5.40632   -11.36916   -11.46043
    61  C   4.0  -0.008   3.322     6.37934   -11.97935    -8.94653
    62  C   4.0  -0.037   3.119     8.11524   -13.84073    -8.43989
    63  C   4.0   0.234   2.163     9.07673   -14.47001    -6.03749
    64  N   5.0  -0.214   1.028     9.94827   -15.10099    -4.15041
    65  C   4.0   0.235   2.166     9.19465   -15.41790   -10.29655
    66  N   5.0  -0.215   1.027    10.14613   -16.76470   -11.70704
    67  H   1.0   0.074   1.011   -12.30476    11.70610     3.83350
    68  H   1.0   0.083   1.004    -5.26988    20.11557     6.19414
    69  H   1.0   0.083   1.003    -7.48086    22.59281     5.53482
    70  H   1.0   0.082   0.999    -9.14382    22.25776     9.92768
    71  H   1.0   0.081   0.999    -6.95041    19.81378    10.58643
    72  H   1.0   0.082   0.999    -5.86968    22.91047     9.95848
    73  H   1.0   0.082   1.006    -9.22262    13.21731     9.73870
    74  H   1.0   0.081   1.005    -5.89991    13.31312     9.91785
    75  H   1.0   0.081   0.999    -7.98901    11.91189    13.96224
    76  H   1.0   0.081   0.999    -9.16441     9.21884    12.38602
    77  H   1.0   0.082   1.006    -5.87705     9.62211    12.79288
    78  H   1.0   0.082   1.004     7.19381   -12.50280    -0.04120
    79  H   1.0   0.081   1.006     6.96194   -10.90920     2.88845
    80  H   1.0   0.081   0.999    10.19110    -7.80438     1.49099
    81  H   1.0   0.082   0.999    10.42373    -9.33695    -1.46718
    82  H   1.0   0.082   0.999    11.37143   -10.92337     1.30542
    83  H   1.0   0.082   1.010    -6.95929     3.69385     1.38347
    84  H   1.0   0.086   1.005    -4.93842     1.47040    -0.04403
    85  H   1.0   0.082   0.999    -8.24639     0.52138     4.59959
    86  H   1.0   0.082   0.999    -8.81349    -0.63797     1.52274
    87  H   1.0   0.082   0.999    -6.17355    -1.72400     3.26753
    88  H   1.0   0.081   1.005     0.80276    -0.90027    -2.28978
    89  H   1.0   0.084   1.004    -1.40218     1.20073    -0.93976
    90  H   1.0   0.082   1.004    -2.26427    -4.22505    -2.81720
    91  H   1.0   0.082   0.999    -3.54834    -1.45225    -4.12433
    92  H   1.0   0.082   0.999    -4.61207    -2.55340    -1.15009
    93  H   1.0   0.077   1.015     6.98216   -11.60424    -3.91154
    94  H   1.0   0.075   1.005     1.04086    -6.86594   -13.01095
    95  H   1.0   0.075   1.005     0.30821    -6.91111   -17.63133
    96  H   1.0   0.075   1.004     1.24155    -8.69331   -21.86961
    97  H   1.0   0.076   1.005     6.51048   -13.85509   -18.61191
    98  H   1.0   0.077   1.008     7.26014   -13.86416   -14.06599
 
  Z AO/shell   Hii/eV     exponent
  1     Sat Feb 20 21:38:01 CET 2016    EN: 2.327 GAM: 0.473  GM3: 0.0000
     1s    -13.751157    1.051071
  6     Sat Feb 20 21:38:01 CET 2016    EN: 2.731 GAM: 0.422  GM3: 0.0000
     2s    -19.378245    2.021003
     2p    -11.993376    1.497917
  7     Sat Feb 20 21:38:01 CET 2016    EN: 3.573 GAM: 0.504  GM3: 0.0000
     2s    -21.576984    2.275442
     2p    -16.125120    2.056788
  8     Sat Feb 20 21:38:01 CET 2016    EN: 3.700 GAM: 0.587  GM3: 0.0000
     2s    -21.648843    2.110798
     2p    -17.239740    2.329048
  9     Sat Feb 20 21:51:24 CET 2016    EN: 3.394 GAM: 0.669  GM3: 0.0000
     2s    -19.384211    2.614957
     2p    -19.426034    2.777297
 16     Sat Feb 20 23:13:41 CET 2016    EN: 1.915 GAM: 0.389  GM3: 0.0000
     3s    -22.000000    2.671470
     3p    -15.834192    1.836978
     3d     -2.593599    1.836978
 
 dipole moment of classical point charges (au)
     X       Y       Z   
  -0.6218  -0.1526   0.2469  total (Debye):    1.744

 
 Nbf   :          332
 T(el) :   300.0
 calculating S/T integrals ...
 cpu time for ints   0.405124000000000     
 Nao   :          326
 making H0...
 making H1...
 cpu time for H      0.132719000000000     
 solving ...
 cpu time for diag   0.142007000000000     
 
 gap (eV)           :   1.424
 Koopmans IP (eV)   :  11.871
 Eel (Eh)           :  -253.145835
 T,E(Fermi),NFOD :    300.000   -11.159  0.000000
 T,E(Fermi),NFOD :    300.000   -11.159  0.000000
 Nfod               :  0.0000
 Nfod/Nel           :  0.0000

          eigenvalues
 #    :         150        151        152        153        154        155        156        157
 occ. :        2.000      2.000      2.000      2.000      2.000      2.000      2.000      2.000
 eps  :       -15.618    -15.567    -15.314    -15.125    -14.906    -14.768    -14.659    -14.258
 #    :         158        159        160        161        162        163        164        165
 occ. :        2.000      2.000      2.000      2.000      2.000      0.000      0.000      0.000
 eps  :       -14.041    -13.738    -13.457    -12.869    -11.872    -10.448     -9.788     -9.374
 #    :         166        167        168        169        170        171        172        173
 occ. :        0.000      0.000      0.000      0.000      0.000      0.000      0.000      0.000
 eps  :        -8.899     -8.823     -8.809     -8.747     -8.022     -7.669     -7.520     -7.493
                            1  SCC done.
 making H1...
 cpu time for H      0.184136000000000     
 solving ...
 cpu time for diag   0.132509000000000     
 
 gap (eV)           :   1.933
 Koopmans IP (eV)   :  12.173
 Eel (Eh)           :  -253.436709
 T,E(Fermi),NFOD :    300.000   -11.207  0.000000
 T,E(Fermi),NFOD :    300.000   -11.207  0.000000
 Nfod               :  0.0000
 Nfod/Nel           :  0.0000

          eigenvalues
 #    :         150        151        152        153        154        155        156        157
 occ. :        2.000      2.000      2.000      2.000      2.000      2.000      2.000      2.000
 eps  :       -15.094    -15.065    -14.854    -14.720    -14.645    -14.509    -14.273    -14.162
 #    :         158        159        160        161        162        163        164        165
 occ. :        2.000      2.000      2.000      2.000      2.000      0.000      0.000      0.000
 eps  :       -14.021    -13.851    -13.499    -13.144    -12.175    -10.241     -9.822     -9.165
 #    :         166        167        168        169        170        171        172        173
 occ. :        0.000      0.000      0.000      0.000      0.000      0.000      0.000      0.000
 eps  :        -9.011     -8.899     -8.839     -8.829     -7.990     -7.805     -7.527     -7.407
                            2  SCC done.
 
 
 Mulliken/CM5 charges    n(s)   n(p)   n(d)   
    1 C  -0.0199 -0.0662   1.141  2.879  0.000
    2 C  -0.0107  0.0053   1.178  2.833  0.000
    3 S   0.0236  0.0031   1.895  4.054  0.027
    4 C   0.2057  0.3240   1.158  2.636  0.000
    5 O  -0.2733 -0.3156   1.616  4.657  0.000
    6 N  -0.1305 -0.3826   1.277  3.853  0.000
    7 C   0.0345 -0.0130   1.148  2.817  0.000
    8 C  -0.0793 -0.2254   1.091  2.988  0.000
    9 C   0.1845  0.2857   1.169  2.646  0.000
   10 O  -0.2716 -0.3239   1.625  4.646  0.000
   11 C  -0.0333 -0.0252   1.171  2.862  0.000
   12 C  -0.0160 -0.0226   1.186  2.830  0.000
   13 C  -0.0280 -0.1319   1.125  2.903  0.000
   14 C  -0.0869 -0.2379   1.093  2.994  0.000
   15 C  -0.0565 -0.0430   1.173  2.884  0.000
   16 S   0.1245  0.0894   1.892  3.931  0.053
   17 C  -0.0503 -0.0282   1.167  2.883  0.000
   18 C  -0.0086  0.0044   1.155  2.853  0.000
   19 C   0.0163  0.1043   1.204  2.780  0.000
   20 C   0.0157  0.1038   1.204  2.780  0.000
   21 N  -0.2008 -0.3625   1.530  3.670  0.000
   22 S   0.2415  0.3762   1.910  3.698  0.151
   23 N  -0.2011 -0.3628   1.531  3.670  0.000
   24 C  -0.0128  0.0003   1.152  2.861  0.000
   25 C  -0.0500 -0.0279   1.173  2.877  0.000
   26 S   0.1202  0.0876   1.893  3.937  0.049
   27 C  -0.0513 -0.0382   1.173  2.879  0.000
   28 C  -0.0182 -0.0262   1.196  2.822  0.000
   29 C  -0.0262 -0.1322   1.122  2.904  0.000
   30 C  -0.0844 -0.2359   1.095  2.989  0.000
   31 C  -0.0168 -0.0091   1.168  2.849  0.000
   32 S   0.1192  0.0872   1.895  3.919  0.067
   33 C  -0.0615 -0.0436   1.188  2.873  0.000
   34 C  -0.0005  0.0693   1.166  2.834  0.000
   35 N  -0.0818 -0.3400   1.265  3.817  0.000
   36 C   0.0241  0.0942   1.188  2.788  0.000
   37 C   0.0197  0.0881   1.185  2.796  0.000
   38 N  -0.0878 -0.3436   1.290  3.798  0.000
   39 C  -0.0056  0.0637   1.168  2.837  0.000
   40 C  -0.0485 -0.0307   1.162  2.886  0.000
   41 S   0.0871  0.0510   1.890  3.973  0.049
   42 C   0.0266 -0.0229   1.147  2.826  0.000
   43 C  -0.0846 -0.2314   1.094  2.991  0.000
   44 C   0.0347 -0.0136   1.146  2.819  0.000
   45 C  -0.0809 -0.2287   1.093  2.988  0.000
   46 C  -0.0014 -0.0496   1.152  2.849  0.000
   47 C  -0.0288 -0.0307   1.169  2.860  0.000
   48 C   0.1331  0.1683   1.174  2.693  0.000
   49 O  -0.2327 -0.2790   1.620  4.612  0.000
   50 C  -0.0213 -0.0232   1.180  2.842  0.000
   51 C  -0.0201 -0.0697   1.150  2.870  0.000
   52 C   0.0041 -0.0032   1.164  2.832  0.000
   53 C  -0.0278 -0.0812   1.140  2.887  0.000
   54 C  -0.0180 -0.0695   1.132  2.886  0.000
   55 C   0.0972  0.1082   1.164  2.739  0.000
   56 F  -0.1305 -0.1545   1.680  5.451  0.000
   57 C  -0.0286 -0.0774   1.134  2.894  0.000
   58 C   0.0146  0.0075   1.164  2.821  0.000
   59 C  -0.0260 -0.0758   1.151  2.875  0.000
   60 C  -0.0049 -0.0084   1.168  2.837  0.000
   61 C   0.0166  0.0159   1.196  2.787  0.000
   62 C   0.0007  0.0068   1.113  2.886  0.000
   63 C   0.0968  0.2139   1.173  2.730  0.000
   64 N  -0.2190 -0.3521   1.642  3.577  0.000
   65 C   0.0949  0.2138   1.172  2.733  0.000
   66 N  -0.2153 -0.3455   1.642  3.573  0.000
   67 H   0.0606  0.1206   0.939  0.000  0.000
   68 H   0.0531  0.1245   0.947  0.000  0.000
   69 H   0.0520  0.1213   0.948  0.000  0.000
   70 H   0.0330  0.0888   0.967  0.000  0.000
   71 H   0.0316  0.0871   0.968  0.000  0.000
   72 H   0.0428  0.0952   0.957  0.000  0.000
   73 H   0.0403  0.1015   0.960  0.000  0.000
   74 H   0.0525  0.1150   0.947  0.000  0.000
   75 H   0.0373  0.0891   0.963  0.000  0.000
   76 H   0.0282  0.0810   0.972  0.000  0.000
   77 H   0.0342  0.0901   0.966  0.000  0.000
   78 H   0.0507  0.1086   0.949  0.000  0.000
   79 H   0.0433  0.1009   0.957  0.000  0.000
   80 H   0.0295  0.0824   0.970  0.000  0.000
   81 H   0.0311  0.0846   0.969  0.000  0.000
   82 H   0.0405  0.0926   0.960  0.000  0.000
   83 H   0.0529  0.1231   0.947  0.000  0.000
   84 H   0.0598  0.1284   0.940  0.000  0.000
   85 H   0.0322  0.0874   0.968  0.000  0.000
   86 H   0.0427  0.0950   0.957  0.000  0.000
   87 H   0.0325  0.0885   0.967  0.000  0.000
   88 H   0.0517  0.1195   0.948  0.000  0.000
   89 H   0.0550  0.1238   0.945  0.000  0.000
   90 H   0.0383  0.0955   0.962  0.000  0.000
   91 H   0.0455  0.0979   0.954  0.000  0.000
   92 H   0.0327  0.0885   0.967  0.000  0.000
   93 H   0.0665  0.1371   0.934  0.000  0.000
   94 H   0.0505  0.1098   0.950  0.000  0.000
   95 H   0.0490  0.1065   0.951  0.000  0.000
   96 H   0.0474  0.1052   0.953  0.000  0.000
   97 H   0.0452  0.1039   0.955  0.000  0.000
   98 H   0.0539  0.1190   0.946  0.000  0.000
 Hirshfeld charges for QMDFF written to <charges>
 
 Loewdin charges    n(s)   n(p)   n(d)
    1 C  -0.0139   1.088  2.926  0.000
    2 C   0.0079   1.134  2.858  0.000
    3 S  -0.0148   1.883  4.056  0.076
    4 C   0.2012   1.127  2.671  0.000
    5 O  -0.2601   1.586  4.674  0.000
    6 N  -0.0950   1.239  3.856  0.000
    7 C   0.0376   1.090  2.872  0.000
    8 C  -0.0810   1.018  3.063  0.000
    9 C   0.1645   1.142  2.694  0.000
   10 O  -0.2577   1.595  4.663  0.000
   11 C  -0.0120   1.126  2.886  0.000
   12 C  -0.0165   1.147  2.869  0.000
   13 C  -0.0215   1.063  2.959  0.000
   14 C  -0.0882   1.020  3.069  0.000
   15 C  -0.0362   1.130  2.906  0.000
   16 S   0.0845   1.878  3.930  0.107
   17 C  -0.0300   1.123  2.907  0.000
   18 C  -0.0150   1.117  2.898  0.000
   19 C   0.0108   1.170  2.819  0.000
   20 C   0.0104   1.170  2.819  0.000
   21 N  -0.1619   1.493  3.669  0.000
   22 S   0.1772   1.902  3.704  0.216
   23 N  -0.1619   1.493  3.668  0.000
   24 C  -0.0209   1.114  2.907  0.000
   25 C  -0.0272   1.129  2.898  0.000
   26 S   0.0805   1.880  3.937  0.103
   27 C  -0.0313   1.130  2.902  0.000
   28 C  -0.0144   1.156  2.859  0.000
   29 C  -0.0194   1.060  2.960  0.000
   30 C  -0.0856   1.022  3.063  0.000
   31 C   0.0021   1.124  2.874  0.000
   32 S   0.0745   1.882  3.918  0.125
   33 C  -0.0376   1.144  2.894  0.000
   34 C  -0.0143   1.136  2.878  0.000
   35 N  -0.0383   1.223  3.815  0.000
   36 C   0.0143   1.156  2.830  0.000
   37 C   0.0086   1.153  2.838  0.000
   38 N  -0.0456   1.249  3.796  0.000
   39 C  -0.0177   1.138  2.880  0.000
   40 C  -0.0272   1.119  2.908  0.000
   41 S   0.0493   1.877  3.971  0.103
   42 C   0.0262   1.091  2.883  0.000
   43 C  -0.0866   1.021  3.065  0.000
   44 C   0.0358   1.089  2.875  0.000
   45 C  -0.0834   1.020  3.063  0.000
   46 C   0.0046   1.099  2.896  0.000
   47 C  -0.0371   1.131  2.906  0.000
   48 C   0.1243   1.140  2.736  0.000
   49 O  -0.2132   1.589  4.624  0.000
   50 C  -0.0238   1.139  2.884  0.000
   51 C  -0.0144   1.096  2.918  0.000
   52 C   0.0079   1.120  2.872  0.000
   53 C  -0.0208   1.086  2.935  0.000
   54 C  -0.0151   1.079  2.936  0.000
   55 C   0.0927   1.127  2.780  0.000
   56 F  -0.1129   1.663  5.450  0.000
   57 C  -0.0302   1.083  2.947  0.000
   58 C   0.0216   1.120  2.859  0.000
   59 C  -0.0235   1.098  2.925  0.000
   60 C  -0.0020   1.126  2.876  0.000
   61 C   0.0277   1.152  2.820  0.000
   62 C  -0.0119   1.072  2.940  0.000
   63 C   0.0917   1.138  2.770  0.000
   64 N  -0.2081   1.604  3.604  0.000
   65 C   0.0893   1.138  2.773  0.000
   66 N  -0.2046   1.604  3.601  0.000
   67 H   0.0502   0.950  0.000  0.000
   68 H   0.0460   0.954  0.000  0.000
   69 H   0.0451   0.955  0.000  0.000
   70 H   0.0321   0.968  0.000  0.000
   71 H   0.0310   0.969  0.000  0.000
   72 H   0.0423   0.958  0.000  0.000
   73 H   0.0365   0.964  0.000  0.000
   74 H   0.0468   0.953  0.000  0.000
   75 H   0.0368   0.963  0.000  0.000
   76 H   0.0281   0.972  0.000  0.000
   77 H   0.0343   0.966  0.000  0.000
   78 H   0.0463   0.954  0.000  0.000
   79 H   0.0388   0.961  0.000  0.000
   80 H   0.0293   0.971  0.000  0.000
   81 H   0.0309   0.969  0.000  0.000
   82 H   0.0393   0.961  0.000  0.000
   83 H   0.0471   0.953  0.000  0.000
   84 H   0.0551   0.945  0.000  0.000
   85 H   0.0314   0.969  0.000  0.000
   86 H   0.0421   0.958  0.000  0.000
   87 H   0.0321   0.968  0.000  0.000
   88 H   0.0450   0.955  0.000  0.000
   89 H   0.0499   0.950  0.000  0.000
   90 H   0.0373   0.963  0.000  0.000
   91 H   0.0447   0.955  0.000  0.000
   92 H   0.0333   0.967  0.000  0.000
   93 H   0.0568   0.943  0.000  0.000
   94 H   0.0406   0.959  0.000  0.000
   95 H   0.0401   0.960  0.000  0.000
   96 H   0.0382   0.962  0.000  0.000
   97 H   0.0361   0.964  0.000  0.000
   98 H   0.0438   0.956  0.000  0.000
 
 Wiberg/Mayer (AO) data. WBOs > 0.1 written file <wbo>
 largest (>0.05) Wiberg bond orders for each atom
           total WBO             WBO to atom ...
     1  C   3.961    C    2 1.628    C   11 1.152    H   67 0.930    O   10 0.070    S    3 0.053
     2  C   3.919    C    1 1.628    S    3 1.035    C    9 1.032    O   10 0.061    C   12 0.050
     3  S   2.372    C    2 1.035    C    4 0.995    O    5 0.146    C    1 0.053
     4  C   3.925    O    5 1.796    N    6 1.082    S    3 0.995
     5  O   2.150    C    4 1.796    N    6 0.149    S    3 0.146
     6  N   3.475    C    4 1.082    C    9 1.032    C    7 0.937    O    5 0.149    O   10 0.149
     7  C   3.932    C    8 1.008    H   69 0.970    H   68 0.969    N    6 0.937
     8  C   3.984    C    7 1.008    H   71 0.984    H   70 0.984    H   72 0.975
     9  C   3.918    O   10 1.745    N    6 1.032    C    2 1.032
    10  O   2.140    C    9 1.745    N    6 0.149    C    1 0.070    C    2 0.061
    11  C   3.910    C   12 1.456    C    1 1.152    S   41 1.061    C   40 0.066
    12  C   3.933    C   11 1.456    C   15 1.241    C   13 0.980    S   41 0.066    C    2 0.050
    13  C   3.971    C   14 0.998    C   12 0.980    H   73 0.960    H   74 0.947
    14  C   3.983    C   13 0.998    H   76 0.984    H   75 0.979    H   77 0.979
    15  C   3.914    C   40 1.348    C   12 1.241    S   16 1.076    C   17 0.055    S   41 0.054
    16  S   2.494    C   17 1.104    C   15 1.076    C   39 0.056    C   40 0.052
    17  C   3.919    C   39 1.345    C   18 1.200    S   16 1.104    C   15 0.055
    18  C   3.921    C   37 1.284    C   17 1.200    C   19 1.159
    19  C   3.928    N   23 1.429    C   18 1.159    C   20 1.108    S   22 0.075
    20  C   3.927    N   21 1.429    C   24 1.160    C   19 1.108    S   22 0.073
    21  N   3.072    C   20 1.429    S   22 1.281    N   23 0.201
    22  S   2.813    N   23 1.283    N   21 1.281    C   19 0.075    C   20 0.073
    23  N   3.072    C   19 1.429    S   22 1.283    N   21 0.201
    24  C   3.923    C   36 1.261    C   25 1.220    C   20 1.160
    25  C   3.901    C   34 1.319    C   24 1.220    S   26 1.105
    26  S   2.469    C   25 1.105    C   27 1.058    C   33 0.052    C   34 0.051
    27  C   3.915    C   28 1.334    C   33 1.286    S   26 1.058
    28  C   3.907    C   27 1.334    C   31 1.327    C   29 0.981    S   32 0.068    C   47 0.066
    29  C   3.970    C   30 0.987    C   28 0.981    H   79 0.965    H   78 0.961
    30  C   3.979    C   29 0.987    H   80 0.985    H   81 0.984    H   82 0.978
    31  C   3.913    C   28 1.327    C   46 1.301    S   32 1.053    C   33 0.051
    32  S   2.560    C   33 1.094    C   31 1.053    O   49 0.081    C   28 0.068
    33  C   3.916    C   27 1.286    C   34 1.256    S   32 1.094    S   26 0.052    C   31 0.051
    34  C   3.903    C   25 1.319    C   33 1.256    N   35 1.077    S   26 0.051
    35  N   3.435    C   36 1.109    C   34 1.077    C   44 0.944
    36  C   3.887    C   24 1.261    C   37 1.245    N   35 1.109
    37  C   3.896    C   18 1.284    C   36 1.245    N   38 1.082
    38  N   3.406    C   37 1.082    C   39 1.076    C   42 0.946
    39  C   3.900    C   17 1.345    C   40 1.233    N   38 1.076    S   16 0.056
    40  C   3.934    C   15 1.348    C   39 1.233    S   41 1.103    C   11 0.066    S   16 0.052
    41  S   2.484    C   40 1.103    C   11 1.061    C   12 0.066    C   15 0.054
    42  C   3.930    C   43 1.002    H   83 0.966    H   84 0.960    N   38 0.946
    43  C   3.981    C   42 1.002    H   85 0.984    H   87 0.983    H   86 0.975
    44  C   3.929    C   45 1.005    H   88 0.967    H   89 0.962    N   35 0.944
    45  C   3.980    C   44 1.005    H   92 0.981    H   90 0.980    H   91 0.975
    46  C   3.922    C   47 1.455    C   31 1.301    H   93 0.915
    47  C   3.909    C   46 1.455    C   61 1.113    C   48 1.043    C   28 0.066    O   49 0.065
    48  C   3.902    O   49 1.721    C   47 1.043    C   50 0.993
    49  O   2.163    C   48 1.721    S   32 0.081    C   47 0.065    C   50 0.053
    50  C   3.941    C   51 1.509    C   60 1.169    C   48 0.993    O   49 0.053    C   58 0.051
    51  C   3.956    C   50 1.509    C   52 1.247    H   94 0.942    C   59 0.086
    52  C   3.949    C   53 1.264    C   51 1.247    C   58 1.210    C   55 0.060    C   60 0.050
    53  C   3.960    C   54 1.544    C   52 1.264    H   95 0.941    C   57 0.109
    54  C   3.960    C   53 1.544    C   55 1.281    H   96 0.945    C   58 0.063
    55  C   3.909    C   57 1.499    C   54 1.281    F   56 0.970    C   52 0.060
    56  F   1.095    C   55 0.970
    57  C   3.959    C   55 1.499    C   58 1.267    H   97 0.944    C   53 0.109
    58  C   3.952    C   57 1.267    C   59 1.246    C   52 1.210    C   54 0.063    C   50 0.051
    59  C   3.949    C   60 1.500    C   58 1.246    H   98 0.934    C   51 0.086
    60  C   3.952    C   59 1.500    C   50 1.169    C   61 1.046    C   52 0.050
    61  C   3.928    C   62 1.452    C   47 1.113    C   60 1.046    N   64 0.089    N   66 0.089
    62  C   3.913    C   61 1.452    C   63 1.066    C   65 1.064    N   64 0.081    N   66 0.081
    63  C   3.939    N   64 2.771    C   62 1.066
    64  N   3.040    C   63 2.771    C   61 0.089    C   62 0.081
    65  C   3.939    N   66 2.783    C   62 1.064
    66  N   3.043    C   65 2.783    C   61 0.089    C   62 0.081
    67  H   0.992    C    1 0.930
    68  H   0.997    C    7 0.969
    69  H   0.997    C    7 0.970
    70  H   0.999    C    8 0.984
    71  H   0.999    C    8 0.984
    72  H   0.997    C    8 0.975
    73  H   0.997    C   13 0.960
    74  H   0.997    C   13 0.947
    75  H   0.996    C   14 0.979
    76  H   0.999    C   14 0.984
    77  H   0.999    C   14 0.979
    78  H   0.996    C   29 0.961
    79  H   0.997    C   29 0.965
    80  H   0.999    C   30 0.985
    81  H   0.999    C   30 0.984
    82  H   0.995    C   30 0.978
    83  H   0.996    C   42 0.966
    84  H   0.995    C   42 0.960
    85  H   0.999    C   43 0.984
    86  H   0.998    C   43 0.975
    87  H   0.999    C   43 0.983
    88  H   0.996    C   44 0.967
    89  H   0.996    C   44 0.962
    90  H   0.998    C   45 0.980
    91  H   0.997    C   45 0.975
    92  H   0.999    C   45 0.981
    93  H   0.993    C   46 0.915
    94  H   0.994    C   51 0.942
    95  H   0.996    C   53 0.941
    96  H   0.994    C   54 0.945
    97  H   0.996    C   57 0.944
    98  H   0.994    C   59 0.934
 
 --------------------------------------------
          xTB calculation for sTDA...
 --------------------------------------------
 
 reading parameter file /ihome/ghutchison/blp62/xtb4stda/.param_stda2.xtb
 
      method parameters     
 k(s)        :  1.6000
 k(p)        :  2.1800
 k(d)        :  1.9500
 k(f)        :  2.0000
 k(R-V)      :  2.2750
 k(R-R)      :  1.7650
 Tscal       :  0.2580
 Gscal       :  1.0000
 fpol        :  1.0000
 Zcnf        :  0.3430
 Zqf         :  0.0000
 kcn         :  2.7000
 Ryd Hsplit  :  0.7000
 lshift(virt):  3.1000
 lshift(OS)  :  0.2000
 wllscaling  :  2.6000
 
 mowrcut     : 3.000
 
  Z AO/shell   Hii/eV     exponent
  1     Sun Feb 14 09:53:25 CET 2016    EN: 2.327 GAM: 0.473  GM3: 0.0000
     1s    -14.339618    1.220000
     2sp    -3.348946    0.600000
  6     Sun Feb 14 09:53:25 CET 2016    EN: 2.731 GAM: 0.422  GM3: 0.0000
     2s    -22.009312    1.565095
     2p    -13.020408    1.596905
     3sp    -3.914040    0.824500
  7     Sun Feb 14 09:53:25 CET 2016    EN: 3.573 GAM: 0.504  GM3: 0.0000
     2s    -25.722000    2.064844
     2p    -18.684912    1.801692
     3sp    -4.344791    0.921400
  8     Sun Feb 14 09:53:25 CET 2016    EN: 3.700 GAM: 0.587  GM3: 0.0000
     2s    -33.859000    2.418661
     2p    -22.175911    1.973969
     3sp    -4.259392    1.013700
  9     Sun Feb 21 12:20:01 CET 2016    EN: 3.394 GAM: 0.600  GM3: 0.0000
     2s    -26.548112    1.943768
     2p    -23.081168    2.552035
     3sp    -1.937199    1.103200
 16     Sun Feb 21 16:35:57 CET 2016    EN: 1.915 GAM: 0.200  GM3: 0.0000
     3s    -17.898811    2.619580
     3p    -15.317401    1.798798
     4sp    -4.455139    0.843200
 
 Nbf   :          688
 T(el) :     0.0
 calculating S/T integrals ...
 cpu time for ints    1.85018500000000     
 Nao   :          688
 making H0...
 making H1...
 cpu time for H      1.219000000000037E-002
 solving ...
 cpu time for diag    1.39606500000000     
 
 gap (eV)           :   4.608
 Koopmans IP (eV)   :  13.465
 Eel (Eh)           :  -280.161255

          eigenvalues
 #    :         150        151        152        153        154        155        156        157
 occ. :        2.000      2.000      2.000      2.000      2.000      2.000      2.000      2.000
 eps  :       -16.804    -16.379    -16.339    -16.211    -15.947    -15.929    -15.578    -15.280
 #    :         158        159        160        161        162        163        164        165
 occ. :        2.000      2.000      2.000      2.000      2.000      0.000      0.000      0.000
 eps  :       -15.204    -14.461    -14.340    -13.959    -13.466     -8.858     -8.400     -7.931
 #    :         166        167        168        169        170        171        172        173
 occ. :        0.000      0.000      0.000      0.000      0.000      0.000      0.000      0.000
 eps  :        -7.516     -6.917     -5.983     -5.856     -5.704     -5.667     -5.527     -5.253
                            1  SCC done.
 writing mo output ...
 molden style : F
 
speedup  4.86
cpu  time for all    4.73 s
wall time for all    0.97 s
