 
        ______________________________________
       |                                      |
       |          ===================         |
       |             xTB for sTDA             |
       |          ===================         |
       |               S. Grimme              |
       |        Universitaet Bonn, MCTC       |
       |         2015-19, Version 1.0         |
       |     Wed Apr  3 09:14:55 CEST 2019    |
       |______________________________________|
 
        This code comes without any warranty
        for non-commercial, academia use only.
        Preliminary test version.
        Cite this work as:
        S. Grimme  &  C. Bannwarth, JCP 145 (2016) 054103
        if GBSA is used additionally:
        P. Shushkov, F. März, C. Bannwarth, S. Grimme, unpublished.
 
        with help from
        P. Shushkov, G. Brandenburg, S. Dohm, J. Pisarek,
        F. März, M. Checinski, S. Ehrlich, S. Spicher, 
        P. Pracht, E. Caldeweyher, S. Ehlert, and C. Bannwarth.
 
        usage        :
        xtb4stda <coord_file> [options]
        where <coord_file> is a valid file of TM)
        (*coord, Bohr) or xmol (*xyz, Angstroem)
        format.

        options:
        -chrg <int>   : molecular charge
        -uhf  <int>   : # of unpaired electrons(=2*S)
        -nox          : skip second, extended part in sTDA-xTB
        -pop          : do population analysis
                      : (default for -nox)
        -mowr <real>  : cut MO write above (def.3 Eh)
        -molden       : write formatted molden file
        -parx <file>  : read parameters for sTDA-xTB
                        calc (def:~/.param_stda2.xtb)
        -parv <file>  : read parameters for vTB part in
                        sTDA-xTB (def: ~/.param_stda1.xtb)
        -xtemp <real> : el. temp for xTB (def. 0 K)
        -etemp <real> : el. temp for GFN (def. 300 K)
        -fod          : calculate the FOD and write
                        molden.input file with
                        appropriate occupations
                        for plotting. Def. T=12500 K
 
        -acc <real>   : xTB accuracy (def. 1.0)
        -gbsa [string1] [string2]
                        use GBSA implicit solvent
                        for solvent [string1] and
                        solvation state [string2]=
                        reference, bar1M (default=1M)
        additional GFN/opt/MD/siman options read from
        $XTB4STDAHOME/.xtb4stdarc or $set in input
 
       spin and charge state information can be on:
       <.CHRG> (charge) and <.UHF> (=nalpha-nbeta)
       -uhf and -chrg override the file info.
       useful machine settings:
       setenv MKL_NUM_THREADS <NCORE_ON_YOUR_MACHINE>
       setenv OMP_STACKSIZE 500m
       limit stacksize unlimited
 
       total energies in Eh, gaps/HL energies in eV
       please read REVISION and HOWTO files carefully
 =============================
  # OMP threads =           8
 =============================
 
 xtb4stdahome directory:/ihome/ghutchison/blp62/xtb4stda/
 
 
 name of molecule           :
 comment line               :
 number of atoms            :   103
 number of electrons        :   344
 charge                     :  0
 spin                       : 0.0
 first test random number   :  0.4782
 
 -----------------------------------------
      charge density (VTB) calculation
 -----------------------------------------
 
      method parameters     
 k(s)        :  1.8000
 k(p)        :  2.8350
 k(d)        :  2.0860
 k(f)        :  2.0000
 Tscal       :  0.3300
 Gscal       :  0.3910
 fpol        :  1.0000
 Zcnf        :  0.6500
 Zqf         :  0.0000
 kcn         :  0.3000
 kEN1        : -0.5900
 wllscal     :  2.6000
 
     -------------------------
     ! NO SOLVENT MODEL USED !
     -------------------------
 
 doing EN charges ...
 sum q : -0.1332268D-14
 point charge moment (au)
     X       Y       Z   
   0.9128   0.2675   0.0707  total (Debye):    2.424
 
            Z      q(EN)   CN      Cart. coordinates
     1  C   4.0  -0.075   3.227    -0.58638   -15.06773     5.79957
     2  C   4.0  -0.003   3.285     0.59564   -17.37452     5.88952
     3  C   4.0   0.101   3.223     3.05247   -17.92329     4.67877
     4  O   6.0  -0.106   1.060     4.51078   -16.45554     3.69517
     5  C   4.0  -0.006   3.352     3.27565   -20.71423     4.70277
     6  C   4.0  -0.077   3.242     5.20657   -22.17952     3.74355
     7  C   4.0  -0.068   3.168     5.01174   -24.79037     3.95709
     8  CL  7.0   0.085   1.204     7.35746   -26.72734     2.81267
     9  C   4.0   0.014   3.248     2.88315   -25.83879     5.11284
    10  F   7.0  -0.028   1.082     2.70231   -28.35496     5.29879
    11  C   4.0  -0.067   3.185     0.93352   -24.37728     6.07622
    12  C   4.0  -0.006   3.347     1.13818   -21.77475     5.86741
    13  C   4.0  -0.008   3.327    -0.53800   -19.73498     6.67073
    14  C   4.0  -0.037   3.120    -2.70684   -20.00710     8.06138
    15  C   4.0   0.237   2.153    -4.16911   -17.97470     8.97677
    16  N   5.0  -0.216   1.026    -5.41255   -16.40736     9.81675
    17  C   4.0   0.237   2.152    -3.71312   -22.35905     8.80669
    18  N   5.0  -0.216   1.026    -4.62114   -24.22081     9.44976
    19  C   4.0  -0.081   3.237     0.58638   -12.73373     5.30465
    20  C   4.0  -0.006   3.378     2.96781   -11.82761     5.96398
    21  C   4.0  -0.173   4.069     4.73735   -13.10582     7.74580
    22  C   4.0  -0.244   4.034     5.50383   -11.38465     9.93486
    23  C   4.0  -0.107   3.491     3.38355    -9.42501     4.93880
    24  S   6.0   0.230   2.448     6.03049    -7.44363     4.90894
    25  C   4.0  -0.089   3.409     4.39872    -5.35983     3.00410
    26  C   4.0   0.008   3.427     4.81710    -3.08895     1.71285
    27  C   4.0   0.075   3.663     7.04906    -1.65653     1.42221
    28  C   4.0   0.075   3.662     7.02165     0.46109    -0.26078
    29  N   5.0  -0.299   2.148     9.25852     1.56620    -0.44560
    30  S   6.0   0.427   2.896    11.22667     0.07200     1.35645
    31  N   5.0  -0.298   2.147     9.30180    -2.04563     2.43812
    32  C   4.0   0.008   3.427     4.71373     1.16350    -1.39934
    33  C   4.0  -0.089   3.409     4.12017     3.24201    -2.92681
    34  S   6.0   0.230   2.449     5.62231     5.77217    -4.33541
    35  C   4.0  -0.107   3.494     2.69853     6.83060    -5.45299
    36  C   4.0  -0.006   3.382     1.98365     8.99680    -6.80490
    37  C   4.0  -0.173   4.068     3.82046    10.77616    -7.99127
    38  C   4.0  -0.244   4.034     5.72096     9.39364    -9.67067
    39  C   4.0  -0.082   3.240    -0.61945     9.10375    -7.09611
    40  S   6.0   0.218   2.536    -2.15089     6.41430    -5.85569
    41  C   4.0  -0.098   3.404     0.68805     5.25514    -4.75587
    42  C   4.0   0.075   3.677     1.50876     3.18721    -3.32459
    43  N   5.0  -0.293   3.270     0.48112     1.11645    -2.16222
    44  C   4.0   0.098   3.446     2.41942    -0.18122    -0.96754
    45  C   4.0   0.099   3.446     2.52033    -2.46156     0.44994
    46  N   5.0  -0.293   3.270     0.78046    -4.35601     0.94071
    47  C   4.0   0.074   3.677     1.92431    -6.11496     2.45740
    48  C   4.0  -0.098   3.403     1.34454    -8.44915     3.54815
    49  S   6.0   0.218   2.538    -1.19261   -10.48798     3.58897
    50  C   4.0  -0.098   4.087    -1.54750    -4.99530    -0.33845
    51  C   4.0  -0.239   4.026    -1.10719    -5.51082    -3.14243
    52  C   4.0  -0.098   4.087    -2.22326     0.98814    -1.79316
    53  C   4.0  -0.239   4.025    -2.94022     1.46643     0.96017
    54  C   4.0  -0.075   3.222    -2.15731    10.96873    -8.23807
    55  C   4.0  -0.003   3.287    -1.76538    13.51532    -8.09596
    56  C   4.0   0.100   3.222    -0.21675    14.76481    -6.11307
    57  O   6.0  -0.106   1.060     1.13421    13.77062    -4.55008
    58  C   4.0  -0.006   3.347    -0.83904    17.47108    -6.30016
    59  C   4.0  -0.068   3.192     0.03194    19.44944    -4.84261
    60  C   4.0   0.008   3.186    -0.80918    21.88983    -5.34018
    61  C   4.0  -0.252   4.060     0.13455    24.04979    -3.78285
    62  C   4.0   0.008   3.187    -2.54263    22.30500    -7.30474
    63  C   4.0  -0.253   4.062    -3.46727    24.91868    -7.85049
    64  C   4.0  -0.069   3.198    -3.42078    20.29679    -8.76001
    65  C   4.0  -0.006   3.342    -2.57362    17.87019    -8.27001
    66  C   4.0  -0.008   3.326    -3.14129    15.45172    -9.45940
    67  C   4.0  -0.038   3.120    -4.57181    15.09135   -11.58818
    68  C   4.0   0.236   2.154    -4.91385    12.73713   -12.78929
    69  N   5.0  -0.215   1.026    -5.22906    10.88690   -13.87928
    70  C   4.0   0.237   2.153    -5.82886    17.04854   -12.88642
    71  N   5.0  -0.215   1.026    -6.90090    18.56486   -14.00873
    72  H   1.0   0.075   1.011    -2.62729   -15.01633     5.96870
    73  H   1.0   0.076   1.006     6.82418   -21.31497     2.85575
    74  H   1.0   0.077   1.007    -0.66367   -25.30381     6.93548
    75  H   1.0   0.083   1.006     3.84068   -14.80317     8.49753
    76  H   1.0   0.081   1.005     6.41656   -13.69220     6.69473
    77  H   1.0   0.082   1.005     6.56680    -9.75968     9.27024
    78  H   1.0   0.081   0.999     6.68094   -12.43270    11.25181
    79  H   1.0   0.081   0.999     3.83784   -10.71796    10.93887
    80  H   1.0   0.081   1.005     4.81445    11.79151    -6.49253
    81  H   1.0   0.083   1.006     2.79812    12.16247    -9.12379
    82  H   1.0   0.082   1.005     6.88767     8.10919    -8.57425
    83  H   1.0   0.081   0.999     4.74113     8.31838   -11.12368
    84  H   1.0   0.081   0.999     6.94909    10.75991   -10.58908
    85  H   1.0   0.083   1.011    -2.26030    -6.71042     0.56408
    86  H   1.0   0.084   1.004    -2.96158    -3.52680    -0.04554
    87  H   1.0   0.082   1.000    -0.26381    -3.88584    -4.07595
    88  H   1.0   0.082   0.999    -2.88864    -5.95717    -4.06064
    89  H   1.0   0.082   0.999     0.16327    -7.11009    -3.36957
    90  H   1.0   0.083   1.011    -3.04586     2.46817    -2.97500
    91  H   1.0   0.084   1.004    -2.96555    -0.80899    -2.47384
    92  H   1.0   0.082   0.999    -2.34515     3.35181     1.52104
    93  H   1.0   0.082   1.000    -2.03675     0.11130     2.21362
    94  H   1.0   0.082   0.999    -4.97640     1.33037     1.18694
    95  H   1.0   0.075   1.010    -3.84030    10.27898    -9.18048
    96  H   1.0   0.075   1.005     1.36249    19.08510    -3.33896
    97  H   1.0   0.082   1.000     1.44810    23.39216    -2.34817
    98  H   1.0   0.081   0.999     1.09321    25.43382    -4.96809
    99  H   1.0   0.081   0.999    -1.43128    25.00901    -2.85160
   100  H   1.0   0.081   0.999    -4.42139    25.70613    -6.20454
   101  H   1.0   0.082   1.000    -4.77874    24.91358    -9.43011
   102  H   1.0   0.081   0.999    -1.89105    26.16174    -8.30780
   103  H   1.0   0.077   1.007    -4.76400    20.65943   -10.24931
 
  Z AO/shell   Hii/eV     exponent
  1     Sat Feb 20 21:38:01 CET 2016    EN: 2.327 GAM: 0.473  GM3: 0.0000
     1s    -13.751157    1.051071
  6     Sat Feb 20 21:38:01 CET 2016    EN: 2.731 GAM: 0.422  GM3: 0.0000
     2s    -19.378245    2.021003
     2p    -11.993376    1.497917
  7     Sat Feb 20 21:38:01 CET 2016    EN: 3.573 GAM: 0.504  GM3: 0.0000
     2s    -21.576984    2.275442
     2p    -16.125120    2.056788
  8     Sat Feb 20 21:38:01 CET 2016    EN: 3.700 GAM: 0.587  GM3: 0.0000
     2s    -21.648843    2.110798
     2p    -17.239740    2.329048
  9     Sat Feb 20 21:51:24 CET 2016    EN: 3.394 GAM: 0.669  GM3: 0.0000
     2s    -19.384211    2.614957
     2p    -19.426034    2.777297
 16     Sat Feb 20 23:13:41 CET 2016    EN: 1.915 GAM: 0.389  GM3: 0.0000
     3s    -22.000000    2.671470
     3p    -15.834192    1.836978
     3d     -2.593599    1.836978
 17     Sat Feb 20 23:13:41 CET 2016    EN: 2.375 GAM: 0.431  GM3: 0.0000
     3s    -21.000000    2.596786
     3p    -17.375270    2.088291
     3d     -1.372943    2.088291
 
 dipole moment of classical point charges (au)
     X       Y       Z   
   0.9128   0.2675   0.0707  total (Debye):    2.424

 
 Nbf   :          352
 T(el) :   300.0
 calculating S/T integrals ...
 cpu time for ints   0.420024000000000     
 Nao   :          346
 making H0...
 making H1...
 cpu time for H      0.141504000000000     
 solving ...
 cpu time for diag   0.181952000000000     
 
 gap (eV)           :   1.433
 Koopmans IP (eV)   :  11.872
 Eel (Eh)           :  -269.612747
 T,E(Fermi),NFOD :    300.000   -11.155  0.000000
 T,E(Fermi),NFOD :    300.000   -11.155  0.000000
 Nfod               :  0.0000
 Nfod/Nel           :  0.0000

          eigenvalues
 #    :         160        161        162        163        164        165        166        167
 occ. :        2.000      2.000      2.000      2.000      2.000      2.000      2.000      2.000
 eps  :       -15.486    -15.434    -15.376    -15.091    -14.856    -14.634    -14.510    -14.180
 #    :         168        169        170        171        172        173        174        175
 occ. :        2.000      2.000      2.000      2.000      2.000      0.000      0.000      0.000
 eps  :       -14.149    -13.722    -13.420    -12.907    -11.873    -10.440     -9.717     -9.608
 #    :         176        177        178        179        180        181        182        183
 occ. :        0.000      0.000      0.000      0.000      0.000      0.000      0.000      0.000
 eps  :        -9.358     -9.232     -8.864     -8.833     -8.740     -7.585     -7.525     -7.355
                            1  SCC done.
 making H1...
 cpu time for H      0.228677000000000     
 solving ...
 cpu time for diag   5.987000000000009E-002
 
 gap (eV)           :   1.997
 Koopmans IP (eV)   :  12.219
 Eel (Eh)           :  -270.455648
 T,E(Fermi),NFOD :    300.000   -11.221  0.000000
 T,E(Fermi),NFOD :    300.000   -11.221  0.000000
 Nfod               :  0.0000
 Nfod/Nel           :  0.0000

          eigenvalues
 #    :         160        161        162        163        164        165        166        167
 occ. :        2.000      2.000      2.000      2.000      2.000      2.000      2.000      2.000
 eps  :       -15.432    -15.236    -15.213    -14.676    -14.604    -14.392    -14.345    -14.274
 #    :         168        169        170        171        172        173        174        175
 occ. :        2.000      2.000      2.000      2.000      2.000      0.000      0.000      0.000
 eps  :       -14.048    -13.846    -13.460    -13.272    -12.220    -10.223     -9.798     -9.743
 #    :         176        177        178        179        180        181        182        183
 occ. :        0.000      0.000      0.000      0.000      0.000      0.000      0.000      0.000
 eps  :        -9.331     -9.235     -8.937     -8.887     -8.849     -7.724     -7.610     -7.510
                            2  SCC done.
 
 
 Mulliken/CM5 charges    n(s)   n(p)   n(d)   
    1 C   0.0047 -0.0426   1.157  2.838  0.000
    2 C  -0.0320 -0.0351   1.179  2.853  0.000
    3 C   0.1367  0.1709   1.174  2.689  0.000
    4 O  -0.2305 -0.2823   1.627  4.604  0.000
    5 C  -0.0301 -0.0320   1.188  2.842  0.000
    6 C  -0.0209 -0.0697   1.145  2.876  0.000
    7 C   0.0748  0.0725   1.146  2.779  0.000
    8 CL -0.0247 -0.0248   1.896  5.126  0.002
    9 C   0.0969  0.1120   1.166  2.737  0.000
   10 F  -0.1173 -0.1413   1.677  5.440  0.000
   11 C  -0.0205 -0.0678   1.142  2.878  0.000
   12 C  -0.0057 -0.0088   1.167  2.839  0.000
   13 C   0.0149  0.0143   1.196  2.790  0.000
   14 C   0.0082  0.0146   1.114  2.878  0.000
   15 C   0.0966  0.2154   1.171  2.732  0.000
   16 N  -0.2136 -0.3425   1.642  3.572  0.000
   17 C   0.0956  0.2149   1.171  2.734  0.000
   18 N  -0.2078 -0.3375   1.641  3.566  0.000
   19 C  -0.0183 -0.0103   1.167  2.852  0.000
   20 C  -0.0015 -0.0079   1.192  2.810  0.000
   21 C  -0.0240 -0.1282   1.124  2.900  0.000
   22 C  -0.0879 -0.2389   1.094  2.994  0.000
   23 C  -0.0506 -0.0371   1.172  2.878  0.000
   24 S   0.1305  0.0958   1.891  3.927  0.051
   25 C  -0.0464 -0.0241   1.169  2.878  0.000
   26 C  -0.0109  0.0022   1.152  2.859  0.000
   27 C   0.0154  0.1035   1.203  2.782  0.000
   28 C   0.0157  0.1037   1.203  2.782  0.000
   29 N  -0.1996 -0.3613   1.531  3.668  0.000
   30 S   0.2418  0.3766   1.910  3.697  0.151
   31 N  -0.2010 -0.3627   1.532  3.670  0.000
   32 C  -0.0094  0.0038   1.152  2.857  0.000
   33 C  -0.0485 -0.0262   1.168  2.881  0.000
   34 S   0.1286  0.0940   1.891  3.929  0.052
   35 C  -0.0510 -0.0375   1.172  2.879  0.000
   36 C  -0.0046 -0.0110   1.190  2.814  0.000
   37 C  -0.0243 -0.1285   1.124  2.901  0.000
   38 C  -0.0885 -0.2395   1.094  2.995  0.000
   39 C  -0.0185 -0.0104   1.166  2.852  0.000
   40 S   0.0953  0.0591   1.890  3.966  0.048
   41 C  -0.0456 -0.0279   1.166  2.880  0.000
   42 C  -0.0013  0.0683   1.165  2.836  0.000
   43 N  -0.0854 -0.3430   1.273  3.813  0.000
   44 C   0.0221  0.0905   1.185  2.793  0.000
   45 C   0.0243  0.0929   1.186  2.790  0.000
   46 N  -0.0854 -0.3430   1.272  3.813  0.000
   47 C  -0.0017  0.0679   1.164  2.837  0.000
   48 C  -0.0430 -0.0252   1.167  2.876  0.000
   49 S   0.0974  0.0611   1.890  3.965  0.047
   50 C   0.0299 -0.0191   1.147  2.823  0.000
   51 C  -0.0823 -0.2293   1.093  2.990  0.000
   52 C   0.0298 -0.0192   1.147  2.823  0.000
   53 C  -0.0823 -0.2293   1.093  2.990  0.000
   54 C   0.0017 -0.0456   1.158  2.841  0.000
   55 C  -0.0290 -0.0321   1.181  2.848  0.000
   56 C   0.1358  0.1699   1.176  2.688  0.000
   57 O  -0.2333 -0.2843   1.627  4.606  0.000
   58 C  -0.0278 -0.0299   1.184  2.844  0.000
   59 C  -0.0296 -0.0801   1.147  2.883  0.000
   60 C   0.0109 -0.0049   1.184  2.805  0.000
   61 C  -0.0821 -0.2281   1.079  3.003  0.000
   62 C   0.0109 -0.0051   1.184  2.805  0.000
   63 C  -0.0809 -0.2269   1.079  3.002  0.000
   64 C  -0.0384 -0.0890   1.148  2.890  0.000
   65 C  -0.0118 -0.0153   1.170  2.842  0.000
   66 C   0.0170  0.0164   1.197  2.786  0.000
   67 C   0.0056  0.0120   1.115  2.880  0.000
   68 C   0.0976  0.2163   1.171  2.731  0.000
   69 N  -0.2155 -0.3444   1.642  3.573  0.000
   70 C   0.0981  0.2172   1.171  2.731  0.000
   71 N  -0.2117 -0.3413   1.642  3.570  0.000
   72 H   0.0645  0.1296   0.935  0.000  0.000
   73 H   0.0583  0.1180   0.942  0.000  0.000
   74 H   0.0587  0.1231   0.941  0.000  0.000
   75 H   0.0420  0.1036   0.958  0.000  0.000
   76 H   0.0527  0.1140   0.947  0.000  0.000
   77 H   0.0336  0.0892   0.966  0.000  0.000
   78 H   0.0374  0.0893   0.963  0.000  0.000
   79 H   0.0288  0.0815   0.971  0.000  0.000
   80 H   0.0518  0.1125   0.948  0.000  0.000
   81 H   0.0422  0.1038   0.958  0.000  0.000
   82 H   0.0331  0.0887   0.967  0.000  0.000
   83 H   0.0286  0.0813   0.971  0.000  0.000
   84 H   0.0371  0.0889   0.963  0.000  0.000
   85 H   0.0534  0.1243   0.947  0.000  0.000
   86 H   0.0575  0.1249   0.942  0.000  0.000
   87 H   0.0338  0.0913   0.966  0.000  0.000
   88 H   0.0439  0.0962   0.956  0.000  0.000
   89 H   0.0343  0.0890   0.966  0.000  0.000
   90 H   0.0537  0.1246   0.946  0.000  0.000
   91 H   0.0572  0.1244   0.943  0.000  0.000
   92 H   0.0345  0.0893   0.965  0.000  0.000
   93 H   0.0335  0.0910   0.966  0.000  0.000
   94 H   0.0438  0.0961   0.956  0.000  0.000
   95 H   0.0642  0.1291   0.936  0.000  0.000
   96 H   0.0480  0.1074   0.952  0.000  0.000
   97 H   0.0409  0.0941   0.959  0.000  0.000
   98 H   0.0445  0.0975   0.955  0.000  0.000
   99 H   0.0444  0.0974   0.956  0.000  0.000
  100 H   0.0446  0.0975   0.955  0.000  0.000
  101 H   0.0422  0.0955   0.958  0.000  0.000
  102 H   0.0449  0.0979   0.955  0.000  0.000
  103 H   0.0501  0.1145   0.950  0.000  0.000
 Hirshfeld charges for QMDFF written to <charges>
 
 Loewdin charges    n(s)   n(p)   n(d)
    1 C   0.0143   1.103  2.883  0.000
    2 C  -0.0396   1.141  2.898  0.000
    3 C   0.1280   1.140  2.732  0.000
    4 O  -0.2150   1.595  4.620  0.000
    5 C  -0.0323   1.147  2.885  0.000
    6 C  -0.0187   1.093  2.926  0.000
    7 C   0.0912   1.103  2.806  0.000
    8 CL -0.0352   1.886  5.125  0.024
    9 C   0.0861   1.132  2.782  0.000
   10 F  -0.0997   1.660  5.439  0.000
   11 C  -0.0203   1.090  2.930  0.000
   12 C  -0.0024   1.125  2.878  0.000
   13 C   0.0259   1.151  2.823  0.000
   14 C  -0.0041   1.073  2.931  0.000
   15 C   0.0905   1.137  2.772  0.000
   16 N  -0.2027   1.604  3.599  0.000
   17 C   0.0894   1.137  2.774  0.000
   18 N  -0.1969   1.603  3.594  0.000
   19 C   0.0013   1.122  2.876  0.000
   20 C  -0.0004   1.152  2.848  0.000
   21 C  -0.0177   1.062  2.956  0.000
   22 C  -0.0891   1.021  3.068  0.000
   23 C  -0.0307   1.129  2.901  0.000
   24 S   0.0902   1.878  3.926  0.106
   25 C  -0.0249   1.125  2.900  0.000
   26 C  -0.0184   1.114  2.904  0.000
   27 C   0.0101   1.169  2.821  0.000
   28 C   0.0104   1.169  2.821  0.000
   29 N  -0.1606   1.494  3.667  0.000
   30 S   0.1777   1.902  3.704  0.216
   31 N  -0.1621   1.494  3.668  0.000
   32 C  -0.0166   1.114  2.902  0.000
   33 C  -0.0273   1.124  2.904  0.000
   34 S   0.0885   1.878  3.928  0.106
   35 C  -0.0310   1.129  2.902  0.000
   36 C  -0.0039   1.151  2.853  0.000
   37 C  -0.0179   1.061  2.956  0.000
   38 C  -0.0898   1.021  3.069  0.000
   39 C   0.0012   1.122  2.877  0.000
   40 S   0.0573   1.877  3.964  0.102
   41 C  -0.0232   1.122  2.901  0.000
   42 C  -0.0143   1.135  2.880  0.000
   43 N  -0.0420   1.231  3.811  0.000
   44 C   0.0115   1.154  2.835  0.000
   45 C   0.0138   1.154  2.832  0.000
   46 N  -0.0420   1.230  3.812  0.000
   47 C  -0.0149   1.134  2.881  0.000
   48 C  -0.0202   1.123  2.897  0.000
   49 S   0.0592   1.877  3.962  0.101
   50 C   0.0296   1.090  2.880  0.000
   51 C  -0.0840   1.020  3.064  0.000
   52 C   0.0296   1.090  2.880  0.000
   53 C  -0.0841   1.020  3.064  0.000
   54 C   0.0115   1.103  2.885  0.000
   55 C  -0.0362   1.144  2.893  0.000
   56 C   0.1273   1.141  2.731  0.000
   57 O  -0.2178   1.596  4.621  0.000
   58 C  -0.0301   1.143  2.887  0.000
   59 C  -0.0262   1.094  2.932  0.000
   60 C   0.0184   1.141  2.841  0.000
   61 C  -0.0846   1.005  3.079  0.000
   62 C   0.0190   1.140  2.841  0.000
   63 C  -0.0834   1.005  3.078  0.000
   64 C  -0.0370   1.096  2.941  0.000
   65 C  -0.0086   1.128  2.881  0.000
   66 C   0.0280   1.152  2.820  0.000
   67 C  -0.0062   1.073  2.933  0.000
   68 C   0.0915   1.137  2.771  0.000
   69 N  -0.2045   1.604  3.600  0.000
   70 C   0.0918   1.137  2.771  0.000
   71 N  -0.2006   1.604  3.597  0.000
   72 H   0.0532   0.947  0.000  0.000
   73 H   0.0474   0.953  0.000  0.000
   74 H   0.0474   0.953  0.000  0.000
   75 H   0.0380   0.962  0.000  0.000
   76 H   0.0471   0.953  0.000  0.000
   77 H   0.0336   0.966  0.000  0.000
   78 H   0.0369   0.963  0.000  0.000
   79 H   0.0286   0.971  0.000  0.000
   80 H   0.0463   0.954  0.000  0.000
   81 H   0.0381   0.962  0.000  0.000
   82 H   0.0331   0.967  0.000  0.000
   83 H   0.0285   0.971  0.000  0.000
   84 H   0.0366   0.963  0.000  0.000
   85 H   0.0476   0.952  0.000  0.000
   86 H   0.0528   0.947  0.000  0.000
   87 H   0.0335   0.967  0.000  0.000
   88 H   0.0432   0.957  0.000  0.000
   89 H   0.0332   0.967  0.000  0.000
   90 H   0.0478   0.952  0.000  0.000
   91 H   0.0525   0.947  0.000  0.000
   92 H   0.0334   0.967  0.000  0.000
   93 H   0.0333   0.967  0.000  0.000
   94 H   0.0431   0.957  0.000  0.000
   95 H   0.0529   0.947  0.000  0.000
   96 H   0.0388   0.961  0.000  0.000
   97 H   0.0399   0.960  0.000  0.000
   98 H   0.0436   0.956  0.000  0.000
   99 H   0.0435   0.956  0.000  0.000
  100 H   0.0437   0.956  0.000  0.000
  101 H   0.0410   0.959  0.000  0.000
  102 H   0.0440   0.956  0.000  0.000
  103 H   0.0410   0.959  0.000  0.000
 
 Wiberg/Mayer (AO) data. WBOs > 0.1 written file <wbo>
 largest (>0.05) Wiberg bond orders for each atom
           total WBO             WBO to atom ...
     1  C   3.920    C    2 1.508    C   19 1.231    H   72 0.923    O    4 0.052
     2  C   3.914    C    1 1.508    C   13 1.102    C    3 1.004    O    4 0.069
     3  C   3.909    O    4 1.781    C    2 1.004    C    5 0.974
     4  O   2.151    C    3 1.781    C    2 0.069    C    5 0.061    C    1 0.052
     5  C   3.939    C    6 1.400    C   12 1.267    C    3 0.974    C    9 0.084    O    4 0.061
     6  C   3.961    C    5 1.400    C    7 1.374    H   73 0.940    C   11 0.085
     7  C   3.924    C    6 1.374    C    9 1.330    CL   8 1.025    C   12 0.084
     8  CL  1.178    C    7 1.025
     9  C   3.909    C   11 1.398    C    7 1.330    F   10 0.980    C    5 0.084
    10  F   1.108    C    9 0.980
    11  C   3.957    C    9 1.398    C   12 1.375    H   74 0.936    C    6 0.085
    12  C   3.950    C   11 1.375    C    5 1.267    C   13 1.048    C    7 0.084
    13  C   3.932    C   14 1.462    C    2 1.102    C   12 1.048    N   18 0.091    N   16 0.090
    14  C   3.931    C   13 1.462    C   17 1.063    C   15 1.063    N   16 0.080    N   18 0.079
    15  C   3.940    N   16 2.786    C   14 1.063
    16  N   3.041    C   15 2.786    C   13 0.090    C   14 0.080
    17  C   3.940    N   18 2.790    C   14 1.063
    18  N   3.045    C   17 2.790    C   13 0.091    C   14 0.079
    19  C   3.911    C   20 1.394    C    1 1.231    S   49 1.049    C   48 0.058
    20  C   3.910    C   19 1.394    C   23 1.281    C   21 0.981    S   49 0.066
    21  C   3.970    C   22 0.994    C   20 0.981    H   75 0.961    H   76 0.950
    22  C   3.982    C   21 0.994    H   79 0.985    H   77 0.980    H   78 0.979
    23  C   3.914    C   48 1.317    C   20 1.281    S   24 1.071
    24  S   2.492    C   25 1.107    C   23 1.071    C   48 0.053    C   47 0.053
    25  C   3.911    C   47 1.328    C   26 1.212    S   24 1.107
    26  C   3.923    C   45 1.273    C   25 1.212    C   27 1.160
    27  C   3.928    N   31 1.426    C   26 1.160    C   28 1.112    S   30 0.074
    28  C   3.929    N   29 1.426    C   32 1.160    C   27 1.112    S   30 0.074
    29  N   3.071    C   28 1.426    S   30 1.284    N   31 0.202
    30  S   2.814    N   29 1.284    N   31 1.283    C   28 0.074    C   27 0.074
    31  N   3.070    C   27 1.426    S   30 1.283    N   29 0.202
    32  C   3.923    C   44 1.275    C   33 1.210    C   28 1.160
    33  C   3.913    C   42 1.333    C   32 1.210    S   34 1.106    C   35 0.050
    34  S   2.493    C   33 1.106    C   35 1.073    C   42 0.054    C   41 0.053
    35  C   3.914    C   41 1.331    C   36 1.264    S   34 1.073    S   40 0.051    C   33 0.050
    36  C   3.913    C   39 1.419    C   35 1.264    C   37 0.981    S   40 0.067
    37  C   3.971    C   38 0.994    C   36 0.981    H   81 0.961    H   80 0.952
    38  C   3.982    C   37 0.994    H   83 0.985    H   82 0.980    H   84 0.979
    39  C   3.911    C   36 1.419    C   54 1.200    S   40 1.054    C   41 0.061
    40  S   2.489    C   41 1.107    C   39 1.054    C   36 0.067    C   35 0.051
    41  C   3.927    C   35 1.331    C   42 1.238    S   40 1.107    C   39 0.061    S   34 0.053
    42  C   3.901    C   33 1.333    C   41 1.238    N   43 1.082    S   34 0.054
    43  N   3.428    C   44 1.094    C   42 1.082    C   52 0.947
    44  C   3.892    C   32 1.275    C   45 1.242    N   43 1.094
    45  C   3.890    C   26 1.273    C   44 1.242    N   46 1.097
    46  N   3.428    C   45 1.097    C   47 1.079    C   50 0.947
    47  C   3.902    C   25 1.328    C   48 1.246    N   46 1.079    S   24 0.053
    48  C   3.926    C   23 1.317    C   47 1.246    S   49 1.111    C   19 0.058    S   24 0.053
    49  S   2.488    C   48 1.111    C   19 1.049    C   20 0.066
    50  C   3.929    C   51 1.003    H   85 0.965    H   86 0.960    N   46 0.947
    51  C   3.981    C   50 1.003    H   89 0.985    H   87 0.982    H   88 0.975
    52  C   3.929    C   53 1.003    H   90 0.965    H   91 0.960    N   43 0.947
    53  C   3.981    C   52 1.003    H   92 0.985    H   93 0.982    H   94 0.975
    54  C   3.924    C   55 1.544    C   39 1.200    H   95 0.922    O   57 0.052
    55  C   3.917    C   54 1.544    C   66 1.093    C   56 0.988    O   57 0.069
    56  C   3.908    O   57 1.784    C   58 0.989    C   55 0.988
    57  O   2.148    C   56 1.784    C   55 0.069    C   58 0.060    C   54 0.052
    58  C   3.941    C   59 1.391    C   65 1.264    C   56 0.989    C   62 0.088    O   57 0.060
    59  C   3.964    C   60 1.392    C   58 1.391    H   96 0.941    C   64 0.084
    60  C   3.930    C   59 1.392    C   62 1.337    C   61 0.997    C   65 0.087
    61  C   3.982    C   60 0.997    H   97 0.979    H   98 0.968    H   99 0.968
    62  C   3.940    C   64 1.399    C   60 1.337    C   63 0.998    C   58 0.088
    63  C   3.984    C   62 0.998    H  101 0.978    H  102 0.968    H  100 0.968
    64  C   3.958    C   62 1.399    C   65 1.380    H  103 0.935    C   59 0.084
    65  C   3.950    C   64 1.380    C   58 1.264    C   66 1.051    C   60 0.087
    66  C   3.932    C   67 1.467    C   55 1.093    C   65 1.051    N   71 0.092    N   69 0.091
    67  C   3.937    C   66 1.467    C   70 1.063    C   68 1.063    N   69 0.080    N   71 0.079
    68  C   3.940    N   69 2.786    C   67 1.063
    69  N   3.042    C   68 2.786    C   66 0.091    C   67 0.080
    70  C   3.940    N   71 2.789    C   67 1.063
    71  N   3.046    C   70 2.789    C   66 0.092    C   67 0.079
    72  H   0.990    C    1 0.923
    73  H   0.995    C    6 0.940
    74  H   0.994    C   11 0.936
    75  H   0.997    C   21 0.961
    76  H   0.996    C   21 0.950
    77  H   0.999    C   22 0.980
    78  H   0.996    C   22 0.979
    79  H   0.999    C   22 0.985
    80  H   0.996    C   37 0.952
    81  H   0.997    C   37 0.961
    82  H   0.999    C   38 0.980
    83  H   0.999    C   38 0.985
    84  H   0.996    C   38 0.979
    85  H   0.996    C   50 0.965
    86  H   0.996    C   50 0.960
    87  H   0.999    C   51 0.982
    88  H   0.997    C   51 0.975
    89  H   0.999    C   51 0.985
    90  H   0.996    C   52 0.965
    91  H   0.996    C   52 0.960
    92  H   0.999    C   53 0.985
    93  H   0.999    C   53 0.982
    94  H   0.997    C   53 0.975
    95  H   0.990    C   54 0.922
    96  H   0.995    C   59 0.941
    97  H   0.997    C   61 0.979
    98  H   0.995    C   61 0.968
    99  H   0.995    C   61 0.968
   100  H   0.996    C   63 0.968
   101  H   0.997    C   63 0.978
   102  H   0.996    C   63 0.968
   103  H   0.994    C   64 0.935
 
 --------------------------------------------
          xTB calculation for sTDA...
 --------------------------------------------
 
 reading parameter file /ihome/ghutchison/blp62/xtb4stda/.param_stda2.xtb
 
      method parameters     
 k(s)        :  1.6000
 k(p)        :  2.1800
 k(d)        :  1.9500
 k(f)        :  2.0000
 k(R-V)      :  2.2750
 k(R-R)      :  1.7650
 Tscal       :  0.2580
 Gscal       :  1.0000
 fpol        :  1.0000
 Zcnf        :  0.3430
 Zqf         :  0.0000
 kcn         :  2.7000
 Ryd Hsplit  :  0.7000
 lshift(virt):  3.1000
 lshift(OS)  :  0.2000
 wllscaling  :  2.6000
 
 mowrcut     : 3.000
 
  Z AO/shell   Hii/eV     exponent
  1     Sun Feb 14 09:53:25 CET 2016    EN: 2.327 GAM: 0.473  GM3: 0.0000
     1s    -14.339618    1.220000
     2sp    -3.348946    0.600000
  6     Sun Feb 14 09:53:25 CET 2016    EN: 2.731 GAM: 0.422  GM3: 0.0000
     2s    -22.009312    1.565095
     2p    -13.020408    1.596905
     3sp    -3.914040    0.824500
  7     Sun Feb 14 09:53:25 CET 2016    EN: 3.573 GAM: 0.504  GM3: 0.0000
     2s    -25.722000    2.064844
     2p    -18.684912    1.801692
     3sp    -4.344791    0.921400
  8     Sun Feb 14 09:53:25 CET 2016    EN: 3.700 GAM: 0.587  GM3: 0.0000
     2s    -33.859000    2.418661
     2p    -22.175911    1.973969
     3sp    -4.259392    1.013700
  9     Sun Feb 21 12:20:01 CET 2016    EN: 3.394 GAM: 0.600  GM3: 0.0000
     2s    -26.548112    1.943768
     2p    -23.081168    2.552035
     3sp    -1.937199    1.103200
 16     Sun Feb 21 16:35:57 CET 2016    EN: 1.915 GAM: 0.200  GM3: 0.0000
     3s    -17.898811    2.619580
     3p    -15.317401    1.798798
     4sp    -4.455139    0.843200
 17     Sun Feb 21 16:32:04 CET 2016    EN: 2.375 GAM: 0.300  GM3: 0.0000
     3s    -29.486180    2.293696
     3p    -18.696427    2.332982
     4sp    -5.680125    0.918900
 
 Nbf   :          728
 T(el) :     0.0
 calculating S/T integrals ...
 cpu time for ints    1.89574200000000     
 Nao   :          728
 making H0...
 making H1...
 cpu time for H      1.219800000000015E-002
 solving ...
 cpu time for diag    1.26369500000000     
 
 gap (eV)           :   4.633
 Koopmans IP (eV)   :  13.623
 Eel (Eh)           :  -298.979495

          eigenvalues
 #    :         160        161        162        163        164        165        166        167
 occ. :        2.000      2.000      2.000      2.000      2.000      2.000      2.000      2.000
 eps  :       -16.796    -16.693    -16.525    -16.299    -16.099    -16.018    -15.870    -15.499
 #    :         168        169        170        171        172        173        174        175
 occ. :        2.000      2.000      2.000      2.000      2.000      0.000      0.000      0.000
 eps  :       -15.362    -14.581    -14.525    -14.018    -13.625     -8.991     -8.793     -8.540
 #    :         176        177        178        179        180        181        182        183
 occ. :        0.000      0.000      0.000      0.000      0.000      0.000      0.000      0.000
 eps  :        -8.347     -7.094     -6.691     -6.410     -5.927     -5.792     -5.666     -5.542
                            1  SCC done.
 writing mo output ...
 molden style : F
 
speedup  4.75
cpu  time for all    4.66 s
wall time for all    0.98 s
