 
        ______________________________________
       |                                      |
       |          ===================         |
       |             xTB for sTDA             |
       |          ===================         |
       |               S. Grimme              |
       |        Universitaet Bonn, MCTC       |
       |         2015-19, Version 1.0         |
       |     Wed Apr  3 09:14:55 CEST 2019    |
       |______________________________________|
 
        This code comes without any warranty
        for non-commercial, academia use only.
        Preliminary test version.
        Cite this work as:
        S. Grimme  &  C. Bannwarth, JCP 145 (2016) 054103
        if GBSA is used additionally:
        P. Shushkov, F. März, C. Bannwarth, S. Grimme, unpublished.
 
        with help from
        P. Shushkov, G. Brandenburg, S. Dohm, J. Pisarek,
        F. März, M. Checinski, S. Ehrlich, S. Spicher, 
        P. Pracht, E. Caldeweyher, S. Ehlert, and C. Bannwarth.
 
        usage        :
        xtb4stda <coord_file> [options]
        where <coord_file> is a valid file of TM)
        (*coord, Bohr) or xmol (*xyz, Angstroem)
        format.

        options:
        -chrg <int>   : molecular charge
        -uhf  <int>   : # of unpaired electrons(=2*S)
        -nox          : skip second, extended part in sTDA-xTB
        -pop          : do population analysis
                      : (default for -nox)
        -mowr <real>  : cut MO write above (def.3 Eh)
        -molden       : write formatted molden file
        -parx <file>  : read parameters for sTDA-xTB
                        calc (def:~/.param_stda2.xtb)
        -parv <file>  : read parameters for vTB part in
                        sTDA-xTB (def: ~/.param_stda1.xtb)
        -xtemp <real> : el. temp for xTB (def. 0 K)
        -etemp <real> : el. temp for GFN (def. 300 K)
        -fod          : calculate the FOD and write
                        molden.input file with
                        appropriate occupations
                        for plotting. Def. T=12500 K
 
        -acc <real>   : xTB accuracy (def. 1.0)
        -gbsa [string1] [string2]
                        use GBSA implicit solvent
                        for solvent [string1] and
                        solvation state [string2]=
                        reference, bar1M (default=1M)
        additional GFN/opt/MD/siman options read from
        $XTB4STDAHOME/.xtb4stdarc or $set in input
 
       spin and charge state information can be on:
       <.CHRG> (charge) and <.UHF> (=nalpha-nbeta)
       -uhf and -chrg override the file info.
       useful machine settings:
       setenv MKL_NUM_THREADS <NCORE_ON_YOUR_MACHINE>
       setenv OMP_STACKSIZE 500m
       limit stacksize unlimited
 
       total energies in Eh, gaps/HL energies in eV
       please read REVISION and HOWTO files carefully
 =============================
  # OMP threads =           8
 =============================
 
 xtb4stdahome directory:/ihome/ghutchison/blp62/xtb4stda/
 
 
 name of molecule           :
 comment line               :
 number of atoms            :   179
 number of electrons        :   548
 charge                     :  0
 spin                       : 0.0
 first test random number   :  0.9218
 
 -----------------------------------------
      charge density (VTB) calculation
 -----------------------------------------
 
      method parameters     
 k(s)        :  1.8000
 k(p)        :  2.8350
 k(d)        :  2.0860
 k(f)        :  2.0000
 Tscal       :  0.3300
 Gscal       :  0.3910
 fpol        :  1.0000
 Zcnf        :  0.6500
 Zqf         :  0.0000
 kcn         :  0.3000
 kEN1        : -0.5900
 wllscal     :  2.6000
 
     -------------------------
     ! NO SOLVENT MODEL USED !
     -------------------------
 
 doing EN charges ...
 sum q :  0.7216450D-14
 point charge moment (au)
     X       Y       Z   
   0.5090   0.1388   0.0980  total (Debye):    1.364
 
            Z      q(EN)   CN      Cart. coordinates
     1  C   4.0  -0.072   3.199    11.94363    -6.38028    12.99281
     2  C   4.0  -0.005   3.290    13.38701    -8.39567    12.29512
     3  C   4.0   0.100   3.232    15.86992    -8.85677    13.52156
     4  O   6.0  -0.103   1.049    16.66984    -7.84709    15.41449
     5  C   4.0  -0.007   3.362    17.16419   -10.71569    11.89148
     6  C   4.0  -0.057   3.146    19.65126   -11.55983    12.08291
     7  C   4.0   0.003   3.500    20.33874   -13.25227    10.23646
     8  C   4.0   0.003   3.502    18.69052   -14.03273     8.31612
     9  C   4.0  -0.058   3.152    16.23010   -13.22638     8.10749
    10  C   4.0  -0.008   3.374    15.48649   -11.53111     9.98852
    11  C   4.0  -0.009   3.336    13.03382   -10.33378    10.40672
    12  C   4.0  -0.040   3.136    10.76690   -11.30321     9.60245
    13  C   4.0   0.231   2.192     8.38849   -10.39633    10.37837
    14  N   5.0  -0.218   1.042     6.39578    -9.80919    11.01181
    15  C   4.0   0.235   2.165    10.55015   -13.52647     8.15190
    16  N   5.0  -0.218   1.033    10.25649   -15.37065     7.04622
    17  C   4.0  -0.105   4.489    20.64752   -15.71969     7.11293
    18  C   4.0  -0.102   4.332    20.36917   -18.58130     7.60256
    19  C   4.0  -0.062   3.279    22.95734   -19.63142     7.00484
    20  C   4.0  -0.062   3.279    24.51560   -18.90293     8.82918
    21  C   4.0  -0.102   4.331    23.00666   -17.34806    10.69112
    22  C   4.0  -0.169   4.319    20.44381   -18.68977    10.49875
    23  C   4.0  -0.105   4.486    22.48188   -14.86080     9.26098
    24  C   4.0  -0.083   3.213     9.99382    -5.19429    11.61898
    25  S   6.0   0.229   2.569     9.86172    -5.30106     8.29457
    26  C   4.0  -0.102   3.382     7.18625    -3.49013     8.33804
    27  C   4.0  -0.101   3.394     5.43391    -2.50086     6.59949
    28  C   4.0  -0.012   3.574     3.47388    -1.31166     7.91209
    29  C   4.0  -0.029   4.208     3.93290    -1.42372    10.72986
    30  C   4.0  -0.162   4.086     4.26417     1.19865    11.97217
    31  C   4.0  -0.242   4.021     2.63069     3.30740    10.88407
    32  C   4.0  -0.162   4.102     1.96758    -3.10482    12.08480
    33  C   4.0  -0.242   4.018    -0.70827    -2.05980    12.21878
    34  C   4.0  -0.016   3.607     6.41184    -2.85462    10.78278
    35  C   4.0  -0.081   3.334     8.03965    -3.74997    12.61940
    36  C   4.0  -0.086   3.379     1.58756    -0.46771     6.30091
    37  C   4.0  -0.094   3.308     2.07322    -1.01440     3.77945
    38  S   6.0   0.237   2.607     5.00815    -2.48612     3.38696
    39  C   4.0  -0.081   3.295     0.42141    -0.38777     1.75839
    40  C   4.0   0.080   3.461     0.15496    -1.31978    -0.68918
    41  N   5.0  -0.317   3.245     1.51367    -3.24031    -1.82283
    42  C   4.0   0.080   3.316     1.92828    -3.09008    -4.44086
    43  C   4.0  -0.071   3.218     2.63617    -0.80465    -5.54956
    44  C   4.0  -0.086   3.267     2.94211    -0.63816    -8.12714
    45  C   4.0  -0.086   3.155     2.56757    -2.75012    -9.65518
    46  S   6.0   0.188   2.249     2.93947    -2.28562   -12.93631
    47  C   4.0  -0.323   3.987     2.23498    -5.35397   -14.29634
    48  C   4.0  -0.083   3.220     1.93036    -5.04425    -8.55139
    49  C   4.0  -0.069   3.197     1.60948    -5.20695    -5.96719
    50  C   4.0   0.081   3.318     2.38956    -5.35000    -0.49246
    51  C   4.0  -0.071   3.215     1.03462    -6.36781     1.52085
    52  C   4.0  -0.083   3.223     2.02409    -8.32443     2.94022
    53  C   4.0  -0.087   3.157     4.37604    -9.32466     2.34364
    54  S   6.0   0.196   2.277     5.92769   -11.70364     4.08086
    55  C   4.0  -0.324   3.991     3.57820   -12.78003     6.32642
    56  C   4.0  -0.087   3.272     5.68543    -8.38320     0.25738
    57  C   4.0  -0.070   3.210     4.71373    -6.42318    -1.14121
    58  C   4.0  -0.104   3.483    -1.82434    -0.04327    -1.97628
    59  S   6.0   0.228   2.606    -3.07005    -0.25738    -4.99171
    60  C   4.0  -0.085   3.311    -5.29161     2.12084    -4.29497
    61  C   4.0   0.078   3.477    -5.00475     3.08063    -1.86516
    62  N   5.0  -0.317   3.247    -6.25915     5.14043    -0.84924
    63  C   4.0   0.081   3.317    -6.93983     7.19929    -2.36802
    64  C   4.0  -0.072   3.218    -9.23433     8.43593    -1.98818
    65  C   4.0  -0.084   3.226   -10.06978    10.25025    -3.66909
    66  C   4.0  -0.087   3.160    -8.61110    10.87273    -5.75951
    67  S   6.0   0.193   2.272    -9.58204    12.96428    -8.16758
    68  C   4.0  -0.324   3.993   -12.47370    14.35360    -6.96118
    69  C   4.0  -0.087   3.269    -6.24120     9.75873    -6.05430
    70  C   4.0  -0.069   3.209    -5.40840     7.95253    -4.37963
    71  C   4.0   0.083   3.301    -6.72780     5.17312     1.75650
    72  C   4.0  -0.071   3.220    -7.45365     2.96555     3.00448
    73  C   4.0  -0.086   3.267    -7.79833     2.96952     5.58244
    74  C   4.0  -0.086   3.154    -7.44949     5.17823     6.97309
    75  S   6.0   0.187   2.249    -7.85786     4.92500    10.27387
    76  C   4.0  -0.323   3.987    -7.55437     8.15020    11.40147
    77  C   4.0  -0.082   3.219    -6.79319     7.39412     5.72965
    78  C   4.0  -0.069   3.196    -6.43263     7.38656     3.14507
    79  C   4.0  -0.105   3.477    -3.05569     1.78220    -0.56786
    80  S   6.0   0.227   2.646    -1.82056     1.99385     2.44077
    81  C   4.0  -0.093   3.305    -6.95306     2.94004    -6.24498
    82  S   6.0   0.236   2.616   -10.03615     3.92647    -5.57658
    83  C   4.0  -0.101   3.396   -10.33831     5.00985    -8.61677
    84  C   4.0  -0.105   3.392   -12.02036     6.55300    -9.96944
    85  C   4.0  -0.013   3.570   -11.04904     6.91394   -12.42457
    86  C   4.0  -0.029   4.212    -8.57539     5.51082   -12.75187
    87  C   4.0  -0.162   4.095    -8.90174     3.42853   -14.76084
    88  C   4.0  -0.242   4.021    -6.59477     1.74459   -15.11365
    89  C   4.0  -0.163   4.099    -6.36063     7.33062   -13.26909
    90  C   4.0  -0.242   4.019    -6.39219     8.60581   -15.84781
    91  C   4.0  -0.014   3.592    -8.25999     4.41478   -10.12988
    92  C   4.0  -0.083   3.353    -6.35099     3.22501    -8.77778
    93  C   4.0  -0.083   3.345   -12.56800     8.46843   -13.83563
    94  C   4.0  -0.082   3.200   -14.64462     9.42217   -12.47011
    95  S   6.0   0.233   2.654   -14.68601     8.25168    -9.35641
    96  C   4.0  -0.073   3.197   -16.40263    11.05679   -13.54745
    97  C   4.0  -0.004   3.280   -18.42747    12.30986   -12.48277
    98  C   4.0   0.100   3.243   -19.03086    12.40662    -9.79350
    99  O   6.0  -0.119   1.196   -17.95788    11.33647    -8.05212
   100  C   4.0  -0.006   3.358   -21.19252    14.15820    -9.54765
   101  C   4.0  -0.077   3.242   -22.43955    14.90313    -7.38524
   102  C   4.0  -0.068   3.154   -24.43850    16.58631    -7.65944
   103  CL  7.0   0.081   1.200   -26.06764    17.58182    -5.01873
   104  C   4.0  -0.083   3.237   -25.14677    17.48261   -10.02254
   105  C   4.0  -0.068   3.164   -23.87782    16.71916   -12.18684
   106  C   4.0  -0.007   3.348   -21.87981    15.04071   -11.95630
   107  C   4.0  -0.008   3.327   -20.19758    13.89686   -13.82958
   108  C   4.0  -0.037   3.119   -20.36614    14.25609   -16.39394
   109  C   4.0   0.235   2.161   -18.81732    13.11054   -18.23378
   110  N   5.0  -0.214   1.027   -17.64910    12.25601   -19.85289
   111  C   4.0   0.236   2.165   -22.16875    15.83005   -17.56481
   112  N   5.0  -0.215   1.026   -23.57206    17.08955   -18.63837
   113  H   1.0   0.073   1.007    12.44762    -5.50647    14.78011
   114  H   1.0   0.075   1.004    20.87259   -10.89729    13.57466
   115  H   1.0   0.076   1.005    14.97853   -13.81125     6.61045
   116  H   1.0   0.088   1.004    21.13904   -15.27957     5.16481
   117  H   1.0   0.087   1.003    18.77008   -19.46172     6.66317
   118  H   1.0   0.078   1.002    23.39726   -20.67171     5.31788
   119  H   1.0   0.078   1.002    26.51701   -19.21322     8.97072
   120  H   1.0   0.087   1.003    23.81376   -17.11071    12.56460
   121  H   1.0   0.087   1.004    18.89953   -17.68651    11.41413
   122  H   1.0   0.086   1.003    20.52242   -20.62126    11.20267
   123  H   1.0   0.088   1.004    24.19926   -13.85226     8.74527
   124  H   1.0   0.082   1.004     6.24176     1.75688    11.76203
   125  H   1.0   0.082   1.004     3.88981     1.00212    13.99096
   126  H   1.0   0.082   1.000     3.12145     3.66777     8.92215
   127  H   1.0   0.081   0.999     2.95496     5.03366    11.95365
   128  H   1.0   0.083   1.000     0.63306     2.85519    10.98214
   129  H   1.0   0.082   1.005     1.93716    -4.92765    11.11461
   130  H   1.0   0.082   1.004     2.65450    -3.44157    14.00174
   131  H   1.0   0.081   0.999    -1.92752    -3.44440    13.12641
   132  H   1.0   0.082   0.999    -0.78121    -0.33354    13.32710
   133  H   1.0   0.082   1.000    -1.45603    -1.68601    10.34455
   134  H   1.0   0.079   1.004     7.82233    -3.47804    14.62100
   135  H   1.0   0.080   1.011    -0.12491     0.46771     6.86519
   136  H   1.0   0.076   1.007     2.93739     0.83564    -4.37283
   137  H   1.0   0.076   1.008     3.47615     1.12987    -8.99207
   138  H   1.0   0.079   1.010     0.31842    -5.90955   -13.81635
   139  H   1.0   0.079   1.015     2.40090    -5.10774   -16.32610
   140  H   1.0   0.079   1.010     3.60238    -6.74160   -13.65062
   141  H   1.0   0.076   1.007     1.65389    -6.71722    -9.67955
   142  H   1.0   0.076   1.006     1.08716    -6.98783    -5.11889
   143  H   1.0   0.076   1.007    -0.78688    -5.58716     2.01142
   144  H   1.0   0.076   1.007     0.95393    -9.03421     4.52211
   145  H   1.0   0.080   1.011     3.22425   -11.32494     7.73144
   146  H   1.0   0.080   1.011     1.86592   -13.32181     5.33413
   147  H   1.0   0.079   1.017     4.41364   -14.42107     7.23236
   148  H   1.0   0.076   1.008     7.49843    -9.18785    -0.21241
   149  H   1.0   0.076   1.007     5.76650    -5.66370    -2.71459
   150  H   1.0   0.076   1.007   -10.41333     7.89943    -0.41196
   151  H   1.0   0.076   1.008   -11.89318    11.10479    -3.36881
   152  H   1.0   0.080   1.011   -12.10899    15.22741    -5.14043
   153  H   1.0   0.080   1.013   -13.95941    12.94122    -6.83778
   154  H   1.0   0.079   1.016   -12.99867    15.79168    -8.32878
   155  H   1.0   0.076   1.008    -5.06862    10.31696    -7.62656
   156  H   1.0   0.076   1.007    -3.58179     7.08326    -4.64476
   157  H   1.0   0.076   1.007    -7.74674     1.25270     1.93489
   158  H   1.0   0.076   1.008    -8.34408     1.26158     6.55376
   159  H   1.0   0.080   1.010    -8.96014     9.34073    10.49705
   160  H   1.0   0.079   1.010    -5.65274     8.84335    11.06000
   161  H   1.0   0.079   1.015    -7.91001     8.06327    13.41989
   162  H   1.0   0.076   1.007    -6.52466     9.13569     6.75142
   163  H   1.0   0.076   1.006    -5.88801     9.10716     2.19208
   164  H   1.0   0.082   1.004   -10.50763     2.25936   -14.19298
   165  H   1.0   0.083   1.004    -9.39383     4.32369   -16.55098
   166  H   1.0   0.081   0.999    -6.99898     0.31766   -16.53699
   167  H   1.0   0.082   1.000    -6.11742     0.78499   -13.36187
   168  H   1.0   0.082   0.999    -4.96582     2.82609   -15.73915
   169  H   1.0   0.083   1.004    -4.60129     6.27899   -13.04535
   170  H   1.0   0.082   1.005    -6.41071     8.78685   -11.80568
   171  H   1.0   0.081   0.999    -4.74548     9.82393   -16.02072
   172  H   1.0   0.082   1.000    -8.06648     9.77064   -16.06815
   173  H   1.0   0.082   0.999    -6.32983     7.23104   -17.37131
   174  H   1.0   0.079   1.006    -4.52741     2.69569    -9.50249
   175  H   1.0   0.079   1.005   -12.27887     8.97695   -15.78148
   176  H   1.0   0.076   1.013   -16.07363    11.39259   -15.53978
   177  H   1.0   0.076   1.006   -21.87792    14.19505    -5.55844
   178  H   1.0   0.076   1.007   -26.70372    18.78973   -10.17239
   179  H   1.0   0.076   1.007   -24.46345    17.44519   -13.99663
 
  Z AO/shell   Hii/eV     exponent
  1     Sat Feb 20 21:38:01 CET 2016    EN: 2.327 GAM: 0.473  GM3: 0.0000
     1s    -13.751157    1.051071
  6     Sat Feb 20 21:38:01 CET 2016    EN: 2.731 GAM: 0.422  GM3: 0.0000
     2s    -19.378245    2.021003
     2p    -11.993376    1.497917
  7     Sat Feb 20 21:38:01 CET 2016    EN: 3.573 GAM: 0.504  GM3: 0.0000
     2s    -21.576984    2.275442
     2p    -16.125120    2.056788
  8     Sat Feb 20 21:38:01 CET 2016    EN: 3.700 GAM: 0.587  GM3: 0.0000
     2s    -21.648843    2.110798
     2p    -17.239740    2.329048
 16     Sat Feb 20 23:13:41 CET 2016    EN: 1.915 GAM: 0.389  GM3: 0.0000
     3s    -22.000000    2.671470
     3p    -15.834192    1.836978
     3d     -2.593599    1.836978
 17     Sat Feb 20 23:13:41 CET 2016    EN: 2.375 GAM: 0.431  GM3: 0.0000
     3s    -21.000000    2.596786
     3p    -17.375270    2.088291
     3d     -1.372943    2.088291
 
 dipole moment of classical point charges (au)
     X       Y       Z   
   0.5090   0.1388   0.0980  total (Debye):    1.364

 
 Nbf   :          581
 T(el) :   300.0
 calculating S/T integrals ...
 cpu time for ints   0.897728000000000     
 Nao   :          570
 making H0...
 making H1...
 cpu time for H      0.291020000000000     
 solving ...
 cpu time for diag    1.55814000000000     
 
 gap (eV)           :   1.725
 Koopmans IP (eV)   :  11.602
 Eel (Eh)           :  -426.410253
 T,E(Fermi),NFOD :    300.000   -10.740  0.000000
 T,E(Fermi),NFOD :    300.000   -10.740  0.000000
 Nfod               :  0.0000
 Nfod/Nel           :  0.0000

          eigenvalues
 #    :         262        263        264        265        266        267        268        269
 occ. :        2.000      2.000      2.000      2.000      2.000      2.000      2.000      2.000
 eps  :       -14.871    -14.817    -14.459    -14.310    -14.206    -14.185    -13.900    -13.857
 #    :         270        271        272        273        274        275        276        277
 occ. :        2.000      2.000      2.000      2.000      2.000      0.000      0.000      0.000
 eps  :       -13.440    -12.769    -12.664    -12.212    -11.604     -9.878     -9.686     -9.547
 #    :         278        279        280        281        282        283        284        285
 occ. :        0.000      0.000      0.000      0.000      0.000      0.000      0.000      0.000
 eps  :        -9.448     -9.244     -8.544     -8.195     -8.022     -7.841     -7.754     -7.668
                            1  SCC done.
 making H1...
 cpu time for H       1.65287400000000     
 solving ...
 cpu time for diag   0.148489000000001     
 
 gap (eV)           :   1.871
 Koopmans IP (eV)   :  11.873
 Eel (Eh)           :  -426.804679
 T,E(Fermi),NFOD :    300.000   -10.938  0.000000
 T,E(Fermi),NFOD :    300.000   -10.938  0.000000
 Nfod               :  0.0000
 Nfod/Nel           :  0.0000

          eigenvalues
 #    :         262        263        264        265        266        267        268        269
 occ. :        2.000      2.000      2.000      2.000      2.000      2.000      2.000      2.000
 eps  :       -14.358    -14.312    -14.186    -14.100    -14.048    -14.007    -13.625    -13.578
 #    :         270        271        272        273        274        275        276        277
 occ. :        2.000      2.000      2.000      2.000      2.000      0.000      0.000      0.000
 eps  :       -13.540    -12.805    -12.692    -12.371    -11.874    -10.004     -9.772     -9.396
 #    :         278        279        280        281        282        283        284        285
 occ. :        0.000      0.000      0.000      0.000      0.000      0.000      0.000      0.000
 eps  :        -9.315     -9.231     -8.724     -8.399     -8.070     -7.833     -7.775     -7.674
                            2  SCC done.
 
 
 Mulliken/CM5 charges    n(s)   n(p)   n(d)   
    1 C   0.0001 -0.0470   1.151  2.849  0.000
    2 C  -0.0264 -0.0283   1.175  2.851  0.000
    3 C   0.1387  0.1734   1.176  2.685  0.000
    4 O  -0.2328 -0.2785   1.628  4.605  0.000
    5 C  -0.0195 -0.0213   1.189  2.831  0.000
    6 C  -0.0186 -0.0679   1.151  2.868  0.000
    7 C  -0.0165 -0.0252   1.210  2.807  0.000
    8 C  -0.0158 -0.0246   1.209  2.806  0.000
    9 C  -0.0263 -0.0756   1.151  2.875  0.000
   10 C  -0.0051 -0.0083   1.177  2.829  0.000
   11 C   0.0192  0.0196   1.200  2.781  0.000
   12 C   0.0012  0.0084   1.115  2.884  0.000
   13 C   0.1030  0.2236   1.172  2.725  0.000
   14 N  -0.2274 -0.3617   1.644  3.584  0.000
   15 C   0.0971  0.2163   1.172  2.731  0.000
   16 N  -0.2176 -0.3484   1.642  3.575  0.000
   17 C  -0.0290 -0.0842   1.219  2.810  0.000
   18 C  -0.0205 -0.0809   1.192  2.828  0.000
   19 C  -0.0474 -0.1059   1.166  2.881  0.000
   20 C  -0.0484 -0.1069   1.166  2.882  0.000
   21 C  -0.0213 -0.0817   1.193  2.829  0.000
   22 C  -0.0630 -0.1651   1.159  2.904  0.000
   23 C  -0.0312 -0.0863   1.220  2.811  0.000
   24 C  -0.0163 -0.0097   1.166  2.851  0.000
   25 S   0.1355  0.1022   1.888  3.930  0.047
   26 C  -0.0210 -0.0062   1.174  2.847  0.000
   27 C  -0.0314 -0.0170   1.165  2.866  0.000
   28 C  -0.0655 -0.0705   1.203  2.862  0.000
   29 C   0.0238  0.0068   1.246  2.730  0.000
   30 C  -0.0413 -0.1482   1.145  2.896  0.000
   31 C  -0.0913 -0.2440   1.092  2.999  0.000
   32 C  -0.0413 -0.1483   1.148  2.893  0.000
   33 C  -0.0908 -0.2438   1.091  3.000  0.000
   34 C  -0.0554 -0.0609   1.196  2.859  0.000
   35 C  -0.0542 -0.1037   1.146  2.909  0.000
   36 C  -0.0667 -0.1164   1.142  2.925  0.000
   37 C  -0.0337 -0.0226   1.175  2.859  0.000
   38 S   0.1347  0.1000   1.890  3.924  0.052
   39 C  -0.0404 -0.0241   1.168  2.872  0.000
   40 C   0.0241  0.0921   1.169  2.807  0.000
   41 N  -0.1143 -0.3567   1.225  3.890  0.000
   42 C   0.0397  0.0954   1.173  2.787  0.000
   43 C  -0.0431 -0.0904   1.140  2.903  0.000
   44 C  -0.0428 -0.0942   1.132  2.910  0.000
   45 C  -0.0085 -0.0040   1.166  2.843  0.000
   46 S  -0.0284 -0.0722   1.890  4.111  0.027
   47 C  -0.0725 -0.2074   1.072  3.000  0.000
   48 C  -0.0515 -0.1043   1.133  2.919  0.000
   49 C  -0.0403 -0.0887   1.139  2.901  0.000
   50 C   0.0375  0.0946   1.173  2.789  0.000
   51 C  -0.0499 -0.0974   1.140  2.910  0.000
   52 C  -0.0520 -0.1045   1.133  2.919  0.000
   53 C  -0.0089 -0.0042   1.167  2.842  0.000
   54 S  -0.0212 -0.0646   1.889  4.105  0.027
   55 C  -0.0748 -0.2086   1.074  3.001  0.000
   56 C  -0.0412 -0.0926   1.133  2.908  0.000
   57 C  -0.0418 -0.0896   1.139  2.903  0.000
   58 C  -0.0548 -0.0350   1.166  2.889  0.000
   59 S   0.0953  0.0609   1.893  3.959  0.052
   60 C  -0.0470 -0.0302   1.167  2.880  0.000
   61 C   0.0253  0.0927   1.170  2.805  0.000
   62 N  -0.1142 -0.3566   1.225  3.889  0.000
   63 C   0.0378  0.0945   1.174  2.788  0.000
   64 C  -0.0408 -0.0888   1.139  2.902  0.000
   65 C  -0.0478 -0.1004   1.134  2.914  0.000
   66 C  -0.0106 -0.0060   1.167  2.844  0.000
   67 S  -0.0324 -0.0770   1.891  4.115  0.027
   68 C  -0.0767 -0.2110   1.076  3.001  0.000
   69 C  -0.0463 -0.0980   1.134  2.912  0.000
   70 C  -0.0509 -0.0985   1.140  2.911  0.000
   71 C   0.0402  0.0966   1.172  2.788  0.000
   72 C  -0.0442 -0.0914   1.140  2.905  0.000
   73 C  -0.0419 -0.0932   1.133  2.909  0.000
   74 C  -0.0097 -0.0052   1.165  2.844  0.000
   75 S  -0.0294 -0.0731   1.890  4.112  0.027
   76 C  -0.0731 -0.2079   1.072  3.001  0.000
   77 C  -0.0520 -0.1048   1.133  2.919  0.000
   78 C  -0.0432 -0.0916   1.138  2.905  0.000
   79 C  -0.0554 -0.0356   1.165  2.890  0.000
   80 S   0.0920  0.0557   1.893  3.965  0.050
   81 C  -0.0328 -0.0216   1.177  2.856  0.000
   82 S   0.1406  0.1062   1.889  3.921  0.049
   83 C  -0.0287 -0.0144   1.165  2.864  0.000
   84 C  -0.0336 -0.0188   1.192  2.841  0.000
   85 C  -0.0533 -0.0586   1.197  2.856  0.000
   86 C   0.0241  0.0068   1.244  2.731  0.000
   87 C  -0.0404 -0.1474   1.144  2.897  0.000
   88 C  -0.0898 -0.2424   1.090  3.000  0.000
   89 C  -0.0429 -0.1502   1.145  2.898  0.000
   90 C  -0.0895 -0.2425   1.089  3.000  0.000
   91 C  -0.0696 -0.0749   1.208  2.862  0.000
   92 C  -0.0592 -0.1086   1.141  2.919  0.000
   93 C  -0.0533 -0.1039   1.152  2.901  0.000
   94 C  -0.0083 -0.0028   1.163  2.845  0.000
   95 S   0.1644  0.1321   1.890  3.883  0.063
   96 C   0.0012 -0.0466   1.152  2.847  0.000
   97 C  -0.0347 -0.0366   1.167  2.868  0.000
   98 C   0.1290  0.1638   1.175  2.696  0.000
   99 O  -0.2318 -0.2831   1.622  4.609  0.000
  100 C  -0.0233 -0.0252   1.188  2.835  0.000
  101 C  -0.0274 -0.0764   1.146  2.882  0.000
  102 C   0.0711  0.0638   1.150  2.779  0.000
  103 CL -0.0380 -0.0401   1.898  5.139  0.001
  104 C  -0.0296 -0.0825   1.140  2.890  0.000
  105 C  -0.0260 -0.0784   1.147  2.879  0.000
  106 C  -0.0102 -0.0137   1.168  2.842  0.000
  107 C   0.0139  0.0133   1.196  2.790  0.000
  108 C  -0.0024  0.0038   1.113  2.889  0.000
  109 C   0.0973  0.2149   1.172  2.730  0.000
  110 N  -0.2215 -0.3517   1.642  3.579  0.000
  111 C   0.0953  0.2143   1.172  2.733  0.000
  112 N  -0.2189 -0.3489   1.642  3.577  0.000
  113 H   0.0651  0.1266   0.935  0.000  0.000
  114 H   0.0501  0.1084   0.950  0.000  0.000
  115 H   0.0511  0.1133   0.949  0.000  0.000
  116 H   0.0467  0.1054   0.953  0.000  0.000
  117 H   0.0466  0.1044   0.953  0.000  0.000
  118 H   0.0467  0.1029   0.953  0.000  0.000
  119 H   0.0465  0.1027   0.953  0.000  0.000
  120 H   0.0452  0.1030   0.955  0.000  0.000
  121 H   0.0367  0.0961   0.963  0.000  0.000
  122 H   0.0376  0.0944   0.962  0.000  0.000
  123 H   0.0465  0.1052   0.953  0.000  0.000
  124 H   0.0344  0.0917   0.966  0.000  0.000
  125 H   0.0369  0.0937   0.963  0.000  0.000
  126 H   0.0309  0.0850   0.969  0.000  0.000
  127 H   0.0370  0.0887   0.963  0.000  0.000
  128 H   0.0330  0.0869   0.967  0.000  0.000
  129 H   0.0367  0.0946   0.963  0.000  0.000
  130 H   0.0361  0.0932   0.964  0.000  0.000
  131 H   0.0384  0.0902   0.962  0.000  0.000
  132 H   0.0317  0.0850   0.968  0.000  0.000
  133 H   0.0314  0.0853   0.969  0.000  0.000
  134 H   0.0563  0.1144   0.944  0.000  0.000
  135 H   0.0558  0.1172   0.944  0.000  0.000
  136 H   0.0401  0.1022   0.960  0.000  0.000
  137 H   0.0444  0.1030   0.956  0.000  0.000
  138 H   0.0474  0.1012   0.953  0.000  0.000
  139 H   0.0563  0.1100   0.944  0.000  0.000
  140 H   0.0479  0.1016   0.952  0.000  0.000
  141 H   0.0459  0.1050   0.954  0.000  0.000
  142 H   0.0416  0.1032   0.958  0.000  0.000
  143 H   0.0385  0.1006   0.961  0.000  0.000
  144 H   0.0467  0.1058   0.953  0.000  0.000
  145 H   0.0498  0.1079   0.950  0.000  0.000
  146 H   0.0456  0.0997   0.954  0.000  0.000
  147 H   0.0585  0.1143   0.941  0.000  0.000
  148 H   0.0456  0.1044   0.954  0.000  0.000
  149 H   0.0415  0.1037   0.959  0.000  0.000
  150 H   0.0416  0.1036   0.958  0.000  0.000
  151 H   0.0493  0.1088   0.951  0.000  0.000
  152 H   0.0451  0.0991   0.955  0.000  0.000
  153 H   0.0551  0.1159   0.945  0.000  0.000
  154 H   0.0539  0.1082   0.946  0.000  0.000
  155 H   0.0452  0.1042   0.955  0.000  0.000
  156 H   0.0395  0.1020   0.960  0.000  0.000
  157 H   0.0402  0.1025   0.960  0.000  0.000
  158 H   0.0448  0.1034   0.955  0.000  0.000
  159 H   0.0479  0.1017   0.952  0.000  0.000
  160 H   0.0470  0.1006   0.953  0.000  0.000
  161 H   0.0562  0.1099   0.944  0.000  0.000
  162 H   0.0453  0.1044   0.955  0.000  0.000
  163 H   0.0407  0.1022   0.959  0.000  0.000
  164 H   0.0341  0.0913   0.966  0.000  0.000
  165 H   0.0395  0.0969   0.960  0.000  0.000
  166 H   0.0384  0.0901   0.962  0.000  0.000
  167 H   0.0308  0.0847   0.969  0.000  0.000
  168 H   0.0319  0.0852   0.968  0.000  0.000
  169 H   0.0371  0.0947   0.963  0.000  0.000
  170 H   0.0362  0.0945   0.964  0.000  0.000
  171 H   0.0384  0.0902   0.962  0.000  0.000
  172 H   0.0328  0.0866   0.967  0.000  0.000
  173 H   0.0319  0.0852   0.968  0.000  0.000
  174 H   0.0548  0.1142   0.945  0.000  0.000
  175 H   0.0604  0.1188   0.940  0.000  0.000
  176 H   0.0610  0.1288   0.939  0.000  0.000
  177 H   0.0502  0.1098   0.950  0.000  0.000
  178 H   0.0481  0.1060   0.952  0.000  0.000
  179 H   0.0560  0.1200   0.944  0.000  0.000
 Hirshfeld charges for QMDFF written to <charges>
 
 Loewdin charges    n(s)   n(p)   n(d)
    1 C   0.0089   1.097  2.894  0.000
    2 C  -0.0340   1.138  2.896  0.000
    3 C   0.1306   1.141  2.728  0.000
    4 O  -0.2175   1.597  4.621  0.000
    5 C  -0.0216   1.149  2.873  0.000
    6 C  -0.0146   1.098  2.917  0.000
    7 C  -0.0120   1.169  2.843  0.000
    8 C  -0.0104   1.169  2.842  0.000
    9 C  -0.0244   1.099  2.925  0.000
   10 C  -0.0011   1.134  2.867  0.000
   11 C   0.0295   1.156  2.814  0.000
   12 C  -0.0110   1.074  2.937  0.000
   13 C   0.0966   1.138  2.765  0.000
   14 N  -0.2158   1.606  3.610  0.000
   15 C   0.0910   1.138  2.771  0.000
   16 N  -0.2066   1.604  3.602  0.000
   17 C  -0.0225   1.174  2.849  0.000
   18 C  -0.0107   1.144  2.866  0.000
   19 C  -0.0392   1.115  2.924  0.000
   20 C  -0.0402   1.115  2.925  0.000
   21 C  -0.0116   1.144  2.867  0.000
   22 C  -0.0597   1.101  2.958  0.000
   23 C  -0.0247   1.174  2.850  0.000
   24 C   0.0057   1.120  2.874  0.000
   25 S   0.0971   1.875  3.928  0.101
   26 C   0.0037   1.129  2.868  0.000
   27 C  -0.0116   1.122  2.890  0.000
   28 C  -0.0641   1.165  2.899  0.000
   29 C   0.0327   1.207  2.760  0.000
   30 C  -0.0368   1.085  2.951  0.000
   31 C  -0.0937   1.019  3.074  0.000
   32 C  -0.0367   1.089  2.948  0.000
   33 C  -0.0932   1.018  3.075  0.000
   34 C  -0.0566   1.159  2.898  0.000
   35 C  -0.0497   1.094  2.956  0.000
   36 C  -0.0670   1.093  2.975  0.000
   37 C  -0.0097   1.130  2.880  0.000
   38 S   0.0954   1.876  3.922  0.107
   39 C  -0.0243   1.126  2.898  0.000
   40 C   0.0123   1.137  2.850  0.000
   41 N  -0.0746   1.183  3.892  0.000
   42 C   0.0363   1.137  2.827  0.000
   43 C  -0.0392   1.088  2.952  0.000
   44 C  -0.0384   1.080  2.959  0.000
   45 C   0.0204   1.117  2.862  0.000
   46 S  -0.0671   1.878  4.108  0.081
   47 C  -0.0498   0.994  3.056  0.000
   48 C  -0.0486   1.080  2.969  0.000
   49 C  -0.0368   1.086  2.951  0.000
   50 C   0.0345   1.137  2.829  0.000
   51 C  -0.0461   1.087  2.959  0.000
   52 C  -0.0489   1.081  2.968  0.000
   53 C   0.0199   1.118  2.862  0.000
   54 S  -0.0604   1.877  4.102  0.082
   55 C  -0.0522   0.996  3.057  0.000
   56 C  -0.0365   1.080  2.956  0.000
   57 C  -0.0383   1.086  2.952  0.000
   58 C  -0.0343   1.123  2.911  0.000
   59 S   0.0567   1.881  3.957  0.106
   60 C  -0.0305   1.125  2.905  0.000
   61 C   0.0139   1.138  2.848  0.000
   62 N  -0.0746   1.183  3.891  0.000
   63 C   0.0347   1.137  2.828  0.000
   64 C  -0.0372   1.087  2.950  0.000
   65 C  -0.0448   1.081  2.964  0.000
   66 C   0.0181   1.118  2.864  0.000
   67 S  -0.0707   1.878  4.111  0.082
   68 C  -0.0548   0.998  3.057  0.000
   69 C  -0.0417   1.081  2.960  0.000
   70 C  -0.0474   1.087  2.960  0.000
   71 C   0.0365   1.136  2.828  0.000
   72 C  -0.0404   1.087  2.953  0.000
   73 C  -0.0374   1.080  2.957  0.000
   74 C   0.0190   1.117  2.864  0.000
   75 S  -0.0681   1.878  4.109  0.081
   76 C  -0.0504   0.994  3.056  0.000
   77 C  -0.0490   1.080  2.969  0.000
   78 C  -0.0400   1.086  2.954  0.000
   79 C  -0.0347   1.122  2.913  0.000
   80 S   0.0532   1.880  3.963  0.104
   81 C  -0.0080   1.131  2.877  0.000
   82 S   0.1015   1.876  3.919  0.103
   83 C  -0.0094   1.121  2.888  0.000
   84 C  -0.0068   1.146  2.861  0.000
   85 C  -0.0547   1.159  2.895  0.000
   86 C   0.0330   1.205  2.762  0.000
   87 C  -0.0358   1.084  2.952  0.000
   88 C  -0.0918   1.017  3.075  0.000
   89 C  -0.0391   1.085  2.954  0.000
   90 C  -0.0918   1.017  3.075  0.000
   91 C  -0.0672   1.169  2.898  0.000
   92 C  -0.0594   1.091  2.969  0.000
   93 C  -0.0479   1.101  2.947  0.000
   94 C   0.0127   1.118  2.869  0.000
   95 S   0.1208   1.876  3.882  0.120
   96 C   0.0080   1.098  2.894  0.000
   97 C  -0.0437   1.129  2.915  0.000
   98 C   0.1205   1.141  2.739  0.000
   99 O  -0.2131   1.591  4.622  0.000
  100 C  -0.0241   1.147  2.877  0.000
  101 C  -0.0265   1.094  2.933  0.000
  102 C   0.0935   1.104  2.802  0.000
  103 CL -0.0478   1.888  5.137  0.023
  104 C  -0.0270   1.088  2.939  0.000
  105 C  -0.0196   1.093  2.926  0.000
  106 C  -0.0085   1.126  2.882  0.000
  107 C   0.0253   1.152  2.822  0.000
  108 C  -0.0149   1.072  2.943  0.000
  109 C   0.0919   1.138  2.770  0.000
  110 N  -0.2106   1.604  3.606  0.000
  111 C   0.0897   1.138  2.773  0.000
  112 N  -0.2080   1.604  3.604  0.000
  113 H   0.0538   0.946  0.000  0.000
  114 H   0.0400   0.960  0.000  0.000
  115 H   0.0412   0.959  0.000  0.000
  116 H   0.0386   0.961  0.000  0.000
  117 H   0.0386   0.961  0.000  0.000
  118 H   0.0384   0.962  0.000  0.000
  119 H   0.0382   0.962  0.000  0.000
  120 H   0.0374   0.963  0.000  0.000
  121 H   0.0328   0.967  0.000  0.000
  122 H   0.0338   0.966  0.000  0.000
  123 H   0.0385   0.962  0.000  0.000
  124 H   0.0308   0.969  0.000  0.000
  125 H   0.0337   0.966  0.000  0.000
  126 H   0.0307   0.969  0.000  0.000
  127 H   0.0368   0.963  0.000  0.000
  128 H   0.0335   0.967  0.000  0.000
  129 H   0.0326   0.967  0.000  0.000
  130 H   0.0329   0.967  0.000  0.000
  131 H   0.0380   0.962  0.000  0.000
  132 H   0.0323   0.968  0.000  0.000
  133 H   0.0318   0.968  0.000  0.000
  134 H   0.0474   0.953  0.000  0.000
  135 H   0.0488   0.951  0.000  0.000
  136 H   0.0321   0.968  0.000  0.000
  137 H   0.0362   0.964  0.000  0.000
  138 H   0.0458   0.954  0.000  0.000
  139 H   0.0544   0.946  0.000  0.000
  140 H   0.0461   0.954  0.000  0.000
  141 H   0.0386   0.961  0.000  0.000
  142 H   0.0333   0.967  0.000  0.000
  143 H   0.0307   0.969  0.000  0.000
  144 H   0.0392   0.961  0.000  0.000
  145 H   0.0475   0.952  0.000  0.000
  146 H   0.0445   0.956  0.000  0.000
  147 H   0.0563   0.944  0.000  0.000
  148 H   0.0373   0.963  0.000  0.000
  149 H   0.0333   0.967  0.000  0.000
  150 H   0.0334   0.967  0.000  0.000
  151 H   0.0415   0.959  0.000  0.000
  152 H   0.0439   0.956  0.000  0.000
  153 H   0.0524   0.948  0.000  0.000
  154 H   0.0525   0.948  0.000  0.000
  155 H   0.0374   0.963  0.000  0.000
  156 H   0.0316   0.968  0.000  0.000
  157 H   0.0322   0.968  0.000  0.000
  158 H   0.0365   0.963  0.000  0.000
  159 H   0.0461   0.954  0.000  0.000
  160 H   0.0453   0.955  0.000  0.000
  161 H   0.0543   0.946  0.000  0.000
  162 H   0.0381   0.962  0.000  0.000
  163 H   0.0326   0.967  0.000  0.000
  164 H   0.0304   0.970  0.000  0.000
  165 H   0.0361   0.964  0.000  0.000
  166 H   0.0379   0.962  0.000  0.000
  167 H   0.0309   0.969  0.000  0.000
  168 H   0.0322   0.968  0.000  0.000
  169 H   0.0342   0.966  0.000  0.000
  170 H   0.0327   0.967  0.000  0.000
  171 H   0.0380   0.962  0.000  0.000
  172 H   0.0328   0.967  0.000  0.000
  173 H   0.0323   0.968  0.000  0.000
  174 H   0.0468   0.953  0.000  0.000
  175 H   0.0517   0.948  0.000  0.000
  176 H   0.0510   0.949  0.000  0.000
  177 H   0.0402   0.960  0.000  0.000
  178 H   0.0390   0.961  0.000  0.000
  179 H   0.0456   0.954  0.000  0.000
 
 Wiberg/Mayer (AO) data. WBOs > 0.1 written file <wbo>
 largest (>0.05) Wiberg bond orders for each atom
           total WBO             WBO to atom ...
     1  C   3.927    C    2 1.538    C   24 1.216    H  113 0.928
     2  C   3.910    C    1 1.538    C   11 1.094    C    3 0.985    O    4 0.067    C   35 0.058
     3  C   3.902    O    4 1.790    C    2 0.985    C    5 0.983
     4  O   2.133    C    3 1.790    C    2 0.067    C    5 0.062
     5  C   3.930    C    6 1.357    C   10 1.286    C    3 0.983    C    8 0.092    O    4 0.062
     6  C   3.959    C    7 1.423    C    5 1.357    H  114 0.941    C    9 0.083
     7  C   3.919    C    6 1.423    C    8 1.312    C   23 0.947    C   10 0.091
     8  C   3.928    C    9 1.427    C    7 1.312    C   17 0.949    C    5 0.092
     9  C   3.955    C    8 1.427    C   10 1.350    H  115 0.937    C    6 0.083
    10  C   3.945    C    9 1.350    C    5 1.286    C   11 1.041    C    7 0.091
    11  C   3.929    C   12 1.462    C    2 1.094    C   10 1.041    N   14 0.093    N   16 0.092
    12  C   3.953    C   11 1.462    C   13 1.065    C   15 1.064    N   16 0.080    N   14 0.079
    13  C   3.939    N   14 2.783    C   12 1.065
    14  N   3.052    C   13 2.783    C   11 0.093    C   12 0.079
    15  C   3.939    N   16 2.786    C   12 1.064
    16  N   3.044    C   15 2.786    C   11 0.092    C   12 0.080
    17  C   3.930    C   23 0.950    C    8 0.949    H  116 0.941    C   18 0.929
    18  C   3.950    C   19 0.985    C   22 0.974    H  117 0.946    C   17 0.929
    19  C   3.959    C   20 1.935    C   18 0.985    H  118 0.937
    20  C   3.959    C   19 1.935    C   21 0.985    H  119 0.937
    21  C   3.949    C   20 0.985    C   22 0.974    H  120 0.946    C   23 0.928
    22  C   3.967    C   18 0.974    C   21 0.974    H  122 0.962    H  121 0.960
    23  C   3.927    C   17 0.950    C    7 0.947    H  123 0.941    C   21 0.928
    24  C   3.907    C   35 1.400    C    1 1.216    S   25 1.077    C   26 0.074
    25  S   2.555    C   26 1.158    C   24 1.077    C   35 0.060    C   34 0.058
    26  C   3.926    C   34 1.334    C   27 1.182    S   25 1.158    C   24 0.074
    27  C   3.923    C   28 1.354    C   26 1.182    S   38 1.134    C   37 0.081
    28  C   3.905    C   36 1.355    C   27 1.354    C   29 0.933    S   38 0.066
    29  C   3.905    C   30 0.935    C   28 0.933    C   32 0.933    C   34 0.932
    30  C   3.965    C   31 1.007    H  124 0.967    H  125 0.965    C   29 0.935
    31  C   3.983    C   30 1.007    H  126 0.983    H  128 0.981    H  127 0.977
    32  C   3.963    C   33 1.006    H  129 0.966    H  130 0.964    C   29 0.933
    33  C   3.982    C   32 1.006    H  132 0.983    H  133 0.981    H  131 0.977
    34  C   3.911    C   35 1.378    C   26 1.334    C   29 0.932    S   25 0.058
    35  C   3.952    C   24 1.400    C   34 1.378    H  134 0.938    S   25 0.060    C    2 0.058
    36  C   3.941    C   37 1.422    C   28 1.355    H  135 0.932    S   38 0.057
    37  C   3.895    C   36 1.422    C   39 1.161    S   38 1.103    C   27 0.081
    38  S   2.563    C   27 1.134    C   37 1.103    C   28 0.066    C   36 0.057
    39  C   3.904    C   40 1.423    C   37 1.161    S   80 1.057    C   79 0.060
    40  C   3.901    C   39 1.423    C   58 1.201    N   41 1.024    S   80 0.061
    41  N   3.341    C   40 1.024    C   50 0.991    C   42 0.980
    42  C   3.930    C   49 1.376    C   43 1.357    N   41 0.980    C   45 0.095
    43  C   3.968    C   44 1.462    C   42 1.357    H  136 0.945    C   48 0.099
    44  C   3.972    C   43 1.462    C   45 1.362    H  137 0.944    C   49 0.103
    45  C   3.951    C   48 1.376    C   44 1.362    S   46 1.038    C   42 0.095
    46  S   2.212    C   45 1.038    C   47 0.999
    47  C   3.983    S   46 0.999    H  140 0.989    H  138 0.989    H  139 0.980
    48  C   3.971    C   49 1.444    C   45 1.376    H  141 0.943    C   43 0.099
    49  C   3.968    C   48 1.444    C   42 1.376    H  142 0.944    C   44 0.103
    50  C   3.929    C   51 1.372    C   57 1.348    N   41 0.991    C   53 0.094
    51  C   3.968    C   52 1.442    C   50 1.372    H  143 0.945    C   56 0.102
    52  C   3.971    C   51 1.442    C   53 1.378    H  144 0.943    C   57 0.099
    53  C   3.953    C   52 1.378    C   56 1.354    S   54 1.041    C   50 0.094
    54  S   2.220    C   53 1.041    C   55 0.998
    55  C   3.982    S   54 0.998    H  146 0.988    H  145 0.987    H  147 0.979
    56  C   3.972    C   57 1.471    C   53 1.354    H  148 0.944    C   51 0.102
    57  C   3.967    C   56 1.471    C   50 1.348    H  149 0.944    C   52 0.099
    58  C   3.920    C   79 1.386    C   40 1.201    S   59 1.090    C   60 0.064    S   80 0.053
    59  S   2.479    C   58 1.090    C   60 1.066    C   61 0.065    C   79 0.052
    60  C   3.900    C   61 1.435    C   81 1.130    S   59 1.066    C   58 0.064
    61  C   3.904    C   60 1.435    C   79 1.203    N   62 1.019    S   59 0.065
    62  N   3.341    C   61 1.019    C   63 0.989    C   71 0.987
    63  C   3.930    C   64 1.370    C   70 1.355    N   62 0.989    C   66 0.095
    64  C   3.968    C   65 1.444    C   63 1.370    H  150 0.944    C   69 0.101
    65  C   3.971    C   64 1.444    C   66 1.377    H  151 0.942    C   70 0.098
    66  C   3.954    C   65 1.377    C   69 1.357    S   67 1.038    C   63 0.095
    67  S   2.213    C   66 1.038    C   68 0.997
    68  C   3.979    S   67 0.997    H  152 0.988    H  153 0.980    H  154 0.980
    69  C   3.971    C   70 1.467    C   66 1.357    H  155 0.943    C   64 0.101
    70  C   3.969    C   69 1.467    C   63 1.355    H  156 0.944    C   65 0.098
    71  C   3.930    C   78 1.375    C   72 1.355    N   62 0.987    C   74 0.094
    72  C   3.968    C   73 1.462    C   71 1.355    H  157 0.944    C   77 0.099
    73  C   3.972    C   72 1.462    C   74 1.362    H  158 0.944    C   78 0.103
    74  C   3.952    C   77 1.376    C   73 1.362    S   75 1.037    C   71 0.094
    75  S   2.210    C   74 1.037    C   76 0.999
    76  C   3.983    S   75 0.999    H  160 0.989    H  159 0.989    H  161 0.980
    77  C   3.971    C   78 1.444    C   74 1.376    H  162 0.943    C   72 0.099
    78  C   3.968    C   77 1.444    C   71 1.375    H  163 0.944    C   73 0.103
    79  C   3.918    C   58 1.386    C   61 1.203    S   80 1.088    C   39 0.060    S   59 0.052
    80  S   2.468    C   79 1.088    C   39 1.057    C   40 0.061    C   58 0.053
    81  C   3.889    C   92 1.443    C   60 1.130    S   82 1.107    C   83 0.080
    82  S   2.560    C   83 1.132    C   81 1.107    C   91 0.068    C   92 0.058
    83  C   3.927    C   91 1.353    C   84 1.192    S   82 1.132    C   81 0.080
    84  C   3.915    C   85 1.284    C   83 1.192    S   95 1.166    C   94 0.064
    85  C   3.913    C   93 1.443    C   84 1.284    C   86 0.931    S   95 0.052
    86  C   3.904    C   87 0.936    C   89 0.935    C   91 0.933    C   85 0.931
    87  C   3.965    C   88 1.007    H  164 0.968    H  165 0.964    C   86 0.936
    88  C   3.982    C   87 1.007    H  168 0.984    H  167 0.983    H  166 0.978
    89  C   3.964    C   90 1.006    H  170 0.966    H  169 0.964    C   86 0.935
    90  C   3.982    C   89 1.006    H  173 0.983    H  172 0.982    H  171 0.977
    91  C   3.894    C   83 1.353    C   92 1.344    C   86 0.933    S   82 0.068
    92  C   3.946    C   81 1.443    C   91 1.344    H  174 0.936    S   82 0.058
    93  C   3.940    C   85 1.443    C   94 1.323    H  175 0.935    S   95 0.063    C   97 0.060
    94  C   3.912    C   93 1.323    C   96 1.311    S   95 1.071    C   84 0.064
    95  S   2.621    C   84 1.166    C   94 1.071    C   93 0.063    O   99 0.059    C   85 0.052
    96  C   3.925    C   97 1.440    C   94 1.311    H  176 0.919
    97  C   3.909    C   96 1.440    C  107 1.116    C   98 1.049    O   99 0.065    C   93 0.060
    98  C   3.906    O   99 1.730    C   97 1.049    C  100 0.979
    99  O   2.163    C   98 1.730    C   97 0.065    S   95 0.059    C  100 0.054
   100  C   3.938    C  101 1.409    C  106 1.267    C   98 0.979    C  104 0.090    O   99 0.054
   101  C   3.961    C  100 1.409    C  102 1.365    H  177 0.943    C  105 0.088
   102  C   3.923    C  104 1.381    C  101 1.365    CL 103 1.017    C  106 0.087
   103  CL  1.169    C  102 1.017
   104  C   3.960    C  105 1.429    C  102 1.381    H  178 0.943    C  100 0.090
   105  C   3.957    C  104 1.429    C  106 1.382    H  179 0.936    C  101 0.088
   106  C   3.949    C  105 1.382    C  100 1.267    C  107 1.045    C  102 0.087
   107  C   3.928    C  108 1.450    C   97 1.116    C  106 1.045    N  112 0.088    N  110 0.088
   108  C   3.923    C  107 1.450    C  109 1.066    C  111 1.065    N  110 0.081    N  112 0.081
   109  C   3.938    N  110 2.773    C  108 1.066
   110  N   3.036    C  109 2.773    C  107 0.088    C  108 0.081
   111  C   3.938    N  112 2.781    C  108 1.065
   112  N   3.039    C  111 2.781    C  107 0.088    C  108 0.081
   113  H   0.990    C    1 0.928
   114  H   0.996    C    6 0.941
   115  H   0.995    C    9 0.937
   116  H   0.996    C   17 0.941
   117  H   0.997    C   18 0.946
   118  H   0.997    C   19 0.937
   119  H   0.997    C   20 0.937
   120  H   0.997    C   21 0.946
   121  H   0.999    C   22 0.960
   122  H   0.998    C   22 0.962
   123  H   0.995    C   23 0.941
   124  H   0.999    C   30 0.967
   125  H   0.996    C   30 0.965
   126  H   0.999    C   31 0.983
   127  H   0.996    C   31 0.977
   128  H   0.999    C   31 0.981
   129  H   0.998    C   32 0.966
   130  H   0.996    C   32 0.964
   131  H   0.997    C   33 0.977
   132  H   0.999    C   33 0.983
   133  H   0.999    C   33 0.981
   134  H   0.995    C   35 0.938
   135  H   0.995    C   36 0.932
   136  H   0.997    C   43 0.945
   137  H   0.997    C   44 0.944
   138  H   0.998    C   47 0.989
   139  H   0.996    C   47 0.980
   140  H   0.997    C   47 0.989
   141  H   0.997    C   48 0.943
   142  H   0.998    C   49 0.944
   143  H   0.998    C   51 0.945
   144  H   0.997    C   52 0.943
   145  H   0.997    C   55 0.987
   146  H   0.998    C   55 0.988
   147  H   0.996    C   55 0.979
   148  H   0.997    C   56 0.944
   149  H   0.997    C   57 0.944
   150  H   0.998    C   64 0.944
   151  H   0.997    C   65 0.942
   152  H   0.998    C   68 0.988
   153  H   0.997    C   68 0.980
   154  H   0.996    C   68 0.980
   155  H   0.997    C   69 0.943
   156  H   0.998    C   70 0.944
   157  H   0.997    C   72 0.944
   158  H   0.997    C   73 0.944
   159  H   0.998    C   76 0.989
   160  H   0.997    C   76 0.989
   161  H   0.996    C   76 0.980
   162  H   0.997    C   77 0.943
   163  H   0.998    C   78 0.944
   164  H   0.999    C   87 0.968
   165  H   0.996    C   87 0.964
   166  H   0.997    C   88 0.978
   167  H   0.999    C   88 0.983
   168  H   0.999    C   88 0.984
   169  H   0.996    C   89 0.964
   170  H   0.999    C   89 0.966
   171  H   0.997    C   90 0.977
   172  H   0.999    C   90 0.982
   173  H   0.999    C   90 0.983
   174  H   0.995    C   92 0.936
   175  H   0.995    C   93 0.935
   176  H   0.993    C   96 0.919
   177  H   0.996    C  101 0.943
   178  H   0.996    C  104 0.943
   179  H   0.995    C  105 0.936
 
 --------------------------------------------
          xTB calculation for sTDA...
 --------------------------------------------
 
 reading parameter file /ihome/ghutchison/blp62/xtb4stda/.param_stda2.xtb
 
      method parameters     
 k(s)        :  1.6000
 k(p)        :  2.1800
 k(d)        :  1.9500
 k(f)        :  2.0000
 k(R-V)      :  2.2750
 k(R-R)      :  1.7650
 Tscal       :  0.2580
 Gscal       :  1.0000
 fpol        :  1.0000
 Zcnf        :  0.3430
 Zqf         :  0.0000
 kcn         :  2.7000
 Ryd Hsplit  :  0.7000
 lshift(virt):  3.1000
 lshift(OS)  :  0.2000
 wllscaling  :  2.6000
 
 mowrcut     : 3.000
 
  Z AO/shell   Hii/eV     exponent
  1     Sun Feb 14 09:53:25 CET 2016    EN: 2.327 GAM: 0.473  GM3: 0.0000
     1s    -14.339618    1.220000
     2sp    -3.348946    0.600000
  6     Sun Feb 14 09:53:25 CET 2016    EN: 2.731 GAM: 0.422  GM3: 0.0000
     2s    -22.009312    1.565095
     2p    -13.020408    1.596905
     3sp    -3.914040    0.824500
  7     Sun Feb 14 09:53:25 CET 2016    EN: 3.573 GAM: 0.504  GM3: 0.0000
     2s    -25.722000    2.064844
     2p    -18.684912    1.801692
     3sp    -4.344791    0.921400
  8     Sun Feb 14 09:53:25 CET 2016    EN: 3.700 GAM: 0.587  GM3: 0.0000
     2s    -33.859000    2.418661
     2p    -22.175911    1.973969
     3sp    -4.259392    1.013700
 16     Sun Feb 21 16:35:57 CET 2016    EN: 1.915 GAM: 0.200  GM3: 0.0000
     3s    -17.898811    2.619580
     3p    -15.317401    1.798798
     4sp    -4.455139    0.843200
 17     Sun Feb 21 16:32:04 CET 2016    EN: 2.375 GAM: 0.300  GM3: 0.0000
     3s    -29.486180    2.293696
     3p    -18.696427    2.332982
     4sp    -5.680125    0.918900
 
 Nbf   :         1231
 T(el) :     0.0
 calculating S/T integrals ...
 cpu time for ints    2.78442600000000     
 Nao   :         1231
 making H0...
 making H1...
 cpu time for H      4.025999999999996E-002
 solving ...
 cpu time for diag   0.777375999999999     
 
 gap (eV)           :   4.176
 Koopmans IP (eV)   :  12.955
 Eel (Eh)           :  -465.229299

          eigenvalues
 #    :         262        263        264        265        266        267        268        269
 occ. :        2.000      2.000      2.000      2.000      2.000      2.000      2.000      2.000
 eps  :       -15.731    -15.579    -15.566    -15.465    -15.158    -14.834    -14.687    -14.593
 #    :         270        271        272        273        274        275        276        277
 occ. :        2.000      2.000      2.000      2.000      2.000      0.000      0.000      0.000
 eps  :       -14.525    -13.951    -13.622    -13.221    -12.956     -8.779     -8.650     -8.495
 #    :         278        279        280        281        282        283        284        285
 occ. :        0.000      0.000      0.000      0.000      0.000      0.000      0.000      0.000
 eps  :        -8.295     -7.267     -6.813     -6.382     -6.151     -5.925     -5.910     -5.798
                            1  SCC done.
 writing mo output ...
 molden style : F
 
speedup  3.53
cpu  time for all    7.87 s
wall time for all    2.23 s
