 
        ______________________________________
       |                                      |
       |          ===================         |
       |             xTB for sTDA             |
       |          ===================         |
       |               S. Grimme              |
       |        Universitaet Bonn, MCTC       |
       |         2015-19, Version 1.0         |
       |     Wed Apr  3 09:14:55 CEST 2019    |
       |______________________________________|
 
        This code comes without any warranty
        for non-commercial, academia use only.
        Preliminary test version.
        Cite this work as:
        S. Grimme  &  C. Bannwarth, JCP 145 (2016) 054103
        if GBSA is used additionally:
        P. Shushkov, F. März, C. Bannwarth, S. Grimme, unpublished.
 
        with help from
        P. Shushkov, G. Brandenburg, S. Dohm, J. Pisarek,
        F. März, M. Checinski, S. Ehrlich, S. Spicher, 
        P. Pracht, E. Caldeweyher, S. Ehlert, and C. Bannwarth.
 
        usage        :
        xtb4stda <coord_file> [options]
        where <coord_file> is a valid file of TM)
        (*coord, Bohr) or xmol (*xyz, Angstroem)
        format.

        options:
        -chrg <int>   : molecular charge
        -uhf  <int>   : # of unpaired electrons(=2*S)
        -nox          : skip second, extended part in sTDA-xTB
        -pop          : do population analysis
                      : (default for -nox)
        -mowr <real>  : cut MO write above (def.3 Eh)
        -molden       : write formatted molden file
        -parx <file>  : read parameters for sTDA-xTB
                        calc (def:~/.param_stda2.xtb)
        -parv <file>  : read parameters for vTB part in
                        sTDA-xTB (def: ~/.param_stda1.xtb)
        -xtemp <real> : el. temp for xTB (def. 0 K)
        -etemp <real> : el. temp for GFN (def. 300 K)
        -fod          : calculate the FOD and write
                        molden.input file with
                        appropriate occupations
                        for plotting. Def. T=12500 K
 
        -acc <real>   : xTB accuracy (def. 1.0)
        -gbsa [string1] [string2]
                        use GBSA implicit solvent
                        for solvent [string1] and
                        solvation state [string2]=
                        reference, bar1M (default=1M)
        additional GFN/opt/MD/siman options read from
        $XTB4STDAHOME/.xtb4stdarc or $set in input
 
       spin and charge state information can be on:
       <.CHRG> (charge) and <.UHF> (=nalpha-nbeta)
       -uhf and -chrg override the file info.
       useful machine settings:
       setenv MKL_NUM_THREADS <NCORE_ON_YOUR_MACHINE>
       setenv OMP_STACKSIZE 500m
       limit stacksize unlimited
 
       total energies in Eh, gaps/HL energies in eV
       please read REVISION and HOWTO files carefully
 =============================
  # OMP threads =           8
 =============================
 
 xtb4stdahome directory:/ihome/ghutchison/blp62/xtb4stda/
 
 
 name of molecule           :
 comment line               :
 number of atoms            :   190
 number of electrons        :   590
 charge                     :  0
 spin                       : 0.0
 first test random number   :  0.9521
 
 -----------------------------------------
      charge density (VTB) calculation
 -----------------------------------------
 
      method parameters     
 k(s)        :  1.8000
 k(p)        :  2.8350
 k(d)        :  2.0860
 k(f)        :  2.0000
 Tscal       :  0.3300
 Gscal       :  0.3910
 fpol        :  1.0000
 Zcnf        :  0.6500
 Zqf         :  0.0000
 kcn         :  0.3000
 kEN1        : -0.5900
 wllscal     :  2.6000
 
     -------------------------
     ! NO SOLVENT MODEL USED !
     -------------------------
 
 doing EN charges ...
 sum q : -0.8881784D-15
 point charge moment (au)
     X       Y       Z   
   0.4479  -0.2617   0.2641  total (Debye):    1.480
 
            Z      q(EN)   CN      Cart. coordinates
     1  C   4.0  -0.073   3.196     0.66122    -2.98085   -12.46369
     2  C   4.0  -0.003   3.274    -0.52837    -0.70506   -12.76793
     3  C   4.0   0.103   3.244    -1.19865     1.05711   -10.73194
     4  O   6.0  -0.121   1.223    -0.79350     0.82146    -8.47712
     5  C   4.0  -0.007   3.368    -2.47479     3.20951   -11.94609
     6  C   4.0  -0.057   3.147    -3.48106     5.32752   -10.74876
     7  C   4.0   0.003   3.501    -4.57446     7.03526   -12.36958
     8  C   4.0   0.003   3.500    -4.66025     6.66355   -14.98987
     9  C   4.0  -0.059   3.153    -3.68156     4.57899   -16.19249
    10  C   4.0  -0.007   3.362    -2.55850     2.81267   -14.57791
    11  C   4.0  -0.008   3.323    -1.36684     0.38343   -15.14237
    12  C   4.0  -0.037   3.119    -1.12930    -0.65139   -17.50585
    13  C   4.0   0.235   2.167    -1.94547     0.52024   -19.75746
    14  N   5.0  -0.214   1.027    -2.54641     1.36004   -21.66590
    15  C   4.0   0.234   2.165    -0.06047    -3.02696   -18.07221
    16  N   5.0  -0.214   1.027     0.74909    -4.93653   -18.71547
    17  C   4.0  -0.105   4.489    -6.02426     9.12549   -15.44586
    18  C   4.0  -0.102   4.331    -4.42064    11.33987   -16.46121
    19  C   4.0  -0.062   3.280    -5.98873    13.65081   -15.85934
    20  C   4.0  -0.062   3.279    -5.90974    14.00136   -13.37775
    21  C   4.0  -0.102   4.331    -4.28722    11.93267   -12.26035
    22  C   4.0  -0.169   4.319    -2.38049    11.57533   -14.41483
    23  C   4.0  -0.105   4.486    -5.93072     9.53764   -12.52359
    24  C   4.0  -0.081   3.175     1.49402    -4.19368   -10.25044
    25  C   4.0  -0.092   3.428     2.60159    -6.56888   -10.27406
    26  C   4.0  -0.011   3.388     3.25449    -7.53604    -7.89773
    27  C   4.0   0.005   3.268     4.44426   -10.02915    -7.64186
    28  C   4.0   0.069   3.249     6.55584   -10.40861    -6.08586
    29  O   6.0  -0.140   2.090     7.34820    -8.36147    -4.74850
    30  C   4.0  -0.115   4.070     9.33676    -8.61942    -2.98085
    31  C   4.0  -0.241   4.014     8.49961    -9.95999    -0.56900
    32  C   4.0  -0.071   3.166     7.75733   -12.74828    -6.06848
    33  C   4.0  -0.073   3.152     6.87312   -14.67712    -7.58744
    34  C   4.0  -0.072   3.171     4.76797   -14.35776    -9.09695
    35  C   4.0   0.070   3.261     3.53076   -12.04039    -9.12265
    36  O   6.0  -0.139   2.090     1.42712   -11.56134   -10.49837
    37  C   4.0  -0.111   4.065     0.42292   -13.45976   -12.09614
    38  C   4.0  -0.240   4.014    -1.87763   -12.33897   -13.40269
    39  C   4.0  -0.091   3.324     2.67869    -5.81866    -6.00857
    40  S   6.0   0.225   2.838     1.29673    -3.07685    -7.16490
    41  C   4.0  -0.089   3.361     2.92643    -5.81922    -3.28529
    42  C   4.0   0.074   3.504     1.18070    -6.67848    -1.55751
    43  N   5.0  -0.315   3.246    -0.92294    -8.14170    -2.15637
    44  C   4.0   0.090   3.272    -0.64496   -10.51066    -3.27357
    45  C   4.0  -0.069   3.204     1.44999   -12.00770    -2.73746
    46  C   4.0  -0.082   3.229     1.67543   -14.39990    -3.75205
    47  C   4.0  -0.085   3.162    -0.19237   -15.32719    -5.33848
    48  S   6.0   0.191   2.260    -0.09694   -18.35472    -6.75350
    49  C   4.0  -0.324   3.989     2.46553   -19.94322    -5.12380
    50  C   4.0  -0.085   3.263    -2.27258   -13.82127    -5.91824
    51  C   4.0  -0.068   3.195    -2.49878   -11.43870    -4.90252
    52  C   4.0   0.083   3.301    -3.24050    -7.32968    -1.16313
    53  C   4.0  -0.068   3.190    -4.97508    -9.02684    -0.13776
    54  C   4.0  -0.085   3.256    -7.14770    -8.14585     0.99324
    55  C   4.0  -0.086   3.159    -7.62750    -5.56335     1.13195
    56  S   6.0   0.189   2.250   -10.40143    -4.59657     2.71232
    57  C   4.0  -0.323   3.992    -9.67275    -1.33906     3.51621
    58  C   4.0  -0.083   3.229    -5.95018    -3.87337     0.03288
    59  C   4.0  -0.070   3.214    -3.77718    -4.75323    -1.10379
    60  C   4.0  -0.105   3.477     1.65181    -5.68808     0.89233
    61  S   6.0   0.238   2.575     0.01115    -5.74628     3.71180
    62  C   4.0  -0.080   3.283     2.21929    -3.69611     5.06938
    63  C   4.0   0.078   3.493     4.08729    -2.94476     3.37845
    64  N   5.0  -0.318   3.251     5.92467    -1.13119     3.81271
    65  C   4.0   0.082   3.304     8.32916    -1.54013     2.77128
    66  C   4.0  -0.069   3.195     9.66103     0.43407     1.65918
    67  C   4.0  -0.082   3.219    12.01053     0.02022     0.59885
    68  C   4.0  -0.086   3.155    13.06330    -2.38294     0.64100
    69  S   6.0   0.188   2.251    16.02544    -3.16813    -0.67425
    70  C   4.0  -0.323   3.987    17.19840    -0.19918    -1.92639
    71  C   4.0  -0.087   3.269    11.74446    -4.35601     1.78485
    72  C   4.0  -0.069   3.204     9.40176    -3.94613     2.83610
    73  C   4.0   0.090   3.289     5.48342     0.92767     5.39592
    74  C   4.0  -0.069   3.210     3.09537     2.04166     5.52008
    75  C   4.0  -0.082   3.232     2.60725     3.96597     7.20590
    76  C   4.0  -0.083   3.163     4.50813     4.83222     8.79497
    77  S   6.0   0.199   2.304     3.97561     7.20288    11.09874
    78  C   4.0  -0.323   3.995     1.77974     9.28063     9.47414
    79  C   4.0  -0.084   3.253     6.91659     3.79665     8.62603
    80  C   4.0  -0.069   3.211     7.40659     1.87895     6.93265
    81  C   4.0  -0.103   3.477     3.73391    -4.10260     0.99910
    82  S   6.0   0.234   2.613     5.19467    -3.83236    -1.91524
    83  C   4.0   0.008   3.288     2.05999    -2.88826     7.65433
    84  C   4.0   0.002   3.377    -0.09468    -2.10912     8.92102
    85  C   4.0   0.202   3.281    -2.75446    -1.99933     8.05345
    86  O   6.0  -0.109   1.084    -3.63923    -2.47970     6.00196
    87  N   5.0  -0.294   3.272    -4.13926    -1.12741    10.08774
    88  C   4.0  -0.094   4.079    -6.86405    -0.90764    10.10077
    89  C   4.0  -0.239   4.025    -8.13338    -3.49013     9.97511
    90  C   4.0   0.204   3.289    -2.65639    -0.51930    12.15623
    91  O   6.0  -0.104   1.063    -3.46803     0.06255    14.20337
    92  C   4.0   0.000   3.397    -0.01493    -0.94978    11.32437
    93  C   4.0   0.015   3.215     2.19567    -0.33467    12.56762
    94  C   4.0   0.067   3.707     4.40495    -1.45150    11.50956
    95  C   4.0   0.068   3.720     4.32350    -2.73708     9.11736
    96  N   5.0  -0.306   2.168     6.55433    -3.71841     8.50603
    97  S   6.0   0.448   2.902     8.56292    -3.04567    10.68886
    98  N   5.0  -0.305   2.153     6.70494    -1.47531    12.51169
    99  C   4.0  -0.066   3.174     2.44455     1.32810    14.69111
   100  C   4.0  -0.004   3.282     1.08886     3.46481    15.09230
   101  C   4.0   0.096   3.257    -0.72150     4.66706    13.30726
   102  O   6.0  -0.107   1.085    -1.42637     3.92439    11.24595
   103  C   4.0  -0.009   3.376    -1.46378     7.07419    14.48059
   104  C   4.0  -0.058   3.153    -3.21272     8.80556    13.53762
   105  C   4.0   0.002   3.506    -3.52188    10.91600    15.01463
   106  C   4.0   0.003   3.504    -2.16619    11.29168    17.25943
   107  C   4.0  -0.059   3.154    -0.46979     9.58375    18.23264
   108  C   4.0  -0.007   3.362    -0.14948     7.40489    16.77226
   109  C   4.0  -0.009   3.329     1.39783     5.17124    17.23014
   110  C   4.0  -0.037   3.122     2.79188     4.72091    19.36005
   111  C   4.0   0.235   2.167     3.03490     6.43036    21.39359
   112  N   5.0  -0.215   1.027     3.33196     7.72463    23.10927
   113  C   4.0   0.235   2.164     4.16042     2.49236    19.89466
   114  N   5.0  -0.215   1.027     5.30049     0.75910    20.53074
   115  C   4.0  -0.105   4.484    -3.39300    13.81371    17.75398
   116  C   4.0  -0.102   4.328    -1.86459    16.23029    17.13074
   117  C   4.0  -0.062   3.278    -0.05499    15.55112    15.03466
   118  C   4.0  -0.062   3.282    -1.39670    15.21248    12.94462
   119  C   4.0  -0.102   4.326    -4.13944    15.63068    13.59526
   120  C   4.0  -0.169   4.323    -3.87054    17.69388    15.62199
   121  C   4.0  -0.105   4.482    -4.94126    13.37680    15.28070
   122  H   1.0   0.076   1.013     1.01724    -4.08181   -14.15216
   123  H   1.0   0.075   1.004    -3.37902     5.52953    -8.72297
   124  H   1.0   0.077   1.006    -3.77907     4.32048   -18.20864
   125  H   1.0   0.088   1.004    -7.85994     8.97620   -16.36125
   126  H   1.0   0.087   1.003    -3.79400    11.12746   -18.40480
   127  H   1.0   0.078   1.002    -7.04490    14.69583   -17.24243
   128  H   1.0   0.078   1.002    -6.88692    15.39692   -12.27396
   129  H   1.0   0.087   1.003    -3.53794    12.26035   -10.37649
   130  H   1.0   0.087   1.004    -1.19450     9.90670   -14.21679
   131  H   1.0   0.086   1.003    -1.19450    13.23451   -14.68676
   132  H   1.0   0.088   1.004    -7.70498     9.66160   -11.49029
   133  H   1.0   0.081   1.006     2.94608    -7.56665   -12.00902
   134  H   1.0   0.081   1.004     9.88894    -6.67697    -2.54263
   135  H   1.0   0.080   1.000    10.96249    -9.57656    -3.83652
   136  H   1.0   0.082   1.000     7.80532   -11.84953    -0.98209
   137  H   1.0   0.082   0.999    10.08131   -10.10493     0.73057
   138  H   1.0   0.082   1.001     6.99444    -8.89248     0.33467
   139  H   1.0   0.076   1.006     9.40498   -13.07823    -4.91896
   140  H   1.0   0.074   1.005     7.85483   -16.46821    -7.59538
   141  H   1.0   0.076   1.007     4.10241   -15.90620   -10.23872
   142  H   1.0   0.079   1.003    -0.12340   -15.12159   -10.98290
   143  H   1.0   0.079   1.000     1.83984   -14.02989   -13.50209
   144  H   1.0   0.082   0.999    -2.76108   -13.75702   -14.59416
   145  H   1.0   0.082   0.999    -3.22803   -11.69778   -11.99522
   146  H   1.0   0.082   0.999    -1.32810   -10.73478   -14.56147
   147  H   1.0   0.077   1.007     2.89412   -11.30056    -1.48230
   148  H   1.0   0.077   1.008     3.31174   -15.51843    -3.28415
   149  H   1.0   0.080   1.011     2.11800   -19.91563    -3.10142
   150  H   1.0   0.079   1.015     2.44701   -21.87585    -5.81185
   151  H   1.0   0.080   1.011     4.25434   -19.05014    -5.58697
   152  H   1.0   0.076   1.008    -3.70878   -14.54994    -7.17057
   153  H   1.0   0.076   1.006    -4.11771   -10.27898    -5.34490
   154  H   1.0   0.076   1.006    -4.58504   -11.02882    -0.18576
   155  H   1.0   0.076   1.008    -8.47599    -9.45052     1.82623
   156  H   1.0   0.079   1.010    -9.92881    -0.12604     1.87895
   157  H   1.0   0.081   1.013    -7.74429    -1.26196     4.21390
   158  H   1.0   0.079   1.015   -11.00180    -0.80616     4.98547
   159  H   1.0   0.077   1.008    -6.30998    -1.86988     0.04838
   160  H   1.0   0.076   1.007    -2.47441    -3.43080    -1.95435
   161  H   1.0   0.076   1.006     8.84222     2.30263     1.61609
   162  H   1.0   0.076   1.007    12.98884     1.58472    -0.26362
   163  H   1.0   0.079   1.010    17.40853     1.16785    -0.41007
   164  H   1.0   0.079   1.015    19.03445    -0.62909    -2.73406
   165  H   1.0   0.079   1.010    15.93795     0.49190    -3.39130
   166  H   1.0   0.076   1.008    12.60334    -6.20397     1.85080
   167  H   1.0   0.077   1.007     8.39643    -5.46055     3.75885
   168  H   1.0   0.077   1.007     1.60513     1.37307     4.29780
   169  H   1.0   0.077   1.008     0.73038     4.74737     7.30266
   170  H   1.0   0.080   1.011     2.54924     9.76232     7.63411
   171  H   1.0   0.081   1.011    -0.05140     8.37489     9.29518
   172  H   1.0   0.080   1.016     1.62157    10.95247    10.65144
   173  H   1.0   0.076   1.008     8.39057     4.48848     9.85341
   174  H   1.0   0.076   1.008     9.27837     1.07204     6.81908
   175  H   1.0   0.083   1.004    -7.35557     0.06671    11.85387
   176  H   1.0   0.082   1.003    -7.43191     0.25474     8.48922
   177  H   1.0   0.082   0.999   -10.17372    -3.26488    10.00685
   178  H   1.0   0.082   0.999    -7.57138    -4.63871    11.58402
   179  H   1.0   0.082   1.000    -7.60577    -4.46561     8.24601
   180  H   1.0   0.076   1.011     4.01378     0.88534    15.92623
   181  H   1.0   0.075   1.004    -4.22675     8.43857    11.80606
   182  H   1.0   0.077   1.006     0.52893     9.89177    19.97894
   183  H   1.0   0.088   1.004    -4.42442    13.98341    19.52465
   184  H   1.0   0.087   1.003    -1.04218    17.16155    18.76536
   185  H   1.0   0.078   1.002     1.94169    15.29828    15.30187
   186  H   1.0   0.078   1.003    -0.75117    14.64311    11.10516
   187  H   1.0   0.087   1.003    -5.39914    16.01240    12.01828
   188  H   1.0   0.085   1.002    -3.15811    19.46777    14.86005
   189  H   1.0   0.086   1.002    -5.60247    18.03687    16.67910
   190  H   1.0   0.088   1.004    -6.98424    13.21107    15.45021
 
  Z AO/shell   Hii/eV     exponent
  1     Sat Feb 20 21:38:01 CET 2016    EN: 2.327 GAM: 0.473  GM3: 0.0000
     1s    -13.751157    1.051071
  6     Sat Feb 20 21:38:01 CET 2016    EN: 2.731 GAM: 0.422  GM3: 0.0000
     2s    -19.378245    2.021003
     2p    -11.993376    1.497917
  7     Sat Feb 20 21:38:01 CET 2016    EN: 3.573 GAM: 0.504  GM3: 0.0000
     2s    -21.576984    2.275442
     2p    -16.125120    2.056788
  8     Sat Feb 20 21:38:01 CET 2016    EN: 3.700 GAM: 0.587  GM3: 0.0000
     2s    -21.648843    2.110798
     2p    -17.239740    2.329048
 16     Sat Feb 20 23:13:41 CET 2016    EN: 1.915 GAM: 0.389  GM3: 0.0000
     3s    -22.000000    2.671470
     3p    -15.834192    1.836978
     3d     -2.593599    1.836978
 
 dipole moment of classical point charges (au)
     X       Y       Z   
   0.4479  -0.2617   0.2641  total (Debye):    1.480

 
 Nbf   :          601
 T(el) :   300.0
 calculating S/T integrals ...
 cpu time for ints   0.970378000000000     
 Nao   :          593
 making H0...
 making H1...
 cpu time for H      0.322341000000000     
 solving ...
 cpu time for diag    2.19275100000000     
 
 gap (eV)           :   1.311
 Koopmans IP (eV)   :  12.237
 Eel (Eh)           :  -459.769537
 T,E(Fermi),NFOD :    300.000   -11.582  0.000000
 T,E(Fermi),NFOD :    300.000   -11.582  0.000000
 Nfod               :  0.0000
 Nfod/Nel           :  0.0000

          eigenvalues
 #    :         283        284        285        286        287        288        289        290
 occ. :        2.000      2.000      2.000      2.000      2.000      2.000      2.000      2.000
 eps  :       -14.742    -14.569    -14.453    -14.254    -14.165    -14.056    -13.956    -13.900
 #    :         291        292        293        294        295        296        297        298
 occ. :        2.000      2.000      2.000      2.000      2.000      0.000      0.000      0.000
 eps  :       -13.880    -13.242    -13.023    -12.542    -12.238    -10.927     -9.756     -9.703
 #    :         299        300        301        302        303        304        305        306
 occ. :        0.000      0.000      0.000      0.000      0.000      0.000      0.000      0.000
 eps  :        -9.582     -9.548     -9.095     -8.713     -8.372     -7.944     -7.709     -7.563
                            1  SCC done.
 making H1...
 cpu time for H       2.31060200000000     
 solving ...
 cpu time for diag   0.182266000000000     
 
 gap (eV)           :   1.477
 Koopmans IP (eV)   :  12.291
 Eel (Eh)           :  -458.782074
 T,E(Fermi),NFOD :    300.000   -11.553  0.000000
 T,E(Fermi),NFOD :    300.000   -11.553  0.000000
 Nfod               :  0.0000
 Nfod/Nel           :  0.0000

          eigenvalues
 #    :         283        284        285        286        287        288        289        290
 occ. :        2.000      2.000      2.000      2.000      2.000      2.000      2.000      2.000
 eps  :       -14.379    -14.297    -14.209    -14.050    -13.960    -13.890    -13.702    -13.597
 #    :         291        292        293        294        295        296        297        298
 occ. :        2.000      2.000      2.000      2.000      2.000      0.000      0.000      0.000
 eps  :       -13.450    -13.335    -13.128    -12.512    -12.292    -10.815     -9.883     -9.686
 #    :         299        300        301        302        303        304        305        306
 occ. :        0.000      0.000      0.000      0.000      0.000      0.000      0.000      0.000
 eps  :        -9.439     -9.427     -9.093     -8.725     -8.355     -7.878     -7.786     -7.626
                            2  SCC done.
 
 
 Mulliken/CM5 charges    n(s)   n(p)   n(d)   
    1 C   0.0027 -0.0450   1.156  2.841  0.000
    2 C  -0.0201 -0.0219   1.171  2.849  0.000
    3 C   0.1356  0.1710   1.176  2.689  0.000
    4 O  -0.2179 -0.2642   1.622  4.596  0.000
    5 C  -0.0175 -0.0192   1.186  2.831  0.000
    6 C  -0.0157 -0.0651   1.151  2.865  0.000
    7 C  -0.0137 -0.0223   1.210  2.804  0.000
    8 C  -0.0152 -0.0240   1.209  2.806  0.000
    9 C  -0.0272 -0.0767   1.153  2.875  0.000
   10 C  -0.0067 -0.0099   1.175  2.832  0.000
   11 C   0.0190  0.0184   1.197  2.784  0.000
   12 C   0.0083  0.0145   1.116  2.876  0.000
   13 C   0.0990  0.2179   1.171  2.730  0.000
   14 N  -0.2083 -0.3385   1.642  3.566  0.000
   15 C   0.0997  0.2174   1.172  2.729  0.000
   16 N  -0.2099 -0.3404   1.642  3.568  0.000
   17 C  -0.0278 -0.0830   1.219  2.809  0.000
   18 C  -0.0205 -0.0809   1.192  2.828  0.000
   19 C  -0.0464 -0.1050   1.166  2.880  0.000
   20 C  -0.0479 -0.1065   1.166  2.882  0.000
   21 C  -0.0211 -0.0814   1.192  2.829  0.000
   22 C  -0.0635 -0.1655   1.159  2.905  0.000
   23 C  -0.0301 -0.0853   1.220  2.811  0.000
   24 C  -0.0021  0.0042   1.160  2.842  0.000
   25 C  -0.0615 -0.1098   1.157  2.904  0.000
   26 C  -0.0105 -0.0104   1.169  2.842  0.000
   27 C  -0.0295 -0.0265   1.162  2.868  0.000
   28 C   0.0746  0.0939   1.161  2.765  0.000
   29 O  -0.1616 -0.2489   1.458  4.704  0.000
   30 C   0.0385 -0.0454   1.134  2.828  0.000
   31 C  -0.0903 -0.2409   1.093  2.997  0.000
   32 C  -0.0713 -0.1250   1.130  2.941  0.000
   33 C  -0.0374 -0.0946   1.135  2.903  0.000
   34 C  -0.0689 -0.1220   1.130  2.938  0.000
   35 C   0.0789  0.0983   1.159  2.762  0.000
   36 O  -0.1582 -0.2495   1.449  4.709  0.000
   37 C   0.0438 -0.0400   1.134  2.822  0.000
   38 C  -0.0804 -0.2299   1.088  2.993  0.000
   39 C  -0.0328 -0.0168   1.197  2.836  0.000
   40 S   0.1322  0.1016   1.892  3.915  0.061
   41 C  -0.0378 -0.0188   1.175  2.863  0.000
   42 C   0.0311  0.0969   1.174  2.795  0.000
   43 N  -0.1251 -0.3673   1.229  3.896  0.000
   44 C   0.0433  0.1004   1.171  2.786  0.000
   45 C  -0.0514 -0.0994   1.138  2.913  0.000
   46 C  -0.0527 -0.1057   1.133  2.920  0.000
   47 C  -0.0130 -0.0092   1.165  2.848  0.000
   48 S  -0.0344 -0.0809   1.891  4.117  0.027
   49 C  -0.0760 -0.2110   1.073  3.003  0.000
   50 C  -0.0409 -0.0928   1.133  2.908  0.000
   51 C  -0.0401 -0.0885   1.137  2.903  0.000
   52 C   0.0406  0.0970   1.174  2.785  0.000
   53 C  -0.0439 -0.0923   1.139  2.905  0.000
   54 C  -0.0411 -0.0926   1.134  2.907  0.000
   55 C  -0.0076 -0.0033   1.164  2.844  0.000
   56 S  -0.0408 -0.0851   1.892  4.122  0.027
   57 C  -0.0799 -0.2153   1.077  3.003  0.000
   58 C  -0.0447 -0.0976   1.133  2.911  0.000
   59 C  -0.0448 -0.0921   1.138  2.907  0.000
   60 C  -0.0566 -0.0373   1.175  2.882  0.000
   61 S   0.1308  0.0990   1.890  3.925  0.054
   62 C  -0.0456 -0.0271   1.168  2.878  0.000
   63 C   0.0309  0.0991   1.175  2.795  0.000
   64 N  -0.1134 -0.3572   1.225  3.888  0.000
   65 C   0.0431  0.0992   1.171  2.785  0.000
   66 C  -0.0393 -0.0878   1.138  2.901  0.000
   67 C  -0.0512 -0.1040   1.132  2.919  0.000
   68 C  -0.0087 -0.0044   1.166  2.843  0.000
   69 S  -0.0291 -0.0731   1.890  4.112  0.027
   70 C  -0.0726 -0.2074   1.072  3.001  0.000
   71 C  -0.0436 -0.0960   1.133  2.911  0.000
   72 C  -0.0416 -0.0894   1.140  2.902  0.000
   73 C   0.0470  0.1057   1.175  2.778  0.000
   74 C  -0.0512 -0.0988   1.139  2.912  0.000
   75 C  -0.0412 -0.0935   1.138  2.903  0.000
   76 C  -0.0172 -0.0128   1.166  2.851  0.000
   77 S  -0.0446 -0.0892   1.894  4.122  0.028
   78 C  -0.0814 -0.2164   1.079  3.003  0.000
   79 C  -0.0375 -0.0886   1.138  2.900  0.000
   80 C  -0.0450 -0.0916   1.139  2.906  0.000
   81 C  -0.0539 -0.0345   1.164  2.890  0.000
   82 S   0.1136  0.0796   1.893  3.942  0.051
   83 C   0.0320  0.0391   1.176  2.792  0.000
   84 C  -0.0079  0.0015   1.183  2.825  0.000
   85 C   0.1959  0.2985   1.172  2.632  0.000
   86 O  -0.2560 -0.3042   1.627  4.629  0.000
   87 N  -0.1202 -0.3733   1.278  3.843  0.000
   88 C   0.0291 -0.0177   1.145  2.826  0.000
   89 C  -0.0822 -0.2286   1.092  2.990  0.000
   90 C   0.2083  0.3120   1.171  2.621  0.000
   91 O  -0.2602 -0.3035   1.628  4.632  0.000
   92 C  -0.0061  0.0040   1.190  2.816  0.000
   93 C   0.0424  0.0447   1.163  2.795  0.000
   94 C   0.0268  0.1127   1.214  2.760  0.000
   95 C   0.0269  0.1142   1.216  2.757  0.000
   96 N  -0.2164 -0.3867   1.533  3.684  0.000
   97 S   0.2835  0.4201   1.907  3.652  0.158
   98 N  -0.1840 -0.3521   1.527  3.656  0.000
   99 C   0.0036 -0.0425   1.160  2.837  0.000
  100 C   0.0095  0.0082   1.179  2.811  0.000
  101 C   0.1476  0.1830   1.178  2.675  0.000
  102 O  -0.2299 -0.2835   1.627  4.603  0.000
  103 C  -0.0149 -0.0170   1.187  2.828  0.000
  104 C  -0.0173 -0.0673   1.152  2.866  0.000
  105 C  -0.0115 -0.0191   1.209  2.802  0.000
  106 C  -0.0092 -0.0169   1.208  2.802  0.000
  107 C  -0.0235 -0.0728   1.152  2.871  0.000
  108 C   0.0001 -0.0031   1.174  2.826  0.000
  109 C   0.0237  0.0232   1.196  2.780  0.000
  110 C   0.0219  0.0282   1.117  2.861  0.000
  111 C   0.1019  0.2209   1.171  2.727  0.000
  112 N  -0.2051 -0.3352   1.642  3.563  0.000
  113 C   0.1012  0.2195   1.171  2.728  0.000
  114 N  -0.2016 -0.3313   1.642  3.560  0.000
  115 C  -0.0282 -0.0836   1.217  2.811  0.000
  116 C  -0.0202 -0.0806   1.194  2.826  0.000
  117 C  -0.0494 -0.1071   1.165  2.884  0.000
  118 C  -0.0550 -0.1131   1.166  2.889  0.000
  119 C  -0.0222 -0.0826   1.194  2.828  0.000
  120 C  -0.0566 -0.1593   1.164  2.893  0.000
  121 C  -0.0317 -0.0870   1.219  2.812  0.000
  122 H   0.0648  0.1327   0.935  0.000  0.000
  123 H   0.0512  0.1098   0.949  0.000  0.000
  124 H   0.0533  0.1176   0.947  0.000  0.000
  125 H   0.0478  0.1066   0.952  0.000  0.000
  126 H   0.0462  0.1040   0.954  0.000  0.000
  127 H   0.0473  0.1035   0.953  0.000  0.000
  128 H   0.0468  0.1031   0.953  0.000  0.000
  129 H   0.0452  0.1029   0.955  0.000  0.000
  130 H   0.0358  0.0952   0.964  0.000  0.000
  131 H   0.0377  0.0944   0.962  0.000  0.000
  132 H   0.0474  0.1061   0.953  0.000  0.000
  133 H   0.0565  0.1207   0.943  0.000  0.000
  134 H   0.0434  0.1104   0.957  0.000  0.000
  135 H   0.0417  0.1047   0.958  0.000  0.000
  136 H   0.0317  0.0869   0.968  0.000  0.000
  137 H   0.0397  0.0924   0.960  0.000  0.000
  138 H   0.0315  0.0878   0.969  0.000  0.000
  139 H   0.0419  0.1027   0.958  0.000  0.000
  140 H   0.0475  0.1043   0.952  0.000  0.000
  141 H   0.0419  0.1033   0.958  0.000  0.000
  142 H   0.0428  0.1081   0.957  0.000  0.000
  143 H   0.0380  0.1006   0.962  0.000  0.000
  144 H   0.0373  0.0896   0.963  0.000  0.000
  145 H   0.0313  0.0863   0.969  0.000  0.000
  146 H   0.0316  0.0862   0.968  0.000  0.000
  147 H   0.0387  0.1020   0.961  0.000  0.000
  148 H   0.0442  0.1047   0.956  0.000  0.000
  149 H   0.0475  0.1014   0.953  0.000  0.000
  150 H   0.0550  0.1088   0.945  0.000  0.000
  151 H   0.0475  0.1022   0.952  0.000  0.000
  152 H   0.0441  0.1030   0.956  0.000  0.000
  153 H   0.0416  0.1031   0.958  0.000  0.000
  154 H   0.0401  0.1018   0.960  0.000  0.000
  155 H   0.0432  0.1016   0.957  0.000  0.000
  156 H   0.0441  0.0975   0.956  0.000  0.000
  157 H   0.0563  0.1160   0.944  0.000  0.000
  158 H   0.0513  0.1053   0.949  0.000  0.000
  159 H   0.0459  0.1057   0.954  0.000  0.000
  160 H   0.0396  0.1025   0.960  0.000  0.000
  161 H   0.0408  0.1020   0.959  0.000  0.000
  162 H   0.0452  0.1043   0.955  0.000  0.000
  163 H   0.0476  0.1013   0.952  0.000  0.000
  164 H   0.0560  0.1097   0.944  0.000  0.000
  165 H   0.0477  0.1014   0.952  0.000  0.000
  166 H   0.0443  0.1035   0.956  0.000  0.000
  167 H   0.0425  0.1069   0.957  0.000  0.000
  168 H   0.0414  0.1047   0.959  0.000  0.000
  169 H   0.0520  0.1163   0.948  0.000  0.000
  170 H   0.0453  0.0994   0.955  0.000  0.000
  171 H   0.0508  0.1089   0.949  0.000  0.000
  172 H   0.0544  0.1096   0.946  0.000  0.000
  173 H   0.0461  0.1050   0.954  0.000  0.000
  174 H   0.0419  0.1065   0.958  0.000  0.000
  175 H   0.0511  0.1228   0.949  0.000  0.000
  176 H   0.0472  0.1148   0.953  0.000  0.000
  177 H   0.0407  0.0932   0.959  0.000  0.000
  178 H   0.0308  0.0857   0.969  0.000  0.000
  179 H   0.0365  0.0949   0.964  0.000  0.000
  180 H   0.0690  0.1387   0.931  0.000  0.000
  181 H   0.0502  0.1091   0.950  0.000  0.000
  182 H   0.0538  0.1180   0.946  0.000  0.000
  183 H   0.0472  0.1055   0.953  0.000  0.000
  184 H   0.0462  0.1038   0.954  0.000  0.000
  185 H   0.0463  0.1030   0.954  0.000  0.000
  186 H   0.0454  0.1022   0.955  0.000  0.000
  187 H   0.0446  0.1021   0.955  0.000  0.000
  188 H   0.0402  0.0967   0.960  0.000  0.000
  189 H   0.0328  0.0894   0.967  0.000  0.000
  190 H   0.0468  0.1051   0.953  0.000  0.000
 Hirshfeld charges for QMDFF written to <charges>
 
 Loewdin charges    n(s)   n(p)   n(d)
    1 C   0.0112   1.102  2.887  0.000
    2 C  -0.0277   1.133  2.895  0.000
    3 C   0.1268   1.141  2.732  0.000
    4 O  -0.1991   1.591  4.609  0.000
    5 C  -0.0193   1.146  2.873  0.000
    6 C  -0.0118   1.098  2.914  0.000
    7 C  -0.0090   1.170  2.839  0.000
    8 C  -0.0098   1.169  2.841  0.000
    9 C  -0.0251   1.100  2.925  0.000
   10 C  -0.0030   1.133  2.870  0.000
   11 C   0.0299   1.153  2.817  0.000
   12 C  -0.0030   1.074  2.929  0.000
   13 C   0.0929   1.137  2.770  0.000
   14 N  -0.1975   1.604  3.594  0.000
   15 C   0.0940   1.138  2.768  0.000
   16 N  -0.1991   1.604  3.595  0.000
   17 C  -0.0214   1.173  2.848  0.000
   18 C  -0.0106   1.144  2.866  0.000
   19 C  -0.0383   1.115  2.923  0.000
   20 C  -0.0397   1.115  2.925  0.000
   21 C  -0.0113   1.144  2.867  0.000
   22 C  -0.0602   1.102  2.959  0.000
   23 C  -0.0236   1.174  2.850  0.000
   24 C   0.0202   1.115  2.865  0.000
   25 C  -0.0565   1.106  2.950  0.000
   26 C  -0.0115   1.128  2.883  0.000
   27 C  -0.0355   1.123  2.913  0.000
   28 C   0.0646   1.126  2.810  0.000
   29 O  -0.1244   1.421  4.704  0.000
   30 C   0.0336   1.078  2.888  0.000
   31 C  -0.0940   1.021  3.073  0.000
   32 C  -0.0726   1.079  2.993  0.000
   33 C  -0.0266   1.079  2.948  0.000
   34 C  -0.0702   1.079  2.991  0.000
   35 C   0.0685   1.125  2.807  0.000
   36 O  -0.1210   1.412  4.709  0.000
   37 C   0.0394   1.079  2.882  0.000
   38 C  -0.0824   1.015  3.068  0.000
   39 C  -0.0094   1.152  2.857  0.000
   40 S   0.0897   1.879  3.913  0.118
   41 C  -0.0203   1.132  2.888  0.000
   42 C   0.0196   1.143  2.838  0.000
   43 N  -0.0866   1.188  3.898  0.000
   44 C   0.0394   1.134  2.826  0.000
   45 C  -0.0489   1.086  2.963  0.000
   46 C  -0.0498   1.081  2.969  0.000
   47 C   0.0153   1.117  2.868  0.000
   48 S  -0.0729   1.878  4.113  0.081
   49 C  -0.0539   0.995  3.059  0.000
   50 C  -0.0365   1.080  2.957  0.000
   51 C  -0.0370   1.084  2.953  0.000
   52 C   0.0374   1.138  2.825  0.000
   53 C  -0.0411   1.086  2.955  0.000
   54 C  -0.0365   1.081  2.955  0.000
   55 C   0.0205   1.115  2.864  0.000
   56 S  -0.0789   1.879  4.118  0.081
   57 C  -0.0585   1.000  3.059  0.000
   58 C  -0.0417   1.081  2.961  0.000
   59 C  -0.0416   1.086  2.956  0.000
   60 C  -0.0356   1.132  2.904  0.000
   61 S   0.0908   1.877  3.924  0.108
   62 C  -0.0297   1.126  2.904  0.000
   63 C   0.0210   1.142  2.837  0.000
   64 N  -0.0737   1.183  3.890  0.000
   65 C   0.0393   1.135  2.826  0.000
   66 C  -0.0358   1.086  2.950  0.000
   67 C  -0.0484   1.080  2.969  0.000
   68 C   0.0203   1.117  2.862  0.000
   69 S  -0.0678   1.878  4.109  0.081
   70 C  -0.0499   0.994  3.056  0.000
   71 C  -0.0393   1.080  2.959  0.000
   72 C  -0.0382   1.087  2.951  0.000
   73 C   0.0440   1.138  2.818  0.000
   74 C  -0.0479   1.087  2.961  0.000
   75 C  -0.0372   1.085  2.952  0.000
   76 C   0.0104   1.118  2.872  0.000
   77 S  -0.0825   1.882  4.119  0.082
   78 C  -0.0608   1.001  3.060  0.000
   79 C  -0.0324   1.085  2.948  0.000
   80 C  -0.0427   1.087  2.956  0.000
   81 C  -0.0344   1.121  2.913  0.000
   82 S   0.0755   1.880  3.940  0.104
   83 C   0.0338   1.135  2.831  0.000
   84 C  -0.0142   1.145  2.869  0.000
   85 C   0.1759   1.145  2.679  0.000
   86 O  -0.2412   1.596  4.645  0.000
   87 N  -0.0863   1.240  3.846  0.000
   88 C   0.0307   1.088  2.881  0.000
   89 C  -0.0841   1.019  3.065  0.000
   90 C   0.1871   1.144  2.669  0.000
   91 O  -0.2456   1.597  4.649  0.000
   92 C  -0.0085   1.150  2.858  0.000
   93 C   0.0416   1.121  2.837  0.000
   94 C   0.0211   1.181  2.798  0.000
   95 C   0.0201   1.183  2.796  0.000
   96 N  -0.1748   1.495  3.680  0.000
   97 S   0.2185   1.899  3.658  0.225
   98 N  -0.1438   1.490  3.654  0.000
   99 C   0.0116   1.106  2.883  0.000
  100 C   0.0037   1.141  2.856  0.000
  101 C   0.1389   1.144  2.717  0.000
  102 O  -0.2138   1.596  4.618  0.000
  103 C  -0.0168   1.147  2.870  0.000
  104 C  -0.0134   1.099  2.914  0.000
  105 C  -0.0070   1.169  2.838  0.000
  106 C  -0.0040   1.167  2.837  0.000
  107 C  -0.0217   1.100  2.922  0.000
  108 C   0.0038   1.132  2.864  0.000
  109 C   0.0338   1.152  2.814  0.000
  110 C   0.0108   1.075  2.914  0.000
  111 C   0.0955   1.137  2.767  0.000
  112 N  -0.1939   1.604  3.590  0.000
  113 C   0.0949   1.137  2.768  0.000
  114 N  -0.1907   1.603  3.587  0.000
  115 C  -0.0218   1.172  2.850  0.000
  116 C  -0.0106   1.146  2.865  0.000
  117 C  -0.0420   1.114  2.928  0.000
  118 C  -0.0478   1.115  2.933  0.000
  119 C  -0.0125   1.146  2.866  0.000
  120 C  -0.0521   1.106  2.946  0.000
  121 C  -0.0252   1.174  2.851  0.000
  122 H   0.0539   0.946  0.000  0.000
  123 H   0.0410   0.959  0.000  0.000
  124 H   0.0431   0.957  0.000  0.000
  125 H   0.0396   0.960  0.000  0.000
  126 H   0.0382   0.962  0.000  0.000
  127 H   0.0388   0.961  0.000  0.000
  128 H   0.0385   0.962  0.000  0.000
  129 H   0.0373   0.963  0.000  0.000
  130 H   0.0320   0.968  0.000  0.000
  131 H   0.0338   0.966  0.000  0.000
  132 H   0.0393   0.961  0.000  0.000
  133 H   0.0471   0.953  0.000  0.000
  134 H   0.0379   0.962  0.000  0.000
  135 H   0.0368   0.963  0.000  0.000
  136 H   0.0319   0.968  0.000  0.000
  137 H   0.0398   0.960  0.000  0.000
  138 H   0.0315   0.969  0.000  0.000
  139 H   0.0360   0.964  0.000  0.000
  140 H   0.0400   0.960  0.000  0.000
  141 H   0.0356   0.964  0.000  0.000
  142 H   0.0376   0.962  0.000  0.000
  143 H   0.0327   0.967  0.000  0.000
  144 H   0.0371   0.963  0.000  0.000
  145 H   0.0308   0.969  0.000  0.000
  146 H   0.0310   0.969  0.000  0.000
  147 H   0.0313   0.969  0.000  0.000
  148 H   0.0374   0.963  0.000  0.000
  149 H   0.0458   0.954  0.000  0.000
  150 H   0.0533   0.947  0.000  0.000
  151 H   0.0463   0.954  0.000  0.000
  152 H   0.0363   0.964  0.000  0.000
  153 H   0.0334   0.967  0.000  0.000
  154 H   0.0323   0.968  0.000  0.000
  155 H   0.0352   0.965  0.000  0.000
  156 H   0.0428   0.957  0.000  0.000
  157 H   0.0541   0.946  0.000  0.000
  158 H   0.0501   0.950  0.000  0.000
  159 H   0.0387   0.961  0.000  0.000
  160 H   0.0317   0.968  0.000  0.000
  161 H   0.0326   0.967  0.000  0.000
  162 H   0.0380   0.962  0.000  0.000
  163 H   0.0458   0.954  0.000  0.000
  164 H   0.0542   0.946  0.000  0.000
  165 H   0.0459   0.954  0.000  0.000
  166 H   0.0368   0.963  0.000  0.000
  167 H   0.0344   0.966  0.000  0.000
  168 H   0.0330   0.967  0.000  0.000
  169 H   0.0435   0.956  0.000  0.000
  170 H   0.0437   0.956  0.000  0.000
  171 H   0.0492   0.951  0.000  0.000
  172 H   0.0533   0.947  0.000  0.000
  173 H   0.0376   0.962  0.000  0.000
  174 H   0.0339   0.966  0.000  0.000
  175 H   0.0444   0.956  0.000  0.000
  176 H   0.0416   0.958  0.000  0.000
  177 H   0.0405   0.959  0.000  0.000
  178 H   0.0303   0.970  0.000  0.000
  179 H   0.0354   0.965  0.000  0.000
  180 H   0.0568   0.943  0.000  0.000
  181 H   0.0405   0.959  0.000  0.000
  182 H   0.0435   0.956  0.000  0.000
  183 H   0.0392   0.961  0.000  0.000
  184 H   0.0383   0.962  0.000  0.000
  185 H   0.0380   0.962  0.000  0.000
  186 H   0.0380   0.962  0.000  0.000
  187 H   0.0369   0.963  0.000  0.000
  188 H   0.0360   0.964  0.000  0.000
  189 H   0.0293   0.971  0.000  0.000
  190 H   0.0389   0.961  0.000  0.000
 
 Wiberg/Mayer (AO) data. WBOs > 0.1 written file <wbo>
 largest (>0.05) Wiberg bond orders for each atom
           total WBO             WBO to atom ...
     1  C   3.935    C    2 1.527    C   24 1.231    H  122 0.918    O    4 0.051
     2  C   3.937    C    1 1.527    C   11 1.088    C    3 1.018    C   25 0.076    O    4 0.061
     3  C   3.909    O    4 1.752    C    2 1.018    C    5 0.994
     4  O   2.184    C    3 1.752    S   40 0.063    C    2 0.061    C    5 0.055    C    1 0.051
     5  C   3.934    C    6 1.355    C   10 1.285    C    3 0.994    C    8 0.090    O    4 0.055
     6  C   3.959    C    7 1.424    C    5 1.355    H  123 0.941    C    9 0.083
     7  C   3.917    C    6 1.424    C    8 1.309    C   23 0.947    C   10 0.090
     8  C   3.928    C    9 1.431    C    7 1.309    C   17 0.949    C    5 0.090
     9  C   3.955    C    8 1.431    C   10 1.344    H  124 0.934    C    6 0.083
    10  C   3.944    C    9 1.344    C    5 1.285    C   11 1.050    C    7 0.090
    11  C   3.933    C   12 1.474    C    2 1.088    C   10 1.050    N   16 0.092    N   14 0.092
    12  C   3.936    C   11 1.474    C   15 1.061    C   13 1.059    N   16 0.079    N   14 0.079
    13  C   3.940    N   14 2.788    C   12 1.059
    14  N   3.048    C   13 2.788    C   11 0.092    C   12 0.079
    15  C   3.940    N   16 2.781    C   12 1.061
    16  N   3.047    C   15 2.781    C   11 0.092    C   12 0.079
    17  C   3.930    C   23 0.949    C    8 0.949    H  125 0.941    C   18 0.929
    18  C   3.950    C   19 0.985    C   22 0.974    H  126 0.946    C   17 0.929
    19  C   3.959    C   20 1.935    C   18 0.985    H  127 0.937
    20  C   3.959    C   19 1.935    C   21 0.985    H  128 0.937
    21  C   3.949    C   20 0.985    C   22 0.974    H  129 0.946    C   23 0.928
    22  C   3.967    C   18 0.974    C   21 0.974    H  131 0.962    H  130 0.960
    23  C   3.927    C   17 0.949    C    7 0.947    H  132 0.941    C   21 0.928
    24  C   3.938    C   25 1.432    C    1 1.231    S   40 1.091    C   39 0.082
    25  C   3.935    C   24 1.432    C   26 1.290    H  133 0.935    S   40 0.081    C    2 0.076
    26  C   3.939    C   39 1.441    C   25 1.290    C   27 1.002    S   40 0.061
    27  C   3.947    C   28 1.331    C   35 1.316    C   26 1.002    C   33 0.096
    28  C   3.934    C   32 1.359    C   27 1.331    O   29 1.046    C   34 0.092
    29  O   2.239    C   28 1.046    C   30 0.977    C   32 0.052
    30  C   3.938    C   31 1.001    O   29 0.977    H  134 0.971    H  135 0.965
    31  C   3.984    C   30 1.001    H  138 0.982    H  136 0.982    H  137 0.978
    32  C   3.967    C   33 1.434    C   28 1.359    H  139 0.941    C   35 0.093    O   29 0.052
    33  C   3.970    C   32 1.434    C   34 1.429    H  140 0.941    C   27 0.096
    34  C   3.967    C   33 1.429    C   35 1.365    H  141 0.941    C   28 0.092    O   36 0.054
    35  C   3.934    C   34 1.365    C   27 1.316    O   36 1.055    C   32 0.093
    36  O   2.242    C   35 1.055    C   37 0.971    C   34 0.054
    37  C   3.939    C   38 1.014    O   36 0.971    H  143 0.968    H  142 0.962
    38  C   3.985    C   37 1.014    H  146 0.985    H  145 0.985    H  144 0.980
    39  C   3.903    C   26 1.441    S   40 1.125    C   41 1.025    C   24 0.082
    40  S   2.601    C   39 1.125    C   24 1.091    C   25 0.081    O    4 0.063    C   26 0.061
    41  C   3.897    C   42 1.519    S   82 1.087    C   39 1.025    C   81 0.074
    42  C   3.917    C   41 1.519    C   60 1.178    N   43 0.990    S   82 0.073
    43  N   3.314    C   44 0.995    C   42 0.990    C   52 0.988
    44  C   3.933    C   45 1.374    C   51 1.356    N   43 0.995    C   47 0.095
    45  C   3.970    C   46 1.441    C   44 1.374    H  147 0.943    C   50 0.103
    46  C   3.973    C   45 1.441    C   47 1.382    H  148 0.942    C   51 0.100
    47  C   3.952    C   46 1.382    C   50 1.361    S   48 1.029    C   44 0.095
    48  S   2.208    C   47 1.029    C   49 0.998
    49  C   3.982    S   48 0.998    H  149 0.989    H  151 0.987    H  150 0.980
    50  C   3.972    C   51 1.465    C   47 1.361    H  152 0.944    C   45 0.103
    51  C   3.970    C   50 1.465    C   44 1.356    H  153 0.945    C   46 0.100
    52  C   3.932    C   59 1.369    C   53 1.360    N   43 0.988    C   55 0.095
    53  C   3.968    C   54 1.460    C   52 1.360    H  154 0.944    C   58 0.100
    54  C   3.971    C   53 1.460    C   55 1.365    H  155 0.944    C   59 0.102
    55  C   3.952    C   58 1.375    C   54 1.365    S   56 1.034    C   52 0.095
    56  S   2.198    C   55 1.034    C   57 0.994
    57  C   3.981    S   56 0.994    H  156 0.990    H  158 0.981    H  157 0.981
    58  C   3.973    C   59 1.449    C   55 1.375    H  159 0.943    C   53 0.100
    59  C   3.970    C   58 1.449    C   52 1.369    H  160 0.944    C   54 0.102
    60  C   3.917    C   81 1.386    C   42 1.178    S   61 1.100    C   62 0.066    S   82 0.055
    61  S   2.514    C   60 1.100    C   62 1.089    C   63 0.073    C   81 0.053
    62  C   3.915    C   63 1.434    C   83 1.093    S   61 1.089    C   60 0.066
    63  C   3.913    C   62 1.434    C   81 1.210    N   64 1.016    S   61 0.073
    64  N   3.345    C   63 1.016    C   73 1.000    C   65 0.979
    65  C   3.930    C   66 1.378    C   72 1.360    N   64 0.979    C   68 0.095
    66  C   3.968    C   67 1.442    C   65 1.378    H  161 0.945    C   71 0.103
    67  C   3.972    C   66 1.442    C   68 1.378    H  162 0.943    C   72 0.100
    68  C   3.951    C   67 1.378    C   71 1.359    S   69 1.038    C   65 0.095
    69  S   2.212    C   68 1.038    C   70 0.999
    70  C   3.983    S   69 0.999    H  165 0.989    H  163 0.989    H  164 0.980
    71  C   3.972    C   72 1.463    C   68 1.359    H  166 0.943    C   66 0.103
    72  C   3.968    C   71 1.463    C   65 1.360    H  167 0.943    C   67 0.100
    73  C   3.928    C   74 1.361    C   80 1.360    N   64 1.000    C   76 0.096
    74  C   3.970    C   75 1.455    C   73 1.361    H  168 0.944    C   79 0.101
    75  C   3.971    C   74 1.455    C   76 1.373    H  169 0.939    C   80 0.100
    76  C   3.952    C   75 1.373    C   79 1.373    S   77 1.022    C   73 0.096
    77  S   2.196    C   76 1.022    C   78 0.989
    78  C   3.978    S   77 0.989    H  170 0.988    H  171 0.985    H  172 0.978
    79  C   3.971    C   80 1.455    C   76 1.373    H  173 0.943    C   74 0.101
    80  C   3.968    C   79 1.455    C   73 1.360    H  174 0.942    C   75 0.100
    81  C   3.931    C   60 1.386    C   63 1.210    S   82 1.090    C   41 0.074    S   61 0.053
    82  S   2.500    C   81 1.090    C   41 1.087    C   42 0.073    C   60 0.055
    83  C   3.931    C   84 1.390    C   95 1.145    C   62 1.093    C   93 0.068
    84  C   3.933    C   83 1.390    C   92 1.224    C   85 0.981    O   86 0.060
    85  C   3.912    O   86 1.781    N   87 1.047    C   84 0.981
    86  O   2.149    C   85 1.781    N   87 0.145    C   84 0.060
    87  N   3.462    C   85 1.047    C   90 1.042    C   88 0.947    O   91 0.147    O   86 0.145
    88  C   3.937    C   89 1.006    H  175 0.969    H  176 0.968    N   87 0.947
    89  C   3.983    C   88 1.006    H  178 0.985    H  179 0.982    H  177 0.975
    90  C   3.909    O   91 1.790    N   87 1.042    C   92 0.970
    91  O   2.146    C   90 1.790    N   87 0.147    C   92 0.059
    92  C   3.928    C   93 1.390    C   84 1.224    C   90 0.970    O   91 0.059
    93  C   3.935    C   92 1.390    C   94 1.147    C   99 1.118    C   83 0.068
    94  C   3.920    N   98 1.409    C   93 1.147    C   95 1.119    S   97 0.066
    95  C   3.922    N   96 1.407    C   83 1.145    C   94 1.119    S   97 0.074
    96  N   3.073    C   95 1.407    S   97 1.321    N   98 0.214
    97  S   2.899    N   98 1.325    N   96 1.321    C   95 0.074    C   94 0.066
    98  N   3.088    C   94 1.409    S   97 1.325    N   96 0.214
    99  C   3.927    C  100 1.621    C   93 1.118    H  180 0.920    O  102 0.052
   100  C   3.921    C   99 1.621    C  109 1.067    C  101 0.973    O  102 0.063
   101  C   3.904    O  102 1.781    C  103 0.998    C  100 0.973
   102  O   2.161    C  101 1.781    C  100 0.063    C  103 0.059    C   99 0.052
   103  C   3.936    C  104 1.349    C  108 1.281    C  101 0.998    C  106 0.088    O  102 0.059
   104  C   3.962    C  105 1.428    C  103 1.349    H  181 0.941    C  107 0.084
   105  C   3.918    C  104 1.428    C  106 1.306    C  121 0.950    C  108 0.088
   106  C   3.929    C  107 1.433    C  105 1.306    C  115 0.954    C  103 0.088
   107  C   3.956    C  106 1.433    C  108 1.342    H  182 0.934    C  104 0.084
   108  C   3.949    C  107 1.342    C  103 1.281    C  109 1.056    C  105 0.088
   109  C   3.934    C  110 1.492    C  100 1.067    C  108 1.056    N  112 0.095    N  114 0.094
   110  C   3.944    C  109 1.492    C  111 1.056    C  113 1.055    N  114 0.077    N  112 0.077
   111  C   3.940    N  112 2.793    C  110 1.056
   112  N   3.052    C  111 2.793    C  109 0.095    C  110 0.077
   113  C   3.940    N  114 2.790    C  110 1.055
   114  N   3.050    C  113 2.790    C  109 0.094    C  110 0.077
   115  C   3.931    C  106 0.954    C  121 0.949    H  183 0.941    C  116 0.925
   116  C   3.948    C  117 0.991    C  120 0.969    H  184 0.947    C  115 0.925
   117  C   3.964    C  118 1.937    C  116 0.991    H  185 0.937
   118  C   3.964    C  117 1.937    C  119 0.991    H  186 0.935
   119  C   3.948    C  118 0.991    C  120 0.969    H  187 0.947    C  121 0.925
   120  C   3.962    C  116 0.969    C  119 0.969    H  189 0.964    H  188 0.958
   121  C   3.928    C  105 0.950    C  115 0.949    H  190 0.941    C  119 0.925
   122  H   0.992    C    1 0.918
   123  H   0.996    C    6 0.941
   124  H   0.995    C    9 0.934
   125  H   0.996    C   17 0.941
   126  H   0.997    C   18 0.946
   127  H   0.997    C   19 0.937
   128  H   0.997    C   20 0.937
   129  H   0.997    C   21 0.946
   130  H   0.999    C   22 0.960
   131  H   0.998    C   22 0.962
   132  H   0.995    C   23 0.941
   133  H   0.994    C   25 0.935
   134  H   0.998    C   30 0.971
   135  H   0.998    C   30 0.965
   136  H   0.999    C   31 0.982
   137  H   0.998    C   31 0.978
   138  H   0.999    C   31 0.982
   139  H   0.996    C   32 0.941
   140  H   0.995    C   33 0.941
   141  H   0.996    C   34 0.941
   142  H   0.998    C   37 0.962
   143  H   0.998    C   37 0.968
   144  H   0.998    C   38 0.980
   145  H   0.999    C   38 0.985
   146  H   0.999    C   38 0.985
   147  H   0.998    C   45 0.943
   148  H   0.997    C   46 0.942
   149  H   0.998    C   49 0.989
   150  H   0.996    C   49 0.980
   151  H   0.997    C   49 0.987
   152  H   0.997    C   50 0.944
   153  H   0.997    C   51 0.945
   154  H   0.998    C   53 0.944
   155  H   0.997    C   54 0.944
   156  H   0.998    C   57 0.990
   157  H   0.997    C   57 0.981
   158  H   0.996    C   57 0.981
   159  H   0.997    C   58 0.943
   160  H   0.998    C   59 0.944
   161  H   0.998    C   66 0.945
   162  H   0.997    C   67 0.943
   163  H   0.998    C   70 0.989
   164  H   0.996    C   70 0.980
   165  H   0.997    C   70 0.989
   166  H   0.997    C   71 0.943
   167  H   0.997    C   72 0.943
   168  H   0.998    C   74 0.944
   169  H   0.996    C   75 0.939
   170  H   0.997    C   78 0.988
   171  H   0.997    C   78 0.985
   172  H   0.996    C   78 0.978
   173  H   0.997    C   79 0.943
   174  H   0.998    C   80 0.942
   175  H   0.996    C   88 0.969
   176  H   0.997    C   88 0.968
   177  H   0.997    C   89 0.975
   178  H   0.999    C   89 0.985
   179  H   0.999    C   89 0.982
   180  H   0.990    C   99 0.920
   181  H   0.996    C  104 0.941
   182  H   0.995    C  107 0.934
   183  H   0.996    C  115 0.941
   184  H   0.997    C  116 0.947
   185  H   0.998    C  117 0.937
   186  H   0.998    C  118 0.935
   187  H   0.997    C  119 0.947
   188  H   0.996    C  120 0.958
   189  H   0.999    C  120 0.964
   190  H   0.995    C  121 0.941
 
 --------------------------------------------
          xTB calculation for sTDA...
 --------------------------------------------
 
 reading parameter file /ihome/ghutchison/blp62/xtb4stda/.param_stda2.xtb
 
      method parameters     
 k(s)        :  1.6000
 k(p)        :  2.1800
 k(d)        :  1.9500
 k(f)        :  2.0000
 k(R-V)      :  2.2750
 k(R-R)      :  1.7650
 Tscal       :  0.2580
 Gscal       :  1.0000
 fpol        :  1.0000
 Zcnf        :  0.3430
 Zqf         :  0.0000
 kcn         :  2.7000
 Ryd Hsplit  :  0.7000
 lshift(virt):  3.1000
 lshift(OS)  :  0.2000
 wllscaling  :  2.6000
 
 mowrcut     : 3.000
 
  Z AO/shell   Hii/eV     exponent
  1     Sun Feb 14 09:53:25 CET 2016    EN: 2.327 GAM: 0.473  GM3: 0.0000
     1s    -14.339618    1.220000
     2sp    -3.348946    0.600000
  6     Sun Feb 14 09:53:25 CET 2016    EN: 2.731 GAM: 0.422  GM3: 0.0000
     2s    -22.009312    1.565095
     2p    -13.020408    1.596905
     3sp    -3.914040    0.824500
  7     Sun Feb 14 09:53:25 CET 2016    EN: 3.573 GAM: 0.504  GM3: 0.0000
     2s    -25.722000    2.064844
     2p    -18.684912    1.801692
     3sp    -4.344791    0.921400
  8     Sun Feb 14 09:53:25 CET 2016    EN: 3.700 GAM: 0.587  GM3: 0.0000
     2s    -33.859000    2.418661
     2p    -22.175911    1.973969
     3sp    -4.259392    1.013700
 16     Sun Feb 21 16:35:57 CET 2016    EN: 1.915 GAM: 0.200  GM3: 0.0000
     3s    -17.898811    2.619580
     3p    -15.317401    1.798798
     4sp    -4.455139    0.843200
 
 Nbf   :         1313
 T(el) :     0.0
 calculating S/T integrals ...
 cpu time for ints    3.14671400000000     
 Nao   :         1313
 making H0...
 making H1...
 cpu time for H      7.442299999999946E-002
 solving ...
 cpu time for diag    1.07682000000000     
 
 gap (eV)           :   3.883
 Koopmans IP (eV)   :  12.884
 Eel (Eh)           :  -506.444149

          eigenvalues
 #    :         283        284        285        286        287        288        289        290
 occ. :        2.000      2.000      2.000      2.000      2.000      2.000      2.000      2.000
 eps  :       -15.657    -15.623    -15.366    -15.039    -14.850    -14.730    -14.549    -14.506
 #    :         291        292        293        294        295        296        297        298
 occ. :        2.000      2.000      2.000      2.000      2.000      0.000      0.000      0.000
 eps  :       -14.376    -14.262    -14.013    -13.080    -12.885     -9.002     -8.732     -8.622
 #    :         299        300        301        302        303        304        305        306
 occ. :        0.000      0.000      0.000      0.000      0.000      0.000      0.000      0.000
 eps  :        -8.315     -7.753     -7.144     -6.359     -6.169     -6.036     -5.825     -5.773
                            1  SCC done.
 writing mo output ...
 molden style : F
 
speedup  2.93
cpu  time for all    9.48 s
wall time for all    3.23 s
