 
        ______________________________________
       |                                      |
       |          ===================         |
       |             xTB for sTDA             |
       |          ===================         |
       |               S. Grimme              |
       |        Universitaet Bonn, MCTC       |
       |         2015-19, Version 1.0         |
       |     Wed Apr  3 09:14:55 CEST 2019    |
       |______________________________________|
 
        This code comes without any warranty
        for non-commercial, academia use only.
        Preliminary test version.
        Cite this work as:
        S. Grimme  &  C. Bannwarth, JCP 145 (2016) 054103
        if GBSA is used additionally:
        P. Shushkov, F. März, C. Bannwarth, S. Grimme, unpublished.
 
        with help from
        P. Shushkov, G. Brandenburg, S. Dohm, J. Pisarek,
        F. März, M. Checinski, S. Ehrlich, S. Spicher, 
        P. Pracht, E. Caldeweyher, S. Ehlert, and C. Bannwarth.
 
        usage        :
        xtb4stda <coord_file> [options]
        where <coord_file> is a valid file of TM)
        (*coord, Bohr) or xmol (*xyz, Angstroem)
        format.

        options:
        -chrg <int>   : molecular charge
        -uhf  <int>   : # of unpaired electrons(=2*S)
        -nox          : skip second, extended part in sTDA-xTB
        -pop          : do population analysis
                      : (default for -nox)
        -mowr <real>  : cut MO write above (def.3 Eh)
        -molden       : write formatted molden file
        -parx <file>  : read parameters for sTDA-xTB
                        calc (def:~/.param_stda2.xtb)
        -parv <file>  : read parameters for vTB part in
                        sTDA-xTB (def: ~/.param_stda1.xtb)
        -xtemp <real> : el. temp for xTB (def. 0 K)
        -etemp <real> : el. temp for GFN (def. 300 K)
        -fod          : calculate the FOD and write
                        molden.input file with
                        appropriate occupations
                        for plotting. Def. T=12500 K
 
        -acc <real>   : xTB accuracy (def. 1.0)
        -gbsa [string1] [string2]
                        use GBSA implicit solvent
                        for solvent [string1] and
                        solvation state [string2]=
                        reference, bar1M (default=1M)
        additional GFN/opt/MD/siman options read from
        $XTB4STDAHOME/.xtb4stdarc or $set in input
 
       spin and charge state information can be on:
       <.CHRG> (charge) and <.UHF> (=nalpha-nbeta)
       -uhf and -chrg override the file info.
       useful machine settings:
       setenv MKL_NUM_THREADS <NCORE_ON_YOUR_MACHINE>
       setenv OMP_STACKSIZE 500m
       limit stacksize unlimited
 
       total energies in Eh, gaps/HL energies in eV
       please read REVISION and HOWTO files carefully
 =============================
  # OMP threads =           8
 =============================
 
 xtb4stdahome directory:/ihome/ghutchison/blp62/xtb4stda/
 
 
 name of molecule           :
 comment line               :
 number of atoms            :   185
 number of electrons        :   582
 charge                     :  0
 spin                       : 0.0
 first test random number   :  0.3536
 
 -----------------------------------------
      charge density (VTB) calculation
 -----------------------------------------
 
      method parameters     
 k(s)        :  1.8000
 k(p)        :  2.8350
 k(d)        :  2.0860
 k(f)        :  2.0000
 Tscal       :  0.3300
 Gscal       :  0.3910
 fpol        :  1.0000
 Zcnf        :  0.6500
 Zqf         :  0.0000
 kcn         :  0.3000
 kEN1        : -0.5900
 wllscal     :  2.6000
 
     -------------------------
     ! NO SOLVENT MODEL USED !
     -------------------------
 
 doing EN charges ...
 sum q : -0.4440892D-14
 point charge moment (au)
     X       Y       Z   
  -1.3193   0.1392   0.1405  total (Debye):    3.391
 
            Z      q(EN)   CN      Cart. coordinates
     1  C   4.0  -0.075   3.233     1.09472    -6.48516   -12.56762
     2  C   4.0  -0.003   3.310    -0.69221    -5.67730   -14.28123
     3  C   4.0   0.098   3.257    -3.27622    -4.90384   -13.59998
     4  O   6.0  -0.103   1.067    -4.21636    -4.90837   -11.49917
     5  C   4.0  -0.007   3.375    -4.57805    -4.38870   -16.01410
     6  C   4.0  -0.057   3.150    -7.05454    -3.56610   -16.34273
     7  C   4.0   0.002   3.501    -7.72803    -3.19798   -18.82451
     8  C   4.0   0.002   3.503    -6.07566    -3.65322   -20.84046
     9  C   4.0  -0.059   3.156    -3.63564    -4.49358   -20.54397
    10  C   4.0  -0.008   3.371    -2.90451    -4.84809   -18.03177
    11  C   4.0  -0.008   3.339    -0.47621    -5.64499   -16.98826
    12  C   4.0  -0.038   3.128     1.72759    -5.94886   -18.32789
    13  C   4.0   0.235   2.161     1.95473    -5.62893   -20.95555
    14  N   5.0  -0.214   1.028     2.30169    -5.32147   -23.07828
    15  C   4.0   0.235   2.164     4.10108    -6.41789   -17.21673
    16  N   5.0  -0.214   1.028     6.11062    -6.71155   -16.44836
    17  C   4.0  -0.105   4.490    -8.01206    -2.90734   -22.79690
    18  C   4.0  -0.102   4.332    -7.70290    -0.27288   -24.00802
    19  C   4.0  -0.062   3.280   -10.28257     0.28667   -25.09858
    20  C   4.0  -0.062   3.280   -11.83876     0.73510   -23.18429
    21  C   4.0  -0.102   4.332   -10.33680     0.48245   -20.76714
    22  C   4.0  -0.171   4.324    -7.76073     1.44847   -21.67799
    23  C   4.0  -0.105   4.487    -9.85057    -2.38502   -20.54623
    24  C   4.0  -0.074   3.226     1.27594    -5.72700   -10.04144
    25  C   4.0   0.085   3.466     0.40440    -3.55231    -8.78420
    26  N   5.0  -0.320   3.254    -0.92181    -1.52936    -9.71943
    27  C   4.0   0.093   3.283    -0.76987    -0.59961   -12.16851
    28  C   4.0  -0.068   3.208    -2.84725     0.66348   -13.20843
    29  C   4.0  -0.086   3.269    -2.77714     1.51745   -15.65940
    30  C   4.0  -0.087   3.157    -0.64062     1.13289   -17.15871
    31  S   6.0   0.195   2.264    -0.84093     2.15844   -20.31682
    32  C   4.0  -0.323   3.989     2.24802     1.49080   -21.64152
    33  C   4.0  -0.082   3.228     1.46662    -0.02211   -16.10349
    34  C   4.0  -0.069   3.211     1.40123    -0.87532   -13.63664
    35  C   4.0   0.071   3.364    -2.48253    -0.28214    -7.93175
    36  C   4.0  -0.069   3.211    -4.33938    -1.65956    -6.67413
    37  C   4.0  -0.086   3.256    -5.64008    -0.58090    -4.69408
    38  C   4.0  -0.085   3.164    -5.06371     1.86497    -3.92515
    39  S   6.0   0.188   2.250    -6.52957     3.01827    -1.14480
    40  C   4.0  -0.323   3.991    -3.96351     4.81578     0.26626
    41  C   4.0  -0.084   3.235    -3.35464     3.30456    -5.30030
    42  C   4.0  -0.069   3.206    -2.07322     2.23800    -7.31097
    43  C   4.0  -0.104   3.497     1.18958    -3.58273    -6.22589
    44  S   6.0   0.241   2.686     0.96962    -1.38630    -3.82121
    45  C   4.0  -0.079   3.299     2.79453    -3.30797    -1.85325
    46  C   4.0   0.084   3.457     3.46066    -5.57885    -2.94873
    47  N   5.0  -0.304   3.231     4.74151    -7.52130    -1.78504
    48  C   4.0   0.075   3.306     5.66426    -7.12767     0.71810
    49  C   4.0  -0.066   3.201     4.00187    -7.25315     2.75635
    50  C   4.0  -0.085   3.271     4.83902    -6.70891     5.15971
    51  C   4.0  -0.086   3.162     7.36426    -6.07339     5.56751
    52  S   6.0   0.197   2.275     8.20236    -5.30748     8.70068
    53  C   4.0  -0.322   3.989    11.38465    -4.04893     8.41419
    54  C   4.0  -0.082   3.227     9.04706    -6.06904     3.55439
    55  C   4.0  -0.067   3.194     8.19064    -6.58721     1.13667
    56  C   4.0   0.081   3.291     4.25869   -10.05542    -2.44417
    57  C   4.0  -0.069   3.197     6.17733   -11.82855    -2.16071
    58  C   4.0  -0.082   3.219     5.78029   -14.33697    -2.76240
    59  C   4.0  -0.086   3.154     3.44251   -15.11611    -3.66153
    60  S   6.0   0.187   2.248     2.70476   -18.25740    -4.50889
    61  C   4.0  -0.323   3.987     5.60833   -19.98385    -3.91249
    62  C   4.0  -0.086   3.266     1.50233   -13.35450    -3.90682
    63  C   4.0  -0.071   3.212     1.89483   -10.85723    -3.28907
    64  C   4.0  -0.105   3.472     2.60253    -5.66237    -5.49910
    65  S   6.0   0.221   2.581     3.09839    -7.68022    -8.01565
    66  C   4.0  -0.006   3.358     3.28019    -2.26710     0.64855
    67  C   4.0   0.027   3.225     5.60474    -1.39953     1.42731
    68  F   7.0  -0.027   1.079     7.60180    -1.52539    -0.13908
    69  C   4.0   0.026   3.220     5.96889    -0.38815     3.85240
    70  F   7.0  -0.027   1.078     8.33237     0.23754     4.54026
    71  C   4.0   0.004   3.293     4.00112    -0.08863     5.52121
    72  C   4.0   0.094   3.364     1.54882    -0.79520     4.71014
    73  N   5.0  -0.221   2.230    -0.46979    -0.30708     6.17449
    74  C   4.0   0.123   3.270    -2.70949    -1.02291     5.41558
    75  C   4.0  -0.171   4.073    -4.86378    -0.39835     7.14298
    76  C   4.0  -0.241   4.031    -5.18087    -2.48669     9.12020
    77  C   4.0   0.123   3.263    -3.02262    -2.37104     3.09726
    78  N   5.0  -0.227   2.247    -1.09056    -2.73859     1.60079
    79  C   4.0   0.092   3.378     1.20602    -1.92355     2.31397
    80  C   4.0  -0.170   4.074    -5.53085    -3.35143     2.22591
    81  C   4.0  -0.243   4.036    -5.25268    -5.36040     0.18066
    82  C   4.0   0.004   3.291     4.31519     0.94581     8.06913
    83  C   4.0   0.087   3.367     3.48295    -0.46393    10.18222
    84  N   5.0  -0.224   2.184     2.57532    -2.83383     9.85813
    85  C   4.0   0.052   3.223     1.86176    -4.07841    11.84121
    86  C   4.0   0.193   3.284     2.03089    -3.02659    14.32431
    87  O   6.0  -0.138   2.070     1.32886    -4.44860    16.26071
    88  C   4.0  -0.116   4.083     1.57717    -3.38166    18.73134
    89  C   4.0  -0.239   4.009    -0.50664    -1.48854    19.31451
    90  N   5.0  -0.215   2.212     2.88693    -0.72906    14.68015
    91  C   4.0   0.090   3.365     3.63583     0.59148    12.63565
    92  C   4.0   0.003   3.254     4.51191     3.09915    12.98884
    93  C   4.0   0.027   3.215     5.38931     4.38927    10.89956
    94  C   4.0   0.027   3.213     5.31051     3.31836     8.47901
    95  F   7.0  -0.026   1.075     6.13462     4.70428     6.52390
    96  F   7.0  -0.026   1.077     6.40523     6.69435    11.16469
    97  C   4.0  -0.065   3.176     4.43122     4.16817    15.51559
    98  C   4.0  -0.002   3.277     3.41568     6.43263    16.06928
    99  C   4.0   0.103   3.224     2.09967     8.11921    14.22019
   100  O   6.0  -0.107   1.058     1.33793     7.56023    12.13998
   101  C   4.0  -0.007   3.362     1.76727    10.54391    15.54054
   102  C   4.0  -0.057   3.148     0.79784    12.76945    14.52065
   103  C   4.0   0.002   3.507     0.72225    14.75328    16.19155
   104  C   4.0   0.003   3.505     1.54712    14.54503    18.70318
   105  C   4.0  -0.058   3.152     2.47856    12.35673    19.74329
   106  C   4.0  -0.007   3.359     2.56833    10.30657    18.07428
   107  C   4.0  -0.007   3.321     3.38337     7.71329    18.51251
   108  C   4.0  -0.037   3.120     3.88320     6.63218    20.80456
   109  C   4.0   0.237   2.157     4.42271     4.04609    21.18213
   110  N   5.0  -0.216   1.028     4.80501     1.96172    21.64757
   111  C   4.0   0.237   2.157     3.79627     7.93307    23.13270
   112  N   5.0  -0.216   1.026     3.76169     8.87831    25.08384
   113  C   4.0  -0.105   4.484     0.96055    17.27361    19.27691
   114  C   4.0  -0.102   4.327     3.19855    19.15842    19.36875
   115  C   4.0  -0.062   3.280     5.23246    18.08997    17.68009
   116  C   4.0  -0.062   3.280     4.44161    18.28556    15.30980
   117  C   4.0  -0.102   4.327     1.85741    19.49026    15.35270
   118  C   4.0  -0.169   4.322     2.14919    21.24865    17.64569
   119  C   4.0  -0.105   4.482     0.03288    17.50151    16.48521
   120  H   1.0   0.075   1.012     2.51560    -7.82290   -13.18689
   121  H   1.0   0.075   1.004    -8.27643    -3.25203   -14.74100
   122  H   1.0   0.077   1.006    -2.39164    -4.86586   -22.11225
   123  H   1.0   0.088   1.004    -8.51662    -4.36546   -24.15731
   124  H   1.0   0.087   1.004    -6.09796    -0.08957   -25.27433
   125  H   1.0   0.078   1.002   -10.72212     0.19974   -27.07883
   126  H   1.0   0.078   1.002   -13.83620     1.09510   -23.24590
   127  H   1.0   0.087   1.003   -11.13748     1.35191   -19.08718
   128  H   1.0   0.086   1.003    -7.80476     3.44176   -22.18368
   129  H   1.0   0.087   1.007    -6.21512     1.10832   -20.36747
   130  H   1.0   0.088   1.004   -11.58383    -3.48579   -20.41565
   131  H   1.0   0.077   1.007    -4.52797     0.92011   -12.08215
   132  H   1.0   0.076   1.008    -4.39305     2.46930   -16.45970
   133  H   1.0   0.080   1.011     2.57078    -0.53460   -21.71465
   134  H   1.0   0.079   1.016     2.19492     2.24537   -23.54844
   135  H   1.0   0.080   1.010     3.69971     2.45097   -20.55455
   136  H   1.0   0.076   1.008     3.17228    -0.29404   -17.18573
   137  H   1.0   0.077   1.007     3.06362    -1.75291   -12.84390
   138  H   1.0   0.077   1.007    -4.70958    -3.57555    -7.26241
   139  H   1.0   0.076   1.008    -7.06833    -1.63367    -3.69290
   140  H   1.0   0.080   1.009    -3.82481     6.67300    -0.59545
   141  H   1.0   0.080   1.012    -2.21533     3.76509     0.04006
   142  H   1.0   0.080   1.014    -4.41894     5.00891     2.25709
   143  H   1.0   0.076   1.007    -2.97726     5.24040    -4.78535
   144  H   1.0   0.076   1.006    -0.69825     3.32951    -8.35108
   145  H   1.0   0.076   1.006     2.04260    -7.71991     2.42584
   146  H   1.0   0.077   1.009     3.55420    -6.70702     6.74179
   147  H   1.0   0.079   1.015    11.86578    -3.34406    10.27973
   148  H   1.0   0.080   1.010    12.69216    -5.53765     7.87902
   149  H   1.0   0.080   1.011    11.39939    -2.50804     7.06039
   150  H   1.0   0.076   1.007    11.01616    -5.62779     3.82858
   151  H   1.0   0.076   1.006     9.48264    -6.50519    -0.43936
   152  H   1.0   0.076   1.006     7.99864   -11.23574    -1.45981
   153  H   1.0   0.076   1.007     7.31381   -15.65695    -2.52656
   154  H   1.0   0.079   1.010     7.11444   -19.25839    -5.10320
   155  H   1.0   0.079   1.010     6.10117   -19.86461    -1.92355
   156  H   1.0   0.079   1.015     5.20317   -21.93159    -4.41289
   157  H   1.0   0.076   1.008    -0.32371   -13.97528    -4.56936
   158  H   1.0   0.076   1.008     0.35224    -9.52932    -3.43118
   159  H   1.0   0.082   1.004    -6.60705    -0.15458     6.07207
   160  H   1.0   0.082   1.005    -4.41232     1.36438     8.11184
   161  H   1.0   0.082   1.000    -3.44459    -2.68606    10.20187
   162  H   1.0   0.081   0.999    -5.60001    -4.29157     8.23013
   163  H   1.0   0.081   0.999    -6.71344    -2.01861    10.40540
   164  H   1.0   0.082   1.004    -6.57681    -4.11280     3.83180
   165  H   1.0   0.080   1.006    -6.60951    -1.74800     1.48343
   166  H   1.0   0.082   0.999    -4.26436    -7.00106     0.92521
   167  H   1.0   0.081   0.999    -7.10178    -5.95547    -0.48849
   168  H   1.0   0.083   1.002    -4.16855    -4.61755    -1.39462
   169  H   1.0   0.076   1.004     1.14404    -5.97267    11.58156
   170  H   1.0   0.082   1.002     3.42192    -2.46458    18.89783
   171  H   1.0   0.082   1.000     1.47644    -5.00229    20.00332
   172  H   1.0   0.082   0.999    -0.26381    -0.79690    21.23088
   173  H   1.0   0.082   1.000    -0.39382     0.10072    18.01816
   174  H   1.0   0.081   0.999    -2.35309    -2.37293    19.14009
   175  H   1.0   0.076   1.009     5.17709     2.96252    16.98731
   176  H   1.0   0.075   1.004     0.19048    12.84825    12.57650
   177  H   1.0   0.076   1.006     3.10066    12.22180    21.67724
   178  H   1.0   0.088   1.004    -0.40421    17.60412    20.77886
   179  H   1.0   0.087   1.003     3.78115    19.69624    21.26282
   180  H   1.0   0.078   1.002     6.93888    17.23203    18.36757
   181  H   1.0   0.078   1.002     5.35416    17.62245    13.62209
   182  H   1.0   0.087   1.003     1.21736    20.32967    13.59110
   183  H   1.0   0.086   1.002     3.50261    22.76345    17.31858
   184  H   1.0   0.086   1.002     0.36698    22.03855    18.30578
   185  H   1.0   0.088   1.004    -1.94226    17.97281    16.16169
 
  Z AO/shell   Hii/eV     exponent
  1     Sat Feb 20 21:38:01 CET 2016    EN: 2.327 GAM: 0.473  GM3: 0.0000
     1s    -13.751157    1.051071
  6     Sat Feb 20 21:38:01 CET 2016    EN: 2.731 GAM: 0.422  GM3: 0.0000
     2s    -19.378245    2.021003
     2p    -11.993376    1.497917
  7     Sat Feb 20 21:38:01 CET 2016    EN: 3.573 GAM: 0.504  GM3: 0.0000
     2s    -21.576984    2.275442
     2p    -16.125120    2.056788
  8     Sat Feb 20 21:38:01 CET 2016    EN: 3.700 GAM: 0.587  GM3: 0.0000
     2s    -21.648843    2.110798
     2p    -17.239740    2.329048
  9     Sat Feb 20 21:51:24 CET 2016    EN: 3.394 GAM: 0.669  GM3: 0.0000
     2s    -19.384211    2.614957
     2p    -19.426034    2.777297
 16     Sat Feb 20 23:13:41 CET 2016    EN: 1.915 GAM: 0.389  GM3: 0.0000
     3s    -22.000000    2.671470
     3p    -15.834192    1.836978
     3d     -2.593599    1.836978
 
 dipole moment of classical point charges (au)
     X       Y       Z   
  -1.3193   0.1392   0.1405  total (Debye):    3.391

 
 Nbf   :          578
 T(el) :   300.0
 calculating S/T integrals ...
 cpu time for ints   0.657707000000000     
 Nao   :          572
 making H0...
 making H1...
 cpu time for H      0.207014000000000     
 solving ...
 cpu time for diag    1.84343700000000     
 
 gap (eV)           :   2.423
 Koopmans IP (eV)   :  12.438
 Eel (Eh)           :  -454.485399
 T,E(Fermi),NFOD :    300.000   -11.227  0.000000
 T,E(Fermi),NFOD :    300.000   -11.227  0.000000
 Nfod               :  0.0000
 Nfod/Nel           :  0.0000

          eigenvalues
 #    :         279        280        281        282        283        284        285        286
 occ. :        2.000      2.000      2.000      2.000      2.000      2.000      2.000      2.000
 eps  :       -14.785    -14.544    -14.466    -14.403    -14.321    -14.252    -14.092    -13.999
 #    :         287        288        289        290        291        292        293        294
 occ. :        2.000      2.000      2.000      2.000      2.000      0.000      0.000      0.000
 eps  :       -13.869    -13.694    -13.139    -12.776    -12.439    -10.016     -9.795     -9.708
 #    :         295        296        297        298        299        300        301        302
 occ. :        0.000      0.000      0.000      0.000      0.000      0.000      0.000      0.000
 eps  :        -9.623     -9.427     -9.075     -9.024     -8.351     -7.731     -7.620     -7.498
                            1  SCC done.
 making H1...
 cpu time for H       1.91333600000000     
 solving ...
 cpu time for diag    1.40541800000000     
 
 gap (eV)           :   2.503
 Koopmans IP (eV)   :  12.378
 Eel (Eh)           :  -452.280157
 T,E(Fermi),NFOD :    300.000   -11.126  0.000000
 T,E(Fermi),NFOD :    300.000   -11.126  0.000000
 Nfod               :  0.0000
 Nfod/Nel           :  0.0000

          eigenvalues
 #    :         279        280        281        282        283        284        285        286
 occ. :        2.000      2.000      2.000      2.000      2.000      2.000      2.000      2.000
 eps  :       -14.220    -14.203    -14.153    -14.090    -14.032    -13.997    -13.747    -13.648
 #    :         287        288        289        290        291        292        293        294
 occ. :        2.000      2.000      2.000      2.000      2.000      0.000      0.000      0.000
 eps  :       -13.619    -13.412    -13.046    -12.706    -12.379     -9.875     -9.762     -9.513
 #    :         295        296        297        298        299        300        301        302
 occ. :        0.000      0.000      0.000      0.000      0.000      0.000      0.000      0.000
 eps  :        -9.314     -9.244     -8.960     -8.878     -8.356     -7.724     -7.645     -7.481
                            2  SCC done.
 
 
 Mulliken/CM5 charges    n(s)   n(p)   n(d)   
    1 C   0.0003 -0.0462   1.156  2.844  0.000
    2 C  -0.0401 -0.0417   1.174  2.867  0.000
    3 C   0.1279  0.1638   1.177  2.695  0.000
    4 O  -0.2513 -0.3007   1.628  4.623  0.000
    5 C  -0.0212 -0.0232   1.189  2.832  0.000
    6 C  -0.0200 -0.0696   1.151  2.869  0.000
    7 C  -0.0169 -0.0256   1.210  2.807  0.000
    8 C  -0.0155 -0.0243   1.208  2.807  0.000
    9 C  -0.0272 -0.0767   1.152  2.875  0.000
   10 C  -0.0075 -0.0108   1.174  2.833  0.000
   11 C   0.0155  0.0148   1.198  2.787  0.000
   12 C  -0.0080 -0.0020   1.114  2.894  0.000
   13 C   0.0943  0.2119   1.172  2.733  0.000
   14 N  -0.2211 -0.3541   1.643  3.579  0.000
   15 C   0.0936  0.2120   1.173  2.734  0.000
   16 N  -0.2229 -0.3523   1.642  3.581  0.000
   17 C  -0.0287 -0.0839   1.219  2.809  0.000
   18 C  -0.0203 -0.0808   1.192  2.828  0.000
   19 C  -0.0472 -0.1057   1.166  2.881  0.000
   20 C  -0.0492 -0.1077   1.167  2.883  0.000
   21 C  -0.0222 -0.0825   1.193  2.829  0.000
   22 C  -0.0651 -0.1674   1.160  2.906  0.000
   23 C  -0.0318 -0.0869   1.220  2.812  0.000
   24 C  -0.0198 -0.0076   1.162  2.857  0.000
   25 C   0.0535  0.1236   1.180  2.767  0.000
   26 N  -0.0844 -0.3307   1.226  3.858  0.000
   27 C   0.0485  0.1074   1.169  2.782  0.000
   28 C  -0.0397 -0.0874   1.139  2.901  0.000
   29 C  -0.0440 -0.0958   1.133  2.911  0.000
   30 C  -0.0119 -0.0073   1.167  2.845  0.000
   31 S  -0.0243 -0.0703   1.889  4.108  0.028
   32 C  -0.0744 -0.2090   1.073  3.001  0.000
   33 C  -0.0553 -0.1080   1.134  2.921  0.000
   34 C  -0.0499 -0.0979   1.140  2.910  0.000
   35 C   0.0528  0.1065   1.177  2.770  0.000
   36 C  -0.0296 -0.0772   1.143  2.886  0.000
   37 C  -0.0330 -0.0852   1.138  2.895  0.000
   38 C  -0.0046 -0.0006   1.167  2.838  0.000
   39 S  -0.0470 -0.0919   1.893  4.127  0.026
   40 C  -0.0762 -0.2108   1.076  3.000  0.000
   41 C  -0.0398 -0.0922   1.137  2.903  0.000
   42 C  -0.0332 -0.0812   1.142  2.891  0.000
   43 C  -0.0501 -0.0295   1.166  2.884  0.000
   44 S   0.1040  0.0708   1.892  3.949  0.055
   45 C  -0.0493 -0.0291   1.176  2.873  0.000
   46 C   0.0383  0.1077   1.168  2.794  0.000
   47 N  -0.1310 -0.3682   1.261  3.870  0.000
   48 C   0.0344  0.0867   1.176  2.789  0.000
   49 C  -0.0353 -0.0828   1.146  2.890  0.000
   50 C  -0.0422 -0.0932   1.135  2.907  0.000
   51 C  -0.0033  0.0015   1.169  2.834  0.000
   52 S  -0.0223 -0.0654   1.891  4.106  0.025
   53 C  -0.0748 -0.2097   1.074  3.001  0.000
   54 C  -0.0513 -0.1038   1.134  2.918  0.000
   55 C  -0.0313 -0.0794   1.141  2.891  0.000
   56 C   0.0365  0.0921   1.175  2.789  0.000
   57 C  -0.0423 -0.0902   1.137  2.905  0.000
   58 C  -0.0535 -0.1063   1.132  2.921  0.000
   59 C  -0.0093 -0.0048   1.166  2.844  0.000
   60 S  -0.0300 -0.0737   1.890  4.113  0.027
   61 C  -0.0735 -0.2084   1.072  3.001  0.000
   62 C  -0.0430 -0.0944   1.133  2.910  0.000
   63 C  -0.0456 -0.0933   1.142  2.904  0.000
   64 C  -0.0456 -0.0264   1.172  2.874  0.000
   65 S   0.0984  0.0638   1.893  3.963  0.046
   66 C   0.0204  0.0295   1.158  2.822  0.000
   67 C   0.0956  0.1161   1.169  2.736  0.000
   68 F  -0.1184 -0.1423   1.678  5.441  0.000
   69 C   0.0989  0.1196   1.165  2.736  0.000
   70 F  -0.1180 -0.1423   1.677  5.441  0.000
   71 C   0.0243  0.0339   1.156  2.820  0.000
   72 C   0.0495  0.1301   1.179  2.771  0.000
   73 N  -0.1754 -0.3666   1.479  3.696  0.000
   74 C   0.0557  0.1321   1.218  2.726  0.000
   75 C  -0.0327 -0.1333   1.122  2.910  0.000
   76 C  -0.0856 -0.2362   1.094  2.992  0.000
   77 C   0.0625  0.1386   1.222  2.716  0.000
   78 N  -0.1950 -0.3917   1.476  3.719  0.000
   79 C   0.0432  0.1228   1.184  2.772  0.000
   80 C  -0.0339 -0.1346   1.124  2.910  0.000
   81 C  -0.0840 -0.2333   1.089  2.995  0.000
   82 C   0.0262  0.0359   1.159  2.815  0.000
   83 C   0.0466  0.1254   1.175  2.778  0.000
   84 N  -0.1573 -0.3543   1.484  3.673  0.000
   85 C   0.0356  0.0775   1.165  2.799  0.000
   86 C   0.1508  0.2587   1.175  2.675  0.000
   87 O  -0.1255 -0.2057   1.467  4.659  0.000
   88 C   0.0595 -0.0216   1.134  2.806  0.000
   89 C  -0.0792 -0.2274   1.089  2.990  0.000
   90 N  -0.2162 -0.4119   1.477  3.739  0.000
   91 C   0.0448  0.1230   1.183  2.773  0.000
   92 C   0.0241  0.0287   1.150  2.826  0.000
   93 C   0.1068  0.1280   1.165  2.728  0.000
   94 C   0.1017  0.1228   1.162  2.737  0.000
   95 F  -0.1174 -0.1400   1.677  5.441  0.000
   96 F  -0.1148 -0.1376   1.677  5.438  0.000
   97 C   0.0112 -0.0342   1.162  2.827  0.000
   98 C  -0.0113 -0.0128   1.182  2.829  0.000
   99 C   0.1463  0.1826   1.176  2.677  0.000
  100 O  -0.2177 -0.2624   1.627  4.591  0.000
  101 C  -0.0169 -0.0186   1.188  2.829  0.000
  102 C  -0.0128 -0.0620   1.151  2.862  0.000
  103 C  -0.0070 -0.0145   1.209  2.798  0.000
  104 C  -0.0091 -0.0167   1.208  2.801  0.000
  105 C  -0.0240 -0.0733   1.152  2.872  0.000
  106 C  -0.0040 -0.0072   1.175  2.829  0.000
  107 C   0.0232  0.0227   1.198  2.778  0.000
  108 C   0.0166  0.0230   1.117  2.867  0.000
  109 C   0.1034  0.2218   1.170  2.726  0.000
  110 N  -0.2030 -0.3369   1.641  3.562  0.000
  111 C   0.1021  0.2214   1.170  2.728  0.000
  112 N  -0.2048 -0.3345   1.642  3.563  0.000
  113 C  -0.0286 -0.0840   1.218  2.811  0.000
  114 C  -0.0208 -0.0811   1.194  2.827  0.000
  115 C  -0.0520 -0.1097   1.165  2.887  0.000
  116 C  -0.0512 -0.1089   1.165  2.886  0.000
  117 C  -0.0208 -0.0811   1.194  2.827  0.000
  118 C  -0.0564 -0.1591   1.164  2.893  0.000
  119 C  -0.0306 -0.0860   1.218  2.812  0.000
  120 H   0.0646  0.1297   0.935  0.000  0.000
  121 H   0.0489  0.1076   0.951  0.000  0.000
  122 H   0.0515  0.1151   0.949  0.000  0.000
  123 H   0.0465  0.1052   0.954  0.000  0.000
  124 H   0.0463  0.1042   0.954  0.000  0.000
  125 H   0.0465  0.1027   0.954  0.000  0.000
  126 H   0.0461  0.1023   0.954  0.000  0.000
  127 H   0.0444  0.1021   0.956  0.000  0.000
  128 H   0.0369  0.0939   0.963  0.000  0.000
  129 H   0.0390  0.1005   0.961  0.000  0.000
  130 H   0.0462  0.1049   0.954  0.000  0.000
  131 H   0.0441  0.1077   0.956  0.000  0.000
  132 H   0.0461  0.1053   0.954  0.000  0.000
  133 H   0.0514  0.1094   0.949  0.000  0.000
  134 H   0.0563  0.1102   0.944  0.000  0.000
  135 H   0.0471  0.1010   0.953  0.000  0.000
  136 H   0.0471  0.1073   0.953  0.000  0.000
  137 H   0.0417  0.1051   0.958  0.000  0.000
  138 H   0.0485  0.1153   0.952  0.000  0.000
  139 H   0.0471  0.1063   0.953  0.000  0.000
  140 H   0.0448  0.0982   0.955  0.000  0.000
  141 H   0.0500  0.1053   0.950  0.000  0.000
  142 H   0.0534  0.1073   0.947  0.000  0.000
  143 H   0.0460  0.1049   0.954  0.000  0.000
  144 H   0.0409  0.1017   0.959  0.000  0.000
  145 H   0.0434  0.1060   0.957  0.000  0.000
  146 H   0.0475  0.1100   0.953  0.000  0.000
  147 H   0.0550  0.1088   0.945  0.000  0.000
  148 H   0.0463  0.0999   0.954  0.000  0.000
  149 H   0.0500  0.1054   0.950  0.000  0.000
  150 H   0.0464  0.1059   0.954  0.000  0.000
  151 H   0.0426  0.1035   0.957  0.000  0.000
  152 H   0.0399  0.1016   0.960  0.000  0.000
  153 H   0.0444  0.1035   0.956  0.000  0.000
  154 H   0.0477  0.1015   0.952  0.000  0.000
  155 H   0.0471  0.1008   0.953  0.000  0.000
  156 H   0.0556  0.1094   0.944  0.000  0.000
  157 H   0.0435  0.1022   0.956  0.000  0.000
  158 H   0.0412  0.1042   0.959  0.000  0.000
  159 H   0.0406  0.0979   0.959  0.000  0.000
  160 H   0.0442  0.1044   0.956  0.000  0.000
  161 H   0.0355  0.0911   0.964  0.000  0.000
  162 H   0.0296  0.0826   0.970  0.000  0.000
  163 H   0.0353  0.0871   0.965  0.000  0.000
  164 H   0.0438  0.1013   0.956  0.000  0.000
  165 H   0.0491  0.1077   0.951  0.000  0.000
  166 H   0.0308  0.0852   0.969  0.000  0.000
  167 H   0.0353  0.0873   0.965  0.000  0.000
  168 H   0.0370  0.0961   0.963  0.000  0.000
  169 H   0.0588  0.1293   0.941  0.000  0.000
  170 H   0.0505  0.1211   0.949  0.000  0.000
  171 H   0.0427  0.1069   0.957  0.000  0.000
  172 H   0.0432  0.0969   0.957  0.000  0.000
  173 H   0.0342  0.0938   0.966  0.000  0.000
  174 H   0.0282  0.0823   0.972  0.000  0.000
  175 H   0.0685  0.1375   0.931  0.000  0.000
  176 H   0.0520  0.1106   0.948  0.000  0.000
  177 H   0.0528  0.1162   0.947  0.000  0.000
  178 H   0.0470  0.1052   0.953  0.000  0.000
  179 H   0.0458  0.1033   0.954  0.000  0.000
  180 H   0.0456  0.1023   0.954  0.000  0.000
  181 H   0.0463  0.1029   0.954  0.000  0.000
  182 H   0.0454  0.1029   0.955  0.000  0.000
  183 H   0.0405  0.0969   0.960  0.000  0.000
  184 H   0.0326  0.0892   0.967  0.000  0.000
  185 H   0.0467  0.1050   0.953  0.000  0.000
 Hirshfeld charges for QMDFF written to <charges>
 
 Loewdin charges    n(s)   n(p)   n(d)
    1 C   0.0094   1.102  2.889  0.000
    2 C  -0.0487   1.136  2.913  0.000
    3 C   0.1198   1.143  2.738  0.000
    4 O  -0.2363   1.598  4.638  0.000
    5 C  -0.0230   1.149  2.874  0.000
    6 C  -0.0162   1.098  2.918  0.000
    7 C  -0.0123   1.169  2.843  0.000
    8 C  -0.0105   1.168  2.843  0.000
    9 C  -0.0252   1.100  2.925  0.000
   10 C  -0.0040   1.132  2.872  0.000
   11 C   0.0266   1.153  2.820  0.000
   12 C  -0.0203   1.073  2.948  0.000
   13 C   0.0891   1.138  2.773  0.000
   14 N  -0.2102   1.605  3.606  0.000
   15 C   0.0881   1.139  2.773  0.000
   16 N  -0.2122   1.604  3.608  0.000
   17 C  -0.0222   1.174  2.848  0.000
   18 C  -0.0106   1.144  2.867  0.000
   19 C  -0.0391   1.115  2.924  0.000
   20 C  -0.0410   1.115  2.926  0.000
   21 C  -0.0124   1.145  2.868  0.000
   22 C  -0.0626   1.102  2.960  0.000
   23 C  -0.0253   1.175  2.851  0.000
   24 C  -0.0033   1.120  2.884  0.000
   25 C   0.0444   1.147  2.808  0.000
   26 N  -0.0438   1.184  3.860  0.000
   27 C   0.0437   1.133  2.824  0.000
   28 C  -0.0365   1.086  2.950  0.000
   29 C  -0.0398   1.080  2.959  0.000
   30 C   0.0173   1.118  2.865  0.000
   31 S  -0.0632   1.876  4.104  0.083
   32 C  -0.0520   0.995  3.057  0.000
   33 C  -0.0523   1.082  2.971  0.000
   34 C  -0.0463   1.088  2.959  0.000
   35 C   0.0508   1.141  2.809  0.000
   36 C  -0.0261   1.090  2.936  0.000
   37 C  -0.0286   1.085  2.943  0.000
   38 C   0.0238   1.118  2.858  0.000
   39 S  -0.0850   1.881  4.124  0.080
   40 C  -0.0540   0.998  3.056  0.000
   41 C  -0.0358   1.084  2.952  0.000
   42 C  -0.0290   1.089  2.940  0.000
   43 C  -0.0315   1.124  2.908  0.000
   44 S   0.0645   1.879  3.947  0.110
   45 C  -0.0318   1.134  2.898  0.000
   46 C   0.0254   1.136  2.838  0.000
   47 N  -0.0944   1.221  3.874  0.000
   48 C   0.0316   1.140  2.829  0.000
   49 C  -0.0309   1.093  2.938  0.000
   50 C  -0.0380   1.082  2.956  0.000
   51 C   0.0265   1.120  2.854  0.000
   52 S  -0.0610   1.878  4.103  0.079
   53 C  -0.0523   0.995  3.057  0.000
   54 C  -0.0485   1.081  2.967  0.000
   55 C  -0.0268   1.087  2.940  0.000
   56 C   0.0330   1.138  2.829  0.000
   57 C  -0.0390   1.084  2.955  0.000
   58 C  -0.0506   1.080  2.971  0.000
   59 C   0.0196   1.117  2.864  0.000
   60 S  -0.0687   1.878  4.110  0.081
   61 C  -0.0508   0.994  3.057  0.000
   62 C  -0.0386   1.080  2.958  0.000
   63 C  -0.0422   1.089  2.953  0.000
   64 C  -0.0225   1.128  2.894  0.000
   65 S   0.0600   1.880  3.961  0.099
   66 C   0.0166   1.118  2.866  0.000
   67 C   0.0820   1.136  2.782  0.000
   68 F  -0.1009   1.661  5.440  0.000
   69 C   0.0857   1.132  2.782  0.000
   70 F  -0.1003   1.660  5.440  0.000
   71 C   0.0188   1.116  2.865  0.000
   72 C   0.0393   1.145  2.816  0.000
   73 N  -0.1535   1.444  3.709  0.000
   74 C   0.0496   1.185  2.765  0.000
   75 C  -0.0276   1.060  2.967  0.000
   76 C  -0.0864   1.021  3.066  0.000
   77 C   0.0568   1.188  2.755  0.000
   78 N  -0.1731   1.441  3.732  0.000
   79 C   0.0336   1.151  2.816  0.000
   80 C  -0.0296   1.063  2.967  0.000
   81 C  -0.0854   1.015  3.070  0.000
   82 C   0.0223   1.118  2.859  0.000
   83 C   0.0349   1.142  2.823  0.000
   84 N  -0.1319   1.448  3.684  0.000
   85 C   0.0298   1.121  2.850  0.000
   86 C   0.1274   1.148  2.724  0.000
   87 O  -0.0851   1.427  4.658  0.000
   88 C   0.0560   1.078  2.866  0.000
   89 C  -0.0813   1.016  3.065  0.000
   90 N  -0.1989   1.444  3.755  0.000
   91 C   0.0371   1.148  2.815  0.000
   92 C   0.0203   1.109  2.870  0.000
   93 C   0.0935   1.132  2.775  0.000
   94 C   0.0871   1.129  2.784  0.000
   95 F  -0.0996   1.659  5.440  0.000
   96 F  -0.0971   1.659  5.438  0.000
   97 C   0.0200   1.107  2.873  0.000
   98 C  -0.0167   1.144  2.873  0.000
   99 C   0.1369   1.142  2.721  0.000
  100 O  -0.2022   1.596  4.606  0.000
  101 C  -0.0189   1.148  2.871  0.000
  102 C  -0.0089   1.098  2.911  0.000
  103 C  -0.0026   1.169  2.834  0.000
  104 C  -0.0038   1.168  2.836  0.000
  105 C  -0.0221   1.100  2.922  0.000
  106 C   0.0000   1.133  2.867  0.000
  107 C   0.0340   1.154  2.812  0.000
  108 C   0.0056   1.075  2.919  0.000
  109 C   0.0969   1.136  2.767  0.000
  110 N  -0.1918   1.603  3.589  0.000
  111 C   0.0954   1.137  2.768  0.000
  112 N  -0.1935   1.603  3.590  0.000
  113 C  -0.0223   1.172  2.850  0.000
  114 C  -0.0111   1.146  2.865  0.000
  115 C  -0.0445   1.114  2.930  0.000
  116 C  -0.0437   1.114  2.929  0.000
  117 C  -0.0111   1.146  2.865  0.000
  118 C  -0.0519   1.106  2.946  0.000
  119 C  -0.0242   1.173  2.851  0.000
  120 H   0.0535   0.946  0.000  0.000
  121 H   0.0391   0.961  0.000  0.000
  122 H   0.0416   0.958  0.000  0.000
  123 H   0.0384   0.962  0.000  0.000
  124 H   0.0383   0.962  0.000  0.000
  125 H   0.0382   0.962  0.000  0.000
  126 H   0.0379   0.962  0.000  0.000
  127 H   0.0366   0.963  0.000  0.000
  128 H   0.0332   0.967  0.000  0.000
  129 H   0.0357   0.964  0.000  0.000
  130 H   0.0382   0.962  0.000  0.000
  131 H   0.0356   0.964  0.000  0.000
  132 H   0.0383   0.962  0.000  0.000
  133 H   0.0490   0.951  0.000  0.000
  134 H   0.0544   0.946  0.000  0.000
  135 H   0.0457   0.954  0.000  0.000
  136 H   0.0397   0.960  0.000  0.000
  137 H   0.0335   0.966  0.000  0.000
  138 H   0.0389   0.961  0.000  0.000
  139 H   0.0392   0.961  0.000  0.000
  140 H   0.0433   0.957  0.000  0.000
  141 H   0.0480   0.952  0.000  0.000
  142 H   0.0516   0.948  0.000  0.000
  143 H   0.0383   0.962  0.000  0.000
  144 H   0.0325   0.967  0.000  0.000
  145 H   0.0346   0.965  0.000  0.000
  146 H   0.0388   0.961  0.000  0.000
  147 H   0.0533   0.947  0.000  0.000
  148 H   0.0448   0.955  0.000  0.000
  149 H   0.0479   0.952  0.000  0.000
  150 H   0.0390   0.961  0.000  0.000
  151 H   0.0341   0.966  0.000  0.000
  152 H   0.0319   0.968  0.000  0.000
  153 H   0.0373   0.963  0.000  0.000
  154 H   0.0460   0.954  0.000  0.000
  155 H   0.0455   0.955  0.000  0.000
  156 H   0.0538   0.946  0.000  0.000
  157 H   0.0354   0.965  0.000  0.000
  158 H   0.0334   0.967  0.000  0.000
  159 H   0.0373   0.963  0.000  0.000
  160 H   0.0392   0.961  0.000  0.000
  161 H   0.0343   0.966  0.000  0.000
  162 H   0.0299   0.970  0.000  0.000
  163 H   0.0349   0.965  0.000  0.000
  164 H   0.0406   0.959  0.000  0.000
  165 H   0.0455   0.954  0.000  0.000
  166 H   0.0303   0.970  0.000  0.000
  167 H   0.0351   0.965  0.000  0.000
  168 H   0.0359   0.964  0.000  0.000
  169 H   0.0468   0.953  0.000  0.000
  170 H   0.0432   0.957  0.000  0.000
  171 H   0.0369   0.963  0.000  0.000
  172 H   0.0424   0.958  0.000  0.000
  173 H   0.0332   0.967  0.000  0.000
  174 H   0.0281   0.972  0.000  0.000
  175 H   0.0563   0.944  0.000  0.000
  176 H   0.0417   0.958  0.000  0.000
  177 H   0.0426   0.957  0.000  0.000
  178 H   0.0390   0.961  0.000  0.000
  179 H   0.0379   0.962  0.000  0.000
  180 H   0.0373   0.963  0.000  0.000
  181 H   0.0379   0.962  0.000  0.000
  182 H   0.0376   0.962  0.000  0.000
  183 H   0.0362   0.964  0.000  0.000
  184 H   0.0292   0.971  0.000  0.000
  185 H   0.0388   0.961  0.000  0.000
 
 Wiberg/Mayer (AO) data. WBOs > 0.1 written file <wbo>
 largest (>0.05) Wiberg bond orders for each atom
           total WBO             WBO to atom ...
     1  C   3.928    C    2 1.442    C   24 1.298    H  120 0.923
     2  C   3.920    C    1 1.442    C   11 1.131    C    3 1.017    O    4 0.068    C   25 0.053
     3  C   3.911    O    4 1.752    C    2 1.017    C    5 0.978
     4  O   2.128    C    3 1.752    C    2 0.068    C    5 0.059
     5  C   3.936    C    6 1.362    C   10 1.290    C    3 0.978    C    8 0.092    O    4 0.059
     6  C   3.959    C    7 1.418    C    5 1.362    H  121 0.942    C    9 0.082
     7  C   3.918    C    6 1.418    C    8 1.315    C   23 0.947    C   10 0.092
     8  C   3.928    C    9 1.426    C    7 1.315    C   17 0.949    C    5 0.092
     9  C   3.955    C    8 1.426    C   10 1.349    H  122 0.935    C    6 0.082
    10  C   3.948    C    9 1.349    C    5 1.290    C   11 1.043    C    7 0.092
    11  C   3.932    C   12 1.434    C    2 1.131    C   10 1.043    N   14 0.088    N   16 0.086
    12  C   3.942    C   11 1.434    C   13 1.072    C   15 1.067    N   16 0.082    N   14 0.082
    13  C   3.938    N   14 2.772    C   12 1.072
    14  N   3.035    C   13 2.772    C   11 0.088    C   12 0.082
    15  C   3.940    N   16 2.777    C   12 1.067
    16  N   3.041    C   15 2.777    C   11 0.086    C   12 0.082
    17  C   3.930    C   23 0.950    C    8 0.949    H  123 0.941    C   18 0.929
    18  C   3.950    C   19 0.985    C   22 0.974    H  124 0.946    C   17 0.929
    19  C   3.959    C   20 1.935    C   18 0.985    H  125 0.937
    20  C   3.959    C   19 1.935    C   21 0.985    H  126 0.937
    21  C   3.949    C   20 0.985    C   22 0.974    H  127 0.947    C   23 0.928
    22  C   3.965    C   18 0.974    C   21 0.974    H  128 0.962    H  129 0.956
    23  C   3.927    C   17 0.950    C    7 0.947    H  130 0.941    C   21 0.928
    24  C   3.920    C   25 1.331    C    1 1.298    S   65 1.044
    25  C   3.912    C   24 1.331    C   43 1.222    N   26 1.069    S   65 0.064    C    2 0.053
    26  N   3.396    C   25 1.069    C   27 1.009    C   35 0.952
    27  C   3.931    C   34 1.362    C   28 1.341    N   26 1.009    C   30 0.091
    28  C   3.967    C   29 1.474    C   27 1.341    H  131 0.943    C   33 0.097
    29  C   3.971    C   28 1.474    C   30 1.351    H  132 0.942    C   34 0.100
    30  C   3.951    C   33 1.377    C   29 1.351    S   31 1.042    C   27 0.091
    31  S   2.220    C   30 1.042    C   32 0.997
    32  C   3.980    S   31 0.997    H  135 0.988    H  133 0.986    H  134 0.980
    33  C   3.971    C   34 1.443    C   30 1.377    H  136 0.942    C   28 0.097
    34  C   3.969    C   33 1.443    C   27 1.362    H  137 0.944    C   29 0.100
    35  C   3.927    C   42 1.381    C   36 1.368    N   26 0.952    C   38 0.100
    36  C   3.968    C   37 1.457    C   35 1.368    H  138 0.940    C   41 0.102
    37  C   3.971    C   36 1.457    C   38 1.370    H  139 0.941    C   42 0.103
    38  C   3.951    C   41 1.382    C   37 1.370    S   39 1.023    C   35 0.100
    39  S   2.182    C   38 1.023    C   40 0.989
    40  C   3.983    H  140 0.991    S   39 0.989    H  141 0.987    H  142 0.981
    41  C   3.971    C   42 1.440    C   38 1.382    H  143 0.943    C   36 0.102
    42  C   3.967    C   41 1.440    C   35 1.381    H  144 0.945    C   37 0.103
    43  C   3.931    C   64 1.382    C   25 1.222    S   44 1.087    C   45 0.069    S   65 0.050
    44  S   2.510    C   45 1.089    C   43 1.087    C   46 0.070    C   64 0.063
    45  C   3.887    C   46 1.500    S   44 1.089    C   66 1.006    C   43 0.069    N   47 0.060
    46  C   3.921    C   45 1.500    C   64 1.179    N   47 1.029    S   44 0.070
    47  N   3.276    C   46 1.029    C   56 0.975    C   48 0.938    C   45 0.060
    48  C   3.929    C   55 1.405    C   49 1.366    N   47 0.938    C   51 0.099
    49  C   3.969    C   50 1.462    C   48 1.366    H  145 0.944    C   54 0.102
    50  C   3.972    C   49 1.462    C   51 1.358    H  146 0.942    C   55 0.104
    51  C   3.955    C   54 1.384    C   50 1.358    S   52 1.041    C   48 0.099
    52  S   2.217    C   51 1.041    C   53 0.998
    53  C   3.982    S   52 0.998    H  148 0.990    H  149 0.987    H  147 0.981
    54  C   3.970    C   55 1.429    C   51 1.384    H  150 0.943    C   49 0.102
    55  C   3.970    C   54 1.429    C   48 1.405    H  151 0.945    C   50 0.104
    56  C   3.933    C   57 1.383    C   63 1.359    N   47 0.975    C   59 0.096
    57  C   3.970    C   58 1.442    C   56 1.383    H  152 0.945    C   62 0.104
    58  C   3.972    C   57 1.442    C   59 1.378    H  153 0.943    C   63 0.101
    59  C   3.953    C   58 1.378    C   62 1.364    S   60 1.037    C   56 0.096
    60  S   2.210    C   59 1.037    C   61 0.999
    61  C   3.983    S   60 0.999    H  154 0.989    H  155 0.989    H  156 0.980
    62  C   3.972    C   63 1.459    C   59 1.364    H  157 0.944    C   57 0.104
    63  C   3.969    C   62 1.459    C   56 1.359    H  158 0.943    C   58 0.101
    64  C   3.916    C   43 1.382    C   46 1.179    S   65 1.097    S   44 0.063
    65  S   2.461    C   64 1.097    C   24 1.044    C   25 0.064    C   43 0.050
    66  C   3.940    C   67 1.433    C   79 1.209    C   45 1.006    C   71 0.099
    67  C   3.904    C   66 1.433    C   69 1.261    F   68 0.976    C   72 0.056
    68  F   1.104    C   67 0.976
    69  C   3.907    C   71 1.438    C   67 1.261    F   70 0.976    C   79 0.055
    70  F   1.104    C   69 0.976
    71  C   3.940    C   69 1.438    C   72 1.215    C   82 0.992    C   66 0.099
    72  C   3.938    N   73 1.240    C   79 1.216    C   71 1.215    C   77 0.059    C   67 0.056
    73  N   3.112    C   74 1.525    C   72 1.240    N   78 0.115
    74  C   3.917    N   73 1.525    C   77 1.187    C   75 0.984    C   79 0.061
    75  C   3.973    C   76 0.986    C   74 0.984    H  159 0.966    H  160 0.964
    76  C   3.981    C   75 0.986    H  161 0.984    H  162 0.984    H  163 0.980
    77  C   3.913    N   78 1.519    C   74 1.187    C   80 0.983    C   72 0.059
    78  N   3.104    C   77 1.519    C   79 1.238    N   73 0.115
    79  C   3.935    N   78 1.238    C   72 1.216    C   66 1.209    C   74 0.061    C   69 0.055
    80  C   3.972    C   81 1.004    C   77 0.983    H  164 0.959    H  165 0.942
    81  C   3.985    C   80 1.004    H  166 0.985    H  168 0.982    H  167 0.981
    82  C   3.943    C   94 1.420    C   83 1.231    C   71 0.992    C   92 0.093
    83  C   3.941    C   82 1.231    C   91 1.223    N   84 1.214    C   93 0.058    C   86 0.052
    84  N   3.118    C   85 1.609    C   83 1.214    N   90 0.111
    85  C   3.949    N   84 1.609    C   86 1.183    H  169 0.946    C   91 0.061
    86  C   3.918    N   90 1.446    C   85 1.183    O   87 1.127    C   83 0.052
    87  O   2.314    C   86 1.127    C   88 0.955    N   90 0.099
    88  C   3.927    C   89 1.007    H  171 0.976    H  170 0.966    O   87 0.955
    89  C   3.984    C   88 1.007    H  174 0.985    H  173 0.983    H  172 0.977
    90  N   3.078    C   86 1.446    C   91 1.235    N   84 0.111    O   87 0.099
    91  C   3.934    N   90 1.235    C   83 1.223    C   92 1.212    C   85 0.061    C   94 0.056
    92  C   3.948    C   93 1.404    C   91 1.212    C   97 1.054    C   82 0.093
    93  C   3.905    C   92 1.404    C   94 1.279    F   96 0.981    C   83 0.058
    94  C   3.906    C   82 1.420    C   93 1.279    F   95 0.979    C   91 0.056
    95  F   1.105    C   94 0.979
    96  F   1.109    C   93 0.981
    97  C   3.932    C   98 1.690    C   92 1.054    H  175 0.921    O  100 0.054
    98  C   3.936    C   97 1.690    C  107 1.049    C   99 0.958    O  100 0.065
    99  C   3.909    O  100 1.821    C  101 0.994    C   98 0.958
   100  O   2.163    C   99 1.821    C   98 0.065    C  101 0.063    C   97 0.054
   101  C   3.936    C  102 1.353    C  106 1.278    C   99 0.994    C  104 0.088    O  100 0.063
   102  C   3.963    C  103 1.427    C  101 1.353    H  176 0.941    C  105 0.084
   103  C   3.917    C  102 1.427    C  104 1.304    C  119 0.951    C  106 0.088
   104  C   3.930    C  105 1.436    C  103 1.304    C  113 0.953    C  101 0.088
   105  C   3.957    C  104 1.436    C  106 1.339    H  177 0.935    C  102 0.084
   106  C   3.950    C  105 1.339    C  101 1.278    C  107 1.060    C  103 0.088
   107  C   3.934    C  108 1.500    C  106 1.060    C   98 1.049    N  110 0.096    N  112 0.096
   108  C   3.955    C  107 1.500    C  109 1.055    C  111 1.055    N  110 0.077    N  112 0.077
   109  C   3.941    N  110 2.794    C  108 1.055
   110  N   3.056    C  109 2.794    C  107 0.096    C  108 0.077
   111  C   3.940    N  112 2.797    C  108 1.055
   112  N   3.057    C  111 2.797    C  107 0.096    C  108 0.077
   113  C   3.931    C  104 0.953    C  119 0.949    H  178 0.941    C  114 0.925
   114  C   3.948    C  115 0.991    C  118 0.969    H  179 0.947    C  113 0.925
   115  C   3.964    C  116 1.937    C  114 0.991    H  180 0.937
   116  C   3.964    C  115 1.937    C  117 0.991    H  181 0.937
   117  C   3.948    C  116 0.991    C  118 0.969    H  182 0.947    C  119 0.925
   118  C   3.962    C  117 0.969    C  114 0.969    H  184 0.964    H  183 0.958
   119  C   3.928    C  103 0.951    C  113 0.949    H  185 0.941    C  117 0.925
   120  H   0.990    C    1 0.923
   121  H   0.996    C    6 0.942
   122  H   0.995    C    9 0.935
   123  H   0.996    C   17 0.941
   124  H   0.997    C   18 0.946
   125  H   0.997    C   19 0.937
   126  H   0.997    C   20 0.937
   127  H   0.997    C   21 0.947
   128  H   0.998    C   22 0.962
   129  H   0.998    C   22 0.956
   130  H   0.995    C   23 0.941
   131  H   0.997    C   28 0.943
   132  H   0.997    C   29 0.942
   133  H   0.997    C   32 0.986
   134  H   0.996    C   32 0.980
   135  H   0.998    C   32 0.988
   136  H   0.997    C   33 0.942
   137  H   0.998    C   34 0.944
   138  H   0.997    C   36 0.940
   139  H   0.997    C   37 0.941
   140  H   0.998    C   40 0.991
   141  H   0.997    C   40 0.987
   142  H   0.996    C   40 0.981
   143  H   0.997    C   41 0.943
   144  H   0.998    C   42 0.945
   145  H   0.997    C   49 0.944
   146  H   0.997    C   50 0.942
   147  H   0.996    C   53 0.981
   148  H   0.997    C   53 0.990
   149  H   0.997    C   53 0.987
   150  H   0.997    C   54 0.943
   151  H   0.998    C   55 0.945
   152  H   0.998    C   57 0.945
   153  H   0.997    C   58 0.943
   154  H   0.998    C   61 0.989
   155  H   0.998    C   61 0.989
   156  H   0.996    C   61 0.980
   157  H   0.997    C   62 0.944
   158  H   0.997    C   63 0.943
   159  H   0.997    C   75 0.966
   160  H   0.998    C   75 0.964
   161  H   0.999    C   76 0.984
   162  H   0.999    C   76 0.984
   163  H   0.996    C   76 0.980
   164  H   0.996    C   80 0.959
   165  H   0.996    C   80 0.942
   166  H   0.999    C   81 0.985
   167  H   0.997    C   81 0.981
   168  H   0.999    C   81 0.982
   169  H   0.995    C   85 0.946
   170  H   0.997    C   88 0.966
   171  H   0.998    C   88 0.976
   172  H   0.998    C   89 0.977
   173  H   0.999    C   89 0.983
   174  H   0.999    C   89 0.985
   175  H   0.991    C   97 0.921
   176  H   0.996    C  102 0.941
   177  H   0.995    C  105 0.935
   178  H   0.996    C  113 0.941
   179  H   0.997    C  114 0.947
   180  H   0.998    C  115 0.937
   181  H   0.998    C  116 0.937
   182  H   0.997    C  117 0.947
   183  H   0.996    C  118 0.958
   184  H   0.999    C  118 0.964
   185  H   0.995    C  119 0.941
 
 --------------------------------------------
          xTB calculation for sTDA...
 --------------------------------------------
 
 reading parameter file /ihome/ghutchison/blp62/xtb4stda/.param_stda2.xtb
 
      method parameters     
 k(s)        :  1.6000
 k(p)        :  2.1800
 k(d)        :  1.9500
 k(f)        :  2.0000
 k(R-V)      :  2.2750
 k(R-R)      :  1.7650
 Tscal       :  0.2580
 Gscal       :  1.0000
 fpol        :  1.0000
 Zcnf        :  0.3430
 Zqf         :  0.0000
 kcn         :  2.7000
 Ryd Hsplit  :  0.7000
 lshift(virt):  3.1000
 lshift(OS)  :  0.2000
 wllscaling  :  2.6000
 
 mowrcut     : 3.000
 
  Z AO/shell   Hii/eV     exponent
  1     Sun Feb 14 09:53:25 CET 2016    EN: 2.327 GAM: 0.473  GM3: 0.0000
     1s    -14.339618    1.220000
     2sp    -3.348946    0.600000
  6     Sun Feb 14 09:53:25 CET 2016    EN: 2.731 GAM: 0.422  GM3: 0.0000
     2s    -22.009312    1.565095
     2p    -13.020408    1.596905
     3sp    -3.914040    0.824500
  7     Sun Feb 14 09:53:25 CET 2016    EN: 3.573 GAM: 0.504  GM3: 0.0000
     2s    -25.722000    2.064844
     2p    -18.684912    1.801692
     3sp    -4.344791    0.921400
  8     Sun Feb 14 09:53:25 CET 2016    EN: 3.700 GAM: 0.587  GM3: 0.0000
     2s    -33.859000    2.418661
     2p    -22.175911    1.973969
     3sp    -4.259392    1.013700
  9     Sun Feb 21 12:20:01 CET 2016    EN: 3.394 GAM: 0.600  GM3: 0.0000
     2s    -26.548112    1.943768
     2p    -23.081168    2.552035
     3sp    -1.937199    1.103200
 16     Sun Feb 21 16:35:57 CET 2016    EN: 1.915 GAM: 0.200  GM3: 0.0000
     3s    -17.898811    2.619580
     3p    -15.317401    1.798798
     4sp    -4.455139    0.843200
 
 Nbf   :         1282
 T(el) :     0.0
 calculating S/T integrals ...
 cpu time for ints    2.44661800000000     
 Nao   :         1282
 making H0...
 making H1...
 cpu time for H      4.663699999999960E-002
 solving ...
 cpu time for diag    2.44241300000000     
 
 gap (eV)           :   4.162
 Koopmans IP (eV)   :  13.218
 Eel (Eh)           :  -503.892125

          eigenvalues
 #    :         279        280        281        282        283        284        285        286
 occ. :        2.000      2.000      2.000      2.000      2.000      2.000      2.000      2.000
 eps  :       -15.983    -15.957    -15.894    -15.764    -15.434    -15.348    -14.922    -14.656
 #    :         287        288        289        290        291        292        293        294
 occ. :        2.000      2.000      2.000      2.000      2.000      0.000      0.000      0.000
 eps  :       -14.597    -14.404    -14.158    -13.496    -13.219     -9.057     -8.614     -8.455
 #    :         295        296        297        298        299        300        301        302
 occ. :        0.000      0.000      0.000      0.000      0.000      0.000      0.000      0.000
 eps  :        -8.027     -7.913     -7.636     -6.565     -6.526     -6.321     -6.219     -5.964
                            1  SCC done.
 writing mo output ...
 molden style : F
 
speedup  2.94
cpu  time for all   11.09 s
wall time for all    3.77 s
