 
        ______________________________________
       |                                      |
       |          ===================         |
       |             xTB for sTDA             |
       |          ===================         |
       |               S. Grimme              |
       |        Universitaet Bonn, MCTC       |
       |         2015-19, Version 1.0         |
       |     Wed Apr  3 09:14:55 CEST 2019    |
       |______________________________________|
 
        This code comes without any warranty
        for non-commercial, academia use only.
        Preliminary test version.
        Cite this work as:
        S. Grimme  &  C. Bannwarth, JCP 145 (2016) 054103
        if GBSA is used additionally:
        P. Shushkov, F. März, C. Bannwarth, S. Grimme, unpublished.
 
        with help from
        P. Shushkov, G. Brandenburg, S. Dohm, J. Pisarek,
        F. März, M. Checinski, S. Ehrlich, S. Spicher, 
        P. Pracht, E. Caldeweyher, S. Ehlert, and C. Bannwarth.
 
        usage        :
        xtb4stda <coord_file> [options]
        where <coord_file> is a valid file of TM)
        (*coord, Bohr) or xmol (*xyz, Angstroem)
        format.

        options:
        -chrg <int>   : molecular charge
        -uhf  <int>   : # of unpaired electrons(=2*S)
        -nox          : skip second, extended part in sTDA-xTB
        -pop          : do population analysis
                      : (default for -nox)
        -mowr <real>  : cut MO write above (def.3 Eh)
        -molden       : write formatted molden file
        -parx <file>  : read parameters for sTDA-xTB
                        calc (def:~/.param_stda2.xtb)
        -parv <file>  : read parameters for vTB part in
                        sTDA-xTB (def: ~/.param_stda1.xtb)
        -xtemp <real> : el. temp for xTB (def. 0 K)
        -etemp <real> : el. temp for GFN (def. 300 K)
        -fod          : calculate the FOD and write
                        molden.input file with
                        appropriate occupations
                        for plotting. Def. T=12500 K
 
        -acc <real>   : xTB accuracy (def. 1.0)
        -gbsa [string1] [string2]
                        use GBSA implicit solvent
                        for solvent [string1] and
                        solvation state [string2]=
                        reference, bar1M (default=1M)
        additional GFN/opt/MD/siman options read from
        $XTB4STDAHOME/.xtb4stdarc or $set in input
 
       spin and charge state information can be on:
       <.CHRG> (charge) and <.UHF> (=nalpha-nbeta)
       -uhf and -chrg override the file info.
       useful machine settings:
       setenv MKL_NUM_THREADS <NCORE_ON_YOUR_MACHINE>
       setenv OMP_STACKSIZE 500m
       limit stacksize unlimited
 
       total energies in Eh, gaps/HL energies in eV
       please read REVISION and HOWTO files carefully
 =============================
  # OMP threads =           8
 =============================
 
 xtb4stdahome directory:/ihome/ghutchison/blp62/xtb4stda/
 
 
 name of molecule           :
 comment line               :
 number of atoms            :   142
 number of electrons        :   440
 charge                     :  0
 spin                       : 0.0
 first test random number   :  0.0217
 
 -----------------------------------------
      charge density (VTB) calculation
 -----------------------------------------
 
      method parameters     
 k(s)        :  1.8000
 k(p)        :  2.8350
 k(d)        :  2.0860
 k(f)        :  2.0000
 Tscal       :  0.3300
 Gscal       :  0.3910
 fpol        :  1.0000
 Zcnf        :  0.6500
 Zqf         :  0.0000
 kcn         :  0.3000
 kEN1        : -0.5900
 wllscal     :  2.6000
 
     -------------------------
     ! NO SOLVENT MODEL USED !
     -------------------------
 
 doing EN charges ...
 sum q :  0.2220446D-14
 point charge moment (au)
     X       Y       Z   
   0.3168   0.0948   0.3792  total (Debye):    1.279
 
            Z      q(EN)   CN      Cart. coordinates
     1  C   4.0  -0.068   3.182    -0.75589   -14.22680    -0.14986
     2  C   4.0  -0.004   3.277     0.73378   -14.98515     1.79751
     3  C   4.0   0.099   3.243     1.78560   -13.30405     3.78531
     4  O   6.0  -0.111   1.085     1.60022   -11.02561     3.94121
     5  C   4.0  -0.007   3.366     2.99994   -14.98609     5.63989
     6  C   4.0  -0.057   3.149     4.26228   -14.24797     7.82819
     7  C   4.0   0.002   3.508     5.21149   -16.22386     9.21733
     8  C   4.0   0.003   3.506     4.91253   -18.75421     8.49186
     9  C   4.0  -0.059   3.153     3.67495   -19.50670     6.33625
    10  C   4.0  -0.007   3.358     2.70117   -17.52211     4.88589
    11  C   4.0  -0.008   3.321     1.30013   -17.57993     2.51031
    12  C   4.0  -0.037   3.120     0.69977   -19.71003     1.16785
    13  C   4.0   0.235   2.164    -0.61341   -19.76219    -1.15235
    14  N   5.0  -0.214   1.027    -1.66938   -19.98725    -3.03584
    15  C   4.0   0.236   2.165     1.30845   -22.19540     1.91845
    16  N   5.0  -0.215   1.026     1.72645   -24.26824     2.40468
    17  C   4.0  -0.105   4.484     6.29581   -19.73006    10.78485
    18  C   4.0  -0.102   4.328     4.69521   -20.83102    12.97429
    19  C   4.0  -0.062   3.280     2.14541   -19.56339    12.83502
    20  C   4.0  -0.062   3.280     2.44171   -17.16967    13.51683
    21  C   4.0  -0.102   4.327     5.19845   -16.77529    14.12835
    22  C   4.0  -0.169   4.322     5.86174   -19.38802    15.20927
    23  C   4.0  -0.105   4.483     6.64012   -16.91116    11.58496
    24  C   4.0  -0.003   3.263    -1.20262   -11.66755    -0.94543
    25  C   4.0  -0.020   3.454    -3.67174   -10.91770    -1.62195
    26  C   4.0  -0.088   3.353    -5.90898   -12.40511    -1.69168
    27  C   4.0  -0.075   3.189    -7.99827   -11.09874    -2.38635
    28  C   4.0  -0.180   4.095   -10.61213   -12.07459    -2.74558
    29  C   4.0  -0.243   4.033   -11.31946   -12.15434    -5.54824
    30  S   6.0   0.221   2.581    -7.35349    -7.92135    -2.95837
    31  C   4.0  -0.088   3.308    -4.17365    -8.37073    -2.24273
    32  C   4.0  -0.002   3.303    -2.31113    -6.52674    -2.30943
    33  C   4.0  -0.019   3.465     0.17593    -7.29718    -1.82585
    34  C   4.0  -0.090   3.306     0.68295    -9.83243    -1.15916
    35  S   6.0   0.226   2.636     3.90285   -10.32282    -0.81447
    36  C   4.0  -0.073   3.192     4.54385    -7.14392    -1.41314
    37  C   4.0  -0.180   4.095     7.19664    -6.21777    -1.26536
    38  C   4.0  -0.244   4.034     8.13943    -6.22948     1.46775
    39  C   4.0  -0.087   3.359     2.41942    -5.80732    -1.87347
    40  C   4.0   0.007   3.260    -2.87975    -3.86184    -2.81059
    41  C   4.0   0.095   3.554    -1.71190    -2.49557    -4.77269
    42  N   5.0  -0.072   2.289    -0.12264    -3.24296    -6.60270
    43  N   5.0  -0.168   3.559     0.36150    -1.18410    -7.86220
    44  C   4.0  -0.082   4.090     1.96229    -1.19809   -10.05202
    45  C   4.0  -0.237   4.028     0.43180    -0.55010   -12.40529
    46  N   5.0  -0.074   2.295    -0.72282     0.88477    -7.08515
    47  C   4.0   0.096   3.560    -2.10950     0.15307    -5.09546
    48  C   4.0   0.007   3.261    -3.67419     1.55468    -3.45952
    49  C   4.0   0.023   3.236    -4.89439     0.14589    -1.64123
    50  C   4.0   0.024   3.233    -4.50945    -2.47403    -1.32791
    51  F   7.0  -0.028   1.085    -5.72681    -3.59010     0.60055
    52  F   7.0  -0.029   1.091    -6.54809     1.26328    -0.07011
    53  C   4.0  -0.002   3.302    -3.79759     4.31406    -3.62355
    54  C   4.0  -0.018   3.456    -4.36621     5.55220    -5.89538
    55  C   4.0  -0.087   3.355    -5.13987     4.48016    -8.24317
    56  C   4.0  -0.073   3.190    -5.50968     6.20662   -10.08585
    57  C   4.0  -0.180   4.093    -6.37461     5.78899   -12.73071
    58  C   4.0  -0.244   4.033    -9.05217     6.80490   -13.12604
    59  S   6.0   0.217   2.577    -4.91858     9.28838    -9.04007
    60  C   4.0  -0.092   3.314    -4.22410     8.20935    -6.02218
    61  C   4.0  -0.003   3.267    -3.48088     9.72623    -3.98808
    62  C   4.0  -0.019   3.455    -3.08876     8.48147    -1.66655
    63  C   4.0  -0.088   3.313    -3.21518     5.81544    -1.55014
    64  S   6.0   0.224   2.602    -2.44795     4.73055     1.45981
    65  C   4.0  -0.076   3.195    -2.17621     7.80797     2.57683
    66  C   4.0  -0.180   4.096    -1.44961     8.26358     5.25476
    67  C   4.0  -0.243   4.034     1.39386     7.86466     5.60701
    68  C   4.0  -0.087   3.369    -2.57494     9.54690     0.74134
    69  C   4.0  -0.069   3.189    -3.19647    12.39849    -4.33144
    70  C   4.0  -0.003   3.272    -1.35645    13.87191    -3.30872
    71  C   4.0   0.101   3.226     1.02177    12.91741    -2.15561
    72  O   6.0  -0.106   1.063     1.67675    10.74082    -1.86025
    73  C   4.0  -0.007   3.366     2.54603    15.17960    -1.58926
    74  C   4.0  -0.057   3.149     4.92141    15.22061    -0.45580
    75  C   4.0   0.002   3.507     5.89198    17.60431    -0.12056
    76  C   4.0   0.003   3.507     4.60583    19.79016    -0.88458
    77  C   4.0  -0.059   3.153     2.27504    19.77428    -2.02975
    78  C   4.0  -0.007   3.357     1.24023    17.36545    -2.36726
    79  C   4.0  -0.007   3.321    -1.18372    16.60937    -3.44743
    80  C   4.0  -0.037   3.121    -3.01695    18.21790    -4.31576
    81  C   4.0   0.235   2.162    -5.41350    17.48148    -5.22604
    82  N   5.0  -0.215   1.027    -7.41188    17.06271    -5.96227
    83  C   4.0   0.236   2.163    -2.78432    20.87221    -4.39550
    84  N   5.0  -0.215   1.026    -2.72498    23.03746    -4.52608
    85  C   4.0  -0.105   4.485     6.66658    21.51434     0.06614
    86  C   4.0  -0.102   4.328     6.20510    22.91293     2.59573
    87  C   4.0  -0.062   3.281     4.38114    21.30949     4.08880
    88  C   4.0  -0.062   3.280     5.59680    19.24081     4.81332
    89  C   4.0  -0.102   4.327     8.26509    19.40786     3.82235
    90  C   4.0  -0.169   4.322     8.68537    22.27798     3.96805
    91  C   4.0  -0.105   4.482     8.09748    19.07905     0.91841
    92  H   1.0   0.076   1.011    -1.80828   -15.64674    -1.17957
    93  H   1.0   0.075   1.004     4.44067   -12.27642     8.31536
    94  H   1.0   0.077   1.006     3.46443   -21.46086     5.80732
    95  H   1.0   0.088   1.004     7.98560   -20.84179    10.41466
    96  H   1.0   0.087   1.003     4.68369   -22.88194    13.07350
    97  H   1.0   0.078   1.002     0.46072   -20.48104    12.17097
    98  H   1.0   0.078   1.002     1.05466   -15.68737    13.53535
    99  H   1.0   0.087   1.003     5.64745   -15.13330    15.27768
   100  H   1.0   0.085   1.002     4.90951   -19.77655    16.99166
   101  H   1.0   0.086   1.002     7.88545   -19.69888    15.41979
   102  H   1.0   0.088   1.004     8.55649   -16.17851    11.72802
   103  H   1.0   0.079   1.005    -5.95642   -14.38913    -1.25497
   104  H   1.0   0.081   1.005   -11.94590   -10.85553    -1.74573
   105  H   1.0   0.081   1.004   -10.73327   -13.97074    -1.94169
   106  H   1.0   0.081   1.000   -11.22252   -10.26896    -6.36082
   107  H   1.0   0.081   0.999   -13.22997   -12.87262    -5.77727
   108  H   1.0   0.081   0.999   -10.02783   -13.37888    -6.57587
   109  H   1.0   0.081   1.005     8.41722    -7.42870    -2.40959
   110  H   1.0   0.081   1.004     7.27941    -4.30177    -2.02749
   111  H   1.0   0.081   0.998    10.07791    -5.55523     1.55827
   112  H   1.0   0.081   1.001     8.06403    -8.13470     2.23460
   113  H   1.0   0.081   0.999     6.95967    -5.01477     2.63201
   114  H   1.0   0.081   1.006     2.42622    -3.81347    -2.25671
   115  H   1.0   0.082   1.003     3.45499     0.20277    -9.77404
   116  H   1.0   0.083   1.004     2.78205    -3.08554   -10.17769
   117  H   1.0   0.082   0.999    -1.03387    -1.95606   -12.71786
   118  H   1.0   0.082   0.999     1.66182    -0.50342   -14.04728
   119  H   1.0   0.082   1.000    -0.44787     1.29238   -12.17418
   120  H   1.0   0.080   1.006    -5.40802     2.48556    -8.51454
   121  H   1.0   0.081   1.004    -6.32586     3.76585   -13.13586
   122  H   1.0   0.080   1.005    -5.09073     6.74519   -14.03632
   123  H   1.0   0.081   0.999    -9.65442     6.48856   -15.06414
   124  H   1.0   0.081   0.999   -10.36912     5.85834   -11.86370
   125  H   1.0   0.081   1.000    -9.11207     8.82237   -12.73921
   126  H   1.0   0.081   1.005    -2.48027     6.97007     6.48970
   127  H   1.0   0.081   1.004    -1.94944    10.19961     5.76593
   128  H   1.0   0.081   0.999     2.44134     9.09922     4.34089
   129  H   1.0   0.081   0.998     1.93829     8.27681     7.54454
   130  H   1.0   0.081   1.000     1.89521     5.91805     5.17955
   131  H   1.0   0.080   1.006    -2.53563    11.54755     1.09699
   132  H   1.0   0.075   1.013    -4.53685    13.24698    -5.62836
   133  H   1.0   0.075   1.004     5.84568    13.48886     0.09524
   134  H   1.0   0.077   1.006     1.31978    21.47239    -2.61859
   135  H   1.0   0.088   1.004     7.56155    22.71602    -1.34227
   136  H   1.0   0.087   1.003     5.71396    24.89657     2.39579
   137  H   1.0   0.078   1.002     2.42546    21.77947     4.36376
   138  H   1.0   0.078   1.002     4.86000    17.63587     5.81506
   139  H   1.0   0.087   1.003     9.65064    18.20052     4.73943
   140  H   1.0   0.086   1.002    10.36515    22.91274     2.96252
   141  H   1.0   0.085   1.002     8.72638    22.97869     5.90237
   142  H   1.0   0.088   1.004     9.92824    18.68807     0.06652
 
  Z AO/shell   Hii/eV     exponent
  1     Sat Feb 20 21:38:01 CET 2016    EN: 2.327 GAM: 0.473  GM3: 0.0000
     1s    -13.751157    1.051071
  6     Sat Feb 20 21:38:01 CET 2016    EN: 2.731 GAM: 0.422  GM3: 0.0000
     2s    -19.378245    2.021003
     2p    -11.993376    1.497917
  7     Sat Feb 20 21:38:01 CET 2016    EN: 3.573 GAM: 0.504  GM3: 0.0000
     2s    -21.576984    2.275442
     2p    -16.125120    2.056788
  8     Sat Feb 20 21:38:01 CET 2016    EN: 3.700 GAM: 0.587  GM3: 0.0000
     2s    -21.648843    2.110798
     2p    -17.239740    2.329048
  9     Sat Feb 20 21:51:24 CET 2016    EN: 3.394 GAM: 0.669  GM3: 0.0000
     2s    -19.384211    2.614957
     2p    -19.426034    2.777297
 16     Sat Feb 20 23:13:41 CET 2016    EN: 1.915 GAM: 0.389  GM3: 0.0000
     3s    -22.000000    2.671470
     3p    -15.834192    1.836978
     3d     -2.593599    1.836978
 
 dipole moment of classical point charges (au)
     X       Y       Z   
   0.3168   0.0948   0.3792  total (Debye):    1.279

 
 Nbf   :          439
 T(el) :   300.0
 calculating S/T integrals ...
 cpu time for ints   0.530593000000000     
 Nao   :          435
 making H0...
 making H1...
 cpu time for H      0.203300000000000     
 solving ...
 cpu time for diag   0.182689000000000     
 
 gap (eV)           :   2.547
 Koopmans IP (eV)   :  12.857
 Eel (Eh)           :  -344.374641
 T,E(Fermi),NFOD :    300.000   -11.584  0.000000
 T,E(Fermi),NFOD :    300.000   -11.584  0.000000
 Nfod               :  0.0000
 Nfod/Nel           :  0.0000

          eigenvalues
 #    :         208        209        210        211        212        213        214        215
 occ. :        2.000      2.000      2.000      2.000      2.000      2.000      2.000      2.000
 eps  :       -15.289    -15.233    -15.174    -15.000    -14.942    -14.582    -14.558    -14.528
 #    :         216        217        218        219        220        221        222        223
 occ. :        2.000      2.000      2.000      2.000      2.000      0.000      0.000      0.000
 eps  :       -14.459    -13.885    -13.782    -13.079    -12.859    -10.312     -9.760     -9.747
 #    :         224        225        226        227        228        229        230        231
 occ. :        0.000      0.000      0.000      0.000      0.000      0.000      0.000      0.000
 eps  :        -9.453     -9.396     -8.613     -8.115     -7.559     -7.514     -7.467     -7.342
                            1  SCC done.
 making H1...
 cpu time for H      0.255080000000000     
 solving ...
 cpu time for diag   0.106895000000000     
 
 gap (eV)           :   2.662
 Koopmans IP (eV)   :  12.722
 Eel (Eh)           :  -343.007752
 T,E(Fermi),NFOD :    300.000   -11.391  0.000000
 T,E(Fermi),NFOD :    300.000   -11.391  0.000000
 Nfod               :  0.0000
 Nfod/Nel           :  0.0000

          eigenvalues
 #    :         208        209        210        211        212        213        214        215
 occ. :        2.000      2.000      2.000      2.000      2.000      2.000      2.000      2.000
 eps  :       -15.175    -14.901    -14.876    -14.844    -14.404    -14.363    -14.185    -14.150
 #    :         216        217        218        219        220        221        222        223
 occ. :        2.000      2.000      2.000      2.000      2.000      0.000      0.000      0.000
 eps  :       -14.114    -13.940    -13.879    -12.971    -12.723    -10.061     -9.789     -9.710
 #    :         224        225        226        227        228        229        230        231
 occ. :        0.000      0.000      0.000      0.000      0.000      0.000      0.000      0.000
 eps  :        -9.314     -9.272     -8.467     -7.895     -7.637     -7.596     -7.446     -7.258
                            2  SCC done.
 
 
 Mulliken/CM5 charges    n(s)   n(p)   n(d)   
    1 C  -0.0035 -0.0517   1.166  2.837  0.000
    2 C  -0.0170 -0.0188   1.180  2.837  0.000
    3 C   0.1373  0.1733   1.176  2.686  0.000
    4 O  -0.2217 -0.2675   1.628  4.593  0.000
    5 C  -0.0177 -0.0193   1.188  2.830  0.000
    6 C  -0.0143 -0.0634   1.151  2.863  0.000
    7 C  -0.0085 -0.0160   1.209  2.800  0.000
    8 C  -0.0111 -0.0188   1.208  2.803  0.000
    9 C  -0.0257 -0.0750   1.153  2.873  0.000
   10 C  -0.0061 -0.0093   1.175  2.832  0.000
   11 C   0.0189  0.0184   1.198  2.783  0.000
   12 C   0.0113  0.0176   1.117  2.872  0.000
   13 C   0.1005  0.2185   1.171  2.728  0.000
   14 N  -0.2077 -0.3378   1.642  3.566  0.000
   15 C   0.1005  0.2194   1.171  2.729  0.000
   16 N  -0.2071 -0.3371   1.642  3.565  0.000
   17 C  -0.0290 -0.0844   1.218  2.811  0.000
   18 C  -0.0209 -0.0812   1.194  2.827  0.000
   19 C  -0.0517 -0.1094   1.165  2.886  0.000
   20 C  -0.0516 -0.1092   1.165  2.886  0.000
   21 C  -0.0211 -0.0814   1.194  2.827  0.000
   22 C  -0.0568 -0.1595   1.164  2.893  0.000
   23 C  -0.0310 -0.0864   1.219  2.812  0.000
   24 C   0.0092  0.0066   1.154  2.837  0.000
   25 C  -0.0280 -0.0303   1.174  2.854  0.000
   26 C  -0.0839 -0.1338   1.136  2.948  0.000
   27 C  -0.0196 -0.0192   1.197  2.823  0.000
   28 C  -0.0244 -0.1291   1.118  2.906  0.000
   29 C  -0.0860 -0.2369   1.096  2.990  0.000
   30 S   0.0761  0.0403   1.887  3.997  0.041
   31 C  -0.0186 -0.0050   1.172  2.847  0.000
   32 C   0.0153  0.0173   1.163  2.822  0.000
   33 C  -0.0195 -0.0202   1.170  2.850  0.000
   34 C  -0.0141 -0.0001   1.175  2.840  0.000
   35 S   0.0777  0.0423   1.886  3.995  0.041
   36 C  -0.0213 -0.0208   1.195  2.826  0.000
   37 C  -0.0250 -0.1297   1.119  2.906  0.000
   38 C  -0.0865 -0.2374   1.096  2.990  0.000
   39 C  -0.0783 -0.1266   1.135  2.943  0.000
   40 C   0.0257  0.0319   1.157  2.817  0.000
   41 C   0.0187  0.1121   1.193  2.789  0.000
   42 N  -0.1564 -0.2627   1.611  3.545  0.000
   43 N  -0.0214 -0.1455   1.328  3.693  0.000
   44 C   0.0771  0.0419   1.142  2.781  0.000
   45 C  -0.0732 -0.2175   1.090  2.983  0.000
   46 N  -0.1576 -0.2657   1.610  3.548  0.000
   47 C   0.0185  0.1124   1.193  2.788  0.000
   48 C   0.0241  0.0304   1.157  2.818  0.000
   49 C   0.1015  0.1223   1.168  2.731  0.000
   50 C   0.1016  0.1223   1.168  2.730  0.000
   51 F  -0.1137 -0.1365   1.676  5.437  0.000
   52 F  -0.1145 -0.1373   1.677  5.438  0.000
   53 C   0.0169  0.0189   1.163  2.820  0.000
   54 C  -0.0209 -0.0215   1.168  2.853  0.000
   55 C  -0.0764 -0.1247   1.135  2.941  0.000
   56 C  -0.0241 -0.0238   1.196  2.828  0.000
   57 C  -0.0250 -0.1297   1.119  2.906  0.000
   58 C  -0.0864 -0.2374   1.096  2.990  0.000
   59 S   0.0721  0.0345   1.887  4.000  0.041
   60 C  -0.0222 -0.0097   1.177  2.845  0.000
   61 C   0.0088  0.0062   1.154  2.837  0.000
   62 C  -0.0178 -0.0187   1.172  2.846  0.000
   63 C  -0.0174 -0.0037   1.174  2.844  0.000
   64 S   0.0787  0.0428   1.886  3.994  0.041
   65 C  -0.0152 -0.0145   1.196  2.819  0.000
   66 C  -0.0243 -0.1291   1.118  2.906  0.000
   67 C  -0.0863 -0.2372   1.097  2.990  0.000
   68 C  -0.0768 -0.1251   1.135  2.942  0.000
   69 C  -0.0013 -0.0490   1.166  2.835  0.000
   70 C  -0.0196 -0.0224   1.180  2.840  0.000
   71 C   0.1370  0.1715   1.177  2.686  0.000
   72 O  -0.2224 -0.2700   1.628  4.595  0.000
   73 C  -0.0209 -0.0226   1.188  2.832  0.000
   74 C  -0.0155 -0.0647   1.151  2.865  0.000
   75 C  -0.0098 -0.0173   1.209  2.801  0.000
   76 C  -0.0106 -0.0183   1.208  2.803  0.000
   77 C  -0.0254 -0.0748   1.153  2.873  0.000
   78 C  -0.0061 -0.0093   1.175  2.831  0.000
   79 C   0.0163  0.0157   1.198  2.786  0.000
   80 C   0.0120  0.0183   1.116  2.872  0.000
   81 C   0.0986  0.2169   1.171  2.730  0.000
   82 N  -0.2053 -0.3349   1.642  3.563  0.000
   83 C   0.0999  0.2187   1.171  2.729  0.000
   84 N  -0.2073 -0.3372   1.642  3.565  0.000
   85 C  -0.0286 -0.0840   1.218  2.811  0.000
   86 C  -0.0206 -0.0809   1.194  2.827  0.000
   87 C  -0.0511 -0.1088   1.165  2.886  0.000
   88 C  -0.0525 -0.1102   1.165  2.887  0.000
   89 C  -0.0213 -0.0817   1.194  2.827  0.000
   90 C  -0.0566 -0.1593   1.164  2.893  0.000
   91 C  -0.0310 -0.0864   1.219  2.812  0.000
   92 H   0.0657  0.1327   0.934  0.000  0.000
   93 H   0.0516  0.1104   0.948  0.000  0.000
   94 H   0.0532  0.1173   0.947  0.000  0.000
   95 H   0.0467  0.1049   0.953  0.000  0.000
   96 H   0.0458  0.1033   0.954  0.000  0.000
   97 H   0.0458  0.1025   0.954  0.000  0.000
   98 H   0.0461  0.1027   0.954  0.000  0.000
   99 H   0.0451  0.1026   0.955  0.000  0.000
  100 H   0.0404  0.0968   0.960  0.000  0.000
  101 H   0.0324  0.0890   0.968  0.000  0.000
  102 H   0.0464  0.1046   0.954  0.000  0.000
  103 H   0.0472  0.1059   0.953  0.000  0.000
  104 H   0.0450  0.1011   0.955  0.000  0.000
  105 H   0.0407  0.0966   0.959  0.000  0.000
  106 H   0.0317  0.0851   0.968  0.000  0.000
  107 H   0.0362  0.0879   0.964  0.000  0.000
  108 H   0.0306  0.0832   0.969  0.000  0.000
  109 H   0.0429  0.0990   0.957  0.000  0.000
  110 H   0.0403  0.0962   0.960  0.000  0.000
  111 H   0.0343  0.0860   0.966  0.000  0.000
  112 H   0.0320  0.0857   0.968  0.000  0.000
  113 H   0.0310  0.0837   0.969  0.000  0.000
  114 H   0.0485  0.1118   0.951  0.000  0.000
  115 H   0.0569  0.1256   0.943  0.000  0.000
  116 H   0.0580  0.1295   0.942  0.000  0.000
  117 H   0.0349  0.0903   0.965  0.000  0.000
  118 H   0.0461  0.0985   0.954  0.000  0.000
  119 H   0.0376  0.0954   0.962  0.000  0.000
  120 H   0.0491  0.1113   0.951  0.000  0.000
  121 H   0.0403  0.0962   0.960  0.000  0.000
  122 H   0.0439  0.0999   0.956  0.000  0.000
  123 H   0.0357  0.0874   0.964  0.000  0.000
  124 H   0.0301  0.0827   0.970  0.000  0.000
  125 H   0.0325  0.0859   0.968  0.000  0.000
  126 H   0.0442  0.1004   0.956  0.000  0.000
  127 H   0.0397  0.0956   0.960  0.000  0.000
  128 H   0.0315  0.0846   0.969  0.000  0.000
  129 H   0.0343  0.0860   0.966  0.000  0.000
  130 H   0.0320  0.0852   0.968  0.000  0.000
  131 H   0.0448  0.1072   0.955  0.000  0.000
  132 H   0.0643  0.1316   0.936  0.000  0.000
  133 H   0.0512  0.1100   0.949  0.000  0.000
  134 H   0.0535  0.1176   0.946  0.000  0.000
  135 H   0.0468  0.1051   0.953  0.000  0.000
  136 H   0.0460  0.1036   0.954  0.000  0.000
  137 H   0.0459  0.1025   0.954  0.000  0.000
  138 H   0.0454  0.1020   0.955  0.000  0.000
  139 H   0.0450  0.1025   0.955  0.000  0.000
  140 H   0.0326  0.0892   0.967  0.000  0.000
  141 H   0.0404  0.0968   0.960  0.000  0.000
  142 H   0.0465  0.1047   0.953  0.000  0.000
 Hirshfeld charges for QMDFF written to <charges>
 
 Loewdin charges    n(s)   n(p)   n(d)
    1 C   0.0062   1.112  2.881  0.000
    2 C  -0.0233   1.142  2.882  0.000
    3 C   0.1286   1.142  2.730  0.000
    4 O  -0.2063   1.598  4.609  0.000
    5 C  -0.0196   1.148  2.872  0.000
    6 C  -0.0103   1.098  2.913  0.000
    7 C  -0.0041   1.169  2.836  0.000
    8 C  -0.0060   1.167  2.838  0.000
    9 C  -0.0238   1.100  2.923  0.000
   10 C  -0.0023   1.132  2.870  0.000
   11 C   0.0296   1.154  2.816  0.000
   12 C   0.0002   1.075  2.925  0.000
   13 C   0.0945   1.137  2.768  0.000
   14 N  -0.1968   1.604  3.593  0.000
   15 C   0.0941   1.137  2.769  0.000
   16 N  -0.1961   1.604  3.592  0.000
   17 C  -0.0226   1.172  2.850  0.000
   18 C  -0.0112   1.146  2.865  0.000
   19 C  -0.0442   1.114  2.930  0.000
   20 C  -0.0440   1.114  2.930  0.000
   21 C  -0.0114   1.146  2.865  0.000
   22 C  -0.0523   1.106  2.946  0.000
   23 C  -0.0246   1.173  2.851  0.000
   24 C   0.0081   1.113  2.879  0.000
   25 C  -0.0245   1.133  2.892  0.000
   26 C  -0.0855   1.086  2.999  0.000
   27 C   0.0090   1.151  2.841  0.000
   28 C  -0.0180   1.056  2.962  0.000
   29 C  -0.0871   1.023  3.064  0.000
   30 S   0.0380   1.873  3.995  0.094
   31 C   0.0019   1.127  2.871  0.000
   32 C   0.0140   1.122  2.864  0.000
   33 C  -0.0178   1.129  2.889  0.000
   34 C   0.0069   1.130  2.863  0.000
   35 S   0.0393   1.873  3.994  0.095
   36 C   0.0065   1.149  2.844  0.000
   37 C  -0.0185   1.056  2.962  0.000
   38 C  -0.0878   1.023  3.064  0.000
   39 C  -0.0800   1.086  2.994  0.000
   40 C   0.0211   1.117  2.862  0.000
   41 C   0.0099   1.159  2.831  0.000
   42 N  -0.1550   1.589  3.566  0.000
   43 N   0.0157   1.296  3.688  0.000
   44 C   0.0778   1.084  2.839  0.000
   45 C  -0.0740   1.016  3.058  0.000
   46 N  -0.1561   1.588  3.568  0.000
   47 C   0.0096   1.160  2.830  0.000
   48 C   0.0196   1.117  2.863  0.000
   49 C   0.0886   1.135  2.776  0.000
   50 C   0.0886   1.135  2.776  0.000
   51 F  -0.0963   1.659  5.437  0.000
   52 F  -0.0971   1.660  5.437  0.000
   53 C   0.0158   1.123  2.862  0.000
   54 C  -0.0194   1.127  2.892  0.000
   55 C  -0.0778   1.086  2.992  0.000
   56 C   0.0037   1.150  2.847  0.000
   57 C  -0.0185   1.056  2.962  0.000
   58 C  -0.0876   1.023  3.065  0.000
   59 S   0.0340   1.873  3.998  0.095
   60 C   0.0005   1.132  2.868  0.000
   61 C   0.0076   1.112  2.880  0.000
   62 C  -0.0153   1.131  2.885  0.000
   63 C   0.0029   1.129  2.868  0.000
   64 S   0.0403   1.873  3.992  0.095
   65 C   0.0132   1.150  2.837  0.000
   66 C  -0.0179   1.056  2.962  0.000
   67 C  -0.0875   1.024  3.064  0.000
   68 C  -0.0791   1.086  2.993  0.000
   69 C   0.0088   1.112  2.879  0.000
   70 C  -0.0259   1.142  2.884  0.000
   71 C   0.1283   1.142  2.729  0.000
   72 O  -0.2073   1.597  4.610  0.000
   73 C  -0.0227   1.148  2.874  0.000
   74 C  -0.0115   1.098  2.914  0.000
   75 C  -0.0054   1.169  2.837  0.000
   76 C  -0.0055   1.167  2.838  0.000
   77 C  -0.0235   1.100  2.923  0.000
   78 C  -0.0022   1.133  2.870  0.000
   79 C   0.0271   1.154  2.819  0.000
   80 C   0.0008   1.075  2.924  0.000
   81 C   0.0925   1.137  2.770  0.000
   82 N  -0.1945   1.604  3.591  0.000
   83 C   0.0936   1.137  2.770  0.000
   84 N  -0.1963   1.604  3.592  0.000
   85 C  -0.0222   1.172  2.850  0.000
   86 C  -0.0109   1.146  2.865  0.000
   87 C  -0.0436   1.114  2.929  0.000
   88 C  -0.0450   1.114  2.931  0.000
   89 C  -0.0117   1.146  2.866  0.000
   90 C  -0.0521   1.106  2.946  0.000
   91 C  -0.0246   1.173  2.851  0.000
   92 H   0.0546   0.945  0.000  0.000
   93 H   0.0413   0.959  0.000  0.000
   94 H   0.0430   0.957  0.000  0.000
   95 H   0.0387   0.961  0.000  0.000
   96 H   0.0379   0.962  0.000  0.000
   97 H   0.0375   0.963  0.000  0.000
   98 H   0.0377   0.962  0.000  0.000
   99 H   0.0374   0.963  0.000  0.000
  100 H   0.0361   0.964  0.000  0.000
  101 H   0.0291   0.971  0.000  0.000
  102 H   0.0385   0.961  0.000  0.000
  103 H   0.0403   0.960  0.000  0.000
  104 H   0.0404   0.960  0.000  0.000
  105 H   0.0366   0.963  0.000  0.000
  106 H   0.0313   0.969  0.000  0.000
  107 H   0.0357   0.964  0.000  0.000
  108 H   0.0301   0.970  0.000  0.000
  109 H   0.0387   0.961  0.000  0.000
  110 H   0.0363   0.964  0.000  0.000
  111 H   0.0341   0.966  0.000  0.000
  112 H   0.0316   0.968  0.000  0.000
  113 H   0.0304   0.970  0.000  0.000
  114 H   0.0409   0.959  0.000  0.000
  115 H   0.0495   0.950  0.000  0.000
  116 H   0.0504   0.950  0.000  0.000
  117 H   0.0336   0.966  0.000  0.000
  118 H   0.0453   0.955  0.000  0.000
  119 H   0.0361   0.964  0.000  0.000
  120 H   0.0413   0.959  0.000  0.000
  121 H   0.0363   0.964  0.000  0.000
  122 H   0.0395   0.961  0.000  0.000
  123 H   0.0353   0.965  0.000  0.000
  124 H   0.0297   0.970  0.000  0.000
  125 H   0.0319   0.968  0.000  0.000
  126 H   0.0397   0.960  0.000  0.000
  127 H   0.0358   0.964  0.000  0.000
  128 H   0.0309   0.969  0.000  0.000
  129 H   0.0341   0.966  0.000  0.000
  130 H   0.0314   0.969  0.000  0.000
  131 H   0.0378   0.962  0.000  0.000
  132 H   0.0531   0.947  0.000  0.000
  133 H   0.0410   0.959  0.000  0.000
  134 H   0.0432   0.957  0.000  0.000
  135 H   0.0389   0.961  0.000  0.000
  136 H   0.0381   0.962  0.000  0.000
  137 H   0.0376   0.962  0.000  0.000
  138 H   0.0371   0.963  0.000  0.000
  139 H   0.0373   0.963  0.000  0.000
  140 H   0.0292   0.971  0.000  0.000
  141 H   0.0361   0.964  0.000  0.000
  142 H   0.0386   0.961  0.000  0.000
 
 Wiberg/Mayer (AO) data. WBOs > 0.1 written file <wbo>
 largest (>0.05) Wiberg bond orders for each atom
           total WBO             WBO to atom ...
     1  C   3.930    C    2 1.620    C   24 1.108    H   92 0.919    O    4 0.057
     2  C   3.926    C    1 1.620    C   11 1.071    C    3 0.980    O    4 0.065
     3  C   3.910    O    4 1.800    C    5 0.991    C    2 0.980
     4  O   2.154    C    3 1.800    C    2 0.065    C    5 0.061    C    1 0.057
     5  C   3.936    C    6 1.355    C   10 1.283    C    3 0.991    C    8 0.089    O    4 0.061
     6  C   3.962    C    7 1.425    C    5 1.355    H   93 0.941    C    9 0.084
     7  C   3.917    C    6 1.425    C    8 1.307    C   23 0.951    C   10 0.089
     8  C   3.929    C    9 1.433    C    7 1.307    C   17 0.953    C    5 0.089
     9  C   3.956    C    8 1.433    C   10 1.342    H   94 0.934    C    6 0.084
    10  C   3.949    C    9 1.342    C    5 1.283    C   11 1.056    C    7 0.089
    11  C   3.933    C   12 1.484    C    2 1.071    C   10 1.056    N   16 0.094    N   14 0.094
    12  C   3.946    C   11 1.484    C   13 1.058    C   15 1.058    N   14 0.078    N   16 0.078
    13  C   3.940    N   14 2.786    C   12 1.058
    14  N   3.048    C   13 2.786    C   11 0.094    C   12 0.078
    15  C   3.940    N   16 2.791    C   12 1.058
    16  N   3.051    C   15 2.791    C   11 0.094    C   12 0.078
    17  C   3.931    C    8 0.953    C   23 0.949    H   95 0.941    C   18 0.925
    18  C   3.949    C   19 0.991    C   22 0.969    H   96 0.947    C   17 0.925
    19  C   3.964    C   20 1.937    C   18 0.991    H   97 0.937
    20  C   3.964    C   19 1.937    C   21 0.991    H   98 0.937
    21  C   3.948    C   20 0.991    C   22 0.969    H   99 0.947    C   23 0.925
    22  C   3.962    C   21 0.969    C   18 0.969    H  101 0.964    H  100 0.958
    23  C   3.928    C    7 0.951    C   17 0.949    H  102 0.941    C   21 0.925
    24  C   3.942    C   34 1.317    C   25 1.241    C    1 1.108    C   32 0.081
    25  C   3.937    C   31 1.252    C   24 1.241    C   26 1.174    C   33 0.054
    26  C   3.956    C   27 1.651    C   25 1.174    H  103 0.937    S   30 0.077
    27  C   3.908    C   26 1.651    S   30 1.093    C   28 0.997
    28  C   3.973    C   27 0.997    C   29 0.988    H  105 0.964    H  104 0.962
    29  C   3.978    C   28 0.988    H  108 0.984    H  106 0.984    H  107 0.979
    30  S   2.459    C   27 1.093    C   31 1.079    C   26 0.077
    31  C   3.933    C   32 1.355    C   25 1.252    S   30 1.079    C   34 0.054
    32  C   3.934    C   31 1.355    C   33 1.278    C   40 0.994    C   24 0.081
    33  C   3.946    C   32 1.278    C   34 1.252    C   39 1.156    C   25 0.054
    34  C   3.931    C   24 1.317    C   33 1.252    S   35 1.096    C   31 0.054
    35  S   2.468    C   34 1.096    C   36 1.079    C   39 0.074
    36  C   3.916    C   39 1.674    S   35 1.079    C   37 0.997
    37  C   3.973    C   36 0.997    C   38 0.988    H  110 0.964    H  109 0.962
    38  C   3.978    C   37 0.988    H  113 0.984    H  112 0.983    H  111 0.979
    39  C   3.956    C   36 1.674    C   33 1.156    H  114 0.936    S   35 0.074
    40  C   3.934    C   50 1.452    C   41 1.198    C   32 0.994    C   48 0.099
    41  C   3.936    N   42 1.370    C   40 1.198    C   47 1.141    N   43 0.057
    42  N   2.993    C   41 1.370    N   43 1.213    N   46 0.242    C   50 0.056
    43  N   3.581    N   42 1.213    N   46 1.212    C   44 0.926    C   41 0.057    C   47 0.057
    44  C   3.911    C   45 1.007    H  116 0.971    H  115 0.968    N   43 0.926
    45  C   3.981    C   44 1.007    H  117 0.985    H  119 0.984    H  118 0.974
    46  N   2.994    C   47 1.374    N   43 1.212    N   42 0.242    C   49 0.055
    47  C   3.935    N   46 1.374    C   48 1.194    C   41 1.141    N   43 0.057
    48  C   3.935    C   49 1.450    C   47 1.194    C   53 1.002    C   40 0.099
    49  C   3.902    C   48 1.450    C   50 1.236    F   52 0.981    N   46 0.055
    50  C   3.903    C   40 1.452    C   49 1.236    F   51 0.981    N   42 0.056
    51  F   1.110    C   50 0.981
    52  F   1.109    C   49 0.981
    53  C   3.933    C   63 1.352    C   54 1.273    C   48 1.002    C   61 0.079
    54  C   3.941    C   53 1.273    C   60 1.260    C   55 1.155    C   62 0.053
    55  C   3.956    C   56 1.677    C   54 1.155    H  120 0.936    S   59 0.073
    56  C   3.915    C   55 1.677    S   59 1.075    C   57 0.997
    57  C   3.972    C   56 0.997    C   58 0.989    H  121 0.964    H  122 0.962
    58  C   3.978    C   57 0.989    H  124 0.984    H  125 0.983    H  123 0.979
    59  S   2.465    C   60 1.095    C   56 1.075    C   55 0.073
    60  C   3.929    C   61 1.304    C   54 1.260    S   59 1.095    C   63 0.054
    61  C   3.942    C   60 1.304    C   62 1.241    C   69 1.124    C   53 0.079
    62  C   3.938    C   63 1.249    C   61 1.241    C   68 1.178    C   54 0.053
    63  C   3.938    C   53 1.352    C   62 1.249    S   64 1.080    C   60 0.054
    64  S   2.465    C   65 1.096    C   63 1.080    C   68 0.077
    65  C   3.916    C   68 1.644    S   64 1.096    C   66 0.998
    66  C   3.973    C   65 0.998    C   67 0.986    H  127 0.964    H  126 0.963
    67  C   3.977    C   66 0.986    H  130 0.984    H  128 0.984    H  129 0.979
    68  C   3.956    C   65 1.644    C   62 1.178    H  131 0.936    S   64 0.077
    69  C   3.930    C   70 1.604    C   61 1.124    H  132 0.919    O   72 0.056
    70  C   3.931    C   69 1.604    C   79 1.077    C   71 0.980    O   72 0.066
    71  C   3.911    O   72 1.798    C   73 0.989    C   70 0.980
    72  O   2.157    C   71 1.798    C   70 0.066    C   73 0.061    C   69 0.056
    73  C   3.936    C   74 1.356    C   78 1.284    C   71 0.989    C   76 0.089    O   72 0.061
    74  C   3.962    C   75 1.424    C   73 1.356    H  133 0.941    C   77 0.084
    75  C   3.918    C   74 1.424    C   76 1.308    C   91 0.951    C   78 0.089
    76  C   3.929    C   77 1.432    C   75 1.308    C   85 0.953    C   73 0.089
    77  C   3.956    C   76 1.432    C   78 1.343    H  134 0.934    C   74 0.084
    78  C   3.948    C   77 1.343    C   73 1.284    C   79 1.054    C   75 0.089
    79  C   3.934    C   80 1.481    C   70 1.077    C   78 1.054    N   84 0.094    N   82 0.093
    80  C   3.944    C   79 1.481    C   83 1.059    C   81 1.058    N   82 0.078    N   84 0.078
    81  C   3.941    N   82 2.788    C   80 1.058
    82  N   3.050    C   81 2.788    C   79 0.093    C   80 0.078
    83  C   3.940    N   84 2.790    C   80 1.059
    84  N   3.049    C   83 2.790    C   79 0.094    C   80 0.078
    85  C   3.931    C   76 0.953    C   91 0.949    H  135 0.941    C   86 0.925
    86  C   3.948    C   87 0.991    C   90 0.969    H  136 0.947    C   85 0.925
    87  C   3.964    C   88 1.937    C   86 0.991    H  137 0.937
    88  C   3.964    C   87 1.937    C   89 0.991    H  138 0.937
    89  C   3.948    C   88 0.991    C   90 0.969    H  139 0.947    C   91 0.925
    90  C   3.962    C   89 0.969    C   86 0.969    H  140 0.964    H  141 0.958
    91  C   3.928    C   75 0.951    C   85 0.949    H  142 0.941    C   89 0.925
    92  H   0.992    C    1 0.919
    93  H   0.996    C    6 0.941
    94  H   0.995    C    9 0.934
    95  H   0.996    C   17 0.941
    96  H   0.997    C   18 0.947
    97  H   0.998    C   19 0.937
    98  H   0.998    C   20 0.937
    99  H   0.997    C   21 0.947
   100  H   0.996    C   22 0.958
   101  H   0.999    C   22 0.964
   102  H   0.995    C   23 0.941
   103  H   0.996    C   26 0.937
   104  H   0.995    C   28 0.962
   105  H   0.998    C   28 0.964
   106  H   0.999    C   29 0.984
   107  H   0.997    C   29 0.979
   108  H   0.999    C   29 0.984
   109  H   0.996    C   37 0.962
   110  H   0.998    C   37 0.964
   111  H   0.997    C   38 0.979
   112  H   0.999    C   38 0.983
   113  H   0.999    C   38 0.984
   114  H   0.996    C   39 0.936
   115  H   0.996    C   44 0.968
   116  H   0.996    C   44 0.971
   117  H   0.999    C   45 0.985
   118  H   0.997    C   45 0.974
   119  H   0.999    C   45 0.984
   120  H   0.995    C   55 0.936
   121  H   0.998    C   57 0.964
   122  H   0.996    C   57 0.962
   123  H   0.997    C   58 0.979
   124  H   0.999    C   58 0.984
   125  H   0.999    C   58 0.983
   126  H   0.996    C   66 0.963
   127  H   0.998    C   66 0.964
   128  H   0.999    C   67 0.984
   129  H   0.997    C   67 0.979
   130  H   0.999    C   67 0.984
   131  H   0.996    C   68 0.936
   132  H   0.990    C   69 0.919
   133  H   0.996    C   74 0.941
   134  H   0.995    C   77 0.934
   135  H   0.996    C   85 0.941
   136  H   0.997    C   86 0.947
   137  H   0.998    C   87 0.937
   138  H   0.998    C   88 0.937
   139  H   0.997    C   89 0.947
   140  H   0.999    C   90 0.964
   141  H   0.996    C   90 0.958
   142  H   0.995    C   91 0.941
 
 --------------------------------------------
          xTB calculation for sTDA...
 --------------------------------------------
 
 reading parameter file /ihome/ghutchison/blp62/xtb4stda/.param_stda2.xtb
 
      method parameters     
 k(s)        :  1.6000
 k(p)        :  2.1800
 k(d)        :  1.9500
 k(f)        :  2.0000
 k(R-V)      :  2.2750
 k(R-R)      :  1.7650
 Tscal       :  0.2580
 Gscal       :  1.0000
 fpol        :  1.0000
 Zcnf        :  0.3430
 Zqf         :  0.0000
 kcn         :  2.7000
 Ryd Hsplit  :  0.7000
 lshift(virt):  3.1000
 lshift(OS)  :  0.2000
 wllscaling  :  2.6000
 
 mowrcut     : 3.000
 
  Z AO/shell   Hii/eV     exponent
  1     Sun Feb 14 09:53:25 CET 2016    EN: 2.327 GAM: 0.473  GM3: 0.0000
     1s    -14.339618    1.220000
     2sp    -3.348946    0.600000
  6     Sun Feb 14 09:53:25 CET 2016    EN: 2.731 GAM: 0.422  GM3: 0.0000
     2s    -22.009312    1.565095
     2p    -13.020408    1.596905
     3sp    -3.914040    0.824500
  7     Sun Feb 14 09:53:25 CET 2016    EN: 3.573 GAM: 0.504  GM3: 0.0000
     2s    -25.722000    2.064844
     2p    -18.684912    1.801692
     3sp    -4.344791    0.921400
  8     Sun Feb 14 09:53:25 CET 2016    EN: 3.700 GAM: 0.587  GM3: 0.0000
     2s    -33.859000    2.418661
     2p    -22.175911    1.973969
     3sp    -4.259392    1.013700
  9     Sun Feb 21 12:20:01 CET 2016    EN: 3.394 GAM: 0.600  GM3: 0.0000
     2s    -26.548112    1.943768
     2p    -23.081168    2.552035
     3sp    -1.937199    1.103200
 16     Sun Feb 21 16:35:57 CET 2016    EN: 1.915 GAM: 0.200  GM3: 0.0000
     3s    -17.898811    2.619580
     3p    -15.317401    1.798798
     4sp    -4.455139    0.843200
 
 Nbf   :          983
 T(el) :     0.0
 calculating S/T integrals ...
 cpu time for ints    2.27069200000000     
 Nao   :          983
 making H0...
 making H1...
 cpu time for H      2.576599999999996E-002
 solving ...
 cpu time for diag    2.35868900000000     
 
 gap (eV)           :   5.222
 Koopmans IP (eV)   :  14.074
 Eel (Eh)           :  -381.202891

          eigenvalues
 #    :         208        209        210        211        212        213        214        215
 occ. :        2.000      2.000      2.000      2.000      2.000      2.000      2.000      2.000
 eps  :       -16.134    -16.073    -15.987    -15.965    -15.816    -15.750    -15.704    -15.589
 #    :         216        217        218        219        220        221        222        223
 occ. :        2.000      2.000      2.000      2.000      2.000      0.000      0.000      0.000
 eps  :       -15.541    -14.928    -14.905    -14.198    -14.075     -8.853     -8.805     -8.419
 #    :         224        225        226        227        228        229        230        231
 occ. :        0.000      0.000      0.000      0.000      0.000      0.000      0.000      0.000
 eps  :        -8.335     -7.524     -6.727     -6.617     -6.100     -6.098     -5.553     -5.508
                            1  SCC done.
 writing mo output ...
 molden style : F
 
speedup  3.36
cpu  time for all    6.76 s
wall time for all    2.02 s
