 
        ______________________________________
       |                                      |
       |          ===================         |
       |             xTB for sTDA             |
       |          ===================         |
       |               S. Grimme              |
       |        Universitaet Bonn, MCTC       |
       |         2015-19, Version 1.0         |
       |     Wed Apr  3 09:14:55 CEST 2019    |
       |______________________________________|
 
        This code comes without any warranty
        for non-commercial, academia use only.
        Preliminary test version.
        Cite this work as:
        S. Grimme  &  C. Bannwarth, JCP 145 (2016) 054103
        if GBSA is used additionally:
        P. Shushkov, F. März, C. Bannwarth, S. Grimme, unpublished.
 
        with help from
        P. Shushkov, G. Brandenburg, S. Dohm, J. Pisarek,
        F. März, M. Checinski, S. Ehrlich, S. Spicher, 
        P. Pracht, E. Caldeweyher, S. Ehlert, and C. Bannwarth.
 
        usage        :
        xtb4stda <coord_file> [options]
        where <coord_file> is a valid file of TM)
        (*coord, Bohr) or xmol (*xyz, Angstroem)
        format.

        options:
        -chrg <int>   : molecular charge
        -uhf  <int>   : # of unpaired electrons(=2*S)
        -nox          : skip second, extended part in sTDA-xTB
        -pop          : do population analysis
                      : (default for -nox)
        -mowr <real>  : cut MO write above (def.3 Eh)
        -molden       : write formatted molden file
        -parx <file>  : read parameters for sTDA-xTB
                        calc (def:~/.param_stda2.xtb)
        -parv <file>  : read parameters for vTB part in
                        sTDA-xTB (def: ~/.param_stda1.xtb)
        -xtemp <real> : el. temp for xTB (def. 0 K)
        -etemp <real> : el. temp for GFN (def. 300 K)
        -fod          : calculate the FOD and write
                        molden.input file with
                        appropriate occupations
                        for plotting. Def. T=12500 K
 
        -acc <real>   : xTB accuracy (def. 1.0)
        -gbsa [string1] [string2]
                        use GBSA implicit solvent
                        for solvent [string1] and
                        solvation state [string2]=
                        reference, bar1M (default=1M)
        additional GFN/opt/MD/siman options read from
        $XTB4STDAHOME/.xtb4stdarc or $set in input
 
       spin and charge state information can be on:
       <.CHRG> (charge) and <.UHF> (=nalpha-nbeta)
       -uhf and -chrg override the file info.
       useful machine settings:
       setenv MKL_NUM_THREADS <NCORE_ON_YOUR_MACHINE>
       setenv OMP_STACKSIZE 500m
       limit stacksize unlimited
 
       total energies in Eh, gaps/HL energies in eV
       please read REVISION and HOWTO files carefully
 =============================
  # OMP threads =           8
 =============================
 
 xtb4stdahome directory:/ihome/ghutchison/blp62/xtb4stda/
 
 
 name of molecule           :
 comment line               :
 number of atoms            :   169
 number of electrons        :   516
 charge                     :  0
 spin                       : 0.0
 first test random number   :  0.4539
 
 -----------------------------------------
      charge density (VTB) calculation
 -----------------------------------------
 
      method parameters     
 k(s)        :  1.8000
 k(p)        :  2.8350
 k(d)        :  2.0860
 k(f)        :  2.0000
 Tscal       :  0.3300
 Gscal       :  0.3910
 fpol        :  1.0000
 Zcnf        :  0.6500
 Zqf         :  0.0000
 kcn         :  0.3000
 kEN1        : -0.5900
 wllscal     :  2.6000
 
     -------------------------
     ! NO SOLVENT MODEL USED !
     -------------------------
 
 doing EN charges ...
 sum q : -0.1110223D-15
 point charge moment (au)
     X       Y       Z   
   0.1127   0.8324   0.5001  total (Debye):    2.485
 
            Z      q(EN)   CN      Cart. coordinates
     1  C   4.0  -0.075   3.235     3.11181    -7.44949    -7.68060
     2  C   4.0  -0.003   3.311     2.35554    -7.38694   -10.17183
     3  C   4.0   0.098   3.256    -0.05669    -6.30772   -11.03902
     4  O   6.0  -0.103   1.068    -1.65597    -5.24871    -9.76591
     5  C   4.0  -0.007   3.376    -0.26607    -6.99047   -13.73774
     6  C   4.0  -0.057   3.149    -2.22969    -6.38595   -15.37916
     7  C   4.0   0.003   3.502    -1.88632    -7.25504   -17.80405
     8  C   4.0   0.002   3.502     0.24548    -8.63737   -18.54124
     9  C   4.0  -0.059   3.154     2.19718    -9.25021   -16.93799
    10  C   4.0  -0.007   3.370     1.88462    -8.37753   -14.46736
    11  C   4.0  -0.008   3.341     3.55779    -8.59580   -12.28341
    12  C   4.0  -0.038   3.129     5.98779    -9.50872   -12.31175
    13  C   4.0   0.235   2.166     7.65925    -9.33449   -10.24817
    14  N   5.0  -0.214   1.029     9.16649    -9.16441    -8.69331
    15  C   4.0   0.235   2.160     7.18606   -10.57339   -14.43354
    16  N   5.0  -0.215   1.028     8.30289   -11.44966   -16.07684
    17  C   4.0  -0.105   4.489    -0.67274    -8.91308   -21.22654
    18  C   4.0  -0.102   4.332    -1.81092   -11.49634   -21.95862
    19  C   4.0  -0.062   3.280    -3.33159   -10.93206   -24.31019
    20  C   4.0  -0.062   3.279    -5.34849    -9.61398   -23.61609
    21  C   4.0  -0.102   4.332    -5.22509    -9.26627   -20.78339
    22  C   4.0  -0.169   4.319    -3.95841   -11.76241   -20.02902
    23  C   4.0  -0.105   4.487    -3.04813    -7.36256   -20.40602
    24  C   4.0  -0.075   3.236     2.30244    -5.79163    -5.79050
    25  C   4.0   0.090   3.455     1.36816    -3.29871    -5.92561
    26  N   5.0  -0.321   3.251     1.46473    -1.73571    -7.97521
    27  C   4.0   0.078   3.328    -0.13417     0.39269    -8.07461
    28  C   4.0  -0.067   3.194     0.87419     2.75692    -8.64474
    29  C   4.0  -0.086   3.258    -0.65196     4.86472    -8.59410
    30  C   4.0  -0.086   3.160    -3.20346     4.64192    -7.98164
    31  S   6.0   0.188   2.251    -4.97546     7.46631    -7.78832
    32  C   4.0  -0.323   3.989    -7.55248     6.58513    -5.69620
    33  C   4.0  -0.083   3.231    -4.23790     2.26880    -7.55380
    34  C   4.0  -0.074   3.238    -2.70817     0.15534    -7.59802
    35  C   4.0   0.086   3.301     3.13865    -2.10270    -9.99552
    36  C   4.0  -0.067   3.211     2.29299    -1.73004   -12.46747
    37  C   4.0  -0.086   3.270     3.86619    -2.22364   -14.48003
    38  C   4.0  -0.087   3.158     6.32813    -3.07421   -14.07903
    39  S   6.0   0.194   2.260     8.10031    -3.81630   -16.79173
    40  C   4.0  -0.324   3.989    11.10497    -4.92179   -15.56832
    41  C   4.0  -0.082   3.227     7.22064    -3.30778   -11.61671
    42  C   4.0  -0.068   3.204     5.63630    -2.83346    -9.60113
    43  C   4.0  -0.098   3.471     0.49586    -2.49519    -3.52774
    44  S   6.0   0.239   2.798    -0.82864     0.29669    -2.42149
    45  C   4.0  -0.077   3.296    -1.10133    -1.02026     0.59678
    46  C   4.0   0.084   3.467     0.10564    -3.35861     0.82260
    47  N   5.0  -0.316   3.242     0.65403    -4.57030     3.05777
    48  C   4.0   0.082   3.304     0.84641    -7.21781     3.08120
    49  C   4.0  -0.072   3.221    -0.86927    -8.68877     1.73817
    50  C   4.0  -0.083   3.223    -0.66707   -11.29092     1.72929
    51  C   4.0  -0.087   3.155     1.25553   -12.46142     3.07723
    52  S   6.0   0.188   2.250     1.70793   -15.75842     3.21216
    53  C   4.0  -0.323   3.988    -0.52799   -16.99298     0.92219
    54  C   4.0  -0.086   3.264     2.95534   -10.99084     4.45503
    55  C   4.0  -0.067   3.192     2.75938    -8.39889     4.45749
    56  C   4.0   0.085   3.291     0.99456    -3.22879     5.32204
    57  C   4.0  -0.068   3.205     2.15448    -0.86436     5.36172
    58  C   4.0  -0.082   3.221     2.24821     0.54594     7.55739
    59  C   4.0  -0.086   3.156     1.20357    -0.39590     9.77574
    60  S   6.0   0.198   2.284     1.00307     1.28086    12.64548
    61  C   4.0  -0.324   3.994     2.13898     4.42612    11.93608
    62  C   4.0  -0.086   3.269     0.18841    -2.82986     9.77839
    63  C   4.0  -0.067   3.202     0.08409    -4.22732     7.59046
    64  C   4.0  -0.104   3.462     0.91746    -4.20766    -1.58397
    65  S   6.0   0.224   2.578     2.42055    -6.90525    -2.63692
    66  C   4.0  -0.004   3.341    -2.36046     0.38891     2.50993
    67  C   4.0   0.026   3.238    -3.59350    -0.68106     4.57503
    68  F   7.0  -0.026   1.086    -4.17611    -3.16000     4.53931
    69  C   4.0   0.026   3.217    -4.28193     0.72849     6.68472
    70  F   7.0  -0.027   1.078    -5.34603    -0.52723     8.62206
    71  C   4.0  -0.005   3.318    -3.85995     3.32157     6.83533
    72  C   4.0   0.099   3.386    -3.06325     4.50870     4.55386
    73  N   5.0  -0.251   2.463    -2.96290     7.03186     4.44464
    74  C   4.0   0.127   3.267    -2.23460     8.16475     2.36121
    75  C   4.0  -0.172   4.073    -2.31964    10.99121     2.37992
    76  C   4.0  -0.242   4.031    -4.89590    11.90660     1.43222
    77  C   4.0   0.125   3.268    -1.53521     6.71552     0.20863
    78  N   5.0  -0.244   2.392    -1.59965     4.23695     0.30349
    79  C   4.0   0.098   3.385    -2.35044     3.07534     2.41715
    80  C   4.0  -0.174   4.078    -0.62437     7.83896    -2.22099
    81  C   4.0  -0.242   4.031     2.24481     8.19782    -2.14389
    82  C   4.0  -0.082   3.238    -4.08578     4.80444     9.08561
    83  C   4.0  -0.103   3.440    -4.42744     3.95765    11.52317
    84  C   4.0  -0.105   3.329    -4.20653     5.85210    13.36112
    85  S   6.0   0.212   2.442    -4.64646     5.35983    16.57025
    86  C   4.0  -0.236   4.000    -6.47987     2.41431    16.67437
    87  C   4.0  -0.251   4.065    -4.80860     0.10431    16.97749
    88  C   4.0  -0.086   3.268    -3.72881     8.23278    12.31194
    89  S   6.0   0.221   2.882    -3.59898     8.04211     8.99547
    90  C   4.0  -0.078   3.264    -3.50110    10.64369    13.37756
    91  C   4.0   0.009   3.208    -2.71176    11.35801    15.75143
    92  C   4.0   0.195   3.248    -1.27046     9.73133    17.40097
    93  O   6.0  -0.115   1.177    -0.39741     7.69062    16.75204
    94  N   5.0  -0.308   3.295    -0.82071    10.63500    19.82266
    95  C   4.0  -0.107   4.152     0.49681     8.93311    21.54174
    96  C   4.0  -0.240   4.029     3.33423     9.41254    21.52889
    97  C   4.0   0.067   3.233    -1.45188    13.00434    20.61767
    98  S   6.0   0.206   1.377    -0.88628    13.90366    23.55543
    99  N   5.0  -0.305   3.290    -2.52959    14.62780    18.92523
   100  C   4.0  -0.107   4.151    -3.06362    17.21899    19.69661
   101  C   4.0  -0.240   4.029    -0.73586    18.89008    19.43092
   102  C   4.0   0.198   3.221    -3.13165    13.99493    16.44836
   103  O   6.0  -0.102   1.077    -4.01472    15.56529    15.02275
   104  H   1.0   0.075   1.011     4.36451    -8.95125    -7.07230
   105  H   1.0   0.075   1.004    -3.83955    -5.30994   -14.74024
   106  H   1.0   0.077   1.006     3.82972   -10.31412   -17.52740
   107  H   1.0   0.088   1.004     0.55823    -8.13508   -22.67860
   108  H   1.0   0.087   1.003    -0.45259   -13.03098   -22.08183
   109  H   1.0   0.078   1.002    -2.74861   -11.44116   -26.18688
   110  H   1.0   0.078   1.002    -6.78657    -8.80197   -24.79679
   111  H   1.0   0.087   1.003    -6.97838    -8.76965   -19.83570
   112  H   1.0   0.087   1.004    -3.32516   -11.82250   -18.07296
   113  H   1.0   0.086   1.003    -5.15536   -13.39060   -20.41622
   114  H   1.0   0.088   1.004    -3.39829    -5.54899   -21.31138
   115  H   1.0   0.076   1.006     2.86086     2.93285    -9.07654
   116  H   1.0   0.076   1.008     0.11849     6.71117    -8.98848
   117  H   1.0   0.079   1.015    -8.40739     8.34597    -5.08223
   118  H   1.0   0.080   1.009    -8.94388     5.46093    -6.70191
   119  H   1.0   0.080   1.011    -6.79451     5.56392    -4.08502
   120  H   1.0   0.076   1.007    -6.22854     2.04601    -7.18379
   121  H   1.0   0.077   1.007    -3.48995    -1.70227    -7.29510
   122  H   1.0   0.077   1.007     0.38154    -1.09510   -12.78910
   123  H   1.0   0.076   1.008     3.19628    -1.99725   -16.39262
   124  H   1.0   0.080   1.011    10.82511    -6.56037   -14.36494
   125  H   1.0   0.080   1.010    12.05721    -3.40566   -14.56487
   126  H   1.0   0.079   1.016    12.19648    -5.46282   -17.21862
   127  H   1.0   0.077   1.008     9.13777    -3.88206   -11.23971
   128  H   1.0   0.076   1.007     6.34683    -3.05380    -7.70158
   129  H   1.0   0.076   1.007    -2.38937    -7.78624     0.71961
   130  H   1.0   0.076   1.007    -2.03146   -12.37695     0.67766
   131  H   1.0   0.080   1.010    -0.18236   -16.14185    -0.91274
   132  H   1.0   0.079   1.010    -2.45135   -16.65718     1.55506
   133  H   1.0   0.079   1.015    -0.16989   -19.01121     0.83507
   134  H   1.0   0.076   1.008     4.43878   -11.91491     5.50515
   135  H   1.0   0.076   1.006     4.09088    -7.26732     5.51063
   136  H   1.0   0.076   1.007     2.96082    -0.10072     3.64906
   137  H   1.0   0.076   1.007     3.13619     2.38011     7.51450
   138  H   1.0   0.080   1.013     1.18108     5.15706    10.27444
   139  H   1.0   0.079   1.018     1.64727     5.55731    13.58052
   140  H   1.0   0.079   1.010     4.17422     4.39683    11.67000
   141  H   1.0   0.076   1.008    -0.57296    -3.58292    11.51316
   142  H   1.0   0.077   1.007    -0.78499    -6.07188     7.59802
   143  H   1.0   0.082   1.004    -0.82014    11.77413     1.20602
   144  H   1.0   0.082   1.006    -2.06037    11.62257     4.32388
   145  H   1.0   0.082   0.999    -6.38614    11.16866     2.63844
   146  H   1.0   0.081   0.999    -4.97111    13.95827     1.47588
   147  H   1.0   0.081   0.999    -5.24002    11.27788    -0.49492
   148  H   1.0   0.083   1.004    -1.55014     9.63855    -2.59611
   149  H   1.0   0.083   1.008    -1.07450     6.51729    -3.73580
   150  H   1.0   0.082   0.999     2.89619     8.99661    -3.91986
   151  H   1.0   0.081   0.999     2.79585     9.45694    -0.61473
   152  H   1.0   0.082   1.000     3.16680     6.38368    -1.86251
   153  H   1.0   0.083   1.010    -4.73905     2.00576    11.96593
   154  H   1.0   0.080   1.015    -7.65207     2.32398    14.98779
   155  H   1.0   0.079   1.019    -7.69685     2.64883    18.31995
   156  H   1.0   0.081   1.000    -3.74789     0.22337    18.73266
   157  H   1.0   0.082   1.003    -3.46084    -0.05424    15.43509
   158  H   1.0   0.081   0.999    -5.96908    -1.59285    17.02095
   159  H   1.0   0.074   1.011    -4.04231    12.20083    12.15510
   160  H   1.0   0.083   1.013    -0.27458     9.20693    23.43430
   161  H   1.0   0.084   1.006     0.09656     7.01806    20.88941
   162  H   1.0   0.082   0.999     4.26001     8.08104    22.78669
   163  H   1.0   0.082   0.999     4.08464     9.16574    19.63180
   164  H   1.0   0.081   1.001     3.74222    11.32021    22.17442
   165  H   1.0   0.082   1.013    -3.71558    17.19121    21.65267
   166  H   1.0   0.084   1.005    -4.56955    17.89986    18.46300
   167  H   1.0   0.082   0.999    -0.08126    18.88800    17.48299
   168  H   1.0   0.082   0.999    -1.20829    20.81325    19.96949
   169  H   1.0   0.081   1.001     0.77384    18.21734    20.65206
 
  Z AO/shell   Hii/eV     exponent
  1     Sat Feb 20 21:38:01 CET 2016    EN: 2.327 GAM: 0.473  GM3: 0.0000
     1s    -13.751157    1.051071
  6     Sat Feb 20 21:38:01 CET 2016    EN: 2.731 GAM: 0.422  GM3: 0.0000
     2s    -19.378245    2.021003
     2p    -11.993376    1.497917
  7     Sat Feb 20 21:38:01 CET 2016    EN: 3.573 GAM: 0.504  GM3: 0.0000
     2s    -21.576984    2.275442
     2p    -16.125120    2.056788
  8     Sat Feb 20 21:38:01 CET 2016    EN: 3.700 GAM: 0.587  GM3: 0.0000
     2s    -21.648843    2.110798
     2p    -17.239740    2.329048
  9     Sat Feb 20 21:51:24 CET 2016    EN: 3.394 GAM: 0.669  GM3: 0.0000
     2s    -19.384211    2.614957
     2p    -19.426034    2.777297
 16     Sat Feb 20 23:13:41 CET 2016    EN: 1.915 GAM: 0.389  GM3: 0.0000
     3s    -22.000000    2.671470
     3p    -15.834192    1.836978
     3d     -2.593599    1.836978
 
 dipole moment of classical point charges (au)
     X       Y       Z   
   0.1127   0.8324   0.5001  total (Debye):    2.485

 
 Nbf   :          532
 T(el) :   300.0
 calculating S/T integrals ...
 cpu time for ints   0.524898000000000     
 Nao   :          523
 making H0...
 making H1...
 cpu time for H      0.164271000000000     
 solving ...
 cpu time for diag    1.68988100000000     
 
 gap (eV)           :   1.774
 Koopmans IP (eV)   :  12.102
 Eel (Eh)           :  -400.392044
 T,E(Fermi),NFOD :    300.000   -11.215  0.000000
 T,E(Fermi),NFOD :    300.000   -11.215  0.000000
 Nfod               :  0.0000
 Nfod/Nel           :  0.0000

          eigenvalues
 #    :         246        247        248        249        250        251        252        253
 occ. :        2.000      2.000      2.000      2.000      2.000      2.000      2.000      2.000
 eps  :       -15.005    -14.983    -14.618    -14.408    -14.386    -14.138    -14.071    -13.905
 #    :         254        255        256        257        258        259        260        261
 occ. :        2.000      2.000      2.000      2.000      2.000      0.000      0.000      0.000
 eps  :       -13.754    -13.230    -12.766    -12.592    -12.103    -10.329     -9.673     -9.429
 #    :         262        263        264        265        266        267        268        269
 occ. :        0.000      0.000      0.000      0.000      0.000      0.000      0.000      0.000
 eps  :        -9.268     -9.080     -8.348     -7.919     -7.741     -7.659     -7.467     -7.405
                            1  SCC done.
 making H1...
 cpu time for H       1.86658200000000     
 solving ...
 cpu time for diag    1.04360800000000     
 
 gap (eV)           :   1.958
 Koopmans IP (eV)   :  12.324
 Eel (Eh)           :  -400.555222
 T,E(Fermi),NFOD :    300.000   -11.345  0.000000
 T,E(Fermi),NFOD :    300.000   -11.345  0.000000
 Nfod               :  0.0000
 Nfod/Nel           :  0.0000

          eigenvalues
 #    :         246        247        248        249        250        251        252        253
 occ. :        2.000      2.000      2.000      2.000      2.000      2.000      2.000      2.000
 eps  :       -14.299    -14.291    -14.191    -14.143    -14.008    -13.859    -13.637    -13.556
 #    :         254        255        256        257        258        259        260        261
 occ. :        2.000      2.000      2.000      2.000      2.000      0.000      0.000      0.000
 eps  :       -13.519    -13.265    -12.860    -12.661    -12.325    -10.367     -9.708     -9.382
 #    :         262        263        264        265        266        267        268        269
 occ. :        0.000      0.000      0.000      0.000      0.000      0.000      0.000      0.000
 eps  :        -9.280     -9.241     -8.613     -7.828     -7.771     -7.699     -7.409     -7.347
                            2  SCC done.
 
 
 Mulliken/CM5 charges    n(s)   n(p)   n(d)   
    1 C   0.0004 -0.0457   1.155  2.844  0.000
    2 C  -0.0396 -0.0409   1.174  2.866  0.000
    3 C   0.1285  0.1640   1.177  2.694  0.000
    4 O  -0.2565 -0.3052   1.629  4.627  0.000
    5 C  -0.0231 -0.0252   1.189  2.834  0.000
    6 C  -0.0208 -0.0703   1.151  2.870  0.000
    7 C  -0.0177 -0.0264   1.210  2.808  0.000
    8 C  -0.0154 -0.0243   1.208  2.807  0.000
    9 C  -0.0261 -0.0756   1.152  2.874  0.000
   10 C  -0.0066 -0.0100   1.174  2.832  0.000
   11 C   0.0150  0.0145   1.196  2.789  0.000
   12 C  -0.0034  0.0027   1.114  2.890  0.000
   13 C   0.0932  0.2112   1.173  2.734  0.000
   14 N  -0.2242 -0.3547   1.643  3.582  0.000
   15 C   0.0938  0.2120   1.172  2.734  0.000
   16 N  -0.2171 -0.3480   1.642  3.575  0.000
   17 C  -0.0279 -0.0831   1.219  2.809  0.000
   18 C  -0.0207 -0.0811   1.192  2.828  0.000
   19 C  -0.0465 -0.1051   1.166  2.880  0.000
   20 C  -0.0487 -0.1072   1.166  2.882  0.000
   21 C  -0.0217 -0.0821   1.193  2.829  0.000
   22 C  -0.0638 -0.1658   1.159  2.905  0.000
   23 C  -0.0314 -0.0865   1.220  2.811  0.000
   24 C  -0.0238 -0.0109   1.163  2.861  0.000
   25 C   0.0597  0.1314   1.178  2.762  0.000
   26 N  -0.0830 -0.3297   1.226  3.857  0.000
   27 C   0.0492  0.1044   1.173  2.778  0.000
   28 C  -0.0371 -0.0852   1.140  2.897  0.000
   29 C  -0.0384 -0.0908   1.135  2.903  0.000
   30 C  -0.0064 -0.0030   1.167  2.840  0.000
   31 S  -0.0357 -0.0807   1.892  4.117  0.027
   32 C  -0.0755 -0.2105   1.075  3.001  0.000
   33 C  -0.0446 -0.0972   1.135  2.910  0.000
   34 C  -0.0330 -0.0803   1.142  2.891  0.000
   35 C   0.0430  0.0993   1.171  2.786  0.000
   36 C  -0.0352 -0.0830   1.141  2.894  0.000
   37 C  -0.0438 -0.0952   1.133  2.911  0.000
   38 C  -0.0082 -0.0035   1.168  2.840  0.000
   39 S  -0.0199 -0.0641   1.889  4.104  0.027
   40 C  -0.0722 -0.2068   1.072  3.000  0.000
   41 C  -0.0515 -0.1041   1.134  2.917  0.000
   42 C  -0.0441 -0.0923   1.140  2.904  0.000
   43 C  -0.0505 -0.0307   1.173  2.878  0.000
   44 S   0.1074  0.0792   1.895  3.939  0.058
   45 C  -0.0455 -0.0261   1.175  2.870  0.000
   46 C   0.0413  0.1105   1.167  2.792  0.000
   47 N  -0.1073 -0.3508   1.225  3.882  0.000
   48 C   0.0391  0.0948   1.173  2.788  0.000
   49 C  -0.0450 -0.0924   1.140  2.905  0.000
   50 C  -0.0516 -0.1043   1.133  2.919  0.000
   51 C  -0.0069 -0.0023   1.165  2.842  0.000
   52 S  -0.0258 -0.0696   1.890  4.109  0.027
   53 C  -0.0735 -0.2083   1.072  3.001  0.000
   54 C  -0.0395 -0.0910   1.132  2.907  0.000
   55 C  -0.0386 -0.0869   1.138  2.900  0.000
   56 C   0.0377  0.0938   1.173  2.789  0.000
   57 C  -0.0509 -0.0988   1.140  2.911  0.000
   58 C  -0.0552 -0.1078   1.134  2.921  0.000
   59 C  -0.0142 -0.0096   1.169  2.845  0.000
   60 S  -0.0178 -0.0651   1.888  4.103  0.027
   61 C  -0.0794 -0.2134   1.076  3.004  0.000
   62 C  -0.0425 -0.0939   1.133  2.909  0.000
   63 C  -0.0387 -0.0865   1.139  2.899  0.000
   64 C  -0.0437 -0.0240   1.171  2.873  0.000
   65 S   0.0988  0.0643   1.893  3.960  0.048
   66 C   0.0201  0.0291   1.156  2.824  0.000
   67 C   0.0936  0.1146   1.163  2.743  0.000
   68 F  -0.1155 -0.1388   1.677  5.438  0.000
   69 C   0.0930  0.1128   1.166  2.741  0.000
   70 F  -0.1112 -0.1371   1.676  5.435  0.000
   71 C   0.0196  0.0272   1.150  2.830  0.000
   72 C   0.0432  0.1245   1.185  2.772  0.000
   73 N  -0.1814 -0.3793   1.471  3.710  0.000
   74 C   0.0669  0.1424   1.221  2.712  0.000
   75 C  -0.0304 -0.1312   1.121  2.909  0.000
   76 C  -0.0837 -0.2345   1.094  2.990  0.000
   77 C   0.0661  0.1414   1.219  2.715  0.000
   78 N  -0.1841 -0.3812   1.474  3.710  0.000
   79 C   0.0454  0.1269   1.184  2.771  0.000
   80 C  -0.0355 -0.1365   1.123  2.912  0.000
   81 C  -0.0844 -0.2353   1.094  2.991  0.000
   82 C  -0.0180 -0.0059   1.183  2.835  0.000
   83 C  -0.0643 -0.1127   1.140  2.925  0.000
   84 C  -0.0187 -0.0077   1.181  2.838  0.000
   85 S   0.0447  0.0049   1.895  4.027  0.033
   86 C  -0.0425 -0.1389   1.130  2.912  0.000
   87 C  -0.0857 -0.2361   1.096  2.990  0.000
   88 C  -0.0187 -0.0087   1.168  2.850  0.000
   89 S   0.1004  0.0714   1.893  3.957  0.050
   90 C   0.0119 -0.0330   1.156  2.832  0.000
   91 C  -0.0170 -0.0062   1.169  2.848  0.000
   92 C   0.1740  0.2759   1.176  2.650  0.000
   93 O  -0.2893 -0.3446   1.621  4.669  0.000
   94 N  -0.1041 -0.3524   1.276  3.828  0.000
   95 C   0.0241 -0.0236   1.156  2.820  0.000
   96 C  -0.0821 -0.2282   1.091  2.991  0.000
   97 C   0.1322  0.2859   1.209  2.659  0.000
   98 S  -0.2915 -0.3091   1.904  4.378  0.010
   99 N  -0.1074 -0.3547   1.277  3.831  0.000
  100 C   0.0230 -0.0248   1.156  2.821  0.000
  101 C  -0.0821 -0.2282   1.091  2.991  0.000
  102 C   0.1788  0.2794   1.176  2.645  0.000
  103 O  -0.2917 -0.3427   1.621  4.671  0.000
  104 H   0.0640  0.1285   0.936  0.000  0.000
  105 H   0.0487  0.1073   0.951  0.000  0.000
  106 H   0.0524  0.1158   0.948  0.000  0.000
  107 H   0.0477  0.1064   0.952  0.000  0.000
  108 H   0.0459  0.1037   0.954  0.000  0.000
  109 H   0.0471  0.1033   0.953  0.000  0.000
  110 H   0.0466  0.1028   0.953  0.000  0.000
  111 H   0.0447  0.1024   0.955  0.000  0.000
  112 H   0.0359  0.0953   0.964  0.000  0.000
  113 H   0.0372  0.0940   0.963  0.000  0.000
  114 H   0.0465  0.1052   0.954  0.000  0.000
  115 H   0.0412  0.1025   0.959  0.000  0.000
  116 H   0.0448  0.1034   0.955  0.000  0.000
  117 H   0.0537  0.1074   0.946  0.000  0.000
  118 H   0.0469  0.1004   0.953  0.000  0.000
  119 H   0.0488  0.1035   0.951  0.000  0.000
  120 H   0.0460  0.1052   0.954  0.000  0.000
  121 H   0.0467  0.1128   0.953  0.000  0.000
  122 H   0.0454  0.1095   0.955  0.000  0.000
  123 H   0.0462  0.1053   0.954  0.000  0.000
  124 H   0.0506  0.1072   0.949  0.000  0.000
  125 H   0.0464  0.1001   0.954  0.000  0.000
  126 H   0.0576  0.1116   0.942  0.000  0.000
  127 H   0.0499  0.1108   0.950  0.000  0.000
  128 H   0.0415  0.1040   0.958  0.000  0.000
  129 H   0.0396  0.1020   0.960  0.000  0.000
  130 H   0.0452  0.1045   0.955  0.000  0.000
  131 H   0.0477  0.1016   0.952  0.000  0.000
  132 H   0.0468  0.1004   0.953  0.000  0.000
  133 H   0.0560  0.1097   0.944  0.000  0.000
  134 H   0.0457  0.1043   0.954  0.000  0.000
  135 H   0.0419  0.1033   0.958  0.000  0.000
  136 H   0.0408  0.1034   0.959  0.000  0.000
  137 H   0.0470  0.1062   0.953  0.000  0.000
  138 H   0.0454  0.1023   0.955  0.000  0.000
  139 H   0.0654  0.1266   0.935  0.000  0.000
  140 H   0.0446  0.0983   0.955  0.000  0.000
  141 H   0.0462  0.1051   0.954  0.000  0.000
  142 H   0.0441  0.1069   0.956  0.000  0.000
  143 H   0.0447  0.1022   0.955  0.000  0.000
  144 H   0.0446  0.1055   0.955  0.000  0.000
  145 H   0.0336  0.0875   0.966  0.000  0.000
  146 H   0.0376  0.0895   0.962  0.000  0.000
  147 H   0.0303  0.0834   0.970  0.000  0.000
  148 H   0.0444  0.1024   0.956  0.000  0.000
  149 H   0.0469  0.1110   0.953  0.000  0.000
  150 H   0.0370  0.0890   0.963  0.000  0.000
  151 H   0.0300  0.0830   0.970  0.000  0.000
  152 H   0.0332  0.0872   0.967  0.000  0.000
  153 H   0.0602  0.1248   0.940  0.000  0.000
  154 H   0.0468  0.1047   0.953  0.000  0.000
  155 H   0.0498  0.1065   0.950  0.000  0.000
  156 H   0.0338  0.0867   0.966  0.000  0.000
  157 H   0.0352  0.0901   0.965  0.000  0.000
  158 H   0.0330  0.0848   0.967  0.000  0.000
  159 H   0.0685  0.1343   0.931  0.000  0.000
  160 H   0.0553  0.1250   0.945  0.000  0.000
  161 H   0.0550  0.1295   0.945  0.000  0.000
  162 H   0.0424  0.0949   0.958  0.000  0.000
  163 H   0.0315  0.0876   0.968  0.000  0.000
  164 H   0.0339  0.0900   0.966  0.000  0.000
  165 H   0.0555  0.1251   0.944  0.000  0.000
  166 H   0.0548  0.1291   0.945  0.000  0.000
  167 H   0.0315  0.0873   0.969  0.000  0.000
  168 H   0.0425  0.0950   0.957  0.000  0.000
  169 H   0.0341  0.0901   0.966  0.000  0.000
 Hirshfeld charges for QMDFF written to <charges>
 
 Loewdin charges    n(s)   n(p)   n(d)
    1 C   0.0093   1.101  2.889  0.000
    2 C  -0.0482   1.136  2.912  0.000
    3 C   0.1204   1.143  2.737  0.000
    4 O  -0.2415   1.599  4.642  0.000
    5 C  -0.0248   1.149  2.876  0.000
    6 C  -0.0169   1.098  2.919  0.000
    7 C  -0.0130   1.170  2.843  0.000
    8 C  -0.0104   1.168  2.843  0.000
    9 C  -0.0241   1.100  2.924  0.000
   10 C  -0.0032   1.132  2.871  0.000
   11 C   0.0260   1.152  2.822  0.000
   12 C  -0.0158   1.073  2.943  0.000
   13 C   0.0879   1.139  2.773  0.000
   14 N  -0.2134   1.605  3.609  0.000
   15 C   0.0883   1.138  2.774  0.000
   16 N  -0.2063   1.604  3.602  0.000
   17 C  -0.0214   1.173  2.848  0.000
   18 C  -0.0109   1.144  2.867  0.000
   19 C  -0.0384   1.115  2.923  0.000
   20 C  -0.0405   1.115  2.925  0.000
   21 C  -0.0120   1.144  2.868  0.000
   22 C  -0.0605   1.102  2.959  0.000
   23 C  -0.0248   1.175  2.850  0.000
   24 C  -0.0070   1.120  2.887  0.000
   25 C   0.0498   1.146  2.804  0.000
   26 N  -0.0418   1.184  3.858  0.000
   27 C   0.0459   1.137  2.817  0.000
   28 C  -0.0335   1.087  2.946  0.000
   29 C  -0.0338   1.083  2.951  0.000
   30 C   0.0226   1.118  2.859  0.000
   31 S  -0.0741   1.880  4.114  0.081
   32 C  -0.0532   0.996  3.057  0.000
   33 C  -0.0413   1.082  2.959  0.000
   34 C  -0.0290   1.089  2.940  0.000
   35 C   0.0389   1.135  2.826  0.000
   36 C  -0.0316   1.088  2.943  0.000
   37 C  -0.0392   1.080  2.959  0.000
   38 C   0.0214   1.119  2.860  0.000
   39 S  -0.0590   1.876  4.101  0.082
   40 C  -0.0496   0.994  3.055  0.000
   41 C  -0.0485   1.082  2.967  0.000
   42 C  -0.0402   1.087  2.953  0.000
   43 C  -0.0328   1.131  2.902  0.000
   44 S   0.0671   1.883  3.938  0.112
   45 C  -0.0281   1.133  2.895  0.000
   46 C   0.0288   1.136  2.835  0.000
   47 N  -0.0672   1.183  3.884  0.000
   48 C   0.0356   1.136  2.828  0.000
   49 C  -0.0412   1.087  2.954  0.000
   50 C  -0.0488   1.080  2.969  0.000
   51 C   0.0220   1.117  2.861  0.000
   52 S  -0.0647   1.877  4.106  0.081
   53 C  -0.0508   0.994  3.057  0.000
   54 C  -0.0350   1.080  2.955  0.000
   55 C  -0.0352   1.086  2.949  0.000
   56 C   0.0341   1.136  2.829  0.000
   57 C  -0.0471   1.087  2.960  0.000
   58 C  -0.0519   1.082  2.970  0.000
   59 C   0.0151   1.120  2.865  0.000
   60 S  -0.0572   1.875  4.099  0.083
   61 C  -0.0575   0.998  3.060  0.000
   62 C  -0.0378   1.080  2.957  0.000
   63 C  -0.0354   1.087  2.949  0.000
   64 C  -0.0206   1.127  2.894  0.000
   65 S   0.0598   1.880  3.959  0.102
   66 C   0.0168   1.115  2.868  0.000
   67 C   0.0794   1.131  2.790  0.000
   68 F  -0.0985   1.661  5.438  0.000
   69 C   0.0804   1.133  2.787  0.000
   70 F  -0.0936   1.659  5.435  0.000
   71 C   0.0138   1.111  2.875  0.000
   72 C   0.0338   1.151  2.815  0.000
   73 N  -0.1565   1.436  3.721  0.000
   74 C   0.0605   1.188  2.752  0.000
   75 C  -0.0254   1.060  2.966  0.000
   76 C  -0.0843   1.020  3.064  0.000
   77 C   0.0596   1.186  2.754  0.000
   78 N  -0.1597   1.439  3.721  0.000
   79 C   0.0355   1.150  2.814  0.000
   80 C  -0.0314   1.062  2.970  0.000
   81 C  -0.0850   1.020  3.065  0.000
   82 C   0.0088   1.136  2.855  0.000
   83 C  -0.0677   1.091  2.977  0.000
   84 C   0.0107   1.134  2.855  0.000
   85 S   0.0040   1.883  4.025  0.087
   86 C  -0.0156   1.066  2.950  0.000
   87 C  -0.0881   1.023  3.065  0.000
   88 C  -0.0020   1.126  2.876  0.000
   89 S   0.0614   1.880  3.955  0.104
   90 C   0.0239   1.101  2.875  0.000
   91 C  -0.0299   1.132  2.898  0.000
   92 C   0.1562   1.147  2.697  0.000
   93 O  -0.2744   1.591  4.684  0.000
   94 N  -0.0673   1.237  3.830  0.000
   95 C   0.0259   1.099  2.875  0.000
   96 C  -0.0838   1.018  3.066  0.000
   97 C   0.1593   1.165  2.675  0.000
   98 S  -0.3423   1.894  4.394  0.055
   99 N  -0.0709   1.238  3.832  0.000
  100 C   0.0249   1.099  2.876  0.000
  101 C  -0.0838   1.018  3.066  0.000
  102 C   0.1609   1.147  2.692  0.000
  103 O  -0.2786   1.591  4.687  0.000
  104 H   0.0529   0.947  0.000  0.000
  105 H   0.0389   0.961  0.000  0.000
  106 H   0.0423   0.958  0.000  0.000
  107 H   0.0395   0.961  0.000  0.000
  108 H   0.0379   0.962  0.000  0.000
  109 H   0.0387   0.961  0.000  0.000
  110 H   0.0383   0.962  0.000  0.000
  111 H   0.0369   0.963  0.000  0.000
  112 H   0.0321   0.968  0.000  0.000
  113 H   0.0335   0.967  0.000  0.000
  114 H   0.0384   0.962  0.000  0.000
  115 H   0.0329   0.967  0.000  0.000
  116 H   0.0367   0.963  0.000  0.000
  117 H   0.0520   0.948  0.000  0.000
  118 H   0.0452   0.955  0.000  0.000
  119 H   0.0471   0.953  0.000  0.000
  120 H   0.0386   0.961  0.000  0.000
  121 H   0.0376   0.962  0.000  0.000
  122 H   0.0366   0.963  0.000  0.000
  123 H   0.0377   0.962  0.000  0.000
  124 H   0.0485   0.951  0.000  0.000
  125 H   0.0449   0.955  0.000  0.000
  126 H   0.0555   0.944  0.000  0.000
  127 H   0.0420   0.958  0.000  0.000
  128 H   0.0332   0.967  0.000  0.000
  129 H   0.0317   0.968  0.000  0.000
  130 H   0.0381   0.962  0.000  0.000
  131 H   0.0460   0.954  0.000  0.000
  132 H   0.0452   0.955  0.000  0.000
  133 H   0.0541   0.946  0.000  0.000
  134 H   0.0373   0.963  0.000  0.000
  135 H   0.0336   0.966  0.000  0.000
  136 H   0.0326   0.967  0.000  0.000
  137 H   0.0393   0.961  0.000  0.000
  138 H   0.0447   0.955  0.000  0.000
  139 H   0.0620   0.938  0.000  0.000
  140 H   0.0431   0.957  0.000  0.000
  141 H   0.0378   0.962  0.000  0.000
  142 H   0.0355   0.964  0.000  0.000
  143 H   0.0412   0.959  0.000  0.000
  144 H   0.0396   0.960  0.000  0.000
  145 H   0.0326   0.967  0.000  0.000
  146 H   0.0368   0.963  0.000  0.000
  147 H   0.0305   0.970  0.000  0.000
  148 H   0.0411   0.959  0.000  0.000
  149 H   0.0421   0.958  0.000  0.000
  150 H   0.0364   0.964  0.000  0.000
  151 H   0.0301   0.970  0.000  0.000
  152 H   0.0323   0.968  0.000  0.000
  153 H   0.0522   0.948  0.000  0.000
  154 H   0.0431   0.957  0.000  0.000
  155 H   0.0452   0.955  0.000  0.000
  156 H   0.0330   0.967  0.000  0.000
  157 H   0.0355   0.964  0.000  0.000
  158 H   0.0329   0.967  0.000  0.000
  159 H   0.0562   0.944  0.000  0.000
  160 H   0.0504   0.950  0.000  0.000
  161 H   0.0479   0.952  0.000  0.000
  162 H   0.0421   0.958  0.000  0.000
  163 H   0.0309   0.969  0.000  0.000
  164 H   0.0335   0.967  0.000  0.000
  165 H   0.0505   0.949  0.000  0.000
  166 H   0.0477   0.952  0.000  0.000
  167 H   0.0309   0.969  0.000  0.000
  168 H   0.0421   0.958  0.000  0.000
  169 H   0.0336   0.966  0.000  0.000
 
 Wiberg/Mayer (AO) data. WBOs > 0.1 written file <wbo>
 largest (>0.05) Wiberg bond orders for each atom
           total WBO             WBO to atom ...
     1  C   3.926    C    2 1.447    C   24 1.297    H  104 0.923
     2  C   3.913    C    1 1.447    C   11 1.130    C    3 1.017    O    4 0.068
     3  C   3.913    O    4 1.751    C    2 1.017    C    5 0.979
     4  O   2.122    C    3 1.751    C    2 0.068    C    5 0.059
     5  C   3.936    C    6 1.363    C   10 1.288    C    3 0.979    C    8 0.092    O    4 0.059
     6  C   3.959    C    7 1.417    C    5 1.363    H  105 0.942    C    9 0.082
     7  C   3.918    C    6 1.417    C    8 1.317    C   23 0.947    C   10 0.092
     8  C   3.928    C    9 1.424    C    7 1.317    C   17 0.949    C    5 0.092
     9  C   3.954    C    8 1.424    C   10 1.351    H  106 0.935    C    6 0.082
    10  C   3.948    C    9 1.351    C    5 1.288    C   11 1.042    C    7 0.092
    11  C   3.933    C   12 1.437    C    2 1.130    C   10 1.042    N   16 0.088    N   14 0.087
    12  C   3.933    C   11 1.437    C   15 1.069    C   13 1.068    N   14 0.082    N   16 0.081
    13  C   3.939    N   14 2.776    C   12 1.068
    14  N   3.039    C   13 2.776    C   11 0.087    C   12 0.082
    15  C   3.939    N   16 2.778    C   12 1.069
    16  N   3.037    C   15 2.778    C   11 0.088    C   12 0.081
    17  C   3.930    C   23 0.949    C    8 0.949    H  107 0.941    C   18 0.929
    18  C   3.950    C   19 0.985    C   22 0.974    H  108 0.946    C   17 0.929
    19  C   3.959    C   20 1.935    C   18 0.985    H  109 0.937
    20  C   3.959    C   19 1.935    C   21 0.985    H  110 0.937
    21  C   3.949    C   20 0.985    C   22 0.974    H  111 0.947    C   23 0.929
    22  C   3.967    C   21 0.974    C   18 0.974    H  113 0.962    H  112 0.960
    23  C   3.927    C   17 0.949    C    7 0.947    H  114 0.941    C   21 0.929
    24  C   3.907    C   25 1.317    C    1 1.297    S   65 1.042
    25  C   3.900    C   24 1.317    C   43 1.229    N   26 1.086    S   65 0.060
    26  N   3.407    C   25 1.086    C   35 0.981    C   27 0.967
    27  C   3.928    C   34 1.374    C   28 1.366    N   26 0.967    C   30 0.096
    28  C   3.966    C   29 1.460    C   27 1.366    H  115 0.944    C   33 0.100
    29  C   3.971    C   28 1.460    C   30 1.361    H  116 0.943    C   34 0.102
    30  C   3.950    C   33 1.380    C   29 1.361    S   31 1.032    C   27 0.096
    31  S   2.200    C   30 1.032    C   32 0.994
    32  C   3.983    S   31 0.994    H  118 0.990    H  119 0.987    H  117 0.981
    33  C   3.971    C   34 1.440    C   30 1.380    H  120 0.943    C   28 0.100
    34  C   3.967    C   33 1.440    C   27 1.374    H  121 0.942    C   29 0.102
    35  C   3.929    C   42 1.371    C   36 1.355    N   26 0.981    C   38 0.095
    36  C   3.967    C   37 1.461    C   35 1.355    H  122 0.943    C   41 0.097
    37  C   3.972    C   36 1.461    C   38 1.362    H  123 0.944    C   42 0.102
    38  C   3.953    C   41 1.367    C   37 1.362    S   39 1.046    C   35 0.095
    39  S   2.224    C   38 1.046    C   40 0.999
    40  C   3.982    S   39 0.999    H  125 0.989    H  124 0.987    H  126 0.980
    41  C   3.971    C   42 1.451    C   38 1.367    H  127 0.941    C   36 0.097
    42  C   3.970    C   41 1.451    C   35 1.371    H  128 0.944    C   37 0.102
    43  C   3.914    C   64 1.365    C   25 1.229    S   44 1.069    C   45 0.057    S   65 0.054
    44  S   2.495    C   45 1.077    C   43 1.069    C   46 0.064    C   64 0.055
    45  C   3.891    C   46 1.405    C   66 1.128    S   44 1.077    C   43 0.057
    46  C   3.906    C   45 1.405    C   64 1.212    N   47 1.039    S   44 0.064
    47  N   3.355    C   46 1.039    C   56 0.985    C   48 0.979
    48  C   3.929    C   49 1.376    C   55 1.357    N   47 0.979    C   51 0.095
    49  C   3.969    C   50 1.439    C   48 1.376    H  129 0.945    C   54 0.102
    50  C   3.972    C   49 1.439    C   51 1.380    H  130 0.943    C   55 0.100
    51  C   3.951    C   50 1.380    C   54 1.356    S   52 1.040    C   48 0.095
    52  S   2.214    C   51 1.040    C   53 0.998
    53  C   3.983    S   52 0.998    H  132 0.989    H  131 0.988    H  133 0.980
    54  C   3.971    C   55 1.468    C   51 1.356    H  134 0.944    C   49 0.102
    55  C   3.968    C   54 1.468    C   48 1.357    H  135 0.944    C   50 0.100
    56  C   3.929    C   57 1.373    C   63 1.354    N   47 0.985    C   59 0.095
    57  C   3.969    C   58 1.446    C   56 1.373    H  136 0.944    C   62 0.102
    58  C   3.971    C   57 1.446    C   59 1.374    H  137 0.943    C   63 0.097
    59  C   3.953    C   58 1.374    C   62 1.356    S   60 1.041    C   56 0.095
    60  S   2.232    C   59 1.041    C   61 0.998
    61  C   3.980    S   60 0.998    H  140 0.990    H  138 0.985    H  139 0.970
    62  C   3.971    C   63 1.468    C   59 1.356    H  141 0.944    C   57 0.102
    63  C   3.967    C   62 1.468    C   56 1.354    H  142 0.943    C   58 0.097
    64  C   3.922    C   43 1.365    C   46 1.212    S   65 1.098    S   44 0.055
    65  S   2.460    C   64 1.098    C   24 1.042    C   25 0.060    C   43 0.054
    66  C   3.917    C   67 1.336    C   79 1.180    C   45 1.128    C   71 0.079
    67  C   3.897    C   66 1.336    C   69 1.335    F   68 0.977
    68  F   1.104    C   67 0.977
    69  C   3.896    C   71 1.341    C   67 1.335    F   70 0.979
    70  F   1.113    C   69 0.979
    71  C   3.926    C   69 1.341    C   72 1.185    C   82 1.120    C   66 0.079
    72  C   3.932    N   73 1.263    C   79 1.218    C   71 1.185    C   77 0.062
    73  N   3.134    C   74 1.481    C   72 1.263    N   78 0.117
    74  C   3.900    N   73 1.481    C   77 1.219    C   75 0.986    C   79 0.063
    75  C   3.972    C   74 0.986    C   76 0.985    H  143 0.964    H  144 0.964
    76  C   3.980    C   75 0.985    H  145 0.985    H  147 0.984    H  146 0.979
    77  C   3.901    N   78 1.482    C   74 1.219    C   80 0.986    C   72 0.062
    78  N   3.125    C   77 1.482    C   79 1.267    N   73 0.117
    79  C   3.932    N   78 1.267    C   72 1.218    C   66 1.180    C   74 0.063
    80  C   3.971    C   77 0.986    C   81 0.985    H  148 0.963    H  149 0.958
    81  C   3.980    C   80 0.985    H  152 0.985    H  151 0.984    H  150 0.979
    82  C   3.922    C   83 1.468    C   71 1.120    S   89 1.115    C   88 0.065
    83  C   3.940    C   82 1.468    C   84 1.292    H  153 0.931    S   89 0.068
    84  C   3.943    C   88 1.341    C   83 1.292    S   85 1.081    S   89 0.057
    85  S   2.343    C   84 1.081    C   86 0.967
    86  C   3.964    C   87 1.011    H  154 0.972    H  155 0.969    S   85 0.967
    87  C   3.981    C   86 1.011    H  156 0.983    H  157 0.976    H  158 0.976
    88  C   3.914    C   84 1.341    C   90 1.267    S   89 1.051    C   82 0.065
    89  S   2.516    C   82 1.115    C   88 1.051    C   83 0.068    C   84 0.057
    90  C   3.945    C   91 1.480    C   88 1.267    H  159 0.929    O   93 0.056    O  103 0.051
    91  C   3.922    C   90 1.480    C   92 1.074    C  102 1.046    O  103 0.061    O   93 0.058
    92  C   3.914    O   93 1.696    C   91 1.074    N   94 1.018
    93  O   2.118    C   92 1.696    N   94 0.138    C   91 0.058    C   90 0.056
    94  N   3.498    C   97 1.140    C   92 1.018    C   95 0.934    O   93 0.138    S   98 0.122
    95  C   3.923    C   96 1.008    H  161 0.964    H  160 0.953    N   94 0.934
    96  C   3.984    C   95 1.008    H  163 0.985    H  164 0.982    H  162 0.975
    97  C   3.910    S   98 1.555    N   94 1.140    N   99 1.137
    98  S   1.952    C   97 1.555    N   94 0.122    N   99 0.122
    99  N   3.494    C   97 1.137    C  102 1.017    C  100 0.934    O  103 0.144    S   98 0.122
   100  C   3.923    C  101 1.008    H  166 0.964    H  165 0.953    N   99 0.934
   101  C   3.984    C  100 1.008    H  167 0.985    H  169 0.981    H  168 0.975
   102  C   3.910    O  103 1.736    C   91 1.046    N   99 1.017
   103  O   2.100    C  102 1.736    N   99 0.144    C   91 0.061    C   90 0.051
   104  H   0.990    C    1 0.923
   105  H   0.996    C    6 0.942
   106  H   0.995    C    9 0.935
   107  H   0.996    C   17 0.941
   108  H   0.997    C   18 0.946
   109  H   0.997    C   19 0.937
   110  H   0.997    C   20 0.937
   111  H   0.997    C   21 0.947
   112  H   0.999    C   22 0.960
   113  H   0.999    C   22 0.962
   114  H   0.996    C   23 0.941
   115  H   0.997    C   28 0.944
   116  H   0.997    C   29 0.943
   117  H   0.996    C   32 0.981
   118  H   0.998    C   32 0.990
   119  H   0.997    C   32 0.987
   120  H   0.997    C   33 0.943
   121  H   0.998    C   34 0.942
   122  H   0.997    C   36 0.943
   123  H   0.997    C   37 0.944
   124  H   0.997    C   40 0.987
   125  H   0.997    C   40 0.989
   126  H   0.996    C   40 0.980
   127  H   0.997    C   41 0.941
   128  H   0.998    C   42 0.944
   129  H   0.998    C   49 0.945
   130  H   0.997    C   50 0.943
   131  H   0.998    C   53 0.988
   132  H   0.997    C   53 0.989
   133  H   0.996    C   53 0.980
   134  H   0.997    C   54 0.944
   135  H   0.997    C   55 0.944
   136  H   0.998    C   57 0.944
   137  H   0.997    C   58 0.943
   138  H   0.998    C   61 0.985
   139  H   0.995    C   61 0.970
   140  H   0.997    C   61 0.990
   141  H   0.997    C   62 0.944
   142  H   0.997    C   63 0.943
   143  H   0.997    C   75 0.964
   144  H   0.998    C   75 0.964
   145  H   0.999    C   76 0.985
   146  H   0.996    C   76 0.979
   147  H   0.999    C   76 0.984
   148  H   0.997    C   80 0.963
   149  H   0.997    C   80 0.958
   150  H   0.996    C   81 0.979
   151  H   0.999    C   81 0.984
   152  H   0.999    C   81 0.985
   153  H   0.995    C   83 0.931
   154  H   0.997    C   86 0.972
   155  H   0.996    C   86 0.969
   156  H   0.999    C   87 0.983
   157  H   0.999    C   87 0.976
   158  H   0.998    C   87 0.976
   159  H   0.991    C   90 0.929
   160  H   0.996    C   95 0.953
   161  H   0.996    C   95 0.964
   162  H   0.997    C   96 0.975
   163  H   0.999    C   96 0.985
   164  H   0.999    C   96 0.982
   165  H   0.996    C  100 0.953
   166  H   0.996    C  100 0.964
   167  H   0.999    C  101 0.985
   168  H   0.997    C  101 0.975
   169  H   0.999    C  101 0.981
 
 --------------------------------------------
          xTB calculation for sTDA...
 --------------------------------------------
 
 reading parameter file /ihome/ghutchison/blp62/xtb4stda/.param_stda2.xtb
 
      method parameters     
 k(s)        :  1.6000
 k(p)        :  2.1800
 k(d)        :  1.9500
 k(f)        :  2.0000
 k(R-V)      :  2.2750
 k(R-R)      :  1.7650
 Tscal       :  0.2580
 Gscal       :  1.0000
 fpol        :  1.0000
 Zcnf        :  0.3430
 Zqf         :  0.0000
 kcn         :  2.7000
 Ryd Hsplit  :  0.7000
 lshift(virt):  3.1000
 lshift(OS)  :  0.2000
 wllscaling  :  2.6000
 
 mowrcut     : 3.000
 
  Z AO/shell   Hii/eV     exponent
  1     Sun Feb 14 09:53:25 CET 2016    EN: 2.327 GAM: 0.473  GM3: 0.0000
     1s    -14.339618    1.220000
     2sp    -3.348946    0.600000
  6     Sun Feb 14 09:53:25 CET 2016    EN: 2.731 GAM: 0.422  GM3: 0.0000
     2s    -22.009312    1.565095
     2p    -13.020408    1.596905
     3sp    -3.914040    0.824500
  7     Sun Feb 14 09:53:25 CET 2016    EN: 3.573 GAM: 0.504  GM3: 0.0000
     2s    -25.722000    2.064844
     2p    -18.684912    1.801692
     3sp    -4.344791    0.921400
  8     Sun Feb 14 09:53:25 CET 2016    EN: 3.700 GAM: 0.587  GM3: 0.0000
     2s    -33.859000    2.418661
     2p    -22.175911    1.973969
     3sp    -4.259392    1.013700
  9     Sun Feb 21 12:20:01 CET 2016    EN: 3.394 GAM: 0.600  GM3: 0.0000
     2s    -26.548112    1.943768
     2p    -23.081168    2.552035
     3sp    -1.937199    1.103200
 16     Sun Feb 21 16:35:57 CET 2016    EN: 1.915 GAM: 0.200  GM3: 0.0000
     3s    -17.898811    2.619580
     3p    -15.317401    1.798798
     4sp    -4.455139    0.843200
 
 Nbf   :         1154
 T(el) :     0.0
 calculating S/T integrals ...
 cpu time for ints    2.26877000000000     
 Nao   :         1154
 making H0...
 making H1...
 cpu time for H      4.459899999999983E-002
 solving ...
 cpu time for diag    2.04901400000000     
 
 gap (eV)           :   4.307
 Koopmans IP (eV)   :  13.237
 Eel (Eh)           :  -441.706984

          eigenvalues
 #    :         246        247        248        249        250        251        252        253
 occ. :        2.000      2.000      2.000      2.000      2.000      2.000      2.000      2.000
 eps  :       -15.862    -15.480    -15.368    -15.209    -14.952    -14.829    -14.685    -14.495
 #    :         254        255        256        257        258        259        260        261
 occ. :        2.000      2.000      2.000      2.000      2.000      0.000      0.000      0.000
 eps  :       -14.485    -14.408    -14.074    -13.574    -13.238     -8.931     -8.489     -8.120
 #    :         262        263        264        265        266        267        268        269
 occ. :        0.000      0.000      0.000      0.000      0.000      0.000      0.000      0.000
 eps  :        -7.871     -6.756     -6.548     -6.263     -6.048     -5.986     -5.934     -5.865
                            1  SCC done.
 writing mo output ...
 molden style : F
 
speedup  2.93
cpu  time for all    9.16 s
wall time for all    3.12 s
