 
        ______________________________________
       |                                      |
       |          ===================         |
       |             xTB for sTDA             |
       |          ===================         |
       |               S. Grimme              |
       |        Universitaet Bonn, MCTC       |
       |         2015-19, Version 1.0         |
       |     Wed Apr  3 09:14:55 CEST 2019    |
       |______________________________________|
 
        This code comes without any warranty
        for non-commercial, academia use only.
        Preliminary test version.
        Cite this work as:
        S. Grimme  &  C. Bannwarth, JCP 145 (2016) 054103
        if GBSA is used additionally:
        P. Shushkov, F. März, C. Bannwarth, S. Grimme, unpublished.
 
        with help from
        P. Shushkov, G. Brandenburg, S. Dohm, J. Pisarek,
        F. März, M. Checinski, S. Ehrlich, S. Spicher, 
        P. Pracht, E. Caldeweyher, S. Ehlert, and C. Bannwarth.
 
        usage        :
        xtb4stda <coord_file> [options]
        where <coord_file> is a valid file of TM)
        (*coord, Bohr) or xmol (*xyz, Angstroem)
        format.

        options:
        -chrg <int>   : molecular charge
        -uhf  <int>   : # of unpaired electrons(=2*S)
        -nox          : skip second, extended part in sTDA-xTB
        -pop          : do population analysis
                      : (default for -nox)
        -mowr <real>  : cut MO write above (def.3 Eh)
        -molden       : write formatted molden file
        -parx <file>  : read parameters for sTDA-xTB
                        calc (def:~/.param_stda2.xtb)
        -parv <file>  : read parameters for vTB part in
                        sTDA-xTB (def: ~/.param_stda1.xtb)
        -xtemp <real> : el. temp for xTB (def. 0 K)
        -etemp <real> : el. temp for GFN (def. 300 K)
        -fod          : calculate the FOD and write
                        molden.input file with
                        appropriate occupations
                        for plotting. Def. T=12500 K
 
        -acc <real>   : xTB accuracy (def. 1.0)
        -gbsa [string1] [string2]
                        use GBSA implicit solvent
                        for solvent [string1] and
                        solvation state [string2]=
                        reference, bar1M (default=1M)
        additional GFN/opt/MD/siman options read from
        $XTB4STDAHOME/.xtb4stdarc or $set in input
 
       spin and charge state information can be on:
       <.CHRG> (charge) and <.UHF> (=nalpha-nbeta)
       -uhf and -chrg override the file info.
       useful machine settings:
       setenv MKL_NUM_THREADS <NCORE_ON_YOUR_MACHINE>
       setenv OMP_STACKSIZE 500m
       limit stacksize unlimited
 
       total energies in Eh, gaps/HL energies in eV
       please read REVISION and HOWTO files carefully
 =============================
  # OMP threads =           8
 =============================
 
 xtb4stdahome directory:/ihome/ghutchison/blp62/xtb4stda/
 
 
 name of molecule           :
 comment line               :
 number of atoms            :   208
 number of electrons        :   646
 charge                     :  0
 spin                       : 0.0
 first test random number   :  0.8240
 
 -----------------------------------------
      charge density (VTB) calculation
 -----------------------------------------
 
      method parameters     
 k(s)        :  1.8000
 k(p)        :  2.8350
 k(d)        :  2.0860
 k(f)        :  2.0000
 Tscal       :  0.3300
 Gscal       :  0.3910
 fpol        :  1.0000
 Zcnf        :  0.6500
 Zqf         :  0.0000
 kcn         :  0.3000
 kEN1        : -0.5900
 wllscal     :  2.6000
 
     -------------------------
     ! NO SOLVENT MODEL USED !
     -------------------------
 
 doing EN charges ...
 sum q : -0.4440892D-15
 point charge moment (au)
     X       Y       Z   
  -0.5171   0.4213   0.3833  total (Debye):    1.955
 
            Z      q(EN)   CN      Cart. coordinates
     1  C   4.0  -0.065   3.175    14.24570    -5.43712   -10.34587
     2  C   4.0  -0.003   3.279    15.72252    -4.19122    -8.66761
     3  C   4.0   0.101   3.227    14.75271    -2.34723    -6.76409
     4  O   6.0  -0.106   1.064    12.59559    -1.62327    -6.48252
     5  C   4.0  -0.007   3.363    16.91286    -1.75952    -5.11927
     6  C   4.0  -0.057   3.149    16.90152    -0.13908    -3.04284
     7  C   4.0   0.002   3.506    19.18998     0.04233    -1.83266
     8  C   4.0   0.003   3.506    21.33274    -1.30750    -2.61444
     9  C   4.0  -0.059   3.153    21.36543    -2.92454    -4.64608
    10  C   4.0  -0.007   3.358    19.05713    -3.12636    -5.91938
    11  C   4.0  -0.007   3.318    18.37910    -4.64003    -8.12015
    12  C   4.0  -0.037   3.120    19.97743    -6.15011    -9.48227
    13  C   4.0   0.236   2.160    19.28635    -7.56174   -11.63807
    14  N   5.0  -0.215   1.027    18.88517    -8.76342   -13.39948
    15  C   4.0   0.236   2.160    22.56049    -6.50878    -8.92518
    16  N   5.0  -0.215   1.026    24.66924    -6.88956    -8.58635
    17  C   4.0  -0.105   4.485    22.95866    -0.21562    -0.54462
    18  C   4.0  -0.102   4.327    24.83761     1.90862    -1.26801
    19  C   4.0  -0.062   3.280    23.74856     3.20913    -3.55968
    20  C   4.0  -0.062   3.280    21.72221     4.48734    -2.82344
    21  C   4.0  -0.102   4.327    21.40455     4.07501    -0.02003
    22  C   4.0  -0.169   4.322    24.18698     3.85863     0.78424
    23  C   4.0  -0.105   4.482    20.57364     1.28936     0.32277
    24  C   4.0   0.003   3.251    11.65470    -4.75701   -10.83248
    25  C   4.0   0.026   3.226    10.85818    -2.28241   -11.15656
    26  F   7.0  -0.026   1.082    12.56573    -0.43105   -11.41829
    27  C   4.0   0.026   3.215     8.31101    -1.61855   -11.28828
    28  F   7.0  -0.028   1.078     7.78794     0.85038   -11.57967
    29  C   4.0  -0.004   3.312     6.39143    -3.39489   -11.01483
    30  C   4.0   0.097   3.384     7.17567    -5.97002   -10.92829
    31  N   5.0  -0.252   2.462     5.40348    -7.77206   -10.78599
    32  C   4.0   0.129   3.265     6.05903   -10.15652   -10.70303
    33  C   4.0  -0.172   4.072     3.95690   -12.02829   -10.42297
    34  C   4.0  -0.242   4.030     3.56081   -12.69121    -7.63487
    35  C   4.0   0.123   3.259     8.66439   -10.84325   -10.81112
    36  N   5.0  -0.221   2.226    10.42467    -9.10489   -10.85648
    37  C   4.0   0.094   3.351     9.75949    -6.65561   -10.90561
    38  C   4.0  -0.168   4.070     9.50249   -13.54612   -10.91014
    39  C   4.0  -0.242   4.033    12.36656   -13.81201   -10.98687
    40  C   4.0  -0.078   3.234     3.79967    -2.77506   -10.55072
    41  C   4.0  -0.091   3.384     2.75390    -0.41687   -10.34701
    42  C   4.0  -0.019   3.454     0.31880    -0.40194    -9.26892
    43  C   4.0  -0.012   3.345    -1.10625     1.74573    -8.58011
    44  C   4.0  -0.086   3.258    -0.23886     4.31406    -8.85450
    45  C   4.0  -0.094   3.394    -1.66353     6.45266    -9.19730
    46  C   4.0  -0.100   3.402    -0.27061     8.70143    -9.04423
    47  C   4.0  -0.178   3.160     2.23422     8.30270    -8.52531
    48  S   6.0   0.189   2.350     4.48394    10.66467    -8.09615
    49  C   4.0  -0.242   4.019     7.38429     8.86773    -7.55399
    50  C   4.0  -0.252   4.071     8.50830     7.81931    -9.97019
    51  S   6.0   0.215   2.785     2.90753     5.11454    -8.29571
    52  C   4.0  -0.088   3.334    -3.30041     1.25818    -7.22480
    53  C   4.0  -0.020   3.458    -4.12263    -1.19620    -6.56018
    54  C   4.0  -0.011   3.326    -2.83818    -3.34992    -7.49522
    55  C   4.0  -0.083   3.237    -3.80704    -5.86382    -7.09195
    56  C   4.0  -0.094   3.376    -2.55510    -8.12714    -6.94380
    57  C   4.0  -0.100   3.393    -4.14738   -10.22946    -6.68680
    58  C   4.0  -0.176   3.158    -6.65618    -9.59886    -6.66242
    59  S   6.0   0.188   2.376    -9.15572   -11.72858    -6.41090
    60  C   4.0  -0.242   4.025   -11.85501    -9.57581    -6.19566
    61  C   4.0  -0.252   4.085   -14.23172   -11.07153    -5.64423
    62  S   6.0   0.207   2.733    -7.07608    -6.35968    -6.93208
    63  C   4.0  -0.081   3.302    -0.56541    -2.87616    -8.74603
    64  S   6.0   0.224   2.854     1.67297    -5.13779    -9.64913
    65  C   4.0  -0.092   3.398    -5.88574    -1.11286    -4.54876
    66  C   4.0  -0.090   3.285    -6.33398     1.27991    -3.67476
    67  S   6.0   0.234   2.733    -4.96903     3.58179    -5.60171
    68  C   4.0  -0.090   3.321    -7.16357     1.90447    -1.18599
    69  C   4.0   0.065   3.503    -6.13311     3.77473     0.33732
    70  N   5.0  -0.312   3.262    -4.49207     5.68751    -0.53366
    71  C   4.0   0.087   3.276    -1.92809     5.17331    -0.86814
    72  C   4.0  -0.070   3.200    -0.16478     7.13579    -1.02102
    73  C   4.0  -0.086   3.257     2.33268     6.64541    -1.56016
    74  C   4.0  -0.086   3.161     3.16945     4.17800    -1.93168
    75  S   6.0   0.188   2.269     6.40107     3.73315    -2.69796
    76  C   4.0  -0.324   3.993     6.46948     0.65366    -4.20351
    77  C   4.0  -0.083   3.226     1.47436     2.20814    -1.61061
    78  C   4.0  -0.072   3.216    -1.03103     2.69985    -1.06486
    79  C   4.0   0.083   3.280    -5.62571     7.94781    -1.34284
    80  C   4.0  -0.069   3.198    -7.76866     8.86111    -0.10582
    81  C   4.0  -0.086   3.261    -8.93727    11.04167    -0.91368
    82  C   4.0  -0.085   3.152    -8.00809    12.37468    -2.98255
    83  S   6.0   0.187   2.245    -9.65782    15.14880    -3.83766
    84  C   4.0  -0.323   3.987    -7.84954    16.40622    -6.46797
    85  C   4.0  -0.082   3.221    -5.89727    11.46175    -4.24168
    86  C   4.0  -0.072   3.210    -4.73093     9.27118    -3.43684
    87  C   4.0  -0.102   3.458    -6.83873     3.44667     2.88561
    88  S   6.0   0.228   2.667    -6.20851     5.09338     5.63422
    89  C   4.0  -0.075   3.224    -7.94403     2.84687     7.39299
    90  C   4.0   0.084   3.470    -9.09582     1.00798     5.82149
    91  N   5.0  -0.316   3.241   -10.65749    -0.91123     6.59609
    92  C   4.0   0.085   3.277   -12.35824    -0.65914     8.61734
    93  C   4.0  -0.068   3.193   -13.56672     1.63972     9.08637
    94  C   4.0  -0.085   3.257   -15.07945     1.91127    11.18283
    95  C   4.0  -0.086   3.157   -15.45682    -0.11338    12.82822
    96  S   6.0   0.188   2.247   -17.28702     0.46166    15.55509
    97  C   4.0  -0.323   3.989   -16.31665    -2.05772    17.67366
    98  C   4.0  -0.083   3.229   -14.39782    -2.44606    12.26867
    99  C   4.0  -0.069   3.202   -12.84314    -2.71138    10.18902
   100  C   4.0   0.079   3.316   -10.61100    -3.18702     5.21886
   101  C   4.0  -0.072   3.222    -8.30799    -4.26341     4.54555
   102  C   4.0  -0.083   3.225    -8.22333    -6.44888     3.12258
   103  C   4.0  -0.087   3.156   -10.45453    -7.60161     2.36405
   104  S   6.0   0.191   2.272   -10.58530   -10.35872     0.50097
   105  C   4.0  -0.325   3.994    -7.30077   -11.21628     0.03005
   106  C   4.0  -0.086   3.264   -12.76529    -6.55565     3.08195
   107  C   4.0  -0.067   3.191   -12.84862    -4.37339     4.49471
   108  C   4.0  -0.101   3.465    -8.40342     1.37213     3.28604
   109  S   6.0   0.231   2.594    -9.05727    -0.21694     0.49246
   110  C   4.0  -0.073   3.212    -8.01471     2.73273    10.02745
   111  C   4.0  -0.003   3.282    -7.16508     4.41345    11.81608
   112  C   4.0   0.103   3.245    -6.10041     6.92301    11.32910
   113  O   6.0  -0.121   1.220    -5.54824     7.84085     9.28951
   114  C   4.0  -0.007   3.369    -5.84530     8.15606    13.81295
   115  C   4.0  -0.057   3.147    -4.93596    10.57717    14.29937
   116  C   4.0   0.003   3.501    -4.90800    11.20683    16.81951
   117  C   4.0   0.003   3.501    -5.73116     9.55389    18.71603
   118  C   4.0  -0.058   3.152    -6.63785     7.16131    18.26023
   119  C   4.0  -0.007   3.366    -6.67602     6.47987    15.70910
   120  C   4.0  -0.008   3.330    -7.44193     4.10996    14.51272
   121  C   4.0  -0.037   3.122    -8.23410     1.98100    15.77184
   122  C   4.0   0.234   2.175    -8.67252    -0.39703    14.66692
   123  N   5.0  -0.215   1.040    -8.98470    -2.42886    13.95846
   124  C   4.0   0.234   2.170    -8.66836     1.83587    18.39459
   125  N   5.0  -0.214   1.027    -9.12719     1.56110    20.49899
   126  C   4.0  -0.105   4.489    -5.15177    11.41224    20.79889
   127  C   4.0  -0.102   4.332    -2.71988    10.92847    22.33467
   128  C   4.0  -0.062   3.279    -2.17186    13.45012    23.55997
   129  C   4.0  -0.062   3.279    -1.39235    15.01690    21.76416
   130  C   4.0  -0.102   4.331    -1.39991    13.58033    19.29505
   131  C   4.0  -0.169   4.319    -0.69977    10.93584    20.25503
   132  C   4.0  -0.105   4.487    -4.23336    13.25586    18.68334
   133  H   1.0   0.076   1.009    14.90559    -7.12653   -11.28620
   134  H   1.0   0.075   1.004    15.20644     0.85699    -2.50256
   135  H   1.0   0.077   1.006    23.02367    -3.96124    -5.21054
   136  H   1.0   0.088   1.004    23.77502    -1.57112     0.76874
   137  H   1.0   0.087   1.003    26.79405     1.30221    -1.41314
   138  H   1.0   0.078   1.002    24.47857     2.98520    -5.44052
   139  H   1.0   0.078   1.002    20.41924     5.54427    -3.96616
   140  H   1.0   0.087   1.003    20.23519     5.44109     0.97170
   141  H   1.0   0.086   1.002    25.21953     5.62420     0.55974
   142  H   1.0   0.086   1.002    24.43435     3.14734     2.69985
   143  H   1.0   0.088   1.004    19.83003     0.91897     2.20399
   144  H   1.0   0.082   1.004     4.36281   -13.73850   -11.49804
   145  H   1.0   0.082   1.006     2.23573   -11.15997   -11.15184
   146  H   1.0   0.082   1.000     3.16661   -10.98743    -6.55716
   147  H   1.0   0.081   0.999     5.22925   -13.58732    -6.83684
   148  H   1.0   0.081   0.999     1.97212   -13.97792    -7.43910
   149  H   1.0   0.081   1.004     8.74716   -14.54730    -9.26892
   150  H   1.0   0.080   1.004     8.67195   -14.41955   -12.59068
   151  H   1.0   0.083   1.000    13.13284   -12.84692   -12.62790
   152  H   1.0   0.081   0.999    12.88982   -15.79622   -11.07606
   153  H   1.0   0.082   1.000    13.20465   -12.97637    -9.30936
   154  H   1.0   0.082   1.018     3.71199     1.27594   -10.91392
   155  H   1.0   0.079   1.009    -3.65114     6.40353    -9.62116
   156  H   1.0   0.080   1.006    -1.05806    10.55639    -9.29008
   157  H   1.0   0.079   1.020     8.65570    10.23098    -6.67791
   158  H   1.0   0.079   1.024     6.95003     7.38032    -6.19547
   159  H   1.0   0.081   1.000     8.93425     9.33562   -11.29092
   160  H   1.0   0.082   1.004     7.22291     6.49707   -10.87537
   161  H   1.0   0.081   0.999    10.24572     6.81303    -9.53102
   162  H   1.0   0.080   1.016    -0.53271    -8.27794    -6.95892
   163  H   1.0   0.079   1.005    -3.49543   -12.14565    -6.52919
   164  H   1.0   0.079   1.020   -11.45117    -8.24336    -4.67707
   165  H   1.0   0.079   1.017   -11.98408    -8.57029    -7.98995
   166  H   1.0   0.081   1.001   -14.57092   -12.46614    -7.11501
   167  H   1.0   0.081   1.002   -14.05673   -12.03944    -3.84030
   168  H   1.0   0.082   0.999   -15.84176    -9.79804    -5.55598
   169  H   1.0   0.080   1.014    -6.57927    -2.75465    -3.57196
   170  H   1.0   0.077   1.007    -0.76591     9.05935    -0.71621
   171  H   1.0   0.076   1.008     3.66512     8.18346    -1.70415
   172  H   1.0   0.080   1.014     5.03253     0.58109    -5.66880
   173  H   1.0   0.080   1.010     6.18394    -0.82694    -2.81021
   174  H   1.0   0.080   1.015     8.33842     0.46468    -5.03196
   175  H   1.0   0.076   1.007     2.07435     0.26815    -1.79789
   176  H   1.0   0.077   1.009    -2.29526     1.11910    -0.81504
   177  H   1.0   0.077   1.009    -8.51567     7.87449     1.51291
   178  H   1.0   0.076   1.008   -10.58492    11.74427     0.06161
   179  H   1.0   0.079   1.010    -7.89905    15.09645    -8.04759
   180  H   1.0   0.079   1.010    -5.92278    16.78965    -5.87365
   181  H   1.0   0.079   1.015    -8.78023    18.15857    -6.98934
   182  H   1.0   0.076   1.007    -5.14138    12.42174    -5.87157
   183  H   1.0   0.077   1.010    -3.12126     8.57520    -4.47600
   184  H   1.0   0.076   1.006   -13.26380     3.21953     7.83102
   185  H   1.0   0.076   1.008   -15.97820     3.69725    11.58326
   186  H   1.0   0.079   1.015   -16.98353    -1.50932    19.53448
   187  H   1.0   0.080   1.011   -14.26913    -2.19586    17.67574
   188  H   1.0   0.079   1.009   -17.18422    -3.83388    17.12054
   189  H   1.0   0.077   1.007   -14.71662    -4.05970    13.46770
   190  H   1.0   0.077   1.007   -11.95743    -4.50813     9.81202
   191  H   1.0   0.076   1.007    -6.56925    -3.37637     5.14289
   192  H   1.0   0.076   1.007    -6.40863    -7.22952     2.62691
   193  H   1.0   0.079   1.017    -7.33837   -12.91136    -1.12533
   194  H   1.0   0.080   1.010    -6.41543   -11.61539     1.83776
   195  H   1.0   0.080   1.011    -6.31452    -9.72321    -0.97567
   196  H   1.0   0.076   1.008   -14.49061    -7.47160     2.49671
   197  H   1.0   0.076   1.006   -14.64084    -3.55930     5.02969
   198  H   1.0   0.078   1.017    -8.91062     1.04483    10.75594
   199  H   1.0   0.075   1.004    -4.32369    11.79095    12.78003
   200  H   1.0   0.076   1.006    -7.27129     5.91428    19.73970
   201  H   1.0   0.088   1.004    -6.74538    11.97311    21.97128
   202  H   1.0   0.087   1.003    -2.79698     9.29405    23.57528
   203  H   1.0   0.078   1.002    -2.49803    13.85150    25.52302
   204  H   1.0   0.078   1.002    -0.93712    16.98864    21.92744
   205  H   1.0   0.087   1.003    -0.27307    14.36230    17.76664
   206  H   1.0   0.086   1.003     1.20772    10.86725    21.02358
   207  H   1.0   0.087   1.004    -0.93107     9.44693    18.85512
   208  H   1.0   0.088   1.004    -5.21545    15.04732    18.44486
 
  Z AO/shell   Hii/eV     exponent
  1     Sat Feb 20 21:38:01 CET 2016    EN: 2.327 GAM: 0.473  GM3: 0.0000
     1s    -13.751157    1.051071
  6     Sat Feb 20 21:38:01 CET 2016    EN: 2.731 GAM: 0.422  GM3: 0.0000
     2s    -19.378245    2.021003
     2p    -11.993376    1.497917
  7     Sat Feb 20 21:38:01 CET 2016    EN: 3.573 GAM: 0.504  GM3: 0.0000
     2s    -21.576984    2.275442
     2p    -16.125120    2.056788
  8     Sat Feb 20 21:38:01 CET 2016    EN: 3.700 GAM: 0.587  GM3: 0.0000
     2s    -21.648843    2.110798
     2p    -17.239740    2.329048
  9     Sat Feb 20 21:51:24 CET 2016    EN: 3.394 GAM: 0.669  GM3: 0.0000
     2s    -19.384211    2.614957
     2p    -19.426034    2.777297
 16     Sat Feb 20 23:13:41 CET 2016    EN: 1.915 GAM: 0.389  GM3: 0.0000
     3s    -22.000000    2.671470
     3p    -15.834192    1.836978
     3d     -2.593599    1.836978
 
 dipole moment of classical point charges (au)
     X       Y       Z   
  -0.5171   0.4213   0.3833  total (Debye):    1.955

 
 Nbf   :          676
 T(el) :   300.0
 calculating S/T integrals ...
 cpu time for ints    1.10748100000000     
 Nao   :          664
 making H0...
 making H1...
 cpu time for H      0.309549000000000     
 solving ...
 cpu time for diag    1.95968400000000     
 
 gap (eV)           :   1.648
 Koopmans IP (eV)   :  11.890
 Eel (Eh)           :  -502.873140
 T,E(Fermi),NFOD :    300.000   -11.066  0.000000
 T,E(Fermi),NFOD :    300.000   -11.066  0.000000
 Nfod               :  0.0000
 Nfod/Nel           :  0.0000

          eigenvalues
 #    :         311        312        313        314        315        316        317        318
 occ. :        2.000      2.000      2.000      2.000      2.000      2.000      2.000      2.000
 eps  :       -14.489    -14.427    -14.316    -14.265    -14.132    -13.915    -13.900    -13.417
 #    :         319        320        321        322        323        324        325        326
 occ. :        2.000      2.000      2.000      2.000      2.000      0.000      0.000      0.000
 eps  :       -12.950    -12.744    -12.689    -12.419    -11.891    -10.242     -9.733     -9.696
 #    :         327        328        329        330        331        332        333        334
 occ. :        0.000      0.000      0.000      0.000      0.000      0.000      0.000      0.000
 eps  :        -9.514     -9.170     -9.144     -8.497     -8.329     -8.144     -7.992     -7.688
                            1  SCC done.
 making H1...
 cpu time for H       2.08359300000000     
 solving ...
 cpu time for diag   0.197650000000000     
 
 gap (eV)           :   1.849
 Koopmans IP (eV)   :  12.048
 Eel (Eh)           :  -502.560283
 T,E(Fermi),NFOD :    300.000   -11.124  0.000000
 T,E(Fermi),NFOD :    300.000   -11.124  0.000000
 Nfod               :  0.0000
 Nfod/Nel           :  0.0000

          eigenvalues
 #    :         311        312        313        314        315        316        317        318
 occ. :        2.000      2.000      2.000      2.000      2.000      2.000      2.000      2.000
 eps  :       -14.249    -14.173    -14.151    -14.007    -13.981    -13.588    -13.489    -13.474
 #    :         319        320        321        322        323        324        325        326
 occ. :        2.000      2.000      2.000      2.000      2.000      0.000      0.000      0.000
 eps  :       -13.056    -12.931    -12.502    -12.449    -12.050    -10.200     -9.816     -9.639
 #    :         327        328        329        330        331        332        333        334
 occ. :        0.000      0.000      0.000      0.000      0.000      0.000      0.000      0.000
 eps  :        -9.337     -9.259     -9.041     -8.540     -8.436     -8.306     -8.062     -7.675
                            2  SCC done.
 
 
 Mulliken/CM5 charges    n(s)   n(p)   n(d)   
    1 C   0.0093 -0.0363   1.162  2.828  0.000
    2 C  -0.0109 -0.0122   1.181  2.830  0.000
    3 C   0.1426  0.1784   1.177  2.680  0.000
    4 O  -0.2274 -0.2754   1.627  4.600  0.000
    5 C  -0.0179 -0.0196   1.187  2.831  0.000
    6 C  -0.0129 -0.0620   1.151  2.862  0.000
    7 C  -0.0074 -0.0148   1.209  2.799  0.000
    8 C  -0.0085 -0.0161   1.209  2.800  0.000
    9 C  -0.0243 -0.0736   1.152  2.872  0.000
   10 C  -0.0040 -0.0072   1.175  2.829  0.000
   11 C   0.0196  0.0192   1.197  2.784  0.000
   12 C   0.0165  0.0229   1.117  2.867  0.000
   13 C   0.1009  0.2195   1.171  2.729  0.000
   14 N  -0.2035 -0.3335   1.642  3.562  0.000
   15 C   0.1007  0.2197   1.170  2.729  0.000
   16 N  -0.2044 -0.3343   1.642  3.563  0.000
   17 C  -0.0286 -0.0840   1.218  2.811  0.000
   18 C  -0.0205 -0.0809   1.194  2.826  0.000
   19 C  -0.0517 -0.1094   1.165  2.886  0.000
   20 C  -0.0516 -0.1093   1.165  2.886  0.000
   21 C  -0.0206 -0.0810   1.194  2.827  0.000
   22 C  -0.0564 -0.1591   1.164  2.893  0.000
   23 C  -0.0304 -0.0858   1.218  2.812  0.000
   24 C   0.0269  0.0313   1.149  2.824  0.000
   25 C   0.1118  0.1332   1.164  2.724  0.000
   26 F  -0.1095 -0.1324   1.675  5.434  0.000
   27 C   0.0978  0.1176   1.164  2.739  0.000
   28 F  -0.1138 -0.1402   1.676  5.437  0.000
   29 C   0.0268  0.0346   1.157  2.816  0.000
   30 C   0.0459  0.1268   1.183  2.771  0.000
   31 N  -0.1816 -0.3798   1.471  3.711  0.000
   32 C   0.0615  0.1375   1.220  2.718  0.000
   33 C  -0.0320 -0.1327   1.122  2.910  0.000
   34 C  -0.0853 -0.2365   1.093  2.992  0.000
   35 C   0.0640  0.1400   1.221  2.715  0.000
   36 N  -0.1853 -0.3807   1.475  3.711  0.000
   37 C   0.0483  0.1274   1.181  2.771  0.000
   38 C  -0.0289 -0.1294   1.122  2.907  0.000
   39 C  -0.0803 -0.2292   1.087  2.994  0.000
   40 C  -0.0094  0.0026   1.174  2.835  0.000
   41 C  -0.0648 -0.1128   1.144  2.920  0.000
   42 C  -0.0277 -0.0293   1.170  2.858  0.000
   43 C   0.0051  0.0059   1.159  2.835  0.000
   44 C  -0.0501 -0.0406   1.173  2.877  0.000
   45 C  -0.0757 -0.1266   1.144  2.932  0.000
   46 C  -0.0907 -0.1415   1.129  2.962  0.000
   47 C  -0.0394 -0.0171   1.180  2.859  0.000
   48 S   0.0034 -0.0370   1.891  4.071  0.035
   49 C  -0.0364 -0.1310   1.130  2.907  0.000
   50 C  -0.0865 -0.2362   1.095  2.991  0.000
   51 S   0.0998  0.0559   1.885  3.970  0.045
   52 C  -0.0302 -0.0174   1.182  2.849  0.000
   53 C  -0.0289 -0.0301   1.172  2.856  0.000
   54 C   0.0007  0.0016   1.159  2.840  0.000
   55 C  -0.0465 -0.0373   1.172  2.875  0.000
   56 C  -0.0783 -0.1294   1.144  2.934  0.000
   57 C  -0.0907 -0.1413   1.129  2.962  0.000
   58 C  -0.0416 -0.0200   1.180  2.862  0.000
   59 S  -0.0011 -0.0426   1.891  4.078  0.032
   60 C  -0.0340 -0.1286   1.127  2.907  0.000
   61 C  -0.0695 -0.2192   1.084  2.985  0.000
   62 S   0.0844  0.0450   1.887  3.984  0.044
   63 C  -0.0362 -0.0236   1.188  2.848  0.000
   64 S   0.0743  0.0440   1.894  3.983  0.049
   65 C  -0.0673 -0.1148   1.148  2.920  0.000
   66 C  -0.0169 -0.0060   1.173  2.844  0.000
   67 S   0.0834  0.0460   1.891  3.986  0.040
   68 C  -0.0270 -0.0101   1.188  2.839  0.000
   69 C   0.0310  0.0938   1.171  2.799  0.000
   70 N  -0.1274 -0.3667   1.227  3.901  0.000
   71 C   0.0478  0.1055   1.174  2.779  0.000
   72 C  -0.0440 -0.0932   1.137  2.907  0.000
   73 C  -0.0414 -0.0931   1.135  2.906  0.000
   74 C  -0.0185 -0.0143   1.165  2.853  0.000
   75 S  -0.0385 -0.0843   1.892  4.119  0.028
   76 C  -0.0784 -0.2127   1.076  3.003  0.000
   77 C  -0.0528 -0.1054   1.135  2.918  0.000
   78 C  -0.0631 -0.1108   1.138  2.925  0.000
   79 C   0.0404  0.0962   1.174  2.785  0.000
   80 C  -0.0485 -0.0963   1.138  2.910  0.000
   81 C  -0.0436 -0.0951   1.133  2.911  0.000
   82 C  -0.0125 -0.0080   1.165  2.847  0.000
   83 S  -0.0328 -0.0764   1.891  4.115  0.027
   84 C  -0.0736 -0.2085   1.072  3.001  0.000
   85 C  -0.0553 -0.1083   1.133  2.922  0.000
   86 C  -0.0485 -0.0979   1.141  2.908  0.000
   87 C  -0.0541 -0.0354   1.190  2.864  0.000
   88 S   0.1286  0.0993   1.895  3.912  0.064
   89 C  -0.0198 -0.0073   1.164  2.856  0.000
   90 C   0.0362  0.1046   1.182  2.781  0.000
   91 N  -0.1060 -0.3519   1.229  3.877  0.000
   92 C   0.0420  0.0958   1.174  2.784  0.000
   93 C  -0.0479 -0.0967   1.139  2.909  0.000
   94 C  -0.0407 -0.0923   1.135  2.906  0.000
   95 C  -0.0094 -0.0048   1.165  2.844  0.000
   96 S  -0.0350 -0.0786   1.891  4.117  0.027
   97 C  -0.0734 -0.2081   1.074  3.000  0.000
   98 C  -0.0413 -0.0932   1.134  2.908  0.000
   99 C  -0.0359 -0.0832   1.137  2.899  0.000
  100 C   0.0404  0.0956   1.173  2.787  0.000
  101 C  -0.0431 -0.0905   1.141  2.902  0.000
  102 C  -0.0516 -0.1044   1.133  2.919  0.000
  103 C  -0.0069 -0.0024   1.167  2.840  0.000
  104 S  -0.0221 -0.0683   1.890  4.106  0.026
  105 C  -0.0754 -0.2102   1.074  3.001  0.000
  106 C  -0.0396 -0.0911   1.132  2.908  0.000
  107 C  -0.0351 -0.0834   1.139  2.896  0.000
  108 C  -0.0502 -0.0307   1.163  2.887  0.000
  109 S   0.1068  0.0717   1.892  3.952  0.049
  110 C  -0.0074 -0.0535   1.155  2.853  0.000
  111 C  -0.0302 -0.0321   1.168  2.862  0.000
  112 C   0.1327  0.1680   1.175  2.692  0.000
  113 O  -0.2162 -0.2623   1.621  4.595  0.000
  114 C  -0.0168 -0.0185   1.186  2.830  0.000
  115 C  -0.0168 -0.0661   1.151  2.866  0.000
  116 C  -0.0151 -0.0237   1.210  2.805  0.000
  117 C  -0.0171 -0.0260   1.209  2.808  0.000
  118 C  -0.0291 -0.0786   1.153  2.876  0.000
  119 C  -0.0069 -0.0101   1.175  2.832  0.000
  120 C   0.0191  0.0184   1.196  2.784  0.000
  121 C  -0.0060  0.0001   1.114  2.892  0.000
  122 C   0.0977  0.2146   1.173  2.730  0.000
  123 N  -0.2264 -0.3626   1.643  3.583  0.000
  124 C   0.0957  0.2143   1.172  2.732  0.000
  125 N  -0.2200 -0.3498   1.642  3.578  0.000
  126 C  -0.0290 -0.0842   1.219  2.810  0.000
  127 C  -0.0212 -0.0816   1.193  2.829  0.000
  128 C  -0.0476 -0.1062   1.166  2.881  0.000
  129 C  -0.0481 -0.1066   1.166  2.882  0.000
  130 C  -0.0211 -0.0815   1.193  2.829  0.000
  131 C  -0.0636 -0.1656   1.159  2.905  0.000
  132 C  -0.0306 -0.0858   1.220  2.811  0.000
  133 H   0.0711  0.1398   0.929  0.000  0.000
  134 H   0.0519  0.1106   0.948  0.000  0.000
  135 H   0.0535  0.1174   0.946  0.000  0.000
  136 H   0.0469  0.1052   0.953  0.000  0.000
  137 H   0.0460  0.1035   0.954  0.000  0.000
  138 H   0.0460  0.1026   0.954  0.000  0.000
  139 H   0.0459  0.1026   0.954  0.000  0.000
  140 H   0.0455  0.1030   0.954  0.000  0.000
  141 H   0.0406  0.0971   0.959  0.000  0.000
  142 H   0.0326  0.0892   0.967  0.000  0.000
  143 H   0.0467  0.1050   0.953  0.000  0.000
  144 H   0.0427  0.0999   0.957  0.000  0.000
  145 H   0.0444  0.1054   0.956  0.000  0.000
  146 H   0.0350  0.0892   0.965  0.000  0.000
  147 H   0.0309  0.0839   0.969  0.000  0.000
  148 H   0.0369  0.0888   0.963  0.000  0.000
  149 H   0.0468  0.1040   0.953  0.000  0.000
  150 H   0.0468  0.1036   0.953  0.000  0.000
  151 H   0.0357  0.0919   0.964  0.000  0.000
  152 H   0.0364  0.0883   0.964  0.000  0.000
  153 H   0.0323  0.0880   0.968  0.000  0.000
  154 H   0.0578  0.1241   0.942  0.000  0.000
  155 H   0.0493  0.1093   0.951  0.000  0.000
  156 H   0.0461  0.1041   0.954  0.000  0.000
  157 H   0.0509  0.1077   0.949  0.000  0.000
  158 H   0.0510  0.1124   0.949  0.000  0.000
  159 H   0.0306  0.0833   0.969  0.000  0.000
  160 H   0.0333  0.0886   0.967  0.000  0.000
  161 H   0.0353  0.0874   0.965  0.000  0.000
  162 H   0.0536  0.1161   0.946  0.000  0.000
  163 H   0.0468  0.1046   0.953  0.000  0.000
  164 H   0.0448  0.1046   0.955  0.000  0.000
  165 H   0.0434  0.1011   0.957  0.000  0.000
  166 H   0.0344  0.0873   0.966  0.000  0.000
  167 H   0.0360  0.0898   0.964  0.000  0.000
  168 H   0.0398  0.0917   0.960  0.000  0.000
  169 H   0.0530  0.1159   0.947  0.000  0.000
  170 H   0.0438  0.1062   0.956  0.000  0.000
  171 H   0.0443  0.1032   0.956  0.000  0.000
  172 H   0.0470  0.1039   0.953  0.000  0.000
  173 H   0.0447  0.0984   0.955  0.000  0.000
  174 H   0.0590  0.1159   0.941  0.000  0.000
  175 H   0.0437  0.1027   0.956  0.000  0.000
  176 H   0.0360  0.1011   0.964  0.000  0.000
  177 H   0.0402  0.1042   0.960  0.000  0.000
  178 H   0.0439  0.1025   0.956  0.000  0.000
  179 H   0.0470  0.1006   0.953  0.000  0.000
  180 H   0.0479  0.1017   0.952  0.000  0.000
  181 H   0.0554  0.1092   0.945  0.000  0.000
  182 H   0.0442  0.1035   0.956  0.000  0.000
  183 H   0.0447  0.1099   0.955  0.000  0.000
  184 H   0.0404  0.1022   0.960  0.000  0.000
  185 H   0.0458  0.1043   0.954  0.000  0.000
  186 H   0.0551  0.1088   0.945  0.000  0.000
  187 H   0.0510  0.1062   0.949  0.000  0.000
  188 H   0.0456  0.0990   0.954  0.000  0.000
  189 H   0.0489  0.1091   0.951  0.000  0.000
  190 H   0.0436  0.1073   0.956  0.000  0.000
  191 H   0.0405  0.1026   0.960  0.000  0.000
  192 H   0.0461  0.1053   0.954  0.000  0.000
  193 H   0.0576  0.1127   0.942  0.000  0.000
  194 H   0.0474  0.1012   0.953  0.000  0.000
  195 H   0.0470  0.1020   0.953  0.000  0.000
  196 H   0.0455  0.1041   0.954  0.000  0.000
  197 H   0.0432  0.1045   0.957  0.000  0.000
  198 H   0.0652  0.1409   0.935  0.000  0.000
  199 H   0.0507  0.1092   0.949  0.000  0.000
  200 H   0.0519  0.1156   0.948  0.000  0.000
  201 H   0.0471  0.1059   0.953  0.000  0.000
  202 H   0.0457  0.1035   0.954  0.000  0.000
  203 H   0.0468  0.1030   0.953  0.000  0.000
  204 H   0.0466  0.1028   0.953  0.000  0.000
  205 H   0.0454  0.1031   0.955  0.000  0.000
  206 H   0.0372  0.0939   0.963  0.000  0.000
  207 H   0.0364  0.0958   0.964  0.000  0.000
  208 H   0.0469  0.1056   0.953  0.000  0.000
 Hirshfeld charges for QMDFF written to <charges>
 
 Loewdin charges    n(s)   n(p)   n(d)
    1 C   0.0189   1.108  2.873  0.000
    2 C  -0.0169   1.142  2.874  0.000
    3 C   0.1336   1.143  2.723  0.000
    4 O  -0.2116   1.597  4.615  0.000
    5 C  -0.0199   1.147  2.873  0.000
    6 C  -0.0089   1.098  2.911  0.000
    7 C  -0.0030   1.168  2.835  0.000
    8 C  -0.0032   1.168  2.835  0.000
    9 C  -0.0224   1.100  2.922  0.000
   10 C  -0.0001   1.133  2.867  0.000
   11 C   0.0301   1.153  2.817  0.000
   12 C   0.0055   1.075  2.919  0.000
   13 C   0.0945   1.137  2.769  0.000
   14 N  -0.1925   1.604  3.589  0.000
   15 C   0.0943   1.137  2.769  0.000
   16 N  -0.1933   1.604  3.590  0.000
   17 C  -0.0222   1.172  2.850  0.000
   18 C  -0.0108   1.146  2.865  0.000
   19 C  -0.0442   1.114  2.930  0.000
   20 C  -0.0441   1.114  2.930  0.000
   21 C  -0.0110   1.146  2.865  0.000
   22 C  -0.0519   1.106  2.946  0.000
   23 C  -0.0240   1.173  2.851  0.000
   24 C   0.0228   1.108  2.869  0.000
   25 C   0.0984   1.131  2.770  0.000
   26 F  -0.0920   1.658  5.434  0.000
   27 C   0.0834   1.131  2.785  0.000
   28 F  -0.0959   1.659  5.437  0.000
   29 C   0.0238   1.117  2.859  0.000
   30 C   0.0355   1.150  2.815  0.000
   31 N  -0.1562   1.436  3.721  0.000
   32 C   0.0547   1.187  2.758  0.000
   33 C  -0.0268   1.060  2.967  0.000
   34 C  -0.0864   1.020  3.066  0.000
   35 C   0.0587   1.187  2.755  0.000
   36 N  -0.1638   1.440  3.724  0.000
   37 C   0.0395   1.147  2.814  0.000
   38 C  -0.0241   1.061  2.963  0.000
   39 C  -0.0812   1.013  3.068  0.000
   40 C   0.0133   1.129  2.858  0.000
   41 C  -0.0644   1.094  2.970  0.000
   42 C  -0.0253   1.128  2.897  0.000
   43 C   0.0040   1.119  2.877  0.000
   44 C  -0.0288   1.128  2.900  0.000
   45 C  -0.0707   1.092  2.978  0.000
   46 C  -0.0913   1.079  3.012  0.000
   47 C   0.0099   1.129  2.861  0.000
   48 S  -0.0350   1.879  4.069  0.087
   49 C  -0.0090   1.065  2.944  0.000
   50 C  -0.0884   1.023  3.066  0.000
   51 S   0.0615   1.872  3.966  0.101
   52 C  -0.0092   1.137  2.872  0.000
   53 C  -0.0267   1.131  2.895  0.000
   54 C  -0.0004   1.118  2.882  0.000
   55 C  -0.0253   1.127  2.898  0.000
   56 C  -0.0743   1.092  2.982  0.000
   57 C  -0.0912   1.079  3.012  0.000
   58 C   0.0081   1.129  2.863  0.000
   59 S  -0.0394   1.879  4.077  0.083
   60 C  -0.0067   1.062  2.945  0.000
   61 C  -0.0694   1.011  3.059  0.000
   62 S   0.0469   1.874  3.981  0.098
   63 C  -0.0163   1.144  2.872  0.000
   64 S   0.0344   1.881  3.981  0.103
   65 C  -0.0666   1.098  2.968  0.000
   66 C   0.0067   1.127  2.866  0.000
   67 S   0.0433   1.878  3.985  0.094
   68 C  -0.0058   1.144  2.862  0.000
   69 C   0.0181   1.140  2.842  0.000
   70 N  -0.0900   1.187  3.903  0.000
   71 C   0.0446   1.137  2.818  0.000
   72 C  -0.0418   1.085  2.957  0.000
   73 C  -0.0366   1.082  2.954  0.000
   74 C   0.0089   1.117  2.874  0.000
   75 S  -0.0765   1.879  4.115  0.082
   76 C  -0.0565   0.997  3.059  0.000
   77 C  -0.0490   1.082  2.967  0.000
   78 C  -0.0610   1.086  2.975  0.000
   79 C   0.0370   1.138  2.825  0.000
   80 C  -0.0458   1.086  2.960  0.000
   81 C  -0.0389   1.080  2.959  0.000
   82 C   0.0161   1.116  2.867  0.000
   83 S  -0.0713   1.878  4.112  0.081
   84 C  -0.0509   0.994  3.057  0.000
   85 C  -0.0522   1.081  2.971  0.000
   86 C  -0.0462   1.089  2.958  0.000
   87 C  -0.0301   1.145  2.885  0.000
   88 S   0.0840   1.883  3.912  0.121
   89 C  -0.0032   1.121  2.882  0.000
   90 C   0.0290   1.150  2.821  0.000
   91 N  -0.0652   1.187  3.879  0.000
   92 C   0.0392   1.137  2.824  0.000
   93 C  -0.0442   1.086  2.958  0.000
   94 C  -0.0359   1.082  2.954  0.000
   95 C   0.0193   1.117  2.864  0.000
   96 S  -0.0735   1.878  4.114  0.081
   97 C  -0.0508   0.995  3.055  0.000
   98 C  -0.0382   1.081  2.957  0.000
   99 C  -0.0330   1.085  2.948  0.000
  100 C   0.0369   1.136  2.827  0.000
  101 C  -0.0389   1.088  2.951  0.000
  102 C  -0.0490   1.080  2.969  0.000
  103 C   0.0222   1.118  2.860  0.000
  104 S  -0.0609   1.877  4.103  0.081
  105 C  -0.0532   0.996  3.057  0.000
  106 C  -0.0352   1.079  2.956  0.000
  107 C  -0.0315   1.086  2.945  0.000
  108 C  -0.0319   1.120  2.912  0.000
  109 S   0.0682   1.879  3.950  0.103
  110 C  -0.0009   1.101  2.900  0.000
  111 C  -0.0394   1.130  2.909  0.000
  112 C   0.1240   1.141  2.735  0.000
  113 O  -0.1972   1.590  4.608  0.000
  114 C  -0.0186   1.146  2.872  0.000
  115 C  -0.0129   1.098  2.915  0.000
  116 C  -0.0105   1.169  2.841  0.000
  117 C  -0.0119   1.168  2.844  0.000
  118 C  -0.0269   1.100  2.927  0.000
  119 C  -0.0032   1.133  2.871  0.000
  120 C   0.0302   1.152  2.818  0.000
  121 C  -0.0179   1.073  2.945  0.000
  122 C   0.0924   1.138  2.769  0.000
  123 N  -0.2154   1.605  3.610  0.000
  124 C   0.0900   1.138  2.772  0.000
  125 N  -0.2092   1.604  3.605  0.000
  126 C  -0.0225   1.174  2.849  0.000
  127 C  -0.0114   1.144  2.867  0.000
  128 C  -0.0395   1.115  2.924  0.000
  129 C  -0.0399   1.115  2.925  0.000
  130 C  -0.0114   1.144  2.867  0.000
  131 C  -0.0603   1.102  2.959  0.000
  132 C  -0.0241   1.174  2.850  0.000
  133 H   0.0584   0.942  0.000  0.000
  134 H   0.0416   0.958  0.000  0.000
  135 H   0.0432   0.957  0.000  0.000
  136 H   0.0390   0.961  0.000  0.000
  137 H   0.0381   0.962  0.000  0.000
  138 H   0.0376   0.962  0.000  0.000
  139 H   0.0376   0.962  0.000  0.000
  140 H   0.0377   0.962  0.000  0.000
  141 H   0.0363   0.964  0.000  0.000
  142 H   0.0292   0.971  0.000  0.000
  143 H   0.0388   0.961  0.000  0.000
  144 H   0.0392   0.961  0.000  0.000
  145 H   0.0393   0.961  0.000  0.000
  146 H   0.0343   0.966  0.000  0.000
  147 H   0.0312   0.969  0.000  0.000
  148 H   0.0363   0.964  0.000  0.000
  149 H   0.0434   0.957  0.000  0.000
  150 H   0.0431   0.957  0.000  0.000
  151 H   0.0344   0.966  0.000  0.000
  152 H   0.0360   0.964  0.000  0.000
  153 H   0.0316   0.968  0.000  0.000
  154 H   0.0495   0.951  0.000  0.000
  155 H   0.0421   0.958  0.000  0.000
  156 H   0.0392   0.961  0.000  0.000
  157 H   0.0465   0.954  0.000  0.000
  158 H   0.0471   0.953  0.000  0.000
  159 H   0.0303   0.970  0.000  0.000
  160 H   0.0331   0.967  0.000  0.000
  161 H   0.0348   0.965  0.000  0.000
  162 H   0.0468   0.953  0.000  0.000
  163 H   0.0396   0.960  0.000  0.000
  164 H   0.0407   0.959  0.000  0.000
  165 H   0.0388   0.961  0.000  0.000
  166 H   0.0336   0.966  0.000  0.000
  167 H   0.0350   0.965  0.000  0.000
  168 H   0.0389   0.961  0.000  0.000
  169 H   0.0453   0.955  0.000  0.000
  170 H   0.0358   0.964  0.000  0.000
  171 H   0.0363   0.964  0.000  0.000
  172 H   0.0457   0.954  0.000  0.000
  173 H   0.0435   0.957  0.000  0.000
  174 H   0.0565   0.944  0.000  0.000
  175 H   0.0365   0.963  0.000  0.000
  176 H   0.0290   0.971  0.000  0.000
  177 H   0.0325   0.968  0.000  0.000
  178 H   0.0358   0.964  0.000  0.000
  179 H   0.0453   0.955  0.000  0.000
  180 H   0.0462   0.954  0.000  0.000
  181 H   0.0537   0.946  0.000  0.000
  182 H   0.0373   0.963  0.000  0.000
  183 H   0.0372   0.963  0.000  0.000
  184 H   0.0323   0.968  0.000  0.000
  185 H   0.0374   0.963  0.000  0.000
  186 H   0.0532   0.947  0.000  0.000
  187 H   0.0489   0.951  0.000  0.000
  188 H   0.0441   0.956  0.000  0.000
  189 H   0.0411   0.959  0.000  0.000
  190 H   0.0351   0.965  0.000  0.000
  191 H   0.0323   0.968  0.000  0.000
  192 H   0.0388   0.961  0.000  0.000
  193 H   0.0558   0.944  0.000  0.000
  194 H   0.0457   0.954  0.000  0.000
  195 H   0.0455   0.954  0.000  0.000
  196 H   0.0372   0.963  0.000  0.000
  197 H   0.0347   0.965  0.000  0.000
  198 H   0.0548   0.945  0.000  0.000
  199 H   0.0406   0.959  0.000  0.000
  200 H   0.0419   0.958  0.000  0.000
  201 H   0.0390   0.961  0.000  0.000
  202 H   0.0378   0.962  0.000  0.000
  203 H   0.0384   0.962  0.000  0.000
  204 H   0.0383   0.962  0.000  0.000
  205 H   0.0375   0.962  0.000  0.000
  206 H   0.0334   0.967  0.000  0.000
  207 H   0.0325   0.968  0.000  0.000
  208 H   0.0388   0.961  0.000  0.000
 
 Wiberg/Mayer (AO) data. WBOs > 0.1 written file <wbo>
 largest (>0.05) Wiberg bond orders for each atom
           total WBO             WBO to atom ...
     1  C   3.926    C    2 1.640    C   24 1.093    H  133 0.920    O    4 0.056
     2  C   3.927    C    1 1.640    C   11 1.068    C    3 0.969    O    4 0.066
     3  C   3.907    O    4 1.800    C    5 0.998    C    2 0.969
     4  O   2.155    C    3 1.800    C    2 0.066    C    5 0.060    C    1 0.056
     5  C   3.937    C    6 1.352    C   10 1.279    C    3 0.998    C    8 0.088    O    4 0.060
     6  C   3.962    C    7 1.426    C    5 1.352    H  134 0.941    C    9 0.083
     7  C   3.917    C    6 1.426    C    8 1.306    C   23 0.951    C   10 0.088
     8  C   3.929    C    9 1.433    C    7 1.306    C   17 0.953    C    5 0.088
     9  C   3.956    C    8 1.433    C   10 1.342    H  135 0.935    C    6 0.083
    10  C   3.949    C    9 1.342    C    5 1.279    C   11 1.058    C    7 0.088
    11  C   3.934    C   12 1.488    C    2 1.068    C   10 1.058    N   16 0.095    N   14 0.094
    12  C   3.948    C   11 1.488    C   15 1.057    C   13 1.057    N   14 0.078    N   16 0.077
    13  C   3.941    N   14 2.792    C   12 1.057
    14  N   3.051    C   13 2.792    C   11 0.094    C   12 0.078
    15  C   3.940    N   16 2.793    C   12 1.057
    16  N   3.052    C   15 2.793    C   11 0.095    C   12 0.077
    17  C   3.931    C    8 0.953    C   23 0.949    H  136 0.941    C   18 0.925
    18  C   3.948    C   19 0.991    C   22 0.969    H  137 0.947    C   17 0.925
    19  C   3.964    C   20 1.937    C   18 0.991    H  138 0.937
    20  C   3.964    C   19 1.937    C   21 0.991    H  139 0.937
    21  C   3.948    C   20 0.991    C   22 0.969    H  140 0.947    C   23 0.925
    22  C   3.962    C   21 0.969    C   18 0.969    H  142 0.964    H  141 0.958
    23  C   3.928    C    7 0.951    C   17 0.949    H  143 0.941    C   21 0.925
    24  C   3.928    C   25 1.364    C   37 1.198    C    1 1.093    C   29 0.082
    25  C   3.901    C   24 1.364    C   27 1.317    F   26 0.985
    26  F   1.114    C   25 0.985
    27  C   3.895    C   29 1.354    C   25 1.317    F   28 0.978
    28  F   1.114    C   27 0.978
    29  C   3.937    C   27 1.354    C   30 1.189    C   40 1.112    C   24 0.082
    30  C   3.932    N   31 1.252    C   37 1.222    C   29 1.189    C   35 0.062
    31  N   3.141    C   32 1.502    C   30 1.252    N   36 0.114
    32  C   3.901    N   31 1.502    C   35 1.198    C   33 0.986    C   37 0.061
    33  C   3.973    C   32 0.986    C   34 0.986    H  145 0.964    H  144 0.963
    34  C   3.980    C   33 0.986    H  146 0.983    H  147 0.983    H  148 0.979
    35  C   3.911    N   36 1.510    C   32 1.198    C   38 0.983    C   30 0.062
    36  N   3.106    C   35 1.510    C   37 1.246    N   31 0.114
    37  C   3.934    N   36 1.246    C   30 1.222    C   24 1.198    C   32 0.061
    38  C   3.971    C   39 1.006    C   35 0.983    H  149 0.952    H  150 0.951
    39  C   3.986    C   38 1.006    H  153 0.985    H  151 0.985    H  152 0.981
    40  C   3.908    C   41 1.541    C   29 1.112    S   64 1.060
    41  C   3.935    C   40 1.541    C   42 1.215    H  154 0.926    S   64 0.069
    42  C   3.930    C   63 1.238    C   43 1.228    C   41 1.215
    43  C   3.902    C   52 1.351    C   42 1.228    C   44 1.068    C   54 0.071
    44  C   3.929    C   45 1.533    S   51 1.086    C   43 1.068    C   47 0.100
    45  C   3.938    C   44 1.533    C   46 1.285    H  155 0.936    S   51 0.070
    46  C   3.954    C   47 1.541    C   45 1.285    H  156 0.939    S   48 0.062    S   51 0.061
    47  C   3.924    C   46 1.541    S   51 1.130    S   48 1.077    C   44 0.100
    48  S   2.287    C   47 1.077    C   49 0.981    C   46 0.062
    49  C   3.960    C   50 1.010    S   48 0.981    H  157 0.968    H  158 0.960
    50  C   3.982    C   49 1.010    H  159 0.982    H  160 0.980    H  161 0.976
    51  S   2.533    C   47 1.130    C   44 1.086    C   45 0.070    C   46 0.061
    52  C   3.926    C   43 1.351    C   53 1.240    S   67 1.069    C   63 0.050
    53  C   3.925    C   52 1.240    C   54 1.222    C   65 1.210
    54  C   3.906    C   63 1.340    C   53 1.222    C   55 1.086    C   43 0.071
    55  C   3.931    C   56 1.528    C   54 1.086    S   62 1.082    C   58 0.097
    56  C   3.933    C   55 1.528    C   57 1.289    H  162 0.929    S   62 0.068
    57  C   3.952    C   58 1.538    C   56 1.289    H  163 0.939    S   59 0.064    S   62 0.061
    58  C   3.922    C   57 1.538    S   62 1.129    S   59 1.081    C   55 0.097
    59  S   2.261    C   58 1.081    C   60 0.966    C   57 0.064
    60  C   3.963    C   61 1.016    H  165 0.977    H  164 0.972    S   59 0.966
    61  C   3.982    C   60 1.016    H  166 0.985    H  167 0.983    H  168 0.977
    62  S   2.515    C   58 1.129    C   55 1.082    C   56 0.068    C   57 0.061
    63  C   3.919    C   54 1.340    C   42 1.238    S   64 1.058    C   52 0.050
    64  S   2.456    C   40 1.060    C   63 1.058    C   41 0.069
    65  C   3.929    C   66 1.543    C   53 1.210    H  169 0.931    S   67 0.072    C   69 0.060
    66  C   3.902    C   65 1.543    C   68 1.116    S   67 1.058
    67  S   2.438    C   52 1.069    C   66 1.058    C   65 0.072
    68  C   3.886    C   69 1.445    C   66 1.116    S  109 1.090    C  108 0.060
    69  C   3.903    C   68 1.445    C   87 1.235    N   70 0.961    S  109 0.071    C   65 0.060
    70  N   3.297    C   71 1.010    C   79 0.988    C   69 0.961
    71  C   3.931    C   78 1.366    C   72 1.349    N   70 1.010    C   74 0.094
    72  C   3.969    C   73 1.465    C   71 1.349    H  170 0.942    C   77 0.099
    73  C   3.971    C   72 1.465    C   74 1.361    H  171 0.944    C   78 0.102
    74  C   3.953    C   77 1.383    C   73 1.361    S   75 1.024    C   71 0.094
    75  S   2.206    C   74 1.024    C   76 0.995
    76  C   3.980    S   75 0.995    H  173 0.990    H  172 0.984    H  174 0.978
    77  C   3.972    C   78 1.443    C   74 1.383    H  175 0.943    C   72 0.099
    78  C   3.969    C   77 1.443    C   71 1.366    H  176 0.942    C   73 0.102
    79  C   3.931    C   86 1.369    C   80 1.361    N   70 0.988    C   82 0.095
    80  C   3.969    C   81 1.461    C   79 1.361    H  177 0.942    C   85 0.100
    81  C   3.972    C   80 1.461    C   82 1.364    H  178 0.944    C   86 0.104
    82  C   3.952    C   85 1.377    C   81 1.364    S   83 1.034    C   79 0.095
    83  S   2.206    C   82 1.034    C   84 0.999
    84  C   3.983    S   83 0.999    H  179 0.989    H  180 0.989    H  181 0.980
    85  C   3.971    C   86 1.444    C   82 1.377    H  182 0.942    C   80 0.100
    86  C   3.968    C   85 1.444    C   79 1.369    H  183 0.938    C   81 0.104
    87  C   3.918    C  108 1.336    C   69 1.235    S   88 1.081
    88  S   2.530    C   87 1.081    C   89 1.056    O  113 0.070    C   90 0.067
    89  C   3.913    C   90 1.307    C  110 1.301    S   88 1.056
    90  C   3.900    C   89 1.307    C  108 1.260    N   91 1.059    S   88 0.067    C  111 0.067
    91  N   3.369    C   90 1.059    C   92 0.980    C  100 0.972
    92  C   3.928    C   99 1.376    C   93 1.351    N   91 0.980    C   95 0.095
    93  C   3.969    C   94 1.468    C   92 1.351    H  184 0.944    C   98 0.100
    94  C   3.971    C   93 1.468    C   95 1.357    H  185 0.943    C   99 0.102
    95  C   3.953    C   98 1.381    C   94 1.357    S   96 1.036    C   92 0.095
    96  S   2.202    C   95 1.036    C   97 0.995
    97  C   3.982    S   96 0.995    H  188 0.990    H  187 0.987    H  186 0.981
    98  C   3.972    C   99 1.439    C   95 1.381    H  189 0.942    C   93 0.100
    99  C   3.968    C   98 1.439    C   92 1.376    H  190 0.944    C   94 0.102
   100  C   3.928    C  101 1.376    C  107 1.361    N   91 0.972    C  103 0.096
   101  C   3.968    C  102 1.441    C  100 1.376    H  191 0.945    C  106 0.103
   102  C   3.971    C  101 1.441    C  103 1.378    H  192 0.942    C  107 0.100
   103  C   3.951    C  102 1.378    C  106 1.358    S  104 1.040    C  100 0.096
   104  S   2.223    C  103 1.040    C  105 0.999
   105  C   3.982    S  104 0.999    H  194 0.989    H  195 0.987    H  193 0.977
   106  C   3.971    C  107 1.465    C  103 1.358    H  196 0.944    C  101 0.103
   107  C   3.967    C  106 1.465    C  100 1.361    H  197 0.944    C  102 0.100
   108  C   3.923    C   87 1.336    C   90 1.260    S  109 1.079    C   68 0.060
   109  S   2.489    C   68 1.090    C  108 1.079    C   69 0.071
   110  C   3.929    C  111 1.462    C   89 1.301    H  198 0.910
   111  C   3.910    C  110 1.462    C  120 1.116    C  112 1.029    C   90 0.067    O  113 0.063
   112  C   3.903    O  113 1.742    C  111 1.029    C  114 0.988
   113  O   2.178    C  112 1.742    S   88 0.070    C  111 0.063    C  114 0.053
   114  C   3.932    C  115 1.360    C  119 1.286    C  112 0.988    C  117 0.091    O  113 0.053
   115  C   3.958    C  116 1.419    C  114 1.360    H  199 0.941    C  118 0.082
   116  C   3.917    C  115 1.419    C  117 1.314    C  132 0.947    C  119 0.091
   117  C   3.928    C  118 1.426    C  116 1.314    C  126 0.949    C  114 0.091
   118  C   3.953    C  117 1.426    C  119 1.349    H  200 0.935    C  115 0.082
   119  C   3.944    C  118 1.349    C  114 1.286    C  120 1.046    C  116 0.091
   120  C   3.931    C  121 1.444    C  111 1.116    C  119 1.046    N  123 0.089    N  125 0.088
   121  C   3.932    C  120 1.444    C  122 1.071    C  124 1.066    N  125 0.081    N  123 0.081
   122  C   3.939    N  123 2.764    C  121 1.071
   123  N   3.038    C  122 2.764    C  120 0.089    C  121 0.081
   124  C   3.938    N  125 2.778    C  121 1.066
   125  N   3.039    C  124 2.778    C  120 0.088    C  121 0.081
   126  C   3.930    C  132 0.950    C  117 0.949    H  201 0.941    C  127 0.929
   127  C   3.950    C  128 0.985    C  131 0.974    H  202 0.946    C  126 0.929
   128  C   3.959    C  129 1.935    C  127 0.985    H  203 0.937
   129  C   3.959    C  128 1.935    C  130 0.985    H  204 0.937
   130  C   3.949    C  129 0.985    C  131 0.974    H  205 0.946    C  132 0.928
   131  C   3.967    C  130 0.974    C  127 0.974    H  206 0.962    H  207 0.960
   132  C   3.927    C  126 0.950    C  116 0.947    H  208 0.941    C  130 0.928
   133  H   0.990    C    1 0.920
   134  H   0.996    C    6 0.941
   135  H   0.995    C    9 0.935
   136  H   0.996    C   17 0.941
   137  H   0.997    C   18 0.947
   138  H   0.998    C   19 0.937
   139  H   0.998    C   20 0.937
   140  H   0.997    C   21 0.947
   141  H   0.996    C   22 0.958
   142  H   0.999    C   22 0.964
   143  H   0.995    C   23 0.941
   144  H   0.997    C   33 0.963
   145  H   0.998    C   33 0.964
   146  H   0.999    C   34 0.983
   147  H   0.999    C   34 0.983
   148  H   0.996    C   34 0.979
   149  H   0.996    C   38 0.952
   150  H   0.996    C   38 0.951
   151  H   0.999    C   39 0.985
   152  H   0.997    C   39 0.981
   153  H   0.999    C   39 0.985
   154  H   0.994    C   41 0.926
   155  H   0.996    C   45 0.936
   156  H   0.996    C   46 0.939
   157  H   0.996    C   49 0.968
   158  H   0.997    C   49 0.960
   159  H   0.999    C   50 0.982
   160  H   0.999    C   50 0.980
   161  H   0.998    C   50 0.976
   162  H   0.996    C   56 0.929
   163  H   0.996    C   57 0.939
   164  H   0.998    C   60 0.972
   165  H   0.998    C   60 0.977
   166  H   0.999    C   61 0.985
   167  H   0.999    C   61 0.983
   168  H   0.997    C   61 0.977
   169  H   0.994    C   65 0.931
   170  H   0.997    C   72 0.942
   171  H   0.997    C   73 0.944
   172  H   0.998    C   76 0.984
   173  H   0.998    C   76 0.990
   174  H   0.996    C   76 0.978
   175  H   0.997    C   77 0.943
   176  H   0.999    C   78 0.942
   177  H   0.997    C   80 0.942
   178  H   0.997    C   81 0.944
   179  H   0.997    C   84 0.989
   180  H   0.998    C   84 0.989
   181  H   0.996    C   84 0.980
   182  H   0.997    C   85 0.942
   183  H   0.998    C   86 0.938
   184  H   0.998    C   93 0.944
   185  H   0.997    C   94 0.943
   186  H   0.996    C   97 0.981
   187  H   0.997    C   97 0.987
   188  H   0.998    C   97 0.990
   189  H   0.997    C   98 0.942
   190  H   0.998    C   99 0.944
   191  H   0.998    C  101 0.945
   192  H   0.997    C  102 0.942
   193  H   0.996    C  105 0.977
   194  H   0.997    C  105 0.989
   195  H   0.998    C  105 0.987
   196  H   0.997    C  106 0.944
   197  H   0.997    C  107 0.944
   198  H   0.992    C  110 0.910
   199  H   0.996    C  115 0.941
   200  H   0.995    C  118 0.935
   201  H   0.996    C  126 0.941
   202  H   0.997    C  127 0.946
   203  H   0.997    C  128 0.937
   204  H   0.997    C  129 0.937
   205  H   0.997    C  130 0.946
   206  H   0.999    C  131 0.962
   207  H   0.999    C  131 0.960
   208  H   0.995    C  132 0.941
 
 --------------------------------------------
          xTB calculation for sTDA...
 --------------------------------------------
 
 reading parameter file /ihome/ghutchison/blp62/xtb4stda/.param_stda2.xtb
 
      method parameters     
 k(s)        :  1.6000
 k(p)        :  2.1800
 k(d)        :  1.9500
 k(f)        :  2.0000
 k(R-V)      :  2.2750
 k(R-R)      :  1.7650
 Tscal       :  0.2580
 Gscal       :  1.0000
 fpol        :  1.0000
 Zcnf        :  0.3430
 Zqf         :  0.0000
 kcn         :  2.7000
 Ryd Hsplit  :  0.7000
 lshift(virt):  3.1000
 lshift(OS)  :  0.2000
 wllscaling  :  2.6000
 
 mowrcut     : 3.000
 
  Z AO/shell   Hii/eV     exponent
  1     Sun Feb 14 09:53:25 CET 2016    EN: 2.327 GAM: 0.473  GM3: 0.0000
     1s    -14.339618    1.220000
     2sp    -3.348946    0.600000
  6     Sun Feb 14 09:53:25 CET 2016    EN: 2.731 GAM: 0.422  GM3: 0.0000
     2s    -22.009312    1.565095
     2p    -13.020408    1.596905
     3sp    -3.914040    0.824500
  7     Sun Feb 14 09:53:25 CET 2016    EN: 3.573 GAM: 0.504  GM3: 0.0000
     2s    -25.722000    2.064844
     2p    -18.684912    1.801692
     3sp    -4.344791    0.921400
  8     Sun Feb 14 09:53:25 CET 2016    EN: 3.700 GAM: 0.587  GM3: 0.0000
     2s    -33.859000    2.418661
     2p    -22.175911    1.973969
     3sp    -4.259392    1.013700
  9     Sun Feb 21 12:20:01 CET 2016    EN: 3.394 GAM: 0.600  GM3: 0.0000
     2s    -26.548112    1.943768
     2p    -23.081168    2.552035
     3sp    -1.937199    1.103200
 16     Sun Feb 21 16:35:57 CET 2016    EN: 1.915 GAM: 0.200  GM3: 0.0000
     3s    -17.898811    2.619580
     3p    -15.317401    1.798798
     4sp    -4.455139    0.843200
 
 Nbf   :         1436
 T(el) :     0.0
 calculating S/T integrals ...
 cpu time for ints    3.22281700000000     
 Nao   :         1436
 making H0...
 making H1...
 cpu time for H      6.951700000000027E-002
 solving ...
 cpu time for diag    1.08861900000000     
 
 gap (eV)           :   3.990
 Koopmans IP (eV)   :  13.182
 Eel (Eh)           :  -550.226776

          eigenvalues
 #    :         311        312        313        314        315        316        317        318
 occ. :        2.000      2.000      2.000      2.000      2.000      2.000      2.000      2.000
 eps  :       -15.500    -15.371    -15.354    -14.953    -14.863    -14.637    -14.594    -14.436
 #    :         319        320        321        322        323        324        325        326
 occ. :        2.000      2.000      2.000      2.000      2.000      0.000      0.000      0.000
 eps  :       -14.173    -13.857    -13.392    -13.259    -13.183     -9.193     -8.756     -8.564
 #    :         327        328        329        330        331        332        333        334
 occ. :        0.000      0.000      0.000      0.000      0.000      0.000      0.000      0.000
 eps  :        -8.298     -7.961     -7.316     -6.820     -6.544     -6.384     -6.156     -6.070
                            1  SCC done.
 writing mo output ...
 molden style : F
 
speedup  3.12
cpu  time for all    9.91 s
wall time for all    3.18 s
