 
        ______________________________________
       |                                      |
       |          ===================         |
       |             xTB for sTDA             |
       |          ===================         |
       |               S. Grimme              |
       |        Universitaet Bonn, MCTC       |
       |         2015-19, Version 1.0         |
       |     Wed Apr  3 09:14:55 CEST 2019    |
       |______________________________________|
 
        This code comes without any warranty
        for non-commercial, academia use only.
        Preliminary test version.
        Cite this work as:
        S. Grimme  &  C. Bannwarth, JCP 145 (2016) 054103
        if GBSA is used additionally:
        P. Shushkov, F. März, C. Bannwarth, S. Grimme, unpublished.
 
        with help from
        P. Shushkov, G. Brandenburg, S. Dohm, J. Pisarek,
        F. März, M. Checinski, S. Ehrlich, S. Spicher, 
        P. Pracht, E. Caldeweyher, S. Ehlert, and C. Bannwarth.
 
        usage        :
        xtb4stda <coord_file> [options]
        where <coord_file> is a valid file of TM)
        (*coord, Bohr) or xmol (*xyz, Angstroem)
        format.

        options:
        -chrg <int>   : molecular charge
        -uhf  <int>   : # of unpaired electrons(=2*S)
        -nox          : skip second, extended part in sTDA-xTB
        -pop          : do population analysis
                      : (default for -nox)
        -mowr <real>  : cut MO write above (def.3 Eh)
        -molden       : write formatted molden file
        -parx <file>  : read parameters for sTDA-xTB
                        calc (def:~/.param_stda2.xtb)
        -parv <file>  : read parameters for vTB part in
                        sTDA-xTB (def: ~/.param_stda1.xtb)
        -xtemp <real> : el. temp for xTB (def. 0 K)
        -etemp <real> : el. temp for GFN (def. 300 K)
        -fod          : calculate the FOD and write
                        molden.input file with
                        appropriate occupations
                        for plotting. Def. T=12500 K
 
        -acc <real>   : xTB accuracy (def. 1.0)
        -gbsa [string1] [string2]
                        use GBSA implicit solvent
                        for solvent [string1] and
                        solvation state [string2]=
                        reference, bar1M (default=1M)
        additional GFN/opt/MD/siman options read from
        $XTB4STDAHOME/.xtb4stdarc or $set in input
 
       spin and charge state information can be on:
       <.CHRG> (charge) and <.UHF> (=nalpha-nbeta)
       -uhf and -chrg override the file info.
       useful machine settings:
       setenv MKL_NUM_THREADS <NCORE_ON_YOUR_MACHINE>
       setenv OMP_STACKSIZE 500m
       limit stacksize unlimited
 
       total energies in Eh, gaps/HL energies in eV
       please read REVISION and HOWTO files carefully
 =============================
  # OMP threads =           8
 =============================
 
 xtb4stdahome directory:/ihome/ghutchison/blp62/xtb4stda/
 
 
 name of molecule           :
 comment line               :
 number of atoms            :   234
 number of electrons        :   702
 charge                     :  0
 spin                       : 0.0
 first test random number   :  0.1231
 
 -----------------------------------------
      charge density (VTB) calculation
 -----------------------------------------
 
      method parameters     
 k(s)        :  1.8000
 k(p)        :  2.8350
 k(d)        :  2.0860
 k(f)        :  2.0000
 Tscal       :  0.3300
 Gscal       :  0.3910
 fpol        :  1.0000
 Zcnf        :  0.6500
 Zqf         :  0.0000
 kcn         :  0.3000
 kEN1        : -0.5900
 wllscal     :  2.6000
 
     -------------------------
     ! NO SOLVENT MODEL USED !
     -------------------------
 
 doing EN charges ...
 sum q : -0.2664535D-14
 point charge moment (au)
     X       Y       Z   
  -0.4184   0.0349   0.3472  total (Debye):    1.385
 
            Z      q(EN)   CN      Cart. coordinates
     1  C   4.0  -0.075   3.242    -9.72018    14.07581     4.79405
     2  C   4.0  -0.003   3.310    -8.71466    15.72800     6.53448
     3  C   4.0   0.098   3.256    -6.26803    15.35365     7.79701
     4  O   6.0  -0.103   1.068    -4.75190    13.65837     7.44269
     5  C   4.0  -0.007   3.375    -6.13726    17.31254     9.78595
     6  C   4.0  -0.057   3.149    -4.18782    17.69502    11.50919
     7  C   4.0   0.003   3.500    -4.59959    19.66298    13.15627
     8  C   4.0   0.002   3.502    -6.80018    21.13016    13.10790
     9  C   4.0  -0.059   3.155    -8.74338    20.76828    11.41829
    10  C   4.0  -0.007   3.369    -8.35127    18.78709     9.71716
    11  C   4.0  -0.008   3.341    -9.94582    17.87303     7.65471
    12  C   4.0  -0.039   3.128   -12.08007    19.03653     6.74273
    13  C   4.0   0.236   2.156   -13.14626    21.23882     7.78529
    14  N   5.0  -0.216   1.028   -14.08205    23.03406     8.56877
    15  C   4.0   0.236   2.160   -13.38417    18.23359     4.56558
    16  N   5.0  -0.215   1.028   -14.49306    17.71013     2.77355
    17  C   4.0  -0.105   4.488    -5.96549    22.73265    15.31453
    18  C   4.0  -0.102   4.332    -7.19173    22.13814    17.89230
    19  C   4.0  -0.062   3.279    -5.40651    23.31582    19.78656
    20  C   4.0  -0.062   3.279    -3.31874    21.92819    19.83135
    21  C   4.0  -0.102   4.332    -3.65756    19.78902    17.96827
    22  C   4.0  -0.169   4.319    -6.50935    19.34153    18.23661
    23  C   4.0  -0.105   4.487    -3.50714    21.09747    15.36631
    24  C   4.0  -0.075   3.238    -8.36147    12.39244     3.27735
    25  C   4.0   0.089   3.453    -5.85475    12.44536     2.37520
    26  N   5.0  -0.321   3.250    -4.22146    14.44223     2.50993
    27  C   4.0   0.080   3.315    -1.59984    14.02290     2.32758
    28  C   4.0  -0.072   3.224    -0.44012    12.10426     3.71067
    29  C   4.0  -0.086   3.267     2.12103    11.70477     3.48050
    30  C   4.0  -0.086   3.155     3.57102    13.21391     1.88028
    31  S   6.0   0.188   2.254     6.83004    12.51622     1.73080
    32  C   4.0  -0.323   3.987     8.00053    14.52991    -0.78934
    33  C   4.0  -0.082   3.221     2.42641    15.16014     0.54349
    34  C   4.0  -0.068   3.197    -0.14419    15.55585     0.76647
    35  C   4.0   0.086   3.302    -5.06428    16.93686     2.79226
    36  C   4.0  -0.067   3.201    -7.17189    17.82408     1.47550
    37  C   4.0  -0.086   3.269    -8.06025    20.22952     1.89369
    38  C   4.0  -0.087   3.159    -6.87728    21.81084     3.64471
    39  S   6.0   0.193   2.260    -8.29212    24.77525     4.16968
    40  C   4.0  -0.323   3.990    -6.80018    25.87810     7.05491
    41  C   4.0  -0.082   3.227    -4.69975    20.98560     4.85376
    42  C   4.0  -0.068   3.215    -3.80118    18.57147     4.42442
    43  C   4.0  -0.102   3.466    -5.30767    10.20112     1.03047
    44  S   6.0   0.227   2.638    -2.63787     9.00133    -0.43313
    45  C   4.0  -0.084   3.303    -4.29573     6.26917    -1.37270
    46  C   4.0   0.075   3.483    -6.78865     6.29279    -0.54953
    47  N   5.0  -0.316   3.251    -8.58748     4.41119    -0.90045
    48  C   4.0   0.082   3.313    -8.07726     1.88935    -0.29536
    49  C   4.0  -0.069   3.200    -6.34664     1.26347     1.59172
    50  C   4.0  -0.086   3.258    -5.80127    -1.23135     2.10005
    51  C   4.0  -0.086   3.157    -6.96364    -3.16094     0.73718
    52  S   6.0   0.190   2.253    -6.09758    -6.30205     1.48192
    53  C   4.0  -0.322   3.990    -6.82097    -8.00318    -1.41333
    54  C   4.0  -0.083   3.225    -8.73639    -2.54848    -1.09982
    55  C   4.0  -0.071   3.214    -9.28422    -0.05102    -1.60967
    56  C   4.0   0.081   3.308   -11.06869     5.20053    -1.40426
    57  C   4.0  -0.068   3.193   -13.13719     4.04496    -0.24888
    58  C   4.0  -0.086   3.259   -15.54337     4.92859    -0.69069
    59  C   4.0  -0.086   3.155   -15.94437     6.99463    -2.27296
    60  S   6.0   0.187   2.246   -19.09719     8.01206    -2.66451
    61  C   4.0  -0.323   3.988   -18.74722    11.24009    -3.77964
    62  C   4.0  -0.083   3.224   -13.89723     8.12015    -3.46538
    63  C   4.0  -0.071   3.216   -11.48519     7.22178    -3.03792
    64  C   4.0  -0.107   3.483    -7.32874     8.55101     0.78121
    65  S   6.0   0.226   2.588   -10.02726     9.70412     2.18811
    66  C   4.0  -0.091   3.270    -2.92341     4.42007    -2.75957
    67  C   4.0  -0.092   3.390    -0.35489     4.30196    -2.99616
    68  C   4.0  -0.014   3.406     0.55596     2.17602    -4.35204
    69  C   4.0   0.070   3.276     3.06646     1.37610    -4.72205
    70  O   6.0  -0.138   2.085     5.24682     2.58968    -4.13926
    71  C   4.0  -0.112   4.048     5.41614     5.25571    -3.93819
    72  C   4.0  -0.241   4.010     5.81336     6.08076    -1.20621
    73  C   4.0  -0.087   3.313     3.37770    -1.06070    -5.65255
    74  C   4.0  -0.016   3.457     1.35645    -2.63258    -6.35647
    75  C   4.0   0.068   3.283    -1.14876    -1.75442    -6.24460
    76  O   6.0  -0.134   2.073    -2.93682    -3.46028    -6.97744
    77  C   4.0  -0.115   4.072    -5.33621    -2.65828    -7.84104
    78  C   4.0  -0.241   4.013    -5.18919    -1.00760   -10.19564
    79  C   4.0  -0.082   3.287    -1.48495     0.61548    -5.18975
    80  S   6.0   0.229   2.682    -4.40079     1.96626    -4.39456
    81  C   4.0  -0.086   3.381     2.16487    -5.12891    -6.87426
    82  C   4.0  -0.087   3.273     4.69276    -5.47435    -6.54620
    83  S   6.0   0.220   2.581     6.25839    -2.63976    -5.81166
    84  C   4.0  -0.089   3.315     5.88158    -7.90094    -6.31131
    85  C   4.0   0.077   3.493     4.93237    -9.80900    -4.78044
    86  N   5.0  -0.315   3.245     2.88882    -9.54803    -3.16831
    87  C   4.0   0.082   3.298     2.56360    -7.26014    -1.84645
    88  C   4.0  -0.070   3.205     4.63115    -6.03484    -0.77932
    89  C   4.0  -0.075   3.193     4.31727    -3.73901     0.41933
    90  C   4.0   0.007   3.160     1.95341    -2.60763     0.58166
    91  C   4.0  -0.253   4.058     1.63650    -0.11206     1.87839
    92  C   4.0  -0.076   3.199    -0.10393    -3.86354    -0.45429
    93  C   4.0  -0.070   3.205     0.18293    -6.16466    -1.64633
    94  C   4.0   0.086   3.284     1.23418   -11.56682    -2.77733
    95  C   4.0  -0.071   3.209     0.75381   -13.29989    -4.70164
    96  C   4.0  -0.074   3.184    -0.85567   -15.31283    -4.29024
    97  C   4.0   0.008   3.151    -2.05602   -15.64202    -1.97949
    98  C   4.0  -0.252   4.051    -3.76301   -17.85621    -1.52841
    99  C   4.0  -0.074   3.184    -1.59644   -13.88457    -0.08088
   100  C   4.0  -0.069   3.193     0.02910   -11.88108    -0.45561
   101  C   4.0  -0.106   3.475     6.45965   -11.99371    -4.94220
   102  S   6.0   0.235   2.641     6.35515   -14.89255    -3.46765
   103  C   4.0  -0.076   3.240     9.22848   -15.77524    -4.92122
   104  C   4.0   0.087   3.465    10.18676   -13.85169    -6.47779
   105  N   5.0  -0.316   3.241    12.42570   -13.96791    -7.75657
   106  C   4.0   0.081   3.304    12.74941   -12.53588    -9.97171
   107  C   4.0  -0.071   3.211    10.83663   -12.43402   -11.77621
   108  C   4.0  -0.074   3.186    11.16734   -11.03959   -13.95563
   109  C   4.0   0.008   3.152    13.40118    -9.73379   -14.40292
   110  C   4.0  -0.252   4.052    13.72791    -8.18818   -16.75034
   111  C   4.0  -0.074   3.184    15.30867    -9.86834   -12.60126
   112  C   4.0  -0.068   3.190    14.99951   -11.24689   -10.40880
   113  C   4.0   0.081   3.284    14.50629   -15.35969    -6.82985
   114  C   4.0  -0.068   3.189    15.97423   -16.77018    -8.49205
   115  C   4.0  -0.073   3.183    18.01419   -18.13041    -7.59670
   116  C   4.0   0.008   3.151    18.63383   -18.11850    -5.04519
   117  C   4.0  -0.252   4.052    20.79984   -19.65939    -4.07519
   118  C   4.0  -0.074   3.185    17.16892   -16.67551    -3.40963
   119  C   4.0  -0.068   3.190    15.13444   -15.29336    -4.27777
   120  C   4.0  -0.102   3.465     8.56764   -11.72291    -6.47477
   121  S   6.0   0.228   2.557     8.71863    -8.72543    -7.79096
   122  C   4.0  -0.072   3.218    10.17088   -18.24530    -4.68879
   123  C   4.0  -0.005   3.297     9.51779   -20.04111    -2.95043
   124  C   4.0   0.100   3.233     9.89309   -22.75476    -3.51697
   125  O   6.0  -0.103   1.050    11.15335   -23.65049    -5.20941
   126  C   4.0  -0.007   3.364     8.32859   -24.12197    -1.64727
   127  C   4.0  -0.057   3.146     7.85748   -26.70995    -1.53861
   128  C   4.0   0.003   3.499     6.25972   -27.41690     0.38380
   129  C   4.0   0.003   3.502     5.20090   -25.68308     2.08078
   130  C   4.0  -0.058   3.152     5.66426   -23.12760     2.01313
   131  C   4.0  -0.007   3.370     7.28754   -22.37360     0.07370
   132  C   4.0  -0.010   3.345     8.25886   -19.86196    -0.54103
   133  C   4.0  -0.041   3.145     8.41344   -17.87246     1.11966
   134  C   4.0   0.231   2.202     9.91369   -15.72214     0.66481
   135  N   5.0  -0.216   1.040    11.21533   -14.00174     0.41498
   136  C   4.0   0.237   2.150     7.28357   -17.83523     3.52623
   137  N   5.0  -0.215   1.027     6.38123   -17.68651     5.49513
   138  C   4.0  -0.105   4.488     3.75848   -27.70300     3.48371
   139  C   4.0  -0.102   4.332     0.90556   -27.90313     2.91415
   140  C   4.0  -0.062   3.279     0.21089   -30.52512     3.80969
   141  C   4.0  -0.062   3.279     1.21490   -32.16937     2.20474
   142  C   4.0  -0.102   4.332     2.60442   -30.68594     0.19748
   143  C   4.0  -0.169   4.319     0.90858   -28.33909     0.04800
   144  C   4.0  -0.105   4.487     4.94107   -29.63846     1.59379
   145  H   1.0   0.075   1.012   -11.75769    13.96300     4.62397
   146  H   1.0   0.075   1.004    -2.52486    16.51545    11.49048
   147  H   1.0   0.076   1.006   -10.43922    21.89625    11.41413
   148  H   1.0   0.088   1.004    -5.79862    24.75106    14.95094
   149  H   1.0   0.087   1.003    -9.17311    22.65574    18.04216
   150  H   1.0   0.078   1.002    -5.79220    25.03849    20.78906
   151  H   1.0   0.078   1.002    -1.61156    22.25984    20.87902
   152  H   1.0   0.087   1.003    -2.41942    18.16556    18.18899
   153  H   1.0   0.087   1.004    -7.30247    18.10055    16.80080
   154  H   1.0   0.086   1.003    -7.01428    18.64271    20.10461
   155  H   1.0   0.088   1.004    -1.70094    22.02646    15.03693
   156  H   1.0   0.077   1.007    -1.56110    10.98743     4.99455
   157  H   1.0   0.076   1.008     3.03660    10.22644     4.54574
   158  H   1.0   0.079   1.010     6.94191    14.17861    -2.51239
   159  H   1.0   0.079   1.010     7.89150    16.50260    -0.23338
   160  H   1.0   0.079   1.015     9.96282    13.99304    -1.05409
   161  H   1.0   0.076   1.007     3.50639    16.37807    -0.68106
   162  H   1.0   0.076   1.006    -1.03462    17.06290    -0.28403
   163  H   1.0   0.077   1.007    -8.12733    16.60937     0.14456
   164  H   1.0   0.076   1.008    -9.70601    20.90604     0.89781
   165  H   1.0   0.079   1.010    -4.85849    26.43538     6.69020
   166  H   1.0   0.079   1.016    -7.89452    27.50950     7.64489
   167  H   1.0   0.080   1.012    -6.90392    24.41129     8.48808
   168  H   1.0   0.077   1.007    -3.70311    22.18973     6.16013
   169  H   1.0   0.077   1.007    -2.12330    17.92651     5.38969
   170  H   1.0   0.076   1.007    -5.42295     2.74426     2.65072
   171  H   1.0   0.076   1.008    -4.46429    -1.71568     3.56251
   172  H   1.0   0.080   1.011    -6.13103    -6.93151    -3.02224
   173  H   1.0   0.079   1.009    -8.83995    -8.34597    -1.56243
   174  H   1.0   0.079   1.015    -5.82149    -9.79143    -1.27538
   175  H   1.0   0.076   1.007    -9.69392    -4.00735    -2.15240
   176  H   1.0   0.076   1.007   -10.63746     0.41687    -3.06343
   177  H   1.0   0.076   1.006   -12.84107     2.48216     1.02820
   178  H   1.0   0.076   1.008   -17.14397     4.05365     0.22015
   179  H   1.0   0.080   1.011   -17.42554    12.24108    -2.57116
   180  H   1.0   0.079   1.009   -18.13589    11.26069    -5.73929
   181  H   1.0   0.079   1.015   -20.61067    12.08442    -3.62941
   182  H   1.0   0.076   1.007   -14.15650     9.69184    -4.73565
   183  H   1.0   0.076   1.007    -9.89857     8.10126    -3.97542
   184  H   1.0   0.081   1.011     0.81768     5.67012    -2.06471
   185  H   1.0   0.081   1.001     3.76528     6.16618    -4.78535
   186  H   1.0   0.079   1.000     7.08458     5.77878    -5.05105
   187  H   1.0   0.081   1.002     6.01651     8.12053    -1.10965
   188  H   1.0   0.081   0.999     7.51941     5.20846    -0.46809
   189  H   1.0   0.081   0.999     4.23828     5.51781    -0.01285
   190  H   1.0   0.079   1.014    -6.39105    -1.69395    -6.34041
   191  H   1.0   0.080   1.001    -6.30715    -4.43027    -8.28116
   192  H   1.0   0.082   0.999    -7.08439    -0.61246   -10.87670
   193  H   1.0   0.082   1.001    -4.25434     0.77328    -9.77706
   194  H   1.0   0.081   0.999    -4.13207    -1.97590   -11.66830
   195  H   1.0   0.081   1.006     0.87910    -6.61914    -7.37163
   196  H   1.0   0.076   1.007     6.48384    -6.88257    -0.90461
   197  H   1.0   0.075   1.006     5.94168    -2.80227     1.22568
   198  H   1.0   0.082   1.001    -0.08882     0.81995     1.26120
   199  H   1.0   0.080   0.999     1.52954    -0.38097     3.91910
   200  H   1.0   0.082   1.000     3.24182     1.11078     1.48627
   201  H   1.0   0.077   1.010    -1.95114    -3.00580    -0.35943
   202  H   1.0   0.077   1.008    -1.42466    -7.10820    -2.47063
   203  H   1.0   0.076   1.007     1.63424   -13.05442    -6.52749
   204  H   1.0   0.075   1.005    -1.19544   -16.64452    -5.80089
   205  H   1.0   0.080   0.999    -2.66867   -19.45416    -0.82279
   206  H   1.0   0.081   0.999    -5.19826   -17.40343    -0.12869
   207  H   1.0   0.081   0.999    -4.68652   -18.44051    -3.26979
   208  H   1.0   0.075   1.005    -2.50975   -14.09830     1.73307
   209  H   1.0   0.076   1.007     0.38097   -10.55261     1.05163
   210  H   1.0   0.076   1.007     9.10413   -13.46921   -11.46950
   211  H   1.0   0.075   1.005     9.66935   -10.97761   -15.34136
   212  H   1.0   0.081   0.999    12.68063    -9.00473   -18.31900
   213  H   1.0   0.080   0.999    13.01530    -6.28032   -16.43514
   214  H   1.0   0.081   0.999    15.71118    -8.04910   -17.26945
   215  H   1.0   0.075   1.005    17.06045    -8.86848   -12.91439
   216  H   1.0   0.076   1.006    16.49050   -11.32758    -9.01834
   217  H   1.0   0.076   1.006    15.49859   -16.80552   -10.47702
   218  H   1.0   0.075   1.005    19.13177   -19.23306    -8.90118
   219  H   1.0   0.080   0.999    20.14977   -21.56007    -3.61505
   220  H   1.0   0.081   0.999    22.28062   -19.82096    -5.49117
   221  H   1.0   0.081   0.999    21.58823   -18.82621    -2.37028
   222  H   1.0   0.075   1.005    17.63209   -16.61598    -1.42277
   223  H   1.0   0.077   1.008    14.02366   -14.17994    -2.97859
   224  H   1.0   0.076   1.010    11.41376   -18.89386    -6.18488
   225  H   1.0   0.075   1.004     8.71107   -27.98798    -2.87805
   226  H   1.0   0.076   1.006     4.83883   -21.80252     3.32100
   227  H   1.0   0.088   1.004     4.19425   -27.88952     5.48512
   228  H   1.0   0.087   1.003    -0.22658   -26.34920     3.63583
   229  H   1.0   0.078   1.002    -0.81315   -30.90477     5.52102
   230  H   1.0   0.078   1.002     1.19676   -34.19686     2.30792
   231  H   1.0   0.087   1.003     3.01770   -31.66841    -1.55808
   232  H   1.0   0.087   1.004     1.71795   -26.78857    -1.03425
   233  H   1.0   0.086   1.003    -0.96716   -28.77958    -0.67463
   234  H   1.0   0.088   1.004     6.16353   -31.11623     2.33759
 
  Z AO/shell   Hii/eV     exponent
  1     Sat Feb 20 21:38:01 CET 2016    EN: 2.327 GAM: 0.473  GM3: 0.0000
     1s    -13.751157    1.051071
  6     Sat Feb 20 21:38:01 CET 2016    EN: 2.731 GAM: 0.422  GM3: 0.0000
     2s    -19.378245    2.021003
     2p    -11.993376    1.497917
  7     Sat Feb 20 21:38:01 CET 2016    EN: 3.573 GAM: 0.504  GM3: 0.0000
     2s    -21.576984    2.275442
     2p    -16.125120    2.056788
  8     Sat Feb 20 21:38:01 CET 2016    EN: 3.700 GAM: 0.587  GM3: 0.0000
     2s    -21.648843    2.110798
     2p    -17.239740    2.329048
 16     Sat Feb 20 23:13:41 CET 2016    EN: 1.915 GAM: 0.389  GM3: 0.0000
     3s    -22.000000    2.671470
     3p    -15.834192    1.836978
     3d     -2.593599    1.836978
 
 dipole moment of classical point charges (au)
     X       Y       Z   
  -0.4184   0.0349   0.3472  total (Debye):    1.385

 
 Nbf   :          726
 T(el) :   300.0
 calculating S/T integrals ...
 cpu time for ints   0.201826000000000     
 Nao   :          716
 making H0...
 making H1...
 cpu time for H      3.150599999999992E-002
 solving ...
 cpu time for diag    1.07835100000000     
 
 gap (eV)           :   2.116
 Koopmans IP (eV)   :  11.874
 Eel (Eh)           :  -546.655150
 T,E(Fermi),NFOD :    300.000   -10.816  0.000000
 T,E(Fermi),NFOD :    300.000   -10.816  0.000000
 Nfod               :  0.0000
 Nfod/Nel           :  0.0000

          eigenvalues
 #    :         339        340        341        342        343        344        345        346
 occ. :        2.000      2.000      2.000      2.000      2.000      2.000      2.000      2.000
 eps  :       -14.409    -14.287    -14.184    -13.992    -13.929    -13.801    -13.251    -12.996
 #    :         347        348        349        350        351        352        353        354
 occ. :        2.000      2.000      2.000      2.000      2.000      0.000      0.000      0.000
 eps  :       -12.845    -12.750    -12.557    -12.393    -11.876     -9.759     -9.695     -9.439
 #    :         355        356        357        358        359        360        361        362
 occ. :        0.000      0.000      0.000      0.000      0.000      0.000      0.000      0.000
 eps  :        -9.340     -9.169     -9.118     -8.320     -8.158     -7.865     -7.803     -7.687
                            1  SCC done.
 making H1...
 cpu time for H       1.45091800000000     
 solving ...
 cpu time for diag    1.54471800000000     
 
 gap (eV)           :   2.083
 Koopmans IP (eV)   :  11.953
 Eel (Eh)           :  -546.087284
 T,E(Fermi),NFOD :    300.000   -10.912  0.000000
 T,E(Fermi),NFOD :    300.000   -10.912  0.000000
 Nfod               :  0.0000
 Nfod/Nel           :  0.0000

          eigenvalues
 #    :         339        340        341        342        343        344        345        346
 occ. :        2.000      2.000      2.000      2.000      2.000      2.000      2.000      2.000
 eps  :       -14.127    -14.030    -13.979    -13.829    -13.594    -13.562    -13.352    -13.045
 #    :         347        348        349        350        351        352        353        354
 occ. :        2.000      2.000      2.000      2.000      2.000      0.000      0.000      0.000
 eps  :       -12.819    -12.673    -12.543    -12.417    -11.954     -9.871     -9.718     -9.312
 #    :         355        356        357        358        359        360        361        362
 occ. :        0.000      0.000      0.000      0.000      0.000      0.000      0.000      0.000
 eps  :        -9.224     -9.165     -9.113     -8.219     -8.201     -7.995     -7.808     -7.722
                            2  SCC done.
 
 
 Mulliken/CM5 charges    n(s)   n(p)   n(d)   
    1 C   0.0016 -0.0444   1.155  2.843  0.000
    2 C  -0.0405 -0.0418   1.173  2.868  0.000
    3 C   0.1272  0.1627   1.177  2.696  0.000
    4 O  -0.2555 -0.3038   1.629  4.626  0.000
    5 C  -0.0237 -0.0259   1.190  2.834  0.000
    6 C  -0.0208 -0.0703   1.151  2.870  0.000
    7 C  -0.0196 -0.0284   1.210  2.809  0.000
    8 C  -0.0197 -0.0289   1.209  2.810  0.000
    9 C  -0.0295 -0.0799   1.154  2.876  0.000
   10 C  -0.0074 -0.0110   1.175  2.832  0.000
   11 C   0.0133  0.0127   1.197  2.790  0.000
   12 C  -0.0010  0.0053   1.113  2.888  0.000
   13 C   0.0950  0.2139   1.171  2.734  0.000
   14 N  -0.2181 -0.3484   1.642  3.576  0.000
   15 C   0.0958  0.2142   1.172  2.732  0.000
   16 N  -0.2241 -0.3542   1.643  3.581  0.000
   17 C  -0.0298 -0.0850   1.220  2.810  0.000
   18 C  -0.0206 -0.0810   1.192  2.828  0.000
   19 C  -0.0471 -0.1057   1.166  2.881  0.000
   20 C  -0.0480 -0.1066   1.166  2.882  0.000
   21 C  -0.0210 -0.0813   1.193  2.828  0.000
   22 C  -0.0632 -0.1652   1.159  2.904  0.000
   23 C  -0.0317 -0.0868   1.220  2.811  0.000
   24 C  -0.0235 -0.0106   1.162  2.862  0.000
   25 C   0.0560  0.1272   1.178  2.766  0.000
   26 N  -0.0857 -0.3322   1.225  3.860  0.000
   27 C   0.0457  0.1012   1.172  2.782  0.000
   28 C  -0.0327 -0.0800   1.141  2.892  0.000
   29 C  -0.0396 -0.0910   1.133  2.907  0.000
   30 C  -0.0078 -0.0034   1.167  2.841  0.000
   31 S  -0.0223 -0.0679   1.890  4.106  0.026
   32 C  -0.0732 -0.2081   1.073  3.001  0.000
   33 C  -0.0523 -0.1051   1.133  2.919  0.000
   34 C  -0.0420 -0.0900   1.140  2.902  0.000
   35 C   0.0449  0.1013   1.171  2.784  0.000
   36 C  -0.0427 -0.0906   1.140  2.902  0.000
   37 C  -0.0395 -0.0908   1.135  2.905  0.000
   38 C  -0.0096 -0.0049   1.168  2.842  0.000
   39 S  -0.0202 -0.0642   1.890  4.104  0.027
   40 C  -0.0765 -0.2113   1.074  3.002  0.000
   41 C  -0.0534 -0.1062   1.134  2.919  0.000
   42 C  -0.0372 -0.0851   1.141  2.896  0.000
   43 C  -0.0490 -0.0292   1.164  2.885  0.000
   44 S   0.0977  0.0615   1.893  3.961  0.049
   45 C  -0.0330 -0.0164   1.174  2.859  0.000
   46 C   0.0295  0.0960   1.166  2.804  0.000
   47 N  -0.1178 -0.3598   1.231  3.886  0.000
   48 C   0.0452  0.1021   1.174  2.781  0.000
   49 C  -0.0477 -0.0957   1.139  2.909  0.000
   50 C  -0.0386 -0.0915   1.136  2.902  0.000
   51 C  -0.0115 -0.0082   1.166  2.846  0.000
   52 S  -0.0344 -0.0798   1.892  4.116  0.027
   53 C  -0.0771 -0.2123   1.076  3.002  0.000
   54 C  -0.0481 -0.1013   1.135  2.913  0.000
   55 C  -0.0423 -0.0910   1.138  2.904  0.000
   56 C   0.0395  0.0956   1.174  2.786  0.000
   57 C  -0.0416 -0.0901   1.139  2.903  0.000
   58 C  -0.0395 -0.0910   1.134  2.905  0.000
   59 C  -0.0092 -0.0048   1.165  2.844  0.000
   60 S  -0.0348 -0.0784   1.891  4.116  0.027
   61 C  -0.0743 -0.2091   1.074  3.001  0.000
   62 C  -0.0493 -0.1019   1.134  2.915  0.000
   63 C  -0.0486 -0.0958   1.139  2.910  0.000
   64 C  -0.0452 -0.0253   1.174  2.871  0.000
   65 S   0.1017  0.0672   1.892  3.959  0.047
   66 C  -0.0230 -0.0121   1.167  2.856  0.000
   67 C  -0.0764 -0.1261   1.143  2.933  0.000
   68 C  -0.0363 -0.0378   1.168  2.868  0.000
   69 C   0.0704  0.0943   1.148  2.781  0.000
   70 O  -0.1431 -0.2274   1.447  4.696  0.000
   71 C   0.0410 -0.0427   1.134  2.825  0.000
   72 C  -0.0898 -0.2403   1.094  2.996  0.000
   73 C  -0.0329 -0.0174   1.166  2.867  0.000
   74 C  -0.0354 -0.0349   1.162  2.873  0.000
   75 C   0.0641  0.0872   1.148  2.788  0.000
   76 O  -0.1528 -0.2397   1.458  4.695  0.000
   77 C   0.0395 -0.0429   1.136  2.825  0.000
   78 C  -0.0865 -0.2358   1.092  2.994  0.000
   79 C  -0.0416 -0.0288   1.176  2.865  0.000
   80 S   0.0614  0.0220   1.890  4.006  0.042
   81 C  -0.0641 -0.1108   1.142  2.922  0.000
   82 C  -0.0206 -0.0092   1.168  2.853  0.000
   83 S   0.0722  0.0400   1.892  3.995  0.041
   84 C  -0.0412 -0.0236   1.171  2.871  0.000
   85 C   0.0307  0.0977   1.168  2.801  0.000
   86 N  -0.1193 -0.3636   1.223  3.897  0.000
   87 C   0.0454  0.0997   1.175  2.780  0.000
   88 C  -0.0405 -0.0883   1.137  2.903  0.000
   89 C  -0.0424 -0.0963   1.137  2.906  0.000
   90 C  -0.0022 -0.0204   1.176  2.826  0.000
   91 C  -0.0865 -0.2324   1.080  3.006  0.000
   92 C  -0.0504 -0.1048   1.139  2.911  0.000
   93 C  -0.0400 -0.0893   1.137  2.903  0.000
   94 C   0.0454  0.1024   1.174  2.781  0.000
   95 C  -0.0526 -0.1000   1.136  2.916  0.000
   96 C  -0.0493 -0.1033   1.137  2.912  0.000
   97 C  -0.0071 -0.0252   1.176  2.831  0.000
   98 C  -0.0842 -0.2297   1.079  3.005  0.000
   99 C  -0.0449 -0.0992   1.137  2.908  0.000
  100 C  -0.0416 -0.0902   1.136  2.906  0.000
  101 C  -0.0439 -0.0243   1.172  2.872  0.000
  102 S   0.1023  0.0687   1.892  3.958  0.047
  103 C  -0.0342 -0.0204   1.165  2.869  0.000
  104 C   0.0485  0.1186   1.179  2.773  0.000
  105 N  -0.1043 -0.3488   1.229  3.876  0.000
  106 C   0.0464  0.1020   1.174  2.780  0.000
  107 C  -0.0430 -0.0905   1.138  2.905  0.000
  108 C  -0.0439 -0.0978   1.137  2.907  0.000
  109 C   0.0017 -0.0163   1.176  2.822  0.000
  110 C  -0.0828 -0.2284   1.079  3.004  0.000
  111 C  -0.0423 -0.0963   1.137  2.906  0.000
  112 C  -0.0358 -0.0841   1.137  2.899  0.000
  113 C   0.0456  0.0984   1.175  2.779  0.000
  114 C  -0.0389 -0.0877   1.137  2.902  0.000
  115 C  -0.0430 -0.0972   1.136  2.907  0.000
  116 C   0.0031 -0.0150   1.177  2.820  0.000
  117 C  -0.0826 -0.2282   1.079  3.004  0.000
  118 C  -0.0408 -0.0949   1.137  2.904  0.000
  119 C  -0.0409 -0.0890   1.140  2.901  0.000
  120 C  -0.0483 -0.0288   1.161  2.888  0.000
  121 S   0.1176  0.0847   1.892  3.937  0.054
  122 C  -0.0023 -0.0480   1.154  2.848  0.000
  123 C  -0.0322 -0.0340   1.173  2.859  0.000
  124 C   0.1361  0.1707   1.176  2.688  0.000
  125 O  -0.2388 -0.2844   1.628  4.611  0.000
  126 C  -0.0202 -0.0220   1.190  2.831  0.000
  127 C  -0.0194 -0.0687   1.151  2.868  0.000
  128 C  -0.0176 -0.0262   1.210  2.808  0.000
  129 C  -0.0170 -0.0258   1.209  2.808  0.000
  130 C  -0.0284 -0.0778   1.152  2.877  0.000
  131 C  -0.0057 -0.0089   1.177  2.829  0.000
  132 C   0.0167  0.0172   1.201  2.783  0.000
  133 C   0.0003  0.0077   1.115  2.885  0.000
  134 C   0.0982  0.2190   1.172  2.729  0.000
  135 N  -0.2225 -0.3578   1.643  3.580  0.000
  136 C   0.0971  0.2162   1.171  2.732  0.000
  137 N  -0.2199 -0.3488   1.643  3.577  0.000
  138 C  -0.0289 -0.0841   1.219  2.810  0.000
  139 C  -0.0215 -0.0819   1.193  2.829  0.000
  140 C  -0.0475 -0.1060   1.166  2.881  0.000
  141 C  -0.0482 -0.1068   1.166  2.882  0.000
  142 C  -0.0215 -0.0818   1.193  2.829  0.000
  143 C  -0.0641 -0.1661   1.159  2.905  0.000
  144 C  -0.0310 -0.0862   1.220  2.811  0.000
  145 H   0.0644  0.1295   0.936  0.000  0.000
  146 H   0.0496  0.1082   0.950  0.000  0.000
  147 H   0.0531  0.1169   0.947  0.000  0.000
  148 H   0.0463  0.1049   0.954  0.000  0.000
  149 H   0.0461  0.1039   0.954  0.000  0.000
  150 H   0.0471  0.1033   0.953  0.000  0.000
  151 H   0.0468  0.1030   0.953  0.000  0.000
  152 H   0.0455  0.1032   0.955  0.000  0.000
  153 H   0.0363  0.0957   0.964  0.000  0.000
  154 H   0.0378  0.0946   0.962  0.000  0.000
  155 H   0.0459  0.1046   0.954  0.000  0.000
  156 H   0.0476  0.1131   0.952  0.000  0.000
  157 H   0.0457  0.1043   0.954  0.000  0.000
  158 H   0.0473  0.1011   0.953  0.000  0.000
  159 H   0.0476  0.1012   0.952  0.000  0.000
  160 H   0.0564  0.1101   0.944  0.000  0.000
  161 H   0.0451  0.1043   0.955  0.000  0.000
  162 H   0.0404  0.1018   0.960  0.000  0.000
  163 H   0.0419  0.1043   0.958  0.000  0.000
  164 H   0.0493  0.1092   0.951  0.000  0.000
  165 H   0.0451  0.0986   0.955  0.000  0.000
  166 H   0.0569  0.1109   0.943  0.000  0.000
  167 H   0.0490  0.1052   0.951  0.000  0.000
  168 H   0.0466  0.1062   0.953  0.000  0.000
  169 H   0.0449  0.1092   0.955  0.000  0.000
  170 H   0.0389  0.1009   0.961  0.000  0.000
  171 H   0.0469  0.1058   0.953  0.000  0.000
  172 H   0.0491  0.1043   0.951  0.000  0.000
  173 H   0.0448  0.0981   0.955  0.000  0.000
  174 H   0.0561  0.1104   0.944  0.000  0.000
  175 H   0.0452  0.1043   0.955  0.000  0.000
  176 H   0.0406  0.1027   0.959  0.000  0.000
  177 H   0.0422  0.1040   0.958  0.000  0.000
  178 H   0.0452  0.1038   0.955  0.000  0.000
  179 H   0.0497  0.1039   0.950  0.000  0.000
  180 H   0.0454  0.0988   0.955  0.000  0.000
  181 H   0.0555  0.1092   0.945  0.000  0.000
  182 H   0.0456  0.1046   0.954  0.000  0.000
  183 H   0.0375  0.0998   0.962  0.000  0.000
  184 H   0.0570  0.1206   0.943  0.000  0.000
  185 H   0.0429  0.1075   0.957  0.000  0.000
  186 H   0.0391  0.1025   0.961  0.000  0.000
  187 H   0.0395  0.0939   0.960  0.000  0.000
  188 H   0.0318  0.0861   0.968  0.000  0.000
  189 H   0.0320  0.0867   0.968  0.000  0.000
  190 H   0.0427  0.1100   0.957  0.000  0.000
  191 H   0.0392  0.1037   0.961  0.000  0.000
  192 H   0.0391  0.0914   0.961  0.000  0.000
  193 H   0.0316  0.0877   0.968  0.000  0.000
  194 H   0.0301  0.0844   0.970  0.000  0.000
  195 H   0.0518  0.1156   0.948  0.000  0.000
  196 H   0.0396  0.1017   0.960  0.000  0.000
  197 H   0.0393  0.0971   0.961  0.000  0.000
  198 H   0.0389  0.0939   0.961  0.000  0.000
  199 H   0.0414  0.0936   0.959  0.000  0.000
  200 H   0.0418  0.0960   0.958  0.000  0.000
  201 H   0.0427  0.1052   0.957  0.000  0.000
  202 H   0.0410  0.1049   0.959  0.000  0.000
  203 H   0.0365  0.0990   0.964  0.000  0.000
  204 H   0.0375  0.0949   0.963  0.000  0.000
  205 H   0.0423  0.0945   0.958  0.000  0.000
  206 H   0.0402  0.0930   0.960  0.000  0.000
  207 H   0.0388  0.0916   0.961  0.000  0.000
  208 H   0.0400  0.0974   0.960  0.000  0.000
  209 H   0.0429  0.1051   0.957  0.000  0.000
  210 H   0.0385  0.1006   0.962  0.000  0.000
  211 H   0.0391  0.0965   0.961  0.000  0.000
  212 H   0.0402  0.0929   0.960  0.000  0.000
  213 H   0.0429  0.0951   0.957  0.000  0.000
  214 H   0.0405  0.0933   0.960  0.000  0.000
  215 H   0.0399  0.0974   0.960  0.000  0.000
  216 H   0.0422  0.1038   0.958  0.000  0.000
  217 H   0.0397  0.1011   0.960  0.000  0.000
  218 H   0.0397  0.0971   0.960  0.000  0.000
  219 H   0.0437  0.0960   0.956  0.000  0.000
  220 H   0.0395  0.0923   0.960  0.000  0.000
  221 H   0.0403  0.0931   0.960  0.000  0.000
  222 H   0.0414  0.0991   0.959  0.000  0.000
  223 H   0.0470  0.1159   0.953  0.000  0.000
  224 H   0.0684  0.1352   0.932  0.000  0.000
  225 H   0.0497  0.1081   0.950  0.000  0.000
  226 H   0.0514  0.1142   0.949  0.000  0.000
  227 H   0.0477  0.1064   0.952  0.000  0.000
  228 H   0.0453  0.1030   0.955  0.000  0.000
  229 H   0.0469  0.1031   0.953  0.000  0.000
  230 H   0.0467  0.1029   0.953  0.000  0.000
  231 H   0.0451  0.1028   0.955  0.000  0.000
  232 H   0.0361  0.0955   0.964  0.000  0.000
  233 H   0.0368  0.0936   0.963  0.000  0.000
  234 H   0.0468  0.1055   0.953  0.000  0.000
 Hirshfeld charges for QMDFF written to <charges>
 
 Loewdin charges    n(s)   n(p)   n(d)
    1 C   0.0104   1.101  2.888  0.000
    2 C  -0.0492   1.135  2.914  0.000
    3 C   0.1192   1.143  2.738  0.000
    4 O  -0.2408   1.599  4.642  0.000
    5 C  -0.0253   1.150  2.875  0.000
    6 C  -0.0168   1.098  2.919  0.000
    7 C  -0.0149   1.170  2.845  0.000
    8 C  -0.0143   1.169  2.846  0.000
    9 C  -0.0272   1.101  2.926  0.000
   10 C  -0.0038   1.133  2.871  0.000
   11 C   0.0244   1.153  2.823  0.000
   12 C  -0.0136   1.072  2.941  0.000
   13 C   0.0892   1.137  2.774  0.000
   14 N  -0.2072   1.604  3.603  0.000
   15 C   0.0901   1.138  2.772  0.000
   16 N  -0.2132   1.605  3.609  0.000
   17 C  -0.0233   1.174  2.849  0.000
   18 C  -0.0108   1.144  2.867  0.000
   19 C  -0.0389   1.115  2.924  0.000
   20 C  -0.0399   1.115  2.925  0.000
   21 C  -0.0112   1.144  2.867  0.000
   22 C  -0.0599   1.101  2.958  0.000
   23 C  -0.0251   1.175  2.850  0.000
   24 C  -0.0067   1.119  2.887  0.000
   25 C   0.0461   1.146  2.808  0.000
   26 N  -0.0447   1.183  3.861  0.000
   27 C   0.0421   1.136  2.822  0.000
   28 C  -0.0287   1.088  2.940  0.000
   29 C  -0.0351   1.080  2.955  0.000
   30 C   0.0214   1.118  2.861  0.000
   31 S  -0.0610   1.878  4.103  0.081
   32 C  -0.0505   0.994  3.056  0.000
   33 C  -0.0494   1.080  2.969  0.000
   34 C  -0.0381   1.087  2.951  0.000
   35 C   0.0409   1.135  2.824  0.000
   36 C  -0.0388   1.087  2.951  0.000
   37 C  -0.0348   1.082  2.953  0.000
   38 C   0.0199   1.119  2.861  0.000
   39 S  -0.0595   1.877  4.101  0.082
   40 C  -0.0545   0.996  3.058  0.000
   41 C  -0.0502   1.082  2.969  0.000
   42 C  -0.0336   1.088  2.945  0.000
   43 C  -0.0306   1.122  2.909  0.000
   44 S   0.0591   1.880  3.958  0.103
   45 C  -0.0142   1.131  2.884  0.000
   46 C   0.0167   1.135  2.848  0.000
   47 N  -0.0792   1.191  3.889  0.000
   48 C   0.0423   1.137  2.820  0.000
   49 C  -0.0447   1.086  2.959  0.000
   50 C  -0.0338   1.083  2.951  0.000
   51 C   0.0168   1.118  2.866  0.000
   52 S  -0.0730   1.880  4.112  0.081
   53 C  -0.0551   0.998  3.058  0.000
   54 C  -0.0444   1.082  2.962  0.000
   55 C  -0.0391   1.086  2.953  0.000
   56 C   0.0364   1.138  2.826  0.000
   57 C  -0.0386   1.086  2.952  0.000
   58 C  -0.0348   1.082  2.953  0.000
   59 C   0.0192   1.116  2.864  0.000
   60 S  -0.0734   1.879  4.113  0.082
   61 C  -0.0517   0.995  3.056  0.000
   62 C  -0.0460   1.082  2.964  0.000
   63 C  -0.0450   1.086  2.959  0.000
   64 C  -0.0216   1.130  2.892  0.000
   65 S   0.0626   1.879  3.957  0.101
   66 C   0.0011   1.121  2.878  0.000
   67 C  -0.0778   1.094  2.984  0.000
   68 C  -0.0354   1.128  2.908  0.000
   69 C   0.0531   1.117  2.830  0.000
   70 O  -0.1057   1.409  4.696  0.000
   71 C   0.0365   1.078  2.885  0.000
   72 C  -0.0935   1.021  3.072  0.000
   73 C  -0.0136   1.121  2.892  0.000
   74 C  -0.0348   1.121  2.914  0.000
   75 C   0.0475   1.116  2.837  0.000
   76 O  -0.1157   1.421  4.694  0.000
   77 C   0.0351   1.080  2.885  0.000
   78 C  -0.0890   1.019  3.070  0.000
   79 C  -0.0232   1.133  2.890  0.000
   80 S   0.0219   1.877  4.004  0.097
   81 C  -0.0637   1.092  2.972  0.000
   82 C   0.0026   1.122  2.875  0.000
   83 S   0.0337   1.879  3.995  0.093
   84 C  -0.0219   1.128  2.894  0.000
   85 C   0.0182   1.137  2.845  0.000
   86 N  -0.0806   1.181  3.899  0.000
   87 C   0.0431   1.138  2.819  0.000
   88 C  -0.0377   1.085  2.953  0.000
   89 C  -0.0376   1.083  2.954  0.000
   90 C   0.0068   1.132  2.861  0.000
   91 C  -0.0893   1.006  3.083  0.000
   92 C  -0.0468   1.086  2.961  0.000
   93 C  -0.0378   1.085  2.953  0.000
   94 C   0.0425   1.137  2.820  0.000
   95 C  -0.0498   1.084  2.966  0.000
   96 C  -0.0442   1.084  2.960  0.000
   97 C   0.0015   1.132  2.867  0.000
   98 C  -0.0860   1.005  3.081  0.000
   99 C  -0.0397   1.084  2.956  0.000
  100 C  -0.0392   1.083  2.956  0.000
  101 C  -0.0211   1.128  2.894  0.000
  102 S   0.0632   1.879  3.957  0.101
  103 C  -0.0179   1.123  2.895  0.000
  104 C   0.0405   1.146  2.814  0.000
  105 N  -0.0637   1.187  3.877  0.000
  106 C   0.0436   1.137  2.819  0.000
  107 C  -0.0396   1.086  2.954  0.000
  108 C  -0.0392   1.083  2.956  0.000
  109 C   0.0107   1.132  2.857  0.000
  110 C  -0.0846   1.004  3.080  0.000
  111 C  -0.0374   1.083  2.954  0.000
  112 C  -0.0329   1.084  2.949  0.000
  113 C   0.0437   1.138  2.818  0.000
  114 C  -0.0358   1.084  2.952  0.000
  115 C  -0.0382   1.083  2.955  0.000
  116 C   0.0121   1.132  2.856  0.000
  117 C  -0.0845   1.004  3.080  0.000
  118 C  -0.0359   1.083  2.953  0.000
  119 C  -0.0380   1.087  2.951  0.000
  120 C  -0.0302   1.118  2.912  0.000
  121 S   0.0788   1.879  3.935  0.107
  122 C   0.0066   1.100  2.893  0.000
  123 C  -0.0407   1.136  2.905  0.000
  124 C   0.1283   1.141  2.730  0.000
  125 O  -0.2236   1.597  4.626  0.000
  126 C  -0.0221   1.150  2.872  0.000
  127 C  -0.0154   1.098  2.917  0.000
  128 C  -0.0130   1.169  2.844  0.000
  129 C  -0.0116   1.169  2.843  0.000
  130 C  -0.0264   1.099  2.927  0.000
  131 C  -0.0019   1.135  2.867  0.000
  132 C   0.0274   1.157  2.816  0.000
  133 C  -0.0118   1.074  2.938  0.000
  134 C   0.0926   1.139  2.769  0.000
  135 N  -0.2112   1.604  3.607  0.000
  136 C   0.0908   1.137  2.772  0.000
  137 N  -0.2087   1.604  3.604  0.000
  138 C  -0.0224   1.174  2.849  0.000
  139 C  -0.0118   1.144  2.867  0.000
  140 C  -0.0393   1.115  2.924  0.000
  141 C  -0.0401   1.115  2.925  0.000
  142 C  -0.0117   1.144  2.867  0.000
  143 C  -0.0608   1.102  2.959  0.000
  144 C  -0.0244   1.175  2.850  0.000
  145 H   0.0533   0.947  0.000  0.000
  146 H   0.0397   0.960  0.000  0.000
  147 H   0.0431   0.957  0.000  0.000
  148 H   0.0383   0.962  0.000  0.000
  149 H   0.0381   0.962  0.000  0.000
  150 H   0.0387   0.961  0.000  0.000
  151 H   0.0384   0.962  0.000  0.000
  152 H   0.0376   0.962  0.000  0.000
  153 H   0.0324   0.968  0.000  0.000
  154 H   0.0340   0.966  0.000  0.000
  155 H   0.0380   0.962  0.000  0.000
  156 H   0.0384   0.962  0.000  0.000
  157 H   0.0373   0.963  0.000  0.000
  158 H   0.0458   0.954  0.000  0.000
  159 H   0.0458   0.954  0.000  0.000
  160 H   0.0544   0.946  0.000  0.000
  161 H   0.0379   0.962  0.000  0.000
  162 H   0.0322   0.968  0.000  0.000
  163 H   0.0336   0.966  0.000  0.000
  164 H   0.0403   0.960  0.000  0.000
  165 H   0.0437   0.956  0.000  0.000
  166 H   0.0548   0.945  0.000  0.000
  167 H   0.0476   0.952  0.000  0.000
  168 H   0.0391   0.961  0.000  0.000
  169 H   0.0361   0.964  0.000  0.000
  170 H   0.0311   0.969  0.000  0.000
  171 H   0.0388   0.961  0.000  0.000
  172 H   0.0478   0.952  0.000  0.000
  173 H   0.0433   0.957  0.000  0.000
  174 H   0.0541   0.946  0.000  0.000
  175 H   0.0380   0.962  0.000  0.000
  176 H   0.0328   0.967  0.000  0.000
  177 H   0.0340   0.966  0.000  0.000
  178 H   0.0369   0.963  0.000  0.000
  179 H   0.0477   0.952  0.000  0.000
  180 H   0.0440   0.956  0.000  0.000
  181 H   0.0535   0.946  0.000  0.000
  182 H   0.0382   0.962  0.000  0.000
  183 H   0.0299   0.970  0.000  0.000
  184 H   0.0507   0.949  0.000  0.000
  185 H   0.0379   0.962  0.000  0.000
  186 H   0.0334   0.967  0.000  0.000
  187 H   0.0398   0.960  0.000  0.000
  188 H   0.0311   0.969  0.000  0.000
  189 H   0.0330   0.967  0.000  0.000
  190 H   0.0383   0.962  0.000  0.000
  191 H   0.0339   0.966  0.000  0.000
  192 H   0.0389   0.961  0.000  0.000
  193 H   0.0313   0.969  0.000  0.000
  194 H   0.0297   0.970  0.000  0.000
  195 H   0.0432   0.957  0.000  0.000
  196 H   0.0315   0.968  0.000  0.000
  197 H   0.0318   0.968  0.000  0.000
  198 H   0.0386   0.961  0.000  0.000
  199 H   0.0405   0.959  0.000  0.000
  200 H   0.0412   0.959  0.000  0.000
  201 H   0.0358   0.964  0.000  0.000
  202 H   0.0336   0.966  0.000  0.000
  203 H   0.0292   0.971  0.000  0.000
  204 H   0.0303   0.970  0.000  0.000
  205 H   0.0413   0.959  0.000  0.000
  206 H   0.0394   0.961  0.000  0.000
  207 H   0.0383   0.962  0.000  0.000
  208 H   0.0325   0.968  0.000  0.000
  209 H   0.0346   0.965  0.000  0.000
  210 H   0.0307   0.969  0.000  0.000
  211 H   0.0317   0.968  0.000  0.000
  212 H   0.0394   0.961  0.000  0.000
  213 H   0.0418   0.958  0.000  0.000
  214 H   0.0396   0.960  0.000  0.000
  215 H   0.0324   0.968  0.000  0.000
  216 H   0.0338   0.966  0.000  0.000
  217 H   0.0317   0.968  0.000  0.000
  218 H   0.0322   0.968  0.000  0.000
  219 H   0.0425   0.957  0.000  0.000
  220 H   0.0389   0.961  0.000  0.000
  221 H   0.0395   0.961  0.000  0.000
  222 H   0.0336   0.966  0.000  0.000
  223 H   0.0378   0.962  0.000  0.000
  224 H   0.0567   0.943  0.000  0.000
  225 H   0.0397   0.960  0.000  0.000
  226 H   0.0415   0.959  0.000  0.000
  227 H   0.0395   0.961  0.000  0.000
  228 H   0.0374   0.963  0.000  0.000
  229 H   0.0386   0.961  0.000  0.000
  230 H   0.0384   0.962  0.000  0.000
  231 H   0.0372   0.963  0.000  0.000
  232 H   0.0323   0.968  0.000  0.000
  233 H   0.0331   0.967  0.000  0.000
  234 H   0.0387   0.961  0.000  0.000
 
 Wiberg/Mayer (AO) data. WBOs > 0.1 written file <wbo>
 largest (>0.05) Wiberg bond orders for each atom
           total WBO             WBO to atom ...
     1  C   3.924    C    2 1.448    C   24 1.295    H  145 0.923
     2  C   3.915    C    1 1.448    C   11 1.129    C    3 1.019    O    4 0.069
     3  C   3.913    O    4 1.750    C    2 1.019    C    5 0.975
     4  O   2.122    C    3 1.750    C    2 0.069    C    5 0.060
     5  C   3.935    C    6 1.364    C   10 1.291    C    3 0.975    C    8 0.093    O    4 0.060
     6  C   3.959    C    7 1.416    C    5 1.364    H  146 0.942    C    9 0.083
     7  C   3.919    C    6 1.416    C    8 1.318    C   23 0.946    C   10 0.093
     8  C   3.928    C    9 1.422    C    7 1.318    C   17 0.949    C    5 0.093
     9  C   3.954    C    8 1.422    C   10 1.350    H  147 0.935    C    6 0.083
    10  C   3.946    C    9 1.350    C    5 1.291    C   11 1.041    C    7 0.093
    11  C   3.932    C   12 1.439    C    2 1.129    C   10 1.041    N   14 0.088    N   16 0.087
    12  C   3.929    C   11 1.439    C   13 1.070    C   15 1.068    N   16 0.081    N   14 0.081
    13  C   3.939    N   14 2.780    C   12 1.070
    14  N   3.037    C   13 2.780    C   11 0.088    C   12 0.081
    15  C   3.939    N   16 2.778    C   12 1.068
    16  N   3.040    C   15 2.778    C   11 0.087    C   12 0.081
    17  C   3.930    C   23 0.949    C    8 0.949    H  148 0.941    C   18 0.929
    18  C   3.950    C   19 0.985    C   22 0.974    H  149 0.946    C   17 0.929
    19  C   3.959    C   20 1.935    C   18 0.985    H  150 0.937
    20  C   3.959    C   19 1.935    C   21 0.985    H  151 0.937
    21  C   3.949    C   20 0.985    C   22 0.974    H  152 0.946    C   23 0.929
    22  C   3.967    C   21 0.974    C   18 0.974    H  154 0.962    H  153 0.960
    23  C   3.927    C   17 0.949    C    7 0.946    H  155 0.941    C   21 0.929
    24  C   3.911    C   25 1.321    C    1 1.295    S   65 1.045
    25  C   3.898    C   24 1.321    C   43 1.230    N   26 1.078    S   65 0.062
    26  N   3.396    C   25 1.078    C   35 0.982    C   27 0.970
    27  C   3.928    C   34 1.380    C   28 1.359    N   26 0.970    C   30 0.095
    28  C   3.968    C   29 1.459    C   27 1.359    H  156 0.942    C   33 0.100
    29  C   3.971    C   28 1.459    C   30 1.363    H  157 0.944    C   34 0.104
    30  C   3.950    C   33 1.377    C   29 1.363    S   31 1.037    C   27 0.095
    31  S   2.222    C   30 1.037    C   32 0.998
    32  C   3.983    S   31 0.998    H  159 0.989    H  158 0.989    H  160 0.980
    33  C   3.971    C   34 1.442    C   30 1.377    H  161 0.943    C   28 0.100
    34  C   3.967    C   33 1.442    C   27 1.380    H  162 0.945    C   29 0.104
    35  C   3.928    C   42 1.373    C   36 1.353    N   26 0.982    C   38 0.095
    36  C   3.969    C   37 1.472    C   35 1.353    H  163 0.944    C   41 0.098
    37  C   3.971    C   36 1.472    C   38 1.350    H  164 0.943    C   42 0.100
    38  C   3.953    C   41 1.381    C   37 1.350    S   39 1.043    C   35 0.095
    39  S   2.217    C   38 1.043    C   40 0.997
    40  C   3.982    S   39 0.997    H  165 0.990    H  167 0.983    H  166 0.980
    41  C   3.972    C   42 1.438    C   38 1.381    H  168 0.942    C   36 0.098
    42  C   3.968    C   41 1.438    C   35 1.373    H  169 0.943    C   37 0.100
    43  C   3.924    C   64 1.363    C   25 1.230    S   44 1.081    C   45 0.060    S   65 0.051
    44  S   2.472    C   43 1.081    C   45 1.069    C   46 0.063    C   64 0.053
    45  C   3.894    C   46 1.437    C   66 1.143    S   44 1.069    C   43 0.060
    46  C   3.906    C   45 1.437    C   64 1.211    N   47 1.003    C   67 0.063    S   44 0.063
    47  N   3.326    C   46 1.003    C   48 0.992    C   56 0.987
    48  C   3.930    C   55 1.363    C   49 1.360    N   47 0.992    C   51 0.095
    49  C   3.968    C   50 1.458    C   48 1.360    H  170 0.944    C   54 0.099
    50  C   3.971    C   49 1.458    C   51 1.364    H  171 0.943    C   55 0.102
    51  C   3.951    C   54 1.374    C   50 1.364    S   52 1.031    C   48 0.095
    52  S   2.196    C   51 1.031    C   53 0.994
    53  C   3.981    S   52 0.994    H  173 0.990    H  172 0.986    H  174 0.980
    54  C   3.972    C   55 1.449    C   51 1.374    H  175 0.943    C   49 0.099
    55  C   3.967    C   54 1.449    C   48 1.363    H  176 0.944    C   50 0.102
    56  C   3.930    C   63 1.372    C   57 1.357    N   47 0.987    C   59 0.095
    57  C   3.968    C   58 1.464    C   56 1.357    H  177 0.943    C   62 0.100
    58  C   3.971    C   57 1.464    C   59 1.361    H  178 0.943    C   63 0.102
    59  C   3.952    C   62 1.378    C   58 1.361    S   60 1.035    C   56 0.095
    60  S   2.201    C   59 1.035    C   61 0.995
    61  C   3.981    S   60 0.995    H  180 0.990    H  179 0.988    H  181 0.981
    62  C   3.972    C   63 1.444    C   59 1.378    H  182 0.943    C   57 0.100
    63  C   3.969    C   62 1.444    C   56 1.372    H  183 0.945    C   58 0.102
    64  C   3.922    C   43 1.363    C   46 1.211    S   65 1.101    S   44 0.053
    65  S   2.464    C   64 1.101    C   24 1.045    C   25 0.062    C   43 0.051
    66  C   3.924    C   67 1.543    C   45 1.143    S   80 1.049
    67  C   3.927    C   66 1.543    C   68 1.199    H  184 0.928    S   80 0.070    C   46 0.063
    68  C   3.936    C   69 1.257    C   79 1.215    C   67 1.199    C   74 0.051
    69  C   3.911    C   73 1.356    C   68 1.257    O   70 1.054    C   75 0.081
    70  O   2.249    C   69 1.054    C   71 0.974
    71  C   3.938    C   72 1.004    H  186 0.975    O   70 0.974    H  185 0.961
    72  C   3.983    C   71 1.004    H  188 0.985    H  189 0.979    H  187 0.972
    73  C   3.938    C   69 1.356    C   74 1.253    S   83 1.073    C   79 0.055
    74  C   3.935    C   73 1.253    C   75 1.253    C   81 1.185    C   68 0.051
    75  C   3.926    C   79 1.382    C   74 1.253    O   76 1.039    C   69 0.081
    76  O   2.234    C   75 1.039    C   77 0.977    C   79 0.055
    77  C   3.937    C   78 1.000    O   76 0.977    H  191 0.975    H  190 0.955
    78  C   3.983    C   77 1.000    H  194 0.985    H  193 0.982    H  192 0.979
    79  C   3.927    C   75 1.382    C   68 1.215    S   80 1.054    O   76 0.055    C   73 0.055
    80  S   2.433    C   79 1.054    C   66 1.049    C   67 0.070
    81  C   3.949    C   82 1.600    C   74 1.185    H  195 0.937    S   83 0.075
    82  C   3.915    C   81 1.600    C   84 1.072    S   83 1.055
    83  S   2.437    C   73 1.073    C   82 1.055    C   81 0.075
    84  C   3.897    C   85 1.459    S  121 1.099    C   82 1.072    C  120 0.068
    85  C   3.918    C   84 1.459    C  101 1.206    N   86 1.011    S  121 0.069
    86  N   3.337    C   85 1.011    C   94 1.001    C   87 0.974
    87  C   3.931    C   93 1.376    C   88 1.376    N   86 0.974    C   90 0.104
    88  C   3.970    C   89 1.444    C   87 1.376    H  196 0.945    C   92 0.105
    89  C   3.972    C   88 1.444    C   90 1.390    H  197 0.945    C   93 0.106
    90  C   3.952    C   92 1.392    C   89 1.390    C   91 0.992    C   87 0.104
    91  C   3.986    C   90 0.992    H  198 0.976    H  200 0.975    H  199 0.969
    92  C   3.971    C   93 1.441    C   90 1.392    H  201 0.938    C   88 0.105
    93  C   3.970    C   92 1.441    C   87 1.376    H  202 0.944    C   89 0.106
    94  C   3.934    C   95 1.369    C  100 1.365    N   86 1.001    C   97 0.102
    95  C   3.970    C   96 1.442    C   94 1.369    H  203 0.945    C   99 0.104
    96  C   3.972    C   95 1.442    C   97 1.394    H  204 0.945    C  100 0.105
    97  C   3.950    C   96 1.394    C   99 1.386    C   98 0.992    C   94 0.102
    98  C   3.987    C   97 0.992    H  206 0.978    H  207 0.977    H  205 0.970
    99  C   3.972    C  100 1.449    C   97 1.386    H  208 0.944    C   95 0.104
   100  C   3.970    C   99 1.449    C   94 1.365    H  209 0.944    C   96 0.105
   101  C   3.927    C  120 1.372    C   85 1.206    S  102 1.094    S  121 0.057    C  103 0.050
   102  S   2.479    C  101 1.094    C  103 1.051    C  104 0.061    C  120 0.051
   103  C   3.917    C  104 1.352    C  122 1.251    S  102 1.051    C  101 0.050
   104  C   3.914    C  103 1.352    C  120 1.219    N  105 1.068    C  123 0.067    S  102 0.061
   105  N   3.366    C  104 1.068    C  106 0.977    C  113 0.965
   106  C   3.930    C  112 1.375    C  107 1.373    N  105 0.977    C  109 0.104
   107  C   3.968    C  108 1.443    C  106 1.373    H  210 0.945    C  111 0.105
   108  C   3.972    C  107 1.443    C  109 1.392    H  211 0.944    C  112 0.106
   109  C   3.948    C  108 1.392    C  111 1.389    C  110 0.993    C  106 0.104
   110  C   3.987    C  109 0.993    H  214 0.978    H  212 0.977    H  213 0.969
   111  C   3.972    C  112 1.445    C  109 1.389    H  215 0.944    C  107 0.105
   112  C   3.967    C  111 1.445    C  106 1.375    H  216 0.945    C  108 0.106
   113  C   3.928    C  114 1.379    C  119 1.375    N  105 0.965    C  116 0.105
   114  C   3.969    C  115 1.441    C  113 1.379    H  217 0.945    C  118 0.105
   115  C   3.972    C  114 1.441    C  116 1.393    H  218 0.944    C  119 0.106
   116  C   3.951    C  115 1.393    C  118 1.389    C  117 0.993    C  113 0.105
   117  C   3.987    C  116 0.993    H  221 0.978    H  220 0.977    H  219 0.969
   118  C   3.972    C  119 1.445    C  116 1.389    H  222 0.944    C  114 0.105
   119  C   3.969    C  118 1.445    C  113 1.375    H  223 0.939    C  115 0.106
   120  C   3.928    C  101 1.372    C  104 1.219    S  121 1.089    C   84 0.068    S  102 0.051
   121  S   2.507    C   84 1.099    C  120 1.089    C   85 0.069    C  101 0.057
   122  C   3.931    C  123 1.509    C  103 1.251    H  224 0.925
   123  C   3.916    C  122 1.509    C  132 1.101    C  124 0.996    O  125 0.068    C  104 0.067
   124  C   3.905    O  125 1.782    C  123 0.996    C  126 0.979
   125  O   2.130    C  124 1.782    C  123 0.068    C  126 0.062
   126  C   3.929    C  127 1.359    C  131 1.287    C  124 0.979    C  129 0.092    O  125 0.062
   127  C   3.959    C  128 1.421    C  126 1.359    H  225 0.941    C  130 0.083
   128  C   3.918    C  127 1.421    C  129 1.314    C  144 0.946    C  131 0.092
   129  C   3.928    C  130 1.427    C  128 1.314    C  138 0.949    C  126 0.092
   130  C   3.955    C  129 1.427    C  131 1.351    H  226 0.936    C  127 0.083
   131  C   3.944    C  130 1.351    C  126 1.287    C  132 1.040    C  128 0.092
   132  C   3.928    C  133 1.453    C  123 1.101    C  131 1.040    N  137 0.092    N  135 0.091
   133  C   3.951    C  132 1.453    C  136 1.069    C  134 1.064    N  137 0.080    N  135 0.080
   134  C   3.941    N  135 2.782    C  133 1.064
   135  N   3.056    C  134 2.782    C  132 0.091    C  133 0.080
   136  C   3.939    N  137 2.783    C  133 1.069
   137  N   3.041    C  136 2.783    C  132 0.092    C  133 0.080
   138  C   3.930    C  144 0.950    C  129 0.949    H  227 0.941    C  139 0.929
   139  C   3.950    C  140 0.985    C  143 0.974    H  228 0.946    C  138 0.929
   140  C   3.959    C  141 1.935    C  139 0.985    H  229 0.937
   141  C   3.959    C  140 1.935    C  142 0.985    H  230 0.937
   142  C   3.949    C  141 0.985    C  143 0.974    H  231 0.946    C  144 0.929
   143  C   3.967    C  142 0.974    C  139 0.974    H  233 0.962    H  232 0.960
   144  C   3.927    C  138 0.950    C  128 0.946    H  234 0.941    C  142 0.929
   145  H   0.990    C    1 0.923
   146  H   0.996    C    6 0.942
   147  H   0.995    C    9 0.935
   148  H   0.996    C   17 0.941
   149  H   0.997    C   18 0.946
   150  H   0.997    C   19 0.937
   151  H   0.997    C   20 0.937
   152  H   0.997    C   21 0.946
   153  H   0.999    C   22 0.960
   154  H   0.998    C   22 0.962
   155  H   0.996    C   23 0.941
   156  H   0.997    C   28 0.942
   157  H   0.997    C   29 0.944
   158  H   0.998    C   32 0.989
   159  H   0.997    C   32 0.989
   160  H   0.996    C   32 0.980
   161  H   0.997    C   33 0.943
   162  H   0.998    C   34 0.945
   163  H   0.997    C   36 0.944
   164  H   0.997    C   37 0.943
   165  H   0.998    C   40 0.990
   166  H   0.996    C   40 0.980
   167  H   0.997    C   40 0.983
   168  H   0.997    C   41 0.942
   169  H   0.998    C   42 0.943
   170  H   0.998    C   49 0.944
   171  H   0.997    C   50 0.943
   172  H   0.997    C   53 0.986
   173  H   0.998    C   53 0.990
   174  H   0.996    C   53 0.980
   175  H   0.997    C   54 0.943
   176  H   0.998    C   55 0.944
   177  H   0.997    C   57 0.943
   178  H   0.997    C   58 0.943
   179  H   0.997    C   61 0.988
   180  H   0.998    C   61 0.990
   181  H   0.996    C   61 0.981
   182  H   0.997    C   62 0.943
   183  H   0.999    C   63 0.945
   184  H   0.994    C   67 0.928
   185  H   0.998    C   71 0.961
   186  H   0.997    C   71 0.975
   187  H   0.998    C   72 0.972
   188  H   0.999    C   72 0.985
   189  H   0.999    C   72 0.979
   190  H   0.998    C   77 0.955
   191  H   0.997    C   77 0.975
   192  H   0.998    C   78 0.979
   193  H   0.999    C   78 0.982
   194  H   0.999    C   78 0.985
   195  H   0.996    C   81 0.937
   196  H   0.997    C   88 0.945
   197  H   0.998    C   89 0.945
   198  H   0.997    C   91 0.976
   199  H   0.997    C   91 0.969
   200  H   0.997    C   91 0.975
   201  H   0.997    C   92 0.938
   202  H   0.998    C   93 0.944
   203  H   0.998    C   95 0.945
   204  H   0.998    C   96 0.945
   205  H   0.997    C   98 0.970
   206  H   0.997    C   98 0.978
   207  H   0.997    C   98 0.977
   208  H   0.997    C   99 0.944
   209  H   0.997    C  100 0.944
   210  H   0.998    C  107 0.945
   211  H   0.998    C  108 0.944
   212  H   0.997    C  110 0.977
   213  H   0.997    C  110 0.969
   214  H   0.997    C  110 0.978
   215  H   0.997    C  111 0.944
   216  H   0.997    C  112 0.945
   217  H   0.997    C  114 0.945
   218  H   0.997    C  115 0.944
   219  H   0.997    C  117 0.969
   220  H   0.997    C  117 0.977
   221  H   0.997    C  117 0.978
   222  H   0.997    C  118 0.944
   223  H   0.997    C  119 0.939
   224  H   0.991    C  122 0.925
   225  H   0.996    C  127 0.941
   226  H   0.995    C  130 0.936
   227  H   0.996    C  138 0.941
   228  H   0.997    C  139 0.946
   229  H   0.997    C  140 0.937
   230  H   0.997    C  141 0.937
   231  H   0.997    C  142 0.946
   232  H   0.999    C  143 0.960
   233  H   0.999    C  143 0.962
   234  H   0.996    C  144 0.941
 
 --------------------------------------------
          xTB calculation for sTDA...
 --------------------------------------------
 
 reading parameter file /ihome/ghutchison/blp62/xtb4stda/.param_stda2.xtb
 
      method parameters     
 k(s)        :  1.6000
 k(p)        :  2.1800
 k(d)        :  1.9500
 k(f)        :  2.0000
 k(R-V)      :  2.2750
 k(R-R)      :  1.7650
 Tscal       :  0.2580
 Gscal       :  1.0000
 fpol        :  1.0000
 Zcnf        :  0.3430
 Zqf         :  0.0000
 kcn         :  2.7000
 Ryd Hsplit  :  0.7000
 lshift(virt):  3.1000
 lshift(OS)  :  0.2000
 wllscaling  :  2.6000
 
 mowrcut     : 3.000
 
  Z AO/shell   Hii/eV     exponent
  1     Sun Feb 14 09:53:25 CET 2016    EN: 2.327 GAM: 0.473  GM3: 0.0000
     1s    -14.339618    1.220000
     2sp    -3.348946    0.600000
  6     Sun Feb 14 09:53:25 CET 2016    EN: 2.731 GAM: 0.422  GM3: 0.0000
     2s    -22.009312    1.565095
     2p    -13.020408    1.596905
     3sp    -3.914040    0.824500
  7     Sun Feb 14 09:53:25 CET 2016    EN: 3.573 GAM: 0.504  GM3: 0.0000
     2s    -25.722000    2.064844
     2p    -18.684912    1.801692
     3sp    -4.344791    0.921400
  8     Sun Feb 14 09:53:25 CET 2016    EN: 3.700 GAM: 0.587  GM3: 0.0000
     2s    -33.859000    2.418661
     2p    -22.175911    1.973969
     3sp    -4.259392    1.013700
 16     Sun Feb 21 16:35:57 CET 2016    EN: 1.915 GAM: 0.200  GM3: 0.0000
     3s    -17.898811    2.619580
     3p    -15.317401    1.798798
     4sp    -4.455139    0.843200
 
 Nbf   :         1602
 T(el) :     0.0
 calculating S/T integrals ...
 cpu time for ints    2.37687100000000     
 Nao   :         1602
 making H0...
 making H1...
 cpu time for H      7.414099999999912E-002
 solving ...
 cpu time for diag    3.57094600000000     
 
 gap (eV)           :   4.433
 Koopmans IP (eV)   :  13.010
 Eel (Eh)           :  -598.354765

          eigenvalues
 #    :         339        340        341        342        343        344        345        346
 occ. :        2.000      2.000      2.000      2.000      2.000      2.000      2.000      2.000
 eps  :       -15.306    -15.071    -14.908    -14.858    -14.624    -14.567    -14.281    -14.089
 #    :         347        348        349        350        351        352        353        354
 occ. :        2.000      2.000      2.000      2.000      2.000      0.000      0.000      0.000
 eps  :       -13.599    -13.560    -13.481    -13.236    -13.012     -8.578     -8.432     -8.123
 #    :         355        356        357        358        359        360        361        362
 occ. :        0.000      0.000      0.000      0.000      0.000      0.000      0.000      0.000
 eps  :        -8.057     -7.058     -6.446     -6.214     -6.016     -6.006     -5.966     -5.908
                            1  SCC done.
 writing mo output ...
 molden style : F
 
speedup  1.73
cpu  time for all   13.54 s
wall time for all    7.85 s
