 
        ______________________________________
       |                                      |
       |          ===================         |
       |             xTB for sTDA             |
       |          ===================         |
       |               S. Grimme              |
       |        Universitaet Bonn, MCTC       |
       |         2015-19, Version 1.0         |
       |     Wed Apr  3 09:14:55 CEST 2019    |
       |______________________________________|
 
        This code comes without any warranty
        for non-commercial, academia use only.
        Preliminary test version.
        Cite this work as:
        S. Grimme  &  C. Bannwarth, JCP 145 (2016) 054103
        if GBSA is used additionally:
        P. Shushkov, F. März, C. Bannwarth, S. Grimme, unpublished.
 
        with help from
        P. Shushkov, G. Brandenburg, S. Dohm, J. Pisarek,
        F. März, M. Checinski, S. Ehrlich, S. Spicher, 
        P. Pracht, E. Caldeweyher, S. Ehlert, and C. Bannwarth.
 
        usage        :
        xtb4stda <coord_file> [options]
        where <coord_file> is a valid file of TM)
        (*coord, Bohr) or xmol (*xyz, Angstroem)
        format.

        options:
        -chrg <int>   : molecular charge
        -uhf  <int>   : # of unpaired electrons(=2*S)
        -nox          : skip second, extended part in sTDA-xTB
        -pop          : do population analysis
                      : (default for -nox)
        -mowr <real>  : cut MO write above (def.3 Eh)
        -molden       : write formatted molden file
        -parx <file>  : read parameters for sTDA-xTB
                        calc (def:~/.param_stda2.xtb)
        -parv <file>  : read parameters for vTB part in
                        sTDA-xTB (def: ~/.param_stda1.xtb)
        -xtemp <real> : el. temp for xTB (def. 0 K)
        -etemp <real> : el. temp for GFN (def. 300 K)
        -fod          : calculate the FOD and write
                        molden.input file with
                        appropriate occupations
                        for plotting. Def. T=12500 K
 
        -acc <real>   : xTB accuracy (def. 1.0)
        -gbsa [string1] [string2]
                        use GBSA implicit solvent
                        for solvent [string1] and
                        solvation state [string2]=
                        reference, bar1M (default=1M)
        additional GFN/opt/MD/siman options read from
        $XTB4STDAHOME/.xtb4stdarc or $set in input
 
       spin and charge state information can be on:
       <.CHRG> (charge) and <.UHF> (=nalpha-nbeta)
       -uhf and -chrg override the file info.
       useful machine settings:
       setenv MKL_NUM_THREADS <NCORE_ON_YOUR_MACHINE>
       setenv OMP_STACKSIZE 500m
       limit stacksize unlimited
 
       total energies in Eh, gaps/HL energies in eV
       please read REVISION and HOWTO files carefully
 =============================
  # OMP threads =           8
 =============================
 
 xtb4stdahome directory:/ihome/ghutchison/blp62/xtb4stda/
 
 
 name of molecule           :
 comment line               :
 number of atoms            :   198
 number of electrons        :   620
 charge                     :  0
 spin                       : 0.0
 first test random number   :  0.6630
 
 -----------------------------------------
      charge density (VTB) calculation
 -----------------------------------------
 
      method parameters     
 k(s)        :  1.8000
 k(p)        :  2.8350
 k(d)        :  2.0860
 k(f)        :  2.0000
 Tscal       :  0.3300
 Gscal       :  0.3910
 fpol        :  1.0000
 Zcnf        :  0.6500
 Zqf         :  0.0000
 kcn         :  0.3000
 kEN1        : -0.5900
 wllscal     :  2.6000
 
     -------------------------
     ! NO SOLVENT MODEL USED !
     -------------------------
 
 doing EN charges ...
 sum q :  0.1443290D-14
 point charge moment (au)
     X       Y       Z   
   0.5839  -0.7668   0.3344  total (Debye):    2.593
 
            Z      q(EN)   CN      Cart. coordinates
     1  C   4.0  -0.075   3.239     6.59968    -8.75151   -11.61596
     2  C   4.0  -0.003   3.316     7.92154   -10.88614   -10.88048
     3  C   4.0   0.097   3.257     9.03761   -11.20948    -8.37035
     4  O   6.0  -0.104   1.071     8.90949    -9.78009    -6.56718
     5  C   4.0  -0.006   3.362    10.56773   -13.54952    -8.52531
     6  C   4.0  -0.077   3.244    12.01167   -14.67145    -6.67130
     7  C   4.0  -0.068   3.170    13.26607   -16.90681    -7.25352
     8  CL  7.0   0.085   1.203    15.07888   -18.41765    -5.01269
     9  C   4.0   0.014   3.248    13.04157   -17.92556    -9.67275
    10  F   7.0  -0.028   1.082    14.25912   -20.07739   -10.22096
    11  C   4.0  -0.067   3.187    11.59895   -16.79834   -11.55076
    12  C   4.0  -0.006   3.358    10.34493   -14.58150   -10.96079
    13  C   4.0  -0.008   3.341     8.66496   -12.96881   -12.44725
    14  C   4.0  -0.038   3.127     7.72369   -13.51626   -14.80374
    15  C   4.0   0.237   2.154     8.35750   -15.69644   -16.18626
    16  N   5.0  -0.215   1.027     8.78552   -17.46069   -17.37660
    17  C   4.0   0.237   2.158     5.88839   -12.04077   -16.04529
    18  N   5.0  -0.216   1.028     4.34826   -10.96173   -17.12923
    19  C   4.0  -0.076   3.240     5.32374    -7.11557   -10.00194
    20  C   4.0   0.093   3.450     4.31859    -7.48861    -7.55002
    21  N   5.0  -0.321   3.250     3.91079    -9.75325    -6.40825
    22  C   4.0   0.084   3.307     3.75356   -12.03207    -7.76564
    23  C   4.0  -0.068   3.210     4.92104   -14.19241    -6.81983
    24  C   4.0  -0.073   3.188     4.83827   -16.42833    -8.17023
    25  C   4.0   0.008   3.155     3.58481   -16.57705   -10.46984
    26  C   4.0  -0.253   4.054     3.56119   -18.96567   -11.97973
    27  C   4.0  -0.074   3.190     2.34685   -14.42730   -11.35574
    28  C   4.0  -0.068   3.197     2.42263   -12.18439   -10.03350
    29  C   4.0   0.077   3.320     3.55609    -9.89820    -3.76490
    30  C   4.0  -0.068   3.193     1.57225   -11.32891    -2.79868
    31  C   4.0  -0.076   3.193     1.22020   -11.48953    -0.21996
    32  C   4.0   0.007   3.155     2.81267   -10.22531     1.44753
    33  C   4.0  -0.254   4.055     2.38257   -10.41976     4.23488
    34  C   4.0  -0.074   3.188     4.80860    -8.83447     0.46128
    35  C   4.0  -0.075   3.233     5.19505    -8.67554    -2.11687
    36  C   4.0  -0.103   3.476     3.54361    -5.15064    -6.51710
    37  S   6.0   0.233   2.712     2.25652    -4.27362    -3.64906
    38  C   4.0  -0.087   3.344     2.13142    -1.11154    -4.62359
    39  C   4.0   0.071   3.465     2.91415    -0.77346    -7.08968
    40  N   5.0  -0.303   3.231     2.60177     1.50951    -8.41155
    41  C   4.0   0.085   3.267     4.67594     3.01751    -9.11056
    42  C   4.0  -0.072   3.199     6.99954     2.01483    -9.80787
    43  C   4.0  -0.074   3.190     8.95730     3.59275   -10.52558
    44  C   4.0   0.008   3.152     8.68802     6.19849   -10.50782
    45  C   4.0  -0.252   4.051    10.80848     7.91323   -11.26749
    46  C   4.0  -0.073   3.186     6.37234     7.19513    -9.75722
    47  C   4.0  -0.070   3.204     4.39569     5.64008    -9.08372
    48  C   4.0   0.085   3.273     0.20636     1.99990    -9.44655
    49  C   4.0  -0.070   3.194    -2.00160     1.14650    -8.29703
    50  C   4.0  -0.073   3.184    -4.33635     1.63972    -9.36303
    51  C   4.0   0.008   3.149    -4.56085     2.98350   -11.60065
    52  C   4.0  -0.252   4.050    -7.08515     3.51017   -12.77020
    53  C   4.0  -0.073   3.184    -2.34950     3.79325   -12.76774
    54  C   4.0  -0.069   3.197    -0.01039     3.30362   -11.73104
    55  C   4.0  -0.107   3.466     3.74544    -3.09046    -8.13792
    56  S   6.0   0.222   2.551     4.86888    -3.97504   -11.06548
    57  C   4.0  -0.084   3.337     1.24363     0.68503    -2.79509
    58  C   4.0   0.079   3.482     2.38653     2.85500    -1.89521
    59  N   5.0  -0.316   3.241     4.72526     3.78474    -2.60423
    60  C   4.0   0.082   3.306     5.02762     6.41789    -2.59384
    61  C   4.0  -0.068   3.192     7.21441     7.55701    -1.66107
    62  C   4.0  -0.086   3.264     7.43928    10.14745    -1.65502
    63  C   4.0  -0.086   3.155     5.48701    11.66962    -2.55699
    64  S   6.0   0.187   2.248     5.99591    14.96436    -2.42565
    65  C   4.0  -0.323   3.987     3.18891    16.29851    -3.87999
    66  C   4.0  -0.083   3.222     3.29663    10.54788    -3.46066
    67  C   4.0  -0.072   3.226     3.07704     7.94743    -3.47710
    68  C   4.0   0.087   3.272     6.77448     2.15712    -3.01581
    69  C   4.0  -0.071   3.213     6.87841    -0.22563    -1.90031
    70  C   4.0  -0.083   3.222     8.84014    -1.87064    -2.41790
    71  C   4.0  -0.086   3.153    10.79052    -1.13629    -4.00886
    72  S   6.0   0.190   2.251    13.39589    -3.04246    -4.83959
    73  C   4.0  -0.323   3.989    12.74356    -6.09285    -3.41662
    74  C   4.0  -0.087   3.273    10.76029     1.29446    -5.02100
    75  C   4.0  -0.069   3.209     8.77759     2.90999    -4.55462
    76  C   4.0  -0.105   3.481     0.93296     3.93044     0.09052
    77  S   6.0   0.228   2.610     1.25194     6.59533     1.93999
    78  C   4.0  -0.082   3.306    -1.39329     5.70527     3.77851
    79  C   4.0   0.080   3.470    -2.51825     3.49599     2.89298
    80  N   5.0  -0.317   3.249    -4.66195     2.29828     3.78474
    81  C   4.0   0.078   3.330    -4.70409    -0.35224     3.59180
    82  C   4.0  -0.072   3.225    -2.58533    -1.74875     4.30045
    83  C   4.0  -0.084   3.241    -2.50578    -4.32086     3.87904
    84  C   4.0  -0.083   3.167    -4.55537    -5.51724     2.77091
    85  S   6.0   0.186   2.250    -4.36583    -8.79308     2.02427
    86  C   4.0  -0.323   3.994    -4.51248    -8.52512    -1.40048
    87  C   4.0  -0.083   3.237    -6.72969    -4.16458     2.20380
    88  C   4.0  -0.068   3.195    -6.80566    -1.58964     2.60083
    89  C   4.0   0.083   3.317    -6.72875     3.57895     4.80992
    90  C   4.0  -0.069   3.210    -8.12809     2.46836     6.75369
    91  C   4.0  -0.086   3.271    -9.98701     3.82027     7.96368
    92  C   4.0  -0.086   3.162   -10.48496     6.31490     7.28168
    93  S   6.0   0.197   2.275   -12.69083     7.96047     9.16687
    94  C   4.0  -0.323   3.992   -12.29890    11.23026     8.20935
    95  C   4.0  -0.083   3.228    -9.22470     7.36558     5.23435
    96  C   4.0  -0.072   3.221    -7.37825     5.99705     3.99715
    97  C   4.0  -0.104   3.489    -1.15632     2.52845     0.79255
    98  S   6.0   0.229   2.687    -1.49647    -0.11830    -1.08924
    99  C   4.0  -0.093   3.294    -2.06188     7.30644     5.82262
   100  C   4.0  -0.086   3.362    -1.50214     9.86645     5.95377
   101  C   4.0   0.061   3.414    -2.57437    11.02995     8.04872
   102  O   6.0  -0.136   2.065    -2.55756    13.48301     8.67800
   103  C   4.0  -0.113   4.065    -1.21302    15.21721     7.13768
   104  C   4.0  -0.239   4.007     1.63064    15.11082     7.58404
   105  C   4.0  -0.078   3.211    -3.98033     9.33921     9.58110
   106  S   6.0   0.236   2.880    -3.68024     6.25140     8.46597
   107  C   4.0  -0.072   3.207    -5.64121    10.19129    11.43284
   108  C   4.0  -0.005   3.296    -7.31702     8.81916    12.87999
   109  C   4.0   0.101   3.255    -7.31154     6.06848    13.10393
   110  O   6.0  -0.124   1.260    -5.87724     4.57748    12.07667
   111  C   4.0  -0.007   3.344    -9.34337     5.42956    14.89199
   112  C   4.0  -0.067   3.189   -10.10833     3.11030    15.71421
   113  C   4.0  -0.006   3.254   -12.13374     2.94930    17.44746
   114  C   4.0  -0.072   3.180   -13.00528     0.60396    18.35907
   115  C   4.0  -0.072   3.157   -14.96096     0.47281    20.04319
   116  C   4.0   0.023   3.156   -16.09914     2.71950    20.85785
   117  F   7.0  -0.026   1.065   -18.02194     2.55434    22.51684
   118  C   4.0  -0.072   3.198   -15.32832     5.04311    20.03110
   119  C   4.0  -0.005   3.261   -13.31822     5.21281    18.29633
   120  C   4.0  -0.068   3.197   -12.48466     7.59179    17.40097
   121  C   4.0  -0.007   3.345   -10.52729     7.69950    15.71628
   122  C   4.0  -0.009   3.331    -9.30973     9.82790    14.44280
   123  C   4.0  -0.038   3.123   -10.07262    12.30382    14.61023
   124  C   4.0   0.235   2.164   -12.07440    13.14871    16.14846
   125  N   5.0  -0.214   1.027   -13.68086    13.97433    17.35279
   126  C   4.0   0.234   2.163    -9.05670    14.32885    13.21296
   127  N   5.0  -0.214   1.028    -8.39360    16.06928    12.09387
   128  H   1.0   0.075   1.011     6.63596    -8.21596   -13.59129
   129  H   1.0   0.076   1.007    12.15510   -13.84564    -4.81389
   130  H   1.0   0.077   1.007    11.51259   -17.67291   -13.38814
   131  H   1.0   0.077   1.007     5.90105   -14.10416    -5.03253
   132  H   1.0   0.075   1.005     5.78237   -18.07731    -7.42492
   133  H   1.0   0.082   1.000     4.20918   -20.55644   -10.85421
   134  H   1.0   0.081   0.999     1.66901   -19.36421   -12.67874
   135  H   1.0   0.081   1.000     4.80198   -18.78671   -13.61566
   136  H   1.0   0.075   1.006     1.31582   -14.51480   -13.11489
   137  H   1.0   0.076   1.006     1.45112   -10.54278   -10.75802
   138  H   1.0   0.076   1.006     0.31653   -12.30249    -4.08105
   139  H   1.0   0.075   1.007    -0.32617   -12.59294     0.52383
   140  H   1.0   0.081   1.001     0.37643   -10.25894     4.65950
   141  H   1.0   0.080   0.999     3.02073   -12.25393     4.92122
   142  H   1.0   0.082   1.000     3.41455    -8.96089     5.24890
   143  H   1.0   0.075   1.005     6.08983    -7.87335     1.72778
   144  H   1.0   0.078   1.008     6.78223    -7.65433    -2.88448
   145  H   1.0   0.077   1.015     7.30322     0.00283    -9.80919
   146  H   1.0   0.075   1.005    10.73043     2.76278   -11.10346
   147  H   1.0   0.080   0.999    10.34455     8.89192   -13.01927
   148  H   1.0   0.082   1.000    12.54324     6.85252   -11.55624
   149  H   1.0   0.081   0.999    11.13597     9.33997    -9.82034
   150  H   1.0   0.075   1.005     6.12007     9.22111    -9.69770
   151  H   1.0   0.077   1.007     2.60215     6.44661    -8.54383
   152  H   1.0   0.077   1.010    -1.92374     0.07861    -6.56321
   153  H   1.0   0.074   1.005    -6.01462     0.95904    -8.41797
   154  H   1.0   0.082   1.000    -8.60846     3.04586   -11.47215
   155  H   1.0   0.080   0.999    -7.32458     2.38691   -14.48040
   156  H   1.0   0.081   0.999    -7.24256     5.49306   -13.29630
   157  H   1.0   0.075   1.005    -2.46080     4.80614   -14.53728
   158  H   1.0   0.077   1.007     1.67279     3.91570   -12.70690
   159  H   1.0   0.076   1.006     8.72430     6.40107    -0.92426
   160  H   1.0   0.076   1.008     9.12775    11.03128    -0.92937
   161  H   1.0   0.079   1.010     1.52841    15.84403    -2.76221
   162  H   1.0   0.080   1.010     3.00353    15.61386    -5.80562
   163  H   1.0   0.079   1.015     3.48560    18.32826    -3.88906
   164  H   1.0   0.076   1.007     1.74667    11.66792    -4.16288
   165  H   1.0   0.077   1.008     1.36514     7.08685    -4.18140
   166  H   1.0   0.077   1.009     5.42446    -0.81013    -0.59318
   167  H   1.0   0.076   1.008     8.82937    -3.71123    -1.54485
   168  H   1.0   0.080   1.011    11.11329    -6.96137    -4.31235
   169  H   1.0   0.079   1.016    14.41256    -7.22688    -3.79117
   170  H   1.0   0.080   1.010    12.49128    -5.88952    -1.39046
   171  H   1.0   0.076   1.009    12.30344     1.89029    -6.21153
   172  H   1.0   0.078   1.009     8.76379     4.76457    -5.39725
   173  H   1.0   0.076   1.007    -0.98946    -0.79123     5.13835
   174  H   1.0   0.076   1.008    -0.85000    -5.40273     4.37056
   175  H   1.0   0.080   1.014    -4.48734   -10.43526    -2.14257
   176  H   1.0   0.080   1.012    -2.86823    -7.48464    -2.05734
   177  H   1.0   0.080   1.011    -6.24498    -7.57534    -1.95095
   178  H   1.0   0.075   1.007    -8.34900    -5.12305     1.41540
   179  H   1.0   0.076   1.006    -8.46975    -0.51476     2.11215
   180  H   1.0   0.077   1.007    -7.67663     0.57882     7.37012
   181  H   1.0   0.076   1.009   -11.02447     2.99030     9.51061
   182  H   1.0   0.080   1.011   -10.32282    11.76902     8.36147
   183  H   1.0   0.080   1.015   -13.42688    12.33500     9.52025
   184  H   1.0   0.080   1.010   -13.00396    11.50295     6.30129
   185  H   1.0   0.076   1.007    -9.64365     9.25531     4.59865
   186  H   1.0   0.076   1.007    -6.38142     6.84100     2.42886
   187  H   1.0   0.079   1.008    -0.43709    10.80829     4.50095
   188  H   1.0   0.081   1.001    -1.95322    17.06271     7.69515
   189  H   1.0   0.079   1.000    -1.66069    14.89350     5.14081
   190  H   1.0   0.081   0.999     2.03750    15.46098     9.56655
   191  H   1.0   0.081   0.999     2.55869    16.54739     6.44907
   192  H   1.0   0.081   0.999     2.39031    13.27041     7.07589
   193  H   1.0   0.076   1.012    -5.63441    12.22861    11.64260
   194  H   1.0   0.075   1.005    -9.18180     1.41692    15.05110
   195  H   1.0   0.075   1.005   -12.09614    -1.10152    17.70409
   196  H   1.0   0.075   1.004   -15.64939    -1.30637    20.76053
   197  H   1.0   0.076   1.005   -16.25164     6.73404    20.69779
   198  H   1.0   0.077   1.007   -13.42329     9.26741    18.08033
 
  Z AO/shell   Hii/eV     exponent
  1     Sat Feb 20 21:38:01 CET 2016    EN: 2.327 GAM: 0.473  GM3: 0.0000
     1s    -13.751157    1.051071
  6     Sat Feb 20 21:38:01 CET 2016    EN: 2.731 GAM: 0.422  GM3: 0.0000
     2s    -19.378245    2.021003
     2p    -11.993376    1.497917
  7     Sat Feb 20 21:38:01 CET 2016    EN: 3.573 GAM: 0.504  GM3: 0.0000
     2s    -21.576984    2.275442
     2p    -16.125120    2.056788
  8     Sat Feb 20 21:38:01 CET 2016    EN: 3.700 GAM: 0.587  GM3: 0.0000
     2s    -21.648843    2.110798
     2p    -17.239740    2.329048
  9     Sat Feb 20 21:51:24 CET 2016    EN: 3.394 GAM: 0.669  GM3: 0.0000
     2s    -19.384211    2.614957
     2p    -19.426034    2.777297
 16     Sat Feb 20 23:13:41 CET 2016    EN: 1.915 GAM: 0.389  GM3: 0.0000
     3s    -22.000000    2.671470
     3p    -15.834192    1.836978
     3d     -2.593599    1.836978
 17     Sat Feb 20 23:13:41 CET 2016    EN: 2.375 GAM: 0.431  GM3: 0.0000
     3s    -21.000000    2.596786
     3p    -17.375270    2.088291
     3d     -1.372943    2.088291
 
 dipole moment of classical point charges (au)
     X       Y       Z   
   0.5839  -0.7668   0.3344  total (Debye):    2.593

 
 Nbf   :          639
 T(el) :   300.0
 calculating S/T integrals ...
 cpu time for ints    1.06914700000000     
 Nao   :          629
 making H0...
 making H1...
 cpu time for H      0.303044000000000     
 solving ...
 cpu time for diag    2.33283500000000     
 
 gap (eV)           :   2.281
 Koopmans IP (eV)   :  12.048
 Eel (Eh)           :  -483.878056
 T,E(Fermi),NFOD :    300.000   -10.907  0.000000
 T,E(Fermi),NFOD :    300.000   -10.907  0.000000
 Nfod               :  0.0000
 Nfod/Nel           :  0.0000

          eigenvalues
 #    :         298        299        300        301        302        303        304        305
 occ. :        2.000      2.000      2.000      2.000      2.000      2.000      2.000      2.000
 eps  :       -14.425    -14.334    -14.198    -14.135    -14.119    -13.852    -13.709    -13.152
 #    :         306        307        308        309        310        311        312        313
 occ. :        2.000      2.000      2.000      2.000      2.000      0.000      0.000      0.000
 eps  :       -13.134    -12.859    -12.566    -12.464    -12.049     -9.768     -9.565     -9.377
 #    :         314        315        316        317        318        319        320        321
 occ. :        0.000      0.000      0.000      0.000      0.000      0.000      0.000      0.000
 eps  :        -9.293     -9.195     -9.117     -8.344     -7.955     -7.658     -7.570     -7.362
                            1  SCC done.
 making H1...
 cpu time for H       2.46218700000000     
 solving ...
 cpu time for diag   0.246835000000000     
 
 gap (eV)           :   2.294
 Koopmans IP (eV)   :  12.308
 Eel (Eh)           :  -485.020753
 T,E(Fermi),NFOD :    300.000   -11.161  0.000000
 T,E(Fermi),NFOD :    300.000   -11.161  0.000000
 Nfod               :  0.0000
 Nfod/Nel           :  0.0000

          eigenvalues
 #    :         298        299        300        301        302        303        304        305
 occ. :        2.000      2.000      2.000      2.000      2.000      2.000      2.000      2.000
 eps  :       -14.220    -14.199    -14.105    -13.966    -13.941    -13.834    -13.608    -13.399
 #    :         306        307        308        309        310        311        312        313
 occ. :        2.000      2.000      2.000      2.000      2.000      0.000      0.000      0.000
 eps  :       -13.190    -12.890    -12.690    -12.578    -12.309    -10.015     -9.790     -9.459
 #    :         314        315        316        317        318        319        320        321
 occ. :        0.000      0.000      0.000      0.000      0.000      0.000      0.000      0.000
 eps  :        -9.347     -9.304     -9.057     -8.577     -8.167     -7.628     -7.448     -7.357
                            2  SCC done.
 
 
 Mulliken/CM5 charges    n(s)   n(p)   n(d)   
    1 C   0.0079 -0.0382   1.155  2.837  0.000
    2 C  -0.0398 -0.0410   1.170  2.870  0.000
    3 C   0.1295  0.1647   1.175  2.695  0.000
    4 O  -0.2577 -0.3137   1.626  4.632  0.000
    5 C  -0.0304 -0.0326   1.188  2.842  0.000
    6 C  -0.0257 -0.0748   1.145  2.881  0.000
    7 C   0.0705  0.0682   1.146  2.783  0.000
    8 CL -0.0306 -0.0308   1.897  5.131  0.002
    9 C   0.0943  0.1092   1.165  2.740  0.000
   10 F  -0.1201 -0.1440   1.678  5.442  0.000
   11 C  -0.0216 -0.0690   1.142  2.879  0.000
   12 C  -0.0043 -0.0076   1.167  2.838  0.000
   13 C   0.0150  0.0144   1.195  2.790  0.000
   14 C  -0.0004  0.0058   1.112  2.889  0.000
   15 C   0.0919  0.2102   1.172  2.736  0.000
   16 N  -0.2171 -0.3480   1.642  3.575  0.000
   17 C   0.0937  0.2123   1.172  2.734  0.000
   18 N  -0.2214 -0.3513   1.642  3.579  0.000
   19 C  -0.0219 -0.0091   1.161  2.861  0.000
   20 C   0.0626  0.1352   1.180  2.758  0.000
   21 N  -0.0818 -0.3285   1.228  3.854  0.000
   22 C   0.0499  0.1054   1.173  2.777  0.000
   23 C  -0.0350 -0.0830   1.140  2.895  0.000
   24 C  -0.0470 -0.1011   1.138  2.909  0.000
   25 C   0.0039 -0.0142   1.178  2.818  0.000
   26 C  -0.0828 -0.2283   1.079  3.004  0.000
   27 C  -0.0404 -0.0943   1.138  2.903  0.000
   28 C  -0.0395 -0.0877   1.139  2.901  0.000
   29 C   0.0485  0.1029   1.175  2.777  0.000
   30 C  -0.0386 -0.0872   1.139  2.900  0.000
   31 C  -0.0412 -0.0957   1.137  2.904  0.000
   32 C   0.0054 -0.0128   1.177  2.817  0.000
   33 C  -0.0845 -0.2303   1.080  3.005  0.000
   34 C  -0.0452 -0.0991   1.138  2.907  0.000
   35 C  -0.0374 -0.0852   1.141  2.897  0.000
   36 C  -0.0480 -0.0281   1.165  2.883  0.000
   37 S   0.1151  0.0786   1.893  3.942  0.050
   38 C  -0.0259 -0.0084   1.186  2.840  0.000
   39 C   0.0338  0.0980   1.166  2.800  0.000
   40 N  -0.1402 -0.3767   1.232  3.908  0.000
   41 C   0.0449  0.0996   1.175  2.780  0.000
   42 C  -0.0468 -0.0960   1.139  2.907  0.000
   43 C  -0.0444 -0.0998   1.138  2.906  0.000
   44 C  -0.0019 -0.0207   1.177  2.825  0.000
   45 C  -0.0834 -0.2290   1.079  3.004  0.000
   46 C  -0.0468 -0.1015   1.137  2.910  0.000
   47 C  -0.0443 -0.0937   1.138  2.906  0.000
   48 C   0.0412  0.0968   1.177  2.782  0.000
   49 C  -0.0588 -0.1071   1.137  2.922  0.000
   50 C  -0.0489 -0.1030   1.138  2.911  0.000
   51 C  -0.0051 -0.0232   1.175  2.830  0.000
   52 C  -0.0832 -0.2287   1.079  3.004  0.000
   53 C  -0.0456 -0.0997   1.137  2.909  0.000
   54 C  -0.0453 -0.0941   1.137  2.908  0.000
   55 C  -0.0407 -0.0219   1.179  2.861  0.000
   56 S   0.1099  0.0735   1.891  3.953  0.046
   57 C  -0.0469 -0.0296   1.173  2.874  0.000
   58 C   0.0339  0.1013   1.169  2.797  0.000
   59 N  -0.1145 -0.3569   1.227  3.887  0.000
   60 C   0.0406  0.0965   1.172  2.787  0.000
   61 C  -0.0390 -0.0880   1.139  2.900  0.000
   62 C  -0.0407 -0.0923   1.132  2.908  0.000
   63 C  -0.0102 -0.0058   1.166  2.845  0.000
   64 S  -0.0284 -0.0721   1.891  4.111  0.027
   65 C  -0.0736 -0.2085   1.072  3.001  0.000
   66 C  -0.0545 -0.1075   1.133  2.922  0.000
   67 C  -0.0491 -0.0971   1.140  2.909  0.000
   68 C   0.0370  0.0932   1.172  2.791  0.000
   69 C  -0.0590 -0.1068   1.139  2.920  0.000
   70 C  -0.0560 -0.1090   1.134  2.923  0.000
   71 C  -0.0116 -0.0072   1.165  2.846  0.000
   72 S  -0.0307 -0.0746   1.890  4.114  0.028
   73 C  -0.0792 -0.2139   1.075  3.004  0.000
   74 C  -0.0432 -0.0953   1.133  2.910  0.000
   75 C  -0.0440 -0.0931   1.139  2.905  0.000
   76 C  -0.0549 -0.0352   1.169  2.886  0.000
   77 S   0.0967  0.0616   1.893  3.960  0.050
   78 C  -0.0347 -0.0183   1.165  2.870  0.000
   79 C   0.0303  0.0982   1.173  2.796  0.000
   80 N  -0.1071 -0.3499   1.225  3.882  0.000
   81 C   0.0587  0.1142   1.178  2.764  0.000
   82 C  -0.0391 -0.0863   1.141  2.898  0.000
   83 C  -0.0262 -0.0779   1.143  2.883  0.000
   84 C  -0.0130 -0.0095   1.166  2.847  0.000
   85 S  -0.0710 -0.1164   1.897  4.146  0.028
   86 C  -0.0841 -0.2187   1.080  3.004  0.000
   87 C  -0.0284 -0.0806   1.143  2.886  0.000
   88 C  -0.0355 -0.0838   1.139  2.896  0.000
   89 C   0.0413  0.0991   1.172  2.787  0.000
   90 C  -0.0326 -0.0803   1.137  2.896  0.000
   91 C  -0.0311 -0.0822   1.132  2.899  0.000
   92 C  -0.0072 -0.0025   1.165  2.842  0.000
   93 S  -0.0267 -0.0712   1.891  4.109  0.027
   94 C  -0.0764 -0.2109   1.075  3.002  0.000
   95 C  -0.0538 -0.1064   1.133  2.920  0.000
   96 C  -0.0541 -0.1016   1.139  2.915  0.000
   97 C  -0.0509 -0.0310   1.166  2.885  0.000
   98 S   0.1040  0.0692   1.894  3.951  0.051
   99 C  -0.0344 -0.0227   1.191  2.843  0.000
  100 C  -0.0750 -0.1226   1.133  2.942  0.000
  101 C   0.0641  0.0858   1.166  2.770  0.000
  102 O  -0.1203 -0.2103   1.461  4.659  0.000
  103 C   0.0492 -0.0346   1.133  2.818  0.000
  104 C  -0.0828 -0.2326   1.091  2.992  0.000
  105 C  -0.0247 -0.0134   1.161  2.864  0.000
  106 S   0.1303  0.0990   1.893  3.912  0.065
  107 C   0.0031 -0.0433   1.153  2.844  0.000
  108 C  -0.0346 -0.0362   1.165  2.869  0.000
  109 C   0.1307  0.1656   1.175  2.695  0.000
  110 O  -0.2380 -0.2861   1.621  4.617  0.000
  111 C  -0.0185 -0.0207   1.180  2.839  0.000
  112 C  -0.0215 -0.0713   1.150  2.872  0.000
  113 C   0.0040 -0.0032   1.164  2.832  0.000
  114 C  -0.0285 -0.0819   1.140  2.888  0.000
  115 C  -0.0197 -0.0712   1.132  2.888  0.000
  116 C   0.0951  0.1062   1.165  2.740  0.000
  117 F  -0.1321 -0.1560   1.680  5.452  0.000
  118 C  -0.0296 -0.0783   1.135  2.895  0.000
  119 C   0.0144  0.0072   1.164  2.822  0.000
  120 C  -0.0265 -0.0763   1.150  2.876  0.000
  121 C  -0.0026 -0.0060   1.168  2.835  0.000
  122 C   0.0203  0.0197   1.195  2.784  0.000
  123 C  -0.0105 -0.0045   1.112  2.898  0.000
  124 C   0.0931  0.2118   1.172  2.735  0.000
  125 N  -0.2227 -0.3525   1.642  3.580  0.000
  126 C   0.0965  0.2137   1.173  2.730  0.000
  127 N  -0.2316 -0.3626   1.643  3.589  0.000
  128 H   0.0653  0.1300   0.935  0.000  0.000
  129 H   0.0558  0.1155   0.944  0.000  0.000
  130 H   0.0581  0.1223   0.942  0.000  0.000
  131 H   0.0439  0.1082   0.956  0.000  0.000
  132 H   0.0403  0.0983   0.960  0.000  0.000
  133 H   0.0396  0.0927   0.960  0.000  0.000
  134 H   0.0428  0.0955   0.957  0.000  0.000
  135 H   0.0466  0.1013   0.953  0.000  0.000
  136 H   0.0442  0.1029   0.956  0.000  0.000
  137 H   0.0414  0.1037   0.959  0.000  0.000
  138 H   0.0402  0.1018   0.960  0.000  0.000
  139 H   0.0423  0.1011   0.958  0.000  0.000
  140 H   0.0446  0.0986   0.955  0.000  0.000
  141 H   0.0425  0.0949   0.957  0.000  0.000
  142 H   0.0384  0.0914   0.962  0.000  0.000
  143 H   0.0389  0.0965   0.961  0.000  0.000
  144 H   0.0463  0.1129   0.954  0.000  0.000
  145 H   0.0409  0.1066   0.959  0.000  0.000
  146 H   0.0400  0.0978   0.960  0.000  0.000
  147 H   0.0417  0.0940   0.958  0.000  0.000
  148 H   0.0397  0.0927   0.960  0.000  0.000
  149 H   0.0412  0.0937   0.959  0.000  0.000
  150 H   0.0378  0.0954   0.962  0.000  0.000
  151 H   0.0402  0.1035   0.960  0.000  0.000
  152 H   0.0373  0.1026   0.963  0.000  0.000
  153 H   0.0382  0.0955   0.962  0.000  0.000
  154 H   0.0387  0.0916   0.961  0.000  0.000
  155 H   0.0428  0.0950   0.957  0.000  0.000
  156 H   0.0410  0.0935   0.959  0.000  0.000
  157 H   0.0386  0.0961   0.961  0.000  0.000
  158 H   0.0419  0.1048   0.958  0.000  0.000
  159 H   0.0434  0.1051   0.957  0.000  0.000
  160 H   0.0453  0.1039   0.955  0.000  0.000
  161 H   0.0461  0.0998   0.954  0.000  0.000
  162 H   0.0478  0.1015   0.952  0.000  0.000
  163 H   0.0566  0.1104   0.943  0.000  0.000
  164 H   0.0444  0.1036   0.956  0.000  0.000
  165 H   0.0402  0.1035   0.960  0.000  0.000
  166 H   0.0383  0.1026   0.962  0.000  0.000
  167 H   0.0462  0.1059   0.954  0.000  0.000
  168 H   0.0539  0.1151   0.946  0.000  0.000
  169 H   0.0543  0.1084   0.946  0.000  0.000
  170 H   0.0454  0.0994   0.955  0.000  0.000
  171 H   0.0455  0.1049   0.955  0.000  0.000
  172 H   0.0466  0.1125   0.953  0.000  0.000
  173 H   0.0403  0.1023   0.960  0.000  0.000
  174 H   0.0479  0.1067   0.952  0.000  0.000
  175 H   0.0527  0.1069   0.947  0.000  0.000
  176 H   0.0432  0.0983   0.957  0.000  0.000
  177 H   0.0447  0.0989   0.955  0.000  0.000
  178 H   0.0475  0.1059   0.952  0.000  0.000
  179 H   0.0415  0.1027   0.959  0.000  0.000
  180 H   0.0428  0.1055   0.957  0.000  0.000
  181 H   0.0467  0.1068   0.953  0.000  0.000
  182 H   0.0482  0.1045   0.952  0.000  0.000
  183 H   0.0572  0.1120   0.943  0.000  0.000
  184 H   0.0463  0.0999   0.954  0.000  0.000
  185 H   0.0446  0.1038   0.955  0.000  0.000
  186 H   0.0357  0.0980   0.964  0.000  0.000
  187 H   0.0514  0.1133   0.949  0.000  0.000
  188 H   0.0465  0.1108   0.953  0.000  0.000
  189 H   0.0403  0.1035   0.960  0.000  0.000
  190 H   0.0331  0.0872   0.967  0.000  0.000
  191 H   0.0413  0.0935   0.959  0.000  0.000
  192 H   0.0313  0.0860   0.969  0.000  0.000
  193 H   0.0619  0.1339   0.938  0.000  0.000
  194 H   0.0500  0.1094   0.950  0.000  0.000
  195 H   0.0488  0.1063   0.951  0.000  0.000
  196 H   0.0469  0.1046   0.953  0.000  0.000
  197 H   0.0447  0.1033   0.955  0.000  0.000
  198 H   0.0526  0.1174   0.947  0.000  0.000
 Hirshfeld charges for QMDFF written to <charges>
 
 Loewdin charges    n(s)   n(p)   n(d)
    1 C   0.0166   1.101  2.882  0.000
    2 C  -0.0490   1.133  2.916  0.000
    3 C   0.1215   1.141  2.738  0.000
    4 O  -0.2421   1.595  4.647  0.000
    5 C  -0.0324   1.148  2.885  0.000
    6 C  -0.0234   1.093  2.931  0.000
    7 C   0.0868   1.103  2.810  0.000
    8 CL -0.0409   1.887  5.130  0.024
    9 C   0.0834   1.132  2.785  0.000
   10 F  -0.1025   1.661  5.441  0.000
   11 C  -0.0212   1.090  2.931  0.000
   12 C  -0.0012   1.124  2.877  0.000
   13 C   0.0262   1.150  2.823  0.000
   14 C  -0.0135   1.071  2.942  0.000
   15 C   0.0865   1.138  2.776  0.000
   16 N  -0.2064   1.604  3.602  0.000
   17 C   0.0881   1.138  2.774  0.000
   18 N  -0.2106   1.604  3.606  0.000
   19 C  -0.0052   1.118  2.887  0.000
   20 C   0.0531   1.148  2.799  0.000
   21 N  -0.0405   1.186  3.855  0.000
   22 C   0.0469   1.137  2.816  0.000
   23 C  -0.0318   1.087  2.945  0.000
   24 C  -0.0421   1.085  2.957  0.000
   25 C   0.0133   1.134  2.853  0.000
   26 C  -0.0847   1.004  3.080  0.000
   27 C  -0.0353   1.084  2.951  0.000
   28 C  -0.0360   1.086  2.950  0.000
   29 C   0.0459   1.138  2.816  0.000
   30 C  -0.0351   1.086  2.949  0.000
   31 C  -0.0365   1.084  2.953  0.000
   32 C   0.0146   1.133  2.852  0.000
   33 C  -0.0867   1.006  3.081  0.000
   34 C  -0.0404   1.085  2.956  0.000
   35 C  -0.0345   1.088  2.946  0.000
   36 C  -0.0302   1.123  2.908  0.000
   37 S   0.0761   1.881  3.940  0.104
   38 C  -0.0045   1.142  2.862  0.000
   39 C   0.0199   1.136  2.845  0.000
   40 N  -0.1031   1.192  3.911  0.000
   41 C   0.0423   1.138  2.820  0.000
   42 C  -0.0450   1.087  2.958  0.000
   43 C  -0.0397   1.085  2.955  0.000
   44 C   0.0071   1.132  2.861  0.000
   45 C  -0.0852   1.005  3.081  0.000
   46 C  -0.0417   1.083  2.958  0.000
   47 C  -0.0418   1.086  2.956  0.000
   48 C   0.0389   1.140  2.821  0.000
   49 C  -0.0571   1.085  2.972  0.000
   50 C  -0.0439   1.084  2.959  0.000
   51 C   0.0033   1.131  2.865  0.000
   52 C  -0.0849   1.005  3.080  0.000
   53 C  -0.0403   1.083  2.957  0.000
   54 C  -0.0432   1.085  2.958  0.000
   55 C  -0.0166   1.135  2.882  0.000
   56 S   0.0706   1.878  3.951  0.100
   57 C  -0.0303   1.131  2.899  0.000
   58 C   0.0219   1.138  2.841  0.000
   59 N  -0.0750   1.185  3.889  0.000
   60 C   0.0371   1.136  2.827  0.000
   61 C  -0.0359   1.086  2.950  0.000
   62 C  -0.0362   1.080  2.957  0.000
   63 C   0.0185   1.117  2.865  0.000
   64 S  -0.0672   1.878  4.108  0.081
   65 C  -0.0509   0.994  3.057  0.000
   66 C  -0.0517   1.080  2.971  0.000
   67 C  -0.0456   1.088  2.958  0.000
   68 C   0.0334   1.135  2.831  0.000
   69 C  -0.0560   1.087  2.969  0.000
   70 C  -0.0534   1.081  2.972  0.000
   71 C   0.0170   1.117  2.866  0.000
   72 S  -0.0695   1.877  4.110  0.082
   73 C  -0.0576   0.997  3.060  0.000
   74 C  -0.0387   1.080  2.958  0.000
   75 C  -0.0417   1.086  2.955  0.000
   76 C  -0.0333   1.126  2.908  0.000
   77 S   0.0580   1.880  3.958  0.104
   78 C  -0.0201   1.123  2.897  0.000
   79 C   0.0201   1.141  2.838  0.000
   80 N  -0.0674   1.184  3.883  0.000
   81 C   0.0569   1.141  2.802  0.000
   82 C  -0.0356   1.089  2.947  0.000
   83 C  -0.0212   1.090  2.931  0.000
   84 C   0.0140   1.118  2.868  0.000
   85 S  -0.1095   1.885  4.143  0.081
   86 C  -0.0628   1.002  3.060  0.000
   87 C  -0.0230   1.089  2.934  0.000
   88 C  -0.0326   1.087  2.946  0.000
   89 C   0.0380   1.136  2.826  0.000
   90 C  -0.0301   1.085  2.945  0.000
   91 C  -0.0271   1.080  2.947  0.000
   92 C   0.0211   1.117  2.862  0.000
   93 S  -0.0651   1.879  4.106  0.081
   94 C  -0.0540   0.996  3.058  0.000
   95 C  -0.0507   1.081  2.970  0.000
   96 C  -0.0506   1.087  2.964  0.000
   97 C  -0.0315   1.124  2.908  0.000
   98 S   0.0659   1.882  3.948  0.104
   99 C  -0.0049   1.143  2.862  0.000
  100 C  -0.0804   1.085  2.996  0.000
  101 C   0.0559   1.132  2.812  0.000
  102 O  -0.0813   1.422  4.659  0.000
  103 C   0.0451   1.077  2.878  0.000
  104 C  -0.0851   1.018  3.067  0.000
  105 C  -0.0091   1.118  2.891  0.000
  106 S   0.0855   1.880  3.912  0.123
  107 C   0.0109   1.099  2.890  0.000
  108 C  -0.0438   1.128  2.916  0.000
  109 C   0.1223   1.140  2.738  0.000
  110 O  -0.2190   1.590  4.629  0.000
  111 C  -0.0212   1.140  2.881  0.000
  112 C  -0.0159   1.097  2.919  0.000
  113 C   0.0078   1.120  2.872  0.000
  114 C  -0.0215   1.086  2.935  0.000
  115 C  -0.0168   1.079  2.938  0.000
  116 C   0.0908   1.128  2.782  0.000
  117 F  -0.1144   1.663  5.451  0.000
  118 C  -0.0312   1.083  2.948  0.000
  119 C   0.0212   1.119  2.859  0.000
  120 C  -0.0240   1.098  2.926  0.000
  121 C   0.0001   1.125  2.874  0.000
  122 C   0.0315   1.151  2.817  0.000
  123 C  -0.0234   1.071  2.952  0.000
  124 C   0.0877   1.138  2.774  0.000
  125 N  -0.2120   1.604  3.608  0.000
  126 C   0.0914   1.139  2.770  0.000
  127 N  -0.2206   1.605  3.616  0.000
  128 H   0.0541   0.946  0.000  0.000
  129 H   0.0453   0.955  0.000  0.000
  130 H   0.0469   0.953  0.000  0.000
  131 H   0.0353   0.965  0.000  0.000
  132 H   0.0329   0.967  0.000  0.000
  133 H   0.0389   0.961  0.000  0.000
  134 H   0.0417   0.958  0.000  0.000
  135 H   0.0451   0.955  0.000  0.000
  136 H   0.0359   0.964  0.000  0.000
  137 H   0.0331   0.967  0.000  0.000
  138 H   0.0322   0.968  0.000  0.000
  139 H   0.0348   0.965  0.000  0.000
  140 H   0.0437   0.956  0.000  0.000
  141 H   0.0416   0.958  0.000  0.000
  142 H   0.0380   0.962  0.000  0.000
  143 H   0.0317   0.968  0.000  0.000
  144 H   0.0384   0.962  0.000  0.000
  145 H   0.0338   0.966  0.000  0.000
  146 H   0.0328   0.967  0.000  0.000
  147 H   0.0408   0.959  0.000  0.000
  148 H   0.0389   0.961  0.000  0.000
  149 H   0.0404   0.960  0.000  0.000
  150 H   0.0305   0.970  0.000  0.000
  151 H   0.0329   0.967  0.000  0.000
  152 H   0.0302   0.970  0.000  0.000
  153 H   0.0310   0.969  0.000  0.000
  154 H   0.0381   0.962  0.000  0.000
  155 H   0.0416   0.958  0.000  0.000
  156 H   0.0402   0.960  0.000  0.000
  157 H   0.0312   0.969  0.000  0.000
  158 H   0.0340   0.966  0.000  0.000
  159 H   0.0352   0.965  0.000  0.000
  160 H   0.0370   0.963  0.000  0.000
  161 H   0.0447   0.955  0.000  0.000
  162 H   0.0460   0.954  0.000  0.000
  163 H   0.0546   0.945  0.000  0.000
  164 H   0.0374   0.963  0.000  0.000
  165 H   0.0328   0.967  0.000  0.000
  166 H   0.0310   0.969  0.000  0.000
  167 H   0.0394   0.961  0.000  0.000
  168 H   0.0511   0.949  0.000  0.000
  169 H   0.0529   0.947  0.000  0.000
  170 H   0.0445   0.956  0.000  0.000
  171 H   0.0374   0.963  0.000  0.000
  172 H   0.0384   0.962  0.000  0.000
  173 H   0.0320   0.968  0.000  0.000
  174 H   0.0394   0.961  0.000  0.000
  175 H   0.0511   0.949  0.000  0.000
  176 H   0.0417   0.958  0.000  0.000
  177 H   0.0435   0.956  0.000  0.000
  178 H   0.0393   0.961  0.000  0.000
  179 H   0.0331   0.967  0.000  0.000
  180 H   0.0345   0.965  0.000  0.000
  181 H   0.0383   0.962  0.000  0.000
  182 H   0.0465   0.953  0.000  0.000
  183 H   0.0551   0.945  0.000  0.000
  184 H   0.0448   0.955  0.000  0.000
  185 H   0.0375   0.963  0.000  0.000
  186 H   0.0283   0.972  0.000  0.000
  187 H   0.0444   0.956  0.000  0.000
  188 H   0.0399   0.960  0.000  0.000
  189 H   0.0352   0.965  0.000  0.000
  190 H   0.0321   0.968  0.000  0.000
  191 H   0.0408   0.959  0.000  0.000
  192 H   0.0312   0.969  0.000  0.000
  193 H   0.0512   0.949  0.000  0.000
  194 H   0.0403   0.960  0.000  0.000
  195 H   0.0399   0.960  0.000  0.000
  196 H   0.0377   0.962  0.000  0.000
  197 H   0.0357   0.964  0.000  0.000
  198 H   0.0427   0.957  0.000  0.000
 
 Wiberg/Mayer (AO) data. WBOs > 0.1 written file <wbo>
 largest (>0.05) Wiberg bond orders for each atom
           total WBO             WBO to atom ...
     1  C   3.927    C    2 1.417    C   19 1.323    H  128 0.924
     2  C   3.918    C    1 1.417    C   13 1.138    C    3 1.036    O    4 0.070
     3  C   3.916    O    4 1.739    C    2 1.036    C    5 0.969
     4  O   2.131    C    3 1.739    C    2 0.070    C    5 0.060
     5  C   3.940    C    6 1.407    C   12 1.269    C    3 0.969    C    9 0.086    O    4 0.060
     6  C   3.960    C    5 1.407    C    7 1.368    H  129 0.940    C   11 0.085
     7  C   3.925    C    6 1.368    C    9 1.340    CL   8 1.021    C   12 0.086
     8  CL  1.173    C    7 1.021
     9  C   3.908    C   11 1.390    C    7 1.340    F   10 0.978    C    5 0.086
    10  F   1.105    C    9 0.978
    11  C   3.957    C    9 1.390    C   12 1.385    H  130 0.936    C    6 0.085
    12  C   3.953    C   11 1.385    C    5 1.269    C   13 1.039    C    7 0.086
    13  C   3.935    C   14 1.435    C    2 1.138    C   12 1.039    N   16 0.088    N   18 0.086
    14  C   3.930    C   13 1.435    C   15 1.071    C   17 1.068    N   18 0.082    N   16 0.081
    15  C   3.939    N   16 2.779    C   14 1.071
    16  N   3.036    C   15 2.779    C   13 0.088    C   14 0.081
    17  C   3.940    N   18 2.780    C   14 1.068
    18  N   3.041    C   17 2.780    C   13 0.086    C   14 0.082
    19  C   3.917    C    1 1.323    C   20 1.298    S   56 1.041
    20  C   3.900    C   19 1.298    C   36 1.232    N   21 1.098    S   56 0.061
    21  N   3.414    C   20 1.098    C   22 0.975    C   29 0.964
    22  C   3.929    C   23 1.378    C   28 1.366    N   21 0.975    C   25 0.104
    23  C   3.968    C   24 1.431    C   22 1.378    H  131 0.944    C   27 0.104
    24  C   3.972    C   23 1.431    C   25 1.402    H  132 0.944    C   28 0.104
    25  C   3.950    C   24 1.402    C   27 1.376    C   26 0.994    C   22 0.104
    26  C   3.986    C   25 0.994    H  133 0.979    H  134 0.974    H  135 0.967
    27  C   3.972    C   28 1.457    C   25 1.376    H  136 0.944    C   23 0.104
    28  C   3.970    C   27 1.457    C   22 1.366    H  137 0.945    C   24 0.104
    29  C   3.928    C   35 1.380    C   30 1.375    N   21 0.964    C   32 0.104
    30  C   3.967    C   31 1.448    C   29 1.375    H  138 0.945    C   34 0.105
    31  C   3.971    C   30 1.448    C   32 1.383    H  139 0.943    C   35 0.106
    32  C   3.947    C   34 1.398    C   31 1.383    C   33 0.994    C   29 0.104
    33  C   3.986    C   32 0.994    H  142 0.979    H  140 0.971    H  141 0.969
    34  C   3.971    C   35 1.432    C   32 1.398    H  143 0.944    C   30 0.105
    35  C   3.967    C   34 1.432    C   29 1.380    H  144 0.940    C   31 0.106
    36  C   3.927    C   55 1.356    C   20 1.232    S   37 1.086    C   38 0.066    S   56 0.052
    37  S   2.506    C   36 1.086    C   38 1.079    C   39 0.072    C   55 0.053
    38  C   3.891    C   39 1.491    S   37 1.079    C   57 1.077    C   36 0.066
    39  C   3.916    C   38 1.491    C   55 1.210    N   40 0.968    S   37 0.072
    40  N   3.278    C   48 0.993    C   41 0.982    C   39 0.968
    41  C   3.933    C   42 1.388    C   47 1.361    N   40 0.982    C   44 0.104
    42  C   3.969    C   43 1.426    C   41 1.388    H  145 0.937    C   46 0.106
    43  C   3.972    C   42 1.426    C   44 1.404    H  146 0.943    C   47 0.106
    44  C   3.951    C   43 1.404    C   46 1.377    C   45 0.992    C   41 0.104
    45  C   3.986    C   44 0.992    H  148 0.979    H  149 0.974    H  147 0.971
    46  C   3.972    C   47 1.456    C   44 1.377    H  150 0.945    C   42 0.106
    47  C   3.970    C   46 1.456    C   41 1.361    H  151 0.943    C   43 0.106
    48  C   3.933    C   49 1.379    C   54 1.358    N   40 0.993    C   51 0.102
    49  C   3.969    C   50 1.434    C   48 1.379    H  152 0.940    C   53 0.105
    50  C   3.972    C   49 1.434    C   51 1.401    H  153 0.944    C   54 0.105
    51  C   3.951    C   50 1.401    C   53 1.380    C   52 0.992    C   48 0.102
    52  C   3.987    C   51 0.992    H  154 0.979    H  156 0.975    H  155 0.971
    53  C   3.972    C   54 1.457    C   51 1.380    H  157 0.945    C   49 0.105
    54  C   3.970    C   53 1.457    C   48 1.358    H  158 0.943    C   50 0.105
    55  C   3.920    C   36 1.356    C   39 1.210    S   56 1.100    S   37 0.053
    56  S   2.471    C   55 1.100    C   19 1.041    C   20 0.061    C   36 0.052
    57  C   3.894    C   58 1.476    C   38 1.077    S   98 1.068    C   97 0.067
    58  C   3.914    C   57 1.476    C   76 1.185    N   59 1.013    S   98 0.068
    59  N   3.343    C   58 1.013    C   68 0.992    C   60 0.986
    60  C   3.931    C   67 1.374    C   61 1.356    N   59 0.986    C   63 0.095
    61  C   3.968    C   62 1.466    C   60 1.356    H  159 0.943    C   66 0.100
    62  C   3.971    C   61 1.466    C   63 1.358    H  160 0.944    C   67 0.103
    63  C   3.952    C   66 1.380    C   62 1.358    S   64 1.037    C   60 0.095
    64  S   2.210    C   63 1.037    C   65 0.999
    65  C   3.983    S   64 0.999    H  161 0.989    H  162 0.989    H  163 0.980
    66  C   3.972    C   67 1.440    C   63 1.380    H  164 0.943    C   61 0.100
    67  C   3.969    C   66 1.440    C   60 1.374    H  165 0.943    C   62 0.103
    68  C   3.930    C   69 1.373    C   75 1.355    N   59 0.992    C   71 0.093
    69  C   3.969    C   70 1.441    C   68 1.373    H  166 0.943    C   74 0.103
    70  C   3.971    C   69 1.441    C   71 1.378    H  167 0.942    C   75 0.099
    71  C   3.954    C   70 1.378    C   74 1.359    S   72 1.037    C   68 0.093
    72  S   2.212    C   71 1.037    C   73 0.998
    73  C   3.980    S   72 0.998    H  170 0.988    H  169 0.980    H  168 0.979
    74  C   3.971    C   75 1.463    C   71 1.359    H  171 0.943    C   69 0.103
    75  C   3.969    C   74 1.463    C   68 1.355    H  172 0.940    C   70 0.099
    76  C   3.918    C   97 1.394    C   58 1.185    S   77 1.095    C   78 0.061    S   98 0.054
    77  S   2.474    C   76 1.095    C   78 1.057    C   79 0.065    C   97 0.054
    78  C   3.914    C   79 1.420    C   99 1.162    S   77 1.057    C   76 0.061
    79  C   3.903    C   78 1.420    C   97 1.200    N   80 1.030    S   77 0.065
    80  N   3.353    C   79 1.030    C   89 0.994    C   81 0.979
    81  C   3.929    C   88 1.370    C   82 1.368    N   80 0.979    C   84 0.099
    82  C   3.968    C   83 1.445    C   81 1.368    H  173 0.945    C   87 0.103
    83  C   3.970    C   82 1.445    C   84 1.386    H  174 0.941    C   88 0.103
    84  C   3.950    C   83 1.386    C   87 1.380    S   85 1.003    C   81 0.099
    85  S   2.128    C   84 1.003    C   86 0.979
    86  C   3.982    H  177 0.989    H  176 0.989    H  175 0.980    S   85 0.979
    87  C   3.970    C   88 1.450    C   84 1.380    H  178 0.942    C   82 0.103
    88  C   3.968    C   87 1.450    C   81 1.370    H  179 0.944    C   83 0.103
    89  C   3.929    C   96 1.369    C   90 1.349    N   80 0.994    C   92 0.095
    90  C   3.967    C   91 1.470    C   89 1.349    H  180 0.943    C   95 0.098
    91  C   3.972    C   90 1.470    C   92 1.357    H  181 0.943    C   96 0.102
    92  C   3.953    C   95 1.377    C   91 1.357    S   93 1.037    C   89 0.095
    93  S   2.213    C   92 1.037    C   94 0.998
    94  C   3.982    S   93 0.998    H  184 0.989    H  182 0.986    H  183 0.980
    95  C   3.971    C   96 1.445    C   92 1.377    H  185 0.943    C   90 0.098
    96  C   3.969    C   95 1.445    C   89 1.369    H  186 0.945    C   91 0.102
    97  C   3.927    C   76 1.394    C   79 1.200    S   98 1.089    C   57 0.067    S   77 0.054
    98  S   2.484    C   97 1.089    C   57 1.068    C   58 0.068    C   76 0.054
    99  C   3.913    C  100 1.415    C   78 1.162    S  106 1.103    C  105 0.058
   100  C   3.943    C   99 1.415    C  101 1.339    H  187 0.934    S  106 0.063    O  102 0.055
   101  C   3.908    C  100 1.339    C  105 1.269    O  102 1.086    S  106 0.060    C  108 0.060
   102  O   2.292    C  101 1.086    C  103 0.969    C  100 0.055
   103  C   3.935    C  104 1.003    H  188 0.976    O  102 0.969    H  189 0.966
   104  C   3.983    C  103 1.003    H  190 0.985    H  192 0.983    H  191 0.979
   105  C   3.916    C  107 1.332    C  101 1.269    S  106 1.074    C   99 0.058
   106  S   2.579    C   99 1.103    C  105 1.074    O  110 0.075    C  100 0.063    C  101 0.060
   107  C   3.935    C  108 1.426    C  105 1.332    H  193 0.920
   108  C   3.918    C  107 1.426    C  122 1.127    C  109 1.050    O  110 0.066    C  101 0.060
   109  C   3.909    O  110 1.716    C  108 1.050    C  111 0.991
   110  O   2.158    C  109 1.716    S  106 0.075    C  108 0.066    C  111 0.053
   111  C   3.941    C  112 1.512    C  121 1.168    C  109 0.991    O  110 0.053    C  119 0.051
   112  C   3.956    C  111 1.512    C  113 1.244    H  194 0.942    C  120 0.085
   113  C   3.949    C  114 1.266    C  112 1.244    C  119 1.211    C  116 0.060    C  121 0.051
   114  C   3.960    C  115 1.542    C  113 1.266    H  195 0.941    C  118 0.109
   115  C   3.960    C  114 1.542    C  116 1.283    H  196 0.945    C  119 0.063
   116  C   3.909    C  118 1.498    C  115 1.283    F  117 0.969    C  113 0.060
   117  F   1.094    C  116 0.969
   118  C   3.959    C  116 1.498    C  119 1.268    H  197 0.944    C  114 0.109
   119  C   3.952    C  118 1.268    C  120 1.244    C  113 1.211    C  115 0.063    C  111 0.051
   120  C   3.949    C  121 1.504    C  119 1.244    H  198 0.935    C  112 0.085
   121  C   3.952    C  120 1.504    C  111 1.168    C  122 1.043    C  113 0.051
   122  C   3.929    C  123 1.437    C  108 1.127    C  121 1.043    N  125 0.087    N  127 0.086
   123  C   3.917    C  122 1.437    C  126 1.070    C  124 1.069    N  127 0.083    N  125 0.083
   124  C   3.938    N  125 2.778    C  123 1.069
   125  N   3.039    C  124 2.778    C  122 0.087    C  123 0.083
   126  C   3.938    N  127 2.768    C  123 1.070
   127  N   3.037    C  126 2.768    C  122 0.086    C  123 0.083
   128  H   0.990    C    1 0.924
   129  H   0.995    C    6 0.940
   130  H   0.994    C   11 0.936
   131  H   0.997    C   23 0.944
   132  H   0.997    C   24 0.944
   133  H   0.997    C   26 0.979
   134  H   0.997    C   26 0.974
   135  H   0.997    C   26 0.967
   136  H   0.997    C   27 0.944
   137  H   0.997    C   28 0.945
   138  H   0.997    C   30 0.945
   139  H   0.997    C   31 0.943
   140  H   0.997    C   33 0.971
   141  H   0.997    C   33 0.969
   142  H   0.997    C   33 0.979
   143  H   0.997    C   34 0.944
   144  H   0.997    C   35 0.940
   145  H   0.998    C   42 0.937
   146  H   0.998    C   43 0.943
   147  H   0.997    C   45 0.971
   148  H   0.997    C   45 0.979
   149  H   0.997    C   45 0.974
   150  H   0.997    C   46 0.945
   151  H   0.997    C   47 0.943
   152  H   0.998    C   49 0.940
   153  H   0.998    C   50 0.944
   154  H   0.997    C   52 0.979
   155  H   0.997    C   52 0.971
   156  H   0.997    C   52 0.975
   157  H   0.997    C   53 0.945
   158  H   0.997    C   54 0.943
   159  H   0.997    C   61 0.943
   160  H   0.997    C   62 0.944
   161  H   0.997    C   65 0.989
   162  H   0.998    C   65 0.989
   163  H   0.996    C   65 0.980
   164  H   0.997    C   66 0.943
   165  H   0.998    C   67 0.943
   166  H   0.998    C   69 0.943
   167  H   0.997    C   70 0.942
   168  H   0.997    C   73 0.979
   169  H   0.996    C   73 0.980
   170  H   0.998    C   73 0.988
   171  H   0.997    C   74 0.943
   172  H   0.997    C   75 0.940
   173  H   0.998    C   82 0.945
   174  H   0.997    C   83 0.941
   175  H   0.996    C   86 0.980
   176  H   0.998    C   86 0.989
   177  H   0.998    C   86 0.989
   178  H   0.997    C   87 0.942
   179  H   0.998    C   88 0.944
   180  H   0.997    C   90 0.943
   181  H   0.997    C   91 0.943
   182  H   0.998    C   94 0.986
   183  H   0.996    C   94 0.980
   184  H   0.997    C   94 0.989
   185  H   0.997    C   95 0.943
   186  H   0.999    C   96 0.945
   187  H   0.994    C  100 0.934
   188  H   0.997    C  103 0.976
   189  H   0.998    C  103 0.966
   190  H   0.999    C  104 0.985
   191  H   0.998    C  104 0.979
   192  H   0.999    C  104 0.983
   193  H   0.993    C  107 0.920
   194  H   0.994    C  112 0.942
   195  H   0.996    C  114 0.941
   196  H   0.994    C  115 0.945
   197  H   0.996    C  118 0.944
   198  H   0.994    C  120 0.935
 
 --------------------------------------------
          xTB calculation for sTDA...
 --------------------------------------------
 
 reading parameter file /ihome/ghutchison/blp62/xtb4stda/.param_stda2.xtb
 
      method parameters     
 k(s)        :  1.6000
 k(p)        :  2.1800
 k(d)        :  1.9500
 k(f)        :  2.0000
 k(R-V)      :  2.2750
 k(R-R)      :  1.7650
 Tscal       :  0.2580
 Gscal       :  1.0000
 fpol        :  1.0000
 Zcnf        :  0.3430
 Zqf         :  0.0000
 kcn         :  2.7000
 Ryd Hsplit  :  0.7000
 lshift(virt):  3.1000
 lshift(OS)  :  0.2000
 wllscaling  :  2.6000
 
 mowrcut     : 3.000
 
  Z AO/shell   Hii/eV     exponent
  1     Sun Feb 14 09:53:25 CET 2016    EN: 2.327 GAM: 0.473  GM3: 0.0000
     1s    -14.339618    1.220000
     2sp    -3.348946    0.600000
  6     Sun Feb 14 09:53:25 CET 2016    EN: 2.731 GAM: 0.422  GM3: 0.0000
     2s    -22.009312    1.565095
     2p    -13.020408    1.596905
     3sp    -3.914040    0.824500
  7     Sun Feb 14 09:53:25 CET 2016    EN: 3.573 GAM: 0.504  GM3: 0.0000
     2s    -25.722000    2.064844
     2p    -18.684912    1.801692
     3sp    -4.344791    0.921400
  8     Sun Feb 14 09:53:25 CET 2016    EN: 3.700 GAM: 0.587  GM3: 0.0000
     2s    -33.859000    2.418661
     2p    -22.175911    1.973969
     3sp    -4.259392    1.013700
  9     Sun Feb 21 12:20:01 CET 2016    EN: 3.394 GAM: 0.600  GM3: 0.0000
     2s    -26.548112    1.943768
     2p    -23.081168    2.552035
     3sp    -1.937199    1.103200
 16     Sun Feb 21 16:35:57 CET 2016    EN: 1.915 GAM: 0.200  GM3: 0.0000
     3s    -17.898811    2.619580
     3p    -15.317401    1.798798
     4sp    -4.455139    0.843200
 17     Sun Feb 21 16:32:04 CET 2016    EN: 2.375 GAM: 0.300  GM3: 0.0000
     3s    -29.486180    2.293696
     3p    -18.696427    2.332982
     4sp    -5.680125    0.918900
 
 Nbf   :         1371
 T(el) :     0.0
 calculating S/T integrals ...
 cpu time for ints    3.18765300000000     
 Nao   :         1371
 making H0...
 making H1...
 cpu time for H      5.737799999999993E-002
 solving ...
 cpu time for diag    2.27030700000000     
 
 gap (eV)           :   4.349
 Koopmans IP (eV)   :  13.140
 Eel (Eh)           :  -533.641094

          eigenvalues
 #    :         298        299        300        301        302        303        304        305
 occ. :        2.000      2.000      2.000      2.000      2.000      2.000      2.000      2.000
 eps  :       -15.407    -15.357    -15.248    -15.066    -14.979    -14.845    -14.622    -14.437
 #    :         306        307        308        309        310        311        312        313
 occ. :        2.000      2.000      2.000      2.000      2.000      0.000      0.000      0.000
 eps  :       -13.978    -13.906    -13.753    -13.507    -13.141     -8.792     -8.653     -8.369
 #    :         314        315        316        317        318        319        320        321
 occ. :        0.000      0.000      0.000      0.000      0.000      0.000      0.000      0.000
 eps  :        -8.263     -7.512     -6.923     -6.631     -6.295     -6.230     -6.193     -6.124
                            1  SCC done.
 writing mo output ...
 molden style : F
 
speedup  3.43
cpu  time for all   11.10 s
wall time for all    3.23 s
