 
        ______________________________________
       |                                      |
       |          ===================         |
       |             xTB for sTDA             |
       |          ===================         |
       |               S. Grimme              |
       |        Universitaet Bonn, MCTC       |
       |         2015-19, Version 1.0         |
       |     Wed Apr  3 09:14:55 CEST 2019    |
       |______________________________________|
 
        This code comes without any warranty
        for non-commercial, academia use only.
        Preliminary test version.
        Cite this work as:
        S. Grimme  &  C. Bannwarth, JCP 145 (2016) 054103
        if GBSA is used additionally:
        P. Shushkov, F. März, C. Bannwarth, S. Grimme, unpublished.
 
        with help from
        P. Shushkov, G. Brandenburg, S. Dohm, J. Pisarek,
        F. März, M. Checinski, S. Ehrlich, S. Spicher, 
        P. Pracht, E. Caldeweyher, S. Ehlert, and C. Bannwarth.
 
        usage        :
        xtb4stda <coord_file> [options]
        where <coord_file> is a valid file of TM)
        (*coord, Bohr) or xmol (*xyz, Angstroem)
        format.

        options:
        -chrg <int>   : molecular charge
        -uhf  <int>   : # of unpaired electrons(=2*S)
        -nox          : skip second, extended part in sTDA-xTB
        -pop          : do population analysis
                      : (default for -nox)
        -mowr <real>  : cut MO write above (def.3 Eh)
        -molden       : write formatted molden file
        -parx <file>  : read parameters for sTDA-xTB
                        calc (def:~/.param_stda2.xtb)
        -parv <file>  : read parameters for vTB part in
                        sTDA-xTB (def: ~/.param_stda1.xtb)
        -xtemp <real> : el. temp for xTB (def. 0 K)
        -etemp <real> : el. temp for GFN (def. 300 K)
        -fod          : calculate the FOD and write
                        molden.input file with
                        appropriate occupations
                        for plotting. Def. T=12500 K
 
        -acc <real>   : xTB accuracy (def. 1.0)
        -gbsa [string1] [string2]
                        use GBSA implicit solvent
                        for solvent [string1] and
                        solvation state [string2]=
                        reference, bar1M (default=1M)
        additional GFN/opt/MD/siman options read from
        $XTB4STDAHOME/.xtb4stdarc or $set in input
 
       spin and charge state information can be on:
       <.CHRG> (charge) and <.UHF> (=nalpha-nbeta)
       -uhf and -chrg override the file info.
       useful machine settings:
       setenv MKL_NUM_THREADS <NCORE_ON_YOUR_MACHINE>
       setenv OMP_STACKSIZE 500m
       limit stacksize unlimited
 
       total energies in Eh, gaps/HL energies in eV
       please read REVISION and HOWTO files carefully
 =============================
  # OMP threads =           8
 =============================
 
 xtb4stdahome directory:/ihome/ghutchison/blp62/xtb4stda/
 
 
 name of molecule           :
 comment line               :
 number of atoms            :   146
 number of electrons        :   486
 charge                     :  0
 spin                       : 0.0
 first test random number   :  0.8944
 
 -----------------------------------------
      charge density (VTB) calculation
 -----------------------------------------
 
      method parameters     
 k(s)        :  1.8000
 k(p)        :  2.8350
 k(d)        :  2.0860
 k(f)        :  2.0000
 Tscal       :  0.3300
 Gscal       :  0.3910
 fpol        :  1.0000
 Zcnf        :  0.6500
 Zqf         :  0.0000
 kcn         :  0.3000
 kEN1        : -0.5900
 wllscal     :  2.6000
 
     -------------------------
     ! NO SOLVENT MODEL USED !
     -------------------------
 
 doing EN charges ...
 sum q :  0.3108624D-14
 point charge moment (au)
     X       Y       Z   
  -0.5460  -0.9506  -0.7917  total (Debye):    3.437
 
            Z      q(EN)   CN      Cart. coordinates
     1  C   4.0  -0.074   3.207    -0.01531     6.86613   -14.36778
     2  C   4.0  -0.003   3.291     1.04993     8.72657   -15.82551
     3  C   4.0   0.102   3.221     0.54953     8.88927   -18.57223
     4  O   6.0  -0.105   1.048    -1.04332     7.77093   -19.76899
     5  C   4.0  -0.005   3.348     2.51277    10.64010   -19.55980
     6  C   4.0  -0.077   3.240     3.00448    11.31795   -22.02721
     7  C   4.0  -0.068   3.168     4.98453    12.98412   -22.49416
     8  CL  7.0   0.085   1.204     5.69941    13.89345   -25.53265
     9  C   4.0   0.014   3.248     6.39729    13.92482   -20.47461
    10  F   7.0  -0.028   1.082     8.30988    15.51503   -20.94213
    11  C   4.0  -0.066   3.184     5.90105    13.27344   -17.98547
    12  C   4.0  -0.006   3.352     3.93857    11.60330   -17.53288
    13  C   4.0  -0.008   3.337     2.89355    10.62177   -15.17979
    14  C   4.0  -0.039   3.130     3.23049    11.65526   -12.81669
    15  C   4.0   0.238   2.180     1.59720    11.07190   -10.79922
    16  N   5.0  -0.224   1.059     0.20428    10.73383    -9.17027
    17  C   4.0   0.237   2.145     5.10377    13.41441   -12.16946
    18  N   5.0  -0.217   1.031     6.68018    14.73608   -11.46875
    19  C   4.0  -0.085   3.203     0.94411     5.93865   -12.06628
    20  C   4.0  -0.101   3.441     3.42210     6.00819   -11.21911
    21  C   4.0  -0.099   3.344     3.81101     4.78894    -8.92536
    22  S   6.0   0.211   2.376     6.77939     4.13850    -7.60086
    23  C   4.0  -0.238   4.002     8.85526     6.45285    -9.11377
    24  C   4.0  -0.249   4.061    10.04163     5.48304   -11.53697
    25  C   4.0  -0.105   3.367     1.58038     3.80969    -7.89773
    26  S   6.0   0.215   2.691    -0.94524     4.28363    -9.93901
    27  C   4.0  -0.085   3.329     1.21377     2.46949    -5.61173
    28  C   4.0   0.081   3.481     2.48499     2.67358    -3.31099
    29  N   5.0  -0.324   3.268     4.17648     4.53459    -2.64429
    30  C   4.0   0.083   3.290     3.79400     7.07362    -3.30456
    31  C   4.0  -0.068   3.195     1.36741     8.07367    -3.54116
    32  C   4.0  -0.087   3.277     1.03576    10.58832    -4.11280
    33  C   4.0  -0.087   3.158     3.11389    12.16795    -4.49320
    34  S   6.0   0.193   2.262     2.44738    15.34798    -5.19448
    35  C   4.0  -0.322   3.989     5.52972    16.80495    -5.58490
    36  C   4.0  -0.082   3.222     5.53406    11.17338    -4.28665
    37  C   4.0  -0.072   3.215     5.86250     8.65702    -3.67930
    38  C   4.0   0.080   3.315     6.13726     3.88206    -0.98152
    39  C   4.0  -0.071   3.214     7.45724     1.62668    -1.34133
    40  C   4.0  -0.086   3.266     9.35452     0.94505     0.29952
    41  C   4.0  -0.087   3.154     9.98645     2.49784     2.33287
    42  S   6.0   0.188   2.250    12.44592     1.41956     4.30328
    43  C   4.0  -0.323   3.987    12.66910     3.81252     6.75048
    44  C   4.0  -0.083   3.220     8.68915     4.75266     2.68436
    45  C   4.0  -0.069   3.196     6.77845     5.43315     1.04218
    46  C   4.0  -0.105   3.478     1.66164     0.77762    -1.60702
    47  S   6.0   0.231   2.568     2.41639     0.04422     1.48740
    48  C   4.0  -0.082   3.287     0.16611    -2.38162     1.49553
    49  C   4.0   0.077   3.481    -1.18429    -2.52203    -0.74361
    50  N   5.0  -0.315   3.241    -3.26809    -4.05705    -1.14347
    51  C   4.0   0.084   3.293    -4.88834    -4.57918     0.89384
    52  C   4.0  -0.069   3.209    -5.51063    -2.68077     2.60404
    53  C   4.0  -0.082   3.228    -6.82456    -3.22671     4.78800
    54  C   4.0  -0.086   3.158    -7.55267    -5.69658     5.29747
    55  S   6.0   0.196   2.262    -8.96373    -6.66109     8.15965
    56  C   4.0  -0.324   3.993    -8.96184    -3.82103    10.07035
    57  C   4.0  -0.086   3.264    -7.10688    -7.56438     3.49486
    58  C   4.0  -0.067   3.196    -5.79125    -7.01882     1.31638
    59  C   4.0   0.086   3.283    -3.73637    -5.06050    -3.54135
    60  C   4.0  -0.068   3.193    -6.21361    -5.41577    -4.37623
    61  C   4.0  -0.086   3.262    -6.67035    -6.37423    -6.74859
    62  C   4.0  -0.086   3.154    -4.67367    -6.98877    -8.35523
    63  S   6.0   0.187   2.247    -5.49627    -8.18686   -11.35669
    64  C   4.0  -0.323   3.987    -2.52203    -8.21804   -13.06708
    65  C   4.0  -0.083   3.222    -2.20833    -6.66450    -7.52413
    66  C   4.0  -0.072   3.216    -1.74819    -5.71812    -5.13476
    67  C   4.0  -0.103   3.470    -0.27401    -0.73095    -2.51560
    68  S   6.0   0.222   2.644    -1.14442     0.11263    -5.54786
    69  C   4.0  -0.010   3.276    -0.23319    -3.91665     3.73126
    70  C   4.0  -0.069   3.209    -0.50191    -2.78489     6.11062
    71  C   4.0  -0.007   3.349    -1.25591    -4.26511     8.10863
    72  C   4.0   0.104   3.207    -1.93905    -3.50034    10.72646
    73  O   6.0  -0.106   1.046    -1.81640    -1.41786    11.65262
    74  C   4.0  -0.007   3.346    -2.86180    -5.87384    11.92852
    75  C   4.0  -0.008   3.350    -2.64354    -7.87902    10.18600
    76  C   4.0  -0.007   3.350    -1.66674    -6.88087     7.82063
    77  C   4.0  -0.068   3.160    -1.21339    -8.03020     5.52046
    78  C   4.0  -0.073   3.213    -0.51778    -6.53165     3.49032
    79  C   4.0  -0.068   3.153    -3.34841   -10.29844    10.88274
    80  C   4.0  -0.075   3.198    -4.27588   -10.67884    13.29687
    81  C   4.0  -0.003   3.187    -4.60470    -8.67970    15.00726
    82  C   4.0  -0.069   3.196    -3.84692    -6.23175    14.30296
    83  C   4.0  -0.068   3.173    -5.59189    -9.25569    17.47543
    84  C   4.0  -0.003   3.264    -7.08836    -7.79625    18.96794
    85  C   4.0   0.102   3.214    -8.54251    -5.54294    18.13419
    86  O   6.0  -0.108   1.058    -8.49281    -4.48526    16.10689
    87  C   4.0  -0.007   3.351   -10.25573    -4.93880    20.25692
    88  C   4.0  -0.067   3.179   -12.03207    -3.02961    20.38863
    89  C   4.0   0.024   3.178   -13.44257    -2.83327    22.58393
    90  F   7.0  -0.026   1.065   -15.17998    -1.01081    22.80068
    91  C   4.0   0.024   3.180   -13.07067    -4.52457    24.57589
    92  F   7.0  -0.027   1.067   -14.46850    -4.29705    26.66687
    93  C   4.0  -0.068   3.186   -11.29055    -6.44151    24.44209
    94  C   4.0  -0.006   3.343    -9.86380    -6.64598    22.25152
    95  C   4.0  -0.008   3.323    -7.87203    -8.41382    21.53381
    96  C   4.0  -0.037   3.120    -6.84893   -10.22852    23.06524
    97  C   4.0   0.237   2.159    -7.66813   -10.71550    25.55798
    98  N   5.0  -0.216   1.026    -8.25754   -11.20683    27.58565
    99  C   4.0   0.236   2.157    -4.82088   -11.83611    22.41234
   100  N   5.0  -0.216   1.026    -3.16813   -13.19199    22.04403
   101  H   1.0   0.074   1.008    -1.65937     5.92731   -15.14823
   102  H   1.0   0.076   1.006     1.87801    10.57736   -23.55506
   103  H   1.0   0.076   1.006     7.04943    14.06334   -16.49825
   104  H   1.0   0.082   1.008     4.90630     6.81813   -12.34275
   105  H   1.0   0.080   1.016     7.76016     8.17458    -9.38684
   106  H   1.0   0.079   1.020    10.31356     6.81662    -7.70517
   107  H   1.0   0.081   0.999    11.25672     6.93492   -12.34029
   108  H   1.0   0.081   1.000    11.17811     3.81573   -11.14749
   109  H   1.0   0.081   1.000     8.61847     4.97300   -12.92932
   110  H   1.0   0.076   1.007    -0.25946     6.88049    -3.24107
   111  H   1.0   0.077   1.009    -0.83923    11.36878    -4.26228
   112  H   1.0   0.080   1.011     6.48970    15.99785    -7.21138
   113  H   1.0   0.079   1.016     5.14913    18.79143    -5.92769
   114  H   1.0   0.080   1.010     6.63067    16.59557    -3.86581
   115  H   1.0   0.076   1.007     7.17907    12.33556    -4.59506
   116  H   1.0   0.076   1.008     7.74807     7.89924    -3.49221
   117  H   1.0   0.076   1.008     6.99029     0.43804    -2.93191
   118  H   1.0   0.076   1.008    10.38215    -0.79482     0.02570
   119  H   1.0   0.080   1.010    10.89200     3.94065     7.76847
   120  H   1.0   0.079   1.010    13.19501     5.61702     5.92637
   121  H   1.0   0.079   1.015    14.15083     3.16869     8.01471
   122  H   1.0   0.076   1.007     9.13078     5.99100     4.23998
   123  H   1.0   0.076   1.006     5.75988     7.17586     1.34076
   124  H   1.0   0.076   1.007    -4.91385    -0.76307     2.24159
   125  H   1.0   0.077   1.008    -7.24729    -1.71417     6.08416
   126  H   1.0   0.080   1.010   -10.32282    -2.47573     9.32750
   127  H   1.0   0.081   1.016    -9.50381    -4.40571    11.95989
   128  H   1.0   0.081   1.012    -7.07457    -3.01940    10.13384
   129  H   1.0   0.076   1.008    -7.75430    -9.46318     3.85958
   130  H   1.0   0.076   1.006    -5.40065    -8.49035    -0.04195
   131  H   1.0   0.076   1.006    -7.76847    -4.91499    -3.15452
   132  H   1.0   0.076   1.008    -8.58370    -6.63936    -7.40149
   133  H   1.0   0.080   1.011    -1.67713    -6.34872   -13.01738
   134  H   1.0   0.079   1.015    -3.00088    -8.71863   -14.99781
   135  H   1.0   0.079   1.010    -1.26083    -9.63231   -12.27812
   136  H   1.0   0.076   1.007    -0.62304    -7.15658    -8.70502
   137  H   1.0   0.076   1.007     0.17858    -5.50534    -4.49452
   138  H   1.0   0.076   1.007    -0.22866    -0.77573     6.33965
   139  H   1.0   0.075   1.005    -1.45207   -10.04068     5.28065
   140  H   1.0   0.076   1.007    -0.20447    -7.39091     1.66636
   141  H   1.0   0.075   1.005    -3.17663   -11.85973     9.58318
   142  H   1.0   0.075   1.005    -4.82636   -12.55855    13.87342
   143  H   1.0   0.077   1.006    -3.97409    -4.67178    15.60592
   144  H   1.0   0.075   1.010    -5.10434   -11.12179    18.16480
   145  H   1.0   0.076   1.005   -12.31289    -1.73042    18.84397
   146  H   1.0   0.077   1.007   -11.08324    -7.70196    26.02776
 
  Z AO/shell   Hii/eV     exponent
  1     Sat Feb 20 21:38:01 CET 2016    EN: 2.327 GAM: 0.473  GM3: 0.0000
     1s    -13.751157    1.051071
  6     Sat Feb 20 21:38:01 CET 2016    EN: 2.731 GAM: 0.422  GM3: 0.0000
     2s    -19.378245    2.021003
     2p    -11.993376    1.497917
  7     Sat Feb 20 21:38:01 CET 2016    EN: 3.573 GAM: 0.504  GM3: 0.0000
     2s    -21.576984    2.275442
     2p    -16.125120    2.056788
  8     Sat Feb 20 21:38:01 CET 2016    EN: 3.700 GAM: 0.587  GM3: 0.0000
     2s    -21.648843    2.110798
     2p    -17.239740    2.329048
  9     Sat Feb 20 21:51:24 CET 2016    EN: 3.394 GAM: 0.669  GM3: 0.0000
     2s    -19.384211    2.614957
     2p    -19.426034    2.777297
 16     Sat Feb 20 23:13:41 CET 2016    EN: 1.915 GAM: 0.389  GM3: 0.0000
     3s    -22.000000    2.671470
     3p    -15.834192    1.836978
     3d     -2.593599    1.836978
 17     Sat Feb 20 23:13:41 CET 2016    EN: 2.375 GAM: 0.431  GM3: 0.0000
     3s    -21.000000    2.596786
     3p    -17.375270    2.088291
     3d     -1.372943    2.088291
 
 dipole moment of classical point charges (au)
     X       Y       Z   
  -0.5460  -0.9506  -0.7917  total (Debye):    3.437

 
 Nbf   :          500
 T(el) :   300.0
 calculating S/T integrals ...
 cpu time for ints   0.678858000000000     
 Nao   :          491
 making H0...
 making H1...
 cpu time for H      0.209565000000000     
 solving ...
 cpu time for diag   0.560140000000000     
 
 gap (eV)           :   1.873
 Koopmans IP (eV)   :  11.850
 Eel (Eh)           :  -380.056486
 T,E(Fermi),NFOD :    300.000   -10.914  0.000000
 T,E(Fermi),NFOD :    300.000   -10.914  0.000000
 Nfod               :  0.0000
 Nfod/Nel           :  0.0000

          eigenvalues
 #    :         231        232        233        234        235        236        237        238
 occ. :        2.000      2.000      2.000      2.000      2.000      2.000      2.000      2.000
 eps  :       -15.160    -14.633    -14.491    -14.301    -14.213    -14.118    -14.055    -13.894
 #    :         239        240        241        242        243        244        245        246
 occ. :        2.000      2.000      2.000      2.000      2.000      0.000      0.000      0.000
 eps  :       -13.837    -13.467    -12.775    -12.470    -11.851     -9.978     -9.750     -9.522
 #    :         247        248        249        250        251        252        253        254
 occ. :        0.000      0.000      0.000      0.000      0.000      0.000      0.000      0.000
 eps  :        -9.295     -9.146     -9.126     -8.319     -7.748     -7.535     -7.311     -7.293
                            1  SCC done.
 making H1...
 cpu time for H      0.631762000000000     
 solving ...
 cpu time for diag   0.204887000000000     
 
 gap (eV)           :   1.911
 Koopmans IP (eV)   :  12.040
 Eel (Eh)           :  -380.004781
 T,E(Fermi),NFOD :    300.000   -11.085  0.000000
 T,E(Fermi),NFOD :    300.000   -11.085  0.000000
 Nfod               :  0.0000
 Nfod/Nel           :  0.0000

          eigenvalues
 #    :         231        232        233        234        235        236        237        238
 occ. :        2.000      2.000      2.000      2.000      2.000      2.000      2.000      2.000
 eps  :       -14.530    -14.364    -14.348    -14.256    -14.200    -13.974    -13.920    -13.662
 #    :         239        240        241        242        243        244        245        246
 occ. :        2.000      2.000      2.000      2.000      2.000      0.000      0.000      0.000
 eps  :       -13.451    -13.411    -12.787    -12.420    -12.042    -10.130    -10.006     -9.580
 #    :         247        248        249        250        251        252        253        254
 occ. :        0.000      0.000      0.000      0.000      0.000      0.000      0.000      0.000
 eps  :        -9.298     -9.164     -9.137     -8.332     -7.884     -7.522     -7.220     -7.154
                            2  SCC done.
 
 
 Mulliken/CM5 charges    n(s)   n(p)   n(d)   
    1 C   0.0097 -0.0375   1.153  2.837  0.000
    2 C  -0.0302 -0.0326   1.176  2.854  0.000
    3 C   0.1415  0.1765   1.173  2.685  0.000
    4 O  -0.2220 -0.2672   1.626  4.596  0.000
    5 C  -0.0279 -0.0298   1.190  2.838  0.000
    6 C  -0.0195 -0.0683   1.145  2.875  0.000
    7 C   0.0745  0.0722   1.147  2.779  0.000
    8 CL -0.0253 -0.0254   1.897  5.127  0.002
    9 C   0.0955  0.1105   1.166  2.739  0.000
   10 F  -0.1189 -0.1428   1.678  5.441  0.000
   11 C  -0.0231 -0.0704   1.142  2.881  0.000
   12 C  -0.0075 -0.0107   1.169  2.839  0.000
   13 C   0.0116  0.0109   1.200  2.788  0.000
   14 C   0.0007  0.0068   1.114  2.886  0.000
   15 C   0.0931  0.2133   1.171  2.736  0.000
   16 N  -0.2035 -0.3411   1.641  3.562  0.000
   17 C   0.0933  0.2116   1.171  2.736  0.000
   18 N  -0.2165 -0.3524   1.641  3.575  0.000
   19 C  -0.0126 -0.0050   1.165  2.848  0.000
   20 C  -0.0814 -0.1291   1.148  2.933  0.000
   21 C  -0.0315 -0.0205   1.172  2.860  0.000
   22 S  -0.0126 -0.0542   1.896  4.087  0.030
   23 C  -0.0366 -0.1329   1.127  2.909  0.000
   24 C  -0.0865 -0.2368   1.096  2.990  0.000
   25 C  -0.0188 -0.0026   1.174  2.845  0.000
   26 S   0.1269  0.0931   1.888  3.941  0.044
   27 C  -0.0391 -0.0213   1.165  2.874  0.000
   28 C   0.0338  0.1026   1.171  2.795  0.000
   29 N  -0.1104 -0.3555   1.227  3.883  0.000
   30 C   0.0362  0.0922   1.173  2.791  0.000
   31 C  -0.0477 -0.0951   1.138  2.910  0.000
   32 C  -0.0347 -0.0838   1.133  2.902  0.000
   33 C  -0.0066 -0.0007   1.165  2.842  0.000
   34 S  -0.0244 -0.0675   1.889  4.108  0.027
   35 C  -0.0779 -0.2122   1.075  3.003  0.000
   36 C  -0.0578 -0.1105   1.134  2.924  0.000
   37 C  -0.0501 -0.0986   1.139  2.911  0.000
   38 C   0.0407  0.0968   1.173  2.786  0.000
   39 C  -0.0425 -0.0897   1.139  2.903  0.000
   40 C  -0.0428 -0.0941   1.132  2.910  0.000
   41 C  -0.0091 -0.0045   1.165  2.844  0.000
   42 S  -0.0283 -0.0721   1.890  4.111  0.027
   43 C  -0.0729 -0.2078   1.072  3.001  0.000
   44 C  -0.0529 -0.1057   1.133  2.920  0.000
   45 C  -0.0420 -0.0906   1.139  2.903  0.000
   46 C  -0.0531 -0.0334   1.165  2.888  0.000
   47 S   0.1052  0.0710   1.891  3.949  0.055
   48 C  -0.0553 -0.0400   1.176  2.879  0.000
   49 C   0.0243  0.0908   1.169  2.807  0.000
   50 N  -0.1186 -0.3629   1.223  3.896  0.000
   51 C   0.0398  0.0945   1.172  2.788  0.000
   52 C  -0.0446 -0.0927   1.139  2.906  0.000
   53 C  -0.0509 -0.1039   1.133  2.917  0.000
   54 C  -0.0104 -0.0059   1.166  2.844  0.000
   55 S  -0.0319 -0.0764   1.890  4.114  0.027
   56 C  -0.0786 -0.2133   1.075  3.004  0.000
   57 C  -0.0449 -0.0966   1.133  2.912  0.000
   58 C  -0.0427 -0.0918   1.139  2.904  0.000
   59 C   0.0403  0.0972   1.172  2.788  0.000
   60 C  -0.0431 -0.0914   1.137  2.906  0.000
   61 C  -0.0415 -0.0930   1.133  2.909  0.000
   62 C  -0.0124 -0.0079   1.165  2.848  0.000
   63 S  -0.0317 -0.0754   1.890  4.114  0.027
   64 C  -0.0742 -0.2091   1.073  3.002  0.000
   65 C  -0.0541 -0.1068   1.133  2.921  0.000
   66 C  -0.0516 -0.0991   1.138  2.913  0.000
   67 C  -0.0527 -0.0335   1.167  2.885  0.000
   68 S   0.0967  0.0640   1.894  3.959  0.050
   69 C   0.0176  0.0122   1.162  2.820  0.000
   70 C  -0.0204 -0.0692   1.152  2.869  0.000
   71 C  -0.0255 -0.0278   1.184  2.842  0.000
   72 C   0.1556  0.1903   1.181  2.664  0.000
   73 O  -0.2000 -0.2450   1.628  4.572  0.000
   74 C  -0.0211 -0.0238   1.182  2.839  0.000
   75 C   0.0007 -0.0036   1.178  2.822  0.000
   76 C  -0.0105 -0.0148   1.172  2.839  0.000
   77 C  -0.0220 -0.0751   1.139  2.883  0.000
   78 C  -0.0283 -0.0803   1.145  2.883  0.000
   79 C  -0.0173 -0.0703   1.136  2.881  0.000
   80 C  -0.0208 -0.0745   1.147  2.874  0.000
   81 C   0.0213  0.0110   1.155  2.824  0.000
   82 C  -0.0117 -0.0607   1.152  2.860  0.000
   83 C   0.0012 -0.0484   1.167  2.831  0.000
   84 C  -0.0128 -0.0155   1.181  2.832  0.000
   85 C   0.1470  0.1819   1.173  2.680  0.000
   86 O  -0.2069 -0.2631   1.622  4.585  0.000
   87 C  -0.0230 -0.0246   1.184  2.839  0.000
   88 C  -0.0047 -0.0519   1.138  2.867  0.000
   89 C   0.1111  0.1278   1.162  2.727  0.000
   90 F  -0.1123 -0.1354   1.675  5.437  0.000
   91 C   0.1121  0.1288   1.161  2.727  0.000
   92 F  -0.1095 -0.1328   1.674  5.436  0.000
   93 C  -0.0156 -0.0629   1.140  2.875  0.000
   94 C  -0.0042 -0.0073   1.168  2.836  0.000
   95 C   0.0172  0.0166   1.197  2.786  0.000
   96 C   0.0211  0.0273   1.116  2.863  0.000
   97 C   0.0994  0.2187   1.170  2.731  0.000
   98 N  -0.1974 -0.3276   1.641  3.556  0.000
   99 C   0.1001  0.2185   1.170  2.730  0.000
  100 N  -0.2004 -0.3301   1.641  3.559  0.000
  101 H   0.0690  0.1305   0.931  0.000  0.000
  102 H   0.0587  0.1182   0.941  0.000  0.000
  103 H   0.0559  0.1186   0.944  0.000  0.000
  104 H   0.0569  0.1201   0.943  0.000  0.000
  105 H   0.0490  0.1077   0.951  0.000  0.000
  106 H   0.0523  0.1094   0.948  0.000  0.000
  107 H   0.0347  0.0865   0.965  0.000  0.000
  108 H   0.0331  0.0858   0.967  0.000  0.000
  109 H   0.0311  0.0843   0.969  0.000  0.000
  110 H   0.0396  0.1021   0.960  0.000  0.000
  111 H   0.0485  0.1103   0.952  0.000  0.000
  112 H   0.0520  0.1126   0.948  0.000  0.000
  113 H   0.0548  0.1088   0.945  0.000  0.000
  114 H   0.0454  0.0992   0.955  0.000  0.000
  115 H   0.0448  0.1042   0.955  0.000  0.000
  116 H   0.0401  0.1035   0.960  0.000  0.000
  117 H   0.0403  0.1032   0.960  0.000  0.000
  118 H   0.0440  0.1026   0.956  0.000  0.000
  119 H   0.0482  0.1020   0.952  0.000  0.000
  120 H   0.0472  0.1009   0.953  0.000  0.000
  121 H   0.0559  0.1096   0.944  0.000  0.000
  122 H   0.0452  0.1044   0.955  0.000  0.000
  123 H   0.0418  0.1035   0.958  0.000  0.000
  124 H   0.0403  0.1025   0.960  0.000  0.000
  125 H   0.0476  0.1073   0.952  0.000  0.000
  126 H   0.0445  0.0983   0.956  0.000  0.000
  127 H   0.0603  0.1214   0.940  0.000  0.000
  128 H   0.0502  0.1079   0.950  0.000  0.000
  129 H   0.0436  0.1023   0.956  0.000  0.000
  130 H   0.0411  0.1026   0.959  0.000  0.000
  131 H   0.0418  0.1035   0.958  0.000  0.000
  132 H   0.0448  0.1034   0.955  0.000  0.000
  133 H   0.0476  0.1016   0.952  0.000  0.000
  134 H   0.0556  0.1094   0.944  0.000  0.000
  135 H   0.0465  0.1000   0.954  0.000  0.000
  136 H   0.0441  0.1033   0.956  0.000  0.000
  137 H   0.0381  0.1007   0.962  0.000  0.000
  138 H   0.0482  0.1086   0.952  0.000  0.000
  139 H   0.0445  0.1023   0.956  0.000  0.000
  140 H   0.0462  0.1077   0.954  0.000  0.000
  141 H   0.0450  0.1025   0.955  0.000  0.000
  142 H   0.0456  0.1033   0.954  0.000  0.000
  143 H   0.0525  0.1177   0.947  0.000  0.000
  144 H   0.0628  0.1288   0.937  0.000  0.000
  145 H   0.0608  0.1204   0.939  0.000  0.000
  146 H   0.0621  0.1269   0.938  0.000  0.000
 Hirshfeld charges for QMDFF written to <charges>
 
 Loewdin charges    n(s)   n(p)   n(d)
    1 C   0.0191   1.099  2.882  0.000
    2 C  -0.0378   1.138  2.899  0.000
    3 C   0.1328   1.139  2.729  0.000
    4 O  -0.2069   1.595  4.612  0.000
    5 C  -0.0301   1.150  2.880  0.000
    6 C  -0.0173   1.093  2.925  0.000
    7 C   0.0908   1.103  2.806  0.000
    8 CL -0.0358   1.887  5.125  0.024
    9 C   0.0846   1.132  2.783  0.000
   10 F  -0.1014   1.661  5.440  0.000
   11 C  -0.0227   1.090  2.933  0.000
   12 C  -0.0041   1.126  2.878  0.000
   13 C   0.0229   1.156  2.821  0.000
   14 C  -0.0115   1.073  2.939  0.000
   15 C   0.0868   1.137  2.776  0.000
   16 N  -0.1930   1.604  3.589  0.000
   17 C   0.0873   1.137  2.776  0.000
   18 N  -0.2052   1.603  3.602  0.000
   19 C   0.0111   1.118  2.870  0.000
   20 C  -0.0805   1.099  2.982  0.000
   21 C  -0.0075   1.127  2.881  0.000
   22 S  -0.0511   1.885  4.085  0.082
   23 C  -0.0091   1.062  2.947  0.000
   24 C  -0.0888   1.024  3.065  0.000
   25 C   0.0026   1.130  2.867  0.000
   26 S   0.0889   1.874  3.940  0.097
   27 C  -0.0236   1.124  2.900  0.000
   28 C   0.0227   1.140  2.838  0.000
   29 N  -0.0707   1.185  3.885  0.000
   30 C   0.0329   1.136  2.831  0.000
   31 C  -0.0446   1.085  2.959  0.000
   32 C  -0.0306   1.080  2.951  0.000
   33 C   0.0221   1.116  2.862  0.000
   34 S  -0.0633   1.877  4.105  0.082
   35 C  -0.0557   0.996  3.059  0.000
   36 C  -0.0546   1.081  2.974  0.000
   37 C  -0.0469   1.087  2.960  0.000
   38 C   0.0372   1.137  2.826  0.000
   39 C  -0.0389   1.087  2.952  0.000
   40 C  -0.0383   1.080  2.959  0.000
   41 C   0.0199   1.117  2.863  0.000
   42 S  -0.0670   1.877  4.108  0.082
   43 C  -0.0502   0.994  3.056  0.000
   44 C  -0.0500   1.080  2.970  0.000
   45 C  -0.0387   1.086  2.952  0.000
   46 C  -0.0333   1.122  2.911  0.000
   47 S   0.0666   1.878  3.947  0.109
   48 C  -0.0374   1.134  2.904  0.000
   49 C   0.0131   1.137  2.850  0.000
   50 N  -0.0794   1.182  3.898  0.000
   51 C   0.0363   1.136  2.828  0.000
   52 C  -0.0412   1.086  2.955  0.000
   53 C  -0.0480   1.081  2.967  0.000
   54 C   0.0185   1.118  2.864  0.000
   55 S  -0.0703   1.878  4.111  0.082
   56 C  -0.0571   0.997  3.060  0.000
   57 C  -0.0403   1.080  2.960  0.000
   58 C  -0.0394   1.087  2.953  0.000
   59 C   0.0366   1.135  2.828  0.000
   60 C  -0.0401   1.085  2.955  0.000
   61 C  -0.0368   1.080  2.957  0.000
   62 C   0.0161   1.116  2.868  0.000
   63 S  -0.0705   1.878  4.111  0.082
   64 C  -0.0516   0.994  3.057  0.000
   65 C  -0.0510   1.081  2.970  0.000
   66 C  -0.0484   1.086  2.962  0.000
   67 C  -0.0320   1.124  2.908  0.000
   68 S   0.0590   1.881  3.957  0.103
   69 C   0.0225   1.119  2.859  0.000
   70 C  -0.0157   1.099  2.917  0.000
   71 C  -0.0288   1.144  2.885  0.000
   72 C   0.1470   1.147  2.706  0.000
   73 O  -0.1830   1.596  4.587  0.000
   74 C  -0.0249   1.142  2.883  0.000
   75 C   0.0065   1.134  2.859  0.000
   76 C  -0.0067   1.129  2.878  0.000
   77 C  -0.0170   1.085  2.932  0.000
   78 C  -0.0225   1.092  2.930  0.000
   79 C  -0.0134   1.083  2.931  0.000
   80 C  -0.0132   1.093  2.920  0.000
   81 C   0.0261   1.111  2.863  0.000
   82 C  -0.0066   1.098  2.908  0.000
   83 C   0.0108   1.113  2.876  0.000
   84 C  -0.0186   1.142  2.876  0.000
   85 C   0.1378   1.139  2.723  0.000
   86 O  -0.1906   1.591  4.600  0.000
   87 C  -0.0250   1.144  2.881  0.000
   88 C  -0.0022   1.085  2.917  0.000
   89 C   0.0993   1.128  2.773  0.000
   90 F  -0.0946   1.658  5.437  0.000
   91 C   0.1011   1.127  2.772  0.000
   92 F  -0.0919   1.657  5.435  0.000
   93 C  -0.0152   1.088  2.927  0.000
   94 C  -0.0005   1.125  2.875  0.000
   95 C   0.0280   1.153  2.819  0.000
   96 C   0.0098   1.075  2.915  0.000
   97 C   0.0928   1.136  2.771  0.000
   98 N  -0.1865   1.603  3.583  0.000
   99 C   0.0938   1.136  2.770  0.000
  100 N  -0.1895   1.603  3.586  0.000
  101 H   0.0567   0.943  0.000  0.000
  102 H   0.0477   0.952  0.000  0.000
  103 H   0.0450   0.955  0.000  0.000
  104 H   0.0495   0.950  0.000  0.000
  105 H   0.0448   0.955  0.000  0.000
  106 H   0.0477   0.952  0.000  0.000
  107 H   0.0343   0.966  0.000  0.000
  108 H   0.0324   0.968  0.000  0.000
  109 H   0.0317   0.968  0.000  0.000
  110 H   0.0316   0.968  0.000  0.000
  111 H   0.0397   0.960  0.000  0.000
  112 H   0.0494   0.951  0.000  0.000
  113 H   0.0532   0.947  0.000  0.000
  114 H   0.0442   0.956  0.000  0.000
  115 H   0.0378   0.962  0.000  0.000
  116 H   0.0328   0.967  0.000  0.000
  117 H   0.0324   0.968  0.000  0.000
  118 H   0.0359   0.964  0.000  0.000
  119 H   0.0464   0.954  0.000  0.000
  120 H   0.0455   0.954  0.000  0.000
  121 H   0.0541   0.946  0.000  0.000
  122 H   0.0381   0.962  0.000  0.000
  123 H   0.0336   0.966  0.000  0.000
  124 H   0.0321   0.968  0.000  0.000
  125 H   0.0402   0.960  0.000  0.000
  126 H   0.0431   0.957  0.000  0.000
  127 H   0.0576   0.942  0.000  0.000
  128 H   0.0486   0.951  0.000  0.000
  129 H   0.0356   0.964  0.000  0.000
  130 H   0.0331   0.967  0.000  0.000
  131 H   0.0336   0.966  0.000  0.000
  132 H   0.0366   0.963  0.000  0.000
  133 H   0.0460   0.954  0.000  0.000
  134 H   0.0538   0.946  0.000  0.000
  135 H   0.0449   0.955  0.000  0.000
  136 H   0.0371   0.963  0.000  0.000
  137 H   0.0305   0.969  0.000  0.000
  138 H   0.0384   0.962  0.000  0.000
  139 H   0.0360   0.964  0.000  0.000
  140 H   0.0373   0.963  0.000  0.000
  141 H   0.0364   0.964  0.000  0.000
  142 H   0.0369   0.963  0.000  0.000
  143 H   0.0418   0.958  0.000  0.000
  144 H   0.0518   0.948  0.000  0.000
  145 H   0.0492   0.951  0.000  0.000
  146 H   0.0505   0.949  0.000  0.000
 
 Wiberg/Mayer (AO) data. WBOs > 0.1 written file <wbo>
 largest (>0.05) Wiberg bond orders for each atom
           total WBO             WBO to atom ...
     1  C   3.926    C    2 1.510    C   19 1.220    H  101 0.934
     2  C   3.916    C    1 1.510    C   13 1.105    C    3 0.997    O    4 0.068
     3  C   3.902    O    4 1.800    C    2 0.997    C    5 0.966
     4  O   2.144    C    3 1.800    C    2 0.068    C    5 0.064
     5  C   3.934    C    6 1.405    C   12 1.263    C    3 0.966    C    9 0.085    O    4 0.064
     6  C   3.961    C    5 1.405    C    7 1.370    H  102 0.939    C   11 0.085
     7  C   3.923    C    6 1.370    C    9 1.333    CL   8 1.025    C   12 0.084
     8  CL  1.173    C    7 1.025
     9  C   3.909    C   11 1.397    C    7 1.333    F   10 0.978    C    5 0.085
    10  F   1.106    C    9 0.978
    11  C   3.957    C    9 1.397    C   12 1.377    H  103 0.937    C    6 0.085
    12  C   3.951    C   11 1.377    C    5 1.263    C   13 1.047    C    7 0.084
    13  C   3.929    C   14 1.442    C    2 1.105    C   12 1.047    N   16 0.095    N   18 0.094
    14  C   3.951    C   13 1.442    C   17 1.079    C   15 1.063    N   18 0.080    N   16 0.078
    15  C   3.943    N   16 2.789    C   14 1.063
    16  N   3.063    C   15 2.789    C   13 0.095    C   14 0.078
    17  C   3.940    N   18 2.772    C   14 1.079
    18  N   3.044    C   17 2.772    C   13 0.094    C   14 0.080
    19  C   3.923    C   20 1.410    C    1 1.220    S   26 1.089    C   25 0.074
    20  C   3.960    C   19 1.410    C   21 1.341    H  104 0.931    S   26 0.073
    21  C   3.932    C   25 1.352    C   20 1.341    S   22 1.035
    22  S   2.248    C   21 1.035    C   23 0.979
    23  C   3.961    C   24 1.010    S   22 0.979    H  105 0.972    H  106 0.968
    24  C   3.982    C   23 1.010    H  108 0.983    H  109 0.980    H  107 0.976
    25  C   3.910    C   21 1.352    C   27 1.165    S   26 1.126    C   19 0.074
    26  S   2.531    C   25 1.126    C   19 1.089    C   20 0.073
    27  C   3.916    C   28 1.418    C   25 1.165    S   68 1.062    C   67 0.061
    28  C   3.900    C   27 1.418    C   46 1.202    N   29 1.028    S   68 0.065
    29  N   3.342    C   28 1.028    C   30 0.983    C   38 0.982
    30  C   3.929    C   37 1.373    C   31 1.360    N   29 0.983    C   33 0.095
    31  C   3.969    C   32 1.463    C   30 1.360    H  110 0.944    C   36 0.098
    32  C   3.971    C   31 1.463    C   33 1.356    H  111 0.943    C   37 0.103
    33  C   3.954    C   36 1.376    C   32 1.356    S   34 1.043    C   30 0.095
    34  S   2.219    C   33 1.043    C   35 0.998
    35  C   3.982    S   34 0.998    H  114 0.989    H  112 0.983    H  113 0.980
    36  C   3.971    C   37 1.443    C   33 1.376    H  115 0.943    C   31 0.098
    37  C   3.968    C   36 1.443    C   30 1.373    H  116 0.943    C   32 0.103
    38  C   3.930    C   45 1.376    C   39 1.356    N   29 0.982    C   41 0.095
    39  C   3.968    C   40 1.465    C   38 1.356    H  117 0.944    C   44 0.099
    40  C   3.972    C   39 1.465    C   41 1.359    H  118 0.944    C   45 0.103
    41  C   3.951    C   44 1.377    C   40 1.359    S   42 1.040    C   38 0.095
    42  S   2.214    C   41 1.040    C   43 0.999
    43  C   3.983    S   42 0.999    H  120 0.989    H  119 0.989    H  121 0.980
    44  C   3.972    C   45 1.443    C   41 1.377    H  122 0.943    C   39 0.099
    45  C   3.967    C   44 1.443    C   38 1.376    H  123 0.944    C   40 0.103
    46  C   3.929    C   67 1.387    C   28 1.202    S   47 1.094    C   48 0.070    S   68 0.051
    47  S   2.503    C   46 1.094    C   48 1.092    C   49 0.070    C   67 0.056
    48  C   3.894    C   49 1.478    S   47 1.092    C   69 1.044    C   46 0.070
    49  C   3.920    C   48 1.478    C   67 1.195    N   50 1.010    S   47 0.070
    50  N   3.337    C   49 1.010    C   59 0.997    C   51 0.981
    51  C   3.931    C   52 1.374    C   58 1.360    N   50 0.981    C   54 0.096
    52  C   3.970    C   53 1.448    C   51 1.374    H  124 0.944    C   57 0.102
    53  C   3.972    C   52 1.448    C   54 1.373    H  125 0.942    C   58 0.099
    54  C   3.954    C   53 1.373    C   57 1.362    S   55 1.038    C   51 0.096
    55  S   2.215    C   54 1.038    C   56 0.999
    56  C   3.980    S   55 0.999    H  126 0.990    H  128 0.984    H  127 0.971
    57  C   3.971    C   58 1.461    C   54 1.362    H  129 0.944    C   52 0.102
    58  C   3.969    C   57 1.461    C   51 1.360    H  130 0.944    C   53 0.099
    59  C   3.932    C   66 1.372    C   60 1.353    N   50 0.997    C   62 0.094
    60  C   3.969    C   61 1.468    C   59 1.353    H  131 0.944    C   65 0.100
    61  C   3.972    C   60 1.468    C   62 1.357    H  132 0.944    C   66 0.102
    62  C   3.952    C   65 1.381    C   61 1.357    S   63 1.036    C   59 0.094
    63  S   2.207    C   62 1.036    C   64 0.998
    64  C   3.983    S   63 0.998    H  135 0.990    H  133 0.988    H  134 0.980
    65  C   3.972    C   66 1.440    C   62 1.381    H  136 0.943    C   60 0.100
    66  C   3.969    C   65 1.440    C   59 1.372    H  137 0.944    C   61 0.102
    67  C   3.915    C   46 1.387    C   49 1.195    S   68 1.091    C   27 0.061    S   47 0.056
    68  S   2.473    C   67 1.091    C   27 1.062    C   28 0.065    C   46 0.051
    69  C   3.927    C   78 1.361    C   70 1.325    C   48 1.044    C   76 0.091
    70  C   3.958    C   71 1.433    C   69 1.325    H  138 0.943    C   77 0.080
    71  C   3.940    C   70 1.433    C   76 1.261    C   72 0.965    C   78 0.089    O   73 0.062
    72  C   3.905    O   73 1.852    C   71 0.965    C   74 0.961
    73  O   2.186    C   72 1.852    C   71 0.062    C   74 0.062
    74  C   3.944    C   82 1.445    C   75 1.258    C   72 0.961    C   80 0.086    O   73 0.062
    75  C   3.939    C   79 1.384    C   74 1.258    C   76 1.037    C   81 0.085
    76  C   3.940    C   77 1.392    C   71 1.261    C   75 1.037    C   69 0.091
    77  C   3.954    C   78 1.426    C   76 1.392    H  139 0.943    C   70 0.080
    78  C   3.958    C   77 1.426    C   69 1.361    H  140 0.944    C   71 0.089
    79  C   3.955    C   80 1.440    C   75 1.384    H  141 0.943    C   82 0.077
    80  C   3.953    C   79 1.440    C   81 1.340    H  142 0.945    C   74 0.086
    81  C   3.935    C   80 1.340    C   82 1.303    C   83 1.104    C   75 0.085
    82  C   3.953    C   74 1.445    C   81 1.303    H  143 0.942    C   79 0.077
    83  C   3.924    C   84 1.625    C   81 1.104    H  144 0.922    O   86 0.059
    84  C   3.933    C   83 1.625    C   95 1.068    C   85 0.979    O   86 0.065
    85  C   3.910    O   86 1.809    C   87 0.983    C   84 0.979
    86  O   2.185    C   85 1.809    C   84 0.065    C   87 0.063    C   83 0.059
    87  C   3.939    C   88 1.384    C   94 1.270    C   85 0.983    C   91 0.085    O   86 0.063
    88  C   3.964    C   89 1.393    C   87 1.384    H  145 0.941    C   93 0.088
    89  C   3.903    C   88 1.393    C   91 1.325    F   90 0.983    C   94 0.084
    90  F   1.110    C   89 0.983
    91  C   3.913    C   93 1.400    C   89 1.325    F   92 0.986    C   87 0.085
    92  F   1.115    C   91 0.986
    93  C   3.958    C   91 1.400    C   94 1.370    H  146 0.934    C   88 0.088
    94  C   3.953    C   93 1.370    C   87 1.270    C   95 1.054    C   89 0.084
    95  C   3.937    C   96 1.494    C   84 1.068    C   94 1.054    N   98 0.095    N  100 0.094
    96  C   3.947    C   95 1.494    C   99 1.055    C   97 1.055    N  100 0.077    N   98 0.077
    97  C   3.941    N   98 2.799    C   96 1.055
    98  N   3.056    C   97 2.799    C   95 0.095    C   96 0.077
    99  C   3.941    N  100 2.793    C   96 1.055
   100  N   3.054    C   99 2.793    C   95 0.094    C   96 0.077
   101  H   0.990    C    1 0.934
   102  H   0.995    C    6 0.939
   103  H   0.994    C   11 0.937
   104  H   0.995    C   20 0.931
   105  H   0.997    C   23 0.972
   106  H   0.996    C   23 0.968
   107  H   0.998    C   24 0.976
   108  H   0.999    C   24 0.983
   109  H   0.999    C   24 0.980
   110  H   0.997    C   31 0.944
   111  H   0.997    C   32 0.943
   112  H   0.997    C   35 0.983
   113  H   0.996    C   35 0.980
   114  H   0.998    C   35 0.989
   115  H   0.997    C   36 0.943
   116  H   0.998    C   37 0.943
   117  H   0.997    C   39 0.944
   118  H   0.997    C   40 0.944
   119  H   0.998    C   43 0.989
   120  H   0.997    C   43 0.989
   121  H   0.996    C   43 0.980
   122  H   0.997    C   44 0.943
   123  H   0.998    C   45 0.944
   124  H   0.998    C   52 0.944
   125  H   0.997    C   53 0.942
   126  H   0.998    C   56 0.990
   127  H   0.996    C   56 0.971
   128  H   0.997    C   56 0.984
   129  H   0.997    C   57 0.944
   130  H   0.997    C   58 0.944
   131  H   0.997    C   60 0.944
   132  H   0.997    C   61 0.944
   133  H   0.998    C   64 0.988
   134  H   0.996    C   64 0.980
   135  H   0.998    C   64 0.990
   136  H   0.997    C   65 0.943
   137  H   0.998    C   66 0.944
   138  H   0.996    C   70 0.943
   139  H   0.994    C   77 0.943
   140  H   0.994    C   78 0.944
   141  H   0.994    C   79 0.943
   142  H   0.994    C   80 0.945
   143  H   0.996    C   82 0.942
   144  H   0.991    C   83 0.922
   145  H   0.995    C   88 0.941
   146  H   0.993    C   93 0.934
 
 --------------------------------------------
          xTB calculation for sTDA...
 --------------------------------------------
 
 reading parameter file /ihome/ghutchison/blp62/xtb4stda/.param_stda2.xtb
 
      method parameters     
 k(s)        :  1.6000
 k(p)        :  2.1800
 k(d)        :  1.9500
 k(f)        :  2.0000
 k(R-V)      :  2.2750
 k(R-R)      :  1.7650
 Tscal       :  0.2580
 Gscal       :  1.0000
 fpol        :  1.0000
 Zcnf        :  0.3430
 Zqf         :  0.0000
 kcn         :  2.7000
 Ryd Hsplit  :  0.7000
 lshift(virt):  3.1000
 lshift(OS)  :  0.2000
 wllscaling  :  2.6000
 
 mowrcut     : 3.000
 
  Z AO/shell   Hii/eV     exponent
  1     Sun Feb 14 09:53:25 CET 2016    EN: 2.327 GAM: 0.473  GM3: 0.0000
     1s    -14.339618    1.220000
     2sp    -3.348946    0.600000
  6     Sun Feb 14 09:53:25 CET 2016    EN: 2.731 GAM: 0.422  GM3: 0.0000
     2s    -22.009312    1.565095
     2p    -13.020408    1.596905
     3sp    -3.914040    0.824500
  7     Sun Feb 14 09:53:25 CET 2016    EN: 3.573 GAM: 0.504  GM3: 0.0000
     2s    -25.722000    2.064844
     2p    -18.684912    1.801692
     3sp    -4.344791    0.921400
  8     Sun Feb 14 09:53:25 CET 2016    EN: 3.700 GAM: 0.587  GM3: 0.0000
     2s    -33.859000    2.418661
     2p    -22.175911    1.973969
     3sp    -4.259392    1.013700
  9     Sun Feb 21 12:20:01 CET 2016    EN: 3.394 GAM: 0.600  GM3: 0.0000
     2s    -26.548112    1.943768
     2p    -23.081168    2.552035
     3sp    -1.937199    1.103200
 16     Sun Feb 21 16:35:57 CET 2016    EN: 1.915 GAM: 0.200  GM3: 0.0000
     3s    -17.898811    2.619580
     3p    -15.317401    1.798798
     4sp    -4.455139    0.843200
 17     Sun Feb 21 16:32:04 CET 2016    EN: 2.375 GAM: 0.300  GM3: 0.0000
     3s    -29.486180    2.293696
     3p    -18.696427    2.332982
     4sp    -5.680125    0.918900
 
 Nbf   :         1030
 T(el) :     0.0
 calculating S/T integrals ...
 cpu time for ints    2.42254000000000     
 Nao   :         1030
 making H0...
 making H1...
 cpu time for H      2.686300000000053E-002
 solving ...
 cpu time for diag    3.79654000000000     
 
 gap (eV)           :   3.661
 Koopmans IP (eV)   :  13.035
 Eel (Eh)           :  -420.476188

          eigenvalues
 #    :         231        232        233        234        235        236        237        238
 occ. :        2.000      2.000      2.000      2.000      2.000      2.000      2.000      2.000
 eps  :       -16.079    -15.981    -15.930    -15.618    -15.405    -15.002    -14.856    -14.648
 #    :         239        240        241        242        243        244        245        246
 occ. :        2.000      2.000      2.000      2.000      2.000      0.000      0.000      0.000
 eps  :       -14.534    -14.431    -13.828    -13.253    -13.036     -9.375     -9.006     -8.910
 #    :         247        248        249        250        251        252        253        254
 occ. :        0.000      0.000      0.000      0.000      0.000      0.000      0.000      0.000
 eps  :        -8.556     -8.489     -7.172     -6.929     -6.668     -6.313     -6.180     -5.882
                            1  SCC done.
 writing mo output ...
 molden style : F
 
speedup  3.71
cpu  time for all    9.02 s
wall time for all    2.43 s
