 
        ______________________________________
       |                                      |
       |          ===================         |
       |             xTB for sTDA             |
       |          ===================         |
       |               S. Grimme              |
       |        Universitaet Bonn, MCTC       |
       |         2015-19, Version 1.0         |
       |     Wed Apr  3 09:14:55 CEST 2019    |
       |______________________________________|
 
        This code comes without any warranty
        for non-commercial, academia use only.
        Preliminary test version.
        Cite this work as:
        S. Grimme  &  C. Bannwarth, JCP 145 (2016) 054103
        if GBSA is used additionally:
        P. Shushkov, F. März, C. Bannwarth, S. Grimme, unpublished.
 
        with help from
        P. Shushkov, G. Brandenburg, S. Dohm, J. Pisarek,
        F. März, M. Checinski, S. Ehrlich, S. Spicher, 
        P. Pracht, E. Caldeweyher, S. Ehlert, and C. Bannwarth.
 
        usage        :
        xtb4stda <coord_file> [options]
        where <coord_file> is a valid file of TM)
        (*coord, Bohr) or xmol (*xyz, Angstroem)
        format.

        options:
        -chrg <int>   : molecular charge
        -uhf  <int>   : # of unpaired electrons(=2*S)
        -nox          : skip second, extended part in sTDA-xTB
        -pop          : do population analysis
                      : (default for -nox)
        -mowr <real>  : cut MO write above (def.3 Eh)
        -molden       : write formatted molden file
        -parx <file>  : read parameters for sTDA-xTB
                        calc (def:~/.param_stda2.xtb)
        -parv <file>  : read parameters for vTB part in
                        sTDA-xTB (def: ~/.param_stda1.xtb)
        -xtemp <real> : el. temp for xTB (def. 0 K)
        -etemp <real> : el. temp for GFN (def. 300 K)
        -fod          : calculate the FOD and write
                        molden.input file with
                        appropriate occupations
                        for plotting. Def. T=12500 K
 
        -acc <real>   : xTB accuracy (def. 1.0)
        -gbsa [string1] [string2]
                        use GBSA implicit solvent
                        for solvent [string1] and
                        solvation state [string2]=
                        reference, bar1M (default=1M)
        additional GFN/opt/MD/siman options read from
        $XTB4STDAHOME/.xtb4stdarc or $set in input
 
       spin and charge state information can be on:
       <.CHRG> (charge) and <.UHF> (=nalpha-nbeta)
       -uhf and -chrg override the file info.
       useful machine settings:
       setenv MKL_NUM_THREADS <NCORE_ON_YOUR_MACHINE>
       setenv OMP_STACKSIZE 500m
       limit stacksize unlimited
 
       total energies in Eh, gaps/HL energies in eV
       please read REVISION and HOWTO files carefully
 =============================
  # OMP threads =           8
 =============================
 
 xtb4stdahome directory:/ihome/ghutchison/blp62/xtb4stda/
 
 
 name of molecule           :
 comment line               :
 number of atoms            :   196
 number of electrons        :   660
 charge                     :  0
 spin                       : 0.0
 first test random number   :  0.1913
 
 -----------------------------------------
      charge density (VTB) calculation
 -----------------------------------------
 
      method parameters     
 k(s)        :  1.8000
 k(p)        :  2.8350
 k(d)        :  2.0860
 k(f)        :  2.0000
 Tscal       :  0.3300
 Gscal       :  0.3910
 fpol        :  1.0000
 Zcnf        :  0.6500
 Zqf         :  0.0000
 kcn         :  0.3000
 kEN1        : -0.5900
 wllscal     :  2.6000
 
     -------------------------
     ! NO SOLVENT MODEL USED !
     -------------------------
 
 doing EN charges ...
 sum q : -0.4440892D-15
 point charge moment (au)
     X       Y       Z   
   0.6756  -0.6519  -0.9334  total (Debye):    3.365
 
            Z      q(EN)   CN      Cart. coordinates
     1  C   4.0  -0.077   3.255   -10.99216    -1.29786   -11.59744
     2  C   4.0  -0.003   3.328   -10.33926    -2.20191   -13.97226
     3  C   4.0   0.098   3.266    -9.08713    -4.61603   -14.41445
     4  O   6.0  -0.106   1.077    -8.52418    -6.20756   -12.85222
     5  C   4.0  -0.014   3.455    -8.89759    -4.84129   -17.20803
     6  C   4.0  -0.072   3.247    -7.83783    -6.75804   -18.62344
     7  CL  7.0   0.091   1.302    -6.32265    -9.23415   -17.21635
     8  C   4.0  -0.084   3.329    -7.98693    -6.61064   -21.26357
     9  CL  7.0   0.083   1.365    -6.59817    -8.88719   -23.08999
    10  C   4.0  -0.084   3.336    -9.30898    -4.63909   -22.39571
    11  CL  7.0   0.083   1.391    -9.60680    -4.57276   -25.61467
    12  C   4.0  -0.070   3.249   -10.41012    -2.70873   -20.94383
    13  CL  7.0   0.089   1.371   -12.24845    -0.51136   -22.45618
    14  C   4.0  -0.012   3.420   -10.09000    -2.74691   -18.34319
    15  C   4.0  -0.008   3.340   -10.81604    -0.98436   -16.33970
    16  C   4.0  -0.038   3.138   -11.29470     1.56734   -16.54606
    17  C   4.0   0.231   2.197   -11.64525     3.14772   -14.42730
    18  N   5.0  -0.213   1.031   -11.86975     4.59260   -12.81914
    19  C   4.0   0.228   2.224   -11.03921     3.10633   -18.69563
    20  N   5.0  -0.215   1.046   -10.66448     4.61925   -20.21043
    21  C   4.0  -0.074   3.227    -9.74040    -1.74856    -9.34451
    22  C   4.0   0.090   3.460    -7.30020    -2.70136    -8.77702
    23  N   5.0  -0.326   3.257    -5.38421    -3.24938   -10.40540
    24  C   4.0   0.089   3.299    -4.97716    -2.05961   -12.72088
    25  C   4.0  -0.070   3.209    -5.68732     0.43823   -13.15911
    26  C   4.0  -0.082   3.227    -5.28878     1.55430   -15.48517
    27  C   4.0  -0.088   3.157    -4.18083     0.18557   -17.43631
    28  S   6.0   0.194   2.262    -3.70254     1.32810   -20.51486
    29  C   4.0  -0.323   3.989    -4.35960     4.68917   -20.31455
    30  C   4.0  -0.087   3.275    -3.39981    -2.29375   -16.98146
    31  C   4.0  -0.069   3.215    -3.77964    -3.39754   -14.66276
    32  C   4.0   0.073   3.357    -3.51886    -4.96261    -9.54935
    33  C   4.0  -0.071   3.215    -4.22977    -7.35614    -8.73658
    34  C   4.0  -0.083   3.225    -2.43812    -9.02609    -7.83575
    35  C   4.0  -0.088   3.156     0.08523    -8.30724    -7.72992
    36  S   6.0   0.189   2.253     2.52997   -10.23778    -6.56037
    37  C   4.0  -0.323   3.988     0.94014   -13.13473    -5.63743
    38  C   4.0  -0.087   3.269     0.79841    -5.91617    -8.58427
    39  C   4.0  -0.068   3.197    -0.98341    -4.25528    -9.49606
    40  C   4.0  -0.105   3.490    -6.93416    -2.76505    -6.13084
    41  S   6.0   0.233   2.716    -4.40835    -3.60843    -4.24376
    42  C   4.0  -0.077   3.291    -5.84133    -2.19511    -1.60343
    43  C   4.0   0.081   3.486    -8.25678    -1.32149    -2.11914
    44  N   5.0  -0.318   3.250    -9.95583    -0.27080    -0.44371
    45  C   4.0   0.092   3.275    -9.99911    -0.91179     2.10912
    46  C   4.0  -0.068   3.205   -10.79260     0.83280     3.91362
    47  C   4.0  -0.082   3.219   -10.79959     0.23263     6.45341
    48  C   4.0  -0.086   3.153   -10.00837    -2.13766     7.24823
    49  S   6.0   0.188   2.247    -9.87873    -3.11502    10.43469
    50  C   4.0  -0.323   3.987   -10.94529    -0.36869    12.19138
    51  C   4.0  -0.085   3.264    -9.26344    -3.91060     5.44808
    52  C   4.0  -0.068   3.200    -9.27081    -3.31628     2.91755
    53  C   4.0   0.078   3.325   -11.46157     1.70567    -1.39689
    54  C   4.0  -0.072   3.231   -10.35173     3.54928    -2.91112
    55  C   4.0  -0.083   3.229   -11.80909     5.35945    -4.09334
    56  C   4.0  -0.087   3.157   -14.41237     5.36021    -3.75621
    57  S   6.0   0.188   2.246   -16.44761     7.50694    -5.29123
    58  C   4.0  -0.323   3.989   -14.60456     8.54175    -7.99827
    59  C   4.0  -0.086   3.258   -15.51144     3.60333    -2.12991
    60  C   4.0  -0.067   3.188   -14.05692     1.78504    -0.96414
    61  C   4.0  -0.106   3.487    -8.84581    -1.66901    -4.71298
    62  S   6.0   0.226   2.622   -11.35688    -0.76591    -6.57927
    63  C   4.0  -0.007   3.319    -4.22505    -1.87706     0.56446
    64  C   4.0  -0.075   3.220    -2.40808    -3.68459     1.10700
    65  C   4.0  -0.072   3.195    -0.40421    -3.20271     2.72971
    66  C   4.0  -0.005   3.305    -0.14324    -0.87683     3.88660
    67  C   4.0   0.090   3.387    -2.17375     0.87324     3.69328
    68  N   5.0  -0.221   2.188    -2.18830     2.94079     5.16991
    69  C   4.0   0.043   3.208    -3.95973     4.61717     4.78724
    70  C   4.0   0.043   3.210    -5.73286     4.33163     2.83270
    71  N   5.0  -0.225   2.200    -5.86439     2.26238     1.49194
    72  C   4.0   0.092   3.366    -4.16798     0.42878     1.94680
    73  C   4.0  -0.080   3.288     2.20663    -0.09335     5.02157
    74  C   4.0   0.077   3.488     3.42040     2.19246     4.62492
    75  N   5.0  -0.315   3.247     2.61066     4.17346     3.10936
    76  C   4.0   0.091   3.278     1.31638     3.80477     0.84527
    77  C   4.0  -0.068   3.205     1.70888     1.65691    -0.64118
    78  C   4.0  -0.085   3.260     0.32541     1.27840    -2.81494
    79  C   4.0  -0.084   3.160    -1.45906     3.04907    -3.59010
    80  S   6.0   0.197   2.308    -3.20460     2.38049    -6.36479
    81  C   4.0  -0.322   3.990    -4.35714     5.46660    -7.34026
    82  C   4.0  -0.082   3.229    -1.81300     5.21999    -2.16411
    83  C   4.0  -0.068   3.211    -0.43785     5.59113     0.02022
    84  C   4.0   0.080   3.311     3.10501     6.62991     3.99734
    85  C   4.0  -0.069   3.206     2.72461     7.20968     6.54015
    86  C   4.0  -0.086   3.265     3.27338     9.58960     7.43475
    87  C   4.0  -0.086   3.154     4.19859    11.44683     5.81166
    88  S   6.0   0.187   2.249     4.82334    14.42485     7.17491
    89  C   4.0  -0.323   3.987     6.27143    16.21649     4.63304
    90  C   4.0  -0.083   3.220     4.55367    10.88199     3.27357
    91  C   4.0  -0.069   3.195     4.02058     8.48808     2.37973
    92  C   4.0  -0.106   3.478     5.77670     2.24140     5.89349
    93  S   6.0   0.226   2.579     8.18913     4.42082     6.10136
    94  C   4.0  -0.076   3.237    10.12477     2.21003     7.68929
    95  C   4.0   0.088   3.446     8.84033    -0.05594     8.18988
    96  N   5.0  -0.314   3.240     9.57241    -1.97250     9.76648
    97  C   4.0   0.083   3.298     7.83367    -3.04492    11.45533
    98  C   4.0  -0.070   3.207     5.89141    -1.60305    12.51225
    99  C   4.0  -0.086   3.266     4.23110    -2.67396    14.19997
   100  C   4.0  -0.087   3.153     4.47449    -5.20185    14.90446
   101  S   6.0   0.188   2.250     2.23668    -6.35156    17.08445
   102  C   4.0  -0.323   3.987     3.26186    -9.56371    17.71467
   103  C   4.0  -0.082   3.220     6.42526    -6.63199    13.88797
   104  C   4.0  -0.069   3.198     8.08481    -5.56033    12.18250
   105  C   4.0   0.078   3.292    12.09670    -2.87201     9.90179
   106  C   4.0  -0.068   3.205    12.99546    -4.49830     8.04948
   107  C   4.0  -0.083   3.235    15.46457    -5.34755     8.12563
   108  C   4.0  -0.087   3.163    17.05138    -4.57087    10.06619
   109  S   6.0   0.195   2.271    20.29547    -5.30597    10.21775
   110  C   4.0  -0.324   3.992    20.73540    -7.66624     7.76488
   111  C   4.0  -0.086   3.273    16.09990    -3.05606    12.00316
   112  C   4.0  -0.067   3.194    13.63040    -2.22931    11.93740
   113  C   4.0  -0.105   3.488     6.37896     0.01946     7.13296
   114  S   6.0   0.231   2.568     4.01038    -2.21155     6.81114
   115  C   4.0  -0.074   3.234    12.56176     3.03509     8.38755
   116  C   4.0  -0.004   3.323    14.74969     1.73345     7.88904
   117  C   4.0   0.100   3.260    14.93602    -0.04214     5.76555
   118  O   6.0  -0.109   1.073    13.24944    -0.76269     4.39267
   119  C   4.0  -0.015   3.453    17.67971    -0.54311     5.48134
   120  C   4.0  -0.072   3.247    18.87969    -2.04355     3.71350
   121  CL  7.0   0.090   1.299    17.19745    -3.79457     1.58189
   122  C   4.0  -0.084   3.330    21.52662    -2.14068     3.72881
   123  CL  7.0   0.083   1.365    23.08735    -4.05667     1.63650
   124  C   4.0  -0.085   3.337    22.88836    -0.64534     5.41029
   125  CL  7.0   0.083   1.394    26.11715    -0.68578     5.30654
   126  C   4.0  -0.071   3.250    21.65928     0.90045     7.18606
   127  CL  7.0   0.089   1.367    23.46208     2.89676     8.98716
   128  C   4.0  -0.012   3.418    19.03974     0.85227     7.30020
   129  C   4.0  -0.008   3.339    17.22013     2.08021     8.97525
   130  C   4.0  -0.038   3.136    17.57502     2.96347    11.38862
   131  C   4.0   0.234   2.183    15.53563     3.87885    12.84825
   132  N   5.0  -0.214   1.028    13.94920     4.60413    14.13912
   133  C   4.0   0.232   2.200    19.75520     2.77601    12.90475
   134  N   5.0  -0.216   1.041    21.33595     2.58836    14.37892
   135  H   1.0   0.076   1.013   -12.66362    -0.12586   -11.44588
   136  H   1.0   0.077   1.008    -6.55074     1.52010   -11.66093
   137  H   1.0   0.076   1.008    -5.87402     3.48711   -15.76655
   138  H   1.0   0.080   1.011    -3.28812     5.50912   -18.76914
   139  H   1.0   0.080   1.012    -6.37688     5.01325   -20.10612
   140  H   1.0   0.079   1.016    -3.71974     5.47151   -22.09978
   141  H   1.0   0.076   1.009    -2.51107    -3.33990   -18.48889
   142  H   1.0   0.077   1.008    -3.19761    -5.32392   -14.33716
   143  H   1.0   0.077   1.007    -6.19036    -7.90076    -8.86225
   144  H   1.0   0.076   1.007    -3.03452   -10.87670    -7.23085
   145  H   1.0   0.079   1.015     2.41110   -14.35644    -4.89420
   146  H   1.0   0.080   1.010    -0.44352   -12.74091    -4.17384
   147  H   1.0   0.080   1.010     0.07105   -14.01194    -7.27620
   148  H   1.0   0.076   1.008     2.76524    -5.38326    -8.50566
   149  H   1.0   0.076   1.006    -0.44106    -2.39504   -10.13347
   150  H   1.0   0.077   1.007   -11.38409     2.69324     3.32308
   151  H   1.0   0.076   1.007   -11.41281     1.64293     7.79002
   152  H   1.0   0.079   1.015   -10.86574    -0.91482    14.16709
   153  H   1.0   0.079   1.010   -12.87735     0.09127    11.67322
   154  H   1.0   0.079   1.010    -9.68144     1.21320    11.85482
   155  H   1.0   0.076   1.008    -8.68726    -5.76650     6.06734
   156  H   1.0   0.077   1.007    -8.72033    -4.72658     1.55147
   157  H   1.0   0.077   1.008    -8.32632     3.51565    -3.15868
   158  H   1.0   0.076   1.007   -10.91581     6.74972    -5.28613
   159  H   1.0   0.079   1.015   -15.93285     9.50192    -9.23188
   160  H   1.0   0.079   1.009   -13.14437     9.85870    -7.40829
   161  H   1.0   0.080   1.011   -13.80577     6.91696    -8.96410
   162  H   1.0   0.076   1.008   -17.52948     3.65057    -1.84229
   163  H   1.0   0.076   1.006   -14.92392     0.38513     0.24056
   164  H   1.0   0.075   1.010    -2.47573    -5.46943     0.11849
   165  H   1.0   0.075   1.008     1.06184    -4.60356     2.96574
   166  H   1.0   0.075   1.004    -3.97995     6.23458     6.03692
   167  H   1.0   0.076   1.005    -7.09101     5.79333     2.38710
   168  H   1.0   0.077   1.007     3.11521     0.28667    -0.09184
   169  H   1.0   0.076   1.009     0.62134    -0.39798    -3.93951
   170  H   1.0   0.080   1.010    -5.85626     6.10136    -6.09059
   171  H   1.0   0.080   1.011    -2.79887     6.80112    -7.36993
   172  H   1.0   0.080   1.015    -5.10283     5.21734    -9.23528
   173  H   1.0   0.076   1.008    -3.18135     6.62765    -2.71081
   174  H   1.0   0.077   1.007    -0.75835     7.27337     1.13100
   175  H   1.0   0.077   1.007     1.97628     5.77992     7.78775
   176  H   1.0   0.076   1.008     2.98633    10.04748     9.40120
   177  H   1.0   0.079   1.015     6.79923    18.01740     5.46131
   178  H   1.0   0.079   1.010     4.91971    16.51961     3.11843
   179  H   1.0   0.080   1.010     7.94630    15.24083     3.95935
   180  H   1.0   0.076   1.007     5.26100    12.28020     1.97193
   181  H   1.0   0.076   1.006     4.32313     8.04872     0.40950
   182  H   1.0   0.076   1.008     5.71056     0.37190    12.03472
   183  H   1.0   0.076   1.008     2.73481    -1.55732    15.01916
   184  H   1.0   0.079   1.015     1.96305   -10.28861    19.12743
   185  H   1.0   0.080   1.010     5.17199    -9.55389    18.46470
   186  H   1.0   0.079   1.010     3.13165   -10.69396    16.00655
   187  H   1.0   0.076   1.007     6.67583    -8.58786    14.39820
   188  H   1.0   0.076   1.007     9.59093    -6.69341    11.40223
   189  H   1.0   0.076   1.006    11.77318    -5.04443     6.51105
   190  H   1.0   0.077   1.008    16.12919    -6.58456     6.65146
   191  H   1.0   0.079   1.016    22.70695    -8.21804     7.88904
   192  H   1.0   0.081   1.012    20.35669    -6.86292     5.91654
   193  H   1.0   0.080   1.011    19.53221    -9.28536     8.14018
   194  H   1.0   0.076   1.008    17.33162    -2.52335    13.53970
   195  H   1.0   0.076   1.006    12.89492    -1.04067    13.42405
   196  H   1.0   0.075   1.009    12.68252     4.92463     9.17084
 
  Z AO/shell   Hii/eV     exponent
  1     Sat Feb 20 21:38:01 CET 2016    EN: 2.327 GAM: 0.473  GM3: 0.0000
     1s    -13.751157    1.051071
  6     Sat Feb 20 21:38:01 CET 2016    EN: 2.731 GAM: 0.422  GM3: 0.0000
     2s    -19.378245    2.021003
     2p    -11.993376    1.497917
  7     Sat Feb 20 21:38:01 CET 2016    EN: 3.573 GAM: 0.504  GM3: 0.0000
     2s    -21.576984    2.275442
     2p    -16.125120    2.056788
  8     Sat Feb 20 21:38:01 CET 2016    EN: 3.700 GAM: 0.587  GM3: 0.0000
     2s    -21.648843    2.110798
     2p    -17.239740    2.329048
 16     Sat Feb 20 23:13:41 CET 2016    EN: 1.915 GAM: 0.389  GM3: 0.0000
     3s    -22.000000    2.671470
     3p    -15.834192    1.836978
     3d     -2.593599    1.836978
 17     Sat Feb 20 23:13:41 CET 2016    EN: 2.375 GAM: 0.431  GM3: 0.0000
     3s    -21.000000    2.596786
     3p    -17.375270    2.088291
     3d     -1.372943    2.088291
 
 dipole moment of classical point charges (au)
     X       Y       Z   
   0.6756  -0.6519  -0.9334  total (Debye):    3.365

 
 Nbf   :          718
 T(el) :   300.0
 calculating S/T integrals ...
 cpu time for ints   0.854777000000000     
 Nao   :          698
 making H0...
 making H1...
 cpu time for H      5.118800000000001E-002
 solving ...
 cpu time for diag    2.20167400000000     
 
 gap (eV)           :   1.891
 Koopmans IP (eV)   :  11.978
 Eel (Eh)           :  -511.577844
 T,E(Fermi),NFOD :    300.000   -11.032  0.000000
 T,E(Fermi),NFOD :    300.000   -11.032  0.000000
 Nfod               :  0.0000
 Nfod/Nel           :  0.0000

          eigenvalues
 #    :         318        319        320        321        322        323        324        325
 occ. :        2.000      2.000      2.000      2.000      2.000      2.000      2.000      2.000
 eps  :       -13.925    -13.864    -13.850    -13.837    -13.787    -13.608    -13.590    -13.120
 #    :         326        327        328        329        330        331        332        333
 occ. :        2.000      2.000      2.000      2.000      2.000      0.000      0.000      0.000
 eps  :       -12.862    -12.571    -12.559    -12.337    -11.979    -10.088     -9.488     -9.466
 #    :         334        335        336        337        338        339        340        341
 occ. :        0.000      0.000      0.000      0.000      0.000      0.000      0.000      0.000
 eps  :        -9.207     -9.132     -9.038     -8.926     -8.345     -8.309     -7.905     -7.599
                            1  SCC done.
 making H1...
 cpu time for H       2.30405000000000     
 solving ...
 cpu time for diag   0.909797000000000     
 
 gap (eV)           :   2.019
 Koopmans IP (eV)   :  12.092
 Eel (Eh)           :  -512.519411
 T,E(Fermi),NFOD :    300.000   -11.082  0.000000
 T,E(Fermi),NFOD :    300.000   -11.082  0.000000
 Nfod               :  0.0000
 Nfod/Nel           :  0.0000

          eigenvalues
 #    :         318        319        320        321        322        323        324        325
 occ. :        2.000      2.000      2.000      2.000      2.000      2.000      2.000      2.000
 eps  :       -13.905    -13.891    -13.810    -13.617    -13.552    -13.534    -13.470    -13.189
 #    :         326        327        328        329        330        331        332        333
 occ. :        2.000      2.000      2.000      2.000      2.000      0.000      0.000      0.000
 eps  :       -12.910    -12.559    -12.539    -12.335    -12.093    -10.073     -9.751     -9.539
 #    :         334        335        336        337        338        339        340        341
 occ. :        0.000      0.000      0.000      0.000      0.000      0.000      0.000      0.000
 eps  :        -9.293     -9.245     -9.081     -8.940     -8.773     -8.616     -7.986     -7.625
                            2  SCC done.
 
 
 Mulliken/CM5 charges    n(s)   n(p)   n(d)   
    1 C   0.0023 -0.0438   1.155  2.843  0.000
    2 C  -0.0436 -0.0450   1.170  2.873  0.000
    3 C   0.1274  0.1640   1.173  2.700  0.000
    4 O  -0.2475 -0.2945   1.629  4.618  0.000
    5 C  -0.0448 -0.0432   1.196  2.849  0.000
    6 C   0.0532  0.0530   1.155  2.792  0.000
    7 CL -0.0103 -0.0097   1.895  5.112  0.003
    8 C   0.0394  0.0391   1.161  2.800  0.000
    9 CL -0.0277 -0.0275   1.898  5.126  0.004
   10 C   0.0433  0.0430   1.158  2.799  0.000
   11 CL -0.0253 -0.0250   1.898  5.124  0.004
   12 C   0.0467  0.0466   1.160  2.794  0.000
   13 CL -0.0128 -0.0104   1.897  5.112  0.003
   14 C  -0.0178 -0.0176   1.171  2.846  0.000
   15 C   0.0105  0.0103   1.198  2.791  0.000
   16 C  -0.0109 -0.0045   1.114  2.897  0.000
   17 C   0.0912  0.2090   1.176  2.733  0.000
   18 N  -0.2281 -0.3625   1.642  3.586  0.000
   19 C   0.0814  0.2006   1.176  2.742  0.000
   20 N  -0.2208 -0.3571   1.641  3.580  0.000
   21 C  -0.0185 -0.0063   1.165  2.854  0.000
   22 C   0.0644  0.1364   1.180  2.755  0.000
   23 N  -0.0710 -0.3195   1.228  3.843  0.000
   24 C   0.0518  0.1097   1.170  2.779  0.000
   25 C  -0.0468 -0.0950   1.141  2.906  0.000
   26 C  -0.0530 -0.1055   1.135  2.918  0.000
   27 C  -0.0124 -0.0076   1.168  2.845  0.000
   28 S  -0.0271 -0.0713   1.888  4.111  0.028
   29 C  -0.0760 -0.2102   1.075  3.001  0.000
   30 C  -0.0485 -0.1000   1.134  2.914  0.000
   31 C  -0.0371 -0.0847   1.140  2.897  0.000
   32 C   0.0456  0.0999   1.174  2.781  0.000
   33 C  -0.0313 -0.0788   1.141  2.890  0.000
   34 C  -0.0506 -0.1033   1.132  2.918  0.000
   35 C  -0.0037  0.0010   1.167  2.837  0.000
   36 S  -0.0238 -0.0677   1.890  4.108  0.026
   37 C  -0.0728 -0.2077   1.072  3.000  0.000
   38 C  -0.0410 -0.0924   1.132  2.909  0.000
   39 C  -0.0333 -0.0815   1.141  2.892  0.000
   40 C  -0.0432 -0.0225   1.165  2.878  0.000
   41 S   0.1024  0.0653   1.893  3.954  0.051
   42 C  -0.0379 -0.0211   1.184  2.854  0.000
   43 C   0.0444  0.1136   1.166  2.790  0.000
   44 N  -0.1069 -0.3503   1.224  3.882  0.000
   45 C   0.0471  0.1069   1.169  2.784  0.000
   46 C  -0.0482 -0.0955   1.136  2.912  0.000
   47 C  -0.0548 -0.1075   1.133  2.922  0.000
   48 C  -0.0136 -0.0090   1.164  2.849  0.000
   49 S  -0.0318 -0.0755   1.890  4.114  0.027
   50 C  -0.0736 -0.2084   1.072  3.001  0.000
   51 C  -0.0441 -0.0955   1.132  2.912  0.000
   52 C  -0.0505 -0.0981   1.137  2.914  0.000
   53 C   0.0420  0.0974   1.174  2.784  0.000
   54 C  -0.0460 -0.0932   1.143  2.903  0.000
   55 C  -0.0503 -0.1029   1.135  2.915  0.000
   56 C  -0.0071 -0.0026   1.166  2.841  0.000
   57 S  -0.0357 -0.0792   1.891  4.117  0.027
   58 C  -0.0751 -0.2097   1.075  3.000  0.000
   59 C  -0.0400 -0.0915   1.134  2.906  0.000
   60 C  -0.0370 -0.0856   1.139  2.898  0.000
   61 C  -0.0430 -0.0228   1.177  2.866  0.000
   62 S   0.0955  0.0602   1.893  3.966  0.046
   63 C   0.0138  0.0168   1.163  2.823  0.000
   64 C  -0.0296 -0.0816   1.142  2.888  0.000
   65 C  -0.0242 -0.0765   1.142  2.882  0.000
   66 C   0.0178  0.0211   1.163  2.820  0.000
   67 C   0.0471  0.1270   1.189  2.763  0.000
   68 N  -0.1714 -0.3680   1.487  3.684  0.000
   69 C   0.0373  0.0721   1.165  2.798  0.000
   70 C   0.0380  0.0726   1.165  2.797  0.000
   71 N  -0.1742 -0.3757   1.484  3.690  0.000
   72 C   0.0468  0.1262   1.190  2.763  0.000
   73 C  -0.0379 -0.0202   1.176  2.862  0.000
   74 C   0.0327  0.1006   1.167  2.800  0.000
   75 N  -0.1110 -0.3537   1.221  3.890  0.000
   76 C   0.0502  0.1090   1.171  2.779  0.000
   77 C  -0.0488 -0.0966   1.138  2.911  0.000
   78 C  -0.0431 -0.0944   1.135  2.908  0.000
   79 C  -0.0163 -0.0118   1.166  2.851  0.000
   80 S  -0.0451 -0.0901   1.893  4.124  0.028
   81 C  -0.0784 -0.2137   1.076  3.003  0.000
   82 C  -0.0507 -0.1029   1.134  2.916  0.000
   83 C  -0.0485 -0.0958   1.138  2.910  0.000
   84 C   0.0413  0.0968   1.173  2.785  0.000
   85 C  -0.0410 -0.0883   1.140  2.901  0.000
   86 C  -0.0424 -0.0938   1.133  2.910  0.000
   87 C  -0.0101 -0.0056   1.166  2.844  0.000
   88 S  -0.0288 -0.0726   1.890  4.112  0.027
   89 C  -0.0737 -0.2086   1.072  3.001  0.000
   90 C  -0.0548 -0.1076   1.133  2.922  0.000
   91 C  -0.0431 -0.0917   1.139  2.904  0.000
   92 C  -0.0441 -0.0241   1.167  2.877  0.000
   93 S   0.0967  0.0630   1.892  3.961  0.050
   94 C  -0.0246 -0.0109   1.166  2.858  0.000
   95 C   0.0536  0.1241   1.176  2.771  0.000
   96 N  -0.1121 -0.3537   1.222  3.890  0.000
   97 C   0.0387  0.0954   1.174  2.787  0.000
   98 C  -0.0450 -0.0925   1.139  2.906  0.000
   99 C  -0.0416 -0.0931   1.132  2.909  0.000
  100 C  -0.0106 -0.0060   1.165  2.846  0.000
  101 S  -0.0281 -0.0720   1.890  4.111  0.027
  102 C  -0.0739 -0.2088   1.072  3.002  0.000
  103 C  -0.0548 -0.1077   1.133  2.922  0.000
  104 C  -0.0478 -0.0958   1.137  2.911  0.000
  105 C   0.0435  0.0964   1.173  2.783  0.000
  106 C  -0.0272 -0.0750   1.143  2.884  0.000
  107 C  -0.0558 -0.1085   1.135  2.921  0.000
  108 C  -0.0122 -0.0076   1.170  2.842  0.000
  109 S  -0.0270 -0.0714   1.890  4.110  0.026
  110 C  -0.0768 -0.2118   1.074  3.003  0.000
  111 C  -0.0449 -0.0962   1.135  2.910  0.000
  112 C  -0.0329 -0.0808   1.143  2.889  0.000
  113 C  -0.0485 -0.0289   1.165  2.884  0.000
  114 S   0.1048  0.0704   1.891  3.952  0.052
  115 C   0.0108 -0.0347   1.160  2.830  0.000
  116 C  -0.0260 -0.0274   1.177  2.849  0.000
  117 C   0.1384  0.1744   1.173  2.689  0.000
  118 O  -0.2230 -0.2705   1.628  4.595  0.000
  119 C  -0.0449 -0.0433   1.195  2.850  0.000
  120 C   0.0540  0.0534   1.156  2.790  0.000
  121 CL -0.0082 -0.0078   1.896  5.110  0.003
  122 C   0.0391  0.0381   1.162  2.799  0.000
  123 CL -0.0269 -0.0274   1.898  5.125  0.004
  124 C   0.0465  0.0462   1.158  2.795  0.000
  125 CL -0.0200 -0.0197   1.897  5.119  0.004
  126 C   0.0504  0.0504   1.159  2.791  0.000
  127 CL -0.0077 -0.0052   1.897  5.108  0.003
  128 C  -0.0153 -0.0151   1.172  2.843  0.000
  129 C   0.0093  0.0092   1.198  2.793  0.000
  130 C   0.0119  0.0184   1.116  2.873  0.000
  131 C   0.0918  0.2108   1.173  2.735  0.000
  132 N  -0.2080 -0.3381   1.642  3.566  0.000
  133 C   0.0852  0.2057   1.173  2.741  0.000
  134 N  -0.2062 -0.3342   1.642  3.564  0.000
  135 H   0.0655  0.1311   0.935  0.000  0.000
  136 H   0.0436  0.1081   0.956  0.000  0.000
  137 H   0.0487  0.1094   0.951  0.000  0.000
  138 H   0.0462  0.1003   0.954  0.000  0.000
  139 H   0.0552  0.1174   0.945  0.000  0.000
  140 H   0.0553  0.1093   0.945  0.000  0.000
  141 H   0.0446  0.1039   0.955  0.000  0.000
  142 H   0.0462  0.1111   0.954  0.000  0.000
  143 H   0.0463  0.1108   0.954  0.000  0.000
  144 H   0.0457  0.1050   0.954  0.000  0.000
  145 H   0.0558  0.1095   0.944  0.000  0.000
  146 H   0.0474  0.1012   0.953  0.000  0.000
  147 H   0.0483  0.1020   0.952  0.000  0.000
  148 H   0.0448  0.1034   0.955  0.000  0.000
  149 H   0.0429  0.1045   0.957  0.000  0.000
  150 H   0.0396  0.1034   0.960  0.000  0.000
  151 H   0.0437  0.1028   0.956  0.000  0.000
  152 H   0.0557  0.1095   0.944  0.000  0.000
  153 H   0.0468  0.1005   0.953  0.000  0.000
  154 H   0.0475  0.1012   0.953  0.000  0.000
  155 H   0.0434  0.1020   0.957  0.000  0.000
  156 H   0.0384  0.1014   0.962  0.000  0.000
  157 H   0.0424  0.1081   0.958  0.000  0.000
  158 H   0.0453  0.1046   0.955  0.000  0.000
  159 H   0.0547  0.1086   0.945  0.000  0.000
  160 H   0.0443  0.0978   0.956  0.000  0.000
  161 H   0.0532  0.1109   0.947  0.000  0.000
  162 H   0.0448  0.1033   0.955  0.000  0.000
  163 H   0.0415  0.1023   0.959  0.000  0.000
  164 H   0.0477  0.1078   0.952  0.000  0.000
  165 H   0.0490  0.1082   0.951  0.000  0.000
  166 H   0.0558  0.1236   0.944  0.000  0.000
  167 H   0.0551  0.1234   0.945  0.000  0.000
  168 H   0.0401  0.1032   0.960  0.000  0.000
  169 H   0.0443  0.1039   0.956  0.000  0.000
  170 H   0.0480  0.1020   0.952  0.000  0.000
  171 H   0.0471  0.1011   0.953  0.000  0.000
  172 H   0.0557  0.1098   0.944  0.000  0.000
  173 H   0.0439  0.1036   0.956  0.000  0.000
  174 H   0.0394  0.1035   0.961  0.000  0.000
  175 H   0.0430  0.1065   0.957  0.000  0.000
  176 H   0.0446  0.1032   0.955  0.000  0.000
  177 H   0.0559  0.1097   0.944  0.000  0.000
  178 H   0.0466  0.1003   0.953  0.000  0.000
  179 H   0.0477  0.1015   0.952  0.000  0.000
  180 H   0.0441  0.1033   0.956  0.000  0.000
  181 H   0.0402  0.1015   0.960  0.000  0.000
  182 H   0.0410  0.1038   0.959  0.000  0.000
  183 H   0.0447  0.1033   0.955  0.000  0.000
  184 H   0.0556  0.1093   0.944  0.000  0.000
  185 H   0.0476  0.1014   0.952  0.000  0.000
  186 H   0.0469  0.1005   0.953  0.000  0.000
  187 H   0.0439  0.1031   0.956  0.000  0.000
  188 H   0.0393  0.1016   0.961  0.000  0.000
  189 H   0.0462  0.1097   0.954  0.000  0.000
  190 H   0.0460  0.1066   0.954  0.000  0.000
  191 H   0.0570  0.1109   0.943  0.000  0.000
  192 H   0.0463  0.1026   0.954  0.000  0.000
  193 H   0.0492  0.1031   0.951  0.000  0.000
  194 H   0.0483  0.1082   0.952  0.000  0.000
  195 H   0.0469  0.1094   0.953  0.000  0.000
  196 H   0.0693  0.1324   0.931  0.000  0.000
 Hirshfeld charges for QMDFF written to <charges>
 
 Loewdin charges    n(s)   n(p)   n(d)
    1 C   0.0106   1.101  2.888  0.000
    2 C  -0.0528   1.133  2.920  0.000
    3 C   0.1190   1.138  2.743  0.000
    4 O  -0.2333   1.600  4.634  0.000
    5 C  -0.0528   1.158  2.894  0.000
    6 C   0.0682   1.113  2.819  0.000
    7 CL -0.0213   1.885  5.110  0.026
    8 C   0.0503   1.120  2.829  0.000
    9 CL -0.0384   1.888  5.124  0.027
   10 C   0.0543   1.118  2.828  0.000
   11 CL -0.0359   1.888  5.122  0.026
   12 C   0.0599   1.118  2.822  0.000
   13 CL -0.0236   1.888  5.110  0.026
   14 C  -0.0208   1.132  2.889  0.000
   15 C   0.0218   1.154  2.824  0.000
   16 C  -0.0250   1.074  2.951  0.000
   17 C   0.0865   1.142  2.772  0.000
   18 N  -0.2174   1.604  3.613  0.000
   19 C   0.0774   1.142  2.781  0.000
   20 N  -0.2109   1.604  3.607  0.000
   21 C  -0.0016   1.122  2.880  0.000
   22 C   0.0548   1.148  2.797  0.000
   23 N  -0.0294   1.185  3.844  0.000
   24 C   0.0471   1.133  2.820  0.000
   25 C  -0.0436   1.088  2.955  0.000
   26 C  -0.0499   1.082  2.968  0.000
   27 C   0.0174   1.119  2.864  0.000
   28 S  -0.0660   1.876  4.107  0.083
   29 C  -0.0541   0.997  3.057  0.000
   30 C  -0.0435   1.081  2.962  0.000
   31 C  -0.0337   1.088  2.946  0.000
   32 C   0.0424   1.137  2.820  0.000
   33 C  -0.0271   1.088  2.939  0.000
   34 C  -0.0480   1.080  2.968  0.000
   35 C   0.0259   1.118  2.856  0.000
   36 S  -0.0626   1.877  4.105  0.081
   37 C  -0.0501   0.994  3.056  0.000
   38 C  -0.0367   1.080  2.957  0.000
   39 C  -0.0292   1.088  2.941  0.000
   40 C  -0.0249   1.123  2.902  0.000
   41 S   0.0637   1.880  3.951  0.105
   42 C  -0.0195   1.141  2.878  0.000
   43 C   0.0316   1.135  2.834  0.000
   44 N  -0.0676   1.183  3.885  0.000
   45 C   0.0426   1.133  2.825  0.000
   46 C  -0.0460   1.084  2.962  0.000
   47 C  -0.0517   1.080  2.972  0.000
   48 C   0.0147   1.116  2.870  0.000
   49 S  -0.0705   1.878  4.111  0.082
   50 C  -0.0509   0.994  3.057  0.000
   51 C  -0.0394   1.080  2.960  0.000
   52 C  -0.0478   1.084  2.964  0.000
   53 C   0.0390   1.138  2.823  0.000
   54 C  -0.0424   1.090  2.952  0.000
   55 C  -0.0472   1.082  2.965  0.000
   56 C   0.0217   1.117  2.861  0.000
   57 S  -0.0741   1.878  4.114  0.081
   58 C  -0.0527   0.996  3.056  0.000
   59 C  -0.0355   1.082  2.954  0.000
   60 C  -0.0333   1.087  2.947  0.000
   61 C  -0.0194   1.133  2.886  0.000
   62 S   0.0563   1.880  3.964  0.100
   63 C   0.0142   1.121  2.865  0.000
   64 C  -0.0237   1.089  2.935  0.000
   65 C  -0.0186   1.089  2.930  0.000
   66 C   0.0187   1.121  2.861  0.000
   67 C   0.0373   1.156  2.807  0.000
   68 N  -0.1472   1.451  3.696  0.000
   69 C   0.0352   1.118  2.846  0.000
   70 C   0.0359   1.119  2.845  0.000
   71 N  -0.1496   1.448  3.701  0.000
   72 C   0.0365   1.157  2.807  0.000
   73 C  -0.0201   1.133  2.887  0.000
   74 C   0.0208   1.135  2.844  0.000
   75 N  -0.0722   1.180  3.892  0.000
   76 C   0.0462   1.135  2.819  0.000
   77 C  -0.0461   1.086  2.960  0.000
   78 C  -0.0385   1.082  2.956  0.000
   79 C   0.0113   1.118  2.871  0.000
   80 S  -0.0828   1.881  4.121  0.081
   81 C  -0.0571   0.998  3.059  0.000
   82 C  -0.0473   1.082  2.966  0.000
   83 C  -0.0462   1.086  2.960  0.000
   84 C   0.0379   1.137  2.825  0.000
   85 C  -0.0373   1.087  2.950  0.000
   86 C  -0.0378   1.080  2.958  0.000
   87 C   0.0189   1.117  2.864  0.000
   88 S  -0.0676   1.878  4.109  0.081
   89 C  -0.0510   0.994  3.057  0.000
   90 C  -0.0518   1.080  2.971  0.000
   91 C  -0.0394   1.086  2.953  0.000
   92 C  -0.0223   1.124  2.899  0.000
   93 S   0.0586   1.879  3.959  0.104
   94 C  -0.0076   1.124  2.884  0.000
   95 C   0.0424   1.144  2.813  0.000
   96 N  -0.0732   1.181  3.892  0.000
   97 C   0.0350   1.138  2.827  0.000
   98 C  -0.0419   1.086  2.955  0.000
   99 C  -0.0371   1.080  2.957  0.000
  100 C   0.0182   1.116  2.866  0.000
  101 S  -0.0670   1.877  4.108  0.082
  102 C  -0.0512   0.994  3.057  0.000
  103 C  -0.0518   1.080  2.972  0.000
  104 C  -0.0450   1.085  2.960  0.000
  105 C   0.0402   1.137  2.823  0.000
  106 C  -0.0231   1.090  2.933  0.000
  107 C  -0.0529   1.082  2.970  0.000
  108 C   0.0182   1.121  2.861  0.000
  109 S  -0.0657   1.878  4.107  0.081
  110 C  -0.0546   0.996  3.059  0.000
  111 C  -0.0403   1.082  2.958  0.000
  112 C  -0.0284   1.090  2.938  0.000
  113 C  -0.0289   1.122  2.907  0.000
  114 S   0.0666   1.878  3.950  0.106
  115 C   0.0208   1.105  2.874  0.000
  116 C  -0.0332   1.139  2.894  0.000
  117 C   0.1296   1.139  2.732  0.000
  118 O  -0.2086   1.598  4.611  0.000
  119 C  -0.0528   1.157  2.895  0.000
  120 C   0.0691   1.114  2.817  0.000
  121 CL -0.0193   1.886  5.108  0.025
  122 C   0.0501   1.122  2.828  0.000
  123 CL -0.0375   1.889  5.123  0.026
  124 C   0.0578   1.118  2.824  0.000
  125 CL -0.0308   1.888  5.117  0.026
  126 C   0.0634   1.118  2.819  0.000
  127 CL -0.0188   1.887  5.106  0.026
  128 C  -0.0181   1.133  2.885  0.000
  129 C   0.0203   1.154  2.826  0.000
  130 C  -0.0012   1.075  2.926  0.000
  131 C   0.0864   1.139  2.774  0.000
  132 N  -0.1977   1.604  3.594  0.000
  133 C   0.0799   1.139  2.781  0.000
  134 N  -0.1964   1.604  3.592  0.000
  135 H   0.0547   0.945  0.000  0.000
  136 H   0.0356   0.964  0.000  0.000
  137 H   0.0409   0.959  0.000  0.000
  138 H   0.0451   0.955  0.000  0.000
  139 H   0.0520   0.948  0.000  0.000
  140 H   0.0536   0.946  0.000  0.000
  141 H   0.0365   0.964  0.000  0.000
  142 H   0.0374   0.963  0.000  0.000
  143 H   0.0371   0.963  0.000  0.000
  144 H   0.0386   0.961  0.000  0.000
  145 H   0.0539   0.946  0.000  0.000
  146 H   0.0458   0.954  0.000  0.000
  147 H   0.0465   0.954  0.000  0.000
  148 H   0.0366   0.963  0.000  0.000
  149 H   0.0344   0.966  0.000  0.000
  150 H   0.0321   0.968  0.000  0.000
  151 H   0.0368   0.963  0.000  0.000
  152 H   0.0539   0.946  0.000  0.000
  153 H   0.0452   0.955  0.000  0.000
  154 H   0.0458   0.954  0.000  0.000
  155 H   0.0354   0.965  0.000  0.000
  156 H   0.0308   0.969  0.000  0.000
  157 H   0.0346   0.965  0.000  0.000
  158 H   0.0381   0.962  0.000  0.000
  159 H   0.0529   0.947  0.000  0.000
  160 H   0.0431   0.957  0.000  0.000
  161 H   0.0505   0.949  0.000  0.000
  162 H   0.0366   0.963  0.000  0.000
  163 H   0.0332   0.967  0.000  0.000
  164 H   0.0395   0.961  0.000  0.000
  165 H   0.0404   0.960  0.000  0.000
  166 H   0.0446   0.955  0.000  0.000
  167 H   0.0442   0.956  0.000  0.000
  168 H   0.0322   0.968  0.000  0.000
  169 H   0.0363   0.964  0.000  0.000
  170 H   0.0469   0.953  0.000  0.000
  171 H   0.0454   0.955  0.000  0.000
  172 H   0.0542   0.946  0.000  0.000
  173 H   0.0370   0.963  0.000  0.000
  174 H   0.0319   0.968  0.000  0.000
  175 H   0.0345   0.966  0.000  0.000
  176 H   0.0363   0.964  0.000  0.000
  177 H   0.0541   0.946  0.000  0.000
  178 H   0.0450   0.955  0.000  0.000
  179 H   0.0460   0.954  0.000  0.000
  180 H   0.0371   0.963  0.000  0.000
  181 H   0.0322   0.968  0.000  0.000
  182 H   0.0330   0.967  0.000  0.000
  183 H   0.0365   0.964  0.000  0.000
  184 H   0.0538   0.946  0.000  0.000
  185 H   0.0459   0.954  0.000  0.000
  186 H   0.0452   0.955  0.000  0.000
  187 H   0.0370   0.963  0.000  0.000
  188 H   0.0315   0.968  0.000  0.000
  189 H   0.0369   0.963  0.000  0.000
  190 H   0.0388   0.961  0.000  0.000
  191 H   0.0549   0.945  0.000  0.000
  192 H   0.0453   0.955  0.000  0.000
  193 H   0.0471   0.953  0.000  0.000
  194 H   0.0394   0.961  0.000  0.000
  195 H   0.0376   0.962  0.000  0.000
  196 H   0.0574   0.943  0.000  0.000
 
 Wiberg/Mayer (AO) data. WBOs > 0.1 written file <wbo>
 largest (>0.05) Wiberg bond orders for each atom
           total WBO             WBO to atom ...
     1  C   3.925    C    2 1.375    C   21 1.361    H  135 0.923
     2  C   3.914    C    1 1.375    C   15 1.150    C    3 1.043    O    4 0.068    C   22 0.051
     3  C   3.916    O    4 1.739    C    2 1.043    C    5 0.960
     4  O   2.137    C    3 1.739    C    2 0.068    C    5 0.066
     5  C   3.926    C    6 1.372    C   14 1.251    C    3 0.960    C   10 0.081    O    4 0.066
     6  C   3.933    C    5 1.372    C    8 1.295    CL   7 1.032    C   12 0.067
     7  CL  1.197    C    6 1.032
     8  C   3.907    C   10 1.365    C    6 1.295    CL   9 1.019    C   14 0.079
     9  CL  1.176    C    8 1.019
    10  C   3.927    C    8 1.365    C   12 1.304    CL  11 1.021    C    5 0.081
    11  CL  1.174    C   10 1.021
    12  C   3.927    C   14 1.359    C   10 1.304    CL  13 1.021    C    6 0.067
    13  CL  1.201    C   12 1.021
    14  C   3.948    C   12 1.359    C    5 1.251    C   15 1.040    C    8 0.079
    15  C   3.927    C   16 1.415    C    2 1.150    C   14 1.040    N   20 0.084    N   18 0.082
    16  C   3.921    C   15 1.415    C   19 1.074    C   17 1.065    N   20 0.085    N   18 0.084
    17  C   3.939    N   18 2.769    C   16 1.065
    18  N   3.046    C   17 2.769    C   16 0.084    C   15 0.082
    19  C   3.937    N   20 2.760    C   16 1.074
    20  N   3.032    C   19 2.760    C   16 0.085    C   15 0.084
    21  C   3.914    C    1 1.361    C   22 1.280    S   62 1.034
    22  C   3.915    C   21 1.280    C   40 1.238    N   23 1.094    S   62 0.062    C    2 0.051
    23  N   3.424    C   22 1.094    C   24 0.998    C   32 0.957
    24  C   3.929    C   25 1.366    C   31 1.342    N   23 0.998    C   27 0.092
    25  C   3.969    C   26 1.445    C   24 1.366    H  136 0.942    C   30 0.099
    26  C   3.971    C   25 1.445    C   27 1.373    H  137 0.942    C   31 0.097
    27  C   3.951    C   26 1.373    C   30 1.351    S   28 1.047    C   24 0.092
    28  S   2.221    C   27 1.047    C   29 0.996
    29  C   3.979    S   28 0.996    H  138 0.988    H  139 0.981    H  140 0.980
    30  C   3.971    C   31 1.473    C   27 1.351    H  141 0.944    C   25 0.099
    31  C   3.966    C   30 1.473    C   24 1.342    H  142 0.941    C   26 0.097
    32  C   3.927    C   33 1.381    C   39 1.362    N   23 0.957    C   35 0.096
    33  C   3.969    C   34 1.441    C   32 1.381    H  143 0.943    C   38 0.103
    34  C   3.971    C   33 1.441    C   35 1.377    H  144 0.942    C   39 0.100
    35  C   3.950    C   34 1.377    C   38 1.358    S   36 1.044    C   32 0.096
    36  S   2.220    C   35 1.044    C   37 0.999
    37  C   3.983    S   36 0.999    H  147 0.989    H  146 0.989    H  145 0.980
    38  C   3.971    C   39 1.465    C   35 1.358    H  148 0.944    C   33 0.103
    39  C   3.967    C   38 1.465    C   32 1.362    H  149 0.944    C   34 0.100
    40  C   3.926    C   61 1.363    C   22 1.238    S   41 1.082    C   42 0.061
    41  S   2.489    C   40 1.082    C   42 1.075    C   43 0.064    C   61 0.059
    42  C   3.885    C   43 1.453    C   63 1.076    S   41 1.075    C   40 0.061
    43  C   3.906    C   42 1.453    C   61 1.201    N   44 1.021    S   41 0.064
    44  N   3.346    C   43 1.021    C   45 1.002    C   53 0.974
    45  C   3.932    C   46 1.370    C   52 1.352    N   44 1.002    C   48 0.094
    46  C   3.969    C   47 1.443    C   45 1.370    H  150 0.943    C   51 0.102
    47  C   3.972    C   46 1.443    C   48 1.379    H  151 0.943    C   52 0.099
    48  C   3.954    C   47 1.379    C   51 1.358    S   49 1.035    C   45 0.094
    49  S   2.207    C   48 1.035    C   50 0.999
    50  C   3.983    S   49 0.999    H  153 0.989    H  154 0.989    H  152 0.980
    51  C   3.972    C   52 1.467    C   48 1.358    H  155 0.944    C   46 0.102
    52  C   3.969    C   51 1.467    C   45 1.352    H  156 0.943    C   47 0.099
    53  C   3.929    C   54 1.372    C   60 1.365    N   44 0.974    C   56 0.097
    54  C   3.969    C   55 1.445    C   53 1.372    H  157 0.942    C   59 0.103
    55  C   3.972    C   54 1.445    C   56 1.376    H  158 0.942    C   60 0.100
    56  C   3.952    C   55 1.376    C   59 1.363    S   57 1.037    C   53 0.097
    57  S   2.204    C   56 1.037    C   58 0.995
    58  C   3.980    S   57 0.995    H  160 0.990    H  161 0.984    H  159 0.980
    59  C   3.971    C   60 1.460    C   56 1.363    H  162 0.944    C   54 0.103
    60  C   3.968    C   59 1.460    C   53 1.365    H  163 0.945    C   55 0.100
    61  C   3.915    C   40 1.363    C   43 1.201    S   62 1.098    S   41 0.059
    62  S   2.454    C   61 1.098    C   21 1.034    C   22 0.062
    63  C   3.931    C   64 1.410    C   72 1.194    C   42 1.076    C   66 0.094
    64  C   3.951    C   63 1.410    C   65 1.381    H  164 0.940    C   67 0.052
    65  C   3.955    C   66 1.420    C   64 1.381    H  165 0.939    C   72 0.052
    66  C   3.919    C   65 1.420    C   67 1.192    C   73 1.065    C   63 0.094
    67  C   3.935    N   68 1.268    C   72 1.201    C   66 1.192    C   70 0.067    C   64 0.052
    68  N   3.101    C   69 1.525    C   67 1.268    N   71 0.129
    69  C   3.949    N   68 1.525    C   70 1.305    H  166 0.946    C   72 0.067
    70  C   3.948    N   71 1.524    C   69 1.305    H  167 0.947    C   67 0.067
    71  N   3.105    C   70 1.524    C   72 1.268    N   68 0.129
    72  C   3.932    N   71 1.268    C   67 1.201    C   63 1.194    C   69 0.067    C   65 0.052
    73  C   3.898    C   74 1.464    S  114 1.090    C   66 1.065    C  113 0.066
    74  C   3.917    C   73 1.464    C   92 1.200    N   75 1.008    S  114 0.069
    75  N   3.341    C   74 1.008    C   76 1.005    C   84 0.979
    76  C   3.932    C   83 1.366    C   77 1.352    N   75 1.005    C   79 0.094
    77  C   3.969    C   78 1.462    C   76 1.352    H  168 0.944    C   82 0.100
    78  C   3.971    C   77 1.462    C   79 1.365    H  169 0.943    C   83 0.102
    79  C   3.953    C   82 1.378    C   78 1.365    S   80 1.027    C   76 0.094
    80  S   2.191    C   79 1.027    C   81 0.994
    81  C   3.981    S   80 0.994    H  170 0.988    H  171 0.988    H  172 0.979
    82  C   3.972    C   83 1.447    C   79 1.378    H  173 0.943    C   77 0.100
    83  C   3.969    C   82 1.447    C   76 1.366    H  174 0.942    C   78 0.102
    84  C   3.931    C   91 1.377    C   85 1.359    N   75 0.979    C   87 0.096
    85  C   3.969    C   86 1.463    C   84 1.359    H  175 0.944    C   90 0.100
    86  C   3.972    C   85 1.463    C   87 1.361    H  176 0.944    C   91 0.104
    87  C   3.952    C   90 1.377    C   86 1.361    S   88 1.038    C   84 0.096
    88  S   2.211    C   87 1.038    C   89 0.999
    89  C   3.983    S   88 0.999    H  178 0.989    H  179 0.989    H  177 0.980
    90  C   3.971    C   91 1.442    C   87 1.377    H  180 0.943    C   85 0.100
    91  C   3.969    C   90 1.442    C   84 1.377    H  181 0.945    C   86 0.104
    92  C   3.927    C  113 1.383    C   74 1.200    S   93 1.097    C   94 0.059    S  114 0.056
    93  S   2.478    C   92 1.097    C   94 1.055    C   95 0.067    C  113 0.054
    94  C   3.911    C   95 1.395    C  115 1.198    S   93 1.055    C   92 0.059
    95  C   3.918    C   94 1.395    C  113 1.205    N   96 1.051    S   93 0.067
    96  N   3.342    C   95 1.051    C   97 0.988    C  105 0.944
    97  C   3.931    C  104 1.376    C   98 1.351    N   96 0.988    C  100 0.094
    98  C   3.967    C   99 1.468    C   97 1.351    H  182 0.943    C  103 0.100
    99  C   3.972    C   98 1.468    C  100 1.357    H  183 0.944    C  104 0.102
   100  C   3.950    C  103 1.378    C   99 1.357    S  101 1.039    C   97 0.094
   101  S   2.213    C  100 1.039    C  102 0.999
   102  C   3.983    S  101 0.999    H  186 0.989    H  185 0.989    H  184 0.980
   103  C   3.972    C  104 1.442    C  100 1.378    H  187 0.943    C   98 0.100
   104  C   3.967    C  103 1.442    C   97 1.376    H  188 0.943    C   99 0.102
   105  C   3.929    C  106 1.389    C  112 1.376    N   96 0.944    C  108 0.099
   106  C   3.968    C  107 1.434    C  105 1.389    H  189 0.944    C  111 0.104
   107  C   3.971    C  106 1.434    C  108 1.380    H  190 0.942    C  112 0.102
   108  C   3.954    C  107 1.380    C  111 1.362    S  109 1.040    C  105 0.099
   109  S   2.216    C  108 1.040    C  110 0.998
   110  C   3.982    S  109 0.998    H  193 0.989    H  192 0.986    H  191 0.980
   111  C   3.971    C  112 1.456    C  108 1.362    H  194 0.943    C  106 0.104
   112  C   3.969    C  111 1.456    C  105 1.376    H  195 0.944    C  107 0.102
   113  C   3.924    C   92 1.383    C   95 1.205    S  114 1.091    C   73 0.066    S   93 0.054
   114  S   2.496    C  113 1.091    C   73 1.090    C   74 0.069    C   92 0.056
   115  C   3.923    C  116 1.523    C   94 1.198    H  196 0.920    O  118 0.059
   116  C   3.924    C  115 1.523    C  129 1.102    C  117 1.007    O  118 0.066
   117  C   3.917    O  118 1.776    C  116 1.007    C  119 0.970
   118  O   2.167    C  117 1.776    C  119 0.067    C  116 0.066    C  115 0.059
   119  C   3.926    C  120 1.366    C  128 1.246    C  117 0.970    C  124 0.079    O  118 0.067
   120  C   3.933    C  119 1.366    C  122 1.299    CL 121 1.032    C  126 0.067
   121  CL  1.198    C  120 1.032
   122  C   3.905    C  124 1.362    C  120 1.299    CL 123 1.017    C  128 0.077
   123  CL  1.175    C  122 1.017
   124  C   3.928    C  122 1.362    C  126 1.304    CL 125 1.024    C  119 0.079
   125  CL  1.178    C  124 1.024
   126  C   3.927    C  128 1.355    C  124 1.304    CL 127 1.025    C  120 0.067
   127  CL  1.204    C  126 1.025
   128  C   3.946    C  126 1.355    C  119 1.246    C  129 1.046    C  122 0.077
   129  C   3.930    C  130 1.458    C  116 1.102    C  128 1.046    N  134 0.091    N  132 0.089
   130  C   3.931    C  129 1.458    C  133 1.064    C  131 1.056    N  134 0.081    N  132 0.080
   131  C   3.941    N  132 2.790    C  130 1.056
   132  N   3.055    C  131 2.790    C  129 0.089    C  130 0.080
   133  C   3.940    N  134 2.785    C  130 1.064
   134  N   3.041    C  133 2.785    C  129 0.091    C  130 0.081
   135  H   0.989    C    1 0.923
   136  H   0.998    C   25 0.942
   137  H   0.997    C   26 0.942
   138  H   0.998    C   29 0.988
   139  H   0.996    C   29 0.981
   140  H   0.996    C   29 0.980
   141  H   0.997    C   30 0.944
   142  H   0.997    C   31 0.941
   143  H   0.998    C   33 0.943
   144  H   0.997    C   34 0.942
   145  H   0.996    C   37 0.980
   146  H   0.998    C   37 0.989
   147  H   0.998    C   37 0.989
   148  H   0.997    C   38 0.944
   149  H   0.997    C   39 0.944
   150  H   0.998    C   46 0.943
   151  H   0.997    C   47 0.943
   152  H   0.996    C   50 0.980
   153  H   0.997    C   50 0.989
   154  H   0.998    C   50 0.989
   155  H   0.997    C   51 0.944
   156  H   0.998    C   52 0.943
   157  H   0.998    C   54 0.942
   158  H   0.997    C   55 0.942
   159  H   0.996    C   58 0.980
   160  H   0.998    C   58 0.990
   161  H   0.997    C   58 0.984
   162  H   0.997    C   59 0.944
   163  H   0.997    C   60 0.945
   164  H   0.995    C   64 0.940
   165  H   0.994    C   65 0.939
   166  H   0.996    C   69 0.946
   167  H   0.996    C   70 0.947
   168  H   0.998    C   77 0.944
   169  H   0.997    C   78 0.943
   170  H   0.997    C   81 0.988
   171  H   0.998    C   81 0.988
   172  H   0.996    C   81 0.979
   173  H   0.997    C   82 0.943
   174  H   0.998    C   83 0.942
   175  H   0.997    C   85 0.944
   176  H   0.997    C   86 0.944
   177  H   0.996    C   89 0.980
   178  H   0.997    C   89 0.989
   179  H   0.998    C   89 0.989
   180  H   0.997    C   90 0.943
   181  H   0.998    C   91 0.945
   182  H   0.997    C   98 0.943
   183  H   0.997    C   99 0.944
   184  H   0.996    C  102 0.980
   185  H   0.998    C  102 0.989
   186  H   0.997    C  102 0.989
   187  H   0.997    C  103 0.943
   188  H   0.998    C  104 0.943
   189  H   0.998    C  106 0.944
   190  H   0.997    C  107 0.942
   191  H   0.996    C  110 0.980
   192  H   0.998    C  110 0.986
   193  H   0.997    C  110 0.989
   194  H   0.997    C  111 0.943
   195  H   0.997    C  112 0.944
   196  H   0.988    C  115 0.920
 
 --------------------------------------------
          xTB calculation for sTDA...
 --------------------------------------------
 
 reading parameter file /ihome/ghutchison/blp62/xtb4stda/.param_stda2.xtb
 
      method parameters     
 k(s)        :  1.6000
 k(p)        :  2.1800
 k(d)        :  1.9500
 k(f)        :  2.0000
 k(R-V)      :  2.2750
 k(R-R)      :  1.7650
 Tscal       :  0.2580
 Gscal       :  1.0000
 fpol        :  1.0000
 Zcnf        :  0.3430
 Zqf         :  0.0000
 kcn         :  2.7000
 Ryd Hsplit  :  0.7000
 lshift(virt):  3.1000
 lshift(OS)  :  0.2000
 wllscaling  :  2.6000
 
 mowrcut     : 3.000
 
  Z AO/shell   Hii/eV     exponent
  1     Sun Feb 14 09:53:25 CET 2016    EN: 2.327 GAM: 0.473  GM3: 0.0000
     1s    -14.339618    1.220000
     2sp    -3.348946    0.600000
  6     Sun Feb 14 09:53:25 CET 2016    EN: 2.731 GAM: 0.422  GM3: 0.0000
     2s    -22.009312    1.565095
     2p    -13.020408    1.596905
     3sp    -3.914040    0.824500
  7     Sun Feb 14 09:53:25 CET 2016    EN: 3.573 GAM: 0.504  GM3: 0.0000
     2s    -25.722000    2.064844
     2p    -18.684912    1.801692
     3sp    -4.344791    0.921400
  8     Sun Feb 14 09:53:25 CET 2016    EN: 3.700 GAM: 0.587  GM3: 0.0000
     2s    -33.859000    2.418661
     2p    -22.175911    1.973969
     3sp    -4.259392    1.013700
 16     Sun Feb 21 16:35:57 CET 2016    EN: 1.915 GAM: 0.200  GM3: 0.0000
     3s    -17.898811    2.619580
     3p    -15.317401    1.798798
     4sp    -4.455139    0.843200
 17     Sun Feb 21 16:32:04 CET 2016    EN: 2.375 GAM: 0.300  GM3: 0.0000
     3s    -29.486180    2.293696
     3p    -18.696427    2.332982
     4sp    -5.680125    0.918900
 
 Nbf   :         1382
 T(el) :     0.0
 calculating S/T integrals ...
 cpu time for ints    2.76395100000000     
 Nao   :         1382
 making H0...
 making H1...
 cpu time for H      5.353899999999889E-002
 solving ...
 cpu time for diag    3.22789000000000     
 
 gap (eV)           :   4.232
 Koopmans IP (eV)   :  13.048
 Eel (Eh)           :  -563.132334

          eigenvalues
 #    :         318        319        320        321        322        323        324        325
 occ. :        2.000      2.000      2.000      2.000      2.000      2.000      2.000      2.000
 eps  :       -15.041    -14.865    -14.809    -14.694    -14.650    -14.555    -14.521    -14.425
 #    :         326        327        328        329        330        331        332        333
 occ. :        2.000      2.000      2.000      2.000      2.000      0.000      0.000      0.000
 eps  :       -14.144    -13.649    -13.517    -13.198    -13.049     -8.816     -8.723     -8.491
 #    :         334        335        336        337        338        339        340        341
 occ. :        0.000      0.000      0.000      0.000      0.000      0.000      0.000      0.000
 eps  :        -8.316     -7.857     -6.774     -6.627     -6.511     -6.436     -6.327     -6.156
                            1  SCC done.
 writing mo output ...
 molden style : F
 
speedup  2.94
cpu  time for all   12.29 s
wall time for all    4.18 s
