 
        ______________________________________
       |                                      |
       |          ===================         |
       |             xTB for sTDA             |
       |          ===================         |
       |               S. Grimme              |
       |        Universitaet Bonn, MCTC       |
       |         2015-19, Version 1.0         |
       |     Wed Apr  3 09:14:55 CEST 2019    |
       |______________________________________|
 
        This code comes without any warranty
        for non-commercial, academia use only.
        Preliminary test version.
        Cite this work as:
        S. Grimme  &  C. Bannwarth, JCP 145 (2016) 054103
        if GBSA is used additionally:
        P. Shushkov, F. März, C. Bannwarth, S. Grimme, unpublished.
 
        with help from
        P. Shushkov, G. Brandenburg, S. Dohm, J. Pisarek,
        F. März, M. Checinski, S. Ehrlich, S. Spicher, 
        P. Pracht, E. Caldeweyher, S. Ehlert, and C. Bannwarth.
 
        usage        :
        xtb4stda <coord_file> [options]
        where <coord_file> is a valid file of TM)
        (*coord, Bohr) or xmol (*xyz, Angstroem)
        format.

        options:
        -chrg <int>   : molecular charge
        -uhf  <int>   : # of unpaired electrons(=2*S)
        -nox          : skip second, extended part in sTDA-xTB
        -pop          : do population analysis
                      : (default for -nox)
        -mowr <real>  : cut MO write above (def.3 Eh)
        -molden       : write formatted molden file
        -parx <file>  : read parameters for sTDA-xTB
                        calc (def:~/.param_stda2.xtb)
        -parv <file>  : read parameters for vTB part in
                        sTDA-xTB (def: ~/.param_stda1.xtb)
        -xtemp <real> : el. temp for xTB (def. 0 K)
        -etemp <real> : el. temp for GFN (def. 300 K)
        -fod          : calculate the FOD and write
                        molden.input file with
                        appropriate occupations
                        for plotting. Def. T=12500 K
 
        -acc <real>   : xTB accuracy (def. 1.0)
        -gbsa [string1] [string2]
                        use GBSA implicit solvent
                        for solvent [string1] and
                        solvation state [string2]=
                        reference, bar1M (default=1M)
        additional GFN/opt/MD/siman options read from
        $XTB4STDAHOME/.xtb4stdarc or $set in input
 
       spin and charge state information can be on:
       <.CHRG> (charge) and <.UHF> (=nalpha-nbeta)
       -uhf and -chrg override the file info.
       useful machine settings:
       setenv MKL_NUM_THREADS <NCORE_ON_YOUR_MACHINE>
       setenv OMP_STACKSIZE 500m
       limit stacksize unlimited
 
       total energies in Eh, gaps/HL energies in eV
       please read REVISION and HOWTO files carefully
 =============================
  # OMP threads =           8
 =============================
 
 xtb4stdahome directory:/ihome/ghutchison/blp62/xtb4stda/
 
 
 name of molecule           :
 comment line               :
 number of atoms            :   191
 number of electrons        :   632
 charge                     :  0
 spin                       : 0.0
 first test random number   :  0.4567
 
 -----------------------------------------
      charge density (VTB) calculation
 -----------------------------------------
 
      method parameters     
 k(s)        :  1.8000
 k(p)        :  2.8350
 k(d)        :  2.0860
 k(f)        :  2.0000
 Tscal       :  0.3300
 Gscal       :  0.3910
 fpol        :  1.0000
 Zcnf        :  0.6500
 Zqf         :  0.0000
 kcn         :  0.3000
 kEN1        : -0.5900
 wllscal     :  2.6000
 
     -------------------------
     ! NO SOLVENT MODEL USED !
     -------------------------
 
 doing EN charges ...
 sum q : -0.7771561D-15
 point charge moment (au)
     X       Y       Z   
   0.7994   0.6435  -0.6804  total (Debye):    3.130
 
            Z      q(EN)   CN      Cart. coordinates
     1  C   4.0  -0.076   3.246     5.89991    -0.69164    13.47715
     2  C   4.0  -0.003   3.318     8.34276    -0.99702    14.35115
     3  C   4.0   0.099   3.273    10.56565    -0.82487    12.71899
     4  O   6.0  -0.108   1.082    10.61497    -0.39212    10.46417
     5  C   4.0  -0.014   3.452    12.77285    -0.94278    14.44809
     6  C   4.0  -0.071   3.245    15.31113    -0.83639    13.85509
     7  CL  7.0   0.091   1.295    16.31363    -0.86531    10.78410
     8  C   4.0  -0.084   3.326    17.06252    -0.73624    15.83930
     9  CL  7.0   0.083   1.361    20.23122    -0.68881    15.19774
    10  C   4.0  -0.083   3.334    16.21895    -0.60433    18.32789
    11  CL  7.0   0.082   1.389    18.37891    -0.28913    20.71631
    12  C   4.0  -0.069   3.247    13.63173    -0.70959    18.91616
    13  CL  7.0   0.089   1.364    12.73619    -0.23508    21.99584
    14  C   4.0  -0.011   3.418    11.90830    -1.01894    16.96464
    15  C   4.0  -0.008   3.340     9.15969    -1.32375    16.91739
    16  C   4.0  -0.037   3.135     7.64186    -2.27315    18.79956
    17  C   4.0   0.234   2.182     5.02610    -2.67869    18.47226
    18  N   5.0  -0.214   1.029     2.89846    -3.08706    18.34527
    19  C   4.0   0.230   2.208     8.42667    -3.34784    21.10068
    20  N   5.0  -0.215   1.042     8.85374    -4.46051    22.91595
    21  C   4.0  -0.075   3.233     5.04973    -1.10851    11.01880
    22  C   4.0   0.089   3.452     5.97588    -2.64505     9.03232
    23  N   5.0  -0.321   3.249     7.93175    -4.32350     9.17556
    24  C   4.0   0.079   3.308     9.45260    -4.76589     7.02959
    25  C   4.0  -0.069   3.196    10.46681    -7.15469     6.60119
    26  C   4.0  -0.077   3.199    12.11711    -7.53566     4.61868
    27  C   4.0   0.007   3.157    12.73014    -5.58584     2.96649
    28  C   4.0  -0.254   4.056    14.55448    -6.02577     0.85132
    29  C   4.0  -0.074   3.188    11.65186    -3.22841     3.37203
    30  C   4.0  -0.073   3.217    10.05561    -2.80227     5.39082
    31  C   4.0   0.086   3.302     8.56707    -5.53935    11.44267
    32  C   4.0  -0.068   3.197     6.68982    -6.40220    13.08087
    33  C   4.0  -0.074   3.190     7.33365    -7.61068    15.29695
    34  C   4.0   0.008   3.154     9.85322    -7.99449    15.96516
    35  C   4.0  -0.253   4.054    10.51481    -9.31144    18.37588
    36  C   4.0  -0.073   3.188    11.71025    -7.14109    14.32091
    37  C   4.0  -0.070   3.217    11.09194    -5.93431    12.08744
    38  C   4.0  -0.100   3.465     4.49925    -2.30830     6.83155
    39  S   6.0   0.234   2.602     4.51607    -3.64188     3.82783
    40  C   4.0  -0.087   3.334     1.94963    -1.74119     2.92057
    41  C   4.0   0.072   3.517     1.04974    -0.27061     4.90837
    42  N   5.0  -0.320   3.274    -0.99456     1.37364     4.79650
    43  C   4.0   0.083   3.306    -3.25108     0.64572     3.62884
    44  C   4.0  -0.072   3.217    -4.67027     2.38143     2.24197
    45  C   4.0  -0.073   3.187    -6.83419     1.61855     1.00496
    46  C   4.0   0.008   3.152    -7.66700    -0.87022     1.12495
    47  C   4.0  -0.252   4.052    -9.95697    -1.71171    -0.31369
    48  C   4.0  -0.074   3.187    -6.28202    -2.57154     2.57022
    49  C   4.0  -0.069   3.196    -4.09220    -1.84135     3.79117
    50  C   4.0   0.082   3.296    -0.67293     3.82613     5.75611
    51  C   4.0  -0.069   3.192    -2.66281     5.08525     6.92433
    52  C   4.0  -0.074   3.184    -2.32153     7.50108     7.85049
    53  C   4.0   0.007   3.155     0.00397     8.70540     7.68419
    54  C   4.0  -0.254   4.054     0.37681    11.33495     8.65646
    55  C   4.0  -0.076   3.194     1.99083     7.41755     6.54752
    56  C   4.0  -0.071   3.205     1.66390     5.02308     5.57129
    57  C   4.0  -0.107   3.469     2.50389    -0.62758     7.11028
    58  S   6.0   0.225   2.559     2.27580     0.54160    10.13460
    59  C   4.0  -0.078   3.303     1.02858    -1.49288     0.39193
    60  C   4.0   0.078   3.474     0.37284    -3.22160    -1.46151
    61  N   5.0  -0.314   3.242     0.58468    -5.82773    -1.31279
    62  C   4.0   0.084   3.292     2.87163    -7.01712    -0.72925
    63  C   4.0  -0.072   3.214     5.18975    -5.96076    -1.40652
    64  C   4.0  -0.086   3.263     7.39488    -7.29264    -1.02064
    65  C   4.0  -0.086   3.159     7.32968    -9.69732     0.04157
    66  S   6.0   0.192   2.273    10.19715   -11.39316     0.17933
    67  C   4.0  -0.323   3.989     9.58469   -13.81598     2.53261
    68  C   4.0  -0.083   3.227     5.03555   -10.71172     0.81428
    69  C   4.0  -0.069   3.204     2.83100    -9.37550     0.44031
    70  C   4.0   0.079   3.318    -1.37799    -7.25806    -2.39542
    71  C   4.0  -0.072   3.230    -3.87375    -6.52863    -1.99045
    72  C   4.0  -0.083   3.231    -5.83925    -7.79210    -3.14639
    73  C   4.0  -0.087   3.157    -5.33866    -9.81732    -4.73717
    74  S   6.0   0.187   2.245    -7.72671   -11.48122    -6.36535
    75  C   4.0  -0.323   3.989   -10.22191    -9.13399    -6.62160
    76  C   4.0  -0.085   3.256    -2.85179   -10.60571    -5.08280
    77  C   4.0  -0.068   3.193    -0.88817    -9.34054    -3.93460
    78  C   4.0  -0.106   3.493    -0.80446    -1.98724    -3.53946
    79  S   6.0   0.236   2.606    -2.23177    -3.04926    -6.27351
    80  C   4.0  -0.079   3.291    -3.14243     0.04781    -7.03885
    81  C   4.0   0.084   3.473    -2.44890     1.79921    -5.20695
    82  N   5.0  -0.317   3.246    -3.30362     4.24905    -5.05917
    83  C   4.0   0.083   3.302    -2.02635     6.02388    -3.56440
    84  C   4.0  -0.074   3.238     0.59602     6.20416    -3.63224
    85  C   4.0  -0.083   3.227     1.85042     7.89452    -2.08588
    86  C   4.0  -0.087   3.157     0.49605     9.43427    -0.45108
    87  S   6.0   0.193   2.268     1.88179    11.65016     1.61005
    88  C   4.0  -0.323   3.989     5.24172    11.00028     1.37648
    89  C   4.0  -0.086   3.266    -2.13558     9.30199    -0.42632
    90  C   4.0  -0.068   3.195    -3.38601     7.62410    -1.96928
    91  C   4.0   0.083   3.300    -5.62760     4.92066    -6.16939
    92  C   4.0  -0.067   3.196    -5.81639     7.12219    -7.60350
    93  C   4.0  -0.086   3.267    -7.99789     7.62863    -8.92858
    94  C   4.0  -0.086   3.157   -10.04200     5.96662    -8.83315
    95  S   6.0   0.194   2.261   -12.61071     6.64636   -10.84117
    96  C   4.0  -0.323   3.991   -14.77407     4.03154   -10.34890
    97  C   4.0  -0.082   3.226    -9.92541     3.87715    -7.24578
    98  C   4.0  -0.069   3.209    -7.73295     3.36333    -5.92807
    99  C   4.0  -0.104   3.482    -1.02272     0.60433    -3.28000
   100  S   6.0   0.243   2.773     0.40270     1.64633    -0.55142
   101  C   4.0  -0.008   3.315    -4.58259     0.53177    -9.30407
   102  C   4.0   0.025   3.242    -4.05705     2.62766   -10.83909
   103  F   7.0  -0.026   1.084    -2.03221     4.05460   -10.30146
   104  C   4.0   0.026   3.226    -5.56165     3.27206   -12.87319
   105  F   7.0  -0.027   1.083    -5.06900     5.40688   -14.12816
   106  C   4.0  -0.002   3.242    -7.67456     1.82529   -13.52930
   107  C   4.0   0.024   3.223    -8.17458    -0.29140   -12.03207
   108  F   7.0  -0.026   1.073   -10.21907    -1.70208   -12.55704
   109  C   4.0   0.024   3.230    -6.65694    -0.94883   -10.01252
   110  F   7.0  -0.030   1.089    -7.30587    -2.95761    -8.59750
   111  C   4.0  -0.066   3.171    -9.37021     2.52789   -15.56889
   112  C   4.0  -0.004   3.295    -8.60317     3.23559   -17.88833
   113  C   4.0   0.105   3.219    -5.94508     2.96385   -18.86910
   114  O   6.0  -0.106   1.058    -4.18121     1.98837   -17.78988
   115  C   4.0  -0.018   3.508    -6.05128     3.93403   -21.44971
   116  C   4.0  -0.100   3.383    -8.50962     4.62265   -22.03137
   117  S   6.0   0.225   2.486    -8.86829     5.75063   -25.05947
   118  C   4.0  -0.090   3.288    -5.62874     5.29388   -25.60654
   119  C   4.0  -0.078   3.195    -4.35601     5.81544   -27.83434
   120  C   4.0  -0.073   3.150    -1.79411     5.32903   -27.93676
   121  C   4.0  -0.073   3.143    -0.50815     4.33994   -25.85561
   122  C   4.0  -0.069   3.159    -1.75593     3.81895   -23.63480
   123  C   4.0  -0.014   3.394    -4.34864     4.29213   -23.48476
   124  C   4.0  -0.012   3.341   -10.18449     4.19765   -19.94114
   125  C   4.0  -0.039   3.123   -12.73089     4.65912   -19.94001
   126  C   4.0   0.239   2.140   -14.38440     4.22297   -17.90289
   127  N   5.0  -0.220   1.032   -15.83647     3.90021   -16.32402
   128  C   4.0   0.235   2.168   -13.95827     5.62080   -22.10583
   129  N   5.0  -0.218   1.032   -14.98590     6.39710   -23.84910
   130  H   1.0   0.075   1.012     4.50246     0.06179    14.76953
   131  H   1.0   0.076   1.006     9.99287    -8.69368     7.85786
   132  H   1.0   0.075   1.008    12.95804    -9.37361     4.34750
   133  H   1.0   0.082   1.000    14.53161    -4.46183    -0.48056
   134  H   1.0   0.080   0.999    16.46575    -6.21172     1.59625
   135  H   1.0   0.081   1.002    14.09717    -7.76734    -0.14305
   136  H   1.0   0.075   1.005    12.11277    -1.67997     2.12386
   137  H   1.0   0.077   1.008     9.34451    -0.92993     5.76480
   138  H   1.0   0.076   1.006     4.72413    -6.13840    12.60164
   139  H   1.0   0.075   1.006     5.85588    -8.27832    16.53624
   140  H   1.0   0.082   1.000    12.53304    -9.67559    18.48360
   141  H   1.0   0.081   1.000     9.97341    -8.16513    19.99878
   142  H   1.0   0.081   0.999     9.50608   -11.09893    18.51761
   143  H   1.0   0.075   1.006    13.67859    -7.41604    14.78805
   144  H   1.0   0.077   1.008    12.56384    -5.30692    10.82303
   145  H   1.0   0.077   1.008    -4.03797     4.31689     2.10572
   146  H   1.0   0.075   1.006    -7.89339     2.98577    -0.08164
   147  H   1.0   0.081   1.000   -11.28847    -0.16308    -0.54708
   148  H   1.0   0.080   0.999    -9.40724    -2.37028    -2.19057
   149  H   1.0   0.081   1.000   -10.90088    -3.26223     0.65082
   150  H   1.0   0.075   1.005    -6.93567    -4.49774     2.76051
   151  H   1.0   0.076   1.006    -3.02772    -3.19761     4.88456
   152  H   1.0   0.076   1.006    -4.47241     4.15966     7.10594
   153  H   1.0   0.075   1.005    -3.89019     8.45690     8.74149
   154  H   1.0   0.081   0.999     2.09004    11.45533     9.78802
   155  H   1.0   0.080   1.001     0.57032    12.64057     7.07438
   156  H   1.0   0.082   1.000    -1.21963    11.93135     9.80258
   157  H   1.0   0.075   1.006     3.81914     8.31649     6.42110
   158  H   1.0   0.076   1.007     3.21575     4.06537     4.65080
   159  H   1.0   0.076   1.007     5.24531    -4.11998    -2.28487
   160  H   1.0   0.077   1.008     9.18501    -6.50066    -1.58642
   161  H   1.0   0.080   1.011     8.79138   -12.94387     4.21201
   162  H   1.0   0.079   1.015    11.40771   -14.65180     2.96441
   163  H   1.0   0.079   1.009     8.33369   -15.25519     1.77351
   164  H   1.0   0.076   1.007     4.93766   -12.55515     1.67562
   165  H   1.0   0.076   1.006     1.04388   -10.18165     1.00590
   166  H   1.0   0.078   1.009    -4.26360    -4.93521    -0.77724
   167  H   1.0   0.077   1.008    -7.75128    -7.18304    -2.79831
   168  H   1.0   0.080   1.012    -9.40422    -7.34348    -7.19891
   169  H   1.0   0.079   1.009   -11.23007    -8.95900    -4.84186
   170  H   1.0   0.079   1.015   -11.49766    -9.82676    -8.07045
   171  H   1.0   0.076   1.008    -2.47535   -12.19327    -6.30564
   172  H   1.0   0.076   1.006     1.03633    -9.92730    -4.27002
   173  H   1.0   0.077   1.007     1.65200     5.03310    -4.92689
   174  H   1.0   0.076   1.007     3.88188     7.99411    -2.18849
   175  H   1.0   0.079   1.010     5.93053    11.48689    -0.49473
   176  H   1.0   0.079   1.015     6.13840    12.20385     2.77525
   177  H   1.0   0.080   1.011     5.59321     9.02684     1.81508
   178  H   1.0   0.076   1.008    -3.17663    10.51916     0.83620
   179  H   1.0   0.076   1.006    -5.42370     7.52073    -1.93735
   180  H   1.0   0.076   1.006    -4.21447     8.37772    -7.73030
   181  H   1.0   0.076   1.008    -8.12620     9.28838   -10.10512
   182  H   1.0   0.080   1.017   -16.24446     4.27683   -11.75844
   183  H   1.0   0.080   1.011   -13.81352     2.24594   -10.66561
   184  H   1.0   0.080   1.010   -15.57455     4.12565    -8.46144
   185  H   1.0   0.076   1.007   -11.52015     2.62785    -7.03205
   186  H   1.0   0.077   1.007    -7.63279     1.71360    -4.73074
   187  H   1.0   0.075   1.009   -11.36595     2.43642   -15.13047
   188  H   1.0   0.075   1.006    -5.35170     6.57965   -29.44042
   189  H   1.0   0.074   1.004    -0.76893     5.72020   -29.65604
   190  H   1.0   0.074   1.005     1.49458     3.98184   -26.00036
   191  H   1.0   0.075   1.005    -0.79236     3.05531   -22.00926
 
  Z AO/shell   Hii/eV     exponent
  1     Sat Feb 20 21:38:01 CET 2016    EN: 2.327 GAM: 0.473  GM3: 0.0000
     1s    -13.751157    1.051071
  6     Sat Feb 20 21:38:01 CET 2016    EN: 2.731 GAM: 0.422  GM3: 0.0000
     2s    -19.378245    2.021003
     2p    -11.993376    1.497917
  7     Sat Feb 20 21:38:01 CET 2016    EN: 3.573 GAM: 0.504  GM3: 0.0000
     2s    -21.576984    2.275442
     2p    -16.125120    2.056788
  8     Sat Feb 20 21:38:01 CET 2016    EN: 3.700 GAM: 0.587  GM3: 0.0000
     2s    -21.648843    2.110798
     2p    -17.239740    2.329048
  9     Sat Feb 20 21:51:24 CET 2016    EN: 3.394 GAM: 0.669  GM3: 0.0000
     2s    -19.384211    2.614957
     2p    -19.426034    2.777297
 16     Sat Feb 20 23:13:41 CET 2016    EN: 1.915 GAM: 0.389  GM3: 0.0000
     3s    -22.000000    2.671470
     3p    -15.834192    1.836978
     3d     -2.593599    1.836978
 17     Sat Feb 20 23:13:41 CET 2016    EN: 2.375 GAM: 0.431  GM3: 0.0000
     3s    -21.000000    2.596786
     3p    -17.375270    2.088291
     3d     -1.372943    2.088291
 
 dipole moment of classical point charges (au)
     X       Y       Z   
   0.7994   0.6435  -0.6804  total (Debye):    3.130

 
 Nbf   :          656
 T(el) :   300.0
 calculating S/T integrals ...
 cpu time for ints   0.706383000000000     
 Nao   :          643
 making H0...
 making H1...
 cpu time for H      0.178624000000000     
 solving ...
 cpu time for diag    2.92752900000000     
 
 gap (eV)           :   1.832
 Koopmans IP (eV)   :  11.865
 Eel (Eh)           :  -491.872448
 T,E(Fermi),NFOD :    300.000   -10.950  0.000000
 T,E(Fermi),NFOD :    300.000   -10.950  0.000000
 Nfod               :  0.0000
 Nfod/Nel           :  0.0000

          eigenvalues
 #    :         304        305        306        307        308        309        310        311
 occ. :        2.000      2.000      2.000      2.000      2.000      2.000      2.000      2.000
 eps  :       -14.179    -14.070    -13.967    -13.947    -13.884    -13.808    -13.621    -13.369
 #    :         312        313        314        315        316        317        318        319
 occ. :        2.000      2.000      2.000      2.000      2.000      0.000      0.000      0.000
 eps  :       -13.011    -12.866    -12.645    -12.373    -11.866    -10.035     -9.613     -9.267
 #    :         320        321        322        323        324        325        326        327
 occ. :        0.000      0.000      0.000      0.000      0.000      0.000      0.000      0.000
 eps  :        -9.204     -9.006     -8.860     -8.614     -8.307     -7.835     -7.712     -7.606
                            1  SCC done.
 making H1...
 cpu time for H       3.05991700000000     
 solving ...
 cpu time for diag   0.280958000000000     
 
 gap (eV)           :   1.872
 Koopmans IP (eV)   :  12.076
 Eel (Eh)           :  -492.397027
 T,E(Fermi),NFOD :    300.000   -11.140  0.000000
 T,E(Fermi),NFOD :    300.000   -11.140  0.000000
 Nfod               :  0.0000
 Nfod/Nel           :  0.0000

          eigenvalues
 #    :         304        305        306        307        308        309        310        311
 occ. :        2.000      2.000      2.000      2.000      2.000      2.000      2.000      2.000
 eps  :       -14.218    -14.055    -13.990    -13.984    -13.877    -13.574    -13.554    -13.482
 #    :         312        313        314        315        316        317        318        319
 occ. :        2.000      2.000      2.000      2.000      2.000      0.000      0.000      0.000
 eps  :       -13.100    -12.844    -12.647    -12.404    -12.077    -10.205     -9.832     -9.318
 #    :         320        321        322        323        324        325        326        327
 occ. :        0.000      0.000      0.000      0.000      0.000      0.000      0.000      0.000
 eps  :        -9.271     -9.176     -9.113     -8.765     -8.603     -7.949     -7.861     -7.714
                            2  SCC done.
 
 
 Mulliken/CM5 charges    n(s)   n(p)   n(d)   
    1 C   0.0036 -0.0423   1.155  2.842  0.000
    2 C  -0.0343 -0.0355   1.171  2.863  0.000
    3 C   0.1315  0.1678   1.174  2.695  0.000
    4 O  -0.2412 -0.2897   1.629  4.613  0.000
    5 C  -0.0444 -0.0431   1.195  2.849  0.000
    6 C   0.0525  0.0523   1.155  2.792  0.000
    7 CL -0.0100 -0.0092   1.896  5.111  0.003
    8 C   0.0382  0.0379   1.161  2.801  0.000
    9 CL -0.0278 -0.0275   1.898  5.126  0.004
   10 C   0.0413  0.0410   1.159  2.800  0.000
   11 CL -0.0256 -0.0253   1.898  5.124  0.004
   12 C   0.0452  0.0450   1.160  2.795  0.000
   13 CL -0.0131 -0.0107   1.898  5.113  0.003
   14 C  -0.0163 -0.0163   1.172  2.844  0.000
   15 C   0.0114  0.0114   1.198  2.791  0.000
   16 C   0.0007  0.0074   1.113  2.886  0.000
   17 C   0.0915  0.2104   1.174  2.735  0.000
   18 N  -0.2178 -0.3480   1.642  3.576  0.000
   19 C   0.0841  0.2037   1.175  2.741  0.000
   20 N  -0.2174 -0.3491   1.642  3.575  0.000
   21 C  -0.0192 -0.0065   1.163  2.856  0.000
   22 C   0.0579  0.1288   1.178  2.764  0.000
   23 N  -0.0829 -0.3290   1.226  3.857  0.000
   24 C   0.0510  0.1059   1.174  2.775  0.000
   25 C  -0.0425 -0.0913   1.138  2.905  0.000
   26 C  -0.0470 -0.1013   1.138  2.909  0.000
   27 C   0.0014 -0.0171   1.176  2.822  0.000
   28 C  -0.0857 -0.2316   1.080  3.006  0.000
   29 C  -0.0447 -0.0988   1.137  2.907  0.000
   30 C  -0.0362 -0.0836   1.137  2.899  0.000
   31 C   0.0515  0.1076   1.173  2.775  0.000
   32 C  -0.0413 -0.0892   1.138  2.903  0.000
   33 C  -0.0410 -0.0948   1.138  2.903  0.000
   34 C   0.0001 -0.0179   1.178  2.821  0.000
   35 C  -0.0854 -0.2307   1.079  3.006  0.000
   36 C  -0.0528 -0.1070   1.139  2.914  0.000
   37 C  -0.0397 -0.0882   1.141  2.899  0.000
   38 C  -0.0485 -0.0292   1.166  2.883  0.000
   39 S   0.1108  0.0767   1.895  3.943  0.051
   40 C  -0.0391 -0.0205   1.178  2.861  0.000
   41 C   0.0306  0.0973   1.167  2.802  0.000
   42 N  -0.1242 -0.3681   1.223  3.901  0.000
   43 C   0.0476  0.1046   1.175  2.778  0.000
   44 C  -0.0428 -0.0911   1.139  2.904  0.000
   45 C  -0.0489 -0.1033   1.138  2.911  0.000
   46 C  -0.0074 -0.0260   1.177  2.831  0.000
   47 C  -0.0847 -0.2306   1.080  3.005  0.000
   48 C  -0.0471 -0.1029   1.139  2.909  0.000
   49 C  -0.0485 -0.0966   1.136  2.912  0.000
   50 C   0.0452  0.1010   1.175  2.780  0.000
   51 C  -0.0415 -0.0903   1.136  2.906  0.000
   52 C  -0.0457 -0.0998   1.137  2.908  0.000
   53 C  -0.0009 -0.0190   1.175  2.826  0.000
   54 C  -0.0846 -0.2302   1.079  3.005  0.000
   55 C  -0.0460 -0.1001   1.137  2.909  0.000
   56 C  -0.0477 -0.0952   1.137  2.911  0.000
   57 C  -0.0401 -0.0202   1.171  2.869  0.000
   58 S   0.1057  0.0717   1.891  3.957  0.046
   59 C  -0.0400 -0.0215   1.169  2.871  0.000
   60 C   0.0299  0.0971   1.172  2.798  0.000
   61 N  -0.1192 -0.3604   1.237  3.882  0.000
   62 C   0.0435  0.1001   1.174  2.783  0.000
   63 C  -0.0448 -0.0923   1.139  2.906  0.000
   64 C  -0.0390 -0.0906   1.134  2.905  0.000
   65 C  -0.0106 -0.0063   1.165  2.846  0.000
   66 S  -0.0298 -0.0773   1.890  4.112  0.027
   67 C  -0.0756 -0.2109   1.074  3.001  0.000
   68 C  -0.0489 -0.1018   1.135  2.914  0.000
   69 C  -0.0433 -0.0917   1.138  2.906  0.000
   70 C   0.0411  0.0966   1.176  2.783  0.000
   71 C  -0.0505 -0.0981   1.142  2.908  0.000
   72 C  -0.0495 -0.1024   1.135  2.914  0.000
   73 C  -0.0100 -0.0056   1.165  2.845  0.000
   74 S  -0.0386 -0.0822   1.891  4.120  0.028
   75 C  -0.0765 -0.2114   1.075  3.002  0.000
   76 C  -0.0392 -0.0908   1.135  2.904  0.000
   77 C  -0.0413 -0.0898   1.140  2.902  0.000
   78 C  -0.0552 -0.0355   1.168  2.887  0.000
   79 S   0.1036  0.0702   1.892  3.948  0.056
   80 C  -0.0585 -0.0406   1.165  2.893  0.000
   81 C   0.0343  0.1038   1.168  2.797  0.000
   82 N  -0.1140 -0.3584   1.224  3.890  0.000
   83 C   0.0421  0.0984   1.172  2.785  0.000
   84 C  -0.0428 -0.0901   1.139  2.903  0.000
   85 C  -0.0518 -0.1045   1.133  2.919  0.000
   86 C  -0.0083 -0.0038   1.165  2.844  0.000
   87 S  -0.0260 -0.0720   1.890  4.109  0.027
   88 C  -0.0747 -0.2100   1.073  3.001  0.000
   89 C  -0.0405 -0.0923   1.133  2.908  0.000
   90 C  -0.0423 -0.0910   1.139  2.903  0.000
   91 C   0.0386  0.0935   1.173  2.788  0.000
   92 C  -0.0353 -0.0831   1.139  2.896  0.000
   93 C  -0.0425 -0.0938   1.133  2.909  0.000
   94 C  -0.0141 -0.0095   1.168  2.846  0.000
   95 S  -0.0256 -0.0698   1.890  4.109  0.027
   96 C  -0.0751 -0.2094   1.074  3.001  0.000
   97 C  -0.0584 -0.1112   1.134  2.924  0.000
   98 C  -0.0499 -0.0983   1.142  2.908  0.000
   99 C  -0.0546 -0.0347   1.165  2.890  0.000
  100 S   0.1005  0.0659   1.895  3.954  0.051
  101 C   0.0306  0.0352   1.151  2.819  0.000
  102 C   0.0946  0.1156   1.158  2.747  0.000
  103 F  -0.1134 -0.1368   1.675  5.438  0.000
  104 C   0.1065  0.1275   1.154  2.739  0.000
  105 F  -0.1084 -0.1319   1.674  5.434  0.000
  106 C   0.0262  0.0263   1.144  2.830  0.000
  107 C   0.0933  0.1125   1.158  2.749  0.000
  108 F  -0.1181 -0.1420   1.677  5.441  0.000
  109 C   0.0908  0.1109   1.158  2.751  0.000
  110 F  -0.1194 -0.1435   1.677  5.442  0.000
  111 C   0.0101 -0.0369   1.157  2.833  0.000
  112 C  -0.0124 -0.0139   1.187  2.825  0.000
  113 C   0.1462  0.1828   1.173  2.681  0.000
  114 O  -0.2133 -0.2579   1.628  4.586  0.000
  115 C  -0.0480 -0.0452   1.196  2.852  0.000
  116 C  -0.0277 -0.0132   1.185  2.843  0.000
  117 S   0.1376  0.1049   1.888  3.931  0.043
  118 C  -0.0100 -0.0009   1.179  2.831  0.000
  119 C  -0.0278 -0.0798   1.133  2.895  0.000
  120 C  -0.0276 -0.0838   1.137  2.890  0.000
  121 C  -0.0299 -0.0861   1.133  2.897  0.000
  122 C  -0.0203 -0.0732   1.139  2.882  0.000
  123 C  -0.0152 -0.0175   1.167  2.848  0.000
  124 C   0.0281  0.0290   1.189  2.783  0.000
  125 C   0.0190  0.0260   1.117  2.864  0.000
  126 C   0.1052  0.2239   1.167  2.728  0.000
  127 N  -0.1986 -0.3352   1.640  3.559  0.000
  128 C   0.0970  0.2186   1.169  2.734  0.000
  129 N  -0.1956 -0.3221   1.642  3.554  0.000
  130 H   0.0650  0.1299   0.935  0.000  0.000
  131 H   0.0391  0.1009   0.961  0.000  0.000
  132 H   0.0402  0.0998   0.960  0.000  0.000
  133 H   0.0383  0.0913   0.962  0.000  0.000
  134 H   0.0414  0.0937   0.959  0.000  0.000
  135 H   0.0431  0.0976   0.957  0.000  0.000
  136 H   0.0382  0.0957   0.962  0.000  0.000
  137 H   0.0432  0.1092   0.957  0.000  0.000
  138 H   0.0416  0.1041   0.958  0.000  0.000
  139 H   0.0440  0.1027   0.956  0.000  0.000
  140 H   0.0377  0.0909   0.962  0.000  0.000
  141 H   0.0492  0.1065   0.951  0.000  0.000
  142 H   0.0427  0.0954   0.957  0.000  0.000
  143 H   0.0383  0.0963   0.962  0.000  0.000
  144 H   0.0459  0.1120   0.954  0.000  0.000
  145 H   0.0440  0.1084   0.956  0.000  0.000
  146 H   0.0397  0.0981   0.960  0.000  0.000
  147 H   0.0397  0.0926   0.960  0.000  0.000
  148 H   0.0420  0.0945   0.958  0.000  0.000
  149 H   0.0400  0.0928   0.960  0.000  0.000
  150 H   0.0404  0.0982   0.960  0.000  0.000
  151 H   0.0386  0.1005   0.961  0.000  0.000
  152 H   0.0401  0.1017   0.960  0.000  0.000
  153 H   0.0386  0.0960   0.961  0.000  0.000
  154 H   0.0401  0.0928   0.960  0.000  0.000
  155 H   0.0431  0.0965   0.957  0.000  0.000
  156 H   0.0389  0.0919   0.961  0.000  0.000
  157 H   0.0381  0.0965   0.962  0.000  0.000
  158 H   0.0370  0.0998   0.963  0.000  0.000
  159 H   0.0397  0.1016   0.960  0.000  0.000
  160 H   0.0459  0.1054   0.954  0.000  0.000
  161 H   0.0485  0.1029   0.952  0.000  0.000
  162 H   0.0544  0.1082   0.946  0.000  0.000
  163 H   0.0468  0.1003   0.953  0.000  0.000
  164 H   0.0455  0.1047   0.955  0.000  0.000
  165 H   0.0405  0.1023   0.959  0.000  0.000
  166 H   0.0435  0.1092   0.956  0.000  0.000
  167 H   0.0448  0.1043   0.955  0.000  0.000
  168 H   0.0497  0.1050   0.950  0.000  0.000
  169 H   0.0450  0.0984   0.955  0.000  0.000
  170 H   0.0538  0.1075   0.946  0.000  0.000
  171 H   0.0445  0.1030   0.955  0.000  0.000
  172 H   0.0419  0.1039   0.958  0.000  0.000
  173 H   0.0407  0.1031   0.959  0.000  0.000
  174 H   0.0446  0.1039   0.955  0.000  0.000
  175 H   0.0469  0.1005   0.953  0.000  0.000
  176 H   0.0550  0.1088   0.945  0.000  0.000
  177 H   0.0485  0.1028   0.951  0.000  0.000
  178 H   0.0447  0.1034   0.955  0.000  0.000
  179 H   0.0406  0.1025   0.959  0.000  0.000
  180 H   0.0445  0.1064   0.955  0.000  0.000
  181 H   0.0463  0.1051   0.954  0.000  0.000
  182 H   0.0622  0.1217   0.938  0.000  0.000
  183 H   0.0467  0.1021   0.953  0.000  0.000
  184 H   0.0458  0.0995   0.954  0.000  0.000
  185 H   0.0459  0.1054   0.954  0.000  0.000
  186 H   0.0429  0.1062   0.957  0.000  0.000
  187 H   0.0668  0.1332   0.933  0.000  0.000
  188 H   0.0441  0.1016   0.956  0.000  0.000
  189 H   0.0447  0.1013   0.955  0.000  0.000
  190 H   0.0445  0.1012   0.955  0.000  0.000
  191 H   0.0477  0.1065   0.952  0.000  0.000
 Hirshfeld charges for QMDFF written to <charges>
 
 Loewdin charges    n(s)   n(p)   n(d)
    1 C   0.0119   1.101  2.887  0.000
    2 C  -0.0430   1.134  2.909  0.000
    3 C   0.1231   1.139  2.737  0.000
    4 O  -0.2270   1.599  4.628  0.000
    5 C  -0.0523   1.158  2.894  0.000
    6 C   0.0674   1.113  2.820  0.000
    7 CL -0.0210   1.886  5.110  0.025
    8 C   0.0491   1.121  2.830  0.000
    9 CL -0.0384   1.888  5.124  0.027
   10 C   0.0525   1.119  2.829  0.000
   11 CL -0.0362   1.888  5.122  0.026
   12 C   0.0584   1.119  2.823  0.000
   13 CL -0.0241   1.888  5.111  0.026
   14 C  -0.0192   1.133  2.887  0.000
   15 C   0.0226   1.153  2.824  0.000
   16 C  -0.0132   1.073  2.940  0.000
   17 C   0.0863   1.140  2.774  0.000
   18 N  -0.2072   1.604  3.603  0.000
   19 C   0.0796   1.141  2.780  0.000
   20 N  -0.2074   1.605  3.603  0.000
   21 C  -0.0024   1.120  2.882  0.000
   22 C   0.0482   1.146  2.805  0.000
   23 N  -0.0423   1.184  3.858  0.000
   24 C   0.0481   1.137  2.815  0.000
   25 C  -0.0395   1.085  2.954  0.000
   26 C  -0.0425   1.085  2.958  0.000
   27 C   0.0103   1.132  2.858  0.000
   28 C  -0.0880   1.006  3.082  0.000
   29 C  -0.0400   1.084  2.956  0.000
   30 C  -0.0336   1.085  2.949  0.000
   31 C   0.0483   1.137  2.815  0.000
   32 C  -0.0379   1.086  2.952  0.000
   33 C  -0.0358   1.084  2.952  0.000
   34 C   0.0095   1.134  2.856  0.000
   35 C  -0.0875   1.005  3.083  0.000
   36 C  -0.0477   1.086  2.962  0.000
   37 C  -0.0367   1.089  2.948  0.000
   38 C  -0.0305   1.124  2.907  0.000
   39 S   0.0717   1.883  3.941  0.105
   40 C  -0.0192   1.135  2.884  0.000
   41 C   0.0178   1.136  2.846  0.000
   42 N  -0.0859   1.183  3.903  0.000
   43 C   0.0452   1.138  2.817  0.000
   44 C  -0.0405   1.087  2.954  0.000
   45 C  -0.0442   1.085  2.959  0.000
   46 C   0.0014   1.132  2.866  0.000
   47 C  -0.0868   1.006  3.081  0.000
   48 C  -0.0420   1.085  2.957  0.000
   49 C  -0.0457   1.084  2.962  0.000
   50 C   0.0425   1.138  2.820  0.000
   51 C  -0.0389   1.083  2.955  0.000
   52 C  -0.0408   1.084  2.957  0.000
   53 C   0.0076   1.131  2.861  0.000
   54 C  -0.0866   1.005  3.081  0.000
   55 C  -0.0413   1.083  2.958  0.000
   56 C  -0.0451   1.084  2.961  0.000
   57 C  -0.0160   1.126  2.890  0.000
   58 S   0.0668   1.878  3.955  0.100
   59 C  -0.0248   1.128  2.897  0.000
   60 C   0.0185   1.140  2.841  0.000
   61 N  -0.0803   1.196  3.884  0.000
   62 C   0.0402   1.137  2.823  0.000
   63 C  -0.0413   1.087  2.955  0.000
   64 C  -0.0348   1.081  2.954  0.000
   65 C   0.0178   1.116  2.866  0.000
   66 S  -0.0686   1.878  4.109  0.082
   67 C  -0.0534   0.996  3.057  0.000
   68 C  -0.0455   1.082  2.964  0.000
   69 C  -0.0400   1.085  2.955  0.000
   70 C   0.0383   1.139  2.823  0.000
   71 C  -0.0480   1.090  2.958  0.000
   72 C  -0.0462   1.082  2.964  0.000
   73 C   0.0184   1.116  2.865  0.000
   74 S  -0.0772   1.879  4.116  0.082
   75 C  -0.0542   0.997  3.058  0.000
   76 C  -0.0346   1.082  2.952  0.000
   77 C  -0.0383   1.087  2.951  0.000
   78 C  -0.0351   1.126  2.910  0.000
   79 S   0.0648   1.879  3.946  0.110
   80 C  -0.0429   1.124  2.919  0.000
   81 C   0.0225   1.137  2.841  0.000
   82 N  -0.0749   1.182  3.893  0.000
   83 C   0.0385   1.136  2.826  0.000
   84 C  -0.0388   1.087  2.952  0.000
   85 C  -0.0489   1.081  2.968  0.000
   86 C   0.0204   1.116  2.864  0.000
   87 S  -0.0649   1.877  4.106  0.082
   88 C  -0.0524   0.995  3.057  0.000
   89 C  -0.0359   1.080  2.956  0.000
   90 C  -0.0391   1.087  2.953  0.000
   91 C   0.0351   1.137  2.828  0.000
   92 C  -0.0317   1.086  2.945  0.000
   93 C  -0.0378   1.080  2.958  0.000
   94 C   0.0154   1.119  2.865  0.000
   95 S  -0.0644   1.877  4.105  0.082
   96 C  -0.0529   0.996  3.057  0.000
   97 C  -0.0552   1.082  2.973  0.000
   98 C  -0.0463   1.089  2.957  0.000
   99 C  -0.0347   1.122  2.912  0.000
  100 S   0.0618   1.882  3.951  0.105
  101 C   0.0278   1.110  2.862  0.000
  102 C   0.0788   1.126  2.795  0.000
  103 F  -0.0959   1.659  5.437  0.000
  104 C   0.0909   1.122  2.787  0.000
  105 F  -0.0905   1.657  5.434  0.000
  106 C   0.0229   1.103  2.874  0.000
  107 C   0.0792   1.125  2.796  0.000
  108 F  -0.1003   1.660  5.441  0.000
  109 C   0.0752   1.126  2.799  0.000
  110 F  -0.1017   1.660  5.441  0.000
  111 C   0.0175   1.103  2.879  0.000
  112 C  -0.0178   1.149  2.869  0.000
  113 C   0.1366   1.139  2.724  0.000
  114 O  -0.1981   1.597  4.601  0.000
  115 C  -0.0545   1.159  2.895  0.000
  116 C  -0.0010   1.139  2.862  0.000
  117 S   0.0979   1.875  3.931  0.096
  118 C   0.0146   1.133  2.853  0.000
  119 C  -0.0245   1.080  2.945  0.000
  120 C  -0.0195   1.083  2.937  0.000
  121 C  -0.0228   1.079  2.944  0.000
  122 C  -0.0149   1.085  2.930  0.000
  123 C  -0.0135   1.126  2.888  0.000
  124 C   0.0370   1.146  2.817  0.000
  125 C   0.0079   1.076  2.917  0.000
  126 C   0.0980   1.133  2.769  0.000
  127 N  -0.1870   1.601  3.586  0.000
  128 C   0.0900   1.136  2.774  0.000
  129 N  -0.1848   1.604  3.581  0.000
  130 H   0.0540   0.946  0.000  0.000
  131 H   0.0315   0.969  0.000  0.000
  132 H   0.0333   0.967  0.000  0.000
  133 H   0.0378   0.962  0.000  0.000
  134 H   0.0406   0.959  0.000  0.000
  135 H   0.0426   0.957  0.000  0.000
  136 H   0.0311   0.969  0.000  0.000
  137 H   0.0348   0.965  0.000  0.000
  138 H   0.0333   0.967  0.000  0.000
  139 H   0.0357   0.964  0.000  0.000
  140 H   0.0374   0.963  0.000  0.000
  141 H   0.0472   0.953  0.000  0.000
  142 H   0.0417   0.958  0.000  0.000
  143 H   0.0312   0.969  0.000  0.000
  144 H   0.0373   0.963  0.000  0.000
  145 H   0.0361   0.964  0.000  0.000
  146 H   0.0328   0.967  0.000  0.000
  147 H   0.0390   0.961  0.000  0.000
  148 H   0.0415   0.959  0.000  0.000
  149 H   0.0393   0.961  0.000  0.000
  150 H   0.0336   0.966  0.000  0.000
  151 H   0.0307   0.969  0.000  0.000
  152 H   0.0323   0.968  0.000  0.000
  153 H   0.0314   0.969  0.000  0.000
  154 H   0.0394   0.961  0.000  0.000
  155 H   0.0422   0.958  0.000  0.000
  156 H   0.0383   0.962  0.000  0.000
  157 H   0.0312   0.969  0.000  0.000
  158 H   0.0296   0.970  0.000  0.000
  159 H   0.0318   0.968  0.000  0.000
  160 H   0.0377   0.962  0.000  0.000
  161 H   0.0469   0.953  0.000  0.000
  162 H   0.0527   0.947  0.000  0.000
  163 H   0.0451   0.955  0.000  0.000
  164 H   0.0382   0.962  0.000  0.000
  165 H   0.0324   0.968  0.000  0.000
  166 H   0.0359   0.964  0.000  0.000
  167 H   0.0378   0.962  0.000  0.000
  168 H   0.0478   0.952  0.000  0.000
  169 H   0.0436   0.956  0.000  0.000
  170 H   0.0520   0.948  0.000  0.000
  171 H   0.0363   0.964  0.000  0.000
  172 H   0.0338   0.966  0.000  0.000
  173 H   0.0327   0.967  0.000  0.000
  174 H   0.0376   0.962  0.000  0.000
  175 H   0.0452   0.955  0.000  0.000
  176 H   0.0533   0.947  0.000  0.000
  177 H   0.0470   0.953  0.000  0.000
  178 H   0.0365   0.964  0.000  0.000
  179 H   0.0329   0.967  0.000  0.000
  180 H   0.0357   0.964  0.000  0.000
  181 H   0.0378   0.962  0.000  0.000
  182 H   0.0593   0.941  0.000  0.000
  183 H   0.0457   0.954  0.000  0.000
  184 H   0.0442   0.956  0.000  0.000
  185 H   0.0386   0.961  0.000  0.000
  186 H   0.0349   0.965  0.000  0.000
  187 H   0.0552   0.945  0.000  0.000
  188 H   0.0353   0.965  0.000  0.000
  189 H   0.0365   0.964  0.000  0.000
  190 H   0.0365   0.964  0.000  0.000
  191 H   0.0382   0.962  0.000  0.000
 
 Wiberg/Mayer (AO) data. WBOs > 0.1 written file <wbo>
 largest (>0.05) Wiberg bond orders for each atom
           total WBO             WBO to atom ...
     1  C   3.925    C    2 1.430    C   21 1.309    H  130 0.924
     2  C   3.914    C    1 1.430    C   15 1.130    C    3 1.029    O    4 0.067
     3  C   3.917    O    4 1.750    C    2 1.029    C    5 0.962
     4  O   2.146    C    3 1.750    C    2 0.067    C    5 0.067
     5  C   3.932    C    6 1.369    C   14 1.252    C    3 0.962    C   10 0.080    O    4 0.067
     6  C   3.933    C    5 1.369    C    8 1.298    CL   7 1.031    C   12 0.068
     7  CL  1.196    C    6 1.031
     8  C   3.920    C   10 1.364    C    6 1.298    CL   9 1.019    C   14 0.079
     9  CL  1.176    C    8 1.019
    10  C   3.926    C    8 1.364    C   12 1.306    CL  11 1.021    C    5 0.080
    11  CL  1.173    C   10 1.021
    12  C   3.927    C   14 1.357    C   10 1.306    CL  13 1.021    C    6 0.068
    13  CL  1.198    C   12 1.021
    14  C   3.946    C   12 1.357    C    5 1.252    C   15 1.040    C    8 0.079
    15  C   3.928    C   16 1.436    C    2 1.130    C   14 1.040    N   20 0.088    N   18 0.085
    16  C   3.938    C   15 1.436    C   19 1.070    C   17 1.061    N   20 0.083    N   18 0.082
    17  C   3.939    N   18 2.781    C   16 1.061
    18  N   3.048    C   17 2.781    C   15 0.085    C   16 0.082
    19  C   3.938    N   20 2.772    C   16 1.070
    20  N   3.038    C   19 2.772    C   15 0.088    C   16 0.083
    21  C   3.915    C   22 1.309    C    1 1.309    S   58 1.047
    22  C   3.914    C   21 1.309    C   38 1.243    N   23 1.073    S   58 0.064
    23  N   3.405    C   22 1.073    C   31 0.987    C   24 0.973
    24  C   3.929    C   30 1.378    C   25 1.372    N   23 0.973    C   27 0.104
    25  C   3.967    C   26 1.448    C   24 1.372    H  131 0.944    C   29 0.104
    26  C   3.972    C   25 1.448    C   27 1.384    H  132 0.942    C   30 0.106
    27  C   3.948    C   29 1.396    C   26 1.384    C   28 0.993    C   24 0.104
    28  C   3.986    C   27 0.993    H  133 0.979    H  134 0.970    H  135 0.969
    29  C   3.972    C   30 1.438    C   27 1.396    H  136 0.944    C   25 0.104
    30  C   3.969    C   29 1.438    C   24 1.378    H  137 0.943    C   26 0.106
    31  C   3.931    C   37 1.370    C   32 1.363    N   23 0.987    C   34 0.103
    32  C   3.970    C   33 1.458    C   31 1.363    H  138 0.945    C   36 0.103
    33  C   3.972    C   32 1.458    C   34 1.375    H  139 0.944    C   37 0.104
    34  C   3.950    C   36 1.401    C   33 1.375    C   35 0.994    C   31 0.103
    35  C   3.986    C   34 0.994    H  140 0.979    H  142 0.973    H  141 0.966
    36  C   3.972    C   37 1.432    C   34 1.401    H  143 0.944    C   32 0.103
    37  C   3.967    C   36 1.432    C   31 1.370    H  144 0.942    C   33 0.104
    38  C   3.925    C   57 1.351    C   22 1.243    S   39 1.075    C   40 0.062
    39  S   2.493    C   40 1.083    C   38 1.075    C   41 0.067    C   57 0.052
    40  C   3.889    C   41 1.441    C   59 1.110    S   39 1.083    C   38 0.062
    41  C   3.914    C   40 1.441    C   57 1.223    N   42 0.997    S   39 0.067
    42  N   3.325    C   41 0.997    C   43 0.995    C   50 0.987
    43  C   3.933    C   49 1.376    C   44 1.362    N   42 0.995    C   46 0.103
    44  C   3.969    C   45 1.450    C   43 1.362    H  145 0.941    C   48 0.105
    45  C   3.972    C   44 1.450    C   46 1.387    H  146 0.943    C   49 0.103
    46  C   3.951    C   48 1.390    C   45 1.387    C   47 0.992    C   43 0.103
    47  C   3.986    C   46 0.992    H  147 0.978    H  149 0.977    H  148 0.969
    48  C   3.972    C   49 1.437    C   46 1.390    H  150 0.943    C   44 0.105
    49  C   3.970    C   48 1.437    C   43 1.376    H  151 0.945    C   45 0.103
    50  C   3.932    C   51 1.375    C   56 1.369    N   42 0.987    C   53 0.103
    51  C   3.970    C   52 1.440    C   50 1.375    H  152 0.945    C   55 0.106
    52  C   3.972    C   51 1.440    C   53 1.394    H  153 0.944    C   56 0.104
    53  C   3.950    C   52 1.394    C   55 1.387    C   54 0.993    C   50 0.103
    54  C   3.987    C   53 0.993    H  156 0.979    H  154 0.975    H  155 0.968
    55  C   3.973    C   56 1.448    C   53 1.387    H  157 0.944    C   51 0.106
    56  C   3.970    C   55 1.448    C   50 1.369    H  158 0.945    C   52 0.104
    57  C   3.924    C   38 1.351    C   41 1.223    S   58 1.104    S   39 0.052
    58  S   2.467    C   57 1.104    C   21 1.047    C   22 0.064
    59  C   3.905    C   60 1.476    C   40 1.110    S  100 1.057    C   99 0.067
    60  C   3.906    C   59 1.476    C   78 1.182    N   61 1.008    S  100 0.067
    61  N   3.323    C   60 1.008    C   62 0.989    C   70 0.983
    62  C   3.930    C   69 1.367    C   63 1.361    N   61 0.989    C   65 0.095
    63  C   3.968    C   64 1.454    C   62 1.361    H  159 0.944    C   68 0.100
    64  C   3.972    C   63 1.454    C   65 1.369    H  160 0.943    C   69 0.103
    65  C   3.952    C   68 1.371    C   64 1.369    S   66 1.033    C   62 0.095
    66  S   2.212    C   65 1.033    C   67 0.994
    67  C   3.982    S   66 0.994    H  163 0.990    H  161 0.988    H  162 0.981
    68  C   3.971    C   69 1.452    C   65 1.371    H  164 0.943    C   63 0.100
    69  C   3.970    C   68 1.452    C   62 1.367    H  165 0.945    C   64 0.103
    70  C   3.931    C   71 1.370    C   77 1.360    N   61 0.983    C   73 0.096
    71  C   3.968    C   72 1.446    C   70 1.370    H  166 0.936    C   76 0.102
    72  C   3.972    C   71 1.446    C   73 1.377    H  167 0.943    C   77 0.100
    73  C   3.951    C   72 1.377    C   76 1.364    S   74 1.034    C   70 0.096
    74  S   2.195    C   73 1.034    C   75 0.993
    75  C   3.983    S   74 0.993    H  169 0.990    H  168 0.987    H  170 0.981
    76  C   3.971    C   77 1.461    C   73 1.364    H  171 0.943    C   71 0.102
    77  C   3.967    C   76 1.461    C   70 1.360    H  172 0.943    C   72 0.100
    78  C   3.926    C   99 1.397    C   60 1.182    S   79 1.096    C   80 0.072    S  100 0.053
    79  S   2.499    C   78 1.096    C   80 1.083    C   81 0.071    C   99 0.055
    80  C   3.903    C   81 1.465    S   79 1.083    C  101 1.060    C   78 0.072    N   82 0.053
    81  C   3.920    C   80 1.465    C   99 1.189    N   82 1.030    S   79 0.071
    82  N   3.340    C   81 1.030    C   83 0.985    C   91 0.974    C   80 0.053
    83  C   3.930    C   84 1.374    C   90 1.356    N   82 0.985    C   86 0.094
    84  C   3.968    C   85 1.436    C   83 1.374    H  173 0.945    C   89 0.102
    85  C   3.971    C   84 1.436    C   86 1.382    H  174 0.943    C   90 0.100
    86  C   3.952    C   85 1.382    C   89 1.356    S   87 1.038    C   83 0.094
    87  S   2.216    C   86 1.038    C   88 0.998
    88  C   3.983    S   87 0.998    H  175 0.989    H  177 0.988    H  176 0.980
    89  C   3.971    C   90 1.466    C   86 1.356    H  178 0.944    C   84 0.102
    90  C   3.968    C   89 1.466    C   83 1.356    H  179 0.944    C   85 0.100
    91  C   3.931    C   98 1.376    C   92 1.364    N   82 0.974    C   94 0.097
    92  C   3.969    C   93 1.462    C   91 1.364    H  180 0.944    C   97 0.099
    93  C   3.971    C   92 1.462    C   94 1.360    H  181 0.944    C   98 0.103
    94  C   3.954    C   97 1.374    C   93 1.360    S   95 1.041    C   91 0.097
    95  S   2.219    C   94 1.041    C   96 0.999
    96  C   3.981    S   95 0.999    H  184 0.990    H  183 0.987    H  182 0.975
    97  C   3.971    C   98 1.445    C   94 1.374    H  185 0.942    C   92 0.099
    98  C   3.970    C   97 1.445    C   91 1.376    H  186 0.943    C   93 0.103
    99  C   3.923    C   78 1.397    C   81 1.189    S  100 1.093    C   59 0.067    S   79 0.055
   100  S   2.488    C   99 1.093    C   59 1.057    C   60 0.067    C   78 0.053
   101  C   3.941    C  109 1.307    C  102 1.301    C   80 1.060    C  106 0.089
   102  C   3.910    C  104 1.388    C  101 1.301    F  103 0.979    C  107 0.082
   103  F   1.108    C  102 0.979
   104  C   3.913    C  102 1.388    C  106 1.304    F  105 0.984    C  109 0.083
   105  F   1.115    C  104 0.984
   106  C   3.939    C  107 1.310    C  104 1.304    C  111 1.062    C  101 0.089
   107  C   3.906    C  109 1.388    C  106 1.310    F  108 0.976    C  102 0.082
   108  F   1.104    C  107 0.976
   109  C   3.907    C  107 1.388    C  101 1.307    F  110 0.974    C  104 0.083
   110  F   1.102    C  109 0.974
   111  C   3.930    C  112 1.692    C  106 1.062    H  187 0.921
   112  C   3.931    C  111 1.692    C  124 1.043    C  113 0.947    O  114 0.066
   113  C   3.913    O  114 1.805    C  115 1.014    C  112 0.947
   114  O   2.180    C  113 1.805    C  115 0.068    C  112 0.066    C  116 0.065
   115  C   3.921    C  116 1.412    C  123 1.148    C  113 1.014    S  117 0.078    O  114 0.068    C  125 0.066
   116  C   3.943    C  115 1.412    S  117 1.137    C  124 1.114    O  114 0.065
   117  S   2.541    C  116 1.137    C  118 1.075    C  115 0.078
   118  C   3.934    C  119 1.371    C  123 1.255    S  117 1.075    C  121 0.082
   119  C   3.968    C  120 1.465    C  118 1.371    H  188 0.945    C  122 0.107
   120  C   3.951    C  119 1.465    C  121 1.369    H  189 0.945    C  123 0.080
   121  C   3.971    C  122 1.494    C  120 1.369    H  190 0.945    C  118 0.082
   122  C   3.955    C  121 1.494    C  123 1.306    H  191 0.944    C  119 0.107
   123  C   3.952    C  122 1.306    C  118 1.255    C  115 1.148    C  120 0.080
   124  C   3.938    C  125 1.467    C  116 1.114    C  112 1.043    N  127 0.093    N  129 0.092
   125  C   3.940    C  124 1.467    C  126 1.066    C  128 1.055    N  129 0.077    N  127 0.076    C  115 0.066
   126  C   3.942    N  127 2.789    C  125 1.066
   127  N   3.049    C  126 2.789    C  124 0.093    C  125 0.076
   128  C   3.943    N  129 2.806    C  125 1.055
   129  N   3.060    C  128 2.806    C  124 0.092    C  125 0.077
   130  H   0.990    C    1 0.924
   131  H   0.997    C   25 0.944
   132  H   0.997    C   26 0.942
   133  H   0.997    C   28 0.979
   134  H   0.997    C   28 0.970
   135  H   0.997    C   28 0.969
   136  H   0.998    C   29 0.944
   137  H   0.997    C   30 0.943
   138  H   0.997    C   32 0.945
   139  H   0.997    C   33 0.944
   140  H   0.997    C   35 0.979
   141  H   0.997    C   35 0.966
   142  H   0.997    C   35 0.973
   143  H   0.998    C   36 0.944
   144  H   0.997    C   37 0.942
   145  H   0.997    C   44 0.941
   146  H   0.997    C   45 0.943
   147  H   0.997    C   47 0.978
   148  H   0.997    C   47 0.969
   149  H   0.997    C   47 0.977
   150  H   0.997    C   48 0.943
   151  H   0.998    C   49 0.945
   152  H   0.998    C   51 0.945
   153  H   0.997    C   52 0.944
   154  H   0.997    C   54 0.975
   155  H   0.997    C   54 0.968
   156  H   0.997    C   54 0.979
   157  H   0.998    C   55 0.944
   158  H   0.998    C   56 0.945
   159  H   0.998    C   63 0.944
   160  H   0.997    C   64 0.943
   161  H   0.997    C   67 0.988
   162  H   0.996    C   67 0.981
   163  H   0.998    C   67 0.990
   164  H   0.997    C   68 0.943
   165  H   0.998    C   69 0.945
   166  H   0.998    C   71 0.936
   167  H   0.997    C   72 0.943
   168  H   0.997    C   75 0.987
   169  H   0.998    C   75 0.990
   170  H   0.996    C   75 0.981
   171  H   0.997    C   76 0.943
   172  H   0.997    C   77 0.943
   173  H   0.998    C   84 0.945
   174  H   0.997    C   85 0.943
   175  H   0.997    C   88 0.989
   176  H   0.996    C   88 0.980
   177  H   0.997    C   88 0.988
   178  H   0.997    C   89 0.944
   179  H   0.997    C   90 0.944
   180  H   0.997    C   92 0.944
   181  H   0.997    C   93 0.944
   182  H   0.995    C   96 0.975
   183  H   0.998    C   96 0.987
   184  H   0.997    C   96 0.990
   185  H   0.997    C   97 0.942
   186  H   0.998    C   98 0.943
   187  H   0.991    C  111 0.921
   188  H   0.996    C  119 0.945
   189  H   0.997    C  120 0.945
   190  H   0.994    C  121 0.945
   191  H   0.998    C  122 0.944
 
 --------------------------------------------
          xTB calculation for sTDA...
 --------------------------------------------
 
 reading parameter file /ihome/ghutchison/blp62/xtb4stda/.param_stda2.xtb
 
      method parameters     
 k(s)        :  1.6000
 k(p)        :  2.1800
 k(d)        :  1.9500
 k(f)        :  2.0000
 k(R-V)      :  2.2750
 k(R-R)      :  1.7650
 Tscal       :  0.2580
 Gscal       :  1.0000
 fpol        :  1.0000
 Zcnf        :  0.3430
 Zqf         :  0.0000
 kcn         :  2.7000
 Ryd Hsplit  :  0.7000
 lshift(virt):  3.1000
 lshift(OS)  :  0.2000
 wllscaling  :  2.6000
 
 mowrcut     : 3.000
 
  Z AO/shell   Hii/eV     exponent
  1     Sun Feb 14 09:53:25 CET 2016    EN: 2.327 GAM: 0.473  GM3: 0.0000
     1s    -14.339618    1.220000
     2sp    -3.348946    0.600000
  6     Sun Feb 14 09:53:25 CET 2016    EN: 2.731 GAM: 0.422  GM3: 0.0000
     2s    -22.009312    1.565095
     2p    -13.020408    1.596905
     3sp    -3.914040    0.824500
  7     Sun Feb 14 09:53:25 CET 2016    EN: 3.573 GAM: 0.504  GM3: 0.0000
     2s    -25.722000    2.064844
     2p    -18.684912    1.801692
     3sp    -4.344791    0.921400
  8     Sun Feb 14 09:53:25 CET 2016    EN: 3.700 GAM: 0.587  GM3: 0.0000
     2s    -33.859000    2.418661
     2p    -22.175911    1.973969
     3sp    -4.259392    1.013700
  9     Sun Feb 21 12:20:01 CET 2016    EN: 3.394 GAM: 0.600  GM3: 0.0000
     2s    -26.548112    1.943768
     2p    -23.081168    2.552035
     3sp    -1.937199    1.103200
 16     Sun Feb 21 16:35:57 CET 2016    EN: 1.915 GAM: 0.200  GM3: 0.0000
     3s    -17.898811    2.619580
     3p    -15.317401    1.798798
     4sp    -4.455139    0.843200
 17     Sun Feb 21 16:32:04 CET 2016    EN: 2.375 GAM: 0.300  GM3: 0.0000
     3s    -29.486180    2.293696
     3p    -18.696427    2.332982
     4sp    -5.680125    0.918900
 
 Nbf   :         1342
 T(el) :     0.0
 calculating S/T integrals ...
 cpu time for ints    3.13954600000000     
 Nao   :         1342
 making H0...
 making H1...
 cpu time for H      5.367499999999836E-002
 solving ...
 cpu time for diag    1.08619700000000     
 
 gap (eV)           :   3.782
 Koopmans IP (eV)   :  13.022
 Eel (Eh)           :  -543.771866

          eigenvalues
 #    :         304        305        306        307        308        309        310        311
 occ. :        2.000      2.000      2.000      2.000      2.000      2.000      2.000      2.000
 eps  :       -15.723    -15.347    -15.210    -15.156    -14.718    -14.650    -14.606    -14.593
 #    :         312        313        314        315        316        317        318        319
 occ. :        2.000      2.000      2.000      2.000      2.000      0.000      0.000      0.000
 eps  :       -14.126    -13.780    -13.509    -13.213    -13.023     -9.240     -8.641     -8.466
 #    :         320        321        322        323        324        325        326        327
 occ. :        0.000      0.000      0.000      0.000      0.000      0.000      0.000      0.000
 eps  :        -8.254     -7.070     -6.655     -6.328     -6.271     -6.260     -6.237     -6.033
                            1  SCC done.
 writing mo output ...
 molden style : F
 
speedup  2.75
cpu  time for all   10.07 s
wall time for all    3.66 s
