 
        ______________________________________
       |                                      |
       |          ===================         |
       |             xTB for sTDA             |
       |          ===================         |
       |               S. Grimme              |
       |        Universitaet Bonn, MCTC       |
       |         2015-19, Version 1.0         |
       |     Wed Apr  3 09:14:55 CEST 2019    |
       |______________________________________|
 
        This code comes without any warranty
        for non-commercial, academia use only.
        Preliminary test version.
        Cite this work as:
        S. Grimme  &  C. Bannwarth, JCP 145 (2016) 054103
        if GBSA is used additionally:
        P. Shushkov, F. März, C. Bannwarth, S. Grimme, unpublished.
 
        with help from
        P. Shushkov, G. Brandenburg, S. Dohm, J. Pisarek,
        F. März, M. Checinski, S. Ehrlich, S. Spicher, 
        P. Pracht, E. Caldeweyher, S. Ehlert, and C. Bannwarth.
 
        usage        :
        xtb4stda <coord_file> [options]
        where <coord_file> is a valid file of TM)
        (*coord, Bohr) or xmol (*xyz, Angstroem)
        format.

        options:
        -chrg <int>   : molecular charge
        -uhf  <int>   : # of unpaired electrons(=2*S)
        -nox          : skip second, extended part in sTDA-xTB
        -pop          : do population analysis
                      : (default for -nox)
        -mowr <real>  : cut MO write above (def.3 Eh)
        -molden       : write formatted molden file
        -parx <file>  : read parameters for sTDA-xTB
                        calc (def:~/.param_stda2.xtb)
        -parv <file>  : read parameters for vTB part in
                        sTDA-xTB (def: ~/.param_stda1.xtb)
        -xtemp <real> : el. temp for xTB (def. 0 K)
        -etemp <real> : el. temp for GFN (def. 300 K)
        -fod          : calculate the FOD and write
                        molden.input file with
                        appropriate occupations
                        for plotting. Def. T=12500 K
 
        -acc <real>   : xTB accuracy (def. 1.0)
        -gbsa [string1] [string2]
                        use GBSA implicit solvent
                        for solvent [string1] and
                        solvation state [string2]=
                        reference, bar1M (default=1M)
        additional GFN/opt/MD/siman options read from
        $XTB4STDAHOME/.xtb4stdarc or $set in input
 
       spin and charge state information can be on:
       <.CHRG> (charge) and <.UHF> (=nalpha-nbeta)
       -uhf and -chrg override the file info.
       useful machine settings:
       setenv MKL_NUM_THREADS <NCORE_ON_YOUR_MACHINE>
       setenv OMP_STACKSIZE 500m
       limit stacksize unlimited
 
       total energies in Eh, gaps/HL energies in eV
       please read REVISION and HOWTO files carefully
 =============================
  # OMP threads =           8
 =============================
 
 xtb4stdahome directory:/ihome/ghutchison/blp62/xtb4stda/
 
 
 name of molecule           :
 comment line               :
 number of atoms            :   196
 number of electrons        :   628
 charge                     :  0
 spin                       : 0.0
 first test random number   :  0.5122
 
 -----------------------------------------
      charge density (VTB) calculation
 -----------------------------------------
 
      method parameters     
 k(s)        :  1.8000
 k(p)        :  2.8350
 k(d)        :  2.0860
 k(f)        :  2.0000
 Tscal       :  0.3300
 Gscal       :  0.3910
 fpol        :  1.0000
 Zcnf        :  0.6500
 Zqf         :  0.0000
 kcn         :  0.3000
 kEN1        : -0.5900
 wllscal     :  2.6000
 
     -------------------------
     ! NO SOLVENT MODEL USED !
     -------------------------
 
 doing EN charges ...
 sum q : -0.1332268D-14
 point charge moment (au)
     X       Y       Z   
   0.4273   0.2036  -0.5242  total (Debye):    1.795
 
            Z      q(EN)   CN      Cart. coordinates
     1  C   4.0  -0.072   3.209    13.02701    -0.67369     4.27664
     2  C   4.0  -0.005   3.300    15.10439     0.80956     4.74794
     3  C   4.0   0.104   3.237    15.15957     3.57574     5.06843
     4  O   6.0  -0.120   1.197    13.44332     5.07769     4.74831
     5  C   4.0  -0.022   3.525    17.73905     4.16609     5.90143
     6  C   4.0  -0.100   3.408    19.12478     1.94113     6.02256
     7  S   6.0   0.232   2.476    22.21996     2.35989     6.95589
     8  C   4.0  -0.112   3.475    21.68064     5.58716     7.20609
     9  C   4.0  -0.091   3.320    23.19809     7.66114     7.89074
    10  C   4.0  -0.167   3.172    21.86602     9.85416     7.77755
    11  S   6.0   0.223   2.460    18.75326     9.47735     6.84402
    12  C   4.0  -0.107   3.427    19.19905     6.26520     6.58040
    13  C   4.0  -0.012   3.357    17.60809    -0.18255     5.26874
    14  C   4.0  -0.039   3.125    18.48719    -2.62048     5.06220
    15  C   4.0   0.238   2.143    17.12602    -4.68369     4.09711
    16  N   5.0  -0.218   1.038    16.13561    -6.43168     3.27055
    17  C   4.0   0.234   2.172    20.98408    -3.22746     5.76121
    18  N   5.0  -0.217   1.034    23.00836    -3.73826     6.35137
    19  C   4.0  -0.075   3.225    10.52880    -0.00435     3.74733
    20  C   4.0   0.081   3.478     8.54666    -1.77615     3.44667
    21  N   5.0  -0.315   3.238     8.74149    -4.34864     3.78285
    22  C   4.0   0.082   3.294     7.51941    -5.93657     2.04185
    23  C   4.0  -0.070   3.212     7.35368    -5.22812    -0.49492
    24  C   4.0  -0.086   3.266     6.17638    -6.77542    -2.22005
    25  C   4.0  -0.088   3.159     5.18201    -9.09695    -1.47493
    26  S   6.0   0.190   2.269     3.75489   -10.93622    -3.85277
    27  C   4.0  -0.325   3.991     3.38166   -14.02101    -2.40411
    28  C   4.0  -0.085   3.232     5.35681    -9.81939     1.04218
    29  C   4.0  -0.069   3.197     6.48819    -8.23996     2.78508
    30  C   4.0   0.085   3.275    10.09662    -5.37570     5.82036
    31  C   4.0  -0.069   3.198    10.10399    -4.14379     8.14736
    32  C   4.0  -0.082   3.219    11.46138    -5.10056    10.15879
    33  C   4.0  -0.086   3.154    12.81518    -7.33403     9.88629
    34  S   6.0   0.188   2.249    14.62402    -8.73677    12.30797
    35  C   4.0  -0.323   3.987    14.53199    -6.43735    14.85381
    36  C   4.0  -0.086   3.267    12.76529    -8.59976     7.57761
    37  C   4.0  -0.068   3.197    11.43643    -7.63260     5.56071
    38  C   4.0  -0.099   3.457     6.31376    -0.57070     2.66055
    39  S   6.0   0.220   2.679     3.26129    -1.56167     1.99385
    40  C   4.0  -0.081   3.330     2.36783     1.55902     1.21131
    41  C   4.0   0.065   3.532     4.35657     3.22066     1.40652
    42  N   5.0  -0.297   3.237     4.39229     5.69356     0.41158
    43  C   4.0   0.087   3.304     5.56411     7.53887     1.87744
    44  C   4.0  -0.073   3.237     5.64801     7.25711     4.49982
    45  C   4.0  -0.083   3.240     6.84137     9.03157     5.98590
    46  C   4.0  -0.082   3.171     7.93987    11.13067     4.87738
    47  S   6.0   0.183   2.238     9.65801    13.32181     6.78204
    48  C   4.0  -0.324   3.996    12.81593    12.34048     5.84436
    49  C   4.0  -0.085   3.245     7.73786    11.50919     2.29451
    50  C   4.0  -0.070   3.210     6.54525     9.73662     0.80370
    51  C   4.0   0.071   3.318     4.90157     5.58074    -2.24348
    52  C   4.0  -0.069   3.195     2.95780     5.11076    -3.93346
    53  C   4.0  -0.083   3.221     3.43042     4.90214    -6.49688
    54  C   4.0  -0.086   3.153     5.87780     5.15158    -7.40225
    55  S   6.0   0.188   2.249     6.72383     4.94655   -10.61894
    56  C   4.0  -0.323   3.987     3.73032     4.54026   -12.24410
    57  C   4.0  -0.086   3.264     7.84690     5.56562    -5.70055
    58  C   4.0  -0.068   3.194     7.36955     5.75837    -3.15036
    59  C   4.0  -0.104   3.484     6.56812     2.01483     2.31662
    60  S   6.0   0.236   2.699     9.52781     3.11238     3.11786
    61  C   4.0  -0.083   3.323    -0.19956     1.90409     0.43010
    62  C   4.0   0.073   3.479    -2.02654     3.64112     1.13270
    63  N   5.0  -0.307   3.236    -1.82623     5.51838     2.98614
    64  C   4.0   0.081   3.310    -3.60598     5.28651     4.94522
    65  C   4.0  -0.069   3.206    -4.08426     2.90999     5.97210
    66  C   4.0  -0.082   3.218    -5.86495     2.59195     7.85521
    67  C   4.0  -0.086   3.153    -7.19872     4.65969     8.76001
    68  S   6.0   0.187   2.247    -9.51742     4.51002    11.15486
    69  C   4.0  -0.323   3.987    -9.67313     1.17806    11.95800
    70  C   4.0  -0.086   3.264    -6.72327     7.04301     7.74334
    71  C   4.0  -0.068   3.193    -4.96337     7.35633     5.85550
    72  C   4.0   0.088   3.269    -0.66273     7.85238     2.53507
    73  C   4.0  -0.068   3.197    -0.48831     8.85412     0.10809
    74  C   4.0  -0.086   3.269     0.62096    11.17660    -0.27609
    75  C   4.0  -0.087   3.163     1.53238    12.57877     1.75688
    76  S   6.0   0.193   2.265     2.87767    15.54073     1.04275
    77  C   4.0  -0.324   3.991     3.74638    16.83878     4.09334
    78  C   4.0  -0.083   3.230     1.33396    11.60330     4.18385
    79  C   4.0  -0.069   3.209     0.27477     9.24983     4.55802
    80  C   4.0  -0.105   3.484    -4.39645     3.00769     0.04214
    81  S   6.0   0.225   2.587    -7.35255     4.38964     0.08636
    82  C   4.0  -0.082   3.300    -8.61450     1.88935    -1.73760
    83  C   4.0   0.075   3.489    -6.77826     0.12056    -2.38937
    84  N   5.0  -0.317   3.253    -7.03810    -2.14578    -3.68497
    85  C   4.0   0.087   3.302    -8.42478    -2.42320    -5.89765
    86  C   4.0  -0.072   3.226    -8.97261    -0.33467    -7.41680
    87  C   4.0  -0.085   3.258   -10.52275    -0.58752    -9.49398
    88  C   4.0  -0.085   3.162   -11.51675    -2.93512   -10.12836
    89  S   6.0   0.190   2.257   -13.68483    -3.06173   -12.67458
    90  C   4.0  -0.324   3.991   -13.11186    -6.18375   -13.99418
    91  C   4.0  -0.084   3.233   -10.88444    -5.04028    -8.69538
    92  C   4.0  -0.070   3.207    -9.36095    -4.78554    -6.59930
    93  C   4.0   0.077   3.330    -5.72776    -4.17743    -2.56738
    94  C   4.0  -0.068   3.191    -4.18215    -5.79277    -3.95728
    95  C   4.0  -0.086   3.252    -2.75617    -7.60407    -2.73859
    96  C   4.0  -0.087   3.161    -2.84819    -7.82233    -0.12019
    97  S   6.0   0.192   2.283    -0.92880   -10.12024     1.35078
    98  C   4.0  -0.324   3.992    -0.27118    -8.68688     4.39985
    99  C   4.0  -0.084   3.234    -4.45106    -6.27559     1.26498
   100  C   4.0  -0.070   3.218    -5.87913    -4.47241     0.04554
   101  C   4.0  -0.104   3.494    -4.39834     0.81731    -1.37723
   102  S   6.0   0.226   2.714    -1.41333    -0.49303    -1.53502
   103  C   4.0  -0.091   3.288   -11.23329     1.97684    -2.30055
   104  C   4.0  -0.100   3.438   -12.75943     4.09447    -2.07001
   105  C   4.0  -0.102   3.359   -15.21985     3.67457    -2.86671
   106  S   6.0   0.194   2.305   -17.48866     6.10665    -2.87975
   107  C   4.0  -0.239   4.000   -19.97554     4.76627    -0.87079
   108  C   4.0  -0.250   4.072   -19.01064     4.24168     1.77237
   109  C   4.0  -0.089   3.253   -15.63767     1.21434    -3.77945
   110  S   6.0   0.233   2.856   -12.93517    -0.62852    -3.34141
   111  C   4.0  -0.075   3.214   -17.76229     0.52100    -5.18843
   112  C   4.0  -0.005   3.305   -18.30559    -1.71228    -6.38255
   113  C   4.0   0.104   3.248   -16.78719    -4.04023    -6.28542
   114  O   6.0  -0.123   1.219   -14.96417    -4.47393    -4.94711
   115  C   4.0  -0.023   3.531   -17.96241    -5.75856    -8.11467
   116  C   4.0  -0.101   3.412   -20.05302    -4.57635    -9.17197
   117  S   6.0   0.232   2.478   -21.61714    -6.38198   -11.38730
   118  C   4.0  -0.112   3.473   -19.45227    -8.79951   -10.90618
   119  C   4.0  -0.091   3.320   -19.14765   -11.23574   -11.93362
   120  C   4.0  -0.166   3.170   -17.12300   -12.42986   -10.90107
   121  S   6.0   0.222   2.461   -15.53033   -10.65201    -8.65891
   122  C   4.0  -0.108   3.432   -17.62094    -8.19026    -9.09544
   123  C   4.0  -0.012   3.357   -20.42246    -2.11441    -8.08368
   124  C   4.0  -0.039   3.124   -22.46752    -0.58430    -8.54969
   125  C   4.0   0.237   2.139   -22.99589     1.69962    -7.29755
   126  N   5.0  -0.217   1.029   -23.56526     3.52831    -6.27427
   127  C   4.0   0.235   2.169   -24.33835    -1.30712   -10.30260
   128  N   5.0  -0.217   1.033   -25.86827    -1.88670   -11.72669
   129  H   1.0   0.078   1.016    13.35469    -2.69343     4.32596
   130  H   1.0   0.079   1.004    25.14998     7.52829     8.42950
   131  H   1.0   0.076   1.013    22.52988    11.72216     8.19423
   132  H   1.0   0.076   1.007     8.18403    -3.46991    -1.11456
   133  H   1.0   0.076   1.008     6.04788    -6.22117    -4.17800
   134  H   1.0   0.079   1.013     1.94547   -13.93956    -0.94071
   135  H   1.0   0.080   1.011     5.18730   -14.65218    -1.66182
   136  H   1.0   0.079   1.015     2.77053   -15.26936    -3.91287
   137  H   1.0   0.076   1.009     4.59317   -11.59970     1.67033
   138  H   1.0   0.076   1.006     6.58437    -8.80253     4.74472
   139  H   1.0   0.076   1.006     9.04687    -2.41224     8.37697
   140  H   1.0   0.076   1.007    11.42963    -4.09485    11.93022
   141  H   1.0   0.079   1.015    15.75408    -7.19154    16.31835
   142  H   1.0   0.079   1.010    15.26407    -4.63644    14.19543
   143  H   1.0   0.079   1.010    12.61940    -6.25046    15.57474
   144  H   1.0   0.076   1.008    13.82240   -10.32962     7.37012
   145  H   1.0   0.077   1.007    11.46440    -8.59806     3.76717
   146  H   1.0   0.077   1.009     4.77345     5.63327     5.37230
   147  H   1.0   0.076   1.007     6.94077     8.78893     8.00809
   148  H   1.0   0.080   1.013    12.96787    10.30354     6.04939
   149  H   1.0   0.080   1.014    14.13345    13.29290     7.09328
   150  H   1.0   0.080   1.011    13.15514    12.89190     3.89680
   151  H   1.0   0.076   1.008     8.52059    13.19085     1.44526
   152  H   1.0   0.077   1.008     6.37858    10.05996    -1.20205
   153  H   1.0   0.078   1.009     1.05503     4.88589    -3.24655
   154  H   1.0   0.076   1.007     1.87026     4.54044    -7.75581
   155  H   1.0   0.079   1.010     2.50426     6.14161   -11.86389
   156  H   1.0   0.079   1.010     2.85368     2.77242   -11.67926
   157  H   1.0   0.079   1.015     4.19444     4.47827   -14.24135
   158  H   1.0   0.076   1.008     9.75401     5.71434    -6.40806
   159  H   1.0   0.076   1.007     8.90930     6.04618    -1.84173
   160  H   1.0   0.076   1.007    -3.04851     1.28804     5.28802
   161  H   1.0   0.076   1.007    -6.18281     0.72188     8.59920
   162  H   1.0   0.079   1.010    -7.86296     0.54443    12.68951
   163  H   1.0   0.079   1.010   -10.24288     0.08560    10.31601
   164  H   1.0   0.079   1.015   -11.10346     1.03160    13.42140
   165  H   1.0   0.076   1.008    -7.77849     8.64323     8.43933
   166  H   1.0   0.076   1.007    -4.64854     9.20542     5.05596
   167  H   1.0   0.077   1.007    -1.27179     7.82819    -1.47058
   168  H   1.0   0.076   1.008     0.76043    11.95138    -2.15769
   169  H   1.0   0.080   1.013     5.16009    15.65506     4.99587
   170  H   1.0   0.079   1.016     4.54252    18.68693     3.69441
   171  H   1.0   0.080   1.010     2.07549    17.04174     5.26742
   172  H   1.0   0.077   1.008     2.02994    12.63660     5.79447
   173  H   1.0   0.076   1.007     0.14551     8.49205     6.44793
   174  H   1.0   0.077   1.007    -8.21199     1.49761    -6.93794
   175  H   1.0   0.076   1.008   -10.99575     1.03935   -10.62914
   176  H   1.0   0.080   1.013   -14.01175    -7.63015   -12.85165
   177  H   1.0   0.080   1.011   -11.08967    -6.50028   -14.11890
   178  H   1.0   0.079   1.014   -13.94448    -6.16580   -15.86860
   179  H   1.0   0.076   1.010   -11.62900    -6.87993    -9.15553
   180  H   1.0   0.077   1.007    -8.97053    -6.41713    -5.44241
   181  H   1.0   0.076   1.006    -4.06045    -5.58301    -5.98249
   182  H   1.0   0.076   1.009    -1.51424    -8.82483    -3.79911
   183  H   1.0   0.080   1.015     1.29805    -9.73832     5.19694
   184  H   1.0   0.080   1.012     0.27212    -6.72894     4.11034
   185  H   1.0   0.080   1.010    -1.90163    -8.84203     5.63686
   186  H   1.0   0.076   1.007    -4.60243    -6.46702     3.28812
   187  H   1.0   0.076   1.007    -7.12219    -3.26167     1.12117
   188  H   1.0   0.080   1.009   -12.09727     5.89330    -1.39367
   189  H   1.0   0.079   1.020   -21.42968     6.22230    -0.87116
   190  H   1.0   0.081   1.014   -20.72992     3.07402    -1.76122
   191  H   1.0   0.081   0.999   -20.55738     3.58594     2.95799
   192  H   1.0   0.081   1.001   -17.55064     2.79207     1.73968
   193  H   1.0   0.081   1.001   -18.21866     5.94640     2.60385
   194  H   1.0   0.075   1.017   -19.07641     2.06339    -5.49211
   195  H   1.0   0.079   1.004   -20.35896   -12.04474   -13.34638
   196  H   1.0   0.076   1.013   -16.44080   -14.29105   -11.31870
 
  Z AO/shell   Hii/eV     exponent
  1     Sat Feb 20 21:38:01 CET 2016    EN: 2.327 GAM: 0.473  GM3: 0.0000
     1s    -13.751157    1.051071
  6     Sat Feb 20 21:38:01 CET 2016    EN: 2.731 GAM: 0.422  GM3: 0.0000
     2s    -19.378245    2.021003
     2p    -11.993376    1.497917
  7     Sat Feb 20 21:38:01 CET 2016    EN: 3.573 GAM: 0.504  GM3: 0.0000
     2s    -21.576984    2.275442
     2p    -16.125120    2.056788
  8     Sat Feb 20 21:38:01 CET 2016    EN: 3.700 GAM: 0.587  GM3: 0.0000
     2s    -21.648843    2.110798
     2p    -17.239740    2.329048
 16     Sat Feb 20 23:13:41 CET 2016    EN: 1.915 GAM: 0.389  GM3: 0.0000
     3s    -22.000000    2.671470
     3p    -15.834192    1.836978
     3d     -2.593599    1.836978
 
 dipole moment of classical point charges (au)
     X       Y       Z   
   0.4273   0.2036  -0.5242  total (Debye):    1.795

 
 Nbf   :          688
 T(el) :   300.0
 calculating S/T integrals ...
 cpu time for ints    1.24812300000000     
 Nao   :          670
 making H0...
 making H1...
 cpu time for H      0.167252000000000     
 solving ...
 cpu time for diag    1.89534700000000     
 
 gap (eV)           :   2.038
 Koopmans IP (eV)   :  11.911
 Eel (Eh)           :  -487.898262
 T,E(Fermi),NFOD :    300.000   -10.892  0.000000
 T,E(Fermi),NFOD :    300.000   -10.892  0.000000
 Nfod               :  0.0000
 Nfod/Nel           :  0.0000

          eigenvalues
 #    :         302        303        304        305        306        307        308        309
 occ. :        2.000      2.000      2.000      2.000      2.000      2.000      2.000      2.000
 eps  :       -14.032    -13.920    -13.883    -13.823    -13.779    -13.399    -13.283    -13.167
 #    :         310        311        312        313        314        315        316        317
 occ. :        2.000      2.000      2.000      2.000      2.000      0.000      0.000      0.000
 eps  :       -13.008    -12.785    -12.559    -12.334    -11.913     -9.874     -9.841     -9.591
 #    :         318        319        320        321        322        323        324        325
 occ. :        0.000      0.000      0.000      0.000      0.000      0.000      0.000      0.000
 eps  :        -9.214     -9.142     -8.997     -8.482     -8.451     -8.405     -7.939     -7.706
                            1  SCC done.
 making H1...
 cpu time for H       2.03009800000000     
 solving ...
 cpu time for diag   0.212316000000000     
 
 gap (eV)           :   2.239
 Koopmans IP (eV)   :  12.262
 Eel (Eh)           :  -489.354645
 T,E(Fermi),NFOD :    300.000   -11.143  0.000000
 T,E(Fermi),NFOD :    300.000   -11.143  0.000000
 Nfod               :  0.0000
 Nfod/Nel           :  0.0000

          eigenvalues
 #    :         302        303        304        305        306        307        308        309
 occ. :        2.000      2.000      2.000      2.000      2.000      2.000      2.000      2.000
 eps  :       -13.970    -13.721    -13.700    -13.550    -13.521    -13.461    -13.460    -13.327
 #    :         310        311        312        313        314        315        316        317
 occ. :        2.000      2.000      2.000      2.000      2.000      0.000      0.000      0.000
 eps  :       -13.287    -12.903    -12.611    -12.463    -12.263    -10.024     -9.895     -9.687
 #    :         318        319        320        321        322        323        324        325
 occ. :        0.000      0.000      0.000      0.000      0.000      0.000      0.000      0.000
 eps  :        -9.452     -9.352     -9.167     -8.609     -8.403     -8.383     -7.982     -7.798
                            2  SCC done.
 
 
 Mulliken/CM5 charges    n(s)   n(p)   n(d)   
    1 C  -0.0042 -0.0502   1.153  2.851  0.000
    2 C  -0.0323 -0.0341   1.172  2.860  0.000
    3 C   0.1383  0.1744   1.174  2.687  0.000
    4 O  -0.2128 -0.2589   1.623  4.590  0.000
    5 C  -0.0531 -0.0489   1.189  2.864  0.000
    6 C  -0.0410 -0.0266   1.181  2.860  0.000
    7 S   0.1513  0.1190   1.889  3.906  0.053
    8 C  -0.0582 -0.0462   1.181  2.877  0.000
    9 C  -0.0546 -0.1051   1.127  2.928  0.000
   10 C  -0.0601 -0.0997   1.141  2.919  0.000
   11 S   0.1340  0.0957   1.882  3.932  0.053
   12 C  -0.0493 -0.0338   1.169  2.880  0.000
   13 C   0.0200  0.0206   1.191  2.789  0.000
   14 C  -0.0032  0.0036   1.113  2.890  0.000
   15 C   0.0957  0.2133   1.169  2.735  0.000
   16 N  -0.2158 -0.3517   1.642  3.574  0.000
   17 C   0.0897  0.2110   1.171  2.739  0.000
   18 N  -0.2120 -0.3383   1.643  3.569  0.000
   19 C  -0.0219 -0.0092   1.164  2.857  0.000
   20 C   0.0372  0.1044   1.182  2.781  0.000
   21 N  -0.1053 -0.3504   1.227  3.878  0.000
   22 C   0.0396  0.0953   1.173  2.788  0.000
   23 C  -0.0459 -0.0932   1.139  2.907  0.000
   24 C  -0.0405 -0.0919   1.133  2.907  0.000
   25 C  -0.0061 -0.0015   1.165  2.841  0.000
   26 S  -0.0273 -0.0725   1.890  4.111  0.027
   27 C  -0.0748 -0.2096   1.074  3.001  0.000
   28 C  -0.0497 -0.1028   1.134  2.916  0.000
   29 C  -0.0444 -0.0936   1.138  2.906  0.000
   30 C   0.0393  0.0931   1.173  2.787  0.000
   31 C  -0.0538 -0.1023   1.139  2.915  0.000
   32 C  -0.0563 -0.1091   1.133  2.923  0.000
   33 C  -0.0101 -0.0054   1.166  2.844  0.000
   34 S  -0.0243 -0.0680   1.890  4.107  0.027
   35 C  -0.0745 -0.2093   1.073  3.002  0.000
   36 C  -0.0348 -0.0856   1.132  2.903  0.000
   37 C  -0.0327 -0.0804   1.138  2.895  0.000
   38 C  -0.0476 -0.0285   1.165  2.882  0.000
   39 S   0.0982  0.0655   1.896  3.960  0.045
   40 C  -0.0239 -0.0055   1.178  2.846  0.000
   41 C   0.0249  0.0882   1.180  2.795  0.000
   42 N  -0.1299 -0.3665   1.320  3.810  0.000
   43 C   0.0573  0.1151   1.178  2.764  0.000
   44 C  -0.0513 -0.0987   1.138  2.913  0.000
   45 C  -0.0277 -0.0799   1.144  2.884  0.000
   46 C  -0.0208 -0.0183   1.164  2.857  0.000
   47 S  -0.0896 -0.1342   1.898  4.162  0.029
   48 C  -0.0843 -0.2181   1.081  3.003  0.000
   49 C  -0.0282 -0.0807   1.145  2.884  0.000
   50 C  -0.0458 -0.0946   1.138  2.908  0.000
   51 C   0.0299  0.0807   1.181  2.789  0.000
   52 C  -0.0427 -0.0916   1.141  2.902  0.000
   53 C  -0.0537 -0.1066   1.133  2.921  0.000
   54 C  -0.0018  0.0027   1.167  2.835  0.000
   55 S  -0.0218 -0.0656   1.890  4.106  0.026
   56 C  -0.0733 -0.2081   1.072  3.001  0.000
   57 C  -0.0409 -0.0924   1.133  2.908  0.000
   58 C  -0.0356 -0.0848   1.145  2.890  0.000
   59 C  -0.0609 -0.0417   1.193  2.868  0.000
   60 S   0.1243  0.0930   1.895  3.919  0.062
   61 C  -0.0295 -0.0121   1.175  2.855  0.000
   62 C   0.0278  0.0920   1.175  2.797  0.000
   63 N  -0.1309 -0.3696   1.251  3.880  0.000
   64 C   0.0348  0.0905   1.176  2.789  0.000
   65 C  -0.0523 -0.0999   1.139  2.914  0.000
   66 C  -0.0555 -0.1082   1.133  2.923  0.000
   67 C  -0.0098 -0.0053   1.165  2.844  0.000
   68 S  -0.0270 -0.0706   1.890  4.110  0.027
   69 C  -0.0738 -0.2086   1.072  3.001  0.000
   70 C  -0.0409 -0.0924   1.133  2.908  0.000
   71 C  -0.0411 -0.0898   1.139  2.902  0.000
   72 C   0.0383  0.0948   1.172  2.790  0.000
   73 C  -0.0492 -0.0969   1.138  2.911  0.000
   74 C  -0.0427 -0.0942   1.132  2.910  0.000
   75 C  -0.0078 -0.0034   1.165  2.843  0.000
   76 S  -0.0297 -0.0748   1.890  4.113  0.027
   77 C  -0.0764 -0.2113   1.074  3.002  0.000
   78 C  -0.0503 -0.1034   1.133  2.918  0.000
   79 C  -0.0430 -0.0919   1.138  2.905  0.000
   80 C  -0.0566 -0.0369   1.175  2.882  0.000
   81 S   0.1020  0.0678   1.893  3.958  0.047
   82 C  -0.0282 -0.0122   1.167  2.862  0.000
   83 C   0.0271  0.0937   1.174  2.799  0.000
   84 N  -0.1086 -0.3512   1.225  3.883  0.000
   85 C   0.0512  0.1103   1.172  2.776  0.000
   86 C  -0.0519 -0.0989   1.138  2.914  0.000
   87 C  -0.0399 -0.0913   1.136  2.904  0.000
   88 C  -0.0153 -0.0109   1.164  2.851  0.000
   89 S  -0.0528 -0.0963   1.893  4.131  0.029
   90 C  -0.0825 -0.2173   1.077  3.006  0.000
   91 C  -0.0384 -0.0905   1.136  2.902  0.000
   92 C  -0.0385 -0.0864   1.135  2.903  0.000
   93 C   0.0456  0.1006   1.176  2.778  0.000
   94 C  -0.0340 -0.0828   1.139  2.895  0.000
   95 C  -0.0347 -0.0862   1.137  2.898  0.000
   96 C  -0.0082 -0.0039   1.165  2.843  0.000
   97 S  -0.0380 -0.0850   1.891  4.120  0.027
   98 C  -0.0793 -0.2143   1.077  3.003  0.000
   99 C  -0.0475 -0.1000   1.136  2.911  0.000
  100 C  -0.0454 -0.0927   1.141  2.904  0.000
  101 C  -0.0525 -0.0324   1.169  2.883  0.000
  102 S   0.1073  0.0740   1.894  3.950  0.048
  103 C  -0.0302 -0.0185   1.187  2.843  0.000
  104 C  -0.0604 -0.1070   1.143  2.917  0.000
  105 C  -0.0388 -0.0301   1.182  2.857  0.000
  106 S  -0.0396 -0.0824   1.897  4.110  0.032
  107 C  -0.0396 -0.1355   1.130  2.909  0.000
  108 C  -0.0874 -0.2370   1.095  2.992  0.000
  109 C  -0.0140 -0.0044   1.169  2.845  0.000
  110 S   0.1327  0.1012   1.893  3.917  0.057
  111 C  -0.0006 -0.0479   1.151  2.849  0.000
  112 C  -0.0239 -0.0257   1.172  2.852  0.000
  113 C   0.1411  0.1772   1.174  2.685  0.000
  114 O  -0.2171 -0.2641   1.624  4.594  0.000
  115 C  -0.0519 -0.0479   1.189  2.863  0.000
  116 C  -0.0356 -0.0212   1.181  2.855  0.000
  117 S   0.1552  0.1227   1.889  3.902  0.053
  118 C  -0.0599 -0.0482   1.181  2.879  0.000
  119 C  -0.0539 -0.1046   1.127  2.927  0.000
  120 C  -0.0635 -0.1034   1.142  2.921  0.000
  121 S   0.1338  0.0942   1.883  3.932  0.052
  122 C  -0.0484 -0.0339   1.170  2.878  0.000
  123 C   0.0244  0.0251   1.190  2.786  0.000
  124 C   0.0026  0.0094   1.113  2.885  0.000
  125 C   0.0964  0.2142   1.170  2.734  0.000
  126 N  -0.2136 -0.3461   1.642  3.572  0.000
  127 C   0.0916  0.2129   1.171  2.738  0.000
  128 N  -0.2115 -0.3379   1.642  3.569  0.000
  129 H   0.0661  0.1403   0.934  0.000  0.000
  130 H   0.0573  0.1146   0.943  0.000  0.000
  131 H   0.0618  0.1196   0.938  0.000  0.000
  132 H   0.0404  0.1032   0.960  0.000  0.000
  133 H   0.0449  0.1036   0.955  0.000  0.000
  134 H   0.0488  0.1043   0.951  0.000  0.000
  135 H   0.0476  0.1016   0.952  0.000  0.000
  136 H   0.0548  0.1086   0.945  0.000  0.000
  137 H   0.0472  0.1075   0.953  0.000  0.000
  138 H   0.0407  0.1026   0.959  0.000  0.000
  139 H   0.0380  0.1000   0.962  0.000  0.000
  140 H   0.0446  0.1037   0.955  0.000  0.000
  141 H   0.0565  0.1103   0.944  0.000  0.000
  142 H   0.0471  0.1009   0.953  0.000  0.000
  143 H   0.0463  0.0999   0.954  0.000  0.000
  144 H   0.0483  0.1078   0.952  0.000  0.000
  145 H   0.0474  0.1119   0.953  0.000  0.000
  146 H   0.0376  0.1021   0.962  0.000  0.000
  147 H   0.0445  0.1029   0.955  0.000  0.000
  148 H   0.0486  0.1051   0.951  0.000  0.000
  149 H   0.0489  0.1032   0.951  0.000  0.000
  150 H   0.0419  0.0959   0.958  0.000  0.000
  151 H   0.0462  0.1053   0.954  0.000  0.000
  152 H   0.0416  0.1050   0.958  0.000  0.000
  153 H   0.0421  0.1065   0.958  0.000  0.000
  154 H   0.0449  0.1041   0.955  0.000  0.000
  155 H   0.0476  0.1013   0.952  0.000  0.000
  156 H   0.0471  0.1008   0.953  0.000  0.000
  157 H   0.0565  0.1102   0.944  0.000  0.000
  158 H   0.0442  0.1027   0.956  0.000  0.000
  159 H   0.0450  0.1077   0.955  0.000  0.000
  160 H   0.0368  0.0992   0.963  0.000  0.000
  161 H   0.0439  0.1030   0.956  0.000  0.000
  162 H   0.0469  0.1006   0.953  0.000  0.000
  163 H   0.0470  0.1007   0.953  0.000  0.000
  164 H   0.0565  0.1102   0.944  0.000  0.000
  165 H   0.0451  0.1037   0.955  0.000  0.000
  166 H   0.0437  0.1060   0.956  0.000  0.000
  167 H   0.0394  0.1021   0.961  0.000  0.000
  168 H   0.0433  0.1021   0.957  0.000  0.000
  169 H   0.0512  0.1077   0.949  0.000  0.000
  170 H   0.0549  0.1088   0.945  0.000  0.000
  171 H   0.0459  0.0998   0.954  0.000  0.000
  172 H   0.0469  0.1070   0.953  0.000  0.000
  173 H   0.0397  0.1020   0.960  0.000  0.000
  174 H   0.0369  0.0997   0.963  0.000  0.000
  175 H   0.0443  0.1028   0.956  0.000  0.000
  176 H   0.0459  0.1027   0.954  0.000  0.000
  177 H   0.0470  0.1012   0.953  0.000  0.000
  178 H   0.0527  0.1065   0.947  0.000  0.000
  179 H   0.0459  0.1076   0.954  0.000  0.000
  180 H   0.0416  0.1046   0.958  0.000  0.000
  181 H   0.0423  0.1033   0.958  0.000  0.000
  182 H   0.0480  0.1076   0.952  0.000  0.000
  183 H   0.0545  0.1090   0.945  0.000  0.000
  184 H   0.0474  0.1025   0.953  0.000  0.000
  185 H   0.0457  0.0992   0.954  0.000  0.000
  186 H   0.0448  0.1039   0.955  0.000  0.000
  187 H   0.0388  0.1014   0.961  0.000  0.000
  188 H   0.0535  0.1139   0.946  0.000  0.000
  189 H   0.0539  0.1113   0.946  0.000  0.000
  190 H   0.0474  0.1073   0.953  0.000  0.000
  191 H   0.0335  0.0853   0.966  0.000  0.000
  192 H   0.0305  0.0843   0.969  0.000  0.000
  193 H   0.0320  0.0850   0.968  0.000  0.000
  194 H   0.0665  0.1359   0.934  0.000  0.000
  195 H   0.0575  0.1148   0.942  0.000  0.000
  196 H   0.0621  0.1200   0.938  0.000  0.000
 Hirshfeld charges for QMDFF written to <charges>
 
 Loewdin charges    n(s)   n(p)   n(d)
    1 C   0.0018   1.099  2.899  0.000
    2 C  -0.0411   1.135  2.906  0.000
    3 C   0.1298   1.140  2.730  0.000
    4 O  -0.1947   1.592  4.603  0.000
    5 C  -0.0599   1.152  2.908  0.000
    6 C  -0.0179   1.137  2.881  0.000
    7 S   0.1120   1.876  3.904  0.108
    8 C  -0.0335   1.136  2.897  0.000
    9 C  -0.0529   1.075  2.977  0.000
   10 C  -0.0297   1.084  2.945  0.000
   11 S   0.0959   1.867  3.928  0.109
   12 C  -0.0281   1.126  2.903  0.000
   13 C   0.0302   1.147  2.823  0.000
   14 C  -0.0159   1.072  2.944  0.000
   15 C   0.0898   1.135  2.775  0.000
   16 N  -0.2049   1.604  3.601  0.000
   17 C   0.0838   1.137  2.779  0.000
   18 N  -0.2013   1.605  3.597  0.000
   19 C  -0.0051   1.122  2.883  0.000
   20 C   0.0296   1.149  2.821  0.000
   21 N  -0.0648   1.185  3.880  0.000
   22 C   0.0360   1.136  2.828  0.000
   23 C  -0.0426   1.087  2.956  0.000
   24 C  -0.0360   1.080  2.956  0.000
   25 C   0.0224   1.116  2.862  0.000
   26 S  -0.0661   1.877  4.107  0.082
   27 C  -0.0525   0.996  3.057  0.000
   28 C  -0.0469   1.082  2.965  0.000
   29 C  -0.0413   1.086  2.955  0.000
   30 C   0.0363   1.137  2.827  0.000
   31 C  -0.0501   1.086  2.964  0.000
   32 C  -0.0532   1.081  2.973  0.000
   33 C   0.0189   1.117  2.864  0.000
   34 S  -0.0633   1.878  4.104  0.081
   35 C  -0.0518   0.994  3.057  0.000
   36 C  -0.0304   1.079  2.951  0.000
   37 C  -0.0297   1.085  2.944  0.000
   38 C  -0.0293   1.123  2.907  0.000
   39 S   0.0612   1.884  3.958  0.097
   40 C  -0.0045   1.135  2.870  0.000
   41 C   0.0121   1.149  2.839  0.000
   42 N  -0.0948   1.281  3.814  0.000
   43 C   0.0553   1.141  2.803  0.000
   44 C  -0.0492   1.087  2.963  0.000
   45 C  -0.0223   1.090  2.932  0.000
   46 C   0.0055   1.116  2.878  0.000
   47 S  -0.1274   1.886  4.158  0.083
   48 C  -0.0626   1.003  3.059  0.000
   49 C  -0.0225   1.091  2.931  0.000
   50 C  -0.0443   1.086  2.958  0.000
   51 C   0.0273   1.145  2.828  0.000
   52 C  -0.0395   1.088  2.952  0.000
   53 C  -0.0511   1.080  2.971  0.000
   54 C   0.0277   1.118  2.854  0.000
   55 S  -0.0607   1.877  4.103  0.080
   56 C  -0.0505   0.994  3.057  0.000
   57 C  -0.0366   1.081  2.956  0.000
   58 C  -0.0318   1.093  2.939  0.000
   59 C  -0.0376   1.149  2.889  0.000
   60 S   0.0807   1.882  3.919  0.119
   61 C  -0.0116   1.132  2.879  0.000
   62 C   0.0157   1.144  2.840  0.000
   63 N  -0.0934   1.210  3.883  0.000
   64 C   0.0315   1.140  2.829  0.000
   65 C  -0.0488   1.086  2.963  0.000
   66 C  -0.0525   1.080  2.972  0.000
   67 C   0.0189   1.117  2.864  0.000
   68 S  -0.0658   1.878  4.107  0.081
   69 C  -0.0511   0.994  3.057  0.000
   70 C  -0.0362   1.080  2.956  0.000
   71 C  -0.0383   1.087  2.951  0.000
   72 C   0.0346   1.135  2.830  0.000
   73 C  -0.0469   1.086  2.961  0.000
   74 C  -0.0383   1.080  2.958  0.000
   75 C   0.0209   1.116  2.863  0.000
   76 S  -0.0685   1.877  4.110  0.082
   77 C  -0.0544   0.996  3.058  0.000
   78 C  -0.0477   1.080  2.967  0.000
   79 C  -0.0396   1.085  2.955  0.000
   80 C  -0.0352   1.131  2.904  0.000
   81 S   0.0637   1.880  3.956  0.101
   82 C  -0.0127   1.125  2.888  0.000
   83 C   0.0166   1.143  2.841  0.000
   84 N  -0.0691   1.184  3.885  0.000
   85 C   0.0482   1.136  2.816  0.000
   86 C  -0.0488   1.086  2.963  0.000
   87 C  -0.0351   1.084  2.952  0.000
   88 C   0.0123   1.116  2.871  0.000
   89 S  -0.0908   1.881  4.128  0.082
   90 C  -0.0611   0.999  3.062  0.000
   91 C  -0.0350   1.084  2.951  0.000
   92 C  -0.0367   1.083  2.954  0.000
   93 C   0.0428   1.139  2.818  0.000
   94 C  -0.0306   1.087  2.944  0.000
   95 C  -0.0304   1.084  2.946  0.000
   96 C   0.0201   1.117  2.863  0.000
   97 S  -0.0768   1.879  4.117  0.082
   98 C  -0.0575   0.999  3.059  0.000
   99 C  -0.0438   1.084  2.960  0.000
  100 C  -0.0419   1.088  2.953  0.000
  101 C  -0.0327   1.126  2.906  0.000
  102 S   0.0698   1.882  3.948  0.100
  103 C  -0.0036   1.141  2.863  0.000
  104 C  -0.0622   1.094  2.968  0.000
  105 C  -0.0095   1.135  2.874  0.000
  106 S  -0.0789   1.886  4.108  0.085
  107 C  -0.0119   1.065  2.947  0.000
  108 C  -0.0888   1.023  3.066  0.000
  109 C   0.0039   1.125  2.871  0.000
  110 S   0.0904   1.881  3.916  0.113
  111 C   0.0054   1.098  2.896  0.000
  112 C  -0.0321   1.134  2.898  0.000
  113 C   0.1324   1.139  2.728  0.000
  114 O  -0.1989   1.592  4.607  0.000
  115 C  -0.0587   1.152  2.906  0.000
  116 C  -0.0126   1.136  2.876  0.000
  117 S   0.1157   1.875  3.901  0.108
  118 C  -0.0350   1.137  2.898  0.000
  119 C  -0.0521   1.076  2.976  0.000
  120 C  -0.0329   1.085  2.948  0.000
  121 S   0.0959   1.868  3.928  0.109
  122 C  -0.0272   1.126  2.901  0.000
  123 C   0.0343   1.146  2.820  0.000
  124 C  -0.0104   1.072  2.938  0.000
  125 C   0.0905   1.135  2.774  0.000
  126 N  -0.2026   1.604  3.599  0.000
  127 C   0.0855   1.137  2.778  0.000
  128 N  -0.2007   1.604  3.596  0.000
  129 H   0.0555   0.945  0.000  0.000
  130 H   0.0484   0.952  0.000  0.000
  131 H   0.0509   0.949  0.000  0.000
  132 H   0.0324   0.968  0.000  0.000
  133 H   0.0367   0.963  0.000  0.000
  134 H   0.0474   0.953  0.000  0.000
  135 H   0.0460   0.954  0.000  0.000
  136 H   0.0531   0.947  0.000  0.000
  137 H   0.0402   0.960  0.000  0.000
  138 H   0.0329   0.967  0.000  0.000
  139 H   0.0303   0.970  0.000  0.000
  140 H   0.0375   0.962  0.000  0.000
  141 H   0.0545   0.945  0.000  0.000
  142 H   0.0454   0.955  0.000  0.000
  143 H   0.0448   0.955  0.000  0.000
  144 H   0.0396   0.960  0.000  0.000
  145 H   0.0385   0.961  0.000  0.000
  146 H   0.0304   0.970  0.000  0.000
  147 H   0.0363   0.964  0.000  0.000
  148 H   0.0465   0.953  0.000  0.000
  149 H   0.0477   0.952  0.000  0.000
  150 H   0.0406   0.959  0.000  0.000
  151 H   0.0382   0.962  0.000  0.000
  152 H   0.0339   0.966  0.000  0.000
  153 H   0.0348   0.965  0.000  0.000
  154 H   0.0378   0.962  0.000  0.000
  155 H   0.0459   0.954  0.000  0.000
  156 H   0.0455   0.955  0.000  0.000
  157 H   0.0545   0.945  0.000  0.000
  158 H   0.0359   0.964  0.000  0.000
  159 H   0.0366   0.963  0.000  0.000
  160 H   0.0292   0.971  0.000  0.000
  161 H   0.0369   0.963  0.000  0.000
  162 H   0.0453   0.955  0.000  0.000
  163 H   0.0453   0.955  0.000  0.000
  164 H   0.0545   0.945  0.000  0.000
  165 H   0.0368   0.963  0.000  0.000
  166 H   0.0354   0.965  0.000  0.000
  167 H   0.0325   0.967  0.000  0.000
  168 H   0.0353   0.965  0.000  0.000
  169 H   0.0495   0.951  0.000  0.000
  170 H   0.0533   0.947  0.000  0.000
  171 H   0.0445   0.955  0.000  0.000
  172 H   0.0396   0.960  0.000  0.000
  173 H   0.0320   0.968  0.000  0.000
  174 H   0.0295   0.971  0.000  0.000
  175 H   0.0361   0.964  0.000  0.000
  176 H   0.0448   0.955  0.000  0.000
  177 H   0.0454   0.955  0.000  0.000
  178 H   0.0510   0.949  0.000  0.000
  179 H   0.0387   0.961  0.000  0.000
  180 H   0.0336   0.966  0.000  0.000
  181 H   0.0340   0.966  0.000  0.000
  182 H   0.0396   0.960  0.000  0.000
  183 H   0.0529   0.947  0.000  0.000
  184 H   0.0458   0.954  0.000  0.000
  185 H   0.0443   0.956  0.000  0.000
  186 H   0.0375   0.962  0.000  0.000
  187 H   0.0309   0.969  0.000  0.000
  188 H   0.0451   0.955  0.000  0.000
  189 H   0.0489   0.951  0.000  0.000
  190 H   0.0432   0.957  0.000  0.000
  191 H   0.0331   0.967  0.000  0.000
  192 H   0.0304   0.970  0.000  0.000
  193 H   0.0315   0.969  0.000  0.000
  194 H   0.0570   0.943  0.000  0.000
  195 H   0.0486   0.951  0.000  0.000
  196 H   0.0512   0.949  0.000  0.000
 
 Wiberg/Mayer (AO) data. WBOs > 0.1 written file <wbo>
 largest (>0.05) Wiberg bond orders for each atom
           total WBO             WBO to atom ...
     1  C   3.930    C    2 1.490    C   19 1.283    H  129 0.912
     2  C   3.909    C    1 1.490    C   13 1.087    C    3 1.017    C   20 0.073    O    4 0.063
     3  C   3.908    O    4 1.747    C    2 1.017    C    5 0.991
     4  O   2.194    C    3 1.747    C    5 0.064    C    2 0.063    S   60 0.054    C    6 0.053
     5  C   3.916    C    6 1.383    C   12 1.227    C    3 0.991    S    7 0.076    O    4 0.064    C   14 0.052
     6  C   3.928    C    5 1.383    S    7 1.140    C   13 1.112    C    8 0.068    O    4 0.053
     7  S   2.584    C    6 1.140    C    8 1.106    C    5 0.076
     8  C   3.922    C   12 1.340    C    9 1.237    S    7 1.106    C    6 0.068    S   11 0.060
     9  C   3.963    C   10 1.642    C    8 1.237    H  130 0.938    S   11 0.083
    10  C   3.927    C    9 1.642    S   11 1.162    H  131 0.949    C   12 0.077
    11  S   2.568    C   10 1.162    C   12 1.119    C    9 0.083    C    8 0.060
    12  C   3.938    C    8 1.340    C    5 1.227    S   11 1.119    C   10 0.077
    13  C   3.935    C   14 1.419    C    6 1.112    C    2 1.087    N   16 0.087    N   18 0.086
    14  C   3.928    C   13 1.419    C   15 1.078    C   17 1.067    N   16 0.081    N   18 0.081    C    5 0.052
    15  C   3.941    N   16 2.769    C   14 1.078
    16  N   3.032    C   15 2.769    C   13 0.087    C   14 0.081
    17  C   3.941    N   18 2.790    C   14 1.067
    18  N   3.046    C   17 2.790    C   13 0.086    C   14 0.081
    19  C   3.918    C   20 1.327    C    1 1.283    S   60 1.059    C   59 0.052
    20  C   3.899    C   19 1.327    C   38 1.252    N   21 1.041    C    2 0.073    S   60 0.071
    21  N   3.364    C   20 1.041    C   22 0.985    C   30 0.982
    22  C   3.928    C   29 1.374    C   23 1.355    N   21 0.985    C   25 0.095
    23  C   3.967    C   24 1.465    C   22 1.355    H  132 0.944    C   28 0.099
    24  C   3.972    C   23 1.465    C   25 1.360    H  133 0.944    C   29 0.102
    25  C   3.951    C   28 1.375    C   24 1.360    S   26 1.039    C   22 0.095
    26  S   2.216    C   25 1.039    C   27 0.997
    27  C   3.981    S   26 0.997    H  135 0.988    H  134 0.986    H  136 0.980
    28  C   3.971    C   29 1.443    C   25 1.375    H  137 0.941    C   23 0.099
    29  C   3.967    C   28 1.443    C   22 1.374    H  138 0.944    C   24 0.102
    30  C   3.928    C   31 1.370    C   37 1.355    N   21 0.982    C   33 0.094
    31  C   3.969    C   32 1.446    C   30 1.370    H  139 0.945    C   36 0.103
    32  C   3.971    C   31 1.446    C   33 1.374    H  140 0.943    C   37 0.099
    33  C   3.953    C   32 1.374    C   36 1.362    S   34 1.039    C   30 0.094
    34  S   2.213    C   33 1.039    C   35 0.999
    35  C   3.983    S   34 0.999    H  143 0.989    H  142 0.989    H  141 0.980
    36  C   3.972    C   37 1.462    C   33 1.362    H  144 0.943    C   31 0.103
    37  C   3.967    C   36 1.462    C   30 1.355    H  145 0.942    C   32 0.099
    38  C   3.926    C   59 1.358    C   20 1.252    S   39 1.076    C   40 0.060
    39  S   2.461    C   38 1.076    C   40 1.065    C   41 0.069    C   59 0.051
    40  C   3.893    C   41 1.498    C   61 1.099    S   39 1.065    C   38 0.060
    41  C   3.910    C   40 1.498    C   59 1.188    N   42 0.960    S   39 0.069
    42  N   3.236    C   43 1.021    C   41 0.960    C   51 0.939
    43  C   3.934    C   50 1.360    C   44 1.356    N   42 1.021    C   46 0.096
    44  C   3.970    C   45 1.450    C   43 1.356    H  146 0.942    C   49 0.101
    45  C   3.970    C   44 1.450    C   46 1.383    H  147 0.942    C   50 0.101
    46  C   3.953    C   45 1.383    C   49 1.380    S   47 0.998    C   43 0.096
    47  S   2.111    C   46 0.998    C   48 0.975
    48  C   3.980    H  150 0.991    H  148 0.987    H  149 0.980    S   47 0.975
    49  C   3.970    C   50 1.450    C   46 1.380    H  151 0.942    C   44 0.101
    50  C   3.969    C   49 1.450    C   43 1.360    H  152 0.941    C   45 0.101
    51  C   3.929    C   52 1.401    C   58 1.359    N   42 0.939    C   54 0.098
    52  C   3.971    C   53 1.431    C   51 1.401    H  153 0.939    C   57 0.104
    53  C   3.971    C   52 1.431    C   54 1.384    H  154 0.943    C   58 0.102
    54  C   3.954    C   53 1.384    C   57 1.357    S   55 1.042    C   51 0.098
    55  S   2.218    C   54 1.042    C   56 0.999
    56  C   3.983    S   55 0.999    H  156 0.989    H  155 0.989    H  157 0.980
    57  C   3.972    C   58 1.465    C   54 1.357    H  158 0.944    C   52 0.104
    58  C   3.969    C   57 1.465    C   51 1.359    H  159 0.942    C   53 0.102
    59  C   3.917    C   38 1.358    C   41 1.188    S   60 1.092    C   19 0.052    S   39 0.051
    60  S   2.534    C   59 1.092    C   19 1.059    C   20 0.071    O    4 0.054
    61  C   3.898    C   62 1.482    C   40 1.099    S  102 1.071    C  101 0.066
    62  C   3.908    C   61 1.482    C   80 1.190    N   63 0.980    S  102 0.072
    63  N   3.283    C   72 0.987    C   64 0.985    C   62 0.980
    64  C   3.932    C   65 1.376    C   71 1.354    N   63 0.985    C   67 0.095
    65  C   3.970    C   66 1.442    C   64 1.376    H  160 0.945    C   70 0.103
    66  C   3.972    C   65 1.442    C   67 1.379    H  161 0.943    C   71 0.099
    67  C   3.953    C   66 1.379    C   70 1.358    S   68 1.037    C   64 0.095
    68  S   2.211    C   67 1.037    C   69 0.999
    69  C   3.983    S   68 0.999    H  162 0.989    H  163 0.989    H  164 0.980
    70  C   3.972    C   71 1.466    C   67 1.358    H  165 0.944    C   65 0.103
    71  C   3.968    C   70 1.466    C   64 1.354    H  166 0.943    C   66 0.099
    72  C   3.931    C   79 1.370    C   73 1.363    N   63 0.987    C   75 0.095
    73  C   3.969    C   74 1.457    C   72 1.363    H  167 0.942    C   78 0.099
    74  C   3.972    C   73 1.457    C   75 1.364    H  168 0.944    C   79 0.104
    75  C   3.954    C   78 1.375    C   74 1.364    S   76 1.037    C   72 0.095
    76  S   2.214    C   75 1.037    C   77 0.999
    77  C   3.981    S   76 0.999    H  171 0.989    H  169 0.983    H  170 0.980
    78  C   3.971    C   79 1.446    C   75 1.375    H  172 0.942    C   73 0.099
    79  C   3.970    C   78 1.446    C   72 1.370    H  173 0.944    C   74 0.104
    80  C   3.916    C  101 1.388    C   62 1.190    S   81 1.092    C   82 0.060    S  102 0.050
    81  S   2.470    C   80 1.092    C   82 1.064    C   83 0.066    C  101 0.051
    82  C   3.912    C   83 1.420    C  103 1.169    S   81 1.064    C   80 0.060
    83  C   3.902    C   82 1.420    C  101 1.207    N   84 1.012    S   81 0.066
    84  N   3.347    C   85 1.012    C   83 1.012    C   93 0.975
    85  C   3.928    C   92 1.357    C   86 1.351    N   84 1.012    C   88 0.093
    86  C   3.968    C   87 1.456    C   85 1.351    H  174 0.944    C   91 0.100
    87  C   3.971    C   86 1.456    C   88 1.371    H  175 0.943    C   92 0.101
    88  C   3.949    C   91 1.372    C   87 1.371    S   89 1.025    C   85 0.093
    89  S   2.178    C   88 1.025    C   90 0.990
    90  C   3.979    S   89 0.990    H  177 0.988    H  176 0.986    H  178 0.981
    91  C   3.971    C   92 1.456    C   88 1.372    H  179 0.940    C   86 0.100
    92  C   3.968    C   91 1.456    C   85 1.357    H  180 0.943    C   87 0.101
    93  C   3.929    C  100 1.369    C   94 1.368    N   84 0.975    C   96 0.097
    94  C   3.966    C   95 1.453    C   93 1.368    H  181 0.945    C   99 0.100
    95  C   3.970    C   94 1.453    C   96 1.371    H  182 0.940    C  100 0.103
    96  C   3.951    C   99 1.373    C   95 1.371    S   97 1.029    C   93 0.097
    97  S   2.194    C   96 1.029    C   98 0.990
    98  C   3.982    S   97 0.990    H  185 0.990    H  184 0.987    H  183 0.980
    99  C   3.972    C  100 1.452    C   96 1.373    H  186 0.943    C   94 0.100
   100  C   3.968    C   99 1.452    C   93 1.369    H  187 0.944    C   95 0.103
   101  C   3.925    C   80 1.388    C   83 1.207    S  102 1.087    C   61 0.066    S   81 0.051
   102  S   2.479    C  101 1.087    C   61 1.071    C   62 0.072    C   80 0.050
   103  C   3.917    C  104 1.412    C   82 1.169    S  110 1.105    C  109 0.066
   104  C   3.938    C  103 1.412    C  105 1.357    H  188 0.934    S  110 0.052
   105  C   3.921    C  104 1.357    C  109 1.321    S  106 1.024    C  112 0.066    S  110 0.063
   106  S   2.193    C  105 1.024    C  107 0.962
   107  C   3.963    C  108 1.012    H  190 0.972    H  189 0.966    S  106 0.962
   108  C   3.983    C  107 1.012    H  192 0.983    H  193 0.982    H  191 0.976
   109  C   3.921    C  105 1.321    C  111 1.270    S  110 1.085    C  103 0.066
   110  S   2.581    C  103 1.105    C  109 1.085    C  105 0.063    O  114 0.054    C  104 0.052
   111  C   3.934    C  112 1.502    C  109 1.270    H  194 0.915
   112  C   3.913    C  111 1.502    C  123 1.081    C  113 1.017    C  105 0.066    O  114 0.061
   113  C   3.908    O  114 1.744    C  112 1.017    C  115 0.993
   114  O   2.193    C  113 1.744    C  115 0.065    C  112 0.061    C  116 0.054    S  110 0.054
   115  C   3.917    C  116 1.381    C  122 1.227    C  113 0.993    S  117 0.075    O  114 0.065    C  124 0.053
   116  C   3.928    C  115 1.381    S  117 1.143    C  123 1.111    C  118 0.067    O  114 0.054
   117  S   2.587    C  116 1.143    C  118 1.107    C  115 0.075
   118  C   3.922    C  122 1.343    C  119 1.234    S  117 1.107    C  116 0.067    S  121 0.060
   119  C   3.963    C  120 1.646    C  118 1.234    H  195 0.938    S  121 0.082
   120  C   3.927    C  119 1.646    S  121 1.159    H  196 0.949    C  122 0.077
   121  S   2.568    C  120 1.159    C  122 1.114    C  119 0.082    C  118 0.060
   122  C   3.938    C  118 1.343    C  115 1.227    S  121 1.114    C  120 0.077
   123  C   3.933    C  124 1.428    C  116 1.111    C  112 1.081    N  126 0.088    N  128 0.087
   124  C   3.924    C  123 1.428    C  125 1.074    C  127 1.066    N  126 0.081    N  128 0.080    C  115 0.053
   125  C   3.940    N  126 2.776    C  124 1.074
   126  N   3.032    C  125 2.776    C  123 0.088    C  124 0.081
   127  C   3.941    N  128 2.792    C  124 1.066
   128  N   3.047    C  127 2.792    C  123 0.087    C  124 0.080
   129  H   0.992    C    1 0.912
   130  H   0.995    C    9 0.938
   131  H   0.994    C   10 0.949
   132  H   0.997    C   23 0.944
   133  H   0.997    C   24 0.944
   134  H   0.997    C   27 0.986
   135  H   0.997    C   27 0.988
   136  H   0.996    C   27 0.980
   137  H   0.997    C   28 0.941
   138  H   0.998    C   29 0.944
   139  H   0.998    C   31 0.945
   140  H   0.997    C   32 0.943
   141  H   0.996    C   35 0.980
   142  H   0.998    C   35 0.989
   143  H   0.997    C   35 0.989
   144  H   0.997    C   36 0.943
   145  H   0.997    C   37 0.942
   146  H   0.998    C   44 0.942
   147  H   0.997    C   45 0.942
   148  H   0.997    C   48 0.987
   149  H   0.996    C   48 0.980
   150  H   0.998    C   48 0.991
   151  H   0.997    C   49 0.942
   152  H   0.998    C   50 0.941
   153  H   0.998    C   52 0.939
   154  H   0.997    C   53 0.943
   155  H   0.998    C   56 0.989
   156  H   0.997    C   56 0.989
   157  H   0.996    C   56 0.980
   158  H   0.997    C   57 0.944
   159  H   0.997    C   58 0.942
   160  H   0.999    C   65 0.945
   161  H   0.997    C   66 0.943
   162  H   0.997    C   69 0.989
   163  H   0.998    C   69 0.989
   164  H   0.996    C   69 0.980
   165  H   0.997    C   70 0.944
   166  H   0.997    C   71 0.943
   167  H   0.998    C   73 0.942
   168  H   0.997    C   74 0.944
   169  H   0.997    C   77 0.983
   170  H   0.996    C   77 0.980
   171  H   0.998    C   77 0.989
   172  H   0.997    C   78 0.942
   173  H   0.998    C   79 0.944
   174  H   0.998    C   86 0.944
   175  H   0.997    C   87 0.943
   176  H   0.998    C   90 0.986
   177  H   0.998    C   90 0.988
   178  H   0.996    C   90 0.981
   179  H   0.997    C   91 0.940
   180  H   0.998    C   92 0.943
   181  H   0.997    C   94 0.945
   182  H   0.997    C   95 0.940
   183  H   0.996    C   98 0.980
   184  H   0.997    C   98 0.987
   185  H   0.998    C   98 0.990
   186  H   0.997    C   99 0.943
   187  H   0.998    C  100 0.944
   188  H   0.994    C  104 0.934
   189  H   0.995    C  107 0.966
   190  H   0.998    C  107 0.972
   191  H   0.998    C  108 0.976
   192  H   0.999    C  108 0.983
   193  H   0.999    C  108 0.982
   194  H   0.992    C  111 0.915
   195  H   0.995    C  119 0.938
   196  H   0.994    C  120 0.949
 
 --------------------------------------------
          xTB calculation for sTDA...
 --------------------------------------------
 
 reading parameter file /ihome/ghutchison/blp62/xtb4stda/.param_stda2.xtb
 
      method parameters     
 k(s)        :  1.6000
 k(p)        :  2.1800
 k(d)        :  1.9500
 k(f)        :  2.0000
 k(R-V)      :  2.2750
 k(R-R)      :  1.7650
 Tscal       :  0.2580
 Gscal       :  1.0000
 fpol        :  1.0000
 Zcnf        :  0.3430
 Zqf         :  0.0000
 kcn         :  2.7000
 Ryd Hsplit  :  0.7000
 lshift(virt):  3.1000
 lshift(OS)  :  0.2000
 wllscaling  :  2.6000
 
 mowrcut     : 3.000
 
  Z AO/shell   Hii/eV     exponent
  1     Sun Feb 14 09:53:25 CET 2016    EN: 2.327 GAM: 0.473  GM3: 0.0000
     1s    -14.339618    1.220000
     2sp    -3.348946    0.600000
  6     Sun Feb 14 09:53:25 CET 2016    EN: 2.731 GAM: 0.422  GM3: 0.0000
     2s    -22.009312    1.565095
     2p    -13.020408    1.596905
     3sp    -3.914040    0.824500
  7     Sun Feb 14 09:53:25 CET 2016    EN: 3.573 GAM: 0.504  GM3: 0.0000
     2s    -25.722000    2.064844
     2p    -18.684912    1.801692
     3sp    -4.344791    0.921400
  8     Sun Feb 14 09:53:25 CET 2016    EN: 3.700 GAM: 0.587  GM3: 0.0000
     2s    -33.859000    2.418661
     2p    -22.175911    1.973969
     3sp    -4.259392    1.013700
 16     Sun Feb 21 16:35:57 CET 2016    EN: 1.915 GAM: 0.200  GM3: 0.0000
     3s    -17.898811    2.619580
     3p    -15.317401    1.798798
     4sp    -4.455139    0.843200
 
 Nbf   :         1364
 T(el) :     0.0
 calculating S/T integrals ...
 cpu time for ints    3.27432200000000     
 Nao   :         1364
 making H0...
 making H1...
 cpu time for H      5.402100000000054E-002
 solving ...
 cpu time for diag   0.966252000000000     
 
 gap (eV)           :   4.451
 Koopmans IP (eV)   :  13.190
 Eel (Eh)           :  -526.686443

          eigenvalues
 #    :         302        303        304        305        306        307        308        309
 occ. :        2.000      2.000      2.000      2.000      2.000      2.000      2.000      2.000
 eps  :       -14.828    -14.755    -14.667    -14.628    -14.623    -14.551    -14.473    -14.335
 #    :         310        311        312        313        314        315        316        317
 occ. :        2.000      2.000      2.000      2.000      2.000      0.000      0.000      0.000
 eps  :       -14.011    -13.804    -13.378    -13.347    -13.191     -8.740     -8.629     -8.306
 #    :         318        319        320        321        322        323        324        325
 occ. :        0.000      0.000      0.000      0.000      0.000      0.000      0.000      0.000
 eps  :        -8.095     -6.912     -6.180     -5.997     -5.957     -5.938     -5.917     -5.855
                            1  SCC done.
 writing mo output ...
 molden style : F
 
speedup  3.19
cpu  time for all    9.61 s
wall time for all    3.02 s
