 
        ______________________________________
       |                                      |
       |          ===================         |
       |             xTB for sTDA             |
       |          ===================         |
       |               S. Grimme              |
       |        Universitaet Bonn, MCTC       |
       |         2015-19, Version 1.0         |
       |     Wed Apr  3 09:14:55 CEST 2019    |
       |______________________________________|
 
        This code comes without any warranty
        for non-commercial, academia use only.
        Preliminary test version.
        Cite this work as:
        S. Grimme  &  C. Bannwarth, JCP 145 (2016) 054103
        if GBSA is used additionally:
        P. Shushkov, F. März, C. Bannwarth, S. Grimme, unpublished.
 
        with help from
        P. Shushkov, G. Brandenburg, S. Dohm, J. Pisarek,
        F. März, M. Checinski, S. Ehrlich, S. Spicher, 
        P. Pracht, E. Caldeweyher, S. Ehlert, and C. Bannwarth.
 
        usage        :
        xtb4stda <coord_file> [options]
        where <coord_file> is a valid file of TM)
        (*coord, Bohr) or xmol (*xyz, Angstroem)
        format.

        options:
        -chrg <int>   : molecular charge
        -uhf  <int>   : # of unpaired electrons(=2*S)
        -nox          : skip second, extended part in sTDA-xTB
        -pop          : do population analysis
                      : (default for -nox)
        -mowr <real>  : cut MO write above (def.3 Eh)
        -molden       : write formatted molden file
        -parx <file>  : read parameters for sTDA-xTB
                        calc (def:~/.param_stda2.xtb)
        -parv <file>  : read parameters for vTB part in
                        sTDA-xTB (def: ~/.param_stda1.xtb)
        -xtemp <real> : el. temp for xTB (def. 0 K)
        -etemp <real> : el. temp for GFN (def. 300 K)
        -fod          : calculate the FOD and write
                        molden.input file with
                        appropriate occupations
                        for plotting. Def. T=12500 K
 
        -acc <real>   : xTB accuracy (def. 1.0)
        -gbsa [string1] [string2]
                        use GBSA implicit solvent
                        for solvent [string1] and
                        solvation state [string2]=
                        reference, bar1M (default=1M)
        additional GFN/opt/MD/siman options read from
        $XTB4STDAHOME/.xtb4stdarc or $set in input
 
       spin and charge state information can be on:
       <.CHRG> (charge) and <.UHF> (=nalpha-nbeta)
       -uhf and -chrg override the file info.
       useful machine settings:
       setenv MKL_NUM_THREADS <NCORE_ON_YOUR_MACHINE>
       setenv OMP_STACKSIZE 500m
       limit stacksize unlimited
 
       total energies in Eh, gaps/HL energies in eV
       please read REVISION and HOWTO files carefully
 =============================
  # OMP threads =           8
 =============================
 
 xtb4stdahome directory:/ihome/ghutchison/blp62/xtb4stda/
 
 
 name of molecule           :
 comment line               :
 number of atoms            :   200
 number of electrons        :   590
 charge                     :  0
 spin                       : 0.0
 first test random number   :  0.9617
 
 -----------------------------------------
      charge density (VTB) calculation
 -----------------------------------------
 
      method parameters     
 k(s)        :  1.8000
 k(p)        :  2.8350
 k(d)        :  2.0860
 k(f)        :  2.0000
 Tscal       :  0.3300
 Gscal       :  0.3910
 fpol        :  1.0000
 Zcnf        :  0.6500
 Zqf         :  0.0000
 kcn         :  0.3000
 kEN1        : -0.5900
 wllscal     :  2.6000
 
     -------------------------
     ! NO SOLVENT MODEL USED !
     -------------------------
 
 doing EN charges ...
 sum q : -0.5551115D-14
 point charge moment (au)
     X       Y       Z   
  -0.8605   0.3679   0.3006  total (Debye):    2.498
 
            Z      q(EN)   CN      Cart. coordinates
     1  C   4.0  -0.064   3.188     5.69412    17.47619    10.22247
     2  C   4.0  -0.002   3.280     6.46645    17.15588    12.64359
     3  C   4.0   0.101   3.232     6.00234    14.83870    14.15386
     4  O   6.0  -0.106   1.062     5.01099    12.89984    13.43066
     5  C   4.0  -0.004   3.367     6.74764    15.48196    16.76187
     6  C   4.0  -0.006   3.347     7.58026    17.98036    16.85201
     7  C   4.0  -0.068   3.153     8.35656    19.05467    19.14670
     8  C   4.0  -0.072   3.178     8.28985    17.60488    21.29041
     9  C   4.0  -0.006   3.252     7.46234    15.06811    21.26055
    10  C   4.0  -0.072   3.174     7.40527    13.58902    23.47550
    11  C   4.0  -0.072   3.137     6.58664    11.13861    23.40426
    12  C   4.0  -0.073   3.139     5.78672    10.05466    21.11863
    13  C   4.0  -0.072   3.172     5.81677    11.42906    18.93071
    14  C   4.0  -0.001   3.263     6.65316    13.95884    18.94375
    15  C   4.0  -0.008   3.326     7.48124    19.06904    14.32186
    16  C   4.0  -0.037   3.120     8.35429    21.40228    13.62285
    17  C   4.0   0.236   2.157     9.37625    23.20281    15.30073
    18  N   5.0  -0.215   1.026    10.21132    24.75654    16.56420
    19  C   4.0   0.236   2.159     8.42175    22.30481    11.11310
    20  N   5.0  -0.215   1.026     8.60373    23.16502     9.12946
    21  C   4.0   0.006   3.251     4.96620    15.51163     8.48733
    22  C   4.0   0.082   3.239     6.42564    13.33825     8.08217
    23  O   6.0  -0.138   2.078     8.55007    13.16988     9.46961
    24  C   4.0  -0.112   4.050     9.84415    10.85799     9.93656
    25  C   4.0  -0.240   4.012     8.16210     8.73091    10.89786
    26  C   4.0   0.063   3.314     5.73116    11.65810     6.12649
    27  O   6.0  -0.140   2.193     7.40036     9.77196     5.41558
    28  C   4.0  -0.113   4.099     9.10999    10.56943     3.49070
    29  C   4.0  -0.241   4.015    10.86403     8.38471     2.86898
    30  C   4.0   0.001   3.289     3.42588    11.82761     4.84375
    31  C   4.0   0.094   3.339     1.90787    14.02611     5.28537
    32  C   4.0   0.089   3.359     2.78924    15.91376     6.98273
    33  N   5.0  -0.216   2.179     1.49345    18.08260     7.30058
    34  C   4.0   0.043   3.196    -0.61133    18.37154     6.04108
    35  C   4.0   0.042   3.196    -1.54731    16.46216     4.45862
    36  N   5.0  -0.220   2.177    -0.30198    14.35644     4.08861
    37  C   4.0  -0.079   3.252     2.63579     9.85133     3.17134
    38  C   4.0  -0.081   3.348     0.47338     9.73889     1.69603
    39  C   4.0  -0.014   3.600     0.19219     7.42247     0.49719
    40  C   4.0  -0.053   4.297    -1.68809     6.23269    -1.28482
    41  C   4.0   0.006   3.269    -4.34202     6.02388    -0.23206
    42  C   4.0  -0.071   3.193    -6.36951     5.64782    -1.85836
    43  C   4.0  -0.072   3.185    -8.79119     5.38194    -0.92049
    44  C   4.0   0.007   3.189    -9.25588     5.48209     1.66107
    45  C   4.0  -0.174   4.062   -11.88184     5.12154     2.67547
    46  C   4.0  -0.241   4.027   -12.43307     2.31208     3.07893
    47  C   4.0  -0.072   3.184    -7.22215     5.83717     3.27867
    48  C   4.0  -0.071   3.188    -4.79348     6.09928     2.34950
    49  C   4.0   0.005   3.279    -1.63594     7.76092    -3.71350
    50  C   4.0  -0.070   3.185    -0.23886     7.01485    -5.80203
    51  C   4.0  -0.073   3.185    -0.16478     8.51038    -7.94554
    52  C   4.0   0.007   3.189    -1.45868    10.78863    -8.05174
    53  C   4.0  -0.174   4.062    -1.44129    12.36372   -10.41239
    54  C   4.0  -0.241   4.027    -3.62090    11.60141   -12.15264
    55  C   4.0  -0.072   3.184    -2.83950    11.53564    -5.94716
    56  C   4.0  -0.071   3.195    -2.92246    10.04975    -3.80364
    57  C   4.0  -0.001   3.439    -0.57353     3.59804    -1.57074
    58  C   4.0  -0.007   3.362     1.73704     3.39489    -0.24075
    59  C   4.0  -0.095   3.370     2.14786     5.75403     1.00552
    60  S   6.0   0.235   2.689     4.37018     7.01995     2.98482
    61  C   4.0  -0.062   3.177     3.16189     1.18335    -0.26267
    62  C   4.0  -0.001   3.443     2.19870    -0.83847    -1.57962
    63  C   4.0  -0.053   4.296     3.36881    -3.43855    -1.93980
    64  C   4.0   0.006   3.273     5.87024    -3.10331    -3.29852
    65  C   4.0  -0.071   3.189     6.01292    -3.15849    -5.91654
    66  C   4.0  -0.072   3.184     8.29495    -2.77865    -7.13145
    67  C   4.0   0.007   3.189    10.48647    -2.30754    -5.76952
    68  C   4.0  -0.174   4.062    12.97958    -1.98591    -7.08628
    69  C   4.0  -0.241   4.027    14.30863    -4.53799    -7.36993
    70  C   4.0  -0.072   3.185    10.33094    -2.22912    -3.15036
    71  C   4.0  -0.071   3.193     8.05666    -2.61651    -1.92809
    72  C   4.0   0.006   3.274     3.66852    -4.93974     0.48207
    73  C   4.0  -0.071   3.186     2.44077    -4.26341     2.69683
    74  C   4.0  -0.073   3.185     2.69532    -5.72549     4.84923
    75  C   4.0   0.007   3.189     4.16250    -7.89905     4.84280
    76  C   4.0  -0.174   4.062     4.36716    -9.52422     7.15998
    77  C   4.0  -0.242   4.027     2.27447   -11.51920     7.18077
    78  C   4.0  -0.072   3.184     5.36059    -8.58654     2.61028
    79  C   4.0  -0.071   3.195     5.11643    -7.13164     0.45750
    80  C   4.0  -0.014   3.599     1.36911    -4.70863    -3.52169
    81  C   4.0  -0.093   3.371    -0.62871    -3.07326    -3.97296
    82  C   4.0  -0.007   3.359    -0.15193    -0.66462    -2.84139
    83  C   4.0  -0.062   3.176    -1.55260     1.56375    -2.85840
    84  S   6.0   0.233   2.711    -3.04737    -4.48489    -5.61381
    85  C   4.0  -0.082   3.264    -1.28766    -7.27582    -5.81941
    86  C   4.0  -0.080   3.346     1.01044    -7.08420    -4.57616
    87  C   4.0  -0.000   3.301    -2.29280    -9.46148    -7.07003
    88  C   4.0   0.068   3.267    -0.76836   -11.40771    -7.99675
    89  O   6.0  -0.127   2.070     1.82113   -11.12992    -8.16872
    90  C   4.0  -0.115   4.073     2.66584    -9.23509    -9.88213
    91  C   4.0  -0.238   4.009     1.85741    -9.74173   -12.59937
    92  C   4.0   0.082   3.245    -1.84097   -13.73132    -8.78628
    93  O   6.0  -0.140   2.090    -0.54122   -15.80227    -9.46148
    94  C   4.0  -0.111   4.051     2.07964   -16.14412    -8.99453
    95  C   4.0  -0.239   4.013     2.60007   -18.95584    -9.29367
    96  C   4.0   0.006   3.252    -4.47695   -14.03840    -8.87170
    97  C   4.0   0.093   3.358    -6.04996   -11.94042    -8.31820
    98  C   4.0   0.096   3.380    -4.96450    -9.68957    -7.34990
    99  N   5.0  -0.244   2.353    -6.44094    -7.74561    -6.69076
   100  C   4.0   0.047   3.201    -8.88020    -7.94309    -7.03280
   101  C   4.0   0.044   3.203    -9.92768   -10.09378    -8.18081
   102  N   5.0  -0.221   2.193    -8.54118   -12.03963    -8.80480
   103  C   4.0  -0.064   3.184    -5.53123   -16.38468    -9.72283
   104  C   4.0  -0.002   3.288    -7.72841   -17.38378    -8.85998
   105  C   4.0   0.101   3.241    -9.05576   -16.56817    -6.51861
   106  O   6.0  -0.104   1.064    -8.22900   -15.22155    -4.85527
   107  C   4.0  -0.004   3.368   -11.44777   -18.00021    -6.48781
   108  C   4.0  -0.006   3.349   -11.46497   -19.72761    -8.47618
   109  C   4.0  -0.068   3.153   -13.53365   -21.34899    -8.82256
   110  C   4.0  -0.072   3.178   -15.52523   -21.20461    -7.17548
   111  C   4.0  -0.006   3.252   -15.55944   -19.47948    -5.13930
   112  C   4.0  -0.072   3.173   -17.61357   -19.34475    -3.44875
   113  C   4.0  -0.072   3.137   -17.59769   -17.66006    -1.48835
   114  C   4.0  -0.073   3.139   -15.53468   -16.03017    -1.13025
   115  C   4.0  -0.072   3.172   -13.50833   -16.10311    -2.73217
   116  C   4.0  -0.001   3.265   -13.46789   -17.82616    -4.76457
   117  C   4.0  -0.007   3.321    -9.13059   -19.48496    -9.92579
   118  C   4.0  -0.037   3.119    -8.42950   -20.96727   -11.92890
   119  C   4.0   0.235   2.164    -9.87117   -22.99003   -12.89738
   120  N   5.0  -0.215   1.026   -10.92942   -24.66357   -13.78536
   121  C   4.0   0.235   2.163    -6.14879   -20.74295   -13.29271
   122  N   5.0  -0.214   1.027    -4.34807   -20.71366   -14.50478
   123  H   1.0   0.076   1.009     5.47737    19.37158     9.48076
   124  H   1.0   0.076   1.007     8.98470    20.98956    19.23476
   125  H   1.0   0.075   1.005     8.87926    18.40744    23.07299
   126  H   1.0   0.074   1.005     8.02000    14.42976    25.23181
   127  H   1.0   0.074   1.004     6.54677    10.01933    25.11068
   128  H   1.0   0.074   1.004     5.14176     8.11845    21.10333
   129  H   1.0   0.076   1.006     5.19259    10.61610    17.16948
   130  H   1.0   0.080   1.001    11.20419    11.40034    11.39883
   131  H   1.0   0.081   1.001    10.89673    10.25157     8.26283
   132  H   1.0   0.081   0.999     9.33600     7.27091    11.73860
   133  H   1.0   0.083   1.001     6.87010     9.46602    12.31402
   134  H   1.0   0.083   1.001     7.07135     7.90378     9.36869
   135  H   1.0   0.079   1.001     8.04248    11.14201     1.80393
   136  H   1.0   0.079   1.000    10.19054    12.21462     4.15589
   137  H   1.0   0.081   0.999    11.88921     7.78983     4.54649
   138  H   1.0   0.081   0.999    12.20706     8.97053     1.43166
   139  H   1.0   0.082   1.001     9.77423     6.79130     2.17281
   140  H   1.0   0.075   1.004    -1.59776    20.14297     6.29619
   141  H   1.0   0.075   1.004    -3.32856    16.64981     3.47426
   142  H   1.0   0.083   1.009    -0.81939    11.29451     1.57169
   143  H   1.0   0.076   1.006    -6.05279     5.59245    -3.87507
   144  H   1.0   0.075   1.005   -10.34757     5.10245    -2.21362
   145  H   1.0   0.081   1.003   -12.08215     6.11837     4.47090
   146  H   1.0   0.081   1.003   -13.25756     5.89935     1.34832
   147  H   1.0   0.081   0.999   -12.26621     1.28879     1.30410
   148  H   1.0   0.081   0.998   -14.33433     2.04903     3.81384
   149  H   1.0   0.081   0.999   -11.09401     1.50687     4.41459
   150  H   1.0   0.075   1.005    -7.54038     5.91787     5.29482
   151  H   1.0   0.076   1.007    -3.24239     6.37820     3.64679
   152  H   1.0   0.076   1.007     0.79841     5.25703    -5.76423
   153  H   1.0   0.075   1.005     0.92748     7.89603    -9.55880
   154  H   1.0   0.081   1.003     0.34639    12.10861   -11.41092
   155  H   1.0   0.081   1.003    -1.62875    14.35946    -9.92333
   156  H   1.0   0.081   0.999    -5.42238    11.86483   -11.19833
   157  H   1.0   0.081   0.998    -3.61051    12.74148   -13.86265
   158  H   1.0   0.081   0.999    -3.45347     9.62192   -12.68119
   159  H   1.0   0.075   1.005    -3.85429    13.30783    -5.98608
   160  H   1.0   0.076   1.006    -4.00641    10.65900    -2.18471
   161  H   1.0   0.076   1.006     4.93634     1.07847     0.73680
   162  H   1.0   0.076   1.007     4.32974    -3.50242    -7.01901
   163  H   1.0   0.074   1.005     8.37054    -2.84064    -9.17216
   164  H   1.0   0.081   1.003    14.18447    -0.71016    -6.00064
   165  H   1.0   0.081   1.003    12.68422    -1.16161    -8.95466
   166  H   1.0   0.081   0.999    14.63857    -5.38024    -5.52405
   167  H   1.0   0.081   0.999    13.14852    -5.82943    -8.47070
   168  H   1.0   0.081   0.998    16.11672    -4.30763    -8.31933
   169  H   1.0   0.075   1.005    12.01318    -1.85666    -2.05319
   170  H   1.0   0.076   1.006     7.98201    -2.56436     0.11149
   171  H   1.0   0.076   1.007     1.28161    -2.58420     2.74993
   172  H   1.0   0.075   1.005     1.73779    -5.16198     6.56302
   173  H   1.0   0.081   1.003     4.20785    -8.35429     8.85204
   174  H   1.0   0.081   1.003     6.20359   -10.46530     7.19570
   175  H   1.0   0.081   0.998     2.42036   -12.69990     8.85658
   176  H   1.0   0.081   0.999     2.41337   -12.71842     5.51705
   177  H   1.0   0.081   0.999     0.42783   -10.61667     7.17038
   178  H   1.0   0.075   1.005     6.50255   -10.27954     2.55982
   179  H   1.0   0.076   1.006     6.07452    -7.68722    -1.25837
   180  H   1.0   0.076   1.006    -3.33159     1.66504    -3.84956
   181  H   1.0   0.081   1.006     2.31775    -8.63151    -4.43745
   182  H   1.0   0.081   1.001     4.72224    -9.28441    -9.70563
   183  H   1.0   0.081   1.002     1.99045    -7.36842    -9.29122
   184  H   1.0   0.081   0.999     2.50804   -11.58780   -13.22619
   185  H   1.0   0.081   0.999    -0.19275    -9.68012   -12.76132
   186  H   1.0   0.081   0.999     2.65960    -8.30629   -13.82864
   187  H   1.0   0.080   1.000     3.20138   -15.06263   -10.35664
   188  H   1.0   0.081   1.001     2.55623   -15.50180    -7.08761
   189  H   1.0   0.082   0.999     1.53861   -20.02561    -7.89905
   190  H   1.0   0.081   0.999     4.60375   -19.32320    -9.04423
   191  H   1.0   0.082   0.999     2.02465   -19.57662   -11.16450
   192  H   1.0   0.075   1.004   -10.02481    -6.35798    -6.44283
   193  H   1.0   0.075   1.004   -11.92190   -10.21643    -8.61243
   194  H   1.0   0.076   1.010    -4.45900   -17.36035   -11.16393
   195  H   1.0   0.076   1.007   -13.56748   -22.69032   -10.35400
   196  H   1.0   0.075   1.005   -17.13037   -22.44314    -7.41906
   197  H   1.0   0.074   1.005   -19.20037   -20.59877    -3.72975
   198  H   1.0   0.074   1.004   -19.17769   -17.57162    -0.19880
   199  H   1.0   0.074   1.004   -15.56170   -14.71378     0.42916
   200  H   1.0   0.076   1.006   -11.90849   -14.86704    -2.47327
 
  Z AO/shell   Hii/eV     exponent
  1     Sat Feb 20 21:38:01 CET 2016    EN: 2.327 GAM: 0.473  GM3: 0.0000
     1s    -13.751157    1.051071
  6     Sat Feb 20 21:38:01 CET 2016    EN: 2.731 GAM: 0.422  GM3: 0.0000
     2s    -19.378245    2.021003
     2p    -11.993376    1.497917
  7     Sat Feb 20 21:38:01 CET 2016    EN: 3.573 GAM: 0.504  GM3: 0.0000
     2s    -21.576984    2.275442
     2p    -16.125120    2.056788
  8     Sat Feb 20 21:38:01 CET 2016    EN: 3.700 GAM: 0.587  GM3: 0.0000
     2s    -21.648843    2.110798
     2p    -17.239740    2.329048
 16     Sat Feb 20 23:13:41 CET 2016    EN: 1.915 GAM: 0.389  GM3: 0.0000
     3s    -22.000000    2.671470
     3p    -15.834192    1.836978
     3d     -2.593599    1.836978
 
 dipole moment of classical point charges (au)
     X       Y       Z   
  -0.8605   0.3679   0.3006  total (Debye):    2.498

 
 Nbf   :          578
 T(el) :   300.0
 calculating S/T integrals ...
 cpu time for ints   0.744601000000000     
 Nao   :          576
 making H0...
 making H1...
 cpu time for H      0.303465000000000     
 solving ...
 cpu time for diag    2.34715900000000     
 
 gap (eV)           :   1.851
 Koopmans IP (eV)   :  12.209
 Eel (Eh)           :  -462.918579
 T,E(Fermi),NFOD :    300.000   -11.284  0.000000
 T,E(Fermi),NFOD :    300.000   -11.284  0.000000
 Nfod               :  0.0000
 Nfod/Nel           :  0.0000

          eigenvalues
 #    :         283        284        285        286        287        288        289        290
 occ. :        2.000      2.000      2.000      2.000      2.000      2.000      2.000      2.000
 eps  :       -14.956    -14.917    -14.896    -14.856    -14.795    -14.674    -14.480    -14.212
 #    :         291        292        293        294        295        296        297        298
 occ. :        2.000      2.000      2.000      2.000      2.000      0.000      0.000      0.000
 eps  :       -14.207    -13.960    -13.752    -13.091    -12.210    -10.359    -10.223     -9.917
 #    :         299        300        301        302        303        304        305        306
 occ. :        0.000      0.000      0.000      0.000      0.000      0.000      0.000      0.000
 eps  :        -9.856     -9.233     -9.142     -8.344     -8.205     -8.130     -7.549     -7.214
                            1  SCC done.
 making H1...
 cpu time for H       2.46575200000000     
 solving ...
 cpu time for diag   0.147325000000000     
 
 gap (eV)           :   2.158
 Koopmans IP (eV)   :  12.232
 Eel (Eh)           :  -460.467746
 T,E(Fermi),NFOD :    300.000   -11.154  0.000000
 T,E(Fermi),NFOD :    300.000   -11.154  0.000000
 Nfod               :  0.0000
 Nfod/Nel           :  0.0000

          eigenvalues
 #    :         283        284        285        286        287        288        289        290
 occ. :        2.000      2.000      2.000      2.000      2.000      2.000      2.000      2.000
 eps  :       -14.712    -14.662    -14.407    -14.177    -14.100    -14.080    -14.068    -14.048
 #    :         291        292        293        294        295        296        297        298
 occ. :        2.000      2.000      2.000      2.000      2.000      0.000      0.000      0.000
 eps  :       -13.961    -13.778    -13.566    -13.034    -12.234    -10.076     -9.934     -9.769
 #    :         299        300        301        302        303        304        305        306
 occ. :        0.000      0.000      0.000      0.000      0.000      0.000      0.000      0.000
 eps  :        -9.633     -8.984     -8.976     -8.283     -8.070     -8.051     -7.331     -7.136
                            2  SCC done.
 
 
 Mulliken/CM5 charges    n(s)   n(p)   n(d)   
    1 C   0.0115 -0.0331   1.164  2.825  0.000
    2 C  -0.0208 -0.0221   1.177  2.844  0.000
    3 C   0.1362  0.1714   1.176  2.688  0.000
    4 O  -0.2135 -0.2718   1.624  4.590  0.000
    5 C  -0.0210 -0.0202   1.195  2.826  0.000
    6 C  -0.0063 -0.0096   1.176  2.831  0.000
    7 C  -0.0256 -0.0782   1.142  2.883  0.000
    8 C  -0.0237 -0.0772   1.146  2.878  0.000
    9 C   0.0041 -0.0034   1.168  2.828  0.000
   10 C  -0.0358 -0.0896   1.141  2.894  0.000
   11 C  -0.0244 -0.0806   1.137  2.888  0.000
   12 C  -0.0268 -0.0830   1.137  2.889  0.000
   13 C  -0.0257 -0.0785   1.141  2.884  0.000
   14 C   0.0067  0.0030   1.172  2.821  0.000
   15 C   0.0186  0.0181   1.196  2.785  0.000
   16 C   0.0115  0.0178   1.117  2.871  0.000
   17 C   0.1007  0.2196   1.171  2.729  0.000
   18 N  -0.2091 -0.3388   1.642  3.567  0.000
   19 C   0.1009  0.2197   1.170  2.729  0.000
   20 N  -0.2069 -0.3359   1.642  3.565  0.000
   21 C   0.0024  0.0076   1.150  2.847  0.000
   22 C   0.1055  0.1318   1.163  2.732  0.000
   23 O  -0.1345 -0.2200   1.446  4.689  0.000
   24 C   0.0462 -0.0367   1.133  2.821  0.000
   25 C  -0.0897 -0.2388   1.092  2.997  0.000
   26 C   0.0666  0.0891   1.170  2.763  0.000
   27 O  -0.1807 -0.2748   1.470  4.710  0.000
   28 C   0.0382 -0.0447   1.144  2.817  0.000
   29 C  -0.0799 -0.2296   1.088  2.992  0.000
   30 C   0.0193  0.0265   1.166  2.814  0.000
   31 C   0.0415  0.1205   1.185  2.774  0.000
   32 C   0.0437  0.1216   1.186  2.770  0.000
   33 N  -0.1770 -0.3716   1.485  3.692  0.000
   34 C   0.0352  0.0701   1.164  2.801  0.000
   35 C   0.0337  0.0680   1.162  2.805  0.000
   36 N  -0.1726 -0.3762   1.478  3.694  0.000
   37 C  -0.0250 -0.0138   1.178  2.847  0.000
   38 C  -0.0638 -0.1109   1.146  2.918  0.000
   39 C  -0.0555 -0.0587   1.197  2.859  0.000
   40 C   0.0277  0.0235   1.212  2.761  0.000
   41 C  -0.0020 -0.0109   1.186  2.816  0.000
   42 C  -0.0403 -0.0942   1.141  2.899  0.000
   43 C  -0.0419 -0.0963   1.140  2.902  0.000
   44 C  -0.0061 -0.0226   1.182  2.824  0.000
   45 C  -0.0443 -0.1512   1.124  2.920  0.000
   46 C  -0.0903 -0.2417   1.096  2.995  0.000
   47 C  -0.0412 -0.0955   1.140  2.901  0.000
   48 C  -0.0388 -0.0920   1.140  2.898  0.000
   49 C  -0.0014 -0.0103   1.187  2.815  0.000
   50 C  -0.0417 -0.0949   1.141  2.901  0.000
   51 C  -0.0425 -0.0968   1.140  2.902  0.000
   52 C  -0.0064 -0.0229   1.182  2.825  0.000
   53 C  -0.0442 -0.1511   1.124  2.920  0.000
   54 C  -0.0904 -0.2417   1.096  2.995  0.000
   55 C  -0.0414 -0.0958   1.140  2.901  0.000
   56 C  -0.0384 -0.0921   1.140  2.898  0.000
   57 C  -0.0131 -0.0186   1.198  2.815  0.000
   58 C  -0.0013 -0.0047   1.165  2.837  0.000
   59 C  -0.0494 -0.0361   1.182  2.867  0.000
   60 S   0.1161  0.0817   1.890  3.938  0.055
   61 C  -0.0329 -0.0830   1.140  2.893  0.000
   62 C  -0.0138 -0.0192   1.198  2.816  0.000
   63 C   0.0274  0.0232   1.211  2.761  0.000
   64 C  -0.0024 -0.0113   1.187  2.816  0.000
   65 C  -0.0419 -0.0951   1.140  2.901  0.000
   66 C  -0.0430 -0.0973   1.140  2.903  0.000
   67 C  -0.0063 -0.0228   1.182  2.825  0.000
   68 C  -0.0441 -0.1510   1.124  2.920  0.000
   69 C  -0.0902 -0.2416   1.096  2.995  0.000
   70 C  -0.0414 -0.0958   1.140  2.901  0.000
   71 C  -0.0394 -0.0933   1.141  2.899  0.000
   72 C  -0.0015 -0.0105   1.186  2.816  0.000
   73 C  -0.0394 -0.0927   1.141  2.899  0.000
   74 C  -0.0405 -0.0949   1.140  2.900  0.000
   75 C  -0.0054 -0.0218   1.182  2.824  0.000
   76 C  -0.0441 -0.1510   1.124  2.920  0.000
   77 C  -0.0901 -0.2415   1.096  2.994  0.000
   78 C  -0.0417 -0.0961   1.140  2.902  0.000
   79 C  -0.0400 -0.0937   1.141  2.899  0.000
   80 C  -0.0583 -0.0618   1.196  2.863  0.000
   81 C  -0.0510 -0.0380   1.184  2.867  0.000
   82 C  -0.0012 -0.0046   1.166  2.836  0.000
   83 C  -0.0314 -0.0815   1.140  2.892  0.000
   84 S   0.1265  0.0991   1.890  3.926  0.057
   85 C  -0.0243 -0.0133   1.176  2.848  0.000
   86 C  -0.0660 -0.1156   1.142  2.924  0.000
   87 C   0.0136  0.0207   1.165  2.821  0.000
   88 C   0.0645  0.0866   1.168  2.768  0.000
   89 O  -0.1749 -0.2694   1.470  4.705  0.000
   90 C   0.0343 -0.0500   1.139  2.827  0.000
   91 C  -0.0859 -0.2355   1.092  2.994  0.000
   92 C   0.0944  0.1199   1.165  2.741  0.000
   93 O  -0.1309 -0.2195   1.437  4.694  0.000
   94 C   0.0526 -0.0299   1.133  2.815  0.000
   95 C  -0.0799 -0.2291   1.088  2.992  0.000
   96 C   0.0007  0.0056   1.150  2.849  0.000
   97 C   0.0519  0.1319   1.183  2.765  0.000
   98 C   0.0434  0.1244   1.185  2.771  0.000
   99 N  -0.1754 -0.3738   1.478  3.698  0.000
  100 C   0.0390  0.0739   1.164  2.797  0.000
  101 C   0.0365  0.0719   1.163  2.801  0.000
  102 N  -0.1716 -0.3676   1.483  3.688  0.000
  103 C   0.0015 -0.0437   1.163  2.836  0.000
  104 C  -0.0166 -0.0167   1.176  2.840  0.000
  105 C   0.1394  0.1772   1.177  2.684  0.000
  106 O  -0.2180 -0.2655   1.628  4.590  0.000
  107 C  -0.0179 -0.0170   1.195  2.823  0.000
  108 C  -0.0066 -0.0098   1.175  2.831  0.000
  109 C  -0.0266 -0.0792   1.142  2.884  0.000
  110 C  -0.0253 -0.0788   1.146  2.880  0.000
  111 C   0.0038 -0.0037   1.168  2.828  0.000
  112 C  -0.0368 -0.0906   1.141  2.895  0.000
  113 C  -0.0249 -0.0811   1.137  2.888  0.000
  114 C  -0.0279 -0.0841   1.137  2.891  0.000
  115 C  -0.0241 -0.0767   1.142  2.882  0.000
  116 C   0.0068  0.0031   1.172  2.822  0.000
  117 C   0.0209  0.0205   1.197  2.782  0.000
  118 C   0.0079  0.0142   1.117  2.875  0.000
  119 C   0.0999  0.2188   1.171  2.729  0.000
  120 N  -0.2106 -0.3404   1.642  3.569  0.000
  121 C   0.1022  0.2204   1.171  2.727  0.000
  122 N  -0.2101 -0.3401   1.642  3.568  0.000
  123 H   0.0655  0.1349   0.934  0.000  0.000
  124 H   0.0539  0.1178   0.946  0.000  0.000
  125 H   0.0475  0.1050   0.952  0.000  0.000
  126 H   0.0392  0.0966   0.961  0.000  0.000
  127 H   0.0418  0.0982   0.958  0.000  0.000
  128 H   0.0432  0.0998   0.957  0.000  0.000
  129 H   0.0487  0.1128   0.951  0.000  0.000
  130 H   0.0380  0.1031   0.962  0.000  0.000
  131 H   0.0433  0.1114   0.957  0.000  0.000
  132 H   0.0369  0.0894   0.963  0.000  0.000
  133 H   0.0385  0.1030   0.962  0.000  0.000
  134 H   0.0342  0.0950   0.966  0.000  0.000
  135 H   0.0383  0.1025   0.962  0.000  0.000
  136 H   0.0373  0.1013   0.963  0.000  0.000
  137 H   0.0312  0.0858   0.969  0.000  0.000
  138 H   0.0374  0.0897   0.963  0.000  0.000
  139 H   0.0330  0.0888   0.967  0.000  0.000
  140 H   0.0565  0.1240   0.943  0.000  0.000
  141 H   0.0548  0.1222   0.945  0.000  0.000
  142 H   0.0592  0.1307   0.941  0.000  0.000
  143 H   0.0399  0.0997   0.960  0.000  0.000
  144 H   0.0366  0.0941   0.963  0.000  0.000
  145 H   0.0359  0.0918   0.964  0.000  0.000
  146 H   0.0358  0.0916   0.964  0.000  0.000
  147 H   0.0292  0.0818   0.971  0.000  0.000
  148 H   0.0324  0.0840   0.968  0.000  0.000
  149 H   0.0294  0.0820   0.971  0.000  0.000
  150 H   0.0371  0.0946   0.963  0.000  0.000
  151 H   0.0407  0.1007   0.959  0.000  0.000
  152 H   0.0400  0.1003   0.960  0.000  0.000
  153 H   0.0365  0.0940   0.964  0.000  0.000
  154 H   0.0359  0.0917   0.964  0.000  0.000
  155 H   0.0362  0.0920   0.964  0.000  0.000
  156 H   0.0290  0.0816   0.971  0.000  0.000
  157 H   0.0327  0.0843   0.967  0.000  0.000
  158 H   0.0289  0.0815   0.971  0.000  0.000
  159 H   0.0366  0.0941   0.963  0.000  0.000
  160 H   0.0403  0.1001   0.960  0.000  0.000
  161 H   0.0465  0.1058   0.953  0.000  0.000
  162 H   0.0392  0.0996   0.961  0.000  0.000
  163 H   0.0363  0.0937   0.964  0.000  0.000
  164 H   0.0364  0.0922   0.964  0.000  0.000
  165 H   0.0360  0.0918   0.964  0.000  0.000
  166 H   0.0291  0.0818   0.971  0.000  0.000
  167 H   0.0286  0.0812   0.971  0.000  0.000
  168 H   0.0330  0.0846   0.967  0.000  0.000
  169 H   0.0370  0.0945   0.963  0.000  0.000
  170 H   0.0406  0.1004   0.959  0.000  0.000
  171 H   0.0408  0.1010   0.959  0.000  0.000
  172 H   0.0374  0.0949   0.963  0.000  0.000
  173 H   0.0361  0.0919   0.964  0.000  0.000
  174 H   0.0356  0.0914   0.964  0.000  0.000
  175 H   0.0325  0.0841   0.967  0.000  0.000
  176 H   0.0293  0.0819   0.971  0.000  0.000
  177 H   0.0296  0.0823   0.970  0.000  0.000
  178 H   0.0366  0.0941   0.963  0.000  0.000
  179 H   0.0391  0.0988   0.961  0.000  0.000
  180 H   0.0471  0.1065   0.953  0.000  0.000
  181 H   0.0556  0.1200   0.944  0.000  0.000
  182 H   0.0403  0.1047   0.960  0.000  0.000
  183 H   0.0438  0.1098   0.956  0.000  0.000
  184 H   0.0311  0.0857   0.969  0.000  0.000
  185 H   0.0317  0.0869   0.968  0.000  0.000
  186 H   0.0398  0.0920   0.960  0.000  0.000
  187 H   0.0431  0.1096   0.957  0.000  0.000
  188 H   0.0427  0.1104   0.957  0.000  0.000
  189 H   0.0311  0.0856   0.969  0.000  0.000
  190 H   0.0373  0.0896   0.963  0.000  0.000
  191 H   0.0337  0.0886   0.966  0.000  0.000
  192 H   0.0553  0.1228   0.945  0.000  0.000
  193 H   0.0548  0.1225   0.945  0.000  0.000
  194 H   0.0622  0.1330   0.938  0.000  0.000
  195 H   0.0537  0.1177   0.946  0.000  0.000
  196 H   0.0470  0.1045   0.953  0.000  0.000
  197 H   0.0389  0.0962   0.961  0.000  0.000
  198 H   0.0414  0.0979   0.959  0.000  0.000
  199 H   0.0430  0.0995   0.957  0.000  0.000
  200 H   0.0493  0.1134   0.951  0.000  0.000
 Hirshfeld charges for QMDFF written to <charges>
 
 Loewdin charges    n(s)   n(p)   n(d)
    1 C   0.0213   1.109  2.869  0.000
    2 C  -0.0274   1.138  2.889  0.000
    3 C   0.1272   1.142  2.731  0.000
    4 O  -0.1970   1.592  4.605  0.000
    5 C  -0.0256   1.156  2.870  0.000
    6 C  -0.0017   1.133  2.869  0.000
    7 C  -0.0212   1.089  2.933  0.000
    8 C  -0.0163   1.092  2.924  0.000
    9 C   0.0089   1.124  2.867  0.000
   10 C  -0.0306   1.088  2.942  0.000
   11 C  -0.0164   1.082  2.935  0.000
   12 C  -0.0182   1.082  2.936  0.000
   13 C  -0.0213   1.088  2.933  0.000
   14 C   0.0097   1.129  2.861  0.000
   15 C   0.0291   1.152  2.819  0.000
   16 C   0.0007   1.075  2.924  0.000
   17 C   0.0942   1.137  2.769  0.000
   18 N  -0.1979   1.604  3.594  0.000
   19 C   0.0943   1.136  2.769  0.000
   20 N  -0.1960   1.604  3.592  0.000
   21 C  -0.0025   1.110  2.892  0.000
   22 C   0.0899   1.130  2.780  0.000
   23 O  -0.0961   1.408  4.688  0.000
   24 C   0.0411   1.077  2.882  0.000
   25 C  -0.0933   1.020  3.074  0.000
   26 C   0.0511   1.139  2.810  0.000
   27 O  -0.1450   1.435  4.710  0.000
   28 C   0.0354   1.089  2.876  0.000
   29 C  -0.0823   1.015  3.068  0.000
   30 C   0.0174   1.126  2.857  0.000
   31 C   0.0316   1.151  2.817  0.000
   32 C   0.0355   1.152  2.813  0.000
   33 N  -0.1530   1.449  3.704  0.000
   34 C   0.0335   1.118  2.849  0.000
   35 C   0.0307   1.116  2.854  0.000
   36 N  -0.1468   1.441  3.706  0.000
   37 C  -0.0041   1.134  2.870  0.000
   38 C  -0.0626   1.096  2.967  0.000
   39 C  -0.0549   1.158  2.897  0.000
   40 C   0.0345   1.171  2.795  0.000
   41 C   0.0025   1.144  2.854  0.000
   42 C  -0.0356   1.088  2.948  0.000
   43 C  -0.0371   1.087  2.950  0.000
   44 C   0.0014   1.138  2.860  0.000
   45 C  -0.0386   1.062  2.976  0.000
   46 C  -0.0917   1.023  3.069  0.000
   47 C  -0.0364   1.087  2.949  0.000
   48 C  -0.0343   1.087  2.947  0.000
   49 C   0.0032   1.145  2.852  0.000
   50 C  -0.0373   1.088  2.950  0.000
   51 C  -0.0377   1.087  2.951  0.000
   52 C   0.0010   1.138  2.861  0.000
   53 C  -0.0385   1.062  2.976  0.000
   54 C  -0.0918   1.023  3.069  0.000
   55 C  -0.0366   1.087  2.950  0.000
   56 C  -0.0337   1.087  2.946  0.000
   57 C  -0.0107   1.158  2.852  0.000
   58 C   0.0007   1.123  2.877  0.000
   59 C  -0.0262   1.137  2.889  0.000
   60 S   0.0767   1.877  3.936  0.111
   61 C  -0.0313   1.088  2.943  0.000
   62 C  -0.0115   1.158  2.853  0.000
   63 C   0.0343   1.170  2.796  0.000
   64 C   0.0021   1.145  2.853  0.000
   65 C  -0.0376   1.087  2.950  0.000
   66 C  -0.0381   1.087  2.951  0.000
   67 C   0.0011   1.138  2.861  0.000
   68 C  -0.0383   1.062  2.976  0.000
   69 C  -0.0916   1.023  3.069  0.000
   70 C  -0.0366   1.087  2.950  0.000
   71 C  -0.0348   1.088  2.947  0.000
   72 C   0.0030   1.144  2.853  0.000
   73 C  -0.0351   1.087  2.948  0.000
   74 C  -0.0357   1.087  2.949  0.000
   75 C   0.0021   1.138  2.860  0.000
   76 C  -0.0384   1.062  2.976  0.000
   77 C  -0.0915   1.023  3.069  0.000
   78 C  -0.0370   1.087  2.950  0.000
   79 C  -0.0353   1.088  2.948  0.000
   80 C  -0.0577   1.157  2.900  0.000
   81 C  -0.0288   1.139  2.889  0.000
   82 C   0.0010   1.124  2.876  0.000
   83 C  -0.0300   1.088  2.942  0.000
   84 S   0.0876   1.877  3.923  0.112
   85 C  -0.0026   1.132  2.871  0.000
   86 C  -0.0642   1.092  2.973  0.000
   87 C   0.0114   1.125  2.864  0.000
   88 C   0.0489   1.136  2.815  0.000
   89 O  -0.1396   1.434  4.705  0.000
   90 C   0.0304   1.083  2.886  0.000
   91 C  -0.0884   1.019  3.069  0.000
   92 C   0.0795   1.132  2.789  0.000
   93 O  -0.0918   1.399  4.693  0.000
   94 C   0.0483   1.077  2.875  0.000
   95 C  -0.0816   1.015  3.067  0.000
   96 C  -0.0043   1.110  2.894  0.000
   97 C   0.0426   1.149  2.808  0.000
   98 C   0.0333   1.152  2.815  0.000
   99 N  -0.1484   1.441  3.708  0.000
  100 C   0.0358   1.118  2.846  0.000
  101 C   0.0344   1.117  2.849  0.000
  102 N  -0.1475   1.447  3.700  0.000
  103 C   0.0107   1.109  2.881  0.000
  104 C  -0.0236   1.138  2.885  0.000
  105 C   0.1301   1.143  2.727  0.000
  106 O  -0.2026   1.597  4.605  0.000
  107 C  -0.0227   1.156  2.867  0.000
  108 C  -0.0019   1.133  2.869  0.000
  109 C  -0.0222   1.089  2.933  0.000
  110 C  -0.0180   1.092  2.926  0.000
  111 C   0.0086   1.124  2.867  0.000
  112 C  -0.0316   1.088  2.943  0.000
  113 C  -0.0169   1.082  2.935  0.000
  114 C  -0.0193   1.082  2.937  0.000
  115 C  -0.0195   1.088  2.931  0.000
  116 C   0.0098   1.129  2.862  0.000
  117 C   0.0315   1.153  2.816  0.000
  118 C  -0.0031   1.075  2.928  0.000
  119 C   0.0937   1.137  2.769  0.000
  120 N  -0.1995   1.604  3.596  0.000
  121 C   0.0959   1.137  2.767  0.000
  122 N  -0.1990   1.604  3.595  0.000
  123 H   0.0535   0.946  0.000  0.000
  124 H   0.0441   0.956  0.000  0.000
  125 H   0.0386   0.961  0.000  0.000
  126 H   0.0314   0.969  0.000  0.000
  127 H   0.0338   0.966  0.000  0.000
  128 H   0.0351   0.965  0.000  0.000
  129 H   0.0391   0.961  0.000  0.000
  130 H   0.0327   0.967  0.000  0.000
  131 H   0.0379   0.962  0.000  0.000
  132 H   0.0373   0.963  0.000  0.000
  133 H   0.0369   0.963  0.000  0.000
  134 H   0.0333   0.967  0.000  0.000
  135 H   0.0329   0.967  0.000  0.000
  136 H   0.0322   0.968  0.000  0.000
  137 H   0.0312   0.969  0.000  0.000
  138 H   0.0373   0.963  0.000  0.000
  139 H   0.0324   0.968  0.000  0.000
  140 H   0.0452   0.955  0.000  0.000
  141 H   0.0438   0.956  0.000  0.000
  142 H   0.0498   0.950  0.000  0.000
  143 H   0.0323   0.968  0.000  0.000
  144 H   0.0294   0.971  0.000  0.000
  145 H   0.0326   0.967  0.000  0.000
  146 H   0.0325   0.968  0.000  0.000
  147 H   0.0290   0.971  0.000  0.000
  148 H   0.0323   0.968  0.000  0.000
  149 H   0.0291   0.971  0.000  0.000
  150 H   0.0299   0.970  0.000  0.000
  151 H   0.0326   0.967  0.000  0.000
  152 H   0.0322   0.968  0.000  0.000
  153 H   0.0293   0.971  0.000  0.000
  154 H   0.0326   0.967  0.000  0.000
  155 H   0.0328   0.967  0.000  0.000
  156 H   0.0288   0.971  0.000  0.000
  157 H   0.0326   0.967  0.000  0.000
  158 H   0.0287   0.971  0.000  0.000
  159 H   0.0294   0.971  0.000  0.000
  160 H   0.0325   0.967  0.000  0.000
  161 H   0.0378   0.962  0.000  0.000
  162 H   0.0317   0.968  0.000  0.000
  163 H   0.0292   0.971  0.000  0.000
  164 H   0.0329   0.967  0.000  0.000
  165 H   0.0326   0.967  0.000  0.000
  166 H   0.0289   0.971  0.000  0.000
  167 H   0.0285   0.972  0.000  0.000
  168 H   0.0328   0.967  0.000  0.000
  169 H   0.0298   0.970  0.000  0.000
  170 H   0.0330   0.967  0.000  0.000
  171 H   0.0328   0.967  0.000  0.000
  172 H   0.0301   0.970  0.000  0.000
  173 H   0.0327   0.967  0.000  0.000
  174 H   0.0323   0.968  0.000  0.000
  175 H   0.0324   0.968  0.000  0.000
  176 H   0.0290   0.971  0.000  0.000
  177 H   0.0294   0.971  0.000  0.000
  178 H   0.0294   0.971  0.000  0.000
  179 H   0.0315   0.969  0.000  0.000
  180 H   0.0383   0.962  0.000  0.000
  181 H   0.0470   0.953  0.000  0.000
  182 H   0.0347   0.965  0.000  0.000
  183 H   0.0383   0.962  0.000  0.000
  184 H   0.0310   0.969  0.000  0.000
  185 H   0.0312   0.969  0.000  0.000
  186 H   0.0395   0.961  0.000  0.000
  187 H   0.0373   0.963  0.000  0.000
  188 H   0.0364   0.964  0.000  0.000
  189 H   0.0305   0.970  0.000  0.000
  190 H   0.0371   0.963  0.000  0.000
  191 H   0.0327   0.967  0.000  0.000
  192 H   0.0443   0.956  0.000  0.000
  193 H   0.0438   0.956  0.000  0.000
  194 H   0.0507   0.949  0.000  0.000
  195 H   0.0439   0.956  0.000  0.000
  196 H   0.0382   0.962  0.000  0.000
  197 H   0.0311   0.969  0.000  0.000
  198 H   0.0335   0.967  0.000  0.000
  199 H   0.0348   0.965  0.000  0.000
  200 H   0.0395   0.961  0.000  0.000
 
 Wiberg/Mayer (AO) data. WBOs > 0.1 written file <wbo>
 largest (>0.05) Wiberg bond orders for each atom
           total WBO             WBO to atom ...
     1  C   3.923    C    2 1.617    C   21 1.106    H  123 0.921    O    4 0.056
     2  C   3.929    C    1 1.617    C   15 1.078    C    3 0.982    O    4 0.064
     3  C   3.909    O    4 1.788    C    5 0.995    C    2 0.982
     4  O   2.173    C    3 1.788    C    2 0.064    C    5 0.061    C    1 0.056
     5  C   3.932    C    6 1.352    C   14 1.228    C    3 0.995    C    8 0.093    O    4 0.061
     6  C   3.950    C    5 1.352    C    7 1.276    C   15 1.054    C    9 0.053
     7  C   3.963    C    8 1.545    C    6 1.276    H  124 0.937    C   14 0.052
     8  C   3.961    C    7 1.545    C    9 1.253    H  125 0.942    C    5 0.093
     9  C   3.949    C   10 1.261    C    8 1.253    C   14 1.206    C   12 0.063    C    6 0.053
    10  C   3.965    C   11 1.550    C    9 1.261    H  126 0.944    C   13 0.114
    11  C   3.960    C   10 1.550    C   12 1.306    H  127 0.946    C   14 0.062
    12  C   3.972    C   13 1.551    C   11 1.306    H  128 0.946    C    9 0.063
    13  C   3.959    C   12 1.551    C   14 1.260    H  129 0.940    C   10 0.114
    14  C   3.953    C   13 1.260    C    5 1.228    C    9 1.206    C   11 0.062    C    7 0.052
    15  C   3.933    C   16 1.480    C    2 1.078    C    6 1.054    N   18 0.094    N   20 0.092
    16  C   3.944    C   15 1.480    C   17 1.060    C   19 1.058    N   20 0.078    N   18 0.078
    17  C   3.940    N   18 2.790    C   16 1.060
    18  N   3.049    C   17 2.790    C   15 0.094    C   16 0.078
    19  C   3.941    N   20 2.791    C   16 1.058
    20  N   3.048    C   19 2.791    C   15 0.092    C   16 0.078
    21  C   3.926    C   22 1.332    C   32 1.213    C    1 1.106    C   30 0.069
    22  C   3.922    C   21 1.332    C   26 1.256    O   23 1.084
    23  O   2.272    C   22 1.084    C   24 0.965
    24  C   3.934    C   25 1.002    H  130 0.978    H  131 0.965    O   23 0.965
    25  C   3.983    C   24 1.002    H  134 0.981    H  132 0.979    H  133 0.973
    26  C   3.913    C   30 1.363    C   22 1.256    O   27 1.003
    27  O   2.170    C   26 1.003    C   28 0.957
    28  C   3.935    C   29 1.011    H  135 0.966    H  136 0.965    O   27 0.957
    29  C   3.984    C   28 1.011    H  137 0.984    H  139 0.983    H  138 0.979
    30  C   3.938    C   26 1.363    C   31 1.171    C   37 1.126    C   21 0.069
    31  C   3.936    N   36 1.289    C   32 1.200    C   30 1.171    C   34 0.070
    32  C   3.933    N   33 1.261    C   21 1.213    C   31 1.200    C   35 0.065
    33  N   3.095    C   34 1.515    C   32 1.261    N   36 0.126
    34  C   3.947    N   33 1.515    C   35 1.321    H  140 0.946    C   31 0.070
    35  C   3.939    N   36 1.502    C   34 1.321    H  141 0.947    C   32 0.065
    36  N   3.116    C   35 1.502    C   31 1.289    N   33 0.126
    37  C   3.908    C   38 1.459    C   30 1.126    S   60 1.092    C   59 0.089
    38  C   3.946    C   37 1.459    C   39 1.325    H  142 0.927    S   60 0.063
    39  C   3.914    C   59 1.405    C   38 1.325    C   40 0.924    S   60 0.067
    40  C   3.921    C   39 0.924    C   41 0.923    C   57 0.923    C   49 0.919
    41  C   3.945    C   48 1.397    C   42 1.388    C   40 0.923    C   44 0.107
    42  C   3.970    C   43 1.442    C   41 1.388    H  143 0.944    C   47 0.108
    43  C   3.971    C   42 1.442    C   44 1.388    H  144 0.945    C   48 0.107
    44  C   3.950    C   47 1.394    C   43 1.388    C   45 0.982    C   41 0.107
    45  C   3.974    C   46 0.991    C   44 0.982    H  145 0.967    H  146 0.967
    46  C   3.983    C   45 0.991    H  149 0.984    H  147 0.984    H  148 0.980
    47  C   3.972    C   48 1.434    C   44 1.394    H  150 0.945    C   42 0.108
    48  C   3.971    C   47 1.434    C   41 1.397    H  151 0.944    C   43 0.107
    49  C   3.944    C   50 1.398    C   56 1.386    C   40 0.919    C   52 0.107
    50  C   3.971    C   51 1.432    C   49 1.398    H  152 0.943    C   55 0.106
    51  C   3.972    C   50 1.432    C   52 1.396    H  153 0.945    C   56 0.108
    52  C   3.950    C   51 1.396    C   55 1.386    C   53 0.982    C   49 0.107
    53  C   3.974    C   54 0.990    C   52 0.982    H  154 0.967    H  155 0.967
    54  C   3.983    C   53 0.990    H  158 0.984    H  156 0.984    H  157 0.980
    55  C   3.971    C   56 1.444    C   52 1.386    H  159 0.945    C   50 0.106
    56  C   3.970    C   55 1.444    C   49 1.386    H  160 0.945    C   51 0.108
    57  C   3.924    C   83 1.458    C   58 1.264    C   40 0.923    C   62 0.089
    58  C   3.925    C   61 1.326    C   57 1.264    C   59 1.108    C   82 0.077
    59  C   3.908    C   39 1.405    S   60 1.142    C   58 1.108    C   37 0.089
    60  S   2.555    C   59 1.142    C   37 1.092    C   39 0.067    C   38 0.063
    61  C   3.954    C   62 1.458    C   58 1.326    H  161 0.941    C   83 0.076
    62  C   3.925    C   61 1.458    C   82 1.265    C   63 0.923    C   57 0.089
    63  C   3.922    C   80 0.925    C   62 0.923    C   72 0.922    C   64 0.921
    64  C   3.945    C   65 1.396    C   71 1.388    C   63 0.921    C   67 0.107
    65  C   3.971    C   66 1.435    C   64 1.396    H  162 0.943    C   70 0.107
    66  C   3.972    C   65 1.435    C   67 1.394    H  163 0.945    C   71 0.108
    67  C   3.950    C   66 1.394    C   70 1.388    C   68 0.982    C   64 0.107
    68  C   3.974    C   69 0.990    C   67 0.982    H  165 0.967    H  164 0.967
    69  C   3.983    C   68 0.990    H  167 0.984    H  166 0.984    H  168 0.980
    70  C   3.971    C   71 1.441    C   67 1.388    H  169 0.945    C   65 0.107
    71  C   3.970    C   70 1.441    C   64 1.388    H  170 0.944    C   66 0.108
    72  C   3.945    C   73 1.398    C   79 1.386    C   63 0.922    C   75 0.107
    73  C   3.971    C   74 1.432    C   72 1.398    H  171 0.943    C   78 0.107
    74  C   3.972    C   73 1.432    C   75 1.396    H  172 0.945    C   79 0.108
    75  C   3.950    C   74 1.396    C   78 1.386    C   76 0.982    C   72 0.107
    76  C   3.974    C   77 0.990    C   75 0.982    H  173 0.967    H  174 0.967
    77  C   3.983    C   76 0.990    H  176 0.984    H  177 0.984    H  175 0.980
    78  C   3.971    C   79 1.444    C   75 1.386    H  178 0.945    C   73 0.107
    79  C   3.970    C   78 1.444    C   72 1.386    H  179 0.945    C   74 0.108
    80  C   3.916    C   81 1.410    C   86 1.322    C   63 0.925    S   84 0.066
    81  C   3.907    C   80 1.410    S   84 1.138    C   82 1.106    C   85 0.091
    82  C   3.924    C   83 1.327    C   62 1.265    C   81 1.106    C   58 0.077
    83  C   3.955    C   57 1.458    C   82 1.327    H  180 0.941    C   61 0.076
    84  S   2.569    C   81 1.138    C   85 1.108    C   80 0.066    C   86 0.066
    85  C   3.911    C   86 1.461    S   84 1.108    C   87 1.105    C   81 0.091
    86  C   3.944    C   85 1.461    C   80 1.322    H  181 0.937    S   84 0.066
    87  C   3.939    C   88 1.365    C   98 1.181    C   85 1.105    C   96 0.070
    88  C   3.916    C   87 1.365    C   92 1.251    O   89 1.016
    89  O   2.186    C   88 1.016    C   90 0.966
    90  C   3.937    C   91 1.002    H  182 0.975    O   89 0.966    H  183 0.960
    91  C   3.984    C   90 1.002    H  185 0.983    H  184 0.983    H  186 0.978
    92  C   3.914    C   96 1.327    C   88 1.251    O   93 1.092
    93  O   2.283    C   92 1.092    C   94 0.965
    94  C   3.934    C   95 1.013    H  187 0.967    H  188 0.966    O   93 0.965
    95  C   3.985    C   94 1.013    H  189 0.985    H  191 0.985    H  190 0.979
    96  C   3.929    C   92 1.327    C   97 1.201    C  103 1.129    C   87 0.070
    97  C   3.935    N  102 1.268    C   98 1.204    C   96 1.201    C  100 0.066
    98  C   3.935    N   99 1.281    C   97 1.204    C   87 1.181    C  101 0.069
    99  N   3.122    C  100 1.502    C   98 1.281    N  102 0.127
   100  C   3.936    N   99 1.502    C  101 1.320    H  192 0.947    C   97 0.066
   101  C   3.947    N  102 1.514    C  100 1.320    H  193 0.947    C   98 0.069
   102  N   3.101    C  101 1.514    C   97 1.268    N   99 0.127
   103  C   3.927    C  104 1.607    C   96 1.129    H  194 0.921
   104  C   3.930    C  103 1.607    C  117 1.079    C  105 0.976    O  106 0.065
   105  C   3.910    O  106 1.799    C  107 0.992    C  104 0.976
   106  O   2.161    C  105 1.799    C  104 0.065    C  107 0.062
   107  C   3.931    C  108 1.354    C  116 1.229    C  105 0.992    C  110 0.093    O  106 0.062
   108  C   3.949    C  107 1.354    C  109 1.274    C  117 1.054    C  111 0.053
   109  C   3.963    C  110 1.547    C  108 1.274    H  195 0.936    C  116 0.052
   110  C   3.961    C  109 1.547    C  111 1.252    H  196 0.942    C  107 0.093
   111  C   3.949    C  112 1.261    C  110 1.252    C  116 1.207    C  114 0.063    C  108 0.053
   112  C   3.965    C  113 1.549    C  111 1.261    H  197 0.944    C  115 0.114
   113  C   3.960    C  112 1.549    C  114 1.306    H  198 0.946    C  116 0.062
   114  C   3.972    C  115 1.551    C  113 1.306    H  199 0.946    C  111 0.063
   115  C   3.959    C  114 1.551    C  116 1.259    H  200 0.940    C  112 0.114
   116  C   3.953    C  115 1.259    C  107 1.229    C  111 1.207    C  113 0.062    C  109 0.052
   117  C   3.933    C  118 1.477    C  104 1.079    C  108 1.054    N  120 0.093    N  122 0.093
   118  C   3.936    C  117 1.477    C  119 1.059    C  121 1.059    N  120 0.078    N  122 0.078
   119  C   3.939    N  120 2.788    C  118 1.059
   120  N   3.048    C  119 2.788    C  117 0.093    C  118 0.078
   121  C   3.940    N  122 2.786    C  118 1.059
   122  N   3.049    C  121 2.786    C  117 0.093    C  118 0.078
   123  H   0.990    C    1 0.921
   124  H   0.992    C    7 0.937
   125  H   0.992    C    8 0.942
   126  H   0.996    C   10 0.944
   127  H   0.996    C   11 0.946
   128  H   0.996    C   12 0.946
   129  H   0.996    C   13 0.940
   130  H   0.998    C   24 0.978
   131  H   0.998    C   24 0.965
   132  H   0.998    C   25 0.979
   133  H   0.998    C   25 0.973
   134  H   0.999    C   25 0.981
   135  H   0.998    C   28 0.966
   136  H   0.998    C   28 0.965
   137  H   0.999    C   29 0.984
   138  H   0.998    C   29 0.979
   139  H   0.999    C   29 0.983
   140  H   0.995    C   34 0.946
   141  H   0.996    C   35 0.947
   142  H   0.995    C   38 0.927
   143  H   0.997    C   42 0.944
   144  H   0.997    C   43 0.945
   145  H   0.998    C   45 0.967
   146  H   0.998    C   45 0.967
   147  H   0.999    C   46 0.984
   148  H   0.997    C   46 0.980
   149  H   0.999    C   46 0.984
   150  H   0.997    C   47 0.945
   151  H   0.997    C   48 0.944
   152  H   0.997    C   50 0.943
   153  H   0.997    C   51 0.945
   154  H   0.998    C   53 0.967
   155  H   0.998    C   53 0.967
   156  H   0.999    C   54 0.984
   157  H   0.997    C   54 0.980
   158  H   0.999    C   54 0.984
   159  H   0.997    C   55 0.945
   160  H   0.997    C   56 0.945
   161  H   0.994    C   61 0.941
   162  H   0.997    C   65 0.943
   163  H   0.997    C   66 0.945
   164  H   0.998    C   68 0.967
   165  H   0.998    C   68 0.967
   166  H   0.999    C   69 0.984
   167  H   0.999    C   69 0.984
   168  H   0.997    C   69 0.980
   169  H   0.997    C   70 0.945
   170  H   0.997    C   71 0.944
   171  H   0.997    C   73 0.943
   172  H   0.997    C   74 0.945
   173  H   0.998    C   76 0.967
   174  H   0.998    C   76 0.967
   175  H   0.997    C   77 0.980
   176  H   0.999    C   77 0.984
   177  H   0.999    C   77 0.984
   178  H   0.997    C   78 0.945
   179  H   0.997    C   79 0.945
   180  H   0.994    C   83 0.941
   181  H   0.995    C   86 0.937
   182  H   0.997    C   90 0.975
   183  H   0.998    C   90 0.960
   184  H   0.999    C   91 0.983
   185  H   0.999    C   91 0.983
   186  H   0.998    C   91 0.978
   187  H   0.998    C   94 0.967
   188  H   0.997    C   94 0.966
   189  H   0.999    C   95 0.985
   190  H   0.998    C   95 0.979
   191  H   0.999    C   95 0.985
   192  H   0.996    C  100 0.947
   193  H   0.995    C  101 0.947
   194  H   0.991    C  103 0.921
   195  H   0.992    C  109 0.936
   196  H   0.992    C  110 0.942
   197  H   0.996    C  112 0.944
   198  H   0.996    C  113 0.946
   199  H   0.996    C  114 0.946
   200  H   0.996    C  115 0.940
 
 --------------------------------------------
          xTB calculation for sTDA...
 --------------------------------------------
 
 reading parameter file /ihome/ghutchison/blp62/xtb4stda/.param_stda2.xtb
 
      method parameters     
 k(s)        :  1.6000
 k(p)        :  2.1800
 k(d)        :  1.9500
 k(f)        :  2.0000
 k(R-V)      :  2.2750
 k(R-R)      :  1.7650
 Tscal       :  0.2580
 Gscal       :  1.0000
 fpol        :  1.0000
 Zcnf        :  0.3430
 Zqf         :  0.0000
 kcn         :  2.7000
 Ryd Hsplit  :  0.7000
 lshift(virt):  3.1000
 lshift(OS)  :  0.2000
 wllscaling  :  2.6000
 
 mowrcut     : 3.000
 
  Z AO/shell   Hii/eV     exponent
  1     Sun Feb 14 09:53:25 CET 2016    EN: 2.327 GAM: 0.473  GM3: 0.0000
     1s    -14.339618    1.220000
     2sp    -3.348946    0.600000
  6     Sun Feb 14 09:53:25 CET 2016    EN: 2.731 GAM: 0.422  GM3: 0.0000
     2s    -22.009312    1.565095
     2p    -13.020408    1.596905
     3sp    -3.914040    0.824500
  7     Sun Feb 14 09:53:25 CET 2016    EN: 3.573 GAM: 0.504  GM3: 0.0000
     2s    -25.722000    2.064844
     2p    -18.684912    1.801692
     3sp    -4.344791    0.921400
  8     Sun Feb 14 09:53:25 CET 2016    EN: 3.700 GAM: 0.587  GM3: 0.0000
     2s    -33.859000    2.418661
     2p    -22.175911    1.973969
     3sp    -4.259392    1.013700
 16     Sun Feb 21 16:35:57 CET 2016    EN: 1.915 GAM: 0.200  GM3: 0.0000
     3s    -17.898811    2.619580
     3p    -15.317401    1.798798
     4sp    -4.455139    0.843200
 
 Nbf   :         1366
 T(el) :     0.0
 calculating S/T integrals ...
 cpu time for ints    3.09479400000000     
 Nao   :         1366
 making H0...
 making H1...
 cpu time for H      7.260700000000053E-002
 solving ...
 cpu time for diag    1.08405600000000     
 
 gap (eV)           :   4.756
 Koopmans IP (eV)   :  13.672
 Eel (Eh)           :  -514.640112

          eigenvalues
 #    :         283        284        285        286        287        288        289        290
 occ. :        2.000      2.000      2.000      2.000      2.000      2.000      2.000      2.000
 eps  :       -15.837    -15.832    -15.719    -15.662    -15.639    -15.531    -15.471    -15.433
 #    :         291        292        293        294        295        296        297        298
 occ. :        2.000      2.000      2.000      2.000      2.000      0.000      0.000      0.000
 eps  :       -15.384    -15.250    -15.063    -14.420    -13.673     -8.917     -8.850     -8.697
 #    :         299        300        301        302        303        304        305        306
 occ. :        0.000      0.000      0.000      0.000      0.000      0.000      0.000      0.000
 eps  :        -8.544     -7.796     -7.639     -7.054     -6.694     -6.631     -6.419     -6.341
                            1  SCC done.
 writing mo output ...
 molden style : F
 
speedup  2.86
cpu  time for all    9.31 s
wall time for all    3.25 s
