 
        ______________________________________
       |                                      |
       |          ===================         |
       |             xTB for sTDA             |
       |          ===================         |
       |               S. Grimme              |
       |        Universitaet Bonn, MCTC       |
       |         2015-19, Version 1.0         |
       |     Wed Apr  3 09:14:55 CEST 2019    |
       |______________________________________|
 
        This code comes without any warranty
        for non-commercial, academia use only.
        Preliminary test version.
        Cite this work as:
        S. Grimme  &  C. Bannwarth, JCP 145 (2016) 054103
        if GBSA is used additionally:
        P. Shushkov, F. März, C. Bannwarth, S. Grimme, unpublished.
 
        with help from
        P. Shushkov, G. Brandenburg, S. Dohm, J. Pisarek,
        F. März, M. Checinski, S. Ehrlich, S. Spicher, 
        P. Pracht, E. Caldeweyher, S. Ehlert, and C. Bannwarth.
 
        usage        :
        xtb4stda <coord_file> [options]
        where <coord_file> is a valid file of TM)
        (*coord, Bohr) or xmol (*xyz, Angstroem)
        format.

        options:
        -chrg <int>   : molecular charge
        -uhf  <int>   : # of unpaired electrons(=2*S)
        -nox          : skip second, extended part in sTDA-xTB
        -pop          : do population analysis
                      : (default for -nox)
        -mowr <real>  : cut MO write above (def.3 Eh)
        -molden       : write formatted molden file
        -parx <file>  : read parameters for sTDA-xTB
                        calc (def:~/.param_stda2.xtb)
        -parv <file>  : read parameters for vTB part in
                        sTDA-xTB (def: ~/.param_stda1.xtb)
        -xtemp <real> : el. temp for xTB (def. 0 K)
        -etemp <real> : el. temp for GFN (def. 300 K)
        -fod          : calculate the FOD and write
                        molden.input file with
                        appropriate occupations
                        for plotting. Def. T=12500 K
 
        -acc <real>   : xTB accuracy (def. 1.0)
        -gbsa [string1] [string2]
                        use GBSA implicit solvent
                        for solvent [string1] and
                        solvation state [string2]=
                        reference, bar1M (default=1M)
        additional GFN/opt/MD/siman options read from
        $XTB4STDAHOME/.xtb4stdarc or $set in input
 
       spin and charge state information can be on:
       <.CHRG> (charge) and <.UHF> (=nalpha-nbeta)
       -uhf and -chrg override the file info.
       useful machine settings:
       setenv MKL_NUM_THREADS <NCORE_ON_YOUR_MACHINE>
       setenv OMP_STACKSIZE 500m
       limit stacksize unlimited
 
       total energies in Eh, gaps/HL energies in eV
       please read REVISION and HOWTO files carefully
 =============================
  # OMP threads =           8
 =============================
 
 xtb4stdahome directory:/ihome/ghutchison/blp62/xtb4stda/
 
 
 name of molecule           :
 comment line               :
 number of atoms            :   157
 number of electrons        :   516
 charge                     :  0
 spin                       : 0.0
 first test random number   :  0.2127
 
 -----------------------------------------
      charge density (VTB) calculation
 -----------------------------------------
 
      method parameters     
 k(s)        :  1.8000
 k(p)        :  2.8350
 k(d)        :  2.0860
 k(f)        :  2.0000
 Tscal       :  0.3300
 Gscal       :  0.3910
 fpol        :  1.0000
 Zcnf        :  0.6500
 Zqf         :  0.0000
 kcn         :  0.3000
 kEN1        : -0.5900
 wllscal     :  2.6000
 
     -------------------------
     ! NO SOLVENT MODEL USED !
     -------------------------
 
 doing EN charges ...
 sum q :  0.3885781D-14
 point charge moment (au)
     X       Y       Z   
   1.3906  -0.7966   0.3715  total (Debye):    4.181
 
            Z      q(EN)   CN      Cart. coordinates
     1  C   4.0  -0.077   3.226   -14.20942   -14.32488   -16.62921
     2  C   4.0  -0.001   3.259   -14.52160   -16.27130   -18.32902
     3  C   4.0   0.099   3.214   -13.70127   -18.92201   -18.11227
     4  O   6.0  -0.104   1.056   -12.72674   -20.01692   -16.34103
     5  C   4.0  -0.007   3.361   -14.31146   -20.10668   -20.57137
     6  C   4.0  -0.092   3.281   -13.84451   -22.55634   -21.32745
     7  C   4.0  -0.191   3.156   -14.58075   -23.22246   -23.75499
     8  BR  7.0   0.239   1.281   -13.98189   -26.56917   -24.91490
     9  C   4.0  -0.097   3.275   -15.73972   -21.50187   -25.35956
    10  C   4.0  -0.069   3.166   -16.20478   -19.04466   -24.57362
    11  C   4.0  -0.007   3.343   -15.48668   -18.33299   -22.15439
    12  C   4.0  -0.008   3.327   -15.70249   -15.94211   -20.78415
    13  C   4.0  -0.037   3.120   -16.87941   -13.82712   -21.71503
    14  C   4.0   0.234   2.167   -17.23014   -11.50371   -20.45439
    15  N   5.0  -0.214   1.027   -17.63473    -9.54860   -19.60024
    16  C   4.0   0.235   2.173   -17.98169   -13.68067   -24.13860
    17  N   5.0  -0.214   1.027   -18.91502   -13.42178   -26.08030
    18  C   4.0  -0.078   3.197   -13.10053   -14.22869   -14.23096
    19  S   6.0   0.214   2.512   -13.03684   -11.19322   -12.78456
    20  C   4.0  -0.097   3.391   -11.51051   -12.42476   -10.20735
    21  C   4.0  -0.092   3.401   -10.45831   -11.73444    -7.90453
    22  C   4.0   0.077   3.662    -9.44409   -13.95619    -6.80887
    23  N   5.0  -0.296   3.261    -9.84887   -15.96705    -8.37753
    24  C   4.0  -0.093   4.070    -9.19012   -18.57374    -7.93496
    25  C   4.0  -0.240   4.024   -11.53073   -20.20249    -7.49787
    26  C   4.0   0.073   3.669   -11.10441   -15.07302   -10.46492
    27  C   4.0  -0.075   3.297   -11.98937   -16.06796   -12.71370
    28  C   4.0  -0.075   3.311    -8.22012   -13.53214    -4.50737
    29  C   4.0  -0.091   3.297    -8.28626   -11.01200    -3.83274
    30  S   6.0   0.213   2.616    -9.90689    -9.12114    -6.03843
    31  C   4.0  -0.089   3.315    -7.11520    -9.80503    -1.73439
    32  C   4.0  -0.018   3.424    -6.00990   -10.84797     0.39854
    33  C   4.0  -0.002   3.226    -6.12026   -13.50379     1.17465
    34  C   4.0  -0.076   3.196    -3.91551   -14.77955     1.82812
    35  C   4.0  -0.072   3.144    -4.03948   -17.26737     2.61462
    36  C   4.0  -0.074   3.181    -6.34702   -18.48851     2.77468
    37  C   4.0   0.007   3.190    -8.56915   -17.22939     2.16619
    38  C   4.0  -0.174   4.064   -11.08135   -18.54558     2.27069
    39  C   4.0  -0.242   4.030   -11.90452   -19.34002    -0.38380
    40  C   4.0  -0.074   3.233    -8.43234   -14.73759     1.36570
    41  C   4.0  -0.107   3.499    -4.79367    -8.98867     1.86062
    42  S   6.0   0.229   2.444    -3.05928    -9.14306     4.66649
    43  C   4.0  -0.088   3.409    -2.58533    -5.91068     4.49811
    44  C   4.0   0.009   3.410    -1.30656    -3.99545     5.82546
    45  C   4.0   0.075   3.655     0.01852    -3.96994     8.14207
    46  C   4.0   0.075   3.656     1.05144    -1.62176     9.04158
    47  N   5.0  -0.299   2.146     2.15240    -1.86062    11.27467
    48  S   6.0   0.427   2.889     1.92166    -4.77647    12.16832
    49  N   5.0  -0.298   2.145     0.40894    -5.85588     9.73776
    50  C   4.0   0.009   3.415     0.94600     0.53347     7.46782
    51  C   4.0  -0.088   3.407     2.13256     2.90375     7.62807
    52  S   6.0   0.230   2.447     4.04760     4.58107     9.68239
    53  C   4.0  -0.108   3.498     4.29705     6.97441     7.42284
    54  C   4.0  -0.020   3.432     5.59321     9.30180     7.40848
    55  C   4.0  -0.005   3.241     7.01202    10.24402     9.58923
    56  C   4.0  -0.078   3.211     6.58324    12.66627    10.52407
    57  C   4.0  -0.072   3.146     7.88450    13.49378    12.62979
    58  C   4.0  -0.074   3.183     9.60283    11.92153    13.82070
    59  C   4.0   0.007   3.190    10.02726     9.48831    12.93328
    60  C   4.0  -0.174   4.064    11.92738     7.79002    14.17994
    61  C   4.0  -0.242   4.027    14.49930     8.03323    12.88245
    62  C   4.0  -0.076   3.240     8.71957     8.66912    10.81509
    63  C   4.0  -0.088   3.307     5.24720    10.56829     5.15083
    64  S   6.0   0.219   2.562     3.24409     8.90911     3.06684
    65  C   4.0  -0.096   3.406     2.93323     6.47571     5.22188
    66  C   4.0   0.073   3.683     1.68431     4.14644     5.34018
    67  N   5.0  -0.289   3.262     0.20315     2.68398     3.79627
    68  C   4.0   0.097   3.471    -0.28837     0.45599     5.08544
    69  C   4.0   0.098   3.479    -1.65672    -1.74063     4.41478
    70  N   5.0  -0.292   3.267    -3.22406    -2.23403     2.38030
    71  C   4.0   0.073   3.679    -3.74222    -4.77628     2.40959
    72  C   4.0  -0.095   3.406    -5.00777    -6.53940     0.89989
    73  S   6.0   0.215   2.658    -6.70683    -6.50784    -1.88406
    74  C   4.0  -0.098   4.086    -4.93596    -0.45920     1.19790
    75  C   4.0  -0.240   4.030    -7.66246    -0.87910     2.05092
    76  C   4.0  -0.098   4.086     0.21467     3.13354     1.09340
    77  C   4.0  -0.239   4.026     1.64123     1.07620    -0.33505
    78  C   4.0  -0.092   3.299     6.39445    12.81820     4.22732
    79  S   6.0   0.223   2.530     9.23849    13.96186     5.51724
    80  C   4.0  -0.092   3.401     9.30917    16.33177     3.27282
    81  C   4.0  -0.095   3.402    10.74612    18.38949     2.49349
    82  C   4.0   0.075   3.666     9.47981    19.45908     0.38494
    83  N   5.0  -0.297   3.263     7.33837    18.09129    -0.12718
    84  C   4.0  -0.093   4.071     5.42691    18.73588    -1.95454
    85  C   4.0  -0.239   4.023     3.50695    20.59121    -0.85812
    86  C   4.0   0.077   3.669     7.20118    16.20742     1.63424
    87  C   4.0  -0.078   3.332     5.57072    14.20564     2.17923
    88  C   4.0  -0.076   3.313    10.73327    21.51321    -0.65592
    89  C   4.0  -0.081   3.208    12.91779    22.10979     0.66991
    90  S   6.0   0.225   2.549    13.47639    19.99859     3.19874
    91  C   4.0  -0.072   3.200    14.64349    24.01785    -0.00756
    92  C   4.0  -0.005   3.292    16.56779    25.04851     1.36911
    93  C   4.0   0.101   3.227    18.72492    26.26757     0.06312
    94  O   6.0  -0.104   1.049    18.84680    26.87625    -2.13785
    95  C   4.0  -0.006   3.352    20.72765    26.46523     2.01294
    96  C   4.0  -0.077   3.241    23.19676    27.25457     1.73874
    97  C   4.0  -0.068   3.154    24.72744    27.21829     3.87413
    98  CL  7.0   0.082   1.200    27.82905    28.18488     3.63470
    99  C   4.0  -0.083   3.238    23.80922    26.41383     6.20038
   100  C   4.0  -0.068   3.162    21.31857    25.64245     6.46513
   101  C   4.0  -0.007   3.350    19.76200    25.66947     4.35922
   102  C   4.0  -0.010   3.337    17.08936    25.05380     4.04855
   103  C   4.0  -0.040   3.137    15.31585    25.05644     5.93865
   104  C   4.0   0.238   2.145    15.90620    25.23937     8.52625
   105  N   5.0  -0.216   1.026    16.29756    25.35578    10.65730
   106  C   4.0   0.233   2.187    12.69556    25.09310     5.45450
   107  N   5.0  -0.216   1.036    10.55658    25.24712     5.12437
   108  H   1.0   0.076   1.019   -14.91126   -12.50262   -17.24488
   109  H   1.0   0.075   1.008   -12.94179   -23.88311   -20.06946
   110  H   1.0   0.074   1.009   -16.28377   -22.08239   -27.23738
   111  H   1.0   0.077   1.007   -17.10485   -17.74490   -25.85561
   112  H   1.0   0.081   1.002    -8.14585   -19.28163    -9.57543
   113  H   1.0   0.083   1.004    -7.95272   -18.63704    -6.28504
   114  H   1.0   0.082   1.000   -12.72447   -20.20703    -9.16819
   115  H   1.0   0.082   0.999   -12.62129   -19.48629    -5.91144
   116  H   1.0   0.082   0.999   -10.96627   -22.13379    -7.09195
   117  H   1.0   0.081   1.008   -11.85331   -18.00606   -13.29970
   118  H   1.0   0.080   1.006    -7.27790   -14.94603    -3.39848
   119  H   1.0   0.075   1.007    -2.11725   -13.82618     1.69603
   120  H   1.0   0.074   1.004    -2.32606   -18.25891     3.10917
   121  H   1.0   0.075   1.005    -6.42790   -20.43247     3.39376
   122  H   1.0   0.081   1.003   -10.95323   -20.21194     3.47823
   123  H   1.0   0.081   1.003   -12.49940   -17.27625     3.06854
   124  H   1.0   0.081   0.999   -12.06987   -17.68689    -1.59606
   125  H   1.0   0.081   0.999   -10.52048   -20.61918    -1.20583
   126  H   1.0   0.081   0.998   -13.72281   -20.29509    -0.31974
   127  H   1.0   0.076   1.006   -10.14424   -13.72489     0.90027
   128  H   1.0   0.075   1.007     5.21186    13.87531     9.61587
   129  H   1.0   0.074   1.005     7.55078    15.37254    13.35261
   130  H   1.0   0.075   1.005    10.61251    12.58406    15.46665
   131  H   1.0   0.081   1.003    11.28903     5.83113    14.06731
   132  H   1.0   0.081   1.003    12.11749     8.29533    16.17057
   133  H   1.0   0.081   0.999    15.17374     9.97189    12.99017
   134  H   1.0   0.081   0.999    14.35285     7.51185    10.89956
   135  H   1.0   0.081   0.998    15.87823     6.80585    13.78498
   136  H   1.0   0.076   1.008     9.04291     6.78563    10.09586
   137  H   1.0   0.081   1.003    -4.80274    -0.64610    -0.85869
   138  H   1.0   0.086   1.006    -4.37925     1.43525     1.76670
   139  H   1.0   0.083   1.003    -8.36771    -2.70174     1.42637
   140  H   1.0   0.082   0.999    -7.78605    -0.78858     4.10127
   141  H   1.0   0.082   0.999    -8.85960     0.58544     1.25232
   142  H   1.0   0.082   1.010     1.16029     4.94825     0.81428
   143  H   1.0   0.083   1.003    -1.69943     3.32365     0.34714
   144  H   1.0   0.083   1.000     0.71262    -0.74380    -0.13323
   145  H   1.0   0.082   0.999     3.55968     0.91444     0.38437
   146  H   1.0   0.082   0.999     1.72475     1.55487    -2.32965
   147  H   1.0   0.082   1.003     4.48508    16.99393    -2.54206
   148  H   1.0   0.082   1.003     6.36082    19.56584    -3.59955
   149  H   1.0   0.081   0.999     2.10402    21.07555    -2.27655
   150  H   1.0   0.082   0.999     4.45012    22.30954    -0.24188
   151  H   1.0   0.082   0.999     2.55340    19.75614     0.75948
   152  H   1.0   0.079   1.007     3.86317    13.76269     1.17087
   153  H   1.0   0.079   1.004    10.10739    22.59848    -2.25463
   154  H   1.0   0.074   1.008    14.54371    24.64184    -1.96040
   155  H   1.0   0.076   1.006    23.89880    27.87667    -0.07068
   156  H   1.0   0.076   1.007    25.05436    26.39513     7.81421
   157  H   1.0   0.076   1.006    20.63826    25.01600     8.28059
 
  Z AO/shell   Hii/eV     exponent
  1     Sat Feb 20 21:38:01 CET 2016    EN: 2.327 GAM: 0.473  GM3: 0.0000
     1s    -13.751157    1.051071
  6     Sat Feb 20 21:38:01 CET 2016    EN: 2.731 GAM: 0.422  GM3: 0.0000
     2s    -19.378245    2.021003
     2p    -11.993376    1.497917
  7     Sat Feb 20 21:38:01 CET 2016    EN: 3.573 GAM: 0.504  GM3: 0.0000
     2s    -21.576984    2.275442
     2p    -16.125120    2.056788
  8     Sat Feb 20 21:38:01 CET 2016    EN: 3.700 GAM: 0.587  GM3: 0.0000
     2s    -21.648843    2.110798
     2p    -17.239740    2.329048
 16     Sat Feb 20 23:13:41 CET 2016    EN: 1.915 GAM: 0.389  GM3: 0.0000
     3s    -22.000000    2.671470
     3p    -15.834192    1.836978
     3d     -2.593599    1.836978
 17     Sat Feb 20 23:13:41 CET 2016    EN: 2.375 GAM: 0.431  GM3: 0.0000
     3s    -21.000000    2.596786
     3p    -17.375270    2.088291
     3d     -1.372943    2.088291
 35     Sat Feb 20 23:13:41 CET 2016    EN: 0.811 GAM: 0.434  GM3: 0.0000
     4s    -19.000000    2.185561
     4p    -18.320992    2.124690
     4d     -1.898981    2.124690
 
 dipole moment of classical point charges (au)
     X       Y       Z   
   1.3906  -0.7966   0.3715  total (Debye):    4.181

 
 Nbf   :          544
 T(el) :   300.0
 calculating S/T integrals ...
 cpu time for ints   0.751502000000000     
 Nao   :          533
 making H0...
 making H1...
 cpu time for H      0.250650000000000     
 solving ...
 cpu time for diag    2.07359600000000     
 
 gap (eV)           :   1.026
 Koopmans IP (eV)   :  11.455
 Eel (Eh)           :  -403.169482
 T,E(Fermi),NFOD :    300.000   -10.942  0.000000
 T,E(Fermi),NFOD :    300.000   -10.942  0.000000
 Nfod               :  0.0000
 Nfod/Nel           :  0.0000

          eigenvalues
 #    :         246        247        248        249        250        251        252        253
 occ. :        2.000      2.000      2.000      2.000      2.000      2.000      2.000      2.000
 eps  :       -14.681    -14.496    -14.290    -14.249    -14.110    -13.806    -13.526    -13.478
 #    :         254        255        256        257        258        259        260        261
 occ. :        2.000      2.000      2.000      2.000      2.000      0.000      0.000      0.000
 eps  :       -13.464    -13.320    -12.631    -11.976    -11.456    -10.430     -9.717     -9.648
 #    :         262        263        264        265        266        267        268        269
 occ. :        0.000      0.000      0.000      0.000      0.000      0.000      0.000      0.000
 eps  :        -9.393     -9.338     -8.980     -8.959     -8.806     -8.263     -8.213     -8.201
                            1  SCC done.
 making H1...
 cpu time for H       2.15858700000000     
 solving ...
 cpu time for diag   0.157183000000000     
 
 gap (eV)           :   1.716
 Koopmans IP (eV)   :  11.814
 Eel (Eh)           :  -404.563143
 T,E(Fermi),NFOD :    300.000   -10.956  0.000000
 T,E(Fermi),NFOD :    300.000   -10.956  0.000000
 Nfod               :  0.0000
 Nfod/Nel           :  0.0000

          eigenvalues
 #    :         246        247        248        249        250        251        252        253
 occ. :        2.000      2.000      2.000      2.000      2.000      2.000      2.000      2.000
 eps  :       -14.524    -14.313    -14.221    -14.156    -14.020    -13.835    -13.701    -13.596
 #    :         254        255        256        257        258        259        260        261
 occ. :        2.000      2.000      2.000      2.000      2.000      0.000      0.000      0.000
 eps  :       -13.548    -13.456    -12.901    -12.307    -11.816    -10.099     -9.823     -9.802
 #    :         262        263        264        265        266        267        268        269
 occ. :        0.000      0.000      0.000      0.000      0.000      0.000      0.000      0.000
 eps  :        -9.304     -9.159     -9.045     -9.019     -8.810     -8.435     -8.371     -8.285
                            2  SCC done.
 
 
 Mulliken/CM5 charges    n(s)   n(p)   n(d)   
    1 C   0.0001 -0.0471   1.154  2.846  0.000
    2 C  -0.0391 -0.0416   1.174  2.865  0.000
    3 C   0.1316  0.1660   1.174  2.694  0.000
    4 O  -0.2368 -0.2934   1.622  4.615  0.000
    5 C  -0.0291 -0.0310   1.190  2.839  0.000
    6 C  -0.0218 -0.0721   1.147  2.875  0.000
    7 C   0.0526  0.0316   1.130  2.818  0.000
    8 BR -0.0436 -0.0288   1.827  5.219 -0.003
    9 C  -0.0225 -0.0766   1.142  2.880  0.000
   10 C  -0.0279 -0.0805   1.149  2.879  0.000
   11 C  -0.0056 -0.0091   1.168  2.837  0.000
   12 C   0.0107  0.0099   1.198  2.791  0.000
   13 C   0.0045  0.0105   1.113  2.882  0.000
   14 C   0.0943  0.2115   1.173  2.732  0.000
   15 N  -0.2134 -0.3436   1.642  3.572  0.000
   16 C   0.0945  0.2134   1.173  2.733  0.000
   17 N  -0.2155 -0.3459   1.642  3.574  0.000
   18 C  -0.0094 -0.0043   1.161  2.849  0.000
   19 S   0.1119  0.0778   1.891  3.951  0.046
   20 C  -0.0386 -0.0166   1.167  2.871  0.000
   21 C  -0.0471 -0.0253   1.156  2.891  0.000
   22 C  -0.0071  0.0599   1.186  2.821  0.000
   23 N  -0.0715 -0.3320   1.251  3.820  0.000
   24 C   0.0374 -0.0100   1.143  2.820  0.000
   25 C  -0.0814 -0.2286   1.092  2.989  0.000
   26 C  -0.0026  0.0632   1.181  2.822  0.000
   27 C  -0.0534 -0.0984   1.152  2.901  0.000
   28 C  -0.0651 -0.1110   1.133  2.932  0.000
   29 C  -0.0257 -0.0153   1.171  2.854  0.000
   30 S   0.1032  0.0713   1.892  3.957  0.048
   31 C  -0.0315 -0.0187   1.173  2.859  0.000
   32 C  -0.0339 -0.0338   1.168  2.866  0.000
   33 C   0.0044 -0.0039   1.166  2.829  0.000
   34 C  -0.0373 -0.0902   1.139  2.898  0.000
   35 C  -0.0275 -0.0838   1.137  2.891  0.000
   36 C  -0.0409 -0.0953   1.140  2.901  0.000
   37 C  -0.0012 -0.0178   1.183  2.818  0.000
   38 C  -0.0432 -0.1502   1.124  2.919  0.000
   39 C  -0.0912 -0.2432   1.097  2.995  0.000
   40 C  -0.0482 -0.1002   1.145  2.903  0.000
   41 C  -0.0587 -0.0442   1.174  2.884  0.000
   42 S   0.1215  0.0889   1.893  3.933  0.053
   43 C  -0.0501 -0.0282   1.167  2.883  0.000
   44 C  -0.0125  0.0004   1.153  2.859  0.000
   45 C   0.0167  0.1048   1.204  2.779  0.000
   46 C   0.0168  0.1049   1.205  2.778  0.000
   47 N  -0.2016 -0.3633   1.530  3.672  0.000
   48 S   0.2343  0.3691   1.910  3.703  0.152
   49 N  -0.2049 -0.3663   1.531  3.674  0.000
   50 C  -0.0126  0.0003   1.153  2.859  0.000
   51 C  -0.0513 -0.0294   1.167  2.885  0.000
   52 S   0.1252  0.0923   1.892  3.929  0.053
   53 C  -0.0563 -0.0418   1.174  2.882  0.000
   54 C  -0.0267 -0.0260   1.166  2.861  0.000
   55 C   0.0038 -0.0029   1.166  2.830  0.000
   56 C  -0.0411 -0.0934   1.140  2.901  0.000
   57 C  -0.0283 -0.0845   1.136  2.892  0.000
   58 C  -0.0396 -0.0940   1.139  2.900  0.000
   59 C   0.0012 -0.0151   1.182  2.816  0.000
   60 C  -0.0429 -0.1499   1.124  2.919  0.000
   61 C  -0.0902 -0.2416   1.095  2.995  0.000
   62 C  -0.0441 -0.0947   1.144  2.900  0.000
   63 C  -0.0318 -0.0192   1.171  2.860  0.000
   64 S   0.0833  0.0467   1.891  3.976  0.049
   65 C  -0.0527 -0.0351   1.162  2.891  0.000
   66 C  -0.0088  0.0605   1.168  2.841  0.000
   67 N  -0.0875 -0.3432   1.282  3.806  0.000
   68 C   0.0200  0.0886   1.184  2.796  0.000
   69 C   0.0192  0.0878   1.188  2.793  0.000
   70 N  -0.0869 -0.3460   1.286  3.800  0.000
   71 C  -0.0074  0.0617   1.166  2.841  0.000
   72 C  -0.0497 -0.0321   1.164  2.886  0.000
   73 S   0.0984  0.0642   1.892  3.962  0.048
   74 C   0.0301 -0.0188   1.148  2.822  0.000
   75 C  -0.0858 -0.2325   1.094  2.992  0.000
   76 C   0.0289 -0.0200   1.147  2.824  0.000
   77 C  -0.0826 -0.2291   1.092  2.991  0.000
   78 C  -0.0267 -0.0164   1.168  2.858  0.000
   79 S   0.1145  0.0806   1.892  3.944  0.049
   80 C  -0.0454 -0.0237   1.157  2.889  0.000
   81 C  -0.0379 -0.0159   1.165  2.873  0.000
   82 C  -0.0012  0.0650   1.176  2.825  0.000
   83 N  -0.0711 -0.3321   1.254  3.817  0.000
   84 C   0.0363 -0.0108   1.143  2.821  0.000
   85 C  -0.0817 -0.2281   1.093  2.989  0.000
   86 C  -0.0087  0.0583   1.183  2.826  0.000
   87 C  -0.0654 -0.1100   1.131  2.935  0.000
   88 C  -0.0509 -0.0967   1.141  2.910  0.000
   89 C  -0.0128 -0.0063   1.161  2.852  0.000
   90 S   0.1120  0.0796   1.891  3.950  0.047
   91 C   0.0023 -0.0448   1.150  2.848  0.000
   92 C  -0.0286 -0.0305   1.174  2.855  0.000
   93 C   0.1401  0.1749   1.175  2.685  0.000
   94 O  -0.2333 -0.2790   1.627  4.606  0.000
   95 C  -0.0231 -0.0250   1.190  2.833  0.000
   96 C  -0.0261 -0.0751   1.146  2.880  0.000
   97 C   0.0719  0.0646   1.150  2.778  0.000
   98 CL -0.0371 -0.0392   1.898  5.138  0.001
   99 C  -0.0284 -0.0812   1.141  2.888  0.000
  100 C  -0.0241 -0.0765   1.146  2.878  0.000
  101 C  -0.0086 -0.0121   1.170  2.838  0.000
  102 C   0.0161  0.0165   1.199  2.784  0.000
  103 C   0.0031  0.0105   1.114  2.883  0.000
  104 C   0.0962  0.2156   1.171  2.733  0.000
  105 N  -0.2190 -0.3478   1.642  3.577  0.000
  106 C   0.1000  0.2213   1.172  2.728  0.000
  107 N  -0.2249 -0.3528   1.643  3.581  0.000
  108 H   0.0644  0.1346   0.936  0.000  0.000
  109 H   0.0541  0.1135   0.946  0.000  0.000
  110 H   0.0524  0.1100   0.948  0.000  0.000
  111 H   0.0564  0.1208   0.944  0.000  0.000
  112 H   0.0502  0.1155   0.950  0.000  0.000
  113 H   0.0497  0.1165   0.950  0.000  0.000
  114 H   0.0355  0.0909   0.964  0.000  0.000
  115 H   0.0316  0.0867   0.968  0.000  0.000
  116 H   0.0430  0.0953   0.957  0.000  0.000
  117 H   0.0739  0.1472   0.926  0.000  0.000
  118 H   0.0617  0.1238   0.938  0.000  0.000
  119 H   0.0402  0.0994   0.960  0.000  0.000
  120 H   0.0435  0.1001   0.956  0.000  0.000
  121 H   0.0376  0.0950   0.962  0.000  0.000
  122 H   0.0375  0.0934   0.962  0.000  0.000
  123 H   0.0377  0.0934   0.962  0.000  0.000
  124 H   0.0296  0.0830   0.970  0.000  0.000
  125 H   0.0284  0.0813   0.972  0.000  0.000
  126 H   0.0343  0.0860   0.966  0.000  0.000
  127 H   0.0349  0.0947   0.965  0.000  0.000
  128 H   0.0377  0.0971   0.962  0.000  0.000
  129 H   0.0431  0.0998   0.957  0.000  0.000
  130 H   0.0372  0.0946   0.963  0.000  0.000
  131 H   0.0371  0.0930   0.963  0.000  0.000
  132 H   0.0371  0.0930   0.963  0.000  0.000
  133 H   0.0293  0.0819   0.971  0.000  0.000
  134 H   0.0286  0.0813   0.971  0.000  0.000
  135 H   0.0332  0.0848   0.967  0.000  0.000
  136 H   0.0352  0.0957   0.965  0.000  0.000
  137 H   0.0507  0.1162   0.949  0.000  0.000
  138 H   0.0561  0.1274   0.944  0.000  0.000
  139 H   0.0332  0.0907   0.967  0.000  0.000
  140 H   0.0323  0.0874   0.968  0.000  0.000
  141 H   0.0420  0.0943   0.958  0.000  0.000
  142 H   0.0516  0.1223   0.948  0.000  0.000
  143 H   0.0551  0.1207   0.945  0.000  0.000
  144 H   0.0340  0.0936   0.966  0.000  0.000
  145 H   0.0332  0.0883   0.967  0.000  0.000
  146 H   0.0428  0.0952   0.957  0.000  0.000
  147 H   0.0486  0.1147   0.951  0.000  0.000
  148 H   0.0502  0.1162   0.950  0.000  0.000
  149 H   0.0418  0.0940   0.958  0.000  0.000
  150 H   0.0342  0.0891   0.966  0.000  0.000
  151 H   0.0312  0.0859   0.969  0.000  0.000
  152 H   0.0555  0.1161   0.945  0.000  0.000
  153 H   0.0602  0.1191   0.940  0.000  0.000
  154 H   0.0638  0.1257   0.936  0.000  0.000
  155 H   0.0507  0.1101   0.949  0.000  0.000
  156 H   0.0480  0.1059   0.952  0.000  0.000
  157 H   0.0543  0.1166   0.946  0.000  0.000
 Hirshfeld charges for QMDFF written to <charges>
 
 Loewdin charges    n(s)   n(p)   n(d)
    1 C   0.0076   1.100  2.892  0.000
    2 C  -0.0478   1.136  2.911  0.000
    3 C   0.1226   1.140  2.738  0.000
    4 O  -0.2198   1.590  4.630  0.000
    5 C  -0.0303   1.150  2.881  0.000
    6 C  -0.0204   1.095  2.926  0.000
    7 C   0.0804   1.081  2.838  0.000
    8 BR -0.0586   1.816  5.218  0.025
    9 C  -0.0193   1.090  2.930  0.000
   10 C  -0.0221   1.095  2.927  0.000
   11 C  -0.0037   1.126  2.877  0.000
   12 C   0.0221   1.154  2.824  0.000
   13 C  -0.0082   1.073  2.936  0.000
   14 C   0.0894   1.139  2.772  0.000
   15 N  -0.2029   1.604  3.599  0.000
   16 C   0.0891   1.139  2.772  0.000
   17 N  -0.2047   1.604  3.601  0.000
   18 C   0.0131   1.115  2.872  0.000
   19 S   0.0732   1.878  3.949  0.100
   20 C  -0.0165   1.123  2.893  0.000
   21 C  -0.0308   1.114  2.917  0.000
   22 C  -0.0129   1.153  2.860  0.000
   23 N  -0.0294   1.210  3.820  0.000
   24 C   0.0392   1.085  2.876  0.000
   25 C  -0.0840   1.019  3.065  0.000
   26 C  -0.0106   1.148  2.862  0.000
   27 C  -0.0528   1.102  2.951  0.000
   28 C  -0.0680   1.084  2.984  0.000
   29 C  -0.0010   1.126  2.875  0.000
   30 S   0.0654   1.879  3.955  0.100
   31 C  -0.0126   1.129  2.883  0.000
   32 C  -0.0361   1.129  2.908  0.000
   33 C   0.0115   1.122  2.867  0.000
   34 C  -0.0334   1.086  2.947  0.000
   35 C  -0.0191   1.081  2.938  0.000
   36 C  -0.0370   1.087  2.950  0.000
   37 C   0.0070   1.139  2.854  0.000
   38 C  -0.0375   1.063  2.975  0.000
   39 C  -0.0930   1.024  3.069  0.000
   40 C  -0.0467   1.094  2.953  0.000
   41 C  -0.0379   1.131  2.907  0.000
   42 S   0.0821   1.879  3.932  0.107
   43 C  -0.0299   1.124  2.906  0.000
   44 C  -0.0197   1.115  2.904  0.000
   45 C   0.0114   1.170  2.818  0.000
   46 C   0.0115   1.171  2.817  0.000
   47 N  -0.1623   1.493  3.670  0.000
   48 S   0.1701   1.902  3.710  0.218
   49 N  -0.1656   1.493  3.672  0.000
   50 C  -0.0198   1.115  2.905  0.000
   51 C  -0.0313   1.123  2.908  0.000
   52 S   0.0856   1.879  3.929  0.107
   53 C  -0.0354   1.131  2.904  0.000
   54 C  -0.0296   1.127  2.903  0.000
   55 C   0.0108   1.121  2.868  0.000
   56 C  -0.0369   1.088  2.949  0.000
   57 C  -0.0201   1.081  2.939  0.000
   58 C  -0.0358   1.086  2.950  0.000
   59 C   0.0094   1.139  2.852  0.000
   60 C  -0.0373   1.063  2.975  0.000
   61 C  -0.0916   1.023  3.069  0.000
   62 C  -0.0432   1.092  2.951  0.000
   63 C  -0.0124   1.128  2.884  0.000
   64 S   0.0455   1.878  3.973  0.103
   65 C  -0.0321   1.119  2.913  0.000
   66 C  -0.0211   1.137  2.884  0.000
   67 N  -0.0454   1.241  3.805  0.000
   68 C   0.0096   1.152  2.839  0.000
   69 C   0.0088   1.156  2.835  0.000
   70 N  -0.0451   1.245  3.800  0.000
   71 C  -0.0198   1.136  2.884  0.000
   72 C  -0.0294   1.121  2.909  0.000
   73 S   0.0613   1.879  3.959  0.100
   74 C   0.0308   1.091  2.878  0.000
   75 C  -0.0881   1.021  3.067  0.000
   76 C   0.0293   1.091  2.880  0.000
   77 C  -0.0844   1.019  3.066  0.000
   78 C  -0.0022   1.123  2.880  0.000
   79 S   0.0753   1.879  3.943  0.103
   80 C  -0.0287   1.114  2.914  0.000
   81 C  -0.0174   1.121  2.896  0.000
   82 C  -0.0104   1.144  2.866  0.000
   83 N  -0.0287   1.212  3.816  0.000
   84 C   0.0380   1.085  2.877  0.000
   85 C  -0.0836   1.020  3.064  0.000
   86 C  -0.0151   1.150  2.865  0.000
   87 C  -0.0672   1.082  2.986  0.000
   88 C  -0.0482   1.090  2.959  0.000
   89 C   0.0094   1.116  2.875  0.000
   90 S   0.0733   1.877  3.949  0.100
   91 C   0.0108   1.096  2.893  0.000
   92 C  -0.0367   1.136  2.900  0.000
   93 C   0.1316   1.141  2.728  0.000
   94 O  -0.2178   1.596  4.622  0.000
   95 C  -0.0241   1.150  2.874  0.000
   96 C  -0.0252   1.094  2.931  0.000
   97 C   0.0942   1.104  2.802  0.000
   98 CL -0.0469   1.888  5.136  0.023
   99 C  -0.0256   1.088  2.937  0.000
  100 C  -0.0179   1.092  2.926  0.000
  101 C  -0.0067   1.128  2.878  0.000
  102 C   0.0268   1.155  2.818  0.000
  103 C  -0.0094   1.073  2.937  0.000
  104 C   0.0899   1.137  2.773  0.000
  105 N  -0.2078   1.604  3.604  0.000
  106 C   0.0937   1.138  2.768  0.000
  107 N  -0.2136   1.605  3.608  0.000
  108 H   0.0540   0.946  0.000  0.000
  109 H   0.0437   0.956  0.000  0.000
  110 H   0.0430   0.957  0.000  0.000
  111 H   0.0459   0.954  0.000  0.000
  112 H   0.0437   0.956  0.000  0.000
  113 H   0.0439   0.956  0.000  0.000
  114 H   0.0347   0.965  0.000  0.000
  115 H   0.0315   0.968  0.000  0.000
  116 H   0.0424   0.958  0.000  0.000
  117 H   0.0623   0.938  0.000  0.000
  118 H   0.0528   0.947  0.000  0.000
  119 H   0.0323   0.968  0.000  0.000
  120 H   0.0354   0.965  0.000  0.000
  121 H   0.0304   0.970  0.000  0.000
  122 H   0.0339   0.966  0.000  0.000
  123 H   0.0340   0.966  0.000  0.000
  124 H   0.0300   0.970  0.000  0.000
  125 H   0.0285   0.972  0.000  0.000
  126 H   0.0339   0.966  0.000  0.000
  127 H   0.0276   0.972  0.000  0.000
  128 H   0.0303   0.970  0.000  0.000
  129 H   0.0351   0.965  0.000  0.000
  130 H   0.0300   0.970  0.000  0.000
  131 H   0.0336   0.966  0.000  0.000
  132 H   0.0336   0.966  0.000  0.000
  133 H   0.0290   0.971  0.000  0.000
  134 H   0.0285   0.971  0.000  0.000
  135 H   0.0329   0.967  0.000  0.000
  136 H   0.0280   0.972  0.000  0.000
  137 H   0.0445   0.955  0.000  0.000
  138 H   0.0510   0.949  0.000  0.000
  139 H   0.0328   0.967  0.000  0.000
  140 H   0.0316   0.968  0.000  0.000
  141 H   0.0415   0.958  0.000  0.000
  142 H   0.0459   0.954  0.000  0.000
  143 H   0.0505   0.949  0.000  0.000
  144 H   0.0332   0.967  0.000  0.000
  145 H   0.0323   0.968  0.000  0.000
  146 H   0.0423   0.958  0.000  0.000
  147 H   0.0428   0.957  0.000  0.000
  148 H   0.0440   0.956  0.000  0.000
  149 H   0.0414   0.959  0.000  0.000
  150 H   0.0331   0.967  0.000  0.000
  151 H   0.0306   0.969  0.000  0.000
  152 H   0.0473   0.953  0.000  0.000
  153 H   0.0509   0.949  0.000  0.000
  154 H   0.0527   0.947  0.000  0.000
  155 H   0.0405   0.959  0.000  0.000
  156 H   0.0389   0.961  0.000  0.000
  157 H   0.0441   0.956  0.000  0.000
 
 Wiberg/Mayer (AO) data. WBOs > 0.1 written file <wbo>
 largest (>0.05) Wiberg bond orders for each atom
           total WBO             WBO to atom ...
     1  C   3.922    C    2 1.466    C   18 1.281    H  108 0.920
     2  C   3.904    C    1 1.466    C   12 1.107    C    3 1.026    O    4 0.069
     3  C   3.901    O    4 1.758    C    2 1.026    C    5 0.977
     4  O   2.154    C    3 1.758    C    2 0.069    C    5 0.057
     5  C   3.939    C    6 1.405    C   11 1.272    C    3 0.977    C    9 0.091    O    4 0.057
     6  C   3.960    C    5 1.405    C    7 1.376    H  109 0.942    C   10 0.090
     7  C   3.932    C    9 1.385    C    6 1.376    BR   8 1.012    C   11 0.087
     8  BR  1.142    C    7 1.012
     9  C   3.959    C   10 1.432    C    7 1.385    H  110 0.941    C    5 0.091
    10  C   3.957    C    9 1.432    C   11 1.378    H  111 0.936    C    6 0.090
    11  C   3.950    C   10 1.378    C    5 1.272    C   12 1.045    C    7 0.087
    12  C   3.929    C   13 1.460    C    2 1.107    C   11 1.045    N   17 0.089    N   15 0.089
    13  C   3.925    C   12 1.460    C   14 1.063    C   16 1.062    N   15 0.081    N   17 0.081
    14  C   3.938    N   15 2.774    C   13 1.063
    15  N   3.038    C   14 2.774    C   12 0.089    C   13 0.081
    16  C   3.938    N   17 2.783    C   13 1.062
    17  N   3.042    C   16 2.783    C   12 0.089    C   13 0.081
    18  C   3.904    C   27 1.383    C    1 1.281    S   19 1.044    C   20 0.054
    19  S   2.492    C   20 1.136    C   18 1.044    C   27 0.073
    20  C   3.922    C   21 1.293    C   26 1.230    S   19 1.136    C   18 0.054    N   23 0.051
    21  C   3.918    C   20 1.293    C   22 1.271    S   30 1.100    C   29 0.062
    22  C   3.883    C   28 1.291    C   21 1.271    N   23 1.103
    23  N   3.452    C   22 1.103    C   26 1.076    C   24 0.951    C   20 0.051
    24  C   3.936    C   25 1.005    H  113 0.970    H  112 0.970    N   23 0.951
    25  C   3.982    C   24 1.005    H  114 0.983    H  115 0.983    H  116 0.975
    26  C   3.899    C   27 1.366    C   20 1.230    N   23 1.076
    27  C   3.929    C   18 1.383    C   26 1.366    H  117 0.911    S   19 0.073
    28  C   3.938    C   29 1.470    C   22 1.291    H  118 0.932    S   30 0.066
    29  C   3.882    C   28 1.470    C   31 1.155    S   30 1.077    C   21 0.062
    30  S   2.479    C   21 1.100    C   29 1.077    C   28 0.066
    31  C   3.906    C   32 1.426    C   29 1.155    S   73 1.073    C   72 0.063
    32  C   3.914    C   31 1.426    C   41 1.232    C   33 0.991    S   73 0.061
    33  C   3.955    C   40 1.375    C   34 1.371    C   32 0.991    C   36 0.103
    34  C   3.967    C   35 1.438    C   33 1.371    H  119 0.945    C   37 0.105
    35  C   3.971    C   34 1.438    C   36 1.429    H  120 0.944    C   40 0.105
    36  C   3.967    C   35 1.429    C   37 1.389    H  121 0.946    C   33 0.103
    37  C   3.949    C   40 1.400    C   36 1.389    C   38 0.981    C   34 0.105
    38  C   3.972    C   39 0.991    C   37 0.981    H  122 0.967    H  123 0.965
    39  C   3.984    C   38 0.991    H  125 0.984    H  124 0.983    H  126 0.980
    40  C   3.968    C   37 1.400    C   33 1.375    H  127 0.946    C   35 0.105
    41  C   3.912    C   72 1.349    C   32 1.232    S   42 1.077    C   43 0.056
    42  S   2.489    C   43 1.105    C   41 1.077    C   71 0.055    C   72 0.052
    43  C   3.916    C   71 1.349    C   44 1.194    S   42 1.105    C   41 0.056
    44  C   3.925    C   69 1.283    C   43 1.194    C   45 1.165
    45  C   3.928    N   49 1.428    C   44 1.165    C   46 1.101    S   48 0.074
    46  C   3.928    N   47 1.430    C   50 1.162    C   45 1.101    S   48 0.074
    47  N   3.073    C   46 1.430    S   48 1.282    N   49 0.201
    48  S   2.809    N   47 1.282    N   49 1.280    C   46 0.074    C   45 0.074
    49  N   3.070    C   45 1.428    S   48 1.280    N   47 0.201
    50  C   3.924    C   68 1.284    C   51 1.197    C   46 1.162
    51  C   3.918    C   66 1.347    C   50 1.197    S   52 1.104    C   53 0.056
    52  S   2.490    C   51 1.104    C   53 1.079    C   66 0.055    C   65 0.053
    53  C   3.911    C   65 1.357    C   54 1.224    S   52 1.079    C   51 0.056
    54  C   3.917    C   63 1.439    C   53 1.224    C   55 0.994    S   64 0.061    C   87 0.051
    55  C   3.955    C   62 1.380    C   56 1.366    C   54 0.994    C   58 0.103
    56  C   3.969    C   57 1.441    C   55 1.366    H  128 0.945    C   59 0.105
    57  C   3.971    C   56 1.441    C   58 1.426    H  129 0.944    C   62 0.104
    58  C   3.967    C   57 1.426    C   59 1.390    H  130 0.946    C   55 0.103
    59  C   3.949    C   62 1.399    C   58 1.390    C   60 0.981    C   56 0.105
    60  C   3.972    C   61 0.991    C   59 0.981    H  132 0.966    H  131 0.966
    61  C   3.983    C   60 0.991    H  133 0.984    H  134 0.984    H  135 0.980
    62  C   3.966    C   59 1.399    C   55 1.380    H  136 0.945    C   57 0.104
    63  C   3.906    C   54 1.439    C   78 1.147    S   64 1.064    C   65 0.065
    64  S   2.477    C   65 1.093    C   63 1.064    C   54 0.061
    65  C   3.919    C   53 1.357    C   66 1.231    S   64 1.093    C   63 0.065    S   52 0.053
    66  C   3.901    C   51 1.347    C   65 1.231    N   67 1.076    S   52 0.055
    67  N   3.409    C   68 1.086    C   66 1.076    C   76 0.945
    68  C   3.900    C   50 1.284    C   69 1.245    N   67 1.086
    69  C   3.895    C   44 1.283    C   68 1.245    N   70 1.087
    70  N   3.404    C   69 1.087    C   71 1.069    C   74 0.946
    71  C   3.902    C   43 1.349    C   72 1.236    N   70 1.069    S   42 0.055
    72  C   3.917    C   41 1.349    C   71 1.236    S   73 1.093    C   31 0.063    S   42 0.052
    73  S   2.480    C   72 1.093    C   31 1.073    C   32 0.061
    74  C   3.933    C   75 1.003    H  137 0.970    H  138 0.962    N   70 0.946
    75  C   3.980    C   74 1.003    H  140 0.984    H  139 0.980    H  141 0.975
    76  C   3.931    C   77 1.005    H  142 0.965    H  143 0.960    N   67 0.945
    77  C   3.981    C   76 1.005    H  145 0.985    H  144 0.983    H  146 0.975
    78  C   3.886    C   87 1.477    C   63 1.147    S   79 1.078    C   80 0.064
    79  S   2.493    C   80 1.102    C   78 1.078    C   87 0.068
    80  C   3.922    C   81 1.283    C   86 1.280    S   79 1.102    C   78 0.064
    81  C   3.927    C   80 1.283    C   82 1.254    S   90 1.123    C   89 0.059    N   83 0.052
    82  C   3.898    C   88 1.342    C   81 1.254    N   83 1.078
    83  N   3.450    C   86 1.098    C   82 1.078    C   84 0.954    C   81 0.052
    84  C   3.937    C   85 1.002    H  147 0.970    H  148 0.970    N   83 0.954
    85  C   3.982    C   84 1.002    H  151 0.985    H  150 0.984    H  149 0.975
    86  C   3.887    C   87 1.290    C   80 1.280    N   83 1.098
    87  C   3.936    C   78 1.477    C   86 1.290    H  152 0.937    S   79 0.068    C   54 0.051
    88  C   3.946    C   89 1.414    C   82 1.342    H  153 0.937    S   90 0.070    C   92 0.064
    89  C   3.905    C   88 1.414    C   91 1.233    S   90 1.057    C   81 0.059
    90  S   2.500    C   81 1.123    C   89 1.057    C   88 0.070
    91  C   3.926    C   92 1.518    C   89 1.233    H  154 0.929
    92  C   3.908    C   91 1.518    C  102 1.097    C   93 0.995    O   94 0.069    C   88 0.064
    93  C   3.904    O   94 1.793    C   92 0.995    C   95 0.971
    94  O   2.136    C   93 1.793    C   92 0.069    C   95 0.062
    95  C   3.935    C   96 1.407    C  101 1.266    C   93 0.971    C   99 0.091    O   94 0.062
    96  C   3.962    C   95 1.407    C   97 1.368    H  155 0.943    C  100 0.089
    97  C   3.923    C   99 1.378    C   96 1.368    CL  98 1.018    C  101 0.087
    98  CL  1.170    C   97 1.018
    99  C   3.960    C  100 1.431    C   97 1.378    H  156 0.943    C   95 0.091
   100  C   3.958    C   99 1.431    C  101 1.381    H  157 0.938    C   96 0.089
   101  C   3.950    C  100 1.381    C   95 1.266    C  102 1.042    C   97 0.087
   102  C   3.929    C  103 1.459    C   92 1.097    C  101 1.042    N  105 0.092    N  107 0.092
   103  C   3.950    C  102 1.459    C  104 1.069    C  106 1.062    N  105 0.080    N  107 0.080
   104  C   3.940    N  105 2.786    C  103 1.069
   105  N   3.043    C  104 2.786    C  102 0.092    C  103 0.080
   106  C   3.941    N  107 2.790    C  103 1.062
   107  N   3.052    C  106 2.790    C  102 0.092    C  103 0.080
   108  H   0.992    C    1 0.920
   109  H   0.996    C    6 0.942
   110  H   0.995    C    9 0.941
   111  H   0.995    C   10 0.936
   112  H   0.996    C   24 0.970
   113  H   0.996    C   24 0.970
   114  H   0.999    C   25 0.983
   115  H   0.999    C   25 0.983
   116  H   0.997    C   25 0.975
   117  H   0.993    C   27 0.911
   118  H   0.995    C   28 0.932
   119  H   0.996    C   34 0.945
   120  H   0.995    C   35 0.944
   121  H   0.996    C   36 0.946
   122  H   0.997    C   38 0.967
   123  H   0.998    C   38 0.965
   124  H   0.999    C   39 0.983
   125  H   0.999    C   39 0.984
   126  H   0.997    C   39 0.980
   127  H   0.999    C   40 0.946
   128  H   0.996    C   56 0.945
   129  H   0.995    C   57 0.944
   130  H   0.996    C   58 0.946
   131  H   0.998    C   60 0.966
   132  H   0.997    C   60 0.966
   133  H   0.999    C   61 0.984
   134  H   0.999    C   61 0.984
   135  H   0.997    C   61 0.980
   136  H   0.999    C   62 0.945
   137  H   0.996    C   74 0.970
   138  H   0.995    C   74 0.962
   139  H   0.998    C   75 0.980
   140  H   0.999    C   75 0.984
   141  H   0.998    C   75 0.975
   142  H   0.996    C   76 0.965
   143  H   0.996    C   76 0.960
   144  H   0.999    C   77 0.983
   145  H   0.999    C   77 0.985
   146  H   0.997    C   77 0.975
   147  H   0.997    C   84 0.970
   148  H   0.996    C   84 0.970
   149  H   0.997    C   85 0.975
   150  H   0.999    C   85 0.984
   151  H   0.999    C   85 0.985
   152  H   0.995    C   87 0.937
   153  H   0.995    C   88 0.937
   154  H   0.991    C   91 0.929
   155  H   0.996    C   96 0.943
   156  H   0.994    C   99 0.943
   157  H   0.995    C  100 0.938
 
 --------------------------------------------
          xTB calculation for sTDA...
 --------------------------------------------
 
 reading parameter file /ihome/ghutchison/blp62/xtb4stda/.param_stda2.xtb
 
      method parameters     
 k(s)        :  1.6000
 k(p)        :  2.1800
 k(d)        :  1.9500
 k(f)        :  2.0000
 k(R-V)      :  2.2750
 k(R-R)      :  1.7650
 Tscal       :  0.2580
 Gscal       :  1.0000
 fpol        :  1.0000
 Zcnf        :  0.3430
 Zqf         :  0.0000
 kcn         :  2.7000
 Ryd Hsplit  :  0.7000
 lshift(virt):  3.1000
 lshift(OS)  :  0.2000
 wllscaling  :  2.6000
 
 mowrcut     : 3.000
 
  Z AO/shell   Hii/eV     exponent
  1     Sun Feb 14 09:53:25 CET 2016    EN: 2.327 GAM: 0.473  GM3: 0.0000
     1s    -14.339618    1.220000
     2sp    -3.348946    0.600000
  6     Sun Feb 14 09:53:25 CET 2016    EN: 2.731 GAM: 0.422  GM3: 0.0000
     2s    -22.009312    1.565095
     2p    -13.020408    1.596905
     3sp    -3.914040    0.824500
  7     Sun Feb 14 09:53:25 CET 2016    EN: 3.573 GAM: 0.504  GM3: 0.0000
     2s    -25.722000    2.064844
     2p    -18.684912    1.801692
     3sp    -4.344791    0.921400
  8     Sun Feb 14 09:53:25 CET 2016    EN: 3.700 GAM: 0.587  GM3: 0.0000
     2s    -33.859000    2.418661
     2p    -22.175911    1.973969
     3sp    -4.259392    1.013700
 16     Sun Feb 21 16:35:57 CET 2016    EN: 1.915 GAM: 0.200  GM3: 0.0000
     3s    -17.898811    2.619580
     3p    -15.317401    1.798798
     4sp    -4.455139    0.843200
 17     Sun Feb 21 16:32:04 CET 2016    EN: 2.375 GAM: 0.300  GM3: 0.0000
     3s    -29.486180    2.293696
     3p    -18.696427    2.332982
     4sp    -5.680125    0.918900
 35     Sun Feb 21 17:52:41 CET 2016    EN: 0.811 GAM: 0.434  GM3: 0.0000
     4s    -26.543782    1.553543
     4p    -18.131194    2.798632
     5sp    -5.742330    0.872900
 
 Nbf   :         1106
 T(el) :     0.0
 calculating S/T integrals ...
 cpu time for ints    2.34795800000000     
 Nao   :         1106
 making H0...
 making H1...
 cpu time for H      2.920800000000057E-002
 solving ...
 cpu time for diag   0.587724000000000     
 
 gap (eV)           :   4.371
 Koopmans IP (eV)   :  13.153
 Eel (Eh)           :  -442.205212

          eigenvalues
 #    :         246        247        248        249        250        251        252        253
 occ. :        2.000      2.000      2.000      2.000      2.000      2.000      2.000      2.000
 eps  :       -15.870    -15.757    -15.695    -15.365    -15.187    -14.816    -14.454    -14.332
 #    :         254        255        256        257        258        259        260        261
 occ. :        2.000      2.000      2.000      2.000      2.000      0.000      0.000      0.000
 eps  :       -14.252    -14.178    -13.966    -13.648    -13.155     -8.783     -8.743     -8.395
 #    :         262        263        264        265        266        267        268        269
 occ. :        0.000      0.000      0.000      0.000      0.000      0.000      0.000      0.000
 eps  :        -8.353     -7.432     -7.110     -6.759     -6.407     -6.394     -6.253     -5.983
                            1  SCC done.
 writing mo output ...
 molden style : F
 
speedup  3.62
cpu  time for all    7.40 s
wall time for all    2.05 s
