 
        ______________________________________
       |                                      |
       |          ===================         |
       |             xTB for sTDA             |
       |          ===================         |
       |               S. Grimme              |
       |        Universitaet Bonn, MCTC       |
       |         2015-19, Version 1.0         |
       |     Wed Apr  3 09:14:55 CEST 2019    |
       |______________________________________|
 
        This code comes without any warranty
        for non-commercial, academia use only.
        Preliminary test version.
        Cite this work as:
        S. Grimme  &  C. Bannwarth, JCP 145 (2016) 054103
        if GBSA is used additionally:
        P. Shushkov, F. März, C. Bannwarth, S. Grimme, unpublished.
 
        with help from
        P. Shushkov, G. Brandenburg, S. Dohm, J. Pisarek,
        F. März, M. Checinski, S. Ehrlich, S. Spicher, 
        P. Pracht, E. Caldeweyher, S. Ehlert, and C. Bannwarth.
 
        usage        :
        xtb4stda <coord_file> [options]
        where <coord_file> is a valid file of TM)
        (*coord, Bohr) or xmol (*xyz, Angstroem)
        format.

        options:
        -chrg <int>   : molecular charge
        -uhf  <int>   : # of unpaired electrons(=2*S)
        -nox          : skip second, extended part in sTDA-xTB
        -pop          : do population analysis
                      : (default for -nox)
        -mowr <real>  : cut MO write above (def.3 Eh)
        -molden       : write formatted molden file
        -parx <file>  : read parameters for sTDA-xTB
                        calc (def:~/.param_stda2.xtb)
        -parv <file>  : read parameters for vTB part in
                        sTDA-xTB (def: ~/.param_stda1.xtb)
        -xtemp <real> : el. temp for xTB (def. 0 K)
        -etemp <real> : el. temp for GFN (def. 300 K)
        -fod          : calculate the FOD and write
                        molden.input file with
                        appropriate occupations
                        for plotting. Def. T=12500 K
 
        -acc <real>   : xTB accuracy (def. 1.0)
        -gbsa [string1] [string2]
                        use GBSA implicit solvent
                        for solvent [string1] and
                        solvation state [string2]=
                        reference, bar1M (default=1M)
        additional GFN/opt/MD/siman options read from
        $XTB4STDAHOME/.xtb4stdarc or $set in input
 
       spin and charge state information can be on:
       <.CHRG> (charge) and <.UHF> (=nalpha-nbeta)
       -uhf and -chrg override the file info.
       useful machine settings:
       setenv MKL_NUM_THREADS <NCORE_ON_YOUR_MACHINE>
       setenv OMP_STACKSIZE 500m
       limit stacksize unlimited
 
       total energies in Eh, gaps/HL energies in eV
       please read REVISION and HOWTO files carefully
 =============================
  # OMP threads =           8
 =============================
 
 xtb4stdahome directory:/ihome/ghutchison/blp62/xtb4stda/
 
 
 name of molecule           :
 comment line               :
 number of atoms            :   142
 number of electrons        :   466
 charge                     :  0
 spin                       : 0.0
 first test random number   :  0.0821
 
 -----------------------------------------
      charge density (VTB) calculation
 -----------------------------------------
 
      method parameters     
 k(s)        :  1.8000
 k(p)        :  2.8350
 k(d)        :  2.0860
 k(f)        :  2.0000
 Tscal       :  0.3300
 Gscal       :  0.3910
 fpol        :  1.0000
 Zcnf        :  0.6500
 Zqf         :  0.0000
 kcn         :  0.3000
 kEN1        : -0.5900
 wllscal     :  2.6000
 
     -------------------------
     ! NO SOLVENT MODEL USED !
     -------------------------
 
 doing EN charges ...
 sum q :  0.4440892D-15
 point charge moment (au)
     X       Y       Z   
  -0.0253  -0.4507   0.2108  total (Debye):    1.266
 
            Z      q(EN)   CN      Cart. coordinates
     1  C   4.0  -0.065   3.170   -11.80247    14.40368     4.13623
     2  C   4.0  -0.003   3.281   -13.61340    13.15230     5.42087
     3  C   4.0   0.105   3.219   -13.30348    10.51217     6.42223
     4  O   6.0  -0.107   1.062   -11.48500     9.16045     6.14123
     5  C   4.0  -0.002   3.364   -15.55944    10.05901     7.96708
     6  C   4.0   0.081   3.223   -16.19306     7.88431     9.33562
     7  O   6.0  -0.140   2.054   -14.58793     5.93450     9.24208
     8  C   4.0  -0.187   4.056   -15.16978     3.69158    10.55469
     9  C   4.0  -0.070   3.165   -18.47094     7.93042    10.68375
    10  C   4.0  -0.073   3.148   -19.99708    10.05315    10.66807
    11  C   4.0  -0.070   3.157   -19.36705    12.21405     9.32051
    12  C   4.0  -0.006   3.343   -17.13301    12.20234     7.95575
    13  C   4.0  -0.007   3.316   -16.00220    14.14139     6.35553
    14  C   4.0  -0.037   3.120   -17.06895    16.40452     5.71661
    15  C   4.0   0.237   2.157   -15.98992    18.17557     4.03513
    16  N   5.0  -0.216   1.026   -15.25047    19.68339     2.66319
    17  C   4.0   0.237   2.156   -19.42827    17.27115     6.61404
    18  N   5.0  -0.216   1.026   -21.32291    18.09431     7.27280
    19  C   4.0  -0.001   3.241    -9.59017    13.18972     3.06041
    20  C   4.0   0.025   3.217    -7.18625    14.24645     3.34538
    21  F   7.0  -0.026   1.072    -6.94701    16.36805     4.70731
    22  C   4.0   0.026   3.220    -5.05199    13.10903     2.35441
    23  F   7.0  -0.027   1.080    -2.78621    14.13421     2.82779
    24  C   4.0  -0.009   3.307    -5.21186    10.87821     0.93655
    25  C   4.0   0.024   3.231    -7.63034     9.84680     0.61813
    26  F   7.0  -0.029   1.092    -7.90264     7.75714    -0.79028
    27  C   4.0   0.026   3.222    -9.75779    10.96513     1.64142
    28  F   7.0  -0.027   1.080   -12.02659     9.98437     1.12288
    29  C   4.0  -0.084   3.284    -2.99578     9.68296    -0.12982
    30  C   4.0  -0.019   3.427    -0.98228    10.81887    -1.34265
    31  C   4.0  -0.002   3.229    -0.83450    13.48849    -2.03958
    32  C   4.0  -0.073   3.194    -2.93663    14.75781    -2.98879
    33  C   4.0  -0.071   3.144    -2.73840    17.26945    -3.67060
    34  C   4.0  -0.074   3.182    -0.45807    18.52876    -3.42815
    35  C   4.0   0.008   3.190     1.65899    17.28816    -2.49822
    36  C   4.0  -0.174   4.064     4.17044    18.59509    -2.32247
    37  C   4.0  -0.242   4.028     5.80769    17.92821    -4.61074
    38  C   4.0  -0.076   3.243     1.44847    14.76783    -1.81338
    39  C   4.0  -0.107   3.498     0.86625     9.01702    -2.00500
    40  S   6.0   0.230   2.449     3.72767     9.24586    -3.63753
    41  C   4.0  -0.087   3.407     4.08672     6.00649    -3.36825
    42  C   4.0   0.008   3.428     5.74760     4.09485    -4.14870
    43  C   4.0   0.075   3.660     7.89962     4.21220    -5.72039
    44  C   4.0   0.075   3.660     9.10753     1.90201    -6.44963
    45  N   5.0  -0.298   2.147    11.03449     2.27447    -8.00034
    46  S   6.0   0.426   2.894    11.30661     5.28405    -8.49545
    47  N   5.0  -0.298   2.147     8.97488     6.22230    -6.74972
    48  C   4.0   0.007   3.428     8.22541    -0.39250    -5.41350
    49  C   4.0  -0.086   3.403     9.18369    -2.85122    -5.63006
    50  S   6.0   0.227   2.448    11.56720    -4.47204    -7.18001
    51  C   4.0  -0.105   3.487    10.67355    -7.23387    -5.58452
    52  C   4.0  -0.021   3.432    11.54188    -9.73832    -5.66408
    53  C   4.0  -0.002   3.222    13.53989   -10.58133    -7.37088
    54  C   4.0  -0.074   3.188    13.29384   -12.80100    -8.76908
    55  C   4.0  -0.072   3.143    15.18092   -13.50814   -10.42978
    56  C   4.0  -0.074   3.181    17.30951   -12.01733   -10.72797
    57  C   4.0   0.008   3.190    17.57936    -9.79010    -9.36416
    58  C   4.0  -0.174   4.064    19.81378    -8.08841    -9.75968
    59  C   4.0  -0.242   4.029    19.13669    -5.97588   -11.61463
    60  C   4.0  -0.077   3.243    15.68510    -9.09393    -7.69459
    61  C   4.0  -0.082   3.218    10.20187   -11.29640    -3.99885
    62  S   6.0   0.224   2.584     7.82403    -9.59924    -2.40260
    63  C   4.0  -0.098   3.410     8.63624    -6.85422    -3.94178
    64  C   4.0   0.074   3.694     7.75959    -4.36546    -4.00131
    65  N   5.0  -0.295   3.269     5.93601    -2.95440    -2.83648
    66  C   4.0   0.101   3.439     6.14463    -0.49756    -3.69649
    67  C   4.0   0.101   3.440     4.76967     1.76368    -3.21216
    68  N   5.0  -0.296   3.273     2.52713     2.27693    -1.97231
    69  C   4.0   0.075   3.688     2.12178     4.82542    -2.06245
    70  C   4.0  -0.097   3.409     0.25530     6.54677    -1.30656
    71  S   6.0   0.228   2.559    -2.64637     6.40560     0.17102
    72  C   4.0  -0.098   4.088     0.56087     0.65744    -0.99286
    73  C   4.0  -0.240   4.027     0.50985     0.64345     1.89540
    74  C   4.0  -0.099   4.090     4.47582    -4.11904    -0.83734
    75  C   4.0  -0.241   4.029     2.40373    -5.84813    -1.85911
    76  C   4.0  -0.078   3.169    10.79071   -13.83884    -3.43911
    77  C   4.0  -0.072   3.099     9.52460   -15.52693    -1.94358
    78  C   4.0  -0.078   3.144     7.17302   -15.12593    -0.77082
    79  C   4.0  -0.072   3.103     6.07169   -16.68382     0.97264
    80  C   4.0  -0.069   3.149     3.79022   -15.95930     2.12027
    81  C   4.0  -0.004   3.277     2.51900   -17.25301     3.97050
    82  C   4.0   0.100   3.217     3.21764   -19.77938     4.94277
    83  O   6.0  -0.103   1.051     5.03895   -21.05608     4.38038
    84  C   4.0  -0.006   3.345     1.20187   -20.45874     6.75596
    85  C   4.0  -0.069   3.191     0.93258   -22.64610     8.14491
    86  C   4.0   0.008   3.152    -1.14442   -22.89686     9.74475
    87  C   4.0  -0.252   4.052    -1.47550   -25.22406    11.31398
    88  C   4.0  -0.074   3.185    -2.88656   -20.92909     9.89007
    89  C   4.0  -0.068   3.159    -2.62577   -18.72151     8.50131
    90  C   4.0  -0.007   3.347    -0.55766   -18.47377     6.91262
    91  C   4.0  -0.007   3.319     0.24982   -16.42833     5.24550
    92  C   4.0  -0.037   3.119    -0.91293   -14.11436     5.03574
    93  C   4.0   0.233   2.165    -0.08636   -12.06817     3.55023
    94  N   5.0  -0.214   1.029     0.44106   -10.27690     2.43661
    95  C   4.0   0.235   2.168    -3.12013   -13.42745     6.35987
    96  N   5.0  -0.214   1.026    -4.91385   -12.73335     7.36634
    97  H   1.0   0.075   1.008   -11.90074    16.43211     3.89057
    98  H   1.0   0.081   0.997   -13.60357     2.41375    10.17542
    99  H   1.0   0.079   0.996   -15.30848     4.02001    12.59162
   100  H   1.0   0.079   0.996   -16.92628     2.84536     9.86626
   101  H   1.0   0.075   1.005   -19.06110     6.30167    11.75731
   102  H   1.0   0.074   1.005   -21.73355    10.02424    11.73860
   103  H   1.0   0.077   1.007   -20.59423    13.83620     9.35962
   104  H   1.0   0.076   1.006    -4.70617    13.76609    -3.22520
   105  H   1.0   0.074   1.004    -4.37113    18.25003    -4.40476
   106  H   1.0   0.075   1.005    -0.32239    20.49332    -3.96767
   107  H   1.0   0.081   1.003     5.14100    18.00701    -0.59923
   108  H   1.0   0.081   1.003     3.89680    20.63808    -2.24594
   109  H   1.0   0.081   0.998     7.63374    18.86230    -4.48394
   110  H   1.0   0.081   0.999     6.11156    15.89789    -4.70674
   111  H   1.0   0.081   0.999     4.88419    18.52517    -6.34740
   112  H   1.0   0.076   1.009     3.07288    13.79349    -1.05409
   113  H   1.0   0.075   1.005    11.60065   -13.92747    -8.59882
   114  H   1.0   0.074   1.004    14.98099   -15.22571   -11.51429
   115  H   1.0   0.075   1.005    18.76933   -12.58123   -12.03944
   116  H   1.0   0.081   1.003    21.40285    -9.17292   -10.50423
   117  H   1.0   0.081   1.003    20.38428    -7.25371    -7.96104
   118  H   1.0   0.081   0.999    17.56519    -4.86586   -10.89219
   119  H   1.0   0.081   0.999    18.58697    -6.76900   -13.42953
   120  H   1.0   0.081   0.998    20.74541    -4.73036   -11.90244
   121  H   1.0   0.076   1.009    15.88957    -7.37995    -6.60497
   122  H   1.0   0.086   1.006     0.79009    -1.23191    -1.75952
   123  H   1.0   0.081   1.006    -1.24741     1.39764    -1.67845
   124  H   1.0   0.081   0.999     2.36216     0.22015     2.68114
   125  H   1.0   0.082   0.999    -0.82997    -0.76383     2.55718
   126  H   1.0   0.082   1.002    -0.07238     2.48045     2.60499
   127  H   1.0   0.086   1.005     3.72068    -2.67056     0.40383
   128  H   1.0   0.081   1.006     5.78634    -5.27215     0.27609
   129  H   1.0   0.083   1.000     1.43147    -6.75520    -0.29612
   130  H   1.0   0.081   0.999     1.03557    -4.82334    -3.00126
   131  H   1.0   0.082   1.004     3.22765    -7.31570    -3.03509
   132  H   1.0   0.074   1.008    12.54684   -14.47417    -4.27872
   133  H   1.0   0.073   1.006    10.41541   -17.33899    -1.62006
   134  H   1.0   0.074   1.034     6.12952   -13.44011    -1.26347
   135  H   1.0   0.075   1.006     6.96855   -18.42237     1.55184
   136  H   1.0   0.075   1.011     3.00051   -14.17899     1.48892
   137  H   1.0   0.075   1.005     2.32172   -24.13199     7.97842
   138  H   1.0   0.082   0.999    -0.57656   -26.84299    10.42354
   139  H   1.0   0.080   0.999    -0.60396   -24.94760    13.16137
   140  H   1.0   0.081   0.999    -3.46708   -25.63508    11.60991
   141  H   1.0   0.075   1.005    -4.49849   -21.12808    11.12746
   142  H   1.0   0.076   1.007    -4.02531   -17.25131     8.66912
 
  Z AO/shell   Hii/eV     exponent
  1     Sat Feb 20 21:38:01 CET 2016    EN: 2.327 GAM: 0.473  GM3: 0.0000
     1s    -13.751157    1.051071
  6     Sat Feb 20 21:38:01 CET 2016    EN: 2.731 GAM: 0.422  GM3: 0.0000
     2s    -19.378245    2.021003
     2p    -11.993376    1.497917
  7     Sat Feb 20 21:38:01 CET 2016    EN: 3.573 GAM: 0.504  GM3: 0.0000
     2s    -21.576984    2.275442
     2p    -16.125120    2.056788
  8     Sat Feb 20 21:38:01 CET 2016    EN: 3.700 GAM: 0.587  GM3: 0.0000
     2s    -21.648843    2.110798
     2p    -17.239740    2.329048
  9     Sat Feb 20 21:51:24 CET 2016    EN: 3.394 GAM: 0.669  GM3: 0.0000
     2s    -19.384211    2.614957
     2p    -19.426034    2.777297
 16     Sat Feb 20 23:13:41 CET 2016    EN: 1.915 GAM: 0.389  GM3: 0.0000
     3s    -22.000000    2.671470
     3p    -15.834192    1.836978
     3d     -2.593599    1.836978
 
 dipole moment of classical point charges (au)
     X       Y       Z   
  -0.0253  -0.4507   0.2108  total (Debye):    1.266

 
 Nbf   :          460
 T(el) :   300.0
 calculating S/T integrals ...
 cpu time for ints   0.542699000000000     
 Nao   :          455
 making H0...
 making H1...
 cpu time for H      0.179730000000000     
 solving ...
 cpu time for diag   0.201125000000000     
 
 gap (eV)           :   1.346
 Koopmans IP (eV)   :  11.751
 Eel (Eh)           :  -365.406815
 T,E(Fermi),NFOD :    300.000   -11.078  0.000000
 T,E(Fermi),NFOD :    300.000   -11.078  0.000000
 Nfod               :  0.0000
 Nfod/Nel           :  0.0000

          eigenvalues
 #    :         221        222        223        224        225        226        227        228
 occ. :        2.000      2.000      2.000      2.000      2.000      2.000      2.000      2.000
 eps  :       -15.066    -14.936    -14.725    -14.565    -14.452    -14.368    -14.246    -14.127
 #    :         229        230        231        232        233        234        235        236
 occ. :        2.000      2.000      2.000      2.000      2.000      0.000      0.000      0.000
 eps  :       -13.794    -13.606    -13.370    -12.673    -11.752    -10.406    -10.026     -9.694
 #    :         237        238        239        240        241        242        243        244
 occ. :        0.000      0.000      0.000      0.000      0.000      0.000      0.000      0.000
 eps  :        -9.530     -9.185     -8.980     -8.852     -8.824     -8.496     -7.932     -7.576
                            1  SCC done.
 making H1...
 cpu time for H      0.268371000000000     
 solving ...
 cpu time for diag   0.116120000000000     
 
 gap (eV)           :   1.792
 Koopmans IP (eV)   :  12.030
 Eel (Eh)           :  -365.082501
 T,E(Fermi),NFOD :    300.000   -11.134  0.000000
 T,E(Fermi),NFOD :    300.000   -11.134  0.000000
 Nfod               :  0.0000
 Nfod/Nel           :  0.0000

          eigenvalues
 #    :         221        222        223        224        225        226        227        228
 occ. :        2.000      2.000      2.000      2.000      2.000      2.000      2.000      2.000
 eps  :       -14.783    -14.591    -14.561    -14.463    -14.385    -14.180    -14.089    -13.998
 #    :         229        230        231        232        233        234        235        236
 occ. :        2.000      2.000      2.000      2.000      2.000      0.000      0.000      0.000
 eps  :       -13.763    -13.730    -13.327    -12.939    -12.031    -10.239     -9.873     -9.820
 #    :         237        238        239        240        241        242        243        244
 occ. :        0.000      0.000      0.000      0.000      0.000      0.000      0.000      0.000
 eps  :        -9.275     -9.192     -9.072     -8.905     -8.780     -8.624     -8.087     -7.718
                            2  SCC done.
 
 
 Mulliken/CM5 charges    n(s)   n(p)   n(d)   
    1 C   0.0027 -0.0441   1.161  2.836  0.000
    2 C  -0.0072 -0.0086   1.183  2.824  0.000
    3 C   0.1424  0.1798   1.175  2.683  0.000
    4 O  -0.2283 -0.2721   1.627  4.601  0.000
    5 C  -0.0382 -0.0345   1.182  2.856  0.000
    6 C   0.1041  0.1255   1.159  2.737  0.000
    7 O  -0.1178 -0.2076   1.446  4.671  0.000
    8 C   0.0146 -0.1068   1.086  2.900  0.000
    9 C  -0.0421 -0.0946   1.137  2.905  0.000
   10 C  -0.0153 -0.0715   1.139  2.876  0.000
   11 C  -0.0383 -0.0911   1.141  2.897  0.000
   12 C  -0.0052 -0.0085   1.173  2.833  0.000
   13 C   0.0224  0.0219   1.196  2.782  0.000
   14 C   0.0210  0.0274   1.117  2.862  0.000
   15 C   0.1023  0.2212   1.170  2.727  0.000
   16 N  -0.2020 -0.3317   1.641  3.561  0.000
   17 C   0.1023  0.2216   1.170  2.728  0.000
   18 N  -0.2020 -0.3318   1.641  3.561  0.000
   19 C   0.0294  0.0297   1.144  2.826  0.000
   20 C   0.0961  0.1157   1.157  2.747  0.000
   21 F  -0.1122 -0.1357   1.675  5.437  0.000
   22 C   0.0942  0.1142   1.156  2.750  0.000
   23 F  -0.1106 -0.1345   1.674  5.436  0.000
   24 C   0.0276  0.0309   1.151  2.822  0.000
   25 C   0.0943  0.1148   1.156  2.750  0.000
   26 F  -0.1157 -0.1385   1.676  5.440  0.000
   27 C   0.1070  0.1282   1.154  2.739  0.000
   28 F  -0.1073 -0.1303   1.674  5.433  0.000
   29 C  -0.0390 -0.0256   1.173  2.866  0.000
   30 C  -0.0195 -0.0187   1.165  2.854  0.000
   31 C   0.0065 -0.0001   1.165  2.829  0.000
   32 C  -0.0444 -0.0969   1.140  2.905  0.000
   33 C  -0.0311 -0.0872   1.136  2.895  0.000
   34 C  -0.0414 -0.0958   1.139  2.902  0.000
   35 C   0.0015 -0.0148   1.182  2.816  0.000
   36 C  -0.0433 -0.1503   1.124  2.919  0.000
   37 C  -0.0900 -0.2414   1.095  2.995  0.000
   38 C  -0.0420 -0.0926   1.143  2.899  0.000
   39 C  -0.0576 -0.0432   1.173  2.885  0.000
   40 S   0.1206  0.0872   1.893  3.934  0.053
   41 C  -0.0526 -0.0304   1.164  2.888  0.000
   42 C  -0.0132  0.0000   1.153  2.860  0.000
   43 C   0.0156  0.1037   1.203  2.781  0.000
   44 C   0.0141  0.1022   1.204  2.782  0.000
   45 N  -0.2051 -0.3666   1.532  3.673  0.000
   46 S   0.2319  0.3663   1.910  3.707  0.151
   47 N  -0.2008 -0.3625   1.531  3.670  0.000
   48 C  -0.0151 -0.0019   1.151  2.864  0.000
   49 C  -0.0516 -0.0295   1.170  2.882  0.000
   50 S   0.1232  0.0899   1.893  3.933  0.051
   51 C  -0.0548 -0.0406   1.174  2.881  0.000
   52 C  -0.0271 -0.0276   1.173  2.854  0.000
   53 C   0.0053 -0.0027   1.165  2.830  0.000
   54 C  -0.0422 -0.0964   1.141  2.901  0.000
   55 C  -0.0290 -0.0854   1.136  2.893  0.000
   56 C  -0.0400 -0.0944   1.140  2.900  0.000
   57 C   0.0027 -0.0136   1.182  2.815  0.000
   58 C  -0.0429 -0.1498   1.124  2.919  0.000
   59 C  -0.0892 -0.2407   1.095  2.994  0.000
   60 C  -0.0449 -0.0956   1.144  2.900  0.000
   61 C  -0.0276 -0.0202   1.174  2.853  0.000
   62 S   0.1114  0.0687   1.887  3.952  0.049
   63 C  -0.0520 -0.0342   1.170  2.882  0.000
   64 C  -0.0029  0.0672   1.163  2.840  0.000
   65 N  -0.0823 -0.3396   1.262  3.820  0.000
   66 C   0.0240  0.0937   1.186  2.790  0.000
   67 C   0.0226  0.0921   1.182  2.796  0.000
   68 N  -0.0828 -0.3407   1.262  3.821  0.000
   69 C  -0.0045  0.0658   1.166  2.839  0.000
   70 C  -0.0496 -0.0318   1.160  2.889  0.000
   71 S   0.1141  0.0787   1.890  3.944  0.053
   72 C   0.0310 -0.0179   1.146  2.823  0.000
   73 C  -0.0821 -0.2298   1.094  2.988  0.000
   74 C   0.0314 -0.0180   1.146  2.823  0.000
   75 C  -0.0850 -0.2324   1.095  2.990  0.000
   76 C  -0.0268 -0.0800   1.144  2.883  0.000
   77 C  -0.0243 -0.0811   1.127  2.897  0.000
   78 C  -0.0239 -0.0809   1.151  2.873  0.000
   79 C  -0.0112 -0.0684   1.128  2.883  0.000
   80 C  -0.0087 -0.0612   1.158  2.850  0.000
   81 C  -0.0225 -0.0252   1.174  2.849  0.000
   82 C   0.1326  0.1673   1.175  2.692  0.000
   83 O  -0.2287 -0.2779   1.628  4.601  0.000
   84 C  -0.0219 -0.0239   1.188  2.834  0.000
   85 C  -0.0301 -0.0804   1.145  2.885  0.000
   86 C   0.0211  0.0032   1.183  2.796  0.000
   87 C  -0.0803 -0.2258   1.079  3.001  0.000
   88 C  -0.0345 -0.0886   1.140  2.894  0.000
   89 C  -0.0254 -0.0780   1.146  2.879  0.000
   90 C  -0.0134 -0.0169   1.170  2.843  0.000
   91 C   0.0186  0.0180   1.197  2.785  0.000
   92 C  -0.0018  0.0045   1.114  2.888  0.000
   93 C   0.1028  0.2201   1.172  2.725  0.000
   94 N  -0.2284 -0.3644   1.641  3.587  0.000
   95 C   0.0966  0.2155   1.172  2.731  0.000
   96 N  -0.2198 -0.3494   1.642  3.577  0.000
   97 H   0.0677  0.1332   0.932  0.000  0.000
   98 H   0.0482  0.1094   0.952  0.000  0.000
   99 H   0.0426  0.1020   0.957  0.000  0.000
  100 H   0.0429  0.1023   0.957  0.000  0.000
  101 H   0.0438  0.1038   0.956  0.000  0.000
  102 H   0.0524  0.1091   0.948  0.000  0.000
  103 H   0.0532  0.1169   0.947  0.000  0.000
  104 H   0.0361  0.0959   0.964  0.000  0.000
  105 H   0.0417  0.0982   0.958  0.000  0.000
  106 H   0.0362  0.0936   0.964  0.000  0.000
  107 H   0.0369  0.0927   0.963  0.000  0.000
  108 H   0.0358  0.0917   0.964  0.000  0.000
  109 H   0.0327  0.0843   0.967  0.000  0.000
  110 H   0.0310  0.0840   0.969  0.000  0.000
  111 H   0.0287  0.0813   0.971  0.000  0.000
  112 H   0.0361  0.0974   0.964  0.000  0.000
  113 H   0.0402  0.0989   0.960  0.000  0.000
  114 H   0.0428  0.0993   0.957  0.000  0.000
  115 H   0.0376  0.0950   0.962  0.000  0.000
  116 H   0.0364  0.0922   0.964  0.000  0.000
  117 H   0.0370  0.0928   0.963  0.000  0.000
  118 H   0.0310  0.0840   0.969  0.000  0.000
  119 H   0.0288  0.0814   0.971  0.000  0.000
  120 H   0.0337  0.0853   0.966  0.000  0.000
  121 H   0.0369  0.0982   0.963  0.000  0.000
  122 H   0.0598  0.1301   0.940  0.000  0.000
  123 H   0.0510  0.1190   0.949  0.000  0.000
  124 H   0.0332  0.0881   0.967  0.000  0.000
  125 H   0.0457  0.0982   0.954  0.000  0.000
  126 H   0.0350  0.0915   0.965  0.000  0.000
  127 H   0.0597  0.1296   0.940  0.000  0.000
  128 H   0.0505  0.1189   0.949  0.000  0.000
  129 H   0.0525  0.1108   0.947  0.000  0.000
  130 H   0.0320  0.0865   0.968  0.000  0.000
  131 H   0.0329  0.0908   0.967  0.000  0.000
  132 H   0.0572  0.1174   0.943  0.000  0.000
  133 H   0.0436  0.1011   0.956  0.000  0.000
  134 H   0.0386  0.1042   0.961  0.000  0.000
  135 H   0.0426  0.1074   0.957  0.000  0.000
  136 H   0.0469  0.1133   0.953  0.000  0.000
  137 H   0.0453  0.1045   0.955  0.000  0.000
  138 H   0.0427  0.0956   0.957  0.000  0.000
  139 H   0.0453  0.0975   0.955  0.000  0.000
  140 H   0.0418  0.0946   0.958  0.000  0.000
  141 H   0.0423  0.0998   0.958  0.000  0.000
  142 H   0.0523  0.1159   0.948  0.000  0.000
 Hirshfeld charges for QMDFF written to <charges>
 
 Loewdin charges    n(s)   n(p)   n(d)
    1 C   0.0123   1.107  2.881  0.000
    2 C  -0.0132   1.145  2.868  0.000
    3 C   0.1326   1.141  2.726  0.000
    4 O  -0.2127   1.596  4.617  0.000
    5 C  -0.0472   1.144  2.903  0.000
    6 C   0.0928   1.125  2.782  0.000
    7 O  -0.0782   1.406  4.672  0.000
    8 C   0.0038   1.017  2.980  0.000
    9 C  -0.0410   1.086  2.955  0.000
   10 C  -0.0042   1.083  2.921  0.000
   11 C  -0.0355   1.088  2.948  0.000
   12 C  -0.0001   1.129  2.871  0.000
   13 C   0.0327   1.152  2.816  0.000
   14 C   0.0101   1.076  2.914  0.000
   15 C   0.0957   1.136  2.768  0.000
   16 N  -0.1909   1.603  3.588  0.000
   17 C   0.0956   1.136  2.768  0.000
   18 N  -0.1907   1.603  3.588  0.000
   19 C   0.0260   1.103  2.871  0.000
   20 C   0.0817   1.124  2.794  0.000
   21 F  -0.0945   1.658  5.437  0.000
   22 C   0.0784   1.124  2.798  0.000
   23 F  -0.0930   1.657  5.436  0.000
   24 C   0.0249   1.110  2.865  0.000
   25 C   0.0785   1.124  2.797  0.000
   26 F  -0.0980   1.659  5.439  0.000
   27 C   0.0914   1.121  2.787  0.000
   28 F  -0.0895   1.657  5.433  0.000
   29 C  -0.0193   1.130  2.890  0.000
   30 C  -0.0225   1.126  2.897  0.000
   31 C   0.0131   1.120  2.867  0.000
   32 C  -0.0407   1.087  2.954  0.000
   33 C  -0.0227   1.081  2.941  0.000
   34 C  -0.0378   1.086  2.952  0.000
   35 C   0.0097   1.139  2.852  0.000
   36 C  -0.0377   1.063  2.975  0.000
   37 C  -0.0913   1.023  3.069  0.000
   38 C  -0.0414   1.091  2.950  0.000
   39 C  -0.0369   1.130  2.907  0.000
   40 S   0.0811   1.879  3.933  0.107
   41 C  -0.0329   1.121  2.912  0.000
   42 C  -0.0201   1.115  2.905  0.000
   43 C   0.0104   1.169  2.820  0.000
   44 C   0.0089   1.170  2.821  0.000
   45 N  -0.1663   1.495  3.672  0.000
   46 S   0.1680   1.903  3.713  0.216
   47 N  -0.1619   1.494  3.668  0.000
   48 C  -0.0230   1.114  2.909  0.000
   49 C  -0.0302   1.126  2.905  0.000
   50 S   0.0834   1.880  3.932  0.105
   51 C  -0.0346   1.131  2.903  0.000
   52 C  -0.0266   1.133  2.893  0.000
   53 C   0.0118   1.120  2.868  0.000
   54 C  -0.0382   1.089  2.950  0.000
   55 C  -0.0207   1.081  2.940  0.000
   56 C  -0.0360   1.087  2.949  0.000
   57 C   0.0108   1.139  2.850  0.000
   58 C  -0.0373   1.062  2.975  0.000
   59 C  -0.0906   1.023  3.068  0.000
   60 C  -0.0438   1.093  2.951  0.000
   61 C  -0.0066   1.130  2.877  0.000
   62 S   0.0708   1.874  3.949  0.106
   63 C  -0.0293   1.126  2.903  0.000
   64 C  -0.0163   1.133  2.884  0.000
   65 N  -0.0384   1.220  3.818  0.000
   66 C   0.0136   1.155  2.832  0.000
   67 C   0.0108   1.151  2.839  0.000
   68 N  -0.0384   1.219  3.819  0.000
   69 C  -0.0169   1.135  2.882  0.000
   70 C  -0.0295   1.117  2.912  0.000
   71 S   0.0756   1.876  3.941  0.107
   72 C   0.0306   1.089  2.880  0.000
   73 C  -0.0844   1.021  3.063  0.000
   74 C   0.0315   1.089  2.879  0.000
   75 C  -0.0878   1.023  3.065  0.000
   76 C  -0.0186   1.090  2.929  0.000
   77 C  -0.0205   1.074  2.946  0.000
   78 C  -0.0121   1.096  2.916  0.000
   79 C  -0.0080   1.075  2.933  0.000
   80 C   0.0020   1.104  2.894  0.000
   81 C  -0.0302   1.136  2.895  0.000
   82 C   0.1239   1.141  2.735  0.000
   83 O  -0.2130   1.597  4.616  0.000
   84 C  -0.0235   1.147  2.876  0.000
   85 C  -0.0269   1.093  2.934  0.000
   86 C   0.0321   1.138  2.830  0.000
   87 C  -0.0823   1.005  3.077  0.000
   88 C  -0.0294   1.087  2.942  0.000
   89 C  -0.0197   1.092  2.928  0.000
   90 C  -0.0108   1.128  2.883  0.000
   91 C   0.0297   1.153  2.818  0.000
   92 C  -0.0139   1.073  2.941  0.000
   93 C   0.0970   1.138  2.765  0.000
   94 N  -0.2167   1.603  3.614  0.000
   95 C   0.0909   1.138  2.771  0.000
   96 N  -0.2089   1.604  3.605  0.000
   97 H   0.0553   0.945  0.000  0.000
   98 H   0.0444   0.956  0.000  0.000
   99 H   0.0398   0.960  0.000  0.000
  100 H   0.0400   0.960  0.000  0.000
  101 H   0.0362   0.964  0.000  0.000
  102 H   0.0431   0.957  0.000  0.000
  103 H   0.0436   0.956  0.000  0.000
  104 H   0.0289   0.971  0.000  0.000
  105 H   0.0339   0.966  0.000  0.000
  106 H   0.0292   0.971  0.000  0.000
  107 H   0.0334   0.967  0.000  0.000
  108 H   0.0325   0.968  0.000  0.000
  109 H   0.0326   0.967  0.000  0.000
  110 H   0.0306   0.969  0.000  0.000
  111 H   0.0285   0.972  0.000  0.000
  112 H   0.0291   0.971  0.000  0.000
  113 H   0.0328   0.967  0.000  0.000
  114 H   0.0348   0.965  0.000  0.000
  115 H   0.0304   0.970  0.000  0.000
  116 H   0.0330   0.967  0.000  0.000
  117 H   0.0335   0.966  0.000  0.000
  118 H   0.0306   0.969  0.000  0.000
  119 H   0.0286   0.971  0.000  0.000
  120 H   0.0334   0.967  0.000  0.000
  121 H   0.0297   0.970  0.000  0.000
  122 H   0.0548   0.945  0.000  0.000
  123 H   0.0448   0.955  0.000  0.000
  124 H   0.0338   0.966  0.000  0.000
  125 H   0.0448   0.955  0.000  0.000
  126 H   0.0343   0.966  0.000  0.000
  127 H   0.0545   0.945  0.000  0.000
  128 H   0.0444   0.956  0.000  0.000
  129 H   0.0505   0.949  0.000  0.000
  130 H   0.0331   0.967  0.000  0.000
  131 H   0.0328   0.967  0.000  0.000
  132 H   0.0480   0.952  0.000  0.000
  133 H   0.0354   0.965  0.000  0.000
  134 H   0.0322   0.968  0.000  0.000
  135 H   0.0331   0.967  0.000  0.000
  136 H   0.0377   0.962  0.000  0.000
  137 H   0.0361   0.964  0.000  0.000
  138 H   0.0416   0.958  0.000  0.000
  139 H   0.0441   0.956  0.000  0.000
  140 H   0.0409   0.959  0.000  0.000
  141 H   0.0342   0.966  0.000  0.000
  142 H   0.0425   0.957  0.000  0.000
 
 Wiberg/Mayer (AO) data. WBOs > 0.1 written file <wbo>
 largest (>0.05) Wiberg bond orders for each atom
           total WBO             WBO to atom ...
     1  C   3.933    C    2 1.676    C   19 1.065    H   97 0.922    O    4 0.054    C   14 0.054
     2  C   3.938    C    1 1.676    C   13 1.064    C    3 0.950    O    4 0.067
     3  C   3.916    O    4 1.806    C    5 1.017    C    2 0.950
     4  O   2.166    C    3 1.806    C    2 0.067    C    5 0.065    C    1 0.054
     5  C   3.939    C    6 1.306    C   12 1.270    C    3 1.017    C   10 0.083    O    4 0.065
     6  C   3.934    C    9 1.329    C    5 1.306    O    7 1.094    C   11 0.082
     7  O   2.288    C    6 1.094    C    8 0.985    C    9 0.057
     8  C   3.952    H   98 0.990    O    7 0.985    H   99 0.981    H  100 0.981
     9  C   3.955    C   10 1.448    C    6 1.329    H  101 0.944    C   12 0.089    O    7 0.057
    10  C   3.966    C    9 1.448    C   11 1.410    H  102 0.942    C    5 0.083
    11  C   3.961    C   10 1.410    C   12 1.382    H  103 0.938    C    6 0.082
    12  C   3.953    C   11 1.382    C    5 1.270    C   13 1.052    C    9 0.089
    13  C   3.939    C   14 1.500    C    2 1.064    C   12 1.052    N   18 0.096    N   16 0.095
    14  C   3.958    C   13 1.500    C   17 1.054    C   15 1.054    N   16 0.077    N   18 0.077    C    1 0.054
    15  C   3.941    N   16 2.796    C   14 1.054
    16  N   3.056    C   15 2.796    C   13 0.095    C   14 0.077
    17  C   3.940    N   18 2.798    C   14 1.054
    18  N   3.057    C   17 2.798    C   13 0.096    C   14 0.077
    19  C   3.937    C   20 1.309    C   27 1.304    C    1 1.065    C   24 0.088
    20  C   3.908    C   22 1.386    C   19 1.309    F   21 0.980    C   25 0.083
    21  F   1.110    C   20 0.980
    22  C   3.910    C   20 1.386    C   24 1.306    F   23 0.981    C   27 0.084
    23  F   1.110    C   22 0.981
    24  C   3.941    C   25 1.308    C   22 1.306    C   29 1.051    C   19 0.088
    25  C   3.908    C   27 1.387    C   24 1.308    F   26 0.978    C   20 0.083
    26  F   1.106    C   25 0.978
    27  C   3.915    C   25 1.387    C   19 1.304    F   28 0.985    C   22 0.084
    28  F   1.115    C   27 0.985
    29  C   3.905    C   30 1.477    S   71 1.097    C   24 1.051    C   70 0.074
    30  C   3.938    C   29 1.477    C   39 1.211    C   31 1.002    S   71 0.070
    31  C   3.956    C   38 1.378    C   32 1.365    C   30 1.002    C   34 0.103
    32  C   3.971    C   33 1.443    C   31 1.365    H  104 0.945    C   35 0.105
    33  C   3.972    C   32 1.443    C   34 1.425    H  105 0.944    C   38 0.104
    34  C   3.968    C   33 1.425    C   35 1.391    H  106 0.946    C   31 0.103
    35  C   3.949    C   38 1.400    C   34 1.391    C   36 0.981    C   32 0.105
    36  C   3.972    C   37 0.991    C   35 0.981    H  108 0.967    H  107 0.965
    37  C   3.983    C   36 0.991    H  111 0.985    H  110 0.984    H  109 0.980
    38  C   3.969    C   35 1.400    C   31 1.378    H  112 0.944    C   33 0.104
    39  C   3.910    C   70 1.369    C   30 1.211    S   40 1.078    C   41 0.056    S   71 0.052
    40  S   2.488    C   41 1.100    C   39 1.078    C   69 0.054    C   70 0.054
    41  C   3.927    C   69 1.348    C   42 1.207    S   40 1.100    C   39 0.056
    42  C   3.922    C   67 1.275    C   41 1.207    C   43 1.161    N   68 0.051
    43  C   3.930    N   47 1.429    C   42 1.161    C   44 1.109    S   46 0.074
    44  C   3.928    N   45 1.428    C   48 1.161    C   43 1.109    S   46 0.074
    45  N   3.068    C   44 1.428    S   46 1.277    N   47 0.201
    46  S   2.805    N   47 1.280    N   45 1.277    C   43 0.074    C   44 0.074
    47  N   3.071    C   43 1.429    S   46 1.280    N   45 0.201
    48  C   3.924    C   66 1.267    C   49 1.214    C   44 1.161
    49  C   3.906    C   64 1.331    C   48 1.214    S   50 1.100
    50  S   2.476    C   49 1.100    C   51 1.069    C   63 0.053    C   64 0.051
    51  C   3.913    C   63 1.326    C   52 1.267    S   50 1.069
    52  C   3.892    C   61 1.361    C   51 1.267    C   53 1.012    C   77 0.066    S   62 0.061
    53  C   3.955    C   60 1.371    C   54 1.360    C   52 1.012    C   56 0.101
    54  C   3.965    C   55 1.441    C   53 1.360    H  113 0.944    C   57 0.104
    55  C   3.971    C   54 1.441    C   56 1.427    H  114 0.944    C   60 0.104
    56  C   3.963    C   55 1.427    C   57 1.387    H  115 0.946    C   53 0.101
    57  C   3.949    C   60 1.404    C   56 1.387    C   58 0.981    C   54 0.104
    58  C   3.972    C   59 0.991    C   57 0.981    H  116 0.967    H  117 0.966
    59  C   3.983    C   58 0.991    H  119 0.985    H  118 0.984    H  120 0.980
    60  C   3.962    C   57 1.404    C   53 1.371    H  121 0.944    C   55 0.104
    61  C   3.905    C   52 1.361    C   76 1.236    S   62 1.066    C   63 0.055
    62  S   2.512    C   63 1.096    C   61 1.066    C   52 0.061
    63  C   3.908    C   51 1.326    C   64 1.241    S   62 1.096    C   61 0.055    S   50 0.053
    64  C   3.902    C   49 1.331    C   63 1.241    N   65 1.084    S   50 0.051
    65  N   3.443    C   66 1.108    C   64 1.084    C   74 0.943
    66  C   3.887    C   48 1.267    C   67 1.235    N   65 1.108
    67  C   3.899    C   42 1.275    C   66 1.235    N   68 1.102
    68  N   3.446    C   67 1.102    C   69 1.089    C   72 0.947    C   42 0.051
    69  C   3.900    C   41 1.348    C   70 1.217    N   68 1.089    S   40 0.054
    70  C   3.930    C   39 1.369    C   69 1.217    S   71 1.104    C   29 0.074    S   40 0.054
    71  S   2.519    C   70 1.104    C   29 1.097    C   30 0.070    C   39 0.052
    72  C   3.930    C   73 1.004    H  123 0.968    H  122 0.960    N   68 0.947
    73  C   3.980    C   72 1.004    H  126 0.981    H  124 0.979    H  125 0.975
    74  C   3.928    C   75 1.005    H  128 0.968    H  127 0.961    N   65 0.943
    75  C   3.979    C   74 1.005    H  131 0.980    H  130 0.978    H  129 0.968
    76  C   3.892    C   77 1.552    C   61 1.236    H  132 0.932    C   79 0.088
    77  C   3.929    C   76 1.552    C   78 1.264    H  133 0.938    C   52 0.066
    78  C   3.926    C   79 1.535    C   77 1.264    H  134 0.921    C   81 0.087
    79  C   3.912    C   78 1.535    C   80 1.281    H  135 0.933    C   76 0.088
    80  C   3.924    C   81 1.489    C   79 1.281    H  136 0.924
    81  C   3.874    C   80 1.489    C   91 1.113    C   82 1.005    C   78 0.087    O   83 0.066
    82  C   3.905    O   83 1.787    C   81 1.005    C   84 0.978
    83  O   2.136    C   82 1.787    C   81 0.066    C   84 0.060
    84  C   3.938    C   85 1.406    C   90 1.267    C   82 0.978    C   88 0.091    O   83 0.060
    85  C   3.964    C   84 1.406    C   86 1.375    H  137 0.944    C   89 0.089
    86  C   3.931    C   88 1.387    C   85 1.375    C   87 0.994    C   90 0.092
    87  C   3.982    C   86 0.994    H  138 0.976    H  140 0.975    H  139 0.966
    88  C   3.963    C   89 1.429    C   86 1.387    H  141 0.945    C   84 0.091
    89  C   3.958    C   88 1.429    C   90 1.380    H  142 0.937    C   85 0.089
    90  C   3.950    C   89 1.380    C   84 1.267    C   91 1.049    C   86 0.092
    91  C   3.929    C   92 1.448    C   81 1.113    C   90 1.049    N   94 0.089    N   96 0.089
    92  C   3.921    C   91 1.448    C   93 1.070    C   95 1.065    N   96 0.081    N   94 0.080
    93  C   3.937    N   94 2.768    C   92 1.070
    94  N   3.044    C   93 2.768    C   91 0.089    C   92 0.080
    95  C   3.938    N   96 2.781    C   92 1.065
    96  N   3.039    C   95 2.781    C   91 0.089    C   92 0.081
    97  H   0.991    C    1 0.922
    98  H   0.997    C    8 0.990
    99  H   0.998    C    8 0.981
   100  H   0.998    C    8 0.981
   101  H   0.996    C    9 0.944
   102  H   0.995    C   10 0.942
   103  H   0.995    C   11 0.938
   104  H   0.996    C   32 0.945
   105  H   0.995    C   33 0.944
   106  H   0.996    C   34 0.946
   107  H   0.998    C   36 0.965
   108  H   0.997    C   36 0.967
   109  H   0.997    C   37 0.980
   110  H   0.999    C   37 0.984
   111  H   0.999    C   37 0.985
   112  H   0.999    C   38 0.944
   113  H   0.996    C   54 0.944
   114  H   0.995    C   55 0.944
   115  H   0.996    C   56 0.946
   116  H   0.997    C   58 0.967
   117  H   0.998    C   58 0.966
   118  H   0.999    C   59 0.984
   119  H   0.999    C   59 0.985
   120  H   0.997    C   59 0.980
   121  H   0.999    C   60 0.944
   122  H   0.995    C   72 0.960
   123  H   0.996    C   72 0.968
   124  H   0.999    C   73 0.979
   125  H   0.997    C   73 0.975
   126  H   0.999    C   73 0.981
   127  H   0.995    C   74 0.961
   128  H   0.996    C   74 0.968
   129  H   0.996    C   75 0.968
   130  H   0.999    C   75 0.978
   131  H   0.999    C   75 0.980
   132  H   0.993    C   76 0.932
   133  H   0.995    C   77 0.938
   134  H   0.998    C   78 0.921
   135  H   0.996    C   79 0.933
   136  H   0.996    C   80 0.924
   137  H   0.996    C   85 0.944
   138  H   0.997    C   87 0.976
   139  H   0.995    C   87 0.966
   140  H   0.996    C   87 0.975
   141  H   0.996    C   88 0.945
   142  H   0.994    C   89 0.937
 
 --------------------------------------------
          xTB calculation for sTDA...
 --------------------------------------------
 
 reading parameter file /ihome/ghutchison/blp62/xtb4stda/.param_stda2.xtb
 
      method parameters     
 k(s)        :  1.6000
 k(p)        :  2.1800
 k(d)        :  1.9500
 k(f)        :  2.0000
 k(R-V)      :  2.2750
 k(R-R)      :  1.7650
 Tscal       :  0.2580
 Gscal       :  1.0000
 fpol        :  1.0000
 Zcnf        :  0.3430
 Zqf         :  0.0000
 kcn         :  2.7000
 Ryd Hsplit  :  0.7000
 lshift(virt):  3.1000
 lshift(OS)  :  0.2000
 wllscaling  :  2.6000
 
 mowrcut     : 3.000
 
  Z AO/shell   Hii/eV     exponent
  1     Sun Feb 14 09:53:25 CET 2016    EN: 2.327 GAM: 0.473  GM3: 0.0000
     1s    -14.339618    1.220000
     2sp    -3.348946    0.600000
  6     Sun Feb 14 09:53:25 CET 2016    EN: 2.731 GAM: 0.422  GM3: 0.0000
     2s    -22.009312    1.565095
     2p    -13.020408    1.596905
     3sp    -3.914040    0.824500
  7     Sun Feb 14 09:53:25 CET 2016    EN: 3.573 GAM: 0.504  GM3: 0.0000
     2s    -25.722000    2.064844
     2p    -18.684912    1.801692
     3sp    -4.344791    0.921400
  8     Sun Feb 14 09:53:25 CET 2016    EN: 3.700 GAM: 0.587  GM3: 0.0000
     2s    -33.859000    2.418661
     2p    -22.175911    1.973969
     3sp    -4.259392    1.013700
  9     Sun Feb 21 12:20:01 CET 2016    EN: 3.394 GAM: 0.600  GM3: 0.0000
     2s    -26.548112    1.943768
     2p    -23.081168    2.552035
     3sp    -1.937199    1.103200
 16     Sun Feb 21 16:35:57 CET 2016    EN: 1.915 GAM: 0.200  GM3: 0.0000
     3s    -17.898811    2.619580
     3p    -15.317401    1.798798
     4sp    -4.455139    0.843200
 
 Nbf   :          998
 T(el) :     0.0
 calculating S/T integrals ...
 cpu time for ints    2.20518300000000     
 Nao   :          998
 making H0...
 making H1...
 cpu time for H      2.192499999999997E-002
 solving ...
 cpu time for diag    2.38826000000000     
 
 gap (eV)           :   4.282
 Koopmans IP (eV)   :  13.354
 Eel (Eh)           :  -406.039116

          eigenvalues
 #    :         221        222        223        224        225        226        227        228
 occ. :        2.000      2.000      2.000      2.000      2.000      2.000      2.000      2.000
 eps  :       -16.098    -16.034    -15.918    -15.815    -15.759    -15.623    -15.526    -15.115
 #    :         229        230        231        232        233        234        235        236
 occ. :        2.000      2.000      2.000      2.000      2.000      0.000      0.000      0.000
 eps  :       -14.999    -14.313    -14.207    -13.777    -13.355     -9.072     -9.012     -8.463
 #    :         237        238        239        240        241        242        243        244
 occ. :        0.000      0.000      0.000      0.000      0.000      0.000      0.000      0.000
 eps  :        -8.437     -7.297     -7.084     -6.683     -6.275     -6.211     -6.105     -5.915
                            1  SCC done.
 writing mo output ...
 molden style : F
 
speedup  3.41
cpu  time for all    6.66 s
wall time for all    1.96 s
