 
        ______________________________________
       |                                      |
       |          ===================         |
       |             xTB for sTDA             |
       |          ===================         |
       |               S. Grimme              |
       |        Universitaet Bonn, MCTC       |
       |         2015-19, Version 1.0         |
       |     Wed Apr  3 09:14:55 CEST 2019    |
       |______________________________________|
 
        This code comes without any warranty
        for non-commercial, academia use only.
        Preliminary test version.
        Cite this work as:
        S. Grimme  &  C. Bannwarth, JCP 145 (2016) 054103
        if GBSA is used additionally:
        P. Shushkov, F. März, C. Bannwarth, S. Grimme, unpublished.
 
        with help from
        P. Shushkov, G. Brandenburg, S. Dohm, J. Pisarek,
        F. März, M. Checinski, S. Ehrlich, S. Spicher, 
        P. Pracht, E. Caldeweyher, S. Ehlert, and C. Bannwarth.
 
        usage        :
        xtb4stda <coord_file> [options]
        where <coord_file> is a valid file of TM)
        (*coord, Bohr) or xmol (*xyz, Angstroem)
        format.

        options:
        -chrg <int>   : molecular charge
        -uhf  <int>   : # of unpaired electrons(=2*S)
        -nox          : skip second, extended part in sTDA-xTB
        -pop          : do population analysis
                      : (default for -nox)
        -mowr <real>  : cut MO write above (def.3 Eh)
        -molden       : write formatted molden file
        -parx <file>  : read parameters for sTDA-xTB
                        calc (def:~/.param_stda2.xtb)
        -parv <file>  : read parameters for vTB part in
                        sTDA-xTB (def: ~/.param_stda1.xtb)
        -xtemp <real> : el. temp for xTB (def. 0 K)
        -etemp <real> : el. temp for GFN (def. 300 K)
        -fod          : calculate the FOD and write
                        molden.input file with
                        appropriate occupations
                        for plotting. Def. T=12500 K
 
        -acc <real>   : xTB accuracy (def. 1.0)
        -gbsa [string1] [string2]
                        use GBSA implicit solvent
                        for solvent [string1] and
                        solvation state [string2]=
                        reference, bar1M (default=1M)
        additional GFN/opt/MD/siman options read from
        $XTB4STDAHOME/.xtb4stdarc or $set in input
 
       spin and charge state information can be on:
       <.CHRG> (charge) and <.UHF> (=nalpha-nbeta)
       -uhf and -chrg override the file info.
       useful machine settings:
       setenv MKL_NUM_THREADS <NCORE_ON_YOUR_MACHINE>
       setenv OMP_STACKSIZE 500m
       limit stacksize unlimited
 
       total energies in Eh, gaps/HL energies in eV
       please read REVISION and HOWTO files carefully
 =============================
  # OMP threads =           8
 =============================
 
 xtb4stdahome directory:/ihome/ghutchison/blp62/xtb4stda/
 
 
 name of molecule           :
 comment line               :
 number of atoms            :   241
 number of electrons        :   766
 charge                     :  0
 spin                       : 0.0
 first test random number   :  0.4671
 
 -----------------------------------------
      charge density (VTB) calculation
 -----------------------------------------
 
      method parameters     
 k(s)        :  1.8000
 k(p)        :  2.8350
 k(d)        :  2.0860
 k(f)        :  2.0000
 Tscal       :  0.3300
 Gscal       :  0.3910
 fpol        :  1.0000
 Zcnf        :  0.6500
 Zqf         :  0.0000
 kcn         :  0.3000
 kEN1        : -0.5900
 wllscal     :  2.6000
 
     -------------------------
     ! NO SOLVENT MODEL USED !
     -------------------------
 
 doing EN charges ...
 sum q : -0.2220446D-14
 point charge moment (au)
     X       Y       Z   
  -0.0619   0.5675  -0.6594  total (Debye):    2.217
 
            Z      q(EN)   CN      Cart. coordinates
     1  C   4.0  -0.072   3.218    11.78528   -15.31585    -1.82850
     2  C   4.0  -0.005   3.300    14.01893   -16.19193    -0.86417
     3  C   4.0   0.100   3.233    15.37632   -18.26930    -2.15240
     4  O   6.0  -0.103   1.050    14.52538   -19.73290    -3.69782
     5  C   4.0  -0.007   3.366    18.01551   -18.09186    -1.24401
     6  C   4.0  -0.057   3.146    20.09194   -19.47589    -2.08153
     7  C   4.0   0.003   3.500    22.33032   -18.82904    -0.93239
     8  C   4.0   0.003   3.502    22.50456   -16.93516     0.90858
     9  C   4.0  -0.058   3.152    20.47083   -15.56605     1.76897
    10  C   4.0  -0.007   3.370    18.17708   -16.20572     0.63249
    11  C   4.0  -0.010   3.353    15.63597   -15.23535     1.10606
    12  C   4.0  -0.042   3.157    14.84153   -14.08318     3.29493
    13  C   4.0   0.230   2.208    12.25941   -13.85925     3.90852
    14  N   5.0  -0.215   1.038    10.17051   -13.79216     4.49660
    15  C   4.0   0.238   2.145    16.47236   -13.17744     5.18295
    16  N   5.0  -0.216   1.030    17.74075   -12.35446     6.74216
    17  C   4.0  -0.105   4.489    25.31590   -17.28929     1.22568
    18  C   4.0  -0.102   4.332    26.18140   -18.75232     3.59483
    19  C   4.0  -0.062   3.279    28.83646   -19.58739     2.95194
    20  C   4.0  -0.062   3.279    28.66941   -21.38905     1.21604
    21  C   4.0  -0.102   4.332    25.89869   -21.80139     0.65630
    22  C   4.0  -0.169   4.319    24.77601   -21.26773     3.27527
    23  C   4.0  -0.105   4.486    25.12050   -19.40938    -0.81995
    24  C   4.0  -0.075   3.238    10.72457   -12.90154    -1.56998
    25  C   4.0   0.086   3.473     8.44046   -12.07138    -2.64562
    26  N   5.0  -0.316   3.241     6.64276   -13.62285    -3.65870
    27  C   4.0   0.081   3.305     5.04122   -12.68989    -5.56354
    28  C   4.0  -0.072   3.212     6.04070   -11.28412    -7.55210
    29  C   4.0  -0.074   3.186     4.47260   -10.36666    -9.42312
    30  C   4.0   0.008   3.152     1.88821   -10.83418    -9.37417
    31  C   4.0  -0.253   4.052     0.20012    -9.79445   -11.39316
    32  C   4.0  -0.074   3.183     0.91349   -12.25790    -7.39393
    33  C   4.0  -0.068   3.190     2.45872   -13.17895    -5.50458
    34  C   4.0   0.082   3.282     6.19509   -16.06305    -2.67888
    35  C   4.0  -0.068   3.190     6.31716   -16.51734    -0.09090
    36  C   4.0  -0.074   3.185     5.86401   -18.91559     0.82694
    37  C   4.0   0.008   3.151     5.25741   -20.89999    -0.78518
    38  C   4.0  -0.252   4.052     4.81805   -23.50649     0.22393
    39  C   4.0  -0.073   3.183     5.11076   -20.41490    -3.36163
    40  C   4.0  -0.068   3.189     5.57488   -18.02817    -4.31065
    41  C   4.0  -0.102   3.465     8.20765    -9.41707    -2.46382
    42  S   6.0   0.227   2.586     5.91522    -7.25485    -3.34633
    43  C   4.0  -0.087   3.333     7.67059    -4.79046    -1.97684
    44  C   4.0   0.082   3.478     9.84018    -5.63554    -0.76024
    45  N   5.0  -0.316   3.245    11.37766    -4.19840     0.77176
    46  C   4.0   0.079   3.315    13.85547    -5.03914     1.25931
    47  C   4.0  -0.068   3.192    14.71586    -5.24380     3.73769
    48  C   4.0  -0.074   3.187    17.08879    -6.20699     4.21919
    49  C   4.0   0.008   3.155    18.66199    -6.98216     2.25992
    50  C   4.0  -0.252   4.054    21.21198    -8.06667     2.83194
    51  C   4.0  -0.074   3.189    17.81369    -6.70796    -0.20692
    52  C   4.0  -0.074   3.232    15.43849    -5.74458    -0.71677
    53  C   4.0   0.084   3.291    10.40464    -2.16185     2.16827
    54  C   4.0  -0.071   3.213     7.98088    -2.22912     3.19005
    55  C   4.0  -0.075   3.194     6.99029    -0.11716     4.36016
    56  C   4.0   0.007   3.156     8.38868     2.09306     4.58259
    57  C   4.0  -0.253   4.054     7.25352     4.43368     5.69866
    58  C   4.0  -0.074   3.189    10.86460     2.08645     3.70481
    59  C   4.0  -0.069   3.201    11.87239    -0.00831     2.52071
    60  C   4.0  -0.105   3.483    10.16748    -8.25754    -1.16502
    61  S   6.0   0.238   2.727    12.45008   -10.38064    -0.23508
    62  C   4.0  -0.091   3.334     6.80226    -2.23328    -2.09117
    63  C   4.0  -0.019   3.438     8.23845    -0.10545    -2.58023
    64  C   4.0  -0.001   3.229    10.78145    -0.18727    -3.65322
    65  C   4.0  -0.077   3.205    12.56422     1.65068    -3.04813
    66  C   4.0  -0.072   3.146    14.97154     1.52047    -4.05252
    67  C   4.0  -0.074   3.183    15.62709    -0.41782    -5.67882
    68  C   4.0   0.007   3.192    13.85585    -2.23498    -6.35685
    69  C   4.0  -0.174   4.065    14.51064    -4.27494    -8.22087
    70  C   4.0  -0.242   4.027    14.03235    -3.36428   -10.92205
    71  C   4.0  -0.075   3.242    11.44494    -2.08966    -5.34830
    72  C   4.0  -0.106   3.492     6.86745     2.11555    -2.02484
    73  S   6.0   0.231   2.462     7.63052     5.32619    -2.12802
    74  C   4.0  -0.086   3.405     4.61225     6.04712    -1.08508
    75  C   4.0   0.008   3.421     3.14413     8.16021    -0.44125
    76  C   4.0   0.075   3.657     3.75470    10.75538    -0.32012
    77  C   4.0   0.075   3.657     1.86421    12.51509     0.50550
    78  N   5.0  -0.298   2.147     2.72026    14.86307     0.59999
    79  S   6.0   0.426   2.891     5.65217    14.86288    -0.27779
    80  N   5.0  -0.298   2.147     5.94224    11.86370    -0.81334
    81  C   4.0   0.008   3.421    -0.59961    11.62125     1.00949
    82  C   4.0  -0.086   3.398    -2.84460    12.91458     1.56280
    83  S   6.0   0.227   2.440    -3.92458    15.97272     2.00746
    84  C   4.0  -0.104   3.486    -7.00521    14.79164     2.31454
    85  C   4.0  -0.018   3.426    -9.36473    15.96233     2.59384
    86  C   4.0  -0.002   3.235    -9.70450    18.69581     2.40335
    87  C   4.0  -0.075   3.195    -8.15360    20.34970     3.73467
    88  C   4.0  -0.072   3.145    -8.49980    22.92540     3.48995
    89  C   4.0  -0.074   3.182   -10.37157    23.86781     1.92431
    90  C   4.0   0.008   3.188   -11.90508    22.24415     0.54424
    91  C   4.0  -0.174   4.063   -13.98662    23.23021    -1.11588
    92  C   4.0  -0.242   4.028   -16.57044    22.73114     0.08164
    93  C   4.0  -0.074   3.244   -11.53961    19.66298     0.78518
    94  C   4.0  -0.077   3.279   -11.31190    14.18069     2.71969
    95  S   6.0   0.233   2.862   -10.22077    11.08834     2.23725
    96  C   4.0  -0.090   3.405    -7.13674    12.15680     2.11479
    97  C   4.0   0.074   3.693    -4.76589    11.09779     1.65880
    98  N   5.0  -0.295   3.270    -3.79306     8.74320     1.22209
    99  C   4.0   0.100   3.454    -1.22605     9.00341     0.81768
   100  C   4.0   0.098   3.454     0.71356     7.23916     0.26210
   101  N   5.0  -0.293   3.270     0.75646     4.62095     0.12661
   102  C   4.0   0.075   3.691     3.10293     3.91872    -0.69334
   103  C   4.0  -0.098   3.420     4.39777     1.67108    -1.22001
   104  S   6.0   0.226   2.576     3.70953    -1.51518    -1.13932
   105  C   4.0  -0.099   4.090    -0.83601     2.76675     1.35474
   106  C   4.0  -0.239   4.027    -1.00023     3.23748     4.19519
   107  C   4.0  -0.099   4.093    -5.48814     6.69435     0.59678
   108  C   4.0  -0.239   4.029    -5.35700     6.02275    -2.20569
   109  C   4.0  -0.004   3.322   -13.94070    14.53010     3.17342
   110  C   4.0   0.027   3.212   -15.02691    16.61617     4.37056
   111  F   7.0  -0.028   1.088   -13.59166    18.35888     5.52442
   112  C   4.0   0.024   3.230   -17.62944    16.94725     4.48810
   113  F   7.0  -0.026   1.079   -18.48568    19.05826     5.59850
   114  C   4.0   0.005   3.223   -19.38292    15.18206     3.60768
   115  C   4.0   0.096   3.342   -18.34981    12.91590     2.59365
   116  N   5.0  -0.224   2.261   -19.87500    11.04507     1.82207
   117  C   4.0   0.108   3.304   -18.90444     8.89192     1.03028
   118  C   4.0   0.001   3.247   -20.69193     6.82852     0.58015
   119  C   4.0  -0.072   3.226   -23.09793     7.34272    -0.33845
   120  C   4.0   0.025   3.185   -24.83383     5.42389    -0.66802
   121  C   4.0   0.078   3.236   -24.30169     2.89997    -0.08277
   122  O   6.0  -0.137   2.068   -25.75999     0.84830    -0.39363
   123  C   4.0  -0.114   4.056   -28.44227     1.03292    -0.36377
   124  C   4.0  -0.240   4.012   -29.41869     1.73193     2.25123
   125  C   4.0   0.027   3.199   -21.85619     2.46930     0.86625
   126  C   4.0  -0.072   3.217   -20.09024     4.34051     1.20716
   127  F   7.0  -0.025   1.072   -21.23088     0.08579     1.46983
   128  F   7.0  -0.028   1.077   -27.11776     6.09059    -1.61326
   129  C   4.0   0.117   3.304   -16.24144     8.60695     0.79236
   130  N   5.0  -0.259   2.529   -14.74534    10.46058     1.49610
   131  C   4.0   0.103   3.384   -15.68832    12.60220     2.42641
   132  C   4.0  -0.000   3.247   -14.98723     6.38368    -0.29291
   133  C   4.0  -0.072   3.216   -15.80775     5.29331    -2.53450
   134  C   4.0   0.025   3.180   -14.50856     3.28434    -3.58141
   135  F   7.0  -0.025   1.071   -15.40901     2.35441    -5.78804
   136  C   4.0   0.078   3.232   -12.34823     2.24783    -2.46609
   137  O   6.0  -0.137   2.076   -10.88596     0.34374    -3.29058
   138  C   4.0  -0.112   4.058   -11.54301    -1.05314    -5.49249
   139  C   4.0  -0.240   4.012    -9.57260    -3.11918    -5.79125
   140  C   4.0   0.025   3.199   -11.60367     3.39149    -0.18689
   141  F   7.0  -0.025   1.073    -9.53934     2.45286     0.97680
   142  C   4.0  -0.073   3.219   -12.84352     5.40556     0.88175
   143  C   4.0  -0.063   3.178   -22.01058    15.82041     3.67495
   144  C   4.0  -0.003   3.285   -24.14692    14.41237     3.77340
   145  C   4.0   0.104   3.232   -26.59147    15.69247     3.08725
   146  O   6.0  -0.105   1.049   -26.90082    17.93199     2.77053
   147  C   4.0  -0.022   3.524   -28.42337    13.62870     2.82514
   148  C   4.0  -0.084   3.301   -30.97204    13.31747     2.14881
   149  C   4.0  -0.167   3.174   -31.67842    10.84589     2.32474
   150  S   6.0   0.236   2.511   -29.28943     8.86603     3.32970
   151  C   4.0  -0.103   3.403   -27.25419    11.37502     3.49202
   152  C   4.0  -0.010   3.344   -24.67963    11.76808     4.27116
   153  C   4.0  -0.038   3.142   -23.24382    10.00459     5.51951
   154  C   4.0   0.236   2.175   -24.09835     7.49390     5.72247
   155  N   5.0  -0.219   1.041   -24.79150     5.43863     5.80429
   156  C   4.0   0.242   2.157   -20.93023    10.50159     6.72572
   157  N   5.0  -0.217   1.036   -19.07489    10.83758     7.79871
   158  H   1.0   0.076   1.010    10.87178   -16.56798    -3.17039
   159  H   1.0   0.075   1.004    19.88559   -20.91284    -3.51281
   160  H   1.0   0.077   1.006    20.61502   -14.10265     3.17701
   161  H   1.0   0.088   1.004    26.48167   -15.64202     0.82600
   162  H   1.0   0.087   1.003    25.92987   -17.74547     5.36663
   163  H   1.0   0.078   1.002    30.51095   -18.73663     3.72238
   164  H   1.0   0.078   1.002    30.17647   -22.34355     0.24680
   165  H   1.0   0.087   1.003    25.39206   -23.57433    -0.24812
   166  H   1.0   0.086   1.003    25.35540   -22.66537     4.66951
   167  H   1.0   0.087   1.004    22.72717   -21.08991     3.28926
   168  H   1.0   0.088   1.004    26.15985   -19.17807    -2.58023
   169  H   1.0   0.076   1.007     8.05137   -10.93773    -7.62863
   170  H   1.0   0.075   1.005     5.27026    -9.28158   -10.95758
   171  H   1.0   0.081   0.999     1.12288    -9.87061   -13.22865
   172  H   1.0   0.080   0.999    -0.24321    -7.82290   -10.98989
   173  H   1.0   0.082   1.000    -1.56469   -10.84155   -11.48878
   174  H   1.0   0.075   1.005    -1.08980   -12.64359    -7.32155
   175  H   1.0   0.076   1.006     1.67732   -14.27272    -3.96956
   176  H   1.0   0.077   1.007     6.78317   -15.00688     1.19865
   177  H   1.0   0.075   1.005     5.97361   -19.24213     2.83818
   178  H   1.0   0.081   0.999     3.44969   -24.52014    -0.92691
   179  H   1.0   0.080   0.999     6.58267   -24.57059     0.19767
   180  H   1.0   0.081   0.999     4.14511   -23.43846     2.16430
   181  H   1.0   0.075   1.005     4.64249   -21.92857    -4.64835
   182  H   1.0   0.076   1.006     5.47170   -17.67782    -6.31924
   183  H   1.0   0.076   1.006    13.49321    -4.68444     5.27347
   184  H   1.0   0.075   1.005    17.71920    -6.41203     6.14879
   185  H   1.0   0.082   1.000    21.10484    -9.28687     4.48375
   186  H   1.0   0.082   1.000    21.93008    -9.14533     1.23645
   187  H   1.0   0.080   0.999    22.55067    -6.55640     3.24768
   188  H   1.0   0.075   1.005    19.01537    -7.27242    -1.75858
   189  H   1.0   0.077   1.008    14.79334    -5.54143    -2.64165
   190  H   1.0   0.076   1.008     6.86934    -3.93592     3.05418
   191  H   1.0   0.075   1.006     5.09073    -0.19464     5.10774
   192  H   1.0   0.080   1.000     6.49933     5.63233     4.19859
   193  H   1.0   0.082   1.000     8.66836     5.52140     6.71741
   194  H   1.0   0.081   1.000     5.71755     3.97050     6.98443
   195  H   1.0   0.075   1.005    12.00864     3.76377     3.91835
   196  H   1.0   0.077   1.007    13.78839     0.01455     1.81962
   197  H   1.0   0.076   1.012    12.07251     3.15660    -1.76614
   198  H   1.0   0.074   1.005    16.35029     2.94079    -3.55533
   199  H   1.0   0.075   1.005    17.51908    -0.51930    -6.43924
   200  H   1.0   0.081   1.003    16.49806    -4.79442    -8.01962
   201  H   1.0   0.081   1.004    13.36452    -5.95377    -7.85710
   202  H   1.0   0.081   0.999    12.05570    -2.85330   -11.16280
   203  H   1.0   0.081   0.998    14.50081    -4.83978   -12.27377
   204  H   1.0   0.081   0.999    15.18036    -1.70926   -11.33099
   205  H   1.0   0.077   1.008    10.04767    -3.47048    -5.90709
   206  H   1.0   0.075   1.007    -6.72478    19.61101     4.98831
   207  H   1.0   0.074   1.005    -7.31154    24.20947     4.53988
   208  H   1.0   0.075   1.005   -10.64294    25.88528     1.76576
   209  H   1.0   0.080   1.003   -13.90423    22.30538    -2.96120
   210  H   1.0   0.081   1.004   -13.74700    25.25808    -1.40293
   211  H   1.0   0.082   0.999   -16.65945    23.55600     1.96172
   212  H   1.0   0.081   1.000   -16.91078    20.70970     0.24850
   213  H   1.0   0.081   0.998   -18.06635    23.54750    -1.06675
   214  H   1.0   0.076   1.007   -12.69197    18.37324    -0.30595
   215  H   1.0   0.084   1.004    -2.70250     2.70155     0.48755
   216  H   1.0   0.083   1.012     0.04819     0.93088     1.02177
   217  H   1.0   0.082   0.999    -2.21325     1.82774     5.06503
   218  H   1.0   0.082   1.000     0.87135     3.10803     5.03536
   219  H   1.0   0.082   1.000    -1.75518     5.10491     4.60129
   220  H   1.0   0.084   1.014    -7.39072     7.35840     1.04143
   221  H   1.0   0.085   1.004    -5.13042     5.05502     1.78863
   222  H   1.0   0.082   1.000    -6.55074     4.39720    -2.58628
   223  H   1.0   0.082   0.999    -6.01594     7.60539    -3.33952
   224  H   1.0   0.083   1.000    -3.43325     5.58036    -2.77752
   225  H   1.0   0.077   1.007   -23.62120     9.25096    -0.82770
   226  H   1.0   0.081   1.001   -29.12049     2.36197    -1.79316
   227  H   1.0   0.081   1.001   -29.06210    -0.86701    -0.88401
   228  H   1.0   0.082   1.002   -28.67565     3.55457     2.84253
   229  H   1.0   0.081   0.999   -28.82380     0.32352     3.62279
   230  H   1.0   0.082   0.999   -31.46866     1.82283     2.22288
   231  H   1.0   0.078   1.008   -18.29141     3.85088     2.02579
   232  H   1.0   0.077   1.007   -17.44160     6.00498    -3.52302
   233  H   1.0   0.080   1.000   -13.42972    -1.87725    -5.27271
   234  H   1.0   0.080   1.000   -11.54396     0.19086    -7.14883
   235  H   1.0   0.082   0.999   -10.00137    -4.24640    -7.45119
   236  H   1.0   0.082   0.999    -9.56749    -4.33106    -4.13396
   237  H   1.0   0.081   0.999    -7.70555    -2.29073    -6.00082
   238  H   1.0   0.077   1.009   -12.17078     6.19906     2.63088
   239  H   1.0   0.073   1.010   -22.38078    17.83939     3.53568
   240  H   1.0   0.078   1.004   -32.20414    14.82528     1.57565
   241  H   1.0   0.076   1.014   -33.49785    10.04559     1.92998
 
  Z AO/shell   Hii/eV     exponent
  1     Sat Feb 20 21:38:01 CET 2016    EN: 2.327 GAM: 0.473  GM3: 0.0000
     1s    -13.751157    1.051071
  6     Sat Feb 20 21:38:01 CET 2016    EN: 2.731 GAM: 0.422  GM3: 0.0000
     2s    -19.378245    2.021003
     2p    -11.993376    1.497917
  7     Sat Feb 20 21:38:01 CET 2016    EN: 3.573 GAM: 0.504  GM3: 0.0000
     2s    -21.576984    2.275442
     2p    -16.125120    2.056788
  8     Sat Feb 20 21:38:01 CET 2016    EN: 3.700 GAM: 0.587  GM3: 0.0000
     2s    -21.648843    2.110798
     2p    -17.239740    2.329048
  9     Sat Feb 20 21:51:24 CET 2016    EN: 3.394 GAM: 0.669  GM3: 0.0000
     2s    -19.384211    2.614957
     2p    -19.426034    2.777297
 16     Sat Feb 20 23:13:41 CET 2016    EN: 1.915 GAM: 0.389  GM3: 0.0000
     3s    -22.000000    2.671470
     3p    -15.834192    1.836978
     3d     -2.593599    1.836978
 
 dipole moment of classical point charges (au)
     X       Y       Z   
  -0.0619   0.5675  -0.6594  total (Debye):    2.217

 
 Nbf   :          760
 T(el) :   300.0
 calculating S/T integrals ...
 cpu time for ints    1.19363900000000     
 Nao   :          752
 making H0...
 making H1...
 cpu time for H      0.227174000000000     
 solving ...
 cpu time for diag    2.04060900000000     
 
 gap (eV)           :   1.102
 Koopmans IP (eV)   :  11.598
 Eel (Eh)           :  -598.492121
 T,E(Fermi),NFOD :    300.000   -11.047  0.000000
 T,E(Fermi),NFOD :    300.000   -11.047  0.000000
 Nfod               :  0.0000
 Nfod/Nel           :  0.0000

          eigenvalues
 #    :         371        372        373        374        375        376        377        378
 occ. :        2.000      2.000      2.000      2.000      2.000      2.000      2.000      2.000
 eps  :       -14.413    -14.367    -14.084    -13.909    -13.867    -13.775    -13.582    -13.406
 #    :         379        380        381        382        383        384        385        386
 occ. :        2.000      2.000      2.000      2.000      2.000      0.000      0.000      0.000
 eps  :       -13.368    -12.920    -12.706    -12.261    -11.599    -10.498    -10.351     -9.756
 #    :         387        388        389        390        391        392        393        394
 occ. :        0.000      0.000      0.000      0.000      0.000      0.000      0.000      0.000
 eps  :        -9.719     -9.388     -9.149     -8.905     -8.876     -8.868     -8.789     -8.254
                            1  SCC done.
 making H1...
 cpu time for H       2.18380500000000     
 solving ...
 cpu time for diag   0.239326000000000     
 
 gap (eV)           :   1.534
 Koopmans IP (eV)   :  11.886
 Eel (Eh)           :  -597.485170
 T,E(Fermi),NFOD :    300.000   -11.119  0.000000
 T,E(Fermi),NFOD :    300.000   -11.119  0.000000
 Nfod               :  0.0000
 Nfod/Nel           :  0.0000

          eigenvalues
 #    :         371        372        373        374        375        376        377        378
 occ. :        2.000      2.000      2.000      2.000      2.000      2.000      2.000      2.000
 eps  :       -14.298    -14.152    -14.013    -13.968    -13.840    -13.686    -13.585    -13.523
 #    :         379        380        381        382        383        384        385        386
 occ. :        2.000      2.000      2.000      2.000      2.000      0.000      0.000      0.000
 eps  :       -13.318    -13.070    -12.842    -12.414    -11.887    -10.353     -9.927     -9.759
 #    :         387        388        389        390        391        392        393        394
 occ. :        0.000      0.000      0.000      0.000      0.000      0.000      0.000      0.000
 eps  :        -9.697     -9.272     -9.106     -8.859     -8.816     -8.772     -8.707     -8.308
                            2  SCC done.
 
 
 Mulliken/CM5 charges    n(s)   n(p)   n(d)   
    1 C  -0.0024 -0.0481   1.153  2.849  0.000
    2 C  -0.0332 -0.0350   1.173  2.860  0.000
    3 C   0.1363  0.1708   1.176  2.688  0.000
    4 O  -0.2391 -0.2847   1.628  4.611  0.000
    5 C  -0.0199 -0.0217   1.190  2.830  0.000
    6 C  -0.0196 -0.0690   1.151  2.869  0.000
    7 C  -0.0176 -0.0263   1.210  2.808  0.000
    8 C  -0.0179 -0.0267   1.209  2.809  0.000
    9 C  -0.0297 -0.0795   1.152  2.878  0.000
   10 C  -0.0056 -0.0089   1.177  2.828  0.000
   11 C   0.0178  0.0183   1.201  2.781  0.000
   12 C  -0.0011  0.0065   1.114  2.887  0.000
   13 C   0.0978  0.2189   1.173  2.729  0.000
   14 N  -0.2267 -0.3583   1.644  3.583  0.000
   15 C   0.0972  0.2158   1.171  2.732  0.000
   16 N  -0.2220 -0.3556   1.643  3.579  0.000
   17 C  -0.0298 -0.0850   1.219  2.811  0.000
   18 C  -0.0208 -0.0812   1.192  2.828  0.000
   19 C  -0.0476 -0.1062   1.166  2.881  0.000
   20 C  -0.0483 -0.1069   1.166  2.882  0.000
   21 C  -0.0213 -0.0817   1.193  2.829  0.000
   22 C  -0.0630 -0.1650   1.159  2.904  0.000
   23 C  -0.0315 -0.0867   1.220  2.811  0.000
   24 C  -0.0339 -0.0203   1.168  2.866  0.000
   25 C   0.0463  0.1161   1.180  2.774  0.000
   26 N  -0.1043 -0.3491   1.230  3.874  0.000
   27 C   0.0465  0.1019   1.174  2.780  0.000
   28 C  -0.0419 -0.0894   1.138  2.904  0.000
   29 C  -0.0433 -0.0972   1.136  2.907  0.000
   30 C   0.0016 -0.0164   1.177  2.822  0.000
   31 C  -0.0826 -0.2282   1.079  3.004  0.000
   32 C  -0.0427 -0.0968   1.137  2.906  0.000
   33 C  -0.0361 -0.0845   1.137  2.899  0.000
   34 C   0.0457  0.0986   1.175  2.779  0.000
   35 C  -0.0401 -0.0885   1.138  2.902  0.000
   36 C  -0.0396 -0.0938   1.137  2.903  0.000
   37 C   0.0028 -0.0153   1.176  2.821  0.000
   38 C  -0.0824 -0.2280   1.079  3.004  0.000
   39 C  -0.0428 -0.0970   1.136  2.906  0.000
   40 C  -0.0392 -0.0880   1.136  2.903  0.000
   41 C  -0.0486 -0.0291   1.161  2.887  0.000
   42 S   0.1033  0.0700   1.894  3.950  0.053
   43 C  -0.0517 -0.0353   1.172  2.880  0.000
   44 C   0.0359  0.1043   1.167  2.797  0.000
   45 N  -0.1168 -0.3606   1.227  3.889  0.000
   46 C   0.0429  0.0982   1.176  2.781  0.000
   47 C  -0.0367 -0.0848   1.138  2.899  0.000
   48 C  -0.0389 -0.0927   1.137  2.902  0.000
   49 C   0.0025 -0.0154   1.177  2.821  0.000
   50 C  -0.0846 -0.2301   1.080  3.005  0.000
   51 C  -0.0476 -0.1014   1.138  2.910  0.000
   52 C  -0.0452 -0.0927   1.140  2.905  0.000
   53 C   0.0450  0.1003   1.174  2.781  0.000
   54 C  -0.0484 -0.0962   1.139  2.909  0.000
   55 C  -0.0505 -0.1044   1.138  2.913  0.000
   56 C  -0.0027 -0.0208   1.177  2.826  0.000
   57 C  -0.0840 -0.2295   1.080  3.004  0.000
   58 C  -0.0431 -0.0975   1.137  2.906  0.000
   59 C  -0.0381 -0.0869   1.137  2.901  0.000
   60 C  -0.0480 -0.0281   1.174  2.874  0.000
   61 S   0.1038  0.0688   1.893  3.954  0.049
   62 C  -0.0390 -0.0253   1.175  2.864  0.000
   63 C  -0.0226 -0.0216   1.168  2.855  0.000
   64 C   0.0066  0.0000   1.165  2.828  0.000
   65 C  -0.0365 -0.0899   1.140  2.897  0.000
   66 C  -0.0283 -0.0848   1.136  2.892  0.000
   67 C  -0.0413 -0.0960   1.139  2.902  0.000
   68 C  -0.0030 -0.0202   1.183  2.820  0.000
   69 C  -0.0447 -0.1519   1.125  2.919  0.000
   70 C  -0.0900 -0.2414   1.095  2.995  0.000
   71 C  -0.0535 -0.1044   1.145  2.908  0.000
   72 C  -0.0575 -0.0432   1.173  2.885  0.000
   73 S   0.1216  0.0867   1.893  3.932  0.053
   74 C  -0.0534 -0.0318   1.166  2.887  0.000
   75 C  -0.0152 -0.0024   1.154  2.861  0.000
   76 C   0.0151  0.1031   1.204  2.781  0.000
   77 C   0.0157  0.1038   1.204  2.780  0.000
   78 N  -0.2020 -0.3636   1.531  3.671  0.000
   79 S   0.2311  0.3656   1.910  3.707  0.152
   80 N  -0.2066 -0.3682   1.531  3.675  0.000
   81 C  -0.0141 -0.0010   1.152  2.862  0.000
   82 C  -0.0503 -0.0283   1.168  2.882  0.000
   83 S   0.1198  0.0872   1.894  3.935  0.052
   84 C  -0.0537 -0.0394   1.174  2.880  0.000
   85 C  -0.0165 -0.0157   1.170  2.847  0.000
   86 C   0.0088  0.0025   1.164  2.827  0.000
   87 C  -0.0338 -0.0864   1.138  2.896  0.000
   88 C  -0.0273 -0.0835   1.136  2.891  0.000
   89 C  -0.0408 -0.0952   1.139  2.901  0.000
   90 C  -0.0005 -0.0167   1.182  2.818  0.000
   91 C  -0.0439 -0.1507   1.125  2.919  0.000
   92 C  -0.0904 -0.2418   1.095  2.995  0.000
   93 C  -0.0486 -0.0989   1.144  2.904  0.000
   94 C  -0.0290 -0.0140   1.178  2.851  0.000
   95 S   0.0984  0.0693   1.894  3.946  0.061
   96 C  -0.0575 -0.0398   1.177  2.880  0.000
   97 C  -0.0046  0.0652   1.167  2.837  0.000
   98 N  -0.0812 -0.3402   1.271  3.810  0.000
   99 C   0.0219  0.0911   1.185  2.793  0.000
  100 C   0.0219  0.0901   1.184  2.794  0.000
  101 N  -0.0848 -0.3436   1.276  3.809  0.000
  102 C  -0.0088  0.0609   1.168  2.841  0.000
  103 C  -0.0490 -0.0315   1.161  2.888  0.000
  104 S   0.1006  0.0638   1.891  3.956  0.052
  105 C   0.0281 -0.0213   1.148  2.824  0.000
  106 C  -0.0830 -0.2301   1.093  2.990  0.000
  107 C   0.0287 -0.0202   1.147  2.824  0.000
  108 C  -0.0841 -0.2311   1.093  2.991  0.000
  109 C   0.0315  0.0396   1.159  2.810  0.000
  110 C   0.0998  0.1197   1.160  2.740  0.000
  111 F  -0.1124 -0.1371   1.676  5.437  0.000
  112 C   0.1073  0.1265   1.169  2.724  0.000
  113 F  -0.1094 -0.1344   1.675  5.435  0.000
  114 C   0.0182  0.0224   1.151  2.831  0.000
  115 C   0.0519  0.1334   1.182  2.766  0.000
  116 N  -0.1861 -0.3794   1.477  3.709  0.000
  117 C   0.0700  0.1529   1.197  2.733  0.000
  118 C   0.0016  0.0007   1.153  2.845  0.000
  119 C  -0.0342 -0.0797   1.135  2.900  0.000
  120 C   0.0777  0.0931   1.167  2.755  0.000
  121 C   0.1049  0.1323   1.144  2.751  0.000
  122 O  -0.1364 -0.2195   1.450  4.686  0.000
  123 C   0.0464 -0.0367   1.134  2.820  0.000
  124 C  -0.0840 -0.2328   1.091  2.993  0.000
  125 C   0.0889  0.1063   1.159  2.753  0.000
  126 C  -0.0361 -0.0836   1.135  2.901  0.000
  127 F  -0.1268 -0.1494   1.678  5.448  0.000
  128 F  -0.1406 -0.1669   1.684  5.457  0.000
  129 C   0.0758  0.1590   1.198  2.726  0.000
  130 N  -0.1765 -0.3737   1.466  3.711  0.000
  131 C   0.0524  0.1351   1.187  2.761  0.000
  132 C   0.0062  0.0043   1.153  2.841  0.000
  133 C  -0.0318 -0.0797   1.134  2.898  0.000
  134 C   0.0757  0.0906   1.165  2.759  0.000
  135 F  -0.1376 -0.1636   1.682  5.455  0.000
  136 C   0.0966  0.1234   1.144  2.759  0.000
  137 O  -0.1440 -0.2271   1.447  4.697  0.000
  138 C   0.0524 -0.0301   1.133  2.815  0.000
  139 C  -0.0774 -0.2267   1.087  2.991  0.000
  140 C   0.0790  0.0951   1.161  2.760  0.000
  141 F  -0.1360 -0.1610   1.681  5.455  0.000
  142 C  -0.0294 -0.0761   1.134  2.895  0.000
  143 C   0.0090 -0.0361   1.154  2.837  0.000
  144 C  -0.0169 -0.0184   1.183  2.834  0.000
  145 C   0.1462  0.1812   1.177  2.677  0.000
  146 O  -0.2172 -0.2636   1.626  4.591  0.000
  147 C  -0.0628 -0.0625   1.196  2.867  0.000
  148 C  -0.0448 -0.0958   1.136  2.908  0.000
  149 C  -0.0500 -0.0894   1.146  2.904  0.000
  150 S   0.1770  0.1383   1.879  3.889  0.055
  151 C  -0.0440 -0.0296   1.182  2.862  0.000
  152 C   0.0316  0.0343   1.190  2.779  0.000
  153 C   0.0137  0.0237   1.114  2.872  0.000
  154 C   0.0945  0.2157   1.172  2.734  0.000
  155 N  -0.2134 -0.3452   1.643  3.570  0.000
  156 C   0.1050  0.2285   1.167  2.728  0.000
  157 N  -0.2157 -0.3440   1.643  3.573  0.000
  158 H   0.0670  0.1342   0.933  0.000  0.000
  159 H   0.0496  0.1080   0.950  0.000  0.000
  160 H   0.0514  0.1145   0.949  0.000  0.000
  161 H   0.0461  0.1048   0.954  0.000  0.000
  162 H   0.0462  0.1039   0.954  0.000  0.000
  163 H   0.0467  0.1029   0.953  0.000  0.000
  164 H   0.0465  0.1027   0.953  0.000  0.000
  165 H   0.0452  0.1029   0.955  0.000  0.000
  166 H   0.0375  0.0943   0.962  0.000  0.000
  167 H   0.0368  0.0962   0.963  0.000  0.000
  168 H   0.0462  0.1049   0.954  0.000  0.000
  169 H   0.0389  0.1009   0.961  0.000  0.000
  170 H   0.0393  0.0968   0.961  0.000  0.000
  171 H   0.0412  0.0939   0.959  0.000  0.000
  172 H   0.0422  0.0944   0.958  0.000  0.000
  173 H   0.0401  0.0930   0.960  0.000  0.000
  174 H   0.0399  0.0973   0.960  0.000  0.000
  175 H   0.0422  0.1038   0.958  0.000  0.000
  176 H   0.0450  0.1107   0.955  0.000  0.000
  177 H   0.0421  0.0998   0.958  0.000  0.000
  178 H   0.0395  0.0922   0.961  0.000  0.000
  179 H   0.0438  0.0960   0.956  0.000  0.000
  180 H   0.0403  0.0932   0.960  0.000  0.000
  181 H   0.0398  0.0972   0.960  0.000  0.000
  182 H   0.0399  0.1014   0.960  0.000  0.000
  183 H   0.0408  0.1022   0.959  0.000  0.000
  184 H   0.0426  0.1012   0.957  0.000  0.000
  185 H   0.0463  0.1024   0.954  0.000  0.000
  186 H   0.0374  0.0905   0.963  0.000  0.000
  187 H   0.0415  0.0937   0.959  0.000  0.000
  188 H   0.0376  0.0951   0.962  0.000  0.000
  189 H   0.0400  0.1042   0.960  0.000  0.000
  190 H   0.0393  0.1024   0.961  0.000  0.000
  191 H   0.0378  0.0959   0.962  0.000  0.000
  192 H   0.0437  0.0976   0.956  0.000  0.000
  193 H   0.0418  0.0946   0.958  0.000  0.000
  194 H   0.0386  0.0915   0.961  0.000  0.000
  195 H   0.0405  0.0982   0.959  0.000  0.000
  196 H   0.0426  0.1054   0.957  0.000  0.000
  197 H   0.0429  0.1053   0.957  0.000  0.000
  198 H   0.0426  0.0992   0.957  0.000  0.000
  199 H   0.0361  0.0936   0.964  0.000  0.000
  200 H   0.0375  0.0933   0.962  0.000  0.000
  201 H   0.0341  0.0900   0.966  0.000  0.000
  202 H   0.0285  0.0812   0.971  0.000  0.000
  203 H   0.0329  0.0845   0.967  0.000  0.000
  204 H   0.0301  0.0827   0.970  0.000  0.000
  205 H   0.0331  0.0954   0.967  0.000  0.000
  206 H   0.0400  0.0995   0.960  0.000  0.000
  207 H   0.0424  0.0990   0.958  0.000  0.000
  208 H   0.0362  0.0936   0.964  0.000  0.000
  209 H   0.0362  0.0918   0.964  0.000  0.000
  210 H   0.0364  0.0924   0.964  0.000  0.000
  211 H   0.0310  0.0841   0.969  0.000  0.000
  212 H   0.0277  0.0817   0.972  0.000  0.000
  213 H   0.0332  0.0848   0.967  0.000  0.000
  214 H   0.0325  0.0934   0.967  0.000  0.000
  215 H   0.0592  0.1265   0.941  0.000  0.000
  216 H   0.0521  0.1234   0.948  0.000  0.000
  217 H   0.0437  0.0961   0.956  0.000  0.000
  218 H   0.0332  0.0882   0.967  0.000  0.000
  219 H   0.0343  0.0920   0.966  0.000  0.000
  220 H   0.0545  0.1277   0.945  0.000  0.000
  221 H   0.0588  0.1271   0.941  0.000  0.000
  222 H   0.0448  0.0996   0.955  0.000  0.000
  223 H   0.0326  0.0872   0.967  0.000  0.000
  224 H   0.0332  0.0918   0.967  0.000  0.000
  225 H   0.0505  0.1144   0.949  0.000  0.000
  226 H   0.0423  0.1075   0.958  0.000  0.000
  227 H   0.0417  0.1061   0.958  0.000  0.000
  228 H   0.0338  0.0934   0.966  0.000  0.000
  229 H   0.0326  0.0871   0.967  0.000  0.000
  230 H   0.0377  0.0902   0.962  0.000  0.000
  231 H   0.0518  0.1144   0.948  0.000  0.000
  232 H   0.0514  0.1123   0.949  0.000  0.000
  233 H   0.0424  0.1064   0.958  0.000  0.000
  234 H   0.0410  0.1050   0.959  0.000  0.000
  235 H   0.0385  0.0908   0.961  0.000  0.000
  236 H   0.0323  0.0869   0.968  0.000  0.000
  237 H   0.0308  0.0853   0.969  0.000  0.000
  238 H   0.0540  0.1178   0.946  0.000  0.000
  239 H   0.0667  0.1322   0.933  0.000  0.000
  240 H   0.0590  0.1163   0.941  0.000  0.000
  241 H   0.0622  0.1200   0.938  0.000  0.000
 Hirshfeld charges for QMDFF written to <charges>
 
 Loewdin charges    n(s)   n(p)   n(d)
    1 C   0.0060   1.099  2.895  0.000
    2 C  -0.0421   1.135  2.907  0.000
    3 C   0.1285   1.141  2.730  0.000
    4 O  -0.2240   1.597  4.627  0.000
    5 C  -0.0218   1.150  2.872  0.000
    6 C  -0.0156   1.098  2.918  0.000
    7 C  -0.0132   1.169  2.844  0.000
    8 C  -0.0124   1.169  2.844  0.000
    9 C  -0.0280   1.100  2.928  0.000
   10 C  -0.0018   1.135  2.867  0.000
   11 C   0.0286   1.157  2.814  0.000
   12 C  -0.0130   1.073  2.940  0.000
   13 C   0.0921   1.139  2.769  0.000
   14 N  -0.2156   1.606  3.610  0.000
   15 C   0.0909   1.137  2.772  0.000
   16 N  -0.2106   1.604  3.606  0.000
   17 C  -0.0234   1.174  2.850  0.000
   18 C  -0.0110   1.144  2.867  0.000
   19 C  -0.0395   1.115  2.924  0.000
   20 C  -0.0401   1.115  2.925  0.000
   21 C  -0.0116   1.144  2.867  0.000
   22 C  -0.0597   1.101  2.958  0.000
   23 C  -0.0250   1.175  2.850  0.000
   24 C  -0.0178   1.126  2.892  0.000
   25 C   0.0387   1.147  2.814  0.000
   26 N  -0.0635   1.188  3.875  0.000
   27 C   0.0437   1.137  2.819  0.000
   28 C  -0.0385   1.086  2.953  0.000
   29 C  -0.0385   1.083  2.955  0.000
   30 C   0.0107   1.132  2.857  0.000
   31 C  -0.0844   1.004  3.080  0.000
   32 C  -0.0380   1.083  2.955  0.000
   33 C  -0.0331   1.084  2.949  0.000
   34 C   0.0437   1.138  2.819  0.000
   35 C  -0.0372   1.085  2.952  0.000
   36 C  -0.0348   1.083  2.952  0.000
   37 C   0.0117   1.132  2.856  0.000
   38 C  -0.0842   1.004  3.080  0.000
   39 C  -0.0380   1.083  2.955  0.000
   40 C  -0.0362   1.083  2.953  0.000
   41 C  -0.0304   1.119  2.911  0.000
   42 S   0.0648   1.881  3.948  0.107
   43 C  -0.0326   1.129  2.903  0.000
   44 C   0.0228   1.136  2.841  0.000
   45 N  -0.0782   1.186  3.892  0.000
   46 C   0.0407   1.139  2.820  0.000
   47 C  -0.0336   1.085  2.948  0.000
   48 C  -0.0340   1.083  2.951  0.000
   49 C   0.0115   1.132  2.856  0.000
   50 C  -0.0867   1.006  3.081  0.000
   51 C  -0.0428   1.084  2.958  0.000
   52 C  -0.0419   1.088  2.954  0.000
   53 C   0.0422   1.137  2.821  0.000
   54 C  -0.0454   1.087  2.959  0.000
   55 C  -0.0457   1.085  2.961  0.000
   56 C   0.0062   1.133  2.861  0.000
   57 C  -0.0861   1.005  3.081  0.000
   58 C  -0.0383   1.083  2.955  0.000
   59 C  -0.0354   1.085  2.951  0.000
   60 C  -0.0255   1.130  2.895  0.000
   61 S   0.0637   1.880  3.952  0.104
   62 C  -0.0190   1.132  2.887  0.000
   63 C  -0.0255   1.129  2.897  0.000
   64 C   0.0133   1.121  2.866  0.000
   65 C  -0.0335   1.087  2.946  0.000
   66 C  -0.0199   1.081  2.939  0.000
   67 C  -0.0376   1.086  2.952  0.000
   68 C   0.0055   1.139  2.856  0.000
   69 C  -0.0392   1.064  2.975  0.000
   70 C  -0.0914   1.023  3.069  0.000
   71 C  -0.0528   1.094  2.959  0.000
   72 C  -0.0368   1.130  2.907  0.000
   73 S   0.0820   1.879  3.931  0.108
   74 C  -0.0336   1.123  2.911  0.000
   75 C  -0.0220   1.116  2.906  0.000
   76 C   0.0098   1.170  2.820  0.000
   77 C   0.0104   1.170  2.820  0.000
   78 N  -0.1630   1.493  3.670  0.000
   79 S   0.1671   1.903  3.713  0.217
   80 N  -0.1674   1.494  3.673  0.000
   81 C  -0.0216   1.114  2.907  0.000
   82 C  -0.0297   1.124  2.905  0.000
   83 S   0.0805   1.880  3.934  0.105
   84 C  -0.0332   1.131  2.902  0.000
   85 C  -0.0184   1.130  2.888  0.000
   86 C   0.0152   1.120  2.865  0.000
   87 C  -0.0302   1.085  2.945  0.000
   88 C  -0.0190   1.081  2.938  0.000
   89 C  -0.0372   1.087  2.951  0.000
   90 C   0.0076   1.139  2.854  0.000
   91 C  -0.0382   1.063  2.975  0.000
   92 C  -0.0921   1.023  3.070  0.000
   93 C  -0.0477   1.093  2.955  0.000
   94 C  -0.0113   1.136  2.875  0.000
   95 S   0.0586   1.882  3.944  0.116
   96 C  -0.0376   1.134  2.903  0.000
   97 C  -0.0172   1.136  2.881  0.000
   98 N  -0.0379   1.229  3.809  0.000
   99 C   0.0114   1.154  2.835  0.000
  100 C   0.0109   1.152  2.837  0.000
  101 N  -0.0418   1.235  3.807  0.000
  102 C  -0.0209   1.137  2.884  0.000
  103 C  -0.0287   1.118  2.911  0.000
  104 S   0.0621   1.878  3.954  0.107
  105 C   0.0279   1.091  2.881  0.000
  106 C  -0.0852   1.020  3.065  0.000
  107 C   0.0281   1.091  2.881  0.000
  108 C  -0.0862   1.020  3.066  0.000
  109 C   0.0290   1.118  2.853  0.000
  110 C   0.0840   1.128  2.788  0.000
  111 F  -0.0949   1.659  5.436  0.000
  112 C   0.0955   1.136  2.769  0.000
  113 F  -0.0917   1.658  5.434  0.000
  114 C   0.0136   1.111  2.876  0.000
  115 C   0.0426   1.148  2.809  0.000
  116 N  -0.1649   1.443  3.722  0.000
  117 C   0.0626   1.163  2.774  0.000
  118 C   0.0064   1.110  2.884  0.000
  119 C  -0.0342   1.083  2.951  0.000
  120 C   0.0678   1.133  2.799  0.000
  121 C   0.0836   1.113  2.803  0.000
  122 O  -0.0988   1.412  4.686  0.000
  123 C   0.0428   1.077  2.880  0.000
  124 C  -0.0865   1.018  3.069  0.000
  125 C   0.0782   1.124  2.797  0.000
  126 C  -0.0367   1.083  2.954  0.000
  127 F  -0.1090   1.661  5.448  0.000
  128 F  -0.1228   1.667  5.456  0.000
  129 C   0.0666   1.164  2.769  0.000
  130 N  -0.1510   1.431  3.720  0.000
  131 C   0.0420   1.154  2.804  0.000
  132 C   0.0111   1.109  2.880  0.000
  133 C  -0.0316   1.082  2.950  0.000
  134 C   0.0655   1.131  2.804  0.000
  135 F  -0.1200   1.666  5.454  0.000
  136 C   0.0756   1.113  2.811  0.000
  137 O  -0.1063   1.409  4.697  0.000
  138 C   0.0493   1.076  2.874  0.000
  139 C  -0.0792   1.013  3.066  0.000
  140 C   0.0697   1.127  2.803  0.000
  141 F  -0.1182   1.664  5.454  0.000
  142 C  -0.0303   1.082  2.948  0.000
  143 C   0.0170   1.100  2.883  0.000
  144 C  -0.0232   1.145  2.878  0.000
  145 C   0.1381   1.143  2.719  0.000
  146 O  -0.2017   1.595  4.607  0.000
  147 C  -0.0662   1.158  2.909  0.000
  148 C  -0.0408   1.084  2.957  0.000
  149 C  -0.0197   1.089  2.931  0.000
  150 S   0.1385   1.864  3.885  0.113
  151 C  -0.0200   1.137  2.883  0.000
  152 C   0.0403   1.146  2.814  0.000
  153 C   0.0012   1.073  2.926  0.000
  154 C   0.0884   1.138  2.774  0.000
  155 N  -0.2022   1.605  3.597  0.000
  156 C   0.0973   1.133  2.769  0.000
  157 N  -0.2044   1.605  3.600  0.000
  158 H   0.0555   0.944  0.000  0.000
  159 H   0.0397   0.960  0.000  0.000
  160 H   0.0418   0.958  0.000  0.000
  161 H   0.0381   0.962  0.000  0.000
  162 H   0.0382   0.962  0.000  0.000
  163 H   0.0384   0.962  0.000  0.000
  164 H   0.0382   0.962  0.000  0.000
  165 H   0.0374   0.963  0.000  0.000
  166 H   0.0337   0.966  0.000  0.000
  167 H   0.0328   0.967  0.000  0.000
  168 H   0.0382   0.962  0.000  0.000
  169 H   0.0311   0.969  0.000  0.000
  170 H   0.0318   0.968  0.000  0.000
  171 H   0.0403   0.960  0.000  0.000
  172 H   0.0412   0.959  0.000  0.000
  173 H   0.0393   0.961  0.000  0.000
  174 H   0.0324   0.968  0.000  0.000
  175 H   0.0339   0.966  0.000  0.000
  176 H   0.0361   0.964  0.000  0.000
  177 H   0.0342   0.966  0.000  0.000
  178 H   0.0388   0.961  0.000  0.000
  179 H   0.0425   0.957  0.000  0.000
  180 H   0.0395   0.960  0.000  0.000
  181 H   0.0323   0.968  0.000  0.000
  182 H   0.0319   0.968  0.000  0.000
  183 H   0.0326   0.967  0.000  0.000
  184 H   0.0346   0.965  0.000  0.000
  185 H   0.0449   0.955  0.000  0.000
  186 H   0.0371   0.963  0.000  0.000
  187 H   0.0407   0.959  0.000  0.000
  188 H   0.0305   0.969  0.000  0.000
  189 H   0.0325   0.968  0.000  0.000
  190 H   0.0316   0.968  0.000  0.000
  191 H   0.0309   0.969  0.000  0.000
  192 H   0.0427   0.957  0.000  0.000
  193 H   0.0407   0.959  0.000  0.000
  194 H   0.0382   0.962  0.000  0.000
  195 H   0.0330   0.967  0.000  0.000
  196 H   0.0345   0.965  0.000  0.000
  197 H   0.0357   0.964  0.000  0.000
  198 H   0.0346   0.965  0.000  0.000
  199 H   0.0291   0.971  0.000  0.000
  200 H   0.0340   0.966  0.000  0.000
  201 H   0.0311   0.969  0.000  0.000
  202 H   0.0284   0.972  0.000  0.000
  203 H   0.0327   0.967  0.000  0.000
  204 H   0.0297   0.970  0.000  0.000
  205 H   0.0264   0.974  0.000  0.000
  206 H   0.0323   0.968  0.000  0.000
  207 H   0.0345   0.966  0.000  0.000
  208 H   0.0292   0.971  0.000  0.000
  209 H   0.0329   0.967  0.000  0.000
  210 H   0.0330   0.967  0.000  0.000
  211 H   0.0304   0.970  0.000  0.000
  212 H   0.0281   0.972  0.000  0.000
  213 H   0.0329   0.967  0.000  0.000
  214 H   0.0257   0.974  0.000  0.000
  215 H   0.0543   0.946  0.000  0.000
  216 H   0.0466   0.953  0.000  0.000
  217 H   0.0430   0.957  0.000  0.000
  218 H   0.0326   0.967  0.000  0.000
  219 H   0.0339   0.966  0.000  0.000
  220 H   0.0489   0.951  0.000  0.000
  221 H   0.0540   0.946  0.000  0.000
  222 H   0.0440   0.956  0.000  0.000
  223 H   0.0318   0.968  0.000  0.000
  224 H   0.0330   0.967  0.000  0.000
  225 H   0.0409   0.959  0.000  0.000
  226 H   0.0362   0.964  0.000  0.000
  227 H   0.0359   0.964  0.000  0.000
  228 H   0.0333   0.967  0.000  0.000
  229 H   0.0317   0.968  0.000  0.000
  230 H   0.0378   0.962  0.000  0.000
  231 H   0.0424   0.958  0.000  0.000
  232 H   0.0418   0.958  0.000  0.000
  233 H   0.0360   0.964  0.000  0.000
  234 H   0.0349   0.965  0.000  0.000
  235 H   0.0381   0.962  0.000  0.000
  236 H   0.0315   0.968  0.000  0.000
  237 H   0.0303   0.970  0.000  0.000
  238 H   0.0445   0.956  0.000  0.000
  239 H   0.0548   0.945  0.000  0.000
  240 H   0.0496   0.950  0.000  0.000
  241 H   0.0510   0.949  0.000  0.000
 
 Wiberg/Mayer (AO) data. WBOs > 0.1 written file <wbo>
 largest (>0.05) Wiberg bond orders for each atom
           total WBO             WBO to atom ...
     1  C   3.930    C    2 1.494    C   24 1.266    H  158 0.926
     2  C   3.912    C    1 1.494    C   11 1.105    C    3 0.997    C   25 0.069    O    4 0.069
     3  C   3.904    O    4 1.782    C    2 0.997    C    5 0.977
     4  O   2.134    C    3 1.782    C    2 0.069    C    5 0.062
     5  C   3.929    C    6 1.361    C   10 1.286    C    3 0.977    C    8 0.092    O    4 0.062
     6  C   3.959    C    7 1.420    C    5 1.361    H  159 0.941    C    9 0.083
     7  C   3.918    C    6 1.420    C    8 1.315    C   23 0.947    C   10 0.092
     8  C   3.928    C    9 1.426    C    7 1.315    C   17 0.949    C    5 0.092
     9  C   3.954    C    8 1.426    C   10 1.351    H  160 0.936    C    6 0.083
    10  C   3.943    C    9 1.351    C    5 1.286    C   11 1.039    C    7 0.092
    11  C   3.926    C   12 1.446    C    2 1.105    C   10 1.039    N   16 0.093    N   14 0.090
    12  C   3.949    C   11 1.446    C   15 1.075    C   13 1.062    N   14 0.081    N   16 0.080
    13  C   3.941    N   14 2.785    C   12 1.062
    14  N   3.052    C   13 2.785    C   11 0.090    C   12 0.081
    15  C   3.939    N   16 2.779    C   12 1.075
    16  N   3.040    C   15 2.779    C   11 0.093    C   12 0.080
    17  C   3.930    C   23 0.950    C    8 0.949    H  161 0.941    C   18 0.929
    18  C   3.950    C   19 0.985    C   22 0.974    H  162 0.946    C   17 0.929
    19  C   3.959    C   20 1.935    C   18 0.985    H  163 0.937
    20  C   3.959    C   19 1.935    C   21 0.985    H  164 0.937
    21  C   3.949    C   20 0.985    C   22 0.974    H  165 0.946    C   23 0.929
    22  C   3.967    C   18 0.974    C   21 0.974    H  166 0.962    H  167 0.960
    23  C   3.927    C   17 0.950    C    7 0.947    H  168 0.941    C   21 0.929
    24  C   3.914    C   25 1.338    C    1 1.266    S   61 1.047
    25  C   3.913    C   24 1.338    C   41 1.227    N   26 1.067    C    2 0.069    S   61 0.060
    26  N   3.371    C   25 1.067    C   27 0.977    C   34 0.968
    27  C   3.930    C   33 1.377    C   28 1.372    N   26 0.977    C   30 0.104
    28  C   3.968    C   29 1.445    C   27 1.372    H  169 0.945    C   32 0.105
    29  C   3.972    C   28 1.445    C   30 1.390    H  170 0.945    C   33 0.106
    30  C   3.948    C   32 1.391    C   29 1.390    C   31 0.993    C   27 0.104
    31  C   3.987    C   30 0.993    H  173 0.978    H  171 0.976    H  172 0.969
    32  C   3.972    C   33 1.443    C   30 1.391    H  174 0.944    C   28 0.105
    33  C   3.967    C   32 1.443    C   27 1.377    H  175 0.945    C   29 0.106
    34  C   3.928    C   40 1.378    C   35 1.374    N   26 0.968    C   37 0.104
    35  C   3.970    C   36 1.446    C   34 1.374    H  176 0.943    C   39 0.106
    36  C   3.972    C   35 1.446    C   37 1.388    H  177 0.944    C   40 0.105
    37  C   3.951    C   39 1.393    C   36 1.388    C   38 0.993    C   34 0.104
    38  C   3.987    C   37 0.993    H  180 0.978    H  178 0.977    H  179 0.969
    39  C   3.972    C   40 1.441    C   37 1.393    H  181 0.944    C   35 0.106
    40  C   3.969    C   39 1.441    C   34 1.378    H  182 0.945    C   36 0.105
    41  C   3.925    C   60 1.367    C   25 1.227    S   42 1.086    C   43 0.065
    42  S   2.486    C   41 1.086    C   43 1.080    C   44 0.064    C   60 0.058
    43  C   3.889    C   44 1.439    C   62 1.094    S   42 1.080    C   41 0.065    N   45 0.050
    44  C   3.918    C   43 1.439    C   60 1.207    N   45 1.029    S   42 0.064
    45  N   3.336    C   44 1.029    C   53 0.982    C   46 0.974    C   43 0.050
    46  C   3.931    C   52 1.379    C   47 1.371    N   45 0.974    C   49 0.104
    47  C   3.969    C   48 1.452    C   46 1.371    H  183 0.945    C   51 0.105
    48  C   3.972    C   47 1.452    C   49 1.382    H  184 0.944    C   52 0.106
    49  C   3.949    C   51 1.401    C   48 1.382    C   50 0.993    C   46 0.104
    50  C   3.986    C   49 0.993    H  186 0.978    H  185 0.973    H  187 0.969
    51  C   3.972    C   52 1.431    C   49 1.401    H  188 0.944    C   47 0.105
    52  C   3.969    C   51 1.431    C   46 1.379    H  189 0.943    C   48 0.106
    53  C   3.932    C   59 1.375    C   54 1.373    N   45 0.982    C   56 0.104
    54  C   3.970    C   55 1.442    C   53 1.373    H  190 0.944    C   58 0.106
    55  C   3.972    C   54 1.442    C   56 1.392    H  191 0.944    C   59 0.104
    56  C   3.952    C   55 1.392    C   58 1.389    C   57 0.993    C   53 0.104
    57  C   3.987    C   56 0.993    H  194 0.978    H  193 0.977    H  192 0.968
    58  C   3.972    C   59 1.444    C   56 1.389    H  195 0.944    C   54 0.106
    59  C   3.970    C   58 1.444    C   53 1.375    H  196 0.943    C   55 0.104
    60  C   3.924    C   41 1.367    C   44 1.207    S   61 1.090    S   42 0.058
    61  S   2.484    C   60 1.090    C   24 1.047    C   25 0.060
    62  C   3.900    C   63 1.453    C   43 1.094    S  104 1.076    C  103 0.070
    63  C   3.929    C   62 1.453    C   72 1.210    C   64 1.014    S  104 0.066
    64  C   3.955    C   65 1.365    C   71 1.365    C   63 1.014    C   67 0.101
    65  C   3.968    C   66 1.437    C   64 1.365    H  197 0.940    C   68 0.102
    66  C   3.972    C   65 1.437    C   67 1.431    H  198 0.944    C   71 0.104
    67  C   3.966    C   66 1.431    C   68 1.381    H  199 0.946    C   64 0.101
    68  C   3.949    C   71 1.409    C   67 1.381    C   69 0.980    C   65 0.102
    69  C   3.972    C   70 0.991    C   68 0.980    H  201 0.967    H  200 0.966
    70  C   3.984    C   69 0.991    H  202 0.984    H  204 0.984    H  203 0.980
    71  C   3.968    C   68 1.409    C   64 1.365    H  205 0.943    C   66 0.104
    72  C   3.911    C  103 1.367    C   63 1.210    S   73 1.079    C   74 0.057
    73  S   2.489    C   74 1.098    C   72 1.079    C  102 0.054    C  103 0.053
    74  C   3.924    C  102 1.349    C   75 1.202    S   73 1.098    C   72 0.057
    75  C   3.923    C  100 1.278    C   74 1.202    C   76 1.164
    76  C   3.929    N   80 1.427    C   75 1.164    C   77 1.105    S   79 0.074
    77  C   3.928    N   78 1.429    C   81 1.163    C   76 1.105    S   79 0.074
    78  N   3.071    C   77 1.429    S   79 1.279    N   80 0.202
    79  S   2.806    N   78 1.279    N   80 1.279    C   76 0.074    C   77 0.074
    80  N   3.068    C   76 1.427    S   79 1.279    N   78 0.202
    81  C   3.924    C   99 1.268    C   82 1.212    C   77 1.163
    82  C   3.911    C   97 1.331    C   81 1.212    S   83 1.102    C   84 0.052
    83  S   2.478    C   82 1.102    C   84 1.071    C   96 0.053    C   97 0.052
    84  C   3.908    C   96 1.338    C   85 1.250    S   83 1.071    C   82 0.052
    85  C   3.901    C   94 1.403    C   84 1.250    C   86 1.002    S   95 0.064
    86  C   3.955    C   93 1.371    C   87 1.369    C   85 1.002    C   89 0.103
    87  C   3.967    C   88 1.439    C   86 1.369    H  206 0.945    C   90 0.104
    88  C   3.972    C   87 1.439    C   89 1.428    H  207 0.944    C   93 0.105
    89  C   3.966    C   88 1.428    C   90 1.387    H  208 0.946    C   86 0.103
    90  C   3.949    C   93 1.405    C   89 1.387    C   91 0.980    C   87 0.104
    91  C   3.972    C   92 0.992    C   90 0.980    H  210 0.967    H  209 0.964
    92  C   3.983    C   91 0.992    H  211 0.984    H  212 0.984    H  213 0.981
    93  C   3.968    C   90 1.405    C   86 1.371    H  214 0.945    C   88 0.105
    94  C   3.899    C   85 1.403    C  109 1.143    S   95 1.075    C   96 0.063
    95  S   2.516    C   96 1.076    C   94 1.075    C   85 0.064
    96  C   3.912    C   84 1.338    C   97 1.242    S   95 1.076    C   94 0.063    S   83 0.053
    97  C   3.898    C   82 1.331    C   96 1.242    N   98 1.081    S   83 0.052
    98  N   3.432    C   99 1.100    C   97 1.081    C  107 0.946
    99  C   3.892    C   81 1.268    C  100 1.246    N   98 1.100
   100  C   3.898    C   75 1.278    C   99 1.246    N  101 1.089
   101  N   3.424    C  100 1.089    C  102 1.084    C  105 0.945
   102  C   3.900    C   74 1.349    C  103 1.221    N  101 1.084    S   73 0.054
   103  C   3.928    C   72 1.367    C  102 1.221    S  104 1.098    C   62 0.070    S   73 0.053
   104  S   2.508    C  103 1.098    C   62 1.076    C   63 0.066
   105  C   3.929    C  106 1.004    H  216 0.964    H  215 0.960    N  101 0.945
   106  C   3.980    C  105 1.004    H  218 0.984    H  219 0.982    H  217 0.975
   107  C   3.929    C  108 1.003    H  220 0.963    H  221 0.960    N   98 0.946
   108  C   3.981    C  107 1.003    H  223 0.985    H  224 0.982    H  222 0.974
   109  C   3.904    C  110 1.331    C  131 1.172    C   94 1.143    C  114 0.073
   110  C   3.891    C  112 1.338    C  109 1.331    F  111 0.980
   111  F   1.110    C  110 0.980
   112  C   3.892    C  110 1.338    C  114 1.328    F  113 0.985
   113  F   1.114    C  112 0.985
   114  C   3.900    C  112 1.328    C  115 1.191    C  143 1.131    C  109 0.073
   115  C   3.932    N  116 1.266    C  131 1.203    C  114 1.191    C  129 0.056
   116  N   3.090    C  117 1.446    C  115 1.266    N  130 0.105
   117  C   3.919    N  116 1.446    C  129 1.199    C  118 1.025    C  131 0.060
   118  C   3.954    C  119 1.359    C  126 1.339    C  117 1.025    C  121 0.093
   119  C   3.966    C  120 1.420    C  118 1.359    H  225 0.941    C  125 0.089
   120  C   3.908    C  119 1.420    C  121 1.317    F  128 0.956    C  126 0.088    O  122 0.058
   121  C   3.932    C  120 1.317    C  125 1.302    O  122 1.074    C  118 0.093
   122  O   2.259    C  121 1.074    C  123 0.967    C  120 0.058
   123  C   3.935    C  124 1.003    H  227 0.977    O  122 0.967    H  226 0.965
   124  C   3.983    C  123 1.003    H  229 0.985    H  228 0.980    H  230 0.979
   125  C   3.916    C  126 1.444    C  121 1.302    F  127 0.972    C  119 0.089
   126  C   3.965    C  125 1.444    C  118 1.339    H  231 0.939    C  120 0.088
   127  F   1.101    C  125 0.972
   128  F   1.090    C  120 0.956
   129  C   3.911    N  130 1.449    C  117 1.199    C  132 1.008    C  115 0.056
   130  N   3.134    C  129 1.449    C  131 1.279    N  116 0.105
   131  C   3.923    N  130 1.279    C  115 1.203    C  109 1.172    C  117 0.060
   132  C   3.956    C  133 1.367    C  142 1.343    C  129 1.008    C  136 0.094
   133  C   3.965    C  134 1.416    C  132 1.367    H  232 0.941    C  140 0.092
   134  C   3.910    C  133 1.416    C  136 1.318    F  135 0.959    C  142 0.090    O  137 0.060
   135  F   1.091    C  134 0.959
   136  C   3.933    C  134 1.318    C  140 1.305    O  137 1.074    C  132 0.094
   137  O   2.254    C  136 1.074    C  138 0.964    C  134 0.060
   138  C   3.936    C  139 1.015    H  234 0.969    H  233 0.968    O  137 0.964
   139  C   3.986    C  138 1.015    H  237 0.985    H  236 0.985    H  235 0.979
   140  C   3.912    C  142 1.441    C  136 1.305    F  141 0.964    C  133 0.092
   141  F   1.093    C  140 0.964
   142  C   3.965    C  140 1.441    C  132 1.343    H  238 0.939    C  134 0.090
   143  C   3.929    C  144 1.617    C  114 1.131    H  239 0.929
   144  C   3.898    C  143 1.617    C  152 1.068    C  145 0.954    O  146 0.066
   145  C   3.906    O  146 1.812    C  147 0.994    C  144 0.954
   146  O   2.173    C  145 1.812    C  147 0.067    C  144 0.066    C  151 0.056
   147  C   3.919    C  151 1.381    C  148 1.243    C  145 0.994    S  150 0.078    O  146 0.067    C  153 0.055
   148  C   3.963    C  149 1.616    C  147 1.243    H  240 0.939    S  150 0.065
   149  C   3.936    C  148 1.616    S  150 1.186    H  241 0.948    C  151 0.092
   150  S   2.651    C  149 1.186    C  151 1.170    C  147 0.078    C  148 0.065
   151  C   3.939    C  147 1.381    S  150 1.170    C  152 1.104    C  149 0.092    O  146 0.056
   152  C   3.939    C  153 1.443    C  151 1.104    C  144 1.068    N  155 0.092    N  157 0.091
   153  C   3.957    C  152 1.443    C  156 1.069    C  154 1.065    N  157 0.078    N  155 0.078    C  147 0.055
   154  C   3.942    N  155 2.792    C  153 1.065
   155  N   3.054    C  154 2.792    C  152 0.092    C  153 0.078
   156  C   3.942    N  157 2.790    C  153 1.069
   157  N   3.044    C  156 2.790    C  152 0.091    C  153 0.078
   158  H   0.991    C    1 0.926
   159  H   0.996    C    6 0.941
   160  H   0.995    C    9 0.936
   161  H   0.996    C   17 0.941
   162  H   0.997    C   18 0.946
   163  H   0.997    C   19 0.937
   164  H   0.997    C   20 0.937
   165  H   0.997    C   21 0.946
   166  H   0.999    C   22 0.962
   167  H   0.999    C   22 0.960
   168  H   0.995    C   23 0.941
   169  H   0.998    C   28 0.945
   170  H   0.997    C   29 0.945
   171  H   0.997    C   31 0.976
   172  H   0.997    C   31 0.969
   173  H   0.997    C   31 0.978
   174  H   0.998    C   32 0.944
   175  H   0.997    C   33 0.945
   176  H   0.997    C   35 0.943
   177  H   0.997    C   36 0.944
   178  H   0.997    C   38 0.977
   179  H   0.997    C   38 0.969
   180  H   0.997    C   38 0.978
   181  H   0.997    C   39 0.944
   182  H   0.997    C   40 0.945
   183  H   0.997    C   47 0.945
   184  H   0.997    C   48 0.944
   185  H   0.997    C   50 0.973
   186  H   0.997    C   50 0.978
   187  H   0.997    C   50 0.969
   188  H   0.998    C   51 0.944
   189  H   0.998    C   52 0.943
   190  H   0.998    C   54 0.944
   191  H   0.998    C   55 0.944
   192  H   0.997    C   57 0.968
   193  H   0.997    C   57 0.977
   194  H   0.997    C   57 0.978
   195  H   0.997    C   58 0.944
   196  H   0.997    C   59 0.943
   197  H   0.995    C   65 0.940
   198  H   0.995    C   66 0.944
   199  H   0.996    C   67 0.946
   200  H   0.997    C   69 0.966
   201  H   0.998    C   69 0.967
   202  H   0.999    C   70 0.984
   203  H   0.997    C   70 0.980
   204  H   0.999    C   70 0.984
   205  H   0.999    C   71 0.943
   206  H   0.996    C   87 0.945
   207  H   0.995    C   88 0.944
   208  H   0.996    C   89 0.946
   209  H   0.998    C   91 0.964
   210  H   0.997    C   91 0.967
   211  H   0.999    C   92 0.984
   212  H   0.999    C   92 0.984
   213  H   0.997    C   92 0.981
   214  H   0.999    C   93 0.945
   215  H   0.995    C  105 0.960
   216  H   0.996    C  105 0.964
   217  H   0.997    C  106 0.975
   218  H   0.999    C  106 0.984
   219  H   0.998    C  106 0.982
   220  H   0.996    C  107 0.963
   221  H   0.995    C  107 0.960
   222  H   0.997    C  108 0.974
   223  H   0.999    C  108 0.985
   224  H   0.999    C  108 0.982
   225  H   0.997    C  119 0.941
   226  H   0.998    C  123 0.965
   227  H   0.997    C  123 0.977
   228  H   0.999    C  124 0.980
   229  H   0.999    C  124 0.985
   230  H   0.998    C  124 0.979
   231  H   0.997    C  126 0.939
   232  H   0.997    C  133 0.941
   233  H   0.998    C  138 0.968
   234  H   0.998    C  138 0.969
   235  H   0.998    C  139 0.979
   236  H   0.999    C  139 0.985
   237  H   0.999    C  139 0.985
   238  H   0.996    C  142 0.939
   239  H   0.989    C  143 0.929
   240  H   0.995    C  148 0.939
   241  H   0.991    C  149 0.948
 
 --------------------------------------------
          xTB calculation for sTDA...
 --------------------------------------------
 
 reading parameter file /ihome/ghutchison/blp62/xtb4stda/.param_stda2.xtb
 
      method parameters     
 k(s)        :  1.6000
 k(p)        :  2.1800
 k(d)        :  1.9500
 k(f)        :  2.0000
 k(R-V)      :  2.2750
 k(R-R)      :  1.7650
 Tscal       :  0.2580
 Gscal       :  1.0000
 fpol        :  1.0000
 Zcnf        :  0.3430
 Zqf         :  0.0000
 kcn         :  2.7000
 Ryd Hsplit  :  0.7000
 lshift(virt):  3.1000
 lshift(OS)  :  0.2000
 wllscaling  :  2.6000
 
 mowrcut     : 3.000
 
  Z AO/shell   Hii/eV     exponent
  1     Sun Feb 14 09:53:25 CET 2016    EN: 2.327 GAM: 0.473  GM3: 0.0000
     1s    -14.339618    1.220000
     2sp    -3.348946    0.600000
  6     Sun Feb 14 09:53:25 CET 2016    EN: 2.731 GAM: 0.422  GM3: 0.0000
     2s    -22.009312    1.565095
     2p    -13.020408    1.596905
     3sp    -3.914040    0.824500
  7     Sun Feb 14 09:53:25 CET 2016    EN: 3.573 GAM: 0.504  GM3: 0.0000
     2s    -25.722000    2.064844
     2p    -18.684912    1.801692
     3sp    -4.344791    0.921400
  8     Sun Feb 14 09:53:25 CET 2016    EN: 3.700 GAM: 0.587  GM3: 0.0000
     2s    -33.859000    2.418661
     2p    -22.175911    1.973969
     3sp    -4.259392    1.013700
  9     Sun Feb 21 12:20:01 CET 2016    EN: 3.394 GAM: 0.600  GM3: 0.0000
     2s    -26.548112    1.943768
     2p    -23.081168    2.552035
     3sp    -1.937199    1.103200
 16     Sun Feb 21 16:35:57 CET 2016    EN: 1.915 GAM: 0.200  GM3: 0.0000
     3s    -17.898811    2.619580
     3p    -15.317401    1.798798
     4sp    -4.455139    0.843200
 
 Nbf   :         1676
 T(el) :     0.0
 calculating S/T integrals ...
 cpu time for ints    3.52257800000000     
 Nao   :         1676
 making H0...
 making H1...
 cpu time for H      7.435100000000006E-002
 solving ...
 cpu time for diag    1.50482900000000     
 
 gap (eV)           :   3.828
 Koopmans IP (eV)   :  12.927
 Eel (Eh)           :  -662.105886

          eigenvalues
 #    :         371        372        373        374        375        376        377        378
 occ. :        2.000      2.000      2.000      2.000      2.000      2.000      2.000      2.000
 eps  :       -15.405    -15.274    -15.262    -15.218    -15.016    -14.916    -14.501    -14.211
 #    :         379        380        381        382        383        384        385        386
 occ. :        2.000      2.000      2.000      2.000      2.000      0.000      0.000      0.000
 eps  :       -13.998    -13.735    -13.605    -13.293    -12.928     -9.100     -8.508     -8.437
 #    :         387        388        389        390        391        392        393        394
 occ. :        0.000      0.000      0.000      0.000      0.000      0.000      0.000      0.000
 eps  :        -8.059     -7.717     -7.449     -7.015     -6.682     -6.504     -6.350     -6.174
                            1  SCC done.
 writing mo output ...
 molden style : F
 
speedup  3.09
cpu  time for all   10.82 s
wall time for all    3.50 s
