 
        ______________________________________
       |                                      |
       |          ===================         |
       |             xTB for sTDA             |
       |          ===================         |
       |               S. Grimme              |
       |        Universitaet Bonn, MCTC       |
       |         2015-19, Version 1.0         |
       |     Wed Apr  3 09:14:55 CEST 2019    |
       |______________________________________|
 
        This code comes without any warranty
        for non-commercial, academia use only.
        Preliminary test version.
        Cite this work as:
        S. Grimme  &  C. Bannwarth, JCP 145 (2016) 054103
        if GBSA is used additionally:
        P. Shushkov, F. März, C. Bannwarth, S. Grimme, unpublished.
 
        with help from
        P. Shushkov, G. Brandenburg, S. Dohm, J. Pisarek,
        F. März, M. Checinski, S. Ehrlich, S. Spicher, 
        P. Pracht, E. Caldeweyher, S. Ehlert, and C. Bannwarth.
 
        usage        :
        xtb4stda <coord_file> [options]
        where <coord_file> is a valid file of TM)
        (*coord, Bohr) or xmol (*xyz, Angstroem)
        format.

        options:
        -chrg <int>   : molecular charge
        -uhf  <int>   : # of unpaired electrons(=2*S)
        -nox          : skip second, extended part in sTDA-xTB
        -pop          : do population analysis
                      : (default for -nox)
        -mowr <real>  : cut MO write above (def.3 Eh)
        -molden       : write formatted molden file
        -parx <file>  : read parameters for sTDA-xTB
                        calc (def:~/.param_stda2.xtb)
        -parv <file>  : read parameters for vTB part in
                        sTDA-xTB (def: ~/.param_stda1.xtb)
        -xtemp <real> : el. temp for xTB (def. 0 K)
        -etemp <real> : el. temp for GFN (def. 300 K)
        -fod          : calculate the FOD and write
                        molden.input file with
                        appropriate occupations
                        for plotting. Def. T=12500 K
 
        -acc <real>   : xTB accuracy (def. 1.0)
        -gbsa [string1] [string2]
                        use GBSA implicit solvent
                        for solvent [string1] and
                        solvation state [string2]=
                        reference, bar1M (default=1M)
        additional GFN/opt/MD/siman options read from
        $XTB4STDAHOME/.xtb4stdarc or $set in input
 
       spin and charge state information can be on:
       <.CHRG> (charge) and <.UHF> (=nalpha-nbeta)
       -uhf and -chrg override the file info.
       useful machine settings:
       setenv MKL_NUM_THREADS <NCORE_ON_YOUR_MACHINE>
       setenv OMP_STACKSIZE 500m
       limit stacksize unlimited
 
       total energies in Eh, gaps/HL energies in eV
       please read REVISION and HOWTO files carefully
 =============================
  # OMP threads =           8
 =============================
 
 xtb4stdahome directory:/ihome/ghutchison/blp62/xtb4stda/
 
 
 name of molecule           :
 comment line               :
 number of atoms            :   167
 number of electrons        :   526
 charge                     :  0
 spin                       : 0.0
 first test random number   :  0.8091
 
 -----------------------------------------
      charge density (VTB) calculation
 -----------------------------------------
 
      method parameters     
 k(s)        :  1.8000
 k(p)        :  2.8350
 k(d)        :  2.0860
 k(f)        :  2.0000
 Tscal       :  0.3300
 Gscal       :  0.3910
 fpol        :  1.0000
 Zcnf        :  0.6500
 Zqf         :  0.0000
 kcn         :  0.3000
 kEN1        : -0.5900
 wllscal     :  2.6000
 
     -------------------------
     ! NO SOLVENT MODEL USED !
     -------------------------
 
 doing EN charges ...
 sum q :  0.1554312D-14
 point charge moment (au)
     X       Y       Z   
   0.2273   0.6818   0.3526  total (Debye):    2.035
 
            Z      q(EN)   CN      Cart. coordinates
     1  C   4.0  -0.073   3.194    -6.61933    -2.93663   -17.51965
     2  C   4.0  -0.003   3.275    -8.65967    -1.85703   -16.34670
     3  C   4.0   0.103   3.246    -8.60940    -0.57202   -13.89081
     4  O   6.0  -0.122   1.239    -6.76994    -0.14456   -12.56876
     5  C   4.0  -0.007   3.367   -11.24009     0.11490   -13.30821
     6  C   4.0  -0.057   3.147   -12.12051     1.30410   -11.13030
     7  C   4.0   0.003   3.500   -14.68960     1.67827   -11.09742
     8  C   4.0   0.003   3.500   -16.26695     0.92786   -13.08730
     9  C   4.0  -0.059   3.152   -15.42205    -0.24869   -15.24423
    10  C   4.0  -0.007   3.364   -12.81121    -0.65196   -15.31755
    11  C   4.0  -0.007   3.323   -11.24652    -1.85420   -17.25395
    12  C   4.0  -0.037   3.119   -12.11579    -2.78829   -19.50934
    13  C   4.0   0.235   2.167   -14.66503    -2.73103   -20.28677
    14  N   5.0  -0.214   1.027   -16.69686    -2.74823   -21.04852
    15  C   4.0   0.234   2.164   -10.62706    -3.93290   -21.40152
    16  N   5.0  -0.214   1.027    -9.56239    -4.87852   -23.04067
    17  C   4.0  -0.105   4.489   -18.61645     1.88519   -11.78660
    18  C   4.0  -0.102   4.331   -19.69983     4.41969   -12.73959
    19  C   4.0  -0.062   3.280   -21.36883     5.29766   -10.59361
    20  C   4.0  -0.062   3.279   -19.87652     6.00593    -8.70729
    21  C   4.0  -0.102   4.331   -17.17326     5.61891    -9.54652
    22  C   4.0  -0.169   4.319   -17.44085     6.19962   -12.37411
    23  C   4.0  -0.105   4.487   -16.85749     2.71969    -9.56674
    24  C   4.0  -0.078   3.178    -4.08956    -3.09235   -16.73315
    25  C   4.0  -0.103   3.459    -2.27561    -4.44369   -18.06994
    26  C   4.0  -0.094   3.322     0.11130    -4.46788   -16.97087
    27  S   6.0   0.198   2.351     2.54017    -6.28391   -18.36133
    28  C   4.0  -0.238   4.004     3.64755    -8.15946   -15.66091
    29  C   4.0  -0.252   4.088     5.76518    -9.87306   -16.54323
    30  C   4.0  -0.098   3.350     0.20881    -3.02545   -14.76613
    31  S   6.0   0.213   2.932    -2.74936    -1.78844   -14.01837
    32  C   4.0  -0.090   3.336     2.20777    -2.50408   -13.04610
    33  C   4.0  -0.019   3.422     4.80009    -2.29356   -13.38909
    34  C   4.0  -0.006   3.244     6.12611    -2.27069   -15.81209
    35  C   4.0  -0.077   3.209     5.14610    -0.95167   -17.86774
    36  C   4.0  -0.073   3.148     6.46967    -0.88137   -20.11519
    37  C   4.0  -0.074   3.184     8.76493    -2.11593   -20.33629
    38  C   4.0   0.007   3.192     9.77385    -3.43420   -18.30332
    39  C   4.0  -0.174   4.064    12.30930    -4.69446   -18.48643
    40  C   4.0  -0.242   4.028    14.37288    -2.92945   -17.49319
    41  C   4.0  -0.077   3.248     8.44386    -3.48843   -16.04755
    42  C   4.0  -0.106   3.493     6.04221    -1.85590   -11.07153
    43  S   6.0   0.228   2.453     9.22375    -1.45074   -10.26688
    44  C   4.0  -0.087   3.404     8.34446    -0.96414    -7.15261
    45  C   4.0   0.010   3.405     9.45071    -0.40610    -4.79745
    46  C   4.0   0.075   3.652    11.93683     0.20088    -4.03041
    47  C   4.0   0.075   3.652    12.38734     0.98171    -1.45868
    48  N   5.0  -0.299   2.145    14.77331     1.62120    -1.06694
    49  S   6.0   0.428   2.885    16.32478     1.26064    -3.67722
    50  N   5.0  -0.299   2.144    14.01288     0.27911    -5.42295
    51  C   4.0   0.010   3.405    10.38934     0.87381     0.31105
    52  C   4.0  -0.087   3.405    10.24080     1.27311     2.93947
    53  S   6.0   0.228   2.449    12.12618     2.27901     5.41898
    54  C   4.0  -0.106   3.491     9.60189     1.80280     7.49579
    55  C   4.0  -0.018   3.420     9.28781     2.22251    10.11495
    56  C   4.0  -0.002   3.228    11.23631     3.31023    11.74408
    57  C   4.0  -0.076   3.199    13.74228     2.55359    11.49407
    58  C   4.0  -0.072   3.144    15.57418     3.58897    13.03986
    59  C   4.0  -0.074   3.183    14.93205     5.37967    14.83265
    60  C   4.0   0.008   3.190    12.44177     6.17090    15.09645
    61  C   4.0  -0.174   4.064    11.75410     8.18176    16.97805
    62  C   4.0  -0.242   4.027    12.06477    10.80772    15.80926
    63  C   4.0  -0.073   3.235    10.61478     5.13609    13.53308
    64  C   4.0  -0.084   3.282     6.86311     1.62970    10.86933
    65  S   6.0   0.225   2.558     4.94277     0.60074     8.36808
    66  C   4.0  -0.098   3.414     7.43210     0.91576     6.28939
    67  C   4.0   0.072   3.692     7.79890     0.59867     3.68988
    68  N   5.0  -0.290   3.263     6.40863    -0.18104     1.64293
    69  C   4.0   0.098   3.491     7.95782     0.04327    -0.44900
    70  C   4.0   0.098   3.491     7.43191    -0.30273    -3.03773
    71  N   5.0  -0.290   3.263     5.16141    -0.67331    -4.27721
    72  C   4.0   0.072   3.694     5.73286    -1.10171    -6.77183
    73  C   4.0  -0.095   3.408     4.41969    -1.62252    -9.00492
    74  S   6.0   0.215   2.679     1.30429    -2.02768    -9.87401
    75  C   4.0  -0.099   4.088     2.74350     0.42179    -3.59615
    76  C   4.0  -0.240   4.030     2.29205     2.91245    -4.98755
    77  C   4.0  -0.098   4.087     4.36829    -1.98327     1.95587
    78  C   4.0  -0.240   4.030     5.26364    -4.35563     3.33896
    79  C   4.0  -0.011   3.297     5.71926     1.67449    13.34921
    80  C   4.0   0.025   3.196     6.94814     0.83564    15.54016
    81  F   7.0  -0.027   1.079     9.32712    -0.04006    15.39125
    82  C   4.0  -0.073   3.221     5.77897     0.79709    17.86131
    83  C   4.0  -0.002   3.207     3.24976     1.51726    18.12077
    84  C   4.0   0.022   3.207     2.04506     2.40052    15.93814
    85  F   7.0  -0.027   1.081    -0.34412     3.28434    16.08516
    86  C   4.0  -0.075   3.242     3.22198     2.48329    13.62492
    87  C   4.0  -0.065   3.168     2.03051     1.38177    20.55852
    88  C   4.0  -0.003   3.274    -0.40648     0.87532    21.10994
    89  C   4.0   0.102   3.230    -1.40463     1.47418    23.68828
    90  O   6.0  -0.105   1.049    -0.15949     1.90900    25.55250
    91  C   4.0  -0.006   3.358    -4.17270     1.51972    23.40860
    92  C   4.0  -0.057   3.145    -5.94753     2.26880    25.20781
    93  C   4.0   0.003   3.498    -8.40418     2.18018    24.37293
    94  C   4.0   0.003   3.501    -9.06067     1.43222    21.91591
    95  C   4.0  -0.058   3.152    -7.33837     0.68125    20.12464
    96  C   4.0  -0.007   3.369    -4.82844     0.72339    20.94799
    97  C   4.0  -0.007   3.326    -2.53318     0.00340    19.60515
    98  C   4.0  -0.037   3.127    -2.42490    -1.55883    17.55102
    99  C   4.0   0.238   2.154    -4.56974    -2.50672    16.28037
   100  N   5.0  -0.216   1.026    -6.23761    -3.33083    15.16618
   101  C   4.0   0.238   2.167    -0.16667    -2.53979    16.53170
   102  N   5.0  -0.217   1.035     1.60003    -3.44648    15.65978
   103  C   4.0  -0.105   4.489   -11.84461     1.82377    22.37738
   104  C   4.0  -0.102   4.331   -13.43576    -0.58052    22.81882
   105  C   4.0  -0.062   3.279   -15.80132     0.39080    24.09174
   106  C   4.0  -0.062   3.279   -15.18319     1.08584    26.42045
   107  C   4.0  -0.102   4.331   -12.38923     0.59602    26.76117
   108  C   4.0  -0.169   4.319   -12.09141    -1.76141    25.09991
   109  C   4.0  -0.105   4.485   -11.11612     2.64373    25.11899
   110  H   1.0   0.076   1.012    -6.95173    -3.86317   -19.31432
   111  H   1.0   0.075   1.004   -10.83682     1.84135    -9.64044
   112  H   1.0   0.077   1.006   -16.66700    -0.82581   -16.74694
   113  H   1.0   0.088   1.004   -20.07021     0.47829   -11.41621
   114  H   1.0   0.087   1.003   -20.55436     4.34278   -14.60475
   115  H   1.0   0.078   1.002   -23.39689     5.21640   -10.62839
   116  H   1.0   0.078   1.002   -20.40866     6.63369    -6.85139
   117  H   1.0   0.087   1.003   -15.72649     6.63596    -8.50263
   118  H   1.0   0.087   1.004   -15.78904     5.69885   -13.49302
   119  H   1.0   0.086   1.003   -17.93633     8.16626   -12.72050
   120  H   1.0   0.088   1.004   -17.13830     1.86686    -7.71594
   121  H   1.0   0.080   1.006    -2.69513    -5.44090   -19.79110
   122  H   1.0   0.081   1.017     4.30215    -6.86896   -14.19978
   123  H   1.0   0.079   1.015     2.03580    -9.23868   -14.96757
   124  H   1.0   0.081   0.999     6.45549   -11.00142   -14.96946
   125  H   1.0   0.082   1.001     5.10132   -11.13408   -18.02364
   126  H   1.0   0.082   1.001     7.31532    -8.74886   -17.29137
   127  H   1.0   0.076   1.007     3.36409     0.02627   -17.68689
   128  H   1.0   0.074   1.005     5.70470     0.14041   -21.70690
   129  H   1.0   0.075   1.005     9.78368    -2.05791   -22.10469
   130  H   1.0   0.081   1.003    12.71086    -5.18427   -20.44967
   131  H   1.0   0.081   1.003    12.31364    -6.43206   -17.37206
   132  H   1.0   0.081   0.999    14.41729    -1.19412   -18.59377
   133  H   1.0   0.081   0.998    16.21385    -3.83388   -17.61792
   134  H   1.0   0.081   0.999    14.01024    -2.44039   -15.52996
   135  H   1.0   0.076   1.010     9.20259    -4.52514   -14.45981
   136  H   1.0   0.076   1.008    14.24060     1.12836    10.12383
   137  H   1.0   0.074   1.004    17.51474     2.98652    12.85127
   138  H   1.0   0.075   1.005    16.37221     6.17184    16.04415
   139  H   1.0   0.081   1.003    12.97070     8.02831    18.63742
   140  H   1.0   0.081   1.003     9.79766     7.93250    17.58636
   141  H   1.0   0.081   0.998    11.56323    12.26508    17.16873
   142  H   1.0   0.081   0.999    14.01137    11.10120    15.21891
   143  H   1.0   0.081   0.999    10.85440    11.00293    14.15934
   144  H   1.0   0.076   1.007     8.67705     5.76650    13.69673
   145  H   1.0   0.085   1.006     2.71705     0.79746    -1.57471
   146  H   1.0   0.081   1.004     1.25043    -0.92823    -4.07312
   147  H   1.0   0.082   0.999     0.51741     3.73334    -4.36262
   148  H   1.0   0.083   1.002     2.19114     2.62048    -7.01674
   149  H   1.0   0.082   0.999     3.81366     4.23544    -4.58448
   150  H   1.0   0.085   1.006     3.67873    -2.54130     0.10016
   151  H   1.0   0.081   1.003     2.84253    -1.08319     3.02470
   152  H   1.0   0.082   0.999     3.72238    -5.70754     3.44440
   153  H   1.0   0.082   0.999     6.83212    -5.21659     2.32625
   154  H   1.0   0.083   1.002     5.87270    -3.91721     5.24909
   155  H   1.0   0.076   1.006     6.80698     0.09222    19.47400
   156  H   1.0   0.076   1.009     2.18887     3.17833    12.00996
   157  H   1.0   0.073   1.007     3.21934     1.82340    22.17121
   158  H   1.0   0.075   1.004    -5.36588     2.85897    27.07032
   159  H   1.0   0.076   1.006    -7.85616     0.13852    18.23151
   160  H   1.0   0.088   1.004   -12.77322     3.19080    21.15359
   161  H   1.0   0.087   1.003   -13.69314    -1.75745    21.15643
   162  H   1.0   0.078   1.002   -17.59845     0.56333    23.16426
   163  H   1.0   0.078   1.002   -16.36125     1.95492    27.82659
   164  H   1.0   0.087   1.003   -11.69835     0.48887    28.69171
   165  H   1.0   0.087   1.004   -10.13781    -2.29451    24.73916
   166  H   1.0   0.086   1.003   -13.11640    -3.37770    25.85410
   167  H   1.0   0.088   1.004   -11.56418     4.55632    25.72862
 
  Z AO/shell   Hii/eV     exponent
  1     Sat Feb 20 21:38:01 CET 2016    EN: 2.327 GAM: 0.473  GM3: 0.0000
     1s    -13.751157    1.051071
  6     Sat Feb 20 21:38:01 CET 2016    EN: 2.731 GAM: 0.422  GM3: 0.0000
     2s    -19.378245    2.021003
     2p    -11.993376    1.497917
  7     Sat Feb 20 21:38:01 CET 2016    EN: 3.573 GAM: 0.504  GM3: 0.0000
     2s    -21.576984    2.275442
     2p    -16.125120    2.056788
  8     Sat Feb 20 21:38:01 CET 2016    EN: 3.700 GAM: 0.587  GM3: 0.0000
     2s    -21.648843    2.110798
     2p    -17.239740    2.329048
  9     Sat Feb 20 21:51:24 CET 2016    EN: 3.394 GAM: 0.669  GM3: 0.0000
     2s    -19.384211    2.614957
     2p    -19.426034    2.777297
 16     Sat Feb 20 23:13:41 CET 2016    EN: 1.915 GAM: 0.389  GM3: 0.0000
     3s    -22.000000    2.671470
     3p    -15.834192    1.836978
     3d     -2.593599    1.836978
 
 dipole moment of classical point charges (au)
     X       Y       Z   
   0.2273   0.6818   0.3526  total (Debye):    2.035

 
 Nbf   :          536
 T(el) :   300.0
 calculating S/T integrals ...
 cpu time for ints   0.711283000000000     
 Nao   :          529
 making H0...
 making H1...
 cpu time for H      0.397886000000000     
 solving ...
 cpu time for diag    1.08535400000000     
 
 gap (eV)           :   1.267
 Koopmans IP (eV)   :  11.713
 Eel (Eh)           :  -410.725966
 T,E(Fermi),NFOD :    300.000   -11.080  0.000000
 T,E(Fermi),NFOD :    300.000   -11.080  0.000000
 Nfod               :  0.0000
 Nfod/Nel           :  0.0000

          eigenvalues
 #    :         251        252        253        254        255        256        257        258
 occ. :        2.000      2.000      2.000      2.000      2.000      2.000      2.000      2.000
 eps  :       -14.988    -14.961    -14.652    -14.532    -14.466    -14.430    -14.323    -14.159
 #    :         259        260        261        262        263        264        265        266
 occ. :        2.000      2.000      2.000      2.000      2.000      0.000      0.000      0.000
 eps  :       -13.838    -13.526    -13.469    -12.621    -11.714    -10.447     -9.819     -9.669
 #    :         267        268        269        270        271        272        273        274
 occ. :        0.000      0.000      0.000      0.000      0.000      0.000      0.000      0.000
 eps  :        -9.647     -9.308     -8.931     -8.903     -8.779     -8.307     -8.110     -7.845
                            1  SCC done.
 making H1...
 cpu time for H       1.17126400000000     
 solving ...
 cpu time for diag   0.134944000000000     
 
 gap (eV)           :   1.910
 Koopmans IP (eV)   :  12.020
 Eel (Eh)           :  -411.040929
 T,E(Fermi),NFOD :    300.000   -11.065  0.000000
 T,E(Fermi),NFOD :    300.000   -11.065  0.000000
 Nfod               :  0.0000
 Nfod/Nel           :  0.0000

          eigenvalues
 #    :         251        252        253        254        255        256        257        258
 occ. :        2.000      2.000      2.000      2.000      2.000      2.000      2.000      2.000
 eps  :       -14.787    -14.583    -14.496    -14.459    -14.331    -14.256    -14.166    -13.942
 #    :         259        260        261        262        263        264        265        266
 occ. :        2.000      2.000      2.000      2.000      2.000      0.000      0.000      0.000
 eps  :       -13.752    -13.700    -13.403    -12.946    -12.022    -10.111     -9.881     -9.819
 #    :         267        268        269        270        271        272        273        274
 occ. :        0.000      0.000      0.000      0.000      0.000      0.000      0.000      0.000
 eps  :        -9.460     -9.328     -8.924     -8.827     -8.716     -8.270     -8.185     -7.956
                            2  SCC done.
 
 
 Mulliken/CM5 charges    n(s)   n(p)   n(d)   
    1 C   0.0010 -0.0466   1.153  2.846  0.000
    2 C  -0.0201 -0.0219   1.170  2.850  0.000
    3 C   0.1341  0.1693   1.176  2.690  0.000
    4 O  -0.2220 -0.2684   1.622  4.600  0.000
    5 C  -0.0176 -0.0193   1.186  2.832  0.000
    6 C  -0.0168 -0.0661   1.151  2.866  0.000
    7 C  -0.0148 -0.0234   1.210  2.805  0.000
    8 C  -0.0153 -0.0242   1.209  2.806  0.000
    9 C  -0.0275 -0.0770   1.153  2.875  0.000
   10 C  -0.0061 -0.0093   1.175  2.831  0.000
   11 C   0.0186  0.0180   1.197  2.785  0.000
   12 C   0.0065  0.0127   1.115  2.878  0.000
   13 C   0.0986  0.2174   1.171  2.730  0.000
   14 N  -0.2105 -0.3407   1.642  3.569  0.000
   15 C   0.0990  0.2168   1.172  2.729  0.000
   16 N  -0.2117 -0.3420   1.642  3.570  0.000
   17 C  -0.0281 -0.0833   1.219  2.809  0.000
   18 C  -0.0203 -0.0807   1.192  2.828  0.000
   19 C  -0.0465 -0.1051   1.166  2.880  0.000
   20 C  -0.0481 -0.1067   1.166  2.882  0.000
   21 C  -0.0212 -0.0815   1.192  2.829  0.000
   22 C  -0.0633 -0.1653   1.159  2.904  0.000
   23 C  -0.0307 -0.0858   1.220  2.811  0.000
   24 C  -0.0042  0.0021   1.164  2.840  0.000
   25 C  -0.0595 -0.1074   1.157  2.902  0.000
   26 C  -0.0359 -0.0265   1.170  2.866  0.000
   27 S  -0.0542 -0.0964   1.898  4.125  0.031
   28 C  -0.0470 -0.1427   1.129  2.918  0.000
   29 C  -0.0717 -0.2215   1.085  2.987  0.000
   30 C  -0.0406 -0.0266   1.199  2.842  0.000
   31 S   0.1213  0.0915   1.894  3.926  0.059
   32 C  -0.0328 -0.0204   1.176  2.857  0.000
   33 C  -0.0247 -0.0257   1.172  2.852  0.000
   34 C   0.0054 -0.0022   1.165  2.829  0.000
   35 C  -0.0378 -0.0904   1.140  2.898  0.000
   36 C  -0.0266 -0.0827   1.135  2.891  0.000
   37 C  -0.0378 -0.0922   1.139  2.899  0.000
   38 C   0.0022 -0.0145   1.182  2.816  0.000
   39 C  -0.0436 -0.1506   1.124  2.919  0.000
   40 C  -0.0898 -0.2412   1.096  2.994  0.000
   41 C  -0.0452 -0.0967   1.144  2.901  0.000
   42 C  -0.0587 -0.0447   1.175  2.884  0.000
   43 S   0.1236  0.0899   1.893  3.931  0.053
   44 C  -0.0487 -0.0269   1.169  2.880  0.000
   45 C  -0.0126  0.0002   1.153  2.859  0.000
   46 C   0.0175  0.1055   1.205  2.777  0.000
   47 C   0.0185  0.1065   1.205  2.777  0.000
   48 N  -0.2017 -0.3633   1.530  3.672  0.000
   49 S   0.2340  0.3689   1.910  3.703  0.153
   50 N  -0.2061 -0.3676   1.530  3.676  0.000
   51 C  -0.0105  0.0024   1.154  2.856  0.000
   52 C  -0.0501 -0.0283   1.167  2.883  0.000
   53 S   0.1207  0.0874   1.893  3.933  0.054
   54 C  -0.0587 -0.0443   1.174  2.885  0.000
   55 C  -0.0192 -0.0186   1.165  2.854  0.000
   56 C   0.0086  0.0020   1.164  2.827  0.000
   57 C  -0.0348 -0.0875   1.138  2.897  0.000
   58 C  -0.0284 -0.0846   1.136  2.892  0.000
   59 C  -0.0417 -0.0961   1.139  2.903  0.000
   60 C  -0.0025 -0.0188   1.182  2.820  0.000
   61 C  -0.0444 -0.1513   1.125  2.920  0.000
   62 C  -0.0902 -0.2416   1.096  2.995  0.000
   63 C  -0.0497 -0.1002   1.145  2.905  0.000
   64 C  -0.0389 -0.0271   1.176  2.863  0.000
   65 S   0.1028  0.0664   1.890  3.956  0.051
   66 C  -0.0481 -0.0303   1.161  2.887  0.000
   67 C  -0.0079  0.0613   1.168  2.840  0.000
   68 N  -0.0872 -0.3443   1.292  3.795  0.000
   69 C   0.0190  0.0883   1.186  2.795  0.000
   70 C   0.0211  0.0905   1.187  2.792  0.000
   71 N  -0.0874 -0.3445   1.293  3.795  0.000
   72 C  -0.0076  0.0616   1.167  2.840  0.000
   73 C  -0.0474 -0.0297   1.166  2.882  0.000
   74 S   0.1029  0.0688   1.893  3.957  0.047
   75 C   0.0311 -0.0181   1.148  2.820  0.000
   76 C  -0.0859 -0.2325   1.094  2.992  0.000
   77 C   0.0312 -0.0180   1.148  2.820  0.000
   78 C  -0.0855 -0.2322   1.094  2.992  0.000
   79 C   0.0283  0.0266   1.157  2.815  0.000
   80 C   0.0960  0.1105   1.164  2.740  0.000
   81 F  -0.1240 -0.1492   1.678  5.446  0.000
   82 C  -0.0194 -0.0674   1.134  2.886  0.000
   83 C   0.0170  0.0125   1.153  2.829  0.000
   84 C   0.0894  0.1046   1.169  2.742  0.000
   85 F  -0.1367 -0.1614   1.683  5.454  0.000
   86 C  -0.0246 -0.0713   1.133  2.891  0.000
   87 C   0.0006 -0.0474   1.159  2.841  0.000
   88 C  -0.0089 -0.0110   1.182  2.827  0.000
   89 C   0.1467  0.1816   1.177  2.676  0.000
   90 O  -0.2173 -0.2637   1.626  4.591  0.000
   91 C  -0.0173 -0.0191   1.188  2.829  0.000
   92 C  -0.0148 -0.0641   1.151  2.864  0.000
   93 C  -0.0119 -0.0205   1.210  2.802  0.000
   94 C  -0.0122 -0.0210   1.210  2.802  0.000
   95 C  -0.0240 -0.0735   1.151  2.873  0.000
   96 C  -0.0031 -0.0062   1.176  2.827  0.000
   97 C   0.0251  0.0257   1.198  2.777  0.000
   98 C   0.0179  0.0252   1.116  2.866  0.000
   99 C   0.1022  0.2216   1.170  2.728  0.000
  100 N  -0.2068 -0.3361   1.642  3.565  0.000
  101 C   0.1040  0.2252   1.170  2.726  0.000
  102 N  -0.2098 -0.3391   1.643  3.567  0.000
  103 C  -0.0276 -0.0828   1.219  2.809  0.000
  104 C  -0.0201 -0.0805   1.192  2.828  0.000
  105 C  -0.0464 -0.1050   1.166  2.880  0.000
  106 C  -0.0470 -0.1055   1.166  2.881  0.000
  107 C  -0.0205 -0.0808   1.192  2.828  0.000
  108 C  -0.0632 -0.1653   1.159  2.904  0.000
  109 C  -0.0294 -0.0845   1.220  2.810  0.000
  110 H   0.0641  0.1317   0.936  0.000  0.000
  111 H   0.0503  0.1089   0.950  0.000  0.000
  112 H   0.0534  0.1177   0.947  0.000  0.000
  113 H   0.0477  0.1064   0.952  0.000  0.000
  114 H   0.0464  0.1042   0.954  0.000  0.000
  115 H   0.0472  0.1035   0.953  0.000  0.000
  116 H   0.0467  0.1030   0.953  0.000  0.000
  117 H   0.0451  0.1028   0.955  0.000  0.000
  118 H   0.0360  0.0953   0.964  0.000  0.000
  119 H   0.0377  0.0945   0.962  0.000  0.000
  120 H   0.0471  0.1058   0.953  0.000  0.000
  121 H   0.0601  0.1190   0.940  0.000  0.000
  122 H   0.0424  0.1037   0.958  0.000  0.000
  123 H   0.0395  0.0962   0.961  0.000  0.000
  124 H   0.0378  0.0896   0.962  0.000  0.000
  125 H   0.0343  0.0873   0.966  0.000  0.000
  126 H   0.0359  0.0900   0.964  0.000  0.000
  127 H   0.0386  0.0984   0.961  0.000  0.000
  128 H   0.0427  0.0994   0.957  0.000  0.000
  129 H   0.0369  0.0944   0.963  0.000  0.000
  130 H   0.0367  0.0926   0.963  0.000  0.000
  131 H   0.0359  0.0917   0.964  0.000  0.000
  132 H   0.0291  0.0817   0.971  0.000  0.000
  133 H   0.0332  0.0848   0.967  0.000  0.000
  134 H   0.0305  0.0834   0.970  0.000  0.000
  135 H   0.0356  0.0971   0.964  0.000  0.000
  136 H   0.0404  0.1004   0.960  0.000  0.000
  137 H   0.0422  0.0988   0.958  0.000  0.000
  138 H   0.0358  0.0933   0.964  0.000  0.000
  139 H   0.0373  0.0932   0.963  0.000  0.000
  140 H   0.0343  0.0902   0.966  0.000  0.000
  141 H   0.0327  0.0843   0.967  0.000  0.000
  142 H   0.0300  0.0827   0.970  0.000  0.000
  143 H   0.0287  0.0814   0.971  0.000  0.000
  144 H   0.0322  0.0931   0.968  0.000  0.000
  145 H   0.0558  0.1269   0.944  0.000  0.000
  146 H   0.0520  0.1180   0.948  0.000  0.000
  147 H   0.0423  0.0946   0.958  0.000  0.000
  148 H   0.0333  0.0905   0.967  0.000  0.000
  149 H   0.0315  0.0865   0.969  0.000  0.000
  150 H   0.0551  0.1263   0.945  0.000  0.000
  151 H   0.0516  0.1174   0.948  0.000  0.000
  152 H   0.0421  0.0944   0.958  0.000  0.000
  153 H   0.0316  0.0866   0.968  0.000  0.000
  154 H   0.0339  0.0910   0.966  0.000  0.000
  155 H   0.0535  0.1127   0.946  0.000  0.000
  156 H   0.0511  0.1121   0.949  0.000  0.000
  157 H   0.0670  0.1292   0.933  0.000  0.000
  158 H   0.0515  0.1099   0.949  0.000  0.000
  159 H   0.0525  0.1153   0.947  0.000  0.000
  160 H   0.0479  0.1067   0.952  0.000  0.000
  161 H   0.0466  0.1044   0.953  0.000  0.000
  162 H   0.0474  0.1037   0.953  0.000  0.000
  163 H   0.0472  0.1035   0.953  0.000  0.000
  164 H   0.0457  0.1034   0.954  0.000  0.000
  165 H   0.0355  0.0948   0.964  0.000  0.000
  166 H   0.0384  0.0952   0.962  0.000  0.000
  167 H   0.0477  0.1064   0.952  0.000  0.000
 Hirshfeld charges for QMDFF written to <charges>
 
 Loewdin charges    n(s)   n(p)   n(d)
    1 C   0.0084   1.099  2.892  0.000
    2 C  -0.0281   1.132  2.896  0.000
    3 C   0.1254   1.141  2.733  0.000
    4 O  -0.2030   1.590  4.613  0.000
    5 C  -0.0193   1.146  2.874  0.000
    6 C  -0.0129   1.098  2.915  0.000
    7 C  -0.0101   1.169  2.841  0.000
    8 C  -0.0100   1.168  2.841  0.000
    9 C  -0.0255   1.100  2.925  0.000
   10 C  -0.0024   1.133  2.869  0.000
   11 C   0.0294   1.153  2.818  0.000
   12 C  -0.0050   1.074  2.931  0.000
   13 C   0.0926   1.137  2.770  0.000
   14 N  -0.1996   1.604  3.596  0.000
   15 C   0.0933   1.138  2.769  0.000
   16 N  -0.2008   1.604  3.597  0.000
   17 C  -0.0216   1.173  2.848  0.000
   18 C  -0.0105   1.144  2.866  0.000
   19 C  -0.0384   1.115  2.923  0.000
   20 C  -0.0400   1.115  2.925  0.000
   21 C  -0.0114   1.144  2.867  0.000
   22 C  -0.0600   1.101  2.958  0.000
   23 C  -0.0241   1.174  2.850  0.000
   24 C   0.0177   1.119  2.864  0.000
   25 C  -0.0547   1.106  2.949  0.000
   26 C  -0.0127   1.125  2.888  0.000
   27 S  -0.0930   1.887  4.124  0.082
   28 C  -0.0206   1.064  2.957  0.000
   29 C  -0.0719   1.011  3.060  0.000
   30 C  -0.0181   1.155  2.863  0.000
   31 S   0.0797   1.882  3.924  0.114
   32 C  -0.0142   1.133  2.881  0.000
   33 C  -0.0258   1.133  2.893  0.000
   34 C   0.0123   1.121  2.867  0.000
   35 C  -0.0338   1.087  2.947  0.000
   36 C  -0.0185   1.080  2.938  0.000
   37 C  -0.0340   1.086  2.948  0.000
   38 C   0.0102   1.139  2.851  0.000
   39 C  -0.0381   1.063  2.975  0.000
   40 C  -0.0912   1.023  3.068  0.000
   41 C  -0.0443   1.093  2.951  0.000
   42 C  -0.0382   1.132  2.907  0.000
   43 S   0.0840   1.879  3.930  0.107
   44 C  -0.0282   1.125  2.903  0.000
   45 C  -0.0200   1.115  2.905  0.000
   46 C   0.0121   1.172  2.816  0.000
   47 C   0.0130   1.171  2.816  0.000
   48 N  -0.1623   1.492  3.670  0.000
   49 S   0.1697   1.902  3.710  0.219
   50 N  -0.1666   1.492  3.674  0.000
   51 C  -0.0174   1.116  2.901  0.000
   52 C  -0.0303   1.124  2.907  0.000
   53 S   0.0815   1.879  3.932  0.107
   54 C  -0.0381   1.131  2.907  0.000
   55 C  -0.0220   1.126  2.896  0.000
   56 C   0.0151   1.120  2.865  0.000
   57 C  -0.0313   1.085  2.946  0.000
   58 C  -0.0200   1.081  2.939  0.000
   59 C  -0.0380   1.086  2.952  0.000
   60 C   0.0057   1.139  2.856  0.000
   61 C  -0.0389   1.063  2.976  0.000
   62 C  -0.0915   1.023  3.069  0.000
   63 C  -0.0491   1.093  2.956  0.000
   64 C  -0.0189   1.133  2.886  0.000
   65 S   0.0647   1.876  3.953  0.106
   66 C  -0.0276   1.118  2.910  0.000
   67 C  -0.0199   1.137  2.883  0.000
   68 N  -0.0456   1.251  3.795  0.000
   69 C   0.0085   1.154  2.838  0.000
   70 C   0.0111   1.155  2.834  0.000
   71 N  -0.0460   1.252  3.794  0.000
   72 C  -0.0201   1.136  2.884  0.000
   73 C  -0.0266   1.122  2.904  0.000
   74 S   0.0657   1.880  3.955  0.099
   75 C   0.0327   1.092  2.876  0.000
   76 C  -0.0882   1.021  3.067  0.000
   77 C   0.0328   1.092  2.876  0.000
   78 C  -0.0878   1.021  3.067  0.000
   79 C   0.0301   1.114  2.856  0.000
   80 C   0.0859   1.130  2.784  0.000
   81 F  -0.1064   1.661  5.445  0.000
   82 C  -0.0186   1.082  2.937  0.000
   83 C   0.0185   1.111  2.871  0.000
   84 C   0.0816   1.134  2.785  0.000
   85 F  -0.1189   1.666  5.453  0.000
   86 C  -0.0252   1.082  2.943  0.000
   87 C   0.0099   1.104  2.886  0.000
   88 C  -0.0143   1.143  2.871  0.000
   89 C   0.1383   1.143  2.719  0.000
   90 O  -0.2017   1.595  4.607  0.000
   91 C  -0.0194   1.148  2.871  0.000
   92 C  -0.0108   1.098  2.913  0.000
   93 C  -0.0073   1.170  2.838  0.000
   94 C  -0.0066   1.169  2.837  0.000
   95 C  -0.0222   1.099  2.923  0.000
   96 C   0.0011   1.134  2.865  0.000
   97 C   0.0349   1.154  2.811  0.000
   98 C   0.0064   1.074  2.919  0.000
   99 C   0.0953   1.137  2.768  0.000
  100 N  -0.1955   1.603  3.592  0.000
  101 C   0.0968   1.136  2.767  0.000
  102 N  -0.1985   1.604  3.594  0.000
  103 C  -0.0212   1.173  2.848  0.000
  104 C  -0.0103   1.144  2.866  0.000
  105 C  -0.0383   1.115  2.923  0.000
  106 C  -0.0388   1.115  2.924  0.000
  107 C  -0.0107   1.144  2.866  0.000
  108 C  -0.0599   1.102  2.958  0.000
  109 C  -0.0229   1.174  2.849  0.000
  110 H   0.0535   0.946  0.000  0.000
  111 H   0.0403   0.960  0.000  0.000
  112 H   0.0432   0.957  0.000  0.000
  113 H   0.0395   0.961  0.000  0.000
  114 H   0.0384   0.962  0.000  0.000
  115 H   0.0388   0.961  0.000  0.000
  116 H   0.0384   0.962  0.000  0.000
  117 H   0.0373   0.963  0.000  0.000
  118 H   0.0321   0.968  0.000  0.000
  119 H   0.0339   0.966  0.000  0.000
  120 H   0.0390   0.961  0.000  0.000
  121 H   0.0504   0.950  0.000  0.000
  122 H   0.0383   0.962  0.000  0.000
  123 H   0.0352   0.965  0.000  0.000
  124 H   0.0372   0.963  0.000  0.000
  125 H   0.0334   0.967  0.000  0.000
  126 H   0.0351   0.965  0.000  0.000
  127 H   0.0309   0.969  0.000  0.000
  128 H   0.0348   0.965  0.000  0.000
  129 H   0.0298   0.970  0.000  0.000
  130 H   0.0333   0.967  0.000  0.000
  131 H   0.0327   0.967  0.000  0.000
  132 H   0.0289   0.971  0.000  0.000
  133 H   0.0329   0.967  0.000  0.000
  134 H   0.0301   0.970  0.000  0.000
  135 H   0.0290   0.971  0.000  0.000
  136 H   0.0328   0.967  0.000  0.000
  137 H   0.0343   0.966  0.000  0.000
  138 H   0.0289   0.971  0.000  0.000
  139 H   0.0338   0.966  0.000  0.000
  140 H   0.0312   0.969  0.000  0.000
  141 H   0.0326   0.967  0.000  0.000
  142 H   0.0297   0.970  0.000  0.000
  143 H   0.0286   0.971  0.000  0.000
  144 H   0.0254   0.975  0.000  0.000
  145 H   0.0503   0.950  0.000  0.000
  146 H   0.0457   0.954  0.000  0.000
  147 H   0.0418   0.958  0.000  0.000
  148 H   0.0328   0.967  0.000  0.000
  149 H   0.0309   0.969  0.000  0.000
  150 H   0.0497   0.950  0.000  0.000
  151 H   0.0453   0.955  0.000  0.000
  152 H   0.0416   0.958  0.000  0.000
  153 H   0.0310   0.969  0.000  0.000
  154 H   0.0333   0.967  0.000  0.000
  155 H   0.0436   0.956  0.000  0.000
  156 H   0.0417   0.958  0.000  0.000
  157 H   0.0551   0.945  0.000  0.000
  158 H   0.0412   0.959  0.000  0.000
  159 H   0.0424   0.958  0.000  0.000
  160 H   0.0397   0.960  0.000  0.000
  161 H   0.0386   0.961  0.000  0.000
  162 H   0.0390   0.961  0.000  0.000
  163 H   0.0388   0.961  0.000  0.000
  164 H   0.0377   0.962  0.000  0.000
  165 H   0.0317   0.968  0.000  0.000
  166 H   0.0344   0.966  0.000  0.000
  167 H   0.0395   0.960  0.000  0.000
 
 Wiberg/Mayer (AO) data. WBOs > 0.1 written file <wbo>
 largest (>0.05) Wiberg bond orders for each atom
           total WBO             WBO to atom ...
     1  C   3.930    C    2 1.505    C   24 1.251    H  110 0.919
     2  C   3.917    C    1 1.505    C   11 1.095    C    3 1.024    C   25 0.071    O    4 0.061
     3  C   3.905    O    4 1.742    C    2 1.024    C    5 0.994
     4  O   2.178    C    3 1.742    S   31 0.067    C    2 0.061    C    5 0.054
     5  C   3.933    C    6 1.356    C   10 1.286    C    3 0.994    C    8 0.090    O    4 0.054
     6  C   3.959    C    7 1.423    C    5 1.356    H  111 0.941    C    9 0.082
     7  C   3.917    C    6 1.423    C    8 1.310    C   23 0.947    C   10 0.090
     8  C   3.928    C    9 1.429    C    7 1.310    C   17 0.949    C    5 0.090
     9  C   3.954    C    8 1.429    C   10 1.346    H  112 0.934    C    6 0.082
    10  C   3.944    C    9 1.346    C    5 1.286    C   11 1.048    C    7 0.090
    11  C   3.930    C   12 1.468    C    2 1.095    C   10 1.048    N   16 0.091    N   14 0.091
    12  C   3.931    C   11 1.468    C   15 1.061    C   13 1.061    N   16 0.079    N   14 0.079
    13  C   3.939    N   14 2.786    C   12 1.061
    14  N   3.045    C   13 2.786    C   11 0.091    C   12 0.079
    15  C   3.939    N   16 2.780    C   12 1.061
    16  N   3.043    C   15 2.780    C   11 0.091    C   12 0.079
    17  C   3.930    C   23 0.949    C    8 0.949    H  113 0.941    C   18 0.929
    18  C   3.949    C   19 0.985    C   22 0.974    H  114 0.946    C   17 0.929
    19  C   3.959    C   20 1.935    C   18 0.985    H  115 0.937
    20  C   3.959    C   19 1.935    C   21 0.985    H  116 0.937
    21  C   3.949    C   20 0.985    C   22 0.974    H  117 0.946    C   23 0.928
    22  C   3.967    C   18 0.974    C   21 0.974    H  119 0.962    H  118 0.960
    23  C   3.927    C   17 0.949    C    7 0.947    H  120 0.941    C   21 0.928
    24  C   3.923    C   25 1.404    C    1 1.251    S   31 1.078    C   30 0.068
    25  C   3.935    C   24 1.404    C   26 1.341    H  121 0.934    C    2 0.071    S   31 0.069
    26  C   3.926    C   30 1.364    C   25 1.341    S   27 1.021
    27  S   2.162    C   26 1.021    C   28 0.954
    28  C   3.965    C   29 1.016    H  123 0.978    H  122 0.971    S   27 0.954
    29  C   3.984    C   28 1.016    H  125 0.985    H  126 0.983    H  124 0.977
    30  C   3.906    C   26 1.364    C   32 1.155    S   31 1.101    C   24 0.068
    31  S   2.565    C   30 1.101    C   24 1.078    C   25 0.069    O    4 0.067
    32  C   3.909    C   33 1.417    C   30 1.155    S   74 1.067    C   73 0.061
    33  C   3.918    C   32 1.417    C   42 1.226    C   34 1.006    S   74 0.062
    34  C   3.955    C   41 1.372    C   35 1.362    C   33 1.006    C   37 0.102
    35  C   3.969    C   36 1.443    C   34 1.362    H  127 0.945    C   38 0.104
    36  C   3.972    C   35 1.443    C   37 1.426    H  128 0.944    C   41 0.103
    37  C   3.965    C   36 1.426    C   38 1.388    H  129 0.946    C   34 0.102
    38  C   3.949    C   41 1.401    C   37 1.388    C   39 0.981    C   35 0.104
    39  C   3.972    C   40 0.991    C   38 0.981    H  130 0.967    H  131 0.966
    40  C   3.983    C   39 0.991    H  132 0.985    H  134 0.984    H  133 0.980
    41  C   3.966    C   38 1.401    C   34 1.372    H  135 0.943    C   36 0.103
    42  C   3.910    C   73 1.352    C   33 1.226    S   43 1.076    C   44 0.056
    43  S   2.488    C   44 1.104    C   42 1.076    C   72 0.055    C   73 0.053
    44  C   3.916    C   72 1.351    C   45 1.192    S   43 1.104    C   42 0.056
    45  C   3.926    C   70 1.285    C   44 1.192    C   46 1.166
    46  C   3.927    N   50 1.429    C   45 1.166    C   47 1.097    S   49 0.074
    47  C   3.928    N   48 1.430    C   51 1.166    C   46 1.097    S   49 0.074
    48  N   3.075    C   47 1.430    S   49 1.283    N   50 0.202
    49  S   2.810    N   48 1.283    N   50 1.281    C   46 0.074    C   47 0.074
    50  N   3.072    C   46 1.429    S   49 1.281    N   48 0.202
    51  C   3.925    C   69 1.287    C   52 1.189    C   47 1.166
    52  C   3.926    C   67 1.358    C   51 1.189    S   53 1.104    C   54 0.059
    53  S   2.493    C   52 1.104    C   54 1.081    C   67 0.057    C   66 0.053
    54  C   3.909    C   66 1.367    C   55 1.206    S   53 1.081    C   52 0.059    S   65 0.051
    55  C   3.926    C   64 1.478    C   54 1.206    C   56 1.005    S   65 0.068
    56  C   3.955    C   57 1.370    C   63 1.370    C   55 1.005    C   59 0.103
    57  C   3.969    C   58 1.438    C   56 1.370    H  136 0.944    C   60 0.104
    58  C   3.972    C   57 1.438    C   59 1.431    H  137 0.944    C   63 0.105
    59  C   3.967    C   58 1.431    C   60 1.384    H  138 0.947    C   56 0.103
    60  C   3.950    C   63 1.407    C   59 1.384    C   61 0.981    C   57 0.104
    61  C   3.972    C   62 0.991    C   60 0.981    H  140 0.967    H  139 0.966
    62  C   3.984    C   61 0.991    H  143 0.984    H  142 0.984    H  141 0.980
    63  C   3.970    C   60 1.407    C   56 1.370    H  144 0.944    C   58 0.105
    64  C   3.905    C   55 1.478    S   65 1.090    C   79 1.059    C   66 0.071
    65  S   2.514    C   66 1.101    C   64 1.090    C   55 0.068    C   54 0.051
    66  C   3.930    C   54 1.367    C   67 1.225    S   65 1.101    C   64 0.071    S   53 0.053
    67  C   3.901    C   52 1.358    C   66 1.225    N   68 1.070    S   53 0.057
    68  N   3.402    C   69 1.085    C   67 1.070    C   77 0.945
    69  C   3.903    C   51 1.287    C   70 1.249    N   68 1.085
    70  C   3.898    C   45 1.285    C   69 1.249    N   71 1.086
    71  N   3.398    C   70 1.086    C   72 1.067    C   75 0.945
    72  C   3.903    C   44 1.351    C   73 1.236    N   71 1.067    S   43 0.055
    73  C   3.918    C   42 1.352    C   72 1.236    S   74 1.096    C   32 0.061    S   43 0.053
    74  S   2.485    C   73 1.096    C   32 1.067    C   33 0.062
    75  C   3.932    C   76 1.002    H  146 0.970    H  145 0.965    N   71 0.945
    76  C   3.981    C   75 1.002    H  149 0.984    H  148 0.981    H  147 0.975
    77  C   3.933    C   78 1.002    H  151 0.970    H  150 0.965    N   68 0.945
    78  C   3.981    C   77 1.002    H  153 0.984    H  154 0.982    H  152 0.975
    79  C   3.942    C   86 1.339    C   80 1.295    C   64 1.059    C   83 0.088
    80  C   3.909    C   82 1.440    C   79 1.295    F   81 0.973    C   84 0.081
    81  F   1.101    C   80 0.973
    82  C   3.961    C   80 1.440    C   83 1.329    H  155 0.940    C   86 0.091
    83  C   3.932    C   82 1.329    C   84 1.294    C   87 1.083    C   79 0.088
    84  C   3.910    C   86 1.437    C   83 1.294    F   85 0.965    C   80 0.081
    85  F   1.092    C   84 0.965
    86  C   3.957    C   84 1.437    C   79 1.339    H  156 0.939    C   82 0.091
    87  C   3.933    C   88 1.665    C   83 1.083    H  157 0.932    O   90 0.054
    88  C   3.933    C   87 1.665    C   97 1.056    C   89 0.954    O   90 0.065
    89  C   3.906    O   90 1.819    C   91 0.993    C   88 0.954
    90  O   2.165    C   89 1.819    C   88 0.065    C   91 0.063    C   87 0.054
    91  C   3.933    C   92 1.350    C   96 1.280    C   89 0.993    C   94 0.089    O   90 0.063
    92  C   3.961    C   93 1.428    C   91 1.350    H  158 0.941    C   95 0.083
    93  C   3.918    C   92 1.428    C   94 1.305    C  109 0.947    C   96 0.089
    94  C   3.929    C   95 1.434    C   93 1.305    C  103 0.950    C   91 0.089
    95  C   3.956    C   94 1.434    C   96 1.343    H  159 0.936    C   92 0.083
    96  C   3.949    C   95 1.343    C   91 1.280    C   97 1.052    C   93 0.089
    97  C   3.936    C   98 1.498    C   88 1.056    C   96 1.052    N  102 0.098    N  100 0.097
    98  C   3.964    C   97 1.498    C  101 1.057    C   99 1.056    N  100 0.077    N  102 0.077
    99  C   3.940    N  100 2.798    C   98 1.056
   100  N   3.055    C   99 2.798    C   97 0.097    C   98 0.077
   101  C   3.941    N  102 2.799    C   98 1.057
   102  N   3.060    C  101 2.799    C   97 0.098    C   98 0.077
   103  C   3.930    C   94 0.950    C  109 0.949    H  160 0.941    C  104 0.928
   104  C   3.949    C  105 0.985    C  108 0.974    H  161 0.946    C  103 0.928
   105  C   3.959    C  106 1.934    C  104 0.985    H  162 0.937
   106  C   3.959    C  105 1.934    C  107 0.985    H  163 0.937
   107  C   3.949    C  106 0.985    C  108 0.974    H  164 0.946    C  109 0.928
   108  C   3.967    C  104 0.974    C  107 0.974    H  166 0.962    H  165 0.960
   109  C   3.927    C  103 0.949    C   93 0.947    H  167 0.941    C  107 0.928
   110  H   0.993    C    1 0.919
   111  H   0.996    C    6 0.941
   112  H   0.995    C    9 0.934
   113  H   0.996    C   17 0.941
   114  H   0.997    C   18 0.946
   115  H   0.997    C   19 0.937
   116  H   0.997    C   20 0.937
   117  H   0.997    C   21 0.946
   118  H   0.999    C   22 0.960
   119  H   0.998    C   22 0.962
   120  H   0.995    C   23 0.941
   121  H   0.994    C   25 0.934
   122  H   0.998    C   28 0.971
   123  H   0.998    C   28 0.978
   124  H   0.997    C   29 0.977
   125  H   0.999    C   29 0.985
   126  H   0.999    C   29 0.983
   127  H   0.996    C   35 0.945
   128  H   0.995    C   36 0.944
   129  H   0.996    C   37 0.946
   130  H   0.997    C   39 0.967
   131  H   0.998    C   39 0.966
   132  H   0.999    C   40 0.985
   133  H   0.997    C   40 0.980
   134  H   0.999    C   40 0.984
   135  H   0.999    C   41 0.943
   136  H   0.996    C   57 0.944
   137  H   0.995    C   58 0.944
   138  H   0.996    C   59 0.947
   139  H   0.997    C   61 0.966
   140  H   0.998    C   61 0.967
   141  H   0.997    C   62 0.980
   142  H   0.999    C   62 0.984
   143  H   0.999    C   62 0.984
   144  H   0.999    C   63 0.944
   145  H   0.996    C   75 0.965
   146  H   0.996    C   75 0.970
   147  H   0.998    C   76 0.975
   148  H   0.998    C   76 0.981
   149  H   0.999    C   76 0.984
   150  H   0.996    C   77 0.965
   151  H   0.996    C   77 0.970
   152  H   0.998    C   78 0.975
   153  H   0.999    C   78 0.984
   154  H   0.998    C   78 0.982
   155  H   0.995    C   82 0.940
   156  H   0.996    C   86 0.939
   157  H   0.990    C   87 0.932
   158  H   0.996    C   92 0.941
   159  H   0.995    C   95 0.936
   160  H   0.996    C  103 0.941
   161  H   0.997    C  104 0.946
   162  H   0.997    C  105 0.937
   163  H   0.997    C  106 0.937
   164  H   0.997    C  107 0.946
   165  H   0.999    C  108 0.960
   166  H   0.998    C  108 0.962
   167  H   0.995    C  109 0.941
 
 --------------------------------------------
          xTB calculation for sTDA...
 --------------------------------------------
 
 reading parameter file /ihome/ghutchison/blp62/xtb4stda/.param_stda2.xtb
 
      method parameters     
 k(s)        :  1.6000
 k(p)        :  2.1800
 k(d)        :  1.9500
 k(f)        :  2.0000
 k(R-V)      :  2.2750
 k(R-R)      :  1.7650
 Tscal       :  0.2580
 Gscal       :  1.0000
 fpol        :  1.0000
 Zcnf        :  0.3430
 Zqf         :  0.0000
 kcn         :  2.7000
 Ryd Hsplit  :  0.7000
 lshift(virt):  3.1000
 lshift(OS)  :  0.2000
 wllscaling  :  2.6000
 
 mowrcut     : 3.000
 
  Z AO/shell   Hii/eV     exponent
  1     Sun Feb 14 09:53:25 CET 2016    EN: 2.327 GAM: 0.473  GM3: 0.0000
     1s    -14.339618    1.220000
     2sp    -3.348946    0.600000
  6     Sun Feb 14 09:53:25 CET 2016    EN: 2.731 GAM: 0.422  GM3: 0.0000
     2s    -22.009312    1.565095
     2p    -13.020408    1.596905
     3sp    -3.914040    0.824500
  7     Sun Feb 14 09:53:25 CET 2016    EN: 3.573 GAM: 0.504  GM3: 0.0000
     2s    -25.722000    2.064844
     2p    -18.684912    1.801692
     3sp    -4.344791    0.921400
  8     Sun Feb 14 09:53:25 CET 2016    EN: 3.700 GAM: 0.587  GM3: 0.0000
     2s    -33.859000    2.418661
     2p    -22.175911    1.973969
     3sp    -4.259392    1.013700
  9     Sun Feb 21 12:20:01 CET 2016    EN: 3.394 GAM: 0.600  GM3: 0.0000
     2s    -26.548112    1.943768
     2p    -23.081168    2.552035
     3sp    -1.937199    1.103200
 16     Sun Feb 21 16:35:57 CET 2016    EN: 1.915 GAM: 0.200  GM3: 0.0000
     3s    -17.898811    2.619580
     3p    -15.317401    1.798798
     4sp    -4.455139    0.843200
 
 Nbf   :         1162
 T(el) :     0.0
 calculating S/T integrals ...
 cpu time for ints    2.41553700000000     
 Nao   :         1162
 making H0...
 making H1...
 cpu time for H      3.181399999999979E-002
 solving ...
 cpu time for diag   0.618890000000000     
 
 gap (eV)           :   4.309
 Koopmans IP (eV)   :  13.271
 Eel (Eh)           :  -452.593466

          eigenvalues
 #    :         251        252        253        254        255        256        257        258
 occ. :        2.000      2.000      2.000      2.000      2.000      2.000      2.000      2.000
 eps  :       -15.955    -15.834    -15.796    -15.707    -15.677    -15.487    -15.113    -14.948
 #    :         259        260        261        262        263        264        265        266
 occ. :        2.000      2.000      2.000      2.000      2.000      0.000      0.000      0.000
 eps  :       -14.554    -14.368    -14.077    -13.917    -13.272     -8.963     -8.842     -8.577
 #    :         267        268        269        270        271        272        273        274
 occ. :        0.000      0.000      0.000      0.000      0.000      0.000      0.000      0.000
 eps  :        -8.503     -7.311     -6.982     -6.715     -6.332     -6.272     -6.228     -5.829
                            1  SCC done.
 writing mo output ...
 molden style : F
 
speedup  3.73
cpu  time for all    6.70 s
wall time for all    1.79 s
