 
        ______________________________________
       |                                      |
       |          ===================         |
       |             xTB for sTDA             |
       |          ===================         |
       |               S. Grimme              |
       |        Universitaet Bonn, MCTC       |
       |         2015-19, Version 1.0         |
       |     Wed Apr  3 09:14:55 CEST 2019    |
       |______________________________________|
 
        This code comes without any warranty
        for non-commercial, academia use only.
        Preliminary test version.
        Cite this work as:
        S. Grimme  &  C. Bannwarth, JCP 145 (2016) 054103
        if GBSA is used additionally:
        P. Shushkov, F. März, C. Bannwarth, S. Grimme, unpublished.
 
        with help from
        P. Shushkov, G. Brandenburg, S. Dohm, J. Pisarek,
        F. März, M. Checinski, S. Ehrlich, S. Spicher, 
        P. Pracht, E. Caldeweyher, S. Ehlert, and C. Bannwarth.
 
        usage        :
        xtb4stda <coord_file> [options]
        where <coord_file> is a valid file of TM)
        (*coord, Bohr) or xmol (*xyz, Angstroem)
        format.

        options:
        -chrg <int>   : molecular charge
        -uhf  <int>   : # of unpaired electrons(=2*S)
        -nox          : skip second, extended part in sTDA-xTB
        -pop          : do population analysis
                      : (default for -nox)
        -mowr <real>  : cut MO write above (def.3 Eh)
        -molden       : write formatted molden file
        -parx <file>  : read parameters for sTDA-xTB
                        calc (def:~/.param_stda2.xtb)
        -parv <file>  : read parameters for vTB part in
                        sTDA-xTB (def: ~/.param_stda1.xtb)
        -xtemp <real> : el. temp for xTB (def. 0 K)
        -etemp <real> : el. temp for GFN (def. 300 K)
        -fod          : calculate the FOD and write
                        molden.input file with
                        appropriate occupations
                        for plotting. Def. T=12500 K
 
        -acc <real>   : xTB accuracy (def. 1.0)
        -gbsa [string1] [string2]
                        use GBSA implicit solvent
                        for solvent [string1] and
                        solvation state [string2]=
                        reference, bar1M (default=1M)
        additional GFN/opt/MD/siman options read from
        $XTB4STDAHOME/.xtb4stdarc or $set in input
 
       spin and charge state information can be on:
       <.CHRG> (charge) and <.UHF> (=nalpha-nbeta)
       -uhf and -chrg override the file info.
       useful machine settings:
       setenv MKL_NUM_THREADS <NCORE_ON_YOUR_MACHINE>
       setenv OMP_STACKSIZE 500m
       limit stacksize unlimited
 
       total energies in Eh, gaps/HL energies in eV
       please read REVISION and HOWTO files carefully
 =============================
  # OMP threads =           8
 =============================
 
 xtb4stdahome directory:/ihome/ghutchison/blp62/xtb4stda/
 
 
 name of molecule           :
 comment line               :
 number of atoms            :   252
 number of electrons        :   766
 charge                     :  0
 spin                       : 0.0
 first test random number   :  0.8203
 
 -----------------------------------------
      charge density (VTB) calculation
 -----------------------------------------
 
      method parameters     
 k(s)        :  1.8000
 k(p)        :  2.8350
 k(d)        :  2.0860
 k(f)        :  2.0000
 Tscal       :  0.3300
 Gscal       :  0.3910
 fpol        :  1.0000
 Zcnf        :  0.6500
 Zqf         :  0.0000
 kcn         :  0.3000
 kEN1        : -0.5900
 wllscal     :  2.6000
 
     -------------------------
     ! NO SOLVENT MODEL USED !
     -------------------------
 
 doing EN charges ...
 sum q : -0.5773160D-14
 point charge moment (au)
     X       Y       Z   
   0.1862  -0.0085   0.1542  total (Debye):    0.615
 
            Z      q(EN)   CN      Cart. coordinates
     1  C   4.0  -0.084   3.269     0.85397    23.84248    -0.95885
     2  C   4.0  -0.075   3.194    -0.35130    26.02852    -1.56866
     3  S   6.0   0.237   2.671    -2.57475    26.41761    -3.98902
     4  C   4.0   0.023   3.302    -3.15717    29.51657    -3.03169
     5  C   4.0  -0.046   3.195    -4.99530    30.95390    -4.16326
     6  C   4.0   0.235   2.174    -6.55981    29.83651    -6.00253
     7  N   5.0  -0.216   1.029    -7.85880    28.89070    -7.45932
     8  C   4.0   0.242   2.139    -5.47435    33.50711    -3.61599
     9  N   5.0  -0.217   1.030    -5.94640    35.59960    -3.28283
    10  N   5.0  -0.337   3.376    -1.60513    30.22333    -1.11872
    11  C   4.0   0.079   3.284    -1.82812    32.59362     0.14797
    12  C   4.0  -0.069   3.191    -3.79381    32.94681     1.84513
    13  C   4.0  -0.073   3.150    -4.00055    35.22827     3.09953
    14  C   4.0  -0.074   3.147    -2.25066    37.12537     2.66792
    15  C   4.0  -0.073   3.150    -0.27817    36.74270     0.99343
    16  C   4.0  -0.068   3.182    -0.05197    34.46785    -0.27477
    17  C   4.0   0.184   3.340     0.07370    28.39427    -0.23225
    18  O   6.0  -0.101   1.064     1.55789    28.76579     1.46492
    19  C   4.0  -0.078   3.244     0.23640    21.39472    -1.81319
    20  C   4.0   0.079   3.477    -2.10308    20.39619    -2.53563
    21  N   5.0  -0.321   3.275    -4.42876    21.54854    -2.27561
    22  C   4.0   0.078   3.312    -6.25329    21.10049    -4.16590
    23  C   4.0  -0.071   3.209    -5.55239    21.20669    -6.69700
    24  C   4.0  -0.074   3.187    -7.34858    20.92153    -8.56669
    25  C   4.0   0.008   3.154    -9.87250    20.53036    -7.96860
    26  C   4.0  -0.253   4.054   -11.85406    20.40243    -9.98286
    27  C   4.0  -0.074   3.187   -10.53919    20.34158    -5.43315
    28  C   4.0  -0.069   3.191    -8.76115    20.61275    -3.54531
    29  C   4.0   0.083   3.300    -5.04330    23.00515    -0.14872
    30  C   4.0  -0.072   3.221    -6.81454    24.94816    -0.33259
    31  C   4.0  -0.073   3.185    -7.34253    26.45522     1.73137
    32  C   4.0   0.008   3.151    -6.13216    26.08653     4.03211
    33  C   4.0  -0.252   4.052    -6.63350    27.76253     6.25726
    34  C   4.0  -0.074   3.186    -4.41213    24.10893     4.21787
    35  C   4.0  -0.069   3.197    -3.87999    22.57901     2.17432
    36  C   4.0  -0.104   3.476    -1.83644    17.87076    -3.35993
    37  S   6.0   0.233   2.607    -3.93951    15.63824    -4.48564
    38  C   4.0  -0.085   3.324    -1.50025    13.38115    -4.63569
    39  C   4.0   0.077   3.481     0.83167    14.35984    -3.92855
    40  N   5.0  -0.317   3.252     3.11351    13.07709    -3.99809
    41  C   4.0   0.082   3.309     3.65908    11.36576    -5.93884
    42  C   4.0  -0.071   3.210     5.09848     9.21506    -5.45205
    43  C   4.0  -0.074   3.185     5.50420     7.45100    -7.33214
    44  C   4.0   0.008   3.152     4.48508     7.76073    -9.73001
    45  C   4.0  -0.252   4.052     4.83732     5.80618   -11.74786
    46  C   4.0  -0.074   3.186     3.10047     9.94090   -10.21945
    47  C   4.0  -0.070   3.201     2.70495    11.72953    -8.36563
    48  C   4.0   0.082   3.300     4.90233    13.58070    -2.10421
    49  C   4.0  -0.072   3.210     4.13378    13.89723     0.39250
    50  C   4.0  -0.074   3.185     5.88914    14.43051     2.24745
    51  C   4.0   0.008   3.152     8.44311    14.64122     1.67619
    52  C   4.0  -0.252   4.052    10.33132    15.26143     3.69101
    53  C   4.0  -0.074   3.184     9.19465    14.30315    -0.81825
    54  C   4.0  -0.069   3.190     7.45743    13.78820    -2.69418
    55  C   4.0  -0.105   3.468     0.59923    16.91664    -3.17946
    56  S   6.0   0.224   2.567     2.67472    19.12119    -1.96248
    57  C   4.0  -0.088   3.325    -2.10534    10.82832    -5.25041
    58  C   4.0  -0.021   3.441    -4.02927     9.94563    -6.77882
    59  C   4.0  -0.005   3.245    -5.65387    11.53602    -8.35486
    60  C   4.0  -0.077   3.210    -4.63323    13.39759    -9.90953
    61  C   4.0  -0.072   3.148    -6.20303    14.85003   -11.40204
    62  C   4.0  -0.075   3.186    -8.79101    14.47360   -11.34969
    63  C   4.0   0.007   3.191    -9.84056    12.62299    -9.81656
    64  C   4.0  -0.174   4.064   -12.64945    12.24146    -9.68050
    65  C   4.0  -0.242   4.028   -13.69106    13.23659    -7.17434
    66  C   4.0  -0.076   3.243    -8.25054    11.15222    -8.34049
    67  C   4.0  -0.107   3.497    -4.19122     7.28905    -6.70191
    68  S   6.0   0.229   2.447    -6.15937     5.11662    -8.22409
    69  C   4.0  -0.086   3.404    -4.53837     2.68284    -6.75161
    70  C   4.0   0.008   3.424    -4.54744     0.03156    -6.63105
    71  C   4.0   0.075   3.659    -6.04618    -1.76463    -7.91077
    72  C   4.0   0.075   3.659    -5.58471    -4.40004    -7.48161
    73  N   5.0  -0.298   2.147    -7.08231    -5.86930    -8.84524
    74  S   6.0   0.426   2.893    -8.91970    -4.08597   -10.52181
    75  N   5.0  -0.298   2.147    -7.87600    -1.37081    -9.57127
    76  C   4.0   0.008   3.425    -3.75678    -5.10755    -5.67371
    77  C   4.0  -0.087   3.406    -3.11861    -7.49163    -4.70164
    78  S   6.0   0.228   2.441    -3.93932   -10.63727    -5.09319
    79  C   4.0  -0.106   3.492    -1.91675   -11.42434    -2.60348
    80  C   4.0  -0.021   3.445    -1.27424   -13.74001    -1.47040
    81  C   4.0  -0.006   3.257    -2.29375   -16.19873    -2.23044
    82  C   4.0  -0.076   3.197    -4.89099   -16.56383    -2.40675
    83  C   4.0  -0.072   3.147    -5.82848   -18.92617    -3.00618
    84  C   4.0  -0.074   3.184    -4.20105   -20.93042    -3.42229
    85  C   4.0   0.007   3.194    -1.60192   -20.58497    -3.31231
    86  C   4.0  -0.174   4.065     0.19804   -22.74795    -3.67684
    87  C   4.0  -0.243   4.033     1.19166   -23.65653    -1.11815
    88  C   4.0  -0.079   3.267    -0.67407   -18.20467    -2.73746
    89  C   4.0  -0.088   3.327     0.46771   -13.41857     0.45580
    90  S   6.0   0.232   2.611     1.29711   -10.22323     0.87664
    91  C   4.0  -0.096   3.409    -0.67274    -9.34035    -1.56998
    92  C   4.0   0.075   3.684    -1.35815    -7.08836    -2.77941
    93  N   5.0  -0.294   3.273    -0.83413    -4.56539    -2.57003
    94  C   4.0   0.099   3.447    -2.29866    -3.28850    -4.32672
    95  C   4.0   0.097   3.447    -2.58552    -0.68899    -4.93596
    96  N   5.0  -0.291   3.269    -1.38441     1.49118    -4.10241
    97  C   4.0   0.073   3.690    -2.57948     3.51017    -5.19523
    98  C   4.0  -0.096   3.413    -2.38672     6.14898    -5.15650
    99  S   6.0   0.233   2.623    -0.51552     8.36752    -3.67363
   100  C   4.0  -0.098   4.091     1.13535     1.85004    -3.10463
   101  C   4.0  -0.239   4.027     3.13317     0.72811    -4.85792
   102  C   4.0  -0.097   4.089     0.51268    -3.65662    -0.37757
   103  C   4.0  -0.239   4.026    -1.25742    -2.33948     1.48230
   104  C   4.0  -0.084   3.321     1.33188   -15.25727     2.21835
   105  C   4.0   0.080   3.478     3.53020   -15.24121     3.67098
   106  N   5.0  -0.315   3.251     5.56014   -13.63399     3.35899
   107  C   4.0   0.077   3.323     7.25239   -13.32578     5.39725
   108  C   4.0  -0.068   3.193     9.82166   -13.78782     5.07070
   109  C   4.0  -0.074   3.188    11.44909   -13.60489     7.09838
   110  C   4.0   0.007   3.155    10.56886   -12.95842     9.48983
   111  C   4.0  -0.254   4.055    12.36108   -12.78967    11.67208
   112  C   4.0  -0.074   3.188     8.01112   -12.44989     9.78613
   113  C   4.0  -0.073   3.224     6.36006   -12.62394     7.76847
   114  C   4.0   0.080   3.313     6.30110   -12.79099     0.95715
   115  C   4.0  -0.070   3.200     5.91239   -14.24778    -1.20016
   116  C   4.0  -0.074   3.187     6.55281   -13.31369    -3.54720
   117  C   4.0   0.008   3.152     7.62637   -10.92904    -3.81422
   118  C   4.0  -0.252   4.052     8.26850    -9.93467    -6.38557
   119  C   4.0  -0.074   3.184     8.07952    -9.52025    -1.64746
   120  C   4.0  -0.070   3.205     7.42700   -10.42581     0.71205
   121  C   4.0  -0.104   3.481     3.48673   -17.22126     5.46036
   122  S   6.0   0.237   2.735     5.56335   -18.15838     7.78529
   123  C   4.0  -0.074   3.238     3.62884   -20.77319     8.53759
   124  C   4.0   0.090   3.464     1.49647   -20.91190     6.93624
   125  N   5.0  -0.317   3.240    -0.20069   -22.84376     6.92207
   126  C   4.0   0.080   3.287     0.48094   -25.32705     7.63563
   127  C   4.0  -0.068   3.189    -1.21018   -26.77288     9.03365
   128  C   4.0  -0.073   3.183    -0.57977   -29.20968     9.72453
   129  C   4.0   0.008   3.151     1.73061   -30.25432     9.04045
   130  C   4.0  -0.252   4.052     2.43113   -32.86989     9.85832
   131  C   4.0  -0.074   3.185     3.38941   -28.79772     7.61446
   132  C   4.0  -0.068   3.189     2.78205   -26.36394     6.89958
   133  C   4.0   0.079   3.312    -2.61557   -22.47716     5.86042
   134  C   4.0  -0.073   3.229    -4.04515   -20.36406     6.50538
   135  C   4.0  -0.074   3.190    -6.37726   -19.98102     5.40235
   136  C   4.0   0.008   3.154    -7.34536   -21.68272     3.65019
   137  C   4.0  -0.253   4.053    -9.86966   -21.22313     2.46080
   138  C   4.0  -0.074   3.185    -5.93487   -23.82018     3.07458
   139  C   4.0  -0.068   3.192    -3.60144   -24.23044     4.16855
   140  C   4.0  -0.101   3.463     1.41125   -18.81562     5.28802
   141  S   6.0   0.235   2.689    -0.63967   -17.83958     2.93285
   142  C   4.0  -0.072   3.221     4.04855   -22.17915    10.72930
   143  C   4.0  -0.005   3.306     6.07641   -22.01909    12.34823
   144  C   4.0   0.100   3.229     5.76744   -22.65177    15.04543
   145  O   6.0  -0.103   1.049     4.04439   -23.80337    16.02507
   146  C   4.0  -0.007   3.348     7.96274   -21.46181    16.32307
   147  C   4.0  -0.067   3.159     8.48997   -21.26320    18.87061
   148  C   4.0  -0.097   3.274    10.63198   -19.94322    19.61139
   149  C   4.0  -0.191   3.159    12.18514   -18.87156    17.79253
   150  BR  7.0   0.242   1.291    15.07113   -17.00640    18.84926
   151  C   4.0  -0.094   3.292    11.71025   -19.08699    15.21872
   152  C   4.0  -0.006   3.362     9.56957   -20.39581    14.49325
   153  C   4.0  -0.011   3.355     8.56084   -20.98578    11.98785
   154  C   4.0  -0.043   3.160     9.94336   -21.02868     9.78595
   155  C   4.0   0.230   2.207     9.07503   -22.27628     7.60067
   156  N   5.0  -0.215   1.038     8.44802   -23.39783     5.85002
   157  C   4.0   0.238   2.145    12.36712   -19.97648     9.53764
   158  N   5.0  -0.217   1.030    14.32299   -19.07905     9.24605
   159  H   1.0   0.075   1.009     2.46874    24.03240     0.28686
   160  H   1.0   0.076   1.006    -5.13816    31.44428     2.15901
   161  H   1.0   0.074   1.005    -5.53236    35.52401     4.41308
   162  H   1.0   0.074   1.004    -2.42452    38.90795     3.64358
   163  H   1.0   0.074   1.004     1.08962    38.21933     0.66537
   164  H   1.0   0.076   1.005     1.47909    34.14168    -1.58227
   165  H   1.0   0.076   1.007    -3.60390    21.57311    -7.18493
   166  H   1.0   0.075   1.006    -6.78374    21.06175   -10.52181
   167  H   1.0   0.081   1.000   -13.06349    18.75874    -9.72585
   168  H   1.0   0.082   1.000   -11.00009    20.32344   -11.84839
   169  H   1.0   0.080   0.999   -13.04478    22.08050    -9.89007
   170  H   1.0   0.075   1.005   -12.48863    20.00256    -4.92746
   171  H   1.0   0.076   1.006    -9.30785    20.47839    -1.58340
   172  H   1.0   0.077   1.008    -7.75014    25.29776    -2.11328
   173  H   1.0   0.074   1.005    -8.71542    27.95623     1.53219
   174  H   1.0   0.082   1.000    -8.16513    29.07532     5.86514
   175  H   1.0   0.080   0.999    -4.94315    28.84308     6.72799
   176  H   1.0   0.081   0.999    -7.13636    26.63871     7.90605
   177  H   1.0   0.075   1.005    -3.47294    23.76255     5.99629
   178  H   1.0   0.076   1.007    -2.55113    21.04474     2.37916
   179  H   1.0   0.076   1.007     5.85721     8.91818    -3.58122
   180  H   1.0   0.075   1.005     6.61102     5.78691    -6.91205
   181  H   1.0   0.080   0.999     3.03490     4.91404   -12.19705
   182  H   1.0   0.082   1.000     6.15446     4.34977   -11.14296
   183  H   1.0   0.081   0.999     5.55334     6.66733   -13.47375
   184  H   1.0   0.075   1.005     2.32266    10.23910   -12.08366
   185  H   1.0   0.076   1.007     1.64935    13.42537    -8.78401
   186  H   1.0   0.076   1.007     2.15731    13.70656     0.86833
   187  H   1.0   0.075   1.005     5.26534    14.67486     4.17611
   188  H   1.0   0.081   0.999     9.74853    14.49099     5.50534
   189  H   1.0   0.081   0.999    12.18684    14.51876     3.21367
   190  H   1.0   0.080   0.999    10.49573    17.30573     3.89321
   191  H   1.0   0.075   1.005    11.17111    14.46396    -1.30391
   192  H   1.0   0.076   1.006     8.06535    13.55009    -4.62794
   193  H   1.0   0.076   1.007    -2.61198    13.66820    -9.96585
   194  H   1.0   0.074   1.005    -5.40462    16.27810   -12.62186
   195  H   1.0   0.075   1.005   -10.00478    15.61292   -12.52926
   196  H   1.0   0.081   1.003   -13.08560    10.23022    -9.84472
   197  H   1.0   0.081   1.004   -13.56351    13.22600   -11.24614
   198  H   1.0   0.081   0.998   -15.73764    13.05309    -7.12238
   199  H   1.0   0.082   1.000   -13.19407    15.21588    -6.92830
   200  H   1.0   0.082   0.999   -12.89908    12.18476    -5.59737
   201  H   1.0   0.076   1.008    -9.03894     9.69675    -7.14562
   202  H   1.0   0.075   1.007    -6.15729   -15.00594    -2.04355
   203  H   1.0   0.074   1.005    -7.84501   -19.21077    -3.13770
   204  H   1.0   0.075   1.005    -4.95373   -22.77819    -3.85561
   205  H   1.0   0.081   1.004    -0.75740   -24.30584    -4.63266
   206  H   1.0   0.081   1.003     1.78692   -22.14853    -4.85055
   207  H   1.0   0.082   1.000    -0.37549   -24.22100     0.08542
   208  H   1.0   0.082   1.000     2.21740   -22.15175    -0.16478
   209  H   1.0   0.081   0.999     2.45759   -25.25732    -1.35834
   210  H   1.0   0.077   1.008     1.34378   -17.89608    -2.67264
   211  H   1.0   0.083   1.012     1.42523     3.89076    -2.97235
   212  H   1.0   0.084   1.004     1.28766     1.09377    -1.19544
   213  H   1.0   0.082   1.000     3.05474     1.66145    -6.68755
   214  H   1.0   0.082   0.999     5.00324     1.00798    -4.05630
   215  H   1.0   0.082   1.000     2.82457    -1.28388    -5.14610
   216  H   1.0   0.083   1.012     1.34114    -5.31655     0.53045
   217  H   1.0   0.084   1.004     2.07379    -2.43756    -0.94354
   218  H   1.0   0.081   0.999    -0.19124    -1.63159     3.08838
   219  H   1.0   0.082   0.999    -2.66414    -3.67193     2.16695
   220  H   1.0   0.082   1.000    -2.24159    -0.77233     0.58884
   221  H   1.0   0.076   1.006    10.51916   -14.32885     3.23030
   222  H   1.0   0.075   1.006    13.42972   -14.01874     6.83741
   223  H   1.0   0.081   1.000    11.39183   -13.13000    13.45277
   224  H   1.0   0.082   1.000    13.88533   -14.15083    11.45231
   225  H   1.0   0.080   0.999    13.20295   -10.91071    11.75523
   226  H   1.0   0.075   1.005     7.29283   -11.92341    11.62389
   227  H   1.0   0.076   1.006     4.37037   -12.23919     8.02019
   228  H   1.0   0.076   1.007     5.12154   -16.12050    -1.02291
   229  H   1.0   0.075   1.005     6.22514   -14.45792    -5.20657
   230  H   1.0   0.082   1.000     9.22961    -8.12374    -6.25669
   231  H   1.0   0.081   0.999     9.48642   -11.25748    -7.38637
   232  H   1.0   0.080   0.999     6.55659    -9.69070    -7.50448
   233  H   1.0   0.075   1.005     8.93803    -7.67399    -1.80450
   234  H   1.0   0.076   1.006     7.76262    -9.30274     2.38257
   235  H   1.0   0.076   1.006    -3.00542   -25.97164     9.58375
   236  H   1.0   0.075   1.005    -1.89899   -30.31120    10.82548
   237  H   1.0   0.080   0.999     3.30778   -32.80413    11.72216
   238  H   1.0   0.081   0.999     0.76874   -34.07195     9.98286
   239  H   1.0   0.082   1.000     3.77492   -33.71328     8.55290
   240  H   1.0   0.075   1.005     5.18465   -29.57931     7.03999
   241  H   1.0   0.077   1.007     4.09730   -25.26790     5.79031
   242  H   1.0   0.076   1.007    -3.31987   -19.03691     7.87638
   243  H   1.0   0.075   1.005    -7.46687   -18.33110     5.90842
   244  H   1.0   0.082   1.000   -10.20433   -22.53404     0.91595
   245  H   1.0   0.081   1.000    -9.98153   -19.29996     1.74119
   246  H   1.0   0.080   0.999   -11.36821   -21.46294     3.85391
   247  H   1.0   0.075   1.005    -6.66412   -25.18117     1.73987
   248  H   1.0   0.076   1.006    -2.52316   -25.90304     3.71407
   249  H   1.0   0.076   1.010     2.49047   -23.32829    11.40091
   250  H   1.0   0.075   1.005     7.24956   -22.11206    20.24822
   251  H   1.0   0.074   1.009    11.09194   -19.73743    21.58747
   252  H   1.0   0.076   1.011    12.96484   -18.23415    13.86038
 
  Z AO/shell   Hii/eV     exponent
  1     Sat Feb 20 21:38:01 CET 2016    EN: 2.327 GAM: 0.473  GM3: 0.0000
     1s    -13.751157    1.051071
  6     Sat Feb 20 21:38:01 CET 2016    EN: 2.731 GAM: 0.422  GM3: 0.0000
     2s    -19.378245    2.021003
     2p    -11.993376    1.497917
  7     Sat Feb 20 21:38:01 CET 2016    EN: 3.573 GAM: 0.504  GM3: 0.0000
     2s    -21.576984    2.275442
     2p    -16.125120    2.056788
  8     Sat Feb 20 21:38:01 CET 2016    EN: 3.700 GAM: 0.587  GM3: 0.0000
     2s    -21.648843    2.110798
     2p    -17.239740    2.329048
 16     Sat Feb 20 23:13:41 CET 2016    EN: 1.915 GAM: 0.389  GM3: 0.0000
     3s    -22.000000    2.671470
     3p    -15.834192    1.836978
     3d     -2.593599    1.836978
 35     Sat Feb 20 23:13:41 CET 2016    EN: 0.811 GAM: 0.434  GM3: 0.0000
     4s    -19.000000    2.185561
     4p    -18.320992    2.124690
     4d     -1.898981    2.124690
 
 dipole moment of classical point charges (au)
     X       Y       Z   
   0.1862  -0.0085   0.1542  total (Debye):    0.615

 
 Nbf   :          792
 T(el) :   300.0
 calculating S/T integrals ...
 cpu time for ints    1.37231400000000     
 Nao   :          781
 making H0...
 making H1...
 cpu time for H      6.644699999999992E-002
 solving ...
 cpu time for diag    1.98387200000000     
 
 gap (eV)           :   1.022
 Koopmans IP (eV)   :  11.432
 Eel (Eh)           :  -598.382121
 T,E(Fermi),NFOD :    300.000   -10.921  0.000000
 T,E(Fermi),NFOD :    300.000   -10.921  0.000000
 Nfod               :  0.0000
 Nfod/Nel           :  0.0000

          eigenvalues
 #    :         371        372        373        374        375        376        377        378
 occ. :        2.000      2.000      2.000      2.000      2.000      2.000      2.000      2.000
 eps  :       -14.409    -14.365    -14.100    -13.754    -13.666    -13.394    -13.276    -13.112
 #    :         379        380        381        382        383        384        385        386
 occ. :        2.000      2.000      2.000      2.000      2.000      0.000      0.000      0.000
 eps  :       -12.883    -12.685    -12.487    -11.989    -11.434    -10.411     -9.700     -9.268
 #    :         387        388        389        390        391        392        393        394
 occ. :        0.000      0.000      0.000      0.000      0.000      0.000      0.000      0.000
 eps  :        -9.198     -9.167     -9.125     -8.861     -8.821     -8.752     -8.383     -8.235
                            1  SCC done.
 making H1...
 cpu time for H       2.15904400000000     
 solving ...
 cpu time for diag   0.270862000000000     
 
 gap (eV)           :   1.748
 Koopmans IP (eV)   :  11.749
 Eel (Eh)           :  -599.588528
 T,E(Fermi),NFOD :    300.000   -10.875  0.000000
 T,E(Fermi),NFOD :    300.000   -10.875  0.000000
 Nfod               :  0.0000
 Nfod/Nel           :  0.0000

          eigenvalues
 #    :         371        372        373        374        375        376        377        378
 occ. :        2.000      2.000      2.000      2.000      2.000      2.000      2.000      2.000
 eps  :       -14.344    -14.171    -13.962    -13.792    -13.684    -13.424    -13.327    -13.221
 #    :         379        380        381        382        383        384        385        386
 occ. :        2.000      2.000      2.000      2.000      2.000      0.000      0.000      0.000
 eps  :       -12.983    -12.808    -12.601    -12.252    -11.751    -10.002     -9.824     -9.399
 #    :         387        388        389        390        391        392        393        394
 occ. :        0.000      0.000      0.000      0.000      0.000      0.000      0.000      0.000
 eps  :        -9.272     -9.231     -9.077     -8.830     -8.766     -8.727     -8.500     -8.362
                            2  SCC done.
 
 
 Mulliken/CM5 charges    n(s)   n(p)   n(d)   
    1 C  -0.0090 -0.0542   1.138  2.871  0.000
    2 C  -0.0212 -0.0033   1.175  2.846  0.000
    3 S   0.1068  0.0816   1.888  3.966  0.039
    4 C   0.0750  0.1605   1.206  2.719  0.000
    5 C  -0.0368 -0.0237   1.096  2.941  0.000
    6 C   0.0872  0.2087   1.169  2.744  0.000
    7 N  -0.2173 -0.3437   1.642  3.576  0.000
    8 C   0.0811  0.2026   1.171  2.748  0.000
    9 N  -0.2261 -0.3536   1.641  3.585  0.000
   10 N  -0.1173 -0.3558   1.262  3.855  0.000
   11 C   0.0627  0.1169   1.174  2.763  0.000
   12 C  -0.0267 -0.0741   1.138  2.889  0.000
   13 C  -0.0186 -0.0745   1.134  2.885  0.000
   14 C  -0.0219 -0.0781   1.134  2.888  0.000
   15 C  -0.0179 -0.0738   1.134  2.884  0.000
   16 C  -0.0193 -0.0668   1.136  2.884  0.000
   17 C   0.1912  0.2931   1.167  2.642  0.000
   18 O  -0.2623 -0.3030   1.627  4.635  0.000
   19 C  -0.0399 -0.0271   1.167  2.873  0.000
   20 C   0.0337  0.1017   1.174  2.792  0.000
   21 N  -0.1152 -0.3591   1.227  3.888  0.000
   22 C   0.0440  0.0989   1.175  2.781  0.000
   23 C  -0.0405 -0.0879   1.137  2.903  0.000
   24 C  -0.0403 -0.0946   1.136  2.904  0.000
   25 C   0.0061 -0.0123   1.176  2.818  0.000
   26 C  -0.0840 -0.2303   1.079  3.005  0.000
   27 C  -0.0420 -0.0964   1.136  2.906  0.000
   28 C  -0.0375 -0.0864   1.137  2.901  0.000
   29 C   0.0433  0.0998   1.176  2.781  0.000
   30 C  -0.0475 -0.0954   1.140  2.908  0.000
   31 C  -0.0499 -0.1042   1.139  2.911  0.000
   32 C  -0.0048 -0.0232   1.177  2.828  0.000
   33 C  -0.0829 -0.2287   1.079  3.003  0.000
   34 C  -0.0461 -0.1002   1.137  2.910  0.000
   35 C  -0.0517 -0.0997   1.136  2.915  0.000
   36 C  -0.0521 -0.0323   1.166  2.886  0.000
   37 S   0.1086  0.0743   1.893  3.948  0.050
   38 C  -0.0392 -0.0222   1.169  2.870  0.000
   39 C   0.0250  0.0922   1.167  2.808  0.000
   40 N  -0.1189 -0.3616   1.224  3.895  0.000
   41 C   0.0465  0.1033   1.174  2.779  0.000
   42 C  -0.0447 -0.0929   1.137  2.908  0.000
   43 C  -0.0492 -0.1035   1.138  2.911  0.000
   44 C  -0.0038 -0.0219   1.176  2.828  0.000
   45 C  -0.0833 -0.2288   1.079  3.004  0.000
   46 C  -0.0437 -0.0978   1.137  2.907  0.000
   47 C  -0.0477 -0.0958   1.137  2.911  0.000
   48 C   0.0452  0.1009   1.174  2.780  0.000
   49 C  -0.0444 -0.0918   1.138  2.907  0.000
   50 C  -0.0456 -0.0996   1.137  2.909  0.000
   51 C  -0.0012 -0.0192   1.176  2.825  0.000
   52 C  -0.0831 -0.2287   1.079  3.004  0.000
   53 C  -0.0448 -0.0989   1.137  2.908  0.000
   54 C  -0.0401 -0.0887   1.137  2.903  0.000
   55 C  -0.0496 -0.0300   1.167  2.882  0.000
   56 S   0.0992  0.0651   1.892  3.958  0.051
   57 C  -0.0361 -0.0222   1.174  2.862  0.000
   58 C  -0.0267 -0.0260   1.165  2.862  0.000
   59 C   0.0048 -0.0019   1.166  2.829  0.000
   60 C  -0.0439 -0.0967   1.140  2.904  0.000
   61 C  -0.0313 -0.0877   1.136  2.895  0.000
   62 C  -0.0429 -0.0979   1.139  2.904  0.000
   63 C   0.0007 -0.0157   1.182  2.817  0.000
   64 C  -0.0433 -0.1503   1.124  2.919  0.000
   65 C  -0.0919 -0.2437   1.095  2.997  0.000
   66 C  -0.0434 -0.0941   1.143  2.901  0.000
   67 C  -0.0580 -0.0435   1.173  2.885  0.000
   68 S   0.1177  0.0851   1.893  3.936  0.053
   69 C  -0.0520 -0.0300   1.165  2.887  0.000
   70 C  -0.0133 -0.0002   1.153  2.860  0.000
   71 C   0.0152  0.1032   1.203  2.781  0.000
   72 C   0.0151  0.1031   1.204  2.781  0.000
   73 N  -0.2051 -0.3666   1.532  3.674  0.000
   74 S   0.2296  0.3641   1.910  3.708  0.152
   75 N  -0.2032 -0.3647   1.531  3.672  0.000
   76 C  -0.0157 -0.0026   1.152  2.864  0.000
   77 C  -0.0523 -0.0303   1.165  2.887  0.000
   78 S   0.1179  0.0857   1.893  3.936  0.053
   79 C  -0.0567 -0.0422   1.173  2.884  0.000
   80 C  -0.0291 -0.0284   1.167  2.863  0.000
   81 C   0.0047 -0.0019   1.166  2.829  0.000
   82 C  -0.0367 -0.0894   1.139  2.898  0.000
   83 C  -0.0296 -0.0861   1.136  2.893  0.000
   84 C  -0.0417 -0.0962   1.139  2.902  0.000
   85 C  -0.0006 -0.0169   1.183  2.818  0.000
   86 C  -0.0437 -0.1506   1.125  2.919  0.000
   87 C  -0.0933 -0.2448   1.096  2.997  0.000
   88 C  -0.0489 -0.0994   1.146  2.903  0.000
   89 C  -0.0343 -0.0205   1.174  2.860  0.000
   90 S   0.0957  0.0604   1.892  3.962  0.050
   91 C  -0.0529 -0.0353   1.163  2.890  0.000
   92 C  -0.0083  0.0616   1.166  2.842  0.000
   93 N  -0.0846 -0.3428   1.269  3.815  0.000
   94 C   0.0217  0.0902   1.184  2.794  0.000
   95 C   0.0185  0.0865   1.185  2.797  0.000
   96 N  -0.0865 -0.3440   1.278  3.808  0.000
   97 C  -0.0096  0.0598   1.168  2.842  0.000
   98 C  -0.0525 -0.0348   1.162  2.891  0.000
   99 S   0.0940  0.0584   1.892  3.964  0.050
  100 C   0.0264 -0.0228   1.148  2.826  0.000
  101 C  -0.0840 -0.2310   1.093  2.991  0.000
  102 C   0.0284 -0.0202   1.147  2.825  0.000
  103 C  -0.0833 -0.2303   1.093  2.990  0.000
  104 C  -0.0440 -0.0271   1.176  2.868  0.000
  105 C   0.0347  0.1032   1.165  2.800  0.000
  106 N  -0.1181 -0.3600   1.235  3.883  0.000
  107 C   0.0421  0.0970   1.177  2.781  0.000
  108 C  -0.0353 -0.0835   1.139  2.897  0.000
  109 C  -0.0386 -0.0924   1.137  2.901  0.000
  110 C   0.0028 -0.0152   1.177  2.820  0.000
  111 C  -0.0841 -0.2298   1.080  3.004  0.000
  112 C  -0.0473 -0.1011   1.137  2.910  0.000
  113 C  -0.0420 -0.0892   1.139  2.903  0.000
  114 C   0.0461  0.1023   1.175  2.779  0.000
  115 C  -0.0464 -0.0946   1.138  2.909  0.000
  116 C  -0.0439 -0.0979   1.137  2.907  0.000
  117 C  -0.0024 -0.0204   1.176  2.826  0.000
  118 C  -0.0833 -0.2288   1.079  3.004  0.000
  119 C  -0.0476 -0.1016   1.138  2.910  0.000
  120 C  -0.0410 -0.0888   1.136  2.905  0.000
  121 C  -0.0453 -0.0252   1.175  2.870  0.000
  122 S   0.0973  0.0624   1.893  3.961  0.049
  123 C  -0.0352 -0.0216   1.168  2.867  0.000
  124 C   0.0544  0.1253   1.180  2.766  0.000
  125 N  -0.0987 -0.3437   1.233  3.866  0.000
  126 C   0.0460  0.0984   1.175  2.779  0.000
  127 C  -0.0372 -0.0859   1.136  2.901  0.000
  128 C  -0.0420 -0.0962   1.136  2.906  0.000
  129 C   0.0045 -0.0136   1.177  2.819  0.000
  130 C  -0.0822 -0.2278   1.079  3.004  0.000
  131 C  -0.0394 -0.0936   1.137  2.903  0.000
  132 C  -0.0385 -0.0870   1.139  2.900  0.000
  133 C   0.0462  0.1011   1.174  2.779  0.000
  134 C  -0.0399 -0.0872   1.139  2.901  0.000
  135 C  -0.0416 -0.0956   1.136  2.905  0.000
  136 C   0.0049 -0.0133   1.176  2.819  0.000
  137 C  -0.0825 -0.2284   1.079  3.004  0.000
  138 C  -0.0408 -0.0952   1.137  2.904  0.000
  139 C  -0.0354 -0.0844   1.138  2.897  0.000
  140 C  -0.0503 -0.0308   1.163  2.887  0.000
  141 S   0.1051  0.0680   1.895  3.949  0.052
  142 C   0.0009 -0.0449   1.153  2.846  0.000
  143 C  -0.0398 -0.0415   1.172  2.868  0.000
  144 C   0.1322  0.1668   1.175  2.693  0.000
  145 O  -0.2422 -0.2875   1.628  4.614  0.000
  146 C  -0.0224 -0.0245   1.185  2.837  0.000
  147 C  -0.0206 -0.0730   1.147  2.874  0.000
  148 C  -0.0256 -0.0796   1.142  2.884  0.000
  149 C   0.0516  0.0304   1.130  2.818  0.000
  150 BR -0.0436 -0.0290   1.827  5.219 -0.003
  151 C  -0.0338 -0.0846   1.149  2.885  0.000
  152 C  -0.0094 -0.0129   1.179  2.831  0.000
  153 C   0.0137  0.0143   1.200  2.786  0.000
  154 C  -0.0021  0.0055   1.114  2.889  0.000
  155 C   0.0956  0.2166   1.173  2.731  0.000
  156 N  -0.2265 -0.3589   1.643  3.583  0.000
  157 C   0.0937  0.2124   1.172  2.735  0.000
  158 N  -0.2229 -0.3560   1.643  3.580  0.000
  159 H   0.0672  0.1294   0.933  0.000  0.000
  160 H   0.0393  0.1019   0.961  0.000  0.000
  161 H   0.0439  0.1007   0.956  0.000  0.000
  162 H   0.0417  0.0983   0.958  0.000  0.000
  163 H   0.0447  0.1014   0.955  0.000  0.000
  164 H   0.0393  0.1001   0.961  0.000  0.000
  165 H   0.0367  0.0994   0.963  0.000  0.000
  166 H   0.0398  0.0977   0.960  0.000  0.000
  167 H   0.0422  0.0954   0.958  0.000  0.000
  168 H   0.0396  0.0929   0.960  0.000  0.000
  169 H   0.0437  0.0962   0.956  0.000  0.000
  170 H   0.0391  0.0966   0.961  0.000  0.000
  171 H   0.0398  0.1012   0.960  0.000  0.000
  172 H   0.0446  0.1091   0.955  0.000  0.000
  173 H   0.0411  0.0986   0.959  0.000  0.000
  174 H   0.0397  0.0927   0.960  0.000  0.000
  175 H   0.0433  0.0958   0.957  0.000  0.000
  176 H   0.0416  0.0941   0.958  0.000  0.000
  177 H   0.0400  0.0976   0.960  0.000  0.000
  178 H   0.0386  0.1013   0.961  0.000  0.000
  179 H   0.0395  0.1018   0.961  0.000  0.000
  180 H   0.0383  0.0959   0.962  0.000  0.000
  181 H   0.0432  0.0954   0.957  0.000  0.000
  182 H   0.0383  0.0912   0.962  0.000  0.000
  183 H   0.0422  0.0947   0.958  0.000  0.000
  184 H   0.0403  0.0978   0.960  0.000  0.000
  185 H   0.0400  0.1025   0.960  0.000  0.000
  186 H   0.0385  0.1007   0.961  0.000  0.000
  187 H   0.0388  0.0963   0.961  0.000  0.000
  188 H   0.0401  0.0929   0.960  0.000  0.000
  189 H   0.0402  0.0931   0.960  0.000  0.000
  190 H   0.0430  0.0952   0.957  0.000  0.000
  191 H   0.0394  0.0968   0.961  0.000  0.000
  192 H   0.0407  0.1022   0.959  0.000  0.000
  193 H   0.0377  0.0976   0.962  0.000  0.000
  194 H   0.0414  0.0982   0.959  0.000  0.000
  195 H   0.0370  0.0951   0.963  0.000  0.000
  196 H   0.0382  0.0939   0.962  0.000  0.000
  197 H   0.0354  0.0914   0.965  0.000  0.000
  198 H   0.0328  0.0844   0.967  0.000  0.000
  199 H   0.0307  0.0840   0.969  0.000  0.000
  200 H   0.0297  0.0825   0.970  0.000  0.000
  201 H   0.0355  0.0962   0.965  0.000  0.000
  202 H   0.0389  0.0979   0.961  0.000  0.000
  203 H   0.0420  0.0989   0.958  0.000  0.000
  204 H   0.0361  0.0936   0.964  0.000  0.000
  205 H   0.0363  0.0922   0.964  0.000  0.000
  206 H   0.0368  0.0925   0.963  0.000  0.000
  207 H   0.0306  0.0851   0.969  0.000  0.000
  208 H   0.0291  0.0831   0.971  0.000  0.000
  209 H   0.0341  0.0857   0.966  0.000  0.000
  210 H   0.0349  0.0958   0.965  0.000  0.000
  211 H   0.0532  0.1245   0.947  0.000  0.000
  212 H   0.0568  0.1240   0.943  0.000  0.000
  213 H   0.0343  0.0895   0.966  0.000  0.000
  214 H   0.0416  0.0939   0.958  0.000  0.000
  215 H   0.0336  0.0908   0.966  0.000  0.000
  216 H   0.0530  0.1241   0.947  0.000  0.000
  217 H   0.0565  0.1239   0.943  0.000  0.000
  218 H   0.0423  0.0945   0.958  0.000  0.000
  219 H   0.0336  0.0884   0.966  0.000  0.000
  220 H   0.0347  0.0927   0.965  0.000  0.000
  221 H   0.0418  0.1033   0.958  0.000  0.000
  222 H   0.0439  0.1029   0.956  0.000  0.000
  223 H   0.0379  0.0912   0.962  0.000  0.000
  224 H   0.0461  0.1012   0.954  0.000  0.000
  225 H   0.0419  0.0941   0.958  0.000  0.000
  226 H   0.0382  0.0957   0.962  0.000  0.000
  227 H   0.0378  0.0993   0.962  0.000  0.000
  228 H   0.0409  0.1036   0.959  0.000  0.000
  229 H   0.0399  0.0974   0.960  0.000  0.000
  230 H   0.0383  0.0912   0.962  0.000  0.000
  231 H   0.0427  0.0952   0.957  0.000  0.000
  232 H   0.0423  0.0946   0.958  0.000  0.000
  233 H   0.0382  0.0956   0.962  0.000  0.000
  234 H   0.0393  0.1011   0.961  0.000  0.000
  235 H   0.0401  0.1014   0.960  0.000  0.000
  236 H   0.0401  0.0975   0.960  0.000  0.000
  237 H   0.0439  0.0962   0.956  0.000  0.000
  238 H   0.0397  0.0925   0.960  0.000  0.000
  239 H   0.0403  0.0932   0.960  0.000  0.000
  240 H   0.0420  0.0998   0.958  0.000  0.000
  241 H   0.0459  0.1123   0.954  0.000  0.000
  242 H   0.0392  0.1013   0.961  0.000  0.000
  243 H   0.0394  0.0970   0.961  0.000  0.000
  244 H   0.0399  0.0931   0.960  0.000  0.000
  245 H   0.0422  0.0951   0.958  0.000  0.000
  246 H   0.0423  0.0946   0.958  0.000  0.000
  247 H   0.0403  0.0979   0.960  0.000  0.000
  248 H   0.0432  0.1049   0.957  0.000  0.000
  249 H   0.0666  0.1334   0.933  0.000  0.000
  250 H   0.0524  0.1108   0.948  0.000  0.000
  251 H   0.0494  0.1069   0.951  0.000  0.000
  252 H   0.0564  0.1205   0.944  0.000  0.000
 Hirshfeld charges for QMDFF written to <charges>
 
 Loewdin charges    n(s)   n(p)   n(d)
    1 C  -0.0038   1.085  2.919  0.000
    2 C  -0.0045   1.132  2.873  0.000
    3 S   0.0664   1.875  3.967  0.091
    4 C   0.0950   1.166  2.739  0.000
    5 C  -0.0558   1.058  2.998  0.000
    6 C   0.0822   1.135  2.783  0.000
    7 N  -0.2074   1.604  3.604  0.000
    8 C   0.0755   1.137  2.787  0.000
    9 N  -0.2165   1.603  3.613  0.000
   10 N  -0.0780   1.222  3.857  0.000
   11 C   0.0608   1.136  2.803  0.000
   12 C  -0.0246   1.086  2.939  0.000
   13 C  -0.0108   1.079  2.932  0.000
   14 C  -0.0153   1.079  2.936  0.000
   15 C  -0.0099   1.079  2.931  0.000
   16 C  -0.0169   1.083  2.934  0.000
   17 C   0.1709   1.140  2.689  0.000
   18 O  -0.2499   1.598  4.652  0.000
   19 C  -0.0214   1.123  2.898  0.000
   20 C   0.0234   1.143  2.834  0.000
   21 N  -0.0760   1.186  3.890  0.000
   22 C   0.0418   1.138  2.820  0.000
   23 C  -0.0376   1.085  2.953  0.000
   24 C  -0.0362   1.083  2.953  0.000
   25 C   0.0148   1.131  2.854  0.000
   26 C  -0.0866   1.005  3.081  0.000
   27 C  -0.0373   1.083  2.955  0.000
   28 C  -0.0346   1.084  2.950  0.000
   29 C   0.0411   1.139  2.820  0.000
   30 C  -0.0445   1.087  2.957  0.000
   31 C  -0.0448   1.086  2.959  0.000
   32 C   0.0039   1.132  2.864  0.000
   33 C  -0.0847   1.005  3.080  0.000
   34 C  -0.0409   1.083  2.958  0.000
   35 C  -0.0491   1.084  2.965  0.000
   36 C  -0.0326   1.124  2.909  0.000
   37 S   0.0695   1.881  3.946  0.104
   38 C  -0.0215   1.127  2.894  0.000
   39 C   0.0129   1.135  2.852  0.000
   40 N  -0.0798   1.182  3.897  0.000
   41 C   0.0440   1.137  2.819  0.000
   42 C  -0.0420   1.085  2.957  0.000
   43 C  -0.0444   1.085  2.960  0.000
   44 C   0.0048   1.132  2.863  0.000
   45 C  -0.0850   1.005  3.080  0.000
   46 C  -0.0385   1.083  2.955  0.000
   47 C  -0.0455   1.084  2.961  0.000
   48 C   0.0425   1.138  2.820  0.000
   49 C  -0.0412   1.085  2.956  0.000
   50 C  -0.0407   1.084  2.957  0.000
   51 C   0.0077   1.132  2.860  0.000
   52 C  -0.0849   1.005  3.080  0.000
   53 C  -0.0399   1.084  2.956  0.000
   54 C  -0.0372   1.084  2.953  0.000
   55 C  -0.0280   1.124  2.904  0.000
   56 S   0.0609   1.879  3.956  0.104
   57 C  -0.0168   1.131  2.886  0.000
   58 C  -0.0300   1.126  2.904  0.000
   59 C   0.0119   1.121  2.867  0.000
   60 C  -0.0406   1.087  2.953  0.000
   61 C  -0.0231   1.081  2.942  0.000
   62 C  -0.0398   1.087  2.953  0.000
   63 C   0.0089   1.139  2.852  0.000
   64 C  -0.0377   1.063  2.975  0.000
   65 C  -0.0940   1.023  3.071  0.000
   66 C  -0.0427   1.092  2.951  0.000
   67 C  -0.0372   1.130  2.907  0.000
   68 S   0.0785   1.880  3.935  0.107
   69 C  -0.0324   1.121  2.911  0.000
   70 C  -0.0203   1.115  2.906  0.000
   71 C   0.0100   1.170  2.820  0.000
   72 C   0.0100   1.170  2.820  0.000
   73 N  -0.1661   1.494  3.672  0.000
   74 S   0.1658   1.903  3.714  0.217
   75 N  -0.1642   1.494  3.670  0.000
   76 C  -0.0230   1.114  2.909  0.000
   77 C  -0.0324   1.122  2.911  0.000
   78 S   0.0786   1.880  3.935  0.106
   79 C  -0.0360   1.130  2.906  0.000
   80 C  -0.0318   1.127  2.904  0.000
   81 C   0.0120   1.122  2.866  0.000
   82 C  -0.0330   1.086  2.947  0.000
   83 C  -0.0214   1.081  2.940  0.000
   84 C  -0.0380   1.086  2.952  0.000
   85 C   0.0074   1.139  2.853  0.000
   86 C  -0.0379   1.063  2.975  0.000
   87 C  -0.0956   1.024  3.072  0.000
   88 C  -0.0479   1.095  2.953  0.000
   89 C  -0.0153   1.131  2.884  0.000
   90 S   0.0575   1.879  3.960  0.104
   91 C  -0.0326   1.120  2.912  0.000
   92 C  -0.0208   1.136  2.885  0.000
   93 N  -0.0413   1.228  3.814  0.000
   94 C   0.0109   1.153  2.837  0.000
   95 C   0.0077   1.153  2.839  0.000
   96 N  -0.0439   1.237  3.807  0.000
   97 C  -0.0217   1.137  2.885  0.000
   98 C  -0.0323   1.119  2.914  0.000
   99 S   0.0559   1.879  3.961  0.104
  100 C   0.0261   1.091  2.883  0.000
  101 C  -0.0860   1.021  3.065  0.000
  102 C   0.0280   1.090  2.882  0.000
  103 C  -0.0852   1.020  3.065  0.000
  104 C  -0.0253   1.133  2.892  0.000
  105 C   0.0216   1.134  2.844  0.000
  106 N  -0.0797   1.194  3.885  0.000
  107 C   0.0401   1.140  2.820  0.000
  108 C  -0.0322   1.086  2.946  0.000
  109 C  -0.0338   1.084  2.950  0.000
  110 C   0.0119   1.133  2.855  0.000
  111 C  -0.0862   1.006  3.081  0.000
  112 C  -0.0425   1.084  2.958  0.000
  113 C  -0.0379   1.086  2.952  0.000
  114 C   0.0437   1.138  2.818  0.000
  115 C  -0.0441   1.085  2.959  0.000
  116 C  -0.0387   1.083  2.956  0.000
  117 C   0.0064   1.132  2.861  0.000
  118 C  -0.0850   1.005  3.080  0.000
  119 C  -0.0427   1.084  2.959  0.000
  120 C  -0.0380   1.084  2.954  0.000
  121 C  -0.0226   1.131  2.891  0.000
  122 S   0.0573   1.881  3.959  0.103
  123 C  -0.0191   1.126  2.893  0.000
  124 C   0.0467   1.147  2.806  0.000
  125 N  -0.0575   1.191  3.867  0.000
  126 C   0.0441   1.138  2.818  0.000
  127 C  -0.0341   1.084  2.950  0.000
  128 C  -0.0372   1.083  2.954  0.000
  129 C   0.0136   1.132  2.854  0.000
  130 C  -0.0840   1.004  3.080  0.000
  131 C  -0.0347   1.083  2.951  0.000
  132 C  -0.0355   1.086  2.949  0.000
  133 C   0.0435   1.138  2.819  0.000
  134 C  -0.0360   1.086  2.950  0.000
  135 C  -0.0369   1.083  2.954  0.000
  136 C   0.0139   1.132  2.854  0.000
  137 C  -0.0845   1.004  3.080  0.000
  138 C  -0.0362   1.084  2.953  0.000
  139 C  -0.0327   1.086  2.947  0.000
  140 C  -0.0325   1.121  2.911  0.000
  141 S   0.0655   1.882  3.946  0.106
  142 C   0.0091   1.099  2.891  0.000
  143 C  -0.0491   1.135  2.915  0.000
  144 C   0.1244   1.141  2.735  0.000
  145 O  -0.2273   1.597  4.630  0.000
  146 C  -0.0259   1.145  2.881  0.000
  147 C  -0.0128   1.092  2.921  0.000
  148 C  -0.0232   1.089  2.934  0.000
  149 C   0.0799   1.082  2.838  0.000
  150 BR -0.0586   1.816  5.218  0.025
  151 C  -0.0347   1.098  2.936  0.000
  152 C  -0.0052   1.136  2.869  0.000
  153 C   0.0245   1.156  2.819  0.000
  154 C  -0.0144   1.073  2.942  0.000
  155 C   0.0901   1.139  2.771  0.000
  156 N  -0.2154   1.606  3.610  0.000
  157 C   0.0878   1.137  2.775  0.000
  158 N  -0.2117   1.604  3.607  0.000
  159 H   0.0559   0.944  0.000  0.000
  160 H   0.0316   0.968  0.000  0.000
  161 H   0.0358   0.964  0.000  0.000
  162 H   0.0340   0.966  0.000  0.000
  163 H   0.0364   0.964  0.000  0.000
  164 H   0.0310   0.969  0.000  0.000
  165 H   0.0294   0.971  0.000  0.000
  166 H   0.0326   0.967  0.000  0.000
  167 H   0.0420   0.958  0.000  0.000
  168 H   0.0392   0.961  0.000  0.000
  169 H   0.0426   0.957  0.000  0.000
  170 H   0.0318   0.968  0.000  0.000
  171 H   0.0320   0.968  0.000  0.000
  172 H   0.0365   0.964  0.000  0.000
  173 H   0.0338   0.966  0.000  0.000
  174 H   0.0391   0.961  0.000  0.000
  175 H   0.0422   0.958  0.000  0.000
  176 H   0.0407   0.959  0.000  0.000
  177 H   0.0323   0.968  0.000  0.000
  178 H   0.0309   0.969  0.000  0.000
  179 H   0.0318   0.968  0.000  0.000
  180 H   0.0314   0.969  0.000  0.000
  181 H   0.0420   0.958  0.000  0.000
  182 H   0.0378   0.962  0.000  0.000
  183 H   0.0411   0.959  0.000  0.000
  184 H   0.0326   0.967  0.000  0.000
  185 H   0.0327   0.967  0.000  0.000
  186 H   0.0308   0.969  0.000  0.000
  187 H   0.0314   0.969  0.000  0.000
  188 H   0.0394   0.961  0.000  0.000
  189 H   0.0394   0.961  0.000  0.000
  190 H   0.0419   0.958  0.000  0.000
  191 H   0.0319   0.968  0.000  0.000
  192 H   0.0327   0.967  0.000  0.000
  193 H   0.0309   0.969  0.000  0.000
  194 H   0.0338   0.966  0.000  0.000
  195 H   0.0304   0.970  0.000  0.000
  196 H   0.0345   0.966  0.000  0.000
  197 H   0.0322   0.968  0.000  0.000
  198 H   0.0326   0.967  0.000  0.000
  199 H   0.0310   0.969  0.000  0.000
  200 H   0.0297   0.970  0.000  0.000
  201 H   0.0284   0.972  0.000  0.000
  202 H   0.0312   0.969  0.000  0.000
  203 H   0.0344   0.966  0.000  0.000
  204 H   0.0292   0.971  0.000  0.000
  205 H   0.0329   0.967  0.000  0.000
  206 H   0.0333   0.967  0.000  0.000
  207 H   0.0308   0.969  0.000  0.000
  208 H   0.0293   0.971  0.000  0.000
  209 H   0.0337   0.966  0.000  0.000
  210 H   0.0283   0.972  0.000  0.000
  211 H   0.0474   0.953  0.000  0.000
  212 H   0.0523   0.948  0.000  0.000
  213 H   0.0334   0.967  0.000  0.000
  214 H   0.0413   0.959  0.000  0.000
  215 H   0.0333   0.967  0.000  0.000
  216 H   0.0473   0.953  0.000  0.000
  217 H   0.0519   0.948  0.000  0.000
  218 H   0.0418   0.958  0.000  0.000
  219 H   0.0326   0.967  0.000  0.000
  220 H   0.0343   0.966  0.000  0.000
  221 H   0.0334   0.967  0.000  0.000
  222 H   0.0357   0.964  0.000  0.000
  223 H   0.0376   0.962  0.000  0.000
  224 H   0.0447   0.955  0.000  0.000
  225 H   0.0410   0.959  0.000  0.000
  226 H   0.0310   0.969  0.000  0.000
  227 H   0.0301   0.970  0.000  0.000
  228 H   0.0335   0.967  0.000  0.000
  229 H   0.0323   0.968  0.000  0.000
  230 H   0.0377   0.962  0.000  0.000
  231 H   0.0415   0.958  0.000  0.000
  232 H   0.0413   0.959  0.000  0.000
  233 H   0.0311   0.969  0.000  0.000
  234 H   0.0314   0.969  0.000  0.000
  235 H   0.0320   0.968  0.000  0.000
  236 H   0.0325   0.967  0.000  0.000
  237 H   0.0427   0.957  0.000  0.000
  238 H   0.0390   0.961  0.000  0.000
  239 H   0.0395   0.960  0.000  0.000
  240 H   0.0342   0.966  0.000  0.000
  241 H   0.0369   0.963  0.000  0.000
  242 H   0.0314   0.969  0.000  0.000
  243 H   0.0318   0.968  0.000  0.000
  244 H   0.0392   0.961  0.000  0.000
  245 H   0.0413   0.959  0.000  0.000
  246 H   0.0414   0.959  0.000  0.000
  247 H   0.0329   0.967  0.000  0.000
  248 H   0.0353   0.965  0.000  0.000
  249 H   0.0552   0.945  0.000  0.000
  250 H   0.0423   0.958  0.000  0.000
  251 H   0.0404   0.960  0.000  0.000
  252 H   0.0465   0.954  0.000  0.000
 
 Wiberg/Mayer (AO) data. WBOs > 0.1 written file <wbo>
 largest (>0.05) Wiberg bond orders for each atom
           total WBO             WBO to atom ...
     1  C   3.948    C    2 1.581    C   19 1.201    H  159 0.928    O   18 0.066    S    3 0.050
     2  C   3.912    C    1 1.581    C   17 1.054    S    3 1.030    O   18 0.064    C   20 0.054
     3  S   2.457    C    4 1.089    C    2 1.030    C    5 0.054    C    1 0.050
     4  C   3.921    C    5 1.444    N   10 1.132    S    3 1.089    N    7 0.090    N    9 0.088
     5  C   3.937    C    4 1.444    C    8 1.077    C    6 1.070    N    7 0.094    N    9 0.094    N   10 0.057    S    3 0.054
     6  C   3.947    N    7 2.792    C    5 1.070
     7  N   3.076    C    6 2.792    C    5 0.094    C    4 0.090
     8  C   3.947    N    9 2.780    C    5 1.077
     9  N   3.074    C    8 2.780    C    5 0.094    C    4 0.088
    10  N   3.470    C    4 1.132    C   17 0.987    C   11 0.919    O   18 0.146    C    5 0.057
    11  C   3.920    C   16 1.402    C   12 1.394    N   10 0.919    C   14 0.110
    12  C   3.972    C   13 1.433    C   11 1.394    H  160 0.945    C   15 0.112
    13  C   3.974    C   12 1.433    C   14 1.429    H  161 0.945    C   16 0.111
    14  C   3.974    C   15 1.433    C   13 1.429    H  162 0.946    C   11 0.110
    15  C   3.973    C   14 1.433    C   16 1.428    H  163 0.945    C   12 0.112
    16  C   3.972    C   15 1.428    C   11 1.402    H  164 0.948    C   13 0.111
    17  C   3.907    O   18 1.760    C    2 1.054    N   10 0.987
    18  O   2.119    C   17 1.760    N   10 0.146    C    1 0.066    C    2 0.064
    19  C   3.914    C   20 1.394    C    1 1.201    S   56 1.060    C   55 0.059
    20  C   3.921    C   19 1.394    C   36 1.223    N   21 1.025    S   56 0.067    C    2 0.054
    21  N   3.349    C   20 1.025    C   29 0.992    C   22 0.973
    22  C   3.930    C   23 1.380    C   28 1.372    N   21 0.973    C   25 0.105
    23  C   3.970    C   24 1.439    C   22 1.380    H  165 0.945    C   27 0.106
    24  C   3.972    C   23 1.439    C   25 1.396    H  166 0.943    C   28 0.105
    25  C   3.949    C   24 1.396    C   27 1.385    C   26 0.993    C   22 0.105
    26  C   3.986    C   25 0.993    H  168 0.978    H  167 0.972    H  169 0.970
    27  C   3.972    C   28 1.448    C   25 1.385    H  170 0.944    C   23 0.106
    28  C   3.969    C   27 1.448    C   22 1.372    H  171 0.945    C   24 0.105
    29  C   3.932    C   35 1.370    C   30 1.368    N   21 0.992    C   32 0.103
    30  C   3.969    C   31 1.444    C   29 1.368    H  172 0.942    C   34 0.106
    31  C   3.972    C   30 1.444    C   32 1.390    H  173 0.943    C   35 0.102
    32  C   3.951    C   31 1.390    C   34 1.388    C   33 0.992    C   29 0.103
    33  C   3.986    C   32 0.992    H  174 0.979    H  176 0.973    H  175 0.971
    34  C   3.973    C   35 1.446    C   32 1.388    H  177 0.945    C   30 0.106
    35  C   3.969    C   34 1.446    C   29 1.370    H  178 0.944    C   31 0.102
    36  C   3.924    C   55 1.368    C   20 1.223    S   37 1.089    C   38 0.063
    37  S   2.484    C   36 1.089    C   38 1.072    C   39 0.064    C   55 0.054
    38  C   3.899    C   39 1.443    C   57 1.127    S   37 1.072    C   36 0.063
    39  C   3.909    C   38 1.443    C   55 1.208    N   40 1.011    S   37 0.064
    40  N   3.339    C   39 1.011    C   41 0.993    C   48 0.984
    41  C   3.932    C   42 1.370    C   47 1.366    N   40 0.993    C   44 0.103
    42  C   3.969    C   43 1.440    C   41 1.370    H  179 0.944    C   46 0.105
    43  C   3.972    C   42 1.440    C   44 1.395    H  180 0.944    C   47 0.103
    44  C   3.951    C   43 1.395    C   46 1.384    C   45 0.992    C   41 0.103
    45  C   3.987    C   44 0.992    H  182 0.979    H  183 0.974    H  181 0.971
    46  C   3.972    C   47 1.452    C   44 1.384    H  184 0.945    C   42 0.105
    47  C   3.970    C   46 1.452    C   41 1.366    H  185 0.943    C   43 0.103
    48  C   3.932    C   49 1.373    C   54 1.373    N   40 0.984    C   51 0.104
    49  C   3.969    C   50 1.443    C   48 1.373    H  186 0.945    C   53 0.105
    50  C   3.973    C   49 1.443    C   51 1.392    H  187 0.945    C   54 0.106
    51  C   3.950    C   50 1.392    C   53 1.389    C   52 0.993    C   48 0.104
    52  C   3.987    C   51 0.993    H  189 0.978    H  188 0.977    H  190 0.969
    53  C   3.972    C   54 1.446    C   51 1.389    H  191 0.944    C   49 0.105
    54  C   3.969    C   53 1.446    C   48 1.373    H  192 0.945    C   50 0.106
    55  C   3.918    C   36 1.368    C   39 1.208    S   56 1.098    C   19 0.059    S   37 0.054
    56  S   2.476    C   55 1.098    C   19 1.060    C   20 0.067
    57  C   3.903    C   58 1.450    C   38 1.127    S   99 1.068    C   98 0.067
    58  C   3.924    C   57 1.450    C   67 1.220    C   59 0.995    S   99 0.062
    59  C   3.955    C   66 1.382    C   60 1.364    C   58 0.995    C   62 0.103
    60  C   3.970    C   61 1.444    C   59 1.364    H  193 0.944    C   63 0.105
    61  C   3.971    C   60 1.444    C   62 1.423    H  194 0.944    C   66 0.105
    62  C   3.967    C   61 1.423    C   63 1.393    H  195 0.945    C   59 0.103
    63  C   3.949    C   66 1.397    C   62 1.393    C   64 0.980    C   60 0.105
    64  C   3.972    C   65 0.992    C   63 0.980    H  197 0.967    H  196 0.964
    65  C   3.983    C   64 0.992    H  200 0.984    H  199 0.982    H  198 0.981
    66  C   3.966    C   63 1.397    C   59 1.382    H  201 0.945    C   61 0.105
    67  C   3.912    C   98 1.362    C   58 1.220    S   68 1.077    C   69 0.056
    68  S   2.483    C   69 1.101    C   67 1.077    C   97 0.055    C   98 0.052
    69  C   3.922    C   97 1.354    C   70 1.197    S   68 1.101    C   67 0.056
    70  C   3.926    C   95 1.282    C   69 1.197    C   71 1.165
    71  C   3.929    N   75 1.426    C   70 1.165    C   72 1.106    S   74 0.074
    72  C   3.929    N   73 1.425    C   76 1.165    C   71 1.106    S   74 0.074
    73  N   3.069    C   72 1.425    S   74 1.279    N   75 0.203
    74  S   2.807    N   75 1.280    N   73 1.279    C   71 0.074    C   72 0.074
    75  N   3.070    C   71 1.426    S   74 1.280    N   73 0.203
    76  C   3.926    C   94 1.277    C   77 1.202    C   72 1.165
    77  C   3.918    C   92 1.348    C   76 1.202    S   78 1.101    C   79 0.054
    78  S   2.480    C   77 1.101    C   79 1.075    C   92 0.053    C   91 0.053
    79  C   3.912    C   91 1.353    C   80 1.233    S   78 1.075    C   77 0.054
    80  C   3.920    C   89 1.433    C   79 1.233    C   81 0.990    S   90 0.062
    81  C   3.955    C   88 1.375    C   82 1.372    C   80 0.990    C   84 0.104
    82  C   3.966    C   83 1.438    C   81 1.372    H  202 0.945    C   85 0.104
    83  C   3.971    C   82 1.438    C   84 1.428    H  203 0.944    C   88 0.105
    84  C   3.967    C   83 1.428    C   85 1.389    H  204 0.946    C   81 0.104
    85  C   3.949    C   88 1.401    C   84 1.389    C   86 0.981    C   82 0.104
    86  C   3.972    C   87 0.991    C   85 0.981    H  205 0.967    H  206 0.965
    87  C   3.983    C   86 0.991    H  208 0.983    H  207 0.981    H  209 0.980
    88  C   3.968    C   85 1.401    C   81 1.375    H  210 0.944    C   83 0.105
    89  C   3.901    C   80 1.433    C  104 1.146    S   90 1.066    C   91 0.066
    90  S   2.490    C   91 1.096    C   89 1.066    C   80 0.062
    91  C   3.921    C   79 1.353    C   92 1.226    S   90 1.096    C   89 0.066    S   78 0.053
    92  C   3.901    C   77 1.348    C   91 1.226    N   93 1.081    S   78 0.053
    93  N   3.429    C   94 1.093    C   92 1.081    C  102 0.949
    94  C   3.895    C   76 1.277    C   95 1.243    N   93 1.093
    95  C   3.897    C   70 1.282    C   94 1.243    N   96 1.087
    96  N   3.416    C   95 1.087    C   97 1.078    C  100 0.948
    97  C   3.901    C   69 1.354    C   98 1.224    N   96 1.078    S   68 0.055
    98  C   3.925    C   67 1.362    C   97 1.224    S   99 1.096    C   57 0.067    S   68 0.052
    99  S   2.493    C   98 1.096    C   57 1.068    C   58 0.062
   100  C   3.931    C  101 1.003    H  211 0.964    H  212 0.960    N   96 0.948
   101  C   3.981    C  100 1.003    H  213 0.984    H  215 0.982    H  214 0.975
   102  C   3.931    C  103 1.003    H  216 0.964    H  217 0.960    N   93 0.949
   103  C   3.981    C  102 1.003    H  219 0.985    H  220 0.982    H  218 0.975
   104  C   3.888    C  105 1.415    C   89 1.146    S  141 1.067    C  140 0.060
   105  C   3.909    C  104 1.415    C  121 1.222    N  106 1.025    S  141 0.059
   106  N   3.329    C  105 1.025    C  114 0.986    C  107 0.970
   107  C   3.931    C  113 1.379    C  108 1.372    N  106 0.970    C  110 0.104
   108  C   3.970    C  109 1.450    C  107 1.372    H  221 0.945    C  112 0.106
   109  C   3.972    C  108 1.450    C  110 1.384    H  222 0.943    C  113 0.105
   110  C   3.949    C  112 1.398    C  109 1.384    C  111 0.993    C  107 0.104
   111  C   3.986    C  110 0.993    H  223 0.977    H  224 0.975    H  225 0.969
   112  C   3.972    C  113 1.435    C  110 1.398    H  226 0.944    C  108 0.106
   113  C   3.969    C  112 1.435    C  107 1.379    H  227 0.946    C  109 0.105
   114  C   3.932    C  120 1.376    C  115 1.366    N  106 0.986    C  117 0.104
   115  C   3.969    C  116 1.452    C  114 1.366    H  228 0.943    C  119 0.104
   116  C   3.973    C  115 1.452    C  117 1.384    H  229 0.945    C  120 0.106
   117  C   3.951    C  119 1.396    C  116 1.384    C  118 0.992    C  114 0.104
   118  C   3.987    C  117 0.992    H  230 0.979    H  231 0.973    H  232 0.972
   119  C   3.972    C  120 1.439    C  117 1.396    H  233 0.944    C  115 0.104
   120  C   3.969    C  119 1.439    C  114 1.376    H  234 0.945    C  116 0.106
   121  C   3.923    C  140 1.358    C  105 1.222    S  122 1.086    S  141 0.056
   122  S   2.471    C  121 1.086    C  123 1.041    C  124 0.057
   123  C   3.908    C  124 1.308    C  142 1.298    S  122 1.041
   124  C   3.911    C  123 1.308    C  140 1.236    N  125 1.087    C  143 0.066    S  122 0.057
   125  N   3.375    C  124 1.087    C  133 0.971    C  126 0.962
   126  C   3.927    C  127 1.381    C  132 1.376    N  125 0.962    C  129 0.105
   127  C   3.969    C  128 1.441    C  126 1.381    H  235 0.946    C  131 0.105
   128  C   3.972    C  127 1.441    C  129 1.393    H  236 0.944    C  132 0.107
   129  C   3.951    C  128 1.393    C  131 1.389    C  130 0.993    C  126 0.105
   130  C   3.987    C  129 0.993    H  239 0.978    H  238 0.977    H  237 0.969
   131  C   3.972    C  132 1.445    C  129 1.389    H  240 0.944    C  127 0.105
   132  C   3.969    C  131 1.445    C  126 1.376    H  241 0.942    C  128 0.107
   133  C   3.929    C  139 1.380    C  134 1.370    N  125 0.971    C  136 0.104
   134  C   3.968    C  135 1.444    C  133 1.370    H  242 0.945    C  138 0.104
   135  C   3.972    C  134 1.444    C  136 1.389    H  243 0.945    C  139 0.106
   136  C   3.948    C  138 1.393    C  135 1.389    C  137 0.993    C  133 0.104
   137  C   3.987    C  136 0.993    H  244 0.979    H  245 0.974    H  246 0.970
   138  C   3.972    C  139 1.439    C  136 1.393    H  247 0.944    C  134 0.104
   139  C   3.966    C  138 1.439    C  133 1.380    H  248 0.943    C  135 0.106
   140  C   3.919    C  121 1.358    C  124 1.236    S  141 1.077    C  104 0.060
   141  S   2.479    C  140 1.077    C  104 1.067    C  105 0.059    C  121 0.056
   142  C   3.927    C  143 1.455    C  123 1.298    H  249 0.926
   143  C   3.911    C  142 1.455    C  153 1.124    C  144 1.010    O  145 0.071    C  124 0.066
   144  C   3.906    O  145 1.777    C  143 1.010    C  146 0.972
   145  O   2.124    C  144 1.777    C  143 0.071    C  146 0.062
   146  C   3.935    C  147 1.399    C  152 1.268    C  144 0.972    C  149 0.089    O  145 0.062
   147  C   3.963    C  148 1.418    C  146 1.399    H  250 0.943    C  151 0.090
   148  C   3.951    C  147 1.418    C  149 1.392    H  251 0.941    C  152 0.092
   149  C   3.939    C  148 1.392    C  151 1.376    BR 150 1.011    C  146 0.089
   150  BR  1.143    C  149 1.011
   151  C   3.954    C  152 1.400    C  149 1.376    H  252 0.935    C  147 0.090
   152  C   3.948    C  151 1.400    C  146 1.268    C  153 1.031    C  148 0.092
   153  C   3.923    C  154 1.436    C  143 1.124    C  152 1.031    N  158 0.091    N  156 0.089
   154  C   3.947    C  153 1.436    C  157 1.076    C  155 1.064    N  158 0.081    N  156 0.081
   155  C   3.941    N  156 2.782    C  154 1.064
   156  N   3.053    C  155 2.782    C  153 0.089    C  154 0.081
   157  C   3.939    N  158 2.777    C  154 1.076
   158  N   3.037    C  157 2.777    C  153 0.091    C  154 0.081
   159  H   0.992    C    1 0.928
   160  H   0.998    C   12 0.945
   161  H   0.997    C   13 0.945
   162  H   0.998    C   14 0.946
   163  H   0.997    C   15 0.945
   164  H   0.998    C   16 0.948
   165  H   0.998    C   23 0.945
   166  H   0.997    C   24 0.943
   167  H   0.997    C   26 0.972
   168  H   0.997    C   26 0.978
   169  H   0.997    C   26 0.970
   170  H   0.998    C   27 0.944
   171  H   0.997    C   28 0.945
   172  H   0.997    C   30 0.942
   173  H   0.997    C   31 0.943
   174  H   0.997    C   33 0.979
   175  H   0.997    C   33 0.971
   176  H   0.997    C   33 0.973
   177  H   0.997    C   34 0.945
   178  H   0.997    C   35 0.944
   179  H   0.998    C   42 0.944
   180  H   0.998    C   43 0.944
   181  H   0.997    C   45 0.971
   182  H   0.997    C   45 0.979
   183  H   0.997    C   45 0.974
   184  H   0.997    C   46 0.945
   185  H   0.997    C   47 0.943
   186  H   0.998    C   49 0.945
   187  H   0.998    C   50 0.945
   188  H   0.997    C   52 0.977
   189  H   0.997    C   52 0.978
   190  H   0.997    C   52 0.969
   191  H   0.998    C   53 0.944
   192  H   0.997    C   54 0.945
   193  H   0.996    C   60 0.944
   194  H   0.995    C   61 0.944
   195  H   0.996    C   62 0.945
   196  H   0.998    C   64 0.964
   197  H   0.997    C   64 0.967
   198  H   0.997    C   65 0.981
   199  H   0.999    C   65 0.982
   200  H   0.999    C   65 0.984
   201  H   0.999    C   66 0.945
   202  H   0.996    C   82 0.945
   203  H   0.995    C   83 0.944
   204  H   0.996    C   84 0.946
   205  H   0.997    C   86 0.967
   206  H   0.998    C   86 0.965
   207  H   0.999    C   87 0.981
   208  H   0.999    C   87 0.983
   209  H   0.997    C   87 0.980
   210  H   0.999    C   88 0.944
   211  H   0.996    C  100 0.964
   212  H   0.996    C  100 0.960
   213  H   0.999    C  101 0.984
   214  H   0.997    C  101 0.975
   215  H   0.999    C  101 0.982
   216  H   0.996    C  102 0.964
   217  H   0.996    C  102 0.960
   218  H   0.997    C  103 0.975
   219  H   0.999    C  103 0.985
   220  H   0.998    C  103 0.982
   221  H   0.997    C  108 0.945
   222  H   0.997    C  109 0.943
   223  H   0.997    C  111 0.977
   224  H   0.997    C  111 0.975
   225  H   0.997    C  111 0.969
   226  H   0.998    C  112 0.944
   227  H   0.998    C  113 0.946
   228  H   0.997    C  115 0.943
   229  H   0.998    C  116 0.945
   230  H   0.997    C  118 0.979
   231  H   0.997    C  118 0.973
   232  H   0.997    C  118 0.972
   233  H   0.998    C  119 0.944
   234  H   0.998    C  120 0.945
   235  H   0.997    C  127 0.946
   236  H   0.997    C  128 0.944
   237  H   0.997    C  130 0.969
   238  H   0.997    C  130 0.977
   239  H   0.997    C  130 0.978
   240  H   0.997    C  131 0.944
   241  H   0.997    C  132 0.942
   242  H   0.997    C  134 0.945
   243  H   0.997    C  135 0.945
   244  H   0.997    C  137 0.979
   245  H   0.997    C  137 0.974
   246  H   0.997    C  137 0.970
   247  H   0.997    C  138 0.944
   248  H   0.997    C  139 0.943
   249  H   0.991    C  142 0.926
   250  H   0.995    C  147 0.943
   251  H   0.994    C  148 0.941
   252  H   0.995    C  151 0.935
 
 --------------------------------------------
          xTB calculation for sTDA...
 --------------------------------------------
 
 reading parameter file /ihome/ghutchison/blp62/xtb4stda/.param_stda2.xtb
 
      method parameters     
 k(s)        :  1.6000
 k(p)        :  2.1800
 k(d)        :  1.9500
 k(f)        :  2.0000
 k(R-V)      :  2.2750
 k(R-R)      :  1.7650
 Tscal       :  0.2580
 Gscal       :  1.0000
 fpol        :  1.0000
 Zcnf        :  0.3430
 Zqf         :  0.0000
 kcn         :  2.7000
 Ryd Hsplit  :  0.7000
 lshift(virt):  3.1000
 lshift(OS)  :  0.2000
 wllscaling  :  2.6000
 
 mowrcut     : 3.000
 
  Z AO/shell   Hii/eV     exponent
  1     Sun Feb 14 09:53:25 CET 2016    EN: 2.327 GAM: 0.473  GM3: 0.0000
     1s    -14.339618    1.220000
     2sp    -3.348946    0.600000
  6     Sun Feb 14 09:53:25 CET 2016    EN: 2.731 GAM: 0.422  GM3: 0.0000
     2s    -22.009312    1.565095
     2p    -13.020408    1.596905
     3sp    -3.914040    0.824500
  7     Sun Feb 14 09:53:25 CET 2016    EN: 3.573 GAM: 0.504  GM3: 0.0000
     2s    -25.722000    2.064844
     2p    -18.684912    1.801692
     3sp    -4.344791    0.921400
  8     Sun Feb 14 09:53:25 CET 2016    EN: 3.700 GAM: 0.587  GM3: 0.0000
     2s    -33.859000    2.418661
     2p    -22.175911    1.973969
     3sp    -4.259392    1.013700
 16     Sun Feb 21 16:35:57 CET 2016    EN: 1.915 GAM: 0.200  GM3: 0.0000
     3s    -17.898811    2.619580
     3p    -15.317401    1.798798
     4sp    -4.455139    0.843200
 35     Sun Feb 21 17:52:41 CET 2016    EN: 0.811 GAM: 0.434  GM3: 0.0000
     4s    -26.543782    1.553543
     4p    -18.131194    2.798632
     5sp    -5.742330    0.872900
 
 Nbf   :         1734
 T(el) :     0.0
 calculating S/T integrals ...
 cpu time for ints    3.75829400000000     
 Nao   :         1734
 making H0...
 making H1...
 cpu time for H      8.557300000000012E-002
 solving ...
 cpu time for diag    1.76337300000000     
 
 gap (eV)           :   4.331
 Koopmans IP (eV)   :  12.852
 Eel (Eh)           :  -652.993354

          eigenvalues
 #    :         371        372        373        374        375        376        377        378
 occ. :        2.000      2.000      2.000      2.000      2.000      2.000      2.000      2.000
 eps  :       -15.243    -15.125    -14.930    -14.713    -14.334    -14.169    -14.020    -13.766
 #    :         379        380        381        382        383        384        385        386
 occ. :        2.000      2.000      2.000      2.000      2.000      0.000      0.000      0.000
 eps  :       -13.739    -13.608    -13.470    -13.185    -12.854     -8.522     -8.142     -8.112
 #    :         387        388        389        390        391        392        393        394
 occ. :        0.000      0.000      0.000      0.000      0.000      0.000      0.000      0.000
 eps  :        -7.123     -6.834     -6.585     -6.252     -6.219     -6.128     -6.078     -6.074
                            1  SCC done.
 writing mo output ...
 molden style : F
 
speedup  3.12
cpu  time for all   11.55 s
wall time for all    3.70 s
