 
        ______________________________________
       |                                      |
       |          ===================         |
       |             xTB for sTDA             |
       |          ===================         |
       |               S. Grimme              |
       |        Universitaet Bonn, MCTC       |
       |         2015-19, Version 1.0         |
       |     Wed Apr  3 09:14:55 CEST 2019    |
       |______________________________________|
 
        This code comes without any warranty
        for non-commercial, academia use only.
        Preliminary test version.
        Cite this work as:
        S. Grimme  &  C. Bannwarth, JCP 145 (2016) 054103
        if GBSA is used additionally:
        P. Shushkov, F. März, C. Bannwarth, S. Grimme, unpublished.
 
        with help from
        P. Shushkov, G. Brandenburg, S. Dohm, J. Pisarek,
        F. März, M. Checinski, S. Ehrlich, S. Spicher, 
        P. Pracht, E. Caldeweyher, S. Ehlert, and C. Bannwarth.
 
        usage        :
        xtb4stda <coord_file> [options]
        where <coord_file> is a valid file of TM)
        (*coord, Bohr) or xmol (*xyz, Angstroem)
        format.

        options:
        -chrg <int>   : molecular charge
        -uhf  <int>   : # of unpaired electrons(=2*S)
        -nox          : skip second, extended part in sTDA-xTB
        -pop          : do population analysis
                      : (default for -nox)
        -mowr <real>  : cut MO write above (def.3 Eh)
        -molden       : write formatted molden file
        -parx <file>  : read parameters for sTDA-xTB
                        calc (def:~/.param_stda2.xtb)
        -parv <file>  : read parameters for vTB part in
                        sTDA-xTB (def: ~/.param_stda1.xtb)
        -xtemp <real> : el. temp for xTB (def. 0 K)
        -etemp <real> : el. temp for GFN (def. 300 K)
        -fod          : calculate the FOD and write
                        molden.input file with
                        appropriate occupations
                        for plotting. Def. T=12500 K
 
        -acc <real>   : xTB accuracy (def. 1.0)
        -gbsa [string1] [string2]
                        use GBSA implicit solvent
                        for solvent [string1] and
                        solvation state [string2]=
                        reference, bar1M (default=1M)
        additional GFN/opt/MD/siman options read from
        $XTB4STDAHOME/.xtb4stdarc or $set in input
 
       spin and charge state information can be on:
       <.CHRG> (charge) and <.UHF> (=nalpha-nbeta)
       -uhf and -chrg override the file info.
       useful machine settings:
       setenv MKL_NUM_THREADS <NCORE_ON_YOUR_MACHINE>
       setenv OMP_STACKSIZE 500m
       limit stacksize unlimited
 
       total energies in Eh, gaps/HL energies in eV
       please read REVISION and HOWTO files carefully
 =============================
  # OMP threads =           8
 =============================
 
 xtb4stdahome directory:/ihome/ghutchison/blp62/xtb4stda/
 
 
 name of molecule           :
 comment line               :
 number of atoms            :   245
 number of electrons        :   746
 charge                     :  0
 spin                       : 0.0
 first test random number   :  0.0958
 
 -----------------------------------------
      charge density (VTB) calculation
 -----------------------------------------
 
      method parameters     
 k(s)        :  1.8000
 k(p)        :  2.8350
 k(d)        :  2.0860
 k(f)        :  2.0000
 Tscal       :  0.3300
 Gscal       :  0.3910
 fpol        :  1.0000
 Zcnf        :  0.6500
 Zqf         :  0.0000
 kcn         :  0.3000
 kEN1        : -0.5900
 wllscal     :  2.6000
 
     -------------------------
     ! NO SOLVENT MODEL USED !
     -------------------------
 
 doing EN charges ...
 sum q :  0.1332268D-14
 point charge moment (au)
     X       Y       Z   
  -0.2011   0.7167   0.2442  total (Debye):    1.991
 
            Z      q(EN)   CN      Cart. coordinates
     1  C   4.0  -0.075   3.240   -14.55883    -0.17896    -4.82976
     2  C   4.0  -0.003   3.314   -15.29884    -0.58317    -7.30795
     3  C   4.0   0.097   3.254   -14.61306     1.09491    -9.40611
     4  O   6.0  -0.103   1.068   -13.30235     2.98803    -9.32334
     5  C   4.0  -0.006   3.347   -16.02242     0.14456   -11.62295
     6  C   4.0  -0.066   3.190   -16.03489     1.03651   -14.03783
     7  C   4.0  -0.005   3.255   -17.49792    -0.22563   -15.88504
     8  C   4.0  -0.072   3.180   -17.55820     0.59640   -18.41632
     9  C   4.0  -0.072   3.157   -18.97776    -0.64062   -20.18756
    10  C   4.0   0.022   3.156   -20.38334    -2.75635   -19.44660
    11  F   7.0  -0.026   1.065   -21.76851    -3.95595   -21.21728
    12  C   4.0  -0.072   3.198   -20.39184    -3.63205   -17.01585
    13  C   4.0  -0.005   3.262   -18.94053    -2.38124   -15.16996
    14  C   4.0  -0.068   3.197   -18.90331    -3.24919   -12.63905
    15  C   4.0  -0.006   3.344   -17.45559    -2.01010   -10.89540
    16  C   4.0  -0.008   3.335   -16.99620    -2.48593    -8.21369
    17  C   4.0  -0.038   3.127   -17.80802    -4.57030    -6.88730
    18  C   4.0   0.235   2.158   -19.29675    -6.50689    -7.92835
    19  N   5.0  -0.214   1.027   -20.47613    -8.16286    -8.69482
    20  C   4.0   0.236   2.160   -17.13603    -5.09243    -4.36697
    21  N   5.0  -0.215   1.028   -16.63450    -5.66370    -2.33249
    22  C   4.0  -0.075   3.239   -12.40718     1.11494    -4.05460
    23  C   4.0   0.093   3.453   -10.11249     1.65143    -5.32563
    24  N   5.0  -0.325   3.255    -9.31087     0.57353    -7.51355
    25  C   4.0   0.079   3.323    -7.40357     1.73363    -8.96373
    26  C   4.0  -0.068   3.195    -5.38969     0.29574    -9.85303
    27  C   4.0  -0.074   3.184    -3.55004     1.40388   -11.33741
    28  C   4.0   0.007   3.155    -3.67401     3.95179   -11.96915
    29  C   4.0  -0.253   4.054    -1.70227     5.14251   -13.61264
    30  C   4.0  -0.074   3.188    -5.69733     5.36966   -11.06869
    31  C   4.0  -0.072   3.218    -7.54927     4.28552    -9.58337
    32  C   4.0   0.084   3.311   -10.22417    -1.76274    -8.38169
    33  C   4.0  -0.068   3.201   -10.67771    -3.76377    -6.72950
    34  C   4.0  -0.073   3.191   -11.63769    -6.01084    -7.63071
    35  C   4.0   0.008   3.155   -12.18155    -6.33833   -10.18713
    36  C   4.0  -0.253   4.054   -13.32313    -8.75491   -11.10894
    37  C   4.0  -0.073   3.188   -11.64959    -4.36470   -11.83025
    38  C   4.0  -0.068   3.213   -10.67506    -2.10364   -10.95266
    39  C   4.0  -0.102   3.468    -8.60430     3.28302    -3.84219
    40  S   6.0   0.233   2.642    -5.66256     4.66044    -4.24621
    41  C   4.0  -0.087   3.326    -5.78596     5.97059    -1.20413
    42  C   4.0   0.078   3.490    -7.94082     5.24002     0.10979
    43  N   5.0  -0.316   3.245    -8.40645     5.70792     2.64127
    44  C   4.0   0.085   3.289    -6.42337     5.63535     4.39626
    45  C   4.0  -0.071   3.210    -4.40363     3.97579     4.08389
    46  C   4.0  -0.074   3.192    -2.37425     4.04571     5.72379
    47  C   4.0   0.007   3.158    -2.29847     5.73664     7.72841
    48  C   4.0  -0.253   4.057    -0.07351     5.86835     9.47339
    49  C   4.0  -0.075   3.194    -4.37717     7.30020     8.09937
    50  C   4.0  -0.070   3.203    -6.41354     7.25541     6.47193
    51  C   4.0   0.083   3.296   -10.89918     6.14066     3.43495
    52  C   4.0  -0.072   3.216   -12.56252     7.49484     1.91297
    53  C   4.0  -0.074   3.186   -15.01727     7.91115     2.69229
    54  C   4.0   0.008   3.152   -15.88145     7.00351     4.99681
    55  C   4.0  -0.252   4.051   -18.55522     7.42341     5.82584
    56  C   4.0  -0.074   3.185   -14.20998     5.64575     6.50292
    57  C   4.0  -0.069   3.192   -11.75599     5.20525     5.74118
    58  C   4.0  -0.107   3.477    -9.55597     3.78852    -1.45018
    59  S   6.0   0.226   2.574   -12.42060     2.33117    -0.93447
    60  C   4.0  -0.089   3.329    -3.73391     7.42681    -0.21429
    61  C   4.0  -0.018   3.435    -3.88263     9.50608     1.36570
    62  C   4.0  -0.001   3.228    -6.12838    11.09704     1.57754
    63  C   4.0  -0.077   3.205    -6.65259    12.44970     3.77322
    64  C   4.0  -0.072   3.146    -8.78628    13.94863     3.91135
    65  C   4.0  -0.074   3.184   -10.40086    14.15121     1.86629
    66  C   4.0   0.007   3.192    -9.87401    12.87716    -0.36850
    67  C   4.0  -0.174   4.065   -11.53753    13.19974    -2.64656
    68  C   4.0  -0.242   4.028   -10.69018    15.48895    -4.19500
    69  C   4.0  -0.075   3.244    -7.73767    11.36991    -0.49038
    70  C   4.0  -0.105   3.486    -1.53899     9.95489     2.57305
    71  S   6.0   0.232   2.480    -0.62512    11.87560     5.10075
    72  C   4.0  -0.087   3.408     2.32587    10.45699     5.10150
    73  C   4.0   0.009   3.408     4.48281    10.25838     6.65410
    74  C   4.0   0.076   3.650     4.93578    10.93471     9.20448
    75  C   4.0   0.076   3.647     6.84950     9.59130    10.62083
    76  N   5.0  -0.299   2.143     6.83344    10.20187    13.04289
    77  S   6.0   0.426   2.878     4.64835    12.29134    13.52004
    78  N   5.0  -0.299   2.145     3.60616    12.48183    10.64634
    79  C   4.0   0.009   3.406     8.46578     7.88299     9.35055
    80  C   4.0  -0.083   3.393    10.27671     6.06980    10.11192
    81  S   6.0   0.220   2.473    11.04016     4.29138    12.77266
    82  C   4.0  -0.100   3.457    12.41342     1.95624    10.84249
    83  C   4.0  -0.018   3.413    12.87376    -0.68087    11.13256
    84  C   4.0  -0.002   3.219    12.69650    -2.15221    13.45825
    85  C   4.0  -0.077   3.196    11.32966    -1.29749    15.53959
    86  C   4.0  -0.072   3.144    11.17527    -2.76127    17.69691
    87  C   4.0  -0.074   3.182    12.36523    -5.08582    17.81331
    88  C   4.0   0.008   3.188    13.74284    -5.97361    15.76088
    89  C   4.0  -0.174   4.064    15.11686    -8.45407    15.89883
    90  C   4.0  -0.242   4.027    17.76909    -8.08047    16.98656
    91  C   4.0  -0.075   3.240    13.90876    -4.48848    13.61321
    92  C   4.0  -0.091   3.364    13.38795    -1.80053     8.83315
    93  S   6.0   0.221   2.608    13.56615     0.40157     6.32794
    94  C   4.0  -0.099   3.434    12.56120     2.75371     8.34182
    95  C   4.0   0.071   3.713    11.29338     5.03140     7.91039
    96  N   5.0  -0.298   3.279    10.19375     6.09021     5.81941
    97  C   4.0   0.099   3.499     8.32916     7.69534     6.67905
    98  C   4.0   0.098   3.492     6.12120     8.53098     5.43107
    99  N   5.0  -0.294   3.269     4.97489     7.62977     3.26204
   100  C   4.0   0.073   3.695     2.63579     8.72921     3.12901
   101  C   4.0  -0.097   3.422     0.40308     8.37772     1.75121
   102  S   6.0   0.231   2.601    -0.64005     6.23477    -0.48037
   103  C   4.0  -0.098   4.092     5.51233     5.33526     1.87971
   104  C   4.0  -0.240   4.030     5.26723     2.97783     3.52528
   105  C   4.0  -0.095   4.083    11.42302     6.13027     3.38374
   106  C   4.0  -0.240   4.031    14.16576     6.99860     3.62317
   107  C   4.0  -0.091   3.340    12.65323    -4.27437     7.89868
   108  S   6.0   0.224   2.628     9.35225    -4.42895     7.39469
   109  C   4.0  -0.098   3.380     9.78217    -6.93151     5.39819
   110  C   4.0  -0.007   3.367     8.29136    -8.08538     3.45858
   111  C   4.0  -0.001   3.434     9.86777    -9.80598     2.17507
   112  C   4.0  -0.053   4.298    12.52529    -9.76554     3.29001
   113  C   4.0   0.005   3.277    14.47284    -8.84694     1.39329
   114  C   4.0  -0.071   3.191    13.78952    -7.17397    -0.51117
   115  C   4.0  -0.073   3.185    15.58948    -6.24403    -2.16015
   116  C   4.0   0.007   3.189    18.11227    -6.93057    -1.93867
   117  C   4.0  -0.174   4.062    20.04413    -5.99421    -3.79476
   118  C   4.0  -0.241   4.027    20.25786    -7.81364    -6.03163
   119  C   4.0  -0.072   3.185    18.79106    -8.56405    -0.00113
   120  C   4.0  -0.071   3.190    17.00092    -9.50060     1.65521
   121  C   4.0   0.006   3.264    13.12887   -12.35049     4.35827
   122  C   4.0  -0.071   3.192    13.85868   -14.29578     2.75106
   123  C   4.0  -0.072   3.184    14.34264   -16.68212     3.69082
   124  C   4.0   0.007   3.189    14.10945   -17.19518     6.25518
   125  C   4.0  -0.174   4.062    14.55883   -19.81170     7.25579
   126  C   4.0  -0.242   4.027    12.12618   -21.36959     7.13409
   127  C   4.0  -0.073   3.184    13.36679   -15.25066     7.85049
   128  C   4.0  -0.071   3.188    12.87754   -12.85826     6.91829
   129  C   4.0  -0.015   3.602    12.25657    -7.71726     5.26818
   130  C   4.0  -0.079   3.327    13.90895    -6.16655     6.66506
   131  C   4.0  -0.066   3.159     8.93708   -11.08608     0.10242
   132  C   4.0  -0.073   3.188     6.56340   -10.45944    -0.82335
   133  C   4.0  -0.004   3.206     5.13779    -8.51737     0.26759
   134  C   4.0  -0.070   3.221     5.95661    -7.41453     2.52052
   135  C   4.0  -0.067   3.169     2.94022    -7.49673    -1.01025
   136  C   4.0  -0.003   3.275     2.64581    -4.98472    -1.43430
   137  C   4.0   0.102   3.220     4.73565    -3.09594    -1.23909
   138  O   6.0  -0.108   1.062     6.78997    -3.31930    -0.25644
   139  C   4.0  -0.007   3.341     3.84219    -0.86247    -2.64297
   140  C   4.0  -0.068   3.194     5.15177     1.28879    -3.19874
   141  C   4.0  -0.007   3.261     3.94631     3.22009    -4.58769
   142  C   4.0  -0.073   3.184     5.18938     5.50761    -5.15593
   143  C   4.0  -0.072   3.159     4.00395     7.36861    -6.49763
   144  C   4.0   0.022   3.162     1.52425     6.95703    -7.33025
   145  F   7.0  -0.027   1.069     0.39514     8.80140    -8.66647
   146  C   4.0  -0.076   3.217     0.23886     4.77061    -6.84591
   147  C   4.0  -0.008   3.273     1.41465     2.84933    -5.42937
   148  C   4.0  -0.070   3.202     0.10885     0.59356    -4.83505
   149  C   4.0  -0.005   3.329     1.29956    -1.22983    -3.43193
   150  C   4.0  -0.008   3.326     0.47999    -3.71199    -2.55963
   151  C   4.0  -0.038   3.122    -1.95209    -4.58844    -2.57645
   152  C   4.0   0.238   2.149    -2.68473    -6.99406    -1.68639
   153  N   5.0  -0.217   1.026    -3.38544    -8.92480    -0.99211
   154  C   4.0   0.240   2.155    -4.02965    -3.12825    -3.37656
   155  N   5.0  -0.223   1.048    -5.78861    -1.99744    -3.95331
   156  H   1.0   0.075   1.012   -15.78620    -0.84017    -3.33045
   157  H   1.0   0.075   1.005   -14.93129     2.67604   -14.54730
   158  H   1.0   0.075   1.005   -16.45914     2.23366   -18.94167
   159  H   1.0   0.075   1.004   -19.04560    -0.03307   -22.13190
   160  H   1.0   0.076   1.005   -21.49752    -5.26950   -16.51261
   161  H   1.0   0.077   1.007   -20.03110    -4.87436   -12.15094
   162  H   1.0   0.076   1.006    -5.28386    -1.68507    -9.37021
   163  H   1.0   0.075   1.005    -1.98837     0.27307   -12.01185
   164  H   1.0   0.082   1.000    -1.29427     7.05718   -12.98884
   165  H   1.0   0.082   1.000     0.03515     4.04439   -13.59166
   166  H   1.0   0.080   0.999    -2.37425     5.24248   -15.55774
   167  H   1.0   0.075   1.005    -5.82508     7.34801   -11.55303
   168  H   1.0   0.077   1.007    -9.15761     5.36739    -8.95390
   169  H   1.0   0.077   1.008   -10.26348    -3.55382    -4.74510
   170  H   1.0   0.075   1.006   -11.98748    -7.54114    -6.32567
   171  H   1.0   0.082   1.000   -13.29517    -8.84864   -13.16062
   172  H   1.0   0.081   1.000   -15.28070    -8.90155   -10.48231
   173  H   1.0   0.081   0.999   -12.30684   -10.37327   -10.34871
   174  H   1.0   0.075   1.005   -12.02584    -4.58032   -13.82580
   175  H   1.0   0.077   1.007   -10.28087    -0.58222   -12.25431
   176  H   1.0   0.076   1.008    -4.41931     2.63806     2.54036
   177  H   1.0   0.075   1.006    -0.81995     2.75144     5.43353
   178  H   1.0   0.080   0.999    -0.46809     4.83845    11.21420
   179  H   1.0   0.082   1.001     0.33165     7.82139     9.97473
   180  H   1.0   0.082   1.000     1.60135     5.04632     8.60902
   181  H   1.0   0.075   1.006    -4.37793     8.60468     9.66973
   182  H   1.0   0.077   1.007    -7.99770     8.50509     6.76919
   183  H   1.0   0.078   1.009   -11.91869     8.23580     0.12642
   184  H   1.0   0.075   1.005   -16.27923     8.96940     1.48570
   185  H   1.0   0.080   0.999   -19.69510     5.76310     5.38893
   186  H   1.0   0.081   0.999   -18.65178     7.73881     7.85502
   187  H   1.0   0.082   1.000   -19.38008     9.03743     4.85849
   188  H   1.0   0.075   1.005   -14.84777     4.90516     8.29552
   189  H   1.0   0.076   1.006   -10.49157     4.12452     6.92339
   190  H   1.0   0.076   1.015    -5.40518    12.30552     5.37778
   191  H   1.0   0.074   1.005    -9.19106    14.96909     5.63195
   192  H   1.0   0.075   1.005   -12.07081    15.31850     1.99385
   193  H   1.0   0.081   1.004   -11.44909    11.51202    -3.83161
   194  H   1.0   0.081   1.004   -13.49397    13.46770    -2.04808
   195  H   1.0   0.081   0.999   -10.78674    17.19783    -3.05701
   196  H   1.0   0.081   0.998   -11.89375    15.72724    -5.84379
   197  H   1.0   0.081   0.999    -8.74981    15.24291    -4.82712
   198  H   1.0   0.077   1.008    -7.29680    10.40823    -2.23762
   199  H   1.0   0.076   1.016    10.36439     0.49511    15.46646
   200  H   1.0   0.074   1.005    10.10871    -2.08248    19.29920
   201  H   1.0   0.075   1.005    12.22766    -6.22098    19.50518
   202  H   1.0   0.081   1.004    15.26445    -9.27723    14.01194
   203  H   1.0   0.081   1.003    14.06882    -9.76686    17.09730
   204  H   1.0   0.081   0.998    18.76630    -9.87476    17.08747
   205  H   1.0   0.081   0.999    17.66006    -7.28187    18.87723
   206  H   1.0   0.081   0.999    18.85021    -6.79281    15.80397
   207  H   1.0   0.077   1.008    15.01349    -5.14837    12.02867
   208  H   1.0   0.083   1.012     4.13472     5.24418     0.34393
   209  H   1.0   0.084   1.005     7.38826     5.42030     1.03614
   210  H   1.0   0.082   1.000     3.34236     2.80813     4.22316
   211  H   1.0   0.083   1.001     6.54072     3.05833     5.13401
   212  H   1.0   0.082   1.000     5.71907     1.30561     2.42338
   213  H   1.0   0.081   1.004    11.37521     4.23166     2.55585
   214  H   1.0   0.083   1.005    10.40748     7.46007     2.17810
   215  H   1.0   0.082   0.999    14.25534     8.84675     4.51928
   216  H   1.0   0.082   0.999    15.01652     7.12483     1.75858
   217  H   1.0   0.082   1.001    15.25236     5.66559     4.74510
   218  H   1.0   0.076   1.007    11.84537    -6.58059    -0.69977
   219  H   1.0   0.075   1.005    15.02294    -4.95127    -3.63678
   220  H   1.0   0.081   1.003    21.88284    -5.83358    -2.87219
   221  H   1.0   0.081   1.003    19.50235    -4.12716    -4.48659
   222  H   1.0   0.081   0.999    20.82138    -9.68069    -5.38232
   223  H   1.0   0.081   0.999    18.44694    -7.98277    -6.98991
   224  H   1.0   0.081   0.998    21.65437    -7.13844    -7.37995
   225  H   1.0   0.075   1.005    20.74862    -9.10243     0.22431
   226  H   1.0   0.076   1.006    17.57502   -10.75556     3.16038
   227  H   1.0   0.076   1.006    14.08186   -13.92898     0.75513
   228  H   1.0   0.075   1.005    14.91882   -18.16990     2.41526
   229  H   1.0   0.081   1.003    15.20549   -19.71230     9.21241
   230  H   1.0   0.081   1.003    16.02034   -20.74692     6.13859
   231  H   1.0   0.081   0.999    10.65106   -20.47858     8.25432
   232  H   1.0   0.081   0.999    11.46440   -21.51207     5.19334
   233  H   1.0   0.081   0.998    12.44838   -23.26517     7.85918
   234  H   1.0   0.075   1.005    13.17139   -15.60819     9.85190
   235  H   1.0   0.076   1.007    12.30155   -11.37483     8.19782
   236  H   1.0   0.079   1.004    15.93115    -6.37253     6.69889
   237  H   1.0   0.075   1.005    10.06827   -12.47710    -0.86927
   238  H   1.0   0.075   1.005     5.87950   -11.35480    -2.52562
   239  H   1.0   0.077   1.007     4.82258    -6.00819     3.46557
   240  H   1.0   0.074   1.007     1.56998    -8.82370    -1.75404
   241  H   1.0   0.076   1.006     7.08666     1.50668    -2.58798
   242  H   1.0   0.075   1.005     7.10669     5.76839    -4.50775
   243  H   1.0   0.075   1.005     4.92255     9.13418    -6.93718
   244  H   1.0   0.078   1.012    -1.66428     4.52495    -7.52527
   245  H   1.0   0.077   1.009    -1.79694     0.37322    -5.52291
 
  Z AO/shell   Hii/eV     exponent
  1     Sat Feb 20 21:38:01 CET 2016    EN: 2.327 GAM: 0.473  GM3: 0.0000
     1s    -13.751157    1.051071
  6     Sat Feb 20 21:38:01 CET 2016    EN: 2.731 GAM: 0.422  GM3: 0.0000
     2s    -19.378245    2.021003
     2p    -11.993376    1.497917
  7     Sat Feb 20 21:38:01 CET 2016    EN: 3.573 GAM: 0.504  GM3: 0.0000
     2s    -21.576984    2.275442
     2p    -16.125120    2.056788
  8     Sat Feb 20 21:38:01 CET 2016    EN: 3.700 GAM: 0.587  GM3: 0.0000
     2s    -21.648843    2.110798
     2p    -17.239740    2.329048
  9     Sat Feb 20 21:51:24 CET 2016    EN: 3.394 GAM: 0.669  GM3: 0.0000
     2s    -19.384211    2.614957
     2p    -19.426034    2.777297
 16     Sat Feb 20 23:13:41 CET 2016    EN: 1.915 GAM: 0.389  GM3: 0.0000
     3s    -22.000000    2.671470
     3p    -15.834192    1.836978
     3d     -2.593599    1.836978
 
 dipole moment of classical point charges (au)
     X       Y       Z   
  -0.2011   0.7167   0.2442  total (Debye):    1.991

 
 Nbf   :          758
 T(el) :   300.0
 calculating S/T integrals ...
 cpu time for ints    1.27550600000000     
 Nao   :          750
 making H0...
 making H1...
 cpu time for H      0.154500000000000     
 solving ...
 cpu time for diag    2.06561000000000     
 
 gap (eV)           :   1.255
 Koopmans IP (eV)   :  11.640
 Eel (Eh)           :  -583.452640
 T,E(Fermi),NFOD :    300.000   -11.012  0.000000
 T,E(Fermi),NFOD :    300.000   -11.012  0.000000
 Nfod               :  0.0000
 Nfod/Nel           :  0.0000

          eigenvalues
 #    :         361        362        363        364        365        366        367        368
 occ. :        2.000      2.000      2.000      2.000      2.000      2.000      2.000      2.000
 eps  :       -14.486    -14.347    -14.190    -14.049    -14.025    -13.765    -13.470    -13.368
 #    :         369        370        371        372        373        374        375        376
 occ. :        2.000      2.000      2.000      2.000      2.000      0.000      0.000      0.000
 eps  :       -13.070    -12.907    -12.753    -12.351    -11.641    -10.386     -9.770     -9.752
 #    :         377        378        379        380        381        382        383        384
 occ. :        0.000      0.000      0.000      0.000      0.000      0.000      0.000      0.000
 eps  :        -9.232     -9.205     -9.163     -9.117     -9.056     -8.940     -8.870     -8.226
                            1  SCC done.
 making H1...
 cpu time for H       2.20737400000000     
 solving ...
 cpu time for diag   0.232009000000000     
 
 gap (eV)           :   1.872
 Koopmans IP (eV)   :  11.931
 Eel (Eh)           :  -583.910379
 T,E(Fermi),NFOD :    300.000   -10.995  0.000000
 T,E(Fermi),NFOD :    300.000   -10.995  0.000000
 Nfod               :  0.0000
 Nfod/Nel           :  0.0000

          eigenvalues
 #    :         361        362        363        364        365        366        367        368
 occ. :        2.000      2.000      2.000      2.000      2.000      2.000      2.000      2.000
 eps  :       -14.377    -14.291    -14.134    -14.081    -13.938    -13.697    -13.557    -13.363
 #    :         369        370        371        372        373        374        375        376
 occ. :        2.000      2.000      2.000      2.000      2.000      0.000      0.000      0.000
 eps  :       -13.208    -13.046    -12.806    -12.412    -11.932    -10.060     -9.978     -9.814
 #    :         377        378        379        380        381        382        383        384
 occ. :        0.000      0.000      0.000      0.000      0.000      0.000      0.000      0.000
 eps  :        -9.337     -9.205     -9.142     -8.993     -8.971     -8.948     -8.905     -8.294
                            2  SCC done.
 
 
 Mulliken/CM5 charges    n(s)   n(p)   n(d)   
    1 C   0.0085 -0.0376   1.155  2.837  0.000
    2 C  -0.0419 -0.0431   1.172  2.870  0.000
    3 C   0.1255  0.1610   1.176  2.699  0.000
    4 O  -0.2695 -0.3174   1.630  4.640  0.000
    5 C  -0.0234 -0.0259   1.184  2.840  0.000
    6 C  -0.0259 -0.0758   1.150  2.876  0.000
    7 C   0.0014 -0.0058   1.164  2.834  0.000
    8 C  -0.0299 -0.0833   1.140  2.889  0.000
    9 C  -0.0207 -0.0722   1.132  2.889  0.000
   10 C   0.0943  0.1053   1.165  2.741  0.000
   11 F  -0.1335 -0.1574   1.681  5.453  0.000
   12 C  -0.0299 -0.0787   1.135  2.895  0.000
   13 C   0.0125  0.0054   1.164  2.824  0.000
   14 C  -0.0288 -0.0787   1.150  2.879  0.000
   15 C  -0.0041 -0.0078   1.168  2.836  0.000
   16 C   0.0142  0.0136   1.195  2.791  0.000
   17 C  -0.0083 -0.0021   1.111  2.897  0.000
   18 C   0.0911  0.2089   1.173  2.736  0.000
   19 N  -0.2269 -0.3580   1.643  3.584  0.000
   20 C   0.0908  0.2091   1.173  2.736  0.000
   21 N  -0.2254 -0.3548   1.642  3.583  0.000
   22 C  -0.0196 -0.0067   1.162  2.857  0.000
   23 C   0.0719  0.1455   1.177  2.751  0.000
   24 N  -0.0698 -0.3178   1.225  3.845  0.000
   25 C   0.0559  0.1114   1.173  2.771  0.000
   26 C  -0.0382 -0.0865   1.139  2.899  0.000
   27 C  -0.0493 -0.1042   1.138  2.911  0.000
   28 C   0.0004 -0.0188   1.178  2.821  0.000
   29 C  -0.0840 -0.2298   1.079  3.005  0.000
   30 C  -0.0425 -0.0970   1.137  2.905  0.000
   31 C  -0.0315 -0.0791   1.140  2.892  0.000
   32 C   0.0543  0.1106   1.173  2.773  0.000
   33 C  -0.0363 -0.0837   1.139  2.897  0.000
   34 C  -0.0415 -0.0954   1.138  2.904  0.000
   35 C   0.0015 -0.0165   1.178  2.820  0.000
   36 C  -0.0840 -0.2294   1.079  3.005  0.000
   37 C  -0.0491 -0.1032   1.138  2.911  0.000
   38 C  -0.0369 -0.0848   1.140  2.897  0.000
   39 C  -0.0409 -0.0204   1.162  2.879  0.000
   40 S   0.1038  0.0674   1.893  3.951  0.052
   41 C  -0.0500 -0.0335   1.178  2.872  0.000
   42 C   0.0336  0.1005   1.167  2.799  0.000
   43 N  -0.1164 -0.3602   1.224  3.893  0.000
   44 C   0.0450  0.1008   1.174  2.781  0.000
   45 C  -0.0524 -0.1001   1.138  2.914  0.000
   46 C  -0.0529 -0.1070   1.138  2.914  0.000
   47 C  -0.0035 -0.0215   1.177  2.827  0.000
   48 C  -0.0847 -0.2300   1.080  3.005  0.000
   49 C  -0.0425 -0.0968   1.137  2.905  0.000
   50 C  -0.0408 -0.0902   1.138  2.903  0.000
   51 C   0.0450  0.1009   1.174  2.781  0.000
   52 C  -0.0479 -0.0957   1.138  2.910  0.000
   53 C  -0.0455 -0.0996   1.137  2.909  0.000
   54 C  -0.0012 -0.0193   1.176  2.826  0.000
   55 C  -0.0836 -0.2292   1.079  3.005  0.000
   56 C  -0.0441 -0.0982   1.136  2.908  0.000
   57 C  -0.0406 -0.0893   1.136  2.904  0.000
   58 C  -0.0415 -0.0218   1.173  2.869  0.000
   59 S   0.1036  0.0692   1.892  3.958  0.047
   60 C  -0.0386 -0.0252   1.178  2.861  0.000
   61 C  -0.0178 -0.0168   1.170  2.848  0.000
   62 C   0.0065 -0.0001   1.165  2.828  0.000
   63 C  -0.0367 -0.0903   1.140  2.897  0.000
   64 C  -0.0281 -0.0846   1.136  2.892  0.000
   65 C  -0.0399 -0.0946   1.139  2.901  0.000
   66 C  -0.0011 -0.0183   1.182  2.819  0.000
   67 C  -0.0441 -0.1515   1.125  2.919  0.000
   68 C  -0.0900 -0.2414   1.095  2.995  0.000
   69 C  -0.0521 -0.1033   1.146  2.906  0.000
   70 C  -0.0567 -0.0424   1.174  2.883  0.000
   71 S   0.1240  0.0880   1.892  3.930  0.054
   72 C  -0.0523 -0.0309   1.169  2.883  0.000
   73 C  -0.0179 -0.0054   1.155  2.863  0.000
   74 C   0.0163  0.1040   1.209  2.774  0.000
   75 C   0.0168  0.1050   1.206  2.777  0.000
   76 N  -0.1988 -0.3605   1.529  3.670  0.000
   77 S   0.2289  0.3630   1.910  3.710  0.151
   78 N  -0.2030 -0.3659   1.529  3.674  0.000
   79 C  -0.0052  0.0076   1.156  2.849  0.000
   80 C  -0.0553 -0.0339   1.173  2.882  0.000
   81 S   0.1102  0.0755   1.895  3.942  0.053
   82 C  -0.0583 -0.0444   1.180  2.879  0.000
   83 C  -0.0063 -0.0058   1.176  2.830  0.000
   84 C   0.0073  0.0002   1.165  2.828  0.000
   85 C  -0.0378 -0.0907   1.140  2.898  0.000
   86 C  -0.0289 -0.0852   1.136  2.893  0.000
   87 C  -0.0412 -0.0956   1.140  2.902  0.000
   88 C  -0.0021 -0.0184   1.182  2.820  0.000
   89 C  -0.0442 -0.1510   1.125  2.919  0.000
   90 C  -0.0903 -0.2417   1.096  2.995  0.000
   91 C  -0.0506 -0.1016   1.146  2.905  0.000
   92 C  -0.0506 -0.0383   1.199  2.852  0.000
   93 S   0.0771  0.0429   1.894  3.981  0.048
   94 C  -0.0486 -0.0302   1.166  2.883  0.000
   95 C  -0.0071  0.0625   1.173  2.834  0.000
   96 N  -0.0865 -0.3505   1.277  3.809  0.000
   97 C   0.0136  0.0832   1.193  2.794  0.000
   98 C   0.0207  0.0902   1.184  2.795  0.000
   99 N  -0.0886 -0.3464   1.277  3.812  0.000
  100 C  -0.0112  0.0584   1.169  2.842  0.000
  101 C  -0.0511 -0.0334   1.162  2.889  0.000
  102 S   0.0863  0.0492   1.893  3.970  0.051
  103 C   0.0248 -0.0236   1.148  2.828  0.000
  104 C  -0.0876 -0.2344   1.094  2.994  0.000
  105 C   0.0349 -0.0133   1.148  2.817  0.000
  106 C  -0.0825 -0.2289   1.093  2.989  0.000
  107 C  -0.0340 -0.0248   1.186  2.848  0.000
  108 S   0.0970  0.0628   1.892  3.964  0.047
  109 C  -0.0447 -0.0315   1.176  2.868  0.000
  110 C   0.0072  0.0038   1.164  2.828  0.000
  111 C  -0.0079 -0.0134   1.201  2.807  0.000
  112 C   0.0282  0.0240   1.214  2.758  0.000
  113 C  -0.0020 -0.0108   1.187  2.815  0.000
  114 C  -0.0395 -0.0926   1.141  2.898  0.000
  115 C  -0.0429 -0.0972   1.140  2.903  0.000
  116 C  -0.0070 -0.0234   1.182  2.825  0.000
  117 C  -0.0443 -0.1512   1.124  2.920  0.000
  118 C  -0.0902 -0.2415   1.096  2.994  0.000
  119 C  -0.0421 -0.0965   1.140  2.902  0.000
  120 C  -0.0406 -0.0943   1.141  2.899  0.000
  121 C  -0.0015 -0.0105   1.185  2.816  0.000
  122 C  -0.0406 -0.0948   1.141  2.900  0.000
  123 C  -0.0418 -0.0962   1.140  2.902  0.000
  124 C  -0.0055 -0.0220   1.182  2.824  0.000
  125 C  -0.0441 -0.1510   1.124  2.920  0.000
  126 C  -0.0900 -0.2415   1.096  2.994  0.000
  127 C  -0.0412 -0.0955   1.140  2.901  0.000
  128 C  -0.0399 -0.0930   1.141  2.899  0.000
  129 C  -0.0600 -0.0634   1.199  2.861  0.000
  130 C  -0.0536 -0.1024   1.141  2.913  0.000
  131 C  -0.0264 -0.0801   1.138  2.888  0.000
  132 C  -0.0336 -0.0870   1.141  2.893  0.000
  133 C   0.0144  0.0046   1.155  2.830  0.000
  134 C  -0.0265 -0.0749   1.143  2.884  0.000
  135 C   0.0082 -0.0414   1.168  2.824  0.000
  136 C  -0.0108 -0.0133   1.184  2.827  0.000
  137 C   0.1429  0.1777   1.177  2.680  0.000
  138 O  -0.2152 -0.2650   1.627  4.589  0.000
  139 C  -0.0249 -0.0273   1.182  2.843  0.000
  140 C  -0.0224 -0.0732   1.152  2.870  0.000
  141 C   0.0033 -0.0045   1.165  2.832  0.000
  142 C  -0.0306 -0.0845   1.141  2.890  0.000
  143 C  -0.0136 -0.0652   1.133  2.881  0.000
  144 C   0.1002  0.1111   1.165  2.735  0.000
  145 F  -0.1278 -0.1532   1.679  5.449  0.000
  146 C  -0.0280 -0.0769   1.137  2.891  0.000
  147 C   0.0167  0.0097   1.165  2.819  0.000
  148 C  -0.0205 -0.0701   1.151  2.869  0.000
  149 C  -0.0061 -0.0096   1.168  2.838  0.000
  150 C   0.0166  0.0162   1.198  2.785  0.000
  151 C   0.0219  0.0284   1.116  2.862  0.000
  152 C   0.0986  0.2179   1.169  2.732  0.000
  153 N  -0.1958 -0.3247   1.641  3.555  0.000
  154 C   0.1041  0.2232   1.169  2.727  0.000
  155 N  -0.2041 -0.3448   1.641  3.563  0.000
  156 H   0.0645  0.1295   0.936  0.000  0.000
  157 H   0.0490  0.1083   0.951  0.000  0.000
  158 H   0.0483  0.1058   0.952  0.000  0.000
  159 H   0.0467  0.1044   0.953  0.000  0.000
  160 H   0.0448  0.1034   0.955  0.000  0.000
  161 H   0.0527  0.1172   0.947  0.000  0.000
  162 H   0.0417  0.1052   0.958  0.000  0.000
  163 H   0.0374  0.0949   0.963  0.000  0.000
  164 H   0.0427  0.0968   0.957  0.000  0.000
  165 H   0.0381  0.0912   0.962  0.000  0.000
  166 H   0.0431  0.0954   0.957  0.000  0.000
  167 H   0.0403  0.0980   0.960  0.000  0.000
  168 H   0.0466  0.1121   0.953  0.000  0.000
  169 H   0.0455  0.1124   0.954  0.000  0.000
  170 H   0.0436  0.1022   0.956  0.000  0.000
  171 H   0.0382  0.0913   0.962  0.000  0.000
  172 H   0.0468  0.1018   0.953  0.000  0.000
  173 H   0.0423  0.0949   0.958  0.000  0.000
  174 H   0.0391  0.0971   0.961  0.000  0.000
  175 H   0.0428  0.1072   0.957  0.000  0.000
  176 H   0.0373  0.1003   0.963  0.000  0.000
  177 H   0.0378  0.0959   0.962  0.000  0.000
  178 H   0.0431  0.0954   0.957  0.000  0.000
  179 H   0.0456  0.1017   0.954  0.000  0.000
  180 H   0.0374  0.0916   0.963  0.000  0.000
  181 H   0.0413  0.0992   0.959  0.000  0.000
  182 H   0.0441  0.1076   0.956  0.000  0.000
  183 H   0.0399  0.1049   0.960  0.000  0.000
  184 H   0.0381  0.0957   0.962  0.000  0.000
  185 H   0.0428  0.0950   0.957  0.000  0.000
  186 H   0.0402  0.0929   0.960  0.000  0.000
  187 H   0.0390  0.0919   0.961  0.000  0.000
  188 H   0.0388  0.0963   0.961  0.000  0.000
  189 H   0.0403  0.1020   0.960  0.000  0.000
  190 H   0.0433  0.1063   0.957  0.000  0.000
  191 H   0.0426  0.0992   0.957  0.000  0.000
  192 H   0.0364  0.0940   0.964  0.000  0.000
  193 H   0.0358  0.0918   0.964  0.000  0.000
  194 H   0.0377  0.0936   0.962  0.000  0.000
  195 H   0.0293  0.0820   0.971  0.000  0.000
  196 H   0.0333  0.0849   0.967  0.000  0.000
  197 H   0.0284  0.0811   0.972  0.000  0.000
  198 H   0.0337  0.0958   0.966  0.000  0.000
  199 H   0.0420  0.1042   0.958  0.000  0.000
  200 H   0.0427  0.0993   0.957  0.000  0.000
  201 H   0.0364  0.0938   0.964  0.000  0.000
  202 H   0.0356  0.0915   0.964  0.000  0.000
  203 H   0.0372  0.0929   0.963  0.000  0.000
  204 H   0.0329  0.0845   0.967  0.000  0.000
  205 H   0.0296  0.0823   0.970  0.000  0.000
  206 H   0.0288  0.0815   0.971  0.000  0.000
  207 H   0.0350  0.0967   0.965  0.000  0.000
  208 H   0.0518  0.1245   0.948  0.000  0.000
  209 H   0.0533  0.1216   0.947  0.000  0.000
  210 H   0.0332  0.0887   0.967  0.000  0.000
  211 H   0.0352  0.0959   0.965  0.000  0.000
  212 H   0.0451  0.1003   0.955  0.000  0.000
  213 H   0.0524  0.1185   0.948  0.000  0.000
  214 H   0.0521  0.1211   0.948  0.000  0.000
  215 H   0.0324  0.0874   0.968  0.000  0.000
  216 H   0.0415  0.0937   0.959  0.000  0.000
  217 H   0.0344  0.0911   0.966  0.000  0.000
  218 H   0.0424  0.1036   0.958  0.000  0.000
  219 H   0.0358  0.0933   0.964  0.000  0.000
  220 H   0.0363  0.0921   0.964  0.000  0.000
  221 H   0.0354  0.0912   0.965  0.000  0.000
  222 H   0.0294  0.0820   0.971  0.000  0.000
  223 H   0.0287  0.0813   0.971  0.000  0.000
  224 H   0.0329  0.0845   0.967  0.000  0.000
  225 H   0.0369  0.0943   0.963  0.000  0.000
  226 H   0.0404  0.1003   0.960  0.000  0.000
  227 H   0.0397  0.0993   0.960  0.000  0.000
  228 H   0.0370  0.0944   0.963  0.000  0.000
  229 H   0.0361  0.0920   0.964  0.000  0.000
  230 H   0.0361  0.0918   0.964  0.000  0.000
  231 H   0.0294  0.0820   0.971  0.000  0.000
  232 H   0.0290  0.0817   0.971  0.000  0.000
  233 H   0.0330  0.0846   0.967  0.000  0.000
  234 H   0.0373  0.0947   0.963  0.000  0.000
  235 H   0.0401  0.1000   0.960  0.000  0.000
  236 H   0.0533  0.1114   0.947  0.000  0.000
  237 H   0.0457  0.1039   0.954  0.000  0.000
  238 H   0.0422  0.0996   0.958  0.000  0.000
  239 H   0.0431  0.1054   0.957  0.000  0.000
  240 H   0.0631  0.1258   0.937  0.000  0.000
  241 H   0.0517  0.1117   0.948  0.000  0.000
  242 H   0.0484  0.1061   0.952  0.000  0.000
  243 H   0.0490  0.1067   0.951  0.000  0.000
  244 H   0.0509  0.1153   0.949  0.000  0.000
  245 H   0.0555  0.1209   0.945  0.000  0.000
 Hirshfeld charges for QMDFF written to <charges>
 
 Loewdin charges    n(s)   n(p)   n(d)
    1 C   0.0170   1.101  2.882  0.000
    2 C  -0.0507   1.134  2.916  0.000
    3 C   0.1177   1.141  2.741  0.000
    4 O  -0.2549   1.600  4.655  0.000
    5 C  -0.0260   1.144  2.882  0.000
    6 C  -0.0205   1.096  2.924  0.000
    7 C   0.0054   1.121  2.874  0.000
    8 C  -0.0230   1.086  2.937  0.000
    9 C  -0.0179   1.079  2.939  0.000
   10 C   0.0900   1.128  2.782  0.000
   11 F  -0.1159   1.664  5.452  0.000
   12 C  -0.0315   1.083  2.948  0.000
   13 C   0.0195   1.120  2.861  0.000
   14 C  -0.0263   1.098  2.928  0.000
   15 C  -0.0012   1.126  2.875  0.000
   16 C   0.0252   1.150  2.824  0.000
   17 C  -0.0218   1.070  2.952  0.000
   18 C   0.0861   1.138  2.775  0.000
   19 N  -0.2161   1.605  3.611  0.000
   20 C   0.0855   1.139  2.776  0.000
   21 N  -0.2147   1.605  3.610  0.000
   22 C  -0.0027   1.120  2.883  0.000
   23 C   0.0619   1.146  2.793  0.000
   24 N  -0.0285   1.182  3.846  0.000
   25 C   0.0527   1.136  2.811  0.000
   26 C  -0.0350   1.087  2.948  0.000
   27 C  -0.0441   1.085  2.959  0.000
   28 C   0.0101   1.134  2.856  0.000
   29 C  -0.0860   1.005  3.081  0.000
   30 C  -0.0374   1.084  2.954  0.000
   31 C  -0.0279   1.087  2.941  0.000
   32 C   0.0510   1.136  2.813  0.000
   33 C  -0.0332   1.086  2.947  0.000
   34 C  -0.0363   1.084  2.952  0.000
   35 C   0.0110   1.134  2.855  0.000
   36 C  -0.0859   1.005  3.081  0.000
   37 C  -0.0443   1.085  2.959  0.000
   38 C  -0.0337   1.087  2.946  0.000
   39 C  -0.0235   1.120  2.904  0.000
   40 S   0.0651   1.880  3.949  0.106
   41 C  -0.0300   1.135  2.895  0.000
   42 C   0.0204   1.136  2.843  0.000
   43 N  -0.0773   1.183  3.895  0.000
   44 C   0.0423   1.137  2.821  0.000
   45 C  -0.0496   1.086  2.964  0.000
   46 C  -0.0485   1.085  2.963  0.000
   47 C   0.0052   1.133  2.862  0.000
   48 C  -0.0868   1.006  3.081  0.000
   49 C  -0.0374   1.084  2.954  0.000
   50 C  -0.0385   1.085  2.953  0.000
   51 C   0.0423   1.137  2.820  0.000
   52 C  -0.0458   1.086  2.960  0.000
   53 C  -0.0408   1.083  2.957  0.000
   54 C   0.0074   1.132  2.861  0.000
   55 C  -0.0854   1.005  3.081  0.000
   56 C  -0.0392   1.083  2.956  0.000
   57 C  -0.0380   1.084  2.954  0.000
   58 C  -0.0174   1.128  2.889  0.000
   59 S   0.0642   1.879  3.957  0.100
   60 C  -0.0195   1.135  2.885  0.000
   61 C  -0.0202   1.131  2.889  0.000
   62 C   0.0130   1.121  2.866  0.000
   63 C  -0.0337   1.087  2.946  0.000
   64 C  -0.0197   1.081  2.939  0.000
   65 C  -0.0362   1.086  2.950  0.000
   66 C   0.0072   1.139  2.854  0.000
   67 C  -0.0386   1.064  2.975  0.000
   68 C  -0.0914   1.023  3.069  0.000
   69 C  -0.0513   1.095  2.956  0.000
   70 C  -0.0366   1.131  2.905  0.000
   71 S   0.0842   1.879  3.928  0.108
   72 C  -0.0326   1.126  2.907  0.000
   73 C  -0.0256   1.117  2.908  0.000
   74 C   0.0113   1.176  2.813  0.000
   75 C   0.0113   1.173  2.816  0.000
   76 N  -0.1595   1.491  3.668  0.000
   77 S   0.1648   1.903  3.716  0.216
   78 N  -0.1637   1.492  3.672  0.000
   79 C  -0.0118   1.118  2.894  0.000
   80 C  -0.0367   1.130  2.906  0.000
   81 S   0.0716   1.882  3.940  0.107
   82 C  -0.0398   1.138  2.902  0.000
   83 C  -0.0066   1.136  2.871  0.000
   84 C   0.0136   1.121  2.866  0.000
   85 C  -0.0344   1.087  2.948  0.000
   86 C  -0.0204   1.081  2.939  0.000
   87 C  -0.0373   1.087  2.951  0.000
   88 C   0.0062   1.139  2.855  0.000
   89 C  -0.0386   1.063  2.975  0.000
   90 C  -0.0916   1.023  3.069  0.000
   91 C  -0.0499   1.095  2.955  0.000
   92 C  -0.0331   1.157  2.877  0.000
   93 S   0.0400   1.881  3.979  0.100
   94 C  -0.0272   1.122  2.905  0.000
   95 C  -0.0191   1.142  2.877  0.000
   96 N  -0.0439   1.236  3.808  0.000
   97 C   0.0030   1.161  2.836  0.000
   98 C   0.0107   1.152  2.837  0.000
   99 N  -0.0457   1.235  3.811  0.000
  100 C  -0.0235   1.138  2.885  0.000
  101 C  -0.0304   1.119  2.911  0.000
  102 S   0.0485   1.880  3.967  0.105
  103 C   0.0240   1.091  2.885  0.000
  104 C  -0.0908   1.021  3.070  0.000
  105 C   0.0364   1.092  2.872  0.000
  106 C  -0.0845   1.020  3.064  0.000
  107 C  -0.0115   1.142  2.870  0.000
  108 S   0.0596   1.879  3.961  0.100
  109 C  -0.0223   1.131  2.891  0.000
  110 C   0.0092   1.122  2.869  0.000
  111 C  -0.0060   1.161  2.845  0.000
  112 C   0.0351   1.173  2.792  0.000
  113 C   0.0024   1.146  2.852  0.000
  114 C  -0.0349   1.088  2.947  0.000
  115 C  -0.0381   1.087  2.951  0.000
  116 C   0.0006   1.138  2.861  0.000
  117 C  -0.0386   1.062  2.976  0.000
  118 C  -0.0916   1.023  3.069  0.000
  119 C  -0.0373   1.087  2.950  0.000
  120 C  -0.0359   1.088  2.948  0.000
  121 C   0.0030   1.143  2.854  0.000
  122 C  -0.0359   1.088  2.948  0.000
  123 C  -0.0370   1.087  2.950  0.000
  124 C   0.0019   1.138  2.860  0.000
  125 C  -0.0383   1.062  2.976  0.000
  126 C  -0.0914   1.023  3.069  0.000
  127 C  -0.0364   1.087  2.949  0.000
  128 C  -0.0354   1.087  2.948  0.000
  129 C  -0.0604   1.161  2.899  0.000
  130 C  -0.0518   1.090  2.962  0.000
  131 C  -0.0218   1.085  2.937  0.000
  132 C  -0.0286   1.088  2.941  0.000
  133 C   0.0207   1.111  2.868  0.000
  134 C  -0.0255   1.091  2.934  0.000
  135 C   0.0188   1.114  2.867  0.000
  136 C  -0.0159   1.145  2.871  0.000
  137 C   0.1342   1.143  2.723  0.000
  138 O  -0.1998   1.596  4.604  0.000
  139 C  -0.0278   1.142  2.886  0.000
  140 C  -0.0162   1.099  2.918  0.000
  141 C   0.0075   1.122  2.871  0.000
  142 C  -0.0236   1.087  2.937  0.000
  143 C  -0.0107   1.079  2.932  0.000
  144 C   0.0958   1.128  2.777  0.000
  145 F  -0.1101   1.662  5.448  0.000
  146 C  -0.0307   1.086  2.945  0.000
  147 C   0.0240   1.120  2.856  0.000
  148 C  -0.0182   1.099  2.919  0.000
  149 C  -0.0031   1.126  2.877  0.000
  150 C   0.0275   1.154  2.818  0.000
  151 C   0.0107   1.075  2.915  0.000
  152 C   0.0918   1.136  2.773  0.000
  153 N  -0.1850   1.603  3.582  0.000
  154 C   0.0970   1.136  2.767  0.000
  155 N  -0.1925   1.603  3.589  0.000
  156 H   0.0535   0.947  0.000  0.000
  157 H   0.0394   0.961  0.000  0.000
  158 H   0.0395   0.960  0.000  0.000
  159 H   0.0376   0.962  0.000  0.000
  160 H   0.0358   0.964  0.000  0.000
  161 H   0.0428   0.957  0.000  0.000
  162 H   0.0335   0.967  0.000  0.000
  163 H   0.0304   0.970  0.000  0.000
  164 H   0.0416   0.958  0.000  0.000
  165 H   0.0377   0.962  0.000  0.000
  166 H   0.0420   0.958  0.000  0.000
  167 H   0.0327   0.967  0.000  0.000
  168 H   0.0375   0.963  0.000  0.000
  169 H   0.0366   0.963  0.000  0.000
  170 H   0.0354   0.965  0.000  0.000
  171 H   0.0378   0.962  0.000  0.000
  172 H   0.0453   0.955  0.000  0.000
  173 H   0.0413   0.959  0.000  0.000
  174 H   0.0319   0.968  0.000  0.000
  175 H   0.0344   0.966  0.000  0.000
  176 H   0.0299   0.970  0.000  0.000
  177 H   0.0315   0.968  0.000  0.000
  178 H   0.0420   0.958  0.000  0.000
  179 H   0.0441   0.956  0.000  0.000
  180 H   0.0372   0.963  0.000  0.000
  181 H   0.0336   0.966  0.000  0.000
  182 H   0.0361   0.964  0.000  0.000
  183 H   0.0326   0.967  0.000  0.000
  184 H   0.0310   0.969  0.000  0.000
  185 H   0.0417   0.958  0.000  0.000
  186 H   0.0395   0.961  0.000  0.000
  187 H   0.0384   0.962  0.000  0.000
  188 H   0.0314   0.969  0.000  0.000
  189 H   0.0324   0.968  0.000  0.000
  190 H   0.0364   0.964  0.000  0.000
  191 H   0.0347   0.965  0.000  0.000
  192 H   0.0294   0.971  0.000  0.000
  193 H   0.0327   0.967  0.000  0.000
  194 H   0.0342   0.966  0.000  0.000
  195 H   0.0291   0.971  0.000  0.000
  196 H   0.0331   0.967  0.000  0.000
  197 H   0.0283   0.972  0.000  0.000
  198 H   0.0268   0.973  0.000  0.000
  199 H   0.0350   0.965  0.000  0.000
  200 H   0.0347   0.965  0.000  0.000
  201 H   0.0293   0.971  0.000  0.000
  202 H   0.0323   0.968  0.000  0.000
  203 H   0.0336   0.966  0.000  0.000
  204 H   0.0327   0.967  0.000  0.000
  205 H   0.0293   0.971  0.000  0.000
  206 H   0.0287   0.971  0.000  0.000
  207 H   0.0279   0.972  0.000  0.000
  208 H   0.0465   0.954  0.000  0.000
  209 H   0.0488   0.951  0.000  0.000
  210 H   0.0333   0.967  0.000  0.000
  211 H   0.0342   0.966  0.000  0.000
  212 H   0.0445   0.956  0.000  0.000
  213 H   0.0463   0.954  0.000  0.000
  214 H   0.0468   0.953  0.000  0.000
  215 H   0.0316   0.968  0.000  0.000
  216 H   0.0411   0.959  0.000  0.000
  217 H   0.0336   0.966  0.000  0.000
  218 H   0.0341   0.966  0.000  0.000
  219 H   0.0287   0.971  0.000  0.000
  220 H   0.0329   0.967  0.000  0.000
  221 H   0.0321   0.968  0.000  0.000
  222 H   0.0291   0.971  0.000  0.000
  223 H   0.0285   0.971  0.000  0.000
  224 H   0.0327   0.967  0.000  0.000
  225 H   0.0297   0.970  0.000  0.000
  226 H   0.0326   0.967  0.000  0.000
  227 H   0.0323   0.968  0.000  0.000
  228 H   0.0297   0.970  0.000  0.000
  229 H   0.0327   0.967  0.000  0.000
  230 H   0.0327   0.967  0.000  0.000
  231 H   0.0291   0.971  0.000  0.000
  232 H   0.0289   0.971  0.000  0.000
  233 H   0.0328   0.967  0.000  0.000
  234 H   0.0300   0.970  0.000  0.000
  235 H   0.0321   0.968  0.000  0.000
  236 H   0.0448   0.955  0.000  0.000
  237 H   0.0374   0.963  0.000  0.000
  238 H   0.0342   0.966  0.000  0.000
  239 H   0.0343   0.966  0.000  0.000
  240 H   0.0514   0.949  0.000  0.000
  241 H   0.0420   0.958  0.000  0.000
  242 H   0.0398   0.960  0.000  0.000
  243 H   0.0395   0.961  0.000  0.000
  244 H   0.0420   0.958  0.000  0.000
  245 H   0.0453   0.955  0.000  0.000
 
 Wiberg/Mayer (AO) data. WBOs > 0.1 written file <wbo>
 largest (>0.05) Wiberg bond orders for each atom
           total WBO             WBO to atom ...
     1  C   3.925    C    2 1.400    C   22 1.337    H  156 0.923
     2  C   3.916    C    1 1.400    C   16 1.151    C    3 1.034    O    4 0.072
     3  C   3.914    O    4 1.737    C    2 1.034    C    5 0.975
     4  O   2.105    C    3 1.737    C    2 0.072    C    5 0.059
     5  C   3.942    C    6 1.519    C   15 1.169    C    3 0.975    O    4 0.059    C   13 0.051
     6  C   3.958    C    5 1.519    C    7 1.239    H  157 0.942    C   14 0.086
     7  C   3.950    C    8 1.268    C    6 1.239    C   13 1.213    C   10 0.061    C   15 0.051
     8  C   3.960    C    9 1.540    C    7 1.268    H  158 0.941    C   12 0.110
     9  C   3.960    C    8 1.540    C   10 1.285    H  159 0.945    C   13 0.064
    10  C   3.909    C   12 1.498    C    9 1.285    F   11 0.967    C    7 0.061
    11  F   1.092    C   10 0.967
    12  C   3.959    C   10 1.498    C   13 1.269    H  160 0.944    C    8 0.110
    13  C   3.952    C   12 1.269    C   14 1.241    C    7 1.213    C    9 0.064    C    5 0.051
    14  C   3.950    C   15 1.507    C   13 1.241    H  161 0.935    C    6 0.086
    15  C   3.954    C   14 1.507    C    5 1.169    C   16 1.039    C    7 0.051
    16  C   3.932    C   17 1.419    C    2 1.151    C   15 1.039    N   19 0.086    N   21 0.084
    17  C   3.918    C   16 1.419    C   18 1.076    C   20 1.071    N   21 0.083    N   19 0.083
    18  C   3.938    N   19 2.770    C   17 1.076
    19  N   3.031    C   18 2.770    C   16 0.086    C   17 0.083
    20  C   3.940    N   21 2.774    C   17 1.071
    21  N   3.039    C   20 2.774    C   16 0.084    C   17 0.083
    22  C   3.913    C    1 1.337    C   23 1.289    S   59 1.039
    23  C   3.895    C   22 1.289    C   39 1.235    N   24 1.100    S   59 0.061
    24  N   3.423    C   23 1.100    C   32 0.977    C   25 0.970
    25  C   3.930    C   26 1.378    C   31 1.374    N   24 0.970    C   28 0.105
    26  C   3.966    C   27 1.441    C   25 1.378    H  162 0.944    C   30 0.106
    27  C   3.971    C   26 1.441    C   28 1.389    H  163 0.944    C   31 0.105
    28  C   3.947    C   27 1.389    C   30 1.388    C   29 0.993    C   25 0.105
    29  C   3.987    C   28 0.993    H  165 0.978    H  164 0.975    H  166 0.969
    30  C   3.972    C   31 1.443    C   28 1.388    H  167 0.945    C   26 0.106
    31  C   3.968    C   30 1.443    C   25 1.374    H  168 0.943    C   27 0.105
    32  C   3.929    C   38 1.377    C   33 1.364    N   24 0.977    C   35 0.104
    33  C   3.969    C   34 1.458    C   32 1.364    H  169 0.942    C   37 0.104
    34  C   3.971    C   33 1.458    C   35 1.375    H  170 0.944    C   38 0.104
    35  C   3.950    C   37 1.402    C   34 1.375    C   36 0.994    C   32 0.104
    36  C   3.986    C   35 0.994    H  171 0.979    H  173 0.974    H  172 0.967
    37  C   3.972    C   38 1.431    C   35 1.402    H  174 0.944    C   33 0.104
    38  C   3.967    C   37 1.431    C   32 1.377    H  175 0.944    C   34 0.104
    39  C   3.925    C   58 1.360    C   23 1.235    S   40 1.080    C   41 0.062    S   59 0.052
    40  S   2.490    C   41 1.080    C   39 1.080    C   42 0.065    C   58 0.055
    41  C   3.886    C   42 1.438    C   60 1.102    S   40 1.080    C   39 0.062
    42  C   3.916    C   41 1.438    C   58 1.212    N   43 1.014    S   40 0.065
    43  N   3.344    C   42 1.014    C   44 0.990    C   51 0.986
    44  C   3.932    C   45 1.373    C   50 1.368    N   43 0.990    C   47 0.103
    45  C   3.970    C   46 1.441    C   44 1.373    H  176 0.945    C   49 0.105
    46  C   3.972    C   45 1.441    C   47 1.394    H  177 0.942    C   50 0.104
    47  C   3.951    C   46 1.394    C   49 1.386    C   48 0.992    C   44 0.103
    48  C   3.986    C   47 0.992    H  180 0.978    H  179 0.974    H  178 0.969
    49  C   3.972    C   50 1.448    C   47 1.386    H  181 0.944    C   45 0.105
    50  C   3.970    C   49 1.448    C   44 1.368    H  182 0.942    C   46 0.104
    51  C   3.931    C   52 1.374    C   57 1.368    N   43 0.986    C   54 0.103
    52  C   3.970    C   53 1.439    C   51 1.374    H  183 0.942    C   56 0.105
    53  C   3.972    C   52 1.439    C   54 1.396    H  184 0.944    C   57 0.105
    54  C   3.950    C   53 1.396    C   56 1.386    C   55 0.992    C   51 0.103
    55  C   3.987    C   54 0.992    H  187 0.978    H  186 0.976    H  185 0.969
    56  C   3.972    C   57 1.449    C   54 1.386    H  188 0.945    C   52 0.105
    57  C   3.970    C   56 1.449    C   51 1.368    H  189 0.945    C   53 0.105
    58  C   3.921    C   39 1.360    C   42 1.212    S   59 1.101    S   40 0.055
    59  S   2.459    C   58 1.101    C   22 1.039    C   23 0.061    C   39 0.052
    60  C   3.896    C   61 1.451    C   41 1.102    S  102 1.066    C  101 0.070
    61  C   3.926    C   60 1.451    C   70 1.204    C   62 1.019    S  102 0.065
    62  C   3.955    C   63 1.363    C   69 1.362    C   61 1.019    C   65 0.101
    63  C   3.967    C   64 1.438    C   62 1.363    H  190 0.938    C   66 0.102
    64  C   3.972    C   63 1.438    C   65 1.430    H  191 0.944    C   69 0.103
    65  C   3.966    C   64 1.430    C   66 1.381    H  192 0.946    C   62 0.101
    66  C   3.949    C   69 1.409    C   65 1.381    C   67 0.980    C   63 0.102
    67  C   3.972    C   68 0.991    C   66 0.980    H  193 0.967    H  194 0.966
    68  C   3.984    C   67 0.991    H  197 0.985    H  195 0.984    H  196 0.980
    69  C   3.968    C   66 1.409    C   62 1.362    H  198 0.943    C   64 0.103
    70  C   3.911    C  101 1.371    C   61 1.204    S   71 1.078    C   72 0.058
    71  S   2.493    C   72 1.099    C   70 1.078    C  100 0.056    C  101 0.053
    72  C   3.921    C  100 1.356    C   73 1.187    S   71 1.099    C   70 0.058
    73  C   3.922    C   98 1.294    C   72 1.187    C   74 1.155
    74  C   3.926    N   78 1.443    C   73 1.155    C   75 1.088    S   77 0.076
    75  C   3.927    N   76 1.440    C   79 1.164    C   74 1.088    S   77 0.075
    76  N   3.078    C   75 1.440    S   77 1.275    N   78 0.196
    77  S   2.798    N   76 1.275    N   78 1.272    C   74 0.076    C   75 0.075
    78  N   3.076    C   74 1.443    S   77 1.272    N   76 0.196
    79  C   3.926    C   97 1.287    C   80 1.186    C   75 1.164    N   96 0.051
    80  C   3.926    C   95 1.357    C   79 1.186    S   81 1.090    C   82 0.060
    81  S   2.480    C   80 1.090    C   82 1.065    C   95 0.054    C   94 0.053
    82  C   3.907    C   94 1.384    C   83 1.190    S   81 1.065    C   80 0.060    S   93 0.055
    83  C   3.937    C   92 1.486    C   82 1.190    C   84 1.029    S   93 0.063
    84  C   3.955    C   85 1.360    C   91 1.357    C   83 1.029    C   87 0.100
    85  C   3.970    C   86 1.441    C   84 1.360    H  199 0.938    C   88 0.102
    86  C   3.971    C   85 1.441    C   87 1.429    H  200 0.944    C   91 0.103
    87  C   3.966    C   86 1.429    C   88 1.381    H  201 0.946    C   84 0.100
    88  C   3.950    C   91 1.413    C   87 1.381    C   89 0.981    C   85 0.102
    89  C   3.973    C   90 0.991    C   88 0.981    H  202 0.967    H  203 0.966
    90  C   3.983    C   89 0.991    H  206 0.984    H  205 0.984    H  204 0.980
    91  C   3.969    C   88 1.413    C   84 1.357    H  207 0.942    C   86 0.103
    92  C   3.867    C   83 1.486    S   93 1.060    C  107 1.014    C   94 0.075
    93  S   2.484    C   94 1.094    C   92 1.060    C   83 0.063    C   82 0.055
    94  C   3.936    C   82 1.384    C   95 1.218    S   93 1.094    C   92 0.075    S   81 0.053
    95  C   3.898    C   80 1.357    C   94 1.218    N   96 1.072    S   81 0.054
    96  N   3.423    C   97 1.092    C   95 1.072    C  105 0.948    C   79 0.051
    97  C   3.895    C   79 1.287    C   98 1.231    N   96 1.092
    98  C   3.903    C   73 1.294    C   97 1.231    N   99 1.090
    99  N   3.418    C   98 1.090    C  100 1.076    C  103 0.949
   100  C   3.901    C   72 1.356    C  101 1.222    N   99 1.076    S   71 0.056
   101  C   3.926    C   70 1.371    C  100 1.222    S  102 1.095    C   60 0.070    S   71 0.053
   102  S   2.493    C  101 1.095    C   60 1.066    C   61 0.065
   103  C   3.931    C  104 1.002    H  208 0.962    H  209 0.962    N   99 0.949
   104  C   3.980    C  103 1.002    H  211 0.982    H  210 0.982    H  212 0.973
   105  C   3.933    C  106 1.003    H  213 0.967    H  214 0.966    N   96 0.948
   106  C   3.979    C  105 1.003    H  215 0.984    H  217 0.982    H  216 0.975
   107  C   3.907    C  130 1.577    S  108 1.074    C   92 1.014    C  109 0.106
   108  S   2.535    C  109 1.143    C  107 1.074    C  129 0.077    C  130 0.067
   109  C   3.936    C  129 1.473    S  108 1.143    C  110 1.077    C  107 0.106
   110  C   3.951    C  134 1.389    C  111 1.270    C  109 1.077    C  132 0.088
   111  C   3.928    C  131 1.430    C  110 1.270    C  112 0.921    C  133 0.096
   112  C   3.923    C  121 0.925    C  129 0.922    C  113 0.921    C  111 0.921
   113  C   3.944    C  114 1.392    C  120 1.392    C  112 0.921    C  116 0.107
   114  C   3.971    C  115 1.439    C  113 1.392    H  218 0.944    C  119 0.107
   115  C   3.972    C  114 1.439    C  116 1.390    H  219 0.945    C  120 0.107
   116  C   3.950    C  119 1.391    C  115 1.390    C  117 0.982    C  113 0.107
   117  C   3.974    C  118 0.990    C  116 0.982    H  221 0.967    H  220 0.967
   118  C   3.983    C  117 0.990    H  223 0.984    H  222 0.984    H  224 0.980
   119  C   3.971    C  120 1.438    C  116 1.391    H  225 0.945    C  114 0.107
   120  C   3.969    C  119 1.438    C  113 1.392    H  226 0.944    C  115 0.107
   121  C   3.945    C  128 1.398    C  122 1.386    C  112 0.925    C  124 0.107
   122  C   3.970    C  123 1.443    C  121 1.386    H  227 0.944    C  127 0.108
   123  C   3.971    C  122 1.443    C  124 1.387    H  228 0.945    C  128 0.107
   124  C   3.950    C  127 1.395    C  123 1.387    C  125 0.982    C  121 0.107
   125  C   3.974    C  126 0.990    C  124 0.982    H  229 0.967    H  230 0.967
   126  C   3.983    C  125 0.990    H  232 0.984    H  231 0.984    H  233 0.980
   127  C   3.972    C  128 1.433    C  124 1.395    H  234 0.945    C  122 0.108
   128  C   3.970    C  127 1.433    C  121 1.398    H  235 0.943    C  123 0.107
   129  C   3.929    C  109 1.473    C  130 1.251    C  112 0.922    S  108 0.077
   130  C   3.958    C  107 1.577    C  129 1.251    H  236 0.939    S  108 0.067
   131  C   3.967    C  111 1.430    C  132 1.420    H  237 0.942    C  134 0.087
   132  C   3.938    C  131 1.420    C  133 1.354    H  238 0.945    C  110 0.088
   133  C   3.953    C  132 1.354    C  134 1.348    C  135 1.060    C  111 0.096
   134  C   3.960    C  110 1.389    C  133 1.348    H  239 0.943    C  131 0.087
   135  C   3.928    C  136 1.664    C  133 1.060    H  240 0.926    O  138 0.064    C  151 0.055
   136  C   3.939    C  135 1.664    C  150 1.063    C  137 0.966    O  138 0.067
   137  C   3.912    O  138 1.815    C  139 0.991    C  136 0.966
   138  O   2.165    C  137 1.815    C  136 0.067    C  135 0.064    C  139 0.061
   139  C   3.943    C  140 1.500    C  149 1.170    C  137 0.991    O  138 0.061    C  147 0.050
   140  C   3.963    C  139 1.500    C  141 1.252    H  241 0.941    C  148 0.089
   141  C   3.948    C  142 1.260    C  140 1.252    C  147 1.205    C  144 0.059
   142  C   3.960    C  143 1.548    C  141 1.260    H  242 0.941    C  146 0.109
   143  C   3.958    C  142 1.548    C  144 1.278    H  243 0.945    C  147 0.061
   144  C   3.909    C  146 1.501    C  143 1.278    F  145 0.972    C  141 0.059
   145  F   1.098    C  144 0.972
   146  C   3.958    C  144 1.501    C  147 1.264    H  244 0.935    C  142 0.109
   147  C   3.953    C  146 1.264    C  148 1.253    C  141 1.205    C  143 0.061    C  139 0.050
   148  C   3.952    C  149 1.488    C  147 1.253    H  245 0.934    C  140 0.089
   149  C   3.954    C  148 1.488    C  139 1.170    C  150 1.054
   150  C   3.935    C  151 1.495    C  136 1.063    C  149 1.054    N  155 0.098    N  153 0.096
   151  C   3.947    C  150 1.495    C  154 1.059    C  152 1.055    N  153 0.077    N  155 0.076    C  135 0.055
   152  C   3.943    N  153 2.802    C  151 1.055
   153  N   3.061    C  152 2.802    C  150 0.096    C  151 0.077
   154  C   3.941    N  155 2.795    C  151 1.059
   155  N   3.059    C  154 2.795    C  150 0.098    C  151 0.076
   156  H   0.990    C    1 0.923
   157  H   0.994    C    6 0.942
   158  H   0.996    C    8 0.941
   159  H   0.994    C    9 0.945
   160  H   0.996    C   12 0.944
   161  H   0.994    C   14 0.935
   162  H   0.997    C   26 0.944
   163  H   0.998    C   27 0.944
   164  H   0.997    C   29 0.975
   165  H   0.997    C   29 0.978
   166  H   0.997    C   29 0.969
   167  H   0.997    C   30 0.945
   168  H   0.997    C   31 0.943
   169  H   0.997    C   33 0.942
   170  H   0.997    C   34 0.944
   171  H   0.997    C   36 0.979
   172  H   0.997    C   36 0.967
   173  H   0.997    C   36 0.974
   174  H   0.998    C   37 0.944
   175  H   0.997    C   38 0.944
   176  H   0.998    C   45 0.945
   177  H   0.998    C   46 0.942
   178  H   0.997    C   48 0.969
   179  H   0.997    C   48 0.974
   180  H   0.997    C   48 0.978
   181  H   0.997    C   49 0.944
   182  H   0.997    C   50 0.942
   183  H   0.998    C   52 0.942
   184  H   0.998    C   53 0.944
   185  H   0.997    C   55 0.969
   186  H   0.997    C   55 0.976
   187  H   0.997    C   55 0.978
   188  H   0.997    C   56 0.945
   189  H   0.997    C   57 0.945
   190  H   0.995    C   63 0.938
   191  H   0.995    C   64 0.944
   192  H   0.996    C   65 0.946
   193  H   0.998    C   67 0.967
   194  H   0.997    C   67 0.966
   195  H   0.999    C   68 0.984
   196  H   0.997    C   68 0.980
   197  H   0.999    C   68 0.985
   198  H   0.999    C   69 0.943
   199  H   0.995    C   85 0.938
   200  H   0.995    C   86 0.944
   201  H   0.996    C   87 0.946
   202  H   0.998    C   89 0.967
   203  H   0.997    C   89 0.966
   204  H   0.997    C   90 0.980
   205  H   0.999    C   90 0.984
   206  H   0.999    C   90 0.984
   207  H   0.999    C   91 0.942
   208  H   0.996    C  103 0.962
   209  H   0.996    C  103 0.962
   210  H   0.999    C  104 0.982
   211  H   0.998    C  104 0.982
   212  H   0.997    C  104 0.973
   213  H   0.996    C  105 0.967
   214  H   0.996    C  105 0.966
   215  H   0.999    C  106 0.984
   216  H   0.997    C  106 0.975
   217  H   0.998    C  106 0.982
   218  H   0.997    C  114 0.944
   219  H   0.997    C  115 0.945
   220  H   0.998    C  117 0.967
   221  H   0.998    C  117 0.967
   222  H   0.999    C  118 0.984
   223  H   0.999    C  118 0.984
   224  H   0.997    C  118 0.980
   225  H   0.997    C  119 0.945
   226  H   0.997    C  120 0.944
   227  H   0.997    C  122 0.944
   228  H   0.997    C  123 0.945
   229  H   0.998    C  125 0.967
   230  H   0.998    C  125 0.967
   231  H   0.999    C  126 0.984
   232  H   0.999    C  126 0.984
   233  H   0.997    C  126 0.980
   234  H   0.997    C  127 0.945
   235  H   0.997    C  128 0.943
   236  H   0.996    C  130 0.939
   237  H   0.994    C  131 0.942
   238  H   0.996    C  132 0.945
   239  H   0.996    C  134 0.943
   240  H   0.992    C  135 0.926
   241  H   0.994    C  140 0.941
   242  H   0.996    C  142 0.941
   243  H   0.994    C  143 0.945
   244  H   0.996    C  146 0.935
   245  H   0.993    C  148 0.934
 
 --------------------------------------------
          xTB calculation for sTDA...
 --------------------------------------------
 
 reading parameter file /ihome/ghutchison/blp62/xtb4stda/.param_stda2.xtb
 
      method parameters     
 k(s)        :  1.6000
 k(p)        :  2.1800
 k(d)        :  1.9500
 k(f)        :  2.0000
 k(R-V)      :  2.2750
 k(R-R)      :  1.7650
 Tscal       :  0.2580
 Gscal       :  1.0000
 fpol        :  1.0000
 Zcnf        :  0.3430
 Zqf         :  0.0000
 kcn         :  2.7000
 Ryd Hsplit  :  0.7000
 lshift(virt):  3.1000
 lshift(OS)  :  0.2000
 wllscaling  :  2.6000
 
 mowrcut     : 3.000
 
  Z AO/shell   Hii/eV     exponent
  1     Sun Feb 14 09:53:25 CET 2016    EN: 2.327 GAM: 0.473  GM3: 0.0000
     1s    -14.339618    1.220000
     2sp    -3.348946    0.600000
  6     Sun Feb 14 09:53:25 CET 2016    EN: 2.731 GAM: 0.422  GM3: 0.0000
     2s    -22.009312    1.565095
     2p    -13.020408    1.596905
     3sp    -3.914040    0.824500
  7     Sun Feb 14 09:53:25 CET 2016    EN: 3.573 GAM: 0.504  GM3: 0.0000
     2s    -25.722000    2.064844
     2p    -18.684912    1.801692
     3sp    -4.344791    0.921400
  8     Sun Feb 14 09:53:25 CET 2016    EN: 3.700 GAM: 0.587  GM3: 0.0000
     2s    -33.859000    2.418661
     2p    -22.175911    1.973969
     3sp    -4.259392    1.013700
  9     Sun Feb 21 12:20:01 CET 2016    EN: 3.394 GAM: 0.600  GM3: 0.0000
     2s    -26.548112    1.943768
     2p    -23.081168    2.552035
     3sp    -1.937199    1.103200
 16     Sun Feb 21 16:35:57 CET 2016    EN: 1.915 GAM: 0.200  GM3: 0.0000
     3s    -17.898811    2.619580
     3p    -15.317401    1.798798
     4sp    -4.455139    0.843200
 
 Nbf   :         1690
 T(el) :     0.0
 calculating S/T integrals ...
 cpu time for ints    3.93354600000000     
 Nao   :         1690
 making H0...
 making H1...
 cpu time for H      8.287499999999959E-002
 solving ...
 cpu time for diag    1.49096100000000     
 
 gap (eV)           :   3.798
 Koopmans IP (eV)   :  12.981
 Eel (Eh)           :  -639.935068

          eigenvalues
 #    :         361        362        363        364        365        366        367        368
 occ. :        2.000      2.000      2.000      2.000      2.000      2.000      2.000      2.000
 eps  :       -15.561    -15.309    -15.235    -15.068    -14.979    -14.506    -14.382    -14.206
 #    :         369        370        371        372        373        374        375        376
 occ. :        2.000      2.000      2.000      2.000      2.000      0.000      0.000      0.000
 eps  :       -13.973    -13.819    -13.675    -13.319    -12.982     -9.184     -8.640     -8.497
 #    :         377        378        379        380        381        382        383        384
 occ. :        0.000      0.000      0.000      0.000      0.000      0.000      0.000      0.000
 eps  :        -7.900     -7.656     -7.331     -7.158     -7.059     -6.805     -6.628     -6.169
                            1  SCC done.
 writing mo output ...
 molden style : F
 
speedup  2.83
cpu  time for all   11.21 s
wall time for all    3.96 s
