 
        ______________________________________
       |                                      |
       |          ===================         |
       |             xTB for sTDA             |
       |          ===================         |
       |               S. Grimme              |
       |        Universitaet Bonn, MCTC       |
       |         2015-19, Version 1.0         |
       |     Wed Apr  3 09:14:55 CEST 2019    |
       |______________________________________|
 
        This code comes without any warranty
        for non-commercial, academia use only.
        Preliminary test version.
        Cite this work as:
        S. Grimme  &  C. Bannwarth, JCP 145 (2016) 054103
        if GBSA is used additionally:
        P. Shushkov, F. März, C. Bannwarth, S. Grimme, unpublished.
 
        with help from
        P. Shushkov, G. Brandenburg, S. Dohm, J. Pisarek,
        F. März, M. Checinski, S. Ehrlich, S. Spicher, 
        P. Pracht, E. Caldeweyher, S. Ehlert, and C. Bannwarth.
 
        usage        :
        xtb4stda <coord_file> [options]
        where <coord_file> is a valid file of TM)
        (*coord, Bohr) or xmol (*xyz, Angstroem)
        format.

        options:
        -chrg <int>   : molecular charge
        -uhf  <int>   : # of unpaired electrons(=2*S)
        -nox          : skip second, extended part in sTDA-xTB
        -pop          : do population analysis
                      : (default for -nox)
        -mowr <real>  : cut MO write above (def.3 Eh)
        -molden       : write formatted molden file
        -parx <file>  : read parameters for sTDA-xTB
                        calc (def:~/.param_stda2.xtb)
        -parv <file>  : read parameters for vTB part in
                        sTDA-xTB (def: ~/.param_stda1.xtb)
        -xtemp <real> : el. temp for xTB (def. 0 K)
        -etemp <real> : el. temp for GFN (def. 300 K)
        -fod          : calculate the FOD and write
                        molden.input file with
                        appropriate occupations
                        for plotting. Def. T=12500 K
 
        -acc <real>   : xTB accuracy (def. 1.0)
        -gbsa [string1] [string2]
                        use GBSA implicit solvent
                        for solvent [string1] and
                        solvation state [string2]=
                        reference, bar1M (default=1M)
        additional GFN/opt/MD/siman options read from
        $XTB4STDAHOME/.xtb4stdarc or $set in input
 
       spin and charge state information can be on:
       <.CHRG> (charge) and <.UHF> (=nalpha-nbeta)
       -uhf and -chrg override the file info.
       useful machine settings:
       setenv MKL_NUM_THREADS <NCORE_ON_YOUR_MACHINE>
       setenv OMP_STACKSIZE 500m
       limit stacksize unlimited
 
       total energies in Eh, gaps/HL energies in eV
       please read REVISION and HOWTO files carefully
 =============================
  # OMP threads =           8
 =============================
 
 xtb4stdahome directory:/ihome/ghutchison/blp62/xtb4stda/
 
 
 name of molecule           :
 comment line               :
 number of atoms            :   191
 number of electrons        :   622
 charge                     :  0
 spin                       : 0.0
 first test random number   :  0.8887
 
 -----------------------------------------
      charge density (VTB) calculation
 -----------------------------------------
 
      method parameters     
 k(s)        :  1.8000
 k(p)        :  2.8350
 k(d)        :  2.0860
 k(f)        :  2.0000
 Tscal       :  0.3300
 Gscal       :  0.3910
 fpol        :  1.0000
 Zcnf        :  0.6500
 Zqf         :  0.0000
 kcn         :  0.3000
 kEN1        : -0.5900
 wllscal     :  2.6000
 
     -------------------------
     ! NO SOLVENT MODEL USED !
     -------------------------
 
 doing EN charges ...
 sum q : -0.1887379D-14
 point charge moment (au)
     X       Y       Z   
   0.1192  -0.8197   0.4305  total (Debye):    2.373
 
            Z      q(EN)   CN      Cart. coordinates
     1  C   4.0  -0.073   3.199     2.63182     7.52149    -9.26211
     2  C   4.0  -0.004   3.280     0.49019     6.07811    -9.63420
     3  C   4.0   0.101   3.244    -0.30651     3.94934    -8.05193
     4  O   6.0  -0.121   1.210     0.61926     3.23219    -6.06659
     5  C   4.0  -0.006   3.342    -2.43945     2.74747    -9.37455
     6  C   4.0  -0.067   3.193    -3.75432     0.62928    -8.71901
     7  C   4.0  -0.006   3.264    -5.79617    -0.14532   -10.25365
     8  C   4.0  -0.073   3.192    -7.23784    -2.30036    -9.65159
     9  C   4.0  -0.072   3.165    -9.30690    -2.95213   -11.05509
    10  C   4.0   0.022   3.164    -9.95621    -1.45490   -13.14059
    11  F   7.0  -0.027   1.068   -12.03377    -2.08909   -14.46623
    12  C   4.0  -0.072   3.206    -8.56613     0.59961   -13.86208
    13  C   4.0  -0.006   3.269    -6.44397     1.31071   -12.42211
    14  C   4.0  -0.068   3.201    -4.99662     3.46066   -13.08730
    15  C   4.0  -0.006   3.338    -3.01959     4.17384   -11.57892
    16  C   4.0  -0.008   3.325    -1.22341     6.27011   -11.74975
    17  C   4.0  -0.038   3.121    -1.30561     8.15908   -13.53063
    18  C   4.0   0.235   2.159     0.37927    10.21548   -13.67406
    19  N   5.0  -0.214   1.027     1.66579    11.94912   -13.91197
    20  C   4.0   0.236   2.164    -3.17077     8.33955   -15.41997
    21  N   5.0  -0.215   1.029    -4.66328     8.62339   -16.97106
    22  C   4.0  -0.081   3.202     4.17081     7.72218    -7.12710
    23  S   6.0   0.229   2.633     3.42947     6.40542    -4.15456
    24  C   4.0  -0.097   3.409     5.95415     7.95272    -2.85613
    25  C   4.0  -0.093   3.411     7.21101     8.19536    -0.56919
    26  C   4.0   0.075   3.661     9.43805     9.59376    -1.01497
    27  N   5.0  -0.292   3.260     9.52157    10.30638    -3.50676
    28  C   4.0  -0.092   4.069    11.58856    11.59252    -4.72394
    29  C   4.0  -0.239   4.022    13.72697     9.77404    -5.39819
    30  C   4.0   0.075   3.635     7.43135     9.28158    -4.67197
    31  C   4.0  -0.076   3.314     6.38312     9.18955    -7.06002
    32  C   4.0  -0.074   3.299    10.98762     9.82355     1.12325
    33  C   4.0  -0.087   3.316     9.93372     8.65060     3.19723
    34  S   6.0   0.210   2.778     6.96364     7.27771     2.52845
    35  C   4.0  -0.089   3.347    10.87159     7.98806     5.64461
    36  C   4.0  -0.018   3.421    13.22128     7.04698     6.33568
    37  C   4.0  -0.002   3.222    15.54432     7.51884     4.91556
    38  C   4.0  -0.076   3.193    17.11638     5.54068     4.18896
    39  C   4.0  -0.072   3.144    19.28843     6.04240     2.82779
    40  C   4.0  -0.074   3.183    19.91469     8.50074     2.19265
    41  C   4.0   0.007   3.189    18.38307    10.50272     2.92964
    42  C   4.0  -0.174   4.063    19.11741    13.18141     2.34175
    43  C   4.0  -0.242   4.027    20.82554    14.23474     4.42271
    44  C   4.0  -0.074   3.234    16.20799     9.98834     4.29667
    45  C   4.0  -0.102   3.476    13.02701     5.43939     8.45974
    46  S   6.0   0.222   2.450    15.06508     3.16813     9.77158
    47  C   4.0  -0.084   3.397    12.51736     1.81792    11.35272
    48  C   4.0   0.009   3.413    11.80096    -0.55596    12.32309
    49  C   4.0   0.076   3.652    13.06916    -2.91339    12.35257
    50  C   4.0   0.076   3.650    11.59026    -5.20544    12.26923
    51  N   5.0  -0.299   2.144    13.01492    -7.23935    12.00033
    52  S   6.0   0.426   2.882    15.94985    -6.37953    11.89828
    53  N   5.0  -0.298   2.145    15.51805    -3.35842    12.15566
    54  C   4.0   0.009   3.406     8.92669    -5.05105    12.43270
    55  C   4.0  -0.085   3.400     6.93756    -6.73952    11.87183
    56  S   6.0   0.225   2.461     6.49990    -9.55804    10.25365
    57  C   4.0  -0.104   3.475     3.28756    -8.83787     9.89290
    58  C   4.0  -0.020   3.428     1.36722    -9.75722     8.27265
    59  C   4.0  -0.003   3.229     1.55770   -11.94741     6.60384
    60  C   4.0  -0.076   3.200    -0.56578   -13.42990     6.11478
    61  C   4.0  -0.072   3.144    -0.37927   -15.49897     4.53648
    62  C   4.0  -0.074   3.182     1.91278   -16.12087     3.43873
    63  C   4.0   0.007   3.190     4.04798   -14.66730     3.90228
    64  C   4.0  -0.174   4.064     6.56718   -15.36952     2.80190
    65  C   4.0  -0.242   4.028     8.12412   -16.85447     4.73320
    66  C   4.0  -0.077   3.240     3.84786   -12.58879     5.48493
    67  C   4.0  -0.093   3.335    -0.76874    -8.26680     8.40966
    68  S   6.0   0.222   2.541    -0.50569    -5.82187    10.64502
    69  C   4.0  -0.098   3.420     2.59403    -6.66544    11.21307
    70  C   4.0   0.071   3.695     4.67575    -5.44789    12.29947
    71  N   5.0  -0.290   3.271     5.15857    -3.04000    13.14153
    72  C   4.0   0.096   3.488     7.75808    -2.71837    13.04270
    73  C   4.0   0.101   3.480     9.14117    -0.45712    12.69064
    74  N   5.0  -0.298   3.277     8.27511     1.89804    11.99844
    75  C   4.0   0.074   3.699    10.29749     3.23294    11.10327
    76  C   4.0  -0.094   3.420    10.58832     5.26874     9.44542
    77  S   6.0   0.212   2.806     8.50868     7.20723     7.85427
    78  C   4.0  -0.098   4.093     5.73437     2.76826    11.51920
    79  C   4.0  -0.240   4.026     4.91574     4.76778    13.43085
    80  C   4.0  -0.098   4.085     3.42494    -1.77785    14.84361
    81  C   4.0  -0.239   4.029     2.85613    -3.42437    17.14681
    82  C   4.0  -0.090   3.286    -2.75579    -8.01187     6.57171
    83  C   4.0  -0.087   3.351    -5.26648    -7.57912     6.90903
    84  C   4.0  -0.018   3.440    -6.55565    -6.88994     4.65817
    85  C   4.0  -0.011   3.327    -9.14042    -6.33474     4.33239
    86  C   4.0  -0.086   3.249   -10.88841    -6.38803     6.44434
    87  C   4.0  -0.097   3.421   -10.54845    -5.42332     8.81274
    88  C   4.0  -0.087   3.374   -12.67269    -5.79617    10.38159
    89  CL  7.0   0.087   1.180   -12.76567    -4.75682    13.46543
    90  C   4.0  -0.085   3.265   -14.63668    -7.02336     9.24756
    91  C   4.0  -0.181   4.099   -17.09956    -7.80060    10.36326
    92  C   4.0  -0.243   4.031   -16.94725   -10.47381    11.45779
    93  S   6.0   0.214   2.719   -13.86284    -7.76356     6.15975
    94  C   4.0  -0.090   3.309    -9.90878    -5.65255     1.91297
    95  C   4.0  -0.019   3.456    -8.19423    -5.38345    -0.13096
    96  C   4.0  -0.012   3.340    -5.61740    -5.99213     0.17518
    97  C   4.0  -0.088   3.249    -3.85315    -5.63686    -1.88727
    98  C   4.0  -0.090   3.356    -4.09806    -6.34135    -4.36035
    99  C   4.0  -0.091   3.355    -2.07927    -5.51479    -5.88687
   100  C   4.0  -0.078   3.193    -0.31294    -4.14965    -4.60054
   101  C   4.0  -0.179   4.095     2.00594    -2.90829    -5.60001
   102  C   4.0  -0.244   4.035     4.38643    -3.82499    -4.24697
   103  S   6.0   0.216   2.698    -1.08508    -3.91872    -1.43166
   104  C   4.0  -0.090   3.316    -4.88305    -6.76182     2.56946
   105  S   6.0   0.215   2.664    -1.82321    -7.62845     3.40812
   106  C   4.0  -0.089   3.363    -9.34621    -4.32256    -2.27995
   107  C   4.0  -0.080   3.189   -11.87579    -3.84767    -1.98931
   108  S   6.0   0.208   2.642   -12.95067    -4.77345     1.01875
   109  C   4.0  -0.075   3.209   -13.60470    -2.89997    -3.79684
   110  C   4.0  -0.003   3.278   -13.04912    -1.32281    -5.76612
   111  C   4.0   0.100   3.222   -10.80224     0.35395    -5.92505
   112  O   6.0  -0.107   1.060    -8.91119     0.33543    -4.63040
   113  C   4.0  -0.006   3.347   -11.38201     2.17545    -7.95102
   114  C   4.0  -0.067   3.200    -9.95583     4.16382    -8.76757
   115  C   4.0  -0.005   3.260   -10.79015     5.58773   -10.86479
   116  C   4.0  -0.072   3.185    -9.35792     7.61238   -11.83762
   117  C   4.0  -0.072   3.159   -10.14821     8.93160   -13.91386
   118  C   4.0   0.023   3.156   -12.43572     8.25224   -15.06376
   119  F   7.0  -0.027   1.066   -13.19860     9.57222   -17.09314
   120  C   4.0  -0.072   3.200   -13.90649     6.31565   -14.18712
   121  C   4.0  -0.005   3.263   -13.11016     4.92557   -12.06269
   122  C   4.0  -0.068   3.199   -14.57829     2.89412   -11.13464
   123  C   4.0  -0.005   3.336   -13.72376     1.53540    -9.10546
   124  C   4.0  -0.008   3.327   -14.76934    -0.64855    -7.79191
   125  C   4.0  -0.037   3.122   -16.90095    -1.94963    -8.47504
   126  C   4.0   0.236   2.156   -17.72109    -4.21390    -7.33138
   127  N   5.0  -0.215   1.027   -18.45828    -6.09323    -6.53486
   128  C   4.0   0.237   2.155   -18.52593    -1.22039   -10.45793
   129  N   5.0  -0.216   1.026   -19.94606    -0.69995   -12.01261
   130  H   1.0   0.075   1.011     3.22709     8.70540   -10.82341
   131  H   1.0   0.077   1.007    -3.27830    -0.42198    -7.03810
   132  H   1.0   0.076   1.007    -6.67754    -3.41851    -8.04135
   133  H   1.0   0.075   1.005   -10.45094    -4.57918   -10.60476
   134  H   1.0   0.076   1.006    -9.10697     1.68753   -15.49915
   135  H   1.0   0.077   1.008    -5.50742     4.48942   -14.76972
   136  H   1.0   0.082   1.003    10.86082    12.50299    -6.42809
   137  H   1.0   0.081   1.003    12.28643    13.05706    -3.44251
   138  H   1.0   0.082   0.999    14.46132     8.87415    -3.70197
   139  H   1.0   0.082   0.999    13.04516     8.31309    -6.67224
   140  H   1.0   0.082   0.999    15.25273    10.79374    -6.31811
   141  H   1.0   0.079   1.004     7.10802    10.10871    -8.72127
   142  H   1.0   0.080   1.006    12.79042    10.75311     1.15878
   143  H   1.0   0.075   1.008    16.61787     3.62147     4.66422
   144  H   1.0   0.074   1.005    20.49994     4.50397     2.25407
   145  H   1.0   0.075   1.005    21.61280     8.87529     1.12212
   146  H   1.0   0.081   1.003    20.11897    13.25246     0.53876
   147  H   1.0   0.081   1.003    17.42913    14.35984     2.19133
   148  H   1.0   0.081   0.999    22.53328    13.10317     4.58580
   149  H   1.0   0.081   0.998    21.35882    16.17416     4.00225
   150  H   1.0   0.081   0.999    19.85157    14.19751     6.23232
   151  H   1.0   0.076   1.006    15.02143    11.52506     4.93596
   152  H   1.0   0.076   1.007    -2.34761   -12.97165     6.99898
   153  H   1.0   0.074   1.004    -2.02957   -16.64206     4.16666
   154  H   1.0   0.075   1.005     2.04449   -17.74812     2.21230
   155  H   1.0   0.081   1.003     7.59670   -13.66177     2.27164
   156  H   1.0   0.081   1.003     6.29978   -16.51715     1.10851
   157  H   1.0   0.081   0.999     7.13731   -18.57449     5.27536
   158  H   1.0   0.081   0.999     8.43177   -15.72479     6.42242
   159  H   1.0   0.081   0.998     9.95054   -17.36696     3.94310
   160  H   1.0   0.076   1.013     5.49495   -11.43322     5.82243
   161  H   1.0   0.086   1.006     4.45446     1.16143    11.49936
   162  H   1.0   0.081   1.011     5.70414     3.60957     9.62834
   163  H   1.0   0.081   0.999     5.03669     4.05989    15.35705
   164  H   1.0   0.082   0.999     2.98066     5.33791    13.05479
   165  H   1.0   0.082   1.000     6.12555     6.42072    13.27608
   166  H   1.0   0.085   1.005     4.28495    -0.01852    15.47515
   167  H   1.0   0.081   1.003     1.66239    -1.37326    13.83601
   168  H   1.0   0.081   0.999     4.59525    -3.89529    18.13721
   169  H   1.0   0.082   0.999     1.61609    -2.41072    18.43144
   170  H   1.0   0.082   1.000     1.92865    -5.16746    16.58027
   171  H   1.0   0.080   1.006    -6.17581    -7.77358     8.71447
   172  H   1.0   0.080   1.006    -8.89192    -4.40911     9.40365
   173  H   1.0   0.081   1.005   -18.56202    -7.73578     8.91044
   174  H   1.0   0.081   1.006   -17.59940    -6.47118    11.86086
   175  H   1.0   0.081   0.999   -15.51219   -10.56225    12.92573
   176  H   1.0   0.081   1.000   -16.46273   -11.82099     9.98323
   177  H   1.0   0.081   0.999   -18.75515   -11.00860    12.27207
   178  H   1.0   0.079   1.004    -5.63630    -7.48502    -5.04122
   179  H   1.0   0.078   1.004    -1.94906    -5.90426    -7.87921
   180  H   1.0   0.081   1.006     1.84059    -0.86058    -5.35926
   181  H   1.0   0.081   1.004     2.14446    -3.30645    -7.62183
   182  H   1.0   0.081   0.999     6.04542    -2.89619    -5.02459
   183  H   1.0   0.081   1.001     4.27418    -3.39357    -2.24046
   184  H   1.0   0.081   0.999     4.60507    -5.85834    -4.46731
   185  H   1.0   0.083   1.008    -8.34257    -3.92572    -3.99356
   186  H   1.0   0.075   1.011   -15.55320    -3.46973    -3.52585
   187  H   1.0   0.076   1.006    -8.19763     4.62567    -7.84010
   188  H   1.0   0.076   1.006    -7.60709     8.10390   -10.91184
   189  H   1.0   0.075   1.005    -9.05349    10.45831   -14.70282
   190  H   1.0   0.076   1.005   -15.65657     5.84379   -15.12064
   191  H   1.0   0.077   1.007   -16.33744     2.45664   -12.06439
 
  Z AO/shell   Hii/eV     exponent
  1     Sat Feb 20 21:38:01 CET 2016    EN: 2.327 GAM: 0.473  GM3: 0.0000
     1s    -13.751157    1.051071
  6     Sat Feb 20 21:38:01 CET 2016    EN: 2.731 GAM: 0.422  GM3: 0.0000
     2s    -19.378245    2.021003
     2p    -11.993376    1.497917
  7     Sat Feb 20 21:38:01 CET 2016    EN: 3.573 GAM: 0.504  GM3: 0.0000
     2s    -21.576984    2.275442
     2p    -16.125120    2.056788
  8     Sat Feb 20 21:38:01 CET 2016    EN: 3.700 GAM: 0.587  GM3: 0.0000
     2s    -21.648843    2.110798
     2p    -17.239740    2.329048
  9     Sat Feb 20 21:51:24 CET 2016    EN: 3.394 GAM: 0.669  GM3: 0.0000
     2s    -19.384211    2.614957
     2p    -19.426034    2.777297
 16     Sat Feb 20 23:13:41 CET 2016    EN: 1.915 GAM: 0.389  GM3: 0.0000
     3s    -22.000000    2.671470
     3p    -15.834192    1.836978
     3d     -2.593599    1.836978
 17     Sat Feb 20 23:13:41 CET 2016    EN: 2.375 GAM: 0.431  GM3: 0.0000
     3s    -21.000000    2.596786
     3p    -17.375270    2.088291
     3d     -1.372943    2.088291
 
 dipole moment of classical point charges (au)
     X       Y       Z   
   0.1192  -0.8197   0.4305  total (Debye):    2.373

 
 Nbf   :          650
 T(el) :   300.0
 calculating S/T integrals ...
 cpu time for ints   0.951405000000000     
 Nao   :          638
 making H0...
 making H1...
 cpu time for H      0.299688000000000     
 solving ...
 cpu time for diag    2.57498000000000     
 
 gap (eV)           :   1.168
 Koopmans IP (eV)   :  11.565
 Eel (Eh)           :  -486.276060
 T,E(Fermi),NFOD :    300.000   -10.981  0.000000
 T,E(Fermi),NFOD :    300.000   -10.981  0.000000
 Nfod               :  0.0000
 Nfod/Nel           :  0.0000

          eigenvalues
 #    :         299        300        301        302        303        304        305        306
 occ. :        2.000      2.000      2.000      2.000      2.000      2.000      2.000      2.000
 eps  :       -14.364    -14.273    -14.143    -14.031    -13.830    -13.679    -13.538    -13.478
 #    :         307        308        309        310        311        312        313        314
 occ. :        2.000      2.000      2.000      2.000      2.000      0.000      0.000      0.000
 eps  :       -13.419    -13.084    -12.581    -12.263    -11.566    -10.398     -9.974     -9.867
 #    :         315        316        317        318        319        320        321        322
 occ. :        0.000      0.000      0.000      0.000      0.000      0.000      0.000      0.000
 eps  :        -9.387     -9.265     -9.149     -9.118     -8.988     -8.667     -8.596     -8.316
                            1  SCC done.
 making H1...
 cpu time for H       2.67934400000000     
 solving ...
 cpu time for diag   0.163672000000000     
 
 gap (eV)           :   1.759
 Koopmans IP (eV)   :  11.893
 Eel (Eh)           :  -486.854224
 T,E(Fermi),NFOD :    300.000   -11.013  0.000000
 T,E(Fermi),NFOD :    300.000   -11.013  0.000000
 Nfod               :  0.0000
 Nfod/Nel           :  0.0000

          eigenvalues
 #    :         299        300        301        302        303        304        305        306
 occ. :        2.000      2.000      2.000      2.000      2.000      2.000      2.000      2.000
 eps  :       -14.273    -14.200    -14.109    -14.035    -13.895    -13.783    -13.637    -13.590
 #    :         307        308        309        310        311        312        313        314
 occ. :        2.000      2.000      2.000      2.000      2.000      0.000      0.000      0.000
 eps  :       -13.416    -13.390    -12.712    -12.528    -11.894    -10.135    -10.076     -9.920
 #    :         315        316        317        318        319        320        321        322
 occ. :        0.000      0.000      0.000      0.000      0.000      0.000      0.000      0.000
 eps  :        -9.275     -9.192     -9.162     -9.099     -8.971     -8.864     -8.576     -8.469
                            2  SCC done.
 
 
 Mulliken/CM5 charges    n(s)   n(p)   n(d)   
    1 C   0.0042 -0.0433   1.151  2.845  0.000
    2 C  -0.0313 -0.0330   1.170  2.862  0.000
    3 C   0.1313  0.1662   1.174  2.695  0.000
    4 O  -0.2235 -0.2762   1.620  4.604  0.000
    5 C  -0.0215 -0.0237   1.181  2.841  0.000
    6 C  -0.0173 -0.0674   1.151  2.866  0.000
    7 C   0.0056 -0.0019   1.164  2.830  0.000
    8 C  -0.0266 -0.0803   1.142  2.885  0.000
    9 C  -0.0241 -0.0755   1.134  2.890  0.000
   10 C   0.0937  0.1048   1.165  2.741  0.000
   11 F  -0.1315 -0.1559   1.680  5.451  0.000
   12 C  -0.0318 -0.0806   1.135  2.896  0.000
   13 C   0.0118  0.0043   1.165  2.823  0.000
   14 C  -0.0316 -0.0820   1.151  2.880  0.000
   15 C  -0.0062 -0.0100   1.169  2.837  0.000
   16 C   0.0158  0.0150   1.196  2.788  0.000
   17 C  -0.0072 -0.0010   1.113  2.895  0.000
   18 C   0.0965  0.2145   1.172  2.731  0.000
   19 N  -0.2259 -0.3556   1.643  3.583  0.000
   20 C   0.0926  0.2110   1.173  2.735  0.000
   21 N  -0.2203 -0.3534   1.642  3.578  0.000
   22 C  -0.0068 -0.0009   1.161  2.846  0.000
   23 S   0.1397  0.1103   1.892  3.904  0.064
   24 C  -0.0522 -0.0301   1.182  2.870  0.000
   25 C  -0.0459 -0.0236   1.160  2.886  0.000
   26 C  -0.0122  0.0539   1.190  2.823  0.000
   27 N  -0.0772 -0.3357   1.256  3.822  0.000
   28 C   0.0361 -0.0110   1.143  2.821  0.000
   29 C  -0.0823 -0.2287   1.093  2.989  0.000
   30 C   0.0007  0.0658   1.176  2.823  0.000
   31 C  -0.0551 -0.1014   1.145  2.910  0.000
   32 C  -0.0584 -0.1043   1.134  2.925  0.000
   33 C  -0.0303 -0.0198   1.181  2.850  0.000
   34 S   0.0972  0.0649   1.894  3.958  0.050
   35 C  -0.0410 -0.0278   1.185  2.856  0.000
   36 C  -0.0204 -0.0202   1.175  2.846  0.000
   37 C   0.0051 -0.0025   1.165  2.830  0.000
   38 C  -0.0335 -0.0864   1.139  2.894  0.000
   39 C  -0.0257 -0.0819   1.136  2.889  0.000
   40 C  -0.0401 -0.0946   1.140  2.901  0.000
   41 C  -0.0025 -0.0192   1.183  2.819  0.000
   42 C  -0.0446 -0.1515   1.125  2.920  0.000
   43 C  -0.0889 -0.2404   1.095  2.994  0.000
   44 C  -0.0506 -0.1029   1.147  2.903  0.000
   45 C  -0.0570 -0.0428   1.179  2.878  0.000
   46 S   0.1125  0.0801   1.895  3.941  0.052
   47 C  -0.0515 -0.0299   1.171  2.881  0.000
   48 C  -0.0168 -0.0037   1.154  2.862  0.000
   49 C   0.0181  0.1066   1.208  2.774  0.000
   50 C   0.0181  0.1064   1.205  2.777  0.000
   51 N  -0.1984 -0.3600   1.529  3.669  0.000
   52 S   0.2294  0.3637   1.910  3.710  0.151
   53 N  -0.2034 -0.3650   1.530  3.674  0.000
   54 C  -0.0043  0.0086   1.156  2.848  0.000
   55 C  -0.0499 -0.0282   1.171  2.879  0.000
   56 S   0.1201  0.0858   1.893  3.934  0.053
   57 C  -0.0571 -0.0429   1.176  2.882  0.000
   58 C  -0.0136 -0.0129   1.169  2.845  0.000
   59 C   0.0058 -0.0011   1.165  2.829  0.000
   60 C  -0.0439 -0.0966   1.141  2.903  0.000
   61 C  -0.0312 -0.0874   1.136  2.895  0.000
   62 C  -0.0415 -0.0959   1.139  2.902  0.000
   63 C   0.0011 -0.0152   1.182  2.817  0.000
   64 C  -0.0430 -0.1499   1.124  2.919  0.000
   65 C  -0.0900 -0.2414   1.095  2.994  0.000
   66 C  -0.0431 -0.0939   1.143  2.900  0.000
   67 C  -0.0420 -0.0294   1.178  2.864  0.000
   68 S   0.0928  0.0591   1.892  3.964  0.051
   69 C  -0.0468 -0.0286   1.162  2.884  0.000
   70 C  -0.0092  0.0598   1.172  2.837  0.000
   71 N  -0.0896 -0.3496   1.294  3.796  0.000
   72 C   0.0125  0.0812   1.194  2.793  0.000
   73 C   0.0265  0.0973   1.185  2.788  0.000
   74 N  -0.0814 -0.3409   1.262  3.819  0.000
   75 C  -0.0042  0.0662   1.170  2.834  0.000
   76 C  -0.0495 -0.0314   1.167  2.882  0.000
   77 S   0.0899  0.0540   1.894  3.970  0.046
   78 C   0.0302 -0.0175   1.145  2.824  0.000
   79 C  -0.0803 -0.2274   1.092  2.988  0.000
   80 C   0.0310 -0.0187   1.149  2.820  0.000
   81 C  -0.0843 -0.2308   1.094  2.990  0.000
   82 C  -0.0111 -0.0017   1.177  2.834  0.000
   83 C  -0.0690 -0.1175   1.137  2.932  0.000
   84 C  -0.0260 -0.0278   1.173  2.853  0.000
   85 C   0.0042  0.0052   1.156  2.840  0.000
   86 C  -0.0391 -0.0293   1.173  2.866  0.000
   87 C  -0.0806 -0.1296   1.142  2.939  0.000
   88 C   0.0029  0.0001   1.147  2.850  0.000
   89 CL -0.0584 -0.0604   1.902  5.152  0.004
   90 C  -0.0445 -0.0402   1.190  2.855  0.000
   91 C  -0.0279 -0.1321   1.120  2.908  0.000
   92 C  -0.0879 -0.2389   1.098  2.990  0.000
   93 S   0.0980  0.0619   1.886  3.966  0.050
   94 C  -0.0201 -0.0066   1.180  2.840  0.000
   95 C  -0.0220 -0.0238   1.169  2.853  0.000
   96 C   0.0095  0.0105   1.160  2.830  0.000
   97 C  -0.0410 -0.0317   1.172  2.869  0.000
   98 C  -0.0750 -0.1278   1.142  2.933  0.000
   99 C  -0.0912 -0.1444   1.138  2.953  0.000
  100 C  -0.0273 -0.0271   1.195  2.832  0.000
  101 C  -0.0300 -0.1344   1.121  2.909  0.000
  102 C  -0.0874 -0.2381   1.095  2.992  0.000
  103 S   0.0972  0.0601   1.885  3.972  0.045
  104 C  -0.0213 -0.0078   1.176  2.845  0.000
  105 S   0.0794  0.0456   1.892  3.991  0.038
  106 C  -0.0497 -0.0981   1.150  2.900  0.000
  107 C   0.0051  0.0111   1.162  2.832  0.000
  108 S   0.0783  0.0445   1.891  3.993  0.038
  109 C   0.0041 -0.0432   1.158  2.838  0.000
  110 C  -0.0211 -0.0236   1.183  2.838  0.000
  111 C   0.1364  0.1708   1.176  2.688  0.000
  112 O  -0.2284 -0.2810   1.626  4.602  0.000
  113 C  -0.0276 -0.0296   1.182  2.846  0.000
  114 C  -0.0181 -0.0678   1.152  2.866  0.000
  115 C   0.0035 -0.0040   1.165  2.832  0.000
  116 C  -0.0278 -0.0814   1.141  2.887  0.000
  117 C  -0.0095 -0.0607   1.133  2.877  0.000
  118 C   0.1024  0.1136   1.164  2.734  0.000
  119 F  -0.1259 -0.1501   1.678  5.448  0.000
  120 C  -0.0293 -0.0781   1.135  2.895  0.000
  121 C   0.0150  0.0077   1.164  2.821  0.000
  122 C  -0.0214 -0.0712   1.150  2.871  0.000
  123 C  -0.0083 -0.0117   1.168  2.840  0.000
  124 C   0.0143  0.0136   1.197  2.789  0.000
  125 C   0.0148  0.0211   1.115  2.870  0.000
  126 C   0.0957  0.2143   1.172  2.733  0.000
  127 N  -0.2088 -0.3378   1.642  3.567  0.000
  128 C   0.0981  0.2173   1.170  2.732  0.000
  129 N  -0.2040 -0.3338   1.642  3.562  0.000
  130 H   0.0588  0.1255   0.941  0.000  0.000
  131 H   0.0558  0.1178   0.944  0.000  0.000
  132 H   0.0543  0.1152   0.946  0.000  0.000
  133 H   0.0466  0.1050   0.953  0.000  0.000
  134 H   0.0455  0.1050   0.955  0.000  0.000
  135 H   0.0530  0.1185   0.947  0.000  0.000
  136 H   0.0516  0.1179   0.948  0.000  0.000
  137 H   0.0489  0.1146   0.951  0.000  0.000
  138 H   0.0315  0.0865   0.968  0.000  0.000
  139 H   0.0320  0.0867   0.968  0.000  0.000
  140 H   0.0428  0.0950   0.957  0.000  0.000
  141 H   0.0616  0.1203   0.938  0.000  0.000
  142 H   0.0613  0.1226   0.939  0.000  0.000
  143 H   0.0424  0.1021   0.958  0.000  0.000
  144 H   0.0445  0.1011   0.956  0.000  0.000
  145 H   0.0376  0.0951   0.962  0.000  0.000
  146 H   0.0373  0.0931   0.963  0.000  0.000
  147 H   0.0344  0.0902   0.966  0.000  0.000
  148 H   0.0302  0.0829   0.970  0.000  0.000
  149 H   0.0337  0.0853   0.966  0.000  0.000
  150 H   0.0292  0.0818   0.971  0.000  0.000
  151 H   0.0348  0.0943   0.965  0.000  0.000
  152 H   0.0374  0.0973   0.963  0.000  0.000
  153 H   0.0416  0.0982   0.958  0.000  0.000
  154 H   0.0363  0.0937   0.964  0.000  0.000
  155 H   0.0373  0.0931   0.963  0.000  0.000
  156 H   0.0360  0.0918   0.964  0.000  0.000
  157 H   0.0284  0.0810   0.972  0.000  0.000
  158 H   0.0306  0.0835   0.969  0.000  0.000
  159 H   0.0332  0.0848   0.967  0.000  0.000
  160 H   0.0372  0.0996   0.963  0.000  0.000
  161 H   0.0564  0.1305   0.944  0.000  0.000
  162 H   0.0511  0.1211   0.949  0.000  0.000
  163 H   0.0323  0.0869   0.968  0.000  0.000
  164 H   0.0446  0.0971   0.955  0.000  0.000
  165 H   0.0340  0.0897   0.966  0.000  0.000
  166 H   0.0551  0.1246   0.945  0.000  0.000
  167 H   0.0521  0.1180   0.948  0.000  0.000
  168 H   0.0321  0.0870   0.968  0.000  0.000
  169 H   0.0415  0.0937   0.959  0.000  0.000
  170 H   0.0326  0.0886   0.967  0.000  0.000
  171 H   0.0536  0.1136   0.946  0.000  0.000
  172 H   0.0501  0.1092   0.950  0.000  0.000
  173 H   0.0440  0.1004   0.956  0.000  0.000
  174 H   0.0424  0.0993   0.958  0.000  0.000
  175 H   0.0289  0.0818   0.971  0.000  0.000
  176 H   0.0300  0.0829   0.970  0.000  0.000
  177 H   0.0352  0.0870   0.965  0.000  0.000
  178 H   0.0456  0.1036   0.954  0.000  0.000
  179 H   0.0429  0.1002   0.957  0.000  0.000
  180 H   0.0534  0.1159   0.947  0.000  0.000
  181 H   0.0370  0.0932   0.963  0.000  0.000
  182 H   0.0349  0.0867   0.965  0.000  0.000
  183 H   0.0316  0.0853   0.968  0.000  0.000
  184 H   0.0276  0.0801   0.972  0.000  0.000
  185 H   0.0653  0.1333   0.935  0.000  0.000
  186 H   0.0665  0.1317   0.933  0.000  0.000
  187 H   0.0531  0.1142   0.947  0.000  0.000
  188 H   0.0488  0.1078   0.951  0.000  0.000
  189 H   0.0525  0.1127   0.948  0.000  0.000
  190 H   0.0449  0.1035   0.955  0.000  0.000
  191 H   0.0548  0.1195   0.945  0.000  0.000
 Hirshfeld charges for QMDFF written to <charges>
 
 Loewdin charges    n(s)   n(p)   n(d)
    1 C   0.0111   1.098  2.891  0.000
    2 C  -0.0399   1.132  2.908  0.000
    3 C   0.1227   1.139  2.738  0.000
    4 O  -0.2046   1.588  4.617  0.000
    5 C  -0.0239   1.140  2.884  0.000
    6 C  -0.0122   1.098  2.914  0.000
    7 C   0.0095   1.121  2.870  0.000
    8 C  -0.0208   1.088  2.932  0.000
    9 C  -0.0208   1.080  2.941  0.000
   10 C   0.0894   1.128  2.782  0.000
   11 F  -0.1139   1.663  5.451  0.000
   12 C  -0.0334   1.084  2.949  0.000
   13 C   0.0189   1.121  2.860  0.000
   14 C  -0.0290   1.099  2.930  0.000
   15 C  -0.0031   1.127  2.876  0.000
   16 C   0.0269   1.152  2.821  0.000
   17 C  -0.0199   1.072  2.948  0.000
   18 C   0.0911   1.138  2.771  0.000
   19 N  -0.2149   1.605  3.610  0.000
   20 C   0.0873   1.138  2.774  0.000
   21 N  -0.2095   1.604  3.605  0.000
   22 C   0.0153   1.115  2.869  0.000
   23 S   0.0952   1.879  3.904  0.122
   24 C  -0.0298   1.138  2.892  0.000
   25 C  -0.0296   1.118  2.912  0.000
   26 C  -0.0175   1.156  2.861  0.000
   27 N  -0.0354   1.214  3.821  0.000
   28 C   0.0379   1.085  2.877  0.000
   29 C  -0.0843   1.020  3.064  0.000
   30 C  -0.0076   1.144  2.864  0.000
   31 C  -0.0517   1.094  2.958  0.000
   32 C  -0.0618   1.085  2.977  0.000
   33 C  -0.0057   1.136  2.870  0.000
   34 S   0.0594   1.881  3.957  0.103
   35 C  -0.0237   1.143  2.880  0.000
   36 C  -0.0213   1.135  2.886  0.000
   37 C   0.0116   1.120  2.868  0.000
   38 C  -0.0296   1.086  2.943  0.000
   39 C  -0.0173   1.081  2.936  0.000
   40 C  -0.0361   1.087  2.949  0.000
   41 C   0.0057   1.140  2.855  0.000
   42 C  -0.0390   1.063  2.976  0.000
   43 C  -0.0903   1.022  3.068  0.000
   44 C  -0.0493   1.096  2.953  0.000
   45 C  -0.0376   1.136  2.901  0.000
   46 S   0.0737   1.882  3.940  0.104
   47 C  -0.0318   1.128  2.904  0.000
   48 C  -0.0246   1.117  2.908  0.000
   49 C   0.0130   1.174  2.813  0.000
   50 C   0.0125   1.172  2.816  0.000
   51 N  -0.1589   1.492  3.667  0.000
   52 S   0.1652   1.903  3.716  0.216
   53 N  -0.1641   1.492  3.672  0.000
   54 C  -0.0108   1.118  2.893  0.000
   55 C  -0.0306   1.128  2.903  0.000
   56 S   0.0810   1.880  3.932  0.107
   57 C  -0.0373   1.133  2.904  0.000
   58 C  -0.0155   1.129  2.886  0.000
   59 C   0.0124   1.121  2.867  0.000
   60 C  -0.0401   1.088  2.952  0.000
   61 C  -0.0228   1.081  2.942  0.000
   62 C  -0.0378   1.087  2.951  0.000
   63 C   0.0094   1.139  2.852  0.000
   64 C  -0.0374   1.063  2.975  0.000
   65 C  -0.0913   1.023  3.069  0.000
   66 C  -0.0426   1.092  2.951  0.000
   67 C  -0.0227   1.135  2.888  0.000
   68 S   0.0552   1.879  3.962  0.104
   69 C  -0.0260   1.119  2.907  0.000
   70 C  -0.0212   1.141  2.880  0.000
   71 N  -0.0483   1.253  3.795  0.000
   72 C   0.0018   1.163  2.835  0.000
   73 C   0.0160   1.154  2.830  0.000
   74 N  -0.0376   1.220  3.817  0.000
   75 C  -0.0171   1.139  2.878  0.000
   76 C  -0.0292   1.124  2.905  0.000
   77 S   0.0544   1.881  3.967  0.098
   78 C   0.0304   1.088  2.881  0.000
   79 C  -0.0822   1.020  3.063  0.000
   80 C   0.0324   1.092  2.875  0.000
   81 C  -0.0864   1.021  3.065  0.000
   82 C   0.0146   1.131  2.854  0.000
   83 C  -0.0705   1.088  2.983  0.000
   84 C  -0.0225   1.132  2.891  0.000
   85 C   0.0016   1.116  2.883  0.000
   86 C  -0.0149   1.127  2.888  0.000
   87 C  -0.0827   1.093  2.990  0.000
   88 C   0.0210   1.104  2.875  0.000
   89 CL -0.0675   1.892  5.149  0.027
   90 C  -0.0263   1.148  2.879  0.000
   91 C  -0.0208   1.057  2.964  0.000
   92 C  -0.0896   1.025  3.065  0.000
   93 S   0.0616   1.872  3.963  0.103
   94 C   0.0018   1.135  2.863  0.000
   95 C  -0.0203   1.128  2.892  0.000
   96 C   0.0086   1.120  2.872  0.000
   97 C  -0.0183   1.127  2.891  0.000
   98 C  -0.0715   1.091  2.981  0.000
   99 C  -0.0887   1.087  3.002  0.000
  100 C  -0.0010   1.150  2.851  0.000
  101 C  -0.0239   1.059  2.965  0.000
  102 C  -0.0887   1.023  3.066  0.000
  103 S   0.0604   1.872  3.969  0.099
  104 C  -0.0006   1.132  2.869  0.000
  105 S   0.0407   1.880  3.990  0.090
  106 C  -0.0482   1.099  2.949  0.000
  107 C   0.0292   1.116  2.855  0.000
  108 S   0.0405   1.878  3.991  0.090
  109 C   0.0139   1.103  2.883  0.000
  110 C  -0.0274   1.145  2.883  0.000
  111 C   0.1280   1.141  2.731  0.000
  112 O  -0.2129   1.595  4.617  0.000
  113 C  -0.0303   1.142  2.889  0.000
  114 C  -0.0123   1.099  2.914  0.000
  115 C   0.0076   1.121  2.871  0.000
  116 C  -0.0210   1.087  2.934  0.000
  117 C  -0.0068   1.079  2.927  0.000
  118 C   0.0977   1.127  2.775  0.000
  119 F  -0.1082   1.661  5.447  0.000
  120 C  -0.0309   1.083  2.947  0.000
  121 C   0.0221   1.120  2.858  0.000
  122 C  -0.0190   1.098  2.921  0.000
  123 C  -0.0053   1.126  2.880  0.000
  124 C   0.0253   1.152  2.822  0.000
  125 C   0.0029   1.074  2.923  0.000
  126 C   0.0898   1.138  2.773  0.000
  127 N  -0.1981   1.604  3.594  0.000
  128 C   0.0917   1.136  2.772  0.000
  129 N  -0.1930   1.603  3.590  0.000
  130 H   0.0489   0.951  0.000  0.000
  131 H   0.0455   0.955  0.000  0.000
  132 H   0.0458   0.954  0.000  0.000
  133 H   0.0376   0.962  0.000  0.000
  134 H   0.0364   0.964  0.000  0.000
  135 H   0.0431   0.957  0.000  0.000
  136 H   0.0453   0.955  0.000  0.000
  137 H   0.0428   0.957  0.000  0.000
  138 H   0.0310   0.969  0.000  0.000
  139 H   0.0313   0.969  0.000  0.000
  140 H   0.0422   0.958  0.000  0.000
  141 H   0.0520   0.948  0.000  0.000
  142 H   0.0526   0.947  0.000  0.000
  143 H   0.0344   0.966  0.000  0.000
  144 H   0.0362   0.964  0.000  0.000
  145 H   0.0304   0.970  0.000  0.000
  146 H   0.0338   0.966  0.000  0.000
  147 H   0.0313   0.969  0.000  0.000
  148 H   0.0299   0.970  0.000  0.000
  149 H   0.0334   0.967  0.000  0.000
  150 H   0.0290   0.971  0.000  0.000
  151 H   0.0280   0.972  0.000  0.000
  152 H   0.0300   0.970  0.000  0.000
  153 H   0.0338   0.966  0.000  0.000
  154 H   0.0292   0.971  0.000  0.000
  155 H   0.0337   0.966  0.000  0.000
  156 H   0.0326   0.967  0.000  0.000
  157 H   0.0283   0.972  0.000  0.000
  158 H   0.0303   0.970  0.000  0.000
  159 H   0.0329   0.967  0.000  0.000
  160 H   0.0304   0.970  0.000  0.000
  161 H   0.0506   0.949  0.000  0.000
  162 H   0.0454   0.955  0.000  0.000
  163 H   0.0325   0.967  0.000  0.000
  164 H   0.0439   0.956  0.000  0.000
  165 H   0.0332   0.967  0.000  0.000
  166 H   0.0497   0.950  0.000  0.000
  167 H   0.0462   0.954  0.000  0.000
  168 H   0.0314   0.969  0.000  0.000
  169 H   0.0411   0.959  0.000  0.000
  170 H   0.0319   0.968  0.000  0.000
  171 H   0.0455   0.955  0.000  0.000
  172 H   0.0425   0.957  0.000  0.000
  173 H   0.0395   0.961  0.000  0.000
  174 H   0.0382   0.962  0.000  0.000
  175 H   0.0287   0.971  0.000  0.000
  176 H   0.0297   0.970  0.000  0.000
  177 H   0.0349   0.965  0.000  0.000
  178 H   0.0389   0.961  0.000  0.000
  179 H   0.0364   0.964  0.000  0.000
  180 H   0.0476   0.952  0.000  0.000
  181 H   0.0336   0.966  0.000  0.000
  182 H   0.0346   0.965  0.000  0.000
  183 H   0.0313   0.969  0.000  0.000
  184 H   0.0275   0.972  0.000  0.000
  185 H   0.0556   0.944  0.000  0.000
  186 H   0.0546   0.945  0.000  0.000
  187 H   0.0428   0.957  0.000  0.000
  188 H   0.0401   0.960  0.000  0.000
  189 H   0.0425   0.958  0.000  0.000
  190 H   0.0358   0.964  0.000  0.000
  191 H   0.0445   0.956  0.000  0.000
 
 Wiberg/Mayer (AO) data. WBOs > 0.1 written file <wbo>
 largest (>0.05) Wiberg bond orders for each atom
           total WBO             WBO to atom ...
     1  C   3.921    C    2 1.441    C   22 1.304    H  130 0.921
     2  C   3.906    C    1 1.441    C   16 1.125    C    3 1.037    O    4 0.067    C   31 0.062
     3  C   3.906    O    4 1.732    C    2 1.037    C    5 0.989
     4  O   2.171    C    3 1.732    C    2 0.067    S   23 0.063    C    5 0.054
     5  C   3.940    C    6 1.509    C   15 1.170    C    3 0.989    O    4 0.054    C   13 0.051
     6  C   3.955    C    5 1.509    C    7 1.245    H  131 0.938    C   14 0.086
     7  C   3.949    C    8 1.264    C    6 1.245    C   13 1.211    C   10 0.060    C   15 0.051
     8  C   3.958    C    9 1.542    C    7 1.264    H  132 0.937    C   12 0.109
     9  C   3.959    C    8 1.542    C   10 1.281    H  133 0.945    C   13 0.063
    10  C   3.908    C   12 1.499    C    9 1.281    F   11 0.969    C    7 0.060
    11  F   1.094    C   10 0.969
    12  C   3.959    C   10 1.499    C   13 1.266    H  134 0.943    C    8 0.109
    13  C   3.951    C   12 1.266    C   14 1.244    C    7 1.211    C    9 0.063    C    5 0.051
    14  C   3.949    C   15 1.501    C   13 1.244    H  135 0.934    C    6 0.086
    15  C   3.951    C   14 1.501    C    5 1.170    C   16 1.043    C    7 0.051
    16  C   3.925    C   17 1.439    C    2 1.125    C   15 1.043    N   21 0.087    N   19 0.087
    17  C   3.911    C   16 1.439    C   20 1.069    C   18 1.069    N   19 0.082    N   21 0.082
    18  C   3.938    N   19 2.772    C   17 1.069
    19  N   3.037    C   18 2.772    C   16 0.087    C   17 0.082
    20  C   3.938    N   21 2.777    C   17 1.069
    21  N   3.039    C   20 2.777    C   16 0.087    C   17 0.082
    22  C   3.908    C   31 1.353    C    1 1.304    S   23 1.059    C   24 0.052
    23  S   2.560    C   24 1.123    C   22 1.059    C   31 0.075    O    4 0.063
    24  C   3.917    C   25 1.284    C   30 1.224    S   23 1.123    C   22 0.052    N   27 0.050
    25  C   3.922    C   26 1.285    C   24 1.284    S   34 1.098    C   33 0.064
    26  C   3.876    C   25 1.285    C   32 1.277    N   27 1.093    S   34 0.052
    27  N   3.438    C   26 1.093    C   30 1.069    C   28 0.955    C   24 0.050
    28  C   3.936    C   29 1.002    H  137 0.970    H  136 0.970    N   27 0.955
    29  C   3.982    C   28 1.002    H  139 0.984    H  138 0.984    H  140 0.975
    30  C   3.903    C   31 1.388    C   24 1.224    N   27 1.069
    31  C   3.933    C   30 1.388    C   22 1.353    H  141 0.937    S   23 0.075    C    2 0.062
    32  C   3.942    C   33 1.497    C   26 1.277    H  142 0.931    S   34 0.067
    33  C   3.875    C   32 1.497    C   35 1.128    S   34 1.062    C   25 0.064
    34  S   2.481    C   25 1.098    C   33 1.062    C   32 0.067    C   26 0.052
    35  C   3.886    C   36 1.428    C   33 1.128    S   77 1.062    C   76 0.066
    36  C   3.917    C   35 1.428    C   45 1.226    C   37 1.001    S   77 0.059
    37  C   3.955    C   38 1.370    C   44 1.369    C   36 1.001    C   40 0.103
    38  C   3.968    C   39 1.438    C   37 1.370    H  143 0.944    C   41 0.105
    39  C   3.971    C   38 1.438    C   40 1.430    H  144 0.944    C   44 0.104
    40  C   3.968    C   39 1.430    C   41 1.387    H  145 0.946    C   37 0.103
    41  C   3.949    C   44 1.401    C   40 1.387    C   42 0.981    C   38 0.105
    42  C   3.972    C   43 0.991    C   41 0.981    H  147 0.967    H  146 0.966
    43  C   3.984    C   42 0.991    H  150 0.984    H  148 0.984    H  149 0.980
    44  C   3.966    C   41 1.401    C   37 1.369    H  151 0.944    C   39 0.104
    45  C   3.907    C   76 1.362    C   36 1.226    S   46 1.062    C   47 0.053
    46  S   2.471    C   47 1.096    C   45 1.062    C   75 0.052    C   76 0.052
    47  C   3.915    C   75 1.339    C   48 1.203    S   46 1.096    C   45 0.053
    48  C   3.921    C   73 1.277    C   47 1.203    C   49 1.153
    49  C   3.925    N   53 1.445    C   48 1.153    C   50 1.091    S   52 0.076
    50  C   3.928    N   51 1.442    C   54 1.160    C   49 1.091    S   52 0.076
    51  N   3.077    C   50 1.442    S   52 1.275    N   53 0.195
    52  S   2.797    N   51 1.275    N   53 1.271    C   50 0.076    C   49 0.076
    53  N   3.075    C   49 1.445    S   52 1.271    N   51 0.195
    54  C   3.925    C   72 1.292    C   55 1.186    C   50 1.160    N   71 0.050
    55  C   3.925    C   70 1.359    C   54 1.186    S   56 1.098    C   57 0.059
    56  S   2.489    C   55 1.098    C   57 1.074    C   70 0.056    C   69 0.052
    57  C   3.910    C   69 1.369    C   58 1.205    S   56 1.074    C   55 0.059    S   68 0.052
    58  C   3.933    C   67 1.474    C   57 1.205    C   59 1.014    S   68 0.067
    59  C   3.956    C   66 1.373    C   60 1.359    C   58 1.014    C   62 0.101
    60  C   3.970    C   61 1.446    C   59 1.359    H  152 0.944    C   63 0.104
    61  C   3.972    C   60 1.446    C   62 1.424    H  153 0.944    C   66 0.104
    62  C   3.967    C   61 1.424    C   63 1.389    H  154 0.946    C   59 0.101
    63  C   3.949    C   66 1.402    C   62 1.389    C   64 0.981    C   60 0.104
    64  C   3.972    C   65 0.991    C   63 0.981    H  156 0.967    H  155 0.966
    65  C   3.983    C   64 0.991    H  157 0.985    H  158 0.984    H  159 0.980
    66  C   3.968    C   63 1.402    C   59 1.373    H  160 0.941    C   61 0.104
    67  C   3.894    C   58 1.474    S   68 1.075    C   82 1.064    C   69 0.072
    68  S   2.498    C   69 1.100    C   67 1.075    C   58 0.067    C   57 0.052
    69  C   3.933    C   57 1.369    C   70 1.224    S   68 1.100    C   67 0.072    S   56 0.052
    70  C   3.898    C   55 1.359    C   69 1.224    N   71 1.065    S   56 0.056
    71  N   3.399    C   72 1.077    C   70 1.065    C   80 0.946    C   54 0.050
    72  C   3.895    C   54 1.292    C   73 1.237    N   71 1.077
    73  C   3.899    C   48 1.277    C   72 1.237    N   74 1.103
    74  N   3.439    C   73 1.103    C   75 1.081    C   78 0.948
    75  C   3.898    C   47 1.339    C   76 1.229    N   74 1.081    S   46 0.052
    76  C   3.916    C   45 1.362    C   75 1.229    S   77 1.085    C   35 0.066    S   46 0.052
    77  S   2.477    C   76 1.085    C   35 1.062    C   36 0.059
    78  C   3.930    C   79 1.006    H  161 0.963    H  162 0.962    N   74 0.948
    79  C   3.981    C   78 1.006    H  165 0.984    H  163 0.981    H  164 0.975
    80  C   3.932    C   81 1.001    H  167 0.968    H  166 0.965    N   71 0.946
    81  C   3.981    C   80 1.001    H  168 0.984    H  170 0.983    H  169 0.975
    82  C   3.906    C   83 1.607    C   67 1.064    S  105 1.051
    83  C   3.939    C   82 1.607    C   84 1.188    H  171 0.934    S  105 0.072
    84  C   3.927    C   85 1.253    C  104 1.233    C   83 1.188
    85  C   3.923    C   94 1.357    C   84 1.253    C   86 1.040    C   96 0.081
    86  C   3.938    C   87 1.569    S   93 1.110    C   85 1.040    C   90 0.108
    87  C   3.955    C   86 1.569    C   88 1.227    H  172 0.936    S   93 0.077
    88  C   3.929    C   90 1.546    C   87 1.227    CL  89 0.999    S   93 0.069
    89  CL  1.157    C   88 0.999    C   90 0.052
    90  C   3.916    C   88 1.546    S   93 1.131    C   91 0.999    C   86 0.108    CL  89 0.052
    91  C   3.974    C   90 0.999    C   92 0.985    H  173 0.966    H  174 0.961
    92  C   3.981    C   91 0.985    H  175 0.984    H  176 0.984    H  177 0.978
    93  S   2.547    C   90 1.131    C   86 1.110    C   87 0.077    C   88 0.069
    94  C   3.930    C   85 1.357    C   95 1.222    S  108 1.086    C  104 0.050
    95  C   3.940    C   96 1.234    C  106 1.228    C   94 1.222
    96  C   3.919    C  104 1.367    C   95 1.234    C   97 1.041    C   85 0.081
    97  C   3.936    C   98 1.564    S  103 1.108    C   96 1.041    C  100 0.110
    98  C   3.949    C   97 1.564    C   99 1.262    H  178 0.938    S  103 0.077
    99  C   3.960    C  100 1.590    C   98 1.262    H  179 0.939    S  103 0.070
   100  C   3.920    C   99 1.590    S  103 1.141    C  101 0.997    C   97 0.110
   101  C   3.973    C  100 0.997    C  102 0.992    H  181 0.964    H  180 0.950
   102  C   3.982    C  101 0.992    H  184 0.984    H  183 0.983    H  182 0.980
   103  S   2.544    C  100 1.141    C   97 1.108    C   98 0.077    C   99 0.070
   104  C   3.935    C   96 1.367    C   84 1.233    S  105 1.077    C   94 0.050
   105  S   2.438    C  104 1.077    C   82 1.051    C   83 0.072
   106  C   3.930    C  107 1.511    C   95 1.228    H  185 0.927    S  108 0.072    C  110 0.062
   107  C   3.923    C  106 1.511    C  109 1.188    S  108 1.050
   108  S   2.428    C   94 1.086    C  107 1.050    C  106 0.072
   109  C   3.930    C  110 1.554    C  107 1.188    H  186 0.925    O  112 0.056
   110  C   3.912    C  109 1.554    C  124 1.091    C  111 0.987    O  112 0.069    C  106 0.062
   111  C   3.908    O  112 1.788    C  113 0.990    C  110 0.987
   112  O   2.149    C  111 1.788    C  110 0.069    C  113 0.060    C  109 0.056
   113  C   3.942    C  114 1.503    C  123 1.168    C  111 0.990    O  112 0.060
   114  C   3.959    C  113 1.503    C  115 1.250    H  187 0.941    C  122 0.087
   115  C   3.948    C  116 1.262    C  114 1.250    C  121 1.206    C  118 0.059
   116  C   3.960    C  117 1.545    C  115 1.262    H  188 0.940    C  120 0.108
   117  C   3.958    C  116 1.545    C  118 1.279    H  189 0.943    C  121 0.062
   118  C   3.909    C  120 1.498    C  117 1.279    F  119 0.974    C  115 0.059
   119  F   1.100    C  118 0.974
   120  C   3.959    C  118 1.498    C  121 1.267    H  190 0.944    C  116 0.108
   121  C   3.952    C  120 1.267    C  122 1.250    C  115 1.206    C  117 0.062
   122  C   3.951    C  123 1.492    C  121 1.250    H  191 0.935    C  114 0.087
   123  C   3.952    C  122 1.492    C  113 1.168    C  124 1.052
   124  C   3.934    C  125 1.473    C  110 1.091    C  123 1.052    N  129 0.093    N  127 0.092
   125  C   3.925    C  124 1.473    C  126 1.061    C  128 1.060    N  127 0.079    N  129 0.078
   126  C   3.941    N  127 2.788    C  125 1.061
   127  N   3.045    C  126 2.788    C  124 0.092    C  125 0.079
   128  C   3.941    N  129 2.793    C  125 1.060
   129  N   3.052    C  128 2.793    C  124 0.093    C  125 0.078
   130  H   0.993    C    1 0.921
   131  H   0.994    C    6 0.938
   132  H   0.995    C    8 0.937
   133  H   0.994    C    9 0.945
   134  H   0.996    C   12 0.943
   135  H   0.994    C   14 0.934
   136  H   0.996    C   28 0.970
   137  H   0.997    C   28 0.970
   138  H   0.999    C   29 0.984
   139  H   0.999    C   29 0.984
   140  H   0.997    C   29 0.975
   141  H   0.994    C   31 0.937
   142  H   0.994    C   32 0.931
   143  H   0.995    C   38 0.944
   144  H   0.995    C   39 0.944
   145  H   0.996    C   40 0.946
   146  H   0.997    C   42 0.966
   147  H   0.998    C   42 0.967
   148  H   0.999    C   43 0.984
   149  H   0.997    C   43 0.980
   150  H   0.999    C   43 0.984
   151  H   0.999    C   44 0.944
   152  H   0.996    C   60 0.944
   153  H   0.995    C   61 0.944
   154  H   0.996    C   62 0.946
   155  H   0.998    C   64 0.966
   156  H   0.997    C   64 0.967
   157  H   0.999    C   65 0.985
   158  H   0.999    C   65 0.984
   159  H   0.997    C   65 0.980
   160  H   0.999    C   66 0.941
   161  H   0.996    C   78 0.963
   162  H   0.996    C   78 0.962
   163  H   0.999    C   79 0.981
   164  H   0.997    C   79 0.975
   165  H   0.999    C   79 0.984
   166  H   0.996    C   80 0.965
   167  H   0.996    C   80 0.968
   168  H   0.999    C   81 0.984
   169  H   0.998    C   81 0.975
   170  H   0.999    C   81 0.983
   171  H   0.995    C   83 0.934
   172  H   0.996    C   87 0.936
   173  H   0.997    C   91 0.966
   174  H   0.997    C   91 0.961
   175  H   0.999    C   92 0.984
   176  H   0.999    C   92 0.984
   177  H   0.996    C   92 0.978
   178  H   0.997    C   98 0.938
   179  H   0.997    C   99 0.939
   180  H   0.996    C  101 0.950
   181  H   0.998    C  101 0.964
   182  H   0.997    C  102 0.980
   183  H   0.999    C  102 0.983
   184  H   0.999    C  102 0.984
   185  H   0.993    C  106 0.927
   186  H   0.991    C  109 0.925
   187  H   0.994    C  114 0.941
   188  H   0.996    C  116 0.940
   189  H   0.993    C  117 0.943
   190  H   0.996    C  120 0.944
   191  H   0.993    C  122 0.935
 
 --------------------------------------------
          xTB calculation for sTDA...
 --------------------------------------------
 
 reading parameter file /ihome/ghutchison/blp62/xtb4stda/.param_stda2.xtb
 
      method parameters     
 k(s)        :  1.6000
 k(p)        :  2.1800
 k(d)        :  1.9500
 k(f)        :  2.0000
 k(R-V)      :  2.2750
 k(R-R)      :  1.7650
 Tscal       :  0.2580
 Gscal       :  1.0000
 fpol        :  1.0000
 Zcnf        :  0.3430
 Zqf         :  0.0000
 kcn         :  2.7000
 Ryd Hsplit  :  0.7000
 lshift(virt):  3.1000
 lshift(OS)  :  0.2000
 wllscaling  :  2.6000
 
 mowrcut     : 3.000
 
  Z AO/shell   Hii/eV     exponent
  1     Sun Feb 14 09:53:25 CET 2016    EN: 2.327 GAM: 0.473  GM3: 0.0000
     1s    -14.339618    1.220000
     2sp    -3.348946    0.600000
  6     Sun Feb 14 09:53:25 CET 2016    EN: 2.731 GAM: 0.422  GM3: 0.0000
     2s    -22.009312    1.565095
     2p    -13.020408    1.596905
     3sp    -3.914040    0.824500
  7     Sun Feb 14 09:53:25 CET 2016    EN: 3.573 GAM: 0.504  GM3: 0.0000
     2s    -25.722000    2.064844
     2p    -18.684912    1.801692
     3sp    -4.344791    0.921400
  8     Sun Feb 14 09:53:25 CET 2016    EN: 3.700 GAM: 0.587  GM3: 0.0000
     2s    -33.859000    2.418661
     2p    -22.175911    1.973969
     3sp    -4.259392    1.013700
  9     Sun Feb 21 12:20:01 CET 2016    EN: 3.394 GAM: 0.600  GM3: 0.0000
     2s    -26.548112    1.943768
     2p    -23.081168    2.552035
     3sp    -1.937199    1.103200
 16     Sun Feb 21 16:35:57 CET 2016    EN: 1.915 GAM: 0.200  GM3: 0.0000
     3s    -17.898811    2.619580
     3p    -15.317401    1.798798
     4sp    -4.455139    0.843200
 17     Sun Feb 21 16:32:04 CET 2016    EN: 2.375 GAM: 0.300  GM3: 0.0000
     3s    -29.486180    2.293696
     3p    -18.696427    2.332982
     4sp    -5.680125    0.918900
 
 Nbf   :         1342
 T(el) :     0.0
 calculating S/T integrals ...
 cpu time for ints    2.94595100000000     
 Nao   :         1342
 making H0...
 making H1...
 cpu time for H      4.752299999999998E-002
 solving ...
 cpu time for diag   0.834190000000000     
 
 gap (eV)           :   4.123
 Koopmans IP (eV)   :  13.206
 Eel (Eh)           :  -533.317557

          eigenvalues
 #    :         299        300        301        302        303        304        305        306
 occ. :        2.000      2.000      2.000      2.000      2.000      2.000      2.000      2.000
 eps  :       -15.488    -15.348    -15.259    -15.171    -14.980    -14.909    -14.536    -14.441
 #    :         307        308        309        310        311        312        313        314
 occ. :        2.000      2.000      2.000      2.000      2.000      0.000      0.000      0.000
 eps  :       -14.321    -14.013    -13.932    -13.803    -13.207     -9.083     -8.917     -8.413
 #    :         315        316        317        318        319        320        321        322
 occ. :        0.000      0.000      0.000      0.000      0.000      0.000      0.000      0.000
 eps  :        -8.363     -7.611     -7.563     -7.301     -7.115     -6.889     -6.615     -6.075
                            1  SCC done.
 writing mo output ...
 molden style : F
 
speedup  2.88
cpu  time for all    9.34 s
wall time for all    3.24 s
