 
        ______________________________________
       |                                      |
       |          ===================         |
       |             xTB for sTDA             |
       |          ===================         |
       |               S. Grimme              |
       |        Universitaet Bonn, MCTC       |
       |         2015-19, Version 1.0         |
       |     Wed Apr  3 09:14:55 CEST 2019    |
       |______________________________________|
 
        This code comes without any warranty
        for non-commercial, academia use only.
        Preliminary test version.
        Cite this work as:
        S. Grimme  &  C. Bannwarth, JCP 145 (2016) 054103
        if GBSA is used additionally:
        P. Shushkov, F. März, C. Bannwarth, S. Grimme, unpublished.
 
        with help from
        P. Shushkov, G. Brandenburg, S. Dohm, J. Pisarek,
        F. März, M. Checinski, S. Ehrlich, S. Spicher, 
        P. Pracht, E. Caldeweyher, S. Ehlert, and C. Bannwarth.
 
        usage        :
        xtb4stda <coord_file> [options]
        where <coord_file> is a valid file of TM)
        (*coord, Bohr) or xmol (*xyz, Angstroem)
        format.

        options:
        -chrg <int>   : molecular charge
        -uhf  <int>   : # of unpaired electrons(=2*S)
        -nox          : skip second, extended part in sTDA-xTB
        -pop          : do population analysis
                      : (default for -nox)
        -mowr <real>  : cut MO write above (def.3 Eh)
        -molden       : write formatted molden file
        -parx <file>  : read parameters for sTDA-xTB
                        calc (def:~/.param_stda2.xtb)
        -parv <file>  : read parameters for vTB part in
                        sTDA-xTB (def: ~/.param_stda1.xtb)
        -xtemp <real> : el. temp for xTB (def. 0 K)
        -etemp <real> : el. temp for GFN (def. 300 K)
        -fod          : calculate the FOD and write
                        molden.input file with
                        appropriate occupations
                        for plotting. Def. T=12500 K
 
        -acc <real>   : xTB accuracy (def. 1.0)
        -gbsa [string1] [string2]
                        use GBSA implicit solvent
                        for solvent [string1] and
                        solvation state [string2]=
                        reference, bar1M (default=1M)
        additional GFN/opt/MD/siman options read from
        $XTB4STDAHOME/.xtb4stdarc or $set in input
 
       spin and charge state information can be on:
       <.CHRG> (charge) and <.UHF> (=nalpha-nbeta)
       -uhf and -chrg override the file info.
       useful machine settings:
       setenv MKL_NUM_THREADS <NCORE_ON_YOUR_MACHINE>
       setenv OMP_STACKSIZE 500m
       limit stacksize unlimited
 
       total energies in Eh, gaps/HL energies in eV
       please read REVISION and HOWTO files carefully
 =============================
  # OMP threads =           8
 =============================
 
 xtb4stdahome directory:/ihome/ghutchison/blp62/xtb4stda/
 
 
 name of molecule           :
 comment line               :
 number of atoms            :   117
 number of electrons        :   382
 charge                     :  0
 spin                       : 0.0
 first test random number   :  0.5598
 
 -----------------------------------------
      charge density (VTB) calculation
 -----------------------------------------
 
      method parameters     
 k(s)        :  1.8000
 k(p)        :  2.8350
 k(d)        :  2.0860
 k(f)        :  2.0000
 Tscal       :  0.3300
 Gscal       :  0.3910
 fpol        :  1.0000
 Zcnf        :  0.6500
 Zqf         :  0.0000
 kcn         :  0.3000
 kEN1        : -0.5900
 wllscal     :  2.6000
 
     -------------------------
     ! NO SOLVENT MODEL USED !
     -------------------------
 
 doing EN charges ...
 sum q :  0.7882583D-14
 point charge moment (au)
     X       Y       Z   
  -0.6214  -0.0727  -0.4050  total (Debye):    1.894
 
            Z      q(EN)   CN      Cart. coordinates
     1  C   4.0  -0.075   3.228     2.86804   -13.82561     4.44010
     2  C   4.0  -0.003   3.287     2.62766   -16.38468     4.11752
     3  C   4.0   0.101   3.231     2.50219   -17.69048     1.64954
     4  O   6.0  -0.107   1.070     2.65166   -16.74694    -0.43483
     5  C   4.0  -0.007   3.351     2.47252   -20.41433     2.24858
     6  C   4.0  -0.068   3.155     2.30206   -22.44031     0.61473
     7  C   4.0  -0.073   3.146     2.33343   -24.85802     1.63216
     8  C   4.0  -0.073   3.149     2.55944   -25.20913     4.22032
     9  C   4.0  -0.069   3.160     2.73954   -23.17522     5.86949
    10  C   4.0  -0.007   3.348     2.68549   -20.75354     4.87436
    11  C   4.0  -0.008   3.327     2.76864   -18.27271     6.08492
    12  C   4.0  -0.037   3.121     2.73273   -17.83164     8.63964
    13  C   4.0   0.236   2.156     2.81437   -19.74272    10.49327
    14  N   5.0  -0.215   1.026     2.89298   -21.20443    12.09500
    15  C   4.0   0.235   2.159     2.53885   -15.42130     9.75798
    16  N   5.0  -0.215   1.027     2.32134   -13.52382    10.79034
    17  C   4.0  -0.081   3.235     2.10761   -11.91699     2.74823
    18  C   4.0  -0.019   3.432     0.17329   -11.88883     0.95885
    19  C   4.0  -0.003   3.271    -1.55184   -13.97963     0.38891
    20  C   4.0  -0.075   3.213    -1.62516   -14.84512    -2.09590
    21  C   4.0  -0.072   3.145    -3.10784   -16.89245    -2.74898
    22  C   4.0  -0.072   3.144    -4.54404   -18.08317    -0.91860
    23  C   4.0  -0.073   3.190    -4.54952   -17.16362     1.52936
    24  C   4.0   0.007   3.226    -3.07950   -15.10571     2.22893
    25  C   4.0  -0.175   4.072    -3.36144   -14.02309     4.84261
    26  C   4.0  -0.242   4.031    -5.02497   -11.65866     4.76513
    27  C   4.0  -0.107   3.500    -0.02872    -9.51742    -0.19559
    28  S   6.0   0.230   2.437    -2.11423    -8.34465    -2.47460
    29  C   4.0  -0.088   3.408    -0.71772    -5.40575    -2.15826
    30  C   4.0   0.008   3.419    -1.08735    -2.92019    -2.99786
    31  C   4.0   0.075   3.658    -3.02961    -1.82699    -4.46996
    32  C   4.0   0.075   3.657    -3.22293     0.87683    -4.58958
    33  N   5.0  -0.299   2.146    -5.22282     1.63253    -5.88763
    34  S   6.0   0.428   2.892    -6.72232    -0.83639    -6.88918
    35  N   5.0  -0.299   2.147    -4.88645    -2.97084    -5.69431
    36  C   4.0   0.009   3.415    -1.32545     2.36159    -3.43930
    37  C   4.0  -0.088   3.405    -0.98360     4.98774    -3.27168
    38  S   6.0   0.230   2.443    -2.56965     7.74202    -4.03154
    39  C   4.0  -0.107   3.501    -0.10942     9.47527    -2.66603
    40  C   4.0  -0.018   3.423     0.25039    12.07497    -2.31416
    41  C   4.0  -0.003   3.265    -1.55695    13.93956    -3.27849
    42  C   4.0   0.008   3.212    -0.90556    15.88655    -4.94333
    43  C   4.0  -0.174   4.068     1.70264    16.16490    -6.05355
    44  C   4.0  -0.243   4.027     2.74747    18.84964    -5.82357
    45  C   4.0  -0.074   3.193    -2.79642    17.54214    -5.71037
    46  C   4.0  -0.072   3.143    -5.25438    17.31631    -4.85508
    47  C   4.0  -0.072   3.144    -5.89632    15.35346    -3.25071
    48  C   4.0  -0.076   3.219    -4.06140    13.66404    -2.49255
    49  C   4.0  -0.080   3.234     2.50597    12.55194    -1.03330
    50  S   6.0   0.219   2.540     4.24281     9.75458    -0.45883
    51  C   4.0  -0.098   3.401     1.85647     7.95537    -1.74289
    52  C   4.0   0.072   3.686     1.34133     5.38912    -2.07227
    53  N   5.0  -0.290   3.264     2.44625     3.11861    -1.47777
    54  C   4.0   0.098   3.465     0.79425     1.23286    -2.22912
    55  C   4.0   0.100   3.459     0.77554    -1.40633    -1.78069
    56  N   5.0  -0.294   3.268     2.18415    -2.93115    -0.19956
    57  C   4.0   0.075   3.677     1.27670    -5.34528    -0.41631
    58  C   4.0  -0.097   3.398     1.66126    -7.69478     0.72736
    59  S   6.0   0.220   2.545     3.56251    -8.93330     3.06306
    60  C   4.0  -0.096   4.084     3.84521    -2.27164     1.86856
    61  C   4.0  -0.241   4.026     6.56018    -3.13732     1.39670
    62  C   4.0  -0.100   4.089     5.17105     2.97632    -1.26649
    63  C   4.0  -0.240   4.030     6.45549     3.84219    -3.70481
    64  C   4.0  -0.076   3.233     3.61883    14.81602    -0.18916
    65  C   4.0  -0.003   3.285     2.40316    16.98335     0.53819
    66  C   4.0   0.103   3.225    -0.26456    17.10391     1.36382
    67  O   6.0  -0.109   1.073    -1.73968    15.36461     1.54391
    68  C   4.0  -0.006   3.363    -0.64591    19.73233     2.23536
    69  C   4.0   0.028   3.167    -2.78810    20.91662     3.14620
    70  F   7.0  -0.027   1.066    -4.99870    19.69813     3.26715
    71  C   4.0  -0.073   3.167    -2.67113    23.41994     3.93063
    72  C   4.0  -0.073   3.151    -0.39646    24.70552     3.81214
    73  C   4.0  -0.069   3.160     1.78144    23.55732     2.89922
    74  C   4.0  -0.007   3.349     1.64935    21.06761     2.10213
    75  C   4.0  -0.008   3.327     3.57498    19.39955     1.02537
    76  C   4.0  -0.038   3.121     6.00064    20.08798     0.42009
    77  C   4.0   0.236   2.159     7.74825    18.52706    -0.85057
    78  N   5.0  -0.215   1.027     9.24964    17.39020    -1.92960
    79  C   4.0   0.236   2.157     7.05680    22.48112     0.92351
    80  N   5.0  -0.215   1.026     8.03644    24.38124     1.29484
    81  H   1.0   0.075   1.012     3.72408   -13.14626     6.17411
    82  H   1.0   0.075   1.005     2.13501   -22.12057    -1.39216
    83  H   1.0   0.074   1.004     2.18566   -26.47960     0.40289
    84  H   1.0   0.074   1.004     2.59705   -27.10339     4.97773
    85  H   1.0   0.076   1.007     2.92435   -23.50271     7.87146
    86  H   1.0   0.076   1.007    -0.45939   -13.93371    -3.49788
    87  H   1.0   0.074   1.004    -3.12976   -17.55820    -4.67650
    88  H   1.0   0.074   1.004    -5.68524   -19.70644    -1.39651
    89  H   1.0   0.075   1.005    -5.73154   -18.05539     2.93682
    90  H   1.0   0.083   1.006    -1.53824   -13.53044     5.66597
    91  H   1.0   0.081   1.004    -4.24149   -15.42942     6.06961
    92  H   1.0   0.081   0.999    -5.26912   -10.90013     6.65902
    93  H   1.0   0.081   0.999    -6.87445   -12.10823     3.98921
    94  H   1.0   0.082   1.000    -4.16647   -10.21057     3.58519
    95  H   1.0   0.080   1.003     1.61137    15.65751    -8.05685
    96  H   1.0   0.083   1.007     3.00844    14.85362    -5.15139
    97  H   1.0   0.081   0.999     4.76060    18.86192    -6.23742
    98  H   1.0   0.082   0.999     1.81754    20.13031    -7.13183
    99  H   1.0   0.083   1.001     2.46760    19.57208    -3.92005
   100  H   1.0   0.075   1.006    -2.33154    19.03426    -7.02222
   101  H   1.0   0.074   1.004    -6.66922    18.65537    -5.46320
   102  H   1.0   0.074   1.004    -7.81345    15.13765    -2.59176
   103  H   1.0   0.077   1.008    -4.53685    12.14716    -1.21793
   104  H   1.0   0.081   1.005     3.14110    -3.22671     3.56591
   105  H   1.0   0.084   1.004     3.73107    -0.24226     2.20304
   106  H   1.0   0.082   1.004     6.65410    -5.18805     1.37364
   107  H   1.0   0.082   0.999     7.77641    -2.45022     2.90054
   108  H   1.0   0.081   0.999     7.27885    -2.45286    -0.40383
   109  H   1.0   0.087   1.007     5.72096     1.03765    -0.89875
   110  H   1.0   0.081   1.004     5.76990     4.17818     0.30689
   111  H   1.0   0.082   0.999     8.48884     3.62506    -3.52188
   112  H   1.0   0.082   1.001     6.04769     5.81506    -4.09825
   113  H   1.0   0.081   0.999     5.80845     2.70609    -5.29180
   114  H   1.0   0.075   1.013     5.66086    14.75989    -0.02702
   115  H   1.0   0.075   1.005    -4.36035    24.32304     4.62718
   116  H   1.0   0.074   1.005    -0.31218    26.64381     4.43991
   117  H   1.0   0.076   1.007     3.52604    24.60404     2.83270
 
  Z AO/shell   Hii/eV     exponent
  1     Sat Feb 20 21:38:01 CET 2016    EN: 2.327 GAM: 0.473  GM3: 0.0000
     1s    -13.751157    1.051071
  6     Sat Feb 20 21:38:01 CET 2016    EN: 2.731 GAM: 0.422  GM3: 0.0000
     2s    -19.378245    2.021003
     2p    -11.993376    1.497917
  7     Sat Feb 20 21:38:01 CET 2016    EN: 3.573 GAM: 0.504  GM3: 0.0000
     2s    -21.576984    2.275442
     2p    -16.125120    2.056788
  8     Sat Feb 20 21:38:01 CET 2016    EN: 3.700 GAM: 0.587  GM3: 0.0000
     2s    -21.648843    2.110798
     2p    -17.239740    2.329048
  9     Sat Feb 20 21:51:24 CET 2016    EN: 3.394 GAM: 0.669  GM3: 0.0000
     2s    -19.384211    2.614957
     2p    -19.426034    2.777297
 16     Sat Feb 20 23:13:41 CET 2016    EN: 1.915 GAM: 0.389  GM3: 0.0000
     3s    -22.000000    2.671470
     3p    -15.834192    1.836978
     3d     -2.593599    1.836978
 
 dipole moment of classical point charges (au)
     X       Y       Z   
  -0.6214  -0.0727  -0.4050  total (Debye):    1.894

 
 Nbf   :          387
 T(el) :   300.0
 calculating S/T integrals ...
 cpu time for ints   0.510640000000000     
 Nao   :          382
 making H0...
 making H1...
 cpu time for H      0.150561000000000     
 solving ...
 cpu time for diag   0.128572000000000     
 
 gap (eV)           :   1.463
 Koopmans IP (eV)   :  11.920
 Eel (Eh)           :  -300.003733
 T,E(Fermi),NFOD :    300.000   -11.188  0.000000
 T,E(Fermi),NFOD :    300.000   -11.188  0.000000
 Nfod               :  0.0000
 Nfod/Nel           :  0.0000

          eigenvalues
 #    :         179        180        181        182        183        184        185        186
 occ. :        2.000      2.000      2.000      2.000      2.000      2.000      2.000      2.000
 eps  :       -15.309    -15.277    -15.206    -14.958    -14.904    -14.722    -14.583    -14.494
 #    :         187        188        189        190        191        192        193        194
 occ. :        2.000      2.000      2.000      2.000      2.000      0.000      0.000      0.000
 eps  :       -14.004    -13.747    -13.432    -12.898    -11.921    -10.458     -9.830     -9.679
 #    :         195        196        197        198        199        200        201        202
 occ. :        0.000      0.000      0.000      0.000      0.000      0.000      0.000      0.000
 eps  :        -9.437     -9.301     -8.856     -8.828     -8.751     -7.569     -7.543     -7.393
                            1  SCC done.
 making H1...
 cpu time for H      0.185130000000000     
 solving ...
 cpu time for diag   7.332300000000003E-002
 
 gap (eV)           :   1.947
 Koopmans IP (eV)   :  12.293
 Eel (Eh)           :  -300.795611
 T,E(Fermi),NFOD :    300.000   -11.319  0.000000
 T,E(Fermi),NFOD :    300.000   -11.319  0.000000
 Nfod               :  0.0000
 Nfod/Nel           :  0.0000

          eigenvalues
 #    :         179        180        181        182        183        184        185        186
 occ. :        2.000      2.000      2.000      2.000      2.000      2.000      2.000      2.000
 eps  :       -15.128    -15.087    -15.063    -14.787    -14.724    -14.571    -14.266    -14.165
 #    :         187        188        189        190        191        192        193        194
 occ. :        2.000      2.000      2.000      2.000      2.000      0.000      0.000      0.000
 eps  :       -13.995    -13.907    -13.550    -13.240    -12.294    -10.347     -9.878     -9.858
 #    :         195        196        197        198        199        200        201        202
 occ. :        0.000      0.000      0.000      0.000      0.000      0.000      0.000      0.000
 eps  :        -9.326     -9.277     -9.026     -8.926     -8.917     -7.708     -7.666     -7.420
                            2  SCC done.
 
 
 Mulliken/CM5 charges    n(s)   n(p)   n(d)   
    1 C   0.0039 -0.0443   1.158  2.838  0.000
    2 C  -0.0255 -0.0281   1.177  2.849  0.000
    3 C   0.1331  0.1684   1.175  2.692  0.000
    4 O  -0.2338 -0.2818   1.628  4.606  0.000
    5 C  -0.0210 -0.0231   1.185  2.836  0.000
    6 C  -0.0150 -0.0675   1.143  2.872  0.000
    7 C  -0.0184 -0.0746   1.138  2.880  0.000
    8 C  -0.0185 -0.0747   1.139  2.880  0.000
    9 C  -0.0238 -0.0765   1.145  2.879  0.000
   10 C  -0.0064 -0.0100   1.172  2.834  0.000
   11 C   0.0148  0.0140   1.197  2.788  0.000
   12 C   0.0062  0.0125   1.115  2.879  0.000
   13 C   0.0964  0.2154   1.171  2.733  0.000
   14 N  -0.2113 -0.3409   1.642  3.569  0.000
   15 C   0.0970  0.2151   1.172  2.731  0.000
   16 N  -0.2177 -0.3476   1.642  3.575  0.000
   17 C  -0.0084 -0.0005   1.167  2.841  0.000
   18 C  -0.0038 -0.0037   1.175  2.829  0.000
   19 C   0.0054  0.0011   1.167  2.828  0.000
   20 C  -0.0220 -0.0738   1.141  2.881  0.000
   21 C  -0.0294 -0.0856   1.135  2.895  0.000
   22 C  -0.0308 -0.0871   1.136  2.895  0.000
   23 C  -0.0428 -0.0971   1.141  2.902  0.000
   24 C  -0.0075 -0.0202   1.188  2.819  0.000
   25 C  -0.0533 -0.1596   1.127  2.927  0.000
   26 C  -0.0911 -0.2423   1.096  2.995  0.000
   27 C  -0.0462 -0.0322   1.175  2.871  0.000
   28 S   0.1344  0.1019   1.892  3.923  0.050
   29 C  -0.0483 -0.0262   1.171  2.877  0.000
   30 C  -0.0097  0.0034   1.152  2.857  0.000
   31 C   0.0162  0.1044   1.204  2.780  0.000
   32 C   0.0160  0.1041   1.203  2.781  0.000
   33 N  -0.1978 -0.3596   1.530  3.668  0.000
   34 S   0.2478  0.3828   1.910  3.692  0.151
   35 N  -0.1987 -0.3604   1.530  3.668  0.000
   36 C  -0.0054  0.0075   1.154  2.852  0.000
   37 C  -0.0455 -0.0235   1.171  2.874  0.000
   38 S   0.1370  0.1043   1.892  3.921  0.050
   39 C  -0.0468 -0.0326   1.176  2.871  0.000
   40 C  -0.0009 -0.0007   1.175  2.826  0.000
   41 C   0.0029 -0.0012   1.167  2.830  0.000
   42 C  -0.0061 -0.0187   1.189  2.817  0.000
   43 C  -0.0521 -0.1581   1.125  2.927  0.000
   44 C  -0.0935 -0.2455   1.093  3.000  0.000
   45 C  -0.0453 -0.0998   1.138  2.907  0.000
   46 C  -0.0304 -0.0868   1.136  2.894  0.000
   47 C  -0.0299 -0.0862   1.134  2.896  0.000
   48 C  -0.0221 -0.0738   1.141  2.881  0.000
   49 C  -0.0084 -0.0008   1.168  2.840  0.000
   50 S   0.1036  0.0677   1.891  3.960  0.046
   51 C  -0.0431 -0.0253   1.167  2.876  0.000
   52 C  -0.0011  0.0680   1.166  2.835  0.000
   53 N  -0.0899 -0.3465   1.290  3.800  0.000
   54 C   0.0186  0.0876   1.189  2.792  0.000
   55 C   0.0252  0.0950   1.184  2.790  0.000
   56 N  -0.0867 -0.3442   1.266  3.821  0.000
   57 C   0.0007  0.0705   1.165  2.834  0.000
   58 C  -0.0457 -0.0279   1.168  2.877  0.000
   59 S   0.1069  0.0697   1.890  3.957  0.047
   60 C   0.0355 -0.0129   1.146  2.819  0.000
   61 C  -0.0806 -0.2283   1.093  2.987  0.000
   62 C   0.0287 -0.0209   1.148  2.823  0.000
   63 C  -0.0854 -0.2320   1.094  2.991  0.000
   64 C   0.0036 -0.0441   1.157  2.839  0.000
   65 C  -0.0266 -0.0296   1.177  2.850  0.000
   66 C   0.1365  0.1728   1.173  2.691  0.000
   67 O  -0.2247 -0.2724   1.627  4.598  0.000
   68 C  -0.0228 -0.0200   1.184  2.838  0.000
   69 C   0.1073  0.1227   1.170  2.723  0.000
   70 F  -0.1133 -0.1367   1.676  5.438  0.000
   71 C  -0.0171 -0.0685   1.135  2.882  0.000
   72 C  -0.0130 -0.0690   1.138  2.875  0.000
   73 C  -0.0282 -0.0809   1.143  2.886  0.000
   74 C  -0.0027 -0.0062   1.173  2.830  0.000
   75 C   0.0177  0.0161   1.196  2.786  0.000
   76 C   0.0078  0.0136   1.115  2.877  0.000
   77 C   0.0976  0.2155   1.172  2.731  0.000
   78 N  -0.2146 -0.3449   1.642  3.573  0.000
   79 C   0.0964  0.2153   1.171  2.733  0.000
   80 N  -0.2099 -0.3398   1.642  3.568  0.000
   81 H   0.0642  0.1303   0.936  0.000  0.000
   82 H   0.0487  0.1073   0.951  0.000  0.000
   83 H   0.0440  0.1006   0.956  0.000  0.000
   84 H   0.0464  0.1030   0.954  0.000  0.000
   85 H   0.0509  0.1143   0.949  0.000  0.000
   86 H   0.0410  0.1023   0.959  0.000  0.000
   87 H   0.0412  0.0980   0.959  0.000  0.000
   88 H   0.0395  0.0961   0.960  0.000  0.000
   89 H   0.0373  0.0949   0.963  0.000  0.000
   90 H   0.0386  0.0997   0.961  0.000  0.000
   91 H   0.0366  0.0930   0.963  0.000  0.000
   92 H   0.0342  0.0859   0.966  0.000  0.000
   93 H   0.0300  0.0827   0.970  0.000  0.000
   94 H   0.0279  0.0823   0.972  0.000  0.000
   95 H   0.0396  0.0952   0.960  0.000  0.000
   96 H   0.0359  0.0965   0.964  0.000  0.000
   97 H   0.0359  0.0886   0.964  0.000  0.000
   98 H   0.0319  0.0845   0.968  0.000  0.000
   99 H   0.0275  0.0837   0.972  0.000  0.000
  100 H   0.0382  0.0966   0.962  0.000  0.000
  101 H   0.0396  0.0961   0.960  0.000  0.000
  102 H   0.0417  0.0985   0.958  0.000  0.000
  103 H   0.0420  0.1043   0.958  0.000  0.000
  104 H   0.0507  0.1180   0.949  0.000  0.000
  105 H   0.0555  0.1252   0.944  0.000  0.000
  106 H   0.0360  0.0930   0.964  0.000  0.000
  107 H   0.0458  0.0982   0.954  0.000  0.000
  108 H   0.0340  0.0888   0.966  0.000  0.000
  109 H   0.0596  0.1313   0.940  0.000  0.000
  110 H   0.0525  0.1188   0.948  0.000  0.000
  111 H   0.0432  0.0955   0.957  0.000  0.000
  112 H   0.0331  0.0899   0.967  0.000  0.000
  113 H   0.0317  0.0866   0.968  0.000  0.000
  114 H   0.0640  0.1304   0.936  0.000  0.000
  115 H   0.0474  0.1051   0.953  0.000  0.000
  116 H   0.0543  0.1111   0.946  0.000  0.000
  117 H   0.0555  0.1193   0.945  0.000  0.000
 Hirshfeld charges for QMDFF written to <charges>
 
 Loewdin charges    n(s)   n(p)   n(d)
    1 C   0.0134   1.104  2.883  0.000
    2 C  -0.0336   1.139  2.895  0.000
    3 C   0.1239   1.141  2.735  0.000
    4 O  -0.2184   1.597  4.621  0.000
    5 C  -0.0232   1.145  2.878  0.000
    6 C  -0.0082   1.089  2.919  0.000
    7 C  -0.0102   1.084  2.927  0.000
    8 C  -0.0095   1.084  2.926  0.000
    9 C  -0.0190   1.091  2.928  0.000
   10 C  -0.0030   1.130  2.873  0.000
   11 C   0.0256   1.153  2.821  0.000
   12 C  -0.0057   1.074  2.932  0.000
   13 C   0.0903   1.137  2.773  0.000
   14 N  -0.2004   1.604  3.597  0.000
   15 C   0.0913   1.138  2.771  0.000
   16 N  -0.2067   1.604  3.602  0.000
   17 C   0.0113   1.123  2.866  0.000
   18 C  -0.0040   1.135  2.869  0.000
   19 C   0.0081   1.124  2.868  0.000
   20 C  -0.0180   1.088  2.930  0.000
   21 C  -0.0223   1.080  2.942  0.000
   22 C  -0.0231   1.081  2.942  0.000
   23 C  -0.0384   1.088  2.950  0.000
   24 C  -0.0025   1.146  2.856  0.000
   25 C  -0.0490   1.065  2.984  0.000
   26 C  -0.0925   1.023  3.070  0.000
   27 C  -0.0258   1.132  2.893  0.000
   28 S   0.0942   1.879  3.923  0.104
   29 C  -0.0266   1.127  2.900  0.000
   30 C  -0.0173   1.114  2.903  0.000
   31 C   0.0109   1.171  2.819  0.000
   32 C   0.0105   1.170  2.820  0.000
   33 N  -0.1586   1.493  3.666  0.000
   34 S   0.1834   1.902  3.698  0.216
   35 N  -0.1596   1.493  3.667  0.000
   36 C  -0.0126   1.116  2.897  0.000
   37 C  -0.0238   1.127  2.897  0.000
   38 S   0.0968   1.879  3.920  0.104
   39 C  -0.0266   1.133  2.893  0.000
   40 C  -0.0013   1.135  2.866  0.000
   41 C   0.0052   1.125  2.870  0.000
   42 C  -0.0008   1.147  2.854  0.000
   43 C  -0.0471   1.064  2.983  0.000
   44 C  -0.0958   1.021  3.075  0.000
   45 C  -0.0412   1.085  2.956  0.000
   46 C  -0.0227   1.081  2.941  0.000
   47 C  -0.0230   1.079  2.944  0.000
   48 C  -0.0179   1.088  2.929  0.000
   49 C   0.0115   1.124  2.864  0.000
   50 S   0.0656   1.877  3.957  0.100
   51 C  -0.0202   1.123  2.897  0.000
   52 C  -0.0141   1.135  2.879  0.000
   53 N  -0.0478   1.249  3.799  0.000
   54 C   0.0083   1.157  2.835  0.000
   55 C   0.0147   1.153  2.833  0.000
   56 N  -0.0430   1.224  3.819  0.000
   57 C  -0.0128   1.134  2.878  0.000
   58 C  -0.0228   1.124  2.898  0.000
   59 S   0.0686   1.876  3.954  0.101
   60 C   0.0369   1.089  2.874  0.000
   61 C  -0.0830   1.021  3.062  0.000
   62 C   0.0288   1.091  2.880  0.000
   63 C  -0.0875   1.021  3.066  0.000
   64 C   0.0129   1.103  2.884  0.000
   65 C  -0.0346   1.139  2.896  0.000
   66 C   0.1268   1.138  2.735  0.000
   67 O  -0.2094   1.596  4.614  0.000
   68 C  -0.0316   1.146  2.885  0.000
   69 C   0.0998   1.134  2.766  0.000
   70 F  -0.0957   1.658  5.437  0.000
   71 C  -0.0147   1.082  2.933  0.000
   72 C  -0.0023   1.082  2.920  0.000
   73 C  -0.0246   1.089  2.935  0.000
   74 C   0.0022   1.130  2.868  0.000
   75 C   0.0287   1.152  2.819  0.000
   76 C  -0.0040   1.074  2.930  0.000
   77 C   0.0918   1.138  2.771  0.000
   78 N  -0.2037   1.604  3.600  0.000
   79 C   0.0903   1.137  2.773  0.000
   80 N  -0.1991   1.604  3.595  0.000
   81 H   0.0532   0.947  0.000  0.000
   82 H   0.0389   0.961  0.000  0.000
   83 H   0.0356   0.964  0.000  0.000
   84 H   0.0376   0.962  0.000  0.000
   85 H   0.0411   0.959  0.000  0.000
   86 H   0.0329   0.967  0.000  0.000
   87 H   0.0336   0.966  0.000  0.000
   88 H   0.0321   0.968  0.000  0.000
   89 H   0.0303   0.970  0.000  0.000
   90 H   0.0353   0.965  0.000  0.000
   91 H   0.0333   0.967  0.000  0.000
   92 H   0.0338   0.966  0.000  0.000
   93 H   0.0295   0.970  0.000  0.000
   94 H   0.0280   0.972  0.000  0.000
   95 H   0.0359   0.964  0.000  0.000
   96 H   0.0327   0.967  0.000  0.000
   97 H   0.0354   0.965  0.000  0.000
   98 H   0.0320   0.968  0.000  0.000
   99 H   0.0279   0.972  0.000  0.000
  100 H   0.0313   0.969  0.000  0.000
  101 H   0.0321   0.968  0.000  0.000
  102 H   0.0340   0.966  0.000  0.000
  103 H   0.0338   0.966  0.000  0.000
  104 H   0.0441   0.956  0.000  0.000
  105 H   0.0499   0.950  0.000  0.000
  106 H   0.0354   0.965  0.000  0.000
  107 H   0.0449   0.955  0.000  0.000
  108 H   0.0346   0.965  0.000  0.000
  109 H   0.0548   0.945  0.000  0.000
  110 H   0.0462   0.954  0.000  0.000
  111 H   0.0425   0.957  0.000  0.000
  112 H   0.0324   0.968  0.000  0.000
  113 H   0.0310   0.969  0.000  0.000
  114 H   0.0530   0.947  0.000  0.000
  115 H   0.0379   0.962  0.000  0.000
  116 H   0.0448   0.955  0.000  0.000
  117 H   0.0456   0.954  0.000  0.000
 
 Wiberg/Mayer (AO) data. WBOs > 0.1 written file <wbo>
 largest (>0.05) Wiberg bond orders for each atom
           total WBO             WBO to atom ...
     1  C   3.922    C    2 1.496    C   17 1.238    H   81 0.921    O    4 0.051
     2  C   3.914    C    1 1.496    C   11 1.111    C    3 1.004    O    4 0.068    C   18 0.051
     3  C   3.909    O    4 1.780    C    2 1.004    C    5 0.982
     4  O   2.143    C    3 1.780    C    2 0.068    C    5 0.059    C    1 0.051
     5  C   3.941    C    6 1.399    C   10 1.271    C    3 0.982    C    8 0.095    O    4 0.059
     6  C   3.965    C    7 1.414    C    5 1.399    H   82 0.945    C    9 0.094
     7  C   3.956    C    8 1.427    C    6 1.414    H   83 0.945    C   10 0.094
     8  C   3.964    C    7 1.427    C    9 1.421    H   84 0.945    C    5 0.095
     9  C   3.959    C    8 1.421    C   10 1.386    H   85 0.939    C    6 0.094
    10  C   3.950    C    9 1.386    C    5 1.271    C   11 1.043    C    7 0.094
    11  C   3.934    C   12 1.458    C    2 1.111    C   10 1.043    N   14 0.090    N   16 0.090
    12  C   3.931    C   11 1.458    C   15 1.064    C   13 1.064    N   16 0.080    N   14 0.079
    13  C   3.939    N   14 2.787    C   12 1.064
    14  N   3.043    C   13 2.787    C   11 0.090    C   12 0.079
    15  C   3.940    N   16 2.780    C   12 1.064
    16  N   3.038    C   15 2.780    C   11 0.090    C   12 0.080
    17  C   3.911    C   18 1.370    C    1 1.238    S   59 1.059    C   58 0.056
    18  C   3.917    C   17 1.370    C   27 1.276    C   19 0.985    S   59 0.065    C    2 0.051
    19  C   3.954    C   20 1.378    C   24 1.340    C   18 0.985    C   22 0.106
    20  C   3.969    C   21 1.434    C   19 1.378    H   86 0.944    C   23 0.105
    21  C   3.972    C   20 1.434    C   22 1.426    H   87 0.944    C   24 0.105
    22  C   3.970    C   23 1.428    C   21 1.426    H   88 0.946    C   19 0.106
    23  C   3.971    C   22 1.428    C   24 1.402    H   89 0.944    C   20 0.105
    24  C   3.946    C   23 1.402    C   19 1.340    C   25 0.983    C   21 0.105
    25  C   3.974    C   26 0.991    C   24 0.983    H   91 0.967    H   90 0.957
    26  C   3.984    C   25 0.991    H   93 0.984    H   94 0.983    H   92 0.980
    27  C   3.913    C   58 1.314    C   18 1.276    S   28 1.072
    28  S   2.488    C   29 1.107    C   27 1.072    C   58 0.053    C   57 0.053
    29  C   3.907    C   57 1.324    C   30 1.215    S   28 1.107
    30  C   3.921    C   55 1.269    C   29 1.215    C   31 1.158
    31  C   3.927    N   35 1.430    C   30 1.158    C   32 1.108    S   34 0.074
    32  C   3.928    N   33 1.429    C   36 1.159    C   31 1.108    S   34 0.074
    33  N   3.073    C   32 1.429    S   34 1.286    N   35 0.201
    34  S   2.818    N   33 1.286    N   35 1.284    C   32 0.074    C   31 0.074
    35  N   3.074    C   31 1.430    S   34 1.284    N   33 0.201
    36  C   3.922    C   54 1.278    C   37 1.205    C   32 1.159
    37  C   3.908    C   52 1.332    C   36 1.205    S   38 1.110
    38  S   2.496    C   37 1.110    C   39 1.073    C   52 0.055    C   51 0.053
    39  C   3.912    C   51 1.314    C   40 1.272    S   38 1.073
    40  C   3.917    C   49 1.373    C   39 1.272    C   41 0.990    S   50 0.066
    41  C   3.953    C   48 1.365    C   42 1.348    C   40 0.990    C   46 0.104
    42  C   3.946    C   45 1.397    C   41 1.348    C   43 0.978    C   47 0.104
    43  C   3.974    C   44 0.997    C   42 0.978    H   96 0.963    H   95 0.960
    44  C   3.983    C   43 0.997    H   98 0.985    H   97 0.981    H   99 0.980
    45  C   3.972    C   46 1.436    C   42 1.397    H  100 0.944    C   48 0.107
    46  C   3.970    C   45 1.436    C   47 1.419    H  101 0.946    C   41 0.104
    47  C   3.972    C   48 1.444    C   46 1.419    H  102 0.944    C   42 0.104
    48  C   3.969    C   47 1.444    C   41 1.365    H  103 0.944    C   45 0.107
    49  C   3.909    C   40 1.373    C   64 1.234    S   50 1.056    C   51 0.056
    50  S   2.488    C   51 1.111    C   49 1.056    C   40 0.066
    51  C   3.924    C   39 1.314    C   52 1.250    S   50 1.111    C   49 0.056    S   38 0.053
    52  C   3.901    C   37 1.332    C   51 1.250    N   53 1.069    S   38 0.055
    53  N   3.403    C   54 1.087    C   52 1.069    C   62 0.945
    54  C   3.889    C   36 1.278    C   55 1.246    N   53 1.087
    55  C   3.893    C   30 1.269    C   54 1.246    N   56 1.102
    56  N   3.431    C   55 1.102    C   57 1.080    C   60 0.945
    57  C   3.899    C   29 1.324    C   58 1.248    N   56 1.080    S   28 0.053
    58  C   3.920    C   27 1.314    C   57 1.248    S   59 1.110    C   17 0.056    S   28 0.053
    59  S   2.492    C   58 1.110    C   17 1.059    C   18 0.065
    60  C   3.930    C   61 1.005    H  104 0.968    H  105 0.965    N   56 0.945
    61  C   3.980    C   60 1.005    H  106 0.980    H  108 0.979    H  107 0.974
    62  C   3.931    C   63 1.002    H  110 0.969    H  109 0.961    N   53 0.945
    63  C   3.981    C   62 1.002    H  113 0.984    H  112 0.982    H  111 0.975
    64  C   3.923    C   65 1.506    C   49 1.234    H  114 0.921    O   67 0.051
    65  C   3.915    C   64 1.506    C   75 1.109    C   66 1.000    O   67 0.067
    66  C   3.912    O   67 1.789    C   65 1.000    C   68 0.981
    67  O   2.157    C   66 1.789    C   65 0.067    C   68 0.063    C   64 0.051
    68  C   3.938    C   69 1.360    C   74 1.267    C   66 0.981    C   72 0.093    O   67 0.063
    69  C   3.914    C   71 1.369    C   68 1.360    F   70 0.983    C   73 0.087
    70  F   1.121    C   69 0.983
    71  C   3.955    C   72 1.435    C   69 1.369    H  115 0.945    C   74 0.094
    72  C   3.964    C   71 1.435    C   73 1.414    H  116 0.942    C   68 0.093
    73  C   3.959    C   72 1.414    C   74 1.391    H  117 0.936    C   69 0.087
    74  C   3.949    C   73 1.391    C   68 1.267    C   75 1.040    C   71 0.094
    75  C   3.932    C   76 1.459    C   65 1.109    C   74 1.040    N   80 0.091    N   78 0.090
    76  C   3.931    C   75 1.459    C   79 1.064    C   77 1.063    N   78 0.080    N   80 0.079
    77  C   3.940    N   78 2.782    C   76 1.063
    78  N   3.041    C   77 2.782    C   75 0.090    C   76 0.080
    79  C   3.939    N   80 2.787    C   76 1.064
    80  N   3.044    C   79 2.787    C   75 0.091    C   76 0.079
    81  H   0.990    C    1 0.921
    82  H   0.996    C    6 0.945
    83  H   0.996    C    7 0.945
    84  H   0.996    C    8 0.945
    85  H   0.996    C    9 0.939
    86  H   0.997    C   20 0.944
    87  H   0.993    C   21 0.944
    88  H   0.995    C   22 0.946
    89  H   0.997    C   23 0.944
    90  H   0.998    C   25 0.957
    91  H   0.997    C   25 0.967
    92  H   0.997    C   26 0.980
    93  H   0.999    C   26 0.984
    94  H   0.999    C   26 0.983
    95  H   0.998    C   43 0.960
    96  H   0.998    C   43 0.963
    97  H   0.997    C   44 0.981
    98  H   0.999    C   44 0.985
    99  H   0.999    C   44 0.980
   100  H   0.996    C   45 0.944
   101  H   0.995    C   46 0.946
   102  H   0.993    C   47 0.944
   103  H   0.997    C   48 0.944
   104  H   0.996    C   60 0.968
   105  H   0.996    C   60 0.965
   106  H   0.999    C   61 0.980
   107  H   0.997    C   61 0.974
   108  H   0.999    C   61 0.979
   109  H   0.995    C   62 0.961
   110  H   0.996    C   62 0.969
   111  H   0.997    C   63 0.975
   112  H   0.998    C   63 0.982
   113  H   0.999    C   63 0.984
   114  H   0.990    C   64 0.921
   115  H   0.994    C   71 0.945
   116  H   0.993    C   72 0.942
   117  H   0.995    C   73 0.936
 
 --------------------------------------------
          xTB calculation for sTDA...
 --------------------------------------------
 
 reading parameter file /ihome/ghutchison/blp62/xtb4stda/.param_stda2.xtb
 
      method parameters     
 k(s)        :  1.6000
 k(p)        :  2.1800
 k(d)        :  1.9500
 k(f)        :  2.0000
 k(R-V)      :  2.2750
 k(R-R)      :  1.7650
 Tscal       :  0.2580
 Gscal       :  1.0000
 fpol        :  1.0000
 Zcnf        :  0.3430
 Zqf         :  0.0000
 kcn         :  2.7000
 Ryd Hsplit  :  0.7000
 lshift(virt):  3.1000
 lshift(OS)  :  0.2000
 wllscaling  :  2.6000
 
 mowrcut     : 3.000
 
  Z AO/shell   Hii/eV     exponent
  1     Sun Feb 14 09:53:25 CET 2016    EN: 2.327 GAM: 0.473  GM3: 0.0000
     1s    -14.339618    1.220000
     2sp    -3.348946    0.600000
  6     Sun Feb 14 09:53:25 CET 2016    EN: 2.731 GAM: 0.422  GM3: 0.0000
     2s    -22.009312    1.565095
     2p    -13.020408    1.596905
     3sp    -3.914040    0.824500
  7     Sun Feb 14 09:53:25 CET 2016    EN: 3.573 GAM: 0.504  GM3: 0.0000
     2s    -25.722000    2.064844
     2p    -18.684912    1.801692
     3sp    -4.344791    0.921400
  8     Sun Feb 14 09:53:25 CET 2016    EN: 3.700 GAM: 0.587  GM3: 0.0000
     2s    -33.859000    2.418661
     2p    -22.175911    1.973969
     3sp    -4.259392    1.013700
  9     Sun Feb 21 12:20:01 CET 2016    EN: 3.394 GAM: 0.600  GM3: 0.0000
     2s    -26.548112    1.943768
     2p    -23.081168    2.552035
     3sp    -1.937199    1.103200
 16     Sun Feb 21 16:35:57 CET 2016    EN: 1.915 GAM: 0.200  GM3: 0.0000
     3s    -17.898811    2.619580
     3p    -15.317401    1.798798
     4sp    -4.455139    0.843200
 
 Nbf   :          825
 T(el) :     0.0
 calculating S/T integrals ...
 cpu time for ints    2.06724900000000     
 Nao   :          825
 making H0...
 making H1...
 cpu time for H      1.690599999999964E-002
 solving ...
 cpu time for diag    1.88288500000000     
 
 gap (eV)           :   4.686
 Koopmans IP (eV)   :  13.677
 Eel (Eh)           :  -330.934887

          eigenvalues
 #    :         179        180        181        182        183        184        185        186
 occ. :        2.000      2.000      2.000      2.000      2.000      2.000      2.000      2.000
 eps  :       -16.366    -16.143    -16.034    -15.975    -15.956    -15.858    -15.762    -15.350
 #    :         187        188        189        190        191        192        193        194
 occ. :        2.000      2.000      2.000      2.000      2.000      0.000      0.000      0.000
 eps  :       -15.300    -14.559    -14.541    -14.067    -13.678     -8.992     -8.828     -8.418
 #    :         195        196        197        198        199        200        201        202
 occ. :        0.000      0.000      0.000      0.000      0.000      0.000      0.000      0.000
 eps  :        -8.333     -7.130     -6.536     -6.498     -5.929     -5.899     -5.878     -5.818
                            1  SCC done.
 writing mo output ...
 molden style : F
 
speedup  4.31
cpu  time for all    5.62 s
wall time for all    1.30 s
