 
        ______________________________________
       |                                      |
       |          ===================         |
       |             xTB for sTDA             |
       |          ===================         |
       |               S. Grimme              |
       |        Universitaet Bonn, MCTC       |
       |         2015-19, Version 1.0         |
       |     Wed Apr  3 09:14:55 CEST 2019    |
       |______________________________________|
 
        This code comes without any warranty
        for non-commercial, academia use only.
        Preliminary test version.
        Cite this work as:
        S. Grimme  &  C. Bannwarth, JCP 145 (2016) 054103
        if GBSA is used additionally:
        P. Shushkov, F. März, C. Bannwarth, S. Grimme, unpublished.
 
        with help from
        P. Shushkov, G. Brandenburg, S. Dohm, J. Pisarek,
        F. März, M. Checinski, S. Ehrlich, S. Spicher, 
        P. Pracht, E. Caldeweyher, S. Ehlert, and C. Bannwarth.
 
        usage        :
        xtb4stda <coord_file> [options]
        where <coord_file> is a valid file of TM)
        (*coord, Bohr) or xmol (*xyz, Angstroem)
        format.

        options:
        -chrg <int>   : molecular charge
        -uhf  <int>   : # of unpaired electrons(=2*S)
        -nox          : skip second, extended part in sTDA-xTB
        -pop          : do population analysis
                      : (default for -nox)
        -mowr <real>  : cut MO write above (def.3 Eh)
        -molden       : write formatted molden file
        -parx <file>  : read parameters for sTDA-xTB
                        calc (def:~/.param_stda2.xtb)
        -parv <file>  : read parameters for vTB part in
                        sTDA-xTB (def: ~/.param_stda1.xtb)
        -xtemp <real> : el. temp for xTB (def. 0 K)
        -etemp <real> : el. temp for GFN (def. 300 K)
        -fod          : calculate the FOD and write
                        molden.input file with
                        appropriate occupations
                        for plotting. Def. T=12500 K
 
        -acc <real>   : xTB accuracy (def. 1.0)
        -gbsa [string1] [string2]
                        use GBSA implicit solvent
                        for solvent [string1] and
                        solvation state [string2]=
                        reference, bar1M (default=1M)
        additional GFN/opt/MD/siman options read from
        $XTB4STDAHOME/.xtb4stdarc or $set in input
 
       spin and charge state information can be on:
       <.CHRG> (charge) and <.UHF> (=nalpha-nbeta)
       -uhf and -chrg override the file info.
       useful machine settings:
       setenv MKL_NUM_THREADS <NCORE_ON_YOUR_MACHINE>
       setenv OMP_STACKSIZE 500m
       limit stacksize unlimited
 
       total energies in Eh, gaps/HL energies in eV
       please read REVISION and HOWTO files carefully
 =============================
  # OMP threads =           8
 =============================
 
 xtb4stdahome directory:/ihome/ghutchison/blp62/xtb4stda/
 
 
 name of molecule           :
 comment line               :
 number of atoms            :   190
 number of electrons        :   594
 charge                     :  0
 spin                       : 0.0
 first test random number   :  0.0815
 
 -----------------------------------------
      charge density (VTB) calculation
 -----------------------------------------
 
      method parameters     
 k(s)        :  1.8000
 k(p)        :  2.8350
 k(d)        :  2.0860
 k(f)        :  2.0000
 Tscal       :  0.3300
 Gscal       :  0.3910
 fpol        :  1.0000
 Zcnf        :  0.6500
 Zqf         :  0.0000
 kcn         :  0.3000
 kEN1        : -0.5900
 wllscal     :  2.6000
 
     -------------------------
     ! NO SOLVENT MODEL USED !
     -------------------------
 
 doing EN charges ...
 sum q :  0.2886580D-14
 point charge moment (au)
     X       Y       Z   
   0.8017  -0.3250   0.9854  total (Debye):    3.333
 
            Z      q(EN)   CN      Cart. coordinates
     1  C   4.0  -0.065   3.179     9.00776     9.68050    12.75811
     2  C   4.0  -0.002   3.275     9.02250     9.78576    15.31509
     3  C   4.0   0.106   3.214     6.86348    10.71531    16.88073
     4  O   6.0  -0.108   1.059     4.88683    11.56682    16.13013
     5  C   4.0  -0.005   3.355     7.78378    10.60779    19.51577
     6  C   4.0   0.029   3.166     6.55962    11.18661    21.75320
     7  F   7.0  -0.027   1.066     4.16288    11.97122    21.75868
     8  C   4.0  -0.073   3.167     7.82120    10.93925    24.04261
     9  C   4.0  -0.073   3.150    10.31053    10.13384    24.06623
    10  C   4.0  -0.070   3.160    11.58534     9.55691    21.84599
    11  C   4.0  -0.007   3.345    10.31582     9.79124    19.56622
    12  C   4.0  -0.007   3.315    11.15278     9.30652    16.97919
    13  C   4.0  -0.037   3.120    13.49416     8.46163    16.28169
    14  C   4.0   0.236   2.160    14.26856     7.94252    13.78045
    15  N   5.0  -0.215   1.027    15.05866     7.46744    11.81683
    16  C   4.0   0.236   2.161    15.49575     7.98485    17.98093
    17  N   5.0  -0.216   1.026    17.20577     7.57100    19.24875
    18  C   4.0   0.003   3.242     6.80585     9.85398    11.17093
    19  C   4.0   0.027   3.212     4.52457     8.68102    11.69967
    20  F   7.0  -0.027   1.082     4.28344     7.22140    13.74851
    21  C   4.0   0.023   3.230     2.47686     8.80537    10.03256
    22  F   7.0  -0.033   1.104     0.34733     7.58555    10.66845
    23  C   4.0  -0.012   3.335     2.57059    10.13214     7.78019
    24  C   4.0   0.094   3.347     4.90743    11.32929     7.16376
    25  N   5.0  -0.222   2.230     5.15801    12.53947     4.94749
    26  C   4.0   0.122   3.263     7.34234    13.52609     4.32728
    27  C   4.0  -0.172   4.072     7.46971    14.71435     1.75971
    28  C   4.0  -0.242   4.031     8.10787    12.70274    -0.22053
    29  C   4.0   0.122   3.262     9.45146    13.33032     5.98741
    30  N   5.0  -0.219   2.224     9.23074    12.17532     8.16721
    31  C   4.0   0.092   3.352     7.00540    11.13786     8.81368
    32  C   4.0  -0.171   4.071    11.99069    14.44393     5.42200
    33  C   4.0  -0.241   4.029    12.08782    17.20388     6.28523
    34  C   4.0  -0.099   3.182     0.51495    10.13177     5.97267
    35  C   4.0  -0.105   3.161    -0.08164    12.15869     4.51399
    36  C   4.0   0.020   2.186    -1.86875    11.79548     2.64108
    37  S   6.0   0.076   2.195    -4.88003     6.77882     4.66932
    38  C   4.0  -0.095   3.327    -5.30219     6.98424     1.37194
    39  C   4.0  -0.014   3.409    -6.09040     4.94749    -0.22941
    40  C   4.0  -0.063   3.191    -6.61045     2.45891     0.42594
    41  C   4.0  -0.002   3.464    -6.71684     0.73510    -1.50932
    42  C   4.0  -0.055   4.305    -6.67621    -2.12254    -1.25969
    43  C   4.0   0.005   3.279    -9.17178    -3.33593    -0.56352
    44  C   4.0  -0.072   3.201    -9.22016    -5.91749    -0.08409
    45  C   4.0  -0.073   3.184   -11.47007    -7.11746     0.46638
    46  C   4.0   0.006   3.190   -13.72546    -5.77311     0.54367
    47  C   4.0  -0.174   4.062   -16.15810    -7.06172     1.23172
    48  C   4.0  -0.242   4.027   -16.57006    -6.97498     4.09239
    49  C   4.0  -0.073   3.185   -13.66291    -3.19628     0.05783
    50  C   4.0  -0.070   3.183   -11.41432    -1.98383    -0.50021
    51  C   4.0   0.004   3.286    -4.61773    -2.71950     0.64175
    52  C   4.0  -0.072   3.191    -2.10345    -2.87767    -0.08296
    53  C   4.0  -0.073   3.185    -0.21411    -3.01770     1.71814
    54  C   4.0   0.006   3.193    -0.78688    -2.98426     4.27721
    55  C   4.0  -0.174   4.063     1.25875    -2.83440     6.23553
    56  C   4.0  -0.243   4.033     1.72211    -0.06822     6.94814
    57  C   4.0  -0.073   3.187    -3.31269    -2.92416     4.99039
    58  C   4.0  -0.072   3.196    -5.20638    -2.79339     3.20063
    59  C   4.0  -0.020   3.629    -6.08530    -2.85953    -3.93441
    60  C   4.0  -0.093   3.376    -6.12177    -0.76798    -5.51328
    61  C   4.0  -0.007   3.359    -6.41600     1.49477    -4.05932
    62  C   4.0  -0.063   3.175    -6.09512     4.02814    -4.71713
    63  C   4.0   0.001   3.425    -5.86552     5.73437    -2.76656
    64  C   4.0  -0.057   4.311    -5.11473     8.49810    -2.85386
    65  C   4.0   0.004   3.286    -2.58269     9.01173    -4.10146
    66  C   4.0  -0.071   3.186    -0.78461     7.12805    -4.40646
    67  C   4.0  -0.073   3.186     1.58019     7.70403    -5.35888
    68  C   4.0   0.006   3.190     2.21854    10.16616    -5.99969
    69  C   4.0  -0.174   4.062     4.76797    10.76804    -7.09101
    70  C   4.0  -0.242   4.027     4.74680    10.42070    -9.96131
    71  C   4.0  -0.072   3.184     0.41593    12.04587    -5.67428
    72  C   4.0  -0.071   3.196    -1.94925    11.48330    -4.72469
    73  C   4.0   0.006   3.269    -7.24634     9.99589    -4.04061
    74  C   4.0  -0.071   3.191    -7.41472    10.17958    -6.65354
    75  C   4.0  -0.073   3.184    -9.39269    11.47442    -7.76148
    76  C   4.0   0.007   3.189   -11.25445    12.60391    -6.29543
    77  C   4.0  -0.174   4.062   -13.34959    14.09055    -7.49976
    78  C   4.0  -0.241   4.027   -12.59691    16.87091    -7.75241
    79  C   4.0  -0.073   3.185   -11.08079    12.40284    -3.68553
    80  C   4.0  -0.071   3.186    -9.10697    11.10781    -2.56493
    81  C   4.0  -0.033   3.426    -4.70504     9.04857    -0.07389
    82  C   4.0   0.030   2.186    -3.29852    10.94151     1.04596
    83  SE  6.0   0.201   2.312    -0.78197     6.74557     5.26799
    84  S   6.0   0.221   2.448    -5.39158    -1.48155    -8.62150
    85  C   4.0  -0.110   3.438    -4.90346    -4.63361    -7.75128
    86  C   4.0  -0.093   3.341    -3.93082    -6.66846    -9.09998
    87  C   4.0  -0.106   3.218    -3.49769    -8.80574    -7.64545
    88  SE  6.0   0.338   3.032    -4.47185    -8.34333    -4.23884
    89  C   4.0  -0.124   3.387    -5.39139    -5.06371    -5.17558
    90  C   4.0  -0.008   3.309    -2.34175   -11.11102    -8.39832
    91  C   4.0   0.026   3.206    -1.62082   -11.73765   -10.85610
    92  F   7.0  -0.026   1.074    -2.17810   -10.20074   -12.80441
    93  C   4.0   0.025   3.215    -0.26116   -13.92199   -11.40790
    94  F   7.0  -0.026   1.075     0.43294   -14.31052   -13.81541
    95  C   4.0   0.003   3.243     0.53498   -15.62425    -9.56768
    96  C   4.0   0.097   3.353    -0.33845   -15.16448    -7.06002
    97  N   5.0  -0.225   2.243     0.04290   -16.87828    -5.23813
    98  C   4.0   0.123   3.264    -0.66896   -16.40263    -2.91471
    99  C   4.0  -0.170   4.072    -0.07559   -18.41349    -1.01289
   100  C   4.0  -0.242   4.030     2.24877   -17.69332     0.55161
   101  C   4.0   0.132   3.265    -1.90692   -14.09641    -2.31170
   102  N   5.0  -0.281   2.682    -2.46212   -12.51169    -4.13850
   103  C   4.0   0.102   3.393    -1.72324   -12.94991    -6.51162
   104  C   4.0  -0.173   4.076    -2.69267   -13.28912     0.28157
   105  C   4.0  -0.243   4.035    -0.98020   -11.15581     1.22587
   106  C   4.0  -0.064   3.177     2.04790   -17.77495   -10.18184
   107  C   4.0  -0.002   3.286     3.84521   -18.76214    -8.62698
   108  C   4.0   0.105   3.226     5.05124   -17.35487    -6.51048
   109  O   6.0  -0.107   1.064     4.70882   -15.18263    -5.88593
   110  C   4.0  -0.005   3.360     7.01636   -19.08056    -5.51857
   111  C   4.0   0.028   3.168     8.68707   -18.77159    -3.53228
   112  F   7.0  -0.027   1.066     8.61488   -16.69856    -2.08361
   113  C   4.0  -0.073   3.166    10.45132   -20.63675    -2.98974
   114  C   4.0  -0.073   3.151    10.53957   -22.79425    -4.46656
   115  C   4.0  -0.070   3.160     8.88247   -23.15141    -6.47118
   116  C   4.0  -0.006   3.346     7.11198   -21.29268    -6.99029
   117  C   4.0  -0.007   3.320     5.13722   -21.15605    -8.91932
   118  C   4.0  -0.037   3.121     4.52193   -23.04426   -10.57906
   119  C   4.0   0.236   2.159     5.80940   -25.37203   -10.75764
   120  N   5.0  -0.215   1.026     6.78374   -27.29463   -11.00425
   121  C   4.0   0.236   2.158     2.48820   -22.96414   -12.30438
   122  N   5.0  -0.215   1.026     0.85453   -23.07903   -13.72697
   123  H   1.0   0.076   1.010    10.76426     9.51628    11.72480
   124  H   1.0   0.075   1.005     6.83665    11.38012    25.77189
   125  H   1.0   0.074   1.005    11.28261     9.95035    25.84937
   126  H   1.0   0.077   1.007    13.52382     8.94143    21.92441
   127  H   1.0   0.083   1.004     8.87132    16.22103     1.71379
   128  H   1.0   0.082   1.005     5.61702    15.50501     1.32319
   129  H   1.0   0.081   0.999     9.91312    11.81003     0.19407
   130  H   1.0   0.081   0.999     8.21105    13.55708    -2.08550
   131  H   1.0   0.082   0.999     6.65070    11.25445    -0.24094
   132  H   1.0   0.082   1.004    12.40605    14.31959     3.40850
   133  H   1.0   0.082   1.005    13.40345    13.36546     6.46532
   134  H   1.0   0.081   0.999    13.94108    17.99794     5.89349
   135  H   1.0   0.081   0.999    10.67053    18.33450     5.31504
   136  H   1.0   0.082   0.999    11.73671    17.31934     8.30610
   137  H   1.0   0.075   1.006     0.77592    13.98076     4.83619
   138  H   1.0   0.076   1.008    -6.74424     1.90673     2.38351
   139  H   1.0   0.073   1.011    -7.46801    -6.98235    -0.13549
   140  H   1.0   0.075   1.005   -11.48046    -9.12643     0.83299
   141  H   1.0   0.081   1.003   -16.10821    -9.02873     0.61076
   142  H   1.0   0.081   1.003   -17.73735    -6.12630     0.28932
   143  H   1.0   0.081   0.999   -15.02464    -7.91833     5.06560
   144  H   1.0   0.081   0.999   -16.64943    -5.02705     4.74359
   145  H   1.0   0.081   0.998   -18.33053    -7.90794     4.59525
   146  H   1.0   0.075   1.005   -15.39824    -2.12027     0.10526
   147  H   1.0   0.076   1.006   -11.40733     0.02116    -0.88534
   148  H   1.0   0.075   1.007    -1.60589    -2.83894    -2.06415
   149  H   1.0   0.075   1.005     1.73741    -3.10595     1.12250
   150  H   1.0   0.081   1.003     0.70317    -3.88433     7.92287
   151  H   1.0   0.081   1.003     3.00429    -3.65567     5.50477
   152  H   1.0   0.080   1.000     2.28978     1.01592     5.29293
   153  H   1.0   0.081   1.000     0.00680     0.78102     7.70196
   154  H   1.0   0.081   0.999     3.20176     0.07483     8.36695
   155  H   1.0   0.075   1.005    -3.79948    -2.93323     6.97366
   156  H   1.0   0.076   1.007    -7.15942    -2.71232     3.79192
   157  H   1.0   0.076   1.006    -5.86155     4.57692    -6.66771
   158  H   1.0   0.076   1.007    -1.22114     5.20242    -3.88792
   159  H   1.0   0.075   1.005     2.95874     6.21436    -5.58584
   160  H   1.0   0.081   1.003     6.19358     9.52497    -6.26558
   161  H   1.0   0.081   1.004     5.27441    12.71842    -6.64711
   162  H   1.0   0.081   0.999     4.26473     8.48166   -10.44263
   163  H   1.0   0.081   0.998     6.59288    10.85440   -10.75330
   164  H   1.0   0.081   0.999     3.35426    11.66490   -10.82057
   165  H   1.0   0.075   1.005     0.87551    13.97792    -6.15144
   166  H   1.0   0.076   1.006    -3.31836    12.97524    -4.45994
   167  H   1.0   0.076   1.006    -5.97701     9.32353    -7.82347
   168  H   1.0   0.075   1.005    -9.49531    11.60613    -9.79691
   169  H   1.0   0.081   1.003   -15.05734    13.95109    -6.35005
   170  H   1.0   0.081   1.003   -13.76552    13.32578    -9.37040
   171  H   1.0   0.081   0.999   -10.90901    17.05156    -8.91214
   172  H   1.0   0.081   0.998   -14.11191    17.95032    -8.62547
   173  H   1.0   0.081   0.999   -12.19894    17.67442    -5.90275
   174  H   1.0   0.075   1.005   -12.51131    13.26531    -2.51050
   175  H   1.0   0.075   1.006    -9.01437    10.96721    -0.52950
   176  H   1.0   0.079   1.006    -3.48333    -6.54733   -11.07833
   177  H   1.0   0.082   1.005     0.31672   -20.14864    -2.05508
   178  H   1.0   0.081   1.003    -1.69093   -18.73928     0.22752
   179  H   1.0   0.081   0.999     2.85008   -19.29297     1.69225
   180  H   1.0   0.083   1.000     3.79230   -17.14681    -0.68692
   181  H   1.0   0.082   0.999     1.84116   -16.11842     1.80337
   182  H   1.0   0.081   1.006    -4.62303   -12.56403     0.15930
   183  H   1.0   0.083   1.004    -2.64788   -14.87214     1.59493
   184  H   1.0   0.081   1.003    -1.16143    -9.51817    -0.00699
   185  H   1.0   0.082   0.999     0.98833   -11.74465     1.24136
   186  H   1.0   0.081   0.999    -1.52425   -10.60287     3.12769
   187  H   1.0   0.075   1.009     1.71871   -18.61361   -12.01903
   188  H   1.0   0.075   1.005    11.73274   -20.37030    -1.42731
   189  H   1.0   0.074   1.005    11.92549   -24.23101    -4.05082
   190  H   1.0   0.077   1.007     9.00190   -24.84725    -7.59027
 
  Z AO/shell   Hii/eV     exponent
  1     Sat Feb 20 21:38:01 CET 2016    EN: 2.327 GAM: 0.473  GM3: 0.0000
     1s    -13.751157    1.051071
  6     Sat Feb 20 21:38:01 CET 2016    EN: 2.731 GAM: 0.422  GM3: 0.0000
     2s    -19.378245    2.021003
     2p    -11.993376    1.497917
  7     Sat Feb 20 21:38:01 CET 2016    EN: 3.573 GAM: 0.504  GM3: 0.0000
     2s    -21.576984    2.275442
     2p    -16.125120    2.056788
  8     Sat Feb 20 21:38:01 CET 2016    EN: 3.700 GAM: 0.587  GM3: 0.0000
     2s    -21.648843    2.110798
     2p    -17.239740    2.329048
  9     Sat Feb 20 21:51:24 CET 2016    EN: 3.394 GAM: 0.669  GM3: 0.0000
     2s    -19.384211    2.614957
     2p    -19.426034    2.777297
 16     Sat Feb 20 23:13:41 CET 2016    EN: 1.915 GAM: 0.389  GM3: 0.0000
     3s    -22.000000    2.671470
     3p    -15.834192    1.836978
     3d     -2.593599    1.836978
 34     Wed Aug 31 17:01:01 CEST 2016   EN: 1.315 GAM: 0.403  GM3: 0.0000
     4s    -16.871366    1.770725
     4p    -15.977721    1.935918
     4d     -0.853608    1.935918
 
 dipole moment of classical point charges (au)
     X       Y       Z   
   0.8017  -0.3250   0.9854  total (Debye):    3.333

 
 Nbf   :          580
 T(el) :   300.0
 calculating S/T integrals ...
 cpu time for ints   0.774790000000000     
 Nao   :          576
 making H0...
 making H1...
 cpu time for H      0.271562000000000     
 solving ...
 cpu time for diag    1.13283000000000     
 
 gap (eV)           :   1.662
 Koopmans IP (eV)   :  12.038
 Eel (Eh)           :  -465.076338
 T,E(Fermi),NFOD :    300.000   -11.207  0.000000
 T,E(Fermi),NFOD :    300.000   -11.207  0.000000
 Nfod               :  0.0000
 Nfod/Nel           :  0.0000

          eigenvalues
 #    :         285        286        287        288        289        290        291        292
 occ. :        2.000      2.000      2.000      2.000      2.000      2.000      2.000      2.000
 eps  :       -14.874    -14.853    -14.812    -14.699    -14.644    -14.636    -14.590    -14.492
 #    :         293        294        295        296        297        298        299        300
 occ. :        2.000      2.000      2.000      2.000      2.000      0.000      0.000      0.000
 eps  :       -14.341    -14.178    -13.852    -13.056    -12.039    -10.377    -10.267     -9.612
 #    :         301        302        303        304        305        306        307        308
 occ. :        0.000      0.000      0.000      0.000      0.000      0.000      0.000      0.000
 eps  :        -9.590     -9.233     -9.112     -8.701     -8.536     -8.289     -7.900     -7.669
                            1  SCC done.
 making H1...
 cpu time for H       1.23102000000000     
 solving ...
 cpu time for diag   0.141231000000000     
 
 gap (eV)           :   1.966
 Koopmans IP (eV)   :  12.234
 Eel (Eh)           :  -463.072500
 T,E(Fermi),NFOD :    300.000   -11.252  0.000000
 T,E(Fermi),NFOD :    300.000   -11.252  0.000000
 Nfod               :  0.0000
 Nfod/Nel           :  0.0000

          eigenvalues
 #    :         285        286        287        288        289        290        291        292
 occ. :        2.000      2.000      2.000      2.000      2.000      2.000      2.000      2.000
 eps  :       -14.772    -14.737    -14.574    -14.455    -14.336    -14.327    -14.219    -14.144
 #    :         293        294        295        296        297        298        299        300
 occ. :        2.000      2.000      2.000      2.000      2.000      0.000      0.000      0.000
 eps  :       -14.023    -13.806    -13.566    -13.144    -12.236    -10.270    -10.177     -9.584
 #    :         301        302        303        304        305        306        307        308
 occ. :        0.000      0.000      0.000      0.000      0.000      0.000      0.000      0.000
 eps  :        -9.470     -9.007     -8.990     -8.779     -8.487     -8.249     -7.955     -7.737
                            2  SCC done.
 
 
 Mulliken/CM5 charges    n(s)   n(p)   n(d)   
    1 C   0.0086 -0.0366   1.162  2.829  0.000
    2 C  -0.0123 -0.0137   1.180  2.832  0.000
    3 C   0.1466  0.1841   1.174  2.679  0.000
    4 O  -0.2129 -0.2567   1.626  4.587  0.000
    5 C  -0.0222 -0.0192   1.185  2.838  0.000
    6 C   0.1104  0.1259   1.170  2.720  0.000
    7 F  -0.1096 -0.1330   1.674  5.435  0.000
    8 C  -0.0147 -0.0661   1.135  2.879  0.000
    9 C  -0.0103 -0.0663   1.138  2.872  0.000
   10 C  -0.0268 -0.0795   1.143  2.884  0.000
   11 C  -0.0010 -0.0043   1.173  2.828  0.000
   12 C   0.0202  0.0197   1.196  2.784  0.000
   13 C   0.0207  0.0271   1.117  2.863  0.000
   14 C   0.1017  0.2203   1.170  2.728  0.000
   15 N  -0.1997 -0.3297   1.641  3.558  0.000
   16 C   0.1010  0.2201   1.171  2.728  0.000
   17 N  -0.2023 -0.3324   1.642  3.561  0.000
   18 C   0.0295  0.0337   1.150  2.821  0.000
   19 C   0.1143  0.1356   1.165  2.720  0.000
   20 F  -0.1043 -0.1272   1.674  5.431  0.000
   21 C   0.1029  0.1233   1.164  2.734  0.000
   22 F  -0.1133 -0.1370   1.676  5.438  0.000
   23 C   0.0222  0.0282   1.166  2.812  0.000
   24 C   0.0430  0.1221   1.185  2.772  0.000
   25 N  -0.1876 -0.3839   1.477  3.711  0.000
   26 C   0.0615  0.1373   1.218  2.720  0.000
   27 C  -0.0335 -0.1344   1.122  2.911  0.000
   28 C  -0.0844 -0.2352   1.094  2.991  0.000
   29 C   0.0614  0.1371   1.219  2.720  0.000
   30 N  -0.1843 -0.3778   1.478  3.706  0.000
   31 C   0.0465  0.1253   1.184  2.770  0.000
   32 C  -0.0320 -0.1328   1.122  2.910  0.000
   33 C  -0.0848 -0.2356   1.094  2.991  0.000
   34 C   0.0036 -0.0019   1.163  2.833  0.000
   35 C   0.0103 -0.0371   1.113  2.876  0.000
   36 C  -0.0467 -0.0501   1.148  2.898  0.000
   37 S  -0.0136 -0.0488   1.873  4.052  0.089
   38 C  -0.0210 -0.0096   1.188  2.833  0.000
   39 C  -0.0133 -0.0165   1.172  2.842  0.000
   40 C  -0.0290 -0.0788   1.141  2.888  0.000
   41 C  -0.0150 -0.0203   1.199  2.816  0.000
   42 C   0.0287  0.0247   1.210  2.761  0.000
   43 C  -0.0029 -0.0118   1.186  2.817  0.000
   44 C  -0.0433 -0.0963   1.145  2.899  0.000
   45 C  -0.0417 -0.0960   1.140  2.901  0.000
   46 C  -0.0059 -0.0223   1.182  2.824  0.000
   47 C  -0.0443 -0.1512   1.124  2.920  0.000
   48 C  -0.0904 -0.2418   1.096  2.995  0.000
   49 C  -0.0421 -0.0964   1.140  2.902  0.000
   50 C  -0.0408 -0.0940   1.141  2.900  0.000
   51 C  -0.0040 -0.0129   1.188  2.816  0.000
   52 C  -0.0406 -0.0937   1.140  2.900  0.000
   53 C  -0.0408 -0.0952   1.140  2.900  0.000
   54 C  -0.0050 -0.0215   1.182  2.823  0.000
   55 C  -0.0440 -0.1509   1.124  2.920  0.000
   56 C  -0.0929 -0.2440   1.099  2.994  0.000
   57 C  -0.0407 -0.0953   1.140  2.901  0.000
   58 C  -0.0400 -0.0942   1.141  2.899  0.000
   59 C  -0.0488 -0.0493   1.189  2.860  0.000
   60 C  -0.0442 -0.0314   1.181  2.863  0.000
   61 C   0.0002 -0.0032   1.167  2.833  0.000
   62 C  -0.0306 -0.0808   1.141  2.890  0.000
   63 C  -0.0130 -0.0182   1.197  2.816  0.000
   64 C   0.0242  0.0203   1.214  2.762  0.000
   65 C  -0.0014 -0.0100   1.187  2.814  0.000
   66 C  -0.0405 -0.0938   1.141  2.900  0.000
   67 C  -0.0413 -0.0956   1.140  2.901  0.000
   68 C  -0.0060 -0.0225   1.182  2.824  0.000
   69 C  -0.0447 -0.1517   1.124  2.920  0.000
   70 C  -0.0903 -0.2417   1.096  2.995  0.000
   71 C  -0.0415 -0.0959   1.140  2.901  0.000
   72 C  -0.0370 -0.0904   1.141  2.896  0.000
   73 C  -0.0008 -0.0096   1.185  2.816  0.000
   74 C  -0.0392 -0.0930   1.140  2.899  0.000
   75 C  -0.0413 -0.0957   1.140  2.901  0.000
   76 C  -0.0055 -0.0219   1.182  2.824  0.000
   77 C  -0.0441 -0.1510   1.124  2.920  0.000
   78 C  -0.0903 -0.2416   1.096  2.995  0.000
   79 C  -0.0408 -0.0951   1.140  2.901  0.000
   80 C  -0.0390 -0.0920   1.140  2.899  0.000
   81 C   0.0175  0.0165   1.184  2.798  0.000
   82 C  -0.0593 -0.0597   1.148  2.912  0.000
   83 SE  0.0527  0.0773   1.530  4.383  0.034
   84 S   0.1077  0.0746   1.892  3.949  0.051
   85 C  -0.0508 -0.0417   1.171  2.880  0.000
   86 C  -0.0537 -0.1026   1.135  2.919  0.000
   87 C  -0.0288 -0.0346   1.151  2.878  0.000
   88 SE  0.1343  0.1603   1.610  4.230  0.025
   89 C  -0.0586 -0.0637   1.162  2.897  0.000
   90 C   0.0265  0.0329   1.158  2.816  0.000
   91 C   0.0930  0.1129   1.163  2.744  0.000
   92 F  -0.1182 -0.1433   1.678  5.441  0.000
   93 C   0.1010  0.1208   1.169  2.730  0.000
   94 F  -0.1125 -0.1362   1.675  5.437  0.000
   95 C   0.0297  0.0339   1.148  2.823  0.000
   96 C   0.0576  0.1390   1.181  2.762  0.000
   97 N  -0.1722 -0.3673   1.473  3.699  0.000
   98 C   0.0637  0.1400   1.216  2.721  0.000
   99 C  -0.0329 -0.1333   1.123  2.910  0.000
  100 C  -0.0870 -0.2382   1.094  2.993  0.000
  101 C   0.0749  0.1502   1.224  2.701  0.000
  102 N  -0.1771 -0.3854   1.468  3.710  0.000
  103 C   0.0500  0.1311   1.188  2.763  0.000
  104 C  -0.0339 -0.1345   1.122  2.912  0.000
  105 C  -0.0893 -0.2397   1.095  2.994  0.000
  106 C   0.0070 -0.0385   1.161  2.832  0.000
  107 C  -0.0072 -0.0074   1.176  2.831  0.000
  108 C   0.1449  0.1835   1.174  2.681  0.000
  109 O  -0.2123 -0.2555   1.627  4.585  0.000
  110 C  -0.0221 -0.0193   1.186  2.836  0.000
  111 C   0.1065  0.1215   1.171  2.722  0.000
  112 F  -0.1145 -0.1387   1.676  5.439  0.000
  113 C  -0.0171 -0.0685   1.135  2.882  0.000
  114 C  -0.0130 -0.0690   1.138  2.875  0.000
  115 C  -0.0282 -0.0809   1.143  2.885  0.000
  116 C  -0.0016 -0.0049   1.173  2.829  0.000
  117 C   0.0192  0.0188   1.196  2.785  0.000
  118 C   0.0156  0.0219   1.116  2.868  0.000
  119 C   0.0997  0.2187   1.171  2.729  0.000
  120 N  -0.2074 -0.3374   1.642  3.566  0.000
  121 C   0.1001  0.2188   1.170  2.729  0.000
  122 N  -0.2051 -0.3345   1.641  3.564  0.000
  123 H   0.0707  0.1414   0.929  0.000  0.000
  124 H   0.0484  0.1061   0.952  0.000  0.000
  125 H   0.0555  0.1122   0.945  0.000  0.000
  126 H   0.0562  0.1203   0.944  0.000  0.000
  127 H   0.0428  0.1005   0.957  0.000  0.000
  128 H   0.0437  0.1038   0.956  0.000  0.000
  129 H   0.0303  0.0834   0.970  0.000  0.000
  130 H   0.0361  0.0881   0.964  0.000  0.000
  131 H   0.0353  0.0895   0.965  0.000  0.000
  132 H   0.0436  0.1010   0.956  0.000  0.000
  133 H   0.0447  0.1051   0.955  0.000  0.000
  134 H   0.0368  0.0886   0.963  0.000  0.000
  135 H   0.0304  0.0834   0.970  0.000  0.000
  136 H   0.0339  0.0876   0.966  0.000  0.000
  137 H   0.0535  0.1169   0.947  0.000  0.000
  138 H   0.0490  0.1099   0.951  0.000  0.000
  139 H   0.0417  0.1025   0.958  0.000  0.000
  140 H   0.0369  0.0944   0.963  0.000  0.000
  141 H   0.0362  0.0920   0.964  0.000  0.000
  142 H   0.0361  0.0919   0.964  0.000  0.000
  143 H   0.0289  0.0815   0.971  0.000  0.000
  144 H   0.0291  0.0817   0.971  0.000  0.000
  145 H   0.0327  0.0843   0.967  0.000  0.000
  146 H   0.0371  0.0946   0.963  0.000  0.000
  147 H   0.0397  0.0993   0.960  0.000  0.000
  148 H   0.0390  0.0992   0.961  0.000  0.000
  149 H   0.0374  0.0948   0.963  0.000  0.000
  150 H   0.0360  0.0917   0.964  0.000  0.000
  151 H   0.0357  0.0915   0.964  0.000  0.000
  152 H   0.0286  0.0814   0.971  0.000  0.000
  153 H   0.0301  0.0832   0.970  0.000  0.000
  154 H   0.0317  0.0833   0.968  0.000  0.000
  155 H   0.0373  0.0949   0.963  0.000  0.000
  156 H   0.0404  0.1004   0.960  0.000  0.000
  157 H   0.0462  0.1051   0.954  0.000  0.000
  158 H   0.0403  0.1007   0.960  0.000  0.000
  159 H   0.0369  0.0944   0.963  0.000  0.000
  160 H   0.0362  0.0920   0.964  0.000  0.000
  161 H   0.0353  0.0912   0.965  0.000  0.000
  162 H   0.0294  0.0821   0.971  0.000  0.000
  163 H   0.0326  0.0842   0.967  0.000  0.000
  164 H   0.0290  0.0816   0.971  0.000  0.000
  165 H   0.0365  0.0939   0.964  0.000  0.000
  166 H   0.0404  0.1004   0.960  0.000  0.000
  167 H   0.0398  0.0993   0.960  0.000  0.000
  168 H   0.0370  0.0944   0.963  0.000  0.000
  169 H   0.0363  0.0921   0.964  0.000  0.000
  170 H   0.0360  0.0918   0.964  0.000  0.000
  171 H   0.0289  0.0815   0.971  0.000  0.000
  172 H   0.0327  0.0844   0.967  0.000  0.000
  173 H   0.0292  0.0819   0.971  0.000  0.000
  174 H   0.0373  0.0949   0.963  0.000  0.000
  175 H   0.0404  0.1001   0.960  0.000  0.000
  176 H   0.0548  0.1158   0.945  0.000  0.000
  177 H   0.0402  0.1014   0.960  0.000  0.000
  178 H   0.0422  0.0989   0.958  0.000  0.000
  179 H   0.0345  0.0864   0.965  0.000  0.000
  180 H   0.0374  0.0941   0.963  0.000  0.000
  181 H   0.0325  0.0862   0.967  0.000  0.000
  182 H   0.0446  0.1045   0.955  0.000  0.000
  183 H   0.0420  0.0997   0.958  0.000  0.000
  184 H   0.0358  0.0920   0.964  0.000  0.000
  185 H   0.0315  0.0848   0.968  0.000  0.000
  186 H   0.0343  0.0863   0.966  0.000  0.000
  187 H   0.0646  0.1306   0.935  0.000  0.000
  188 H   0.0475  0.1053   0.952  0.000  0.000
  189 H   0.0547  0.1115   0.945  0.000  0.000
  190 H   0.0559  0.1199   0.944  0.000  0.000
 Hirshfeld charges for QMDFF written to <charges>
 
 Loewdin charges    n(s)   n(p)   n(d)
    1 C   0.0182   1.108  2.874  0.000
    2 C  -0.0186   1.142  2.877  0.000
    3 C   0.1365   1.140  2.723  0.000
    4 O  -0.1974   1.595  4.603  0.000
    5 C  -0.0311   1.147  2.884  0.000
    6 C   0.1027   1.134  2.763  0.000
    7 F  -0.0919   1.657  5.435  0.000
    8 C  -0.0123   1.082  2.930  0.000
    9 C   0.0007   1.082  2.917  0.000
   10 C  -0.0233   1.090  2.934  0.000
   11 C   0.0040   1.130  2.866  0.000
   12 C   0.0306   1.152  2.818  0.000
   13 C   0.0097   1.075  2.915  0.000
   14 C   0.0952   1.136  2.768  0.000
   15 N  -0.1887   1.603  3.585  0.000
   16 C   0.0945   1.137  2.769  0.000
   17 N  -0.1912   1.603  3.588  0.000
   18 C   0.0257   1.109  2.865  0.000
   19 C   0.1009   1.132  2.767  0.000
   20 F  -0.0867   1.657  5.430  0.000
   21 C   0.0888   1.131  2.780  0.000
   22 F  -0.0957   1.659  5.437  0.000
   23 C   0.0212   1.125  2.854  0.000
   24 C   0.0326   1.152  2.816  0.000
   25 N  -0.1648   1.442  3.723  0.000
   26 C   0.0551   1.185  2.760  0.000
   27 C  -0.0288   1.061  2.968  0.000
   28 C  -0.0850   1.021  3.064  0.000
   29 C   0.0555   1.185  2.759  0.000
   30 N  -0.1621   1.443  3.719  0.000
   31 C   0.0375   1.150  2.813  0.000
   32 C  -0.0271   1.060  2.967  0.000
   33 C  -0.0853   1.020  3.065  0.000
   34 C   0.0324   1.114  2.854  0.000
   35 C   0.0147   1.058  2.927  0.000
   36 C  -0.0424   1.106  2.937  0.000
   37 S  -0.0283   1.853  4.038  0.137
   38 C   0.0024   1.143  2.855  0.000
   39 C  -0.0110   1.130  2.882  0.000
   40 C  -0.0277   1.089  2.938  0.000
   41 C  -0.0127   1.159  2.853  0.000
   42 C   0.0354   1.169  2.795  0.000
   43 C   0.0019   1.144  2.854  0.000
   44 C  -0.0400   1.092  2.948  0.000
   45 C  -0.0368   1.087  2.950  0.000
   46 C   0.0016   1.139  2.860  0.000
   47 C  -0.0386   1.062  2.976  0.000
   48 C  -0.0918   1.023  3.069  0.000
   49 C  -0.0373   1.087  2.950  0.000
   50 C  -0.0363   1.087  2.949  0.000
   51 C   0.0004   1.146  2.854  0.000
   52 C  -0.0361   1.087  2.949  0.000
   53 C  -0.0360   1.087  2.949  0.000
   54 C   0.0024   1.138  2.859  0.000
   55 C  -0.0382   1.062  2.976  0.000
   56 C  -0.0949   1.026  3.069  0.000
   57 C  -0.0359   1.087  2.949  0.000
   58 C  -0.0354   1.088  2.947  0.000
   59 C  -0.0520   1.152  2.900  0.000
   60 C  -0.0211   1.137  2.884  0.000
   61 C   0.0020   1.125  2.873  0.000
   62 C  -0.0289   1.089  2.940  0.000
   63 C  -0.0105   1.157  2.854  0.000
   64 C   0.0301   1.173  2.797  0.000
   65 C   0.0033   1.146  2.851  0.000
   66 C  -0.0363   1.087  2.949  0.000
   67 C  -0.0365   1.087  2.950  0.000
   68 C   0.0015   1.138  2.860  0.000
   69 C  -0.0391   1.063  2.976  0.000
   70 C  -0.0917   1.023  3.069  0.000
   71 C  -0.0368   1.087  2.950  0.000
   72 C  -0.0325   1.087  2.945  0.000
   73 C   0.0040   1.143  2.853  0.000
   74 C  -0.0346   1.087  2.947  0.000
   75 C  -0.0365   1.087  2.950  0.000
   76 C   0.0020   1.138  2.860  0.000
   77 C  -0.0383   1.062  2.976  0.000
   78 C  -0.0917   1.023  3.069  0.000
   79 C  -0.0360   1.087  2.949  0.000
   80 C  -0.0345   1.087  2.947  0.000
   81 C   0.0213   1.142  2.837  0.000
   82 C  -0.0652   1.109  2.957  0.000
   83 SE  0.0161   1.513  4.375  0.096
   84 S   0.0699   1.878  3.947  0.105
   85 C  -0.0267   1.127  2.900  0.000
   86 C  -0.0521   1.084  2.968  0.000
   87 C  -0.0031   1.102  2.901  0.000
   88 SE  0.0766   1.589  4.235  0.100
   89 C  -0.0312   1.114  2.918  0.000
   90 C   0.0250   1.117  2.858  0.000
   91 C   0.0778   1.131  2.791  0.000
   92 F  -0.1003   1.661  5.440  0.000
   93 C   0.0892   1.135  2.776  0.000
   94 F  -0.0949   1.658  5.437  0.000
   95 C   0.0251   1.107  2.868  0.000
   96 C   0.0476   1.147  2.806  0.000
   97 N  -0.1500   1.439  3.712  0.000
   98 C   0.0572   1.182  2.761  0.000
   99 C  -0.0279   1.061  2.967  0.000
  100 C  -0.0882   1.021  3.068  0.000
  101 C   0.0675   1.191  2.742  0.000
  102 N  -0.1469   1.431  3.716  0.000
  103 C   0.0397   1.154  2.806  0.000
  104 C  -0.0293   1.060  2.969  0.000
  105 C  -0.0913   1.023  3.068  0.000
  106 C   0.0166   1.106  2.877  0.000
  107 C  -0.0145   1.138  2.876  0.000
  108 C   0.1350   1.140  2.725  0.000
  109 O  -0.1972   1.596  4.601  0.000
  110 C  -0.0309   1.148  2.883  0.000
  111 C   0.0993   1.135  2.765  0.000
  112 F  -0.0968   1.659  5.438  0.000
  113 C  -0.0146   1.082  2.932  0.000
  114 C  -0.0021   1.082  2.920  0.000
  115 C  -0.0246   1.090  2.935  0.000
  116 C   0.0034   1.130  2.866  0.000
  117 C   0.0297   1.152  2.818  0.000
  118 C   0.0043   1.075  2.921  0.000
  119 C   0.0934   1.137  2.770  0.000
  120 N  -0.1963   1.604  3.593  0.000
  121 C   0.0937   1.137  2.770  0.000
  122 N  -0.1942   1.603  3.591  0.000
  123 H   0.0581   0.942  0.000  0.000
  124 H   0.0388   0.961  0.000  0.000
  125 H   0.0457   0.954  0.000  0.000
  126 H   0.0463   0.954  0.000  0.000
  127 H   0.0397   0.960  0.000  0.000
  128 H   0.0388   0.961  0.000  0.000
  129 H   0.0303   0.970  0.000  0.000
  130 H   0.0357   0.964  0.000  0.000
  131 H   0.0340   0.966  0.000  0.000
  132 H   0.0402   0.960  0.000  0.000
  133 H   0.0396   0.960  0.000  0.000
  134 H   0.0361   0.964  0.000  0.000
  135 H   0.0306   0.969  0.000  0.000
  136 H   0.0328   0.967  0.000  0.000
  137 H   0.0436   0.956  0.000  0.000
  138 H   0.0402   0.960  0.000  0.000
  139 H   0.0346   0.965  0.000  0.000
  140 H   0.0297   0.970  0.000  0.000
  141 H   0.0327   0.967  0.000  0.000
  142 H   0.0327   0.967  0.000  0.000
  143 H   0.0287   0.971  0.000  0.000
  144 H   0.0289   0.971  0.000  0.000
  145 H   0.0325   0.967  0.000  0.000
  146 H   0.0298   0.970  0.000  0.000
  147 H   0.0317   0.968  0.000  0.000
  148 H   0.0312   0.969  0.000  0.000
  149 H   0.0301   0.970  0.000  0.000
  150 H   0.0326   0.967  0.000  0.000
  151 H   0.0323   0.968  0.000  0.000
  152 H   0.0285   0.971  0.000  0.000
  153 H   0.0299   0.970  0.000  0.000
  154 H   0.0316   0.968  0.000  0.000
  155 H   0.0300   0.970  0.000  0.000
  156 H   0.0328   0.967  0.000  0.000
  157 H   0.0375   0.963  0.000  0.000
  158 H   0.0325   0.968  0.000  0.000
  159 H   0.0297   0.970  0.000  0.000
  160 H   0.0328   0.967  0.000  0.000
  161 H   0.0321   0.968  0.000  0.000
  162 H   0.0292   0.971  0.000  0.000
  163 H   0.0324   0.968  0.000  0.000
  164 H   0.0288   0.971  0.000  0.000
  165 H   0.0293   0.971  0.000  0.000
  166 H   0.0324   0.968  0.000  0.000
  167 H   0.0322   0.968  0.000  0.000
  168 H   0.0297   0.970  0.000  0.000
  169 H   0.0329   0.967  0.000  0.000
  170 H   0.0326   0.967  0.000  0.000
  171 H   0.0287   0.971  0.000  0.000
  172 H   0.0326   0.967  0.000  0.000
  173 H   0.0290   0.971  0.000  0.000
  174 H   0.0301   0.970  0.000  0.000
  175 H   0.0323   0.968  0.000  0.000
  176 H   0.0451   0.955  0.000  0.000
  177 H   0.0356   0.964  0.000  0.000
  178 H   0.0390   0.961  0.000  0.000
  179 H   0.0344   0.966  0.000  0.000
  180 H   0.0358   0.964  0.000  0.000
  181 H   0.0328   0.967  0.000  0.000
  182 H   0.0402   0.960  0.000  0.000
  183 H   0.0390   0.961  0.000  0.000
  184 H   0.0352   0.965  0.000  0.000
  185 H   0.0315   0.968  0.000  0.000
  186 H   0.0342   0.966  0.000  0.000
  187 H   0.0527   0.947  0.000  0.000
  188 H   0.0381   0.962  0.000  0.000
  189 H   0.0451   0.955  0.000  0.000
  190 H   0.0459   0.954  0.000  0.000
 
 Wiberg/Mayer (AO) data. WBOs > 0.1 written file <wbo>
 largest (>0.05) Wiberg bond orders for each atom
           total WBO             WBO to atom ...
     1  C   3.930    C    2 1.631    C   18 1.103    H  123 0.919    O    4 0.056    C   13 0.052
     2  C   3.933    C    1 1.631    C   12 1.074    C    3 0.966    O    4 0.067
     3  C   3.911    O    4 1.822    C    5 0.988    C    2 0.966
     4  O   2.175    C    3 1.822    C    2 0.067    C    5 0.065    C    1 0.056
     5  C   3.939    C    6 1.353    C   11 1.265    C    3 0.988    C    9 0.091    O    4 0.065
     6  C   3.917    C    8 1.372    C    5 1.353    F    7 0.986    C   10 0.088
     7  F   1.126    C    6 0.986
     8  C   3.954    C    9 1.431    C    6 1.372    H  124 0.945    C   11 0.093
     9  C   3.965    C    8 1.431    C   10 1.419    H  125 0.942    C    5 0.091
    10  C   3.960    C    9 1.419    C   11 1.385    H  126 0.936    C    6 0.088
    11  C   3.953    C   10 1.385    C    5 1.265    C   12 1.048    C    8 0.093
    12  C   3.938    C   13 1.493    C    2 1.074    C   11 1.048    N   17 0.095    N   15 0.094
    13  C   3.948    C   12 1.493    C   16 1.055    C   14 1.055    N   15 0.077    N   17 0.077    C    1 0.052
    14  C   3.941    N   15 2.793    C   13 1.055
    15  N   3.055    C   14 2.793    C   12 0.094    C   13 0.077
    16  C   3.940    N   17 2.795    C   13 1.055
    17  N   3.054    C   16 2.795    C   12 0.095    C   13 0.077
    18  C   3.938    C   19 1.376    C   31 1.191    C    1 1.103    C   23 0.086
    19  C   3.898    C   18 1.376    C   21 1.292    F   20 0.989
    20  F   1.121    C   19 0.989
    21  C   3.897    C   23 1.400    C   19 1.292    F   22 0.981
    22  F   1.109    C   21 0.981
    23  C   3.931    C   21 1.400    C   24 1.192    C   34 1.049    C   18 0.086
    24  C   3.930    N   25 1.254    C   31 1.217    C   23 1.192    C   29 0.062
    25  N   3.108    C   26 1.505    C   24 1.254    N   30 0.117
    26  C   3.913    N   25 1.505    C   29 1.203    C   27 0.984    C   31 0.061
    27  C   3.973    C   28 0.985    C   26 0.984    H  127 0.965    H  128 0.964
    28  C   3.981    C   27 0.985    H  131 0.985    H  129 0.984    H  130 0.979
    29  C   3.913    N   30 1.504    C   26 1.203    C   32 0.985    C   24 0.062
    30  N   3.107    C   29 1.504    C   31 1.255    N   25 0.117
    31  C   3.932    N   30 1.255    C   24 1.217    C   18 1.191    C   26 0.061
    32  C   3.973    C   33 0.986    C   29 0.985    H  133 0.964    H  132 0.964
    33  C   3.980    C   32 0.986    H  136 0.985    H  135 0.984    H  134 0.980
    34  C   3.923    C   35 1.631    C   23 1.049    SE  83 0.980    C   82 0.119
    35  C   3.952    C   34 1.631    C   36 1.191    H  137 0.930
    36  C   3.932    C   82 2.514    C   35 1.191    C   38 0.110
    37  S   2.359    SE  83 1.161    C   38 1.002
    38  C   3.919    C   81 1.531    C   39 1.096    S   37 1.002    C   36 0.110
    39  C   3.919    C   40 1.325    C   63 1.267    C   38 1.096    C   61 0.078
    40  C   3.946    C   41 1.460    C   39 1.325    H  138 0.938    C   62 0.075
    41  C   3.920    C   40 1.460    C   61 1.260    C   42 0.922    C   63 0.088
    42  C   3.922    C   59 0.927    C   41 0.922    C   43 0.921    C   51 0.919
    43  C   3.945    C   50 1.399    C   44 1.385    C   42 0.921    C   46 0.107
    44  C   3.968    C   45 1.445    C   43 1.385    H  139 0.935    C   49 0.108
    45  C   3.971    C   44 1.445    C   46 1.385    H  140 0.945    C   50 0.106
    46  C   3.949    C   49 1.396    C   45 1.385    C   47 0.982    C   43 0.107
    47  C   3.973    C   48 0.990    C   46 0.982    H  141 0.967    H  142 0.967
    48  C   3.983    C   47 0.990    H  143 0.984    H  144 0.984    H  145 0.980
    49  C   3.972    C   50 1.431    C   46 1.396    H  146 0.945    C   44 0.108
    50  C   3.969    C   49 1.431    C   43 1.399    H  147 0.943    C   45 0.106
    51  C   3.944    C   52 1.397    C   58 1.385    C   42 0.919    C   54 0.108
    52  C   3.971    C   53 1.434    C   51 1.397    H  148 0.944    C   57 0.106
    53  C   3.972    C   52 1.434    C   54 1.394    H  149 0.945    C   58 0.107
    54  C   3.950    C   53 1.394    C   57 1.385    C   55 0.983    C   51 0.108
    55  C   3.974    C   56 0.990    C   54 0.983    H  151 0.967    H  150 0.966
    56  C   3.983    C   55 0.990    H  152 0.982    H  153 0.982    H  154 0.980
    57  C   3.971    C   58 1.444    C   54 1.385    H  155 0.945    C   52 0.106
    58  C   3.969    C   57 1.444    C   51 1.385    H  156 0.943    C   53 0.107
    59  C   3.914    C   60 1.422    C   89 1.290    C   42 0.927    S   84 0.071
    60  C   3.892    C   59 1.422    S   84 1.122    C   61 1.108    C   85 0.067
    61  C   3.927    C   62 1.324    C   41 1.260    C   60 1.108    C   39 0.078
    62  C   3.949    C   63 1.457    C   61 1.324    H  157 0.941    C   40 0.075
    63  C   3.928    C   62 1.457    C   39 1.267    C   64 0.924    C   41 0.088
    64  C   3.920    C   63 0.924    C   73 0.921    C   65 0.919    C   81 0.909
    65  C   3.943    C   66 1.395    C   72 1.386    C   64 0.919    C   68 0.107
    66  C   3.971    C   67 1.435    C   65 1.395    H  158 0.943    C   71 0.106
    67  C   3.972    C   66 1.435    C   68 1.393    H  159 0.945    C   72 0.108
    68  C   3.949    C   67 1.393    C   71 1.388    C   69 0.982    C   65 0.107
    69  C   3.973    C   70 0.990    C   68 0.982    H  161 0.967    H  160 0.966
    70  C   3.983    C   69 0.990    H  164 0.984    H  162 0.984    H  163 0.980
    71  C   3.971    C   72 1.442    C   68 1.388    H  165 0.945    C   66 0.106
    72  C   3.969    C   71 1.442    C   65 1.386    H  166 0.944    C   67 0.108
    73  C   3.943    C   80 1.396    C   74 1.389    C   64 0.921    C   76 0.107
    74  C   3.969    C   75 1.440    C   73 1.389    H  167 0.944    C   79 0.108
    75  C   3.971    C   74 1.440    C   76 1.389    H  168 0.945    C   80 0.107
    76  C   3.950    C   79 1.393    C   75 1.389    C   77 0.982    C   73 0.107
    77  C   3.974    C   78 0.990    C   76 0.982    H  170 0.967    H  169 0.967
    78  C   3.983    C   77 0.990    H  171 0.984    H  173 0.984    H  172 0.980
    79  C   3.972    C   80 1.435    C   76 1.393    H  174 0.945    C   74 0.108
    80  C   3.970    C   79 1.435    C   73 1.396    H  175 0.943    C   75 0.107
    81  C   3.912    C   38 1.531    C   82 1.178    C   64 0.909
    82  C   3.928    C   36 2.514    C   81 1.178    C   34 0.119
    83  SE  2.357    S   37 1.161    C   34 0.980
    84  S   2.501    C   60 1.122    C   85 1.083    C   59 0.071
    85  C   3.912    C   89 1.315    C   86 1.308    S   84 1.083    C   60 0.067
    86  C   3.915    C   87 1.474    C   85 1.308    H  176 0.938    SE  88 0.054
    87  C   3.924    C   86 1.474    C   90 1.153    SE  88 1.053    C   89 0.069
    88  SE  2.487    C   89 1.058    C   87 1.053    N  102 0.084    C   86 0.054
    89  C   3.920    C   85 1.315    C   59 1.290    SE  88 1.058    C   87 0.069
    90  C   3.930    C   91 1.339    C  103 1.171    C   87 1.153    C   95 0.074
    91  C   3.890    C   90 1.339    C   93 1.332    F   92 0.975
    92  F   1.107    C   91 0.975
    93  C   3.890    C   95 1.344    C   91 1.332    F   94 0.982
    94  F   1.112    C   93 0.982
    95  C   3.900    C   93 1.344    C   96 1.175    C  106 1.138    C   90 0.074
    96  C   3.937    N   97 1.266    C  103 1.227    C   95 1.175    C  101 0.062
    97  N   3.112    C   98 1.493    C   96 1.266    N  102 0.118
    98  C   3.913    N   97 1.493    C  101 1.219    C   99 0.983    C  103 0.064
    99  C   3.971    C  100 0.987    C   98 0.983    H  177 0.965    H  178 0.961
   100  C   3.981    C   99 0.987    H  180 0.983    H  181 0.983    H  179 0.980
   101  C   3.894    N  102 1.469    C   98 1.219    C  104 0.988    C   96 0.062
   102  N   3.189    C  101 1.469    C  103 1.262    N   97 0.118    SE  88 0.084
   103  C   3.931    N  102 1.262    C   96 1.227    C   90 1.171    C   98 0.064
   104  C   3.973    C  101 0.988    C  105 0.986    H  183 0.965    H  182 0.958
   105  C   3.980    C  104 0.986    H  185 0.983    H  186 0.980    H  184 0.976
   106  C   3.925    C  107 1.587    C   95 1.138    H  187 0.922    O  109 0.056
   107  C   3.923    C  106 1.587    C  117 1.090    C  108 0.977    O  109 0.066
   108  C   3.911    O  109 1.814    C  110 0.982    C  107 0.977
   109  O   2.171    C  108 1.814    C  107 0.066    C  110 0.064    C  106 0.056
   110  C   3.937    C  111 1.355    C  116 1.267    C  108 0.982    C  114 0.092    O  109 0.064
   111  C   3.915    C  113 1.373    C  110 1.355    F  112 0.982    C  115 0.088
   112  F   1.121    C  111 0.982
   113  C   3.955    C  114 1.431    C  111 1.373    H  188 0.945    C  116 0.093
   114  C   3.965    C  113 1.431    C  115 1.418    H  189 0.942    C  110 0.092
   115  C   3.960    C  114 1.418    C  116 1.387    H  190 0.936    C  111 0.088
   116  C   3.951    C  115 1.387    C  110 1.267    C  117 1.044    C  113 0.093
   117  C   3.934    C  118 1.479    C  107 1.090    C  116 1.044    N  120 0.093    N  122 0.092
   118  C   3.943    C  117 1.479    C  119 1.059    C  121 1.058    N  122 0.078    N  120 0.078
   119  C   3.940    N  120 2.791    C  118 1.059
   120  N   3.048    C  119 2.791    C  117 0.093    C  118 0.078
   121  C   3.941    N  122 2.791    C  118 1.058
   122  N   3.051    C  121 2.791    C  117 0.092    C  118 0.078
   123  H   0.991    C    1 0.919
   124  H   0.994    C    8 0.945
   125  H   0.993    C    9 0.942
   126  H   0.995    C   10 0.936
   127  H   0.997    C   27 0.965
   128  H   0.998    C   27 0.964
   129  H   0.999    C   28 0.984
   130  H   0.996    C   28 0.979
   131  H   0.999    C   28 0.985
   132  H   0.997    C   32 0.964
   133  H   0.998    C   32 0.964
   134  H   0.996    C   33 0.980
   135  H   0.999    C   33 0.984
   136  H   0.999    C   33 0.985
   137  H   0.995    C   35 0.930
   138  H   0.994    C   40 0.938
   139  H   0.997    C   44 0.935
   140  H   0.997    C   45 0.945
   141  H   0.998    C   47 0.967
   142  H   0.998    C   47 0.967
   143  H   0.999    C   48 0.984
   144  H   0.999    C   48 0.984
   145  H   0.997    C   48 0.980
   146  H   0.997    C   49 0.945
   147  H   0.997    C   50 0.943
   148  H   0.997    C   52 0.944
   149  H   0.997    C   53 0.945
   150  H   0.998    C   55 0.966
   151  H   0.997    C   55 0.967
   152  H   0.999    C   56 0.982
   153  H   0.999    C   56 0.982
   154  H   0.997    C   56 0.980
   155  H   0.997    C   57 0.945
   156  H   0.997    C   58 0.943
   157  H   0.994    C   62 0.941
   158  H   0.997    C   66 0.943
   159  H   0.997    C   67 0.945
   160  H   0.998    C   69 0.966
   161  H   0.998    C   69 0.967
   162  H   0.999    C   70 0.984
   163  H   0.997    C   70 0.980
   164  H   0.999    C   70 0.984
   165  H   0.997    C   71 0.945
   166  H   0.997    C   72 0.944
   167  H   0.997    C   74 0.944
   168  H   0.997    C   75 0.945
   169  H   0.998    C   77 0.967
   170  H   0.998    C   77 0.967
   171  H   0.999    C   78 0.984
   172  H   0.997    C   78 0.980
   173  H   0.999    C   78 0.984
   174  H   0.997    C   79 0.945
   175  H   0.997    C   80 0.943
   176  H   0.994    C   86 0.938
   177  H   0.998    C   99 0.965
   178  H   0.997    C   99 0.961
   179  H   0.996    C  100 0.980
   180  H   0.999    C  100 0.983
   181  H   0.999    C  100 0.983
   182  H   0.997    C  104 0.958
   183  H   0.997    C  104 0.965
   184  H   0.999    C  105 0.976
   185  H   0.999    C  105 0.983
   186  H   0.997    C  105 0.980
   187  H   0.990    C  106 0.922
   188  H   0.994    C  113 0.945
   189  H   0.993    C  114 0.942
   190  H   0.995    C  115 0.936
 
 --------------------------------------------
          xTB calculation for sTDA...
 --------------------------------------------
 
 reading parameter file /ihome/ghutchison/blp62/xtb4stda/.param_stda2.xtb
 
      method parameters     
 k(s)        :  1.6000
 k(p)        :  2.1800
 k(d)        :  1.9500
 k(f)        :  2.0000
 k(R-V)      :  2.2750
 k(R-R)      :  1.7650
 Tscal       :  0.2580
 Gscal       :  1.0000
 fpol        :  1.0000
 Zcnf        :  0.3430
 Zqf         :  0.0000
 kcn         :  2.7000
 Ryd Hsplit  :  0.7000
 lshift(virt):  3.1000
 lshift(OS)  :  0.2000
 wllscaling  :  2.6000
 
 mowrcut     : 3.000
 
  Z AO/shell   Hii/eV     exponent
  1     Sun Feb 14 09:53:25 CET 2016    EN: 2.327 GAM: 0.473  GM3: 0.0000
     1s    -14.339618    1.220000
     2sp    -3.348946    0.600000
  6     Sun Feb 14 09:53:25 CET 2016    EN: 2.731 GAM: 0.422  GM3: 0.0000
     2s    -22.009312    1.565095
     2p    -13.020408    1.596905
     3sp    -3.914040    0.824500
  7     Sun Feb 14 09:53:25 CET 2016    EN: 3.573 GAM: 0.504  GM3: 0.0000
     2s    -25.722000    2.064844
     2p    -18.684912    1.801692
     3sp    -4.344791    0.921400
  8     Sun Feb 14 09:53:25 CET 2016    EN: 3.700 GAM: 0.587  GM3: 0.0000
     2s    -33.859000    2.418661
     2p    -22.175911    1.973969
     3sp    -4.259392    1.013700
  9     Sun Feb 21 12:20:01 CET 2016    EN: 3.394 GAM: 0.600  GM3: 0.0000
     2s    -26.548112    1.943768
     2p    -23.081168    2.552035
     3sp    -1.937199    1.103200
 16     Sun Feb 21 16:35:57 CET 2016    EN: 1.915 GAM: 0.200  GM3: 0.0000
     3s    -17.898811    2.619580
     3p    -15.317401    1.798798
     4sp    -4.455139    0.843200
 34     Tue Sep 13 12:54:47 CEST 2016   EN: 1.315 GAM: 0.403  GM3: 0.0000
     4s    -24.924300    2.166243
     4p    -14.275287    1.915023
     5sp    -3.986999    0.809100
 
 Nbf   :         1316
 T(el) :     0.0
 calculating S/T integrals ...
 cpu time for ints    2.87012000000000     
 Nao   :         1316
 making H0...
 making H1...
 cpu time for H      4.218300000000053E-002
 solving ...
 cpu time for diag   0.849813999999999     
 
 gap (eV)           :   4.334
 Koopmans IP (eV)   :  13.661
 Eel (Eh)           :  -519.000011

          eigenvalues
 #    :         285        286        287        288        289        290        291        292
 occ. :        2.000      2.000      2.000      2.000      2.000      2.000      2.000      2.000
 eps  :       -16.102    -15.904    -15.816    -15.786    -15.646    -15.604    -15.541    -15.454
 #    :         293        294        295        296        297        298        299        300
 occ. :        2.000      2.000      2.000      2.000      2.000      0.000      0.000      0.000
 eps  :       -15.170    -14.903    -14.832    -14.192    -13.662     -9.328     -9.215     -8.774
 #    :         301        302        303        304        305        306        307        308
 occ. :        0.000      0.000      0.000      0.000      0.000      0.000      0.000      0.000
 eps  :        -8.666     -8.001     -7.873     -7.543     -6.809     -6.702     -6.659     -6.462
                            1  SCC done.
 writing mo output ...
 molden style : F
 
speedup  3.30
cpu  time for all    7.50 s
wall time for all    2.27 s
