 
        ______________________________________
       |                                      |
       |          ===================         |
       |             xTB for sTDA             |
       |          ===================         |
       |               S. Grimme              |
       |        Universitaet Bonn, MCTC       |
       |         2015-19, Version 1.0         |
       |     Wed Apr  3 09:14:55 CEST 2019    |
       |______________________________________|
 
        This code comes without any warranty
        for non-commercial, academia use only.
        Preliminary test version.
        Cite this work as:
        S. Grimme  &  C. Bannwarth, JCP 145 (2016) 054103
        if GBSA is used additionally:
        P. Shushkov, F. März, C. Bannwarth, S. Grimme, unpublished.
 
        with help from
        P. Shushkov, G. Brandenburg, S. Dohm, J. Pisarek,
        F. März, M. Checinski, S. Ehrlich, S. Spicher, 
        P. Pracht, E. Caldeweyher, S. Ehlert, and C. Bannwarth.
 
        usage        :
        xtb4stda <coord_file> [options]
        where <coord_file> is a valid file of TM)
        (*coord, Bohr) or xmol (*xyz, Angstroem)
        format.

        options:
        -chrg <int>   : molecular charge
        -uhf  <int>   : # of unpaired electrons(=2*S)
        -nox          : skip second, extended part in sTDA-xTB
        -pop          : do population analysis
                      : (default for -nox)
        -mowr <real>  : cut MO write above (def.3 Eh)
        -molden       : write formatted molden file
        -parx <file>  : read parameters for sTDA-xTB
                        calc (def:~/.param_stda2.xtb)
        -parv <file>  : read parameters for vTB part in
                        sTDA-xTB (def: ~/.param_stda1.xtb)
        -xtemp <real> : el. temp for xTB (def. 0 K)
        -etemp <real> : el. temp for GFN (def. 300 K)
        -fod          : calculate the FOD and write
                        molden.input file with
                        appropriate occupations
                        for plotting. Def. T=12500 K
 
        -acc <real>   : xTB accuracy (def. 1.0)
        -gbsa [string1] [string2]
                        use GBSA implicit solvent
                        for solvent [string1] and
                        solvation state [string2]=
                        reference, bar1M (default=1M)
        additional GFN/opt/MD/siman options read from
        $XTB4STDAHOME/.xtb4stdarc or $set in input
 
       spin and charge state information can be on:
       <.CHRG> (charge) and <.UHF> (=nalpha-nbeta)
       -uhf and -chrg override the file info.
       useful machine settings:
       setenv MKL_NUM_THREADS <NCORE_ON_YOUR_MACHINE>
       setenv OMP_STACKSIZE 500m
       limit stacksize unlimited
 
       total energies in Eh, gaps/HL energies in eV
       please read REVISION and HOWTO files carefully
 =============================
  # OMP threads =           8
 =============================
 
 xtb4stdahome directory:/ihome/ghutchison/blp62/xtb4stda/
 
 
 name of molecule           :
 comment line               :
 number of atoms            :   148
 number of electrons        :   466
 charge                     :  0
 spin                       : 0.0
 first test random number   :  0.5011
 
 -----------------------------------------
      charge density (VTB) calculation
 -----------------------------------------
 
      method parameters     
 k(s)        :  1.8000
 k(p)        :  2.8350
 k(d)        :  2.0860
 k(f)        :  2.0000
 Tscal       :  0.3300
 Gscal       :  0.3910
 fpol        :  1.0000
 Zcnf        :  0.6500
 Zqf         :  0.0000
 kcn         :  0.3000
 kEN1        : -0.5900
 wllscal     :  2.6000
 
     -------------------------
     ! NO SOLVENT MODEL USED !
     -------------------------
 
 doing EN charges ...
 sum q :  0.2331468D-14
 point charge moment (au)
     X       Y       Z   
   0.5161  -0.0837   0.1546  total (Debye):    1.386
 
            Z      q(EN)   CN      Cart. coordinates
     1  C   4.0  -0.073   3.195     3.46425    -9.54368    13.10752
     2  C   4.0  -0.004   3.277     2.14635    -9.80579    15.32379
     3  C   4.0   0.103   3.239    -0.28573    -8.61016    15.92245
     4  O   6.0  -0.121   1.212    -1.57055    -7.27167    14.56185
     5  C   4.0  -0.006   3.347    -0.88798    -9.36076    18.53708
     6  C   4.0  -0.069   3.194    -2.95969    -8.70238    19.98083
     7  C   4.0   0.010   3.173    -3.16624    -9.62041    22.43388
     8  C   4.0  -0.252   4.054    -5.34755    -8.98621    24.10856
     9  C   4.0   0.021   3.205    -1.23229   -11.18510    23.31355
    10  F   7.0  -0.026   1.072    -1.41389   -12.08234    25.68704
    11  C   4.0  -0.067   3.182     0.86304   -11.87466    21.90287
    12  C   4.0  -0.007   3.355     1.03519   -10.94000    19.46248
    13  C   4.0  -0.008   3.323     2.94665   -11.27316    17.49584
    14  C   4.0  -0.037   3.119     5.07524   -12.73222    17.72261
    15  C   4.0   0.236   2.165     5.71151   -14.11115    19.91488
    16  N   5.0  -0.215   1.026     6.34400   -15.27484    21.63264
    17  C   4.0   0.235   2.161     6.93151   -13.09769    15.84516
    18  N   5.0  -0.214   1.027     8.52285   -13.50814    14.42617
    19  C   4.0  -0.081   3.199     2.90319    -8.15644    10.92073
    20  C   4.0  -0.091   3.360     4.56841    -8.08160     8.87132
    21  C   4.0  -0.107   3.442     3.68345    -6.58078     6.93189
    22  S   6.0   0.224   2.432     4.87776    -5.72795     3.98014
    23  C   4.0  -0.094   3.386     2.20285    -3.91079     3.48182
    24  C   4.0  -0.007   3.364     1.33906    -2.28657     1.50706
    25  C   4.0  -0.062   3.177     2.42660    -1.65502    -0.80427
    26  C   4.0  -0.001   3.444     1.15424     0.05745    -2.28581
    27  C   4.0  -0.054   4.297     1.92506     1.10171    -4.84564
    28  C   4.0   0.006   3.269     2.13199    -1.07204    -6.70399
    29  C   4.0  -0.072   3.196     4.37661    -2.40335    -6.93378
    30  C   4.0  -0.070   3.166     4.58655    -4.44312    -8.55630
    31  C   4.0   0.069   3.209     2.52203    -5.19901    -9.99760
    32  O   6.0  -0.133   2.066     2.48934    -7.13088   -11.69041
    33  C   4.0  -0.111   4.056     4.62718    -8.70842   -11.96178
    34  C   4.0  -0.239   4.006     4.86963   -10.62706    -9.82242
    35  C   4.0  -0.070   3.176     0.25681    -3.86865    -9.75552
    36  C   4.0  -0.072   3.189     0.06557    -1.84588    -8.12809
    37  C   4.0   0.005   3.275     4.31179     2.69267    -4.78573
    38  C   4.0  -0.071   3.190     5.32336     3.59596    -2.54848
    39  C   4.0  -0.070   3.167     7.44835     5.12531    -2.54282
    40  C   4.0   0.069   3.209     8.59069     5.80656    -4.80784
    41  O   6.0  -0.132   2.066    10.65484     7.31702    -5.05917
    42  C   4.0  -0.111   4.057    11.95176     8.17779    -2.88939
    43  C   4.0  -0.239   4.006    13.60414     6.13726    -1.69584
    44  C   4.0  -0.070   3.177     7.54568     4.92727    -7.06776
    45  C   4.0  -0.073   3.202     5.44109     3.39981    -7.05472
    46  C   4.0  -0.016   3.612    -0.25474     2.84612    -5.38496
    47  C   4.0  -0.094   3.384    -1.98497     2.79850    -3.42173
    48  C   4.0  -0.007   3.361    -1.18788     1.08130    -1.49477
    49  C   4.0  -0.062   3.176    -2.29545     0.41631     0.79898
    50  C   4.0  -0.001   3.440    -0.99815    -1.25799     2.30565
    51  C   4.0  -0.054   4.297    -1.74233    -2.28392     4.88230
    52  C   4.0   0.005   3.274    -1.90220    -0.30632     6.95400
    53  C   4.0  -0.071   3.188    -0.92653     2.10345     6.66941
    54  C   4.0  -0.070   3.166    -1.01970     3.83879     8.62981
    55  C   4.0   0.069   3.211    -2.07794     3.16510    10.93717
    56  O   6.0  -0.134   2.074    -2.27126     4.69937    12.98450
    57  C   4.0  -0.108   4.061    -1.36835     7.20836    12.82274
    58  C   4.0  -0.239   4.011    -1.85552     8.47296    15.35648
    59  C   4.0  -0.070   3.175    -3.03433     0.72225    11.23537
    60  C   4.0  -0.074   3.204    -2.94646    -0.98115     9.27402
    61  C   4.0   0.006   3.271    -4.21390    -3.71709     4.61622
    62  C   4.0  -0.072   3.193    -4.25755    -6.28674     4.12546
    63  C   4.0  -0.070   3.167    -6.51559    -7.57516     3.82840
    64  C   4.0   0.069   3.209    -8.79970    -6.28976     4.00395
    65  O   6.0  -0.133   2.066   -11.13729    -7.33346     3.79722
    66  C   4.0  -0.111   4.057   -11.39599    -9.91936     3.18116
    67  C   4.0  -0.239   4.006   -10.95625   -10.44414     0.37983
    68  C   4.0  -0.070   3.176    -8.75661    -3.69196     4.47355
    69  C   4.0  -0.072   3.192    -6.50141    -2.43038     4.77250
    70  C   4.0  -0.015   3.606     0.48075    -3.96597     5.45148
    71  C   4.0  -0.102   3.424     1.30769    -5.47661     7.44382
    72  S   6.0   0.229   2.672     0.18047    -6.32132    10.37403
    73  S   6.0   0.224   2.432    -4.52306     4.82504    -3.82499
    74  C   4.0  -0.106   3.441    -3.23030     5.79428    -6.69965
    75  C   4.0  -0.091   3.360    -3.94896     7.51752    -8.52021
    76  C   4.0  -0.081   3.199    -2.22345     7.64659   -10.51689
    77  S   6.0   0.230   2.673     0.32333     5.54653   -10.09397
    78  C   4.0  -0.103   3.426    -0.93485     4.55613    -7.26619
    79  C   4.0  -0.073   3.195    -2.56719     9.32372   -12.53965
    80  C   4.0  -0.003   3.276    -1.09302     9.77933   -14.62270
    81  C   4.0   0.103   3.239     1.29144     8.50112   -15.24177
    82  O   6.0  -0.121   1.214     2.34458     6.83117   -14.06032
    83  C   4.0  -0.006   3.347     2.18226     9.64441   -17.62132
    84  C   4.0  -0.069   3.194     4.34127     9.09431   -18.97965
    85  C   4.0   0.010   3.173     4.83789    10.40804   -21.20008
    86  C   4.0  -0.252   4.054     7.13220     9.91747   -22.76855
    87  C   4.0   0.021   3.205     3.09424    12.24410   -21.94161
    88  F   7.0  -0.026   1.072     3.55892    13.52855   -24.08777
    89  C   4.0  -0.067   3.182     0.91444    12.82954   -20.61389
    90  C   4.0  -0.007   3.355     0.45127    11.49747   -18.40725
    91  C   4.0  -0.008   3.322    -1.61874    11.62333   -16.58140
    92  C   4.0  -0.037   3.119    -3.65076    13.22166   -16.74694
    93  C   4.0   0.235   2.161    -5.66653    13.37964   -15.01009
    94  N   5.0  -0.214   1.027    -7.37976    13.62833   -13.70014
    95  C   4.0   0.236   2.165    -4.00886    14.97778   -18.72170
    96  N   5.0  -0.215   1.026    -4.41742    16.43892   -20.27204
    97  H   1.0   0.076   1.013     5.25325   -10.53144    12.98223
    98  H   1.0   0.076   1.005    -4.39588    -7.48445    19.19697
    99  H   1.0   0.082   1.000    -6.70324    -7.80079    23.12477
   100  H   1.0   0.081   0.999    -6.28409   -10.70794    24.73840
   101  H   1.0   0.081   0.999    -4.68576    -8.00091    25.79117
   102  H   1.0   0.077   1.007     2.26635   -13.09145    22.73643
   103  H   1.0   0.079   1.005     6.33455    -9.08580     8.85544
   104  H   1.0   0.076   1.006     4.20747    -2.46477    -1.37856
   105  H   1.0   0.076   1.007     6.00838    -1.83133    -5.84870
   106  H   1.0   0.076   1.006     6.37707    -5.40934    -8.68008
   107  H   1.0   0.080   1.000     4.30990    -9.69335   -13.75097
   108  H   1.0   0.079   1.000     6.35515    -7.57761   -12.14111
   109  H   1.0   0.081   0.999     6.47930   -11.85331   -10.17069
   110  H   1.0   0.081   0.999     5.12456    -9.68485    -8.01452
   111  H   1.0   0.081   0.999     3.16718   -11.77243    -9.72094
   112  H   1.0   0.075   1.005    -1.33623    -4.46353   -10.87896
   113  H   1.0   0.076   1.007    -1.71323    -0.85850    -7.97124
   114  H   1.0   0.076   1.007     4.46202     3.10576    -0.76383
   115  H   1.0   0.076   1.006     8.17023     5.77633    -0.75117
   116  H   1.0   0.079   1.000    10.62291     8.95749    -1.50214
   117  H   1.0   0.080   1.000    13.13964     9.71962    -3.58424
   118  H   1.0   0.081   0.999    12.46539     4.55859    -1.03840
   119  H   1.0   0.081   0.999    14.94811     5.43391    -3.08101
   120  H   1.0   0.081   0.999    14.63574     6.92509    -0.10488
   121  H   1.0   0.076   1.005     8.42062     5.48361    -8.82143
   122  H   1.0   0.076   1.009     4.66592     2.74029    -8.82275
   123  H   1.0   0.076   1.006    -4.08521     1.21226     1.36419
   124  H   1.0   0.076   1.007    -0.08220     2.66432     4.89760
   125  H   1.0   0.075   1.005    -0.25322     5.70338     8.32670
   126  H   1.0   0.078   0.999     0.66518     7.20949    12.39981
   127  H   1.0   0.078   0.999    -2.36140     8.22749    11.30963
   128  H   1.0   0.081   0.999    -1.18372    10.41201    15.31264
   129  H   1.0   0.082   0.999    -3.86695     8.46333    15.76787
   130  H   1.0   0.082   0.999    -0.87967     7.45213    16.84672
   131  H   1.0   0.076   1.005    -3.83633     0.20428    13.03476
   132  H   1.0   0.076   1.010    -3.70500    -2.85632     9.53726
   133  H   1.0   0.076   1.007    -2.50899    -7.32892     3.97277
   134  H   1.0   0.076   1.006    -6.45020    -9.58072     3.47143
   135  H   1.0   0.079   1.000   -10.14462   -11.08098     4.35695
   136  H   1.0   0.080   1.000   -13.35110   -10.36893     3.67741
   137  H   1.0   0.081   0.999   -11.26730   -12.43629    -0.00869
   138  H   1.0   0.081   0.999    -9.04045    -9.94601    -0.17083
   139  H   1.0   0.081   0.999   -12.26319    -9.33128    -0.74852
   140  H   1.0   0.076   1.005   -10.53560    -2.70703     4.60658
   141  H   1.0   0.076   1.007    -6.51351    -0.42746     5.16198
   142  H   1.0   0.079   1.005    -5.62704     8.66118    -8.44632
   143  H   1.0   0.076   1.013    -4.28136    10.43015   -12.36958
   144  H   1.0   0.076   1.005     5.62118     7.65433   -18.30955
   145  H   1.0   0.081   0.999     8.28456    11.61936   -22.89138
   146  H   1.0   0.081   0.999     6.58532     9.41084   -24.68776
   147  H   1.0   0.082   1.000     8.25659     8.40097   -21.96410
   148  H   1.0   0.077   1.007    -0.32636    14.27593   -21.32953
 
  Z AO/shell   Hii/eV     exponent
  1     Sat Feb 20 21:38:01 CET 2016    EN: 2.327 GAM: 0.473  GM3: 0.0000
     1s    -13.751157    1.051071
  6     Sat Feb 20 21:38:01 CET 2016    EN: 2.731 GAM: 0.422  GM3: 0.0000
     2s    -19.378245    2.021003
     2p    -11.993376    1.497917
  7     Sat Feb 20 21:38:01 CET 2016    EN: 3.573 GAM: 0.504  GM3: 0.0000
     2s    -21.576984    2.275442
     2p    -16.125120    2.056788
  8     Sat Feb 20 21:38:01 CET 2016    EN: 3.700 GAM: 0.587  GM3: 0.0000
     2s    -21.648843    2.110798
     2p    -17.239740    2.329048
  9     Sat Feb 20 21:51:24 CET 2016    EN: 3.394 GAM: 0.669  GM3: 0.0000
     2s    -19.384211    2.614957
     2p    -19.426034    2.777297
 16     Sat Feb 20 23:13:41 CET 2016    EN: 1.915 GAM: 0.389  GM3: 0.0000
     3s    -22.000000    2.671470
     3p    -15.834192    1.836978
     3d     -2.593599    1.836978
 
 dipole moment of classical point charges (au)
     X       Y       Z   
   0.5161  -0.0837   0.1546  total (Debye):    1.386

 
 Nbf   :          460
 T(el) :   300.0
 calculating S/T integrals ...
 cpu time for ints   0.479031000000000     
 Nao   :          456
 making H0...
 making H1...
 cpu time for H      0.151986000000000     
 solving ...
 cpu time for diag   0.508224000000000     
 
 gap (eV)           :   2.253
 Koopmans IP (eV)   :  12.263
 Eel (Eh)           :  -365.362403
 T,E(Fermi),NFOD :    300.000   -11.137  0.000000
 T,E(Fermi),NFOD :    300.000   -11.137  0.000000
 Nfod               :  0.0000
 Nfod/Nel           :  0.0000

          eigenvalues
 #    :         221        222        223        224        225        226        227        228
 occ. :        2.000      2.000      2.000      2.000      2.000      2.000      2.000      2.000
 eps  :       -15.329    -15.158    -14.693    -14.552    -14.535    -14.525    -14.450    -14.177
 #    :         229        230        231        232        233        234        235        236
 occ. :        2.000      2.000      2.000      2.000      2.000      0.000      0.000      0.000
 eps  :       -14.118    -14.055    -14.026    -13.033    -12.264    -10.011     -9.651     -9.546
 #    :         237        238        239        240        241        242        243        244
 occ. :        0.000      0.000      0.000      0.000      0.000      0.000      0.000      0.000
 eps  :        -9.390     -8.724     -8.557     -7.756     -7.611     -7.537     -7.264     -6.811
                            1  SCC done.
 making H1...
 cpu time for H      0.604153000000000     
 solving ...
 cpu time for diag   0.342763000000000     
 
 gap (eV)           :   2.327
 Koopmans IP (eV)   :  12.506
 Eel (Eh)           :  -364.591023
 T,E(Fermi),NFOD :    300.000   -11.342  0.000000
 T,E(Fermi),NFOD :    300.000   -11.342  0.000000
 Nfod               :  0.0000
 Nfod/Nel           :  0.0000

          eigenvalues
 #    :         221        222        223        224        225        226        227        228
 occ. :        2.000      2.000      2.000      2.000      2.000      2.000      2.000      2.000
 eps  :       -14.871    -14.489    -14.435    -14.372    -14.301    -14.221    -14.208    -13.917
 #    :         229        230        231        232        233        234        235        236
 occ. :        2.000      2.000      2.000      2.000      2.000      0.000      0.000      0.000
 eps  :       -13.886    -13.808    -13.766    -13.268    -12.507    -10.180     -9.789     -9.382
 #    :         237        238        239        240        241        242        243        244
 occ. :        0.000      0.000      0.000      0.000      0.000      0.000      0.000      0.000
 eps  :        -9.296     -8.756     -8.547     -7.986     -7.785     -7.540     -7.297     -7.004
                            2  SCC done.
 
 
 Mulliken/CM5 charges    n(s)   n(p)   n(d)   
    1 C  -0.0010 -0.0487   1.153  2.848  0.000
    2 C  -0.0231 -0.0250   1.170  2.853  0.000
    3 C   0.1362  0.1717   1.174  2.690  0.000
    4 O  -0.2166 -0.2629   1.621  4.596  0.000
    5 C  -0.0228 -0.0247   1.182  2.840  0.000
    6 C  -0.0242 -0.0744   1.144  2.880  0.000
    7 C   0.0263  0.0133   1.179  2.795  0.000
    8 C  -0.0746 -0.2188   1.077  2.998  0.000
    9 C   0.0914  0.1046   1.171  2.737  0.000
   10 F  -0.1288 -0.1538   1.680  5.449  0.000
   11 C  -0.0211 -0.0685   1.141  2.880  0.000
   12 C  -0.0073 -0.0104   1.168  2.839  0.000
   13 C   0.0196  0.0190   1.196  2.785  0.000
   14 C   0.0057  0.0119   1.115  2.880  0.000
   15 C   0.0970  0.2162   1.171  2.732  0.000
   16 N  -0.2087 -0.3388   1.642  3.567  0.000
   17 C   0.0995  0.2172   1.172  2.729  0.000
   18 N  -0.2144 -0.3448   1.642  3.572  0.000
   19 C  -0.0070 -0.0012   1.165  2.842  0.000
   20 C  -0.0527 -0.1012   1.146  2.907  0.000
   21 C  -0.0419 -0.0303   1.168  2.873  0.000
   22 S   0.1165  0.0834   1.891  3.942  0.050
   23 C  -0.0447 -0.0319   1.186  2.859  0.000
   24 C   0.0001 -0.0032   1.165  2.835  0.000
   25 C  -0.0282 -0.0783   1.140  2.888  0.000
   26 C  -0.0109 -0.0163   1.199  2.812  0.000
   27 C   0.0308  0.0271   1.211  2.758  0.000
   28 C  -0.0157 -0.0243   1.181  2.834  0.000
   29 C  -0.0410 -0.0950   1.139  2.902  0.000
   30 C  -0.0528 -0.1060   1.134  2.919  0.000
   31 C   0.0793  0.0953   1.154  2.767  0.000
   32 O  -0.1556 -0.2430   1.456  4.699  0.000
   33 C   0.0412 -0.0424   1.132  2.827  0.000
   34 C  -0.0862 -0.2361   1.092  2.994  0.000
   35 C  -0.0457 -0.0966   1.132  2.913  0.000
   36 C  -0.0432 -0.0960   1.139  2.904  0.000
   37 C  -0.0184 -0.0270   1.183  2.835  0.000
   38 C  -0.0479 -0.1012   1.140  2.908  0.000
   39 C  -0.0566 -0.1097   1.134  2.923  0.000
   40 C   0.0785  0.0945   1.154  2.767  0.000
   41 O  -0.1549 -0.2422   1.456  4.699  0.000
   42 C   0.0407 -0.0428   1.132  2.828  0.000
   43 C  -0.0863 -0.2362   1.092  2.994  0.000
   44 C  -0.0423 -0.0932   1.133  2.910  0.000
   45 C  -0.0371 -0.0902   1.140  2.897  0.000
   46 C  -0.0429 -0.0425   1.190  2.853  0.000
   47 C  -0.0444 -0.0316   1.186  2.858  0.000
   48 C   0.0013 -0.0020   1.165  2.834  0.000
   49 C  -0.0274 -0.0775   1.140  2.887  0.000
   50 C  -0.0106 -0.0159   1.199  2.812  0.000
   51 C   0.0312  0.0274   1.211  2.758  0.000
   52 C  -0.0182 -0.0269   1.182  2.836  0.000
   53 C  -0.0474 -0.1006   1.140  2.908  0.000
   54 C  -0.0575 -0.1101   1.133  2.924  0.000
   55 C   0.0785  0.0946   1.153  2.768  0.000
   56 O  -0.1588 -0.2458   1.452  4.707  0.000
   57 C   0.0457 -0.0373   1.132  2.822  0.000
   58 C  -0.0793 -0.2286   1.088  2.992  0.000
   59 C  -0.0412 -0.0921   1.132  2.909  0.000
   60 C  -0.0369 -0.0900   1.140  2.897  0.000
   61 C  -0.0159 -0.0246   1.182  2.834  0.000
   62 C  -0.0438 -0.0968   1.139  2.905  0.000
   63 C  -0.0534 -0.1065   1.134  2.920  0.000
   64 C   0.0795  0.0955   1.154  2.767  0.000
   65 O  -0.1552 -0.2426   1.456  4.699  0.000
   66 C   0.0411 -0.0425   1.132  2.827  0.000
   67 C  -0.0862 -0.2361   1.092  2.994  0.000
   68 C  -0.0452 -0.0962   1.133  2.913  0.000
   69 C  -0.0408 -0.0945   1.139  2.902  0.000
   70 C  -0.0432 -0.0428   1.191  2.853  0.000
   71 C  -0.0579 -0.0433   1.191  2.867  0.000
   72 S   0.1354  0.1035   1.893  3.910  0.062
   73 S   0.1181  0.0850   1.891  3.941  0.050
   74 C  -0.0412 -0.0296   1.168  2.873  0.000
   75 C  -0.0520 -0.1005   1.146  2.906  0.000
   76 C  -0.0065 -0.0007   1.165  2.842  0.000
   77 S   0.1350  0.1033   1.893  3.910  0.062
   78 C  -0.0577 -0.0430   1.190  2.867  0.000
   79 C  -0.0005 -0.0482   1.153  2.847  0.000
   80 C  -0.0230 -0.0248   1.170  2.853  0.000
   81 C   0.1363  0.1717   1.174  2.690  0.000
   82 O  -0.2168 -0.2632   1.621  4.596  0.000
   83 C  -0.0228 -0.0247   1.182  2.840  0.000
   84 C  -0.0244 -0.0746   1.144  2.880  0.000
   85 C   0.0260  0.0131   1.179  2.795  0.000
   86 C  -0.0747 -0.2188   1.077  2.998  0.000
   87 C   0.0913  0.1044   1.171  2.737  0.000
   88 F  -0.1289 -0.1539   1.680  5.449  0.000
   89 C  -0.0212 -0.0685   1.141  2.880  0.000
   90 C  -0.0071 -0.0102   1.168  2.839  0.000
   91 C   0.0196  0.0190   1.196  2.785  0.000
   92 C   0.0058  0.0120   1.115  2.880  0.000
   93 C   0.0996  0.2173   1.172  2.729  0.000
   94 N  -0.2141 -0.3446   1.642  3.572  0.000
   95 C   0.0970  0.2162   1.171  2.732  0.000
   96 N  -0.2089 -0.3390   1.642  3.567  0.000
   97 H   0.0623  0.1304   0.938  0.000  0.000
   98 H   0.0542  0.1135   0.946  0.000  0.000
   99 H   0.0423  0.0955   0.958  0.000  0.000
  100 H   0.0466  0.0999   0.953  0.000  0.000
  101 H   0.0467  0.0999   0.953  0.000  0.000
  102 H   0.0565  0.1214   0.943  0.000  0.000
  103 H   0.0631  0.1211   0.937  0.000  0.000
  104 H   0.0486  0.1079   0.951  0.000  0.000
  105 H   0.0423  0.1022   0.958  0.000  0.000
  106 H   0.0407  0.1009   0.959  0.000  0.000
  107 H   0.0404  0.1046   0.960  0.000  0.000
  108 H   0.0408  0.1037   0.959  0.000  0.000
  109 H   0.0387  0.0908   0.961  0.000  0.000
  110 H   0.0313  0.0860   0.969  0.000  0.000
  111 H   0.0308  0.0849   0.969  0.000  0.000
  112 H   0.0380  0.0985   0.962  0.000  0.000
  113 H   0.0394  0.0998   0.961  0.000  0.000
  114 H   0.0404  0.1008   0.960  0.000  0.000
  115 H   0.0400  0.1002   0.960  0.000  0.000
  116 H   0.0399  0.1028   0.960  0.000  0.000
  117 H   0.0406  0.1048   0.959  0.000  0.000
  118 H   0.0312  0.0859   0.969  0.000  0.000
  119 H   0.0313  0.0854   0.969  0.000  0.000
  120 H   0.0385  0.0907   0.961  0.000  0.000
  121 H   0.0399  0.1005   0.960  0.000  0.000
  122 H   0.0454  0.1071   0.955  0.000  0.000
  123 H   0.0494  0.1087   0.951  0.000  0.000
  124 H   0.0403  0.1004   0.960  0.000  0.000
  125 H   0.0382  0.0981   0.962  0.000  0.000
  126 H   0.0375  0.1000   0.963  0.000  0.000
  127 H   0.0376  0.1001   0.962  0.000  0.000
  128 H   0.0367  0.0889   0.963  0.000  0.000
  129 H   0.0319  0.0864   0.968  0.000  0.000
  130 H   0.0318  0.0863   0.968  0.000  0.000
  131 H   0.0404  0.1009   0.960  0.000  0.000
  132 H   0.0453  0.1072   0.955  0.000  0.000
  133 H   0.0403  0.1007   0.960  0.000  0.000
  134 H   0.0407  0.1009   0.959  0.000  0.000
  135 H   0.0407  0.1036   0.959  0.000  0.000
  136 H   0.0404  0.1046   0.960  0.000  0.000
  137 H   0.0387  0.0908   0.961  0.000  0.000
  138 H   0.0315  0.0862   0.968  0.000  0.000
  139 H   0.0310  0.0850   0.969  0.000  0.000
  140 H   0.0382  0.0987   0.962  0.000  0.000
  141 H   0.0413  0.1012   0.959  0.000  0.000
  142 H   0.0632  0.1212   0.937  0.000  0.000
  143 H   0.0624  0.1305   0.938  0.000  0.000
  144 H   0.0539  0.1133   0.946  0.000  0.000
  145 H   0.0467  0.0998   0.953  0.000  0.000
  146 H   0.0466  0.0999   0.953  0.000  0.000
  147 H   0.0422  0.0953   0.958  0.000  0.000
  148 H   0.0566  0.1216   0.943  0.000  0.000
 Hirshfeld charges for QMDFF written to <charges>
 
 Loewdin charges    n(s)   n(p)   n(d)
    1 C   0.0062   1.099  2.894  0.000
    2 C  -0.0314   1.133  2.899  0.000
    3 C   0.1274   1.140  2.733  0.000
    4 O  -0.1977   1.589  4.608  0.000
    5 C  -0.0254   1.142  2.883  0.000
    6 C  -0.0198   1.091  2.929  0.000
    7 C   0.0311   1.136  2.833  0.000
    8 C  -0.0762   1.002  3.074  0.000
    9 C   0.0841   1.136  2.780  0.000
   10 F  -0.1112   1.663  5.449  0.000
   11 C  -0.0214   1.089  2.932  0.000
   12 C  -0.0032   1.126  2.878  0.000
   13 C   0.0306   1.152  2.818  0.000
   14 C  -0.0062   1.074  2.933  0.000
   15 C   0.0910   1.137  2.772  0.000
   16 N  -0.1979   1.604  3.594  0.000
   17 C   0.0939   1.138  2.769  0.000
   18 N  -0.2034   1.604  3.599  0.000
   19 C   0.0150   1.120  2.865  0.000
   20 C  -0.0486   1.094  2.954  0.000
   21 C  -0.0188   1.124  2.895  0.000
   22 S   0.0778   1.878  3.941  0.103
   23 C  -0.0193   1.140  2.879  0.000
   24 C   0.0019   1.123  2.875  0.000
   25 C  -0.0266   1.088  2.939  0.000
   26 C  -0.0085   1.159  2.850  0.000
   27 C   0.0381   1.170  2.792  0.000
   28 C  -0.0129   1.140  2.873  0.000
   29 C  -0.0352   1.086  2.950  0.000
   30 C  -0.0521   1.082  2.970  0.000
   31 C   0.0705   1.118  2.812  0.000
   32 O  -0.1183   1.419  4.700  0.000
   33 C   0.0368   1.076  2.887  0.000
   34 C  -0.0888   1.019  3.070  0.000
   35 C  -0.0439   1.080  2.964  0.000
   36 C  -0.0374   1.085  2.952  0.000
   37 C  -0.0152   1.142  2.874  0.000
   38 C  -0.0421   1.086  2.956  0.000
   39 C  -0.0559   1.082  2.974  0.000
   40 C   0.0699   1.118  2.812  0.000
   41 O  -0.1177   1.419  4.699  0.000
   42 C   0.0364   1.076  2.888  0.000
   43 C  -0.0889   1.019  3.070  0.000
   44 C  -0.0403   1.080  2.960  0.000
   45 C  -0.0311   1.086  2.945  0.000
   46 C  -0.0483   1.154  2.894  0.000
   47 C  -0.0191   1.141  2.879  0.000
   48 C   0.0031   1.123  2.874  0.000
   49 C  -0.0258   1.088  2.938  0.000
   50 C  -0.0083   1.159  2.849  0.000
   51 C   0.0384   1.170  2.791  0.000
   52 C  -0.0151   1.141  2.874  0.000
   53 C  -0.0416   1.086  2.955  0.000
   54 C  -0.0565   1.082  2.975  0.000
   55 C   0.0698   1.118  2.813  0.000
   56 O  -0.1219   1.414  4.707  0.000
   57 C   0.0418   1.077  2.882  0.000
   58 C  -0.0812   1.014  3.067  0.000
   59 C  -0.0392   1.080  2.959  0.000
   60 C  -0.0310   1.086  2.945  0.000
   61 C  -0.0131   1.141  2.873  0.000
   62 C  -0.0381   1.085  2.953  0.000
   63 C  -0.0528   1.082  2.971  0.000
   64 C   0.0706   1.118  2.812  0.000
   65 O  -0.1180   1.419  4.699  0.000
   66 C   0.0367   1.076  2.887  0.000
   67 C  -0.0888   1.019  3.070  0.000
   68 C  -0.0433   1.080  2.963  0.000
   69 C  -0.0350   1.085  2.950  0.000
   70 C  -0.0487   1.155  2.894  0.000
   71 C  -0.0335   1.146  2.888  0.000
   72 S   0.0911   1.880  3.910  0.119
   73 S   0.0794   1.878  3.940  0.103
   74 C  -0.0182   1.124  2.894  0.000
   75 C  -0.0479   1.094  2.954  0.000
   76 C   0.0155   1.120  2.865  0.000
   77 S   0.0907   1.880  3.910  0.120
   78 C  -0.0332   1.145  2.888  0.000
   79 C   0.0066   1.099  2.894  0.000
   80 C  -0.0313   1.132  2.899  0.000
   81 C   0.1274   1.140  2.733  0.000
   82 O  -0.1979   1.589  4.609  0.000
   83 C  -0.0254   1.142  2.883  0.000
   84 C  -0.0200   1.091  2.929  0.000
   85 C   0.0309   1.136  2.833  0.000
   86 C  -0.0763   1.002  3.074  0.000
   87 C   0.0839   1.136  2.780  0.000
   88 F  -0.1113   1.663  5.449  0.000
   89 C  -0.0215   1.089  2.932  0.000
   90 C  -0.0031   1.125  2.878  0.000
   91 C   0.0306   1.152  2.818  0.000
   92 C  -0.0060   1.074  2.933  0.000
   93 C   0.0940   1.137  2.769  0.000
   94 N  -0.2031   1.604  3.599  0.000
   95 C   0.0910   1.137  2.772  0.000
   96 N  -0.1981   1.604  3.594  0.000
   97 H   0.0520   0.948  0.000  0.000
   98 H   0.0442   0.956  0.000  0.000
   99 H   0.0412   0.959  0.000  0.000
  100 H   0.0449   0.955  0.000  0.000
  101 H   0.0451   0.955  0.000  0.000
  102 H   0.0456   0.954  0.000  0.000
  103 H   0.0531   0.947  0.000  0.000
  104 H   0.0395   0.961  0.000  0.000
  105 H   0.0346   0.965  0.000  0.000
  106 H   0.0343   0.966  0.000  0.000
  107 H   0.0347   0.965  0.000  0.000
  108 H   0.0359   0.964  0.000  0.000
  109 H   0.0386   0.961  0.000  0.000
  110 H   0.0312   0.969  0.000  0.000
  111 H   0.0303   0.970  0.000  0.000
  112 H   0.0300   0.970  0.000  0.000
  113 H   0.0316   0.968  0.000  0.000
  114 H   0.0328   0.967  0.000  0.000
  115 H   0.0337   0.966  0.000  0.000
  116 H   0.0351   0.965  0.000  0.000
  117 H   0.0348   0.965  0.000  0.000
  118 H   0.0312   0.969  0.000  0.000
  119 H   0.0307   0.969  0.000  0.000
  120 H   0.0384   0.962  0.000  0.000
  121 H   0.0316   0.968  0.000  0.000
  122 H   0.0370   0.963  0.000  0.000
  123 H   0.0402   0.960  0.000  0.000
  124 H   0.0326   0.967  0.000  0.000
  125 H   0.0316   0.968  0.000  0.000
  126 H   0.0322   0.968  0.000  0.000
  127 H   0.0323   0.968  0.000  0.000
  128 H   0.0366   0.963  0.000  0.000
  129 H   0.0311   0.969  0.000  0.000
  130 H   0.0311   0.969  0.000  0.000
  131 H   0.0321   0.968  0.000  0.000
  132 H   0.0370   0.963  0.000  0.000
  133 H   0.0325   0.968  0.000  0.000
  134 H   0.0343   0.966  0.000  0.000
  135 H   0.0357   0.964  0.000  0.000
  136 H   0.0347   0.965  0.000  0.000
  137 H   0.0385   0.961  0.000  0.000
  138 H   0.0314   0.969  0.000  0.000
  139 H   0.0304   0.970  0.000  0.000
  140 H   0.0302   0.970  0.000  0.000
  141 H   0.0336   0.966  0.000  0.000
  142 H   0.0531   0.947  0.000  0.000
  143 H   0.0521   0.948  0.000  0.000
  144 H   0.0440   0.956  0.000  0.000
  145 H   0.0450   0.955  0.000  0.000
  146 H   0.0449   0.955  0.000  0.000
  147 H   0.0410   0.959  0.000  0.000
  148 H   0.0457   0.954  0.000  0.000
 
 Wiberg/Mayer (AO) data. WBOs > 0.1 written file <wbo>
 largest (>0.05) Wiberg bond orders for each atom
           total WBO             WBO to atom ...
     1  C   3.930    C    2 1.495    C   19 1.264    H   97 0.918
     2  C   3.909    C    1 1.495    C   13 1.099    C    3 1.024    C   20 0.071    O    4 0.063
     3  C   3.906    O    4 1.751    C    2 1.024    C    5 0.989
     4  O   2.182    C    3 1.751    S   72 0.066    C    2 0.063    C    5 0.055
     5  C   3.938    C    6 1.391    C   12 1.270    C    3 0.989    C    9 0.086    O    4 0.055
     6  C   3.963    C    5 1.391    C    7 1.390    H   98 0.941    C   11 0.086
     7  C   3.929    C    6 1.390    C    9 1.338    C    8 0.996    C   12 0.089
     8  C   3.982    C    7 0.996    H   99 0.979    H  100 0.970    H  101 0.969
     9  C   3.906    C   11 1.399    C    7 1.338    F   10 0.972    C    5 0.086
    10  F   1.098    C    9 0.972
    11  C   3.958    C    9 1.399    C   12 1.377    H  102 0.936    C    6 0.086
    12  C   3.949    C   11 1.377    C    5 1.270    C   13 1.047    C    7 0.089
    13  C   3.932    C   14 1.467    C    2 1.099    C   12 1.047    N   18 0.091    N   16 0.091
    14  C   3.929    C   13 1.467    C   17 1.063    C   15 1.060    N   18 0.080    N   16 0.079
    15  C   3.939    N   16 2.789    C   14 1.060
    16  N   3.046    C   15 2.789    C   13 0.091    C   14 0.079
    17  C   3.939    N   18 2.778    C   14 1.063
    18  N   3.043    C   17 2.778    C   13 0.091    C   14 0.080
    19  C   3.920    C   20 1.388    C    1 1.264    S   72 1.065    C   71 0.055
    20  C   3.936    C   19 1.388    C   21 1.365    H  103 0.936    S   72 0.075    C    2 0.071
    21  C   3.920    C   20 1.365    C   71 1.268    S   22 1.078    C   23 0.055
    22  S   2.501    C   23 1.117    C   21 1.078    C   70 0.071
    23  C   3.884    C   70 1.423    S   22 1.117    C   24 1.112    C   21 0.055
    24  C   3.924    C   25 1.324    C   50 1.260    C   23 1.112    C   48 0.076
    25  C   3.948    C   26 1.460    C   24 1.324    H  104 0.941    C   49 0.075
    26  C   3.919    C   25 1.460    C   48 1.260    C   27 0.923    C   50 0.088
    27  C   3.923    C   46 0.925    C   26 0.923    C   37 0.921    C   28 0.921
    28  C   3.945    C   29 1.396    C   36 1.380    C   27 0.921    C   31 0.101
    29  C   3.970    C   30 1.439    C   28 1.396    H  105 0.943    C   35 0.105
    30  C   3.969    C   29 1.439    C   31 1.365    H  106 0.943    C   36 0.103    O   32 0.054
    31  C   3.938    C   30 1.365    C   35 1.358    O   32 1.049    C   28 0.101
    32  O   2.241    C   31 1.049    C   33 0.979    C   30 0.054
    33  C   3.941    C   34 1.001    O   32 0.979    H  107 0.977    H  108 0.965
    34  C   3.984    C   33 1.001    H  111 0.985    H  110 0.983    H  109 0.979
    35  C   3.972    C   36 1.459    C   31 1.358    H  112 0.946    C   29 0.105
    36  C   3.971    C   35 1.459    C   28 1.380    H  113 0.944    C   30 0.103
    37  C   3.944    C   38 1.404    C   45 1.370    C   27 0.921    C   40 0.100
    38  C   3.970    C   39 1.431    C   37 1.404    H  114 0.942    C   44 0.104
    39  C   3.970    C   38 1.431    C   40 1.371    H  115 0.943    C   45 0.103    O   41 0.054
    40  C   3.937    C   39 1.371    C   44 1.352    O   41 1.048    C   37 0.100
    41  O   2.240    C   40 1.048    C   42 0.980    C   39 0.054
    42  C   3.941    C   43 1.001    O   41 0.980    H  117 0.977    H  116 0.965
    43  C   3.984    C   42 1.001    H  119 0.985    H  118 0.983    H  120 0.979
    44  C   3.970    C   45 1.467    C   40 1.352    H  121 0.946    C   38 0.104
    45  C   3.969    C   44 1.467    C   37 1.370    H  122 0.943    C   39 0.103
    46  C   3.916    C   47 1.422    C   78 1.276    C   27 0.925    S   73 0.071
    47  C   3.884    C   46 1.422    S   73 1.117    C   48 1.111    C   74 0.055
    48  C   3.923    C   49 1.324    C   26 1.260    C   47 1.111    C   24 0.076
    49  C   3.948    C   50 1.459    C   48 1.324    H  123 0.940    C   25 0.075
    50  C   3.919    C   49 1.459    C   24 1.260    C   51 0.923    C   26 0.088
    51  C   3.923    C   70 0.925    C   50 0.923    C   52 0.921    C   61 0.919
    52  C   3.945    C   53 1.407    C   60 1.367    C   51 0.921    C   55 0.100
    53  C   3.970    C   54 1.429    C   52 1.407    H  124 0.943    C   59 0.104
    54  C   3.970    C   53 1.429    C   55 1.372    H  125 0.944    C   60 0.103    O   56 0.056
    55  C   3.937    C   54 1.372    C   59 1.349    O   56 1.051    C   52 0.100
    56  O   2.232    C   55 1.051    C   57 0.974    C   54 0.056
    57  C   3.942    C   58 1.014    O   56 0.974    H  126 0.968    H  127 0.968
    58  C   3.986    C   57 1.014    H  130 0.985    H  129 0.985    H  128 0.980
    59  C   3.970    C   60 1.470    C   55 1.349    H  131 0.946    C   53 0.104
    60  C   3.970    C   59 1.470    C   52 1.367    H  132 0.942    C   54 0.103
    61  C   3.945    C   62 1.403    C   69 1.373    C   51 0.919    C   64 0.101
    62  C   3.971    C   63 1.433    C   61 1.403    H  133 0.943    C   68 0.104
    63  C   3.971    C   62 1.433    C   64 1.370    H  134 0.943    C   69 0.104    O   65 0.055
    64  C   3.938    C   63 1.370    C   68 1.353    O   65 1.049    C   61 0.101
    65  O   2.241    C   64 1.049    C   66 0.979    C   63 0.055
    66  C   3.941    C   67 1.001    O   65 0.979    H  136 0.977    H  135 0.965
    67  C   3.984    C   66 1.001    H  139 0.985    H  138 0.983    H  137 0.979
    68  C   3.971    C   69 1.465    C   64 1.353    H  140 0.946    C   62 0.104
    69  C   3.970    C   68 1.465    C   61 1.373    H  141 0.944    C   63 0.104
    70  C   3.916    C   23 1.423    C   71 1.275    C   51 0.925    S   22 0.071
    71  C   3.920    C   70 1.275    C   21 1.268    S   72 1.108    C   19 0.055
    72  S   2.566    C   71 1.108    C   19 1.065    C   20 0.075    O    4 0.066
    73  S   2.498    C   47 1.117    C   74 1.078    C   46 0.071
    74  C   3.920    C   75 1.365    C   78 1.268    S   73 1.078    C   47 0.055
    75  C   3.936    C   76 1.388    C   74 1.365    H  142 0.936    S   77 0.075    C   80 0.071
    76  C   3.920    C   75 1.388    C   79 1.265    S   77 1.066    C   78 0.055
    77  S   2.567    C   78 1.108    C   76 1.066    C   75 0.075    O   82 0.067
    78  C   3.921    C   46 1.276    C   74 1.268    S   77 1.108    C   76 0.055
    79  C   3.926    C   80 1.494    C   76 1.265    H  143 0.918
    80  C   3.909    C   79 1.494    C   91 1.099    C   81 1.024    C   75 0.071    O   82 0.063
    81  C   3.906    O   82 1.750    C   80 1.024    C   83 0.989
    82  O   2.182    C   81 1.750    S   77 0.067    C   80 0.063    C   83 0.055
    83  C   3.938    C   84 1.391    C   90 1.270    C   81 0.989    C   87 0.086    O   82 0.055
    84  C   3.963    C   83 1.391    C   85 1.390    H  144 0.941    C   89 0.086
    85  C   3.929    C   84 1.390    C   87 1.338    C   86 0.996    C   90 0.089
    86  C   3.982    C   85 0.996    H  147 0.979    H  146 0.970    H  145 0.969
    87  C   3.906    C   89 1.399    C   85 1.338    F   88 0.972    C   83 0.086
    88  F   1.098    C   87 0.972
    89  C   3.958    C   87 1.399    C   90 1.377    H  148 0.936    C   84 0.086
    90  C   3.949    C   89 1.377    C   83 1.270    C   91 1.046    C   85 0.089
    91  C   3.932    C   92 1.467    C   80 1.099    C   90 1.046    N   94 0.091    N   96 0.091
    92  C   3.929    C   91 1.467    C   93 1.062    C   95 1.060    N   94 0.080    N   96 0.079
    93  C   3.939    N   94 2.779    C   92 1.062
    94  N   3.043    C   93 2.779    C   91 0.091    C   92 0.080
    95  C   3.939    N   96 2.789    C   92 1.060
    96  N   3.046    C   95 2.789    C   91 0.091    C   92 0.079
    97  H   0.993    C    1 0.918
    98  H   0.995    C    6 0.941
    99  H   0.997    C    8 0.979
   100  H   0.995    C    8 0.970
   101  H   0.995    C    8 0.969
   102  H   0.994    C   11 0.936
   103  H   0.994    C   20 0.936
   104  H   0.994    C   25 0.941
   105  H   0.998    C   29 0.943
   106  H   0.997    C   30 0.943
   107  H   0.998    C   33 0.977
   108  H   0.998    C   33 0.965
   109  H   0.998    C   34 0.979
   110  H   0.999    C   34 0.983
   111  H   0.999    C   34 0.985
   112  H   0.997    C   35 0.946
   113  H   0.998    C   36 0.944
   114  H   0.998    C   38 0.942
   115  H   0.996    C   39 0.943
   116  H   0.998    C   42 0.965
   117  H   0.998    C   42 0.977
   118  H   0.999    C   43 0.983
   119  H   0.999    C   43 0.985
   120  H   0.998    C   43 0.979
   121  H   0.997    C   44 0.946
   122  H   0.997    C   45 0.943
   123  H   0.994    C   49 0.940
   124  H   0.998    C   53 0.943
   125  H   0.997    C   54 0.944
   126  H   0.999    C   57 0.968
   127  H   0.999    C   57 0.968
   128  H   0.998    C   58 0.980
   129  H   0.999    C   58 0.985
   130  H   0.999    C   58 0.985
   131  H   0.997    C   59 0.946
   132  H   0.997    C   60 0.942
   133  H   0.998    C   62 0.943
   134  H   0.996    C   63 0.943
   135  H   0.998    C   66 0.965
   136  H   0.998    C   66 0.977
   137  H   0.998    C   67 0.979
   138  H   0.999    C   67 0.983
   139  H   0.999    C   67 0.985
   140  H   0.997    C   68 0.946
   141  H   0.998    C   69 0.944
   142  H   0.994    C   75 0.936
   143  H   0.993    C   79 0.918
   144  H   0.995    C   84 0.941
   145  H   0.995    C   86 0.969
   146  H   0.995    C   86 0.970
   147  H   0.997    C   86 0.979
   148  H   0.994    C   89 0.936
 
 --------------------------------------------
          xTB calculation for sTDA...
 --------------------------------------------
 
 reading parameter file /ihome/ghutchison/blp62/xtb4stda/.param_stda2.xtb
 
      method parameters     
 k(s)        :  1.6000
 k(p)        :  2.1800
 k(d)        :  1.9500
 k(f)        :  2.0000
 k(R-V)      :  2.2750
 k(R-R)      :  1.7650
 Tscal       :  0.2580
 Gscal       :  1.0000
 fpol        :  1.0000
 Zcnf        :  0.3430
 Zqf         :  0.0000
 kcn         :  2.7000
 Ryd Hsplit  :  0.7000
 lshift(virt):  3.1000
 lshift(OS)  :  0.2000
 wllscaling  :  2.6000
 
 mowrcut     : 3.000
 
  Z AO/shell   Hii/eV     exponent
  1     Sun Feb 14 09:53:25 CET 2016    EN: 2.327 GAM: 0.473  GM3: 0.0000
     1s    -14.339618    1.220000
     2sp    -3.348946    0.600000
  6     Sun Feb 14 09:53:25 CET 2016    EN: 2.731 GAM: 0.422  GM3: 0.0000
     2s    -22.009312    1.565095
     2p    -13.020408    1.596905
     3sp    -3.914040    0.824500
  7     Sun Feb 14 09:53:25 CET 2016    EN: 3.573 GAM: 0.504  GM3: 0.0000
     2s    -25.722000    2.064844
     2p    -18.684912    1.801692
     3sp    -4.344791    0.921400
  8     Sun Feb 14 09:53:25 CET 2016    EN: 3.700 GAM: 0.587  GM3: 0.0000
     2s    -33.859000    2.418661
     2p    -22.175911    1.973969
     3sp    -4.259392    1.013700
  9     Sun Feb 21 12:20:01 CET 2016    EN: 3.394 GAM: 0.600  GM3: 0.0000
     2s    -26.548112    1.943768
     2p    -23.081168    2.552035
     3sp    -1.937199    1.103200
 16     Sun Feb 21 16:35:57 CET 2016    EN: 1.915 GAM: 0.200  GM3: 0.0000
     3s    -17.898811    2.619580
     3p    -15.317401    1.798798
     4sp    -4.455139    0.843200
 
 Nbf   :         1028
 T(el) :     0.0
 calculating S/T integrals ...
 cpu time for ints    2.52533100000000     
 Nao   :         1028
 making H0...
 making H1...
 cpu time for H      2.276399999999956E-002
 solving ...
 cpu time for diag    3.38025700000000     
 
 gap (eV)           :   4.860
 Koopmans IP (eV)   :  13.913
 Eel (Eh)           :  -407.946100

          eigenvalues
 #    :         221        222        223        224        225        226        227        228
 occ. :        2.000      2.000      2.000      2.000      2.000      2.000      2.000      2.000
 eps  :       -16.170    -16.152    -16.127    -16.009    -15.811    -15.194    -15.159    -15.050
 #    :         229        230        231        232        233        234        235        236
 occ. :        2.000      2.000      2.000      2.000      2.000      0.000      0.000      0.000
 eps  :       -15.027    -14.937    -14.926    -14.545    -13.914     -9.054     -8.840     -8.595
 #    :         237        238        239        240        241        242        243        244
 occ. :        0.000      0.000      0.000      0.000      0.000      0.000      0.000      0.000
 eps  :        -8.461     -7.282     -6.634     -6.404     -6.125     -5.867     -5.850     -5.817
                            1  SCC done.
 writing mo output ...
 molden style : F
 
speedup  3.62
cpu  time for all    8.87 s
wall time for all    2.45 s
