 
        ______________________________________
       |                                      |
       |          ===================         |
       |             xTB for sTDA             |
       |          ===================         |
       |               S. Grimme              |
       |        Universitaet Bonn, MCTC       |
       |         2015-19, Version 1.0         |
       |     Wed Apr  3 09:14:55 CEST 2019    |
       |______________________________________|
 
        This code comes without any warranty
        for non-commercial, academia use only.
        Preliminary test version.
        Cite this work as:
        S. Grimme  &  C. Bannwarth, JCP 145 (2016) 054103
        if GBSA is used additionally:
        P. Shushkov, F. März, C. Bannwarth, S. Grimme, unpublished.
 
        with help from
        P. Shushkov, G. Brandenburg, S. Dohm, J. Pisarek,
        F. März, M. Checinski, S. Ehrlich, S. Spicher, 
        P. Pracht, E. Caldeweyher, S. Ehlert, and C. Bannwarth.
 
        usage        :
        xtb4stda <coord_file> [options]
        where <coord_file> is a valid file of TM)
        (*coord, Bohr) or xmol (*xyz, Angstroem)
        format.

        options:
        -chrg <int>   : molecular charge
        -uhf  <int>   : # of unpaired electrons(=2*S)
        -nox          : skip second, extended part in sTDA-xTB
        -pop          : do population analysis
                      : (default for -nox)
        -mowr <real>  : cut MO write above (def.3 Eh)
        -molden       : write formatted molden file
        -parx <file>  : read parameters for sTDA-xTB
                        calc (def:~/.param_stda2.xtb)
        -parv <file>  : read parameters for vTB part in
                        sTDA-xTB (def: ~/.param_stda1.xtb)
        -xtemp <real> : el. temp for xTB (def. 0 K)
        -etemp <real> : el. temp for GFN (def. 300 K)
        -fod          : calculate the FOD and write
                        molden.input file with
                        appropriate occupations
                        for plotting. Def. T=12500 K
 
        -acc <real>   : xTB accuracy (def. 1.0)
        -gbsa [string1] [string2]
                        use GBSA implicit solvent
                        for solvent [string1] and
                        solvation state [string2]=
                        reference, bar1M (default=1M)
        additional GFN/opt/MD/siman options read from
        $XTB4STDAHOME/.xtb4stdarc or $set in input
 
       spin and charge state information can be on:
       <.CHRG> (charge) and <.UHF> (=nalpha-nbeta)
       -uhf and -chrg override the file info.
       useful machine settings:
       setenv MKL_NUM_THREADS <NCORE_ON_YOUR_MACHINE>
       setenv OMP_STACKSIZE 500m
       limit stacksize unlimited
 
       total energies in Eh, gaps/HL energies in eV
       please read REVISION and HOWTO files carefully
 =============================
  # OMP threads =           8
 =============================
 
 xtb4stdahome directory:/ihome/ghutchison/blp62/xtb4stda/
 
 
 name of molecule           :
 comment line               :
 number of atoms            :    97
 number of electrons        :   344
 charge                     :  0
 spin                       : 0.0
 first test random number   :  0.7726
 
 -----------------------------------------
      charge density (VTB) calculation
 -----------------------------------------
 
      method parameters     
 k(s)        :  1.8000
 k(p)        :  2.8350
 k(d)        :  2.0860
 k(f)        :  2.0000
 Tscal       :  0.3300
 Gscal       :  0.3910
 fpol        :  1.0000
 Zcnf        :  0.6500
 Zqf         :  0.0000
 kcn         :  0.3000
 kEN1        : -0.5900
 wllscal     :  2.6000
 
     -------------------------
     ! NO SOLVENT MODEL USED !
     -------------------------
 
 doing EN charges ...
 sum q : -0.2442491D-14
 point charge moment (au)
     X       Y       Z   
  -0.4009   0.1545   0.3774  total (Debye):    1.454
 
            Z      q(EN)   CN      Cart. coordinates
     1  C   4.0  -0.072   3.208    -9.53858    11.67737    -0.92162
     2  C   4.0  -0.005   3.294   -10.91827    10.98706    -2.99011
     3  C   4.0   0.102   3.226   -13.63551    11.65810    -3.14394
     4  O   6.0  -0.105   1.049   -14.76500    13.15589    -1.83908
     5  C   4.0  -0.005   3.348   -14.66786    10.00837    -5.15763
     6  C   4.0  -0.076   3.245   -17.14189     9.71168    -5.92410
     7  C   4.0  -0.077   3.235   -17.65458     7.99449    -7.84463
     8  CL  7.0   0.082   1.276   -20.71234     7.56968    -8.84637
     9  C   4.0  -0.077   3.236   -15.69587     6.61310    -8.96165
    10  CL  7.0   0.082   1.282   -16.36503     4.48243   -11.31625
    11  C   4.0  -0.077   3.255   -13.20068     6.93133    -8.20047
    12  C   4.0  -0.005   3.352   -12.68838     8.63756    -6.28617
    13  C   4.0  -0.010   3.338   -10.30279     9.43559    -5.15045
    14  C   4.0  -0.040   3.141    -7.96349     9.19937    -6.24120
    15  C   4.0   0.238   2.145    -7.45384     7.69440    -8.37470
    16  N   5.0  -0.216   1.027    -6.91224     6.43697   -10.05788
    17  C   4.0   0.232   2.194    -5.83812    10.57150    -5.40065
    18  N   5.0  -0.217   1.038    -4.10486    11.74578    -4.83165
    19  C   4.0  -0.081   3.235    -7.29548    10.60911     0.02835
    20  C   4.0  -0.008   3.394    -5.67749    11.69136     1.79959
    21  C   4.0  -0.173   4.062    -5.90331    14.32412     2.77412
    22  C   4.0  -0.243   4.032    -4.86926    16.20383     0.83280
    23  C   4.0  -0.107   3.491    -3.68024    10.07356     2.39636
    24  S   6.0   0.229   2.434    -1.09699    10.38234     4.43443
    25  C   4.0  -0.089   3.408    -0.13379     7.37976     3.59010
    26  C   4.0   0.008   3.423     1.76141     5.63554     4.20162
    27  C   4.0   0.075   3.659     3.64056     5.68259     6.09777
    28  C   4.0   0.075   3.659     5.11813     3.45329     6.52768
    29  N   5.0  -0.299   2.147     6.70059     3.71256     8.44745
    30  S   6.0   0.428   2.893     6.37046     6.52296     9.60510
    31  N   5.0  -0.299   2.147     4.18839     7.51752     7.70687
    32  C   4.0   0.008   3.419     4.82938     1.37572     4.87530
    33  C   4.0  -0.088   3.401     6.16844    -0.90064     4.69200
    34  S   6.0   0.226   2.425     8.53155    -2.51107     6.27068
    35  C   4.0  -0.105   3.480     8.37300    -4.88173     3.95860
    36  C   4.0  -0.008   3.391     9.70714    -7.11217     3.62657
    37  C   4.0  -0.174   4.063    11.64978    -8.01905     5.46112
    38  C   4.0  -0.243   4.030    10.48174    -9.85757     7.36691
    39  C   4.0  -0.079   3.221     8.90779    -8.40342     1.43978
    40  S   6.0   0.227   2.670     6.48422    -6.76597    -0.16989
    41  C   4.0  -0.095   3.396     6.55716    -4.41005     2.07265
    42  C   4.0   0.072   3.690     5.29350    -2.13709     2.52089
    43  N   5.0  -0.290   3.265     3.41606    -0.74871     1.39481
    44  C   4.0   0.098   3.456     3.07666     1.41616     2.82779
    45  C   4.0   0.101   3.452     1.35248     3.46273     2.65903
    46  N   5.0  -0.296   3.270    -0.80597     3.85504     1.24703
    47  C   4.0   0.075   3.684    -1.70189     6.21512     1.80053
    48  C   4.0  -0.097   3.405    -3.75318     7.73710     1.14593
    49  S   6.0   0.228   2.607    -6.35742     7.51676    -0.79425
    50  C   4.0  -0.096   4.085    -2.36216     2.12008    -0.17593
    51  C   4.0  -0.241   4.028    -2.24235     2.63655    -3.01430
    52  C   4.0  -0.101   4.093     2.95893    -1.14026    -1.27670
    53  C   4.0  -0.239   4.028     4.63625     0.58846    -2.86558
    54  C   4.0  -0.074   3.202     9.94487   -10.70322     0.67463
    55  C   4.0  -0.003   3.278     9.42255   -12.21859    -1.37572
    56  C   4.0   0.103   3.240     7.55645   -11.71044    -3.34822
    57  O   6.0  -0.121   1.222     6.13065    -9.91086    -3.52585
    58  C   4.0  -0.006   3.355     7.73578   -13.84016    -5.14591
    59  C   4.0  -0.067   3.178     6.37480   -14.23039    -7.33667
    60  C   4.0   0.024   3.178     6.90052   -16.38922    -8.72241
    61  F   7.0  -0.026   1.064     5.62930   -16.84464   -10.86177
    62  C   4.0   0.024   3.180     8.74206   -18.08997    -7.90888
    63  F   7.0  -0.026   1.067     9.21204   -20.15884    -9.28290
    64  C   4.0  -0.068   3.186    10.10796   -17.69558    -5.70546
    65  C   4.0  -0.006   3.351     9.59508   -15.54035    -4.30933
    66  C   4.0  -0.008   3.325    10.67563   -14.58320    -1.94774
    67  C   4.0  -0.037   3.119    12.52869   -15.76939    -0.57750
    68  C   4.0   0.235   2.162    13.57485   -14.90257     1.71587
    69  N   5.0  -0.215   1.028    14.52160   -14.32941     3.58405
    70  C   4.0   0.236   2.164    13.66461   -18.07655    -1.28445
    71  N   5.0  -0.215   1.026    14.66692   -19.94284    -1.74989
    72  H   1.0   0.074   1.008   -10.38745    13.14663     0.23263
    73  H   1.0   0.076   1.006   -18.63742    10.78920    -5.05445
    74  H   1.0   0.077   1.008   -11.73180     5.83888    -9.09487
    75  H   1.0   0.081   1.004    -7.87694    14.76896     3.17965
    76  H   1.0   0.081   1.006    -4.81994    14.47530     4.52325
    77  H   1.0   0.082   0.999    -5.91579    16.06683    -0.93012
    78  H   1.0   0.082   0.999    -2.89279    15.80661     0.44050
    79  H   1.0   0.081   0.999    -5.02780    18.11945     1.55487
    80  H   1.0   0.082   1.004    13.21580    -8.94407     4.49131
    81  H   1.0   0.081   1.006    12.39244    -6.38255     6.47458
    82  H   1.0   0.081   0.999     8.96751    -8.93992     8.40985
    83  H   1.0   0.082   0.999     9.71754   -11.50862     6.41222
    84  H   1.0   0.082   0.999    11.91604   -10.48231     8.69501
    85  H   1.0   0.084   1.004    -1.81697     0.18954     0.29593
    86  H   1.0   0.081   1.005    -4.31613     2.38238     0.45883
    87  H   1.0   0.082   1.003    -3.00788     4.49811    -3.42381
    88  H   1.0   0.082   0.999    -3.36296     1.24476    -4.02474
    89  H   1.0   0.083   1.000    -0.31407     2.57796    -3.71482
    90  H   1.0   0.083   1.010     3.41965    -3.11370    -1.67260
    91  H   1.0   0.086   1.005     0.98455    -0.84886    -1.74989
    92  H   1.0   0.082   0.999     4.23488     2.56493    -2.46212
    93  H   1.0   0.082   0.999     4.31122     0.23489    -4.86151
    94  H   1.0   0.082   0.999     6.61801     0.23300    -2.45343
    95  H   1.0   0.077   1.015    11.41092   -11.38201     1.92563
    96  H   1.0   0.076   1.005     4.95297   -12.90947    -7.95688
    97  H   1.0   0.077   1.007    11.51013   -19.06922    -5.16481
 
  Z AO/shell   Hii/eV     exponent
  1     Sat Feb 20 21:38:01 CET 2016    EN: 2.327 GAM: 0.473  GM3: 0.0000
     1s    -13.751157    1.051071
  6     Sat Feb 20 21:38:01 CET 2016    EN: 2.731 GAM: 0.422  GM3: 0.0000
     2s    -19.378245    2.021003
     2p    -11.993376    1.497917
  7     Sat Feb 20 21:38:01 CET 2016    EN: 3.573 GAM: 0.504  GM3: 0.0000
     2s    -21.576984    2.275442
     2p    -16.125120    2.056788
  8     Sat Feb 20 21:38:01 CET 2016    EN: 3.700 GAM: 0.587  GM3: 0.0000
     2s    -21.648843    2.110798
     2p    -17.239740    2.329048
  9     Sat Feb 20 21:51:24 CET 2016    EN: 3.394 GAM: 0.669  GM3: 0.0000
     2s    -19.384211    2.614957
     2p    -19.426034    2.777297
 16     Sat Feb 20 23:13:41 CET 2016    EN: 1.915 GAM: 0.389  GM3: 0.0000
     3s    -22.000000    2.671470
     3p    -15.834192    1.836978
     3d     -2.593599    1.836978
 17     Sat Feb 20 23:13:41 CET 2016    EN: 2.375 GAM: 0.431  GM3: 0.0000
     3s    -21.000000    2.596786
     3p    -17.375270    2.088291
     3d     -1.372943    2.088291
 
 dipole moment of classical point charges (au)
     X       Y       Z   
  -0.4009   0.1545   0.3774  total (Debye):    1.454

 
 Nbf   :          352
 T(el) :   300.0
 calculating S/T integrals ...
 cpu time for ints   0.446669000000000     
 Nao   :          345
 making H0...
 making H1...
 cpu time for H      0.144223000000000     
 solving ...
 cpu time for diag   0.181180000000000     
 
 gap (eV)           :   1.481
 Koopmans IP (eV)   :  11.950
 Eel (Eh)           :  -269.560937
 T,E(Fermi),NFOD :    300.000   -11.209  0.000000
 T,E(Fermi),NFOD :    300.000   -11.209  0.000000
 Nfod               :  0.0000
 Nfod/Nel           :  0.0000

          eigenvalues
 #    :         160        161        162        163        164        165        166        167
 occ. :        2.000      2.000      2.000      2.000      2.000      2.000      2.000      2.000
 eps  :       -15.496    -15.422    -15.172    -15.152    -14.841    -14.667    -14.494    -14.175
 #    :         168        169        170        171        172        173        174        175
 occ. :        2.000      2.000      2.000      2.000      2.000      0.000      0.000      0.000
 eps  :       -13.976    -13.755    -13.458    -12.911    -11.951    -10.470     -9.771     -9.593
 #    :         176        177        178        179        180        181        182        183
 occ. :        0.000      0.000      0.000      0.000      0.000      0.000      0.000      0.000
 eps  :        -9.451     -9.198     -8.900     -8.853     -8.753     -7.537     -7.474     -7.244
                            1  SCC done.
 making H1...
 cpu time for H      0.231239000000000     
 solving ...
 cpu time for diag   6.324900000000000E-002
 
 gap (eV)           :   1.940
 Koopmans IP (eV)   :  12.317
 Eel (Eh)           :  -270.662530
 T,E(Fermi),NFOD :    300.000   -11.347  0.000000
 T,E(Fermi),NFOD :    300.000   -11.347  0.000000
 Nfod               :  0.0000
 Nfod/Nel           :  0.0000

          eigenvalues
 #    :         160        161        162        163        164        165        166        167
 occ. :        2.000      2.000      2.000      2.000      2.000      2.000      2.000      2.000
 eps  :       -15.426    -15.354    -15.215    -14.769    -14.603    -14.338    -14.323    -14.295
 #    :         168        169        170        171        172        173        174        175
 occ. :        2.000      2.000      2.000      2.000      2.000      0.000      0.000      0.000
 eps  :       -14.096    -13.942    -13.584    -13.286    -12.318    -10.378     -9.860     -9.822
 #    :         176        177        178        179        180        181        182        183
 occ. :        0.000      0.000      0.000      0.000      0.000      0.000      0.000      0.000
 eps  :        -9.409     -9.255     -9.070     -8.947     -8.912     -7.674     -7.503     -7.473
                            2  SCC done.
 
 
 Mulliken/CM5 charges    n(s)   n(p)   n(d)   
    1 C   0.0029 -0.0445   1.152  2.846  0.000
    2 C  -0.0282 -0.0302   1.176  2.852  0.000
    3 C   0.1417  0.1765   1.174  2.685  0.000
    4 O  -0.2271 -0.2730   1.626  4.601  0.000
    5 C  -0.0272 -0.0291   1.188  2.840  0.000
    6 C  -0.0236 -0.0725   1.147  2.876  0.000
    7 C   0.0615  0.0577   1.152  2.786  0.000
    8 CL -0.0299 -0.0308   1.898  5.130  0.002
    9 C   0.0617  0.0578   1.152  2.786  0.000
   10 CL -0.0272 -0.0282   1.897  5.128  0.002
   11 C  -0.0353 -0.0842   1.149  2.886  0.000
   12 C  -0.0115 -0.0148   1.173  2.839  0.000
   13 C   0.0164  0.0168   1.200  2.784  0.000
   14 C   0.0024  0.0097   1.115  2.883  0.000
   15 C   0.0950  0.2143   1.171  2.734  0.000
   16 N  -0.2163 -0.3452   1.642  3.574  0.000
   17 C   0.0970  0.2183   1.172  2.731  0.000
   18 N  -0.2190 -0.3484   1.643  3.576  0.000
   19 C  -0.0227 -0.0143   1.169  2.854  0.000
   20 C  -0.0091 -0.0166   1.191  2.818  0.000
   21 C  -0.0249 -0.1305   1.121  2.904  0.000
   22 C  -0.0837 -0.2349   1.095  2.988  0.000
   23 C  -0.0493 -0.0357   1.171  2.878  0.000
   24 S   0.1308  0.0981   1.892  3.927  0.051
   25 C  -0.0452 -0.0230   1.169  2.876  0.000
   26 C  -0.0099  0.0032   1.153  2.857  0.000
   27 C   0.0166  0.1047   1.203  2.780  0.000
   28 C   0.0152  0.1033   1.204  2.781  0.000
   29 N  -0.1997 -0.3615   1.531  3.669  0.000
   30 S   0.2470  0.3819   1.910  3.693  0.151
   31 N  -0.1997 -0.3614   1.531  3.669  0.000
   32 C  -0.0068  0.0062   1.153  2.854  0.000
   33 C  -0.0461 -0.0240   1.172  2.874  0.000
   34 S   0.1245  0.0918   1.893  3.933  0.049
   35 C  -0.0498 -0.0366   1.172  2.877  0.000
   36 C  -0.0164 -0.0244   1.196  2.821  0.000
   37 C  -0.0262 -0.1322   1.122  2.904  0.000
   38 C  -0.0843 -0.2358   1.095  2.989  0.000
   39 C  -0.0164 -0.0088   1.167  2.849  0.000
   40 S   0.1206  0.0892   1.894  3.920  0.065
   41 C  -0.0571 -0.0393   1.186  2.871  0.000
   42 C   0.0007  0.0699   1.168  2.831  0.000
   43 N  -0.0843 -0.3402   1.289  3.796  0.000
   44 C   0.0209  0.0898   1.189  2.791  0.000
   45 C   0.0287  0.0985   1.184  2.787  0.000
   46 N  -0.0833 -0.3413   1.263  3.820  0.000
   47 C   0.0037  0.0738   1.164  2.832  0.000
   48 C  -0.0405 -0.0225   1.167  2.873  0.000
   49 S   0.1010  0.0651   1.891  3.963  0.046
   50 C   0.0351 -0.0131   1.146  2.819  0.000
   51 C  -0.0810 -0.2288   1.093  2.988  0.000
   52 C   0.0282 -0.0216   1.148  2.824  0.000
   53 C  -0.0837 -0.2305   1.094  2.990  0.000
   54 C  -0.0012 -0.0493   1.152  2.849  0.000
   55 C  -0.0293 -0.0311   1.168  2.862  0.000
   56 C   0.1379  0.1733   1.173  2.689  0.000
   57 O  -0.2239 -0.2700   1.621  4.603  0.000
   58 C  -0.0216 -0.0232   1.182  2.839  0.000
   59 C  -0.0081 -0.0553   1.138  2.870  0.000
   60 C   0.1065  0.1232   1.162  2.731  0.000
   61 F  -0.1163 -0.1393   1.676  5.440  0.000
   62 C   0.1083  0.1249   1.161  2.731  0.000
   63 F  -0.1127 -0.1360   1.675  5.438  0.000
   64 C  -0.0179 -0.0652   1.140  2.877  0.000
   65 C  -0.0043 -0.0074   1.167  2.837  0.000
   66 C   0.0173  0.0166   1.196  2.787  0.000
   67 C   0.0050  0.0111   1.114  2.881  0.000
   68 C   0.0987  0.2159   1.172  2.729  0.000
   69 N  -0.2135 -0.3469   1.642  3.571  0.000
   70 C   0.0955  0.2146   1.171  2.733  0.000
   71 N  -0.2086 -0.3388   1.642  3.567  0.000
   72 H   0.0683  0.1310   0.932  0.000  0.000
   73 H   0.0558  0.1153   0.944  0.000  0.000
   74 H   0.0554  0.1190   0.945  0.000  0.000
   75 H   0.0459  0.1021   0.954  0.000  0.000
   76 H   0.0430  0.1003   0.957  0.000  0.000
   77 H   0.0322  0.0863   0.968  0.000  0.000
   78 H   0.0327  0.0860   0.967  0.000  0.000
   79 H   0.0370  0.0888   0.963  0.000  0.000
   80 H   0.0504  0.1083   0.950  0.000  0.000
   81 H   0.0437  0.1013   0.956  0.000  0.000
   82 H   0.0294  0.0823   0.971  0.000  0.000
   83 H   0.0310  0.0847   0.969  0.000  0.000
   84 H   0.0407  0.0928   0.959  0.000  0.000
   85 H   0.0564  0.1248   0.944  0.000  0.000
   86 H   0.0494  0.1171   0.951  0.000  0.000
   87 H   0.0359  0.0932   0.964  0.000  0.000
   88 H   0.0460  0.0984   0.954  0.000  0.000
   89 H   0.0356  0.0914   0.964  0.000  0.000
   90 H   0.0565  0.1269   0.944  0.000  0.000
   91 H   0.0600  0.1286   0.940  0.000  0.000
   92 H   0.0318  0.0874   0.968  0.000  0.000
   93 H   0.0448  0.0971   0.955  0.000  0.000
   94 H   0.0323  0.0876   0.968  0.000  0.000
   95 H   0.0671  0.1377   0.933  0.000  0.000
   96 H   0.0590  0.1186   0.941  0.000  0.000
   97 H   0.0617  0.1268   0.938  0.000  0.000
 Hirshfeld charges for QMDFF written to <charges>
 
 Loewdin charges    n(s)   n(p)   n(d)
    1 C   0.0113   1.098  2.891  0.000
    2 C  -0.0360   1.138  2.898  0.000
    3 C   0.1332   1.139  2.727  0.000
    4 O  -0.2119   1.595  4.617  0.000
    5 C  -0.0297   1.148  2.882  0.000
    6 C  -0.0217   1.095  2.927  0.000
    7 C   0.0777   1.109  2.813  0.000
    8 CL -0.0402   1.888  5.128  0.025
    9 C   0.0786   1.109  2.812  0.000
   10 CL -0.0376   1.888  5.126  0.024
   11 C  -0.0354   1.098  2.938  0.000
   12 C  -0.0083   1.131  2.878  0.000
   13 C   0.0271   1.155  2.817  0.000
   14 C  -0.0098   1.074  2.936  0.000
   15 C   0.0887   1.137  2.774  0.000
   16 N  -0.2051   1.604  3.601  0.000
   17 C   0.0910   1.138  2.771  0.000
   18 N  -0.2081   1.605  3.603  0.000
   19 C  -0.0032   1.125  2.878  0.000
   20 C  -0.0067   1.151  2.855  0.000
   21 C  -0.0181   1.059  2.959  0.000
   22 C  -0.0848   1.022  3.062  0.000
   23 C  -0.0295   1.128  2.901  0.000
   24 S   0.0909   1.878  3.926  0.105
   25 C  -0.0236   1.125  2.899  0.000
   26 C  -0.0172   1.115  2.902  0.000
   27 C   0.0112   1.170  2.819  0.000
   28 C   0.0098   1.170  2.820  0.000
   29 N  -0.1605   1.493  3.667  0.000
   30 S   0.1826   1.902  3.699  0.216
   31 N  -0.1606   1.493  3.667  0.000
   32 C  -0.0143   1.115  2.899  0.000
   33 C  -0.0235   1.128  2.896  0.000
   34 S   0.0847   1.879  3.933  0.103
   35 C  -0.0298   1.129  2.900  0.000
   36 C  -0.0128   1.156  2.857  0.000
   37 C  -0.0194   1.060  2.960  0.000
   38 C  -0.0855   1.022  3.063  0.000
   39 C   0.0025   1.123  2.874  0.000
   40 S   0.0764   1.881  3.920  0.123
   41 C  -0.0333   1.141  2.892  0.000
   42 C  -0.0127   1.138  2.875  0.000
   43 N  -0.0421   1.247  3.795  0.000
   44 C   0.0109   1.157  2.832  0.000
   45 C   0.0177   1.153  2.830  0.000
   46 N  -0.0393   1.221  3.818  0.000
   47 C  -0.0097   1.134  2.876  0.000
   48 C  -0.0185   1.123  2.895  0.000
   49 S   0.0627   1.878  3.960  0.100
   50 C   0.0361   1.089  2.874  0.000
   51 C  -0.0836   1.020  3.064  0.000
   52 C   0.0279   1.091  2.881  0.000
   53 C  -0.0855   1.021  3.065  0.000
   54 C   0.0048   1.099  2.896  0.000
   55 C  -0.0379   1.130  2.908  0.000
   56 C   0.1289   1.138  2.733  0.000
   57 O  -0.2047   1.589  4.615  0.000
   58 C  -0.0234   1.142  2.882  0.000
   59 C  -0.0055   1.085  2.921  0.000
   60 C   0.0948   1.128  2.777  0.000
   61 F  -0.0985   1.659  5.440  0.000
   62 C   0.0972   1.127  2.776  0.000
   63 F  -0.0950   1.657  5.438  0.000
   64 C  -0.0173   1.088  2.929  0.000
   65 C  -0.0009   1.125  2.876  0.000
   66 C   0.0284   1.151  2.820  0.000
   67 C  -0.0072   1.073  2.934  0.000
   68 C   0.0933   1.138  2.769  0.000
   69 N  -0.2026   1.604  3.599  0.000
   70 C   0.0896   1.137  2.773  0.000
   71 N  -0.1978   1.603  3.594  0.000
   72 H   0.0573   0.943  0.000  0.000
   73 H   0.0451   0.955  0.000  0.000
   74 H   0.0450   0.955  0.000  0.000
   75 H   0.0420   0.958  0.000  0.000
   76 H   0.0384   0.962  0.000  0.000
   77 H   0.0316   0.968  0.000  0.000
   78 H   0.0319   0.968  0.000  0.000
   79 H   0.0364   0.964  0.000  0.000
   80 H   0.0461   0.954  0.000  0.000
   81 H   0.0392   0.961  0.000  0.000
   82 H   0.0292   0.971  0.000  0.000
   83 H   0.0308   0.969  0.000  0.000
   84 H   0.0394   0.961  0.000  0.000
   85 H   0.0513   0.949  0.000  0.000
   86 H   0.0432   0.957  0.000  0.000
   87 H   0.0353   0.965  0.000  0.000
   88 H   0.0451   0.955  0.000  0.000
   89 H   0.0357   0.964  0.000  0.000
   90 H   0.0501   0.950  0.000  0.000
   91 H   0.0554   0.945  0.000  0.000
   92 H   0.0315   0.968  0.000  0.000
   93 H   0.0439   0.956  0.000  0.000
   94 H   0.0315   0.969  0.000  0.000
   95 H   0.0574   0.943  0.000  0.000
   96 H   0.0477   0.952  0.000  0.000
   97 H   0.0503   0.950  0.000  0.000
 
 Wiberg/Mayer (AO) data. WBOs > 0.1 written file <wbo>
 largest (>0.05) Wiberg bond orders for each atom
           total WBO             WBO to atom ...
     1  C   3.924    C    2 1.529    C   19 1.227    H   72 0.926
     2  C   3.910    C    1 1.529    C   13 1.095    C    3 0.989    O    4 0.068    C   20 0.066
     3  C   3.906    O    4 1.797    C    2 0.989    C    5 0.974
     4  O   2.142    C    3 1.797    C    2 0.068    C    5 0.063
     5  C   3.934    C    6 1.398    C   12 1.260    C    3 0.974    C    9 0.083    O    4 0.063
     6  C   3.961    C    5 1.398    C    7 1.378    H   73 0.940    C   11 0.083
     7  C   3.921    C    6 1.378    C    9 1.325    CL   8 1.022    C   12 0.082
     8  CL  1.177    C    7 1.022
     9  C   3.930    C   11 1.385    C    7 1.325    CL  10 1.023    C    5 0.083
    10  CL  1.182    C    9 1.023
    11  C   3.956    C   12 1.386    C    9 1.385    H   74 0.935    C    6 0.083
    12  C   3.949    C   11 1.386    C    5 1.260    C   13 1.042    C    7 0.082
    13  C   3.931    C   14 1.461    C    2 1.095    C   12 1.042    N   16 0.093    N   18 0.092
    14  C   3.950    C   13 1.461    C   15 1.069    C   17 1.060    N   16 0.080    N   18 0.080
    15  C   3.940    N   16 2.786    C   14 1.069
    16  N   3.044    C   15 2.786    C   13 0.093    C   14 0.080
    17  C   3.942    N   18 2.791    C   14 1.060
    18  N   3.055    C   17 2.791    C   13 0.092    C   14 0.080
    19  C   3.911    C   20 1.387    C    1 1.227    S   49 1.056    C   48 0.058
    20  C   3.921    C   19 1.387    C   23 1.286    C   21 0.983    C    2 0.066    S   49 0.063
    21  C   3.971    C   22 0.986    C   20 0.983    H   76 0.966    H   75 0.960
    22  C   3.979    C   21 0.986    H   78 0.985    H   77 0.983    H   79 0.978
    23  C   3.912    C   48 1.315    C   20 1.286    S   24 1.071
    24  S   2.489    C   25 1.110    C   23 1.071    C   48 0.054    C   47 0.052
    25  C   3.908    C   47 1.318    C   26 1.218    S   24 1.110
    26  C   3.921    C   45 1.265    C   25 1.218    C   27 1.158
    27  C   3.927    N   31 1.428    C   26 1.158    C   28 1.111    S   30 0.074
    28  C   3.927    N   29 1.428    C   32 1.157    C   27 1.111    S   30 0.074
    29  N   3.072    C   28 1.428    S   30 1.285    N   31 0.201
    30  S   2.817    N   29 1.285    N   31 1.284    C   28 0.074    C   27 0.074
    31  N   3.072    C   27 1.428    S   30 1.284    N   29 0.201
    32  C   3.921    C   44 1.271    C   33 1.215    C   28 1.157
    33  C   3.902    C   42 1.322    C   32 1.215    S   34 1.108
    34  S   2.474    C   33 1.108    C   35 1.061    C   42 0.053    C   41 0.052
    35  C   3.915    C   36 1.332    C   41 1.286    S   34 1.061
    36  C   3.908    C   35 1.332    C   39 1.330    C   37 0.981    S   40 0.069    C   55 0.068
    37  C   3.970    C   38 0.987    C   36 0.981    H   81 0.965    H   80 0.961
    38  C   3.979    C   37 0.987    H   82 0.985    H   83 0.984    H   84 0.978
    39  C   3.914    C   36 1.330    C   54 1.297    S   40 1.054    C   41 0.052
    40  S   2.555    C   41 1.099    C   39 1.054    O   57 0.071    C   36 0.069
    41  C   3.919    C   35 1.286    C   42 1.255    S   40 1.099    C   39 0.052    S   34 0.052
    42  C   3.901    C   33 1.322    C   41 1.255    N   43 1.073    S   34 0.053
    43  N   3.411    C   44 1.093    C   42 1.073    C   52 0.944
    44  C   3.887    C   32 1.271    C   45 1.245    N   43 1.093
    45  C   3.890    C   26 1.265    C   44 1.245    N   46 1.104
    46  N   3.439    C   45 1.104    C   47 1.084    C   50 0.945
    47  C   3.901    C   25 1.318    C   48 1.252    N   46 1.084    S   24 0.052
    48  C   3.926    C   23 1.315    C   47 1.252    S   49 1.104    C   19 0.058    S   24 0.054
    49  S   2.497    C   48 1.104    C   19 1.056    C   20 0.063
    50  C   3.929    C   51 1.005    H   86 0.968    H   85 0.962    N   46 0.945
    51  C   3.980    C   50 1.005    H   87 0.981    H   89 0.980    H   88 0.974
    52  C   3.928    C   53 1.002    H   90 0.965    H   91 0.959    N   43 0.944
    53  C   3.981    C   52 1.002    H   94 0.984    H   92 0.983    H   93 0.974
    54  C   3.923    C   55 1.461    C   39 1.297    H   95 0.914
    55  C   3.908    C   54 1.461    C   66 1.108    C   56 1.041    C   36 0.068    O   57 0.064
    56  C   3.905    O   57 1.737    C   55 1.041    C   58 0.981
    57  O   2.177    C   56 1.737    S   40 0.071    C   55 0.064    C   58 0.055
    58  C   3.937    C   59 1.392    C   65 1.272    C   56 0.981    C   62 0.087    O   57 0.055
    59  C   3.961    C   58 1.392    C   60 1.386    H   96 0.941    C   64 0.088
    60  C   3.902    C   59 1.386    C   62 1.335    F   61 0.980    C   65 0.087
    61  F   1.106    C   60 0.980
    62  C   3.911    C   64 1.391    C   60 1.335    F   63 0.984    C   58 0.087
    63  F   1.112    C   62 0.984
    64  C   3.956    C   62 1.391    C   65 1.382    H   97 0.934    C   59 0.088
    65  C   3.949    C   64 1.382    C   58 1.272    C   66 1.042    C   60 0.087
    66  C   3.932    C   67 1.462    C   55 1.108    C   65 1.042    N   69 0.090    N   71 0.090
    67  C   3.927    C   66 1.462    C   68 1.063    C   70 1.061    N   69 0.080    N   71 0.080
    68  C   3.939    N   69 2.776    C   67 1.063
    69  N   3.043    C   68 2.776    C   66 0.090    C   67 0.080
    70  C   3.939    N   71 2.788    C   67 1.061
    71  N   3.045    C   70 2.788    C   66 0.090    C   67 0.080
    72  H   0.990    C    1 0.926
    73  H   0.995    C    6 0.940
    74  H   0.995    C   11 0.935
    75  H   0.996    C   21 0.960
    76  H   0.997    C   21 0.966
    77  H   0.999    C   22 0.983
    78  H   0.999    C   22 0.985
    79  H   0.996    C   22 0.978
    80  H   0.996    C   37 0.961
    81  H   0.997    C   37 0.965
    82  H   0.999    C   38 0.985
    83  H   0.999    C   38 0.984
    84  H   0.995    C   38 0.978
    85  H   0.996    C   50 0.962
    86  H   0.996    C   50 0.968
    87  H   0.999    C   51 0.981
    88  H   0.997    C   51 0.974
    89  H   0.999    C   51 0.980
    90  H   0.996    C   52 0.965
    91  H   0.995    C   52 0.959
    92  H   0.999    C   53 0.983
    93  H   0.997    C   53 0.974
    94  H   0.999    C   53 0.984
    95  H   0.992    C   54 0.914
    96  H   0.995    C   59 0.941
    97  H   0.994    C   64 0.934
 
 --------------------------------------------
          xTB calculation for sTDA...
 --------------------------------------------
 
 reading parameter file /ihome/ghutchison/blp62/xtb4stda/.param_stda2.xtb
 
      method parameters     
 k(s)        :  1.6000
 k(p)        :  2.1800
 k(d)        :  1.9500
 k(f)        :  2.0000
 k(R-V)      :  2.2750
 k(R-R)      :  1.7650
 Tscal       :  0.2580
 Gscal       :  1.0000
 fpol        :  1.0000
 Zcnf        :  0.3430
 Zqf         :  0.0000
 kcn         :  2.7000
 Ryd Hsplit  :  0.7000
 lshift(virt):  3.1000
 lshift(OS)  :  0.2000
 wllscaling  :  2.6000
 
 mowrcut     : 3.000
 
  Z AO/shell   Hii/eV     exponent
  1     Sun Feb 14 09:53:25 CET 2016    EN: 2.327 GAM: 0.473  GM3: 0.0000
     1s    -14.339618    1.220000
     2sp    -3.348946    0.600000
  6     Sun Feb 14 09:53:25 CET 2016    EN: 2.731 GAM: 0.422  GM3: 0.0000
     2s    -22.009312    1.565095
     2p    -13.020408    1.596905
     3sp    -3.914040    0.824500
  7     Sun Feb 14 09:53:25 CET 2016    EN: 3.573 GAM: 0.504  GM3: 0.0000
     2s    -25.722000    2.064844
     2p    -18.684912    1.801692
     3sp    -4.344791    0.921400
  8     Sun Feb 14 09:53:25 CET 2016    EN: 3.700 GAM: 0.587  GM3: 0.0000
     2s    -33.859000    2.418661
     2p    -22.175911    1.973969
     3sp    -4.259392    1.013700
  9     Sun Feb 21 12:20:01 CET 2016    EN: 3.394 GAM: 0.600  GM3: 0.0000
     2s    -26.548112    1.943768
     2p    -23.081168    2.552035
     3sp    -1.937199    1.103200
 16     Sun Feb 21 16:35:57 CET 2016    EN: 1.915 GAM: 0.200  GM3: 0.0000
     3s    -17.898811    2.619580
     3p    -15.317401    1.798798
     4sp    -4.455139    0.843200
 17     Sun Feb 21 16:32:04 CET 2016    EN: 2.375 GAM: 0.300  GM3: 0.0000
     3s    -29.486180    2.293696
     3p    -18.696427    2.332982
     4sp    -5.680125    0.918900
 
 Nbf   :          698
 T(el) :     0.0
 calculating S/T integrals ...
 cpu time for ints    1.88292800000000     
 Nao   :          698
 making H0...
 making H1...
 cpu time for H      1.244800000000001E-002
 solving ...
 cpu time for diag   0.257322000000000     
 
 gap (eV)           :   4.693
 Koopmans IP (eV)   :  13.746
 Eel (Eh)           :  -300.904200

          eigenvalues
 #    :         160        161        162        163        164        165        166        167
 occ. :        2.000      2.000      2.000      2.000      2.000      2.000      2.000      2.000
 eps  :       -16.925    -16.748    -16.589    -16.457    -16.220    -16.127    -16.040    -15.593
 #    :         168        169        170        171        172        173        174        175
 occ. :        2.000      2.000      2.000      2.000      2.000      0.000      0.000      0.000
 eps  :       -15.421    -14.671    -14.579    -14.095    -13.747     -9.053     -8.904     -8.673
 #    :         176        177        178        179        180        181        182        183
 occ. :        0.000      0.000      0.000      0.000      0.000      0.000      0.000      0.000
 eps  :        -8.526     -7.173     -6.784     -6.692     -6.037     -5.925     -5.769     -5.687
                            1  SCC done.
 writing mo output ...
 molden style : F
 
speedup  4.25
cpu  time for all    3.68 s
wall time for all    0.87 s
