 
        ______________________________________
       |                                      |
       |          ===================         |
       |             xTB for sTDA             |
       |          ===================         |
       |               S. Grimme              |
       |        Universitaet Bonn, MCTC       |
       |         2015-19, Version 1.0         |
       |     Wed Apr  3 09:14:55 CEST 2019    |
       |______________________________________|
 
        This code comes without any warranty
        for non-commercial, academia use only.
        Preliminary test version.
        Cite this work as:
        S. Grimme  &  C. Bannwarth, JCP 145 (2016) 054103
        if GBSA is used additionally:
        P. Shushkov, F. März, C. Bannwarth, S. Grimme, unpublished.
 
        with help from
        P. Shushkov, G. Brandenburg, S. Dohm, J. Pisarek,
        F. März, M. Checinski, S. Ehrlich, S. Spicher, 
        P. Pracht, E. Caldeweyher, S. Ehlert, and C. Bannwarth.
 
        usage        :
        xtb4stda <coord_file> [options]
        where <coord_file> is a valid file of TM)
        (*coord, Bohr) or xmol (*xyz, Angstroem)
        format.

        options:
        -chrg <int>   : molecular charge
        -uhf  <int>   : # of unpaired electrons(=2*S)
        -nox          : skip second, extended part in sTDA-xTB
        -pop          : do population analysis
                      : (default for -nox)
        -mowr <real>  : cut MO write above (def.3 Eh)
        -molden       : write formatted molden file
        -parx <file>  : read parameters for sTDA-xTB
                        calc (def:~/.param_stda2.xtb)
        -parv <file>  : read parameters for vTB part in
                        sTDA-xTB (def: ~/.param_stda1.xtb)
        -xtemp <real> : el. temp for xTB (def. 0 K)
        -etemp <real> : el. temp for GFN (def. 300 K)
        -fod          : calculate the FOD and write
                        molden.input file with
                        appropriate occupations
                        for plotting. Def. T=12500 K
 
        -acc <real>   : xTB accuracy (def. 1.0)
        -gbsa [string1] [string2]
                        use GBSA implicit solvent
                        for solvent [string1] and
                        solvation state [string2]=
                        reference, bar1M (default=1M)
        additional GFN/opt/MD/siman options read from
        $XTB4STDAHOME/.xtb4stdarc or $set in input
 
       spin and charge state information can be on:
       <.CHRG> (charge) and <.UHF> (=nalpha-nbeta)
       -uhf and -chrg override the file info.
       useful machine settings:
       setenv MKL_NUM_THREADS <NCORE_ON_YOUR_MACHINE>
       setenv OMP_STACKSIZE 500m
       limit stacksize unlimited
 
       total energies in Eh, gaps/HL energies in eV
       please read REVISION and HOWTO files carefully
 =============================
  # OMP threads =           8
 =============================
 
 xtb4stdahome directory:/ihome/ghutchison/blp62/xtb4stda/
 
 
 name of molecule           :
 comment line               :
 number of atoms            :   114
 number of electrons        :   366
 charge                     :  0
 spin                       : 0.0
 first test random number   :  0.3874
 
 -----------------------------------------
      charge density (VTB) calculation
 -----------------------------------------
 
      method parameters     
 k(s)        :  1.8000
 k(p)        :  2.8350
 k(d)        :  2.0860
 k(f)        :  2.0000
 Tscal       :  0.3300
 Gscal       :  0.3910
 fpol        :  1.0000
 Zcnf        :  0.6500
 Zqf         :  0.0000
 kcn         :  0.3000
 kEN1        : -0.5900
 wllscal     :  2.6000
 
     -------------------------
     ! NO SOLVENT MODEL USED !
     -------------------------
 
 doing EN charges ...
 sum q :  0.0000000D+00
 point charge moment (au)
     X       Y       Z   
   0.2445  -0.2722   0.5030  total (Debye):    1.581
 
            Z      q(EN)   CN      Cart. coordinates
     1  C   4.0  -0.073   3.202    -9.61568   -10.95795    -8.64361
     2  C   4.0  -0.004   3.286   -10.26424    -9.78954   -10.86668
     3  C   4.0   0.102   3.245    -8.94540    -7.66189   -12.03737
     4  O   6.0  -0.121   1.229    -7.22423    -6.40353   -11.15883
     5  C   4.0  -0.006   3.354   -10.06733    -7.35557   -14.57073
     6  C   4.0  -0.068   3.152    -9.38684    -5.68297   -16.45082
     7  C   4.0  -0.073   3.148   -10.66505    -5.83415   -18.73531
     8  C   4.0  -0.070   3.168   -12.50186    -7.65226   -19.13272
     9  C   4.0   0.079   3.223   -13.18556    -9.37058   -17.24205
    10  O   6.0  -0.141   2.068   -14.83888   -11.27392   -17.55423
    11  C   4.0  -0.187   4.053   -16.26525   -11.45684   -19.79582
    12  C   4.0  -0.003   3.371   -11.99711    -9.14930   -14.88688
    13  C   4.0  -0.006   3.321   -12.32366   -10.53862   -12.52888
    14  C   4.0  -0.035   3.120   -14.34208   -12.02111   -11.86370
    15  C   4.0   0.232   2.185   -14.62894   -13.21164    -9.49304
    16  N   5.0  -0.213   1.029   -15.03031   -14.23115    -7.61749
    17  C   4.0   0.236   2.183   -16.57195   -12.45008   -13.26739
    18  N   5.0  -0.213   1.030   -18.53103   -12.86884   -14.10208
    19  C   4.0  -0.079   3.217    -7.78548   -10.33812    -6.83703
    20  C   4.0  -0.012   3.397    -7.36577   -11.75901    -4.63739
    21  C   4.0  -0.174   4.065    -8.72846   -14.11323    -3.88188
    22  C   4.0  -0.244   4.031   -11.16167   -13.47696    -2.45457
    23  C   4.0  -0.131   3.446    -5.55957   -10.64804    -3.08951
    24  SE  6.0   0.312   2.420    -4.21806   -11.57911     0.10582
    25  C   4.0  -0.122   3.370    -2.32606    -8.63472    -0.21335
    26  C   4.0   0.003   3.439    -0.51079    -7.28678     1.15235
    27  C   4.0   0.074   3.667     0.67369    -7.90038     3.45971
    28  C   4.0   0.074   3.667     2.57891    -6.24403     4.41459
    29  N   5.0  -0.297   2.149     3.58575    -7.05888     6.55414
    30  S   6.0   0.422   2.898     2.23139    -9.70620     7.30096
    31  N   5.0  -0.298   2.149     0.31294    -9.90009     4.91782
    32  C   4.0   0.003   3.440     3.08479    -3.98732     3.09121
    33  C   4.0  -0.123   3.373     4.66668    -1.97646     3.75413
    34  SE  6.0   0.317   2.449     6.89013    -1.10303     6.32189
    35  C   4.0  -0.132   3.445     7.18587     2.02031     4.59298
    36  C   4.0  -0.010   3.379     8.44670     4.28968     5.14421
    37  C   4.0  -0.173   4.068    10.25989     4.62756     7.27904
    38  C   4.0  -0.244   4.034    12.23144     2.52543     7.40697
    39  C   4.0  -0.083   3.235     7.94951     6.12139     3.33480
    40  S   6.0   0.218   2.557     6.03352     4.96866     0.86890
    41  C   4.0  -0.102   3.391     5.72757     2.09854     2.38124
    42  C   4.0   0.069   3.662     4.33428    -0.10658     1.91769
    43  N   5.0  -0.295   3.277     2.64788    -0.92445     0.12926
    44  C   4.0   0.099   3.437     1.83001    -3.31779     0.80710
    45  C   4.0   0.099   3.438     0.10299    -5.08072    -0.26645
    46  N   5.0  -0.295   3.276    -1.29390    -5.14837    -2.47743
    47  C   4.0   0.069   3.663    -2.75730    -7.28584    -2.44738
    48  C   4.0  -0.098   3.379    -4.55140    -8.38906    -4.05308
    49  S   6.0   0.225   2.699    -5.83736    -7.63619    -6.95155
    50  C   4.0  -0.098   4.089    -0.95204    -3.79287    -4.82504
    51  C   4.0  -0.239   4.026     1.65464    -4.29629    -5.95566
    52  C   4.0  -0.098   4.089     1.58170     0.86153    -1.63896
    53  C   4.0  -0.239   4.026    -1.08735     1.63877    -0.86360
    54  C   4.0  -0.075   3.229     8.76342     8.65759     3.12882
    55  C   4.0  -0.003   3.283     8.99717    10.34247     5.07070
    56  C   4.0   0.100   3.225     7.70120    10.09586     7.54114
    57  O   6.0  -0.106   1.060     6.57058     8.27643     8.36071
    58  C   4.0  -0.007   3.368     7.85975    12.61883     8.71901
    59  C   4.0  -0.057   3.148     6.80093    13.35072    11.01446
    60  C   4.0   0.003   3.506     7.20912    15.84252    11.62125
    61  C   4.0   0.002   3.507     8.55309    17.49773    10.05051
    62  C   4.0  -0.058   3.153     9.60113    16.80344     7.77736
    63  C   4.0  -0.007   3.360     9.22130    14.27008     7.13315
    64  C   4.0  -0.008   3.329    10.02537    12.87262     4.89704
    65  C   4.0  -0.037   3.121    11.60972    13.73339     3.03717
    66  C   4.0   0.237   2.154    12.62979    16.19212     2.94193
    67  N   5.0  -0.215   1.026    13.51362    18.16386     2.74445
    68  C   4.0   0.236   2.157    12.49336    12.23900     1.01422
    69  N   5.0  -0.215   1.026    13.31576    11.11877    -0.65309
    70  C   4.0  -0.105   4.485     8.21823    19.69831    11.83082
    71  C   4.0  -0.102   4.327    10.50347    20.47272    13.48641
    72  C   4.0  -0.062   3.280    12.09368    18.12946    13.81484
    73  C   4.0  -0.061   3.280    10.83531    16.55419    15.30376
    74  C   4.0  -0.102   4.327     8.37243    17.80443    16.01070
    75  C   4.0  -0.169   4.322     9.21223    20.58365    16.08591
    76  C   4.0  -0.105   4.483     6.73290    17.84997    13.58637
    77  H   1.0   0.077   1.014   -10.66599   -12.64926    -8.17911
    78  H   1.0   0.075   1.004    -7.90888    -4.31765   -16.13032
    79  H   1.0   0.074   1.004   -10.20546    -4.54404   -20.24747
    80  H   1.0   0.076   1.006   -13.40855    -7.75222   -20.95536
    81  H   1.0   0.082   0.997   -17.59826   -12.98582   -19.45397
    82  H   1.0   0.079   0.996   -17.30989    -9.71414   -20.16886
    83  H   1.0   0.079   0.996   -15.06678   -11.91982   -21.41626
    84  H   1.0   0.082   1.004    -9.17084   -15.28391    -5.51932
    85  H   1.0   0.079   1.007    -7.47840   -15.19000    -2.63258
    86  H   1.0   0.082   0.999   -12.06401   -15.20398    -1.80979
    87  H   1.0   0.081   1.000   -10.73723   -12.30079    -0.82184
    88  H   1.0   0.082   1.000   -12.48051   -12.47881    -3.67268
    89  H   1.0   0.081   1.005     9.18218     4.68614     9.04177
    90  H   1.0   0.083   1.006    11.21477     6.44359     7.06984
    91  H   1.0   0.081   0.999    13.23186     2.36669     5.61797
    92  H   1.0   0.081   0.999    13.59507     2.94741     8.88417
    93  H   1.0   0.079   1.008    11.36122     0.70940     7.83877
    94  H   1.0   0.083   1.015    -2.39636    -4.48545    -6.12668
    95  H   1.0   0.084   1.004    -1.29805    -1.78050    -4.55915
    96  H   1.0   0.082   0.999     1.88066    -3.22879    -7.69515
    97  H   1.0   0.082   0.999     1.85325    -6.29543    -6.38822
    98  H   1.0   0.082   1.000     3.15395    -3.77340    -4.64948
    99  H   1.0   0.083   1.015     2.80549     2.52373    -1.61742
   100  H   1.0   0.084   1.004     1.63272     0.10091    -3.55061
   101  H   1.0   0.082   1.000    -2.32021     0.00189    -0.70128
   102  H   1.0   0.082   0.999    -1.03784     2.58628     0.95960
   103  H   1.0   0.082   0.999    -1.87423     2.93267    -2.25029
   104  H   1.0   0.075   1.011     9.07295     9.32674     1.21661
   105  H   1.0   0.075   1.004     5.76499    12.02017    12.16039
   106  H   1.0   0.076   1.006    10.61346    18.09923     6.57662
   107  H   1.0   0.088   1.004     7.21138    21.32291    11.07209
   108  H   1.0   0.087   1.003    11.48953    22.15609    12.84560
   109  H   1.0   0.078   1.002    13.86492    17.82371    12.87149
   110  H   1.0   0.078   1.002    11.34516    14.66730    15.85329
   111  H   1.0   0.087   1.003     7.41982    17.05799    17.67026
   112  H   1.0   0.085   1.002    10.53295    20.97501    17.61470
   113  H   1.0   0.086   1.002     7.64262    21.91270    16.16585
   114  H   1.0   0.088   1.004     4.75984    18.27365    13.98416
 
  Z AO/shell   Hii/eV     exponent
  1     Sat Feb 20 21:38:01 CET 2016    EN: 2.327 GAM: 0.473  GM3: 0.0000
     1s    -13.751157    1.051071
  6     Sat Feb 20 21:38:01 CET 2016    EN: 2.731 GAM: 0.422  GM3: 0.0000
     2s    -19.378245    2.021003
     2p    -11.993376    1.497917
  7     Sat Feb 20 21:38:01 CET 2016    EN: 3.573 GAM: 0.504  GM3: 0.0000
     2s    -21.576984    2.275442
     2p    -16.125120    2.056788
  8     Sat Feb 20 21:38:01 CET 2016    EN: 3.700 GAM: 0.587  GM3: 0.0000
     2s    -21.648843    2.110798
     2p    -17.239740    2.329048
 16     Sat Feb 20 23:13:41 CET 2016    EN: 1.915 GAM: 0.389  GM3: 0.0000
     3s    -22.000000    2.671470
     3p    -15.834192    1.836978
     3d     -2.593599    1.836978
 34     Wed Aug 31 17:01:01 CEST 2016   EN: 1.315 GAM: 0.403  GM3: 0.0000
     4s    -16.871366    1.770725
     4p    -15.977721    1.935918
     4d     -0.853608    1.935918
 
 dipole moment of classical point charges (au)
     X       Y       Z   
   0.2445  -0.2722   0.5030  total (Debye):    1.581

 
 Nbf   :          372
 T(el) :   300.0
 calculating S/T integrals ...
 cpu time for ints   0.450096000000000     
 Nao   :          367
 making H0...
 making H1...
 cpu time for H      0.145693000000000     
 solving ...
 cpu time for diag   0.138347000000000     
 
 gap (eV)           :   1.430
 Koopmans IP (eV)   :  11.878
 Eel (Eh)           :  -285.919253
 T,E(Fermi),NFOD :    300.000   -11.163  0.000000
 T,E(Fermi),NFOD :    300.000   -11.163  0.000000
 Nfod               :  0.0000
 Nfod/Nel           :  0.0000

          eigenvalues
 #    :         171        172        173        174        175        176        177        178
 occ. :        2.000      2.000      2.000      2.000      2.000      2.000      2.000      2.000
 eps  :       -15.482    -15.286    -15.190    -15.086    -14.916    -14.669    -14.544    -14.244
 #    :         179        180        181        182        183        184        185        186
 occ. :        2.000      2.000      2.000      2.000      2.000      0.000      0.000      0.000
 eps  :       -14.054    -13.725    -13.413    -12.911    -11.879    -10.449     -9.732     -9.582
 #    :         187        188        189        190        191        192        193        194
 occ. :        0.000      0.000      0.000      0.000      0.000      0.000      0.000      0.000
 eps  :        -9.522     -9.271     -8.700     -8.654     -8.538     -7.556     -7.310     -7.262
                            1  SCC done.
 making H1...
 cpu time for H      0.187018000000000     
 solving ...
 cpu time for diag   7.073799999999997E-002
 
 gap (eV)           :   1.993
 Koopmans IP (eV)   :  12.208
 Eel (Eh)           :  -286.395200
 T,E(Fermi),NFOD :    300.000   -11.212  0.000000
 T,E(Fermi),NFOD :    300.000   -11.212  0.000000
 Nfod               :  0.0000
 Nfod/Nel           :  0.0000

          eigenvalues
 #    :         171        172        173        174        175        176        177        178
 occ. :        2.000      2.000      2.000      2.000      2.000      2.000      2.000      2.000
 eps  :       -15.247    -15.217    -14.955    -14.702    -14.536    -14.362    -14.164    -14.119
 #    :         179        180        181        182        183        184        185        186
 occ. :        2.000      2.000      2.000      2.000      2.000      0.000      0.000      0.000
 eps  :       -13.923    -13.849    -13.483    -13.225    -12.209    -10.216     -9.768     -9.633
 #    :         187        188        189        190        191        192        193        194
 occ. :        0.000      0.000      0.000      0.000      0.000      0.000      0.000      0.000
 eps  :        -9.332     -9.269     -8.772     -8.705     -8.651     -7.687     -7.450     -7.316
                            2  SCC done.
 
 
 Mulliken/CM5 charges    n(s)   n(p)   n(d)   
    1 C  -0.0035 -0.0514   1.152  2.852  0.000
    2 C  -0.0264 -0.0282   1.169  2.857  0.000
    3 C   0.1355  0.1707   1.175  2.690  0.000
    4 O  -0.2287 -0.2749   1.622  4.607  0.000
    5 C  -0.0215 -0.0233   1.184  2.837  0.000
    6 C  -0.0315 -0.0840   1.139  2.892  0.000
    7 C  -0.0200 -0.0761   1.138  2.882  0.000
    8 C  -0.0442 -0.0967   1.136  2.908  0.000
    9 C   0.0944  0.1152   1.160  2.745  0.000
   10 O  -0.1296 -0.2201   1.446  4.684  0.000
   11 C   0.0151 -0.1060   1.086  2.899  0.000
   12 C  -0.0202 -0.0183   1.168  2.852  0.000
   13 C   0.0161  0.0163   1.197  2.787  0.000
   14 C   0.0021  0.0091   1.115  2.883  0.000
   15 C   0.0963  0.2138   1.175  2.729  0.000
   16 N  -0.2188 -0.3537   1.642  3.577  0.000
   17 C   0.0962  0.2182   1.172  2.732  0.000
   18 N  -0.2200 -0.3489   1.642  3.578  0.000
   19 C  -0.0169 -0.0091   1.167  2.850  0.000
   20 C  -0.0247 -0.0338   1.194  2.831  0.000
   21 C  -0.0303 -0.1363   1.124  2.907  0.000
   22 C  -0.0860 -0.2372   1.095  2.991  0.000
   23 C  -0.0529 -0.0578   1.146  2.907  0.000
   24 SE  0.1488  0.1613   1.629  4.220  0.002
   25 C  -0.0494 -0.0466   1.141  2.909  0.000
   26 C  -0.0141 -0.0018   1.150  2.864  0.000
   27 C   0.0128  0.1008   1.203  2.784  0.000
   28 C   0.0134  0.1014   1.203  2.784  0.000
   29 N  -0.2012 -0.3629   1.534  3.667  0.000
   30 S   0.2384  0.3719   1.911  3.703  0.148
   31 N  -0.2005 -0.3622   1.534  3.667  0.000
   32 C  -0.0153 -0.0030   1.151  2.865  0.000
   33 C  -0.0464 -0.0436   1.137  2.909  0.000
   34 SE  0.1639  0.1753   1.622  4.212  0.002
   35 C  -0.0520 -0.0567   1.144  2.908  0.000
   36 C  -0.0075 -0.0150   1.189  2.818  0.000
   37 C  -0.0269 -0.1313   1.124  2.903  0.000
   38 C  -0.0965 -0.2474   1.096  3.001  0.000
   39 C  -0.0204 -0.0124   1.166  2.854  0.000
   40 S   0.0927  0.0552   1.889  3.971  0.048
   41 C  -0.0460 -0.0304   1.166  2.880  0.000
   42 C  -0.0033  0.0640   1.164  2.839  0.000
   43 N  -0.0873 -0.3451   1.272  3.816  0.000
   44 C   0.0232  0.0917   1.184  2.793  0.000
   45 C   0.0196  0.0883   1.187  2.794  0.000
   46 N  -0.0846 -0.3424   1.272  3.813  0.000
   47 C  -0.0012  0.0661   1.166  2.835  0.000
   48 C  -0.0642 -0.0485   1.185  2.879  0.000
   49 S   0.1128  0.0804   1.894  3.928  0.066
   50 C   0.0296 -0.0195   1.148  2.823  0.000
   51 C  -0.0827 -0.2297   1.093  2.990  0.000
   52 C   0.0286 -0.0203   1.147  2.824  0.000
   53 C  -0.0828 -0.2298   1.093  2.990  0.000
   54 C   0.0027 -0.0445   1.158  2.840  0.000
   55 C  -0.0282 -0.0312   1.181  2.848  0.000
   56 C   0.1356  0.1698   1.176  2.689  0.000
   57 O  -0.2313 -0.2830   1.627  4.604  0.000
   58 C  -0.0207 -0.0225   1.188  2.833  0.000
   59 C  -0.0155 -0.0646   1.151  2.865  0.000
   60 C  -0.0097 -0.0172   1.209  2.801  0.000
   61 C  -0.0100 -0.0177   1.208  2.802  0.000
   62 C  -0.0250 -0.0743   1.152  2.873  0.000
   63 C  -0.0057 -0.0089   1.174  2.831  0.000
   64 C   0.0168  0.0161   1.197  2.786  0.000
   65 C   0.0066  0.0129   1.115  2.878  0.000
   66 C   0.0982  0.2172   1.170  2.731  0.000
   67 N  -0.2100 -0.3396   1.642  3.568  0.000
   68 C   0.0977  0.2164   1.171  2.731  0.000
   69 N  -0.2146 -0.3433   1.642  3.572  0.000
   70 C  -0.0291 -0.0845   1.218  2.811  0.000
   71 C  -0.0205 -0.0809   1.194  2.827  0.000
   72 C  -0.0512 -0.1088   1.165  2.886  0.000
   73 C  -0.0521 -0.1097   1.165  2.887  0.000
   74 C  -0.0211 -0.0814   1.194  2.827  0.000
   75 C  -0.0568 -0.1594   1.164  2.893  0.000
   76 C  -0.0313 -0.0867   1.219  2.813  0.000
   77 H   0.0652  0.1346   0.935  0.000  0.000
   78 H   0.0498  0.1084   0.950  0.000  0.000
   79 H   0.0484  0.1051   0.952  0.000  0.000
   80 H   0.0450  0.1053   0.955  0.000  0.000
   81 H   0.0511  0.1145   0.949  0.000  0.000
   82 H   0.0438  0.1037   0.956  0.000  0.000
   83 H   0.0415  0.1008   0.958  0.000  0.000
   84 H   0.0475  0.1044   0.953  0.000  0.000
   85 H   0.0422  0.0993   0.958  0.000  0.000
   86 H   0.0393  0.0916   0.961  0.000  0.000
   87 H   0.0288  0.0818   0.971  0.000  0.000
   88 H   0.0346  0.0908   0.965  0.000  0.000
   89 H   0.0516  0.1128   0.948  0.000  0.000
   90 H   0.0413  0.1027   0.959  0.000  0.000
   91 H   0.0276  0.0803   0.972  0.000  0.000
   92 H   0.0356  0.0874   0.964  0.000  0.000
   93 H   0.0351  0.0899   0.965  0.000  0.000
   94 H   0.0577  0.1297   0.942  0.000  0.000
   95 H   0.0578  0.1252   0.942  0.000  0.000
   96 H   0.0444  0.0967   0.956  0.000  0.000
   97 H   0.0339  0.0887   0.966  0.000  0.000
   98 H   0.0323  0.0893   0.968  0.000  0.000
   99 H   0.0539  0.1255   0.946  0.000  0.000
  100 H   0.0587  0.1265   0.941  0.000  0.000
  101 H   0.0336  0.0908   0.966  0.000  0.000
  102 H   0.0338  0.0886   0.966  0.000  0.000
  103 H   0.0440  0.0963   0.956  0.000  0.000
  104 H   0.0638  0.1287   0.936  0.000  0.000
  105 H   0.0506  0.1092   0.949  0.000  0.000
  106 H   0.0528  0.1163   0.947  0.000  0.000
  107 H   0.0464  0.1047   0.954  0.000  0.000
  108 H   0.0458  0.1034   0.954  0.000  0.000
  109 H   0.0460  0.1027   0.954  0.000  0.000
  110 H   0.0456  0.1022   0.954  0.000  0.000
  111 H   0.0450  0.1025   0.955  0.000  0.000
  112 H   0.0404  0.0968   0.960  0.000  0.000
  113 H   0.0324  0.0890   0.968  0.000  0.000
  114 H   0.0461  0.1043   0.954  0.000  0.000
 Hirshfeld charges for QMDFF written to <charges>
 
 Loewdin charges    n(s)   n(p)   n(d)
    1 C   0.0031   1.098  2.898  0.000
    2 C  -0.0347   1.132  2.903  0.000
    3 C   0.1265   1.140  2.733  0.000
    4 O  -0.2093   1.590  4.619  0.000
    5 C  -0.0219   1.143  2.879  0.000
    6 C  -0.0266   1.085  2.941  0.000
    7 C  -0.0100   1.082  2.927  0.000
    8 C  -0.0424   1.084  2.958  0.000
    9 C   0.0823   1.126  2.792  0.000
   10 O  -0.0897   1.406  4.684  0.000
   11 C   0.0043   1.017  2.978  0.000
   12 C  -0.0236   1.129  2.895  0.000
   13 C   0.0270   1.153  2.820  0.000
   14 C  -0.0101   1.074  2.936  0.000
   15 C   0.0914   1.140  2.768  0.000
   16 N  -0.2080   1.604  3.604  0.000
   17 C   0.0893   1.139  2.772  0.000
   18 N  -0.2093   1.604  3.606  0.000
   19 C   0.0017   1.123  2.875  0.000
   20 C  -0.0203   1.153  2.867  0.000
   21 C  -0.0242   1.062  2.963  0.000
   22 C  -0.0874   1.022  3.065  0.000
   23 C  -0.0269   1.098  2.928  0.000
   24 SE  0.0914   1.609  4.229  0.071
   25 C  -0.0183   1.090  2.928  0.000
   26 C  -0.0209   1.111  2.909  0.000
   27 C   0.0078   1.169  2.823  0.000
   28 C   0.0084   1.169  2.823  0.000
   29 N  -0.1627   1.497  3.666  0.000
   30 S   0.1748   1.904  3.709  0.212
   31 N  -0.1620   1.497  3.665  0.000
   32 C  -0.0216   1.112  2.910  0.000
   33 C  -0.0163   1.087  2.930  0.000
   34 SE  0.1063   1.600  4.220  0.073
   35 C  -0.0263   1.096  2.930  0.000
   36 C  -0.0059   1.150  2.856  0.000
   37 C  -0.0205   1.062  2.958  0.000
   38 C  -0.0996   1.024  3.076  0.000
   39 C  -0.0008   1.122  2.879  0.000
   40 S   0.0542   1.876  3.968  0.102
   41 C  -0.0226   1.122  2.901  0.000
   42 C  -0.0156   1.133  2.882  0.000
   43 N  -0.0438   1.230  3.814  0.000
   44 C   0.0120   1.153  2.835  0.000
   45 C   0.0092   1.155  2.836  0.000
   46 N  -0.0413   1.230  3.811  0.000
   47 C  -0.0140   1.135  2.879  0.000
   48 C  -0.0397   1.141  2.899  0.000
   49 S   0.0685   1.881  3.927  0.124
   50 C   0.0295   1.091  2.880  0.000
   51 C  -0.0845   1.020  3.064  0.000
   52 C   0.0281   1.091  2.881  0.000
   53 C  -0.0846   1.020  3.064  0.000
   54 C   0.0126   1.103  2.884  0.000
   55 C  -0.0355   1.143  2.893  0.000
   56 C   0.1271   1.141  2.732  0.000
   57 O  -0.2157   1.596  4.620  0.000
   58 C  -0.0226   1.148  2.874  0.000
   59 C  -0.0116   1.098  2.914  0.000
   60 C  -0.0054   1.168  2.837  0.000
   61 C  -0.0050   1.167  2.838  0.000
   62 C  -0.0230   1.100  2.923  0.000
   63 C  -0.0020   1.132  2.870  0.000
   64 C   0.0276   1.153  2.820  0.000
   65 C  -0.0050   1.074  2.931  0.000
   66 C   0.0919   1.137  2.772  0.000
   67 N  -0.1990   1.604  3.595  0.000
   68 C   0.0916   1.137  2.771  0.000
   69 N  -0.2037   1.604  3.600  0.000
   70 C  -0.0227   1.173  2.850  0.000
   71 C  -0.0109   1.146  2.865  0.000
   72 C  -0.0436   1.114  2.929  0.000
   73 C  -0.0446   1.114  2.930  0.000
   74 C  -0.0115   1.146  2.865  0.000
   75 C  -0.0522   1.106  2.946  0.000
   76 C  -0.0249   1.173  2.852  0.000
   77 H   0.0556   0.944  0.000  0.000
   78 H   0.0404   0.960  0.000  0.000
   79 H   0.0397   0.960  0.000  0.000
   80 H   0.0373   0.963  0.000  0.000
   81 H   0.0468   0.953  0.000  0.000
   82 H   0.0408   0.959  0.000  0.000
   83 H   0.0389   0.961  0.000  0.000
   84 H   0.0435   0.957  0.000  0.000
   85 H   0.0383   0.962  0.000  0.000
   86 H   0.0383   0.962  0.000  0.000
   87 H   0.0288   0.971  0.000  0.000
   88 H   0.0337   0.966  0.000  0.000
   89 H   0.0461   0.954  0.000  0.000
   90 H   0.0373   0.963  0.000  0.000
   91 H   0.0276   0.972  0.000  0.000
   92 H   0.0353   0.965  0.000  0.000
   93 H   0.0360   0.964  0.000  0.000
   94 H   0.0516   0.948  0.000  0.000
   95 H   0.0531   0.947  0.000  0.000
   96 H   0.0436   0.956  0.000  0.000
   97 H   0.0329   0.967  0.000  0.000
   98 H   0.0323   0.968  0.000  0.000
   99 H   0.0484   0.952  0.000  0.000
  100 H   0.0540   0.946  0.000  0.000
  101 H   0.0334   0.967  0.000  0.000
  102 H   0.0328   0.967  0.000  0.000
  103 H   0.0432   0.957  0.000  0.000
  104 H   0.0525   0.947  0.000  0.000
  105 H   0.0405   0.960  0.000  0.000
  106 H   0.0426   0.957  0.000  0.000
  107 H   0.0385   0.961  0.000  0.000
  108 H   0.0380   0.962  0.000  0.000
  109 H   0.0377   0.962  0.000  0.000
  110 H   0.0373   0.963  0.000  0.000
  111 H   0.0372   0.963  0.000  0.000
  112 H   0.0361   0.964  0.000  0.000
  113 H   0.0290   0.971  0.000  0.000
  114 H   0.0382   0.962  0.000  0.000
 
 Wiberg/Mayer (AO) data. WBOs > 0.1 written file <wbo>
 largest (>0.05) Wiberg bond orders for each atom
           total WBO             WBO to atom ...
     1  C   3.930    C    2 1.487    C   19 1.277    H   77 0.917
     2  C   3.911    C    1 1.487    C   13 1.088    C    3 1.039    C   20 0.070    O    4 0.064
     3  C   3.912    O    4 1.733    C    2 1.039    C    5 0.986
     4  O   2.178    C    3 1.733    S   49 0.073    C    2 0.064    C    5 0.053
     5  C   3.932    C    6 1.398    C   12 1.276    C    3 0.986    C    8 0.092    O    4 0.053
     6  C   3.965    C    7 1.403    C    5 1.398    H   78 0.944    C    9 0.082
     7  C   3.956    C    8 1.448    C    6 1.403    H   79 0.942    C   12 0.087
     8  C   3.964    C    7 1.448    C    9 1.337    H   80 0.944    C    5 0.092    O   10 0.055
     9  C   3.926    C    8 1.337    C   12 1.310    O   10 1.078    C    6 0.082
    10  O   2.277    C    9 1.078    C   11 0.984    C    8 0.055
    11  C   3.951    H   81 0.989    O   10 0.984    H   83 0.982    H   82 0.981
    12  C   3.945    C    9 1.310    C    5 1.276    C   13 1.059    C    7 0.087
    13  C   3.934    C   14 1.468    C    2 1.088    C   12 1.059    N   16 0.089    N   18 0.089
    14  C   3.933    C   13 1.468    C   15 1.060    C   17 1.059    N   18 0.082    N   16 0.081
    15  C   3.938    N   16 2.774    C   14 1.060
    16  N   3.047    C   15 2.774    C   13 0.089    C   14 0.081
    17  C   3.938    N   18 2.784    C   14 1.059
    18  N   3.042    C   17 2.784    C   13 0.089    C   14 0.082
    19  C   3.915    C   20 1.350    C    1 1.277    S   49 1.056    C   48 0.055
    20  C   3.909    C   19 1.350    C   23 1.327    C   21 0.980    C    2 0.070    S   49 0.069
    21  C   3.970    C   22 0.987    C   20 0.980    H   84 0.962    H   85 0.961
    22  C   3.979    C   21 0.987    H   87 0.984    H   88 0.982    H   86 0.978
    23  C   3.930    C   20 1.327    C   48 1.311    SE  24 1.047    C   25 0.051
    24  SE  2.399    C   25 1.094    C   23 1.047
    25  C   3.921    C   47 1.335    C   26 1.228    SE  24 1.094    C   23 0.051
    26  C   3.922    C   45 1.272    C   25 1.228    C   27 1.157
    27  C   3.929    N   31 1.428    C   26 1.157    C   28 1.115    S   30 0.073
    28  C   3.929    N   29 1.428    C   32 1.158    C   27 1.115    S   30 0.073
    29  N   3.067    C   28 1.428    S   30 1.278    N   31 0.202
    30  S   2.801    N   31 1.278    N   29 1.278    C   27 0.073    C   28 0.073
    31  N   3.068    C   27 1.428    S   30 1.278    N   29 0.202
    32  C   3.922    C   44 1.277    C   33 1.222    C   28 1.158
    33  C   3.930    C   42 1.343    C   32 1.222    SE  34 1.095    C   35 0.057
    34  SE  2.429    C   33 1.095    C   35 1.055
    35  C   3.928    C   41 1.343    C   36 1.275    SE  34 1.055    C   33 0.057    S   40 0.052
    36  C   3.912    C   39 1.420    C   35 1.275    C   37 0.979    S   40 0.067
    37  C   3.970    C   38 0.996    C   36 0.979    H   90 0.961    H   89 0.950
    38  C   3.982    C   37 0.996    H   91 0.984    H   92 0.979    H   93 0.969
    39  C   3.911    C   36 1.420    C   54 1.200    S   40 1.056    C   41 0.062
    40  S   2.489    C   41 1.107    C   39 1.056    C   36 0.067    C   35 0.052
    41  C   3.926    C   35 1.343    C   42 1.235    S   40 1.107    C   39 0.062
    42  C   3.899    C   33 1.343    C   41 1.235    N   43 1.080
    43  N   3.430    C   44 1.099    C   42 1.080    C   52 0.948
    44  C   3.894    C   32 1.277    C   45 1.240    N   43 1.099
    45  C   3.890    C   26 1.272    C   44 1.240    N   46 1.104
    46  N   3.431    C   45 1.104    C   47 1.079    C   50 0.946
    47  C   3.900    C   25 1.335    C   48 1.243    N   46 1.079
    48  C   3.920    C   23 1.311    C   47 1.243    S   49 1.094    C   19 0.055
    49  S   2.554    C   48 1.094    C   19 1.056    O    4 0.073    C   20 0.069
    50  C   3.928    C   51 1.003    H   94 0.962    H   95 0.960    N   46 0.946
    51  C   3.981    C   50 1.003    H   97 0.985    H   98 0.982    H   96 0.975
    52  C   3.928    C   53 1.003    H   99 0.962    H  100 0.960    N   43 0.948
    53  C   3.981    C   52 1.003    H  102 0.985    H  101 0.982    H  103 0.975
    54  C   3.925    C   55 1.543    C   39 1.200    H  104 0.923    O   57 0.053
    55  C   3.915    C   54 1.543    C   64 1.092    C   56 0.992    O   57 0.068
    56  C   3.912    O   57 1.782    C   55 0.992    C   58 0.986
    57  O   2.149    C   56 1.782    C   55 0.068    C   58 0.060    C   54 0.053
    58  C   3.935    C   59 1.359    C   63 1.283    C   56 0.986    C   61 0.090    O   57 0.060
    59  C   3.960    C   60 1.421    C   58 1.359    H  105 0.941    C   62 0.083
    60  C   3.918    C   59 1.421    C   61 1.312    C   76 0.951    C   63 0.090
    61  C   3.928    C   62 1.429    C   60 1.312    C   70 0.953    C   58 0.090
    62  C   3.956    C   61 1.429    C   63 1.347    H  106 0.935    C   59 0.083
    63  C   3.946    C   62 1.347    C   58 1.283    C   64 1.051    C   60 0.090
    64  C   3.932    C   65 1.468    C   55 1.092    C   63 1.051    N   67 0.092    N   69 0.091
    65  C   3.938    C   64 1.468    C   66 1.063    C   68 1.062    N   69 0.079    N   67 0.079
    66  C   3.940    N   67 2.789    C   65 1.063
    67  N   3.046    C   66 2.789    C   64 0.092    C   65 0.079
    68  C   3.940    N   69 2.787    C   65 1.062
    69  N   3.046    C   68 2.787    C   64 0.091    C   65 0.079
    70  C   3.931    C   61 0.953    C   76 0.949    H  107 0.941    C   71 0.925
    71  C   3.949    C   72 0.991    C   75 0.969    H  108 0.947    C   70 0.925
    72  C   3.964    C   73 1.937    C   71 0.991    H  109 0.937
    73  C   3.964    C   72 1.937    C   74 0.991    H  110 0.937
    74  C   3.948    C   73 0.991    C   75 0.969    H  111 0.947    C   76 0.925
    75  C   3.962    C   74 0.969    C   71 0.969    H  113 0.964    H  112 0.958
    76  C   3.928    C   60 0.951    C   70 0.949    H  114 0.941    C   74 0.925
    77  H   0.993    C    1 0.917
    78  H   0.996    C    6 0.944
    79  H   0.996    C    7 0.942
    80  H   0.996    C    8 0.944
    81  H   0.997    C   11 0.989
    82  H   0.998    C   11 0.981
    83  H   0.998    C   11 0.982
    84  H   0.996    C   21 0.962
    85  H   0.997    C   21 0.961
    86  H   0.995    C   22 0.978
    87  H   0.999    C   22 0.984
    88  H   0.999    C   22 0.982
    89  H   0.996    C   37 0.950
    90  H   0.997    C   37 0.961
    91  H   0.999    C   38 0.984
    92  H   0.997    C   38 0.979
    93  H   0.999    C   38 0.969
    94  H   0.995    C   50 0.962
    95  H   0.996    C   50 0.960
    96  H   0.997    C   51 0.975
    97  H   0.999    C   51 0.985
    98  H   0.999    C   51 0.982
    99  H   0.996    C   52 0.962
   100  H   0.995    C   52 0.960
   101  H   0.999    C   53 0.982
   102  H   0.999    C   53 0.985
   103  H   0.997    C   53 0.975
   104  H   0.991    C   54 0.923
   105  H   0.996    C   59 0.941
   106  H   0.995    C   62 0.935
   107  H   0.996    C   70 0.941
   108  H   0.997    C   71 0.947
   109  H   0.998    C   72 0.937
   110  H   0.998    C   73 0.937
   111  H   0.997    C   74 0.947
   112  H   0.996    C   75 0.958
   113  H   0.999    C   75 0.964
   114  H   0.995    C   76 0.941
 
 --------------------------------------------
          xTB calculation for sTDA...
 --------------------------------------------
 
 reading parameter file /ihome/ghutchison/blp62/xtb4stda/.param_stda2.xtb
 
      method parameters     
 k(s)        :  1.6000
 k(p)        :  2.1800
 k(d)        :  1.9500
 k(f)        :  2.0000
 k(R-V)      :  2.2750
 k(R-R)      :  1.7650
 Tscal       :  0.2580
 Gscal       :  1.0000
 fpol        :  1.0000
 Zcnf        :  0.3430
 Zqf         :  0.0000
 kcn         :  2.7000
 Ryd Hsplit  :  0.7000
 lshift(virt):  3.1000
 lshift(OS)  :  0.2000
 wllscaling  :  2.6000
 
 mowrcut     : 3.000
 
  Z AO/shell   Hii/eV     exponent
  1     Sun Feb 14 09:53:25 CET 2016    EN: 2.327 GAM: 0.473  GM3: 0.0000
     1s    -14.339618    1.220000
     2sp    -3.348946    0.600000
  6     Sun Feb 14 09:53:25 CET 2016    EN: 2.731 GAM: 0.422  GM3: 0.0000
     2s    -22.009312    1.565095
     2p    -13.020408    1.596905
     3sp    -3.914040    0.824500
  7     Sun Feb 14 09:53:25 CET 2016    EN: 3.573 GAM: 0.504  GM3: 0.0000
     2s    -25.722000    2.064844
     2p    -18.684912    1.801692
     3sp    -4.344791    0.921400
  8     Sun Feb 14 09:53:25 CET 2016    EN: 3.700 GAM: 0.587  GM3: 0.0000
     2s    -33.859000    2.418661
     2p    -22.175911    1.973969
     3sp    -4.259392    1.013700
 16     Sun Feb 21 16:35:57 CET 2016    EN: 1.915 GAM: 0.200  GM3: 0.0000
     3s    -17.898811    2.619580
     3p    -15.317401    1.798798
     4sp    -4.455139    0.843200
 34     Tue Sep 13 12:54:47 CEST 2016   EN: 1.315 GAM: 0.403  GM3: 0.0000
     4s    -24.924300    2.166243
     4p    -14.275287    1.915023
     5sp    -3.986999    0.809100
 
 Nbf   :          798
 T(el) :     0.0
 calculating S/T integrals ...
 cpu time for ints    1.97305400000000     
 Nao   :          798
 making H0...
 making H1...
 cpu time for H      1.520800000000033E-002
 solving ...
 cpu time for diag    1.90344500000000     
 
 gap (eV)           :   4.709
 Koopmans IP (eV)   :  13.525
 Eel (Eh)           :  -318.080403

          eigenvalues
 #    :         171        172        173        174        175        176        177        178
 occ. :        2.000      2.000      2.000      2.000      2.000      2.000      2.000      2.000
 eps  :       -16.359    -16.276    -16.163    -15.984    -15.922    -15.828    -15.504    -15.302
 #    :         179        180        181        182        183        184        185        186
 occ. :        2.000      2.000      2.000      2.000      2.000      0.000      0.000      0.000
 eps  :       -15.264    -14.461    -14.398    -13.913    -13.526     -8.816     -8.583     -8.420
 #    :         187        188        189        190        191        192        193        194
 occ. :        0.000      0.000      0.000      0.000      0.000      0.000      0.000      0.000
 eps  :        -8.318     -6.976     -6.425     -6.220     -5.802     -5.607     -5.461     -5.434
                            1  SCC done.
 writing mo output ...
 molden style : F
 
speedup  4.42
cpu  time for all    5.48 s
wall time for all    1.24 s
