 
        ______________________________________
       |                                      |
       |          ===================         |
       |             xTB for sTDA             |
       |          ===================         |
       |               S. Grimme              |
       |        Universitaet Bonn, MCTC       |
       |         2015-19, Version 1.0         |
       |     Wed Apr  3 09:14:55 CEST 2019    |
       |______________________________________|
 
        This code comes without any warranty
        for non-commercial, academia use only.
        Preliminary test version.
        Cite this work as:
        S. Grimme  &  C. Bannwarth, JCP 145 (2016) 054103
        if GBSA is used additionally:
        P. Shushkov, F. März, C. Bannwarth, S. Grimme, unpublished.
 
        with help from
        P. Shushkov, G. Brandenburg, S. Dohm, J. Pisarek,
        F. März, M. Checinski, S. Ehrlich, S. Spicher, 
        P. Pracht, E. Caldeweyher, S. Ehlert, and C. Bannwarth.
 
        usage        :
        xtb4stda <coord_file> [options]
        where <coord_file> is a valid file of TM)
        (*coord, Bohr) or xmol (*xyz, Angstroem)
        format.

        options:
        -chrg <int>   : molecular charge
        -uhf  <int>   : # of unpaired electrons(=2*S)
        -nox          : skip second, extended part in sTDA-xTB
        -pop          : do population analysis
                      : (default for -nox)
        -mowr <real>  : cut MO write above (def.3 Eh)
        -molden       : write formatted molden file
        -parx <file>  : read parameters for sTDA-xTB
                        calc (def:~/.param_stda2.xtb)
        -parv <file>  : read parameters for vTB part in
                        sTDA-xTB (def: ~/.param_stda1.xtb)
        -xtemp <real> : el. temp for xTB (def. 0 K)
        -etemp <real> : el. temp for GFN (def. 300 K)
        -fod          : calculate the FOD and write
                        molden.input file with
                        appropriate occupations
                        for plotting. Def. T=12500 K
 
        -acc <real>   : xTB accuracy (def. 1.0)
        -gbsa [string1] [string2]
                        use GBSA implicit solvent
                        for solvent [string1] and
                        solvation state [string2]=
                        reference, bar1M (default=1M)
        additional GFN/opt/MD/siman options read from
        $XTB4STDAHOME/.xtb4stdarc or $set in input
 
       spin and charge state information can be on:
       <.CHRG> (charge) and <.UHF> (=nalpha-nbeta)
       -uhf and -chrg override the file info.
       useful machine settings:
       setenv MKL_NUM_THREADS <NCORE_ON_YOUR_MACHINE>
       setenv OMP_STACKSIZE 500m
       limit stacksize unlimited
 
       total energies in Eh, gaps/HL energies in eV
       please read REVISION and HOWTO files carefully
 =============================
  # OMP threads =           8
 =============================
 
 xtb4stdahome directory:/ihome/ghutchison/blp62/xtb4stda/
 
 
 name of molecule           :
 comment line               :
 number of atoms            :   166
 number of electrons        :   556
 charge                     :  0
 spin                       : 0.0
 first test random number   :  0.3674
 
 -----------------------------------------
      charge density (VTB) calculation
 -----------------------------------------
 
      method parameters     
 k(s)        :  1.8000
 k(p)        :  2.8350
 k(d)        :  2.0860
 k(f)        :  2.0000
 Tscal       :  0.3300
 Gscal       :  0.3910
 fpol        :  1.0000
 Zcnf        :  0.6500
 Zqf         :  0.0000
 kcn         :  0.3000
 kEN1        : -0.5900
 wllscal     :  2.6000
 
     -------------------------
     ! NO SOLVENT MODEL USED !
     -------------------------
 
 doing EN charges ...
 sum q : -0.3330669D-14
 point charge moment (au)
     X       Y       Z   
   0.1719  -1.5168  -1.2011  total (Debye):    4.937
 
            Z      q(EN)   CN      Cart. coordinates
     1  C   4.0  -0.063   3.169     1.74781    -5.63497    20.25937
     2  C   4.0  -0.003   3.309     2.52392    -7.91663    19.42260
     3  C   4.0   0.102   3.261     1.52406    -9.17027    17.09427
     4  O   6.0  -0.105   1.060    -0.51344    -8.84732    16.10613
     5  C   4.0  -0.006   3.351     3.43590   -11.08627    16.42984
     6  C   4.0  -0.069   3.158     3.59048   -12.54891    14.27631
     7  C   4.0  -0.073   3.154     5.65614   -14.14535    14.03726
     8  C   4.0  -0.071   3.174     7.54001   -14.20299    15.85102
     9  C   4.0   0.080   3.228     7.41358   -12.71143    18.03044
    10  O   6.0  -0.141   2.066     9.24832   -12.53380    19.77031
    11  C   4.0  -0.188   4.056    11.47933   -13.96696    19.49441
    12  C   4.0  -0.003   3.378     5.24852   -11.21685    18.36681
    13  C   4.0  -0.005   3.319     4.50700    -9.55256    20.42832
    14  C   4.0  -0.035   3.118     5.34377    -9.59830    22.86927
    15  C   4.0   0.239   2.162     6.98178   -11.41810    23.93432
    16  N   5.0  -0.215   1.029     8.17779   -12.86147    25.02432
    17  C   4.0   0.236   2.163     4.48810    -7.90926    24.75258
    18  N   5.0  -0.215   1.026     3.90266    -6.57606    26.35941
    19  C   4.0   0.003   3.257     0.28743    -3.97712    18.65594
    20  C   4.0   0.026   3.211    -1.60419    -2.39220    19.50934
    21  F   7.0  -0.026   1.073    -2.15070    -2.30736    21.98091
    22  C   4.0   0.026   3.214    -3.07288    -0.92767    17.86906
    23  F   7.0  -0.027   1.080    -4.77704     0.60490    18.95811
    24  C   4.0  -0.004   3.311    -2.78262    -0.97888    15.25349
    25  C   4.0   0.101   3.376    -0.56371    -2.26692    14.38365
    26  N   5.0  -0.252   2.463     0.20806    -1.95398    12.00354
    27  C   4.0   0.106   3.340     2.24594    -3.11030    11.16715
    28  C   4.0  -0.087   3.266     3.20422    -2.40921     8.70975
    29  S   6.0   0.225   2.676     1.18618    -1.51802     6.28769
    30  C   4.0  -0.077   3.206     3.68289    -0.85983     4.28628
    31  C   4.0  -0.179   4.086     3.32516    -0.03175     1.61950
    32  C   4.0  -0.244   4.031     2.60177    -2.25822    -0.08012
    33  C   4.0   0.003   3.392     5.91465    -1.30788     5.50553
    34  C   4.0  -0.091   3.384     5.68373    -2.17564     8.00129
    35  F   7.0  -0.023   1.056     8.17250    -0.93636     4.40401
    36  C   4.0   0.105   3.337     3.55061    -4.84734    12.77417
    37  N   5.0  -0.230   2.293     2.89506    -5.04973    15.15749
    38  C   4.0   0.098   3.368     0.90027    -3.77813    16.04623
    39  C   4.0  -0.084   3.265     5.56864    -6.52333    11.99617
    40  C   4.0  -0.087   3.373     7.46706    -7.40036    13.51608
    41  C   4.0   0.003   3.400     8.97563    -9.19182    12.26697
    42  F   7.0  -0.023   1.060    10.97496   -10.30354    13.38153
    43  C   4.0  -0.076   3.204     8.25810    -9.75023     9.85133
    44  C   4.0  -0.178   4.087     9.47395   -11.54207     8.05212
    45  C   4.0  -0.245   4.039     7.54095   -13.02815     6.51407
    46  S   6.0   0.228   2.679     5.63346    -7.97767     9.05613
    47  C   4.0  -0.076   3.266    -4.47090     0.15911    13.46940
    48  C   4.0  -0.005   3.376    -7.04698     0.66405    13.62474
    49  C   4.0  -0.174   4.068    -8.89437    -0.11527    15.62047
    50  C   4.0  -0.242   4.029    -8.93500    -2.98218    15.98425
    51  C   4.0  -0.107   3.509    -7.92287     1.79826    11.39599
    52  S   6.0   0.227   2.441   -10.94378     2.80587    10.48798
    53  C   4.0  -0.088   3.404    -9.73341     3.61372     7.56325
    54  C   4.0   0.008   3.424   -10.58587     4.48753     5.21149
    55  C   4.0   0.075   3.660   -13.04894     5.04840     4.35487
    56  C   4.0   0.075   3.660   -13.42235     5.61570     1.73269
    57  N   5.0  -0.298   2.147   -15.82986     5.99912     1.16898
    58  S   6.0   0.427   2.894   -17.48242     5.68694     3.72522
    59  N   5.0  -0.299   2.147   -15.19151     5.04047     5.64650
    60  C   4.0   0.008   3.424   -11.29546     5.75195     0.12888
    61  C   4.0  -0.087   3.405   -11.10819     6.32813    -2.45305
    62  S   6.0   0.229   2.435   -13.05347     6.99614    -4.99738
    63  C   4.0  -0.103   3.472   -10.37478     7.26014    -6.90940
    64  C   4.0   0.051   3.435   -10.03822     7.73654    -9.50853
    65  O   6.0  -0.127   2.057   -11.97557     8.18195   -11.15675
    66  C   4.0  -0.115   4.073   -12.76718     6.04826   -12.59597
    67  C   4.0  -0.240   4.012   -13.95808     3.98052   -10.98687
    68  C   4.0  -0.089   3.294    -7.50675     7.70933   -10.18600
    69  S   6.0   0.217   2.622    -5.53652     7.09290    -7.60180
    70  C   4.0  -0.095   3.409    -8.11411     6.87369    -5.60625
    71  C   4.0   0.074   3.685    -8.53854     6.33474    -3.05058
    72  N   5.0  -0.292   3.269    -7.13164     5.76026    -0.95734
    73  C   4.0   0.098   3.447    -8.79101     5.35983     1.03481
    74  C   4.0   0.099   3.448    -8.44745     4.56010     3.57442
    75  N   5.0  -0.294   3.273    -6.35987     3.74204     4.92652
    76  C   4.0   0.074   3.687    -7.14505     3.14583     7.31872
    77  C   4.0  -0.090   3.397    -6.09474     2.12821     9.52214
    78  S   6.0   0.227   2.820    -3.20573     0.96036    10.49573
    79  C   4.0  -0.099   4.094    -3.95236     2.79472     4.05592
    80  C   4.0  -0.241   4.031    -4.29761     0.52043     2.31510
    81  C   4.0  -0.098   4.088    -4.46523     6.36006    -0.94656
    82  C   4.0  -0.239   4.026    -3.90002     8.63416     0.73643
    83  C   4.0  -0.091   3.293    -6.42318     8.11770   -12.61298
    84  S   6.0   0.214   2.576    -3.26299     7.22952   -13.15533
    85  C   4.0  -0.092   3.403    -3.49165     8.26509   -16.23539
    86  C   4.0  -0.095   3.403    -2.08078     8.49432   -18.44165
    87  C   4.0   0.075   3.668    -3.69215     9.60132   -20.27033
    88  N   5.0  -0.296   3.265    -6.02993    10.01782   -19.23193
    89  C   4.0  -0.092   4.071    -8.08444    11.35990   -20.40961
    90  C   4.0  -0.239   4.023    -7.82290    14.21074   -20.04678
    91  C   4.0   0.076   3.673    -5.91787     9.24832   -16.76716
    92  C   4.0  -0.074   3.310    -7.56911     9.16234   -14.70585
    93  C   4.0  -0.076   3.313    -2.54565     9.92125   -22.61378
    94  C   4.0  -0.082   3.212    -0.04195     9.16045   -22.59111
    95  S   6.0   0.226   2.552     0.87986     7.90699   -19.63841
    96  C   4.0  -0.072   3.201     1.61213     9.18445   -24.68738
    97  C   4.0  -0.005   3.301     4.17667     9.01361   -24.70155
    98  C   4.0   0.101   3.229     5.53935     8.18062   -27.00664
    99  O   6.0  -0.104   1.049     4.70523     8.05477   -29.13296
   100  C   4.0  -0.006   3.347     8.07499     7.41528   -26.10675
   101  C   4.0  -0.068   3.150    10.00364     6.26387   -27.43334
   102  C   4.0  -0.073   3.148    12.18401     5.63705   -26.11828
   103  C   4.0  -0.070   3.168    12.39755     6.08586   -23.54863
   104  C   4.0   0.078   3.224    10.45132     7.24011   -22.18293
   105  O   6.0  -0.139   2.063    10.44848     7.60520   -19.66506
   106  C   4.0  -0.187   4.054    12.63943     7.06814   -18.25097
   107  C   4.0  -0.003   3.378     8.29306     7.97842   -23.52047
   108  C   4.0  -0.008   3.338     6.03711     9.33260   -22.71129
   109  C   4.0  -0.038   3.138     5.87969    11.10327   -20.82969
   110  C   4.0   0.239   2.155     7.82517    11.78471   -19.14236
   111  N   5.0  -0.215   1.029     9.29632    12.54457   -17.74018
   112  C   4.0   0.232   2.198     3.76490    12.71030   -20.57382
   113  N   5.0  -0.215   1.036     2.12027    14.11039   -20.36255
   114  H   1.0   0.075   1.007     2.30736    -4.91329    22.08825
   115  H   1.0   0.075   1.005     2.15013   -12.42457    12.84012
   116  H   1.0   0.074   1.005     5.83434   -15.34495    12.39604
   117  H   1.0   0.076   1.006     9.15383   -15.40996    15.55207
   118  H   1.0   0.079   0.996    12.49317   -13.43803    17.77231
   119  H   1.0   0.082   0.997    12.61713   -13.51154    21.14528
   120  H   1.0   0.079   0.996    11.07493   -15.99294    19.48610
   121  H   1.0   0.081   1.004     5.09206     0.79765     0.95034
   122  H   1.0   0.081   1.005     1.85458     1.41408     1.53616
   123  H   1.0   0.081   1.000     0.88382    -3.15773     0.60188
   124  H   1.0   0.081   0.999     2.29488    -1.60986    -2.00405
   125  H   1.0   0.082   0.999     4.10486    -3.65813    -0.09354
   126  H   1.0   0.080   1.006     7.27488    -2.54206     9.20731
   127  H   1.0   0.081   1.005     7.77584    -6.76768    15.41827
   128  H   1.0   0.081   1.004    10.67695   -12.82444     9.13456
   129  H   1.0   0.080   1.004    10.69396   -10.48136     6.76031
   130  H   1.0   0.081   1.002     6.39445   -11.74937     5.38515
   131  H   1.0   0.082   1.000     6.29430   -14.09339     7.75184
   132  H   1.0   0.081   0.999     8.49564   -14.34019     5.25571
   133  H   1.0   0.081   1.010   -10.76275     0.50853    15.00235
   134  H   1.0   0.083   1.005    -8.50112     0.81145    17.41439
   135  H   1.0   0.081   0.999   -10.36496    -3.48503    17.36979
   136  H   1.0   0.081   0.999    -9.38268    -3.91967    14.21017
   137  H   1.0   0.082   1.000    -7.12011    -3.68497    16.64187
   138  H   1.0   0.079   1.000   -11.15902     5.28594   -13.66631
   139  H   1.0   0.081   1.001   -14.15272     6.81927   -13.91764
   140  H   1.0   0.081   1.000   -15.47912     4.76060    -9.84717
   141  H   1.0   0.081   0.999   -14.71492     2.51371   -12.20763
   142  H   1.0   0.081   1.000   -12.56233     3.13997    -9.73322
   143  H   1.0   0.084   1.004    -2.86445     4.29459     3.15773
   144  H   1.0   0.083   1.014    -2.90980     2.20569     5.73796
   145  H   1.0   0.082   1.000    -5.46509     0.99532     0.69145
   146  H   1.0   0.082   1.000    -5.21375    -1.00382     3.34368
   147  H   1.0   0.082   1.000    -2.47346    -0.14797     1.65748
   148  H   1.0   0.084   1.004    -3.34878     4.71430    -0.40837
   149  H   1.0   0.083   1.011    -3.96219     6.81756    -2.89638
   150  H   1.0   0.081   0.999    -1.88538     9.03213     0.72565
   151  H   1.0   0.082   1.000    -4.50492     8.29930     2.67169
   152  H   1.0   0.082   0.999    -4.89609    10.28823     0.03307
   153  H   1.0   0.082   1.003    -9.85209    10.69094   -19.57548
   154  H   1.0   0.082   1.003    -8.08803    10.89408   -22.42254
   155  H   1.0   0.082   0.999    -7.85994    14.67958   -18.04632
   156  H   1.0   0.082   0.999    -6.04334    14.86742   -20.83687
   157  H   1.0   0.081   0.999    -9.36737    15.18603   -20.98389
   158  H   1.0   0.080   1.005    -9.47471     9.85908   -14.67731
   159  H   1.0   0.079   1.004    -3.41946    10.72986   -24.25936
   160  H   1.0   0.074   1.008     0.71413     9.18350   -26.53213
   161  H   1.0   0.075   1.004     9.80069     5.87932   -29.42360
   162  H   1.0   0.074   1.005    13.74114     4.75512   -27.09791
   163  H   1.0   0.076   1.006    14.10359     5.51592   -22.58997
   164  H   1.0   0.082   0.997    12.21179     7.69118   -16.33857
   165  H   1.0   0.079   0.996    13.05820     5.04292   -18.24908
   166  H   1.0   0.079   0.996    14.26932     8.12185   -18.95943
 
  Z AO/shell   Hii/eV     exponent
  1     Sat Feb 20 21:38:01 CET 2016    EN: 2.327 GAM: 0.473  GM3: 0.0000
     1s    -13.751157    1.051071
  6     Sat Feb 20 21:38:01 CET 2016    EN: 2.731 GAM: 0.422  GM3: 0.0000
     2s    -19.378245    2.021003
     2p    -11.993376    1.497917
  7     Sat Feb 20 21:38:01 CET 2016    EN: 3.573 GAM: 0.504  GM3: 0.0000
     2s    -21.576984    2.275442
     2p    -16.125120    2.056788
  8     Sat Feb 20 21:38:01 CET 2016    EN: 3.700 GAM: 0.587  GM3: 0.0000
     2s    -21.648843    2.110798
     2p    -17.239740    2.329048
  9     Sat Feb 20 21:51:24 CET 2016    EN: 3.394 GAM: 0.669  GM3: 0.0000
     2s    -19.384211    2.614957
     2p    -19.426034    2.777297
 16     Sat Feb 20 23:13:41 CET 2016    EN: 1.915 GAM: 0.389  GM3: 0.0000
     3s    -22.000000    2.671470
     3p    -15.834192    1.836978
     3d     -2.593599    1.836978
 
 dipole moment of classical point charges (au)
     X       Y       Z   
   0.1719  -1.5168  -1.2011  total (Debye):    4.937

 
 Nbf   :          559
 T(el) :   300.0
 calculating S/T integrals ...
 cpu time for ints   0.808451000000000     
 Nao   :          550
 making H0...
 making H1...
 cpu time for H      0.268639000000000     
 solving ...
 cpu time for diag    2.40900100000000     
 
 gap (eV)           :   1.052
 Koopmans IP (eV)   :  11.499
 Eel (Eh)           :  -434.652573
 T,E(Fermi),NFOD :    300.000   -10.973  0.000000
 T,E(Fermi),NFOD :    300.000   -10.973  0.000000
 Nfod               :  0.0000
 Nfod/Nel           :  0.0000

          eigenvalues
 #    :         266        267        268        269        270        271        272        273
 occ. :        2.000      2.000      2.000      2.000      2.000      2.000      2.000      2.000
 eps  :       -14.658    -14.486    -14.151    -14.075    -13.988    -13.855    -13.775    -13.516
 #    :         274        275        276        277        278        279        280        281
 occ. :        2.000      2.000      2.000      2.000      2.000      0.000      0.000      0.000
 eps  :       -13.451    -13.182    -13.063    -12.193    -11.500    -10.448    -10.197     -9.592
 #    :         282        283        284        285        286        287        288        289
 occ. :        0.000      0.000      0.000      0.000      0.000      0.000      0.000      0.000
 eps  :        -9.361     -9.348     -9.216     -9.073     -8.997     -8.826     -8.416     -8.258
                            1  SCC done.
 making H1...
 cpu time for H       2.50221200000000     
 solving ...
 cpu time for diag   0.163437000000000     
 
 gap (eV)           :   1.658
 Koopmans IP (eV)   :  11.757
 Eel (Eh)           :  -434.088160
 T,E(Fermi),NFOD :    300.000   -10.928  0.000000
 T,E(Fermi),NFOD :    300.000   -10.928  0.000000
 Nfod               :  0.0000
 Nfod/Nel           :  0.0000

          eigenvalues
 #    :         266        267        268        269        270        271        272        273
 occ. :        2.000      2.000      2.000      2.000      2.000      2.000      2.000      2.000
 eps  :       -14.261    -14.109    -14.082    -14.011    -13.901    -13.808    -13.731    -13.521
 #    :         274        275        276        277        278        279        280        281
 occ. :        2.000      2.000      2.000      2.000      2.000      0.000      0.000      0.000
 eps  :       -13.479    -13.333    -13.260    -12.417    -11.758    -10.101     -9.887     -9.621
 #    :         282        283        284        285        286        287        288        289
 occ. :        0.000      0.000      0.000      0.000      0.000      0.000      0.000      0.000
 eps  :        -9.319     -9.108     -9.076     -9.056     -8.812     -8.740     -8.424     -8.279
                            2  SCC done.
 
 
 Mulliken/CM5 charges    n(s)   n(p)   n(d)   
    1 C   0.0026 -0.0428   1.159  2.839  0.000
    2 C  -0.0062 -0.0055   1.182  2.824  0.000
    3 C   0.1488  0.1885   1.179  2.673  0.000
    4 O  -0.2254 -0.2686   1.629  4.596  0.000
    5 C  -0.0210 -0.0224   1.187  2.834  0.000
    6 C  -0.0334 -0.0859   1.140  2.894  0.000
    7 C  -0.0206 -0.0767   1.139  2.881  0.000
    8 C  -0.0423 -0.0946   1.136  2.906  0.000
    9 C   0.0986  0.1196   1.159  2.742  0.000
   10 O  -0.1273 -0.2180   1.447  4.680  0.000
   11 C   0.0163 -0.1051   1.087  2.897  0.000
   12 C  -0.0189 -0.0171   1.171  2.848  0.000
   13 C   0.0215  0.0221   1.198  2.781  0.000
   14 C   0.0137  0.0210   1.115  2.871  0.000
   15 C   0.1009  0.2230   1.171  2.729  0.000
   16 N  -0.2131 -0.3411   1.641  3.572  0.000
   17 C   0.0989  0.2182   1.172  2.729  0.000
   18 N  -0.2075 -0.3370   1.641  3.566  0.000
   19 C   0.0226  0.0273   1.149  2.828  0.000
   20 C   0.1032  0.1231   1.164  2.733  0.000
   21 F  -0.1107 -0.1340   1.675  5.436  0.000
   22 C   0.0950  0.1142   1.164  2.741  0.000
   23 F  -0.1133 -0.1405   1.675  5.438  0.000
   24 C   0.0281  0.0356   1.158  2.814  0.000
   25 C   0.0524  0.1346   1.186  2.762  0.000
   26 N  -0.1708 -0.3622   1.467  3.704  0.000
   27 C   0.0691  0.1550   1.192  2.739  0.000
   28 C  -0.0155  0.0014   1.160  2.855  0.000
   29 S   0.1290  0.0928   1.884  3.938  0.049
   30 C  -0.0432 -0.0375   1.192  2.851  0.000
   31 C  -0.0236 -0.1280   1.118  2.906  0.000
   32 C  -0.0878 -0.2391   1.098  2.990  0.000
   33 C   0.0434  0.0594   1.162  2.795  0.000
   34 C  -0.0672 -0.1131   1.139  2.928  0.000
   35 F  -0.1339 -0.1577   1.686  5.448  0.000
   36 C   0.0661  0.1520   1.193  2.741  0.000
   37 N  -0.1759 -0.3718   1.471  3.705  0.000
   38 C   0.0557  0.1374   1.182  2.762  0.000
   39 C  -0.0237 -0.0076   1.161  2.863  0.000
   40 C  -0.0564 -0.1016   1.138  2.918  0.000
   41 C   0.0378  0.0535   1.162  2.800  0.000
   42 F  -0.1383 -0.1633   1.687  5.451  0.000
   43 C  -0.0369 -0.0313   1.192  2.845  0.000
   44 C  -0.0201 -0.1238   1.118  2.903  0.000
   45 C  -0.0838 -0.2347   1.093  2.991  0.000
   46 S   0.1179  0.0790   1.884  3.948  0.050
   47 C  -0.0333 -0.0194   1.176  2.857  0.000
   48 C  -0.0217 -0.0281   1.187  2.834  0.000
   49 C  -0.0304 -0.1350   1.124  2.907  0.000
   50 C  -0.0867 -0.2377   1.093  2.994  0.000
   51 C  -0.0603 -0.0472   1.175  2.886  0.000
   52 S   0.1108  0.0772   1.893  3.944  0.052
   53 C  -0.0508 -0.0286   1.166  2.885  0.000
   54 C  -0.0134 -0.0003   1.152  2.861  0.000
   55 C   0.0165  0.1046   1.203  2.780  0.000
   56 C   0.0152  0.1032   1.203  2.781  0.000
   57 N  -0.2089 -0.3705   1.532  3.677  0.000
   58 S   0.2310  0.3657   1.910  3.707  0.152
   59 N  -0.2006 -0.3623   1.531  3.670  0.000
   60 C  -0.0162 -0.0031   1.153  2.863  0.000
   61 C  -0.0535 -0.0314   1.165  2.888  0.000
   62 S   0.1229  0.0907   1.892  3.931  0.053
   63 C  -0.0555 -0.0396   1.169  2.887  0.000
   64 C   0.0406  0.0651   1.150  2.809  0.000
   65 O  -0.1666 -0.2516   1.475  4.692  0.000
   66 C   0.0383 -0.0453   1.140  2.822  0.000
   67 C  -0.0847 -0.2339   1.092  2.992  0.000
   68 C  -0.0368 -0.0220   1.166  2.871  0.000
   69 S   0.0965  0.0618   1.890  3.961  0.052
   70 C  -0.0546 -0.0370   1.160  2.895  0.000
   71 C  -0.0084  0.0613   1.166  2.842  0.000
   72 N  -0.0858 -0.3436   1.275  3.811  0.000
   73 C   0.0220  0.0901   1.184  2.794  0.000
   74 C   0.0190  0.0876   1.185  2.796  0.000
   75 N  -0.0826 -0.3410   1.273  3.809  0.000
   76 C  -0.0049  0.0647   1.168  2.837  0.000
   77 C  -0.0567 -0.0391   1.172  2.884  0.000
   78 S   0.0903  0.0626   1.895  3.958  0.057
   79 C   0.0263 -0.0226   1.148  2.826  0.000
   80 C  -0.0866 -0.2339   1.093  2.993  0.000
   81 C   0.0279 -0.0211   1.147  2.825  0.000
   82 C  -0.0826 -0.2296   1.093  2.990  0.000
   83 C  -0.0280 -0.0173   1.169  2.859  0.000
   84 S   0.0985  0.0667   1.892  3.960  0.050
   85 C  -0.0479 -0.0260   1.155  2.893  0.000
   86 C  -0.0420 -0.0199   1.163  2.879  0.000
   87 C  -0.0037  0.0626   1.176  2.828  0.000
   88 N  -0.0717 -0.3326   1.255  3.817  0.000
   89 C   0.0361 -0.0110   1.143  2.821  0.000
   90 C  -0.0817 -0.2281   1.093  2.989  0.000
   91 C  -0.0117  0.0552   1.184  2.828  0.000
   92 C  -0.0667 -0.1123   1.131  2.936  0.000
   93 C  -0.0530 -0.0987   1.140  2.913  0.000
   94 C  -0.0149 -0.0082   1.161  2.854  0.000
   95 S   0.1055  0.0730   1.891  3.956  0.048
   96 C  -0.0018 -0.0489   1.150  2.852  0.000
   97 C  -0.0280 -0.0298   1.177  2.851  0.000
   98 C   0.1414  0.1762   1.175  2.684  0.000
   99 O  -0.2339 -0.2794   1.628  4.606  0.000
  100 C  -0.0219 -0.0238   1.187  2.835  0.000
  101 C  -0.0319 -0.0844   1.139  2.892  0.000
  102 C  -0.0212 -0.0772   1.138  2.883  0.000
  103 C  -0.0451 -0.0976   1.137  2.908  0.000
  104 C   0.0925  0.1131   1.159  2.748  0.000
  105 O  -0.1326 -0.2227   1.448  4.684  0.000
  106 C   0.0142 -0.1069   1.086  2.900  0.000
  107 C  -0.0195 -0.0176   1.171  2.849  0.000
  108 C   0.0184  0.0198   1.200  2.781  0.000
  109 C   0.0013  0.0093   1.115  2.884  0.000
  110 C   0.0996  0.2214   1.171  2.729  0.000
  111 N  -0.2249 -0.3528   1.642  3.583  0.000
  112 C   0.1003  0.2216   1.173  2.727  0.000
  113 N  -0.2268 -0.3549   1.644  3.583  0.000
  114 H   0.0647  0.1294   0.935  0.000  0.000
  115 H   0.0503  0.1093   0.950  0.000  0.000
  116 H   0.0485  0.1057   0.951  0.000  0.000
  117 H   0.0462  0.1070   0.954  0.000  0.000
  118 H   0.0432  0.1032   0.957  0.000  0.000
  119 H   0.0501  0.1125   0.950  0.000  0.000
  120 H   0.0443  0.1041   0.956  0.000  0.000
  121 H   0.0458  0.1028   0.954  0.000  0.000
  122 H   0.0425  0.0989   0.958  0.000  0.000
  123 H   0.0308  0.0840   0.969  0.000  0.000
  124 H   0.0361  0.0879   0.964  0.000  0.000
  125 H   0.0314  0.0841   0.969  0.000  0.000
  126 H   0.0572  0.1179   0.943  0.000  0.000
  127 H   0.0598  0.1218   0.940  0.000  0.000
  128 H   0.0445  0.1015   0.955  0.000  0.000
  129 H   0.0470  0.1025   0.953  0.000  0.000
  130 H   0.0322  0.0862   0.968  0.000  0.000
  131 H   0.0308  0.0839   0.969  0.000  0.000
  132 H   0.0385  0.0903   0.961  0.000  0.000
  133 H   0.0425  0.1015   0.957  0.000  0.000
  134 H   0.0472  0.1068   0.953  0.000  0.000
  135 H   0.0370  0.0889   0.963  0.000  0.000
  136 H   0.0295  0.0822   0.971  0.000  0.000
  137 H   0.0312  0.0864   0.969  0.000  0.000
  138 H   0.0372  0.1008   0.963  0.000  0.000
  139 H   0.0421  0.1063   0.958  0.000  0.000
  140 H   0.0334  0.0885   0.967  0.000  0.000
  141 H   0.0399  0.0922   0.960  0.000  0.000
  142 H   0.0299  0.0852   0.970  0.000  0.000
  143 H   0.0557  0.1233   0.944  0.000  0.000
  144 H   0.0552  0.1277   0.945  0.000  0.000
  145 H   0.0328  0.0908   0.967  0.000  0.000
  146 H   0.0346  0.0898   0.965  0.000  0.000
  147 H   0.0430  0.0970   0.957  0.000  0.000
  148 H   0.0564  0.1236   0.944  0.000  0.000
  149 H   0.0520  0.1230   0.948  0.000  0.000
  150 H   0.0426  0.0949   0.957  0.000  0.000
  151 H   0.0350  0.0926   0.965  0.000  0.000
  152 H   0.0341  0.0889   0.966  0.000  0.000
  153 H   0.0488  0.1149   0.951  0.000  0.000
  154 H   0.0496  0.1156   0.950  0.000  0.000
  155 H   0.0316  0.0863   0.968  0.000  0.000
  156 H   0.0340  0.0890   0.966  0.000  0.000
  157 H   0.0416  0.0938   0.958  0.000  0.000
  158 H   0.0598  0.1238   0.940  0.000  0.000
  159 H   0.0596  0.1185   0.940  0.000  0.000
  160 H   0.0634  0.1250   0.937  0.000  0.000
  161 H   0.0501  0.1085   0.950  0.000  0.000
  162 H   0.0482  0.1048   0.952  0.000  0.000
  163 H   0.0443  0.1045   0.956  0.000  0.000
  164 H   0.0493  0.1118   0.951  0.000  0.000
  165 H   0.0408  0.1001   0.959  0.000  0.000
  166 H   0.0442  0.1042   0.956  0.000  0.000
 Hirshfeld charges for QMDFF written to <charges>
 
 Loewdin charges    n(s)   n(p)   n(d)
    1 C   0.0110   1.105  2.884  0.000
    2 C  -0.0120   1.144  2.868  0.000
    3 C   0.1394   1.145  2.716  0.000
    4 O  -0.2102   1.598  4.612  0.000
    5 C  -0.0218   1.146  2.875  0.000
    6 C  -0.0286   1.086  2.943  0.000
    7 C  -0.0106   1.084  2.927  0.000
    8 C  -0.0407   1.084  2.956  0.000
    9 C   0.0861   1.125  2.788  0.000
   10 O  -0.0873   1.407  4.680  0.000
   11 C   0.0056   1.017  2.977  0.000
   12 C  -0.0216   1.131  2.891  0.000
   13 C   0.0325   1.154  2.814  0.000
   14 C   0.0016   1.074  2.924  0.000
   15 C   0.0934   1.137  2.770  0.000
   16 N  -0.2020   1.603  3.599  0.000
   17 C   0.0927   1.138  2.769  0.000
   18 N  -0.1964   1.603  3.593  0.000
   19 C   0.0184   1.108  2.873  0.000
   20 C   0.0905   1.131  2.779  0.000
   21 F  -0.0930   1.658  5.435  0.000
   22 C   0.0804   1.131  2.788  0.000
   23 F  -0.0951   1.658  5.437  0.000
   24 C   0.0251   1.118  2.857  0.000
   25 C   0.0420   1.153  2.805  0.000
   26 N  -0.1479   1.432  3.716  0.000
   27 C   0.0599   1.159  2.781  0.000
   28 C   0.0061   1.115  2.878  0.000
   29 S   0.0916   1.870  3.935  0.104
   30 C  -0.0226   1.149  2.874  0.000
   31 C  -0.0173   1.056  2.962  0.000
   32 C  -0.0894   1.025  3.065  0.000
   33 C   0.0331   1.129  2.838  0.000
   34 C  -0.0661   1.089  2.978  0.000
   35 F  -0.1157   1.668  5.447  0.000
   36 C   0.0578   1.159  2.784  0.000
   37 N  -0.1552   1.437  3.719  0.000
   38 C   0.0461   1.148  2.806  0.000
   39 C  -0.0022   1.116  2.886  0.000
   40 C  -0.0558   1.088  2.968  0.000
   41 C   0.0276   1.129  2.843  0.000
   42 F  -0.1202   1.670  5.450  0.000
   43 C  -0.0159   1.149  2.867  0.000
   44 C  -0.0132   1.055  2.958  0.000
   45 C  -0.0851   1.020  3.066  0.000
   46 S   0.0808   1.870  3.944  0.105
   47 C  -0.0162   1.134  2.882  0.000
   48 C  -0.0221   1.148  2.874  0.000
   49 C  -0.0232   1.061  2.962  0.000
   50 C  -0.0883   1.020  3.068  0.000
   51 C  -0.0395   1.132  2.908  0.000
   52 S   0.0718   1.879  3.943  0.106
   53 C  -0.0304   1.122  2.908  0.000
   54 C  -0.0207   1.114  2.907  0.000
   55 C   0.0112   1.169  2.819  0.000
   56 C   0.0100   1.170  2.820  0.000
   57 N  -0.1697   1.494  3.675  0.000
   58 S   0.1670   1.902  3.713  0.218
   59 N  -0.1616   1.493  3.668  0.000
   60 C  -0.0232   1.115  2.909  0.000
   61 C  -0.0334   1.122  2.912  0.000
   62 S   0.0833   1.879  3.931  0.107
   63 C  -0.0368   1.126  2.910  0.000
   64 C   0.0243   1.120  2.856  0.000
   65 O  -0.1313   1.439  4.693  0.000
   66 C   0.0349   1.084  2.881  0.000
   67 C  -0.0870   1.019  3.068  0.000
   68 C  -0.0198   1.123  2.897  0.000
   69 S   0.0590   1.877  3.959  0.106
   70 C  -0.0338   1.117  2.917  0.000
   71 C  -0.0208   1.135  2.885  0.000
   72 N  -0.0430   1.234  3.809  0.000
   73 C   0.0111   1.153  2.836  0.000
   74 C   0.0084   1.153  2.839  0.000
   75 N  -0.0396   1.232  3.808  0.000
   76 C  -0.0173   1.137  2.880  0.000
   77 C  -0.0369   1.130  2.907  0.000
   78 S   0.0517   1.882  3.955  0.111
   79 C   0.0258   1.091  2.883  0.000
   80 C  -0.0895   1.021  3.069  0.000
   81 C   0.0276   1.091  2.882  0.000
   82 C  -0.0844   1.020  3.065  0.000
   83 C  -0.0036   1.123  2.880  0.000
   84 S   0.0607   1.879  3.958  0.102
   85 C  -0.0312   1.113  2.918  0.000
   86 C  -0.0216   1.120  2.902  0.000
   87 C  -0.0130   1.144  2.869  0.000
   88 N  -0.0293   1.214  3.816  0.000
   89 C   0.0377   1.085  2.877  0.000
   90 C  -0.0836   1.020  3.064  0.000
   91 C  -0.0181   1.151  2.867  0.000
   92 C  -0.0692   1.082  2.988  0.000
   93 C  -0.0506   1.089  2.962  0.000
   94 C   0.0074   1.116  2.877  0.000
   95 S   0.0670   1.877  3.954  0.101
   96 C   0.0067   1.096  2.898  0.000
   97 C  -0.0355   1.139  2.897  0.000
   98 C   0.1329   1.140  2.727  0.000
   99 O  -0.2184   1.596  4.622  0.000
  100 C  -0.0226   1.147  2.876  0.000
  101 C  -0.0269   1.086  2.941  0.000
  102 C  -0.0112   1.083  2.929  0.000
  103 C  -0.0432   1.085  2.959  0.000
  104 C   0.0802   1.125  2.795  0.000
  105 O  -0.0931   1.409  4.684  0.000
  106 C   0.0034   1.017  2.980  0.000
  107 C  -0.0225   1.131  2.891  0.000
  108 C   0.0288   1.156  2.815  0.000
  109 C  -0.0111   1.074  2.937  0.000
  110 C   0.0923   1.137  2.770  0.000
  111 N  -0.2135   1.604  3.610  0.000
  112 C   0.0942   1.139  2.766  0.000
  113 N  -0.2155   1.606  3.610  0.000
  114 H   0.0528   0.947  0.000  0.000
  115 H   0.0409   0.959  0.000  0.000
  116 H   0.0402   0.960  0.000  0.000
  117 H   0.0384   0.962  0.000  0.000
  118 H   0.0403   0.960  0.000  0.000
  119 H   0.0460   0.954  0.000  0.000
  120 H   0.0413   0.959  0.000  0.000
  121 H   0.0408   0.959  0.000  0.000
  122 H   0.0388   0.961  0.000  0.000
  123 H   0.0310   0.969  0.000  0.000
  124 H   0.0356   0.964  0.000  0.000
  125 H   0.0307   0.969  0.000  0.000
  126 H   0.0478   0.952  0.000  0.000
  127 H   0.0496   0.950  0.000  0.000
  128 H   0.0397   0.960  0.000  0.000
  129 H   0.0422   0.958  0.000  0.000
  130 H   0.0320   0.968  0.000  0.000
  131 H   0.0307   0.969  0.000  0.000
  132 H   0.0378   0.962  0.000  0.000
  133 H   0.0387   0.961  0.000  0.000
  134 H   0.0421   0.958  0.000  0.000
  135 H   0.0365   0.964  0.000  0.000
  136 H   0.0292   0.971  0.000  0.000
  137 H   0.0309   0.969  0.000  0.000
  138 H   0.0321   0.968  0.000  0.000
  139 H   0.0362   0.964  0.000  0.000
  140 H   0.0325   0.968  0.000  0.000
  141 H   0.0397   0.960  0.000  0.000
  142 H   0.0297   0.970  0.000  0.000
  143 H   0.0514   0.949  0.000  0.000
  144 H   0.0493   0.951  0.000  0.000
  145 H   0.0327   0.967  0.000  0.000
  146 H   0.0335   0.967  0.000  0.000
  147 H   0.0436   0.956  0.000  0.000
  148 H   0.0520   0.948  0.000  0.000
  149 H   0.0464   0.954  0.000  0.000
  150 H   0.0421   0.958  0.000  0.000
  151 H   0.0345   0.966  0.000  0.000
  152 H   0.0330   0.967  0.000  0.000
  153 H   0.0429   0.957  0.000  0.000
  154 H   0.0435   0.957  0.000  0.000
  155 H   0.0310   0.969  0.000  0.000
  156 H   0.0330   0.967  0.000  0.000
  157 H   0.0412   0.959  0.000  0.000
  158 H   0.0509   0.949  0.000  0.000
  159 H   0.0503   0.950  0.000  0.000
  160 H   0.0524   0.948  0.000  0.000
  161 H   0.0407   0.959  0.000  0.000
  162 H   0.0395   0.961  0.000  0.000
  163 H   0.0367   0.963  0.000  0.000
  164 H   0.0453   0.955  0.000  0.000
  165 H   0.0383   0.962  0.000  0.000
  166 H   0.0411   0.959  0.000  0.000
 
 Wiberg/Mayer (AO) data. WBOs > 0.1 written file <wbo>
 largest (>0.05) Wiberg bond orders for each atom
           total WBO             WBO to atom ...
     1  C   3.933    C    2 1.663    C   19 1.088    H  114 0.924    O    4 0.051
     2  C   3.927    C    1 1.663    C   13 1.046    C    3 0.960    O    4 0.067
     3  C   3.912    O    4 1.819    C    5 0.984    C    2 0.960
     4  O   2.162    C    3 1.819    C    2 0.067    C    5 0.062    C    1 0.051
     5  C   3.939    C    6 1.394    C   12 1.273    C    3 0.984    C    8 0.091    O    4 0.062
     6  C   3.968    C    7 1.407    C    5 1.394    H  115 0.944    C    9 0.083
     7  C   3.956    C    8 1.443    C    6 1.407    H  116 0.941    C   12 0.084
     8  C   3.966    C    7 1.443    C    9 1.341    H  117 0.943    C    5 0.091    O   10 0.058
     9  C   3.927    C    8 1.341    C   12 1.299    O   10 1.084    C    6 0.083
    10  O   2.280    C    9 1.084    C   11 0.983    C    8 0.058
    11  C   3.950    H  119 0.989    O   10 0.983    H  118 0.981    H  120 0.981
    12  C   3.950    C    9 1.299    C    5 1.273    C   13 1.066    C    7 0.084
    13  C   3.937    C   14 1.497    C   12 1.066    C    2 1.046    N   18 0.095    N   16 0.094
    14  C   3.949    C   13 1.497    C   15 1.054    C   17 1.054    N   16 0.079    N   18 0.079
    15  C   3.940    N   16 2.797    C   14 1.054
    16  N   3.058    C   15 2.797    C   13 0.094    C   14 0.079
    17  C   3.941    N   18 2.796    C   14 1.054
    18  N   3.057    C   17 2.796    C   13 0.095    C   14 0.079
    19  C   3.905    C   20 1.379    C   38 1.189    C    1 1.088    C   24 0.079
    20  C   3.894    C   19 1.379    C   22 1.302    F   21 0.983
    21  F   1.111    C   20 0.983
    22  C   3.888    C   24 1.361    C   20 1.302    F   23 0.979
    23  F   1.115    C   22 0.979
    24  C   3.930    C   22 1.361    C   25 1.172    C   47 1.118    C   19 0.079
    25  C   3.924    N   26 1.276    C   38 1.206    C   24 1.172    C   36 0.055
    26  N   3.136    C   27 1.439    C   25 1.276    N   37 0.099
    27  C   3.921    N   26 1.439    C   36 1.161    C   28 1.075    C   38 0.055
    28  C   3.941    C   34 1.528    S   29 1.114    C   27 1.075    C   30 0.106
    29  S   2.573    C   30 1.146    C   28 1.114    C   34 0.082    C   33 0.071
    30  C   3.914    C   33 1.528    S   29 1.146    C   31 0.999    C   28 0.106
    31  C   3.973    C   30 0.999    C   32 0.986    H  121 0.964    H  122 0.962
    32  C   3.980    C   31 0.986    H  125 0.984    H  123 0.982    H  124 0.978
    33  C   3.909    C   30 1.528    C   34 1.256    F   35 0.962    S   29 0.071
    34  C   3.954    C   28 1.528    C   33 1.256    H  126 0.938    S   29 0.082
    35  F   1.089    C   33 0.962
    36  C   3.928    N   37 1.453    C   27 1.161    C   39 1.065    C   25 0.055
    37  N   3.118    C   36 1.453    C   38 1.263    N   26 0.099
    38  C   3.926    N   37 1.263    C   25 1.206    C   19 1.189    C   27 0.055
    39  C   3.940    C   40 1.539    S   46 1.109    C   36 1.065    C   43 0.109
    40  C   3.958    C   39 1.539    C   41 1.250    H  127 0.938    S   46 0.081
    41  C   3.906    C   43 1.537    C   40 1.250    F   42 0.959    S   46 0.070
    42  F   1.084    C   41 0.959
    43  C   3.918    C   41 1.537    S   46 1.145    C   44 0.995    C   39 0.109
    44  C   3.973    C   45 0.999    C   43 0.995    H  128 0.962    H  129 0.954
    45  C   3.982    C   44 0.999    H  130 0.983    H  131 0.983    H  132 0.979
    46  S   2.564    C   43 1.145    C   39 1.109    C   40 0.081    C   41 0.070
    47  C   3.900    C   48 1.451    C   24 1.118    S   78 1.068    C   77 0.068
    48  C   3.898    C   47 1.451    C   51 1.252    C   49 0.977    S   78 0.065
    49  C   3.970    C   50 0.993    C   48 0.977    H  133 0.964    H  134 0.956
    50  C   3.982    C   49 0.993    H  136 0.985    H  137 0.982    H  135 0.979
    51  C   3.910    C   77 1.349    C   48 1.252    S   52 1.068    C   53 0.053
    52  S   2.478    C   53 1.103    C   51 1.068    C   76 0.054    C   77 0.052
    53  C   3.917    C   76 1.340    C   54 1.206    S   52 1.103    C   51 0.053
    54  C   3.925    C   74 1.275    C   53 1.206    C   55 1.164
    55  C   3.929    N   59 1.426    C   54 1.164    C   56 1.107    S   58 0.074
    56  C   3.929    N   57 1.425    C   60 1.165    C   55 1.107    S   58 0.074
    57  N   3.067    C   56 1.425    S   58 1.279    N   59 0.203
    58  S   2.809    N   59 1.281    N   57 1.279    C   56 0.074    C   55 0.074
    59  N   3.071    C   55 1.426    S   58 1.281    N   57 0.203
    60  C   3.925    C   73 1.279    C   61 1.201    C   56 1.165
    61  C   3.918    C   71 1.347    C   60 1.201    S   62 1.102    C   63 0.055
    62  S   2.487    C   61 1.102    C   63 1.076    C   71 0.053    C   70 0.053
    63  C   3.915    C   70 1.357    C   64 1.231    S   62 1.076    C   61 0.055
    64  C   3.907    C   68 1.428    C   63 1.231    O   65 1.020    S   69 0.063
    65  O   2.182    C   64 1.020    C   66 0.963
    66  C   3.936    C   67 1.001    H  139 0.974    H  138 0.965    O   65 0.963
    67  C   3.984    C   66 1.001    H  140 0.983    H  142 0.983    H  141 0.978
    68  C   3.908    C   64 1.428    C   83 1.147    S   69 1.080    C   70 0.065
    69  S   2.487    C   70 1.091    C   68 1.080    C   64 0.063
    70  C   3.919    C   63 1.357    C   71 1.229    S   69 1.091    C   68 0.065    S   62 0.053
    71  C   3.903    C   61 1.347    C   70 1.229    N   72 1.080    S   62 0.053
    72  N   3.420    C   73 1.088    C   71 1.080    C   81 0.947
    73  C   3.895    C   60 1.279    C   74 1.245    N   72 1.088
    74  C   3.894    C   54 1.275    C   73 1.245    N   75 1.094
    75  N   3.426    C   74 1.094    C   76 1.079    C   79 0.949
    76  C   3.899    C   53 1.340    C   77 1.232    N   75 1.079    S   52 0.054
    77  C   3.919    C   51 1.349    C   76 1.232    S   78 1.082    C   47 0.068    S   52 0.052
    78  S   2.503    C   77 1.082    C   47 1.068    C   48 0.065
    79  C   3.930    C   80 1.002    H  144 0.962    H  143 0.960    N   75 0.949
    80  C   3.980    C   79 1.002    H  146 0.984    H  145 0.982    H  147 0.972
    81  C   3.930    C   82 1.003    H  149 0.965    H  148 0.960    N   72 0.947
    82  C   3.981    C   81 1.003    H  152 0.985    H  151 0.982    H  150 0.975
    83  C   3.890    C   92 1.479    C   68 1.147    S   84 1.076    C   85 0.065
    84  S   2.483    C   85 1.103    C   83 1.076    C   92 0.067
    85  C   3.921    C   91 1.286    C   86 1.278    S   84 1.103    C   83 0.065
    86  C   3.928    C   85 1.278    C   87 1.265    S   95 1.120    C   94 0.061    N   88 0.051
    87  C   3.898    C   93 1.327    C   86 1.265    N   88 1.079
    88  N   3.449    C   91 1.096    C   87 1.079    C   89 0.954    C   86 0.051
    89  C   3.937    C   90 1.002    H  153 0.970    H  154 0.970    N   88 0.954
    90  C   3.982    C   89 1.002    H  155 0.984    H  156 0.984    H  157 0.975
    91  C   3.889    C   85 1.286    C   92 1.284    N   88 1.096
    92  C   3.939    C   83 1.479    C   91 1.284    H  158 0.936    S   84 0.067
    93  C   3.948    C   94 1.433    C   87 1.327    H  159 0.937    S   95 0.070    C   97 0.064
    94  C   3.906    C   93 1.433    C   96 1.210    S   95 1.059    C   86 0.061
    95  S   2.498    C   86 1.120    C   94 1.059    C   93 0.070
    96  C   3.931    C   97 1.551    C   94 1.210    H  160 0.929    O   99 0.050
    97  C   3.910    C   96 1.551    C  108 1.075    C   98 0.989    O   99 0.069    C   93 0.064
    98  C   3.905    O   99 1.794    C   97 0.989    C  100 0.976
    99  O   2.140    C   98 1.794    C   97 0.069    C  100 0.062    C   96 0.050
   100  C   3.936    C  101 1.396    C  107 1.278    C   98 0.976    C  103 0.092    O   99 0.062
   101  C   3.965    C  102 1.406    C  100 1.396    H  161 0.944    C  104 0.083
   102  C   3.957    C  103 1.445    C  101 1.406    H  162 0.942    C  107 0.088
   103  C   3.965    C  102 1.445    C  104 1.340    H  163 0.944    C  100 0.092    O  105 0.056
   104  C   3.927    C  103 1.340    C  107 1.313    O  105 1.075    C  101 0.083
   105  O   2.267    C  104 1.075    C  106 0.986    C  103 0.056
   106  C   3.952    H  164 0.989    O  105 0.986    H  165 0.982    H  166 0.981
   107  C   3.947    C  104 1.313    C  100 1.278    C  108 1.052    C  102 0.088
   108  C   3.933    C  109 1.472    C   97 1.075    C  107 1.052    N  111 0.093    N  113 0.092
   109  C   3.955    C  108 1.472    C  110 1.065    C  112 1.057    N  111 0.081    N  113 0.080
   110  C   3.939    N  111 2.788    C  109 1.065
   111  N   3.048    C  110 2.788    C  108 0.093    C  109 0.081
   112  C   3.940    N  113 2.791    C  109 1.057
   113  N   3.052    C  112 2.791    C  108 0.092    C  109 0.080
   114  H   0.991    C    1 0.924
   115  H   0.996    C    6 0.944
   116  H   0.995    C    7 0.941
   117  H   0.996    C    8 0.943
   118  H   0.998    C   11 0.981
   119  H   0.997    C   11 0.989
   120  H   0.998    C   11 0.981
   121  H   0.997    C   31 0.964
   122  H   0.997    C   31 0.962
   123  H   0.999    C   32 0.982
   124  H   0.996    C   32 0.978
   125  H   0.999    C   32 0.984
   126  H   0.995    C   34 0.938
   127  H   0.995    C   40 0.938
   128  H   0.997    C   44 0.962
   129  H   0.996    C   44 0.954
   130  H   0.999    C   45 0.983
   131  H   0.999    C   45 0.983
   132  H   0.997    C   45 0.979
   133  H   0.998    C   49 0.964
   134  H   0.996    C   49 0.956
   135  H   0.996    C   50 0.979
   136  H   0.999    C   50 0.985
   137  H   0.999    C   50 0.982
   138  H   0.999    C   66 0.965
   139  H   0.997    C   66 0.974
   140  H   0.999    C   67 0.983
   141  H   0.998    C   67 0.978
   142  H   0.999    C   67 0.983
   143  H   0.996    C   79 0.960
   144  H   0.996    C   79 0.962
   145  H   0.999    C   80 0.982
   146  H   0.999    C   80 0.984
   147  H   0.997    C   80 0.972
   148  H   0.996    C   81 0.960
   149  H   0.996    C   81 0.965
   150  H   0.997    C   82 0.975
   151  H   0.998    C   82 0.982
   152  H   0.999    C   82 0.985
   153  H   0.997    C   89 0.970
   154  H   0.996    C   89 0.970
   155  H   0.999    C   90 0.984
   156  H   0.999    C   90 0.984
   157  H   0.997    C   90 0.975
   158  H   0.995    C   92 0.936
   159  H   0.995    C   93 0.937
   160  H   0.991    C   96 0.929
   161  H   0.996    C  101 0.944
   162  H   0.995    C  102 0.942
   163  H   0.996    C  103 0.944
   164  H   0.997    C  106 0.989
   165  H   0.998    C  106 0.982
   166  H   0.998    C  106 0.981
 
 --------------------------------------------
          xTB calculation for sTDA...
 --------------------------------------------
 
 reading parameter file /ihome/ghutchison/blp62/xtb4stda/.param_stda2.xtb
 
      method parameters     
 k(s)        :  1.6000
 k(p)        :  2.1800
 k(d)        :  1.9500
 k(f)        :  2.0000
 k(R-V)      :  2.2750
 k(R-R)      :  1.7650
 Tscal       :  0.2580
 Gscal       :  1.0000
 fpol        :  1.0000
 Zcnf        :  0.3430
 Zqf         :  0.0000
 kcn         :  2.7000
 Ryd Hsplit  :  0.7000
 lshift(virt):  3.1000
 lshift(OS)  :  0.2000
 wllscaling  :  2.6000
 
 mowrcut     : 3.000
 
  Z AO/shell   Hii/eV     exponent
  1     Sun Feb 14 09:53:25 CET 2016    EN: 2.327 GAM: 0.473  GM3: 0.0000
     1s    -14.339618    1.220000
     2sp    -3.348946    0.600000
  6     Sun Feb 14 09:53:25 CET 2016    EN: 2.731 GAM: 0.422  GM3: 0.0000
     2s    -22.009312    1.565095
     2p    -13.020408    1.596905
     3sp    -3.914040    0.824500
  7     Sun Feb 14 09:53:25 CET 2016    EN: 3.573 GAM: 0.504  GM3: 0.0000
     2s    -25.722000    2.064844
     2p    -18.684912    1.801692
     3sp    -4.344791    0.921400
  8     Sun Feb 14 09:53:25 CET 2016    EN: 3.700 GAM: 0.587  GM3: 0.0000
     2s    -33.859000    2.418661
     2p    -22.175911    1.973969
     3sp    -4.259392    1.013700
  9     Sun Feb 21 12:20:01 CET 2016    EN: 3.394 GAM: 0.600  GM3: 0.0000
     2s    -26.548112    1.943768
     2p    -23.081168    2.552035
     3sp    -1.937199    1.103200
 16     Sun Feb 21 16:35:57 CET 2016    EN: 1.915 GAM: 0.200  GM3: 0.0000
     3s    -17.898811    2.619580
     3p    -15.317401    1.798798
     4sp    -4.455139    0.843200
 
 Nbf   :         1169
 T(el) :     0.0
 calculating S/T integrals ...
 cpu time for ints    2.52893400000000     
 Nao   :         1169
 making H0...
 making H1...
 cpu time for H      3.294100000000011E-002
 solving ...
 cpu time for diag   0.699312000000000     
 
 gap (eV)           :   4.239
 Koopmans IP (eV)   :  13.108
 Eel (Eh)           :  -482.958426

          eigenvalues
 #    :         266        267        268        269        270        271        272        273
 occ. :        2.000      2.000      2.000      2.000      2.000      2.000      2.000      2.000
 eps  :       -15.720    -15.474    -15.328    -15.293    -15.183    -15.135    -14.826    -14.526
 #    :         274        275        276        277        278        279        280        281
 occ. :        2.000      2.000      2.000      2.000      2.000      0.000      0.000      0.000
 eps  :       -14.319    -14.146    -13.849    -13.724    -13.109     -8.869     -8.476     -8.293
 #    :         282        283        284        285        286        287        288        289
 occ. :        0.000      0.000      0.000      0.000      0.000      0.000      0.000      0.000
 eps  :        -8.211     -8.064     -7.616     -7.168     -6.715     -6.487     -6.062     -6.008
                            1  SCC done.
 writing mo output ...
 molden style : F
 
speedup  3.21
cpu  time for all    8.20 s
wall time for all    2.55 s
