 
        ______________________________________
       |                                      |
       |          ===================         |
       |             xTB for sTDA             |
       |          ===================         |
       |               S. Grimme              |
       |        Universitaet Bonn, MCTC       |
       |         2015-19, Version 1.0         |
       |     Wed Apr  3 09:14:55 CEST 2019    |
       |______________________________________|
 
        This code comes without any warranty
        for non-commercial, academia use only.
        Preliminary test version.
        Cite this work as:
        S. Grimme  &  C. Bannwarth, JCP 145 (2016) 054103
        if GBSA is used additionally:
        P. Shushkov, F. März, C. Bannwarth, S. Grimme, unpublished.
 
        with help from
        P. Shushkov, G. Brandenburg, S. Dohm, J. Pisarek,
        F. März, M. Checinski, S. Ehrlich, S. Spicher, 
        P. Pracht, E. Caldeweyher, S. Ehlert, and C. Bannwarth.
 
        usage        :
        xtb4stda <coord_file> [options]
        where <coord_file> is a valid file of TM)
        (*coord, Bohr) or xmol (*xyz, Angstroem)
        format.

        options:
        -chrg <int>   : molecular charge
        -uhf  <int>   : # of unpaired electrons(=2*S)
        -nox          : skip second, extended part in sTDA-xTB
        -pop          : do population analysis
                      : (default for -nox)
        -mowr <real>  : cut MO write above (def.3 Eh)
        -molden       : write formatted molden file
        -parx <file>  : read parameters for sTDA-xTB
                        calc (def:~/.param_stda2.xtb)
        -parv <file>  : read parameters for vTB part in
                        sTDA-xTB (def: ~/.param_stda1.xtb)
        -xtemp <real> : el. temp for xTB (def. 0 K)
        -etemp <real> : el. temp for GFN (def. 300 K)
        -fod          : calculate the FOD and write
                        molden.input file with
                        appropriate occupations
                        for plotting. Def. T=12500 K
 
        -acc <real>   : xTB accuracy (def. 1.0)
        -gbsa [string1] [string2]
                        use GBSA implicit solvent
                        for solvent [string1] and
                        solvation state [string2]=
                        reference, bar1M (default=1M)
        additional GFN/opt/MD/siman options read from
        $XTB4STDAHOME/.xtb4stdarc or $set in input
 
       spin and charge state information can be on:
       <.CHRG> (charge) and <.UHF> (=nalpha-nbeta)
       -uhf and -chrg override the file info.
       useful machine settings:
       setenv MKL_NUM_THREADS <NCORE_ON_YOUR_MACHINE>
       setenv OMP_STACKSIZE 500m
       limit stacksize unlimited
 
       total energies in Eh, gaps/HL energies in eV
       please read REVISION and HOWTO files carefully
 =============================
  # OMP threads =           8
 =============================
 
 xtb4stdahome directory:/ihome/ghutchison/blp62/xtb4stda/
 
 
 name of molecule           :
 comment line               :
 number of atoms            :   101
 number of electrons        :   340
 charge                     :  0
 spin                       : 0.0
 first test random number   :  0.1744
 
 -----------------------------------------
      charge density (VTB) calculation
 -----------------------------------------
 
      method parameters     
 k(s)        :  1.8000
 k(p)        :  2.8350
 k(d)        :  2.0860
 k(f)        :  2.0000
 Tscal       :  0.3300
 Gscal       :  0.3910
 fpol        :  1.0000
 Zcnf        :  0.6500
 Zqf         :  0.0000
 kcn         :  0.3000
 kEN1        : -0.5900
 wllscal     :  2.6000
 
     -------------------------
     ! NO SOLVENT MODEL USED !
     -------------------------
 
 doing EN charges ...
 sum q :  0.6661338D-15
 point charge moment (au)
     X       Y       Z   
   0.8509   0.5774  -0.0545  total (Debye):    2.617
 
            Z      q(EN)   CN      Cart. coordinates
     1  C   4.0  -0.079   3.211     5.92467     7.52092     7.31324
     2  C   4.0  -0.002   3.257     4.97603     6.91564     9.64365
     3  C   4.0   0.099   3.217     3.06136     4.99946    10.34209
     4  O   6.0  -0.104   1.057     1.60759     3.84295     8.98621
     5  C   4.0  -0.007   3.370     3.22671     4.72507    13.10827
     6  C   4.0  -0.057   3.149     1.90012     3.00580    14.59700
     7  C   4.0   0.003   3.505     2.47138     3.13619    17.12583
     8  C   4.0   0.002   3.508     4.24962     4.83921    18.10263
     9  C   4.0  -0.059   3.153     5.56222     6.55149    16.65661
    10  C   4.0  -0.006   3.360     4.98755     6.46740    14.07959
    11  C   4.0  -0.009   3.334     5.96020     7.97559    11.98464
    12  C   4.0  -0.037   3.121     7.40980    10.10663    12.23654
    13  C   4.0   0.234   2.163     8.19461    11.71082    10.25460
    14  N   5.0  -0.215   1.027     8.87737    13.14286     8.77305
    15  C   4.0   0.236   2.166     8.24431    11.08475    14.57281
    16  N   5.0  -0.215   1.027     8.98640    11.98842    16.40018
    17  C   4.0  -0.105   4.485     3.89321     3.91192    20.77395
    18  C   4.0  -0.102   4.327     2.30376     5.56600    22.59016
    19  C   4.0  -0.062   3.280     0.50569     7.05850    20.95687
    20  C   4.0  -0.061   3.280    -1.18920     5.46187    20.02996
    21  C   4.0  -0.102   4.327    -0.56862     2.86105    21.01961
    22  C   4.0  -0.169   4.322     0.49360     3.54872    23.63405
    23  C   4.0  -0.105   4.482     1.90088     2.02616    19.68773
    24  C   4.0  -0.103   3.165     5.30049     6.68434     4.86397
    25  SE  6.0   0.304   2.493     7.39506     7.87600     2.13766
    26  C   4.0  -0.128   3.350     5.35473     5.94829     0.07880
    27  C   4.0   0.004   3.421     5.04349     5.29747    -2.47006
    28  C   4.0   0.074   3.663     6.30224     6.14085    -4.66517
    29  C   4.0   0.075   3.655     5.48417     5.23927    -7.08628
    30  N   5.0  -0.299   2.147     6.76541     6.27389    -8.96845
    31  S   6.0   0.426   2.893     8.82615     8.20765    -7.79644
    32  N   5.0  -0.299   2.148     8.16607     7.79833    -4.83562
    33  C   4.0   0.008   3.416     3.61070     3.33442    -7.17982
    34  C   4.0  -0.089   3.405     2.73746     1.83266    -9.17462
    35  S   6.0   0.227   2.425     3.17039     1.53087   -12.39811
    36  C   4.0  -0.105   3.481     1.22076    -1.14914   -12.34615
    37  C   4.0  -0.008   3.392     0.45826    -2.80416   -14.22699
    38  C   4.0  -0.174   4.063     1.17938    -2.48253   -16.93591
    39  C   4.0  -0.243   4.030    -0.88515    -1.06656   -18.38703
    40  C   4.0  -0.079   3.220    -1.13043    -4.70939   -13.25699
    41  S   6.0   0.227   2.678    -1.61798    -4.37925    -9.97284
    42  C   4.0  -0.095   3.393     0.28119    -1.73704    -9.92597
    43  C   4.0   0.074   3.676     1.14442    -0.01115    -8.12658
    44  N   5.0  -0.294   3.266     0.96886     0.33713    -5.56694
    45  C   4.0   0.100   3.460     2.43453     2.40033    -4.93993
    46  C   4.0   0.100   3.454     2.97481     3.58689    -2.60045
    47  N   5.0  -0.291   3.267     1.97174     3.30778    -0.20504
    48  C   4.0   0.067   3.658     3.42947     4.70523     1.43185
    49  C   4.0  -0.079   3.286     3.38261     5.10887     4.02946
    50  C   4.0  -0.100   4.087    -0.61189     2.72858     0.48415
    51  C   4.0  -0.239   4.027    -2.14144     5.14062     0.91992
    52  C   4.0  -0.096   4.083    -0.02797    -1.64425    -3.96691
    53  C   4.0  -0.241   4.026    -2.91396    -1.76104    -4.02606
    54  C   4.0  -0.074   3.203    -2.15863    -6.61914   -14.75290
    55  C   4.0  -0.003   3.279    -3.76717    -8.57936   -14.15991
    56  C   4.0   0.103   3.241    -4.86170    -9.09809   -11.67851
    57  O   6.0  -0.121   1.221    -4.52552    -7.95423    -9.70752
    58  C   4.0  -0.006   3.355    -6.50236   -11.33401   -12.01110
    59  C   4.0  -0.067   3.179    -7.96368   -12.55156   -10.22701
    60  C   4.0   0.024   3.178    -9.35188   -14.62950   -11.00935
    61  F   7.0  -0.026   1.064   -10.79789   -15.86935    -9.34413
    62  C   4.0   0.024   3.180    -9.25644   -15.43982   -13.51494
    63  F   7.0  -0.026   1.067   -10.61724   -17.45067   -14.21943
    64  C   4.0  -0.068   3.186    -7.78473   -14.21471   -15.30602
    65  C   4.0  -0.006   3.351    -6.39086   -12.13469   -14.53917
    66  C   4.0  -0.008   3.326    -4.68255   -10.45604   -15.92718
    67  C   4.0  -0.037   3.119    -4.08691   -10.69585   -18.43843
    68  C   4.0   0.235   2.162    -2.43151    -9.11831   -19.80754
    69  N   5.0  -0.215   1.028    -1.11040    -7.93005   -21.05589
    70  C   4.0   0.236   2.164    -5.06201   -12.60107   -20.02883
    71  N   5.0  -0.215   1.026    -5.78823   -14.09490   -21.42382
    72  H   1.0   0.074   1.018     7.49711     8.83844     7.32004
    73  H   1.0   0.075   1.004     0.56389     1.71152    13.76287
    74  H   1.0   0.077   1.006     6.93246     7.83821    17.43669
    75  H   1.0   0.088   1.004     5.56298     3.12882    21.68309
    76  H   1.0   0.087   1.003     3.40548     6.64428    23.94642
    77  H   1.0   0.078   1.002     0.71035     9.04064    20.56967
    78  H   1.0   0.078   1.002    -2.68549     5.84379    18.71188
    79  H   1.0   0.087   1.003    -2.08512     1.47758    20.94875
    80  H   1.0   0.086   1.002     1.45622     1.98572    24.56530
    81  H   1.0   0.086   1.002    -0.93334     4.33409    24.89128
    82  H   1.0   0.088   1.004     2.26200     0.01247    19.89976
    83  H   1.0   0.082   1.004     1.52142    -4.30517   -17.83599
    84  H   1.0   0.081   1.006     2.92548    -1.38630   -17.01169
    85  H   1.0   0.081   0.999    -1.19790     0.78745   -17.55801
    86  H   1.0   0.082   0.999    -2.65393    -2.11234   -18.34508
    87  H   1.0   0.082   0.999    -0.31710    -0.82751   -20.34460
    88  H   1.0   0.080   1.008     2.04638     4.27796     5.31599
    89  H   1.0   0.088   1.007    -1.49950     1.66258    -1.02215
    90  H   1.0   0.082   1.003    -0.58657     1.58964     2.20909
    91  H   1.0   0.081   0.999    -2.11857     6.31301    -0.76950
    92  H   1.0   0.082   1.000    -1.37591     6.22910     2.48291
    93  H   1.0   0.082   0.999    -4.08710     4.64948     1.35531
    94  H   1.0   0.081   1.005     0.71110    -3.44667    -4.66838
    95  H   1.0   0.084   1.004     0.69334    -1.37572    -2.05527
    96  H   1.0   0.082   0.999    -3.58216    -3.02866    -2.55680
    97  H   1.0   0.082   1.006    -3.56024    -2.48064    -5.83623
    98  H   1.0   0.082   0.999    -3.75753     0.09203    -3.74147
    99  H   1.0   0.077   1.015    -1.58510    -6.50727   -16.71085
   100  H   1.0   0.076   1.005    -8.03077   -11.91699    -8.29212
   101  H   1.0   0.077   1.007    -7.78000   -14.91976   -17.21578
 
  Z AO/shell   Hii/eV     exponent
  1     Sat Feb 20 21:38:01 CET 2016    EN: 2.327 GAM: 0.473  GM3: 0.0000
     1s    -13.751157    1.051071
  6     Sat Feb 20 21:38:01 CET 2016    EN: 2.731 GAM: 0.422  GM3: 0.0000
     2s    -19.378245    2.021003
     2p    -11.993376    1.497917
  7     Sat Feb 20 21:38:01 CET 2016    EN: 3.573 GAM: 0.504  GM3: 0.0000
     2s    -21.576984    2.275442
     2p    -16.125120    2.056788
  8     Sat Feb 20 21:38:01 CET 2016    EN: 3.700 GAM: 0.587  GM3: 0.0000
     2s    -21.648843    2.110798
     2p    -17.239740    2.329048
  9     Sat Feb 20 21:51:24 CET 2016    EN: 3.394 GAM: 0.669  GM3: 0.0000
     2s    -19.384211    2.614957
     2p    -19.426034    2.777297
 16     Sat Feb 20 23:13:41 CET 2016    EN: 1.915 GAM: 0.389  GM3: 0.0000
     3s    -22.000000    2.671470
     3p    -15.834192    1.836978
     3d     -2.593599    1.836978
 34     Wed Aug 31 17:01:01 CEST 2016   EN: 1.315 GAM: 0.403  GM3: 0.0000
     4s    -16.871366    1.770725
     4p    -15.977721    1.935918
     4d     -0.853608    1.935918
 
 dipole moment of classical point charges (au)
     X       Y       Z   
   0.8509   0.5774  -0.0545  total (Debye):    2.617

 
 Nbf   :          338
 T(el) :   300.0
 calculating S/T integrals ...
 cpu time for ints   0.388668000000000     
 Nao   :          334
 making H0...
 making H1...
 cpu time for H      0.158047000000000     
 solving ...
 cpu time for diag   0.113875000000000     
 
 gap (eV)           :   1.611
 Koopmans IP (eV)   :  12.118
 Eel (Eh)           :  -266.619660
 T,E(Fermi),NFOD :    300.000   -11.312  0.000000
 T,E(Fermi),NFOD :    300.000   -11.312  0.000000
 Nfod               :  0.0000
 Nfod/Nel           :  0.0000

          eigenvalues
 #    :         158        159        160        161        162        163        164        165
 occ. :        2.000      2.000      2.000      2.000      2.000      2.000      2.000      2.000
 eps  :       -15.597    -15.497    -15.468    -15.306    -15.225    -14.922    -14.616    -14.519
 #    :         166        167        168        169        170        171        172        173
 occ. :        2.000      2.000      2.000      2.000      2.000      0.000      0.000      0.000
 eps  :       -14.390    -13.991    -13.506    -13.167    -12.119    -10.508     -9.773     -9.630
 #    :         174        175        176        177        178        179        180        181
 occ. :        0.000      0.000      0.000      0.000      0.000      0.000      0.000      0.000
 eps  :        -9.522     -9.269     -8.843     -8.691     -7.620     -7.512     -7.325     -7.245
                            1  SCC done.
 making H1...
 cpu time for H      0.166315000000000     
 solving ...
 cpu time for diag   6.009200000000003E-002
 
 gap (eV)           :   2.024
 Koopmans IP (eV)   :  12.457
 Eel (Eh)           :  -267.383743
 T,E(Fermi),NFOD :    300.000   -11.445  0.000000
 T,E(Fermi),NFOD :    300.000   -11.445  0.000000
 Nfod               :  0.0000
 Nfod/Nel           :  0.0000

          eigenvalues
 #    :         158        159        160        161        162        163        164        165
 occ. :        2.000      2.000      2.000      2.000      2.000      2.000      2.000      2.000
 eps  :       -15.547    -15.473    -15.248    -15.102    -14.840    -14.539    -14.386    -14.354
 #    :         166        167        168        169        170        171        172        173
 occ. :        2.000      2.000      2.000      2.000      2.000      0.000      0.000      0.000
 eps  :       -14.271    -14.181    -13.665    -13.494    -12.458    -10.434     -9.864     -9.669
 #    :         174        175        176        177        178        179        180        181
 occ. :        0.000      0.000      0.000      0.000      0.000      0.000      0.000      0.000
 eps  :        -9.457     -9.344     -9.013     -8.858     -7.728     -7.609     -7.442     -7.292
                            2  SCC done.
 
 
 Mulliken/CM5 charges    n(s)   n(p)   n(d)   
    1 C  -0.0062 -0.0548   1.160  2.846  0.000
    2 C  -0.0324 -0.0350   1.179  2.853  0.000
    3 C   0.1349  0.1692   1.176  2.689  0.000
    4 O  -0.2345 -0.2917   1.622  4.612  0.000
    5 C  -0.0222 -0.0239   1.187  2.835  0.000
    6 C  -0.0173 -0.0665   1.151  2.867  0.000
    7 C  -0.0118 -0.0193   1.208  2.803  0.000
    8 C  -0.0095 -0.0171   1.208  2.802  0.000
    9 C  -0.0252 -0.0745   1.152  2.873  0.000
   10 C  -0.0042 -0.0073   1.174  2.830  0.000
   11 C   0.0151  0.0143   1.199  2.786  0.000
   12 C   0.0086  0.0146   1.115  2.876  0.000
   13 C   0.0963  0.2139   1.172  2.731  0.000
   14 N  -0.2088 -0.3386   1.642  3.567  0.000
   15 C   0.0980  0.2170   1.171  2.731  0.000
   16 N  -0.2102 -0.3403   1.642  3.568  0.000
   17 C  -0.0288 -0.0842   1.218  2.811  0.000
   18 C  -0.0202 -0.0806   1.194  2.826  0.000
   19 C  -0.0499 -0.1076   1.165  2.885  0.000
   20 C  -0.0529 -0.1106   1.165  2.888  0.000
   21 C  -0.0217 -0.0820   1.194  2.827  0.000
   22 C  -0.0570 -0.1596   1.164  2.893  0.000
   23 C  -0.0320 -0.0874   1.219  2.813  0.000
   24 C  -0.0084 -0.0202   1.139  2.869  0.000
   25 SE  0.1724  0.1844   1.625  4.204 -0.002
   26 C  -0.0359 -0.0338   1.142  2.894  0.000
   27 C  -0.0076  0.0045   1.151  2.857  0.000
   28 C   0.0139  0.1020   1.204  2.782  0.000
   29 C   0.0154  0.1035   1.204  2.781  0.000
   30 N  -0.2013 -0.3629   1.531  3.671  0.000
   31 S   0.2500  0.3845   1.910  3.691  0.149
   32 N  -0.1944 -0.3563   1.531  3.663  0.000
   33 C  -0.0089  0.0042   1.154  2.855  0.000
   34 C  -0.0471 -0.0249   1.173  2.874  0.000
   35 S   0.1260  0.0933   1.892  3.932  0.049
   36 C  -0.0496 -0.0363   1.173  2.877  0.000
   37 C  -0.0158 -0.0238   1.196  2.820  0.000
   38 C  -0.0259 -0.1320   1.122  2.904  0.000
   39 C  -0.0842 -0.2357   1.095  2.989  0.000
   40 C  -0.0161 -0.0085   1.167  2.849  0.000
   41 S   0.1238  0.0912   1.894  3.918  0.064
   42 C  -0.0573 -0.0394   1.186  2.872  0.000
   43 C   0.0025  0.0723   1.167  2.831  0.000
   44 N  -0.0855 -0.3430   1.268  3.817  0.000
   45 C   0.0276  0.0975   1.185  2.787  0.000
   46 C   0.0193  0.0886   1.190  2.790  0.000
   47 N  -0.0923 -0.3504   1.285  3.808  0.000
   48 C   0.0002  0.0628   1.179  2.821  0.000
   49 C  -0.0618 -0.1091   1.152  2.909  0.000
   50 C   0.0282 -0.0220   1.147  2.825  0.000
   51 C  -0.0847 -0.2316   1.094  2.991  0.000
   52 C   0.0365 -0.0121   1.146  2.817  0.000
   53 C  -0.0797 -0.2276   1.093  2.986  0.000
   54 C  -0.0013 -0.0494   1.152  2.849  0.000
   55 C  -0.0286 -0.0305   1.168  2.861  0.000
   56 C   0.1377  0.1731   1.173  2.690  0.000
   57 O  -0.2250 -0.2713   1.621  4.604  0.000
   58 C  -0.0219 -0.0235   1.182  2.840  0.000
   59 C  -0.0081 -0.0553   1.138  2.870  0.000
   60 C   0.1067  0.1234   1.162  2.731  0.000
   61 F  -0.1162 -0.1393   1.676  5.440  0.000
   62 C   0.1088  0.1254   1.161  2.730  0.000
   63 F  -0.1126 -0.1358   1.675  5.438  0.000
   64 C  -0.0175 -0.0648   1.140  2.877  0.000
   65 C  -0.0043 -0.0074   1.167  2.837  0.000
   66 C   0.0170  0.0163   1.195  2.788  0.000
   67 C   0.0063  0.0124   1.114  2.880  0.000
   68 C   0.0984  0.2156   1.172  2.730  0.000
   69 N  -0.2125 -0.3457   1.642  3.571  0.000
   70 C   0.0955  0.2146   1.171  2.734  0.000
   71 N  -0.2072 -0.3374   1.642  3.566  0.000
   72 H   0.0672  0.1355   0.933  0.000  0.000
   73 H   0.0494  0.1081   0.951  0.000  0.000
   74 H   0.0535  0.1175   0.947  0.000  0.000
   75 H   0.0465  0.1048   0.954  0.000  0.000
   76 H   0.0461  0.1036   0.954  0.000  0.000
   77 H   0.0465  0.1032   0.953  0.000  0.000
   78 H   0.0454  0.1020   0.955  0.000  0.000
   79 H   0.0445  0.1020   0.956  0.000  0.000
   80 H   0.0323  0.0889   0.968  0.000  0.000
   81 H   0.0403  0.0968   0.960  0.000  0.000
   82 H   0.0457  0.1039   0.954  0.000  0.000
   83 H   0.0510  0.1091   0.949  0.000  0.000
   84 H   0.0439  0.1015   0.956  0.000  0.000
   85 H   0.0296  0.0825   0.970  0.000  0.000
   86 H   0.0304  0.0839   0.970  0.000  0.000
   87 H   0.0408  0.0929   0.959  0.000  0.000
   88 H   0.0699  0.1438   0.930  0.000  0.000
   89 H   0.0583  0.1302   0.942  0.000  0.000
   90 H   0.0543  0.1201   0.946  0.000  0.000
   91 H   0.0303  0.0852   0.970  0.000  0.000
   92 H   0.0349  0.0910   0.965  0.000  0.000
   93 H   0.0428  0.0951   0.957  0.000  0.000
   94 H   0.0512  0.1184   0.949  0.000  0.000
   95 H   0.0553  0.1249   0.945  0.000  0.000
   96 H   0.0463  0.0988   0.954  0.000  0.000
   97 H   0.0389  0.0965   0.961  0.000  0.000
   98 H   0.0334  0.0885   0.967  0.000  0.000
   99 H   0.0676  0.1382   0.932  0.000  0.000
  100 H   0.0589  0.1184   0.941  0.000  0.000
  101 H   0.0619  0.1271   0.938  0.000  0.000
 Hirshfeld charges for QMDFF written to <charges>
 
 Loewdin charges    n(s)   n(p)   n(d)
    1 C   0.0024   1.106  2.891  0.000
    2 C  -0.0405   1.142  2.899  0.000
    3 C   0.1263   1.141  2.732  0.000
    4 O  -0.2173   1.590  4.627  0.000
    5 C  -0.0240   1.147  2.877  0.000
    6 C  -0.0135   1.098  2.916  0.000
    7 C  -0.0075   1.168  2.839  0.000
    8 C  -0.0045   1.167  2.837  0.000
    9 C  -0.0233   1.100  2.923  0.000
   10 C  -0.0005   1.132  2.869  0.000
   11 C   0.0263   1.155  2.819  0.000
   12 C  -0.0032   1.074  2.929  0.000
   13 C   0.0908   1.138  2.771  0.000
   14 N  -0.1982   1.604  3.594  0.000
   15 C   0.0919   1.137  2.771  0.000
   16 N  -0.1993   1.604  3.596  0.000
   17 C  -0.0224   1.172  2.850  0.000
   18 C  -0.0106   1.146  2.865  0.000
   19 C  -0.0425   1.114  2.928  0.000
   20 C  -0.0454   1.114  2.931  0.000
   21 C  -0.0120   1.146  2.866  0.000
   22 C  -0.0524   1.106  2.946  0.000
   23 C  -0.0255   1.173  2.852  0.000
   24 C   0.0190   1.089  2.892  0.000
   25 SE  0.1160   1.604  4.213  0.067
   26 C  -0.0035   1.090  2.913  0.000
   27 C  -0.0144   1.112  2.902  0.000
   28 C   0.0087   1.170  2.821  0.000
   29 C   0.0100   1.170  2.820  0.000
   30 N  -0.1621   1.493  3.669  0.000
   31 S   0.1856   1.902  3.698  0.214
   32 N  -0.1556   1.494  3.662  0.000
   33 C  -0.0162   1.115  2.901  0.000
   34 C  -0.0245   1.128  2.896  0.000
   35 S   0.0860   1.879  3.932  0.103
   36 C  -0.0294   1.130  2.900  0.000
   37 C  -0.0122   1.156  2.857  0.000
   38 C  -0.0191   1.060  2.960  0.000
   39 C  -0.0854   1.022  3.063  0.000
   40 C   0.0029   1.124  2.874  0.000
   41 S   0.0795   1.881  3.917  0.122
   42 C  -0.0338   1.141  2.893  0.000
   43 C  -0.0110   1.136  2.874  0.000
   44 N  -0.0417   1.226  3.816  0.000
   45 C   0.0170   1.153  2.830  0.000
   46 C   0.0097   1.158  2.832  0.000
   47 N  -0.0507   1.244  3.807  0.000
   48 C  -0.0067   1.146  2.861  0.000
   49 C  -0.0602   1.102  2.959  0.000
   50 C   0.0280   1.090  2.882  0.000
   51 C  -0.0869   1.021  3.066  0.000
   52 C   0.0380   1.089  2.873  0.000
   53 C  -0.0819   1.021  3.061  0.000
   54 C   0.0048   1.099  2.896  0.000
   55 C  -0.0373   1.130  2.907  0.000
   56 C   0.1288   1.138  2.733  0.000
   57 O  -0.2059   1.590  4.616  0.000
   58 C  -0.0237   1.142  2.882  0.000
   59 C  -0.0055   1.084  2.921  0.000
   60 C   0.0950   1.128  2.777  0.000
   61 F  -0.0985   1.659  5.440  0.000
   62 C   0.0977   1.127  2.776  0.000
   63 F  -0.0949   1.657  5.438  0.000
   64 C  -0.0169   1.088  2.929  0.000
   65 C  -0.0009   1.125  2.876  0.000
   66 C   0.0281   1.151  2.821  0.000
   67 C  -0.0059   1.073  2.933  0.000
   68 C   0.0930   1.138  2.769  0.000
   69 N  -0.2016   1.604  3.598  0.000
   70 C   0.0895   1.137  2.773  0.000
   71 N  -0.1965   1.603  3.593  0.000
   72 H   0.0568   0.943  0.000  0.000
   73 H   0.0394   0.961  0.000  0.000
   74 H   0.0433   0.957  0.000  0.000
   75 H   0.0386   0.961  0.000  0.000
   76 H   0.0382   0.962  0.000  0.000
   77 H   0.0381   0.962  0.000  0.000
   78 H   0.0371   0.963  0.000  0.000
   79 H   0.0368   0.963  0.000  0.000
   80 H   0.0289   0.971  0.000  0.000
   81 H   0.0361   0.964  0.000  0.000
   82 H   0.0379   0.962  0.000  0.000
   83 H   0.0466   0.953  0.000  0.000
   84 H   0.0394   0.961  0.000  0.000
   85 H   0.0294   0.971  0.000  0.000
   86 H   0.0303   0.970  0.000  0.000
   87 H   0.0395   0.960  0.000  0.000
   88 H   0.0584   0.942  0.000  0.000
   89 H   0.0537   0.946  0.000  0.000
   90 H   0.0478   0.952  0.000  0.000
   91 H   0.0299   0.970  0.000  0.000
   92 H   0.0340   0.966  0.000  0.000
   93 H   0.0423   0.958  0.000  0.000
   94 H   0.0445   0.955  0.000  0.000
   95 H   0.0498   0.950  0.000  0.000
   96 H   0.0454   0.955  0.000  0.000
   97 H   0.0380   0.962  0.000  0.000
   98 H   0.0342   0.966  0.000  0.000
   99 H   0.0579   0.942  0.000  0.000
  100 H   0.0476   0.952  0.000  0.000
  101 H   0.0504   0.950  0.000  0.000
 
 Wiberg/Mayer (AO) data. WBOs > 0.1 written file <wbo>
 largest (>0.05) Wiberg bond orders for each atom
           total WBO             WBO to atom ...
     1  C   3.925    C    2 1.520    C   24 1.242    H   72 0.919
     2  C   3.907    C    1 1.520    C   11 1.087    C    3 1.003    O    4 0.066    C   49 0.056
     3  C   3.902    O    4 1.764    C    2 1.003    C    5 0.991
     4  O   2.160    C    3 1.764    C    2 0.066    C    5 0.058
     5  C   3.936    C    6 1.356    C   10 1.285    C    3 0.991    C    8 0.090    O    4 0.058
     6  C   3.960    C    7 1.424    C    5 1.356    H   73 0.942    C    9 0.084
     7  C   3.918    C    6 1.424    C    8 1.310    C   23 0.951    C   10 0.090
     8  C   3.928    C    9 1.429    C    7 1.310    C   17 0.953    C    5 0.090
     9  C   3.956    C    8 1.429    C   10 1.347    H   74 0.935    C    6 0.084
    10  C   3.945    C    9 1.347    C    5 1.285    C   11 1.049    C    7 0.090
    11  C   3.931    C   12 1.475    C    2 1.087    C   10 1.049    N   16 0.092    N   14 0.091
    12  C   3.933    C   11 1.475    C   15 1.060    C   13 1.059    N   14 0.080    N   16 0.079
    13  C   3.940    N   14 2.782    C   12 1.059
    14  N   3.043    C   13 2.782    C   11 0.091    C   12 0.080
    15  C   3.939    N   16 2.789    C   12 1.060
    16  N   3.047    C   15 2.789    C   11 0.092    C   12 0.079
    17  C   3.931    C    8 0.953    C   23 0.949    H   75 0.941    C   18 0.925
    18  C   3.949    C   19 0.991    C   22 0.969    H   76 0.947    C   17 0.925
    19  C   3.964    C   20 1.937    C   18 0.991    H   77 0.937
    20  C   3.964    C   19 1.937    C   21 0.991    H   78 0.937
    21  C   3.948    C   20 0.991    C   22 0.969    H   79 0.947    C   23 0.925
    22  C   3.962    C   18 0.969    C   21 0.969    H   80 0.964    H   81 0.958
    23  C   3.928    C    7 0.951    C   17 0.949    H   82 0.941    C   21 0.925
    24  C   3.923    C   49 1.431    C    1 1.242    SE  25 1.047    C   26 0.069
    25  SE  2.446    C   26 1.138    C   24 1.047    C   49 0.062
    26  C   3.938    C   48 1.295    C   27 1.225    SE  25 1.138    C   24 0.069
    27  C   3.921    C   46 1.273    C   26 1.225    C   28 1.157    N   47 0.050
    28  C   3.928    N   32 1.431    C   27 1.157    C   29 1.111    S   31 0.073
    29  C   3.927    N   30 1.431    C   33 1.154    C   28 1.111    S   31 0.075
    30  N   3.072    C   29 1.431    S   31 1.283    N   32 0.200
    31  S   2.812    N   30 1.283    N   32 1.283    C   29 0.075    C   28 0.073
    32  N   3.073    C   28 1.431    S   31 1.283    N   30 0.200
    33  C   3.918    C   45 1.263    C   34 1.224    C   29 1.154
    34  C   3.902    C   43 1.313    C   33 1.224    S   35 1.107
    35  S   2.474    C   34 1.107    C   36 1.061    C   43 0.052    C   42 0.052
    36  C   3.914    C   37 1.334    C   42 1.285    S   35 1.061
    37  C   3.908    C   36 1.334    C   40 1.328    C   38 0.981    S   41 0.069    C   55 0.068
    38  C   3.970    C   39 0.987    C   37 0.981    H   84 0.965    H   83 0.960
    39  C   3.979    C   38 0.987    H   85 0.985    H   86 0.984    H   87 0.978
    40  C   3.914    C   37 1.328    C   54 1.298    S   41 1.055    C   42 0.052
    41  S   2.558    C   42 1.099    C   40 1.055    O   57 0.071    C   37 0.069
    42  C   3.919    C   36 1.285    C   43 1.256    S   41 1.099    C   40 0.052    S   35 0.052
    43  C   3.900    C   34 1.313    C   42 1.256    N   44 1.081    S   35 0.052
    44  N   3.433    C   45 1.106    C   43 1.081    C   52 0.942
    45  C   3.889    C   33 1.263    C   46 1.246    N   44 1.106
    46  C   3.886    C   27 1.273    C   45 1.246    N   47 1.098
    47  N   3.406    C   46 1.098    C   48 1.063    C   50 0.945    C   27 0.050
    48  C   3.898    C   49 1.328    C   26 1.295    N   47 1.063
    49  C   3.931    C   24 1.431    C   48 1.328    H   88 0.913    SE  25 0.062    C    2 0.056
    50  C   3.931    C   51 1.002    H   90 0.970    H   89 0.961    N   47 0.945
    51  C   3.981    C   50 1.002    H   91 0.985    H   92 0.982    H   93 0.975
    52  C   3.928    C   53 1.005    H   94 0.968    H   95 0.965    N   44 0.942
    53  C   3.980    C   52 1.005    H   98 0.979    H   97 0.979    H   96 0.975
    54  C   3.924    C   55 1.460    C   40 1.298    H   99 0.914
    55  C   3.908    C   54 1.460    C   66 1.108    C   56 1.042    C   37 0.068    O   57 0.063
    56  C   3.905    O   57 1.736    C   55 1.042    C   58 0.981
    57  O   2.176    C   56 1.736    S   41 0.071    C   55 0.063    C   58 0.055
    58  C   3.937    C   59 1.392    C   65 1.272    C   56 0.981    C   62 0.087    O   57 0.055
    59  C   3.961    C   58 1.392    C   60 1.386    H  100 0.941    C   64 0.088
    60  C   3.902    C   59 1.386    C   62 1.335    F   61 0.980    C   65 0.087
    61  F   1.106    C   60 0.980
    62  C   3.911    C   64 1.391    C   60 1.335    F   63 0.984    C   58 0.087
    63  F   1.112    C   62 0.984
    64  C   3.956    C   62 1.391    C   65 1.382    H  101 0.934    C   59 0.088
    65  C   3.949    C   64 1.382    C   58 1.272    C   66 1.042    C   60 0.087
    66  C   3.932    C   67 1.463    C   55 1.108    C   65 1.042    N   69 0.090    N   71 0.090
    67  C   3.927    C   66 1.463    C   68 1.063    C   70 1.061    N   69 0.080    N   71 0.080
    68  C   3.939    N   69 2.776    C   67 1.063
    69  N   3.043    C   68 2.776    C   66 0.090    C   67 0.080
    70  C   3.940    N   71 2.788    C   67 1.061
    71  N   3.045    C   70 2.788    C   66 0.090    C   67 0.080
    72  H   0.992    C    1 0.919
    73  H   0.996    C    6 0.942
    74  H   0.995    C    9 0.935
    75  H   0.996    C   17 0.941
    76  H   0.997    C   18 0.947
    77  H   0.998    C   19 0.937
    78  H   0.998    C   20 0.937
    79  H   0.997    C   21 0.947
    80  H   0.999    C   22 0.964
    81  H   0.996    C   22 0.958
    82  H   0.996    C   23 0.941
    83  H   0.996    C   38 0.960
    84  H   0.997    C   38 0.965
    85  H   0.999    C   39 0.985
    86  H   0.999    C   39 0.984
    87  H   0.995    C   39 0.978
    88  H   0.994    C   49 0.913
    89  H   0.996    C   50 0.961
    90  H   0.996    C   50 0.970
    91  H   0.999    C   51 0.985
    92  H   0.998    C   51 0.982
    93  H   0.998    C   51 0.975
    94  H   0.996    C   52 0.968
    95  H   0.996    C   52 0.965
    96  H   0.997    C   53 0.975
    97  H   0.998    C   53 0.979
    98  H   0.999    C   53 0.979
    99  H   0.992    C   54 0.914
   100  H   0.995    C   59 0.941
   101  H   0.994    C   64 0.934
 
 --------------------------------------------
          xTB calculation for sTDA...
 --------------------------------------------
 
 reading parameter file /ihome/ghutchison/blp62/xtb4stda/.param_stda2.xtb
 
      method parameters     
 k(s)        :  1.6000
 k(p)        :  2.1800
 k(d)        :  1.9500
 k(f)        :  2.0000
 k(R-V)      :  2.2750
 k(R-R)      :  1.7650
 Tscal       :  0.2580
 Gscal       :  1.0000
 fpol        :  1.0000
 Zcnf        :  0.3430
 Zqf         :  0.0000
 kcn         :  2.7000
 Ryd Hsplit  :  0.7000
 lshift(virt):  3.1000
 lshift(OS)  :  0.2000
 wllscaling  :  2.6000
 
 mowrcut     : 3.000
 
  Z AO/shell   Hii/eV     exponent
  1     Sun Feb 14 09:53:25 CET 2016    EN: 2.327 GAM: 0.473  GM3: 0.0000
     1s    -14.339618    1.220000
     2sp    -3.348946    0.600000
  6     Sun Feb 14 09:53:25 CET 2016    EN: 2.731 GAM: 0.422  GM3: 0.0000
     2s    -22.009312    1.565095
     2p    -13.020408    1.596905
     3sp    -3.914040    0.824500
  7     Sun Feb 14 09:53:25 CET 2016    EN: 3.573 GAM: 0.504  GM3: 0.0000
     2s    -25.722000    2.064844
     2p    -18.684912    1.801692
     3sp    -4.344791    0.921400
  8     Sun Feb 14 09:53:25 CET 2016    EN: 3.700 GAM: 0.587  GM3: 0.0000
     2s    -33.859000    2.418661
     2p    -22.175911    1.973969
     3sp    -4.259392    1.013700
  9     Sun Feb 21 12:20:01 CET 2016    EN: 3.394 GAM: 0.600  GM3: 0.0000
     2s    -26.548112    1.943768
     2p    -23.081168    2.552035
     3sp    -1.937199    1.103200
 16     Sun Feb 21 16:35:57 CET 2016    EN: 1.915 GAM: 0.200  GM3: 0.0000
     3s    -17.898811    2.619580
     3p    -15.317401    1.798798
     4sp    -4.455139    0.843200
 34     Tue Sep 13 12:54:47 CEST 2016   EN: 1.315 GAM: 0.403  GM3: 0.0000
     4s    -24.924300    2.166243
     4p    -14.275287    1.915023
     5sp    -3.986999    0.809100
 
 Nbf   :          718
 T(el) :     0.0
 calculating S/T integrals ...
 cpu time for ints    1.86927100000000     
 Nao   :          718
 making H0...
 making H1...
 cpu time for H      1.278299999999977E-002
 solving ...
 cpu time for diag    2.25106900000000     
 
 gap (eV)           :   4.823
 Koopmans IP (eV)   :  13.904
 Eel (Eh)           :  -298.363496

          eigenvalues
 #    :         158        159        160        161        162        163        164        165
 occ. :        2.000      2.000      2.000      2.000      2.000      2.000      2.000      2.000
 eps  :       -16.647    -16.637    -16.591    -16.460    -16.283    -16.001    -15.920    -15.787
 #    :         166        167        168        169        170        171        172        173
 occ. :        2.000      2.000      2.000      2.000      2.000      0.000      0.000      0.000
 eps  :       -15.742    -14.881    -14.817    -14.186    -13.905     -9.082     -8.840     -8.675
 #    :         174        175        176        177        178        179        180        181
 occ. :        0.000      0.000      0.000      0.000      0.000      0.000      0.000      0.000
 eps  :        -8.411     -7.138     -6.817     -6.413     -5.871     -5.668     -5.494     -5.438
                            1  SCC done.
 writing mo output ...
 molden style : F
 
speedup  3.64
cpu  time for all    5.55 s
wall time for all    1.52 s
