 
        ______________________________________
       |                                      |
       |          ===================         |
       |             xTB for sTDA             |
       |          ===================         |
       |               S. Grimme              |
       |        Universitaet Bonn, MCTC       |
       |         2015-19, Version 1.0         |
       |     Wed Apr  3 09:14:55 CEST 2019    |
       |______________________________________|
 
        This code comes without any warranty
        for non-commercial, academia use only.
        Preliminary test version.
        Cite this work as:
        S. Grimme  &  C. Bannwarth, JCP 145 (2016) 054103
        if GBSA is used additionally:
        P. Shushkov, F. März, C. Bannwarth, S. Grimme, unpublished.
 
        with help from
        P. Shushkov, G. Brandenburg, S. Dohm, J. Pisarek,
        F. März, M. Checinski, S. Ehrlich, S. Spicher, 
        P. Pracht, E. Caldeweyher, S. Ehlert, and C. Bannwarth.
 
        usage        :
        xtb4stda <coord_file> [options]
        where <coord_file> is a valid file of TM)
        (*coord, Bohr) or xmol (*xyz, Angstroem)
        format.

        options:
        -chrg <int>   : molecular charge
        -uhf  <int>   : # of unpaired electrons(=2*S)
        -nox          : skip second, extended part in sTDA-xTB
        -pop          : do population analysis
                      : (default for -nox)
        -mowr <real>  : cut MO write above (def.3 Eh)
        -molden       : write formatted molden file
        -parx <file>  : read parameters for sTDA-xTB
                        calc (def:~/.param_stda2.xtb)
        -parv <file>  : read parameters for vTB part in
                        sTDA-xTB (def: ~/.param_stda1.xtb)
        -xtemp <real> : el. temp for xTB (def. 0 K)
        -etemp <real> : el. temp for GFN (def. 300 K)
        -fod          : calculate the FOD and write
                        molden.input file with
                        appropriate occupations
                        for plotting. Def. T=12500 K
 
        -acc <real>   : xTB accuracy (def. 1.0)
        -gbsa [string1] [string2]
                        use GBSA implicit solvent
                        for solvent [string1] and
                        solvation state [string2]=
                        reference, bar1M (default=1M)
        additional GFN/opt/MD/siman options read from
        $XTB4STDAHOME/.xtb4stdarc or $set in input
 
       spin and charge state information can be on:
       <.CHRG> (charge) and <.UHF> (=nalpha-nbeta)
       -uhf and -chrg override the file info.
       useful machine settings:
       setenv MKL_NUM_THREADS <NCORE_ON_YOUR_MACHINE>
       setenv OMP_STACKSIZE 500m
       limit stacksize unlimited
 
       total energies in Eh, gaps/HL energies in eV
       please read REVISION and HOWTO files carefully
 =============================
  # OMP threads =           8
 =============================
 
 xtb4stdahome directory:/ihome/ghutchison/blp62/xtb4stda/
 
 
 name of molecule           :
 comment line               :
 number of atoms            :   166
 number of electrons        :   536
 charge                     :  0
 spin                       : 0.0
 first test random number   :  0.6556
 
 -----------------------------------------
      charge density (VTB) calculation
 -----------------------------------------
 
      method parameters     
 k(s)        :  1.8000
 k(p)        :  2.8350
 k(d)        :  2.0860
 k(f)        :  2.0000
 Tscal       :  0.3300
 Gscal       :  0.3910
 fpol        :  1.0000
 Zcnf        :  0.6500
 Zqf         :  0.0000
 kcn         :  0.3000
 kEN1        : -0.5900
 wllscal     :  2.6000
 
     -------------------------
     ! NO SOLVENT MODEL USED !
     -------------------------
 
 doing EN charges ...
 sum q : -0.1221245D-14
 point charge moment (au)
     X       Y       Z   
  -0.3421  -0.6611  -0.3534  total (Debye):    2.094
 
            Z      q(EN)   CN      Cart. coordinates
     1  C   4.0  -0.073   3.216     3.96483     7.38996    11.02523
     2  C   4.0  -0.004   3.289     2.13520     6.36252    12.56271
     3  C   4.0   0.099   3.244     0.03987     4.71524    11.72121
     4  O   6.0  -0.115   1.119    -0.60282     4.20313     9.57543
     5  C   4.0  -0.008   3.374    -0.98852     3.54531    14.02970
     6  C   4.0  -0.058   3.152    -2.96668     1.81640    14.15915
     7  C   4.0   0.002   3.510    -3.45007     0.95450    16.56061
     8  C   4.0   0.003   3.507    -2.06056     1.74044    18.67238
     9  C   4.0  -0.058   3.152    -0.11962     3.46746    18.56901
    10  C   4.0  -0.006   3.360     0.39684     4.37623    16.14506
    11  C   4.0  -0.008   3.336     2.26370     6.21852    15.28146
    12  C   4.0  -0.038   3.123     3.73637     7.71443    16.81100
    13  C   4.0   0.236   2.165     5.18087     9.77196    15.95552
    14  N   5.0  -0.218   1.044     6.29524    11.56588    15.44133
    15  C   4.0   0.236   2.159     3.86354     7.50013    19.46078
    16  N   5.0  -0.214   1.027     4.07671     7.41339    21.61941
    17  C   4.0  -0.105   4.484    -3.52491     0.05726    20.44778
    18  C   4.0  -0.102   4.327    -2.25671    -2.43057    21.32726
    19  C   4.0  -0.061   3.280    -0.41498    -3.17379    19.28201
    20  C   4.0  -0.062   3.280    -1.74214    -3.90512    17.28513
    21  C   4.0  -0.102   4.327    -4.50605    -3.66928    17.94446
    22  C   4.0  -0.169   4.322    -4.41081    -4.30102    20.77810
    23  C   4.0  -0.105   4.483    -5.08355    -0.80427    18.09526
    24  C   4.0  -0.078   3.235     3.77888     7.71840     8.39643
    25  C   4.0   0.085   3.466     5.72870     7.52810     6.58324
    26  N   5.0  -0.317   3.239     8.24676     7.19135     7.08024
    27  C   4.0   0.080   3.309     9.70998     5.72379     5.41293
    28  C   4.0  -0.071   3.217     8.79875     3.41322     4.52835
    29  C   4.0  -0.087   3.269    10.21170     2.00481     2.86067
    30  C   4.0  -0.087   3.154    12.56913     2.86029     2.05092
    31  S   6.0   0.188   2.252    14.18447     0.90461    -0.10431
    32  C   4.0  -0.323   3.987    17.10485     2.59063    -0.73529
    33  C   4.0  -0.083   3.220    13.49756     5.14024     2.96271
    34  C   4.0  -0.068   3.195    12.07421     6.55924     4.62718
    35  C   4.0   0.085   3.280     9.45109     8.42156     9.09638
    36  C   4.0  -0.067   3.191    11.34780     7.18549    10.44792
    37  C   4.0  -0.085   3.260    12.53380     8.38830    12.42570
    38  C   4.0  -0.087   3.157    11.85916    10.84627    13.09656
    39  S   6.0   0.190   2.254    13.47148    12.20177    15.66734
    40  C   4.0  -0.323   3.990    11.45061    14.82528    16.56099
    41  C   4.0  -0.083   3.231    10.00742    12.10067    11.71687
    42  C   4.0  -0.068   3.195     8.81293    10.89333     9.73908
    43  C   4.0  -0.100   3.472     4.70844     7.50939     4.11979
    44  S   6.0   0.221   2.689     5.94848     7.05605     1.11966
    45  C   4.0  -0.085   3.314     2.90564     7.17038    -0.20995
    46  C   4.0   0.079   3.488     1.06467     7.78945     1.56866
    47  N   5.0  -0.315   3.242    -1.48003     8.18006     1.11380
    48  C   4.0   0.090   3.264    -2.33835     9.73832    -0.82713
    49  C   4.0  -0.068   3.195    -4.82220     9.52120    -1.69924
    50  C   4.0  -0.086   3.261    -5.67938    11.04564    -3.62317
    51  C   4.0  -0.086   3.152    -4.08483    12.81631    -4.74642
    52  S   6.0   0.187   2.246    -5.39517    14.65180    -7.20401
    53  C   4.0  -0.323   3.987    -2.82287    16.70669    -8.16626
    54  C   4.0  -0.082   3.219    -1.61534    13.03646    -3.89170
    55  C   4.0  -0.069   3.198    -0.75759    11.51750    -1.95190
    56  C   4.0   0.076   3.321    -3.14545     7.21819     2.96536
    57  C   4.0  -0.069   3.195    -4.90006     8.75680     4.17044
    58  C   4.0  -0.083   3.227    -6.37064     7.80438     6.10570
    59  C   4.0  -0.086   3.160    -6.09701     5.30503     6.85800
    60  S   6.0   0.190   2.256    -7.82044     3.94783     9.36907
    61  C   4.0  -0.323   3.989    -8.79894     6.67376    11.21023
    62  C   4.0  -0.086   3.265    -4.40306     3.73863     5.59472
    63  C   4.0  -0.069   3.208    -2.93626     4.68822     3.66985
    64  C   4.0  -0.107   3.479     2.11366     7.89641     4.02455
    65  S   6.0   0.240   2.671     0.82411     8.24922     6.97951
    66  C   4.0  -0.088   3.275     2.55434     6.21285    -2.69248
    67  S   6.0   0.204   2.640     5.21186     5.44298    -4.53307
    68  C   4.0  -0.088   3.263     3.32970     3.79608    -6.68509
    69  C   4.0  -0.074   3.219     4.15985     2.33816    -8.66402
    70  C   4.0  -0.019   3.402     2.35819     0.93636   -10.00610
    71  C   4.0  -0.085   3.343     2.75768    -0.88326   -11.90376
    72  C   4.0  -0.081   3.233     0.57712    -2.08475   -12.66324
    73  S   6.0   0.219   2.666    -2.11026    -0.89290   -11.14182
    74  C   4.0  -0.089   3.270    -0.24604     1.15047    -9.35792
    75  C   4.0  -0.074   3.226    -1.07695     2.68473    -7.43343
    76  C   4.0  -0.020   3.412     0.72981     3.99299    -6.02445
    77  C   4.0  -0.086   3.349     0.35262     5.39290    -3.78777
    78  C   4.0   0.014   3.291     0.35735    -4.19840   -14.30012
    79  C   4.0   0.068   3.674     2.40921    -5.34981   -15.56000
    80  C   4.0   0.066   3.690     2.13955    -7.71159   -16.92533
    81  N   5.0  -0.307   2.150     4.32558    -8.45841   -17.93312
    82  S   6.0   0.453   2.878     6.47307    -6.43357   -17.25962
    83  N   5.0  -0.307   2.152     4.78327    -4.49982   -15.65014
    84  C   4.0   0.022   3.216    -0.13606    -9.10073   -17.00545
    85  C   4.0   0.066   3.687    -2.21873    -7.85521   -15.90431
    86  N   5.0  -0.308   2.172    -4.61188    -8.65872   -15.89883
    87  S   6.0   0.458   2.878    -6.34664    -6.63294   -14.44903
    88  N   5.0  -0.324   2.265    -4.18650    -4.63077   -13.75097
    89  C   4.0   0.066   3.716    -1.97325    -5.44940   -14.63253
    90  C   4.0  -0.063   3.171    -0.23867   -11.52147   -18.16102
    91  C   4.0  -0.002   3.281    -1.88784   -13.44143   -17.69917
    92  C   4.0   0.101   3.230    -2.24537   -15.48404   -19.59721
    93  O   6.0  -0.104   1.049    -0.92823   -15.91565   -21.41589
    94  C   4.0  -0.007   3.362    -4.59562   -16.78833   -18.84208
    95  C   4.0  -0.057   3.147    -5.85135   -18.69884   -20.14694
    96  C   4.0   0.003   3.505    -8.02397   -19.52484   -18.98721
    97  C   4.0   0.002   3.508    -8.89456   -18.52479   -16.69516
    98  C   4.0  -0.058   3.153    -7.67229   -16.64735   -15.38124
    99  C   4.0  -0.007   3.369    -5.45602   -15.78564   -16.52698
   100  C   4.0  -0.007   3.334    -3.64755   -13.89005   -15.66243
   101  C   4.0  -0.037   3.136    -3.42135   -13.04100   -13.22374
   102  C   4.0   0.236   2.158    -5.15007   -13.57522   -11.27222
   103  N   5.0  -0.215   1.027    -6.51275   -13.88741    -9.61134
   104  C   4.0   0.237   2.181    -1.36457   -11.60745   -12.33027
   105  N   5.0  -0.215   1.037     0.28384   -10.48647   -11.46969
   106  C   4.0  -0.105   4.484   -11.18491   -20.22007   -16.64943
   107  C   4.0  -0.102   4.327   -13.76533   -19.05089   -17.38302
   108  C   4.0  -0.061   3.280   -13.19728   -16.86354   -19.12044
   109  C   4.0  -0.061   3.280   -12.37487   -17.80538   -21.29287
   110  C   4.0  -0.102   4.327   -12.37241   -20.64715   -21.06421
   111  C   4.0  -0.169   4.322   -14.66371   -21.02169   -19.31848
   112  C   4.0  -0.105   4.483   -10.21794   -21.33293   -19.20491
   113  H   1.0   0.076   1.011     5.76650     7.85748    11.88562
   114  H   1.0   0.075   1.006    -3.99053     1.26253    12.48561
   115  H   1.0   0.076   1.006     0.93428     4.05573    20.20873
   116  H   1.0   0.088   1.004    -4.52438     1.00609    21.97449
   117  H   1.0   0.087   1.003    -1.51329    -2.37822    23.24117
   118  H   1.0   0.078   1.002     1.60022    -2.99389    19.45416
   119  H   1.0   0.078   1.002    -1.05806    -4.45749    15.45512
   120  H   1.0   0.087   1.003    -5.81166    -4.74265    16.77736
   121  H   1.0   0.086   1.002    -6.15597    -3.85882    21.77531
   122  H   1.0   0.085   1.002    -3.87923    -6.25575    21.14055
   123  H   1.0   0.088   1.004    -7.10197    -0.40988    18.07920
   124  H   1.0   0.076   1.007     6.98159     2.73443     5.16292
   125  H   1.0   0.076   1.008     9.51137     0.22129     2.16430
   126  H   1.0   0.079   1.015    18.13305     1.42542    -2.07454
   127  H   1.0   0.079   1.010    16.69327     4.41742    -1.57509
   128  H   1.0   0.079   1.010    18.19334     2.78659     0.99362
   129  H   1.0   0.076   1.007    15.31642     5.84719     2.38049
   130  H   1.0   0.076   1.006    12.79326     8.34087     5.31542
   131  H   1.0   0.076   1.006    11.85633     5.27290     9.94884
   132  H   1.0   0.076   1.008    13.98303     7.43116    13.49434
   133  H   1.0   0.079   1.015    12.07554    15.40221    18.42766
   134  H   1.0   0.079   1.010    11.67832    16.37996    15.24007
   135  H   1.0   0.081   1.014     9.50835    14.16690    16.62921
   136  H   1.0   0.077   1.008     9.48737    14.01648    12.16171
   137  H   1.0   0.076   1.006     7.36993    11.86994     8.67630
   138  H   1.0   0.076   1.006    -6.07018     8.14264    -0.85869
   139  H   1.0   0.076   1.008    -7.59764    10.87443    -4.29327
   140  H   1.0   0.079   1.015    -3.57272    17.84752    -9.69807
   141  H   1.0   0.079   1.010    -2.26824    17.91800    -6.60440
   142  H   1.0   0.079   1.010    -1.24268    15.58551    -8.84373
   143  H   1.0   0.076   1.007    -0.33316    14.39348    -4.70617
   144  H   1.0   0.076   1.007     1.15991    11.73501    -1.29201
   145  H   1.0   0.076   1.006    -5.08317    10.71191     3.61410
   146  H   1.0   0.076   1.007    -7.70271     9.03950     7.02940
   147  H   1.0   0.079   1.009   -10.31223     7.68211    10.25687
   148  H   1.0   0.080   1.011    -7.17812     7.88998    11.53111
   149  H   1.0   0.079   1.015    -9.48397     5.93034    12.99546
   150  H   1.0   0.077   1.008    -4.22259     1.79222     6.16674
   151  H   1.0   0.076   1.006    -1.58378     3.49070     2.71950
   152  H   1.0   0.076   1.006     6.13934     2.18792    -9.12341
   153  H   1.0   0.080   1.006     4.57937    -1.37893   -12.65266
   154  H   1.0   0.076   1.006    -3.05247     2.80870    -6.95136
   155  H   1.0   0.082   1.007    -1.48325     5.63781    -2.96196
   156  H   1.0   0.074   1.008     1.13138   -11.84896   -19.65145
   157  H   1.0   0.075   1.004    -5.11889   -19.42223   -21.90627
   158  H   1.0   0.076   1.006    -8.36355   -15.88239   -13.62492
   159  H   1.0   0.088   1.004   -11.32985   -21.49053   -15.03901
   160  H   1.0   0.087   1.003   -15.00329   -18.65103   -15.79395
   161  H   1.0   0.078   1.002   -13.34033   -14.91428   -18.57015
   162  H   1.0   0.078   1.002   -11.69400   -16.79966   -22.91973
   163  H   1.0   0.087   1.003   -12.34520   -21.69935   -22.82808
   164  H   1.0   0.085   1.002   -16.44175   -20.50315   -20.21591
   165  H   1.0   0.086   1.002   -14.80392   -22.92445   -18.54596
   166  H   1.0   0.088   1.004    -9.73927   -23.33207   -19.26368
 
  Z AO/shell   Hii/eV     exponent
  1     Sat Feb 20 21:38:01 CET 2016    EN: 2.327 GAM: 0.473  GM3: 0.0000
     1s    -13.751157    1.051071
  6     Sat Feb 20 21:38:01 CET 2016    EN: 2.731 GAM: 0.422  GM3: 0.0000
     2s    -19.378245    2.021003
     2p    -11.993376    1.497917
  7     Sat Feb 20 21:38:01 CET 2016    EN: 3.573 GAM: 0.504  GM3: 0.0000
     2s    -21.576984    2.275442
     2p    -16.125120    2.056788
  8     Sat Feb 20 21:38:01 CET 2016    EN: 3.700 GAM: 0.587  GM3: 0.0000
     2s    -21.648843    2.110798
     2p    -17.239740    2.329048
 16     Sat Feb 20 23:13:41 CET 2016    EN: 1.915 GAM: 0.389  GM3: 0.0000
     3s    -22.000000    2.671470
     3p    -15.834192    1.836978
     3d     -2.593599    1.836978
 
 dipole moment of classical point charges (au)
     X       Y       Z   
  -0.3421  -0.6611  -0.3534  total (Debye):    2.094

 
 Nbf   :          562
 T(el) :   300.0
 calculating S/T integrals ...
 cpu time for ints   0.797388000000000     
 Nao   :          552
 making H0...
 making H1...
 cpu time for H      0.267706000000000     
 solving ...
 cpu time for diag    2.54816500000000     
 
 gap (eV)           :   0.564
 Koopmans IP (eV)   :  12.133
 Eel (Eh)           :  -418.695302
 T,E(Fermi),NFOD :    300.000   -11.851  0.000036
 T,E(Fermi),NFOD :    300.000   -11.851  0.000036
 Nfod               :  0.0001
 Nfod/Nel           :  0.0000

          eigenvalues
 #    :         256        257        258        259        260        261        262        263
 occ. :        2.000      2.000      2.000      2.000      2.000      2.000      2.000      2.000
 eps  :       -15.111    -14.682    -14.530    -14.427    -14.149    -14.064    -13.911    -13.881
 #    :         264        265        266        267        268        269        270        271
 occ. :        2.000      2.000      2.000      2.000      2.000      0.000      0.000      0.000
 eps  :       -13.698    -13.090    -12.748    -12.546    -12.134    -11.569     -9.918     -9.722
 #    :         272        273        274        275        276        277        278        279
 occ. :        0.000      0.000      0.000      0.000      0.000      0.000      0.000      0.000
 eps  :        -9.603     -9.497     -9.096     -9.091     -8.627     -8.166     -7.878     -7.789
                            1  SCC done.
 making H1...
 cpu time for H       2.64125200000000     
 solving ...
 cpu time for diag   0.136611000000000     
 
 gap (eV)           :   1.289
 Koopmans IP (eV)   :  12.356
 Eel (Eh)           :  -419.665809
 T,E(Fermi),NFOD :    300.000   -11.712  0.000000
 T,E(Fermi),NFOD :    300.000   -11.712  0.000000
 Nfod               :  0.0000
 Nfod/Nel           :  0.0000

          eigenvalues
 #    :         256        257        258        259        260        261        262        263
 occ. :        2.000      2.000      2.000      2.000      2.000      2.000      2.000      2.000
 eps  :       -14.703    -14.552    -14.327    -14.067    -14.033    -13.837    -13.744    -13.700
 #    :         264        265        266        267        268        269        270        271
 occ. :        2.000      2.000      2.000      2.000      2.000      0.000      0.000      0.000
 eps  :       -13.677    -13.370    -12.935    -12.765    -12.357    -11.068    -10.182     -9.664
 #    :         272        273        274        275        276        277        278        279
 occ. :        0.000      0.000      0.000      0.000      0.000      0.000      0.000      0.000
 eps  :        -9.593     -9.158     -9.123     -8.762     -8.683     -8.383     -8.097     -7.805
                            2  SCC done.
 
 
 Mulliken/CM5 charges    n(s)   n(p)   n(d)   
    1 C  -0.0058 -0.0515   1.158  2.847  0.000
    2 C  -0.0364 -0.0379   1.178  2.858  0.000
    3 C   0.1326  0.1682   1.177  2.690  0.000
    4 O  -0.2437 -0.2916   1.629  4.615  0.000
    5 C  -0.0210 -0.0227   1.187  2.834  0.000
    6 C  -0.0154 -0.0645   1.152  2.863  0.000
    7 C  -0.0088 -0.0162   1.209  2.800  0.000
    8 C  -0.0104 -0.0180   1.208  2.802  0.000
    9 C  -0.0253 -0.0746   1.152  2.873  0.000
   10 C  -0.0073 -0.0105   1.175  2.832  0.000
   11 C   0.0167  0.0161   1.197  2.786  0.000
   12 C  -0.0003  0.0060   1.115  2.885  0.000
   13 C   0.0971  0.2152   1.172  2.731  0.000
   14 N  -0.2195 -0.3626   1.639  3.580  0.000
   15 C   0.0957  0.2146   1.170  2.734  0.000
   16 N  -0.2094 -0.3388   1.642  3.567  0.000
   17 C  -0.0292 -0.0846   1.218  2.811  0.000
   18 C  -0.0207 -0.0810   1.194  2.827  0.000
   19 C  -0.0524 -0.1101   1.165  2.887  0.000
   20 C  -0.0513 -0.1089   1.165  2.886  0.000
   21 C  -0.0205 -0.0808   1.194  2.827  0.000
   22 C  -0.0565 -0.1591   1.164  2.893  0.000
   23 C  -0.0305 -0.0859   1.218  2.812  0.000
   24 C  -0.0378 -0.0243   1.168  2.870  0.000
   25 C   0.0429  0.1122   1.178  2.779  0.000
   26 N  -0.1077 -0.3522   1.229  3.879  0.000
   27 C   0.0341  0.0894   1.173  2.793  0.000
   28 C  -0.0442 -0.0915   1.141  2.904  0.000
   29 C  -0.0391 -0.0904   1.132  2.907  0.000
   30 C  -0.0033  0.0013   1.166  2.837  0.000
   31 S  -0.0187 -0.0626   1.890  4.103  0.026
   32 C  -0.0721 -0.2070   1.072  3.000  0.000
   33 C  -0.0491 -0.1019   1.132  2.917  0.000
   34 C  -0.0394 -0.0877   1.139  2.900  0.000
   35 C   0.0351  0.0893   1.173  2.792  0.000
   36 C  -0.0404 -0.0889   1.139  2.902  0.000
   37 C  -0.0377 -0.0891   1.134  2.904  0.000
   38 C   0.0005  0.0057   1.165  2.834  0.000
   39 S  -0.0245 -0.0683   1.890  4.108  0.027
   40 C  -0.0772 -0.2114   1.075  3.002  0.000
   41 C  -0.0399 -0.0911   1.134  2.906  0.000
   42 C  -0.0475 -0.0962   1.139  2.908  0.000
   43 C  -0.0673 -0.0477   1.170  2.897  0.000
   44 S   0.1219  0.0889   1.894  3.936  0.049
   45 C  -0.0557 -0.0390   1.178  2.877  0.000
   46 C   0.0064  0.0734   1.176  2.818  0.000
   47 N  -0.1482 -0.3943   1.237  3.911  0.000
   48 C   0.0361  0.0922   1.172  2.792  0.000
   49 C  -0.0451 -0.0940   1.137  2.908  0.000
   50 C  -0.0364 -0.0880   1.132  2.904  0.000
   51 C  -0.0115 -0.0071   1.165  2.846  0.000
   52 S  -0.0224 -0.0661   1.890  4.106  0.027
   53 C  -0.0727 -0.2075   1.072  3.001  0.000
   54 C  -0.0516 -0.1045   1.133  2.919  0.000
   55 C  -0.0627 -0.1110   1.137  2.925  0.000
   56 C   0.0342  0.0885   1.175  2.791  0.000
   57 C  -0.0386 -0.0872   1.140  2.899  0.000
   58 C  -0.0439 -0.0965   1.134  2.910  0.000
   59 C   0.0032  0.0078   1.165  2.832  0.000
   60 S  -0.0235 -0.0683   1.891  4.107  0.026
   61 C  -0.0747 -0.2095   1.073  3.001  0.000
   62 C  -0.0235 -0.0746   1.132  2.891  0.000
   63 C  -0.0401 -0.0873   1.140  2.900  0.000
   64 C  -0.0482 -0.0277   1.173  2.875  0.000
   65 S   0.1400  0.1081   1.889  3.921  0.050
   66 C  -0.0394 -0.0282   1.176  2.864  0.000
   67 S   0.0809  0.0480   1.891  3.993  0.036
   68 C  -0.0253 -0.0158   1.171  2.854  0.000
   69 C  -0.0459 -0.0947   1.135  2.911  0.000
   70 C  -0.0271 -0.0321   1.167  2.860  0.000
   71 C  -0.1063 -0.1536   1.149  2.957  0.000
   72 C  -0.0030  0.0094   1.177  2.826  0.000
   73 S   0.1079  0.0797   1.890  3.965  0.038
   74 C  -0.0328 -0.0231   1.177  2.856  0.000
   75 C  -0.0342 -0.0830   1.133  2.902  0.000
   76 C  -0.0472 -0.0524   1.169  2.878  0.000
   77 C  -0.0912 -0.1394   1.145  2.946  0.000
   78 C   0.0008  0.0120   1.165  2.835  0.000
   79 C   0.0185  0.1037   1.211  2.770  0.000
   80 C   0.0128  0.0982   1.213  2.774  0.000
   81 N  -0.1209 -0.2875   1.520  3.601  0.000
   82 S   0.3268  0.4670   1.904  3.602  0.167
   83 N  -0.2460 -0.4172   1.528  3.718  0.000
   84 C   0.0973  0.1053   1.151  2.752  0.000
   85 C   0.0074  0.0939   1.212  2.780  0.000
   86 N  -0.1377 -0.3062   1.524  3.613  0.000
   87 S   0.3355  0.4754   1.906  3.595  0.164
   88 N  -0.2290 -0.3981   1.526  3.703  0.000
   89 C   0.0202  0.1073   1.211  2.769  0.000
   90 C   0.0051 -0.0396   1.157  2.838  0.000
   91 C   0.0296  0.0286   1.173  2.798  0.000
   92 C   0.1420  0.1769   1.177  2.681  0.000
   93 O  -0.2189 -0.2647   1.627  4.592  0.000
   94 C  -0.0165 -0.0183   1.189  2.827  0.000
   95 C  -0.0187 -0.0679   1.151  2.868  0.000
   96 C  -0.0140 -0.0214   1.208  2.806  0.000
   97 C  -0.0125 -0.0201   1.208  2.805  0.000
   98 C  -0.0263 -0.0756   1.152  2.875  0.000
   99 C   0.0020 -0.0010   1.176  2.822  0.000
  100 C   0.0305  0.0326   1.196  2.773  0.000
  101 C   0.0233  0.0325   1.113  2.864  0.000
  102 C   0.1019  0.2212   1.172  2.726  0.000
  103 N  -0.2223 -0.3516   1.643  3.579  0.000
  104 C   0.1094  0.2314   1.171  2.720  0.000
  105 N  -0.2236 -0.3526   1.644  3.579  0.000
  106 C  -0.0311 -0.0865   1.218  2.813  0.000
  107 C  -0.0220 -0.0824   1.194  2.828  0.000
  108 C  -0.0504 -0.1080   1.165  2.885  0.000
  109 C  -0.0516 -0.1092   1.165  2.886  0.000
  110 C  -0.0224 -0.0828   1.194  2.828  0.000
  111 C  -0.0591 -0.1617   1.164  2.895  0.000
  112 C  -0.0336 -0.0890   1.219  2.814  0.000
  113 H   0.0650  0.1336   0.935  0.000  0.000
  114 H   0.0522  0.1123   0.948  0.000  0.000
  115 H   0.0526  0.1160   0.947  0.000  0.000
  116 H   0.0464  0.1046   0.954  0.000  0.000
  117 H   0.0456  0.1031   0.954  0.000  0.000
  118 H   0.0453  0.1019   0.955  0.000  0.000
  119 H   0.0457  0.1023   0.954  0.000  0.000
  120 H   0.0455  0.1030   0.954  0.000  0.000
  121 H   0.0324  0.0891   0.968  0.000  0.000
  122 H   0.0406  0.0971   0.959  0.000  0.000
  123 H   0.0461  0.1044   0.954  0.000  0.000
  124 H   0.0404  0.1025   0.960  0.000  0.000
  125 H   0.0471  0.1058   0.953  0.000  0.000
  126 H   0.0575  0.1112   0.943  0.000  0.000
  127 H   0.0468  0.1006   0.953  0.000  0.000
  128 H   0.0477  0.1014   0.952  0.000  0.000
  129 H   0.0473  0.1065   0.953  0.000  0.000
  130 H   0.0418  0.1034   0.958  0.000  0.000
  131 H   0.0419  0.1034   0.958  0.000  0.000
  132 H   0.0470  0.1055   0.953  0.000  0.000
  133 H   0.0541  0.1079   0.946  0.000  0.000
  134 H   0.0437  0.0973   0.956  0.000  0.000
  135 H   0.0554  0.1180   0.945  0.000  0.000
  136 H   0.0505  0.1124   0.949  0.000  0.000
  137 H   0.0373  0.0992   0.963  0.000  0.000
  138 H   0.0439  0.1059   0.956  0.000  0.000
  139 H   0.0486  0.1072   0.951  0.000  0.000
  140 H   0.0577  0.1114   0.942  0.000  0.000
  141 H   0.0467  0.1004   0.953  0.000  0.000
  142 H   0.0468  0.1005   0.953  0.000  0.000
  143 H   0.0469  0.1061   0.953  0.000  0.000
  144 H   0.0367  0.0994   0.963  0.000  0.000
  145 H   0.0404  0.1014   0.960  0.000  0.000
  146 H   0.0466  0.1057   0.953  0.000  0.000
  147 H   0.0462  0.0996   0.954  0.000  0.000
  148 H   0.0476  0.1019   0.952  0.000  0.000
  149 H   0.0551  0.1088   0.945  0.000  0.000
  150 H   0.0495  0.1095   0.951  0.000  0.000
  151 H   0.0380  0.0998   0.962  0.000  0.000
  152 H   0.0523  0.1105   0.948  0.000  0.000
  153 H   0.0662  0.1325   0.934  0.000  0.000
  154 H   0.0506  0.1090   0.949  0.000  0.000
  155 H   0.0617  0.1273   0.938  0.000  0.000
  156 H   0.0692  0.1343   0.931  0.000  0.000
  157 H   0.0493  0.1077   0.951  0.000  0.000
  158 H   0.0516  0.1149   0.948  0.000  0.000
  159 H   0.0453  0.1036   0.955  0.000  0.000
  160 H   0.0446  0.1021   0.955  0.000  0.000
  161 H   0.0465  0.1032   0.953  0.000  0.000
  162 H   0.0463  0.1029   0.954  0.000  0.000
  163 H   0.0440  0.1015   0.956  0.000  0.000
  164 H   0.0390  0.0954   0.961  0.000  0.000
  165 H   0.0316  0.0882   0.968  0.000  0.000
  166 H   0.0446  0.1029   0.955  0.000  0.000
 Hirshfeld charges for QMDFF written to <charges>
 
 Loewdin charges    n(s)   n(p)   n(d)
    1 C   0.0020   1.105  2.893  0.000
    2 C  -0.0442   1.141  2.904  0.000
    3 C   0.1241   1.143  2.733  0.000
    4 O  -0.2276   1.598  4.630  0.000
    5 C  -0.0227   1.147  2.876  0.000
    6 C  -0.0119   1.099  2.913  0.000
    7 C  -0.0045   1.168  2.836  0.000
    8 C  -0.0054   1.168  2.838  0.000
    9 C  -0.0233   1.100  2.923  0.000
   10 C  -0.0036   1.133  2.871  0.000
   11 C   0.0276   1.153  2.819  0.000
   12 C  -0.0120   1.074  2.938  0.000
   13 C   0.0911   1.138  2.771  0.000
   14 N  -0.2080   1.601  3.607  0.000
   15 C   0.0896   1.137  2.774  0.000
   16 N  -0.1988   1.604  3.595  0.000
   17 C  -0.0228   1.173  2.850  0.000
   18 C  -0.0110   1.146  2.865  0.000
   19 C  -0.0449   1.114  2.931  0.000
   20 C  -0.0438   1.114  2.929  0.000
   21 C  -0.0109   1.146  2.865  0.000
   22 C  -0.0519   1.106  2.946  0.000
   23 C  -0.0241   1.173  2.851  0.000
   24 C  -0.0190   1.124  2.895  0.000
   25 C   0.0332   1.146  2.821  0.000
   26 N  -0.0666   1.187  3.880  0.000
   27 C   0.0308   1.137  2.832  0.000
   28 C  -0.0400   1.088  2.952  0.000
   29 C  -0.0348   1.080  2.955  0.000
   30 C   0.0258   1.117  2.857  0.000
   31 S  -0.0578   1.877  4.100  0.081
   32 C  -0.0494   0.994  3.056  0.000
   33 C  -0.0463   1.080  2.966  0.000
   34 C  -0.0359   1.086  2.950  0.000
   35 C   0.0323   1.136  2.831  0.000
   36 C  -0.0369   1.086  2.951  0.000
   37 C  -0.0331   1.081  2.952  0.000
   38 C   0.0292   1.116  2.854  0.000
   39 S  -0.0634   1.877  4.105  0.082
   40 C  -0.0553   0.997  3.058  0.000
   41 C  -0.0373   1.081  2.956  0.000
   42 C  -0.0437   1.087  2.957  0.000
   43 C  -0.0472   1.127  2.920  0.000
   44 S   0.0824   1.881  3.935  0.102
   45 C  -0.0367   1.135  2.901  0.000
   46 C  -0.0037   1.144  2.860  0.000
   47 N  -0.1073   1.195  3.912  0.000
   48 C   0.0329   1.135  2.832  0.000
   49 C  -0.0421   1.085  2.958  0.000
   50 C  -0.0318   1.079  2.952  0.000
   51 C   0.0170   1.117  2.866  0.000
   52 S  -0.0615   1.878  4.103  0.081
   53 C  -0.0500   0.994  3.056  0.000
   54 C  -0.0486   1.080  2.969  0.000
   55 C  -0.0596   1.085  2.975  0.000
   56 C   0.0317   1.138  2.830  0.000
   57 C  -0.0351   1.087  2.948  0.000
   58 C  -0.0409   1.081  2.960  0.000
   59 C   0.0317   1.116  2.852  0.000
   60 S  -0.0623   1.878  4.104  0.080
   61 C  -0.0523   0.995  3.057  0.000
   62 C  -0.0200   1.080  2.940  0.000
   63 C  -0.0362   1.087  2.949  0.000
   64 C  -0.0264   1.130  2.897  0.000
   65 S   0.0976   1.876  3.921  0.106
   66 C  -0.0132   1.129  2.884  0.000
   67 S   0.0422   1.878  3.992  0.087
   68 C  -0.0007   1.125  2.876  0.000
   69 C  -0.0447   1.083  2.962  0.000
   70 C  -0.0212   1.124  2.897  0.000
   71 C  -0.1027   1.098  3.005  0.000
   72 C   0.0220   1.131  2.847  0.000
   73 S   0.0671   1.877  3.965  0.091
   74 C  -0.0074   1.130  2.877  0.000
   75 C  -0.0340   1.081  2.953  0.000
   76 C  -0.0401   1.126  2.914  0.000
   77 C  -0.0905   1.095  2.996  0.000
   78 C  -0.0025   1.125  2.878  0.000
   79 C   0.0129   1.178  2.809  0.000
   80 C   0.0092   1.179  2.812  0.000
   81 N  -0.0826   1.483  3.600  0.000
   82 S   0.2610   1.896  3.608  0.235
   83 N  -0.2034   1.490  3.714  0.000
   84 C   0.0897   1.112  2.799  0.000
   85 C   0.0038   1.179  2.818  0.000
   86 N  -0.0995   1.487  3.612  0.000
   87 S   0.2703   1.898  3.601  0.231
   88 N  -0.1864   1.488  3.699  0.000
   89 C   0.0145   1.177  2.808  0.000
   90 C   0.0152   1.102  2.883  0.000
   91 C   0.0215   1.135  2.844  0.000
   92 C   0.1340   1.143  2.723  0.000
   93 O  -0.2033   1.596  4.607  0.000
   94 C  -0.0186   1.149  2.869  0.000
   95 C  -0.0146   1.098  2.916  0.000
   96 C  -0.0097   1.168  2.842  0.000
   97 C  -0.0072   1.167  2.840  0.000
   98 C  -0.0245   1.100  2.925  0.000
   99 C   0.0058   1.134  2.861  0.000
  100 C   0.0403   1.152  2.807  0.000
  101 C   0.0106   1.072  2.917  0.000
  102 C   0.0958   1.138  2.766  0.000
  103 N  -0.2106   1.605  3.606  0.000
  104 C   0.1023   1.137  2.761  0.000
  105 N  -0.2118   1.606  3.606  0.000
  106 C  -0.0247   1.173  2.852  0.000
  107 C  -0.0124   1.146  2.866  0.000
  108 C  -0.0429   1.114  2.929  0.000
  109 C  -0.0441   1.114  2.930  0.000
  110 C  -0.0128   1.146  2.866  0.000
  111 C  -0.0546   1.107  2.948  0.000
  112 C  -0.0271   1.174  2.853  0.000
  113 H   0.0538   0.946  0.000  0.000
  114 H   0.0422   0.958  0.000  0.000
  115 H   0.0424   0.958  0.000  0.000
  116 H   0.0385   0.962  0.000  0.000
  117 H   0.0378   0.962  0.000  0.000
  118 H   0.0371   0.963  0.000  0.000
  119 H   0.0374   0.963  0.000  0.000
  120 H   0.0377   0.962  0.000  0.000
  121 H   0.0291   0.971  0.000  0.000
  122 H   0.0363   0.964  0.000  0.000
  123 H   0.0383   0.962  0.000  0.000
  124 H   0.0323   0.968  0.000  0.000
  125 H   0.0385   0.962  0.000  0.000
  126 H   0.0554   0.945  0.000  0.000
  127 H   0.0453   0.955  0.000  0.000
  128 H   0.0460   0.954  0.000  0.000
  129 H   0.0398   0.960  0.000  0.000
  130 H   0.0335   0.967  0.000  0.000
  131 H   0.0335   0.966  0.000  0.000
  132 H   0.0384   0.962  0.000  0.000
  133 H   0.0524   0.948  0.000  0.000
  134 H   0.0425   0.957  0.000  0.000
  135 H   0.0528   0.947  0.000  0.000
  136 H   0.0425   0.958  0.000  0.000
  137 H   0.0297   0.970  0.000  0.000
  138 H   0.0355   0.964  0.000  0.000
  139 H   0.0398   0.960  0.000  0.000
  140 H   0.0556   0.944  0.000  0.000
  141 H   0.0451   0.955  0.000  0.000
  142 H   0.0452   0.955  0.000  0.000
  143 H   0.0395   0.961  0.000  0.000
  144 H   0.0292   0.971  0.000  0.000
  145 H   0.0322   0.968  0.000  0.000
  146 H   0.0392   0.961  0.000  0.000
  147 H   0.0446   0.955  0.000  0.000
  148 H   0.0459   0.954  0.000  0.000
  149 H   0.0532   0.947  0.000  0.000
  150 H   0.0406   0.959  0.000  0.000
  151 H   0.0302   0.970  0.000  0.000
  152 H   0.0421   0.958  0.000  0.000
  153 H   0.0548   0.945  0.000  0.000
  154 H   0.0408   0.959  0.000  0.000
  155 H   0.0517   0.948  0.000  0.000
  156 H   0.0571   0.943  0.000  0.000
  157 H   0.0394   0.961  0.000  0.000
  158 H   0.0417   0.958  0.000  0.000
  159 H   0.0376   0.962  0.000  0.000
  160 H   0.0370   0.963  0.000  0.000
  161 H   0.0381   0.962  0.000  0.000
  162 H   0.0379   0.962  0.000  0.000
  163 H   0.0364   0.964  0.000  0.000
  164 H   0.0349   0.965  0.000  0.000
  165 H   0.0284   0.972  0.000  0.000
  166 H   0.0369   0.963  0.000  0.000
 
 Wiberg/Mayer (AO) data. WBOs > 0.1 written file <wbo>
 largest (>0.05) Wiberg bond orders for each atom
           total WBO             WBO to atom ...
     1  C   3.925    C    2 1.494    C   24 1.251    H  113 0.913
     2  C   3.907    C    1 1.494    C   11 1.113    C    3 1.002    O    4 0.069    C   25 0.060
     3  C   3.910    O    4 1.767    C    2 1.002    C    5 0.989
     4  O   2.134    C    3 1.767    C    2 0.069    C    5 0.058
     5  C   3.934    C    6 1.360    C   10 1.283    C    3 0.989    C    8 0.090    O    4 0.058
     6  C   3.959    C    7 1.419    C    5 1.360    H  114 0.938    C    9 0.083
     7  C   3.918    C    6 1.419    C    8 1.314    C   23 0.951    C   10 0.090
     8  C   3.927    C    9 1.424    C    7 1.314    C   17 0.953    C    5 0.090
     9  C   3.956    C    8 1.424    C   10 1.351    H  115 0.935    C    6 0.083
    10  C   3.944    C    9 1.351    C    5 1.283    C   11 1.046    C    7 0.090
    11  C   3.929    C   12 1.448    C    2 1.113    C   10 1.046    N   14 0.090    N   16 0.090
    12  C   3.932    C   11 1.448    C   13 1.072    C   15 1.065    N   14 0.080    N   16 0.080
    13  C   3.940    N   14 2.770    C   12 1.072
    14  N   3.057    C   13 2.770    C   11 0.090    C   12 0.080
    15  C   3.940    N   16 2.786    C   12 1.065
    16  N   3.043    C   15 2.786    C   11 0.090    C   12 0.080
    17  C   3.930    C    8 0.953    C   23 0.949    H  116 0.941    C   18 0.925
    18  C   3.948    C   19 0.991    C   22 0.969    H  117 0.947    C   17 0.925
    19  C   3.964    C   20 1.937    C   18 0.991    H  118 0.937
    20  C   3.964    C   19 1.937    C   21 0.991    H  119 0.937
    21  C   3.948    C   20 0.991    C   22 0.969    H  120 0.947    C   23 0.925
    22  C   3.962    C   21 0.969    C   18 0.969    H  121 0.964    H  122 0.958
    23  C   3.928    C    7 0.951    C   17 0.949    H  123 0.941    C   21 0.925
    24  C   3.909    C   25 1.336    C    1 1.251    S   65 1.070    C   64 0.051
    25  C   3.904    C   24 1.336    C   43 1.239    N   26 1.060    S   65 0.067    C    2 0.060
    26  N   3.367    C   25 1.060    C   35 0.979    C   27 0.971
    27  C   3.927    C   34 1.379    C   28 1.357    N   26 0.971    C   30 0.095
    28  C   3.968    C   29 1.464    C   27 1.357    H  124 0.945    C   33 0.099
    29  C   3.971    C   28 1.464    C   30 1.359    H  125 0.944    C   34 0.103
    30  C   3.951    C   33 1.375    C   29 1.359    S   31 1.044    C   27 0.095
    31  S   2.221    C   30 1.044    C   32 0.999
    32  C   3.983    S   31 0.999    H  127 0.989    H  128 0.989    H  126 0.980
    33  C   3.971    C   34 1.444    C   30 1.375    H  129 0.942    C   28 0.099
    34  C   3.966    C   33 1.444    C   27 1.379    H  130 0.944    C   29 0.103
    35  C   3.926    C   42 1.368    C   36 1.357    N   26 0.979    C   38 0.095
    36  C   3.967    C   37 1.465    C   35 1.357    H  131 0.944    C   41 0.099
    37  C   3.971    C   36 1.465    C   38 1.359    H  132 0.943    C   42 0.101
    38  C   3.952    C   41 1.371    C   37 1.359    S   39 1.045    C   35 0.095
    39  S   2.216    C   38 1.045    C   40 0.995
    40  C   3.979    S   39 0.995    H  134 0.990    H  133 0.981    H  135 0.979
    41  C   3.971    C   42 1.446    C   38 1.371    H  136 0.941    C   36 0.099
    42  C   3.969    C   41 1.446    C   35 1.368    H  137 0.945    C   37 0.101
    43  C   3.919    C   64 1.352    C   25 1.239    S   44 1.079    C   45 0.057    S   65 0.053
    44  S   2.472    C   43 1.079    C   45 1.076    C   46 0.065
    45  C   3.892    C   46 1.412    C   66 1.154    S   44 1.076    C   43 0.057
    46  C   3.900    C   45 1.412    C   64 1.215    N   47 1.013    S   44 0.065
    47  N   3.313    C   46 1.013    C   48 0.997    C   56 0.959
    48  C   3.929    C   55 1.370    C   49 1.348    N   47 0.997    C   51 0.093
    49  C   3.968    C   50 1.468    C   48 1.348    H  138 0.943    C   54 0.100
    50  C   3.972    C   49 1.468    C   51 1.358    H  139 0.944    C   55 0.102
    51  C   3.953    C   54 1.378    C   50 1.358    S   52 1.039    C   48 0.093
    52  S   2.213    C   51 1.039    C   53 1.000
    53  C   3.983    S   52 1.000    H  141 0.989    H  142 0.989    H  140 0.980
    54  C   3.972    C   55 1.443    C   51 1.378    H  143 0.942    C   49 0.100
    55  C   3.969    C   54 1.443    C   48 1.370    H  144 0.944    C   50 0.102
    56  C   3.924    C   57 1.381    C   63 1.364    N   47 0.959    C   59 0.097
    57  C   3.969    C   58 1.441    C   56 1.381    H  145 0.945    C   62 0.103
    58  C   3.971    C   57 1.441    C   59 1.378    H  146 0.942    C   63 0.101
    59  C   3.953    C   58 1.378    C   62 1.363    S   60 1.038    C   56 0.097
    60  S   2.211    C   59 1.038    C   61 0.996
    61  C   3.982    S   60 0.996    H  147 0.990    H  148 0.988    H  149 0.981
    62  C   3.972    C   63 1.462    C   59 1.363    H  150 0.943    C   57 0.103
    63  C   3.969    C   62 1.462    C   56 1.364    H  151 0.945    C   58 0.101
    64  C   3.926    C   43 1.352    C   46 1.215    S   65 1.108    C   24 0.051
    65  S   2.510    C   64 1.108    C   24 1.070    C   25 0.067    C   43 0.053
    66  C   3.911    C   77 1.525    C   45 1.154    S   67 1.057
    67  S   2.408    C   68 1.067    C   66 1.057    C   77 0.068
    68  C   3.934    C   69 1.457    C   76 1.202    S   67 1.067    C   74 0.054
    69  C   3.936    C   68 1.457    C   70 1.298    H  152 0.943    C   75 0.090
    70  C   3.936    C   69 1.298    C   71 1.230    C   74 1.198    C   76 0.052
    71  C   3.878    C   72 1.499    C   70 1.230    H  153 0.932    S   73 0.066
    72  C   3.922    C   71 1.499    C   78 1.153    S   73 1.070
    73  S   2.445    C   74 1.075    C   72 1.070    C   71 0.066
    74  C   3.927    C   75 1.448    C   70 1.198    S   73 1.075    C   68 0.054
    75  C   3.942    C   74 1.448    C   76 1.309    H  154 0.943    C   69 0.090
    76  C   3.931    C   75 1.309    C   77 1.213    C   68 1.202    C   70 0.052
    77  C   3.927    C   66 1.525    C   76 1.213    H  155 0.932    S   67 0.068
    78  C   3.900    C   89 1.229    C   79 1.228    C   72 1.153    C   84 0.080
    79  C   3.918    N   83 1.356    C   78 1.228    C   80 1.084    S   82 0.059
    80  C   3.924    N   81 1.371    C   84 1.220    C   79 1.084    S   82 0.053
    81  N   3.116    S   82 1.383    C   80 1.371    N   83 0.228
    82  S   2.943    N   81 1.383    N   83 1.339    C   79 0.059    C   80 0.053
    83  N   3.064    C   79 1.356    S   82 1.339    N   81 0.228
    84  C   3.889    C   80 1.220    C   85 1.219    C   90 1.170    C   78 0.080
    85  C   3.930    N   86 1.366    C   84 1.219    C   89 1.090    S   87 0.052
    86  N   3.101    S   87 1.374    C   85 1.366    N   88 0.229
    87  S   2.942    N   86 1.374    N   88 1.346    C   89 0.057    C   85 0.052
    88  N   3.082    C   89 1.354    S   87 1.346    N   86 0.229
    89  C   3.919    N   88 1.354    C   78 1.229    C   85 1.090    S   87 0.057
    90  C   3.935    C   91 1.566    C   84 1.170    H  156 0.929    O   93 0.050
    91  C   3.871    C   90 1.566    C  100 1.086    C   92 0.973    O   93 0.063
    92  C   3.904    O   93 1.808    C   94 0.982    C   91 0.973
    93  O   2.146    C   92 1.808    C   91 0.063    C   94 0.062    C   90 0.050
    94  C   3.930    C   95 1.359    C   99 1.283    C   92 0.982    C   97 0.090    O   93 0.062
    95  C   3.962    C   96 1.423    C   94 1.359    H  157 0.941    C   98 0.085
    96  C   3.918    C   95 1.423    C   97 1.311    C  112 0.950    C   99 0.090
    97  C   3.929    C   98 1.429    C   96 1.311    C  106 0.953    C   94 0.090
    98  C   3.957    C   97 1.429    C   99 1.349    H  158 0.936    C   95 0.085
    99  C   3.946    C   98 1.349    C   94 1.283    C  100 1.045    C   96 0.090
   100  C   3.934    C  101 1.471    C   91 1.086    C   99 1.045    N  105 0.095    N  103 0.094
   101  C   3.953    C  100 1.471    C  102 1.064    C  104 1.061    N  103 0.078    N  105 0.077
   102  C   3.938    N  103 2.784    C  101 1.064
   103  N   3.044    C  102 2.784    C  100 0.094    C  101 0.078
   104  C   3.939    N  105 2.790    C  101 1.061
   105  N   3.055    C  104 2.790    C  100 0.095    C  101 0.077
   106  C   3.931    C   97 0.953    C  112 0.950    H  159 0.941    C  107 0.925
   107  C   3.949    C  108 0.991    C  111 0.969    H  160 0.947    C  106 0.925
   108  C   3.964    C  109 1.937    C  107 0.991    H  161 0.937
   109  C   3.964    C  108 1.937    C  110 0.991    H  162 0.937
   110  C   3.948    C  109 0.991    C  111 0.969    H  163 0.947    C  112 0.925
   111  C   3.962    C  107 0.969    C  110 0.969    H  165 0.964    H  164 0.958
   112  C   3.928    C   96 0.950    C  106 0.950    H  166 0.941    C  110 0.925
   113  H   0.992    C    1 0.913
   114  H   0.996    C    6 0.938
   115  H   0.995    C    9 0.935
   116  H   0.996    C   17 0.941
   117  H   0.997    C   18 0.947
   118  H   0.998    C   19 0.937
   119  H   0.998    C   20 0.937
   120  H   0.997    C   21 0.947
   121  H   0.999    C   22 0.964
   122  H   0.996    C   22 0.958
   123  H   0.996    C   23 0.941
   124  H   0.997    C   28 0.945
   125  H   0.997    C   29 0.944
   126  H   0.996    C   32 0.980
   127  H   0.998    C   32 0.989
   128  H   0.997    C   32 0.989
   129  H   0.997    C   33 0.942
   130  H   0.998    C   34 0.944
   131  H   0.997    C   36 0.944
   132  H   0.997    C   37 0.943
   133  H   0.996    C   40 0.981
   134  H   0.998    C   40 0.990
   135  H   0.997    C   40 0.979
   136  H   0.997    C   41 0.941
   137  H   0.999    C   42 0.945
   138  H   0.997    C   49 0.943
   139  H   0.996    C   50 0.944
   140  H   0.996    C   53 0.980
   141  H   0.997    C   53 0.989
   142  H   0.998    C   53 0.989
   143  H   0.997    C   54 0.942
   144  H   0.999    C   55 0.944
   145  H   0.998    C   57 0.945
   146  H   0.997    C   58 0.942
   147  H   0.998    C   61 0.990
   148  H   0.998    C   61 0.988
   149  H   0.996    C   61 0.981
   150  H   0.997    C   62 0.943
   151  H   0.998    C   63 0.945
   152  H   0.996    C   69 0.943
   153  H   0.994    C   71 0.932
   154  H   0.996    C   75 0.943
   155  H   0.995    C   77 0.932
   156  H   0.988    C   90 0.929
   157  H   0.996    C   95 0.941
   158  H   0.995    C   98 0.936
   159  H   0.996    C  106 0.941
   160  H   0.997    C  107 0.947
   161  H   0.998    C  108 0.937
   162  H   0.998    C  109 0.937
   163  H   0.997    C  110 0.947
   164  H   0.997    C  111 0.958
   165  H   0.999    C  111 0.964
   166  H   0.996    C  112 0.941
 
 --------------------------------------------
          xTB calculation for sTDA...
 --------------------------------------------
 
 reading parameter file /ihome/ghutchison/blp62/xtb4stda/.param_stda2.xtb
 
      method parameters     
 k(s)        :  1.6000
 k(p)        :  2.1800
 k(d)        :  1.9500
 k(f)        :  2.0000
 k(R-V)      :  2.2750
 k(R-R)      :  1.7650
 Tscal       :  0.2580
 Gscal       :  1.0000
 fpol        :  1.0000
 Zcnf        :  0.3430
 Zqf         :  0.0000
 kcn         :  2.7000
 Ryd Hsplit  :  0.7000
 lshift(virt):  3.1000
 lshift(OS)  :  0.2000
 wllscaling  :  2.6000
 
 mowrcut     : 3.000
 
  Z AO/shell   Hii/eV     exponent
  1     Sun Feb 14 09:53:25 CET 2016    EN: 2.327 GAM: 0.473  GM3: 0.0000
     1s    -14.339618    1.220000
     2sp    -3.348946    0.600000
  6     Sun Feb 14 09:53:25 CET 2016    EN: 2.731 GAM: 0.422  GM3: 0.0000
     2s    -22.009312    1.565095
     2p    -13.020408    1.596905
     3sp    -3.914040    0.824500
  7     Sun Feb 14 09:53:25 CET 2016    EN: 3.573 GAM: 0.504  GM3: 0.0000
     2s    -25.722000    2.064844
     2p    -18.684912    1.801692
     3sp    -4.344791    0.921400
  8     Sun Feb 14 09:53:25 CET 2016    EN: 3.700 GAM: 0.587  GM3: 0.0000
     2s    -33.859000    2.418661
     2p    -22.175911    1.973969
     3sp    -4.259392    1.013700
 16     Sun Feb 21 16:35:57 CET 2016    EN: 1.915 GAM: 0.200  GM3: 0.0000
     3s    -17.898811    2.619580
     3p    -15.317401    1.798798
     4sp    -4.455139    0.843200
 
 Nbf   :         1166
 T(el) :     0.0
 calculating S/T integrals ...
 cpu time for ints    2.55598300000000     
 Nao   :         1166
 making H0...
 making H1...
 cpu time for H      3.364299999999965E-002
 solving ...
 cpu time for diag   0.638647000000001     
 
 gap (eV)           :   3.650
 Koopmans IP (eV)   :  12.704
 Eel (Eh)           :  -453.553505

          eigenvalues
 #    :         256        257        258        259        260        261        262        263
 occ. :        2.000      2.000      2.000      2.000      2.000      2.000      2.000      2.000
 eps  :       -15.674    -15.539    -15.446    -15.204    -14.749    -14.416    -14.378    -14.352
 #    :         264        265        266        267        268        269        270        271
 occ. :        2.000      2.000      2.000      2.000      2.000      0.000      0.000      0.000
 eps  :       -14.290    -13.970    -13.497    -13.170    -12.705     -9.055     -8.645     -8.396
 #    :         272        273        274        275        276        277        278        279
 occ. :        0.000      0.000      0.000      0.000      0.000      0.000      0.000      0.000
 eps  :        -8.022     -7.902     -6.609     -6.424     -6.262     -6.065     -5.722     -5.641
                            1  SCC done.
 writing mo output ...
 molden style : F
 
speedup  2.98
cpu  time for all    8.27 s
wall time for all    2.78 s
