 
        ______________________________________
       |                                      |
       |          ===================         |
       |             xTB for sTDA             |
       |          ===================         |
       |               S. Grimme              |
       |        Universitaet Bonn, MCTC       |
       |         2015-19, Version 1.0         |
       |     Wed Apr  3 09:14:55 CEST 2019    |
       |______________________________________|
 
        This code comes without any warranty
        for non-commercial, academia use only.
        Preliminary test version.
        Cite this work as:
        S. Grimme  &  C. Bannwarth, JCP 145 (2016) 054103
        if GBSA is used additionally:
        P. Shushkov, F. März, C. Bannwarth, S. Grimme, unpublished.
 
        with help from
        P. Shushkov, G. Brandenburg, S. Dohm, J. Pisarek,
        F. März, M. Checinski, S. Ehrlich, S. Spicher, 
        P. Pracht, E. Caldeweyher, S. Ehlert, and C. Bannwarth.
 
        usage        :
        xtb4stda <coord_file> [options]
        where <coord_file> is a valid file of TM)
        (*coord, Bohr) or xmol (*xyz, Angstroem)
        format.

        options:
        -chrg <int>   : molecular charge
        -uhf  <int>   : # of unpaired electrons(=2*S)
        -nox          : skip second, extended part in sTDA-xTB
        -pop          : do population analysis
                      : (default for -nox)
        -mowr <real>  : cut MO write above (def.3 Eh)
        -molden       : write formatted molden file
        -parx <file>  : read parameters for sTDA-xTB
                        calc (def:~/.param_stda2.xtb)
        -parv <file>  : read parameters for vTB part in
                        sTDA-xTB (def: ~/.param_stda1.xtb)
        -xtemp <real> : el. temp for xTB (def. 0 K)
        -etemp <real> : el. temp for GFN (def. 300 K)
        -fod          : calculate the FOD and write
                        molden.input file with
                        appropriate occupations
                        for plotting. Def. T=12500 K
 
        -acc <real>   : xTB accuracy (def. 1.0)
        -gbsa [string1] [string2]
                        use GBSA implicit solvent
                        for solvent [string1] and
                        solvation state [string2]=
                        reference, bar1M (default=1M)
        additional GFN/opt/MD/siman options read from
        $XTB4STDAHOME/.xtb4stdarc or $set in input
 
       spin and charge state information can be on:
       <.CHRG> (charge) and <.UHF> (=nalpha-nbeta)
       -uhf and -chrg override the file info.
       useful machine settings:
       setenv MKL_NUM_THREADS <NCORE_ON_YOUR_MACHINE>
       setenv OMP_STACKSIZE 500m
       limit stacksize unlimited
 
       total energies in Eh, gaps/HL energies in eV
       please read REVISION and HOWTO files carefully
 =============================
  # OMP threads =           8
 =============================
 
 xtb4stdahome directory:/ihome/ghutchison/blp62/xtb4stda/
 
 
 name of molecule           :
 comment line               :
 number of atoms            :   184
 number of electrons        :   570
 charge                     :  0
 spin                       : 0.0
 first test random number   :  0.6580
 
 -----------------------------------------
      charge density (VTB) calculation
 -----------------------------------------
 
      method parameters     
 k(s)        :  1.8000
 k(p)        :  2.8350
 k(d)        :  2.0860
 k(f)        :  2.0000
 Tscal       :  0.3300
 Gscal       :  0.3910
 fpol        :  1.0000
 Zcnf        :  0.6500
 Zqf         :  0.0000
 kcn         :  0.3000
 kEN1        : -0.5900
 wllscal     :  2.6000
 
     -------------------------
     ! NO SOLVENT MODEL USED !
     -------------------------
 
 doing EN charges ...
 sum q : -0.3885781D-14
 point charge moment (au)
     X       Y       Z   
   1.2374   0.3366  -0.3872  total (Debye):    3.405
 
            Z      q(EN)   CN      Cart. coordinates
     1  C   4.0  -0.075   3.236     3.65341    -4.18329    14.36815
     2  C   4.0  -0.003   3.311     5.40443    -6.02464    14.93658
     3  C   4.0   0.098   3.256     7.26259    -7.01523    13.11886
     4  O   6.0  -0.104   1.068     7.47594    -6.45738    10.89673
     5  C   4.0  -0.007   3.376     8.98451    -8.63699    14.60286
     6  C   4.0  -0.057   3.149    11.04904    -9.99684    13.70675
     7  C   4.0   0.003   3.502    12.27831   -11.37842    15.53279
     8  C   4.0   0.002   3.503    11.52090   -11.39429    18.06748
     9  C   4.0  -0.059   3.154     9.49039   -10.05296    18.97927
    10  C   4.0  -0.007   3.370     8.21294    -8.64436    17.15002
    11  C   4.0  -0.008   3.341     5.96133    -7.06512    17.37943
    12  C   4.0  -0.039   3.130     4.44218    -6.87010    19.47627
    13  C   4.0   0.235   2.160     4.93634    -8.02264    21.82067
    14  N   5.0  -0.215   1.028     5.20109    -8.91932    23.78107
    15  C   4.0   0.235   2.165     2.08928    -5.62741    19.48799
    16  N   5.0  -0.214   1.028     0.10715    -4.74945    19.62462
    17  C   4.0  -0.105   4.489    13.61415   -13.16856    18.84170
    18  C   4.0  -0.102   4.332    15.90148   -11.97482    20.20060
    19  C   4.0  -0.062   3.279    17.96751   -13.92482    19.90373
    20  C   4.0  -0.062   3.279    18.68334   -13.91726    17.50056
    21  C   4.0  -0.102   4.332    17.11374   -11.96102    16.13335
    22  C   4.0  -0.169   4.319    16.78341   -10.01385    18.25551
    23  C   4.0  -0.105   4.487    14.45621   -13.15646    16.01165
    24  C   4.0  -0.075   3.235     2.67491    -3.67854    11.96556
    25  C   4.0   0.089   3.456     2.40411    -5.23152     9.81826
    26  N   5.0  -0.322   3.251     2.75541    -7.78416     9.69316
    27  C   4.0   0.087   3.299     2.62804    -9.36624    11.80890
    28  C   4.0  -0.068   3.205     0.82165    -9.00076    13.68936
    29  C   4.0  -0.082   3.227     0.79236   -10.50007    15.82249
    30  C   4.0  -0.087   3.158     2.58722   -12.39698    16.12522
    31  S   6.0   0.194   2.260     2.86350   -14.30296    18.83603
    32  C   4.0  -0.323   3.989     0.37228   -13.19539    20.91360
    33  C   4.0  -0.086   3.270     4.32520   -12.84333    14.19505
    34  C   4.0  -0.067   3.211     4.34221   -11.35820    12.05929
    35  C   4.0   0.077   3.326     3.28397    -8.90212     7.32968
    36  C   4.0  -0.068   3.196     1.94963   -11.02882     6.55943
    37  C   4.0  -0.083   3.221     2.43151   -12.12316     4.23847
    38  C   4.0  -0.087   3.155     4.26379   -11.09949     2.66262
    39  S   6.0   0.188   2.251     5.03725   -12.31289    -0.34072
    40  C   4.0  -0.323   3.987     2.72139   -14.78918    -0.86304
    41  C   4.0  -0.086   3.269     5.63422    -8.99283     3.45725
    42  C   4.0  -0.071   3.220     5.15234    -7.89943     5.76688
    43  C   4.0  -0.103   3.475     1.45755    -3.81366     7.75506
    44  S   6.0   0.235   2.613     0.66292    -4.56539     4.67499
    45  C   4.0  -0.079   3.289    -0.28762    -1.44791     4.12036
    46  C   4.0   0.079   3.486    -0.12775     0.06538     6.25405
    47  N   5.0  -0.316   3.245    -0.95979     2.53677     6.46513
    48  C   4.0   0.083   3.299     0.44484     4.21088     7.96255
    49  C   4.0  -0.071   3.216     3.07288     4.02134     8.07650
    50  C   4.0  -0.086   3.263     4.43916     5.62666     9.60208
    51  C   4.0  -0.086   3.154     3.21839     7.46820    11.03260
    52  S   6.0   0.187   2.247     5.15650     9.42841    12.91382
    53  C   4.0  -0.323   3.987     2.93966    10.94643    15.04694
    54  C   4.0  -0.082   3.221     0.60736     7.69421    10.88747
    55  C   4.0  -0.068   3.195    -0.76534     6.07112     9.37304
    56  C   4.0   0.088   3.291    -2.92038     3.42305     4.92689
    57  C   4.0  -0.068   3.209    -4.98566     1.87631     4.37131
    58  C   4.0  -0.085   3.265    -6.72837     2.59818     2.58080
    59  C   4.0  -0.086   3.160    -6.47401     4.89628     1.32016
    60  S   6.0   0.193   2.259    -8.63435     5.51687    -1.14196
    61  C   4.0  -0.324   3.994    -7.23765     8.19990    -2.75843
    62  C   4.0  -0.082   3.229    -4.55972     6.54110     2.03505
    63  C   4.0  -0.068   3.208    -2.80492     5.80977     3.82292
    64  C   4.0  -0.106   3.475     0.89252    -1.31374     8.30856
    65  S   6.0   0.224   2.571     1.48873    -0.59470    11.43095
    66  C   4.0  -0.003   3.325    -1.14517    -0.68937     1.64387
    67  C   4.0   0.024   3.230    -2.84952    -2.08210     0.23678
    68  F   7.0  -0.029   1.090    -3.70367    -4.30328     1.13006
    69  C   4.0   0.026   3.216    -3.84484    -1.23834    -2.06056
    70  F   7.0  -0.026   1.076    -5.51271    -2.78016    -3.20479
    71  C   4.0  -0.004   3.313    -3.20498     1.08130    -3.10652
    72  C   4.0   0.099   3.391    -1.37326     2.50162    -1.73193
    73  N   5.0  -0.260   2.513    -0.67973     4.76060    -2.62407
    74  C   4.0   0.130   3.264     1.08206     6.08265    -1.49251
    75  C   4.0  -0.172   4.073     1.68658     8.58824    -2.65979
    76  C   4.0  -0.242   4.029     3.95860     8.36166    -4.43538
    77  C   4.0   0.121   3.268     2.32682     5.06843     0.66462
    78  N   5.0  -0.225   2.243     1.58340     2.91566     1.64179
    79  C   4.0   0.095   3.371    -0.29366     1.61269     0.54613
    80  C   4.0  -0.171   4.074     4.51569     6.31565     1.96078
    81  C   4.0  -0.242   4.031     6.88767     4.68028     1.72834
    82  C   4.0  -0.079   3.257    -4.18537     2.05224    -5.43617
    83  S   6.0   0.228   2.805    -2.85311     4.80897    -6.72346
    84  C   4.0  -0.086   3.398    -4.78479     4.52344    -9.34545
    85  C   4.0  -0.096   3.397    -5.30106     5.64915   -11.66433
    86  C   4.0   0.075   3.668    -7.22934     4.18064   -12.82708
    87  N   5.0  -0.296   3.262    -7.87600     2.21400   -11.27184
    88  C   4.0  -0.093   4.070    -9.86909     0.41196   -11.70723
    89  C   4.0  -0.239   4.023   -12.38734     1.35172   -10.65616
    90  C   4.0   0.076   3.669    -6.41430     2.41450    -9.14797
    91  C   4.0  -0.076   3.314    -6.06375     1.02914    -6.93397
    92  C   4.0  -0.075   3.297    -7.90529     5.01325   -15.21872
    93  C   4.0  -0.079   3.199    -6.51426     7.11520   -15.94664
    94  S   6.0   0.215   2.514    -4.36564     8.10333   -13.56521
    95  C   4.0  -0.077   3.226    -6.48100     8.54666   -18.18275
    96  C   4.0  -0.001   3.260    -7.61446     8.17023   -20.48142
    97  C   4.0   0.099   3.217    -9.09884     5.97720   -21.37223
    98  O   6.0  -0.104   1.056    -9.98947     4.24017   -20.15790
    99  C   4.0  -0.007   3.370    -9.31049     6.27124   -24.13615
   100  C   4.0  -0.057   3.148   -10.41806     4.57163   -25.81555
   101  C   4.0   0.003   3.500   -10.29372     5.31032   -28.30110
   102  C   4.0   0.003   3.501    -9.15421     7.57610   -29.06304
   103  C   4.0  -0.059   3.153    -8.07518     9.27855   -27.42484
   104  C   4.0  -0.006   3.359    -8.18195     8.56140   -24.88316
   105  C   4.0  -0.008   3.333    -7.25768     9.85057   -22.62493
   106  C   4.0  -0.037   3.121    -6.34532    12.27528   -22.56484
   107  C   4.0   0.234   2.164    -5.66011    13.63532   -20.37540
   108  N   5.0  -0.214   1.027    -5.10698    14.90918   -18.70678
   109  C   4.0   0.235   2.167    -6.04542    13.82410   -24.71384
   110  N   5.0  -0.214   1.027    -5.73362    15.18905   -26.37226
   111  C   4.0  -0.105   4.488    -9.66935     7.08402   -31.82317
   112  C   4.0  -0.102   4.331    -7.41226     6.15994   -33.42320
   113  C   4.0  -0.062   3.279    -8.63794     4.99228   -35.72414
   114  C   4.0  -0.062   3.279    -9.72321     2.84914   -35.00491
   115  C   4.0  -0.102   4.331    -9.24870     2.53223   -32.20565
   116  C   4.0  -0.169   4.319    -6.62878     3.75696   -32.00270
   117  C   4.0  -0.105   4.486   -10.94529     4.56048   -30.97374
   118  H   1.0   0.075   1.011     3.01185    -2.94382    15.86727
   119  H   1.0   0.075   1.004    11.56720    -9.94147    11.73520
   120  H   1.0   0.077   1.006     8.92707   -10.07942    20.93552
   121  H   1.0   0.088   1.004    13.01492   -14.94660    19.68339
   122  H   1.0   0.087   1.003    15.52051   -11.31341    22.10677
   123  H   1.0   0.078   1.002    18.60057   -15.14275    21.39926
   124  H   1.0   0.078   1.002    20.03393   -15.12782    16.58801
   125  H   1.0   0.087   1.003    17.83901   -11.28677    14.33395
   126  H   1.0   0.087   1.004    15.39257    -8.55555    17.84506
   127  H   1.0   0.086   1.003    18.56580    -9.13531    18.78973
   128  H   1.0   0.088   1.004    14.41823   -14.92846    14.96757
   129  H   1.0   0.076   1.007    -0.56635    -7.51809    13.49510
   130  H   1.0   0.077   1.008    -0.62418   -10.15085    17.24394
   131  H   1.0   0.080   1.010    -1.45962   -13.50530    20.04187
   132  H   1.0   0.080   1.011     0.65989   -11.21798    21.37960
   133  H   1.0   0.079   1.016     0.53989   -14.33055    22.61416
   134  H   1.0   0.076   1.008     5.68751   -14.34415    14.41804
   135  H   1.0   0.077   1.007     5.71094   -11.69532    10.58511
   136  H   1.0   0.076   1.006     0.51835   -11.82099     7.78038
   137  H   1.0   0.076   1.007     1.35796   -13.76250     3.68364
   138  H   1.0   0.079   1.010     2.98237   -16.30304     0.49832
   139  H   1.0   0.080   1.010     0.82864   -14.00325    -0.75910
   140  H   1.0   0.079   1.015     3.08365   -15.49027    -2.75654
   141  H   1.0   0.076   1.008     7.08231    -8.23637     2.23744
   142  H   1.0   0.077   1.007     6.23742    -6.30186     6.41656
   143  H   1.0   0.077   1.008     4.02719     2.60990     6.95646
   144  H   1.0   0.076   1.008     6.47061     5.47643     9.70072
   145  H   1.0   0.079   1.010     1.78844    12.31024    14.03292
   146  H   1.0   0.079   1.015     4.08918    11.91472    16.44288
   147  H   1.0   0.080   1.011     1.78031     9.52082    15.95987
   148  H   1.0   0.076   1.007    -0.38456     9.11717    11.95554
   149  H   1.0   0.076   1.006    -2.79755     6.23780     9.28536
   150  H   1.0   0.077   1.007    -5.18182     0.07823     5.31504
   151  H   1.0   0.076   1.008    -8.29023     1.37440     2.11007
   152  H   1.0   0.080   1.010    -7.44136     9.89857    -1.62403
   153  H   1.0   0.080   1.015    -5.26742     7.79663    -3.16945
   154  H   1.0   0.079   1.015    -8.28909     8.40607    -4.50813
   155  H   1.0   0.077   1.008    -4.38133     8.38131     1.17938
   156  H   1.0   0.077   1.007    -1.28086     7.07608     4.31273
   157  H   1.0   0.082   1.006     0.04800     9.18445    -3.75810
   158  H   1.0   0.082   1.003     2.06131     9.99495    -1.19998
   159  H   1.0   0.081   0.999     4.34864    10.17901    -5.30900
   160  H   1.0   0.082   1.000     3.54928     6.99747    -5.91541
   161  H   1.0   0.082   0.999     5.63535     7.74788    -3.41946
   162  H   1.0   0.082   1.006     4.05006     6.51086     3.96370
   163  H   1.0   0.083   1.004     4.87134     8.18535     1.18108
   164  H   1.0   0.081   0.999     8.43252     5.52008     2.78942
   165  H   1.0   0.081   0.999     7.46007     4.50152    -0.23867
   166  H   1.0   0.082   1.000     6.51294     2.80171     2.46742
   167  H   1.0   0.082   1.003   -10.02008     0.10223   -13.74360
   168  H   1.0   0.082   1.003    -9.33959    -1.36759   -10.80148
   169  H   1.0   0.082   0.999   -13.84980    -0.05197   -10.97817
   170  H   1.0   0.081   0.999   -12.23409     1.69697    -8.63567
   171  H   1.0   0.082   0.999   -12.93687     3.10142   -11.58308
   172  H   1.0   0.081   1.006    -7.11879    -0.63060    -6.44302
   173  H   1.0   0.081   1.007    -9.30312     4.17157   -16.42531
   174  H   1.0   0.075   1.018    -5.25268    10.18147   -18.05463
   175  H   1.0   0.075   1.004   -11.27467     2.84706   -25.14564
   176  H   1.0   0.077   1.006    -7.20723    11.01257   -28.04259
   177  H   1.0   0.088   1.004   -10.81585     8.49262   -32.78826
   178  H   1.0   0.087   1.003    -5.96341     7.57459   -33.76392
   179  H   1.0   0.078   1.002    -8.67800     5.86835   -37.55490
   180  H   1.0   0.078   1.002   -10.85137     1.57754   -36.11474
   181  H   1.0   0.087   1.003    -9.47225     0.64024   -31.43824
   182  H   1.0   0.087   1.004    -6.00555     4.08956   -30.07102
   183  H   1.0   0.086   1.003    -5.19070     2.68908   -33.01521
   184  H   1.0   0.088   1.004   -12.94500     4.28684   -31.37040
 
  Z AO/shell   Hii/eV     exponent
  1     Sat Feb 20 21:38:01 CET 2016    EN: 2.327 GAM: 0.473  GM3: 0.0000
     1s    -13.751157    1.051071
  6     Sat Feb 20 21:38:01 CET 2016    EN: 2.731 GAM: 0.422  GM3: 0.0000
     2s    -19.378245    2.021003
     2p    -11.993376    1.497917
  7     Sat Feb 20 21:38:01 CET 2016    EN: 3.573 GAM: 0.504  GM3: 0.0000
     2s    -21.576984    2.275442
     2p    -16.125120    2.056788
  8     Sat Feb 20 21:38:01 CET 2016    EN: 3.700 GAM: 0.587  GM3: 0.0000
     2s    -21.648843    2.110798
     2p    -17.239740    2.329048
  9     Sat Feb 20 21:51:24 CET 2016    EN: 3.394 GAM: 0.669  GM3: 0.0000
     2s    -19.384211    2.614957
     2p    -19.426034    2.777297
 16     Sat Feb 20 23:13:41 CET 2016    EN: 1.915 GAM: 0.389  GM3: 0.0000
     3s    -22.000000    2.671470
     3p    -15.834192    1.836978
     3d     -2.593599    1.836978
 
 dipole moment of classical point charges (au)
     X       Y       Z   
   1.2374   0.3366  -0.3872  total (Debye):    3.405

 
 Nbf   :          583
 T(el) :   300.0
 calculating S/T integrals ...
 cpu time for ints   0.871328000000000     
 Nao   :          575
 making H0...
 making H1...
 cpu time for H      0.279071000000000     
 solving ...
 cpu time for diag    2.95994600000000     
 
 gap (eV)           :   1.873
 Koopmans IP (eV)   :  12.049
 Eel (Eh)           :  -444.348221
 T,E(Fermi),NFOD :    300.000   -11.112  0.000000
 T,E(Fermi),NFOD :    300.000   -11.112  0.000000
 Nfod               :  0.0000
 Nfod/Nel           :  0.0000

          eigenvalues
 #    :         273        274        275        276        277        278        279        280
 occ. :        2.000      2.000      2.000      2.000      2.000      2.000      2.000      2.000
 eps  :       -14.559    -14.501    -14.426    -14.384    -14.164    -14.022    -13.892    -13.800
 #    :         281        282        283        284        285        286        287        288
 occ. :        2.000      2.000      2.000      2.000      2.000      0.000      0.000      0.000
 eps  :       -13.537    -13.003    -12.606    -12.388    -12.050    -10.177     -9.698     -9.689
 #    :         289        290        291        292        293        294        295        296
 occ. :        0.000      0.000      0.000      0.000      0.000      0.000      0.000      0.000
 eps  :        -9.444     -9.324     -9.097     -8.405     -8.097     -7.868     -7.696     -7.609
                            1  SCC done.
 making H1...
 cpu time for H       3.07134900000000     
 solving ...
 cpu time for diag   0.208895000000000     
 
 gap (eV)           :   2.094
 Koopmans IP (eV)   :  12.216
 Eel (Eh)           :  -443.914834
 T,E(Fermi),NFOD :    300.000   -11.169  0.000000
 T,E(Fermi),NFOD :    300.000   -11.169  0.000000
 Nfod               :  0.0000
 Nfod/Nel           :  0.0000

          eigenvalues
 #    :         273        274        275        276        277        278        279        280
 occ. :        2.000      2.000      2.000      2.000      2.000      2.000      2.000      2.000
 eps  :       -14.266    -14.244    -14.167    -14.089    -13.951    -13.900    -13.575    -13.526
 #    :         281        282        283        284        285        286        287        288
 occ. :        2.000      2.000      2.000      2.000      2.000      0.000      0.000      0.000
 eps  :       -13.518    -13.060    -12.586    -12.461    -12.217    -10.123     -9.719     -9.555
 #    :         289        290        291        292        293        294        295        296
 occ. :        0.000      0.000      0.000      0.000      0.000      0.000      0.000      0.000
 eps  :        -9.290     -9.219     -9.159     -8.532     -7.950     -7.862     -7.725     -7.616
                            2  SCC done.
 
 
 Mulliken/CM5 charges    n(s)   n(p)   n(d)   
    1 C   0.0007 -0.0454   1.156  2.844  0.000
    2 C  -0.0408 -0.0421   1.173  2.868  0.000
    3 C   0.1285  0.1641   1.177  2.694  0.000
    4 O  -0.2527 -0.3017   1.629  4.624  0.000
    5 C  -0.0222 -0.0243   1.189  2.833  0.000
    6 C  -0.0205 -0.0700   1.151  2.870  0.000
    7 C  -0.0176 -0.0263   1.210  2.807  0.000
    8 C  -0.0162 -0.0251   1.208  2.808  0.000
    9 C  -0.0266 -0.0762   1.152  2.875  0.000
   10 C  -0.0070 -0.0103   1.174  2.833  0.000
   11 C   0.0157  0.0152   1.197  2.788  0.000
   12 C  -0.0062 -0.0001   1.114  2.892  0.000
   13 C   0.0940  0.2121   1.172  2.734  0.000
   14 N  -0.2193 -0.3505   1.643  3.577  0.000
   15 C   0.0936  0.2116   1.173  2.733  0.000
   16 N  -0.2266 -0.3568   1.643  3.584  0.000
   17 C  -0.0284 -0.0836   1.219  2.809  0.000
   18 C  -0.0209 -0.0813   1.192  2.828  0.000
   19 C  -0.0470 -0.1056   1.166  2.881  0.000
   20 C  -0.0487 -0.1072   1.166  2.882  0.000
   21 C  -0.0215 -0.0819   1.193  2.829  0.000
   22 C  -0.0637 -0.1657   1.159  2.905  0.000
   23 C  -0.0314 -0.0866   1.220  2.811  0.000
   24 C  -0.0238 -0.0110   1.161  2.862  0.000
   25 C   0.0584  0.1299   1.178  2.763  0.000
   26 N  -0.0839 -0.3306   1.226  3.858  0.000
   27 C   0.0442  0.1009   1.171  2.785  0.000
   28 C  -0.0451 -0.0932   1.140  2.905  0.000
   29 C  -0.0524 -0.1050   1.134  2.918  0.000
   30 C  -0.0094 -0.0047   1.168  2.842  0.000
   31 S  -0.0214 -0.0656   1.889  4.105  0.027
   32 C  -0.0725 -0.2071   1.073  3.000  0.000
   33 C  -0.0442 -0.0957   1.133  2.911  0.000
   34 C  -0.0358 -0.0836   1.141  2.895  0.000
   35 C   0.0448  0.0997   1.173  2.783  0.000
   36 C  -0.0397 -0.0878   1.140  2.900  0.000
   37 C  -0.0523 -0.1051   1.132  2.920  0.000
   38 C  -0.0055 -0.0009   1.166  2.839  0.000
   39 S  -0.0260 -0.0698   1.890  4.110  0.027
   40 C  -0.0734 -0.2082   1.072  3.001  0.000
   41 C  -0.0399 -0.0911   1.132  2.907  0.000
   42 C  -0.0320 -0.0793   1.142  2.890  0.000
   43 C  -0.0464 -0.0263   1.163  2.883  0.000
   44 S   0.1121  0.0788   1.892  3.942  0.054
   45 C  -0.0435 -0.0243   1.175  2.869  0.000
   46 C   0.0397  0.1081   1.165  2.795  0.000
   47 N  -0.1108 -0.3537   1.227  3.884  0.000
   48 C   0.0426  0.0986   1.173  2.785  0.000
   49 C  -0.0441 -0.0926   1.141  2.903  0.000
   50 C  -0.0420 -0.0938   1.134  2.908  0.000
   51 C  -0.0112 -0.0069   1.165  2.846  0.000
   52 S  -0.0336 -0.0773   1.891  4.116  0.027
   53 C  -0.0738 -0.2087   1.073  3.001  0.000
   54 C  -0.0517 -0.1045   1.133  2.918  0.000
   55 C  -0.0432 -0.0917   1.138  2.905  0.000
   56 C   0.0438  0.1016   1.172  2.784  0.000
   57 C  -0.0490 -0.0965   1.139  2.910  0.000
   58 C  -0.0475 -0.0988   1.134  2.913  0.000
   59 C  -0.0134 -0.0087   1.166  2.848  0.000
   60 S  -0.0345 -0.0785   1.891  4.116  0.027
   61 C  -0.0772 -0.2118   1.076  3.002  0.000
   62 C  -0.0507 -0.1030   1.133  2.917  0.000
   63 C  -0.0440 -0.0911   1.139  2.905  0.000
   64 C  -0.0442 -0.0245   1.170  2.874  0.000
   65 S   0.0969  0.0627   1.892  3.963  0.048
   66 C   0.0184  0.0272   1.155  2.827  0.000
   67 C   0.0968  0.1172   1.165  2.738  0.000
   68 F  -0.1178 -0.1406   1.677  5.441  0.000
   69 C   0.0887  0.1085   1.166  2.746  0.000
   70 F  -0.1160 -0.1414   1.677  5.439  0.000
   71 C   0.0252  0.0332   1.153  2.822  0.000
   72 C   0.0469  0.1283   1.185  2.768  0.000
   73 N  -0.1788 -0.3820   1.466  3.713  0.000
   74 C   0.0646  0.1402   1.221  2.714  0.000
   75 C  -0.0322 -0.1330   1.122  2.910  0.000
   76 C  -0.0840 -0.2351   1.093  2.991  0.000
   77 C   0.0628  0.1382   1.218  2.719  0.000
   78 N  -0.1825 -0.3800   1.476  3.707  0.000
   79 C   0.0491  0.1301   1.182  2.769  0.000
   80 C  -0.0356 -0.1367   1.122  2.913  0.000
   81 C  -0.0835 -0.2338   1.093  2.991  0.000
   82 C  -0.0223 -0.0101   1.174  2.848  0.000
   83 S   0.1044  0.0776   1.896  3.939  0.061
   84 C  -0.0552 -0.0337   1.170  2.886  0.000
   85 C  -0.0412 -0.0193   1.168  2.873  0.000
   86 C  -0.0004  0.0661   1.181  2.819  0.000
   87 N  -0.0700 -0.3310   1.253  3.817  0.000
   88 C   0.0375 -0.0097   1.143  2.820  0.000
   89 C  -0.0817 -0.2282   1.093  2.989  0.000
   90 C  -0.0065  0.0601   1.184  2.822  0.000
   91 C  -0.0514 -0.0962   1.131  2.920  0.000
   92 C  -0.0544 -0.0992   1.151  2.904  0.000
   93 C  -0.0092 -0.0039   1.161  2.848  0.000
   94 S   0.1075  0.0734   1.891  3.955  0.047
   95 C  -0.0027 -0.0497   1.154  2.849  0.000
   96 C  -0.0366 -0.0391   1.176  2.860  0.000
   97 C   0.1334  0.1678   1.175  2.692  0.000
   98 O  -0.2344 -0.2903   1.623  4.612  0.000
   99 C  -0.0221 -0.0238   1.188  2.834  0.000
  100 C  -0.0189 -0.0681   1.151  2.868  0.000
  101 C  -0.0164 -0.0251   1.210  2.806  0.000
  102 C  -0.0157 -0.0245   1.209  2.807  0.000
  103 C  -0.0281 -0.0776   1.153  2.876  0.000
  104 C  -0.0061 -0.0093   1.175  2.832  0.000
  105 C   0.0157  0.0149   1.198  2.786  0.000
  106 C   0.0017  0.0078   1.115  2.883  0.000
  107 C   0.0970  0.2147   1.172  2.731  0.000
  108 N  -0.2152 -0.3448   1.642  3.573  0.000
  109 C   0.0973  0.2161   1.172  2.731  0.000
  110 N  -0.2150 -0.3450   1.642  3.573  0.000
  111 C  -0.0281 -0.0833   1.219  2.809  0.000
  112 C  -0.0207 -0.0811   1.193  2.828  0.000
  113 C  -0.0466 -0.1052   1.166  2.880  0.000
  114 C  -0.0482 -0.1068   1.166  2.882  0.000
  115 C  -0.0215 -0.0818   1.193  2.829  0.000
  116 C  -0.0637 -0.1657   1.159  2.905  0.000
  117 C  -0.0307 -0.0859   1.220  2.811  0.000
  118 H   0.0634  0.1279   0.937  0.000  0.000
  119 H   0.0491  0.1076   0.951  0.000  0.000
  120 H   0.0521  0.1156   0.948  0.000  0.000
  121 H   0.0474  0.1062   0.953  0.000  0.000
  122 H   0.0458  0.1035   0.954  0.000  0.000
  123 H   0.0469  0.1031   0.953  0.000  0.000
  124 H   0.0464  0.1026   0.954  0.000  0.000
  125 H   0.0449  0.1026   0.955  0.000  0.000
  126 H   0.0363  0.0957   0.964  0.000  0.000
  127 H   0.0371  0.0939   0.963  0.000  0.000
  128 H   0.0463  0.1050   0.954  0.000  0.000
  129 H   0.0415  0.1040   0.959  0.000  0.000
  130 H   0.0494  0.1101   0.951  0.000  0.000
  131 H   0.0464  0.1002   0.954  0.000  0.000
  132 H   0.0507  0.1073   0.949  0.000  0.000
  133 H   0.0574  0.1114   0.943  0.000  0.000
  134 H   0.0459  0.1050   0.954  0.000  0.000
  135 H   0.0457  0.1099   0.954  0.000  0.000
  136 H   0.0401  0.1013   0.960  0.000  0.000
  137 H   0.0449  0.1041   0.955  0.000  0.000
  138 H   0.0473  0.1010   0.953  0.000  0.000
  139 H   0.0478  0.1016   0.952  0.000  0.000
  140 H   0.0558  0.1095   0.944  0.000  0.000
  141 H   0.0451  0.1037   0.955  0.000  0.000
  142 H   0.0476  0.1138   0.952  0.000  0.000
  143 H   0.0434  0.1077   0.957  0.000  0.000
  144 H   0.0445  0.1031   0.956  0.000  0.000
  145 H   0.0462  0.0997   0.954  0.000  0.000
  146 H   0.0555  0.1093   0.944  0.000  0.000
  147 H   0.0485  0.1025   0.952  0.000  0.000
  148 H   0.0451  0.1042   0.955  0.000  0.000
  149 H   0.0403  0.1015   0.960  0.000  0.000
  150 H   0.0407  0.1034   0.959  0.000  0.000
  151 H   0.0446  0.1036   0.955  0.000  0.000
  152 H   0.0455  0.0991   0.954  0.000  0.000
  153 H   0.0513  0.1096   0.949  0.000  0.000
  154 H   0.0545  0.1087   0.945  0.000  0.000
  155 H   0.0458  0.1058   0.954  0.000  0.000
  156 H   0.0409  0.1051   0.959  0.000  0.000
  157 H   0.0428  0.1042   0.957  0.000  0.000
  158 H   0.0437  0.1005   0.956  0.000  0.000
  159 H   0.0370  0.0889   0.963  0.000  0.000
  160 H   0.0344  0.0883   0.966  0.000  0.000
  161 H   0.0315  0.0849   0.969  0.000  0.000
  162 H   0.0477  0.1088   0.952  0.000  0.000
  163 H   0.0414  0.0994   0.959  0.000  0.000
  164 H   0.0364  0.0883   0.964  0.000  0.000
  165 H   0.0300  0.0829   0.970  0.000  0.000
  166 H   0.0350  0.0911   0.965  0.000  0.000
  167 H   0.0525  0.1188   0.947  0.000  0.000
  168 H   0.0494  0.1154   0.951  0.000  0.000
  169 H   0.0424  0.0946   0.958  0.000  0.000
  170 H   0.0311  0.0859   0.969  0.000  0.000
  171 H   0.0322  0.0869   0.968  0.000  0.000
  172 H   0.0593  0.1217   0.941  0.000  0.000
  173 H   0.0728  0.1450   0.927  0.000  0.000
  174 H   0.0637  0.1326   0.936  0.000  0.000
  175 H   0.0497  0.1084   0.950  0.000  0.000
  176 H   0.0531  0.1173   0.947  0.000  0.000
  177 H   0.0477  0.1065   0.952  0.000  0.000
  178 H   0.0460  0.1038   0.954  0.000  0.000
  179 H   0.0472  0.1034   0.953  0.000  0.000
  180 H   0.0468  0.1030   0.953  0.000  0.000
  181 H   0.0450  0.1027   0.955  0.000  0.000
  182 H   0.0359  0.0953   0.964  0.000  0.000
  183 H   0.0374  0.0942   0.963  0.000  0.000
  184 H   0.0471  0.1058   0.953  0.000  0.000
 Hirshfeld charges for QMDFF written to <charges>
 
 Loewdin charges    n(s)   n(p)   n(d)
    1 C   0.0098   1.102  2.889  0.000
    2 C  -0.0495   1.136  2.914  0.000
    3 C   0.1204   1.143  2.737  0.000
    4 O  -0.2378   1.599  4.639  0.000
    5 C  -0.0239   1.149  2.875  0.000
    6 C  -0.0166   1.098  2.919  0.000
    7 C  -0.0130   1.170  2.843  0.000
    8 C  -0.0112   1.168  2.844  0.000
    9 C  -0.0246   1.100  2.925  0.000
   10 C  -0.0035   1.132  2.871  0.000
   11 C   0.0267   1.152  2.821  0.000
   12 C  -0.0185   1.073  2.946  0.000
   13 C   0.0885   1.138  2.774  0.000
   14 N  -0.2085   1.605  3.604  0.000
   15 C   0.0882   1.139  2.773  0.000
   16 N  -0.2159   1.605  3.611  0.000
   17 C  -0.0219   1.174  2.848  0.000
   18 C  -0.0112   1.144  2.867  0.000
   19 C  -0.0389   1.115  2.924  0.000
   20 C  -0.0405   1.115  2.925  0.000
   21 C  -0.0118   1.144  2.867  0.000
   22 C  -0.0604   1.102  2.959  0.000
   23 C  -0.0249   1.175  2.850  0.000
   24 C  -0.0072   1.119  2.888  0.000
   25 C   0.0487   1.146  2.805  0.000
   26 N  -0.0428   1.183  3.859  0.000
   27 C   0.0400   1.134  2.826  0.000
   28 C  -0.0412   1.087  2.954  0.000
   29 C  -0.0494   1.082  2.968  0.000
   30 C   0.0202   1.119  2.861  0.000
   31 S  -0.0604   1.877  4.102  0.082
   32 C  -0.0499   0.994  3.056  0.000
   33 C  -0.0396   1.080  2.959  0.000
   34 C  -0.0322   1.088  2.944  0.000
   35 C   0.0413   1.136  2.823  0.000
   36 C  -0.0358   1.087  2.949  0.000
   37 C  -0.0496   1.080  2.970  0.000
   38 C   0.0238   1.117  2.859  0.000
   39 S  -0.0648   1.877  4.106  0.081
   40 C  -0.0507   0.994  3.057  0.000
   41 C  -0.0354   1.080  2.956  0.000
   42 C  -0.0281   1.089  2.939  0.000
   43 C  -0.0279   1.121  2.907  0.000
   44 S   0.0727   1.878  3.940  0.109
   45 C  -0.0254   1.132  2.893  0.000
   46 C   0.0269   1.134  2.839  0.000
   47 N  -0.0718   1.185  3.886  0.000
   48 C   0.0390   1.136  2.825  0.000
   49 C  -0.0407   1.088  2.952  0.000
   50 C  -0.0373   1.081  2.956  0.000
   51 C   0.0174   1.117  2.866  0.000
   52 S  -0.0723   1.878  4.113  0.081
   53 C  -0.0512   0.994  3.057  0.000
   54 C  -0.0484   1.081  2.968  0.000
   55 C  -0.0397   1.085  2.955  0.000
   56 C   0.0399   1.135  2.825  0.000
   57 C  -0.0454   1.087  2.959  0.000
   58 C  -0.0426   1.081  2.961  0.000
   59 C   0.0153   1.117  2.868  0.000
   60 S  -0.0729   1.878  4.113  0.082
   61 C  -0.0553   0.998  3.058  0.000
   62 C  -0.0477   1.081  2.967  0.000
   63 C  -0.0416   1.087  2.955  0.000
   64 C  -0.0207   1.126  2.894  0.000
   65 S   0.0582   1.879  3.962  0.101
   66 C   0.0140   1.115  2.871  0.000
   67 C   0.0831   1.133  2.784  0.000
   68 F  -0.1004   1.660  5.440  0.000
   69 C   0.0753   1.133  2.792  0.000
   70 F  -0.0983   1.660  5.438  0.000
   71 C   0.0206   1.113  2.867  0.000
   72 C   0.0369   1.151  2.812  0.000
   73 N  -0.1527   1.430  3.722  0.000
   74 C   0.0578   1.188  2.754  0.000
   75 C  -0.0271   1.061  2.967  0.000
   76 C  -0.0848   1.020  3.065  0.000
   77 C   0.0567   1.184  2.759  0.000
   78 N  -0.1605   1.441  3.719  0.000
   79 C   0.0395   1.148  2.812  0.000
   80 C  -0.0320   1.061  2.971  0.000
   81 C  -0.0843   1.020  3.065  0.000
   82 C   0.0006   1.130  2.870  0.000
   83 S   0.0644   1.883  3.937  0.115
   84 C  -0.0395   1.128  2.912  0.000
   85 C  -0.0193   1.124  2.895  0.000
   86 C  -0.0086   1.149  2.860  0.000
   87 N  -0.0276   1.211  3.817  0.000
   88 C   0.0393   1.085  2.876  0.000
   89 C  -0.0837   1.020  3.064  0.000
   90 C  -0.0126   1.151  2.862  0.000
   91 C  -0.0531   1.082  2.971  0.000
   92 C  -0.0535   1.100  2.954  0.000
   93 C   0.0135   1.115  2.871  0.000
   94 S   0.0691   1.878  3.953  0.100
   95 C   0.0054   1.100  2.894  0.000
   96 C  -0.0448   1.139  2.906  0.000
   97 C   0.1246   1.140  2.735  0.000
   98 O  -0.2176   1.591  4.627  0.000
   99 C  -0.0239   1.148  2.876  0.000
  100 C  -0.0149   1.098  2.917  0.000
  101 C  -0.0118   1.170  2.842  0.000
  102 C  -0.0104   1.168  2.842  0.000
  103 C  -0.0261   1.100  2.926  0.000
  104 C  -0.0024   1.132  2.870  0.000
  105 C   0.0268   1.154  2.819  0.000
  106 C  -0.0101   1.074  2.936  0.000
  107 C   0.0915   1.138  2.771  0.000
  108 N  -0.2045   1.604  3.601  0.000
  109 C   0.0914   1.138  2.771  0.000
  110 N  -0.2041   1.604  3.600  0.000
  111 C  -0.0217   1.173  2.848  0.000
  112 C  -0.0109   1.144  2.867  0.000
  113 C  -0.0385   1.115  2.923  0.000
  114 C  -0.0401   1.115  2.925  0.000
  115 C  -0.0117   1.145  2.867  0.000
  116 C  -0.0604   1.102  2.959  0.000
  117 C  -0.0242   1.174  2.850  0.000
  118 H   0.0525   0.948  0.000  0.000
  119 H   0.0393   0.961  0.000  0.000
  120 H   0.0421   0.958  0.000  0.000
  121 H   0.0392   0.961  0.000  0.000
  122 H   0.0378   0.962  0.000  0.000
  123 H   0.0385   0.962  0.000  0.000
  124 H   0.0381   0.962  0.000  0.000
  125 H   0.0371   0.963  0.000  0.000
  126 H   0.0324   0.968  0.000  0.000
  127 H   0.0334   0.967  0.000  0.000
  128 H   0.0382   0.962  0.000  0.000
  129 H   0.0331   0.967  0.000  0.000
  130 H   0.0415   0.958  0.000  0.000
  131 H   0.0449   0.955  0.000  0.000
  132 H   0.0485   0.951  0.000  0.000
  133 H   0.0553   0.945  0.000  0.000
  134 H   0.0375   0.962  0.000  0.000
  135 H   0.0369   0.963  0.000  0.000
  136 H   0.0319   0.968  0.000  0.000
  137 H   0.0378   0.962  0.000  0.000
  138 H   0.0457   0.954  0.000  0.000
  139 H   0.0460   0.954  0.000  0.000
  140 H   0.0539   0.946  0.000  0.000
  141 H   0.0368   0.963  0.000  0.000
  142 H   0.0383   0.962  0.000  0.000
  143 H   0.0355   0.964  0.000  0.000
  144 H   0.0363   0.964  0.000  0.000
  145 H   0.0446   0.955  0.000  0.000
  146 H   0.0537   0.946  0.000  0.000
  147 H   0.0466   0.953  0.000  0.000
  148 H   0.0379   0.962  0.000  0.000
  149 H   0.0322   0.968  0.000  0.000
  150 H   0.0325   0.967  0.000  0.000
  151 H   0.0364   0.964  0.000  0.000
  152 H   0.0440   0.956  0.000  0.000
  153 H   0.0498   0.950  0.000  0.000
  154 H   0.0528   0.947  0.000  0.000
  155 H   0.0386   0.961  0.000  0.000
  156 H   0.0331   0.967  0.000  0.000
  157 H   0.0381   0.962  0.000  0.000
  158 H   0.0405   0.960  0.000  0.000
  159 H   0.0364   0.964  0.000  0.000
  160 H   0.0333   0.967  0.000  0.000
  161 H   0.0316   0.968  0.000  0.000
  162 H   0.0434   0.957  0.000  0.000
  163 H   0.0385   0.961  0.000  0.000
  164 H   0.0359   0.964  0.000  0.000
  165 H   0.0299   0.970  0.000  0.000
  166 H   0.0340   0.966  0.000  0.000
  167 H   0.0461   0.954  0.000  0.000
  168 H   0.0434   0.957  0.000  0.000
  169 H   0.0419   0.958  0.000  0.000
  170 H   0.0306   0.969  0.000  0.000
  171 H   0.0314   0.969  0.000  0.000
  172 H   0.0500   0.950  0.000  0.000
  173 H   0.0611   0.939  0.000  0.000
  174 H   0.0533   0.947  0.000  0.000
  175 H   0.0397   0.960  0.000  0.000
  176 H   0.0430   0.957  0.000  0.000
  177 H   0.0395   0.960  0.000  0.000
  178 H   0.0381   0.962  0.000  0.000
  179 H   0.0388   0.961  0.000  0.000
  180 H   0.0384   0.962  0.000  0.000
  181 H   0.0372   0.963  0.000  0.000
  182 H   0.0321   0.968  0.000  0.000
  183 H   0.0336   0.966  0.000  0.000
  184 H   0.0390   0.961  0.000  0.000
 
 Wiberg/Mayer (AO) data. WBOs > 0.1 written file <wbo>
 largest (>0.05) Wiberg bond orders for each atom
           total WBO             WBO to atom ...
     1  C   3.927    C    2 1.447    C   24 1.295    H  118 0.923
     2  C   3.917    C    1 1.447    C   11 1.132    C    3 1.016    O    4 0.069
     3  C   3.914    O    4 1.754    C    2 1.016    C    5 0.977
     4  O   2.127    C    3 1.754    C    2 0.069    C    5 0.059
     5  C   3.935    C    6 1.364    C   10 1.289    C    3 0.977    C    8 0.093    O    4 0.059
     6  C   3.959    C    7 1.416    C    5 1.364    H  119 0.942    C    9 0.082
     7  C   3.918    C    6 1.416    C    8 1.317    C   23 0.947    C   10 0.092
     8  C   3.928    C    9 1.424    C    7 1.317    C   17 0.949    C    5 0.093
     9  C   3.954    C    8 1.424    C   10 1.351    H  120 0.935    C    6 0.082
    10  C   3.948    C    9 1.351    C    5 1.289    C   11 1.042    C    7 0.092
    11  C   3.932    C   12 1.434    C    2 1.132    C   10 1.042    N   14 0.087    N   16 0.086
    12  C   3.933    C   11 1.434    C   13 1.070    C   15 1.069    N   16 0.082    N   14 0.081
    13  C   3.938    N   14 2.776    C   12 1.070
    14  N   3.036    C   13 2.776    C   11 0.087    C   12 0.081
    15  C   3.939    N   16 2.775    C   12 1.069
    16  N   3.038    C   15 2.775    C   11 0.086    C   12 0.082
    17  C   3.930    C   23 0.950    C    8 0.949    H  121 0.941    C   18 0.929
    18  C   3.950    C   19 0.985    C   22 0.974    H  122 0.946    C   17 0.929
    19  C   3.959    C   20 1.935    C   18 0.985    H  123 0.937
    20  C   3.959    C   19 1.935    C   21 0.985    H  124 0.937
    21  C   3.949    C   20 0.985    C   22 0.974    H  125 0.946    C   23 0.928
    22  C   3.967    C   21 0.974    C   18 0.974    H  127 0.962    H  126 0.960
    23  C   3.927    C   17 0.950    C    7 0.947    H  128 0.941    C   21 0.928
    24  C   3.916    C   25 1.324    C    1 1.295    S   65 1.043
    25  C   3.899    C   24 1.324    C   43 1.223    N   26 1.083    S   65 0.062
    26  N   3.405    C   25 1.083    C   27 0.986    C   35 0.964
    27  C   3.929    C   28 1.369    C   34 1.353    N   26 0.986    C   30 0.094
    28  C   3.970    C   29 1.451    C   27 1.369    H  129 0.944    C   33 0.101
    29  C   3.971    C   28 1.451    C   30 1.367    H  130 0.942    C   34 0.097
    30  C   3.953    C   29 1.367    C   33 1.361    S   31 1.045    C   27 0.094
    31  S   2.223    C   30 1.045    C   32 0.999
    32  C   3.982    S   31 0.999    H  131 0.989    H  132 0.987    H  133 0.980
    33  C   3.972    C   34 1.462    C   30 1.361    H  134 0.944    C   28 0.101
    34  C   3.967    C   33 1.462    C   27 1.353    H  135 0.943    C   29 0.097
    35  C   3.928    C   36 1.383    C   42 1.359    N   26 0.964    C   38 0.096
    36  C   3.967    C   37 1.441    C   35 1.383    H  136 0.945    C   41 0.103
    37  C   3.971    C   36 1.441    C   38 1.377    H  137 0.943    C   42 0.100
    38  C   3.951    C   37 1.377    C   41 1.360    S   39 1.041    C   35 0.096
    39  S   2.215    C   38 1.041    C   40 0.999
    40  C   3.983    S   39 0.999    H  138 0.989    H  139 0.989    H  140 0.980
    41  C   3.971    C   42 1.463    C   38 1.360    H  141 0.944    C   36 0.103
    42  C   3.968    C   41 1.463    C   35 1.359    H  142 0.941    C   37 0.100
    43  C   3.925    C   64 1.369    C   25 1.223    S   44 1.089    C   45 0.065    S   65 0.052
    44  S   2.501    C   45 1.091    C   43 1.089    C   46 0.068    C   64 0.058
    45  C   3.890    C   46 1.458    S   44 1.091    C   66 1.060    C   43 0.065
    46  C   3.917    C   45 1.458    C   64 1.205    N   47 1.015    S   44 0.068
    47  N   3.341    C   46 1.015    C   56 0.991    C   48 0.986
    48  C   3.931    C   55 1.376    C   49 1.356    N   47 0.986    C   51 0.095
    49  C   3.968    C   50 1.458    C   48 1.356    H  143 0.942    C   54 0.100
    50  C   3.972    C   49 1.458    C   51 1.365    H  144 0.944    C   55 0.103
    51  C   3.952    C   54 1.376    C   50 1.365    S   52 1.035    C   48 0.095
    52  S   2.204    C   51 1.035    C   53 0.997
    53  C   3.982    S   52 0.997    H  145 0.990    H  147 0.988    H  146 0.980
    54  C   3.971    C   55 1.444    C   51 1.376    H  148 0.943    C   49 0.100
    55  C   3.969    C   54 1.444    C   48 1.376    H  149 0.945    C   50 0.103
    56  C   3.931    C   63 1.373    C   57 1.354    N   47 0.991    C   59 0.096
    57  C   3.969    C   58 1.467    C   56 1.354    H  150 0.944    C   62 0.099
    58  C   3.971    C   57 1.467    C   59 1.359    H  151 0.944    C   63 0.101
    59  C   3.954    C   62 1.377    C   58 1.359    S   60 1.036    C   56 0.096
    60  S   2.207    C   59 1.036    C   61 0.997
    61  C   3.981    S   60 0.997    H  152 0.990    H  153 0.981    H  154 0.980
    62  C   3.971    C   63 1.444    C   59 1.377    H  155 0.942    C   57 0.099
    63  C   3.969    C   62 1.444    C   56 1.373    H  156 0.943    C   58 0.101
    64  C   3.921    C   43 1.369    C   46 1.205    S   65 1.099    S   44 0.058
    65  S   2.462    C   64 1.099    C   24 1.043    C   25 0.062    C   43 0.052
    66  C   3.896    C   67 1.389    C   79 1.190    C   45 1.060    C   71 0.082
    67  C   3.899    C   66 1.389    C   69 1.302    F   68 0.977
    68  F   1.103    C   67 0.977
    69  C   3.888    C   71 1.363    C   67 1.302    F   70 0.976
    70  F   1.109    C   69 0.976
    71  C   3.933    C   69 1.363    C   72 1.183    C   82 1.117    C   66 0.082
    72  C   3.931    N   73 1.262    C   79 1.215    C   71 1.183    C   77 0.063
    73  N   3.153    C   74 1.485    C   72 1.262    N   78 0.116
    74  C   3.904    N   73 1.485    C   77 1.212    C   75 0.985    C   79 0.062
    75  C   3.973    C   76 0.986    C   74 0.985    H  157 0.964    H  158 0.962
    76  C   3.980    C   75 0.986    H  160 0.985    H  161 0.983    H  159 0.979
    77  C   3.912    N   78 1.496    C   74 1.212    C   80 0.983    C   72 0.063
    78  N   3.106    C   77 1.496    C   79 1.260    N   73 0.116
    79  C   3.936    N   78 1.260    C   72 1.215    C   66 1.190    C   74 0.062
    80  C   3.971    C   81 0.989    C   77 0.983    H  163 0.966    H  162 0.952
    81  C   3.983    C   80 0.989    H  165 0.984    H  166 0.984    H  164 0.980
    82  C   3.884    C   91 1.485    C   71 1.117    S   83 1.081    C   84 0.064
    83  S   2.517    C   82 1.081    C   84 1.079    C   91 0.070
    84  C   3.917    C   85 1.285    C   90 1.281    S   83 1.079    C   82 0.064
    85  C   3.920    C   84 1.285    C   86 1.240    S   94 1.132    C   93 0.056    N   87 0.052
    86  C   3.898    C   92 1.348    C   85 1.240    N   87 1.083
    87  N   3.457    C   90 1.097    C   86 1.083    C   88 0.954    C   85 0.052
    88  C   3.936    C   89 1.003    H  168 0.970    H  167 0.970    N   87 0.954
    89  C   3.982    C   88 1.003    H  171 0.984    H  170 0.984    H  169 0.975
    90  C   3.884    C   91 1.289    C   84 1.281    N   87 1.097
    91  C   3.926    C   82 1.485    C   90 1.289    H  172 0.935    S   83 0.070
    92  C   3.932    C   93 1.403    C   86 1.348    H  173 0.914    S   94 0.074    C   96 0.052
    93  C   3.903    C   92 1.403    C   95 1.256    S   94 1.050    C   85 0.056
    94  S   2.493    C   85 1.132    C   93 1.050    C   92 0.074
    95  C   3.926    C   96 1.497    C   93 1.256    H  174 0.922
    96  C   3.903    C   95 1.497    C  105 1.096    C   97 1.009    O   98 0.068    C   92 0.052
    97  C   3.902    O   98 1.763    C   96 1.009    C   99 0.987
    98  O   2.155    C   97 1.763    C   96 0.068    C   99 0.058
    99  C   3.935    C  100 1.355    C  104 1.289    C   97 0.987    C  102 0.091    O   98 0.058
   100  C   3.958    C  101 1.424    C   99 1.355    H  175 0.942    C  103 0.083
   101  C   3.918    C  100 1.424    C  102 1.310    C  117 0.947    C  104 0.091
   102  C   3.928    C  103 1.430    C  101 1.310    C  111 0.949    C   99 0.091
   103  C   3.954    C  102 1.430    C  104 1.345    H  176 0.935    C  100 0.083
   104  C   3.944    C  103 1.345    C   99 1.289    C  105 1.048    C  101 0.091
   105  C   3.928    C  106 1.465    C   96 1.096    C  104 1.048    N  110 0.090    N  108 0.090
   106  C   3.931    C  105 1.465    C  109 1.062    C  107 1.061    N  108 0.081    N  110 0.080
   107  C   3.939    N  108 2.779    C  106 1.061
   108  N   3.039    C  107 2.779    C  105 0.090    C  106 0.081
   109  C   3.938    N  110 2.784    C  106 1.062
   110  N   3.044    C  109 2.784    C  105 0.090    C  106 0.080
   111  C   3.930    C  117 0.950    C  102 0.949    H  177 0.941    C  112 0.929
   112  C   3.949    C  113 0.985    C  116 0.974    H  178 0.946    C  111 0.929
   113  C   3.959    C  114 1.935    C  112 0.985    H  179 0.937
   114  C   3.959    C  113 1.935    C  115 0.985    H  180 0.937
   115  C   3.949    C  114 0.985    C  116 0.974    H  181 0.946    C  117 0.928
   116  C   3.967    C  115 0.974    C  112 0.974    H  183 0.962    H  182 0.960
   117  C   3.927    C  111 0.950    C  101 0.947    H  184 0.941    C  115 0.928
   118  H   0.990    C    1 0.923
   119  H   0.996    C    6 0.942
   120  H   0.995    C    9 0.935
   121  H   0.996    C   17 0.941
   122  H   0.997    C   18 0.946
   123  H   0.997    C   19 0.937
   124  H   0.997    C   20 0.937
   125  H   0.997    C   21 0.946
   126  H   0.999    C   22 0.960
   127  H   0.999    C   22 0.962
   128  H   0.996    C   23 0.941
   129  H   0.998    C   28 0.944
   130  H   0.997    C   29 0.942
   131  H   0.997    C   32 0.989
   132  H   0.997    C   32 0.987
   133  H   0.996    C   32 0.980
   134  H   0.997    C   33 0.944
   135  H   0.997    C   34 0.943
   136  H   0.998    C   36 0.945
   137  H   0.997    C   37 0.943
   138  H   0.997    C   40 0.989
   139  H   0.998    C   40 0.989
   140  H   0.996    C   40 0.980
   141  H   0.997    C   41 0.944
   142  H   0.997    C   42 0.941
   143  H   0.997    C   49 0.942
   144  H   0.997    C   50 0.944
   145  H   0.998    C   53 0.990
   146  H   0.996    C   53 0.980
   147  H   0.998    C   53 0.988
   148  H   0.997    C   54 0.943
   149  H   0.998    C   55 0.945
   150  H   0.997    C   57 0.944
   151  H   0.997    C   58 0.944
   152  H   0.998    C   61 0.990
   153  H   0.997    C   61 0.981
   154  H   0.996    C   61 0.980
   155  H   0.997    C   62 0.942
   156  H   0.998    C   63 0.943
   157  H   0.998    C   75 0.964
   158  H   0.997    C   75 0.962
   159  H   0.996    C   76 0.979
   160  H   0.999    C   76 0.985
   161  H   0.999    C   76 0.983
   162  H   0.997    C   80 0.952
   163  H   0.997    C   80 0.966
   164  H   0.997    C   81 0.980
   165  H   0.999    C   81 0.984
   166  H   0.999    C   81 0.984
   167  H   0.996    C   88 0.970
   168  H   0.996    C   88 0.970
   169  H   0.997    C   89 0.975
   170  H   0.999    C   89 0.984
   171  H   0.999    C   89 0.984
   172  H   0.995    C   91 0.935
   173  H   0.993    C   92 0.914
   174  H   0.992    C   95 0.922
   175  H   0.996    C  100 0.942
   176  H   0.995    C  103 0.935
   177  H   0.996    C  111 0.941
   178  H   0.997    C  112 0.946
   179  H   0.997    C  113 0.937
   180  H   0.997    C  114 0.937
   181  H   0.997    C  115 0.946
   182  H   0.999    C  116 0.960
   183  H   0.999    C  116 0.962
   184  H   0.995    C  117 0.941
 
 --------------------------------------------
          xTB calculation for sTDA...
 --------------------------------------------
 
 reading parameter file /ihome/ghutchison/blp62/xtb4stda/.param_stda2.xtb
 
      method parameters     
 k(s)        :  1.6000
 k(p)        :  2.1800
 k(d)        :  1.9500
 k(f)        :  2.0000
 k(R-V)      :  2.2750
 k(R-R)      :  1.7650
 Tscal       :  0.2580
 Gscal       :  1.0000
 fpol        :  1.0000
 Zcnf        :  0.3430
 Zqf         :  0.0000
 kcn         :  2.7000
 Ryd Hsplit  :  0.7000
 lshift(virt):  3.1000
 lshift(OS)  :  0.2000
 wllscaling  :  2.6000
 
 mowrcut     : 3.000
 
  Z AO/shell   Hii/eV     exponent
  1     Sun Feb 14 09:53:25 CET 2016    EN: 2.327 GAM: 0.473  GM3: 0.0000
     1s    -14.339618    1.220000
     2sp    -3.348946    0.600000
  6     Sun Feb 14 09:53:25 CET 2016    EN: 2.731 GAM: 0.422  GM3: 0.0000
     2s    -22.009312    1.565095
     2p    -13.020408    1.596905
     3sp    -3.914040    0.824500
  7     Sun Feb 14 09:53:25 CET 2016    EN: 3.573 GAM: 0.504  GM3: 0.0000
     2s    -25.722000    2.064844
     2p    -18.684912    1.801692
     3sp    -4.344791    0.921400
  8     Sun Feb 14 09:53:25 CET 2016    EN: 3.700 GAM: 0.587  GM3: 0.0000
     2s    -33.859000    2.418661
     2p    -22.175911    1.973969
     3sp    -4.259392    1.013700
  9     Sun Feb 21 12:20:01 CET 2016    EN: 3.394 GAM: 0.600  GM3: 0.0000
     2s    -26.548112    1.943768
     2p    -23.081168    2.552035
     3sp    -1.937199    1.103200
 16     Sun Feb 21 16:35:57 CET 2016    EN: 1.915 GAM: 0.200  GM3: 0.0000
     3s    -17.898811    2.619580
     3p    -15.317401    1.798798
     4sp    -4.455139    0.843200
 
 Nbf   :         1271
 T(el) :     0.0
 calculating S/T integrals ...
 cpu time for ints    2.85604600000000     
 Nao   :         1271
 making H0...
 making H1...
 cpu time for H      4.634199999999922E-002
 solving ...
 cpu time for diag    1.05895400000000     
 
 gap (eV)           :   4.314
 Koopmans IP (eV)   :  13.158
 Eel (Eh)           :  -488.913230

          eigenvalues
 #    :         273        274        275        276        277        278        279        280
 occ. :        2.000      2.000      2.000      2.000      2.000      2.000      2.000      2.000
 eps  :       -15.737    -15.607    -15.520    -15.394    -15.073    -14.778    -14.580    -14.566
 #    :         281        282        283        284        285        286        287        288
 occ. :        2.000      2.000      2.000      2.000      2.000      0.000      0.000      0.000
 eps  :       -14.325    -14.252    -13.883    -13.456    -13.159     -8.844     -8.553     -8.403
 #    :         289        290        291        292        293        294        295        296
 occ. :        0.000      0.000      0.000      0.000      0.000      0.000      0.000      0.000
 eps  :        -8.135     -7.913     -6.657     -6.527     -6.348     -6.126     -5.897     -5.868
                            1  SCC done.
 writing mo output ...
 molden style : F
 
speedup  3.05
cpu  time for all    9.85 s
wall time for all    3.23 s
