 
        ______________________________________
       |                                      |
       |          ===================         |
       |             xTB for sTDA             |
       |          ===================         |
       |               S. Grimme              |
       |        Universitaet Bonn, MCTC       |
       |         2015-19, Version 1.0         |
       |     Wed Apr  3 09:14:55 CEST 2019    |
       |______________________________________|
 
        This code comes without any warranty
        for non-commercial, academia use only.
        Preliminary test version.
        Cite this work as:
        S. Grimme  &  C. Bannwarth, JCP 145 (2016) 054103
        if GBSA is used additionally:
        P. Shushkov, F. März, C. Bannwarth, S. Grimme, unpublished.
 
        with help from
        P. Shushkov, G. Brandenburg, S. Dohm, J. Pisarek,
        F. März, M. Checinski, S. Ehrlich, S. Spicher, 
        P. Pracht, E. Caldeweyher, S. Ehlert, and C. Bannwarth.
 
        usage        :
        xtb4stda <coord_file> [options]
        where <coord_file> is a valid file of TM)
        (*coord, Bohr) or xmol (*xyz, Angstroem)
        format.

        options:
        -chrg <int>   : molecular charge
        -uhf  <int>   : # of unpaired electrons(=2*S)
        -nox          : skip second, extended part in sTDA-xTB
        -pop          : do population analysis
                      : (default for -nox)
        -mowr <real>  : cut MO write above (def.3 Eh)
        -molden       : write formatted molden file
        -parx <file>  : read parameters for sTDA-xTB
                        calc (def:~/.param_stda2.xtb)
        -parv <file>  : read parameters for vTB part in
                        sTDA-xTB (def: ~/.param_stda1.xtb)
        -xtemp <real> : el. temp for xTB (def. 0 K)
        -etemp <real> : el. temp for GFN (def. 300 K)
        -fod          : calculate the FOD and write
                        molden.input file with
                        appropriate occupations
                        for plotting. Def. T=12500 K
 
        -acc <real>   : xTB accuracy (def. 1.0)
        -gbsa [string1] [string2]
                        use GBSA implicit solvent
                        for solvent [string1] and
                        solvation state [string2]=
                        reference, bar1M (default=1M)
        additional GFN/opt/MD/siman options read from
        $XTB4STDAHOME/.xtb4stdarc or $set in input
 
       spin and charge state information can be on:
       <.CHRG> (charge) and <.UHF> (=nalpha-nbeta)
       -uhf and -chrg override the file info.
       useful machine settings:
       setenv MKL_NUM_THREADS <NCORE_ON_YOUR_MACHINE>
       setenv OMP_STACKSIZE 500m
       limit stacksize unlimited
 
       total energies in Eh, gaps/HL energies in eV
       please read REVISION and HOWTO files carefully
 =============================
  # OMP threads =           8
 =============================
 
 xtb4stdahome directory:/ihome/ghutchison/blp62/xtb4stda/
 
 
 name of molecule           :
 comment line               :
 number of atoms            :   104
 number of electrons        :   348
 charge                     :  0
 spin                       : 0.0
 first test random number   :  0.3982
 
 -----------------------------------------
      charge density (VTB) calculation
 -----------------------------------------
 
      method parameters     
 k(s)        :  1.8000
 k(p)        :  2.8350
 k(d)        :  2.0860
 k(f)        :  2.0000
 Tscal       :  0.3300
 Gscal       :  0.3910
 fpol        :  1.0000
 Zcnf        :  0.6500
 Zqf         :  0.0000
 kcn         :  0.3000
 kEN1        : -0.5900
 wllscal     :  2.6000
 
     -------------------------
     ! NO SOLVENT MODEL USED !
     -------------------------
 
 doing EN charges ...
 sum q : -0.5551115D-15
 point charge moment (au)
     X       Y       Z   
  -0.2385  -0.1461   0.6276  total (Debye):    1.746
 
            Z      q(EN)   CN      Cart. coordinates
     1  C   4.0  -0.074   3.202    12.03850     0.26173     2.92567
     2  C   4.0  -0.003   3.277    12.81007    -0.07540     0.47470
     3  C   4.0   0.103   3.244    11.16904    -0.34582    -1.73911
     4  O   6.0  -0.121   1.234     8.86773    -0.20466    -1.80620
     5  C   4.0  -0.007   3.368    12.84503    -0.82600    -3.90550
     6  C   4.0  -0.057   3.147    12.12562    -1.26744    -6.39956
     7  C   4.0   0.003   3.500    14.11663    -1.67260    -8.01641
     8  C   4.0   0.003   3.501    16.63885    -1.64368    -7.21119
     9  C   4.0  -0.059   3.152    17.37357    -1.21490    -4.75644
    10  C   4.0  -0.007   3.365    15.37689    -0.79368    -3.07799
    11  C   4.0  -0.008   3.325    15.41109    -0.29158    -0.36075
    12  C   4.0  -0.037   3.119    17.54762    -0.03987     1.08621
    13  C   4.0   0.234   2.166    17.60979     0.46941     3.70160
    14  N   5.0  -0.214   1.028    17.83297     0.88269     5.82225
    15  C   4.0   0.235   2.167    20.03752    -0.22790     0.15212
    16  N   5.0  -0.214   1.027    22.11584    -0.35924    -0.45750
    17  C   4.0  -0.105   4.489    17.63870    -2.18037    -9.82582
    18  C   4.0  -0.102   4.331    18.75477     0.08542   -11.28412
    19  C   4.0  -0.062   3.279    18.72605    -0.77554   -14.00778
    20  C   4.0  -0.062   3.279    16.33819    -0.80710   -14.77237
    21  C   4.0  -0.102   4.331    14.71265     0.03326   -12.57839
    22  C   4.0  -0.169   4.319    16.51356     1.92431   -11.31946
    23  C   4.0  -0.105   4.487    14.82603    -2.21495   -10.72363
    24  C   4.0  -0.079   3.222     9.61700     0.48925     3.96729
    25  C   4.0  -0.008   3.394     9.18974     0.74474     6.57436
    26  C   4.0  -0.174   4.063    11.16960     0.70317     8.58597
    27  C   4.0  -0.243   4.030    11.86975    -2.01823     9.27780
    28  C   4.0  -0.105   3.483     6.62614     0.92634     7.10990
    29  C   4.0  -0.094   3.396     5.06239     0.84546     4.96658
    30  S   6.0   0.226   2.684     6.77882     0.50134     2.21854
    31  C   4.0   0.074   3.684     2.51352     1.02007     5.64650
    32  C   4.0  -0.088   3.403     2.17602     1.23966     8.26037
    33  S   6.0   0.227   2.426     4.96507     1.23191     9.96207
    34  C   4.0   0.008   3.425    -0.42764     1.43128     8.68688
    35  C   4.0   0.075   3.661    -1.78919     1.85363    10.94321
    36  N   5.0  -0.299   2.148    -0.91255     2.11800    13.27117
    37  S   6.0   0.427   2.895    -3.27112     2.68095    15.13538
    38  N   5.0  -0.299   2.148    -5.50213     2.60253    13.04440
    39  C   4.0   0.075   3.662    -4.47676     2.13180    10.81188
    40  C   4.0   0.008   3.425    -5.68940     1.79486     8.45804
    41  C   4.0  -0.089   3.405    -8.26283     1.73004     7.84954
    42  S   6.0   0.226   2.418   -11.15505     2.10289     9.32240
    43  C   4.0  -0.107   3.458   -12.64359     1.39386     6.45682
    44  C   4.0  -0.089   3.343   -15.16335     1.21018     5.76480
    45  C   4.0  -0.079   3.192   -15.46590     0.58600     3.23691
    46  S   6.0   0.216   2.559   -12.50677     0.23754     1.70945
    47  C   4.0  -0.099   3.398   -10.93169     0.91066     4.47128
    48  C   4.0   0.074   3.674    -8.42931     1.10795     5.28084
    49  N   5.0  -0.293   3.269    -6.05733     0.84112     4.28004
    50  C   4.0  -0.098   4.087    -5.75894    -0.37114     1.84947
    51  C   4.0  -0.239   4.026    -4.77024    -3.06703     2.12878
    52  C   4.0   0.099   3.445    -4.32313     1.25837     6.19528
    53  C   4.0   0.099   3.446    -1.63896     1.25421     6.28220
    54  N   5.0  -0.293   3.270     0.21921     1.02896     4.45238
    55  C   4.0  -0.098   4.088     0.12775     1.48589     1.75839
    56  C   4.0  -0.239   4.026    -0.82827     4.14455     1.17409
    57  C   4.0  -0.077   3.228   -17.59599     0.25285     1.69017
    58  C   4.0  -0.001   3.260   -20.13068     0.22166     2.23290
    59  C   4.0   0.100   3.212   -21.37488     0.24718     4.73698
    60  O   6.0  -0.105   1.055   -20.44268     0.55331     6.81057
    61  C   4.0  -0.007   3.350   -24.08002    -0.22658     4.23790
    62  C   4.0  -0.068   3.160   -26.02172    -0.47451     5.96738
    63  C   4.0  -0.072   3.167   -28.43849    -0.93693     5.07221
    64  C   4.0   0.022   3.168   -28.82134    -1.13535     2.48650
    65  F   7.0  -0.026   1.068   -31.17216    -1.59474     1.64935
    66  C   4.0  -0.069   3.183   -26.90157    -0.88798     0.71545
    67  C   4.0  -0.006   3.350   -24.49085    -0.42292     1.62365
    68  C   4.0  -0.008   3.327   -22.07994    -0.05801     0.32088
    69  C   4.0  -0.037   3.120   -21.80271     0.11017    -2.24915
    70  C   4.0   0.234   2.163   -19.53825     0.62550    -3.56119
    71  N   5.0  -0.214   1.027   -17.80292     1.06429    -4.78989
    72  C   4.0   0.236   2.167   -23.80885    -0.14683    -3.98883
    73  N   5.0  -0.215   1.026   -25.33839    -0.34374    -5.51403
    74  H   1.0   0.077   1.015    13.52382     0.34960     4.32615
    75  H   1.0   0.075   1.004    10.15841    -1.28199    -6.93473
    76  H   1.0   0.077   1.006    19.32245    -1.21396    -4.17025
    77  H   1.0   0.088   1.004    18.75799    -3.89435   -10.02386
    78  H   1.0   0.087   1.003    20.54170     0.78291   -10.55223
    79  H   1.0   0.078   1.002    20.38069    -1.35456   -15.03107
    80  H   1.0   0.078   1.002    15.59950    -1.41824   -16.56175
    81  H   1.0   0.087   1.003    12.81744     0.68408   -13.02815
    82  H   1.0   0.087   1.004    15.90828     2.54546    -9.45411
    83  H   1.0   0.086   1.003    16.87299     3.56497   -12.50753
    84  H   1.0   0.088   1.004    14.06825    -3.95387   -11.51901
    85  H   1.0   0.081   1.006    10.41050     1.64709    10.25630
    86  H   1.0   0.082   1.004    12.86280     1.71512     7.98617
    87  H   1.0   0.081   0.999    10.21416    -3.03244     9.95167
    88  H   1.0   0.081   0.999    12.62885    -3.01185     7.64659
    89  H   1.0   0.082   0.999    13.29120    -2.01596    10.75840
    90  H   1.0   0.081   1.008   -16.73428     1.49742     7.01769
    91  H   1.0   0.084   1.004    -4.55670     0.75967     0.61889
    92  H   1.0   0.083   1.011    -7.63336    -0.42084     0.98436
    93  H   1.0   0.082   0.999    -4.53175    -3.92061     0.27666
    94  H   1.0   0.082   1.000    -2.96838    -3.10236     3.11654
    95  H   1.0   0.082   0.999    -6.10986    -4.19803     3.20138
    96  H   1.0   0.083   1.012     2.06377     1.29427     1.06713
    97  H   1.0   0.084   1.004    -0.99494     0.04365     0.80994
    98  H   1.0   0.082   1.000    -2.69985     4.45994     1.96361
    99  H   1.0   0.082   0.999     0.44787     5.53973     1.97949
   100  H   1.0   0.082   0.999    -0.90461     4.42857    -0.85794
   101  H   1.0   0.075   1.018   -17.10542    -0.05707    -0.27458
   102  H   1.0   0.075   1.004   -25.64018    -0.30935     7.96312
   103  H   1.0   0.075   1.004   -30.02321    -1.14782     6.33606
   104  H   1.0   0.077   1.007   -27.33659    -1.07034    -1.26479
 
  Z AO/shell   Hii/eV     exponent
  1     Sat Feb 20 21:38:01 CET 2016    EN: 2.327 GAM: 0.473  GM3: 0.0000
     1s    -13.751157    1.051071
  6     Sat Feb 20 21:38:01 CET 2016    EN: 2.731 GAM: 0.422  GM3: 0.0000
     2s    -19.378245    2.021003
     2p    -11.993376    1.497917
  7     Sat Feb 20 21:38:01 CET 2016    EN: 3.573 GAM: 0.504  GM3: 0.0000
     2s    -21.576984    2.275442
     2p    -16.125120    2.056788
  8     Sat Feb 20 21:38:01 CET 2016    EN: 3.700 GAM: 0.587  GM3: 0.0000
     2s    -21.648843    2.110798
     2p    -17.239740    2.329048
  9     Sat Feb 20 21:51:24 CET 2016    EN: 3.394 GAM: 0.669  GM3: 0.0000
     2s    -19.384211    2.614957
     2p    -19.426034    2.777297
 16     Sat Feb 20 23:13:41 CET 2016    EN: 1.915 GAM: 0.389  GM3: 0.0000
     3s    -22.000000    2.671470
     3p    -15.834192    1.836978
     3d     -2.593599    1.836978
 
 dipole moment of classical point charges (au)
     X       Y       Z   
  -0.2385  -0.1461   0.6276  total (Debye):    1.746

 
 Nbf   :          353
 T(el) :   300.0
 calculating S/T integrals ...
 cpu time for ints   0.413544000000000     
 Nao   :          348
 making H0...
 making H1...
 cpu time for H      0.145406000000000     
 solving ...
 cpu time for diag   0.178094000000000     
 
 gap (eV)           :   1.504
 Koopmans IP (eV)   :  11.973
 Eel (Eh)           :  -273.090389
 T,E(Fermi),NFOD :    300.000   -11.221  0.000000
 T,E(Fermi),NFOD :    300.000   -11.221  0.000000
 Nfod               :  0.0000
 Nfod/Nel           :  0.0000

          eigenvalues
 #    :         162        163        164        165        166        167        168        169
 occ. :        2.000      2.000      2.000      2.000      2.000      2.000      2.000      2.000
 eps  :       -15.532    -15.515    -15.363    -15.212    -15.048    -14.762    -14.700    -14.475
 #    :         170        171        172        173        174        175        176        177
 occ. :        2.000      2.000      2.000      2.000      2.000      0.000      0.000      0.000
 eps  :       -14.254    -13.751    -13.445    -12.964    -11.974    -10.469     -9.800     -9.714
 #    :         178        179        180        181        182        183        184        185
 occ. :        0.000      0.000      0.000      0.000      0.000      0.000      0.000      0.000
 eps  :        -9.526     -9.322     -8.849     -8.778     -8.623     -7.741     -7.476     -7.456
                            1  SCC done.
 making H1...
 cpu time for H      0.220527000000000     
 solving ...
 cpu time for diag   6.111600000000006E-002
 
 gap (eV)           :   1.969
 Koopmans IP (eV)   :  12.335
 Eel (Eh)           :  -274.004649
 T,E(Fermi),NFOD :    300.000   -11.350  0.000000
 T,E(Fermi),NFOD :    300.000   -11.350  0.000000
 Nfod               :  0.0000
 Nfod/Nel           :  0.0000

          eigenvalues
 #    :         162        163        164        165        166        167        168        169
 occ. :        2.000      2.000      2.000      2.000      2.000      2.000      2.000      2.000
 eps  :       -15.442    -15.399    -15.269    -14.847    -14.786    -14.453    -14.291    -14.241
 #    :         170        171        172        173        174        175        176        177
 occ. :        2.000      2.000      2.000      2.000      2.000      0.000      0.000      0.000
 eps  :       -14.207    -13.971    -13.587    -13.329    -12.336    -10.367     -9.842     -9.788
 #    :         178        179        180        181        182        183        184        185
 occ. :        0.000      0.000      0.000      0.000      0.000      0.000      0.000      0.000
 eps  :        -9.454     -9.330     -8.979     -8.901     -8.834     -7.839     -7.635     -7.523
                            2  SCC done.
 
 
 Mulliken/CM5 charges    n(s)   n(p)   n(d)   
    1 C  -0.0038 -0.0520   1.152  2.851  0.000
    2 C  -0.0273 -0.0293   1.169  2.859  0.000
    3 C   0.1345  0.1697   1.175  2.690  0.000
    4 O  -0.2265 -0.2728   1.621  4.605  0.000
    5 C  -0.0183 -0.0200   1.186  2.833  0.000
    6 C  -0.0175 -0.0668   1.151  2.867  0.000
    7 C  -0.0152 -0.0238   1.210  2.805  0.000
    8 C  -0.0150 -0.0238   1.209  2.806  0.000
    9 C  -0.0275 -0.0770   1.153  2.875  0.000
   10 C  -0.0058 -0.0090   1.175  2.831  0.000
   11 C   0.0179  0.0172   1.197  2.785  0.000
   12 C   0.0029  0.0090   1.115  2.882  0.000
   13 C   0.0991  0.2163   1.172  2.729  0.000
   14 N  -0.2156 -0.3487   1.642  3.573  0.000
   15 C   0.0977  0.2165   1.171  2.731  0.000
   16 N  -0.2119 -0.3420   1.642  3.570  0.000
   17 C  -0.0280 -0.0832   1.219  2.809  0.000
   18 C  -0.0203 -0.0807   1.192  2.828  0.000
   19 C  -0.0464 -0.1050   1.166  2.880  0.000
   20 C  -0.0481 -0.1067   1.166  2.882  0.000
   21 C  -0.0213 -0.0816   1.193  2.829  0.000
   22 C  -0.0634 -0.1654   1.159  2.904  0.000
   23 C  -0.0306 -0.0858   1.220  2.811  0.000
   24 C  -0.0153 -0.0076   1.167  2.848  0.000
   25 C  -0.0199 -0.0278   1.195  2.825  0.000
   26 C  -0.0265 -0.1326   1.122  2.904  0.000
   27 C  -0.0849 -0.2364   1.095  2.990  0.000
   28 C  -0.0503 -0.0371   1.173  2.878  0.000
   29 C  -0.0622 -0.0446   1.187  2.875  0.000
   30 S   0.1181  0.0866   1.895  3.921  0.067
   31 C   0.0019  0.0716   1.168  2.830  0.000
   32 C  -0.0494 -0.0273   1.171  2.879  0.000
   33 S   0.1218  0.0890   1.893  3.936  0.050
   34 C  -0.0080  0.0051   1.153  2.855  0.000
   35 C   0.0150  0.1031   1.203  2.782  0.000
   36 N  -0.1985 -0.3602   1.531  3.667  0.000
   37 S   0.2485  0.3833   1.910  3.692  0.150
   38 N  -0.1994 -0.3612   1.531  3.668  0.000
   39 C   0.0150  0.1032   1.203  2.782  0.000
   40 C  -0.0096  0.0035   1.152  2.857  0.000
   41 C  -0.0468 -0.0247   1.170  2.877  0.000
   42 S   0.1355  0.1040   1.892  3.923  0.050
   43 C  -0.0409 -0.0291   1.170  2.871  0.000
   44 C  -0.0436 -0.0905   1.150  2.894  0.000
   45 C  -0.0071 -0.0018   1.164  2.843  0.000
   46 S   0.1053  0.0681   1.890  3.960  0.045
   47 C  -0.0483 -0.0306   1.172  2.876  0.000
   48 C   0.0011  0.0707   1.165  2.834  0.000
   49 N  -0.0856 -0.3433   1.273  3.813  0.000
   50 C   0.0307 -0.0183   1.147  2.822  0.000
   51 C  -0.0820 -0.2290   1.093  2.989  0.000
   52 C   0.0257  0.0945   1.186  2.789  0.000
   53 C   0.0222  0.0909   1.186  2.792  0.000
   54 N  -0.0832 -0.3412   1.274  3.809  0.000
   55 C   0.0309 -0.0183   1.148  2.822  0.000
   56 C  -0.0821 -0.2291   1.093  2.989  0.000
   57 C  -0.0033 -0.0503   1.154  2.849  0.000
   58 C  -0.0286 -0.0311   1.177  2.852  0.000
   59 C   0.1349  0.1696   1.174  2.692  0.000
   60 O  -0.2261 -0.2814   1.622  4.604  0.000
   61 C  -0.0269 -0.0288   1.183  2.844  0.000
   62 C  -0.0087 -0.0608   1.142  2.867  0.000
   63 C  -0.0137 -0.0649   1.133  2.881  0.000
   64 C   0.1066  0.1179   1.167  2.727  0.000
   65 F  -0.1231 -0.1474   1.678  5.445  0.000
   66 C  -0.0209 -0.0684   1.140  2.881  0.000
   67 C  -0.0009 -0.0041   1.170  2.831  0.000
   68 C   0.0166  0.0159   1.197  2.786  0.000
   69 C   0.0092  0.0153   1.115  2.875  0.000
   70 C   0.0987  0.2162   1.172  2.729  0.000
   71 N  -0.2128 -0.3428   1.642  3.571  0.000
   72 C   0.0964  0.2155   1.171  2.732  0.000
   73 N  -0.2066 -0.3367   1.642  3.565  0.000
   74 H   0.0667  0.1374   0.933  0.000  0.000
   75 H   0.0498  0.1084   0.950  0.000  0.000
   76 H   0.0534  0.1176   0.947  0.000  0.000
   77 H   0.0477  0.1064   0.952  0.000  0.000
   78 H   0.0464  0.1042   0.954  0.000  0.000
   79 H   0.0473  0.1036   0.953  0.000  0.000
   80 H   0.0469  0.1031   0.953  0.000  0.000
   81 H   0.0450  0.1027   0.955  0.000  0.000
   82 H   0.0358  0.0951   0.964  0.000  0.000
   83 H   0.0377  0.0945   0.962  0.000  0.000
   84 H   0.0471  0.1058   0.953  0.000  0.000
   85 H   0.0435  0.1011   0.957  0.000  0.000
   86 H   0.0510  0.1090   0.949  0.000  0.000
   87 H   0.0296  0.0824   0.970  0.000  0.000
   88 H   0.0304  0.0838   0.970  0.000  0.000
   89 H   0.0402  0.0922   0.960  0.000  0.000
   90 H   0.0762  0.1469   0.924  0.000  0.000
   91 H   0.0592  0.1267   0.941  0.000  0.000
   92 H   0.0540  0.1248   0.946  0.000  0.000
   93 H   0.0453  0.0976   0.955  0.000  0.000
   94 H   0.0337  0.0914   0.966  0.000  0.000
   95 H   0.0335  0.0882   0.967  0.000  0.000
   96 H   0.0573  0.1286   0.943  0.000  0.000
   97 H   0.0580  0.1253   0.942  0.000  0.000
   98 H   0.0323  0.0897   0.968  0.000  0.000
   99 H   0.0341  0.0889   0.966  0.000  0.000
  100 H   0.0452  0.0975   0.955  0.000  0.000
  101 H   0.0637  0.1332   0.936  0.000  0.000
  102 H   0.0573  0.1160   0.943  0.000  0.000
  103 H   0.0481  0.1059   0.952  0.000  0.000
  104 H   0.0552  0.1201   0.945  0.000  0.000
 Hirshfeld charges for QMDFF written to <charges>
 
 Loewdin charges    n(s)   n(p)   n(d)
    1 C   0.0024   1.099  2.899  0.000
    2 C  -0.0357   1.131  2.905  0.000
    3 C   0.1257   1.141  2.733  0.000
    4 O  -0.2070   1.589  4.617  0.000
    5 C  -0.0200   1.146  2.874  0.000
    6 C  -0.0135   1.098  2.916  0.000
    7 C  -0.0105   1.169  2.841  0.000
    8 C  -0.0097   1.168  2.841  0.000
    9 C  -0.0254   1.100  2.925  0.000
   10 C  -0.0021   1.133  2.870  0.000
   11 C   0.0288   1.153  2.818  0.000
   12 C  -0.0088   1.074  2.935  0.000
   13 C   0.0938   1.138  2.768  0.000
   14 N  -0.2047   1.604  3.600  0.000
   15 C   0.0917   1.137  2.771  0.000
   16 N  -0.2011   1.604  3.597  0.000
   17 C  -0.0215   1.173  2.848  0.000
   18 C  -0.0105   1.144  2.866  0.000
   19 C  -0.0383   1.115  2.923  0.000
   20 C  -0.0399   1.115  2.925  0.000
   21 C  -0.0115   1.144  2.867  0.000
   22 C  -0.0602   1.102  2.959  0.000
   23 C  -0.0241   1.174  2.850  0.000
   24 C   0.0036   1.124  2.873  0.000
   25 C  -0.0164   1.155  2.861  0.000
   26 C  -0.0197   1.060  2.960  0.000
   27 C  -0.0861   1.022  3.064  0.000
   28 C  -0.0303   1.129  2.901  0.000
   29 C  -0.0388   1.142  2.897  0.000
   30 S   0.0738   1.882  3.920  0.125
   31 C  -0.0114   1.137  2.874  0.000
   32 C  -0.0273   1.126  2.901  0.000
   33 S   0.0820   1.879  3.935  0.103
   34 C  -0.0154   1.115  2.901  0.000
   35 C   0.0097   1.169  2.821  0.000
   36 N  -0.1595   1.494  3.666  0.000
   37 S   0.1841   1.902  3.698  0.216
   38 N  -0.1604   1.494  3.667  0.000
   39 C   0.0097   1.169  2.821  0.000
   40 C  -0.0170   1.114  2.903  0.000
   41 C  -0.0247   1.126  2.899  0.000
   42 S   0.0952   1.878  3.923  0.103
   43 C  -0.0174   1.126  2.892  0.000
   44 C  -0.0421   1.099  2.943  0.000
   45 C   0.0154   1.118  2.866  0.000
   46 S   0.0666   1.876  3.958  0.099
   47 C  -0.0251   1.128  2.897  0.000
   48 C  -0.0123   1.134  2.878  0.000
   49 N  -0.0421   1.231  3.811  0.000
   50 C   0.0306   1.090  2.879  0.000
   51 C  -0.0837   1.020  3.064  0.000
   52 C   0.0152   1.154  2.831  0.000
   53 C   0.0118   1.155  2.834  0.000
   54 N  -0.0399   1.232  3.808  0.000
   55 C   0.0309   1.091  2.878  0.000
   56 C  -0.0839   1.020  3.064  0.000
   57 C   0.0048   1.101  2.894  0.000
   58 C  -0.0369   1.140  2.897  0.000
   59 C   0.1260   1.139  2.735  0.000
   60 O  -0.2094   1.590  4.619  0.000
   61 C  -0.0304   1.143  2.888  0.000
   62 C  -0.0000   1.087  2.914  0.000
   63 C  -0.0115   1.080  2.931  0.000
   64 C   0.1024   1.130  2.768  0.000
   65 F  -0.1055   1.661  5.445  0.000
   66 C  -0.0219   1.089  2.933  0.000
   67 C   0.0040   1.127  2.869  0.000
   68 C   0.0274   1.153  2.820  0.000
   69 C  -0.0026   1.074  2.928  0.000
   70 C   0.0932   1.138  2.769  0.000
   71 N  -0.2020   1.604  3.598  0.000
   72 C   0.0904   1.137  2.772  0.000
   73 N  -0.1959   1.603  3.592  0.000
   74 H   0.0571   0.943  0.000  0.000
   75 H   0.0398   0.960  0.000  0.000
   76 H   0.0432   0.957  0.000  0.000
   77 H   0.0395   0.961  0.000  0.000
   78 H   0.0384   0.962  0.000  0.000
   79 H   0.0389   0.961  0.000  0.000
   80 H   0.0385   0.962  0.000  0.000
   81 H   0.0372   0.963  0.000  0.000
   82 H   0.0320   0.968  0.000  0.000
   83 H   0.0339   0.966  0.000  0.000
   84 H   0.0390   0.961  0.000  0.000
   85 H   0.0390   0.961  0.000  0.000
   86 H   0.0465   0.953  0.000  0.000
   87 H   0.0293   0.971  0.000  0.000
   88 H   0.0303   0.970  0.000  0.000
   89 H   0.0391   0.961  0.000  0.000
   90 H   0.0637   0.936  0.000  0.000
   91 H   0.0543   0.946  0.000  0.000
   92 H   0.0481   0.952  0.000  0.000
   93 H   0.0443   0.956  0.000  0.000
   94 H   0.0335   0.967  0.000  0.000
   95 H   0.0325   0.967  0.000  0.000
   96 H   0.0509   0.949  0.000  0.000
   97 H   0.0533   0.947  0.000  0.000
   98 H   0.0323   0.968  0.000  0.000
   99 H   0.0331   0.967  0.000  0.000
  100 H   0.0443   0.956  0.000  0.000
  101 H   0.0532   0.947  0.000  0.000
  102 H   0.0467   0.953  0.000  0.000
  103 H   0.0386   0.961  0.000  0.000
  104 H   0.0444   0.956  0.000  0.000
 
 Wiberg/Mayer (AO) data. WBOs > 0.1 written file <wbo>
 largest (>0.05) Wiberg bond orders for each atom
           total WBO             WBO to atom ...
     1  C   3.925    C    2 1.484    C   24 1.277    H   74 0.914
     2  C   3.909    C    1 1.484    C   11 1.100    C    3 1.031    C   25 0.069    O    4 0.062
     3  C   3.902    O    4 1.731    C    2 1.031    C    5 0.994
     4  O   2.175    C    3 1.731    S   30 0.076    C    2 0.062    C    5 0.053
     5  C   3.933    C    6 1.356    C   10 1.286    C    3 0.994    C    8 0.090    O    4 0.053
     6  C   3.958    C    7 1.422    C    5 1.356    H   75 0.942    C    9 0.082
     7  C   3.917    C    6 1.422    C    8 1.311    C   23 0.947    C   10 0.091
     8  C   3.927    C    9 1.428    C    7 1.311    C   17 0.949    C    5 0.090
     9  C   3.954    C    8 1.428    C   10 1.347    H   76 0.934    C    6 0.082
    10  C   3.943    C    9 1.347    C    5 1.286    C   11 1.048    C    7 0.091
    11  C   3.929    C   12 1.463    C    2 1.100    C   10 1.048    N   14 0.090    N   16 0.090
    12  C   3.930    C   11 1.463    C   13 1.063    C   15 1.062    N   14 0.080    N   16 0.080
    13  C   3.939    N   14 2.775    C   12 1.063
    14  N   3.041    C   13 2.775    C   11 0.090    C   12 0.080
    15  C   3.939    N   16 2.785    C   12 1.062
    16  N   3.044    C   15 2.785    C   11 0.090    C   12 0.080
    17  C   3.930    C    8 0.949    C   23 0.949    H   77 0.941    C   18 0.929
    18  C   3.950    C   19 0.985    C   22 0.974    H   78 0.946    C   17 0.929
    19  C   3.959    C   20 1.935    C   18 0.985    H   79 0.937
    20  C   3.959    C   19 1.935    C   21 0.985    H   80 0.937
    21  C   3.949    C   20 0.985    C   22 0.974    H   81 0.946    C   23 0.928
    22  C   3.967    C   21 0.974    C   18 0.974    H   83 0.962    H   82 0.960
    23  C   3.927    C   17 0.949    C    7 0.947    H   84 0.941    C   21 0.928
    24  C   3.914    C   25 1.346    C    1 1.277    S   30 1.057    C   29 0.054
    25  C   3.909    C   24 1.346    C   28 1.319    C   26 0.981    S   30 0.069    C    2 0.069
    26  C   3.970    C   27 0.987    C   25 0.981    H   85 0.965    H   86 0.960
    27  C   3.979    C   26 0.987    H   87 0.985    H   88 0.984    H   89 0.978
    28  C   3.915    C   25 1.319    C   29 1.299    S   33 1.061
    29  C   3.919    C   28 1.299    C   31 1.245    S   30 1.094    C   24 0.054    S   33 0.052
    30  S   2.558    C   29 1.094    C   24 1.057    O    4 0.076    C   25 0.069
    31  C   3.900    C   32 1.323    C   29 1.245    N   54 1.082    S   33 0.053
    32  C   3.904    C   31 1.323    C   34 1.219    S   33 1.105
    33  S   2.471    C   32 1.105    C   28 1.061    C   31 0.053    C   29 0.052
    34  C   3.922    C   53 1.267    C   32 1.219    C   35 1.158
    35  C   3.928    N   36 1.427    C   34 1.158    C   39 1.114    S   37 0.074
    36  N   3.072    C   35 1.427    S   37 1.285    N   38 0.201
    37  S   2.817    N   36 1.285    N   38 1.285    C   35 0.074    C   39 0.074
    38  N   3.071    C   39 1.427    S   37 1.285    N   36 0.201
    39  C   3.928    N   38 1.427    C   40 1.157    C   35 1.114    S   37 0.074
    40  C   3.922    C   52 1.268    C   41 1.219    C   39 1.157
    41  C   3.906    C   48 1.319    C   40 1.219    S   42 1.109
    42  S   2.484    C   41 1.109    C   43 1.069    C   47 0.053    C   48 0.052
    43  C   3.917    C   44 1.349    C   47 1.286    S   42 1.069
    44  C   3.931    C   45 1.410    C   43 1.349    H   90 0.914    S   46 0.070    C   58 0.056
    45  C   3.912    C   44 1.410    C   57 1.251    S   46 1.051    C   47 0.059
    46  S   2.497    C   47 1.122    C   45 1.051    C   44 0.070
    47  C   3.919    C   43 1.286    C   48 1.256    S   46 1.122    C   45 0.059    S   42 0.053
    48  C   3.902    C   41 1.319    C   47 1.256    N   49 1.080    S   42 0.052
    49  N   3.429    C   52 1.098    C   48 1.080    C   50 0.945
    50  C   3.928    C   51 1.003    H   92 0.965    H   91 0.960    N   49 0.945
    51  C   3.981    C   50 1.003    H   95 0.985    H   94 0.982    H   93 0.974
    52  C   3.888    C   40 1.268    C   53 1.246    N   49 1.098
    53  C   3.888    C   34 1.267    C   52 1.246    N   54 1.099
    54  N   3.429    C   53 1.099    C   31 1.082    C   55 0.944
    55  C   3.927    C   56 1.004    H   96 0.964    H   97 0.960    N   54 0.944
    56  C   3.981    C   55 1.004    H   99 0.985    H   98 0.982    H  100 0.974
    57  C   3.924    C   58 1.502    C   45 1.251    H  101 0.921
    58  C   3.908    C   57 1.502    C   68 1.099    C   59 1.005    O   60 0.068    C   44 0.056
    59  C   3.906    O   60 1.775    C   58 1.005    C   61 0.985
    60  O   2.166    C   59 1.775    C   58 0.068    C   61 0.059
    61  C   3.941    C   62 1.390    C   67 1.272    C   59 0.985    C   64 0.088    O   60 0.059
    62  C   3.964    C   63 1.423    C   61 1.390    H  102 0.942    C   66 0.092
    63  C   3.954    C   62 1.423    C   64 1.383    H  103 0.945    C   67 0.091
    64  C   3.911    C   66 1.383    C   63 1.383    F   65 0.977    C   61 0.088
    65  F   1.104    C   64 0.977
    66  C   3.958    C   67 1.387    C   64 1.383    H  104 0.938    C   62 0.092
    67  C   3.950    C   66 1.387    C   61 1.272    C   68 1.042    C   63 0.091
    68  C   3.932    C   69 1.472    C   58 1.099    C   67 1.042    N   73 0.091    N   71 0.091
    69  C   3.930    C   68 1.472    C   70 1.060    C   72 1.059    N   71 0.080    N   73 0.079
    70  C   3.939    N   71 2.779    C   69 1.060
    71  N   3.041    C   70 2.779    C   68 0.091    C   69 0.080
    72  C   3.940    N   73 2.790    C   69 1.059
    73  N   3.048    C   72 2.790    C   68 0.091    C   69 0.079
    74  H   0.992    C    1 0.914
    75  H   0.996    C    6 0.942
    76  H   0.995    C    9 0.934
    77  H   0.996    C   17 0.941
    78  H   0.997    C   18 0.946
    79  H   0.997    C   19 0.937
    80  H   0.997    C   20 0.937
    81  H   0.997    C   21 0.946
    82  H   0.999    C   22 0.960
    83  H   0.998    C   22 0.962
    84  H   0.995    C   23 0.941
    85  H   0.997    C   26 0.965
    86  H   0.996    C   26 0.960
    87  H   0.999    C   27 0.985
    88  H   0.999    C   27 0.984
    89  H   0.995    C   27 0.978
    90  H   0.992    C   44 0.914
    91  H   0.995    C   50 0.960
    92  H   0.996    C   50 0.965
    93  H   0.997    C   51 0.974
    94  H   0.999    C   51 0.982
    95  H   0.999    C   51 0.985
    96  H   0.996    C   55 0.964
    97  H   0.996    C   55 0.960
    98  H   0.999    C   56 0.982
    99  H   0.999    C   56 0.985
   100  H   0.997    C   56 0.974
   101  H   0.992    C   57 0.921
   102  H   0.995    C   62 0.942
   103  H   0.994    C   63 0.945
   104  H   0.995    C   66 0.938
 
 --------------------------------------------
          xTB calculation for sTDA...
 --------------------------------------------
 
 reading parameter file /ihome/ghutchison/blp62/xtb4stda/.param_stda2.xtb
 
      method parameters     
 k(s)        :  1.6000
 k(p)        :  2.1800
 k(d)        :  1.9500
 k(f)        :  2.0000
 k(R-V)      :  2.2750
 k(R-R)      :  1.7650
 Tscal       :  0.2580
 Gscal       :  1.0000
 fpol        :  1.0000
 Zcnf        :  0.3430
 Zqf         :  0.0000
 kcn         :  2.7000
 Ryd Hsplit  :  0.7000
 lshift(virt):  3.1000
 lshift(OS)  :  0.2000
 wllscaling  :  2.6000
 
 mowrcut     : 3.000
 
  Z AO/shell   Hii/eV     exponent
  1     Sun Feb 14 09:53:25 CET 2016    EN: 2.327 GAM: 0.473  GM3: 0.0000
     1s    -14.339618    1.220000
     2sp    -3.348946    0.600000
  6     Sun Feb 14 09:53:25 CET 2016    EN: 2.731 GAM: 0.422  GM3: 0.0000
     2s    -22.009312    1.565095
     2p    -13.020408    1.596905
     3sp    -3.914040    0.824500
  7     Sun Feb 14 09:53:25 CET 2016    EN: 3.573 GAM: 0.504  GM3: 0.0000
     2s    -25.722000    2.064844
     2p    -18.684912    1.801692
     3sp    -4.344791    0.921400
  8     Sun Feb 14 09:53:25 CET 2016    EN: 3.700 GAM: 0.587  GM3: 0.0000
     2s    -33.859000    2.418661
     2p    -22.175911    1.973969
     3sp    -4.259392    1.013700
  9     Sun Feb 21 12:20:01 CET 2016    EN: 3.394 GAM: 0.600  GM3: 0.0000
     2s    -26.548112    1.943768
     2p    -23.081168    2.552035
     3sp    -1.937199    1.103200
 16     Sun Feb 21 16:35:57 CET 2016    EN: 1.915 GAM: 0.200  GM3: 0.0000
     3s    -17.898811    2.619580
     3p    -15.317401    1.798798
     4sp    -4.455139    0.843200
 
 Nbf   :          739
 T(el) :     0.0
 calculating S/T integrals ...
 cpu time for ints    1.87691400000000     
 Nao   :          739
 making H0...
 making H1...
 cpu time for H      1.328299999999993E-002
 solving ...
 cpu time for diag    2.58271200000000     
 
 gap (eV)           :   4.714
 Koopmans IP (eV)   :  13.715
 Eel (Eh)           :  -302.745285

          eigenvalues
 #    :         162        163        164        165        166        167        168        169
 occ. :        2.000      2.000      2.000      2.000      2.000      2.000      2.000      2.000
 eps  :       -16.708    -16.547    -16.407    -16.301    -16.189    -16.118    -15.709    -15.603
 #    :         170        171        172        173        174        175        176        177
 occ. :        2.000      2.000      2.000      2.000      2.000      0.000      0.000      0.000
 eps  :       -15.435    -14.648    -14.582    -14.072    -13.717     -9.003     -8.811     -8.570
 #    :         178        179        180        181        182        183        184        185
 occ. :        0.000      0.000      0.000      0.000      0.000      0.000      0.000      0.000
 eps  :        -8.449     -7.097     -6.644     -6.484     -5.846     -5.759     -5.642     -5.555
                            1  SCC done.
 writing mo output ...
 molden style : F
 
speedup  3.22
cpu  time for all    5.98 s
wall time for all    1.86 s
