 
        ______________________________________
       |                                      |
       |          ===================         |
       |             xTB for sTDA             |
       |          ===================         |
       |               S. Grimme              |
       |        Universitaet Bonn, MCTC       |
       |         2015-19, Version 1.0         |
       |     Wed Apr  3 09:14:55 CEST 2019    |
       |______________________________________|
 
        This code comes without any warranty
        for non-commercial, academia use only.
        Preliminary test version.
        Cite this work as:
        S. Grimme  &  C. Bannwarth, JCP 145 (2016) 054103
        if GBSA is used additionally:
        P. Shushkov, F. März, C. Bannwarth, S. Grimme, unpublished.
 
        with help from
        P. Shushkov, G. Brandenburg, S. Dohm, J. Pisarek,
        F. März, M. Checinski, S. Ehrlich, S. Spicher, 
        P. Pracht, E. Caldeweyher, S. Ehlert, and C. Bannwarth.
 
        usage        :
        xtb4stda <coord_file> [options]
        where <coord_file> is a valid file of TM)
        (*coord, Bohr) or xmol (*xyz, Angstroem)
        format.

        options:
        -chrg <int>   : molecular charge
        -uhf  <int>   : # of unpaired electrons(=2*S)
        -nox          : skip second, extended part in sTDA-xTB
        -pop          : do population analysis
                      : (default for -nox)
        -mowr <real>  : cut MO write above (def.3 Eh)
        -molden       : write formatted molden file
        -parx <file>  : read parameters for sTDA-xTB
                        calc (def:~/.param_stda2.xtb)
        -parv <file>  : read parameters for vTB part in
                        sTDA-xTB (def: ~/.param_stda1.xtb)
        -xtemp <real> : el. temp for xTB (def. 0 K)
        -etemp <real> : el. temp for GFN (def. 300 K)
        -fod          : calculate the FOD and write
                        molden.input file with
                        appropriate occupations
                        for plotting. Def. T=12500 K
 
        -acc <real>   : xTB accuracy (def. 1.0)
        -gbsa [string1] [string2]
                        use GBSA implicit solvent
                        for solvent [string1] and
                        solvation state [string2]=
                        reference, bar1M (default=1M)
        additional GFN/opt/MD/siman options read from
        $XTB4STDAHOME/.xtb4stdarc or $set in input
 
       spin and charge state information can be on:
       <.CHRG> (charge) and <.UHF> (=nalpha-nbeta)
       -uhf and -chrg override the file info.
       useful machine settings:
       setenv MKL_NUM_THREADS <NCORE_ON_YOUR_MACHINE>
       setenv OMP_STACKSIZE 500m
       limit stacksize unlimited
 
       total energies in Eh, gaps/HL energies in eV
       please read REVISION and HOWTO files carefully
 =============================
  # OMP threads =           8
 =============================
 
 xtb4stdahome directory:/ihome/ghutchison/blp62/xtb4stda/
 
 
 name of molecule           :
 comment line               :
 number of atoms            :   165
 number of electrons        :   494
 charge                     :  0
 spin                       : 0.0
 first test random number   :  0.9259
 
 -----------------------------------------
      charge density (VTB) calculation
 -----------------------------------------
 
      method parameters     
 k(s)        :  1.8000
 k(p)        :  2.8350
 k(d)        :  2.0860
 k(f)        :  2.0000
 Tscal       :  0.3300
 Gscal       :  0.3910
 fpol        :  1.0000
 Zcnf        :  0.6500
 Zqf         :  0.0000
 kcn         :  0.3000
 kEN1        : -0.5900
 wllscal     :  2.6000
 
     -------------------------
     ! NO SOLVENT MODEL USED !
     -------------------------
 
 doing EN charges ...
 sum q :  0.2109424D-14
 point charge moment (au)
     X       Y       Z   
   0.2219  -0.4558  -0.0012  total (Debye):    1.289
 
            Z      q(EN)   CN      Cart. coordinates
     1  C   4.0  -0.067   3.171   -15.23044   -10.26990     9.28366
     2  C   4.0  -0.002   3.264   -14.40614   -12.64019     8.74471
     3  C   4.0   0.102   3.216   -11.91000   -13.31709     7.63374
     4  O   6.0  -0.106   1.056   -10.35721   -11.93948     6.66828
     5  C   4.0  -0.007   3.366   -11.60972   -16.05190     8.08519
     6  C   4.0  -0.057   3.148    -9.50457   -17.51360     7.48124
     7  C   4.0   0.003   3.506    -9.73644   -20.01787     8.12261
     8  C   4.0   0.002   3.507   -11.89658   -20.99807     9.30293
     9  C   4.0  -0.059   3.153   -13.98000   -19.57680     9.91974
    10  C   4.0  -0.006   3.356   -13.79141   -17.02360     9.26211
    11  C   4.0  -0.008   3.327   -15.59553   -14.96890     9.59716
    12  C   4.0  -0.037   3.121   -18.03725   -15.21532    10.41882
    13  C   4.0   0.236   2.160   -19.81226   -13.22940    10.56111
    14  N   5.0  -0.215   1.026   -21.37960   -11.73463    10.69944
    15  C   4.0   0.236   2.160   -19.15048   -17.51719    11.17263
    16  N   5.0  -0.215   1.026   -20.17264   -19.31886    11.81816
    17  C   4.0  -0.105   4.485   -10.83210   -23.64009     9.39118
    18  C   4.0  -0.102   4.328   -11.82855   -25.57309     7.43286
    19  C   4.0  -0.062   3.280   -12.68894   -24.06547     5.17124
    20  C   4.0  -0.061   3.280   -10.64861   -23.13932     4.04817
    21  C   4.0  -0.102   4.327    -8.37167   -24.00349     5.53028
    22  C   4.0  -0.169   4.322    -9.30388   -26.60262     6.43112
    23  C   4.0  -0.105   4.482    -8.42969   -22.54972     8.07026
    24  C   4.0  -0.003   3.185   -14.19430    -7.91379     8.41306
    25  C   4.0  -0.073   3.185   -13.16175    -7.60123     5.99761
    26  C   4.0  -0.076   3.211   -12.16284    -5.31504     5.27725
    27  C   4.0  -0.012   3.271   -12.14451    -3.24409     6.92282
    28  C   4.0  -0.073   3.187   -13.23186    -3.53719     9.32032
    29  C   4.0  -0.074   3.190   -14.27008    -5.80902    10.02443
    30  C   4.0  -0.083   3.272   -10.94151    -0.91482     6.17714
    31  C   4.0  -0.019   3.425   -11.32513     1.52539     7.01844
    32  C   4.0  -0.002   3.226   -13.40572     2.40921     8.61469
    33  C   4.0  -0.074   3.191   -15.87956     1.62516     8.16607
    34  C   4.0  -0.072   3.144   -17.82749     2.58609     9.61247
    35  C   4.0  -0.074   3.181   -17.34031     4.34051    11.49312
    36  C   4.0   0.007   3.190   -14.88802     5.14780    11.95989
    37  C   4.0  -0.174   4.064   -14.33433     7.13655    13.90536
    38  C   4.0  -0.242   4.029   -14.04898     9.71754    12.63376
    39  C   4.0  -0.077   3.244   -12.93706     4.16590    10.51028
    40  C   4.0  -0.107   3.501    -9.53348     3.20686     5.97645
    41  S   6.0   0.229   2.454    -9.04366     6.45700     6.32510
    42  C   4.0  -0.087   3.406    -6.52522     6.25650     4.24716
    43  C   4.0   0.008   3.424    -4.70504     7.83046     3.12787
    44  C   4.0   0.075   3.659    -4.36470    10.47173     3.25902
    45  C   4.0   0.075   3.659    -2.42679    11.61785     1.74951
    46  N   5.0  -0.298   2.146    -2.37085    14.10737     1.99272
    47  S   6.0   0.426   2.893    -4.56426    14.93658     3.95916
    48  N   5.0  -0.298   2.146    -5.67182    12.14999     4.57597
    49  C   4.0   0.008   3.424    -0.81334    10.04956     0.31880
    50  C   4.0  -0.087   3.406     1.32375    10.63122    -1.14442
    51  S   6.0   0.229   2.453     3.03906    13.24490    -2.11196
    52  C   4.0  -0.107   3.501     5.16689    11.23045    -3.63829
    53  C   4.0  -0.019   3.427     7.34707    11.68096    -5.12059
    54  C   4.0  -0.002   3.225     8.22125    14.23247    -5.74307
    55  C   4.0  -0.074   3.191     8.89570    14.87044    -8.20632
    56  C   4.0  -0.072   3.144     9.63023    17.31291    -8.75945
    57  C   4.0  -0.074   3.181     9.68333    19.13763    -6.88370
    58  C   4.0   0.007   3.190     9.00643    18.53651    -4.42139
    59  C   4.0  -0.174   4.064     8.93633    20.51486    -2.38937
    60  C   4.0  -0.242   4.029     6.23969    21.50395    -2.05810
    61  C   4.0  -0.076   3.243     8.28021    16.07779    -3.87488
    62  C   4.0  -0.084   3.275     8.38358     9.45600    -5.97815
    63  S   6.0   0.222   2.563     6.66336     6.79394    -4.99833
    64  C   4.0  -0.096   3.409     4.54196     8.68669    -3.39451
    65  C   4.0   0.074   3.686     2.33740     8.34201    -1.96286
    66  N   5.0  -0.293   3.271     0.89327     6.37140    -1.11380
    67  C   4.0   0.098   3.450    -1.07790     7.37314     0.29385
    68  C   4.0   0.098   3.450    -3.16397     6.26709     1.57301
    69  N   5.0  -0.293   3.271    -4.07803     3.81517     1.71776
    70  C   4.0   0.074   3.685    -6.10381     3.82292     3.32800
    71  C   4.0  -0.096   3.407    -7.82951     2.07397     4.31632
    72  S   6.0   0.221   2.569    -8.41571    -1.12099     4.02625
    73  C   4.0  -0.098   4.088    -3.73145     1.69886     0.02551
    74  C   4.0  -0.239   4.026    -4.44161     2.38465    -2.68549
    75  C   4.0  -0.097   4.088     1.93092     3.84521    -1.14990
    76  C   4.0  -0.239   4.026     2.66584     2.96385     1.49742
    77  C   4.0  -0.012   3.270    10.67242     9.02949    -7.42190
    78  C   4.0  -0.073   3.192    12.79722    10.56338    -7.11784
    79  C   4.0  -0.072   3.186    14.97022    10.08339    -8.47353
    80  C   4.0   0.006   3.225    15.10855     8.06743   -10.15577
    81  C   4.0  -0.072   3.185    12.99791     6.53807   -10.45737
    82  C   4.0  -0.075   3.211    10.81736     7.00748    -9.10508
    83  C   4.0  -0.110   4.146    17.59033     7.54813   -11.48764
    84  C   4.0  -0.060   3.166    17.30460     6.11988   -13.89912
    85  C   4.0  -0.071   3.158    17.21635     3.59029   -13.95582
    86  C   4.0   0.010   3.203    17.26435     2.08682   -11.68550
    87  C   4.0   0.009   3.227    16.42266    -0.38116   -11.64884
    88  C   4.0   0.199   3.211    16.68118    -1.92998    -9.37266
    89  O   6.0  -0.104   1.085    17.20047    -1.11456    -7.28697
    90  N   5.0  -0.305   3.292    16.35407    -4.52079    -9.68825
    91  C   4.0  -0.107   4.151    16.83576    -6.09418    -7.47557
    92  C   4.0  -0.240   4.028    19.58682    -6.92981    -7.35765
    93  C   4.0   0.067   3.230    15.70665    -5.64952   -11.91302
    94  S   6.0   0.208   1.372    15.69191    -8.75548   -12.20102
    95  N   5.0  -0.306   3.292    14.99819    -4.12924   -13.87059
    96  C   4.0   0.200   3.210    15.18546    -1.50838   -13.85547
    97  O   6.0  -0.104   1.084    14.31694    -0.31162   -15.61499
    98  C   4.0  -0.107   4.151    13.98964    -5.27479   -16.16717
    99  C   4.0  -0.240   4.028    16.08932    -5.91428   -18.02780
   100  C   4.0  -0.173   4.125    18.23699     3.34311    -9.34810
   101  C   4.0  -0.164   4.129    19.33605     5.96681    -9.79048
   102  H   1.0   0.075   1.009   -16.78644   -10.08150    10.60363
   103  H   1.0   0.075   1.004    -7.87543   -16.67797     6.58418
   104  H   1.0   0.077   1.006   -15.61877   -20.35310    10.84476
   105  H   1.0   0.088   1.004   -10.61365   -24.46175    11.26352
   106  H   1.0   0.087   1.003   -13.17479   -26.93011     8.18308
   107  H   1.0   0.078   1.002   -14.63763   -23.74800     4.69880
   108  H   1.0   0.078   1.002   -10.55128   -21.89248     2.44890
   109  H   1.0   0.087   1.003    -6.56907   -23.93281     4.54838
   110  H   1.0   0.086   1.002    -9.54671   -27.93998     4.88626
   111  H   1.0   0.086   1.002    -8.12015   -27.43693     7.89376
   112  H   1.0   0.088   1.004    -6.64050   -22.66197     9.07843
   113  H   1.0   0.077   1.007   -13.19898    -9.14514     4.67178
   114  H   1.0   0.075   1.011   -11.37785    -5.10396     3.40377
   115  H   1.0   0.076   1.007   -13.22241    -1.97476    10.62971
   116  H   1.0   0.075   1.005   -15.08530    -6.00990    11.88562
   117  H   1.0   0.075   1.006   -16.26185     0.28327     6.67659
   118  H   1.0   0.074   1.004   -19.74329     1.97590     9.26136
   119  H   1.0   0.075   1.005   -18.87969     5.09281    12.60372
   120  H   1.0   0.081   1.003   -15.86274     7.21649    15.28845
   121  H   1.0   0.081   1.003   -12.58520     6.67451    14.89879
   122  H   1.0   0.081   0.999   -15.78601    10.22852    11.66055
   123  H   1.0   0.081   0.998   -13.62833    11.16488    14.03046
   124  H   1.0   0.081   0.999   -12.52699     9.67162    11.25332
   125  H   1.0   0.076   1.009   -11.01918     4.76305    10.87518
   126  H   1.0   0.076   1.006     8.82389    13.45504    -9.67464
   127  H   1.0   0.074   1.004    10.15047    17.80405   -10.67147
   128  H   1.0   0.075   1.005    10.24931    21.04644    -7.33799
   129  H   1.0   0.081   1.003     9.58488    19.70701    -0.60433
   130  H   1.0   0.081   1.003    10.18676    22.07956    -2.88410
   131  H   1.0   0.081   0.998     6.17071    22.92275    -0.57315
   132  H   1.0   0.081   0.999     4.97055    19.96609    -1.56016
   133  H   1.0   0.081   0.999     5.57129    22.35073    -3.80799
   134  H   1.0   0.076   1.009     7.77018    15.58570    -1.96002
   135  H   1.0   0.084   1.004    -1.80809     0.97151     0.14721
   136  H   1.0   0.083   1.011    -4.98491     0.20163     0.69769
   137  H   1.0   0.081   0.999    -4.14870     0.76817    -3.91816
   138  H   1.0   0.082   1.000    -3.31722     3.96143    -3.37335
   139  H   1.0   0.082   0.999    -6.42242     2.92586    -2.77450
   140  H   1.0   0.083   1.011     3.62279     3.92439    -2.33135
   141  H   1.0   0.084   1.004     0.62626     2.53261    -2.05583
   142  H   1.0   0.082   0.999     4.11885     4.19746     2.26616
   143  H   1.0   0.082   1.000     1.05352     3.00523     2.77091
   144  H   1.0   0.081   0.999     3.40680     1.04993     1.42013
   145  H   1.0   0.076   1.007    12.74242    12.11522    -5.79598
   146  H   1.0   0.075   1.005    16.59916    11.28658    -8.20689
   147  H   1.0   0.076   1.007    13.03646     4.96922   -11.76014
   148  H   1.0   0.075   1.009     9.19144     5.79825    -9.36038
   149  H   1.0   0.082   1.008    18.49399     9.37021   -11.87201
   150  H   1.0   0.075   1.004    17.15493     7.18701   -15.63219
   151  H   1.0   0.077   1.008    16.98051     2.63201   -15.73783
   152  H   1.0   0.084   1.005    16.37013    -4.95033    -5.82376
   153  H   1.0   0.083   1.013    15.58759    -7.73219    -7.56949
   154  H   1.0   0.082   0.999    20.82421    -5.29123    -7.27412
   155  H   1.0   0.082   0.999    19.88370    -8.06894    -5.67655
   156  H   1.0   0.081   1.001    20.06624    -8.05590    -9.00813
   157  H   1.0   0.084   1.005    12.69764    -3.89775   -16.99714
   158  H   1.0   0.083   1.013    12.95369    -6.97611   -15.63616
   159  H   1.0   0.082   0.999    15.27239    -6.71571   -19.73138
   160  H   1.0   0.082   0.999    17.13566    -4.21825   -18.53065
   161  H   1.0   0.081   1.001    17.38094    -7.28641   -17.20860
   162  H   1.0   0.083   1.005    19.63917     2.13520    -8.43441
   163  H   1.0   0.082   1.006    16.66115     3.45933    -8.01338
   164  H   1.0   0.082   1.003    21.17551     5.80694   -10.71569
   165  H   1.0   0.083   1.003    19.60591     6.90392    -7.97483
 
  Z AO/shell   Hii/eV     exponent
  1     Sat Feb 20 21:38:01 CET 2016    EN: 2.327 GAM: 0.473  GM3: 0.0000
     1s    -13.751157    1.051071
  6     Sat Feb 20 21:38:01 CET 2016    EN: 2.731 GAM: 0.422  GM3: 0.0000
     2s    -19.378245    2.021003
     2p    -11.993376    1.497917
  7     Sat Feb 20 21:38:01 CET 2016    EN: 3.573 GAM: 0.504  GM3: 0.0000
     2s    -21.576984    2.275442
     2p    -16.125120    2.056788
  8     Sat Feb 20 21:38:01 CET 2016    EN: 3.700 GAM: 0.587  GM3: 0.0000
     2s    -21.648843    2.110798
     2p    -17.239740    2.329048
 16     Sat Feb 20 23:13:41 CET 2016    EN: 1.915 GAM: 0.389  GM3: 0.0000
     3s    -22.000000    2.671470
     3p    -15.834192    1.836978
     3d     -2.593599    1.836978
 
 dipole moment of classical point charges (au)
     X       Y       Z   
   0.2219  -0.4558  -0.0012  total (Debye):    1.289

 
 Nbf   :          504
 T(el) :   300.0
 calculating S/T integrals ...
 cpu time for ints   0.458405000000000     
 Nao   :          498
 making H0...
 making H1...
 cpu time for H      0.146884000000000     
 solving ...
 cpu time for diag   0.181546000000000     
 
 gap (eV)           :   1.318
 Koopmans IP (eV)   :  11.735
 Eel (Eh)           :  -384.903106
 T,E(Fermi),NFOD :    300.000   -11.076  0.000000
 T,E(Fermi),NFOD :    300.000   -11.076  0.000000
 Nfod               :  0.0000
 Nfod/Nel           :  0.0000

          eigenvalues
 #    :         235        236        237        238        239        240        241        242
 occ. :        2.000      2.000      2.000      2.000      2.000      2.000      2.000      2.000
 eps  :       -15.275    -15.035    -14.975    -14.890    -14.679    -14.589    -14.467    -14.407
 #    :         243        244        245        246        247        248        249        250
 occ. :        2.000      2.000      2.000      2.000      2.000      0.000      0.000      0.000
 eps  :       -13.927    -13.739    -13.415    -12.822    -11.736    -10.418     -9.750     -9.449
 #    :         251        252        253        254        255        256        257        258
 occ. :        0.000      0.000      0.000      0.000      0.000      0.000      0.000      0.000
 eps  :        -9.405     -8.890     -8.871     -8.789     -8.042     -7.662     -7.639     -7.568
                            1  SCC done.
 making H1...
 cpu time for H      0.258251000000000     
 solving ...
 cpu time for diag   0.129371000000000     
 
 gap (eV)           :   2.032
 Koopmans IP (eV)   :  11.970
 Eel (Eh)           :  -385.026410
 T,E(Fermi),NFOD :    300.000   -10.954  0.000000
 T,E(Fermi),NFOD :    300.000   -10.954  0.000000
 Nfod               :  0.0000
 Nfod/Nel           :  0.0000

          eigenvalues
 #    :         235        236        237        238        239        240        241        242
 occ. :        2.000      2.000      2.000      2.000      2.000      2.000      2.000      2.000
 eps  :       -14.796    -14.625    -14.443    -14.438    -14.390    -14.382    -14.283    -13.945
 #    :         243        244        245        246        247        248        249        250
 occ. :        2.000      2.000      2.000      2.000      2.000      0.000      0.000      0.000
 eps  :       -13.736    -13.650    -13.281    -13.122    -11.971     -9.939     -9.810     -9.575
 #    :         251        252        253        254        255        256        257        258
 occ. :        0.000      0.000      0.000      0.000      0.000      0.000      0.000      0.000
 eps  :        -9.373     -8.793     -8.751     -8.671     -8.124     -7.721     -7.656     -7.558
                            2  SCC done.
 
 
 Mulliken/CM5 charges    n(s)   n(p)   n(d)   
    1 C  -0.0023 -0.0518   1.166  2.836  0.000
    2 C  -0.0178 -0.0205   1.182  2.836  0.000
    3 C   0.1410  0.1759   1.176  2.683  0.000
    4 O  -0.2190 -0.2684   1.627  4.592  0.000
    5 C  -0.0202 -0.0219   1.188  2.832  0.000
    6 C  -0.0145 -0.0636   1.151  2.864  0.000
    7 C  -0.0086 -0.0161   1.209  2.800  0.000
    8 C  -0.0092 -0.0169   1.208  2.801  0.000
    9 C  -0.0245 -0.0739   1.152  2.872  0.000
   10 C  -0.0053 -0.0085   1.175  2.831  0.000
   11 C   0.0172  0.0165   1.198  2.784  0.000
   12 C   0.0130  0.0193   1.117  2.870  0.000
   13 C   0.0993  0.2177   1.171  2.730  0.000
   14 N  -0.2069 -0.3360   1.642  3.565  0.000
   15 C   0.1002  0.2191   1.170  2.729  0.000
   16 N  -0.2055 -0.3353   1.642  3.564  0.000
   17 C  -0.0286 -0.0840   1.218  2.811  0.000
   18 C  -0.0204 -0.0808   1.194  2.826  0.000
   19 C  -0.0511 -0.1088   1.165  2.886  0.000
   20 C  -0.0522 -0.1099   1.165  2.887  0.000
   21 C  -0.0210 -0.0813   1.194  2.827  0.000
   22 C  -0.0565 -0.1591   1.164  2.893  0.000
   23 C  -0.0309 -0.0863   1.219  2.812  0.000
   24 C   0.0123  0.0018   1.154  2.834  0.000
   25 C  -0.0208 -0.0734   1.142  2.879  0.000
   26 C  -0.0329 -0.0852   1.139  2.894  0.000
   27 C   0.0149  0.0082   1.164  2.821  0.000
   28 C  -0.0337 -0.0872   1.140  2.894  0.000
   29 C  -0.0292 -0.0830   1.143  2.887  0.000
   30 C  -0.0389 -0.0284   1.180  2.859  0.000
   31 C  -0.0259 -0.0261   1.167  2.859  0.000
   32 C   0.0064 -0.0020   1.166  2.827  0.000
   33 C  -0.0410 -0.0948   1.140  2.901  0.000
   34 C  -0.0311 -0.0875   1.136  2.895  0.000
   35 C  -0.0431 -0.0974   1.139  2.904  0.000
   36 C   0.0000 -0.0163   1.183  2.817  0.000
   37 C  -0.0435 -0.1504   1.124  2.919  0.000
   38 C  -0.0897 -0.2411   1.096  2.994  0.000
   39 C  -0.0457 -0.0966   1.144  2.902  0.000
   40 C  -0.0600 -0.0457   1.175  2.885  0.000
   41 S   0.1172  0.0836   1.893  3.937  0.053
   42 C  -0.0520 -0.0299   1.165  2.887  0.000
   43 C  -0.0150 -0.0019   1.152  2.863  0.000
   44 C   0.0157  0.1037   1.204  2.781  0.000
   45 C   0.0159  0.1039   1.204  2.781  0.000
   46 N  -0.2048 -0.3663   1.531  3.673  0.000
   47 S   0.2278  0.3622   1.910  3.710  0.152
   48 N  -0.2045 -0.3660   1.532  3.673  0.000
   49 C  -0.0149 -0.0018   1.153  2.862  0.000
   50 C  -0.0536 -0.0315   1.164  2.889  0.000
   51 S   0.1152  0.0818   1.893  3.938  0.053
   52 C  -0.0615 -0.0472   1.175  2.886  0.000
   53 C  -0.0290 -0.0291   1.165  2.864  0.000
   54 C   0.0065 -0.0016   1.166  2.827  0.000
   55 C  -0.0420 -0.0956   1.140  2.902  0.000
   56 C  -0.0330 -0.0893   1.137  2.896  0.000
   57 C  -0.0446 -0.0990   1.139  2.905  0.000
   58 C  -0.0006 -0.0169   1.183  2.818  0.000
   59 C  -0.0437 -0.1506   1.124  2.919  0.000
   60 C  -0.0896 -0.2410   1.096  2.994  0.000
   61 C  -0.0456 -0.0965   1.144  2.902  0.000
   62 C  -0.0423 -0.0318   1.181  2.861  0.000
   63 S   0.0917  0.0543   1.890  3.967  0.051
   64 C  -0.0538 -0.0362   1.161  2.893  0.000
   65 C  -0.0096  0.0601   1.167  2.843  0.000
   66 N  -0.0850 -0.3430   1.274  3.811  0.000
   67 C   0.0199  0.0883   1.184  2.796  0.000
   68 C   0.0204  0.0887   1.185  2.795  0.000
   69 N  -0.0849 -0.3429   1.274  3.811  0.000
   70 C  -0.0091  0.0605   1.166  2.843  0.000
   71 C  -0.0519 -0.0342   1.162  2.889  0.000
   72 S   0.0951  0.0573   1.890  3.965  0.050
   73 C   0.0279 -0.0210   1.147  2.825  0.000
   74 C  -0.0833 -0.2302   1.093  2.990  0.000
   75 C   0.0279 -0.0209   1.147  2.825  0.000
   76 C  -0.0834 -0.2303   1.093  2.990  0.000
   77 C   0.0067 -0.0003   1.160  2.833  0.000
   78 C  -0.0366 -0.0901   1.142  2.895  0.000
   79 C  -0.0400 -0.0945   1.140  2.900  0.000
   80 C  -0.0121 -0.0252   1.187  2.825  0.000
   81 C  -0.0420 -0.0959   1.140  2.902  0.000
   82 C  -0.0380 -0.0905   1.142  2.896  0.000
   83 C  -0.0134 -0.0728   1.164  2.849  0.000
   84 C  -0.0156 -0.0748   1.174  2.841  0.000
   85 C  -0.0203 -0.0749   1.137  2.884  0.000
   86 C   0.0499  0.0388   1.217  2.733  0.000
   87 C  -0.0227 -0.0111   1.176  2.847  0.000
   88 C   0.1814  0.2816   1.178  2.641  0.000
   89 O  -0.2701 -0.3279   1.620  4.650  0.000
   90 N  -0.1084 -0.3555   1.276  3.832  0.000
   91 C   0.0239 -0.0240   1.156  2.820  0.000
   92 C  -0.0814 -0.2276   1.091  2.991  0.000
   93 C   0.1302  0.2843   1.209  2.661  0.000
   94 S  -0.2779 -0.2956   1.903  4.365  0.010
   95 N  -0.1075 -0.3548   1.276  3.832  0.000
   96 C   0.1838  0.2845   1.178  2.638  0.000
   97 O  -0.2698 -0.3265   1.620  4.650  0.000
   98 C   0.0240 -0.0240   1.156  2.820  0.000
   99 C  -0.0812 -0.2273   1.091  2.990  0.000
  100 C  -0.0403 -0.1415   1.131  2.910  0.000
  101 C  -0.0495 -0.1554   1.149  2.901  0.000
  102 H   0.0602  0.1254   0.940  0.000  0.000
  103 H   0.0511  0.1099   0.949  0.000  0.000
  104 H   0.0534  0.1173   0.947  0.000  0.000
  105 H   0.0469  0.1051   0.953  0.000  0.000
  106 H   0.0461  0.1036   0.954  0.000  0.000
  107 H   0.0461  0.1028   0.954  0.000  0.000
  108 H   0.0456  0.1023   0.954  0.000  0.000
  109 H   0.0451  0.1026   0.955  0.000  0.000
  110 H   0.0406  0.0971   0.959  0.000  0.000
  111 H   0.0325  0.0891   0.967  0.000  0.000
  112 H   0.0464  0.1047   0.954  0.000  0.000
  113 H   0.0473  0.1116   0.953  0.000  0.000
  114 H   0.0406  0.1007   0.959  0.000  0.000
  115 H   0.0452  0.1060   0.955  0.000  0.000
  116 H   0.0417  0.0993   0.958  0.000  0.000
  117 H   0.0392  0.0983   0.961  0.000  0.000
  118 H   0.0423  0.0988   0.958  0.000  0.000
  119 H   0.0365  0.0939   0.964  0.000  0.000
  120 H   0.0357  0.0915   0.964  0.000  0.000
  121 H   0.0366  0.0924   0.963  0.000  0.000
  122 H   0.0289  0.0814   0.971  0.000  0.000
  123 H   0.0330  0.0846   0.967  0.000  0.000
  124 H   0.0315  0.0846   0.968  0.000  0.000
  125 H   0.0363  0.0975   0.964  0.000  0.000
  126 H   0.0391  0.0984   0.961  0.000  0.000
  127 H   0.0411  0.0976   0.959  0.000  0.000
  128 H   0.0358  0.0932   0.964  0.000  0.000
  129 H   0.0367  0.0924   0.963  0.000  0.000
  130 H   0.0353  0.0911   0.965  0.000  0.000
  131 H   0.0330  0.0846   0.967  0.000  0.000
  132 H   0.0317  0.0847   0.968  0.000  0.000
  133 H   0.0286  0.0812   0.971  0.000  0.000
  134 H   0.0362  0.0974   0.964  0.000  0.000
  135 H   0.0569  0.1242   0.943  0.000  0.000
  136 H   0.0527  0.1236   0.947  0.000  0.000
  137 H   0.0424  0.0947   0.958  0.000  0.000
  138 H   0.0343  0.0920   0.966  0.000  0.000
  139 H   0.0338  0.0886   0.966  0.000  0.000
  140 H   0.0526  0.1236   0.947  0.000  0.000
  141 H   0.0566  0.1238   0.943  0.000  0.000
  142 H   0.0338  0.0886   0.966  0.000  0.000
  143 H   0.0343  0.0923   0.966  0.000  0.000
  144 H   0.0424  0.0947   0.958  0.000  0.000
  145 H   0.0434  0.1036   0.957  0.000  0.000
  146 H   0.0380  0.0956   0.962  0.000  0.000
  147 H   0.0429  0.1044   0.957  0.000  0.000
  148 H   0.0396  0.0993   0.960  0.000  0.000
  149 H   0.0490  0.1087   0.951  0.000  0.000
  150 H   0.0523  0.1091   0.948  0.000  0.000
  151 H   0.0564  0.1255   0.944  0.000  0.000
  152 H   0.0544  0.1287   0.946  0.000  0.000
  153 H   0.0559  0.1257   0.944  0.000  0.000
  154 H   0.0312  0.0872   0.969  0.000  0.000
  155 H   0.0433  0.0957   0.957  0.000  0.000
  156 H   0.0344  0.0905   0.966  0.000  0.000
  157 H   0.0547  0.1291   0.945  0.000  0.000
  158 H   0.0561  0.1259   0.944  0.000  0.000
  159 H   0.0435  0.0960   0.956  0.000  0.000
  160 H   0.0309  0.0868   0.969  0.000  0.000
  161 H   0.0344  0.0904   0.966  0.000  0.000
  162 H   0.0552  0.1192   0.945  0.000  0.000
  163 H   0.0540  0.1164   0.946  0.000  0.000
  164 H   0.0329  0.0895   0.967  0.000  0.000
  165 H   0.0404  0.0968   0.960  0.000  0.000
 Hirshfeld charges for QMDFF written to <charges>
 
 Loewdin charges    n(s)   n(p)   n(d)
    1 C   0.0074   1.112  2.881  0.000
    2 C  -0.0236   1.144  2.880  0.000
    3 C   0.1322   1.142  2.726  0.000
    4 O  -0.2032   1.595  4.608  0.000
    5 C  -0.0221   1.148  2.874  0.000
    6 C  -0.0106   1.098  2.913  0.000
    7 C  -0.0043   1.169  2.836  0.000
    8 C  -0.0041   1.168  2.836  0.000
    9 C  -0.0226   1.100  2.923  0.000
   10 C  -0.0014   1.132  2.869  0.000
   11 C   0.0280   1.154  2.818  0.000
   12 C   0.0019   1.075  2.923  0.000
   13 C   0.0931   1.137  2.770  0.000
   14 N  -0.1961   1.604  3.592  0.000
   15 C   0.0937   1.137  2.770  0.000
   16 N  -0.1945   1.604  3.591  0.000
   17 C  -0.0222   1.172  2.850  0.000
   18 C  -0.0107   1.146  2.865  0.000
   19 C  -0.0436   1.114  2.929  0.000
   20 C  -0.0447   1.114  2.930  0.000
   21 C  -0.0113   1.146  2.865  0.000
   22 C  -0.0519   1.106  2.946  0.000
   23 C  -0.0245   1.173  2.851  0.000
   24 C   0.0173   1.110  2.873  0.000
   25 C  -0.0157   1.088  2.927  0.000
   26 C  -0.0288   1.086  2.942  0.000
   27 C   0.0214   1.120  2.859  0.000
   28 C  -0.0300   1.087  2.943  0.000
   29 C  -0.0229   1.089  2.934  0.000
   30 C  -0.0190   1.136  2.883  0.000
   31 C  -0.0277   1.128  2.900  0.000
   32 C   0.0134   1.122  2.865  0.000
   33 C  -0.0369   1.087  2.950  0.000
   34 C  -0.0227   1.081  2.941  0.000
   35 C  -0.0393   1.087  2.953  0.000
   36 C   0.0083   1.139  2.853  0.000
   37 C  -0.0379   1.063  2.975  0.000
   38 C  -0.0910   1.023  3.068  0.000
   39 C  -0.0448   1.092  2.952  0.000
   40 C  -0.0396   1.132  2.907  0.000
   41 S   0.0779   1.880  3.936  0.107
   42 C  -0.0321   1.122  2.910  0.000
   43 C  -0.0223   1.114  2.908  0.000
   44 C   0.0105   1.170  2.820  0.000
   45 C   0.0107   1.170  2.820  0.000
   46 N  -0.1657   1.494  3.672  0.000
   47 S   0.1640   1.903  3.716  0.217
   48 N  -0.1656   1.494  3.671  0.000
   49 C  -0.0221   1.114  2.908  0.000
   50 C  -0.0341   1.121  2.913  0.000
   51 S   0.0760   1.880  3.937  0.107
   52 C  -0.0409   1.132  2.909  0.000
   53 C  -0.0314   1.126  2.906  0.000
   54 C   0.0135   1.122  2.865  0.000
   55 C  -0.0381   1.087  2.951  0.000
   56 C  -0.0245   1.082  2.943  0.000
   57 C  -0.0409   1.086  2.954  0.000
   58 C   0.0077   1.139  2.853  0.000
   59 C  -0.0381   1.063  2.975  0.000
   60 C  -0.0909   1.023  3.068  0.000
   61 C  -0.0448   1.092  2.952  0.000
   62 C  -0.0218   1.137  2.885  0.000
   63 S   0.0539   1.876  3.964  0.106
   64 C  -0.0335   1.118  2.916  0.000
   65 C  -0.0219   1.136  2.886  0.000
   66 N  -0.0419   1.232  3.810  0.000
   67 C   0.0091   1.152  2.838  0.000
   68 C   0.0098   1.153  2.837  0.000
   69 N  -0.0419   1.233  3.809  0.000
   70 C  -0.0215   1.135  2.886  0.000
   71 C  -0.0311   1.119  2.912  0.000
   72 S   0.0571   1.876  3.962  0.105
   73 C   0.0276   1.090  2.882  0.000
   74 C  -0.0851   1.020  3.065  0.000
   75 C   0.0276   1.090  2.882  0.000
   76 C  -0.0852   1.020  3.065  0.000
   77 C   0.0119   1.116  2.872  0.000
   78 C  -0.0321   1.089  2.943  0.000
   79 C  -0.0351   1.087  2.949  0.000
   80 C  -0.0059   1.145  2.861  0.000
   81 C  -0.0377   1.087  2.951  0.000
   82 C  -0.0333   1.089  2.945  0.000
   83 C  -0.0056   1.113  2.892  0.000
   84 C  -0.0026   1.120  2.882  0.000
   85 C  -0.0191   1.084  2.935  0.000
   86 C   0.0665   1.172  2.762  0.000
   87 C  -0.0379   1.141  2.897  0.000
   88 C   0.1634   1.149  2.688  0.000
   89 O  -0.2562   1.590  4.666  0.000
   90 N  -0.0721   1.238  3.834  0.000
   91 C   0.0259   1.099  2.875  0.000
   92 C  -0.0832   1.018  3.065  0.000
   93 C   0.1577   1.165  2.677  0.000
   94 S  -0.3290   1.893  4.381  0.055
   95 N  -0.0712   1.238  3.833  0.000
   96 C   0.1658   1.150  2.685  0.000
   97 O  -0.2558   1.589  4.666  0.000
   98 C   0.0259   1.099  2.875  0.000
   99 C  -0.0830   1.018  3.065  0.000
  100 C  -0.0378   1.070  2.967  0.000
  101 C  -0.0445   1.090  2.955  0.000
  102 H   0.0494   0.951  0.000  0.000
  103 H   0.0409   0.959  0.000  0.000
  104 H   0.0432   0.957  0.000  0.000
  105 H   0.0389   0.961  0.000  0.000
  106 H   0.0382   0.962  0.000  0.000
  107 H   0.0378   0.962  0.000  0.000
  108 H   0.0374   0.963  0.000  0.000
  109 H   0.0374   0.963  0.000  0.000
  110 H   0.0363   0.964  0.000  0.000
  111 H   0.0291   0.971  0.000  0.000
  112 H   0.0386   0.961  0.000  0.000
  113 H   0.0380   0.962  0.000  0.000
  114 H   0.0330   0.967  0.000  0.000
  115 H   0.0367   0.963  0.000  0.000
  116 H   0.0335   0.966  0.000  0.000
  117 H   0.0315   0.969  0.000  0.000
  118 H   0.0343   0.966  0.000  0.000
  119 H   0.0294   0.971  0.000  0.000
  120 H   0.0324   0.968  0.000  0.000
  121 H   0.0332   0.967  0.000  0.000
  122 H   0.0286   0.971  0.000  0.000
  123 H   0.0328   0.967  0.000  0.000
  124 H   0.0311   0.969  0.000  0.000
  125 H   0.0292   0.971  0.000  0.000
  126 H   0.0314   0.969  0.000  0.000
  127 H   0.0334   0.967  0.000  0.000
  128 H   0.0289   0.971  0.000  0.000
  129 H   0.0332   0.967  0.000  0.000
  130 H   0.0321   0.968  0.000  0.000
  131 H   0.0328   0.967  0.000  0.000
  132 H   0.0312   0.969  0.000  0.000
  133 H   0.0284   0.972  0.000  0.000
  134 H   0.0291   0.971  0.000  0.000
  135 H   0.0524   0.948  0.000  0.000
  136 H   0.0469   0.953  0.000  0.000
  137 H   0.0419   0.958  0.000  0.000
  138 H   0.0339   0.966  0.000  0.000
  139 H   0.0328   0.967  0.000  0.000
  140 H   0.0469   0.953  0.000  0.000
  141 H   0.0521   0.948  0.000  0.000
  142 H   0.0328   0.967  0.000  0.000
  143 H   0.0339   0.966  0.000  0.000
  144 H   0.0420   0.958  0.000  0.000
  145 H   0.0350   0.965  0.000  0.000
  146 H   0.0307   0.969  0.000  0.000
  147 H   0.0349   0.965  0.000  0.000
  148 H   0.0320   0.968  0.000  0.000
  149 H   0.0418   0.958  0.000  0.000
  150 H   0.0424   0.958  0.000  0.000
  151 H   0.0460   0.954  0.000  0.000
  152 H   0.0474   0.953  0.000  0.000
  153 H   0.0509   0.949  0.000  0.000
  154 H   0.0307   0.969  0.000  0.000
  155 H   0.0427   0.957  0.000  0.000
  156 H   0.0339   0.966  0.000  0.000
  157 H   0.0477   0.952  0.000  0.000
  158 H   0.0510   0.949  0.000  0.000
  159 H   0.0429   0.957  0.000  0.000
  160 H   0.0304   0.970  0.000  0.000
  161 H   0.0338   0.966  0.000  0.000
  162 H   0.0499   0.950  0.000  0.000
  163 H   0.0491   0.951  0.000  0.000
  164 H   0.0294   0.971  0.000  0.000
  165 H   0.0364   0.964  0.000  0.000
 
 Wiberg/Mayer (AO) data. WBOs > 0.1 written file <wbo>
 largest (>0.05) Wiberg bond orders for each atom
           total WBO             WBO to atom ...
     1  C   3.925    C    2 1.624    C   24 1.109    H  102 0.924    O    4 0.056
     2  C   3.927    C    1 1.624    C   11 1.070    C    3 0.973    O    4 0.066
     3  C   3.906    O    4 1.805    C    5 0.990    C    2 0.973
     4  O   2.164    C    3 1.805    C    2 0.066    C    5 0.061    C    1 0.056
     5  C   3.936    C    6 1.355    C   10 1.283    C    3 0.990    C    8 0.089    O    4 0.061
     6  C   3.962    C    7 1.425    C    5 1.355    H  103 0.941    C    9 0.084
     7  C   3.918    C    6 1.425    C    8 1.307    C   23 0.951    C   10 0.088
     8  C   3.929    C    9 1.433    C    7 1.307    C   17 0.953    C    5 0.089
     9  C   3.957    C    8 1.433    C   10 1.341    H  104 0.935    C    6 0.084
    10  C   3.949    C    9 1.341    C    5 1.283    C   11 1.057    C    7 0.088
    11  C   3.933    C   12 1.486    C    2 1.070    C   10 1.057    N   16 0.095    N   14 0.094
    12  C   3.947    C   11 1.486    C   15 1.058    C   13 1.057    N   14 0.078    N   16 0.078
    13  C   3.941    N   14 2.790    C   12 1.057
    14  N   3.049    C   13 2.790    C   11 0.094    C   12 0.078
    15  C   3.940    N   16 2.793    C   12 1.058
    16  N   3.052    C   15 2.793    C   11 0.095    C   12 0.078
    17  C   3.931    C    8 0.953    C   23 0.949    H  105 0.941    C   18 0.925
    18  C   3.949    C   19 0.991    C   22 0.969    H  106 0.947    C   17 0.925
    19  C   3.964    C   20 1.937    C   18 0.991    H  107 0.937
    20  C   3.964    C   19 1.937    C   21 0.991    H  108 0.937
    21  C   3.948    C   20 0.991    C   22 0.969    H  109 0.947    C   23 0.925
    22  C   3.962    C   18 0.969    C   21 0.969    H  111 0.964    H  110 0.958
    23  C   3.928    C    7 0.951    C   17 0.949    H  112 0.941    C   21 0.925
    24  C   3.942    C   25 1.321    C   29 1.315    C    1 1.109    C   27 0.084
    25  C   3.958    C   26 1.485    C   24 1.321    H  113 0.942    C   28 0.088
    26  C   3.958    C   25 1.485    C   27 1.327    H  114 0.942    C   29 0.089
    27  C   3.939    C   26 1.327    C   28 1.319    C   30 1.083    C   24 0.084
    28  C   3.961    C   29 1.493    C   27 1.319    H  115 0.941    C   25 0.088
    29  C   3.958    C   28 1.493    C   24 1.315    H  116 0.944    C   26 0.089
    30  C   3.902    C   31 1.467    C   27 1.083    S   72 1.082    C   71 0.069
    31  C   3.933    C   30 1.467    C   40 1.213    C   32 0.999    S   72 0.066
    32  C   3.955    C   39 1.379    C   33 1.361    C   31 0.999    C   35 0.103
    33  C   3.970    C   34 1.445    C   32 1.361    H  117 0.945    C   36 0.105
    34  C   3.972    C   33 1.445    C   35 1.423    H  118 0.944    C   39 0.104
    35  C   3.967    C   34 1.423    C   36 1.392    H  119 0.946    C   32 0.103
    36  C   3.949    C   39 1.397    C   35 1.392    C   37 0.981    C   33 0.105
    37  C   3.972    C   38 0.991    C   36 0.981    H  120 0.967    H  121 0.965
    38  C   3.983    C   37 0.991    H  122 0.985    H  124 0.984    H  123 0.980
    39  C   3.967    C   36 1.397    C   32 1.379    H  125 0.944    C   34 0.104
    40  C   3.910    C   71 1.367    C   31 1.213    S   41 1.076    C   42 0.057    S   72 0.051
    41  S   2.486    C   42 1.101    C   40 1.076    C   70 0.055    C   71 0.053
    42  C   3.925    C   70 1.356    C   43 1.196    S   41 1.101    C   40 0.057
    43  C   3.928    C   68 1.283    C   42 1.196    C   44 1.166
    44  C   3.929    N   48 1.426    C   43 1.166    C   45 1.105    S   47 0.074
    45  C   3.930    N   46 1.426    C   49 1.166    C   44 1.105    S   47 0.074
    46  N   3.070    C   45 1.426    S   47 1.280    N   48 0.203
    47  S   2.807    N   46 1.280    N   48 1.279    C   45 0.074    C   44 0.074
    48  N   3.070    C   44 1.426    S   47 1.279    N   46 0.203
    49  C   3.927    C   67 1.285    C   50 1.195    C   45 1.166
    50  C   3.929    C   65 1.360    C   49 1.195    S   51 1.100    C   52 0.058
    51  S   2.486    C   50 1.100    C   52 1.078    C   65 0.055    C   64 0.054
    52  C   3.912    C   64 1.380    C   53 1.199    S   51 1.078    C   50 0.058    S   63 0.052
    53  C   3.942    C   62 1.492    C   52 1.199    C   54 0.998    S   63 0.067
    54  C   3.955    C   61 1.380    C   55 1.364    C   53 0.998    C   57 0.103
    55  C   3.971    C   56 1.444    C   54 1.364    H  126 0.945    C   58 0.105
    56  C   3.972    C   55 1.444    C   57 1.424    H  127 0.944    C   61 0.104
    57  C   3.968    C   56 1.424    C   58 1.392    H  128 0.946    C   54 0.103
    58  C   3.949    C   61 1.398    C   57 1.392    C   59 0.981    C   55 0.105
    59  C   3.972    C   60 0.991    C   58 0.981    H  130 0.967    H  129 0.966
    60  C   3.983    C   59 0.991    H  133 0.985    H  132 0.984    H  131 0.980
    61  C   3.968    C   58 1.398    C   54 1.380    H  134 0.944    C   56 0.104
    62  C   3.906    C   53 1.492    S   63 1.088    C   77 1.053    C   64 0.072
    63  S   2.508    C   64 1.097    C   62 1.088    C   53 0.067    C   52 0.052
    64  C   3.932    C   52 1.380    C   65 1.214    S   63 1.097    C   62 0.072    S   51 0.054
    65  C   3.903    C   50 1.360    C   64 1.214    N   66 1.081    S   51 0.055
    66  N   3.426    C   67 1.091    C   65 1.081    C   75 0.948
    67  C   3.901    C   49 1.285    C   68 1.238    N   66 1.091
    68  C   3.899    C   43 1.283    C   67 1.238    N   69 1.092
    69  N   3.425    C   68 1.092    C   70 1.079    C   73 0.948
    70  C   3.903    C   42 1.356    C   71 1.220    N   69 1.079    S   41 0.055
    71  C   3.926    C   40 1.367    C   70 1.220    S   72 1.099    C   30 0.069    S   41 0.053
    72  S   2.503    C   71 1.099    C   30 1.082    C   31 0.066    C   40 0.051
    73  C   3.931    C   74 1.003    H  136 0.965    H  135 0.960    N   69 0.948
    74  C   3.981    C   73 1.003    H  139 0.985    H  138 0.982    H  137 0.975
    75  C   3.931    C   76 1.003    H  140 0.965    H  141 0.960    N   66 0.948
    76  C   3.981    C   75 1.003    H  142 0.985    H  143 0.982    H  144 0.975
    77  C   3.953    C   82 1.354    C   78 1.345    C   62 1.053    C   80 0.099
    78  C   3.962    C   79 1.458    C   77 1.345    H  145 0.943    C   81 0.101
    79  C   3.970    C   78 1.458    C   80 1.379    H  146 0.945    C   82 0.101
    80  C   3.934    C   81 1.387    C   79 1.379    C   83 0.942    C   77 0.099
    81  C   3.971    C   82 1.449    C   80 1.387    H  147 0.942    C   78 0.101
    82  C   3.960    C   81 1.449    C   77 1.354    H  148 0.943    C   79 0.101
    83  C   3.960    C   84 0.993    C  101 0.953    H  149 0.943    C   80 0.942
    84  C   3.948    C   85 1.796    C   83 0.993    H  150 0.941    C   87 0.097
    85  C   3.969    C   84 1.796    C   86 1.117    H  151 0.924
    86  C   3.915    C   87 1.537    C   85 1.117    C  100 0.985    O   89 0.063    O   97 0.059
    87  C   3.943    C   86 1.537    C   88 1.039    C   96 1.030    C   84 0.097    O   97 0.060    O   89 0.059
    88  C   3.914    O   89 1.749    C   87 1.039    N   90 1.019
    89  O   2.151    C   88 1.749    N   90 0.143    C   86 0.063    C   87 0.059
    90  N   3.493    C   93 1.135    C   88 1.019    C   91 0.933    O   89 0.143    S   94 0.121
    91  C   3.922    C   92 1.008    H  152 0.964    H  153 0.954    N   90 0.933
    92  C   3.984    C   91 1.008    H  154 0.985    H  156 0.981    H  155 0.974
    93  C   3.911    S   94 1.566    N   90 1.135    N   95 1.134
    94  S   1.965    C   93 1.566    N   90 0.121    N   95 0.121
    95  N   3.494    C   93 1.134    C   96 1.022    C   98 0.932    O   97 0.143    S   94 0.121
    96  C   3.914    O   97 1.752    C   87 1.030    N   95 1.022
    97  O   2.150    C   96 1.752    N   95 0.143    C   87 0.060    C   86 0.059
    98  C   3.922    C   99 1.009    H  157 0.964    H  158 0.954    N   95 0.932
    99  C   3.984    C   98 1.009    H  160 0.985    H  161 0.981    H  159 0.974
   100  C   3.971    C  101 0.989    C   86 0.985    H  162 0.941    H  163 0.940
   101  C   3.963    C  100 0.989    H  164 0.966    H  165 0.963    C   83 0.953
   102  H   0.992    C    1 0.924
   103  H   0.996    C    6 0.941
   104  H   0.995    C    9 0.935
   105  H   0.996    C   17 0.941
   106  H   0.997    C   18 0.947
   107  H   0.998    C   19 0.937
   108  H   0.998    C   20 0.937
   109  H   0.997    C   21 0.947
   110  H   0.996    C   22 0.958
   111  H   0.999    C   22 0.964
   112  H   0.995    C   23 0.941
   113  H   0.996    C   25 0.942
   114  H   0.997    C   26 0.942
   115  H   0.996    C   28 0.941
   116  H   0.996    C   29 0.944
   117  H   0.996    C   33 0.945
   118  H   0.995    C   34 0.944
   119  H   0.996    C   35 0.946
   120  H   0.997    C   37 0.967
   121  H   0.998    C   37 0.965
   122  H   0.999    C   38 0.985
   123  H   0.997    C   38 0.980
   124  H   0.999    C   38 0.984
   125  H   0.999    C   39 0.944
   126  H   0.996    C   55 0.945
   127  H   0.995    C   56 0.944
   128  H   0.996    C   57 0.946
   129  H   0.998    C   59 0.966
   130  H   0.997    C   59 0.967
   131  H   0.997    C   60 0.980
   132  H   0.999    C   60 0.984
   133  H   0.999    C   60 0.985
   134  H   0.999    C   61 0.944
   135  H   0.996    C   73 0.960
   136  H   0.996    C   73 0.965
   137  H   0.997    C   74 0.975
   138  H   0.999    C   74 0.982
   139  H   0.999    C   74 0.985
   140  H   0.996    C   75 0.965
   141  H   0.996    C   75 0.960
   142  H   0.999    C   76 0.985
   143  H   0.999    C   76 0.982
   144  H   0.997    C   76 0.975
   145  H   0.996    C   78 0.943
   146  H   0.997    C   79 0.945
   147  H   0.996    C   81 0.942
   148  H   0.997    C   82 0.943
   149  H   0.995    C   83 0.943
   150  H   0.994    C   84 0.941
   151  H   0.996    C   85 0.924
   152  H   0.996    C   91 0.964
   153  H   0.996    C   91 0.954
   154  H   0.999    C   92 0.985
   155  H   0.997    C   92 0.974
   156  H   0.999    C   92 0.981
   157  H   0.996    C   98 0.964
   158  H   0.996    C   98 0.954
   159  H   0.997    C   99 0.974
   160  H   0.999    C   99 0.985
   161  H   0.999    C   99 0.981
   162  H   0.996    C  100 0.941
   163  H   0.997    C  100 0.940
   164  H   0.997    C  101 0.966
   165  H   0.997    C  101 0.963
 
 --------------------------------------------
          xTB calculation for sTDA...
 --------------------------------------------
 
 reading parameter file /ihome/ghutchison/blp62/xtb4stda/.param_stda2.xtb
 
      method parameters     
 k(s)        :  1.6000
 k(p)        :  2.1800
 k(d)        :  1.9500
 k(f)        :  2.0000
 k(R-V)      :  2.2750
 k(R-R)      :  1.7650
 Tscal       :  0.2580
 Gscal       :  1.0000
 fpol        :  1.0000
 Zcnf        :  0.3430
 Zqf         :  0.0000
 kcn         :  2.7000
 Ryd Hsplit  :  0.7000
 lshift(virt):  3.1000
 lshift(OS)  :  0.2000
 wllscaling  :  2.6000
 
 mowrcut     : 3.000
 
  Z AO/shell   Hii/eV     exponent
  1     Sun Feb 14 09:53:25 CET 2016    EN: 2.327 GAM: 0.473  GM3: 0.0000
     1s    -14.339618    1.220000
     2sp    -3.348946    0.600000
  6     Sun Feb 14 09:53:25 CET 2016    EN: 2.731 GAM: 0.422  GM3: 0.0000
     2s    -22.009312    1.565095
     2p    -13.020408    1.596905
     3sp    -3.914040    0.824500
  7     Sun Feb 14 09:53:25 CET 2016    EN: 3.573 GAM: 0.504  GM3: 0.0000
     2s    -25.722000    2.064844
     2p    -18.684912    1.801692
     3sp    -4.344791    0.921400
  8     Sun Feb 14 09:53:25 CET 2016    EN: 3.700 GAM: 0.587  GM3: 0.0000
     2s    -33.859000    2.418661
     2p    -22.175911    1.973969
     3sp    -4.259392    1.013700
 16     Sun Feb 21 16:35:57 CET 2016    EN: 1.915 GAM: 0.200  GM3: 0.0000
     3s    -17.898811    2.619580
     3p    -15.317401    1.798798
     4sp    -4.455139    0.843200
 
 Nbf   :         1128
 T(el) :     0.0
 calculating S/T integrals ...
 cpu time for ints    2.06040900000000     
 Nao   :         1128
 making H0...
 making H1...
 cpu time for H      3.072199999999992E-002
 solving ...
 cpu time for diag    1.70340900000000     
 
 gap (eV)           :   4.299
 Koopmans IP (eV)   :  13.191
 Eel (Eh)           :  -424.407398

          eigenvalues
 #    :         235        236        237        238        239        240        241        242
 occ. :        2.000      2.000      2.000      2.000      2.000      2.000      2.000      2.000
 eps  :       -15.961    -15.950    -15.820    -15.662    -15.567    -15.243    -15.056    -15.023
 #    :         243        244        245        246        247        248        249        250
 occ. :        2.000      2.000      2.000      2.000      2.000      0.000      0.000      0.000
 eps  :       -14.655    -14.263    -14.179    -13.766    -13.192     -8.893     -8.634     -8.497
 #    :         251        252        253        254        255        256        257        258
 occ. :        0.000      0.000      0.000      0.000      0.000      0.000      0.000      0.000
 eps  :        -7.199     -6.910     -6.593     -6.233     -6.049     -5.951     -5.917     -5.779
                            1  SCC done.
 writing mo output ...
 molden style : F
 
speedup  3.23
cpu  time for all    5.72 s
wall time for all    1.77 s
