 
        ______________________________________
       |                                      |
       |          ===================         |
       |             xTB for sTDA             |
       |          ===================         |
       |               S. Grimme              |
       |        Universitaet Bonn, MCTC       |
       |         2015-19, Version 1.0         |
       |     Wed Apr  3 09:14:55 CEST 2019    |
       |______________________________________|
 
        This code comes without any warranty
        for non-commercial, academia use only.
        Preliminary test version.
        Cite this work as:
        S. Grimme  &  C. Bannwarth, JCP 145 (2016) 054103
        if GBSA is used additionally:
        P. Shushkov, F. März, C. Bannwarth, S. Grimme, unpublished.
 
        with help from
        P. Shushkov, G. Brandenburg, S. Dohm, J. Pisarek,
        F. März, M. Checinski, S. Ehrlich, S. Spicher, 
        P. Pracht, E. Caldeweyher, S. Ehlert, and C. Bannwarth.
 
        usage        :
        xtb4stda <coord_file> [options]
        where <coord_file> is a valid file of TM)
        (*coord, Bohr) or xmol (*xyz, Angstroem)
        format.

        options:
        -chrg <int>   : molecular charge
        -uhf  <int>   : # of unpaired electrons(=2*S)
        -nox          : skip second, extended part in sTDA-xTB
        -pop          : do population analysis
                      : (default for -nox)
        -mowr <real>  : cut MO write above (def.3 Eh)
        -molden       : write formatted molden file
        -parx <file>  : read parameters for sTDA-xTB
                        calc (def:~/.param_stda2.xtb)
        -parv <file>  : read parameters for vTB part in
                        sTDA-xTB (def: ~/.param_stda1.xtb)
        -xtemp <real> : el. temp for xTB (def. 0 K)
        -etemp <real> : el. temp for GFN (def. 300 K)
        -fod          : calculate the FOD and write
                        molden.input file with
                        appropriate occupations
                        for plotting. Def. T=12500 K
 
        -acc <real>   : xTB accuracy (def. 1.0)
        -gbsa [string1] [string2]
                        use GBSA implicit solvent
                        for solvent [string1] and
                        solvation state [string2]=
                        reference, bar1M (default=1M)
        additional GFN/opt/MD/siman options read from
        $XTB4STDAHOME/.xtb4stdarc or $set in input
 
       spin and charge state information can be on:
       <.CHRG> (charge) and <.UHF> (=nalpha-nbeta)
       -uhf and -chrg override the file info.
       useful machine settings:
       setenv MKL_NUM_THREADS <NCORE_ON_YOUR_MACHINE>
       setenv OMP_STACKSIZE 500m
       limit stacksize unlimited
 
       total energies in Eh, gaps/HL energies in eV
       please read REVISION and HOWTO files carefully
 =============================
  # OMP threads =           8
 =============================
 
 xtb4stdahome directory:/ihome/ghutchison/blp62/xtb4stda/
 
 
 name of molecule           :
 comment line               :
 number of atoms            :   222
 number of electrons        :   676
 charge                     :  0
 spin                       : 0.0
 first test random number   :  0.4380
 
 -----------------------------------------
      charge density (VTB) calculation
 -----------------------------------------
 
      method parameters     
 k(s)        :  1.8000
 k(p)        :  2.8350
 k(d)        :  2.0860
 k(f)        :  2.0000
 Tscal       :  0.3300
 Gscal       :  0.3910
 fpol        :  1.0000
 Zcnf        :  0.6500
 Zqf         :  0.0000
 kcn         :  0.3000
 kEN1        : -0.5900
 wllscal     :  2.6000
 
     -------------------------
     ! NO SOLVENT MODEL USED !
     -------------------------
 
 doing EN charges ...
 sum q : -0.3330669D-15
 point charge moment (au)
     X       Y       Z   
  -0.4801   0.1335   0.0501  total (Debye):    1.273
 
            Z      q(EN)   CN      Cart. coordinates
     1  C   4.0  -0.074   3.204     5.05010    -1.44243   -18.04046
     2  C   4.0  -0.005   3.292     2.77355    -1.90088   -19.22078
     3  C   4.0   0.101   3.265     0.59337    -3.10860   -18.03403
     4  O   6.0  -0.124   1.277     0.45618    -3.94707   -15.88428
     5  C   4.0  -0.008   3.377    -1.41106    -3.18570   -19.95664
     6  C   4.0  -0.057   3.150    -3.86317    -4.08899   -19.65750
     7  C   4.0   0.002   3.504    -5.35133    -3.81366   -21.76832
     8  C   4.0   0.002   3.504    -4.45673    -2.74332   -24.01615
     9  C   4.0  -0.059   3.154    -2.03297    -1.86195   -24.34080
    10  C   4.0  -0.009   3.374    -0.49605    -2.10024   -22.20919
    11  C   4.0  -0.009   3.334     2.11271    -1.28105   -21.79137
    12  C   4.0  -0.038   3.122     3.56950     0.00964   -23.51273
    13  C   4.0   0.235   2.166     2.80549     0.62210   -25.98789
    14  N   5.0  -0.214   1.027     2.32890     1.19846   -28.02634
    15  C   4.0   0.233   2.166     6.00120     0.98398   -23.04502
    16  N   5.0  -0.213   1.027     7.95423     1.90031   -22.78178
    17  C   4.0  -0.105   4.490    -6.97555    -3.01033   -25.32422
    18  C   4.0  -0.102   4.333    -8.56726    -0.57769   -25.56308
    19  C   4.0  -0.062   3.279   -11.21307    -1.53729   -26.05101
    20  C   4.0  -0.062   3.279   -12.06212    -2.54867   -23.91958
    21  C   4.0  -0.102   4.333   -10.00345    -2.28978   -21.95616
    22  C   4.0  -0.169   4.319    -8.83012     0.22733   -22.78991
    23  C   4.0  -0.105   4.487    -7.97445    -4.20181   -22.81447
    24  C   4.0  -0.080   3.191     5.61778    -1.51669   -15.46741
    25  C   4.0  -0.086   3.360     7.92173    -0.66783   -14.47303
    26  C   4.0   0.058   3.421     7.89679    -0.36472   -11.87920
    27  O   6.0  -0.146   2.147     9.74569     0.47867   -10.34001
    28  C   4.0  -0.110   4.067    12.17569     0.91841   -11.37521
    29  C   4.0  -0.242   4.017    13.87342     1.78485    -9.22829
    30  C   4.0  -0.090   3.315     5.52783    -0.93428   -10.80942
    31  S   6.0   0.236   2.922     3.47936    -2.16978   -13.04327
    32  C   4.0  -0.081   3.310     4.91159    -0.57977    -8.24393
    33  C   4.0   0.081   3.461     2.54603    -0.46657    -7.06247
    34  N   5.0  -0.314   3.246     0.20126    -0.30595    -8.19404
    35  C   4.0   0.084   3.318    -0.27382     0.84981   -10.51444
    36  C   4.0  -0.069   3.209    -2.30301    -0.00397   -11.97311
    37  C   4.0  -0.086   3.267    -2.65960     0.90234   -14.38119
    38  C   4.0  -0.086   3.162    -1.00685     2.68511   -15.39371
    39  S   6.0   0.196   2.272    -1.45566     3.49410   -18.60076
    40  C   4.0  -0.323   3.992     1.44942     5.11530   -19.43791
    41  C   4.0  -0.083   3.229     0.88685     3.68950   -13.88230
    42  C   4.0  -0.073   3.227     1.23872     2.78829   -11.45798
    43  C   4.0   0.071   3.355    -1.89615    -1.00836    -6.67735
    44  C   4.0  -0.070   3.209    -2.24462    -3.51961    -5.97853
    45  C   4.0  -0.086   3.259    -4.04968    -4.14322    -4.20653
    46  C   4.0  -0.087   3.164    -5.52480    -2.25879    -3.11408
    47  S   6.0   0.187   2.246    -7.56117    -3.12731    -0.61492
    48  C   4.0  -0.322   3.991    -7.54681    -0.28969     1.32697
    49  C   4.0  -0.084   3.235    -5.33564     0.21259    -3.98090
    50  C   4.0  -0.070   3.209    -3.53095     0.83375    -5.75988
    51  C   4.0  -0.105   3.491     2.84801    -0.47130    -4.40420
    52  S   6.0   0.236   2.750     0.73132    -0.47375    -1.92525
    53  C   4.0  -0.086   3.355     3.22482    -0.60679     0.25927
    54  C   4.0   0.082   3.471     5.57356    -0.39609    -0.88307
    55  N   5.0  -0.314   3.240     7.77169     0.00454     0.46355
    56  C   4.0   0.086   3.279    10.17391    -0.35716    -0.58260
    57  C   4.0  -0.068   3.195    12.12146     1.34095    -0.04195
    58  C   4.0  -0.086   3.262    14.47946     1.01081    -1.08659
    59  C   4.0  -0.086   3.154    14.96172    -1.01365    -2.70250
    60  S   6.0   0.188   2.249    18.04537    -1.20319    -3.97050
    61  C   4.0  -0.323   3.988    17.95070    -4.00131    -5.95509
    62  C   4.0  -0.083   3.225    13.04308    -2.72064    -3.22236
    63  C   4.0  -0.077   3.247    10.67695    -2.39315    -2.16581
    64  C   4.0   0.080   3.305     7.55569     1.24344     2.81664
    65  C   4.0  -0.068   3.196     8.85715     0.34828     4.91348
    66  C   4.0  -0.083   3.228     8.49942     1.44866     7.25787
    67  C   4.0  -0.086   3.159     6.80963     3.43760     7.53509
    68  S   6.0   0.190   2.252     6.05997     4.80860    10.48609
    69  C   4.0  -0.323   3.990     6.52239     2.19019    12.66060
    70  C   4.0  -0.087   3.266     5.62779     4.43840     5.40783
    71  C   4.0  -0.070   3.213     6.00933     3.36220     3.07251
    72  C   4.0  -0.102   3.465     5.32997    -0.42122    -3.55665
    73  S   6.0   0.234   2.704     7.42549    -0.32938    -6.06167
    74  C   4.0  -0.085   3.349     2.48745    -0.88496     2.85745
    75  C   4.0   0.081   3.467     3.00920    -2.80624     4.56142
    76  N   5.0  -0.315   3.240     4.56369    -4.86434     4.13718
    77  C   4.0   0.082   3.303     5.65954    -6.12309     6.20114
    78  C   4.0  -0.073   3.229     6.63728    -4.76816     8.23902
    79  C   4.0  -0.086   3.267     7.69553    -6.01216    10.26405
    80  C   4.0  -0.086   3.154     7.80835    -8.64134    10.30713
    81  S   6.0   0.188   2.248     9.21298   -10.02273    12.99754
    82  C   4.0  -0.323   3.987     8.73979   -13.38890    12.54324
    83  C   4.0  -0.082   3.220     6.84686   -10.00005     8.27813
    84  C   4.0  -0.069   3.199     5.77689    -8.75075     6.25291
    85  C   4.0   0.086   3.284     4.87134    -5.87100     1.70567
    86  C   4.0  -0.068   3.199     7.21082    -6.83911     0.97529
    87  C   4.0  -0.087   3.268     7.56722    -7.72558    -1.44564
    88  C   4.0  -0.086   3.156     5.61948    -7.61182    -3.21688
    89  S   6.0   0.191   2.253     6.38538    -8.55403    -6.32737
    90  C   4.0  -0.325   3.993     3.66777    -7.58876    -8.17571
    91  C   4.0  -0.084   3.228     3.25449    -6.76919    -2.46023
    92  C   4.0  -0.072   3.218     2.87938    -5.94168    -0.01209
    93  C   4.0  -0.105   3.477     1.58926    -2.48669     6.81322
    94  S   6.0   0.225   2.607     1.14007    -4.33276     9.46696
    95  C   4.0  -0.074   3.232    -1.19979    -2.23233    10.61572
    96  C   4.0   0.086   3.467    -1.64482    -0.23811     8.91346
    97  N   5.0  -0.323   3.254    -3.53152     1.52917     9.02817
    98  C   4.0   0.088   3.298    -5.85664     1.03462    10.17731
    99  C   4.0  -0.069   3.214    -7.06928     2.90659    11.57778
   100  C   4.0  -0.082   3.227    -9.29859     2.39750    12.83804
   101  C   4.0  -0.087   3.159   -10.36118     0.00113    12.71597
   102  S   6.0   0.193   2.260   -13.10317    -0.91614    14.35889
   103  C   4.0  -0.323   3.990   -13.60527     1.63877    16.59160
   104  C   4.0  -0.086   3.269    -9.22186    -1.84022    11.20607
   105  C   4.0  -0.067   3.202    -7.00162    -1.33490     9.95640
   106  C   4.0   0.079   3.319    -3.11578     3.91740     7.92816
   107  C   4.0  -0.071   3.210    -0.85850     5.20506     8.36128
   108  C   4.0  -0.087   3.270    -0.48377     7.55286     7.31078
   109  C   4.0  -0.087   3.155    -2.33362     8.65135     5.78823
   110  S   6.0   0.188   2.250    -1.61175    11.65073     4.52665
   111  C   4.0  -0.323   3.987    -4.50605    12.61940     2.95874
   112  C   4.0  -0.083   3.220    -4.58259     7.36974     5.35681
   113  C   4.0  -0.068   3.197    -4.97111     5.02062     6.43055
   114  C   4.0  -0.104   3.479    -0.00775    -0.41158     6.81019
   115  S   6.0   0.231   2.676     0.17933     1.22870     3.99356
   116  C   4.0  -0.075   3.235    -2.37236    -2.88807    12.89417
   117  C   4.0  -0.003   3.308    -3.61807    -1.26026    14.49798
   118  C   4.0   0.098   3.257    -3.04000     1.45018    14.70358
   119  O   6.0  -0.104   1.068    -1.47909     2.63862    13.50190
   120  C   4.0  -0.007   3.375    -4.55159     2.38710    16.85976
   121  C   4.0  -0.057   3.149    -4.64381     4.84847    17.78232
   122  C   4.0   0.003   3.500    -6.26066     5.16670    19.79167
   123  C   4.0   0.002   3.503    -7.66265     3.17625    20.82667
   124  C   4.0  -0.059   3.156    -7.57440     0.73189    19.94436
   125  C   4.0  -0.007   3.370    -5.95793     0.37587    17.88720
   126  C   4.0  -0.008   3.339    -5.43712    -1.90088    16.41076
   127  C   4.0  -0.039   3.128    -6.70324    -4.15853    16.60030
   128  C   4.0   0.236   2.157    -8.59958    -4.67329    18.39308
   129  N   5.0  -0.216   1.028   -10.14480    -5.19618    19.82549
   130  C   4.0   0.236   2.160    -6.34173    -6.20208    14.93261
   131  N   5.0  -0.215   1.028    -6.18432    -7.90813    13.59941
   132  C   4.0  -0.105   4.488    -8.86603     4.84582    22.80181
   133  C   4.0  -0.102   4.332    -7.80079     4.64079    25.50790
   134  C   4.0  -0.062   3.279    -8.66061     7.05680    26.76702
   135  C   4.0  -0.062   3.279    -7.32949     8.94256    25.78739
   136  C   4.0  -0.102   4.332    -5.54786     7.83273    23.84966
   137  C   4.0  -0.169   4.319    -5.00192     5.26761    25.08536
   138  C   4.0  -0.105   4.487    -7.30001     7.06758    21.64757
   139  H   1.0   0.076   1.012     6.60214    -0.79576   -19.20812
   140  H   1.0   0.075   1.004    -4.47166    -4.90214   -17.88928
   141  H   1.0   0.077   1.006    -1.37723    -1.04615   -26.08615
   142  H   1.0   0.088   1.004    -6.99047    -4.15475   -27.03291
   143  H   1.0   0.087   1.003    -7.82573     0.80748   -26.88456
   144  H   1.0   0.078   1.002   -12.12448    -1.47947   -27.86401
   145  H   1.0   0.078   1.002   -13.82372    -3.50487   -23.59663
   146  H   1.0   0.087   1.003   -10.57396    -2.46439   -19.99065
   147  H   1.0   0.087   1.004    -7.04452     0.67312   -21.87093
   148  H   1.0   0.086   1.003   -10.13195     1.80412   -22.56012
   149  H   1.0   0.088   1.004    -8.65759    -6.14199   -22.84849
   150  H   1.0   0.079   1.005     9.48813    -0.20447   -15.68189
   151  H   1.0   0.079   1.000    12.06382     2.37198   -12.85203
   152  H   1.0   0.078   1.000    12.89473    -0.83375   -12.22615
   153  H   1.0   0.082   0.999    15.80435     1.99290    -9.89026
   154  H   1.0   0.082   1.002    13.81371     0.41461    -7.70120
   155  H   1.0   0.082   0.999    13.21618     3.58368    -8.48903
   156  H   1.0   0.077   1.007    -3.53492    -1.44980   -11.23234
   157  H   1.0   0.076   1.008    -4.17743     0.18765   -15.54054
   158  H   1.0   0.080   1.012     3.06438     3.97390   -18.88422
   159  H   1.0   0.080   1.010     1.51216     6.96874   -18.55824
   160  H   1.0   0.080   1.015     1.40350     5.32600   -21.47881
   161  H   1.0   0.076   1.007     2.12141     5.15423   -14.57697
   162  H   1.0   0.077   1.007     2.74010     3.55760   -10.31034
   163  H   1.0   0.076   1.006    -1.05541    -4.95392    -6.80679
   164  H   1.0   0.076   1.008    -4.29289    -6.07509    -3.60049
   165  H   1.0   0.080   1.012    -5.62798     0.42840     1.45925
   166  H   1.0   0.079   1.009    -8.81652     1.12382     0.55048
   167  H   1.0   0.079   1.015    -8.21521    -0.87400     3.17720
   168  H   1.0   0.076   1.007    -6.55055     1.66882    -3.23597
   169  H   1.0   0.076   1.006    -3.32403     2.76410    -6.38916
   170  H   1.0   0.076   1.006    11.76770     2.93059     1.18731
   171  H   1.0   0.076   1.008    15.97839     2.33287    -0.68087
   172  H   1.0   0.080   1.010    16.54550    -3.77189    -7.43324
   173  H   1.0   0.079   1.015    19.81963    -4.14776    -6.78790
   174  H   1.0   0.079   1.010    17.56670    -5.66181    -4.81162
   175  H   1.0   0.076   1.008    13.34581    -4.32350    -4.44199
   176  H   1.0   0.079   1.014     9.21771    -3.75659    -2.55151
   177  H   1.0   0.076   1.006    10.12988    -1.23418     4.70882
   178  H   1.0   0.076   1.007     9.53178     0.73038     8.86338
   179  H   1.0   0.080   1.011     5.66426     0.49643    11.88146
   180  H   1.0   0.079   1.015     5.55390     2.72498    14.38818
   181  H   1.0   0.079   1.009     8.52040     1.90692    13.04005
   182  H   1.0   0.077   1.009     4.38681     6.04126     5.61022
   183  H   1.0   0.076   1.007     5.06484     4.13019     1.43449
   184  H   1.0   0.078   1.010     6.56623    -2.73179     8.20746
   185  H   1.0   0.076   1.008     8.45048    -4.96261    11.84178
   186  H   1.0   0.080   1.010     6.73574   -13.79103    12.35956
   187  H   1.0   0.079   1.015     9.47868   -14.28236    14.23568
   188  H   1.0   0.079   1.010     9.78935   -14.03670    10.90221
   189  H   1.0   0.076   1.007     6.90090   -12.03585     8.25338
   190  H   1.0   0.076   1.006     5.01420    -9.82601     4.69521
   191  H   1.0   0.076   1.006     8.75661    -6.85744     2.30660
   192  H   1.0   0.076   1.008     9.38022    -8.46918    -2.01256
   193  H   1.0   0.079   1.016     4.17516    -7.90737   -10.13781
   194  H   1.0   0.081   1.014     3.30910    -5.59000    -7.87732
   195  H   1.0   0.079   1.010     2.03731    -8.73847    -7.69024
   196  H   1.0   0.077   1.008     1.67562    -6.75842    -3.74525
   197  H   1.0   0.077   1.009     1.01535    -5.34906     0.56786
   198  H   1.0   0.077   1.007    -6.23269     4.76287    11.70534
   199  H   1.0   0.077   1.008   -10.16654     3.87658    13.93748
   200  H   1.0   0.080   1.012   -11.87863     1.97684    17.64966
   201  H   1.0   0.079   1.010   -14.23115     3.33140    15.61310
   202  H   1.0   0.079   1.016   -15.08152     0.97718    17.85281
   203  H   1.0   0.076   1.008   -10.09057    -3.67930    11.05641
   204  H   1.0   0.076   1.007    -6.12725    -2.78602     8.81992
   205  H   1.0   0.077   1.009     0.54821     4.38246     9.58375
   206  H   1.0   0.076   1.009     1.23437     8.58559     7.68873
   207  H   1.0   0.079   1.010    -4.90384    11.37653     1.37440
   208  H   1.0   0.079   1.015    -4.15211    14.52122     2.27636
   209  H   1.0   0.080   1.010    -6.05619    12.63887     4.30347
   210  H   1.0   0.076   1.007    -6.04712     8.17118     4.18933
   211  H   1.0   0.076   1.006    -6.72591     4.02965     6.09985
   212  H   1.0   0.075   1.011    -2.22213    -4.85981    13.42480
   213  H   1.0   0.075   1.004    -3.53076     6.32983    16.93100
   214  H   1.0   0.077   1.006    -8.64946    -0.78858    20.76884
   215  H   1.0   0.088   1.004   -10.92035     4.96072    22.75419
   216  H   1.0   0.087   1.003    -8.24374     2.88486    26.47563
   217  H   1.0   0.078   1.002   -10.17088     7.15488    28.12007
   218  H   1.0   0.078   1.002    -7.50580    10.93074    26.15853
   219  H   1.0   0.087   1.003    -3.93649     8.98489    23.30750
   220  H   1.0   0.087   1.004    -4.02077     3.93857    23.86006
   221  H   1.0   0.086   1.003    -3.97239     5.46055    26.85603
   222  H   1.0   0.088   1.004    -8.31101     8.66439    20.83366
 
  Z AO/shell   Hii/eV     exponent
  1     Sat Feb 20 21:38:01 CET 2016    EN: 2.327 GAM: 0.473  GM3: 0.0000
     1s    -13.751157    1.051071
  6     Sat Feb 20 21:38:01 CET 2016    EN: 2.731 GAM: 0.422  GM3: 0.0000
     2s    -19.378245    2.021003
     2p    -11.993376    1.497917
  7     Sat Feb 20 21:38:01 CET 2016    EN: 3.573 GAM: 0.504  GM3: 0.0000
     2s    -21.576984    2.275442
     2p    -16.125120    2.056788
  8     Sat Feb 20 21:38:01 CET 2016    EN: 3.700 GAM: 0.587  GM3: 0.0000
     2s    -21.648843    2.110798
     2p    -17.239740    2.329048
 16     Sat Feb 20 23:13:41 CET 2016    EN: 1.915 GAM: 0.389  GM3: 0.0000
     3s    -22.000000    2.671470
     3p    -15.834192    1.836978
     3d     -2.593599    1.836978
 
 dipole moment of classical point charges (au)
     X       Y       Z   
  -0.4801   0.1335   0.0501  total (Debye):    1.273

 
 Nbf   :          714
 T(el) :   300.0
 calculating S/T integrals ...
 cpu time for ints    1.27203200000000     
 Nao   :          701
 making H0...
 making H1...
 cpu time for H      0.149287000000000     
 solving ...
 cpu time for diag    2.29229600000000     
 
 gap (eV)           :   1.891
 Koopmans IP (eV)   :  11.734
 Eel (Eh)           :  -525.084911
 T,E(Fermi),NFOD :    300.000   -10.788  0.000000
 T,E(Fermi),NFOD :    300.000   -10.788  0.000000
 Nfod               :  0.0000
 Nfod/Nel           :  0.0000

          eigenvalues
 #    :         326        327        328        329        330        331        332        333
 occ. :        2.000      2.000      2.000      2.000      2.000      2.000      2.000      2.000
 eps  :       -14.130    -14.117    -13.998    -13.967    -13.900    -13.877    -13.760    -13.127
 #    :         334        335        336        337        338        339        340        341
 occ. :        2.000      2.000      2.000      2.000      2.000      0.000      0.000      0.000
 eps  :       -12.876    -12.589    -12.452    -12.218    -11.735     -9.844     -9.739     -9.632
 #    :         342        343        344        345        346        347        348        349
 occ. :        0.000      0.000      0.000      0.000      0.000      0.000      0.000      0.000
 eps  :        -9.333     -9.160     -9.032     -8.350     -7.791     -7.718     -7.562     -7.489
                            1  SCC done.
 making H1...
 cpu time for H       2.42248100000000     
 solving ...
 cpu time for diag   0.223224000000001     
 
 gap (eV)           :   2.008
 Koopmans IP (eV)   :  11.991
 Eel (Eh)           :  -526.230397
 T,E(Fermi),NFOD :    300.000   -10.987  0.000000
 T,E(Fermi),NFOD :    300.000   -10.987  0.000000
 Nfod               :  0.0000
 Nfod/Nel           :  0.0000

          eigenvalues
 #    :         326        327        328        329        330        331        332        333
 occ. :        2.000      2.000      2.000      2.000      2.000      2.000      2.000      2.000
 eps  :       -14.013    -13.977    -13.829    -13.700    -13.631    -13.589    -13.571    -13.172
 #    :         334        335        336        337        338        339        340        341
 occ. :        2.000      2.000      2.000      2.000      2.000      0.000      0.000      0.000
 eps  :       -12.940    -12.642    -12.567    -12.378    -11.992     -9.984     -9.771     -9.399
 #    :         342        343        344        345        346        347        348        349
 occ. :        0.000      0.000      0.000      0.000      0.000      0.000      0.000      0.000
 eps  :        -9.364     -9.288     -9.199     -8.520     -7.865     -7.776     -7.640     -7.514
                            2  SCC done.
 
 
 Mulliken/CM5 charges    n(s)   n(p)   n(d)   
    1 C   0.0013 -0.0466   1.151  2.848  0.000
    2 C  -0.0299 -0.0317   1.166  2.864  0.000
    3 C   0.1325  0.1674   1.176  2.692  0.000
    4 O  -0.2305 -0.2786   1.622  4.609  0.000
    5 C  -0.0155 -0.0174   1.185  2.831  0.000
    6 C  -0.0182 -0.0678   1.151  2.868  0.000
    7 C  -0.0163 -0.0249   1.209  2.807  0.000
    8 C  -0.0160 -0.0248   1.208  2.808  0.000
    9 C  -0.0276 -0.0772   1.152  2.875  0.000
   10 C  -0.0043 -0.0074   1.174  2.830  0.000
   11 C   0.0201  0.0193   1.196  2.784  0.000
   12 C  -0.0077 -0.0018   1.114  2.893  0.000
   13 C   0.0953  0.2138   1.172  2.733  0.000
   14 N  -0.2196 -0.3494   1.642  3.577  0.000
   15 C   0.0972  0.2144   1.173  2.730  0.000
   16 N  -0.2269 -0.3575   1.643  3.584  0.000
   17 C  -0.0288 -0.0840   1.219  2.810  0.000
   18 C  -0.0208 -0.0812   1.193  2.828  0.000
   19 C  -0.0473 -0.1059   1.166  2.881  0.000
   20 C  -0.0490 -0.1075   1.166  2.882  0.000
   21 C  -0.0218 -0.0821   1.193  2.829  0.000
   22 C  -0.0632 -0.1652   1.159  2.904  0.000
   23 C  -0.0314 -0.0865   1.220  2.812  0.000
   24 C  -0.0062  0.0000   1.160  2.846  0.000
   25 C  -0.0744 -0.1230   1.144  2.930  0.000
   26 C   0.0575  0.0801   1.150  2.793  0.000
   27 O  -0.1518 -0.2383   1.457  4.694  0.000
   28 C   0.0497 -0.0331   1.134  2.816  0.000
   29 C  -0.0803 -0.2296   1.088  2.993  0.000
   30 C  -0.0550 -0.0385   1.193  2.862  0.000
   31 S   0.1243  0.0921   1.893  3.915  0.067
   32 C  -0.0365 -0.0196   1.167  2.870  0.000
   33 C   0.0222  0.0903   1.176  2.802  0.000
   34 N  -0.1123 -0.3545   1.232  3.880  0.000
   35 C   0.0422  0.1004   1.172  2.786  0.000
   36 C  -0.0352 -0.0825   1.137  2.898  0.000
   37 C  -0.0327 -0.0839   1.133  2.900  0.000
   38 C  -0.0082 -0.0036   1.165  2.843  0.000
   39 S  -0.0302 -0.0748   1.891  4.112  0.027
   40 C  -0.0767 -0.2113   1.075  3.002  0.000
   41 C  -0.0527 -0.1053   1.134  2.919  0.000
   42 C  -0.0516 -0.0991   1.140  2.912  0.000
   43 C   0.0456  0.0990   1.177  2.777  0.000
   44 C  -0.0342 -0.0828   1.142  2.892  0.000
   45 C  -0.0346 -0.0861   1.137  2.897  0.000
   46 C  -0.0034  0.0010   1.167  2.836  0.000
   47 S  -0.0370 -0.0804   1.892  4.118  0.026
   48 C  -0.0770 -0.2117   1.076  3.001  0.000
   49 C  -0.0419 -0.0944   1.136  2.906  0.000
   50 C  -0.0320 -0.0797   1.143  2.889  0.000
   51 C  -0.0535 -0.0335   1.168  2.886  0.000
   52 S   0.0936  0.0571   1.895  3.957  0.055
   53 C  -0.0592 -0.0407   1.174  2.885  0.000
   54 C   0.0363  0.1047   1.169  2.794  0.000
   55 N  -0.1175 -0.3591   1.230  3.887  0.000
   56 C   0.0384  0.0952   1.172  2.789  0.000
   57 C  -0.0453 -0.0934   1.139  2.907  0.000
   58 C  -0.0419 -0.0935   1.133  2.909  0.000
   59 C  -0.0103 -0.0066   1.166  2.845  0.000
   60 S  -0.0304 -0.0751   1.891  4.113  0.027
   61 C  -0.0740 -0.2091   1.072  3.001  0.000
   62 C  -0.0523 -0.1056   1.133  2.919  0.000
   63 C  -0.0550 -0.1031   1.142  2.913  0.000
   64 C   0.0408  0.0949   1.175  2.784  0.000
   65 C  -0.0380 -0.0871   1.139  2.899  0.000
   66 C  -0.0456 -0.0996   1.137  2.909  0.000
   67 C  -0.0099 -0.0059   1.167  2.843  0.000
   68 S  -0.0317 -0.0768   1.892  4.113  0.027
   69 C  -0.0756 -0.2103   1.075  3.001  0.000
   70 C  -0.0388 -0.0906   1.137  2.902  0.000
   71 C  -0.0432 -0.0910   1.142  2.902  0.000
   72 C  -0.0629 -0.0439   1.172  2.891  0.000
   73 S   0.0992  0.0660   1.895  3.952  0.054
   74 C  -0.0526 -0.0343   1.179  2.874  0.000
   75 C   0.0346  0.1025   1.169  2.797  0.000
   76 N  -0.1169 -0.3590   1.226  3.891  0.000
   77 C   0.0372  0.0929   1.173  2.790  0.000
   78 C  -0.0521 -0.1001   1.142  2.910  0.000
   79 C  -0.0436 -0.0950   1.133  2.911  0.000
   80 C  -0.0082 -0.0037   1.165  2.843  0.000
   81 S  -0.0294 -0.0731   1.890  4.112  0.027
   82 C  -0.0728 -0.2076   1.072  3.001  0.000
   83 C  -0.0509 -0.1038   1.133  2.918  0.000
   84 C  -0.0433 -0.0918   1.139  2.905  0.000
   85 C   0.0397  0.0956   1.172  2.788  0.000
   86 C  -0.0397 -0.0888   1.139  2.901  0.000
   87 C  -0.0402 -0.0938   1.135  2.906  0.000
   88 C  -0.0118 -0.0080   1.167  2.845  0.000
   89 S  -0.0307 -0.0748   1.890  4.113  0.027
   90 C  -0.0762 -0.2111   1.074  3.002  0.000
   91 C  -0.0557 -0.1088   1.134  2.922  0.000
   92 C  -0.0502 -0.0981   1.141  2.909  0.000
   93 C  -0.0490 -0.0296   1.172  2.877  0.000
   94 S   0.0981  0.0630   1.893  3.961  0.048
   95 C  -0.0216 -0.0090   1.163  2.859  0.000
   96 C   0.0533  0.1238   1.179  2.768  0.000
   97 N  -0.0877 -0.3349   1.225  3.863  0.000
   98 C   0.0438  0.1009   1.171  2.785  0.000
   99 C  -0.0390 -0.0870   1.141  2.898  0.000
  100 C  -0.0544 -0.1072   1.134  2.920  0.000
  101 C  -0.0102 -0.0055   1.167  2.843  0.000
  102 S  -0.0188 -0.0629   1.890  4.102  0.027
  103 C  -0.0768 -0.2117   1.074  3.003  0.000
  104 C  -0.0403 -0.0916   1.135  2.906  0.000
  105 C  -0.0447 -0.0927   1.140  2.904  0.000
  106 C   0.0440  0.0994   1.172  2.784  0.000
  107 C  -0.0337 -0.0813   1.142  2.892  0.000
  108 C  -0.0394 -0.0913   1.133  2.906  0.000
  109 C  -0.0076 -0.0030   1.167  2.841  0.000
  110 S  -0.0260 -0.0698   1.890  4.109  0.027
  111 C  -0.0738 -0.2087   1.073  3.001  0.000
  112 C  -0.0548 -0.1076   1.133  2.922  0.000
  113 C  -0.0441 -0.0924   1.140  2.904  0.000
  114 C  -0.0460 -0.0259   1.164  2.882  0.000
  115 S   0.1000  0.0657   1.894  3.955  0.051
  116 C   0.0017 -0.0443   1.156  2.843  0.000
  117 C  -0.0369 -0.0382   1.173  2.864  0.000
  118 C   0.1270  0.1626   1.177  2.696  0.000
  119 O  -0.2531 -0.3019   1.629  4.624  0.000
  120 C  -0.0237 -0.0259   1.190  2.833  0.000
  121 C  -0.0209 -0.0705   1.151  2.870  0.000
  122 C  -0.0199 -0.0287   1.210  2.809  0.000
  123 C  -0.0197 -0.0291   1.209  2.810  0.000
  124 C  -0.0292 -0.0796   1.154  2.876  0.000
  125 C  -0.0072 -0.0108   1.175  2.832  0.000
  126 C   0.0132  0.0127   1.197  2.790  0.000
  127 C   0.0015  0.0079   1.113  2.885  0.000
  128 C   0.0949  0.2137   1.171  2.734  0.000
  129 N  -0.2164 -0.3466   1.642  3.574  0.000
  130 C   0.0949  0.2134   1.172  2.733  0.000
  131 N  -0.2208 -0.3505   1.642  3.578  0.000
  132 C  -0.0300 -0.0852   1.220  2.810  0.000
  133 C  -0.0206 -0.0810   1.192  2.828  0.000
  134 C  -0.0471 -0.1057   1.166  2.881  0.000
  135 C  -0.0481 -0.1067   1.166  2.882  0.000
  136 C  -0.0210 -0.0813   1.193  2.828  0.000
  137 C  -0.0632 -0.1653   1.159  2.904  0.000
  138 C  -0.0319 -0.0871   1.220  2.812  0.000
  139 H   0.0596  0.1268   0.940  0.000  0.000
  140 H   0.0493  0.1080   0.951  0.000  0.000
  141 H   0.0522  0.1163   0.948  0.000  0.000
  142 H   0.0469  0.1056   0.953  0.000  0.000
  143 H   0.0461  0.1039   0.954  0.000  0.000
  144 H   0.0468  0.1030   0.953  0.000  0.000
  145 H   0.0464  0.1026   0.954  0.000  0.000
  146 H   0.0446  0.1024   0.955  0.000  0.000
  147 H   0.0376  0.0972   0.962  0.000  0.000
  148 H   0.0370  0.0937   0.963  0.000  0.000
  149 H   0.0465  0.1052   0.953  0.000  0.000
  150 H   0.0566  0.1164   0.943  0.000  0.000
  151 H   0.0396  0.1022   0.960  0.000  0.000
  152 H   0.0383  0.1010   0.962  0.000  0.000
  153 H   0.0388  0.0913   0.961  0.000  0.000
  154 H   0.0345  0.0922   0.965  0.000  0.000
  155 H   0.0317  0.0863   0.968  0.000  0.000
  156 H   0.0414  0.1039   0.959  0.000  0.000
  157 H   0.0462  0.1061   0.954  0.000  0.000
  158 H   0.0476  0.1037   0.952  0.000  0.000
  159 H   0.0466  0.1002   0.953  0.000  0.000
  160 H   0.0561  0.1107   0.944  0.000  0.000
  161 H   0.0446  0.1039   0.955  0.000  0.000
  162 H   0.0382  0.1009   0.962  0.000  0.000
  163 H   0.0441  0.1056   0.956  0.000  0.000
  164 H   0.0469  0.1053   0.953  0.000  0.000
  165 H   0.0480  0.1030   0.952  0.000  0.000
  166 H   0.0455  0.0989   0.954  0.000  0.000
  167 H   0.0547  0.1086   0.945  0.000  0.000
  168 H   0.0461  0.1051   0.954  0.000  0.000
  169 H   0.0413  0.1022   0.959  0.000  0.000
  170 H   0.0409  0.1029   0.959  0.000  0.000
  171 H   0.0444  0.1029   0.956  0.000  0.000
  172 H   0.0477  0.1016   0.952  0.000  0.000
  173 H   0.0557  0.1095   0.944  0.000  0.000
  174 H   0.0475  0.1012   0.952  0.000  0.000
  175 H   0.0455  0.1050   0.954  0.000  0.000
  176 H   0.0457  0.1138   0.954  0.000  0.000
  177 H   0.0427  0.1045   0.957  0.000  0.000
  178 H   0.0477  0.1068   0.952  0.000  0.000
  179 H   0.0474  0.1022   0.953  0.000  0.000
  180 H   0.0565  0.1104   0.943  0.000  0.000
  181 H   0.0452  0.0985   0.955  0.000  0.000
  182 H   0.0487  0.1087   0.951  0.000  0.000
  183 H   0.0410  0.1036   0.959  0.000  0.000
  184 H   0.0434  0.1092   0.957  0.000  0.000
  185 H   0.0437  0.1024   0.956  0.000  0.000
  186 H   0.0484  0.1022   0.952  0.000  0.000
  187 H   0.0560  0.1098   0.944  0.000  0.000
  188 H   0.0468  0.1005   0.953  0.000  0.000
  189 H   0.0456  0.1047   0.954  0.000  0.000
  190 H   0.0406  0.1025   0.959  0.000  0.000
  191 H   0.0431  0.1053   0.957  0.000  0.000
  192 H   0.0460  0.1049   0.954  0.000  0.000
  193 H   0.0583  0.1126   0.942  0.000  0.000
  194 H   0.0482  0.1061   0.952  0.000  0.000
  195 H   0.0471  0.1008   0.953  0.000  0.000
  196 H   0.0473  0.1079   0.953  0.000  0.000
  197 H   0.0416  0.1055   0.958  0.000  0.000
  198 H   0.0448  0.1092   0.955  0.000  0.000
  199 H   0.0464  0.1061   0.954  0.000  0.000
  200 H   0.0492  0.1054   0.951  0.000  0.000
  201 H   0.0452  0.0987   0.955  0.000  0.000
  202 H   0.0568  0.1107   0.943  0.000  0.000
  203 H   0.0492  0.1089   0.951  0.000  0.000
  204 H   0.0422  0.1047   0.958  0.000  0.000
  205 H   0.0485  0.1156   0.952  0.000  0.000
  206 H   0.0473  0.1063   0.953  0.000  0.000
  207 H   0.0466  0.1002   0.953  0.000  0.000
  208 H   0.0563  0.1100   0.944  0.000  0.000
  209 H   0.0476  0.1014   0.952  0.000  0.000
  210 H   0.0441  0.1032   0.956  0.000  0.000
  211 H   0.0390  0.1004   0.961  0.000  0.000
  212 H   0.0645  0.1295   0.935  0.000  0.000
  213 H   0.0497  0.1083   0.950  0.000  0.000
  214 H   0.0534  0.1174   0.947  0.000  0.000
  215 H   0.0462  0.1049   0.954  0.000  0.000
  216 H   0.0462  0.1040   0.954  0.000  0.000
  217 H   0.0471  0.1033   0.953  0.000  0.000
  218 H   0.0468  0.1030   0.953  0.000  0.000
  219 H   0.0454  0.1031   0.955  0.000  0.000
  220 H   0.0363  0.0956   0.964  0.000  0.000
  221 H   0.0378  0.0946   0.962  0.000  0.000
  222 H   0.0458  0.1045   0.954  0.000  0.000
 Hirshfeld charges for QMDFF written to <charges>
 
 Loewdin charges    n(s)   n(p)   n(d)
    1 C   0.0078   1.097  2.895  0.000
    2 C  -0.0386   1.128  2.910  0.000
    3 C   0.1240   1.142  2.734  0.000
    4 O  -0.2110   1.591  4.620  0.000
    5 C  -0.0173   1.145  2.873  0.000
    6 C  -0.0143   1.098  2.917  0.000
    7 C  -0.0117   1.169  2.843  0.000
    8 C  -0.0108   1.168  2.843  0.000
    9 C  -0.0256   1.100  2.926  0.000
   10 C  -0.0008   1.132  2.869  0.000
   11 C   0.0310   1.152  2.817  0.000
   12 C  -0.0196   1.073  2.946  0.000
   13 C   0.0896   1.138  2.773  0.000
   14 N  -0.2088   1.604  3.604  0.000
   15 C   0.0920   1.139  2.769  0.000
   16 N  -0.2159   1.605  3.611  0.000
   17 C  -0.0223   1.174  2.849  0.000
   18 C  -0.0110   1.144  2.867  0.000
   19 C  -0.0391   1.115  2.924  0.000
   20 C  -0.0408   1.115  2.925  0.000
   21 C  -0.0121   1.145  2.867  0.000
   22 C  -0.0600   1.102  2.958  0.000
   23 C  -0.0248   1.174  2.850  0.000
   24 C   0.0161   1.115  2.869  0.000
   25 C  -0.0726   1.094  2.979  0.000
   26 C   0.0432   1.118  2.839  0.000
   27 O  -0.1131   1.419  4.694  0.000
   28 C   0.0462   1.078  2.876  0.000
   29 C  -0.0827   1.015  3.068  0.000
   30 C  -0.0331   1.148  2.885  0.000
   31 S   0.0804   1.881  3.914  0.125
   32 C  -0.0218   1.126  2.896  0.000
   33 C   0.0124   1.144  2.844  0.000
   34 N  -0.0728   1.191  3.882  0.000
   35 C   0.0388   1.136  2.826  0.000
   36 C  -0.0326   1.084  2.948  0.000
   37 C  -0.0287   1.080  2.949  0.000
   38 C   0.0201   1.117  2.863  0.000
   39 S  -0.0685   1.879  4.109  0.081
   40 C  -0.0545   0.997  3.058  0.000
   41 C  -0.0496   1.081  2.969  0.000
   42 C  -0.0480   1.088  2.960  0.000
   43 C   0.0435   1.140  2.816  0.000
   44 C  -0.0308   1.090  2.941  0.000
   45 C  -0.0300   1.084  2.946  0.000
   46 C   0.0255   1.118  2.856  0.000
   47 S  -0.0756   1.880  4.116  0.080
   48 C  -0.0548   0.998  3.057  0.000
   49 C  -0.0383   1.084  2.955  0.000
   50 C  -0.0278   1.090  2.938  0.000
   51 C  -0.0339   1.125  2.909  0.000
   52 S   0.0541   1.882  3.954  0.109
   53 C  -0.0416   1.132  2.909  0.000
   54 C   0.0240   1.138  2.838  0.000
   55 N  -0.0784   1.189  3.889  0.000
   56 C   0.0349   1.135  2.830  0.000
   57 C  -0.0424   1.086  2.956  0.000
   58 C  -0.0372   1.080  2.957  0.000
   59 C   0.0183   1.117  2.865  0.000
   60 S  -0.0689   1.879  4.110  0.081
   61 C  -0.0515   0.994  3.057  0.000
   62 C  -0.0492   1.081  2.968  0.000
   63 C  -0.0528   1.090  2.963  0.000
   64 C   0.0382   1.138  2.823  0.000
   65 C  -0.0344   1.087  2.948  0.000
   66 C  -0.0417   1.084  2.957  0.000
   67 C   0.0189   1.118  2.863  0.000
   68 S  -0.0706   1.879  4.110  0.081
   69 C  -0.0535   0.996  3.057  0.000
   70 C  -0.0349   1.084  2.950  0.000
   71 C  -0.0395   1.089  2.951  0.000
   72 C  -0.0418   1.129  2.913  0.000
   73 S   0.0589   1.883  3.950  0.108
   74 C  -0.0344   1.137  2.898  0.000
   75 C   0.0216   1.138  2.841  0.000
   76 N  -0.0774   1.184  3.893  0.000
   77 C   0.0340   1.137  2.829  0.000
   78 C  -0.0497   1.090  2.960  0.000
   79 C  -0.0391   1.080  2.959  0.000
   80 C   0.0204   1.116  2.863  0.000
   81 S  -0.0681   1.878  4.109  0.081
   82 C  -0.0500   0.994  3.056  0.000
   83 C  -0.0480   1.080  2.968  0.000
   84 C  -0.0402   1.086  2.954  0.000
   85 C   0.0361   1.135  2.829  0.000
   86 C  -0.0364   1.086  2.950  0.000
   87 C  -0.0353   1.082  2.954  0.000
   88 C   0.0171   1.118  2.865  0.000
   89 S  -0.0693   1.878  4.110  0.081
   90 C  -0.0543   0.996  3.058  0.000
   91 C  -0.0533   1.082  2.972  0.000
   92 C  -0.0468   1.088  2.958  0.000
   93 C  -0.0257   1.128  2.897  0.000
   94 S   0.0592   1.880  3.959  0.101
   95 C  -0.0051   1.120  2.885  0.000
   96 C   0.0438   1.146  2.810  0.000
   97 N  -0.0470   1.182  3.865  0.000
   98 C   0.0398   1.135  2.825  0.000
   99 C  -0.0354   1.088  2.947  0.000
  100 C  -0.0512   1.081  2.970  0.000
  101 C   0.0193   1.119  2.862  0.000
  102 S  -0.0582   1.877  4.099  0.082
  103 C  -0.0549   0.996  3.059  0.000
  104 C  -0.0355   1.082  2.954  0.000
  105 C  -0.0409   1.088  2.953  0.000
  106 C   0.0405   1.136  2.824  0.000
  107 C  -0.0304   1.089  2.941  0.000
  108 C  -0.0351   1.081  2.955  0.000
  109 C   0.0216   1.118  2.861  0.000
  110 S  -0.0648   1.878  4.106  0.081
  111 C  -0.0511   0.994  3.057  0.000
  112 C  -0.0520   1.080  2.972  0.000
  113 C  -0.0403   1.087  2.953  0.000
  114 C  -0.0276   1.122  2.906  0.000
  115 S   0.0617   1.882  3.953  0.104
  116 C   0.0107   1.102  2.888  0.000
  117 C  -0.0456   1.135  2.910  0.000
  118 C   0.1190   1.143  2.738  0.000
  119 O  -0.2383   1.599  4.640  0.000
  120 C  -0.0252   1.150  2.875  0.000
  121 C  -0.0170   1.098  2.919  0.000
  122 C  -0.0152   1.170  2.845  0.000
  123 C  -0.0143   1.169  2.846  0.000
  124 C  -0.0269   1.101  2.925  0.000
  125 C  -0.0037   1.133  2.871  0.000
  126 C   0.0243   1.153  2.823  0.000
  127 C  -0.0110   1.072  2.939  0.000
  128 C   0.0891   1.137  2.774  0.000
  129 N  -0.2055   1.604  3.601  0.000
  130 C   0.0892   1.138  2.773  0.000
  131 N  -0.2099   1.604  3.606  0.000
  132 C  -0.0236   1.174  2.849  0.000
  133 C  -0.0108   1.144  2.867  0.000
  134 C  -0.0389   1.115  2.924  0.000
  135 C  -0.0400   1.115  2.925  0.000
  136 C  -0.0112   1.144  2.867  0.000
  137 C  -0.0599   1.101  2.958  0.000
  138 C  -0.0254   1.175  2.850  0.000
  139 H   0.0498   0.950  0.000  0.000
  140 H   0.0396   0.960  0.000  0.000
  141 H   0.0422   0.958  0.000  0.000
  142 H   0.0388   0.961  0.000  0.000
  143 H   0.0381   0.962  0.000  0.000
  144 H   0.0384   0.962  0.000  0.000
  145 H   0.0381   0.962  0.000  0.000
  146 H   0.0369   0.963  0.000  0.000
  147 H   0.0336   0.966  0.000  0.000
  148 H   0.0332   0.967  0.000  0.000
  149 H   0.0385   0.962  0.000  0.000
  150 H   0.0481   0.952  0.000  0.000
  151 H   0.0340   0.966  0.000  0.000
  152 H   0.0327   0.967  0.000  0.000
  153 H   0.0384   0.962  0.000  0.000
  154 H   0.0340   0.966  0.000  0.000
  155 H   0.0311   0.969  0.000  0.000
  156 H   0.0332   0.967  0.000  0.000
  157 H   0.0380   0.962  0.000  0.000
  158 H   0.0461   0.954  0.000  0.000
  159 H   0.0449   0.955  0.000  0.000
  160 H   0.0541   0.946  0.000  0.000
  161 H   0.0375   0.962  0.000  0.000
  162 H   0.0305   0.969  0.000  0.000
  163 H   0.0366   0.963  0.000  0.000
  164 H   0.0383   0.962  0.000  0.000
  165 H   0.0464   0.954  0.000  0.000
  166 H   0.0440   0.956  0.000  0.000
  167 H   0.0527   0.947  0.000  0.000
  168 H   0.0385   0.962  0.000  0.000
  169 H   0.0328   0.967  0.000  0.000
  170 H   0.0328   0.967  0.000  0.000
  171 H   0.0362   0.964  0.000  0.000
  172 H   0.0463   0.954  0.000  0.000
  173 H   0.0539   0.946  0.000  0.000
  174 H   0.0458   0.954  0.000  0.000
  175 H   0.0385   0.962  0.000  0.000
  176 H   0.0384   0.962  0.000  0.000
  177 H   0.0343   0.966  0.000  0.000
  178 H   0.0404   0.960  0.000  0.000
  179 H   0.0461   0.954  0.000  0.000
  180 H   0.0543   0.946  0.000  0.000
  181 H   0.0437   0.956  0.000  0.000
  182 H   0.0405   0.960  0.000  0.000
  183 H   0.0328   0.967  0.000  0.000
  184 H   0.0362   0.964  0.000  0.000
  185 H   0.0357   0.964  0.000  0.000
  186 H   0.0465   0.953  0.000  0.000
  187 H   0.0542   0.946  0.000  0.000
  188 H   0.0452   0.955  0.000  0.000
  189 H   0.0384   0.962  0.000  0.000
  190 H   0.0325   0.967  0.000  0.000
  191 H   0.0347   0.965  0.000  0.000
  192 H   0.0381   0.962  0.000  0.000
  193 H   0.0560   0.944  0.000  0.000
  194 H   0.0471   0.953  0.000  0.000
  195 H   0.0456   0.954  0.000  0.000
  196 H   0.0402   0.960  0.000  0.000
  197 H   0.0337   0.966  0.000  0.000
  198 H   0.0361   0.964  0.000  0.000
  199 H   0.0390   0.961  0.000  0.000
  200 H   0.0477   0.952  0.000  0.000
  201 H   0.0438   0.956  0.000  0.000
  202 H   0.0547   0.945  0.000  0.000
  203 H   0.0402   0.960  0.000  0.000
  204 H   0.0338   0.966  0.000  0.000
  205 H   0.0394   0.961  0.000  0.000
  206 H   0.0394   0.961  0.000  0.000
  207 H   0.0450   0.955  0.000  0.000
  208 H   0.0543   0.946  0.000  0.000
  209 H   0.0459   0.954  0.000  0.000
  210 H   0.0371   0.963  0.000  0.000
  211 H   0.0312   0.969  0.000  0.000
  212 H   0.0534   0.947  0.000  0.000
  213 H   0.0398   0.960  0.000  0.000
  214 H   0.0434   0.957  0.000  0.000
  215 H   0.0383   0.962  0.000  0.000
  216 H   0.0382   0.962  0.000  0.000
  217 H   0.0387   0.961  0.000  0.000
  218 H   0.0384   0.962  0.000  0.000
  219 H   0.0375   0.962  0.000  0.000
  220 H   0.0324   0.968  0.000  0.000
  221 H   0.0339   0.966  0.000  0.000
  222 H   0.0379   0.962  0.000  0.000
 
 Wiberg/Mayer (AO) data. WBOs > 0.1 written file <wbo>
 largest (>0.05) Wiberg bond orders for each atom
           total WBO             WBO to atom ...
     1  C   3.927    C    2 1.443    C   24 1.303    H  139 0.921
     2  C   3.909    C    1 1.443    C   11 1.121    C    3 1.043    O    4 0.062    C   25 0.061
     3  C   3.904    O    4 1.718    C    2 1.043    C    5 0.993
     4  O   2.176    C    3 1.718    S   31 0.080    C    2 0.062    C    5 0.052
     5  C   3.933    C    6 1.360    C   10 1.285    C    3 0.993    C    8 0.092    O    4 0.052
     6  C   3.957    C    7 1.418    C    5 1.360    H  140 0.941    C    9 0.082
     7  C   3.918    C    6 1.418    C    8 1.316    C   23 0.947    C   10 0.092
     8  C   3.927    C    9 1.423    C    7 1.316    C   17 0.949    C    5 0.092
     9  C   3.953    C    8 1.423    C   10 1.353    H  141 0.935    C    6 0.082
    10  C   3.944    C    9 1.353    C    5 1.285    C   11 1.043    C    7 0.092
    11  C   3.923    C   12 1.440    C    2 1.121    C   10 1.043    N   16 0.088    N   14 0.087
    12  C   3.923    C   11 1.440    C   15 1.069    C   13 1.068    N   16 0.082    N   14 0.081
    13  C   3.938    N   14 2.778    C   12 1.068
    14  N   3.037    C   13 2.778    C   11 0.087    C   12 0.081
    15  C   3.938    N   16 2.769    C   12 1.069
    16  N   3.032    C   15 2.769    C   11 0.088    C   12 0.082
    17  C   3.930    C   23 0.950    C    8 0.949    H  142 0.941    C   18 0.929
    18  C   3.950    C   19 0.985    C   22 0.974    H  143 0.946    C   17 0.929
    19  C   3.959    C   20 1.935    C   18 0.985    H  144 0.937
    20  C   3.959    C   19 1.935    C   21 0.985    H  145 0.937
    21  C   3.949    C   20 0.985    C   22 0.974    H  146 0.947    C   23 0.928
    22  C   3.966    C   18 0.974    C   21 0.974    H  148 0.962    H  147 0.960
    23  C   3.928    C   17 0.950    C    7 0.947    H  149 0.941    C   21 0.928
    24  C   3.922    C   25 1.346    C    1 1.303    S   31 1.071    C   30 0.063
    25  C   3.937    C   26 1.379    C   24 1.346    H  150 0.937    S   31 0.072    C    2 0.061    O   27 0.058
    26  C   3.914    C   25 1.379    C   30 1.298    O   27 1.047
    27  O   2.237    C   26 1.047    C   28 0.967    C   25 0.058
    28  C   3.937    C   29 1.014    H  152 0.968    H  151 0.968    O   27 0.967
    29  C   3.985    C   28 1.014    H  155 0.985    H  154 0.981    H  153 0.979
    30  C   3.904    C   26 1.298    C   32 1.211    S   31 1.103    C   24 0.063
    31  S   2.587    C   30 1.103    C   24 1.071    O    4 0.080    C   25 0.072
    32  C   3.915    C   33 1.377    C   30 1.211    S   73 1.048    C   72 0.056
    33  C   3.892    C   32 1.377    C   51 1.214    N   34 1.043    S   73 0.060
    34  N   3.337    C   33 1.043    C   35 0.997    C   43 0.950
    35  C   3.929    C   42 1.366    C   36 1.350    N   34 0.997    C   38 0.094
    36  C   3.967    C   37 1.470    C   35 1.350    H  156 0.944    C   41 0.098
    37  C   3.972    C   36 1.470    C   38 1.358    H  157 0.943    C   42 0.102
    38  C   3.952    C   41 1.378    C   37 1.358    S   39 1.036    C   35 0.094
    39  S   2.209    C   38 1.036    C   40 0.997
    40  C   3.982    S   39 0.997    H  159 0.990    H  158 0.986    H  160 0.980
    41  C   3.971    C   42 1.444    C   38 1.378    H  161 0.943    C   36 0.098
    42  C   3.968    C   41 1.444    C   35 1.366    H  162 0.944    C   37 0.102
    43  C   3.929    C   50 1.379    C   44 1.371    N   34 0.950    C   46 0.100
    44  C   3.967    C   45 1.455    C   43 1.371    H  163 0.942    C   49 0.101
    45  C   3.971    C   44 1.455    C   46 1.369    H  164 0.943    C   50 0.104
    46  C   3.953    C   49 1.377    C   45 1.369    S   47 1.031    C   43 0.100
    47  S   2.189    C   46 1.031    C   48 0.991
    48  C   3.983    S   47 0.991    H  166 0.990    H  165 0.987    H  167 0.981
    49  C   3.972    C   50 1.444    C   46 1.377    H  168 0.943    C   44 0.101
    50  C   3.967    C   49 1.444    C   43 1.379    H  169 0.945    C   45 0.104
    51  C   3.926    C   72 1.379    C   33 1.214    S   52 1.088    C   53 0.068    S   73 0.052
    52  S   2.488    C   51 1.088    C   53 1.061    C   54 0.066    C   72 0.056
    53  C   3.885    C   54 1.464    C   74 1.077    S   52 1.061    C   51 0.068
    54  C   3.915    C   53 1.464    C   72 1.193    N   55 1.026    S   52 0.066
    55  N   3.335    C   54 1.026    C   56 0.992    C   64 0.968
    56  C   3.930    C   63 1.374    C   57 1.353    N   55 0.992    C   59 0.093
    57  C   3.968    C   58 1.469    C   56 1.353    H  170 0.943    C   62 0.100
    58  C   3.971    C   57 1.469    C   59 1.356    H  171 0.944    C   63 0.102
    59  C   3.951    C   62 1.384    C   58 1.356    S   60 1.034    C   56 0.093
    60  S   2.208    C   59 1.034    C   61 0.999
    61  C   3.983    S   60 0.999    H  174 0.989    H  172 0.988    H  173 0.980
    62  C   3.971    C   63 1.433    C   59 1.384    H  175 0.943    C   57 0.100
    63  C   3.967    C   62 1.433    C   56 1.374    H  176 0.933    C   58 0.102
    64  C   3.931    C   65 1.386    C   71 1.361    N   55 0.968    C   67 0.097
    65  C   3.970    C   66 1.433    C   64 1.386    H  177 0.945    C   70 0.102
    66  C   3.971    C   65 1.433    C   67 1.380    H  178 0.942    C   71 0.101
    67  C   3.954    C   66 1.380    C   70 1.363    S   68 1.032    C   64 0.097
    68  S   2.199    C   67 1.032    C   69 0.993
    69  C   3.983    S   68 0.993    H  181 0.990    H  179 0.987    H  180 0.981
    70  C   3.971    C   71 1.463    C   67 1.363    H  182 0.941    C   65 0.102
    71  C   3.969    C   70 1.463    C   64 1.361    H  183 0.944    C   66 0.101
    72  C   3.908    C   51 1.379    C   54 1.193    S   73 1.085    S   52 0.056    C   32 0.056
    73  S   2.473    C   72 1.085    C   32 1.048    C   33 0.060    C   51 0.052
    74  C   3.879    C   75 1.461    C   53 1.077    S  115 1.070    C  114 0.065    N   76 0.051
    75  C   3.915    C   74 1.461    C   93 1.199    N   76 1.020    S  115 0.064
    76  N   3.343    C   75 1.020    C   85 0.986    C   77 0.984    C   74 0.051
    77  C   3.930    C   84 1.373    C   78 1.358    N   76 0.984    C   80 0.094
    78  C   3.968    C   79 1.458    C   77 1.358    H  184 0.937    C   83 0.099
    79  C   3.971    C   78 1.458    C   80 1.364    H  185 0.944    C   84 0.103
    80  C   3.952    C   83 1.374    C   79 1.364    S   81 1.038    C   77 0.094
    81  S   2.210    C   80 1.038    C   82 0.999
    82  C   3.983    S   81 0.999    H  188 0.989    H  186 0.989    H  187 0.980
    83  C   3.971    C   84 1.446    C   80 1.374    H  189 0.943    C   78 0.099
    84  C   3.968    C   83 1.446    C   77 1.373    H  190 0.944    C   79 0.103
    85  C   3.931    C   92 1.373    C   86 1.361    N   76 0.986    C   88 0.095
    86  C   3.969    C   87 1.457    C   85 1.361    H  191 0.944    C   91 0.099
    87  C   3.971    C   86 1.457    C   88 1.356    H  192 0.943    C   92 0.102
    88  C   3.954    C   91 1.379    C   87 1.356    S   89 1.036    C   85 0.095
    89  S   2.209    C   88 1.036    C   90 0.998
    90  C   3.981    S   89 0.998    H  195 0.989    H  194 0.983    H  193 0.979
    91  C   3.971    C   92 1.440    C   88 1.379    H  196 0.941    C   86 0.099
    92  C   3.969    C   91 1.440    C   85 1.373    H  197 0.943    C   87 0.102
    93  C   3.920    C  114 1.373    C   75 1.199    S   94 1.096    S  115 0.057
    94  S   2.462    C   93 1.096    C   95 1.043    C   96 0.062    C  114 0.050
    95  C   3.917    C   96 1.332    C  116 1.289    S   94 1.043
    96  C   3.899    C   95 1.332    C  114 1.227    N   97 1.066    S   94 0.062    C  117 0.051
    97  N   3.395    C   96 1.066    C   98 0.990    C  106 0.970
    98  C   3.929    C   99 1.370    C  105 1.349    N   97 0.990    C  101 0.094
    99  C   3.968    C  100 1.439    C   98 1.370    H  198 0.943    C  104 0.100
   100  C   3.972    C   99 1.439    C  101 1.380    H  199 0.942    C  105 0.098
   101  C   3.953    C  100 1.380    C  104 1.349    S  102 1.044    C   98 0.094
   102  S   2.218    C  101 1.044    C  103 0.998
   103  C   3.982    S  102 0.998    H  201 0.990    H  200 0.983    H  202 0.980
   104  C   3.971    C  105 1.474    C  101 1.349    H  203 0.943    C   99 0.100
   105  C   3.969    C  104 1.474    C   98 1.349    H  204 0.944    C  100 0.098
   106  C   3.928    C  113 1.381    C  107 1.358    N   97 0.970    C  109 0.095
   107  C   3.968    C  108 1.465    C  106 1.358    H  205 0.938    C  112 0.100
   108  C   3.971    C  107 1.465    C  109 1.358    H  206 0.942    C  113 0.103
   109  C   3.950    C  112 1.379    C  108 1.358    S  110 1.040    C  106 0.095
   110  S   2.214    C  109 1.040    C  111 0.999
   111  C   3.983    S  110 0.999    H  207 0.989    H  209 0.989    H  208 0.980
   112  C   3.971    C  113 1.440    C  109 1.379    H  210 0.943    C  107 0.100
   113  C   3.966    C  112 1.440    C  106 1.381    H  211 0.945    C  108 0.103
   114  C   3.927    C   93 1.373    C   96 1.227    S  115 1.085    C   74 0.065    S   94 0.050
   115  S   2.483    C  114 1.085    C   74 1.070    C   75 0.064    C   93 0.057
   116  C   3.925    C  117 1.452    C   95 1.289    H  212 0.923
   117  C   3.918    C  116 1.452    C  126 1.128    C  118 1.018    O  119 0.068    C   96 0.051
   118  C   3.914    O  119 1.753    C  117 1.018    C  120 0.975
   119  O   2.126    C  118 1.753    C  117 0.068    C  120 0.060
   120  C   3.935    C  121 1.363    C  125 1.291    C  118 0.975    C  123 0.093    O  119 0.060
   121  C   3.959    C  122 1.417    C  120 1.363    H  213 0.942    C  124 0.083
   122  C   3.919    C  121 1.417    C  123 1.317    C  138 0.946    C  125 0.092
   123  C   3.928    C  124 1.422    C  122 1.317    C  132 0.949    C  120 0.093
   124  C   3.954    C  123 1.422    C  125 1.349    H  214 0.935    C  121 0.083
   125  C   3.948    C  124 1.349    C  120 1.291    C  126 1.041    C  122 0.092
   126  C   3.933    C  127 1.441    C  117 1.128    C  125 1.041    N  129 0.089    N  131 0.087
   127  C   3.933    C  126 1.441    C  128 1.069    C  130 1.067    N  131 0.081    N  129 0.080
   128  C   3.939    N  129 2.781    C  127 1.069
   129  N   3.037    C  128 2.781    C  126 0.089    C  127 0.080
   130  C   3.940    N  131 2.780    C  127 1.067
   131  N   3.041    C  130 2.780    C  126 0.087    C  127 0.081
   132  C   3.930    C  138 0.949    C  123 0.949    H  215 0.941    C  133 0.929
   133  C   3.950    C  134 0.985    C  137 0.974    H  216 0.946    C  132 0.929
   134  C   3.959    C  135 1.935    C  133 0.985    H  217 0.937
   135  C   3.959    C  134 1.935    C  136 0.985    H  218 0.937
   136  C   3.949    C  135 0.985    C  137 0.974    H  219 0.946    C  138 0.929
   137  C   3.967    C  136 0.974    C  133 0.974    H  221 0.962    H  220 0.960
   138  C   3.927    C  132 0.949    C  122 0.946    H  222 0.941    C  136 0.929
   139  H   0.993    C    1 0.921
   140  H   0.996    C    6 0.941
   141  H   0.995    C    9 0.935
   142  H   0.996    C   17 0.941
   143  H   0.997    C   18 0.946
   144  H   0.997    C   19 0.937
   145  H   0.997    C   20 0.937
   146  H   0.997    C   21 0.947
   147  H   0.999    C   22 0.960
   148  H   0.999    C   22 0.962
   149  H   0.996    C   23 0.941
   150  H   0.995    C   25 0.937
   151  H   0.998    C   28 0.968
   152  H   0.998    C   28 0.968
   153  H   0.998    C   29 0.979
   154  H   0.999    C   29 0.981
   155  H   0.999    C   29 0.985
   156  H   0.997    C   36 0.944
   157  H   0.997    C   37 0.943
   158  H   0.998    C   40 0.986
   159  H   0.997    C   40 0.990
   160  H   0.996    C   40 0.980
   161  H   0.997    C   41 0.943
   162  H   0.998    C   42 0.944
   163  H   0.997    C   44 0.942
   164  H   0.997    C   45 0.943
   165  H   0.998    C   48 0.987
   166  H   0.998    C   48 0.990
   167  H   0.996    C   48 0.981
   168  H   0.997    C   49 0.943
   169  H   0.998    C   50 0.945
   170  H   0.997    C   57 0.943
   171  H   0.997    C   58 0.944
   172  H   0.998    C   61 0.988
   173  H   0.996    C   61 0.980
   174  H   0.997    C   61 0.989
   175  H   0.997    C   62 0.943
   176  H   0.998    C   63 0.933
   177  H   0.998    C   65 0.945
   178  H   0.997    C   66 0.942
   179  H   0.998    C   69 0.987
   180  H   0.996    C   69 0.981
   181  H   0.998    C   69 0.990
   182  H   0.997    C   70 0.941
   183  H   0.997    C   71 0.944
   184  H   0.997    C   78 0.937
   185  H   0.997    C   79 0.944
   186  H   0.998    C   82 0.989
   187  H   0.996    C   82 0.980
   188  H   0.997    C   82 0.989
   189  H   0.997    C   83 0.943
   190  H   0.998    C   84 0.944
   191  H   0.997    C   86 0.944
   192  H   0.997    C   87 0.943
   193  H   0.996    C   90 0.979
   194  H   0.998    C   90 0.983
   195  H   0.997    C   90 0.989
   196  H   0.997    C   91 0.941
   197  H   0.998    C   92 0.943
   198  H   0.998    C   99 0.943
   199  H   0.997    C  100 0.942
   200  H   0.997    C  103 0.983
   201  H   0.998    C  103 0.990
   202  H   0.996    C  103 0.980
   203  H   0.997    C  104 0.943
   204  H   0.997    C  105 0.944
   205  H   0.997    C  107 0.938
   206  H   0.997    C  108 0.942
   207  H   0.997    C  111 0.989
   208  H   0.996    C  111 0.980
   209  H   0.998    C  111 0.989
   210  H   0.997    C  112 0.943
   211  H   0.998    C  113 0.945
   212  H   0.990    C  116 0.923
   213  H   0.996    C  121 0.942
   214  H   0.995    C  124 0.935
   215  H   0.996    C  132 0.941
   216  H   0.997    C  133 0.946
   217  H   0.997    C  134 0.937
   218  H   0.997    C  135 0.937
   219  H   0.997    C  136 0.946
   220  H   0.999    C  137 0.960
   221  H   0.998    C  137 0.962
   222  H   0.996    C  138 0.941
 
 --------------------------------------------
          xTB calculation for sTDA...
 --------------------------------------------
 
 reading parameter file /ihome/ghutchison/blp62/xtb4stda/.param_stda2.xtb
 
      method parameters     
 k(s)        :  1.6000
 k(p)        :  2.1800
 k(d)        :  1.9500
 k(f)        :  2.0000
 k(R-V)      :  2.2750
 k(R-R)      :  1.7650
 Tscal       :  0.2580
 Gscal       :  1.0000
 fpol        :  1.0000
 Zcnf        :  0.3430
 Zqf         :  0.0000
 kcn         :  2.7000
 Ryd Hsplit  :  0.7000
 lshift(virt):  3.1000
 lshift(OS)  :  0.2000
 wllscaling  :  2.6000
 
 mowrcut     : 3.000
 
  Z AO/shell   Hii/eV     exponent
  1     Sun Feb 14 09:53:25 CET 2016    EN: 2.327 GAM: 0.473  GM3: 0.0000
     1s    -14.339618    1.220000
     2sp    -3.348946    0.600000
  6     Sun Feb 14 09:53:25 CET 2016    EN: 2.731 GAM: 0.422  GM3: 0.0000
     2s    -22.009312    1.565095
     2p    -13.020408    1.596905
     3sp    -3.914040    0.824500
  7     Sun Feb 14 09:53:25 CET 2016    EN: 3.573 GAM: 0.504  GM3: 0.0000
     2s    -25.722000    2.064844
     2p    -18.684912    1.801692
     3sp    -4.344791    0.921400
  8     Sun Feb 14 09:53:25 CET 2016    EN: 3.700 GAM: 0.587  GM3: 0.0000
     2s    -33.859000    2.418661
     2p    -22.175911    1.973969
     3sp    -4.259392    1.013700
 16     Sun Feb 21 16:35:57 CET 2016    EN: 1.915 GAM: 0.200  GM3: 0.0000
     3s    -17.898811    2.619580
     3p    -15.317401    1.798798
     4sp    -4.455139    0.843200
 
 Nbf   :         1524
 T(el) :     0.0
 calculating S/T integrals ...
 cpu time for ints    3.48470800000000     
 Nao   :         1524
 making H0...
 making H1...
 cpu time for H      6.442799999999949E-002
 solving ...
 cpu time for diag    1.11740400000000     
 
 gap (eV)           :   4.129
 Koopmans IP (eV)   :  12.830
 Eel (Eh)           :  -573.352632

          eigenvalues
 #    :         326        327        328        329        330        331        332        333
 occ. :        2.000      2.000      2.000      2.000      2.000      2.000      2.000      2.000
 eps  :       -14.904    -14.771    -14.724    -14.635    -14.621    -14.572    -14.507    -14.254
 #    :         334        335        336        337        338        339        340        341
 occ. :        2.000      2.000      2.000      2.000      2.000      0.000      0.000      0.000
 eps  :       -13.830    -13.502    -13.261    -13.077    -12.831     -8.702     -8.570     -8.384
 #    :         342        343        344        345        346        347        348        349
 occ. :        0.000      0.000      0.000      0.000      0.000      0.000      0.000      0.000
 eps  :        -8.103     -6.760     -6.413     -6.151     -6.062     -6.025     -5.962     -5.874
                            1  SCC done.
 writing mo output ...
 molden style : F
 
speedup  2.87
cpu  time for all   10.41 s
wall time for all    3.63 s
