 
        ______________________________________
       |                                      |
       |          ===================         |
       |             xTB for sTDA             |
       |          ===================         |
       |               S. Grimme              |
       |        Universitaet Bonn, MCTC       |
       |         2015-19, Version 1.0         |
       |     Wed Apr  3 09:14:55 CEST 2019    |
       |______________________________________|
 
        This code comes without any warranty
        for non-commercial, academia use only.
        Preliminary test version.
        Cite this work as:
        S. Grimme  &  C. Bannwarth, JCP 145 (2016) 054103
        if GBSA is used additionally:
        P. Shushkov, F. März, C. Bannwarth, S. Grimme, unpublished.
 
        with help from
        P. Shushkov, G. Brandenburg, S. Dohm, J. Pisarek,
        F. März, M. Checinski, S. Ehrlich, S. Spicher, 
        P. Pracht, E. Caldeweyher, S. Ehlert, and C. Bannwarth.
 
        usage        :
        xtb4stda <coord_file> [options]
        where <coord_file> is a valid file of TM)
        (*coord, Bohr) or xmol (*xyz, Angstroem)
        format.

        options:
        -chrg <int>   : molecular charge
        -uhf  <int>   : # of unpaired electrons(=2*S)
        -nox          : skip second, extended part in sTDA-xTB
        -pop          : do population analysis
                      : (default for -nox)
        -mowr <real>  : cut MO write above (def.3 Eh)
        -molden       : write formatted molden file
        -parx <file>  : read parameters for sTDA-xTB
                        calc (def:~/.param_stda2.xtb)
        -parv <file>  : read parameters for vTB part in
                        sTDA-xTB (def: ~/.param_stda1.xtb)
        -xtemp <real> : el. temp for xTB (def. 0 K)
        -etemp <real> : el. temp for GFN (def. 300 K)
        -fod          : calculate the FOD and write
                        molden.input file with
                        appropriate occupations
                        for plotting. Def. T=12500 K
 
        -acc <real>   : xTB accuracy (def. 1.0)
        -gbsa [string1] [string2]
                        use GBSA implicit solvent
                        for solvent [string1] and
                        solvation state [string2]=
                        reference, bar1M (default=1M)
        additional GFN/opt/MD/siman options read from
        $XTB4STDAHOME/.xtb4stdarc or $set in input
 
       spin and charge state information can be on:
       <.CHRG> (charge) and <.UHF> (=nalpha-nbeta)
       -uhf and -chrg override the file info.
       useful machine settings:
       setenv MKL_NUM_THREADS <NCORE_ON_YOUR_MACHINE>
       setenv OMP_STACKSIZE 500m
       limit stacksize unlimited
 
       total energies in Eh, gaps/HL energies in eV
       please read REVISION and HOWTO files carefully
 =============================
  # OMP threads =           8
 =============================
 
 xtb4stdahome directory:/ihome/ghutchison/blp62/xtb4stda/
 
 
 name of molecule           :
 comment line               :
 number of atoms            :   257
 number of electrons        :   766
 charge                     :  0
 spin                       : 0.0
 first test random number   :  0.9196
 
 -----------------------------------------
      charge density (VTB) calculation
 -----------------------------------------
 
      method parameters     
 k(s)        :  1.8000
 k(p)        :  2.8350
 k(d)        :  2.0860
 k(f)        :  2.0000
 Tscal       :  0.3300
 Gscal       :  0.3910
 fpol        :  1.0000
 Zcnf        :  0.6500
 Zqf         :  0.0000
 kcn         :  0.3000
 kEN1        : -0.5900
 wllscal     :  2.6000
 
     -------------------------
     ! NO SOLVENT MODEL USED !
     -------------------------
 
 doing EN charges ...
 sum q :  0.6661338D-15
 point charge moment (au)
     X       Y       Z   
   0.0017  -0.7328   0.7666  total (Debye):    2.696
 
            Z      q(EN)   CN      Cart. coordinates
     1  C   4.0  -0.072   3.199    -2.92076    -8.97431   -21.05211
     2  C   4.0  -0.005   3.289    -4.57824    -8.00204   -22.74947
     3  C   4.0   0.102   3.230    -5.99270    -9.72245   -24.47233
     4  O   6.0  -0.104   1.049    -5.46187   -11.88468   -24.98974
     5  C   4.0  -0.007   3.364    -8.22673    -8.26018   -25.27811
     6  C   4.0  -0.057   3.147   -10.28427    -9.13210   -26.67084
     7  C   4.0   0.002   3.506   -12.11862    -7.34177   -27.08450
     8  C   4.0   0.002   3.508   -11.93929    -4.86170   -26.17025
     9  C   4.0  -0.058   3.152    -9.92068    -3.96994   -24.80039
    10  C   4.0  -0.007   3.368    -8.02699    -5.75799   -24.37425
    11  C   4.0  -0.009   3.340    -5.60417    -5.48682   -23.08546
    12  C   4.0  -0.040   3.143    -4.31084    -3.27282   -22.74058
    13  C   4.0   0.232   2.196    -1.73307    -3.18967   -22.05669
    14  N   5.0  -0.216   1.036     0.38928    -3.03944   -21.63453
    15  C   4.0   0.238   2.147    -5.32752    -0.85775   -23.20678
    16  N   5.0  -0.216   1.027    -6.07150     1.15689   -23.51537
    17  C   4.0  -0.105   4.485   -14.44922    -4.10808   -27.28897
    18  C   4.0  -0.102   4.328   -14.41729    -2.50861   -29.73956
    19  C   4.0  -0.062   3.280   -11.97349    -3.12013   -31.07465
    20  C   4.0  -0.062   3.280   -12.14357    -5.46395   -31.94582
    21  C   4.0  -0.102   4.327   -14.70452    -6.48082   -31.21298
    22  C   4.0  -0.169   4.322   -16.28093    -4.04515   -31.35244
    23  C   4.0  -0.105   4.482   -14.64689    -6.86821   -28.31244
    24  C   4.0  -0.080   3.185    -2.01917    -7.91077   -18.76196
    25  C   4.0  -0.087   3.354    -0.09014    -8.86470   -17.31820
    26  C   4.0  -0.018   3.445     0.32900    -7.52357   -15.05205
    27  C   4.0  -0.005   3.312     2.08701    -8.06932   -13.14059
    28  C   4.0  -0.005   3.249     3.75111   -10.29749   -13.26323
    29  C   4.0  -0.076   3.199     3.31004   -12.30552   -11.62011
    30  C   4.0  -0.074   3.160     4.80557   -14.43958   -11.75428
    31  C   4.0  -0.085   3.229     6.79470   -14.57205   -13.44408
    32  C   4.0  -0.083   3.158     7.29245   -12.53909   -15.02408
    33  S   6.0   0.187   2.318     9.80484   -12.49978   -17.22674
    34  C   4.0  -0.239   3.998    12.15755   -14.60739   -15.82778
    35  C   4.0  -0.250   4.069    13.07558   -13.67406   -13.27967
    36  C   4.0  -0.086   3.299     5.73513   -10.42241   -14.96531
    37  C   4.0  -0.088   3.317     2.07908    -6.50122   -11.05679
    38  C   4.0  -0.017   3.439     0.39306    -4.44029   -10.77371
    39  C   4.0  -0.005   3.305    -1.41408    -3.92326   -12.65360
    40  C   4.0  -0.005   3.242    -3.21423    -1.83077   -12.36315
    41  C   4.0  -0.076   3.202    -3.56931    -0.08277   -14.29842
    42  C   4.0  -0.072   3.148    -5.21413     1.92450   -13.98095
    43  C   4.0  -0.084   3.229    -6.49933     2.24159   -11.72632
    44  C   4.0  -0.080   3.164    -6.13273     0.51590    -9.78916
    45  S   6.0   0.185   2.324    -7.68835     0.90442    -6.82588
    46  C   4.0  -0.239   4.002    -6.28674     3.91117    -5.84284
    47  C   4.0  -0.251   4.076    -3.47615     3.65738    -5.36248
    48  C   4.0  -0.086   3.290    -4.53950    -1.53068   -10.10984
    49  C   4.0  -0.088   3.305    -1.38574    -5.48058   -14.75498
    50  S   6.0   0.222   2.653    -3.48768    -5.32449   -17.27890
    51  C   4.0  -0.092   3.406     0.81220    -3.15546    -8.47693
    52  C   4.0  -0.090   3.287     2.68133    -4.17781    -7.00446
    53  S   6.0   0.226   2.637     4.11053    -6.78223    -8.47334
    54  C   4.0  -0.081   3.291     3.24901    -3.28850    -4.52438
    55  C   4.0   0.077   3.472     5.33111    -3.51357    -2.94400
    56  N   5.0  -0.315   3.244     7.63752    -4.64230    -3.48144
    57  C   4.0   0.084   3.304     7.84312    -7.13296    -4.32105
    58  C   4.0  -0.073   3.224     6.07944    -8.95598    -3.62185
    59  C   4.0  -0.083   3.226     6.33228   -11.42963    -4.42442
    60  C   4.0  -0.086   3.158     8.36298   -12.11938    -5.92883
    61  S   6.0   0.192   2.268     8.92404   -15.22552    -7.00918
    62  C   4.0  -0.323   3.989     6.67338   -17.12167    -5.24664
    63  C   4.0  -0.086   3.266    10.11797   -10.29409    -6.65732
    64  C   4.0  -0.069   3.202     9.86550    -7.83367    -5.86628
    65  C   4.0   0.080   3.312     9.80352    -3.31496    -2.70495
    66  C   4.0  -0.069   3.206     9.94090    -0.70789    -3.08044
    67  C   4.0  -0.086   3.265    12.00486     0.63325    -2.24254
    68  C   4.0  -0.087   3.154    13.99229    -0.59526    -1.02688
    69  S   6.0   0.188   2.249    16.52622     1.32489    -0.02494
    70  C   4.0  -0.323   3.987    18.54804    -0.81901     1.73080
    71  C   4.0  -0.083   3.220    13.88212    -3.19477    -0.68692
    72  C   4.0  -0.069   3.197    11.80039    -4.53723    -1.50932
    73  C   4.0  -0.105   3.492     4.91744    -2.22780    -0.62493
    74  S   6.0   0.228   2.555     6.68320    -1.86856     2.10912
    75  C   4.0  -0.088   3.316     4.19292    -0.20692     3.52264
    76  C   4.0   0.074   3.501     2.18471     0.21184     1.88103
    77  N   5.0  -0.313   3.243     0.13266     1.78126     2.35932
    78  C   4.0   0.083   3.297     0.55331     3.96257     3.81120
    79  C   4.0  -0.070   3.207    -1.10247     4.70428     5.71585
    80  C   4.0  -0.083   3.230    -0.46072     6.62330     7.36691
    81  C   4.0  -0.087   3.159     1.86327     7.81912     7.15620
    82  S   6.0   0.193   2.256     3.02734    10.04843     9.33978
    83  C   4.0  -0.326   3.997     0.81050     9.86248    11.93986
    84  C   4.0  -0.087   3.268     3.43571     7.22026     5.12720
    85  C   4.0  -0.069   3.209     2.78187     5.33356     3.46595
    86  C   4.0   0.084   3.282    -2.31548     0.87891     1.91921
    87  C   4.0  -0.070   3.204    -2.84952    -1.69433     2.12197
    88  C   4.0  -0.086   3.261    -5.26874    -2.56889     1.72891
    89  C   4.0  -0.087   3.157    -7.21271    -0.89800     1.14272
    90  S   6.0   0.190   2.259   -10.26801    -2.19227     0.79293
    91  C   4.0  -0.325   3.992   -11.87560     0.08258    -1.20678
    92  C   4.0  -0.084   3.226    -6.69265     1.66655     0.94392
    93  C   4.0  -0.070   3.197    -4.26265     2.54225     1.30826
    94  C   4.0  -0.105   3.467     2.59875    -1.03141    -0.44295
    95  S   6.0   0.227   2.634     0.81145    -1.48627    -3.12126
    96  C   4.0  -0.090   3.272     4.13529     0.48887     6.12819
    97  C   4.0  -0.093   3.422     1.96191     0.46449     7.51714
    98  C   4.0  -0.019   3.457     2.21174     1.50309     9.95413
    99  C   4.0  -0.011   3.329     0.29007     1.87631    11.76071
   100  C   4.0  -0.086   3.260    -2.36707     1.50951    11.21420
   101  C   4.0  -0.095   3.389    -4.26814     3.11805    11.93192
   102  C   4.0  -0.113   3.454    -6.62689     2.36499    10.99102
   103  S   6.0   0.211   2.602    -9.65537     3.54588    11.16337
   104  C   4.0  -0.168   3.157   -10.80545     1.06656     9.30614
   105  SI  4.0   0.391   4.369   -14.30258     0.95015     8.59769
   106  C   4.0  -0.246   3.986   -16.12787     0.45316    11.68134
   107  C   4.0  -0.252   4.046   -16.04283     2.70514    13.47904
   108  C   4.0  -0.249   3.990   -14.88216    -1.79807     6.33701
   109  C   4.0  -0.251   4.050   -17.58182    -1.88160     5.33564
   110  C   4.0  -0.246   3.990   -15.14653     4.14625     7.12313
   111  C   4.0  -0.251   4.050   -13.92142     4.55027     4.54441
   112  C   4.0  -0.100   3.374    -8.93066    -0.56049     8.59882
   113  C   4.0  -0.112   3.453    -6.56245     0.16308     9.55332
   114  S   6.0   0.222   2.567    -3.51886    -1.00647     9.37247
   115  C   4.0  -0.090   3.321     1.06958     2.87238    14.06145
   116  C   4.0  -0.019   3.441     3.57744     3.67230    14.57281
   117  C   4.0  -0.012   3.327     5.46320     3.42947    12.69367
   118  C   4.0  -0.086   3.261     8.04135     4.25018    13.06368
   119  S   6.0   0.219   2.555     9.62532     3.66399    15.92510
   120  C   4.0  -0.112   3.454    12.36467     4.97811    14.73627
   121  C   4.0  -0.101   3.380    14.81375     5.39158    15.66696
   122  C   4.0  -0.168   3.154    16.33895     6.54922    13.93843
   123  SI  4.0   0.389   4.350    19.77919     7.44193    14.27083
   124  C   4.0  -0.247   3.987    20.45855     8.00091    17.77571
   125  C   4.0  -0.251   4.046    18.86797    10.10852    18.93487
   126  C   4.0  -0.245   3.985    21.73374     4.66970    12.99413
   127  C   4.0  -0.250   4.041    24.42055     4.54120    14.03122
   128  C   4.0  -0.247   3.991    20.24218    10.44678    12.31742
   129  C   4.0  -0.250   4.042    22.94165    11.45684    12.31988
   130  S   6.0   0.209   2.587    14.75196     7.14675    11.10460
   131  C   4.0  -0.112   3.451    12.01015     5.82243    12.26961
   132  C   4.0  -0.095   3.378     9.57260     5.39706    11.31946
   133  C   4.0  -0.088   3.317     4.71543     2.31718    10.43185
   134  S   6.0   0.219   2.593     6.67432     1.72759     7.83858
   135  C   4.0  -0.092   3.375     3.78550     4.72318    17.01434
   136  C   4.0  -0.081   3.181     1.57887     4.69484    18.38212
   137  S   6.0   0.224   2.686    -0.88042     3.27678    16.67475
   138  C   4.0  -0.073   3.200     1.31827     5.49891    20.92248
   139  C   4.0  -0.005   3.289    -0.78764     5.66767    22.38154
   140  C   4.0   0.101   3.228    -0.51287     5.61759    25.19175
   141  O   6.0  -0.104   1.049     1.38914     6.05223    26.38360
   142  C   4.0  -0.007   3.344    -2.99711     4.80312    26.13226
   143  C   4.0  -0.068   3.155    -3.73485     4.18688    28.55848
   144  C   4.0  -0.070   3.165    -6.19263     3.38790    28.97989
   145  C   4.0   0.072   3.217    -7.90453     3.19855    26.97848
   146  O   6.0  -0.135   2.053   -10.31771     2.40921    27.20695
   147  C   4.0  -0.187   4.053   -11.24897     1.72797    29.60709
   148  C   4.0  -0.065   3.188    -7.16546     3.84786    24.51504
   149  C   4.0  -0.007   3.352    -4.72431     4.64873    24.10723
   150  C   4.0  -0.009   3.335    -3.45971     5.52235    21.81235
   151  C   4.0  -0.040   3.144    -4.64967     6.51559    19.74178
   152  C   4.0   0.230   2.205    -3.39338     7.95688    17.88531
   153  N   5.0  -0.217   1.042    -2.48990     9.26098    16.40452
   154  C   4.0   0.238   2.150    -7.27507     6.37783    19.31111
   155  N   5.0  -0.217   1.027    -9.38495     6.27654    18.81959
   156  H   1.0   0.074   1.008    -2.34421   -10.91336   -21.39661
   157  H   1.0   0.075   1.004   -10.35986   -11.05792   -27.33526
   158  H   1.0   0.076   1.005    -9.80163    -2.06642   -24.08494
   159  H   1.0   0.088   1.004   -15.87748    -3.47029   -25.95387
   160  H   1.0   0.087   1.003   -14.82377    -0.51495   -29.46158
   161  H   1.0   0.078   1.002   -10.38121    -1.86327   -31.14986
   162  H   1.0   0.078   1.002   -10.72155    -6.55773   -32.89597
   163  H   1.0   0.087   1.003   -15.37576    -8.10428   -32.27709
   164  H   1.0   0.086   1.002   -18.14666    -4.22581   -30.50188
   165  H   1.0   0.085   1.002   -16.45838    -3.32119   -33.27052
   166  H   1.0   0.088   1.004   -16.20497    -8.03379   -27.64556
   167  H   1.0   0.079   1.005     1.02650   -10.46663   -17.88380
   168  H   1.0   0.075   1.006     1.77105   -12.19383   -10.28408
   169  H   1.0   0.075   1.006     4.42215   -16.03603   -10.54410
   170  H   1.0   0.076   1.007     7.93269   -16.26034   -13.51211
   171  H   1.0   0.079   1.014    11.36991   -16.50657   -15.72252
   172  H   1.0   0.079   1.021    13.68332   -14.60550   -17.21162
   173  H   1.0   0.081   1.002    11.54452   -13.66196   -11.90603
   174  H   1.0   0.081   1.001    13.82183   -11.76600   -13.44994
   175  H   1.0   0.081   0.999    14.56525   -14.90824   -12.58142
   176  H   1.0   0.077   1.008     6.10419    -8.86584   -16.23180
   177  H   1.0   0.075   1.008    -2.52260    -0.27269   -16.03962
   178  H   1.0   0.074   1.005    -5.48795     3.25827   -15.50010
   179  H   1.0   0.075   1.006    -7.78038     3.81007   -11.47593
   180  H   1.0   0.079   1.015    -6.68925     5.30824    -7.30058
   181  H   1.0   0.080   1.019    -7.29094     4.41799    -4.11979
   182  H   1.0   0.082   1.004    -3.12202     2.20663    -3.94858
   183  H   1.0   0.081   1.001    -2.49085     3.14847    -7.09573
   184  H   1.0   0.081   0.999    -2.71610     5.44241    -4.68085
   185  H   1.0   0.077   1.009    -4.34788    -2.89487    -8.60543
   186  H   1.0   0.080   1.013    -0.21656    -1.49534    -7.91852
   187  H   1.0   0.076   1.007     4.50511    -8.43404    -2.43170
   188  H   1.0   0.076   1.007     4.93370   -12.79344    -3.84710
   189  H   1.0   0.080   1.011     6.95079   -16.83103    -3.23427
   190  H   1.0   0.080   1.010     4.75455   -16.65359    -5.80637
   191  H   1.0   0.079   1.015     7.08572   -19.07130    -5.73400
   192  H   1.0   0.076   1.008    11.68210   -10.83796    -7.84765
   193  H   1.0   0.076   1.006    11.22611    -6.42582    -6.43754
   194  H   1.0   0.076   1.007     8.41193     0.25587    -4.02927
   195  H   1.0   0.076   1.008    12.10823     2.65053    -2.52146
   196  H   1.0   0.079   1.010    19.32301    -2.24877     0.47829
   197  H   1.0   0.080   1.010    17.49168    -1.66485     3.27357
   198  H   1.0   0.079   1.015    20.06417     0.34355     2.47819
   199  H   1.0   0.076   1.007    15.39220    -4.20124     0.23811
   200  H   1.0   0.076   1.006    11.71347    -6.55300    -1.20413
   201  H   1.0   0.077   1.009    -2.87749     3.72862     5.96114
   202  H   1.0   0.077   1.008    -1.76765     7.11633     8.84902
   203  H   1.0   0.081   1.014     0.63514     7.91436    12.55666
   204  H   1.0   0.080   1.016     1.60683    10.99556    13.45107
   205  H   1.0   0.080   1.010    -1.00968    10.63387    11.39486
   206  H   1.0   0.076   1.008     5.19353     8.22938     4.90289
   207  H   1.0   0.076   1.007     4.03740     4.84998     1.93168
   208  H   1.0   0.076   1.007    -1.36155    -3.00240     2.61425
   209  H   1.0   0.076   1.008    -5.68392    -4.55802     1.89747
   210  H   1.0   0.080   1.017   -10.75273     0.40761    -2.89298
   211  H   1.0   0.080   1.010   -12.22161     1.82604    -0.18217
   212  H   1.0   0.079   1.015   -13.66158    -0.79009    -1.71323
   213  H   1.0   0.076   1.007    -8.17477     2.99729     0.51287
   214  H   1.0   0.076   1.006    -3.86147     4.53629     1.14158
   215  H   1.0   0.083   1.022     0.24037    -0.33221     6.80358
   216  H   1.0   0.080   1.011    -3.98090     4.81389    13.01322
   217  H   1.0   0.078   1.011   -18.09772     0.02816    11.24595
   218  H   1.0   0.078   1.011   -15.37802    -1.20508    12.65190
   219  H   1.0   0.081   0.998   -17.07745     2.29337    15.20833
   220  H   1.0   0.081   1.000   -16.88489     4.36300    12.60674
   221  H   1.0   0.081   1.003   -14.10680     3.16416    13.98832
   222  H   1.0   0.078   1.011   -14.47511    -3.57895     7.29056
   223  H   1.0   0.079   1.015   -13.58429    -1.68960     4.74227
   224  H   1.0   0.081   1.000   -18.03895    -0.15269     4.32445
   225  H   1.0   0.081   1.000   -18.92523    -2.09382     6.87539
   226  H   1.0   0.081   0.999   -17.83032    -3.46368     4.04477
   227  H   1.0   0.078   1.012   -14.53558     5.65274     8.39152
   228  H   1.0   0.078   1.010   -17.19046     4.33106     6.93189
   229  H   1.0   0.081   1.001   -11.87882     4.35487     4.68180
   230  H   1.0   0.080   0.998   -14.34699     6.42620     3.81233
   231  H   1.0   0.081   1.001   -14.61779     3.15981     3.20195
   232  H   1.0   0.079   1.006    -9.24907    -2.19019     7.43191
   233  H   1.0   0.079   1.006    15.43339     4.86359    17.52626
   234  H   1.0   0.078   1.011    22.45183     8.46087    18.01967
   235  H   1.0   0.078   1.011    20.13654     6.25915    18.83055
   236  H   1.0   0.080   0.998    19.27294    10.30864    20.94194
   237  H   1.0   0.081   1.000    19.26595    11.90357    18.01967
   238  H   1.0   0.081   1.000    16.86429     9.70979    18.71641
   239  H   1.0   0.078   1.011    21.81367     4.78989    10.93717
   240  H   1.0   0.078   1.011    20.77395     2.89733    13.43123
   241  H   1.0   0.080   0.998    25.44403     2.95988    13.20370
   242  H   1.0   0.081   1.000    24.39731     4.29251    16.06966
   243  H   1.0   0.081   1.000    25.45480     6.26425    13.60943
   244  H   1.0   0.078   1.011    18.97795    11.91718    13.01983
   245  H   1.0   0.078   1.012    19.66506    10.08112    10.37119
   246  H   1.0   0.081   1.000    24.22666    10.09322    11.47820
   247  H   1.0   0.081   1.000    23.57490    11.84329    14.23625
   248  H   1.0   0.080   0.998    23.06732    13.20238    11.23839
   249  H   1.0   0.080   1.010     8.94558     5.98060     9.47962
   250  H   1.0   0.080   1.012     5.49627     5.52461    17.75927
   251  H   1.0   0.074   1.008     3.08687     5.83736    21.90665
   252  H   1.0   0.075   1.005    -2.40505     4.32917    30.09785
   253  H   1.0   0.076   1.005    -6.76352     2.90904    30.87623
   254  H   1.0   0.081   0.997   -13.20352     1.16521    29.29982
   255  H   1.0   0.079   0.996   -10.19658     0.13682    30.40512
   256  H   1.0   0.079   0.996   -11.19606     3.32346    30.92121
   257  H   1.0   0.077   1.006    -8.53344     3.67438    23.01667
 
  Z AO/shell   Hii/eV     exponent
  1     Sat Feb 20 21:38:01 CET 2016    EN: 2.327 GAM: 0.473  GM3: 0.0000
     1s    -13.751157    1.051071
  6     Sat Feb 20 21:38:01 CET 2016    EN: 2.731 GAM: 0.422  GM3: 0.0000
     2s    -19.378245    2.021003
     2p    -11.993376    1.497917
  7     Sat Feb 20 21:38:01 CET 2016    EN: 3.573 GAM: 0.504  GM3: 0.0000
     2s    -21.576984    2.275442
     2p    -16.125120    2.056788
  8     Sat Feb 20 21:38:01 CET 2016    EN: 3.700 GAM: 0.587  GM3: 0.0000
     2s    -21.648843    2.110798
     2p    -17.239740    2.329048
 14     Sat Feb 20 23:13:41 CET 2016    EN: 1.199 GAM: 0.305  GM3: 0.0000
     3s    -15.878520    2.354763
     3p    -11.819591    1.324308
     3d      0.548209    1.324308
 16     Sat Feb 20 23:13:41 CET 2016    EN: 1.915 GAM: 0.389  GM3: 0.0000
     3s    -22.000000    2.671470
     3p    -15.834192    1.836978
     3d     -2.593599    1.836978
 
 dipole moment of classical point charges (au)
     X       Y       Z   
   0.0017  -0.7328   0.7666  total (Debye):    2.696

 
 Nbf   :          830
 T(el) :   300.0
 calculating S/T integrals ...
 cpu time for ints    1.19386700000000     
 Nao   :          812
 making H0...
 making H1...
 cpu time for H      4.068399999999972E-002
 solving ...
 cpu time for diag    2.08418500000000     
 
 gap (eV)           :   0.824
 Koopmans IP (eV)   :  11.859
 Eel (Eh)           :  -593.798339
 T,E(Fermi),NFOD :    300.000   -11.450  0.000000
 T,E(Fermi),NFOD :    300.000   -11.450  0.000000
 Nfod               :  0.0000
 Nfod/Nel           :  0.0000

          eigenvalues
 #    :         371        372        373        374        375        376        377        378
 occ. :        2.000      2.000      2.000      2.000      2.000      2.000      2.000      2.000
 eps  :       -14.228    -14.154    -14.136    -13.897    -13.835    -13.800    -13.557    -13.138
 #    :         379        380        381        382        383        384        385        386
 occ. :        2.000      2.000      2.000      2.000      2.000      0.000      0.000      0.000
 eps  :       -13.106    -12.820    -12.493    -12.263    -11.860    -11.036    -11.001     -9.864
 #    :         387        388        389        390        391        392        393        394
 occ. :        0.000      0.000      0.000      0.000      0.000      0.000      0.000      0.000
 eps  :        -9.756     -9.429     -9.270     -9.180     -8.491     -8.365     -8.307     -8.127
                            1  SCC done.
 making H1...
 cpu time for H       2.26297400000000     
 solving ...
 cpu time for diag   0.291023000000000     
 
 gap (eV)           :   1.207
 Koopmans IP (eV)   :  12.108
 Eel (Eh)           :  -594.053528
 T,E(Fermi),NFOD :    300.000   -11.505  0.000000
 T,E(Fermi),NFOD :    300.000   -11.505  0.000000
 Nfod               :  0.0000
 Nfod/Nel           :  0.0000

          eigenvalues
 #    :         371        372        373        374        375        376        377        378
 occ. :        2.000      2.000      2.000      2.000      2.000      2.000      2.000      2.000
 eps  :       -14.075    -14.051    -13.885    -13.727    -13.669    -13.543    -13.508    -13.443
 #    :         379        380        381        382        383        384        385        386
 occ. :        2.000      2.000      2.000      2.000      2.000      0.000      0.000      0.000
 eps  :       -13.260    -12.853    -12.509    -12.430    -12.109    -10.902    -10.800    -10.033
 #    :         387        388        389        390        391        392        393        394
 occ. :        0.000      0.000      0.000      0.000      0.000      0.000      0.000      0.000
 eps  :        -9.862     -9.291     -9.240     -9.179     -8.611     -8.474     -8.341     -8.183
                            2  SCC done.
 
 
 Mulliken/CM5 charges    n(s)   n(p)   n(d)   
    1 C   0.0016 -0.0456   1.151  2.847  0.000
    2 C  -0.0163 -0.0182   1.180  2.836  0.000
    3 C   0.1442  0.1790   1.176  2.680  0.000
    4 O  -0.2234 -0.2693   1.627  4.597  0.000
    5 C  -0.0182 -0.0200   1.188  2.830  0.000
    6 C  -0.0152 -0.0644   1.151  2.864  0.000
    7 C  -0.0105 -0.0179   1.208  2.802  0.000
    8 C  -0.0097 -0.0172   1.208  2.801  0.000
    9 C  -0.0240 -0.0732   1.151  2.873  0.000
   10 C  -0.0032 -0.0064   1.177  2.826  0.000
   11 C   0.0196  0.0200   1.199  2.781  0.000
   12 C   0.0129  0.0203   1.116  2.871  0.000
   13 C   0.0988  0.2203   1.171  2.730  0.000
   14 N  -0.2128 -0.3407   1.643  3.570  0.000
   15 C   0.1004  0.2197   1.170  2.729  0.000
   16 N  -0.2123 -0.3412   1.642  3.570  0.000
   17 C  -0.0293 -0.0847   1.218  2.812  0.000
   18 C  -0.0206 -0.0810   1.194  2.827  0.000
   19 C  -0.0508 -0.1084   1.165  2.885  0.000
   20 C  -0.0520 -0.1097   1.165  2.887  0.000
   21 C  -0.0214 -0.0817   1.194  2.827  0.000
   22 C  -0.0572 -0.1598   1.164  2.894  0.000
   23 C  -0.0315 -0.0869   1.219  2.813  0.000
   24 C  -0.0022  0.0042   1.166  2.836  0.000
   25 C  -0.0493 -0.0981   1.148  2.901  0.000
   26 C  -0.0212 -0.0230   1.167  2.854  0.000
   27 C  -0.0029 -0.0042   1.169  2.834  0.000
   28 C  -0.0005 -0.0079   1.169  2.832  0.000
   29 C  -0.0469 -0.0996   1.139  2.908  0.000
   30 C  -0.0358 -0.0922   1.139  2.897  0.000
   31 C  -0.0476 -0.1013   1.135  2.912  0.000
   32 C  -0.0007  0.0034   1.169  2.831  0.000
   33 S  -0.0438 -0.0861   1.895  4.124  0.025
   34 C  -0.0374 -0.1334   1.125  2.912  0.000
   35 C  -0.0872 -0.2373   1.095  2.992  0.000
   36 C  -0.0430 -0.0917   1.142  2.902  0.000
   37 C  -0.0237 -0.0111   1.178  2.846  0.000
   38 C  -0.0243 -0.0265   1.172  2.852  0.000
   39 C  -0.0033 -0.0046   1.163  2.840  0.000
   40 C   0.0006 -0.0069   1.170  2.829  0.000
   41 C  -0.0301 -0.0827   1.141  2.889  0.000
   42 C  -0.0309 -0.0871   1.139  2.892  0.000
   43 C  -0.0356 -0.0883   1.142  2.893  0.000
   44 C  -0.0081 -0.0050   1.169  2.839  0.000
   45 S  -0.0758 -0.1204   1.900  4.151  0.025
   46 C  -0.0433 -0.1394   1.129  2.914  0.000
   47 C  -0.0905 -0.2403   1.098  2.993  0.000
   48 C  -0.0368 -0.0866   1.150  2.887  0.000
   49 C  -0.0183 -0.0055   1.179  2.839  0.000
   50 S   0.0706  0.0352   1.890  4.003  0.036
   51 C  -0.0735 -0.1217   1.138  2.935  0.000
   52 C  -0.0139 -0.0026   1.173  2.841  0.000
   53 S   0.0761  0.0411   1.893  3.991  0.040
   54 C  -0.0304 -0.0140   1.167  2.863  0.000
   55 C   0.0286  0.0953   1.171  2.801  0.000
   56 N  -0.1176 -0.3592   1.229  3.888  0.000
   57 C   0.0442  0.1018   1.173  2.783  0.000
   58 C  -0.0487 -0.0960   1.139  2.909  0.000
   59 C  -0.0525 -0.1051   1.133  2.920  0.000
   60 C  -0.0109 -0.0065   1.165  2.846  0.000
   61 S  -0.0308 -0.0773   1.891  4.113  0.027
   62 C  -0.0750 -0.2101   1.073  3.002  0.000
   63 C  -0.0405 -0.0922   1.133  2.908  0.000
   64 C  -0.0395 -0.0877   1.137  2.902  0.000
   65 C   0.0383  0.0940   1.174  2.788  0.000
   66 C  -0.0439 -0.0913   1.139  2.905  0.000
   67 C  -0.0416 -0.0930   1.133  2.909  0.000
   68 C  -0.0085 -0.0039   1.165  2.843  0.000
   69 S  -0.0277 -0.0715   1.890  4.111  0.027
   70 C  -0.0735 -0.2084   1.072  3.001  0.000
   71 C  -0.0529 -0.1057   1.133  2.920  0.000
   72 C  -0.0434 -0.0920   1.139  2.905  0.000
   73 C  -0.0537 -0.0340   1.168  2.886  0.000
   74 S   0.1106  0.0783   1.893  3.944  0.053
   75 C  -0.0411 -0.0242   1.166  2.876  0.000
   76 C   0.0231  0.0885   1.172  2.805  0.000
   77 N  -0.1192 -0.3645   1.236  3.883  0.000
   78 C   0.0366  0.0915   1.175  2.789  0.000
   79 C  -0.0485 -0.0978   1.140  2.908  0.000
   80 C  -0.0547 -0.1077   1.135  2.920  0.000
   81 C  -0.0128 -0.0083   1.166  2.847  0.000
   82 S  -0.0315 -0.0757   1.890  4.114  0.028
   83 C  -0.0750 -0.2087   1.074  3.001  0.000
   84 C  -0.0425 -0.0940   1.134  2.909  0.000
   85 C  -0.0468 -0.0944   1.138  2.908  0.000
   86 C   0.0425  0.0980   1.174  2.784  0.000
   87 C  -0.0481 -0.0959   1.139  2.909  0.000
   88 C  -0.0393 -0.0909   1.135  2.904  0.000
   89 C  -0.0096 -0.0055   1.164  2.845  0.000
   90 S  -0.0338 -0.0804   1.890  4.116  0.028
   91 C  -0.0784 -0.2136   1.076  3.003  0.000
   92 C  -0.0462 -0.0996   1.135  2.911  0.000
   93 C  -0.0430 -0.0926   1.138  2.905  0.000
   94 C  -0.0518 -0.0322   1.165  2.887  0.000
   95 S   0.1015  0.0638   1.891  3.959  0.048
   96 C  -0.0110  0.0005   1.169  2.842  0.000
   97 C  -0.0791 -0.1260   1.145  2.934  0.000
   98 C  -0.0259 -0.0274   1.172  2.854  0.000
   99 C   0.0052  0.0054   1.156  2.838  0.000
  100 C  -0.0420 -0.0333   1.178  2.864  0.000
  101 C  -0.0593 -0.1068   1.135  2.924  0.000
  102 C  -0.0641 -0.0518   1.171  2.893  0.000
  103 S   0.0986  0.0652   1.886  3.965  0.051
  104 C  -0.1425 -0.1000   1.233  2.909  0.000
  105 SI  0.3063  0.1104   1.275  2.448 -0.030
  106 C  -0.1378 -0.2115   1.146  2.992  0.000
  107 C  -0.0859 -0.2346   1.090  2.996  0.000
  108 C  -0.1447 -0.2187   1.144  3.001  0.000
  109 C  -0.0860 -0.2349   1.089  2.997  0.000
  110 C  -0.1414 -0.2156   1.144  2.998  0.000
  111 C  -0.0882 -0.2371   1.091  2.997  0.000
  112 C  -0.0682 -0.1136   1.135  2.933  0.000
  113 C  -0.0619 -0.0497   1.173  2.889  0.000
  114 S   0.0897  0.0509   1.890  3.972  0.048
  115 C  -0.0250 -0.0129   1.182  2.843  0.000
  116 C  -0.0220 -0.0237   1.167  2.855  0.000
  117 C   0.0075  0.0083   1.160  2.832  0.000
  118 C  -0.0363 -0.0269   1.177  2.860  0.000
  119 S   0.0877  0.0512   1.891  3.974  0.047
  120 C  -0.0608 -0.0484   1.173  2.888  0.000
  121 C  -0.0662 -0.1117   1.135  2.931  0.000
  122 C  -0.1427 -0.1002   1.231  2.911  0.000
  123 SI  0.3075  0.1124   1.275  2.447 -0.030
  124 C  -0.1439 -0.2182   1.142  3.002  0.000
  125 C  -0.0859 -0.2346   1.089  2.996  0.000
  126 C  -0.1396 -0.2136   1.148  2.992  0.000
  127 C  -0.0859 -0.2351   1.089  2.997  0.000
  128 C  -0.1386 -0.2120   1.143  2.995  0.000
  129 C  -0.0848 -0.2338   1.089  2.996  0.000
  130 S   0.0938  0.0619   1.887  3.969  0.051
  131 C  -0.0605 -0.0480   1.171  2.890  0.000
  132 C  -0.0548 -0.1017   1.134  2.921  0.000
  133 C  -0.0232 -0.0106   1.177  2.846  0.000
  134 S   0.0891  0.0534   1.891  3.980  0.040
  135 C  -0.0575 -0.1062   1.152  2.906  0.000
  136 C  -0.0024  0.0037   1.167  2.835  0.000
  137 S   0.0783  0.0413   1.889  3.995  0.038
  138 C  -0.0022 -0.0494   1.151  2.851  0.000
  139 C  -0.0148 -0.0168   1.181  2.833  0.000
  140 C   0.1407  0.1755   1.175  2.684  0.000
  141 O  -0.2317 -0.2777   1.627  4.605  0.000
  142 C  -0.0349 -0.0370   1.180  2.855  0.000
  143 C  -0.0143 -0.0667   1.143  2.871  0.000
  144 C  -0.0421 -0.0944   1.134  2.908  0.000
  145 C   0.0983  0.1151   1.157  2.745  0.000
  146 O  -0.1324 -0.2247   1.450  4.682  0.000
  147 C   0.0123 -0.1093   1.086  2.902  0.000
  148 C  -0.0382 -0.0850   1.140  2.898  0.000
  149 C  -0.0047 -0.0079   1.173  2.832  0.000
  150 C   0.0216  0.0220   1.199  2.779  0.000
  151 C   0.0140  0.0214   1.116  2.870  0.000
  152 C   0.1018  0.2228   1.172  2.726  0.000
  153 N  -0.2183 -0.3547   1.642  3.576  0.000
  154 C   0.0990  0.2185   1.170  2.731  0.000
  155 N  -0.2056 -0.3347   1.642  3.564  0.000
  156 H   0.0669  0.1288   0.933  0.000  0.000
  157 H   0.0508  0.1092   0.949  0.000  0.000
  158 H   0.0517  0.1141   0.948  0.000  0.000
  159 H   0.0462  0.1044   0.954  0.000  0.000
  160 H   0.0458  0.1033   0.954  0.000  0.000
  161 H   0.0467  0.1034   0.953  0.000  0.000
  162 H   0.0460  0.1026   0.954  0.000  0.000
  163 H   0.0449  0.1024   0.955  0.000  0.000
  164 H   0.0322  0.0888   0.968  0.000  0.000
  165 H   0.0404  0.0969   0.960  0.000  0.000
  166 H   0.0459  0.1041   0.954  0.000  0.000
  167 H   0.0573  0.1165   0.943  0.000  0.000
  168 H   0.0370  0.0956   0.963  0.000  0.000
  169 H   0.0416  0.0997   0.958  0.000  0.000
  170 H   0.0430  0.1025   0.957  0.000  0.000
  171 H   0.0453  0.1020   0.955  0.000  0.000
  172 H   0.0510  0.1078   0.949  0.000  0.000
  173 H   0.0360  0.0912   0.964  0.000  0.000
  174 H   0.0324  0.0853   0.968  0.000  0.000
  175 H   0.0325  0.0843   0.967  0.000  0.000
  176 H   0.0406  0.1004   0.959  0.000  0.000
  177 H   0.0424  0.1026   0.958  0.000  0.000
  178 H   0.0440  0.1006   0.956  0.000  0.000
  179 H   0.0420  0.1002   0.958  0.000  0.000
  180 H   0.0444  0.1015   0.956  0.000  0.000
  181 H   0.0487  0.1061   0.951  0.000  0.000
  182 H   0.0334  0.0893   0.967  0.000  0.000
  183 H   0.0323  0.0864   0.968  0.000  0.000
  184 H   0.0321  0.0841   0.968  0.000  0.000
  185 H   0.0420  0.1027   0.958  0.000  0.000
  186 H   0.0535  0.1168   0.947  0.000  0.000
  187 H   0.0381  0.1000   0.962  0.000  0.000
  188 H   0.0443  0.1035   0.956  0.000  0.000
  189 H   0.0473  0.1012   0.953  0.000  0.000
  190 H   0.0477  0.1015   0.952  0.000  0.000
  191 H   0.0553  0.1090   0.945  0.000  0.000
  192 H   0.0456  0.1044   0.954  0.000  0.000
  193 H   0.0424  0.1043   0.958  0.000  0.000
  194 H   0.0401  0.1021   0.960  0.000  0.000
  195 H   0.0450  0.1036   0.955  0.000  0.000
  196 H   0.0471  0.1007   0.953  0.000  0.000
  197 H   0.0477  0.1015   0.952  0.000  0.000
  198 H   0.0559  0.1096   0.944  0.000  0.000
  199 H   0.0447  0.1039   0.955  0.000  0.000
  200 H   0.0407  0.1025   0.959  0.000  0.000
  201 H   0.0437  0.1079   0.956  0.000  0.000
  202 H   0.0487  0.1092   0.951  0.000  0.000
  203 H   0.0473  0.1068   0.953  0.000  0.000
  204 H   0.0570  0.1130   0.943  0.000  0.000
  205 H   0.0491  0.1048   0.951  0.000  0.000
  206 H   0.0452  0.1039   0.955  0.000  0.000
  207 H   0.0402  0.1025   0.960  0.000  0.000
  208 H   0.0386  0.1012   0.961  0.000  0.000
  209 H   0.0441  0.1027   0.956  0.000  0.000
  210 H   0.0500  0.1067   0.950  0.000  0.000
  211 H   0.0479  0.1021   0.952  0.000  0.000
  212 H   0.0543  0.1081   0.946  0.000  0.000
  213 H   0.0463  0.1055   0.954  0.000  0.000
  214 H   0.0409  0.1025   0.959  0.000  0.000
  215 H   0.0570  0.1273   0.943  0.000  0.000
  216 H   0.0563  0.1190   0.944  0.000  0.000
  217 H   0.0358  0.0941   0.964  0.000  0.000
  218 H   0.0350  0.0933   0.965  0.000  0.000
  219 H   0.0359  0.0875   0.964  0.000  0.000
  220 H   0.0306  0.0841   0.969  0.000  0.000
  221 H   0.0349  0.0902   0.965  0.000  0.000
  222 H   0.0349  0.0934   0.965  0.000  0.000
  223 H   0.0390  0.1000   0.961  0.000  0.000
  224 H   0.0312  0.0849   0.969  0.000  0.000
  225 H   0.0308  0.0842   0.969  0.000  0.000
  226 H   0.0361  0.0877   0.964  0.000  0.000
  227 H   0.0364  0.0956   0.964  0.000  0.000
  228 H   0.0348  0.0929   0.965  0.000  0.000
  229 H   0.0316  0.0857   0.968  0.000  0.000
  230 H   0.0347  0.0862   0.965  0.000  0.000
  231 H   0.0315  0.0855   0.968  0.000  0.000
  232 H   0.0542  0.1134   0.946  0.000  0.000
  233 H   0.0537  0.1127   0.946  0.000  0.000
  234 H   0.0369  0.0955   0.963  0.000  0.000
  235 H   0.0347  0.0931   0.965  0.000  0.000
  236 H   0.0357  0.0872   0.964  0.000  0.000
  237 H   0.0317  0.0852   0.968  0.000  0.000
  238 H   0.0319  0.0860   0.968  0.000  0.000
  239 H   0.0354  0.0937   0.965  0.000  0.000
  240 H   0.0346  0.0929   0.965  0.000  0.000
  241 H   0.0362  0.0877   0.964  0.000  0.000
  242 H   0.0310  0.0844   0.969  0.000  0.000
  243 H   0.0324  0.0859   0.968  0.000  0.000
  244 H   0.0360  0.0947   0.964  0.000  0.000
  245 H   0.0356  0.0947   0.964  0.000  0.000
  246 H   0.0317  0.0851   0.968  0.000  0.000
  247 H   0.0311  0.0845   0.969  0.000  0.000
  248 H   0.0370  0.0885   0.963  0.000  0.000
  249 H   0.0573  0.1181   0.943  0.000  0.000
  250 H   0.0592  0.1208   0.941  0.000  0.000
  251 H   0.0669  0.1292   0.933  0.000  0.000
  252 H   0.0543  0.1127   0.946  0.000  0.000
  253 H   0.0437  0.1039   0.956  0.000  0.000
  254 H   0.0468  0.1078   0.953  0.000  0.000
  255 H   0.0429  0.1023   0.957  0.000  0.000
  256 H   0.0434  0.1027   0.957  0.000  0.000
  257 H   0.0483  0.1141   0.952  0.000  0.000
 Hirshfeld charges for QMDFF written to <charges>
 
 Loewdin charges    n(s)   n(p)   n(d)
    1 C   0.0102   1.097  2.893  0.000
    2 C  -0.0226   1.142  2.881  0.000
    3 C   0.1359   1.142  2.722  0.000
    4 O  -0.2080   1.596  4.612  0.000
    5 C  -0.0202   1.149  2.872  0.000
    6 C  -0.0113   1.098  2.913  0.000
    7 C  -0.0063   1.168  2.838  0.000
    8 C  -0.0044   1.168  2.837  0.000
    9 C  -0.0222   1.099  2.923  0.000
   10 C   0.0008   1.135  2.865  0.000
   11 C   0.0298   1.155  2.815  0.000
   12 C   0.0016   1.075  2.923  0.000
   13 C   0.0925   1.138  2.770  0.000
   14 N  -0.2020   1.605  3.597  0.000
   15 C   0.0935   1.137  2.770  0.000
   16 N  -0.2009   1.604  3.597  0.000
   17 C  -0.0230   1.172  2.851  0.000
   18 C  -0.0110   1.146  2.865  0.000
   19 C  -0.0432   1.114  2.929  0.000
   20 C  -0.0445   1.114  2.930  0.000
   21 C  -0.0118   1.146  2.866  0.000
   22 C  -0.0526   1.106  2.947  0.000
   23 C  -0.0251   1.173  2.852  0.000
   24 C   0.0218   1.120  2.858  0.000
   25 C  -0.0455   1.096  2.949  0.000
   26 C  -0.0198   1.126  2.894  0.000
   27 C  -0.0037   1.128  2.876  0.000
   28 C   0.0063   1.125  2.869  0.000
   29 C  -0.0435   1.087  2.957  0.000
   30 C  -0.0274   1.084  2.944  0.000
   31 C  -0.0459   1.083  2.963  0.000
   32 C   0.0290   1.120  2.851  0.000
   33 S  -0.0818   1.883  4.122  0.076
   34 C  -0.0092   1.060  2.949  0.000
   35 C  -0.0894   1.023  3.067  0.000
   36 C  -0.0425   1.091  2.952  0.000
   37 C  -0.0028   1.133  2.870  0.000
   38 C  -0.0201   1.130  2.890  0.000
   39 C  -0.0062   1.123  2.883  0.000
   40 C   0.0070   1.126  2.867  0.000
   41 C  -0.0258   1.088  2.938  0.000
   42 C  -0.0223   1.084  2.939  0.000
   43 C  -0.0319   1.090  2.942  0.000
   44 C   0.0203   1.121  2.859  0.000
   45 S  -0.1132   1.888  4.149  0.076
   46 C  -0.0158   1.064  2.952  0.000
   47 C  -0.0928   1.025  3.067  0.000
   48 C  -0.0359   1.099  2.937  0.000
   49 C   0.0040   1.134  2.862  0.000
   50 S   0.0322   1.877  4.001  0.089
   51 C  -0.0760   1.090  2.986  0.000
   52 C   0.0118   1.126  2.862  0.000
   53 S   0.0369   1.880  3.990  0.093
   54 C  -0.0145   1.125  2.889  0.000
   55 C   0.0173   1.139  2.844  0.000
   56 N  -0.0788   1.188  3.891  0.000
   57 C   0.0410   1.136  2.823  0.000
   58 C  -0.0450   1.087  2.958  0.000
   59 C  -0.0495   1.080  2.969  0.000
   60 C   0.0176   1.116  2.866  0.000
   61 S  -0.0695   1.878  4.110  0.081
   62 C  -0.0527   0.995  3.057  0.000
   63 C  -0.0361   1.080  2.956  0.000
   64 C  -0.0362   1.085  2.951  0.000
   65 C   0.0350   1.138  2.827  0.000
   66 C  -0.0403   1.086  2.954  0.000
   67 C  -0.0371   1.080  2.957  0.000
   68 C   0.0203   1.117  2.863  0.000
   69 S  -0.0665   1.878  4.108  0.081
   70 C  -0.0508   0.994  3.057  0.000
   71 C  -0.0500   1.080  2.970  0.000
   72 C  -0.0402   1.086  2.954  0.000
   73 C  -0.0335   1.125  2.908  0.000
   74 S   0.0721   1.879  3.942  0.106
   75 C  -0.0239   1.123  2.901  0.000
   76 C   0.0123   1.140  2.847  0.000
   77 N  -0.0807   1.195  3.886  0.000
   78 C   0.0334   1.138  2.828  0.000
   79 C  -0.0457   1.088  2.958  0.000
   80 C  -0.0516   1.082  2.969  0.000
   81 C   0.0161   1.117  2.867  0.000
   82 S  -0.0701   1.877  4.111  0.082
   83 C  -0.0531   0.996  3.057  0.000
   84 C  -0.0379   1.081  2.957  0.000
   85 C  -0.0434   1.086  2.958  0.000
   86 C   0.0392   1.137  2.824  0.000
   87 C  -0.0452   1.086  2.959  0.000
   88 C  -0.0346   1.082  2.952  0.000
   89 C   0.0185   1.116  2.866  0.000
   90 S  -0.0726   1.878  4.112  0.083
   91 C  -0.0572   0.998  3.060  0.000
   92 C  -0.0428   1.082  2.961  0.000
   93 C  -0.0397   1.085  2.955  0.000
   94 C  -0.0309   1.121  2.910  0.000
   95 S   0.0630   1.878  3.956  0.103
   96 C   0.0143   1.123  2.863  0.000
   97 C  -0.0814   1.096  2.985  0.000
   98 C  -0.0225   1.130  2.892  0.000
   99 C   0.0025   1.116  2.881  0.000
  100 C  -0.0180   1.133  2.885  0.000
  101 C  -0.0601   1.085  2.975  0.000
  102 C  -0.0398   1.126  2.914  0.000
  103 S   0.0638   1.872  3.959  0.105
  104 C  -0.0606   1.165  2.896  0.000
  105 SI  0.0451   1.264  2.494  0.197
  106 C  -0.0791   1.065  3.014  0.000
  107 C  -0.0847   1.016  3.068  0.000
  108 C  -0.0858   1.063  3.023  0.000
  109 C  -0.0847   1.016  3.069  0.000
  110 C  -0.0834   1.063  3.020  0.000
  111 C  -0.0874   1.018  3.069  0.000
  112 C  -0.0643   1.084  2.980  0.000
  113 C  -0.0387   1.129  2.910  0.000
  114 S   0.0521   1.877  3.969  0.102
  115 C  -0.0025   1.137  2.865  0.000
  116 C  -0.0209   1.127  2.894  0.000
  117 C   0.0064   1.120  2.874  0.000
  118 C  -0.0126   1.132  2.881  0.000
  119 S   0.0501   1.877  3.971  0.101
  120 C  -0.0374   1.128  2.909  0.000
  121 C  -0.0623   1.084  2.978  0.000
  122 C  -0.0602   1.163  2.897  0.000
  123 SI  0.0464   1.265  2.493  0.196
  124 C  -0.0852   1.061  3.024  0.000
  125 C  -0.0845   1.016  3.068  0.000
  126 C  -0.0811   1.067  3.014  0.000
  127 C  -0.0851   1.016  3.069  0.000
  128 C  -0.0799   1.062  3.018  0.000
  129 C  -0.0837   1.016  3.068  0.000
  130 S   0.0590   1.873  3.964  0.105
  131 C  -0.0364   1.126  2.911  0.000
  132 C  -0.0552   1.084  2.972  0.000
  133 C  -0.0025   1.133  2.869  0.000
  134 S   0.0500   1.878  3.979  0.093
  135 C  -0.0536   1.100  2.953  0.000
  136 C   0.0216   1.121  2.858  0.000
  137 S   0.0391   1.876  3.993  0.092
  138 C   0.0063   1.097  2.897  0.000
  139 C  -0.0212   1.143  2.878  0.000
  140 C   0.1328   1.141  2.727  0.000
  141 O  -0.2165   1.596  4.621  0.000
  142 C  -0.0393   1.140  2.899  0.000
  143 C  -0.0054   1.088  2.918  0.000
  144 C  -0.0413   1.083  2.959  0.000
  145 C   0.0905   1.121  2.789  0.000
  146 O  -0.0932   1.411  4.683  0.000
  147 C   0.0015   1.017  2.981  0.000
  148 C  -0.0394   1.089  2.950  0.000
  149 C   0.0005   1.130  2.870  0.000
  150 C   0.0317   1.155  2.813  0.000
  151 C   0.0028   1.075  2.922  0.000
  152 C   0.0956   1.138  2.766  0.000
  153 N  -0.2069   1.604  3.603  0.000
  154 C   0.0921   1.136  2.772  0.000
  155 N  -0.1945   1.603  3.591  0.000
  156 H   0.0553   0.945  0.000  0.000
  157 H   0.0407   0.959  0.000  0.000
  158 H   0.0417   0.958  0.000  0.000
  159 H   0.0383   0.962  0.000  0.000
  160 H   0.0379   0.962  0.000  0.000
  161 H   0.0383   0.962  0.000  0.000
  162 H   0.0376   0.962  0.000  0.000
  163 H   0.0372   0.963  0.000  0.000
  164 H   0.0288   0.971  0.000  0.000
  165 H   0.0361   0.964  0.000  0.000
  166 H   0.0381   0.962  0.000  0.000
  167 H   0.0479   0.952  0.000  0.000
  168 H   0.0296   0.970  0.000  0.000
  169 H   0.0344   0.966  0.000  0.000
  170 H   0.0363   0.964  0.000  0.000
  171 H   0.0415   0.958  0.000  0.000
  172 H   0.0465   0.953  0.000  0.000
  173 H   0.0358   0.964  0.000  0.000
  174 H   0.0318   0.968  0.000  0.000
  175 H   0.0324   0.968  0.000  0.000
  176 H   0.0323   0.968  0.000  0.000
  177 H   0.0343   0.966  0.000  0.000
  178 H   0.0356   0.964  0.000  0.000
  179 H   0.0345   0.966  0.000  0.000
  180 H   0.0403   0.960  0.000  0.000
  181 H   0.0448   0.955  0.000  0.000
  182 H   0.0332   0.967  0.000  0.000
  183 H   0.0321   0.968  0.000  0.000
  184 H   0.0320   0.968  0.000  0.000
  185 H   0.0341   0.966  0.000  0.000
  186 H   0.0465   0.954  0.000  0.000
  187 H   0.0304   0.970  0.000  0.000
  188 H   0.0373   0.963  0.000  0.000
  189 H   0.0456   0.954  0.000  0.000
  190 H   0.0464   0.954  0.000  0.000
  191 H   0.0535   0.946  0.000  0.000
  192 H   0.0376   0.962  0.000  0.000
  193 H   0.0341   0.966  0.000  0.000
  194 H   0.0320   0.968  0.000  0.000
  195 H   0.0367   0.963  0.000  0.000
  196 H   0.0454   0.955  0.000  0.000
  197 H   0.0460   0.954  0.000  0.000
  198 H   0.0540   0.946  0.000  0.000
  199 H   0.0377   0.962  0.000  0.000
  200 H   0.0327   0.967  0.000  0.000
  201 H   0.0358   0.964  0.000  0.000
  202 H   0.0412   0.959  0.000  0.000
  203 H   0.0460   0.954  0.000  0.000
  204 H   0.0549   0.945  0.000  0.000
  205 H   0.0470   0.953  0.000  0.000
  206 H   0.0369   0.963  0.000  0.000
  207 H   0.0321   0.968  0.000  0.000
  208 H   0.0311   0.969  0.000  0.000
  209 H   0.0359   0.964  0.000  0.000
  210 H   0.0486   0.951  0.000  0.000
  211 H   0.0472   0.953  0.000  0.000
  212 H   0.0527   0.947  0.000  0.000
  213 H   0.0393   0.961  0.000  0.000
  214 H   0.0330   0.967  0.000  0.000
  215 H   0.0497   0.950  0.000  0.000
  216 H   0.0482   0.952  0.000  0.000
  217 H   0.0380   0.962  0.000  0.000
  218 H   0.0370   0.963  0.000  0.000
  219 H   0.0357   0.964  0.000  0.000
  220 H   0.0312   0.969  0.000  0.000
  221 H   0.0349   0.965  0.000  0.000
  222 H   0.0370   0.963  0.000  0.000
  223 H   0.0413   0.959  0.000  0.000
  224 H   0.0319   0.968  0.000  0.000
  225 H   0.0314   0.969  0.000  0.000
  226 H   0.0358   0.964  0.000  0.000
  227 H   0.0384   0.962  0.000  0.000
  228 H   0.0366   0.963  0.000  0.000
  229 H   0.0320   0.968  0.000  0.000
  230 H   0.0345   0.966  0.000  0.000
  231 H   0.0328   0.967  0.000  0.000
  232 H   0.0462   0.954  0.000  0.000
  233 H   0.0460   0.954  0.000  0.000
  234 H   0.0390   0.961  0.000  0.000
  235 H   0.0369   0.963  0.000  0.000
  236 H   0.0354   0.965  0.000  0.000
  237 H   0.0321   0.968  0.000  0.000
  238 H   0.0322   0.968  0.000  0.000
  239 H   0.0373   0.963  0.000  0.000
  240 H   0.0365   0.964  0.000  0.000
  241 H   0.0359   0.964  0.000  0.000
  242 H   0.0315   0.969  0.000  0.000
  243 H   0.0330   0.967  0.000  0.000
  244 H   0.0381   0.962  0.000  0.000
  245 H   0.0376   0.962  0.000  0.000
  246 H   0.0323   0.968  0.000  0.000
  247 H   0.0316   0.968  0.000  0.000
  248 H   0.0366   0.963  0.000  0.000
  249 H   0.0487   0.951  0.000  0.000
  250 H   0.0503   0.950  0.000  0.000
  251 H   0.0553   0.945  0.000  0.000
  252 H   0.0441   0.956  0.000  0.000
  253 H   0.0362   0.964  0.000  0.000
  254 H   0.0432   0.957  0.000  0.000
  255 H   0.0400   0.960  0.000  0.000
  256 H   0.0404   0.960  0.000  0.000
  257 H   0.0384   0.962  0.000  0.000
 
 Wiberg/Mayer (AO) data. WBOs > 0.1 written file <wbo>
 largest (>0.05) Wiberg bond orders for each atom
           total WBO             WBO to atom ...
     1  C   3.934    C    2 1.587    C   24 1.177    H  156 0.929    O    4 0.051
     2  C   3.909    C    1 1.587    C   11 1.074    C    3 0.969    C   25 0.081    O    4 0.066
     3  C   3.906    O    4 1.806    C    5 0.986    C    2 0.969
     4  O   2.154    C    3 1.806    C    2 0.066    C    5 0.063    C    1 0.051
     5  C   3.931    C    6 1.357    C   10 1.281    C    3 0.986    C    8 0.090    O    4 0.063
     6  C   3.961    C    7 1.423    C    5 1.357    H  157 0.941    C    9 0.084
     7  C   3.919    C    6 1.423    C    8 1.310    C   23 0.951    C   10 0.090
     8  C   3.929    C    9 1.428    C    7 1.310    C   17 0.953    C    5 0.090
     9  C   3.957    C    8 1.428    C   10 1.350    H  158 0.937    C    6 0.084
    10  C   3.945    C    9 1.350    C    5 1.281    C   11 1.045    C    7 0.090
    11  C   3.932    C   12 1.482    C    2 1.074    C   10 1.045    N   16 0.096    N   14 0.093
    12  C   3.956    C   11 1.482    C   15 1.064    C   13 1.054    N   14 0.078    N   16 0.078
    13  C   3.942    N   14 2.797    C   12 1.054
    14  N   3.057    C   13 2.797    C   11 0.093    C   12 0.078
    15  C   3.940    N   16 2.792    C   12 1.064
    16  N   3.049    C   15 2.792    C   11 0.096    C   12 0.078
    17  C   3.931    C    8 0.953    C   23 0.949    H  159 0.941    C   18 0.925
    18  C   3.949    C   19 0.991    C   22 0.969    H  160 0.947    C   17 0.925
    19  C   3.964    C   20 1.937    C   18 0.991    H  161 0.937
    20  C   3.964    C   19 1.937    C   21 0.991    H  162 0.937
    21  C   3.948    C   20 0.991    C   22 0.969    H  163 0.947    C   23 0.925
    22  C   3.962    C   18 0.969    C   21 0.969    H  164 0.964    H  165 0.958
    23  C   3.928    C    7 0.951    C   17 0.949    H  166 0.941    C   21 0.925
    24  C   3.922    C   25 1.520    C    1 1.177    S   50 1.048
    25  C   3.939    C   24 1.520    C   26 1.220    H  167 0.936    C    2 0.081    S   50 0.069
    26  C   3.932    C   27 1.258    C   25 1.220    C   49 1.214
    27  C   3.919    C   37 1.398    C   26 1.258    C   28 0.972    C   39 0.085
    28  C   3.953    C   36 1.402    C   29 1.368    C   27 0.972    C   31 0.103
    29  C   3.967    C   30 1.436    C   28 1.368    H  168 0.946    C   32 0.100
    30  C   3.972    C   29 1.436    C   31 1.430    H  169 0.942    C   36 0.104
    31  C   3.971    C   30 1.430    C   32 1.383    H  170 0.944    C   28 0.103
    32  C   3.953    C   31 1.383    C   36 1.377    S   33 1.024    C   29 0.100
    33  S   2.207    C   32 1.024    C   34 0.979
    34  C   3.964    C   35 1.011    S   33 0.979    H  171 0.975    H  172 0.968
    35  C   3.983    C   34 1.011    H  174 0.982    H  173 0.979    H  175 0.977
    36  C   3.967    C   28 1.402    C   32 1.377    H  176 0.945    C   30 0.104
    37  C   3.931    C   27 1.398    C   38 1.216    S   53 1.064    C   49 0.051
    38  C   3.928    C   39 1.256    C   37 1.216    C   51 1.213
    39  C   3.927    C   49 1.384    C   38 1.256    C   40 0.997    C   27 0.085
    40  C   3.953    C   41 1.372    C   48 1.371    C   39 0.997    C   43 0.103
    41  C   3.966    C   42 1.435    C   40 1.372    H  177 0.944    C   44 0.100
    42  C   3.971    C   41 1.435    C   43 1.431    H  178 0.944    C   48 0.104
    43  C   3.966    C   42 1.431    C   44 1.384    H  179 0.945    C   40 0.103
    44  C   3.949    C   48 1.401    C   43 1.384    S   45 0.994    C   41 0.100
    45  S   2.147    C   44 0.994    C   46 0.968
    46  C   3.967    C   47 1.011    H  180 0.975    S   45 0.968    H  181 0.968
    47  C   3.983    C   46 1.011    H  183 0.982    H  182 0.977    H  184 0.976
    48  C   3.965    C   44 1.401    C   40 1.371    H  185 0.942    C   42 0.104
    49  C   3.932    C   39 1.384    C   26 1.214    S   50 1.075    C   37 0.051
    50  S   2.430    C   49 1.075    C   24 1.048    C   25 0.069
    51  C   3.926    C   52 1.537    C   38 1.213    H  186 0.930    S   53 0.068    C   55 0.059
    52  C   3.912    C   51 1.537    C   54 1.138    S   53 1.062
    53  S   2.432    C   37 1.064    C   52 1.062    C   51 0.068
    54  C   3.908    C   55 1.452    C   52 1.138    S   95 1.064    C   94 0.063
    55  C   3.903    C   54 1.452    C   73 1.198    N   56 1.006    S   95 0.065    C   51 0.059
    56  N   3.325    C   55 1.006    C   57 0.995    C   65 0.982
    57  C   3.931    C   58 1.372    C   64 1.348    N   56 0.995    C   60 0.094
    58  C   3.968    C   59 1.435    C   57 1.372    H  187 0.945    C   63 0.102
    59  C   3.972    C   58 1.435    C   60 1.386    H  188 0.943    C   64 0.100
    60  C   3.952    C   59 1.386    C   63 1.354    S   61 1.034    C   57 0.094
    61  S   2.209    C   60 1.034    C   62 0.997
    62  C   3.982    S   61 0.997    H  189 0.989    H  190 0.988    H  191 0.980
    63  C   3.971    C   64 1.473    C   60 1.354    H  192 0.943    C   58 0.102
    64  C   3.969    C   63 1.473    C   57 1.348    H  193 0.944    C   59 0.100
    65  C   3.931    C   72 1.376    C   66 1.357    N   56 0.982    C   68 0.095
    66  C   3.969    C   67 1.466    C   65 1.357    H  194 0.944    C   71 0.100
    67  C   3.972    C   66 1.466    C   68 1.360    H  195 0.944    C   72 0.103
    68  C   3.952    C   71 1.377    C   67 1.360    S   69 1.038    C   65 0.095
    69  S   2.212    C   68 1.038    C   70 0.999
    70  C   3.983    S   69 0.999    H  196 0.989    H  197 0.989    H  198 0.980
    71  C   3.972    C   72 1.443    C   68 1.377    H  199 0.943    C   66 0.100
    72  C   3.968    C   71 1.443    C   65 1.376    H  200 0.944    C   67 0.103
    73  C   3.924    C   94 1.383    C   55 1.198    S   74 1.094    C   75 0.069    S   95 0.052
    74  S   2.497    C   73 1.094    C   75 1.088    C   76 0.071    C   94 0.051
    75  C   3.909    C   76 1.445    C   96 1.108    S   74 1.088    C   73 0.069
    76  C   3.908    C   75 1.445    C   94 1.208    N   77 1.002    S   74 0.071
    77  N   3.323    C   76 1.002    C   86 0.991    C   78 0.986
    78  C   3.930    C   79 1.374    C   85 1.353    N   77 0.986    C   81 0.096
    79  C   3.968    C   80 1.439    C   78 1.374    H  201 0.941    C   84 0.101
    80  C   3.971    C   79 1.439    C   81 1.380    H  202 0.941    C   85 0.099
    81  C   3.954    C   80 1.380    C   84 1.353    S   82 1.039    C   78 0.096
    82  S   2.213    C   81 1.039    C   83 0.998
    83  C   3.980    S   82 0.998    H  205 0.988    H  203 0.984    H  204 0.979
    84  C   3.971    C   85 1.472    C   81 1.353    H  206 0.944    C   79 0.101
    85  C   3.970    C   84 1.472    C   78 1.353    H  207 0.944    C   80 0.099
    86  C   3.930    C   93 1.369    C   87 1.361    N   77 0.991    C   89 0.095
    87  C   3.969    C   88 1.457    C   86 1.361    H  208 0.943    C   92 0.100
    88  C   3.971    C   87 1.457    C   89 1.367    H  209 0.944    C   93 0.103
    89  C   3.953    C   92 1.375    C   88 1.367    S   90 1.030    C   86 0.095
    90  S   2.208    C   89 1.030    C   91 0.994
    91  C   3.976    S   90 0.994    H  211 0.987    H  210 0.982    H  212 0.980
    92  C   3.971    C   93 1.447    C   89 1.375    H  213 0.942    C   87 0.100
    93  C   3.970    C   92 1.447    C   86 1.369    H  214 0.945    C   88 0.103
    94  C   3.927    C   73 1.383    C   76 1.208    S   95 1.092    C   54 0.063    S   74 0.051
    95  S   2.478    C   94 1.092    C   54 1.064    C   55 0.065    C   73 0.052
    96  C   3.908    C   97 1.553    C   75 1.108    S  134 1.066
    97  C   3.939    C   96 1.553    C   98 1.210    H  215 0.922    S  134 0.070
    98  C   3.926    C   99 1.235    C  133 1.233    C   97 1.210
    99  C   3.919    C  115 1.353    C   98 1.235    C  100 1.057    C  117 0.076
   100  C   3.927    C  101 1.551    S  114 1.084    C   99 1.057    C  113 0.077
   101  C   3.948    C  100 1.551    C  102 1.250    H  216 0.934    S  114 0.073
   102  C   3.939    C  113 1.362    C  101 1.250    S  103 1.105    C  104 0.082
   103  S   2.532    C  104 1.128    C  102 1.105    C  112 0.078    C  113 0.055
   104  C   3.887    C  112 1.616    S  103 1.128    SI 105 0.897    C  102 0.082
   105  SI  3.701    C  108 0.903    C  104 0.897    C  110 0.895    C  106 0.893
   106  C   3.958    C  107 1.020    H  218 0.974    H  217 0.972    SI 105 0.893
   107  C   3.983    C  106 1.020    H  220 0.985    H  221 0.981    H  219 0.972
   108  C   3.960    C  109 1.020    H  222 0.975    H  223 0.966    SI 105 0.903
   109  C   3.983    C  108 1.020    H  225 0.985    H  224 0.985    H  226 0.973
   110  C   3.964    C  111 1.020    H  227 0.974    H  228 0.973    SI 105 0.895
   111  C   3.985    C  110 1.020    H  229 0.985    H  231 0.983    H  230 0.973
   112  C   3.964    C  104 1.616    C  113 1.238    H  232 0.938    S  103 0.078
   113  C   3.926    C  102 1.362    C  112 1.238    S  114 1.094    C  100 0.077    S  103 0.055
   114  S   2.502    C  113 1.094    C  100 1.084    C  101 0.073
   115  C   3.925    C   99 1.353    C  116 1.225    S  137 1.077
   116  C   3.930    C  135 1.229    C  117 1.228    C  115 1.225
   117  C   3.908    C  133 1.354    C  116 1.228    C  118 1.060    C   99 0.076
   118  C   3.927    C  132 1.552    S  119 1.082    C  117 1.060    C  120 0.076
   119  S   2.497    C  120 1.099    C  118 1.082    C  132 0.074    C  131 0.051
   120  C   3.925    C  131 1.361    C  121 1.238    S  119 1.099    C  118 0.076    S  130 0.054
   121  C   3.963    C  122 1.615    C  120 1.238    H  233 0.938    S  130 0.079
   122  C   3.888    C  121 1.615    S  130 1.128    SI 123 0.900    C  131 0.082
   123  SI  3.700    C  124 0.901    C  128 0.900    C  122 0.900    C  126 0.887
   124  C   3.965    C  125 1.020    H  235 0.975    H  234 0.973    SI 123 0.901
   125  C   3.985    C  124 1.020    H  237 0.985    H  238 0.984    H  236 0.973
   126  C   3.956    C  127 1.019    H  240 0.974    H  239 0.974    SI 123 0.887
   127  C   3.983    C  126 1.019    H  242 0.985    H  243 0.984    H  241 0.972
   128  C   3.965    C  129 1.020    H  244 0.974    H  245 0.974    SI 123 0.900
   129  C   3.983    C  128 1.020    H  247 0.985    H  246 0.984    H  248 0.972
   130  S   2.527    C  122 1.128    C  131 1.105    C  121 0.079    C  120 0.054
   131  C   3.938    C  120 1.361    C  132 1.250    S  130 1.105    C  122 0.082    S  119 0.051
   132  C   3.947    C  118 1.552    C  131 1.250    H  249 0.935    S  119 0.074
   133  C   3.926    C  117 1.354    C   98 1.233    S  134 1.077
   134  S   2.445    C  133 1.077    C   96 1.066    C   97 0.070
   135  C   3.938    C  136 1.506    C  116 1.229    H  250 0.930    C  139 0.083    S  137 0.068
   136  C   3.918    C  135 1.506    C  138 1.185    S  137 1.052
   137  S   2.448    C  115 1.077    C  136 1.052    C  135 0.068
   138  C   3.933    C  139 1.581    C  136 1.185    H  251 0.930
   139  C   3.909    C  138 1.581    C  150 1.079    C  140 0.964    C  135 0.083    O  141 0.068
   140  C   3.907    O  141 1.797    C  142 1.000    C  139 0.964
   141  O   2.145    C  140 1.797    C  139 0.068    C  142 0.064
   142  C   3.937    C  143 1.385    C  149 1.244    C  140 1.000    C  145 0.084    O  141 0.064
   143  C   3.966    C  144 1.437    C  142 1.385    H  252 0.942    C  148 0.084
   144  C   3.953    C  143 1.437    C  145 1.347    H  253 0.944    C  149 0.082    O  146 0.056
   145  C   3.930    C  144 1.347    C  148 1.336    O  146 1.077    C  142 0.084
   146  O   2.251    C  145 1.077    C  147 0.987    C  144 0.056
   147  C   3.953    H  254 0.990    O  146 0.987    H  256 0.981    H  255 0.981
   148  C   3.959    C  149 1.425    C  145 1.336    H  257 0.941    C  143 0.084
   149  C   3.950    C  148 1.425    C  142 1.244    C  150 1.036    C  144 0.082
   150  C   3.934    C  151 1.485    C  139 1.079    C  149 1.036    N  155 0.096    N  153 0.094
   151  C   3.956    C  150 1.485    C  154 1.060    C  152 1.057    N  155 0.078    N  153 0.078
   152  C   3.941    N  153 2.790    C  151 1.057
   153  N   3.060    C  152 2.790    C  150 0.094    C  151 0.078
   154  C   3.941    N  155 2.796    C  151 1.060
   155  N   3.054    C  154 2.796    C  150 0.096    C  151 0.078
   156  H   0.991    C    1 0.929
   157  H   0.996    C    6 0.941
   158  H   0.995    C    9 0.937
   159  H   0.996    C   17 0.941
   160  H   0.997    C   18 0.947
   161  H   0.998    C   19 0.937
   162  H   0.998    C   20 0.937
   163  H   0.997    C   21 0.947
   164  H   0.999    C   22 0.964
   165  H   0.996    C   22 0.958
   166  H   0.995    C   23 0.941
   167  H   0.994    C   25 0.936
   168  H   0.996    C   29 0.946
   169  H   0.996    C   30 0.942
   170  H   0.996    C   31 0.944
   171  H   0.998    C   34 0.975
   172  H   0.996    C   34 0.968
   173  H   0.999    C   35 0.979
   174  H   0.999    C   35 0.982
   175  H   0.998    C   35 0.977
   176  H   0.998    C   36 0.945
   177  H   0.996    C   41 0.944
   178  H   0.996    C   42 0.944
   179  H   0.996    C   43 0.945
   180  H   0.998    C   46 0.975
   181  H   0.996    C   46 0.968
   182  H   0.999    C   47 0.977
   183  H   0.999    C   47 0.982
   184  H   0.999    C   47 0.976
   185  H   0.998    C   48 0.942
   186  H   0.995    C   51 0.930
   187  H   0.998    C   58 0.945
   188  H   0.997    C   59 0.943
   189  H   0.998    C   62 0.989
   190  H   0.997    C   62 0.988
   191  H   0.996    C   62 0.980
   192  H   0.997    C   63 0.943
   193  H   0.997    C   64 0.944
   194  H   0.997    C   66 0.944
   195  H   0.997    C   67 0.944
   196  H   0.997    C   70 0.989
   197  H   0.998    C   70 0.989
   198  H   0.996    C   70 0.980
   199  H   0.997    C   71 0.943
   200  H   0.998    C   72 0.944
   201  H   0.998    C   79 0.941
   202  H   0.997    C   80 0.941
   203  H   0.998    C   83 0.984
   204  H   0.996    C   83 0.979
   205  H   0.997    C   83 0.988
   206  H   0.997    C   84 0.944
   207  H   0.997    C   85 0.944
   208  H   0.998    C   87 0.943
   209  H   0.997    C   88 0.944
   210  H   0.997    C   91 0.982
   211  H   0.997    C   91 0.987
   212  H   0.996    C   91 0.980
   213  H   0.997    C   92 0.942
   214  H   0.998    C   93 0.945
   215  H   0.994    C   97 0.922
   216  H   0.996    C  101 0.934
   217  H   0.997    C  106 0.972
   218  H   0.998    C  106 0.974
   219  H   0.992    C  107 0.972
   220  H   0.999    C  107 0.985
   221  H   0.999    C  107 0.981
   222  H   0.998    C  108 0.975
   223  H   0.997    C  108 0.966
   224  H   0.999    C  109 0.985
   225  H   0.999    C  109 0.985
   226  H   0.996    C  109 0.973
   227  H   0.998    C  110 0.974
   228  H   0.997    C  110 0.973
   229  H   0.999    C  111 0.985
   230  H   0.992    C  111 0.973
   231  H   0.999    C  111 0.983
   232  H   0.996    C  112 0.938
   233  H   0.996    C  121 0.938
   234  H   0.997    C  124 0.973
   235  H   0.998    C  124 0.975
   236  H   0.993    C  125 0.973
   237  H   0.999    C  125 0.985
   238  H   0.999    C  125 0.984
   239  H   0.998    C  126 0.974
   240  H   0.998    C  126 0.974
   241  H   0.996    C  127 0.972
   242  H   0.999    C  127 0.985
   243  H   0.999    C  127 0.984
   244  H   0.998    C  128 0.974
   245  H   0.998    C  128 0.974
   246  H   0.999    C  129 0.984
   247  H   0.999    C  129 0.985
   248  H   0.996    C  129 0.972
   249  H   0.996    C  132 0.935
   250  H   0.994    C  135 0.930
   251  H   0.991    C  138 0.930
   252  H   0.995    C  143 0.942
   253  H   0.996    C  144 0.944
   254  H   0.997    C  147 0.990
   255  H   0.998    C  147 0.981
   256  H   0.998    C  147 0.981
   257  H   0.996    C  148 0.941
 
 --------------------------------------------
          xTB calculation for sTDA...
 --------------------------------------------
 
 reading parameter file /ihome/ghutchison/blp62/xtb4stda/.param_stda2.xtb
 
      method parameters     
 k(s)        :  1.6000
 k(p)        :  2.1800
 k(d)        :  1.9500
 k(f)        :  2.0000
 k(R-V)      :  2.2750
 k(R-R)      :  1.7650
 Tscal       :  0.2580
 Gscal       :  1.0000
 fpol        :  1.0000
 Zcnf        :  0.3430
 Zqf         :  0.0000
 kcn         :  2.7000
 Ryd Hsplit  :  0.7000
 lshift(virt):  3.1000
 lshift(OS)  :  0.2000
 wllscaling  :  2.6000
 
 mowrcut     : 3.000
 
  Z AO/shell   Hii/eV     exponent
  1     Sun Feb 14 09:53:25 CET 2016    EN: 2.327 GAM: 0.473  GM3: 0.0000
     1s    -14.339618    1.220000
     2sp    -3.348946    0.600000
  6     Sun Feb 14 09:53:25 CET 2016    EN: 2.731 GAM: 0.422  GM3: 0.0000
     2s    -22.009312    1.565095
     2p    -13.020408    1.596905
     3sp    -3.914040    0.824500
  7     Sun Feb 14 09:53:25 CET 2016    EN: 3.573 GAM: 0.504  GM3: 0.0000
     2s    -25.722000    2.064844
     2p    -18.684912    1.801692
     3sp    -4.344791    0.921400
  8     Sun Feb 14 09:53:25 CET 2016    EN: 3.700 GAM: 0.587  GM3: 0.0000
     2s    -33.859000    2.418661
     2p    -22.175911    1.973969
     3sp    -4.259392    1.013700
 14     Sun Feb 21 16:46:26 CET 2016    EN: 1.199 GAM: 0.300  GM3: 0.0000
     3s    -15.522634    1.383771
     3p    -10.921327    1.450010
     4sp    -4.631265    0.682200
 16     Sun Feb 21 16:35:57 CET 2016    EN: 1.915 GAM: 0.200  GM3: 0.0000
     3s    -17.898811    2.619580
     3p    -15.317401    1.798798
     4sp    -4.455139    0.843200
 
 Nbf   :         1750
 T(el) :     0.0
 calculating S/T integrals ...
 cpu time for ints    3.65383500000000     
 Nao   :         1750
 making H0...
 making H1...
 cpu time for H      0.113694000000001     
 solving ...
 cpu time for diag    1.83325200000000     
 
 gap (eV)           :   4.128
 Koopmans IP (eV)   :  13.021
 Eel (Eh)           :  -643.347395

          eigenvalues
 #    :         371        372        373        374        375        376        377        378
 occ. :        2.000      2.000      2.000      2.000      2.000      2.000      2.000      2.000
 eps  :       -14.788    -14.753    -14.673    -14.588    -14.585    -14.584    -14.400    -14.190
 #    :         379        380        381        382        383        384        385        386
 occ. :        2.000      2.000      2.000      2.000      2.000      0.000      0.000      0.000
 eps  :       -14.123    -13.858    -13.369    -13.217    -13.022     -8.895     -8.800     -8.395
 #    :         387        388        389        390        391        392        393        394
 occ. :        0.000      0.000      0.000      0.000      0.000      0.000      0.000      0.000
 eps  :        -8.277     -7.443     -7.070     -6.544     -6.349     -6.287     -6.078     -5.940
                            1  SCC done.
 writing mo output ...
 molden style : F
 
speedup  2.90
cpu  time for all   12.23 s
wall time for all    4.22 s
