 
        ______________________________________
       |                                      |
       |          ===================         |
       |             xTB for sTDA             |
       |          ===================         |
       |               S. Grimme              |
       |        Universitaet Bonn, MCTC       |
       |         2015-19, Version 1.0         |
       |     Wed Apr  3 09:14:55 CEST 2019    |
       |______________________________________|
 
        This code comes without any warranty
        for non-commercial, academia use only.
        Preliminary test version.
        Cite this work as:
        S. Grimme  &  C. Bannwarth, JCP 145 (2016) 054103
        if GBSA is used additionally:
        P. Shushkov, F. März, C. Bannwarth, S. Grimme, unpublished.
 
        with help from
        P. Shushkov, G. Brandenburg, S. Dohm, J. Pisarek,
        F. März, M. Checinski, S. Ehrlich, S. Spicher, 
        P. Pracht, E. Caldeweyher, S. Ehlert, and C. Bannwarth.
 
        usage        :
        xtb4stda <coord_file> [options]
        where <coord_file> is a valid file of TM)
        (*coord, Bohr) or xmol (*xyz, Angstroem)
        format.

        options:
        -chrg <int>   : molecular charge
        -uhf  <int>   : # of unpaired electrons(=2*S)
        -nox          : skip second, extended part in sTDA-xTB
        -pop          : do population analysis
                      : (default for -nox)
        -mowr <real>  : cut MO write above (def.3 Eh)
        -molden       : write formatted molden file
        -parx <file>  : read parameters for sTDA-xTB
                        calc (def:~/.param_stda2.xtb)
        -parv <file>  : read parameters for vTB part in
                        sTDA-xTB (def: ~/.param_stda1.xtb)
        -xtemp <real> : el. temp for xTB (def. 0 K)
        -etemp <real> : el. temp for GFN (def. 300 K)
        -fod          : calculate the FOD and write
                        molden.input file with
                        appropriate occupations
                        for plotting. Def. T=12500 K
 
        -acc <real>   : xTB accuracy (def. 1.0)
        -gbsa [string1] [string2]
                        use GBSA implicit solvent
                        for solvent [string1] and
                        solvation state [string2]=
                        reference, bar1M (default=1M)
        additional GFN/opt/MD/siman options read from
        $XTB4STDAHOME/.xtb4stdarc or $set in input
 
       spin and charge state information can be on:
       <.CHRG> (charge) and <.UHF> (=nalpha-nbeta)
       -uhf and -chrg override the file info.
       useful machine settings:
       setenv MKL_NUM_THREADS <NCORE_ON_YOUR_MACHINE>
       setenv OMP_STACKSIZE 500m
       limit stacksize unlimited
 
       total energies in Eh, gaps/HL energies in eV
       please read REVISION and HOWTO files carefully
 =============================
  # OMP threads =           8
 =============================
 
 xtb4stdahome directory:/ihome/ghutchison/blp62/xtb4stda/
 
 
 name of molecule           :
 comment line               :
 number of atoms            :   116
 number of electrons        :   370
 charge                     :  0
 spin                       : 0.0
 first test random number   :  0.7748
 
 -----------------------------------------
      charge density (VTB) calculation
 -----------------------------------------
 
      method parameters     
 k(s)        :  1.8000
 k(p)        :  2.8350
 k(d)        :  2.0860
 k(f)        :  2.0000
 Tscal       :  0.3300
 Gscal       :  0.3910
 fpol        :  1.0000
 Zcnf        :  0.6500
 Zqf         :  0.0000
 kcn         :  0.3000
 kEN1        : -0.5900
 wllscal     :  2.6000
 
     -------------------------
     ! NO SOLVENT MODEL USED !
     -------------------------
 
 doing EN charges ...
 sum q :  0.2220446D-14
 point charge moment (au)
     X       Y       Z   
  -0.4739   0.1921  -0.6851  total (Debye):    2.173
 
            Z      q(EN)   CN      Cart. coordinates
     1  C   4.0  -0.075   3.227     1.88803    12.00448     6.44529
     2  C   4.0  -0.003   3.283     0.08107    13.84205     6.32453
     3  C   4.0   0.101   3.224    -1.96494    13.92350     4.41100
     4  O   6.0  -0.106   1.060    -2.15504    12.67023     2.50049
     5  C   4.0  -0.007   3.367    -3.86298    15.69417     5.42918
     6  C   4.0  -0.057   3.148    -6.18753    16.29567     4.35109
     7  C   4.0   0.003   3.506    -7.59727    17.97432     5.74326
     8  C   4.0   0.002   3.507    -6.76106    18.98305     8.04513
     9  C   4.0  -0.058   3.152    -4.47204    18.40820     9.12983
    10  C   4.0  -0.006   3.359    -3.00977    16.69989     7.74391
    11  C   4.0  -0.008   3.329    -0.52421    15.64315     8.29533
    12  C   4.0  -0.037   3.121     1.04615    16.33800    10.23400
    13  C   4.0   0.237   2.153     0.42783    18.12361    12.11163
    14  N   5.0  -0.216   1.026     0.02929    19.54676    13.70014
    15  C   4.0   0.236   2.156     3.52339    15.40618    10.55601
    16  N   5.0  -0.215   1.026     5.56846    14.76311    10.89370
    17  C   4.0  -0.105   4.484    -9.14325    20.50220     8.41722
    18  C   4.0  -0.102   4.327   -11.12028    19.49177    10.32433
    19  C   4.0  -0.062   3.280   -10.76936    16.66493    10.43526
    20  C   4.0  -0.062   3.280   -11.55983    15.70967     8.25697
    21  C   4.0  -0.102   4.327   -12.45953    17.87359     6.63332
    22  C   4.0  -0.169   4.322   -13.51022    19.64616     8.68046
    23  C   4.0  -0.105   4.482   -10.07394    19.37971     5.85248
    24  C   4.0  -0.082   3.239     2.59648    10.37176     4.45068
    25  C   4.0  -0.006   3.377     2.88618    10.82700     1.88443
    26  C   4.0  -0.173   4.067     2.77733    13.37302     0.68011
    27  C   4.0  -0.244   4.033     5.17388    13.96621    -0.81768
    28  C   4.0  -0.106   3.488     3.52869     8.59958     0.59413
    29  S   6.0   0.230   2.453     3.95803     7.90000    -2.60839
    30  C   4.0  -0.089   3.412     4.35790     4.75398    -1.84305
    31  C   4.0   0.003   3.429     4.76967     2.42452    -3.05947
    32  C   4.0   0.098   3.332     5.28783     1.81565    -5.62156
    33  C   4.0   0.098   3.332     5.79295    -0.74984    -6.24649
    34  N   5.0  -0.216   2.166     6.44434    -1.41030    -8.59769
    35  C   4.0   0.038   3.205     6.55470     0.40629   -10.29012
    36  C   4.0   0.038   3.205     5.99837     2.92133    -9.68900
    37  N   5.0  -0.216   2.165     5.38137     3.62298    -7.38637
    38  C   4.0   0.003   3.430     5.46868    -2.61141    -4.33994
    39  C   4.0  -0.089   3.411     5.47132    -5.26780    -4.46221
    40  S   6.0   0.230   2.455     6.01330    -7.63733    -6.63596
    41  C   4.0  -0.106   3.484     5.15479    -9.88667    -4.36697
    42  C   4.0  -0.006   3.373     4.86926   -12.51962    -4.44936
    43  C   4.0  -0.172   4.067     5.62987   -14.13477    -6.62954
    44  C   4.0  -0.244   4.034     8.26415   -13.49038    -7.61711
    45  C   4.0  -0.082   3.238     3.99091   -13.44105    -2.14843
    46  S   6.0   0.220   2.535     3.68723   -11.04602     0.15590
    47  C   4.0  -0.099   3.409     4.52325    -8.79327    -2.03505
    48  C   4.0   0.071   3.690     4.70409    -6.16221    -2.09287
    49  N   5.0  -0.289   3.261     4.27796    -4.17138    -0.47829
    50  C   4.0   0.099   3.488     4.77723    -1.99102    -1.82566
    51  C   4.0   0.099   3.490     4.73584     0.57259    -1.12193
    52  N   5.0  -0.290   3.262     4.47657     1.72664     1.20451
    53  C   4.0   0.072   3.685     4.21069     4.27059     0.75457
    54  C   4.0  -0.099   3.409     3.75186     6.46608     2.14711
    55  S   6.0   0.220   2.535     3.28586     7.21535     5.27914
    56  C   4.0  -0.098   4.084     5.46736     0.80861     3.58746
    57  C   4.0  -0.240   4.030     7.97748     2.07889     4.24036
    58  C   4.0  -0.099   4.088     2.49406    -4.44709     1.58170
    59  C   4.0  -0.240   4.030    -0.14060    -5.10472     0.59734
    60  C   4.0  -0.075   3.228     3.39716   -15.92075    -1.37402
    61  C   4.0  -0.003   3.285     2.26767   -17.74490    -2.81985
    62  C   4.0   0.100   3.223     0.72811   -17.22126    -5.09678
    63  O   6.0  -0.106   1.059     0.47243   -15.22855    -6.20095
    64  C   4.0  -0.006   3.347    -0.64100   -19.59891    -5.61986
    65  C   4.0  -0.069   3.194    -2.38276   -20.07985    -7.50240
    66  C   4.0   0.010   3.173    -3.49221   -22.45675    -7.65944
    67  C   4.0  -0.252   4.054    -5.38402   -23.11248    -9.64837
    68  C   4.0   0.021   3.204    -2.77884   -24.25577    -5.86571
    69  F   7.0  -0.026   1.072    -3.85410   -26.55783    -5.99629
    70  C   4.0  -0.067   3.181    -1.04143   -23.82170    -3.95595
    71  C   4.0  -0.006   3.351     0.04535   -21.44234    -3.83690
    72  C   4.0  -0.008   3.327     1.90201   -20.36085    -2.10893
    73  C   4.0  -0.037   3.121     3.19231   -21.63453    -0.26022
    74  C   4.0   0.237   2.153     5.13193   -20.56456     1.22303
    75  N   5.0  -0.216   1.026     6.75634   -19.82266     2.45551
    76  C   4.0   0.238   2.152     2.78848   -24.19870     0.34091
    77  N   5.0  -0.216   1.026     2.52354   -26.27362     0.91387
    78  H   1.0   0.075   1.011     2.77374    11.62087     8.25262
    79  H   1.0   0.075   1.004    -6.76031    15.47534     2.57475
    80  H   1.0   0.076   1.006    -3.85617    19.18714    10.90731
    81  H   1.0   0.088   1.004    -8.90061    22.54008     8.54610
    82  H   1.0   0.087   1.003   -11.14541    20.47424    12.12732
    83  H   1.0   0.078   1.002    -9.90953    15.69191    11.99579
    84  H   1.0   0.078   1.002   -11.49161    13.77875     7.63374
    85  H   1.0   0.087   1.003   -13.70599    17.38227     5.07656
    86  H   1.0   0.086   1.002   -13.91254    21.54439     7.99411
    87  H   1.0   0.085   1.002   -15.17280    18.87950     9.62003
    88  H   1.0   0.088   1.004   -10.44206    20.68475     4.30631
    89  H   1.0   0.081   1.005     1.13497    13.43520    -0.57108
    90  H   1.0   0.083   1.006     2.51145    14.80544     2.13898
    91  H   1.0   0.081   0.999     5.06598    15.87804    -1.56110
    92  H   1.0   0.082   1.005     5.40499    12.67099    -2.39334
    93  H   1.0   0.081   0.999     6.82834    13.83147     0.39552
    94  H   1.0   0.075   1.004     7.09290    -0.15023   -12.18098
    95  H   1.0   0.075   1.004     6.06394     4.39928   -11.09836
    96  H   1.0   0.081   1.005     4.23752   -13.89081    -8.13754
    97  H   1.0   0.082   1.006     5.58036   -16.11426    -6.05147
    98  H   1.0   0.081   0.999     8.79403   -14.82981    -9.08146
    99  H   1.0   0.082   1.006     8.31838   -11.60197    -8.41930
   100  H   1.0   0.081   0.999     9.64724   -13.60300    -6.10004
   101  H   1.0   0.081   1.003     4.08464     1.18486     5.08034
   102  H   1.0   0.085   1.005     5.79125    -1.21812     3.43288
   103  H   1.0   0.082   0.999     9.33808     1.78277     2.72782
   104  H   1.0   0.082   0.999     8.72505     1.26404     5.97002
   105  H   1.0   0.082   1.002     7.73427     4.09655     4.52665
   106  H   1.0   0.085   1.006     2.37444    -2.68209     2.62729
   107  H   1.0   0.081   1.004     3.17550    -5.94621     2.83251
   108  H   1.0   0.082   0.999    -1.44810    -5.24191     2.17375
   109  H   1.0   0.082   1.001    -0.13077    -6.89939    -0.39949
   110  H   1.0   0.082   0.999    -0.80276    -3.64131    -0.68616
   111  H   1.0   0.075   1.011     3.75526   -16.33347     0.60074
   112  H   1.0   0.076   1.005    -2.86615   -18.61323    -8.83522
   113  H   1.0   0.082   1.000    -5.74155   -21.50640   -10.87462
   114  H   1.0   0.081   0.999    -4.70428   -24.69059   -10.78278
   115  H   1.0   0.081   0.999    -7.15299   -23.70453    -8.77702
   116  H   1.0   0.077   1.006    -0.60660   -25.31250    -2.63881
 
  Z AO/shell   Hii/eV     exponent
  1     Sat Feb 20 21:38:01 CET 2016    EN: 2.327 GAM: 0.473  GM3: 0.0000
     1s    -13.751157    1.051071
  6     Sat Feb 20 21:38:01 CET 2016    EN: 2.731 GAM: 0.422  GM3: 0.0000
     2s    -19.378245    2.021003
     2p    -11.993376    1.497917
  7     Sat Feb 20 21:38:01 CET 2016    EN: 3.573 GAM: 0.504  GM3: 0.0000
     2s    -21.576984    2.275442
     2p    -16.125120    2.056788
  8     Sat Feb 20 21:38:01 CET 2016    EN: 3.700 GAM: 0.587  GM3: 0.0000
     2s    -21.648843    2.110798
     2p    -17.239740    2.329048
  9     Sat Feb 20 21:51:24 CET 2016    EN: 3.394 GAM: 0.669  GM3: 0.0000
     2s    -19.384211    2.614957
     2p    -19.426034    2.777297
 16     Sat Feb 20 23:13:41 CET 2016    EN: 1.915 GAM: 0.389  GM3: 0.0000
     3s    -22.000000    2.671470
     3p    -15.834192    1.836978
     3d     -2.593599    1.836978
 
 dipole moment of classical point charges (au)
     X       Y       Z   
  -0.4739   0.1921  -0.6851  total (Debye):    2.173

 
 Nbf   :          371
 T(el) :   300.0
 calculating S/T integrals ...
 cpu time for ints   0.424838000000000     
 Nao   :          367
 making H0...
 making H1...
 cpu time for H      0.142424000000000     
 solving ...
 cpu time for diag   0.181276000000000     
 
 gap (eV)           :   1.856
 Koopmans IP (eV)   :  11.940
 Eel (Eh)           :  -290.189605
 T,E(Fermi),NFOD :    300.000   -11.012  0.000000
 T,E(Fermi),NFOD :    300.000   -11.012  0.000000
 Nfod               :  0.0000
 Nfod/Nel           :  0.0000

          eigenvalues
 #    :         173        174        175        176        177        178        179        180
 occ. :        2.000      2.000      2.000      2.000      2.000      2.000      2.000      2.000
 eps  :       -15.435    -15.288    -15.214    -15.054    -14.906    -14.611    -14.571    -14.501
 #    :         181        182        183        184        185        186        187        188
 occ. :        2.000      2.000      2.000      2.000      2.000      0.000      0.000      0.000
 eps  :       -14.260    -13.804    -13.387    -12.937    -11.941    -10.085     -9.717     -9.655
 #    :         189        190        191        192        193        194        195        196
 occ. :        0.000      0.000      0.000      0.000      0.000      0.000      0.000      0.000
 eps  :        -9.380     -9.257     -8.840     -8.825     -8.184     -7.656     -7.465     -7.406
                            1  SCC done.
 making H1...
 cpu time for H      0.229239000000000     
 solving ...
 cpu time for diag   7.321099999999992E-002
 
 gap (eV)           :   2.170
 Koopmans IP (eV)   :  12.193
 Eel (Eh)           :  -290.165413
 T,E(Fermi),NFOD :    300.000   -11.109  0.000000
 T,E(Fermi),NFOD :    300.000   -11.109  0.000000
 Nfod               :  0.0000
 Nfod/Nel           :  0.0000

          eigenvalues
 #    :         173        174        175        176        177        178        179        180
 occ. :        2.000      2.000      2.000      2.000      2.000      2.000      2.000      2.000
 eps  :       -15.262    -15.192    -14.686    -14.626    -14.445    -14.377    -14.278    -14.109
 #    :         181        182        183        184        185        186        187        188
 occ. :        2.000      2.000      2.000      2.000      2.000      0.000      0.000      0.000
 eps  :       -14.089    -13.808    -13.392    -13.215    -12.195    -10.025     -9.760     -9.492
 #    :         189        190        191        192        193        194        195        196
 occ. :        0.000      0.000      0.000      0.000      0.000      0.000      0.000      0.000
 eps  :        -9.255     -9.196     -8.801     -8.796     -8.252     -7.729     -7.545     -7.509
                            2  SCC done.
 
 
 Mulliken/CM5 charges    n(s)   n(p)   n(d)   
    1 C   0.0024 -0.0448   1.158  2.840  0.000
    2 C  -0.0316 -0.0346   1.181  2.851  0.000
    3 C   0.1353  0.1696   1.176  2.689  0.000
    4 O  -0.2311 -0.2824   1.627  4.604  0.000
    5 C  -0.0207 -0.0224   1.188  2.833  0.000
    6 C  -0.0155 -0.0647   1.151  2.865  0.000
    7 C  -0.0100 -0.0174   1.209  2.801  0.000
    8 C  -0.0104 -0.0180   1.208  2.803  0.000
    9 C  -0.0250 -0.0743   1.152  2.873  0.000
   10 C  -0.0059 -0.0091   1.175  2.831  0.000
   11 C   0.0164  0.0158   1.197  2.787  0.000
   12 C   0.0058  0.0122   1.115  2.879  0.000
   13 C   0.0985  0.2176   1.170  2.731  0.000
   14 N  -0.2104 -0.3401   1.642  3.569  0.000
   15 C   0.0977  0.2164   1.171  2.731  0.000
   16 N  -0.2141 -0.3430   1.642  3.572  0.000
   17 C  -0.0289 -0.0843   1.218  2.811  0.000
   18 C  -0.0208 -0.0812   1.194  2.827  0.000
   19 C  -0.0515 -0.1092   1.165  2.886  0.000
   20 C  -0.0521 -0.1097   1.165  2.887  0.000
   21 C  -0.0212 -0.0815   1.194  2.827  0.000
   22 C  -0.0568 -0.1595   1.164  2.893  0.000
   23 C  -0.0311 -0.0864   1.219  2.812  0.000
   24 C  -0.0219 -0.0138   1.167  2.855  0.000
   25 C  -0.0041 -0.0106   1.190  2.814  0.000
   26 C  -0.0247 -0.1290   1.124  2.901  0.000
   27 C  -0.0880 -0.2389   1.094  2.994  0.000
   28 C  -0.0542 -0.0407   1.173  2.882  0.000
   29 S   0.1246  0.0902   1.891  3.932  0.052
   30 C  -0.0444 -0.0220   1.170  2.874  0.000
   31 C  -0.0123  0.0012   1.156  2.856  0.000
   32 C   0.0471  0.1279   1.182  2.771  0.000
   33 C   0.0468  0.1276   1.183  2.771  0.000
   34 N  -0.1768 -0.3656   1.488  3.688  0.000
   35 C   0.0314  0.0647   1.161  2.808  0.000
   36 C   0.0315  0.0647   1.161  2.808  0.000
   37 N  -0.1760 -0.3648   1.488  3.688  0.000
   38 C  -0.0135  0.0001   1.156  2.857  0.000
   39 C  -0.0429 -0.0205   1.170  2.872  0.000
   40 S   0.1260  0.0913   1.891  3.930  0.052
   41 C  -0.0538 -0.0403   1.173  2.881  0.000
   42 C  -0.0028 -0.0094   1.191  2.812  0.000
   43 C  -0.0250 -0.1291   1.124  2.901  0.000
   44 C  -0.0874 -0.2384   1.093  2.994  0.000
   45 C  -0.0213 -0.0134   1.166  2.855  0.000
   46 S   0.0974  0.0617   1.891  3.965  0.047
   47 C  -0.0397 -0.0218   1.166  2.873  0.000
   48 C  -0.0064  0.0625   1.168  2.839  0.000
   49 N  -0.0850 -0.3414   1.291  3.794  0.000
   50 C   0.0274  0.0968   1.187  2.786  0.000
   51 C   0.0264  0.0960   1.187  2.786  0.000
   52 N  -0.0852 -0.3419   1.287  3.798  0.000
   53 C  -0.0056  0.0635   1.167  2.838  0.000
   54 C  -0.0410 -0.0232   1.165  2.876  0.000
   55 S   0.0958  0.0602   1.891  3.966  0.047
   56 C   0.0314 -0.0177   1.148  2.820  0.000
   57 C  -0.0854 -0.2321   1.094  2.992  0.000
   58 C   0.0295 -0.0195   1.148  2.823  0.000
   59 C  -0.0863 -0.2329   1.094  2.992  0.000
   60 C   0.0031 -0.0441   1.158  2.839  0.000
   61 C  -0.0335 -0.0366   1.180  2.853  0.000
   62 C   0.1350  0.1692   1.175  2.690  0.000
   63 O  -0.2325 -0.2844   1.627  4.606  0.000
   64 C  -0.0270 -0.0290   1.185  2.842  0.000
   65 C  -0.0255 -0.0757   1.144  2.881  0.000
   66 C   0.0261  0.0131   1.179  2.795  0.000
   67 C  -0.0745 -0.2187   1.077  2.998  0.000
   68 C   0.0923  0.1055   1.171  2.736  0.000
   69 F  -0.1284 -0.1535   1.679  5.449  0.000
   70 C  -0.0198 -0.0672   1.141  2.879  0.000
   71 C  -0.0076 -0.0107   1.168  2.839  0.000
   72 C   0.0165  0.0159   1.196  2.788  0.000
   73 C   0.0065  0.0129   1.115  2.879  0.000
   74 C   0.0976  0.2164   1.171  2.731  0.000
   75 N  -0.2137 -0.3426   1.642  3.572  0.000
   76 C   0.0971  0.2165   1.170  2.733  0.000
   77 N  -0.2085 -0.3381   1.642  3.567  0.000
   78 H   0.0643  0.1292   0.936  0.000  0.000
   79 H   0.0507  0.1093   0.949  0.000  0.000
   80 H   0.0529  0.1164   0.947  0.000  0.000
   81 H   0.0468  0.1051   0.953  0.000  0.000
   82 H   0.0458  0.1033   0.954  0.000  0.000
   83 H   0.0455  0.1022   0.954  0.000  0.000
   84 H   0.0456  0.1022   0.954  0.000  0.000
   85 H   0.0450  0.1024   0.955  0.000  0.000
   86 H   0.0326  0.0892   0.967  0.000  0.000
   87 H   0.0402  0.0966   0.960  0.000  0.000
   88 H   0.0463  0.1045   0.954  0.000  0.000
   89 H   0.0518  0.1126   0.948  0.000  0.000
   90 H   0.0416  0.1028   0.958  0.000  0.000
   91 H   0.0368  0.0886   0.963  0.000  0.000
   92 H   0.0333  0.0889   0.967  0.000  0.000
   93 H   0.0290  0.0817   0.971  0.000  0.000
   94 H   0.0535  0.1209   0.946  0.000  0.000
   95 H   0.0536  0.1210   0.946  0.000  0.000
   96 H   0.0527  0.1143   0.947  0.000  0.000
   97 H   0.0416  0.1028   0.958  0.000  0.000
   98 H   0.0371  0.0890   0.963  0.000  0.000
   99 H   0.0337  0.0895   0.966  0.000  0.000
  100 H   0.0292  0.0819   0.971  0.000  0.000
  101 H   0.0512  0.1168   0.949  0.000  0.000
  102 H   0.0552  0.1256   0.945  0.000  0.000
  103 H   0.0319  0.0869   0.968  0.000  0.000
  104 H   0.0420  0.0943   0.958  0.000  0.000
  105 H   0.0331  0.0902   0.967  0.000  0.000
  106 H   0.0559  0.1266   0.944  0.000  0.000
  107 H   0.0513  0.1177   0.949  0.000  0.000
  108 H   0.0413  0.0936   0.959  0.000  0.000
  109 H   0.0328  0.0897   0.967  0.000  0.000
  110 H   0.0320  0.0870   0.968  0.000  0.000
  111 H   0.0643  0.1293   0.936  0.000  0.000
  112 H   0.0535  0.1129   0.946  0.000  0.000
  113 H   0.0421  0.0953   0.958  0.000  0.000
  114 H   0.0468  0.1000   0.953  0.000  0.000
  115 H   0.0469  0.1001   0.953  0.000  0.000
  116 H   0.0564  0.1206   0.944  0.000  0.000
 Hirshfeld charges for QMDFF written to <charges>
 
 Loewdin charges    n(s)   n(p)   n(d)
    1 C   0.0123   1.104  2.884  0.000
    2 C  -0.0388   1.143  2.896  0.000
    3 C   0.1267   1.141  2.732  0.000
    4 O  -0.2156   1.596  4.619  0.000
    5 C  -0.0225   1.148  2.874  0.000
    6 C  -0.0116   1.098  2.914  0.000
    7 C  -0.0056   1.168  2.837  0.000
    8 C  -0.0053   1.167  2.838  0.000
    9 C  -0.0230   1.100  2.923  0.000
   10 C  -0.0022   1.132  2.870  0.000
   11 C   0.0272   1.153  2.820  0.000
   12 C  -0.0057   1.074  2.932  0.000
   13 C   0.0921   1.137  2.771  0.000
   14 N  -0.1994   1.604  3.596  0.000
   15 C   0.0915   1.137  2.771  0.000
   16 N  -0.2033   1.604  3.599  0.000
   17 C  -0.0225   1.172  2.850  0.000
   18 C  -0.0112   1.146  2.865  0.000
   19 C  -0.0440   1.114  2.930  0.000
   20 C  -0.0445   1.114  2.930  0.000
   21 C  -0.0116   1.146  2.865  0.000
   22 C  -0.0523   1.106  2.946  0.000
   23 C  -0.0246   1.173  2.851  0.000
   24 C  -0.0021   1.122  2.880  0.000
   25 C  -0.0034   1.151  2.853  0.000
   26 C  -0.0183   1.061  2.957  0.000
   27 C  -0.0892   1.021  3.069  0.000
   28 C  -0.0342   1.130  2.904  0.000
   29 S   0.0850   1.878  3.930  0.107
   30 C  -0.0235   1.126  2.897  0.000
   31 C  -0.0186   1.118  2.901  0.000
   32 C   0.0376   1.148  2.814  0.000
   33 C   0.0374   1.149  2.814  0.000
   34 N  -0.1528   1.452  3.701  0.000
   35 C   0.0286   1.115  2.856  0.000
   36 C   0.0287   1.115  2.856  0.000
   37 N  -0.1520   1.452  3.700  0.000
   38 C  -0.0200   1.118  2.902  0.000
   39 C  -0.0217   1.127  2.895  0.000
   40 S   0.0862   1.878  3.929  0.107
   41 C  -0.0340   1.130  2.904  0.000
   42 C  -0.0017   1.152  2.850  0.000
   43 C  -0.0187   1.062  2.957  0.000
   44 C  -0.0887   1.020  3.068  0.000
   45 C  -0.0016   1.122  2.880  0.000
   46 S   0.0594   1.877  3.963  0.101
   47 C  -0.0169   1.122  2.895  0.000
   48 C  -0.0190   1.137  2.882  0.000
   49 N  -0.0441   1.250  3.794  0.000
   50 C   0.0173   1.155  2.828  0.000
   51 C   0.0161   1.155  2.829  0.000
   52 N  -0.0441   1.246  3.798  0.000
   53 C  -0.0180   1.137  2.881  0.000
   54 C  -0.0186   1.122  2.897  0.000
   55 S   0.0580   1.877  3.964  0.101
   56 C   0.0331   1.092  2.875  0.000
   57 C  -0.0877   1.021  3.067  0.000
   58 C   0.0308   1.091  2.878  0.000
   59 C  -0.0887   1.021  3.067  0.000
   60 C   0.0129   1.103  2.884  0.000
   61 C  -0.0410   1.142  2.899  0.000
   62 C   0.1265   1.140  2.733  0.000
   63 O  -0.2170   1.596  4.621  0.000
   64 C  -0.0297   1.145  2.885  0.000
   65 C  -0.0211   1.091  2.930  0.000
   66 C   0.0309   1.136  2.833  0.000
   67 C  -0.0761   1.002  3.074  0.000
   68 C   0.0849   1.136  2.779  0.000
   69 F  -0.1109   1.663  5.448  0.000
   70 C  -0.0201   1.089  2.931  0.000
   71 C  -0.0035   1.126  2.878  0.000
   72 C   0.0274   1.152  2.821  0.000
   73 C  -0.0053   1.074  2.932  0.000
   74 C   0.0914   1.137  2.772  0.000
   75 N  -0.2028   1.604  3.599  0.000
   76 C   0.0907   1.136  2.773  0.000
   77 N  -0.1976   1.603  3.594  0.000
   78 H   0.0529   0.947  0.000  0.000
   79 H   0.0406   0.959  0.000  0.000
   80 H   0.0427   0.957  0.000  0.000
   81 H   0.0389   0.961  0.000  0.000
   82 H   0.0379   0.962  0.000  0.000
   83 H   0.0373   0.963  0.000  0.000
   84 H   0.0373   0.963  0.000  0.000
   85 H   0.0372   0.963  0.000  0.000
   86 H   0.0292   0.971  0.000  0.000
   87 H   0.0359   0.964  0.000  0.000
   88 H   0.0384   0.962  0.000  0.000
   89 H   0.0462   0.954  0.000  0.000
   90 H   0.0375   0.962  0.000  0.000
   91 H   0.0363   0.964  0.000  0.000
   92 H   0.0333   0.967  0.000  0.000
   93 H   0.0288   0.971  0.000  0.000
   94 H   0.0428   0.957  0.000  0.000
   95 H   0.0428   0.957  0.000  0.000
   96 H   0.0471   0.953  0.000  0.000
   97 H   0.0376   0.962  0.000  0.000
   98 H   0.0366   0.963  0.000  0.000
   99 H   0.0338   0.966  0.000  0.000
  100 H   0.0290   0.971  0.000  0.000
  101 H   0.0450   0.955  0.000  0.000
  102 H   0.0498   0.950  0.000  0.000
  103 H   0.0312   0.969  0.000  0.000
  104 H   0.0415   0.958  0.000  0.000
  105 H   0.0326   0.967  0.000  0.000
  106 H   0.0507   0.949  0.000  0.000
  107 H   0.0450   0.955  0.000  0.000
  108 H   0.0409   0.959  0.000  0.000
  109 H   0.0322   0.968  0.000  0.000
  110 H   0.0313   0.969  0.000  0.000
  111 H   0.0529   0.947  0.000  0.000
  112 H   0.0436   0.956  0.000  0.000
  113 H   0.0410   0.959  0.000  0.000
  114 H   0.0451   0.955  0.000  0.000
  115 H   0.0452   0.955  0.000  0.000
  116 H   0.0455   0.955  0.000  0.000
 
 Wiberg/Mayer (AO) data. WBOs > 0.1 written file <wbo>
 largest (>0.05) Wiberg bond orders for each atom
           total WBO             WBO to atom ...
     1  C   3.923    C    2 1.543    C   24 1.200    H   78 0.922    O    4 0.052
     2  C   3.915    C    1 1.543    C   11 1.091    C    3 0.991    O    4 0.068
     3  C   3.913    O    4 1.783    C    2 0.991    C    5 0.986
     4  O   2.149    C    3 1.783    C    2 0.068    C    5 0.060    C    1 0.052
     5  C   3.936    C    6 1.359    C   10 1.283    C    3 0.986    C    8 0.090    O    4 0.060
     6  C   3.960    C    7 1.421    C    5 1.359    H   79 0.941    C    9 0.083
     7  C   3.918    C    6 1.421    C    8 1.311    C   23 0.951    C   10 0.090
     8  C   3.929    C    9 1.429    C    7 1.311    C   17 0.953    C    5 0.090
     9  C   3.956    C    8 1.429    C   10 1.347    H   80 0.935    C    6 0.083
    10  C   3.946    C    9 1.347    C    5 1.283    C   11 1.051    C    7 0.090
    11  C   3.931    C   12 1.468    C    2 1.091    C   10 1.051    N   14 0.092    N   16 0.091
    12  C   3.938    C   11 1.468    C   13 1.063    C   15 1.061    N   16 0.080    N   14 0.079
    13  C   3.940    N   14 2.789    C   12 1.063
    14  N   3.046    C   13 2.789    C   11 0.092    C   12 0.079
    15  C   3.940    N   16 2.787    C   12 1.061
    16  N   3.046    C   15 2.787    C   11 0.091    C   12 0.080
    17  C   3.931    C    8 0.953    C   23 0.949    H   81 0.941    C   18 0.925
    18  C   3.949    C   19 0.991    C   22 0.969    H   82 0.947    C   17 0.925
    19  C   3.964    C   20 1.937    C   18 0.991    H   83 0.937
    20  C   3.964    C   19 1.937    C   21 0.991    H   84 0.937
    21  C   3.948    C   20 0.991    C   22 0.969    H   85 0.947    C   23 0.925
    22  C   3.962    C   21 0.969    C   18 0.969    H   86 0.964    H   87 0.958
    23  C   3.928    C    7 0.951    C   17 0.949    H   88 0.941    C   21 0.925
    24  C   3.911    C   25 1.420    C    1 1.200    S   55 1.055    C   54 0.060
    25  C   3.914    C   24 1.420    C   28 1.264    C   26 0.981    S   55 0.067
    26  C   3.971    C   27 0.995    C   25 0.981    H   90 0.961    H   89 0.951
    27  C   3.983    C   26 0.995    H   93 0.985    H   92 0.980    H   91 0.979
    28  C   3.913    C   54 1.327    C   25 1.264    S   29 1.075    C   30 0.053    S   55 0.050
    29  S   2.498    C   30 1.109    C   28 1.075    C   53 0.056    C   54 0.053
    30  C   3.911    C   53 1.343    C   31 1.195    S   29 1.109    C   28 0.053
    31  C   3.926    C   51 1.275    C   30 1.195    C   32 1.175
    32  C   3.934    N   37 1.302    C   33 1.195    C   31 1.175    C   35 0.072
    33  C   3.934    N   34 1.303    C   32 1.195    C   38 1.173    C   36 0.072
    34  N   3.088    C   35 1.473    C   33 1.303    N   37 0.121
    35  C   3.937    N   34 1.473    C   36 1.353    H   94 0.947    C   32 0.072
    36  C   3.938    N   37 1.474    C   35 1.353    H   95 0.947    C   33 0.072
    37  N   3.089    C   36 1.474    C   32 1.302    N   34 0.121
    38  C   3.925    C   50 1.276    C   39 1.195    C   33 1.173
    39  C   3.908    C   48 1.340    C   38 1.195    S   40 1.110    C   41 0.052
    40  S   2.498    C   39 1.110    C   41 1.073    C   48 0.056    C   47 0.053
    41  C   3.914    C   47 1.319    C   42 1.275    S   40 1.073    C   39 0.052
    42  C   3.912    C   45 1.403    C   41 1.275    C   43 0.981    S   46 0.067
    43  C   3.971    C   44 0.996    C   42 0.981    H   97 0.960    H   96 0.949
    44  C   3.983    C   43 0.996    H  100 0.984    H   99 0.979    H   98 0.979
    45  C   3.912    C   42 1.403    C   60 1.220    S   46 1.053    C   47 0.058
    46  S   2.489    C   47 1.110    C   45 1.053    C   42 0.067
    47  C   3.928    C   41 1.319    C   48 1.249    S   46 1.110    C   45 0.058    S   40 0.053
    48  C   3.904    C   39 1.340    C   47 1.249    N   49 1.065    S   40 0.056
    49  N   3.399    C   50 1.085    C   48 1.065    C   58 0.947
    50  C   3.898    C   38 1.276    C   51 1.265    N   49 1.085
    51  C   3.899    C   31 1.275    C   50 1.265    N   52 1.087
    52  N   3.403    C   51 1.087    C   53 1.067    C   56 0.946
    53  C   3.904    C   30 1.343    C   54 1.245    N   52 1.067    S   29 0.056
    54  C   3.928    C   28 1.327    C   53 1.245    S   55 1.108    C   24 0.060    S   29 0.053
    55  S   2.489    C   54 1.108    C   24 1.055    C   25 0.067    C   28 0.050
    56  C   3.933    C   57 1.002    H  101 0.970    H  102 0.965    N   52 0.946
    57  C   3.981    C   56 1.002    H  103 0.984    H  105 0.981    H  104 0.975
    58  C   3.933    C   59 1.001    H  107 0.970    H  106 0.964    N   49 0.947
    59  C   3.981    C   58 1.001    H  110 0.984    H  109 0.982    H  108 0.975
    60  C   3.922    C   61 1.521    C   45 1.220    H  111 0.922    O   63 0.052
    61  C   3.915    C   60 1.521    C   72 1.098    C   62 0.999    O   63 0.069
    62  C   3.909    O   63 1.780    C   61 0.999    C   64 0.981
    63  O   2.149    C   62 1.780    C   61 0.069    C   64 0.061    C   60 0.052
    64  C   3.940    C   65 1.392    C   71 1.270    C   62 0.981    C   68 0.086    O   63 0.061
    65  C   3.963    C   64 1.392    C   66 1.389    H  112 0.941    C   70 0.086
    66  C   3.912    C   65 1.389    C   68 1.338    C   67 0.996    C   71 0.089
    67  C   3.982    C   66 0.996    H  113 0.979    H  115 0.969    H  114 0.969
    68  C   3.906    C   70 1.399    C   66 1.338    F   69 0.973    C   64 0.086
    69  F   1.098    C   68 0.973
    70  C   3.958    C   68 1.399    C   71 1.376    H  116 0.937    C   65 0.086
    71  C   3.950    C   70 1.376    C   64 1.270    C   72 1.047    C   66 0.089
    72  C   3.933    C   73 1.466    C   61 1.098    C   71 1.047    N   77 0.091    N   75 0.090
    73  C   3.918    C   72 1.466    C   76 1.062    C   74 1.062    N   75 0.080    N   77 0.079
    74  C   3.940    N   75 2.787    C   73 1.062
    75  N   3.042    C   74 2.787    C   72 0.090    C   73 0.080
    76  C   3.940    N   77 2.791    C   73 1.062
    77  N   3.046    C   76 2.791    C   72 0.091    C   73 0.079
    78  H   0.990    C    1 0.922
    79  H   0.996    C    6 0.941
    80  H   0.995    C    9 0.935
    81  H   0.996    C   17 0.941
    82  H   0.997    C   18 0.947
    83  H   0.998    C   19 0.937
    84  H   0.998    C   20 0.937
    85  H   0.997    C   21 0.947
    86  H   0.999    C   22 0.964
    87  H   0.996    C   22 0.958
    88  H   0.996    C   23 0.941
    89  H   0.996    C   26 0.951
    90  H   0.997    C   26 0.961
    91  H   0.996    C   27 0.979
    92  H   0.999    C   27 0.980
    93  H   0.999    C   27 0.985
    94  H   0.996    C   35 0.947
    95  H   0.996    C   36 0.947
    96  H   0.996    C   43 0.949
    97  H   0.997    C   43 0.960
    98  H   0.996    C   44 0.979
    99  H   0.999    C   44 0.979
   100  H   0.999    C   44 0.984
   101  H   0.996    C   56 0.970
   102  H   0.996    C   56 0.965
   103  H   0.999    C   57 0.984
   104  H   0.998    C   57 0.975
   105  H   0.998    C   57 0.981
   106  H   0.996    C   58 0.964
   107  H   0.996    C   58 0.970
   108  H   0.998    C   59 0.975
   109  H   0.999    C   59 0.982
   110  H   0.999    C   59 0.984
   111  H   0.990    C   60 0.922
   112  H   0.995    C   65 0.941
   113  H   0.997    C   67 0.979
   114  H   0.995    C   67 0.969
   115  H   0.995    C   67 0.969
   116  H   0.994    C   70 0.937
 
 --------------------------------------------
          xTB calculation for sTDA...
 --------------------------------------------
 
 reading parameter file /ihome/ghutchison/blp62/xtb4stda/.param_stda2.xtb
 
      method parameters     
 k(s)        :  1.6000
 k(p)        :  2.1800
 k(d)        :  1.9500
 k(f)        :  2.0000
 k(R-V)      :  2.2750
 k(R-R)      :  1.7650
 Tscal       :  0.2580
 Gscal       :  1.0000
 fpol        :  1.0000
 Zcnf        :  0.3430
 Zqf         :  0.0000
 kcn         :  2.7000
 Ryd Hsplit  :  0.7000
 lshift(virt):  3.1000
 lshift(OS)  :  0.2000
 wllscaling  :  2.6000
 
 mowrcut     : 3.000
 
  Z AO/shell   Hii/eV     exponent
  1     Sun Feb 14 09:53:25 CET 2016    EN: 2.327 GAM: 0.473  GM3: 0.0000
     1s    -14.339618    1.220000
     2sp    -3.348946    0.600000
  6     Sun Feb 14 09:53:25 CET 2016    EN: 2.731 GAM: 0.422  GM3: 0.0000
     2s    -22.009312    1.565095
     2p    -13.020408    1.596905
     3sp    -3.914040    0.824500
  7     Sun Feb 14 09:53:25 CET 2016    EN: 3.573 GAM: 0.504  GM3: 0.0000
     2s    -25.722000    2.064844
     2p    -18.684912    1.801692
     3sp    -4.344791    0.921400
  8     Sun Feb 14 09:53:25 CET 2016    EN: 3.700 GAM: 0.587  GM3: 0.0000
     2s    -33.859000    2.418661
     2p    -22.175911    1.973969
     3sp    -4.259392    1.013700
  9     Sun Feb 21 12:20:01 CET 2016    EN: 3.394 GAM: 0.600  GM3: 0.0000
     2s    -26.548112    1.943768
     2p    -23.081168    2.552035
     3sp    -1.937199    1.103200
 16     Sun Feb 21 16:35:57 CET 2016    EN: 1.915 GAM: 0.200  GM3: 0.0000
     3s    -17.898811    2.619580
     3p    -15.317401    1.798798
     4sp    -4.455139    0.843200
 
 Nbf   :          811
 T(el) :     0.0
 calculating S/T integrals ...
 cpu time for ints    2.00254000000000     
 Nao   :          811
 making H0...
 making H1...
 cpu time for H      1.591300000000029E-002
 solving ...
 cpu time for diag    2.03883100000000     
 
 gap (eV)           :   4.788
 Koopmans IP (eV)   :  13.709
 Eel (Eh)           :  -322.141819

          eigenvalues
 #    :         173        174        175        176        177        178        179        180
 occ. :        2.000      2.000      2.000      2.000      2.000      2.000      2.000      2.000
 eps  :       -16.600    -16.275    -16.214    -16.018    -16.003    -15.984    -15.836    -15.590
 #    :         181        182        183        184        185        186        187        188
 occ. :        2.000      2.000      2.000      2.000      2.000      0.000      0.000      0.000
 eps  :       -15.563    -14.639    -14.579    -14.268    -13.710     -8.922     -8.795     -8.464
 #    :         189        190        191        192        193        194        195        196
 occ. :        0.000      0.000      0.000      0.000      0.000      0.000      0.000      0.000
 eps  :        -8.365     -7.460     -6.662     -6.580     -6.370     -6.055     -5.775     -5.635
                            1  SCC done.
 writing mo output ...
 molden style : F
 
speedup  4.03
cpu  time for all    5.64 s
wall time for all    1.40 s
