 
        ______________________________________
       |                                      |
       |          ===================         |
       |             xTB for sTDA             |
       |          ===================         |
       |               S. Grimme              |
       |        Universitaet Bonn, MCTC       |
       |         2015-19, Version 1.0         |
       |     Wed Apr  3 09:14:55 CEST 2019    |
       |______________________________________|
 
        This code comes without any warranty
        for non-commercial, academia use only.
        Preliminary test version.
        Cite this work as:
        S. Grimme  &  C. Bannwarth, JCP 145 (2016) 054103
        if GBSA is used additionally:
        P. Shushkov, F. März, C. Bannwarth, S. Grimme, unpublished.
 
        with help from
        P. Shushkov, G. Brandenburg, S. Dohm, J. Pisarek,
        F. März, M. Checinski, S. Ehrlich, S. Spicher, 
        P. Pracht, E. Caldeweyher, S. Ehlert, and C. Bannwarth.
 
        usage        :
        xtb4stda <coord_file> [options]
        where <coord_file> is a valid file of TM)
        (*coord, Bohr) or xmol (*xyz, Angstroem)
        format.

        options:
        -chrg <int>   : molecular charge
        -uhf  <int>   : # of unpaired electrons(=2*S)
        -nox          : skip second, extended part in sTDA-xTB
        -pop          : do population analysis
                      : (default for -nox)
        -mowr <real>  : cut MO write above (def.3 Eh)
        -molden       : write formatted molden file
        -parx <file>  : read parameters for sTDA-xTB
                        calc (def:~/.param_stda2.xtb)
        -parv <file>  : read parameters for vTB part in
                        sTDA-xTB (def: ~/.param_stda1.xtb)
        -xtemp <real> : el. temp for xTB (def. 0 K)
        -etemp <real> : el. temp for GFN (def. 300 K)
        -fod          : calculate the FOD and write
                        molden.input file with
                        appropriate occupations
                        for plotting. Def. T=12500 K
 
        -acc <real>   : xTB accuracy (def. 1.0)
        -gbsa [string1] [string2]
                        use GBSA implicit solvent
                        for solvent [string1] and
                        solvation state [string2]=
                        reference, bar1M (default=1M)
        additional GFN/opt/MD/siman options read from
        $XTB4STDAHOME/.xtb4stdarc or $set in input
 
       spin and charge state information can be on:
       <.CHRG> (charge) and <.UHF> (=nalpha-nbeta)
       -uhf and -chrg override the file info.
       useful machine settings:
       setenv MKL_NUM_THREADS <NCORE_ON_YOUR_MACHINE>
       setenv OMP_STACKSIZE 500m
       limit stacksize unlimited
 
       total energies in Eh, gaps/HL energies in eV
       please read REVISION and HOWTO files carefully
 =============================
  # OMP threads =           8
 =============================
 
 xtb4stdahome directory:/ihome/ghutchison/blp62/xtb4stda/
 
 
 name of molecule           :
 comment line               :
 number of atoms            :   117
 number of electrons        :   358
 charge                     :  0
 spin                       : 0.0
 first test random number   :  0.9648
 
 -----------------------------------------
      charge density (VTB) calculation
 -----------------------------------------
 
      method parameters     
 k(s)        :  1.8000
 k(p)        :  2.8350
 k(d)        :  2.0860
 k(f)        :  2.0000
 Tscal       :  0.3300
 Gscal       :  0.3910
 fpol        :  1.0000
 Zcnf        :  0.6500
 Zqf         :  0.0000
 kcn         :  0.3000
 kEN1        : -0.5900
 wllscal     :  2.6000
 
     -------------------------
     ! NO SOLVENT MODEL USED !
     -------------------------
 
 doing EN charges ...
 sum q : -0.2220446D-15
 point charge moment (au)
     X       Y       Z   
   0.0178  -0.2829   0.4736  total (Debye):    1.403
 
            Z      q(EN)   CN      Cart. coordinates
     1  C   4.0  -0.074   3.201    -6.80037    -1.00118    10.93112
     2  C   4.0  -0.003   3.276    -8.36960    -2.95704    10.25951
     3  C   4.0   0.103   3.247    -8.30100    -4.37207     7.88261
     4  O   6.0  -0.122   1.244    -6.94947    -3.99299     6.05147
     5  C   4.0  -0.007   3.370   -10.19507    -6.39427     8.11278
     6  C   4.0  -0.057   3.147   -10.73704    -8.26056     6.33738
     7  C   4.0   0.003   3.501   -12.58690    -9.92106     7.08591
     8  C   4.0   0.003   3.500   -13.80842    -9.73700     9.42746
     9  C   4.0  -0.059   3.152   -13.28553    -7.90718    11.19738
    10  C   4.0  -0.007   3.364   -11.40695    -6.19509    10.47513
    11  C   4.0  -0.008   3.326   -10.33434    -4.03816    11.83327
    12  C   4.0  -0.037   3.119   -11.11461    -3.20554    14.16198
    13  C   4.0   0.234   2.166   -10.13384    -1.10625    15.47799
    14  N   5.0  -0.214   1.028    -9.45128     0.57183    16.67683
    15  C   4.0   0.235   2.167   -13.06689    -4.32539    15.58986
    16  N   5.0  -0.214   1.027   -14.63120    -5.12853    16.86146
    17  C   4.0  -0.105   4.489   -15.44813   -12.01374     8.92007
    18  C   4.0  -0.102   4.331   -18.21450   -11.48953     8.15946
    19  C   4.0  -0.062   3.280   -19.05713   -13.92652     6.92906
    20  C   4.0  -0.062   3.279   -17.89703   -14.10340     4.71335
    21  C   4.0  -0.102   4.331   -16.25013   -11.78924     4.40873
    22  C   4.0  -0.169   4.319   -17.87378    -9.83432     5.80373
    23  C   4.0  -0.105   4.486   -14.08186   -12.22067     6.31074
    24  C   4.0  -0.079   3.221    -4.85055     0.18670     9.59773
    25  C   4.0  -0.008   3.391    -3.38148     2.15580    10.61081
    26  C   4.0  -0.174   4.062    -3.70651     3.31156    13.16572
    27  C   4.0  -0.243   4.029    -5.78124     5.32752    13.13095
    28  C   4.0  -0.104   3.479    -1.58661     2.99692     8.89003
    29  S   6.0   0.226   2.430     0.78291     5.31259     9.06577
    30  C   4.0  -0.087   3.406     1.70321     4.52589     6.02993
    31  C   4.0   0.002   3.440     3.61410     5.12475     4.28968
    32  C   4.0   0.098   3.334     5.77614     6.68850     4.57068
    33  C   4.0   0.098   3.335     7.64489     6.61858     2.64807
    34  N   5.0  -0.216   2.167     9.80560     7.90945     2.88297
    35  C   4.0   0.038   3.206    10.08509     9.26495     4.94768
    36  C   4.0   0.038   3.206     8.21842     9.37795     6.81794
    37  N   5.0  -0.216   2.167     6.09437     8.09899     6.64409
    38  C   4.0   0.002   3.438     7.13277     5.19297     0.43464
    39  C   4.0  -0.088   3.409     8.56745     4.89080    -1.78296
    40  S   6.0   0.228   2.441    11.49142     5.72889    -2.97651
    41  C   4.0  -0.107   3.493    10.75027     4.14700    -5.78502
    42  C   4.0  -0.009   3.398    12.10067     3.74525    -8.02661
    43  C   4.0  -0.174   4.062    14.74685     4.66290    -8.38679
    44  C   4.0  -0.243   4.030    16.64395     2.62785    -7.59405
    45  C   4.0  -0.080   3.217    10.71985     2.33211    -9.75477
    46  S   6.0   0.223   2.559     7.71122     1.52728    -8.55838
    47  C   4.0  -0.098   3.406     8.34371     3.05399    -5.75611
    48  C   4.0   0.072   3.696     7.10518     3.47124    -3.46103
    49  N   5.0  -0.290   3.264     4.83883     2.83894    -2.36972
    50  C   4.0   0.098   3.464     4.84337     3.84332     0.04781
    51  C   4.0   0.102   3.462     3.17191     3.59823     2.11630
    52  N   5.0  -0.296   3.269     1.11853     2.06547     2.56984
    53  C   4.0   0.074   3.689     0.22885     2.62048     4.93615
    54  C   4.0  -0.095   3.399    -1.64217     1.71814     6.56340
    55  S   6.0   0.228   2.702    -3.93894    -0.58487     6.48441
    56  C   4.0  -0.096   4.085     0.24699    -0.17291     1.27065
    57  C   4.0  -0.241   4.027    -2.33117     0.23092     0.03042
    58  C   4.0  -0.101   4.092     2.71648     2.31983    -4.01453
    59  C   4.0  -0.239   4.029     1.92884     4.68841    -5.46887
    60  C   4.0  -0.075   3.223    11.61690     1.52784   -12.14300
    61  C   4.0   0.014   3.218    10.47003     0.24585   -14.04047
    62  C   4.0   0.194   3.218    12.09500    -0.41385   -16.18890
    63  O   6.0  -0.103   1.079    14.34718     0.02211   -16.24219
    64  N   5.0  -0.286   3.192    10.98082    -1.73723   -18.18975
    65  C   4.0  -0.102   4.114    12.67704    -2.82684   -20.07513
    66  C   4.0  -0.238   4.023    13.24396    -0.93693   -22.16970
    67  C   4.0   0.221   3.225     8.44141    -1.93980   -18.61493
    68  O   6.0  -0.105   1.066     7.55002    -3.19213   -20.29830
    69  C   4.0  -0.125   4.158     6.80245    -0.38702   -16.81743
    70  C   4.0   0.261   2.143     6.92244     2.20796   -17.64815
    71  N   5.0  -0.221   1.024     7.05888     4.26662   -18.28480
    72  C   4.0  -0.102   4.170     7.76602    -0.60452   -14.09055
    73  C   4.0  -0.242   4.066     7.49428    -3.31855   -13.12509
    74  H   1.0   0.077   1.015    -7.07740    -0.23603    12.80573
    75  H   1.0   0.075   1.004    -9.74135    -8.33520     4.55991
    76  H   1.0   0.077   1.006   -14.23285    -7.80759    12.99583
    77  H   1.0   0.088   1.004   -15.26237   -13.56691    10.25516
    78  H   1.0   0.087   1.003   -19.39785   -10.75764     9.66916
    79  H   1.0   0.078   1.002   -20.28753   -15.27673     7.81402
    80  H   1.0   0.078   1.002   -17.96411   -15.63087     3.37770
    81  H   1.0   0.087   1.003   -15.64372   -11.33004     2.50086
    82  H   1.0   0.086   1.003   -19.65636    -9.47490     4.84129
    83  H   1.0   0.087   1.004   -16.91437    -8.05080     6.16353
    84  H   1.0   0.088   1.004   -12.98166   -13.91141     5.90785
    85  H   1.0   0.082   1.004    -4.16987     1.87895    14.57413
    86  H   1.0   0.081   1.006    -1.91977     4.19311    13.70259
    87  H   1.0   0.082   0.999    -7.59179     4.50038    12.62186
    88  H   1.0   0.082   0.999    -5.95812     6.17355    14.99252
    89  H   1.0   0.081   0.999    -5.32279     6.80075    11.77356
    90  H   1.0   0.075   1.004    11.83913    10.29882     5.12059
    91  H   1.0   0.075   1.004     8.45104    10.52181     8.49489
    92  H   1.0   0.081   1.006    15.01784     6.33606    -7.21044
    93  H   1.0   0.082   1.004    15.06924     5.19013   -10.35249
    94  H   1.0   0.081   0.999    18.56108     3.32630    -7.82441
    95  H   1.0   0.081   0.999    16.41813     0.93976    -8.74414
    96  H   1.0   0.081   0.999    16.36314     2.12141    -5.62212
    97  H   1.0   0.081   1.005     0.06066    -1.67902     2.67850
    98  H   1.0   0.083   1.004     1.68393    -0.76175    -0.08542
    99  H   1.0   0.082   1.004    -3.78059     0.40913     1.47304
   100  H   1.0   0.082   0.999    -2.79642    -1.38290    -1.14971
   101  H   1.0   0.081   0.999    -2.36254     1.93565    -1.11910
   102  H   1.0   0.082   1.005     3.29889     0.84338    -5.34055
   103  H   1.0   0.088   1.007     1.11985     1.64935    -2.92378
   104  H   1.0   0.082   0.999     0.31936     4.26114    -6.66979
   105  H   1.0   0.081   0.999     1.40142     6.18432    -4.16042
   106  H   1.0   0.082   1.000     3.46462     5.36625    -6.65221
   107  H   1.0   0.076   1.011    13.57919     1.99366   -12.50280
   108  H   1.0   0.084   1.004    14.41596    -3.36201   -19.10437
   109  H   1.0   0.083   1.004    11.74502    -4.50038   -20.84084
   110  H   1.0   0.082   0.999    14.14895     0.73227   -21.38527
   111  H   1.0   0.082   0.999    11.50654    -0.37813   -23.11569
   112  H   1.0   0.082   0.999    14.50402    -1.79033   -23.54712
   113  H   1.0   0.082   1.009     4.85017    -1.05314   -16.98883
   114  H   1.0   0.082   1.024     6.62160     0.64515   -12.90362
   115  H   1.0   0.082   1.000     8.56594    -4.62284   -14.29937
   116  H   1.0   0.082   0.999     5.52046    -3.89151   -13.14229
   117  H   1.0   0.082   1.001     8.19536    -3.44705   -11.19833
 
  Z AO/shell   Hii/eV     exponent
  1     Sat Feb 20 21:38:01 CET 2016    EN: 2.327 GAM: 0.473  GM3: 0.0000
     1s    -13.751157    1.051071
  6     Sat Feb 20 21:38:01 CET 2016    EN: 2.731 GAM: 0.422  GM3: 0.0000
     2s    -19.378245    2.021003
     2p    -11.993376    1.497917
  7     Sat Feb 20 21:38:01 CET 2016    EN: 3.573 GAM: 0.504  GM3: 0.0000
     2s    -21.576984    2.275442
     2p    -16.125120    2.056788
  8     Sat Feb 20 21:38:01 CET 2016    EN: 3.700 GAM: 0.587  GM3: 0.0000
     2s    -21.648843    2.110798
     2p    -17.239740    2.329048
 16     Sat Feb 20 23:13:41 CET 2016    EN: 1.915 GAM: 0.389  GM3: 0.0000
     3s    -22.000000    2.671470
     3p    -15.834192    1.836978
     3d     -2.593599    1.836978
 
 dipole moment of classical point charges (au)
     X       Y       Z   
   0.0178  -0.2829   0.4736  total (Debye):    1.403

 
 Nbf   :          360
 T(el) :   300.0
 calculating S/T integrals ...
 cpu time for ints   0.424990000000000     
 Nao   :          356
 making H0...
 making H1...
 cpu time for H      0.163726000000000     
 solving ...
 cpu time for diag   0.224087000000000     
 
 gap (eV)           :   1.917
 Koopmans IP (eV)   :  11.994
 Eel (Eh)           :  -279.846008
 T,E(Fermi),NFOD :    300.000   -11.035  0.000000
 T,E(Fermi),NFOD :    300.000   -11.035  0.000000
 Nfod               :  0.0000
 Nfod/Nel           :  0.0000

          eigenvalues
 #    :         167        168        169        170        171        172        173        174
 occ. :        2.000      2.000      2.000      2.000      2.000      2.000      2.000      2.000
 eps  :       -15.549    -15.517    -15.399    -15.270    -15.067    -15.024    -14.676    -14.495
 #    :         175        176        177        178        179        180        181        182
 occ. :        2.000      2.000      2.000      2.000      2.000      0.000      0.000      0.000
 eps  :       -14.324    -13.827    -13.359    -12.968    -11.995    -10.078     -9.756     -9.541
 #    :         183        184        185        186        187        188        189        190
 occ. :        0.000      0.000      0.000      0.000      0.000      0.000      0.000      0.000
 eps  :        -9.009     -8.905     -8.839     -8.260     -7.750     -7.490     -7.298     -7.122
                            1  SCC done.
 making H1...
 cpu time for H      0.287457000000000     
 solving ...
 cpu time for diag   6.413399999999991E-002
 
 gap (eV)           :   2.231
 Koopmans IP (eV)   :  12.228
 Eel (Eh)           :  -279.650366
 T,E(Fermi),NFOD :    300.000   -11.113  0.000000
 T,E(Fermi),NFOD :    300.000   -11.113  0.000000
 Nfod               :  0.0000
 Nfod/Nel           :  0.0000

          eigenvalues
 #    :         167        168        169        170        171        172        173        174
 occ. :        2.000      2.000      2.000      2.000      2.000      2.000      2.000      2.000
 eps  :       -15.228    -14.809    -14.698    -14.605    -14.521    -14.368    -14.245    -14.194
 #    :         175        176        177        178        179        180        181        182
 occ. :        2.000      2.000      2.000      2.000      2.000      0.000      0.000      0.000
 eps  :       -14.140    -13.884    -13.430    -13.218    -12.229     -9.999     -9.551     -9.322
 #    :         183        184        185        186        187        188        189        190
 occ. :        0.000      0.000      0.000      0.000      0.000      0.000      0.000      0.000
 eps  :        -8.974     -8.919     -8.818     -8.413     -7.819     -7.556     -7.348     -7.195
                            2  SCC done.
 
 
 Mulliken/CM5 charges    n(s)   n(p)   n(d)   
    1 C  -0.0044 -0.0525   1.152  2.852  0.000
    2 C  -0.0314 -0.0332   1.168  2.863  0.000
    3 C   0.1333  0.1685   1.175  2.691  0.000
    4 O  -0.2271 -0.2736   1.621  4.606  0.000
    5 C  -0.0183 -0.0200   1.185  2.833  0.000
    6 C  -0.0177 -0.0670   1.151  2.867  0.000
    7 C  -0.0157 -0.0244   1.210  2.806  0.000
    8 C  -0.0158 -0.0246   1.209  2.807  0.000
    9 C  -0.0279 -0.0774   1.153  2.875  0.000
   10 C  -0.0062 -0.0094   1.175  2.832  0.000
   11 C   0.0174  0.0168   1.197  2.785  0.000
   12 C   0.0001  0.0062   1.115  2.885  0.000
   13 C   0.0987  0.2159   1.172  2.729  0.000
   14 N  -0.2171 -0.3502   1.642  3.575  0.000
   15 C   0.0976  0.2165   1.171  2.731  0.000
   16 N  -0.2139 -0.3440   1.642  3.572  0.000
   17 C  -0.0282 -0.0834   1.219  2.809  0.000
   18 C  -0.0204 -0.0808   1.192  2.828  0.000
   19 C  -0.0466 -0.1051   1.166  2.880  0.000
   20 C  -0.0482 -0.1067   1.166  2.882  0.000
   21 C  -0.0214 -0.0817   1.193  2.829  0.000
   22 C  -0.0634 -0.1654   1.159  2.904  0.000
   23 C  -0.0308 -0.0860   1.220  2.811  0.000
   24 C  -0.0195 -0.0118   1.168  2.852  0.000
   25 C  -0.0195 -0.0274   1.195  2.824  0.000
   26 C  -0.0269 -0.1329   1.122  2.905  0.000
   27 C  -0.0847 -0.2362   1.095  2.990  0.000
   28 C  -0.0530 -0.0399   1.173  2.880  0.000
   29 S   0.1149  0.0825   1.893  3.942  0.050
   30 C  -0.0469 -0.0244   1.172  2.875  0.000
   31 C  -0.0167 -0.0029   1.155  2.862  0.000
   32 C   0.0459  0.1267   1.182  2.772  0.000
   33 C   0.0452  0.1260   1.182  2.773  0.000
   34 N  -0.1766 -0.3655   1.489  3.687  0.000
   35 C   0.0319  0.0651   1.161  2.807  0.000
   36 C   0.0322  0.0654   1.161  2.807  0.000
   37 N  -0.1772 -0.3662   1.489  3.688  0.000
   38 C  -0.0127  0.0009   1.157  2.856  0.000
   39 C  -0.0476 -0.0252   1.168  2.880  0.000
   40 S   0.1199  0.0874   1.892  3.936  0.052
   41 C  -0.0586 -0.0452   1.173  2.885  0.000
   42 C  -0.0276 -0.0355   1.190  2.838  0.000
   43 C  -0.0272 -0.1332   1.122  2.905  0.000
   44 C  -0.0866 -0.2380   1.096  2.991  0.000
   45 C  -0.0281 -0.0213   1.168  2.860  0.000
   46 S   0.0942  0.0536   1.889  3.968  0.049
   47 C  -0.0518 -0.0340   1.168  2.884  0.000
   48 C  -0.0070  0.0621   1.168  2.839  0.000
   49 N  -0.0852 -0.3416   1.288  3.797  0.000
   50 C   0.0236  0.0926   1.187  2.790  0.000
   51 C   0.0302  0.1007   1.186  2.784  0.000
   52 N  -0.0785 -0.3368   1.261  3.818  0.000
   53 C  -0.0031  0.0668   1.167  2.836  0.000
   54 C  -0.0596 -0.0417   1.187  2.873  0.000
   55 S   0.1165  0.0843   1.895  3.922  0.067
   56 C   0.0337 -0.0146   1.146  2.820  0.000
   57 C  -0.0811 -0.2288   1.094  2.987  0.000
   58 C   0.0257 -0.0238   1.147  2.827  0.000
   59 C  -0.0861 -0.2327   1.094  2.992  0.000
   60 C  -0.0205 -0.0690   1.147  2.873  0.000
   61 C  -0.0152 -0.0176   1.188  2.827  0.000
   62 C   0.1793  0.2759   1.179  2.642  0.000
   63 O  -0.2830 -0.3345   1.621  4.662  0.000
   64 N  -0.1161 -0.3675   1.282  3.834  0.000
   65 C   0.0260 -0.0223   1.149  2.825  0.000
   66 C  -0.0805 -0.2265   1.091  2.989  0.000
   67 C   0.1987  0.2992   1.190  2.611  0.000
   68 O  -0.2702 -0.3180   1.623  4.647  0.000
   69 C  -0.0118 -0.0538   1.168  2.844  0.000
   70 C   0.1111  0.2292   1.190  2.699  0.000
   71 N  -0.2129 -0.3414   1.638  3.574  0.000
   72 C  -0.0117 -0.0692   1.185  2.826  0.000
   73 C  -0.0889 -0.2366   1.101  2.988  0.000
   74 H   0.0660  0.1363   0.934  0.000  0.000
   75 H   0.0499  0.1085   0.950  0.000  0.000
   76 H   0.0532  0.1175   0.947  0.000  0.000
   77 H   0.0476  0.1063   0.952  0.000  0.000
   78 H   0.0464  0.1041   0.954  0.000  0.000
   79 H   0.0472  0.1035   0.953  0.000  0.000
   80 H   0.0468  0.1030   0.953  0.000  0.000
   81 H   0.0450  0.1027   0.955  0.000  0.000
   82 H   0.0376  0.0944   0.962  0.000  0.000
   83 H   0.0360  0.0953   0.964  0.000  0.000
   84 H   0.0470  0.1057   0.953  0.000  0.000
   85 H   0.0491  0.1065   0.951  0.000  0.000
   86 H   0.0432  0.1008   0.957  0.000  0.000
   87 H   0.0317  0.0857   0.968  0.000  0.000
   88 H   0.0400  0.0922   0.960  0.000  0.000
   89 H   0.0295  0.0824   0.970  0.000  0.000
   90 H   0.0536  0.1210   0.946  0.000  0.000
   91 H   0.0538  0.1212   0.946  0.000  0.000
   92 H   0.0427  0.1001   0.957  0.000  0.000
   93 H   0.0475  0.1039   0.953  0.000  0.000
   94 H   0.0376  0.0893   0.962  0.000  0.000
   95 H   0.0312  0.0842   0.969  0.000  0.000
   96 H   0.0299  0.0828   0.970  0.000  0.000
   97 H   0.0517  0.1194   0.948  0.000  0.000
   98 H   0.0539  0.1227   0.946  0.000  0.000
   99 H   0.0383  0.0955   0.962  0.000  0.000
  100 H   0.0444  0.0967   0.956  0.000  0.000
  101 H   0.0324  0.0875   0.968  0.000  0.000
  102 H   0.0505  0.1180   0.949  0.000  0.000
  103 H   0.0610  0.1320   0.939  0.000  0.000
  104 H   0.0416  0.0939   0.958  0.000  0.000
  105 H   0.0318  0.0867   0.968  0.000  0.000
  106 H   0.0321  0.0884   0.968  0.000  0.000
  107 H   0.0681  0.1358   0.932  0.000  0.000
  108 H   0.0515  0.1232   0.948  0.000  0.000
  109 H   0.0496  0.1213   0.950  0.000  0.000
  110 H   0.0344  0.0913   0.966  0.000  0.000
  111 H   0.0317  0.0878   0.968  0.000  0.000
  112 H   0.0400  0.0925   0.960  0.000  0.000
  113 H   0.0705  0.1346   0.930  0.000  0.000
  114 H   0.0469  0.1128   0.953  0.000  0.000
  115 H   0.0340  0.0906   0.966  0.000  0.000
  116 H   0.0343  0.0871   0.966  0.000  0.000
  117 H   0.0394  0.0937   0.961  0.000  0.000
 Hirshfeld charges for QMDFF written to <charges>
 
 Loewdin charges    n(s)   n(p)   n(d)
    1 C   0.0019   1.099  2.899  0.000
    2 C  -0.0398   1.131  2.909  0.000
    3 C   0.1246   1.141  2.734  0.000
    4 O  -0.2074   1.589  4.618  0.000
    5 C  -0.0200   1.145  2.875  0.000
    6 C  -0.0137   1.098  2.916  0.000
    7 C  -0.0110   1.169  2.842  0.000
    8 C  -0.0105   1.168  2.842  0.000
    9 C  -0.0258   1.100  2.925  0.000
   10 C  -0.0025   1.133  2.870  0.000
   11 C   0.0284   1.153  2.818  0.000
   12 C  -0.0116   1.074  2.938  0.000
   13 C   0.0933   1.138  2.769  0.000
   14 N  -0.2062   1.604  3.602  0.000
   15 C   0.0917   1.137  2.771  0.000
   16 N  -0.2031   1.604  3.599  0.000
   17 C  -0.0217   1.173  2.848  0.000
   18 C  -0.0106   1.144  2.866  0.000
   19 C  -0.0384   1.115  2.923  0.000
   20 C  -0.0400   1.115  2.925  0.000
   21 C  -0.0116   1.144  2.867  0.000
   22 C  -0.0601   1.101  2.959  0.000
   23 C  -0.0243   1.174  2.850  0.000
   24 C  -0.0007   1.124  2.877  0.000
   25 C  -0.0158   1.155  2.860  0.000
   26 C  -0.0202   1.060  2.960  0.000
   27 C  -0.0860   1.022  3.064  0.000
   28 C  -0.0332   1.130  2.903  0.000
   29 S   0.0755   1.880  3.941  0.103
   30 C  -0.0250   1.127  2.898  0.000
   31 C  -0.0238   1.116  2.907  0.000
   32 C   0.0366   1.148  2.815  0.000
   33 C   0.0356   1.148  2.817  0.000
   34 N  -0.1526   1.453  3.700  0.000
   35 C   0.0290   1.115  2.856  0.000
   36 C   0.0295   1.115  2.855  0.000
   37 N  -0.1534   1.453  3.701  0.000
   38 C  -0.0188   1.118  2.900  0.000
   39 C  -0.0271   1.124  2.903  0.000
   40 S   0.0807   1.879  3.935  0.106
   41 C  -0.0384   1.130  2.908  0.000
   42 C  -0.0254   1.150  2.875  0.000
   43 C  -0.0203   1.060  2.961  0.000
   44 C  -0.0879   1.023  3.065  0.000
   45 C  -0.0079   1.124  2.884  0.000
   46 S   0.0552   1.875  3.965  0.105
   47 C  -0.0295   1.124  2.906  0.000
   48 C  -0.0193   1.137  2.882  0.000
   49 N  -0.0437   1.247  3.797  0.000
   50 C   0.0127   1.155  2.832  0.000
   51 C   0.0198   1.154  2.826  0.000
   52 N  -0.0355   1.219  3.817  0.000
   53 C  -0.0164   1.137  2.880  0.000
   54 C  -0.0360   1.142  2.894  0.000
   55 S   0.0721   1.882  3.921  0.125
   56 C   0.0351   1.089  2.876  0.000
   57 C  -0.0834   1.021  3.062  0.000
   58 C   0.0253   1.091  2.884  0.000
   59 C  -0.0883   1.022  3.067  0.000
   60 C  -0.0132   1.093  2.920  0.000
   61 C  -0.0210   1.150  2.871  0.000
   62 C   0.1610   1.150  2.689  0.000
   63 O  -0.2691   1.591  4.678  0.000
   64 N  -0.0811   1.244  3.837  0.000
   65 C   0.0283   1.092  2.880  0.000
   66 C  -0.0823   1.018  3.064  0.000
   67 C   0.1790   1.163  2.658  0.000
   68 O  -0.2557   1.593  4.663  0.000
   69 C  -0.0120   1.118  2.894  0.000
   70 C   0.1039   1.157  2.739  0.000
   71 N  -0.2001   1.599  3.601  0.000
   72 C  -0.0002   1.135  2.865  0.000
   73 C  -0.0914   1.029  3.063  0.000
   74 H   0.0564   0.944  0.000  0.000
   75 H   0.0399   0.960  0.000  0.000
   76 H   0.0431   0.957  0.000  0.000
   77 H   0.0393   0.961  0.000  0.000
   78 H   0.0383   0.962  0.000  0.000
   79 H   0.0388   0.961  0.000  0.000
   80 H   0.0384   0.962  0.000  0.000
   81 H   0.0372   0.963  0.000  0.000
   82 H   0.0338   0.966  0.000  0.000
   83 H   0.0321   0.968  0.000  0.000
   84 H   0.0389   0.961  0.000  0.000
   85 H   0.0449   0.955  0.000  0.000
   86 H   0.0387   0.961  0.000  0.000
   87 H   0.0314   0.969  0.000  0.000
   88 H   0.0389   0.961  0.000  0.000
   89 H   0.0293   0.971  0.000  0.000
   90 H   0.0429   0.957  0.000  0.000
   91 H   0.0430   0.957  0.000  0.000
   92 H   0.0383   0.962  0.000  0.000
   93 H   0.0433   0.957  0.000  0.000
   94 H   0.0368   0.963  0.000  0.000
   95 H   0.0310   0.969  0.000  0.000
   96 H   0.0296   0.970  0.000  0.000
   97 H   0.0450   0.955  0.000  0.000
   98 H   0.0488   0.951  0.000  0.000
   99 H   0.0373   0.963  0.000  0.000
  100 H   0.0437   0.956  0.000  0.000
  101 H   0.0332   0.967  0.000  0.000
  102 H   0.0447   0.955  0.000  0.000
  103 H   0.0562   0.944  0.000  0.000
  104 H   0.0411   0.959  0.000  0.000
  105 H   0.0311   0.969  0.000  0.000
  106 H   0.0314   0.969  0.000  0.000
  107 H   0.0573   0.943  0.000  0.000
  108 H   0.0447   0.955  0.000  0.000
  109 H   0.0431   0.957  0.000  0.000
  110 H   0.0333   0.967  0.000  0.000
  111 H   0.0311   0.969  0.000  0.000
  112 H   0.0399   0.960  0.000  0.000
  113 H   0.0615   0.939  0.000  0.000
  114 H   0.0403   0.960  0.000  0.000
  115 H   0.0329   0.967  0.000  0.000
  116 H   0.0340   0.966  0.000  0.000
  117 H   0.0388   0.961  0.000  0.000
 
 Wiberg/Mayer (AO) data. WBOs > 0.1 written file <wbo>
 largest (>0.05) Wiberg bond orders for each atom
           total WBO             WBO to atom ...
     1  C   3.924    C    2 1.474    C   24 1.286    H   74 0.915
     2  C   3.909    C    1 1.474    C   11 1.103    C    3 1.035    C   25 0.068    O    4 0.063
     3  C   3.902    O    4 1.727    C    2 1.035    C    5 0.994
     4  O   2.175    C    3 1.727    S   55 0.079    C    2 0.063    C    5 0.052
     5  C   3.933    C    6 1.357    C   10 1.287    C    3 0.994    C    8 0.091    O    4 0.052
     6  C   3.958    C    7 1.422    C    5 1.357    H   75 0.941    C    9 0.082
     7  C   3.918    C    6 1.422    C    8 1.312    C   23 0.947    C   10 0.091
     8  C   3.927    C    9 1.428    C    7 1.312    C   17 0.949    C    5 0.091
     9  C   3.954    C    8 1.428    C   10 1.348    H   76 0.934    C    6 0.082
    10  C   3.943    C    9 1.348    C    5 1.287    C   11 1.046    C    7 0.091
    11  C   3.928    C   12 1.460    C    2 1.103    C   10 1.046    N   14 0.090    N   16 0.090
    12  C   3.929    C   11 1.460    C   13 1.064    C   15 1.063    N   14 0.080    N   16 0.080
    13  C   3.939    N   14 2.774    C   12 1.064
    14  N   3.040    C   13 2.774    C   11 0.090    C   12 0.080
    15  C   3.939    N   16 2.784    C   12 1.063
    16  N   3.043    C   15 2.784    C   11 0.090    C   12 0.080
    17  C   3.930    C   23 0.949    C    8 0.949    H   77 0.941    C   18 0.929
    18  C   3.950    C   19 0.985    C   22 0.974    H   78 0.946    C   17 0.929
    19  C   3.959    C   20 1.935    C   18 0.985    H   79 0.937
    20  C   3.959    C   19 1.935    C   21 0.985    H   80 0.937
    21  C   3.949    C   20 0.985    C   22 0.974    H   81 0.946    C   23 0.928
    22  C   3.967    C   18 0.974    C   21 0.974    H   82 0.962    H   83 0.960
    23  C   3.928    C   17 0.949    C    7 0.947    H   84 0.941    C   21 0.928
    24  C   3.916    C   25 1.340    C    1 1.286    S   55 1.055    C   54 0.053
    25  C   3.909    C   24 1.340    C   28 1.325    C   26 0.981    S   55 0.069    C    2 0.068
    26  C   3.970    C   27 0.987    C   25 0.981    H   86 0.965    H   85 0.961
    27  C   3.979    C   26 0.987    H   89 0.985    H   87 0.984    H   88 0.978
    28  C   3.915    C   25 1.325    C   54 1.294    S   29 1.059
    29  S   2.469    C   30 1.105    C   28 1.059    C   54 0.053    C   53 0.052
    30  C   3.901    C   53 1.328    C   31 1.212    S   29 1.105
    31  C   3.925    C   51 1.260    C   30 1.212    C   32 1.171
    32  C   3.933    N   37 1.302    C   33 1.199    C   31 1.171    C   35 0.072
    33  C   3.935    N   34 1.302    C   32 1.199    C   38 1.172    C   36 0.073
    34  N   3.087    C   35 1.472    C   33 1.302    N   37 0.121
    35  C   3.937    N   34 1.472    C   36 1.354    H   90 0.947    C   32 0.072
    36  C   3.937    N   37 1.472    C   35 1.354    H   91 0.947    C   33 0.073
    37  N   3.088    C   36 1.472    C   32 1.302    N   34 0.121
    38  C   3.924    C   50 1.279    C   39 1.195    C   33 1.172
    39  C   3.914    C   48 1.349    C   38 1.195    S   40 1.107    C   41 0.053
    40  S   2.487    C   39 1.107    C   41 1.073    C   48 0.056    C   47 0.052
    41  C   3.914    C   47 1.333    C   42 1.267    S   40 1.073    C   39 0.053
    42  C   3.932    C   45 1.421    C   41 1.267    C   43 0.980    C   61 0.080    S   46 0.066
    43  C   3.972    C   44 0.988    C   42 0.980    H   92 0.966    H   93 0.963
    44  C   3.982    C   43 0.988    H   96 0.985    H   95 0.984    H   94 0.978
    45  C   3.915    C   42 1.421    C   60 1.194    S   46 1.063    C   47 0.063
    46  S   2.508    C   47 1.101    C   45 1.063    C   42 0.066
    47  C   3.927    C   41 1.333    C   48 1.236    S   46 1.101    C   45 0.063    S   40 0.052
    48  C   3.903    C   39 1.349    C   47 1.236    N   49 1.071    S   40 0.056
    49  N   3.406    C   50 1.082    C   48 1.071    C   58 0.948
    50  C   3.898    C   38 1.279    C   51 1.257    N   49 1.082
    51  C   3.894    C   31 1.260    C   50 1.257    N   52 1.107
    52  N   3.439    C   51 1.107    C   53 1.078    C   56 0.947
    53  C   3.904    C   30 1.328    C   54 1.250    N   52 1.078    S   29 0.052
    54  C   3.919    C   28 1.294    C   53 1.250    S   55 1.094    C   24 0.053    S   29 0.053
    55  S   2.561    C   54 1.094    C   24 1.055    O    4 0.079    C   25 0.069
    56  C   3.931    C   57 1.004    H   97 0.968    H   98 0.964    N   52 0.947
    57  C   3.980    C   56 1.004    H   99 0.980    H  101 0.980    H  100 0.975
    58  C   3.932    C   59 1.001    H  102 0.969    H  103 0.960    N   49 0.948
    59  C   3.981    C   58 1.001    H  105 0.984    H  106 0.983    H  104 0.975
    60  C   3.957    C   61 1.625    C   45 1.194    H  107 0.922    O   63 0.062
    61  C   3.906    C   60 1.625    C   62 1.040    C   72 0.969    C   42 0.080    O   63 0.057
    62  C   3.903    O   63 1.749    C   61 1.040    N   64 1.005
    63  O   2.109    C   62 1.749    N   64 0.140    C   60 0.062    C   61 0.057
    64  N   3.480    C   67 1.105    C   62 1.005    C   65 0.941    O   68 0.159    O   63 0.140
    65  C   3.935    C   66 1.007    H  108 0.969    H  109 0.968    N   64 0.941
    66  C   3.984    C   65 1.007    H  111 0.984    H  110 0.984    H  112 0.975
    67  C   3.901    O   68 1.814    N   64 1.105    C   69 0.881
    68  O   2.151    C   67 1.814    N   64 0.159    C   69 0.073
    69  C   3.955    C   70 0.982    C   72 0.924    H  113 0.920    C   67 0.881    N   71 0.092    O   68 0.073
    70  C   3.931    N   71 2.882    C   69 0.982
    71  N   3.102    C   70 2.882    C   69 0.092
    72  C   3.948    C   73 0.973    C   61 0.969    H  114 0.933    C   69 0.924
    73  C   3.979    H  115 0.982    H  116 0.979    H  117 0.975    C   72 0.973
    74  H   0.992    C    1 0.915
    75  H   0.996    C    6 0.941
    76  H   0.995    C    9 0.934
    77  H   0.996    C   17 0.941
    78  H   0.997    C   18 0.946
    79  H   0.997    C   19 0.937
    80  H   0.997    C   20 0.937
    81  H   0.997    C   21 0.946
    82  H   0.998    C   22 0.962
    83  H   0.999    C   22 0.960
    84  H   0.995    C   23 0.941
    85  H   0.996    C   26 0.961
    86  H   0.997    C   26 0.965
    87  H   0.999    C   27 0.984
    88  H   0.995    C   27 0.978
    89  H   0.999    C   27 0.985
    90  H   0.995    C   35 0.947
    91  H   0.995    C   36 0.947
    92  H   0.997    C   43 0.966
    93  H   0.996    C   43 0.963
    94  H   0.996    C   44 0.978
    95  H   0.999    C   44 0.984
    96  H   0.999    C   44 0.985
    97  H   0.996    C   56 0.968
    98  H   0.996    C   56 0.964
    99  H   0.998    C   57 0.980
   100  H   0.997    C   57 0.975
   101  H   0.999    C   57 0.980
   102  H   0.996    C   58 0.969
   103  H   0.995    C   58 0.960
   104  H   0.998    C   59 0.975
   105  H   0.999    C   59 0.984
   106  H   0.999    C   59 0.983
   107  H   0.993    C   60 0.922
   108  H   0.997    C   65 0.969
   109  H   0.997    C   65 0.968
   110  H   0.999    C   66 0.984
   111  H   0.999    C   66 0.984
   112  H   0.997    C   66 0.975
   113  H   0.993    C   69 0.920
   114  H   0.996    C   72 0.933
   115  H   0.998    C   73 0.982
   116  H   0.997    C   73 0.979
   117  H   0.996    C   73 0.975
 
 --------------------------------------------
          xTB calculation for sTDA...
 --------------------------------------------
 
 reading parameter file /ihome/ghutchison/blp62/xtb4stda/.param_stda2.xtb
 
      method parameters     
 k(s)        :  1.6000
 k(p)        :  2.1800
 k(d)        :  1.9500
 k(f)        :  2.0000
 k(R-V)      :  2.2750
 k(R-R)      :  1.7650
 Tscal       :  0.2580
 Gscal       :  1.0000
 fpol        :  1.0000
 Zcnf        :  0.3430
 Zqf         :  0.0000
 kcn         :  2.7000
 Ryd Hsplit  :  0.7000
 lshift(virt):  3.1000
 lshift(OS)  :  0.2000
 wllscaling  :  2.6000
 
 mowrcut     : 3.000
 
  Z AO/shell   Hii/eV     exponent
  1     Sun Feb 14 09:53:25 CET 2016    EN: 2.327 GAM: 0.473  GM3: 0.0000
     1s    -14.339618    1.220000
     2sp    -3.348946    0.600000
  6     Sun Feb 14 09:53:25 CET 2016    EN: 2.731 GAM: 0.422  GM3: 0.0000
     2s    -22.009312    1.565095
     2p    -13.020408    1.596905
     3sp    -3.914040    0.824500
  7     Sun Feb 14 09:53:25 CET 2016    EN: 3.573 GAM: 0.504  GM3: 0.0000
     2s    -25.722000    2.064844
     2p    -18.684912    1.801692
     3sp    -4.344791    0.921400
  8     Sun Feb 14 09:53:25 CET 2016    EN: 3.700 GAM: 0.587  GM3: 0.0000
     2s    -33.859000    2.418661
     2p    -22.175911    1.973969
     3sp    -4.259392    1.013700
 16     Sun Feb 21 16:35:57 CET 2016    EN: 1.915 GAM: 0.200  GM3: 0.0000
     3s    -17.898811    2.619580
     3p    -15.317401    1.798798
     4sp    -4.455139    0.843200
 
 Nbf   :          804
 T(el) :     0.0
 calculating S/T integrals ...
 cpu time for ints    2.00862800000000     
 Nao   :          804
 making H0...
 making H1...
 cpu time for H      1.546300000000000E-002
 solving ...
 cpu time for diag    1.95160300000000     
 
 gap (eV)           :   4.854
 Koopmans IP (eV)   :  13.643
 Eel (Eh)           :  -311.105089

          eigenvalues
 #    :         167        168        169        170        171        172        173        174
 occ. :        2.000      2.000      2.000      2.000      2.000      2.000      2.000      2.000
 eps  :       -16.684    -16.408    -16.328    -16.235    -16.156    -15.961    -15.681    -15.566
 #    :         175        176        177        178        179        180        181        182
 occ. :        2.000      2.000      2.000      2.000      2.000      0.000      0.000      0.000
 eps  :       -15.551    -14.616    -14.481    -14.203    -13.644     -8.790     -8.483     -8.015
 #    :         183        184        185        186        187        188        189        190
 occ. :        0.000      0.000      0.000      0.000      0.000      0.000      0.000      0.000
 eps  :        -7.303     -6.554     -6.378     -6.100     -5.920     -5.677     -5.609     -5.567
                            1  SCC done.
 writing mo output ...
 molden style : F
 
speedup  4.18
cpu  time for all    5.62 s
wall time for all    1.35 s
