 
        ______________________________________
       |                                      |
       |          ===================         |
       |             xTB for sTDA             |
       |          ===================         |
       |               S. Grimme              |
       |        Universitaet Bonn, MCTC       |
       |         2015-19, Version 1.0         |
       |     Wed Apr  3 09:14:55 CEST 2019    |
       |______________________________________|
 
        This code comes without any warranty
        for non-commercial, academia use only.
        Preliminary test version.
        Cite this work as:
        S. Grimme  &  C. Bannwarth, JCP 145 (2016) 054103
        if GBSA is used additionally:
        P. Shushkov, F. März, C. Bannwarth, S. Grimme, unpublished.
 
        with help from
        P. Shushkov, G. Brandenburg, S. Dohm, J. Pisarek,
        F. März, M. Checinski, S. Ehrlich, S. Spicher, 
        P. Pracht, E. Caldeweyher, S. Ehlert, and C. Bannwarth.
 
        usage        :
        xtb4stda <coord_file> [options]
        where <coord_file> is a valid file of TM)
        (*coord, Bohr) or xmol (*xyz, Angstroem)
        format.

        options:
        -chrg <int>   : molecular charge
        -uhf  <int>   : # of unpaired electrons(=2*S)
        -nox          : skip second, extended part in sTDA-xTB
        -pop          : do population analysis
                      : (default for -nox)
        -mowr <real>  : cut MO write above (def.3 Eh)
        -molden       : write formatted molden file
        -parx <file>  : read parameters for sTDA-xTB
                        calc (def:~/.param_stda2.xtb)
        -parv <file>  : read parameters for vTB part in
                        sTDA-xTB (def: ~/.param_stda1.xtb)
        -xtemp <real> : el. temp for xTB (def. 0 K)
        -etemp <real> : el. temp for GFN (def. 300 K)
        -fod          : calculate the FOD and write
                        molden.input file with
                        appropriate occupations
                        for plotting. Def. T=12500 K
 
        -acc <real>   : xTB accuracy (def. 1.0)
        -gbsa [string1] [string2]
                        use GBSA implicit solvent
                        for solvent [string1] and
                        solvation state [string2]=
                        reference, bar1M (default=1M)
        additional GFN/opt/MD/siman options read from
        $XTB4STDAHOME/.xtb4stdarc or $set in input
 
       spin and charge state information can be on:
       <.CHRG> (charge) and <.UHF> (=nalpha-nbeta)
       -uhf and -chrg override the file info.
       useful machine settings:
       setenv MKL_NUM_THREADS <NCORE_ON_YOUR_MACHINE>
       setenv OMP_STACKSIZE 500m
       limit stacksize unlimited
 
       total energies in Eh, gaps/HL energies in eV
       please read REVISION and HOWTO files carefully
 =============================
  # OMP threads =           8
 =============================
 
 xtb4stdahome directory:/ihome/ghutchison/blp62/xtb4stda/
 
 
 name of molecule           :
 comment line               :
 number of atoms            :   119
 number of electrons        :   376
 charge                     :  0
 spin                       : 0.0
 first test random number   :  0.4701
 
 -----------------------------------------
      charge density (VTB) calculation
 -----------------------------------------
 
      method parameters     
 k(s)        :  1.8000
 k(p)        :  2.8350
 k(d)        :  2.0860
 k(f)        :  2.0000
 Tscal       :  0.3300
 Gscal       :  0.3910
 fpol        :  1.0000
 Zcnf        :  0.6500
 Zqf         :  0.0000
 kcn         :  0.3000
 kEN1        : -0.5900
 wllscal     :  2.6000
 
     -------------------------
     ! NO SOLVENT MODEL USED !
     -------------------------
 
 doing EN charges ...
 sum q :  0.9992007D-15
 point charge moment (au)
     X       Y       Z   
  -0.1686   0.2950  -0.5979  total (Debye):    1.748
 
            Z      q(EN)   CN      Cart. coordinates
     1  C   4.0  -0.074   3.202    -7.74183    -2.70495    12.09954
     2  C   4.0  -0.003   3.276    -7.43116    -0.50248    13.43614
     3  C   4.0   0.103   3.246    -5.68637     1.55619    12.82255
     4  O   6.0  -0.122   1.239    -4.12565     1.62195    11.12519
     5  C   4.0  -0.007   3.369    -6.17751     3.58065    14.66484
     6  C   4.0  -0.057   3.147    -5.01288     5.93903    14.77161
     7  C   4.0   0.003   3.501    -5.90577     7.47046    16.66871
     8  C   4.0   0.003   3.501    -7.81062     6.70796    18.34187
     9  C   4.0  -0.059   3.152    -8.96051     4.37887    18.26779
    10  C   4.0  -0.007   3.364    -8.08614     2.79094    16.34537
    11  C   4.0  -0.008   3.326    -8.86036     0.22771    15.65600
    12  C   4.0  -0.037   3.119   -10.62442    -1.18920    16.92344
    13  C   4.0   0.235   2.167   -11.95970    -0.36528    19.07811
    14  N   5.0  -0.214   1.027   -13.12112     0.16611    20.83253
    15  C   4.0   0.234   2.166   -11.37161    -3.67079    16.30380
    16  N   5.0  -0.214   1.028   -12.08650    -5.68902    15.93663
    17  C   4.0  -0.105   4.489    -7.80003     9.19937    19.72742
    18  C   4.0  -0.102   4.332    -9.97454    11.04167    19.10589
    19  C   4.0  -0.062   3.279    -9.00039    13.57466    19.99784
    20  C   4.0  -0.062   3.279    -7.19286    14.29634    18.41689
    21  C   4.0  -0.102   4.331    -6.91507    12.26300    16.42966
    22  C   4.0  -0.169   4.319    -9.66727    11.37105    16.24182
    23  C   4.0  -0.105   4.486    -5.67258    10.04786    17.86396
    24  C   4.0  -0.079   3.222    -6.60006    -3.55136     9.87004
    25  C   4.0  -0.008   3.392    -7.27639    -5.82130     8.66591
    26  C   4.0  -0.174   4.062    -9.10678    -7.73049     9.65215
    27  C   4.0  -0.243   4.029    -7.84482    -9.44995    11.60726
    28  C   4.0  -0.104   3.479    -5.96341    -6.14010     6.41581
    29  S   6.0   0.227   2.430    -6.10363    -8.46144     4.05082
    30  C   4.0  -0.088   3.408    -3.92383    -6.75067     2.31983
    31  C   4.0   0.002   3.438    -2.81512    -6.77542    -0.08957
    32  C   4.0   0.098   3.334    -3.31722    -8.34220    -2.21117
    33  C   4.0   0.098   3.334    -2.30811    -7.61465    -4.58882
    34  N   5.0  -0.216   2.166    -2.88523    -8.89003    -6.69265
    35  C   4.0   0.037   3.206    -4.37906   -10.86101    -6.43924
    36  C   4.0   0.037   3.206    -5.32374   -11.61444    -4.08710
    37  N   5.0  -0.216   2.167    -4.81540   -10.36590    -1.99820
    38  C   4.0   0.002   3.435    -0.62115    -5.52877    -4.66687
    39  C   4.0  -0.088   3.409     0.71318    -4.45314    -6.69776
    40  S   6.0   0.229   2.444     0.93938    -4.74113    -9.94260
    41  C   4.0  -0.107   3.503     3.16321    -2.29167    -9.96452
    42  C   4.0  -0.006   3.379     4.48602    -1.11626   -11.93022
    43  C   4.0  -0.173   4.068     3.91570    -1.70604   -14.63139
    44  C   4.0  -0.243   4.028     2.86804     0.58128   -16.05228
    45  C   4.0  -0.080   3.225     6.07320     0.77271   -11.00236
    46  S   6.0   0.220   2.569     5.80051     1.11569    -7.69062
    47  C   4.0  -0.098   3.402     3.68024    -1.33793    -7.54964
    48  C   4.0   0.072   3.696     2.27126    -2.56889    -5.69091
    49  N   5.0  -0.291   3.263     1.93697    -2.40241    -3.12466
    50  C   4.0   0.099   3.472     0.11546    -4.16080    -2.47592
    51  C   4.0   0.102   3.467    -1.21774    -4.61358    -0.20957
    52  N   5.0  -0.296   3.268    -1.42655    -3.28038     2.01483
    53  C   4.0   0.074   3.686    -3.07893    -4.55896     3.54267
    54  C   4.0  -0.095   3.398    -4.26114    -4.17535     5.87119
    55  S   6.0   0.228   2.696    -4.27154    -1.87385     8.17269
    56  C   4.0  -0.096   4.084    -0.68956    -0.71791     2.60971
    57  C   4.0  -0.240   4.027     1.32281    -0.62021     4.67915
    58  C   4.0  -0.100   4.089     3.98109    -1.43544    -1.58302
    59  C   4.0  -0.240   4.030     6.35156    -3.06230    -1.86403
    60  C   4.0  -0.075   3.242     7.70233     2.53280   -12.15944
    61  C   4.0  -0.002   3.278     8.98054     2.51636   -14.40274
    62  C   4.0   0.100   3.232     9.85643     4.97489   -15.45569
    63  O   6.0  -0.104   1.050     9.86135     6.99501   -14.37968
    64  C   4.0  -0.005   3.332    10.60212     4.42649   -18.08317
    65  C   4.0  -0.067   3.187    11.33647     6.05771   -19.93888
    66  C   4.0  -0.006   3.254    11.91019     5.09602   -22.36453
    67  C   4.0  -0.072   3.174    12.67515     6.69095   -24.35309
    68  C   4.0  -0.073   3.137    13.20729     5.72549   -26.69276
    69  C   4.0  -0.073   3.138    12.99810     3.12239   -27.14383
    70  C   4.0  -0.073   3.176    12.26168     1.52123   -25.25090
    71  C   4.0  -0.006   3.255    11.70307     2.45097   -22.81882
    72  C   4.0  -0.068   3.194    10.95833     0.80143   -20.85029
    73  C   4.0  -0.006   3.340    10.42581     1.77370   -18.51535
    74  C   4.0  -0.008   3.325     9.66859     0.55804   -16.15716
    75  C   4.0  -0.039   3.127     9.98361    -1.95776   -15.58533
    76  C   4.0   0.238   2.161     9.70469    -2.91944   -13.11999
    77  N   5.0  -0.218   1.037     9.53159    -3.73637   -11.11726
    78  C   4.0   0.238   2.144    10.79619    -3.78777   -17.33842
    79  N   5.0  -0.216   1.026    11.40695    -5.35397   -18.71018
    80  H   1.0   0.077   1.015    -9.14079    -4.00320    12.82954
    81  H   1.0   0.075   1.004    -3.55212     6.44642    13.44313
    82  H   1.0   0.077   1.006   -10.41825     3.82481    19.57510
    83  H   1.0   0.088   1.004    -7.37239     9.10886    21.73695
    84  H   1.0   0.087   1.003   -11.81759    10.46209    19.80074
    85  H   1.0   0.078   1.002    -9.63269    14.50043    21.68990
    86  H   1.0   0.078   1.002    -6.01330    15.94513    18.52461
    87  H   1.0   0.087   1.003    -5.97135    12.79741    14.68563
    88  H   1.0   0.086   1.003   -10.90769    12.83011    15.48971
    89  H   1.0   0.087   1.004    -9.91558     9.63590    15.16562
    90  H   1.0   0.088   1.004    -3.82367    10.52086    18.63062
    91  H   1.0   0.081   1.007    -9.75779    -8.87642     8.06459
    92  H   1.0   0.082   1.004   -10.74668    -6.81738    10.50555
    93  H   1.0   0.082   0.999    -9.19125   -10.84778    12.27471
    94  H   1.0   0.081   0.999    -6.23836   -10.42241    10.77238
    95  H   1.0   0.082   0.999    -7.18927    -8.35882    13.22033
    96  H   1.0   0.075   1.004    -4.83449   -11.87693    -8.15247
    97  H   1.0   0.075   1.004    -6.52428   -13.25586    -3.89019
    98  H   1.0   0.081   1.008     2.51636    -3.22331   -14.65766
    99  H   1.0   0.082   1.007     5.59907    -2.40298   -15.60252
   100  H   1.0   0.081   0.999     1.14669     1.24911   -15.14937
   101  H   1.0   0.082   1.000     4.22335     2.12462   -16.08573
   102  H   1.0   0.081   0.999     2.42868     0.05745   -17.98944
   103  H   1.0   0.081   1.005    -2.37274     0.27552     3.29304
   104  H   1.0   0.084   1.004    -0.06671     0.21618     0.88137
   105  H   1.0   0.082   0.999     2.00462     1.30410     4.89137
   106  H   1.0   0.081   0.999     2.91452    -1.84947     4.25075
   107  H   1.0   0.082   1.004     0.51854    -1.21812     6.47080
   108  H   1.0   0.081   1.004     4.38209     0.50191    -2.18679
   109  H   1.0   0.087   1.007     3.41455    -1.43392     0.38607
   110  H   1.0   0.082   1.001     7.03129    -3.05455    -3.80137
   111  H   1.0   0.081   0.999     5.95018    -5.00381    -1.31808
   112  H   1.0   0.082   0.999     7.83650    -2.32833    -0.65101
   113  H   1.0   0.073   1.012     7.93288     4.28647   -11.10989
   114  H   1.0   0.075   1.005    11.47744     8.05911   -19.56566
   115  H   1.0   0.075   1.005    12.83200     8.69425   -23.99347
   116  H   1.0   0.074   1.004    13.79122     6.96232   -28.20699
   117  H   1.0   0.074   1.004    13.42461     2.39013   -29.00011
   118  H   1.0   0.075   1.005    12.10407    -0.48566   -25.58878
   119  H   1.0   0.076   1.007    10.80848    -1.19280   -21.24770
 
  Z AO/shell   Hii/eV     exponent
  1     Sat Feb 20 21:38:01 CET 2016    EN: 2.327 GAM: 0.473  GM3: 0.0000
     1s    -13.751157    1.051071
  6     Sat Feb 20 21:38:01 CET 2016    EN: 2.731 GAM: 0.422  GM3: 0.0000
     2s    -19.378245    2.021003
     2p    -11.993376    1.497917
  7     Sat Feb 20 21:38:01 CET 2016    EN: 3.573 GAM: 0.504  GM3: 0.0000
     2s    -21.576984    2.275442
     2p    -16.125120    2.056788
  8     Sat Feb 20 21:38:01 CET 2016    EN: 3.700 GAM: 0.587  GM3: 0.0000
     2s    -21.648843    2.110798
     2p    -17.239740    2.329048
 16     Sat Feb 20 23:13:41 CET 2016    EN: 1.915 GAM: 0.389  GM3: 0.0000
     3s    -22.000000    2.671470
     3p    -15.834192    1.836978
     3d     -2.593599    1.836978
 
 dipole moment of classical point charges (au)
     X       Y       Z   
  -0.1686   0.2950  -0.5979  total (Debye):    1.748

 
 Nbf   :          380
 T(el) :   300.0
 calculating S/T integrals ...
 cpu time for ints   0.452459000000000     
 Nao   :          376
 making H0...
 making H1...
 cpu time for H      0.165200000000000     
 solving ...
 cpu time for diag   0.180279000000000     
 
 gap (eV)           :   1.877
 Koopmans IP (eV)   :  12.001
 Eel (Eh)           :  -295.228058
 T,E(Fermi),NFOD :    300.000   -11.062  0.000000
 T,E(Fermi),NFOD :    300.000   -11.062  0.000000
 Nfod               :  0.0000
 Nfod/Nel           :  0.0000

          eigenvalues
 #    :         176        177        178        179        180        181        182        183
 occ. :        2.000      2.000      2.000      2.000      2.000      2.000      2.000      2.000
 eps  :       -15.378    -15.247    -15.056    -15.001    -14.898    -14.642    -14.488    -14.331
 #    :         184        185        186        187        188        189        190        191
 occ. :        2.000      2.000      2.000      2.000      2.000      0.000      0.000      0.000
 eps  :       -14.135    -13.778    -13.344    -12.947    -12.002    -10.125     -9.750     -9.690
 #    :         192        193        194        195        196        197        198        199
 occ. :        0.000      0.000      0.000      0.000      0.000      0.000      0.000      0.000
 eps  :        -9.494     -9.220     -8.855     -8.838     -8.233     -7.735     -7.666     -7.425
                            1  SCC done.
 making H1...
 cpu time for H      0.230905000000000     
 solving ...
 cpu time for diag   7.029000000000007E-002
 
 gap (eV)           :   2.113
 Koopmans IP (eV)   :  12.239
 Eel (Eh)           :  -295.313620
 T,E(Fermi),NFOD :    300.000   -11.182  0.000000
 T,E(Fermi),NFOD :    300.000   -11.182  0.000000
 Nfod               :  0.0000
 Nfod/Nel           :  0.0000

          eigenvalues
 #    :         176        177        178        179        180        181        182        183
 occ. :        2.000      2.000      2.000      2.000      2.000      2.000      2.000      2.000
 eps  :       -15.221    -14.893    -14.651    -14.502    -14.278    -14.228    -14.187    -14.120
 #    :         184        185        186        187        188        189        190        191
 occ. :        2.000      2.000      2.000      2.000      2.000      0.000      0.000      0.000
 eps  :       -14.074    -13.826    -13.410    -13.203    -12.240    -10.127     -9.777     -9.480
 #    :         192        193        194        195        196        197        198        199
 occ. :        0.000      0.000      0.000      0.000      0.000      0.000      0.000      0.000
 eps  :        -9.289     -9.076     -8.859     -8.820     -8.385     -7.805     -7.787     -7.444
                            2  SCC done.
 
 
 Mulliken/CM5 charges    n(s)   n(p)   n(d)   
    1 C  -0.0046 -0.0528   1.153  2.852  0.000
    2 C  -0.0310 -0.0329   1.169  2.862  0.000
    3 C   0.1334  0.1686   1.175  2.691  0.000
    4 O  -0.2266 -0.2730   1.621  4.606  0.000
    5 C  -0.0183 -0.0200   1.186  2.833  0.000
    6 C  -0.0175 -0.0668   1.151  2.867  0.000
    7 C  -0.0156 -0.0243   1.210  2.806  0.000
    8 C  -0.0159 -0.0247   1.209  2.807  0.000
    9 C  -0.0280 -0.0775   1.153  2.875  0.000
   10 C  -0.0063 -0.0095   1.175  2.832  0.000
   11 C   0.0175  0.0168   1.197  2.785  0.000
   12 C   0.0002  0.0063   1.115  2.885  0.000
   13 C   0.0975  0.2164   1.171  2.731  0.000
   14 N  -0.2139 -0.3440   1.642  3.572  0.000
   15 C   0.0988  0.2159   1.172  2.729  0.000
   16 N  -0.2170 -0.3501   1.642  3.575  0.000
   17 C  -0.0281 -0.0833   1.219  2.809  0.000
   18 C  -0.0206 -0.0810   1.193  2.828  0.000
   19 C  -0.0466 -0.1052   1.166  2.880  0.000
   20 C  -0.0481 -0.1067   1.166  2.882  0.000
   21 C  -0.0214 -0.0817   1.193  2.829  0.000
   22 C  -0.0637 -0.1657   1.159  2.905  0.000
   23 C  -0.0306 -0.0857   1.220  2.811  0.000
   24 C  -0.0191 -0.0114   1.168  2.851  0.000
   25 C  -0.0194 -0.0273   1.195  2.824  0.000
   26 C  -0.0269 -0.1329   1.122  2.905  0.000
   27 C  -0.0847 -0.2362   1.095  2.990  0.000
   28 C  -0.0528 -0.0396   1.173  2.880  0.000
   29 S   0.1156  0.0832   1.893  3.941  0.050
   30 C  -0.0466 -0.0241   1.172  2.875  0.000
   31 C  -0.0155 -0.0018   1.155  2.860  0.000
   32 C   0.0464  0.1273   1.183  2.771  0.000
   33 C   0.0462  0.1270   1.182  2.772  0.000
   34 N  -0.1754 -0.3644   1.489  3.687  0.000
   35 C   0.0326  0.0657   1.161  2.807  0.000
   36 C   0.0326  0.0657   1.161  2.807  0.000
   37 N  -0.1770 -0.3660   1.489  3.688  0.000
   38 C  -0.0112  0.0024   1.157  2.854  0.000
   39 C  -0.0421 -0.0198   1.170  2.872  0.000
   40 S   0.1234  0.0904   1.892  3.934  0.051
   41 C  -0.0522 -0.0386   1.175  2.878  0.000
   42 C  -0.0146 -0.0204   1.193  2.821  0.000
   43 C  -0.0334 -0.1379   1.125  2.908  0.000
   44 C  -0.0875 -0.2387   1.093  2.994  0.000
   45 C  -0.0214 -0.0127   1.172  2.850  0.000
   46 S   0.1060  0.0702   1.890  3.958  0.046
   47 C  -0.0379 -0.0198   1.166  2.872  0.000
   48 C  -0.0026  0.0666   1.167  2.836  0.000
   49 N  -0.0842 -0.3411   1.288  3.796  0.000
   50 C   0.0256  0.0950   1.188  2.786  0.000
   51 C   0.0305  0.1010   1.185  2.784  0.000
   52 N  -0.0782 -0.3365   1.262  3.816  0.000
   53 C  -0.0019  0.0680   1.168  2.834  0.000
   54 C  -0.0591 -0.0412   1.187  2.872  0.000
   55 S   0.1179  0.0858   1.895  3.921  0.067
   56 C   0.0342 -0.0140   1.146  2.820  0.000
   57 C  -0.0805 -0.2281   1.093  2.987  0.000
   58 C   0.0274 -0.0221   1.148  2.825  0.000
   59 C  -0.0855 -0.2321   1.094  2.991  0.000
   60 C   0.0017 -0.0450   1.155  2.843  0.000
   61 C  -0.0299 -0.0334   1.178  2.852  0.000
   62 C   0.1375  0.1718   1.176  2.686  0.000
   63 O  -0.2333 -0.2801   1.627  4.606  0.000
   64 C  -0.0232 -0.0253   1.183  2.841  0.000
   65 C  -0.0181 -0.0677   1.151  2.867  0.000
   66 C   0.0070 -0.0003   1.166  2.827  0.000
   67 C  -0.0325 -0.0862   1.142  2.891  0.000
   68 C  -0.0251 -0.0814   1.136  2.889  0.000
   69 C  -0.0258 -0.0821   1.137  2.889  0.000
   70 C  -0.0298 -0.0836   1.141  2.889  0.000
   71 C   0.0081  0.0007   1.166  2.826  0.000
   72 C  -0.0279 -0.0776   1.151  2.877  0.000
   73 C  -0.0088 -0.0124   1.170  2.839  0.000
   74 C   0.0162  0.0149   1.198  2.786  0.000
   75 C   0.0037  0.0084   1.116  2.880  0.000
   76 C   0.1006  0.2200   1.170  2.729  0.000
   77 N  -0.2184 -0.3483   1.643  3.576  0.000
   78 C   0.0952  0.2140   1.171  2.734  0.000
   79 N  -0.2138 -0.3431   1.642  3.572  0.000
   80 H   0.0662  0.1366   0.934  0.000  0.000
   81 H   0.0500  0.1086   0.950  0.000  0.000
   82 H   0.0532  0.1175   0.947  0.000  0.000
   83 H   0.0477  0.1065   0.952  0.000  0.000
   84 H   0.0462  0.1039   0.954  0.000  0.000
   85 H   0.0472  0.1035   0.953  0.000  0.000
   86 H   0.0468  0.1030   0.953  0.000  0.000
   87 H   0.0450  0.1027   0.955  0.000  0.000
   88 H   0.0375  0.0943   0.962  0.000  0.000
   89 H   0.0359  0.0953   0.964  0.000  0.000
   90 H   0.0472  0.1059   0.953  0.000  0.000
   91 H   0.0431  0.1008   0.957  0.000  0.000
   92 H   0.0497  0.1073   0.950  0.000  0.000
   93 H   0.0399  0.0921   0.960  0.000  0.000
   94 H   0.0296  0.0824   0.970  0.000  0.000
   95 H   0.0315  0.0852   0.969  0.000  0.000
   96 H   0.0537  0.1211   0.946  0.000  0.000
   97 H   0.0537  0.1211   0.946  0.000  0.000
   98 H   0.0436  0.1022   0.956  0.000  0.000
   99 H   0.0474  0.1089   0.953  0.000  0.000
  100 H   0.0309  0.0836   0.969  0.000  0.000
  101 H   0.0314  0.0867   0.969  0.000  0.000
  102 H   0.0385  0.0904   0.962  0.000  0.000
  103 H   0.0511  0.1187   0.949  0.000  0.000
  104 H   0.0539  0.1233   0.946  0.000  0.000
  105 H   0.0449  0.0973   0.955  0.000  0.000
  106 H   0.0326  0.0876   0.967  0.000  0.000
  107 H   0.0380  0.0951   0.962  0.000  0.000
  108 H   0.0512  0.1179   0.949  0.000  0.000
  109 H   0.0594  0.1306   0.941  0.000  0.000
  110 H   0.0345  0.0912   0.966  0.000  0.000
  111 H   0.0315  0.0863   0.969  0.000  0.000
  112 H   0.0418  0.0942   0.958  0.000  0.000
  113 H   0.0687  0.1330   0.931  0.000  0.000
  114 H   0.0507  0.1098   0.949  0.000  0.000
  115 H   0.0409  0.0983   0.959  0.000  0.000
  116 H   0.0428  0.0994   0.957  0.000  0.000
  117 H   0.0435  0.1000   0.957  0.000  0.000
  118 H   0.0416  0.0991   0.958  0.000  0.000
  119 H   0.0509  0.1144   0.949  0.000  0.000
 Hirshfeld charges for QMDFF written to <charges>
 
 Loewdin charges    n(s)   n(p)   n(d)
    1 C   0.0017   1.099  2.899  0.000
    2 C  -0.0394   1.131  2.909  0.000
    3 C   0.1246   1.141  2.734  0.000
    4 O  -0.2070   1.589  4.618  0.000
    5 C  -0.0200   1.145  2.874  0.000
    6 C  -0.0136   1.098  2.916  0.000
    7 C  -0.0110   1.169  2.842  0.000
    8 C  -0.0106   1.168  2.842  0.000
    9 C  -0.0259   1.100  2.925  0.000
   10 C  -0.0026   1.133  2.870  0.000
   11 C   0.0285   1.153  2.818  0.000
   12 C  -0.0115   1.074  2.938  0.000
   13 C   0.0916   1.137  2.771  0.000
   14 N  -0.2030   1.604  3.599  0.000
   15 C   0.0935   1.138  2.769  0.000
   16 N  -0.2061   1.604  3.602  0.000
   17 C  -0.0216   1.173  2.848  0.000
   18 C  -0.0108   1.144  2.866  0.000
   19 C  -0.0385   1.115  2.923  0.000
   20 C  -0.0399   1.115  2.925  0.000
   21 C  -0.0116   1.144  2.867  0.000
   22 C  -0.0604   1.102  2.959  0.000
   23 C  -0.0240   1.174  2.850  0.000
   24 C  -0.0002   1.124  2.876  0.000
   25 C  -0.0157   1.155  2.860  0.000
   26 C  -0.0201   1.060  2.960  0.000
   27 C  -0.0859   1.022  3.064  0.000
   28 C  -0.0328   1.130  2.903  0.000
   29 S   0.0762   1.880  3.941  0.104
   30 C  -0.0246   1.128  2.897  0.000
   31 C  -0.0225   1.117  2.906  0.000
   32 C   0.0371   1.149  2.814  0.000
   33 C   0.0366   1.148  2.816  0.000
   34 N  -0.1515   1.453  3.699  0.000
   35 C   0.0297   1.115  2.856  0.000
   36 C   0.0298   1.115  2.855  0.000
   37 N  -0.1532   1.452  3.701  0.000
   38 C  -0.0175   1.118  2.899  0.000
   39 C  -0.0210   1.126  2.895  0.000
   40 S   0.0839   1.879  3.933  0.105
   41 C  -0.0323   1.132  2.901  0.000
   42 C  -0.0130   1.154  2.859  0.000
   43 C  -0.0277   1.063  2.965  0.000
   44 C  -0.0887   1.020  3.069  0.000
   45 C  -0.0017   1.127  2.874  0.000
   46 S   0.0676   1.876  3.956  0.100
   47 C  -0.0152   1.122  2.893  0.000
   48 C  -0.0153   1.136  2.879  0.000
   49 N  -0.0427   1.247  3.795  0.000
   50 C   0.0150   1.156  2.829  0.000
   51 C   0.0201   1.153  2.827  0.000
   52 N  -0.0351   1.220  3.815  0.000
   53 C  -0.0152   1.137  2.878  0.000
   54 C  -0.0355   1.142  2.893  0.000
   55 S   0.0735   1.882  3.920  0.125
   56 C   0.0357   1.089  2.876  0.000
   57 C  -0.0828   1.021  3.062  0.000
   58 C   0.0275   1.091  2.881  0.000
   59 C  -0.0876   1.021  3.066  0.000
   60 C   0.0117   1.101  2.887  0.000
   61 C  -0.0370   1.140  2.897  0.000
   62 C   0.1294   1.142  2.729  0.000
   63 O  -0.2182   1.596  4.622  0.000
   64 C  -0.0257   1.142  2.883  0.000
   65 C  -0.0127   1.098  2.914  0.000
   66 C   0.0117   1.122  2.866  0.000
   67 C  -0.0272   1.088  2.939  0.000
   68 C  -0.0172   1.082  2.936  0.000
   69 C  -0.0176   1.082  2.936  0.000
   70 C  -0.0249   1.088  2.937  0.000
   71 C   0.0135   1.122  2.864  0.000
   72 C  -0.0251   1.099  2.926  0.000
   73 C  -0.0057   1.128  2.878  0.000
   74 C   0.0269   1.153  2.820  0.000
   75 C  -0.0078   1.075  2.933  0.000
   76 C   0.0942   1.137  2.769  0.000
   77 N  -0.2073   1.605  3.603  0.000
   78 C   0.0890   1.137  2.774  0.000
   79 N  -0.2029   1.604  3.599  0.000
   80 H   0.0566   0.943  0.000  0.000
   81 H   0.0400   0.960  0.000  0.000
   82 H   0.0431   0.957  0.000  0.000
   83 H   0.0395   0.961  0.000  0.000
   84 H   0.0382   0.962  0.000  0.000
   85 H   0.0388   0.961  0.000  0.000
   86 H   0.0384   0.962  0.000  0.000
   87 H   0.0372   0.963  0.000  0.000
   88 H   0.0337   0.966  0.000  0.000
   89 H   0.0320   0.968  0.000  0.000
   90 H   0.0390   0.961  0.000  0.000
   91 H   0.0387   0.961  0.000  0.000
   92 H   0.0455   0.955  0.000  0.000
   93 H   0.0388   0.961  0.000  0.000
   94 H   0.0293   0.971  0.000  0.000
   95 H   0.0312   0.969  0.000  0.000
   96 H   0.0430   0.957  0.000  0.000
   97 H   0.0430   0.957  0.000  0.000
   98 H   0.0392   0.961  0.000  0.000
   99 H   0.0433   0.957  0.000  0.000
  100 H   0.0303   0.970  0.000  0.000
  101 H   0.0311   0.969  0.000  0.000
  102 H   0.0377   0.962  0.000  0.000
  103 H   0.0446   0.955  0.000  0.000
  104 H   0.0485   0.951  0.000  0.000
  105 H   0.0441   0.956  0.000  0.000
  106 H   0.0334   0.967  0.000  0.000
  107 H   0.0370   0.963  0.000  0.000
  108 H   0.0451   0.955  0.000  0.000
  109 H   0.0545   0.945  0.000  0.000
  110 H   0.0335   0.966  0.000  0.000
  111 H   0.0309   0.969  0.000  0.000
  112 H   0.0414   0.959  0.000  0.000
  113 H   0.0569   0.943  0.000  0.000
  114 H   0.0407   0.959  0.000  0.000
  115 H   0.0328   0.967  0.000  0.000
  116 H   0.0347   0.965  0.000  0.000
  117 H   0.0352   0.965  0.000  0.000
  118 H   0.0334   0.967  0.000  0.000
  119 H   0.0412   0.959  0.000  0.000
 
 Wiberg/Mayer (AO) data. WBOs > 0.1 written file <wbo>
 largest (>0.05) Wiberg bond orders for each atom
           total WBO             WBO to atom ...
     1  C   3.924    C    2 1.476    C   24 1.285    H   80 0.915
     2  C   3.908    C    1 1.476    C   11 1.103    C    3 1.034    C   25 0.068    O    4 0.063
     3  C   3.902    O    4 1.729    C    2 1.034    C    5 0.993
     4  O   2.175    C    3 1.729    S   55 0.077    C    2 0.063    C    5 0.053
     5  C   3.933    C    6 1.357    C   10 1.287    C    3 0.993    C    8 0.091    O    4 0.053
     6  C   3.958    C    7 1.422    C    5 1.357    H   81 0.942    C    9 0.082
     7  C   3.917    C    6 1.422    C    8 1.312    C   23 0.947    C   10 0.091
     8  C   3.927    C    9 1.428    C    7 1.312    C   17 0.949    C    5 0.091
     9  C   3.954    C    8 1.428    C   10 1.348    H   82 0.934    C    6 0.082
    10  C   3.943    C    9 1.348    C    5 1.287    C   11 1.046    C    7 0.091
    11  C   3.928    C   12 1.460    C    2 1.103    C   10 1.046    N   16 0.090    N   14 0.090
    12  C   3.929    C   11 1.460    C   15 1.064    C   13 1.063    N   16 0.080    N   14 0.080
    13  C   3.939    N   14 2.784    C   12 1.063
    14  N   3.043    C   13 2.784    C   11 0.090    C   12 0.080
    15  C   3.939    N   16 2.774    C   12 1.064
    16  N   3.040    C   15 2.774    C   11 0.090    C   12 0.080
    17  C   3.930    C   23 0.950    C    8 0.949    H   83 0.941    C   18 0.929
    18  C   3.949    C   19 0.985    C   22 0.974    H   84 0.946    C   17 0.929
    19  C   3.959    C   20 1.935    C   18 0.985    H   85 0.937
    20  C   3.959    C   19 1.935    C   21 0.985    H   86 0.937
    21  C   3.949    C   20 0.985    C   22 0.974    H   87 0.946    C   23 0.928
    22  C   3.967    C   18 0.974    C   21 0.974    H   88 0.962    H   89 0.960
    23  C   3.928    C   17 0.950    C    7 0.947    H   90 0.941    C   21 0.928
    24  C   3.915    C   25 1.340    C    1 1.285    S   55 1.056    C   54 0.053
    25  C   3.909    C   24 1.340    C   28 1.325    C   26 0.981    S   55 0.069    C    2 0.068
    26  C   3.970    C   27 0.987    C   25 0.981    H   91 0.965    H   92 0.960
    27  C   3.979    C   26 0.987    H   94 0.985    H   95 0.984    H   93 0.978
    28  C   3.915    C   25 1.325    C   54 1.294    S   29 1.060
    29  S   2.470    C   30 1.105    C   28 1.060    C   54 0.053    C   53 0.052
    30  C   3.900    C   53 1.325    C   31 1.214    S   29 1.105
    31  C   3.923    C   51 1.261    C   30 1.214    C   32 1.168
    32  C   3.932    N   37 1.304    C   33 1.199    C   31 1.168    C   35 0.073
    33  C   3.934    N   34 1.304    C   32 1.199    C   38 1.170    C   36 0.073
    34  N   3.088    C   35 1.471    C   33 1.304    N   37 0.121
    35  C   3.937    N   34 1.471    C   36 1.356    H   96 0.947    C   32 0.073
    36  C   3.937    N   37 1.470    C   35 1.356    H   97 0.947    C   33 0.073
    37  N   3.088    C   36 1.470    C   32 1.304    N   34 0.121
    38  C   3.924    C   50 1.275    C   39 1.200    C   33 1.170
    39  C   3.908    C   48 1.338    C   38 1.200    S   40 1.109
    40  S   2.488    C   39 1.109    C   41 1.070    C   48 0.055    C   47 0.053
    41  C   3.915    C   47 1.315    C   42 1.284    S   40 1.070
    42  C   3.913    C   45 1.385    C   41 1.284    C   43 0.981    S   46 0.067    C   61 0.051
    43  C   3.970    C   44 0.992    C   42 0.981    H   98 0.965    H   99 0.942
    44  C   3.983    C   43 0.992    H  100 0.985    H  101 0.982    H  102 0.979
    45  C   3.910    C   42 1.385    C   60 1.229    S   46 1.055    C   47 0.057
    46  S   2.497    C   47 1.114    C   45 1.055    C   42 0.067
    47  C   3.919    C   41 1.315    C   48 1.247    S   46 1.114    C   45 0.057    S   40 0.053
    48  C   3.903    C   39 1.338    C   47 1.247    N   49 1.070    S   40 0.055
    49  N   3.407    C   50 1.087    C   48 1.070    C   58 0.946
    50  C   3.894    C   38 1.275    C   51 1.257    N   49 1.087
    51  C   3.894    C   31 1.261    C   50 1.257    N   52 1.107
    52  N   3.439    C   51 1.107    C   53 1.079    C   56 0.946
    53  C   3.902    C   30 1.325    C   54 1.250    N   52 1.079    S   29 0.052
    54  C   3.919    C   28 1.294    C   53 1.250    S   55 1.095    C   24 0.053    S   29 0.053
    55  S   2.560    C   54 1.095    C   24 1.056    O    4 0.077    C   25 0.069
    56  C   3.931    C   57 1.005    H  103 0.968    H  104 0.965    N   52 0.946
    57  C   3.980    C   56 1.005    H  107 0.980    H  106 0.979    H  105 0.975
    58  C   3.932    C   59 1.002    H  108 0.969    H  109 0.961    N   49 0.946
    59  C   3.981    C   58 1.002    H  111 0.984    H  110 0.982    H  112 0.975
    60  C   3.924    C   61 1.514    C   45 1.229    H  113 0.929
    61  C   3.915    C   60 1.514    C   74 1.116    C   62 0.984    O   63 0.068    C   42 0.051
    62  C   3.905    O   63 1.793    C   64 0.985    C   61 0.984
    63  O   2.121    C   62 1.793    C   61 0.068    C   64 0.061
    64  C   3.942    C   65 1.513    C   73 1.166    C   62 0.985    O   63 0.061    C   71 0.051
    65  C   3.960    C   64 1.513    C   66 1.243    H  114 0.941    C   72 0.087
    66  C   3.949    C   67 1.267    C   65 1.243    C   71 1.211    C   69 0.065    C   73 0.050
    67  C   3.961    C   68 1.541    C   66 1.267    H  115 0.944    C   70 0.112
    68  C   3.961    C   67 1.541    C   69 1.315    H  116 0.946    C   71 0.064
    69  C   3.963    C   70 1.542    C   68 1.315    H  117 0.946    C   66 0.065
    70  C   3.961    C   69 1.542    C   71 1.266    H  118 0.944    C   67 0.112
    71  C   3.953    C   70 1.266    C   72 1.247    C   66 1.211    C   68 0.064    C   64 0.051
    72  C   3.951    C   73 1.502    C   71 1.247    H  119 0.936    C   65 0.087
    73  C   3.954    C   72 1.502    C   64 1.166    C   74 1.042    C   66 0.050
    74  C   3.932    C   75 1.438    C   61 1.116    C   73 1.042    N   77 0.092    N   79 0.089
    75  C   3.936    C   74 1.438    C   78 1.067    C   76 1.064    N   79 0.080    N   77 0.079
    76  C   3.942    N   77 2.790    C   75 1.064
    77  N   3.057    C   76 2.790    C   74 0.092    C   75 0.079
    78  C   3.941    N   79 2.788    C   75 1.067
    79  N   3.043    C   78 2.788    C   74 0.089    C   75 0.080
    80  H   0.992    C    1 0.915
    81  H   0.996    C    6 0.942
    82  H   0.995    C    9 0.934
    83  H   0.996    C   17 0.941
    84  H   0.997    C   18 0.946
    85  H   0.997    C   19 0.937
    86  H   0.997    C   20 0.937
    87  H   0.997    C   21 0.946
    88  H   0.998    C   22 0.962
    89  H   0.999    C   22 0.960
    90  H   0.995    C   23 0.941
    91  H   0.997    C   26 0.965
    92  H   0.996    C   26 0.960
    93  H   0.995    C   27 0.978
    94  H   0.999    C   27 0.985
    95  H   0.999    C   27 0.984
    96  H   0.995    C   35 0.947
    97  H   0.995    C   36 0.947
    98  H   0.998    C   43 0.965
    99  H   0.996    C   43 0.942
   100  H   0.999    C   44 0.985
   101  H   0.999    C   44 0.982
   102  H   0.996    C   44 0.979
   103  H   0.996    C   56 0.968
   104  H   0.996    C   56 0.965
   105  H   0.997    C   57 0.975
   106  H   0.999    C   57 0.979
   107  H   0.998    C   57 0.980
   108  H   0.996    C   58 0.969
   109  H   0.995    C   58 0.961
   110  H   0.998    C   59 0.982
   111  H   0.999    C   59 0.984
   112  H   0.998    C   59 0.975
   113  H   0.989    C   60 0.929
   114  H   0.994    C   65 0.941
   115  H   0.997    C   67 0.944
   116  H   0.994    C   68 0.946
   117  H   0.996    C   69 0.946
   118  H   0.997    C   70 0.944
   119  H   0.994    C   72 0.936
 
 --------------------------------------------
          xTB calculation for sTDA...
 --------------------------------------------
 
 reading parameter file /ihome/ghutchison/blp62/xtb4stda/.param_stda2.xtb
 
      method parameters     
 k(s)        :  1.6000
 k(p)        :  2.1800
 k(d)        :  1.9500
 k(f)        :  2.0000
 k(R-V)      :  2.2750
 k(R-R)      :  1.7650
 Tscal       :  0.2580
 Gscal       :  1.0000
 fpol        :  1.0000
 Zcnf        :  0.3430
 Zqf         :  0.0000
 kcn         :  2.7000
 Ryd Hsplit  :  0.7000
 lshift(virt):  3.1000
 lshift(OS)  :  0.2000
 wllscaling  :  2.6000
 
 mowrcut     : 3.000
 
  Z AO/shell   Hii/eV     exponent
  1     Sun Feb 14 09:53:25 CET 2016    EN: 2.327 GAM: 0.473  GM3: 0.0000
     1s    -14.339618    1.220000
     2sp    -3.348946    0.600000
  6     Sun Feb 14 09:53:25 CET 2016    EN: 2.731 GAM: 0.422  GM3: 0.0000
     2s    -22.009312    1.565095
     2p    -13.020408    1.596905
     3sp    -3.914040    0.824500
  7     Sun Feb 14 09:53:25 CET 2016    EN: 3.573 GAM: 0.504  GM3: 0.0000
     2s    -25.722000    2.064844
     2p    -18.684912    1.801692
     3sp    -4.344791    0.921400
  8     Sun Feb 14 09:53:25 CET 2016    EN: 3.700 GAM: 0.587  GM3: 0.0000
     2s    -33.859000    2.418661
     2p    -22.175911    1.973969
     3sp    -4.259392    1.013700
 16     Sun Feb 21 16:35:57 CET 2016    EN: 1.915 GAM: 0.200  GM3: 0.0000
     3s    -17.898811    2.619580
     3p    -15.317401    1.798798
     4sp    -4.455139    0.843200
 
 Nbf   :          832
 T(el) :     0.0
 calculating S/T integrals ...
 cpu time for ints    2.01136700000000     
 Nao   :          832
 making H0...
 making H1...
 cpu time for H      1.745999999999981E-002
 solving ...
 cpu time for diag    1.77175500000000     
 
 gap (eV)           :   4.802
 Koopmans IP (eV)   :  13.684
 Eel (Eh)           :  -326.543279

          eigenvalues
 #    :         176        177        178        179        180        181        182        183
 occ. :        2.000      2.000      2.000      2.000      2.000      2.000      2.000      2.000
 eps  :       -16.329    -16.238    -16.156    -16.083    -15.948    -15.677    -15.603    -15.543
 #    :         184        185        186        187        188        189        190        191
 occ. :        2.000      2.000      2.000      2.000      2.000      0.000      0.000      0.000
 eps  :       -15.397    -14.588    -14.514    -14.187    -13.685     -8.882     -8.733     -8.452
 #    :         192        193        194        195        196        197        198        199
 occ. :        0.000      0.000      0.000      0.000      0.000      0.000      0.000      0.000
 eps  :        -8.268     -7.476     -7.253     -6.545     -6.382     -6.065     -5.730     -5.641
                            1  SCC done.
 writing mo output ...
 molden style : F
 
speedup  4.49
cpu  time for all    5.52 s
wall time for all    1.23 s
