 
        ______________________________________
       |                                      |
       |          ===================         |
       |             xTB for sTDA             |
       |          ===================         |
       |               S. Grimme              |
       |        Universitaet Bonn, MCTC       |
       |         2015-19, Version 1.0         |
       |     Wed Apr  3 09:14:55 CEST 2019    |
       |______________________________________|
 
        This code comes without any warranty
        for non-commercial, academia use only.
        Preliminary test version.
        Cite this work as:
        S. Grimme  &  C. Bannwarth, JCP 145 (2016) 054103
        if GBSA is used additionally:
        P. Shushkov, F. März, C. Bannwarth, S. Grimme, unpublished.
 
        with help from
        P. Shushkov, G. Brandenburg, S. Dohm, J. Pisarek,
        F. März, M. Checinski, S. Ehrlich, S. Spicher, 
        P. Pracht, E. Caldeweyher, S. Ehlert, and C. Bannwarth.
 
        usage        :
        xtb4stda <coord_file> [options]
        where <coord_file> is a valid file of TM)
        (*coord, Bohr) or xmol (*xyz, Angstroem)
        format.

        options:
        -chrg <int>   : molecular charge
        -uhf  <int>   : # of unpaired electrons(=2*S)
        -nox          : skip second, extended part in sTDA-xTB
        -pop          : do population analysis
                      : (default for -nox)
        -mowr <real>  : cut MO write above (def.3 Eh)
        -molden       : write formatted molden file
        -parx <file>  : read parameters for sTDA-xTB
                        calc (def:~/.param_stda2.xtb)
        -parv <file>  : read parameters for vTB part in
                        sTDA-xTB (def: ~/.param_stda1.xtb)
        -xtemp <real> : el. temp for xTB (def. 0 K)
        -etemp <real> : el. temp for GFN (def. 300 K)
        -fod          : calculate the FOD and write
                        molden.input file with
                        appropriate occupations
                        for plotting. Def. T=12500 K
 
        -acc <real>   : xTB accuracy (def. 1.0)
        -gbsa [string1] [string2]
                        use GBSA implicit solvent
                        for solvent [string1] and
                        solvation state [string2]=
                        reference, bar1M (default=1M)
        additional GFN/opt/MD/siman options read from
        $XTB4STDAHOME/.xtb4stdarc or $set in input
 
       spin and charge state information can be on:
       <.CHRG> (charge) and <.UHF> (=nalpha-nbeta)
       -uhf and -chrg override the file info.
       useful machine settings:
       setenv MKL_NUM_THREADS <NCORE_ON_YOUR_MACHINE>
       setenv OMP_STACKSIZE 500m
       limit stacksize unlimited
 
       total energies in Eh, gaps/HL energies in eV
       please read REVISION and HOWTO files carefully
 =============================
  # OMP threads =           8
 =============================
 
 xtb4stdahome directory:/ihome/ghutchison/blp62/xtb4stda/
 
 
 name of molecule           :
 comment line               :
 number of atoms            :   107
 number of electrons        :   358
 charge                     :  0
 spin                       : 0.0
 first test random number   :  0.4308
 
 -----------------------------------------
      charge density (VTB) calculation
 -----------------------------------------
 
      method parameters     
 k(s)        :  1.8000
 k(p)        :  2.8350
 k(d)        :  2.0860
 k(f)        :  2.0000
 Tscal       :  0.3300
 Gscal       :  0.3910
 fpol        :  1.0000
 Zcnf        :  0.6500
 Zqf         :  0.0000
 kcn         :  0.3000
 kEN1        : -0.5900
 wllscal     :  2.6000
 
     -------------------------
     ! NO SOLVENT MODEL USED !
     -------------------------
 
 doing EN charges ...
 sum q : -0.2886580D-14
 point charge moment (au)
     X       Y       Z   
  -0.5255  -0.5767  -0.8668  total (Debye):    2.964
 
            Z      q(EN)   CN      Cart. coordinates
     1  C   4.0  -0.085   3.259    12.07384     3.28340    -9.62248
     2  C   4.0  -0.077   3.174    13.87078     4.67121    -8.42043
     3  S   6.0   0.220   2.584    13.74152     5.91371    -5.35529
     4  C   4.0   0.025   3.289    16.68496     7.37768    -5.73589
     5  C   4.0  -0.047   3.197    17.64758     8.85847    -3.83917
     6  C   4.0   0.233   2.186    16.26903     9.09733    -1.57263
     7  N   5.0  -0.215   1.028    15.12726     9.27685     0.26229
     8  C   4.0   0.242   2.139    19.88256    10.28578    -3.93517
     9  N   5.0  -0.217   1.031    21.64530    11.55133    -3.90852
    10  N   5.0  -0.316   3.333    17.70106     6.85630    -8.02926
    11  C   4.0  -0.106   4.161    20.24974     7.52772    -8.76512
    12  C   4.0   0.010   3.197    22.22374     6.20284    -7.18757
    13  C   4.0  -0.072   3.188    21.77342     3.82688    -6.17071
    14  C   4.0  -0.073   3.146    23.60098     2.63881    -4.72583
    15  C   4.0  -0.074   3.145    25.90115     3.80647    -4.30139
    16  C   4.0  -0.073   3.146    26.37226     6.16259    -5.33810
    17  C   4.0  -0.074   3.186    24.54282     7.35689    -6.77051
    18  C   4.0   0.182   3.346    16.24333     5.36077    -9.63269
    19  O   6.0  -0.100   1.065    16.91872     4.76287   -11.73463
    20  C   4.0  -0.083   3.213     9.72207     2.47441    -8.67989
    21  S   6.0   0.216   2.502     7.65301     0.89327   -10.76917
    22  C   4.0  -0.096   3.397     5.44789     0.60433    -8.40607
    23  C   4.0  -0.093   3.427     3.02904    -0.32333    -7.94138
    24  S   6.0   0.230   2.391     0.57429    -1.75064    -9.59754
    25  C   4.0  -0.091   3.420    -1.17730    -1.72419    -6.83967
    26  C   4.0   0.010   3.401    -3.59861    -2.49614    -6.06451
    27  C   4.0   0.075   3.655    -5.57677    -3.81914    -7.27998
    28  C   4.0   0.075   3.653    -7.76167    -4.55934    -5.83661
    29  N   5.0  -0.299   2.145    -9.38476    -5.89557    -7.19135
    30  S   6.0   0.429   2.888    -8.28286    -6.18715   -10.02878
    31  N   5.0  -0.300   2.146    -5.68486    -4.62492    -9.64478
    32  C   4.0   0.009   3.407    -7.99751    -3.73296    -3.30608
    33  C   4.0  -0.089   3.404    -9.93089    -3.92855    -1.50025
    34  S   6.0   0.226   2.426   -12.84579    -5.36304    -1.14555
    35  C   4.0  -0.104   3.479   -13.07823    -4.02001     1.87706
    36  C   4.0  -0.008   3.391   -14.91032    -4.17554     3.74430
    37  C   4.0  -0.174   4.063   -17.33105    -5.58433     3.39792
    38  C   4.0  -0.243   4.030   -19.44320    -3.80043     2.54300
    39  C   4.0  -0.079   3.221   -14.22151    -2.76939     5.89632
    40  S   6.0   0.227   2.666   -11.26333    -1.26574     5.52480
    41  C   4.0  -0.095   3.397   -10.98233    -2.52316     2.53620
    42  C   4.0   0.072   3.686    -9.19541    -2.48367     0.59810
    43  N   5.0  -0.292   3.265    -6.86197    -1.42750     0.17461
    44  C   4.0   0.099   3.487    -6.07982    -2.22251    -2.18282
    45  C   4.0   0.095   3.491    -3.78229    -1.85533    -3.47766
    46  N   5.0  -0.281   3.255    -1.51405    -0.83091    -2.64581
    47  C   4.0   0.083   3.613     0.06595    -0.70808    -4.72923
    48  C   4.0   0.087   3.619     2.49519     0.15552    -5.36115
    49  N   5.0  -0.292   3.258     4.52703     1.34832    -4.25963
    50  C   4.0   0.074   3.671     6.31603     1.66485    -6.10892
    51  C   4.0  -0.079   3.319     8.71315     2.72612    -6.27295
    52  C   4.0  -0.094   4.073     4.62643     2.55321    -1.81659
    53  C   4.0  -0.239   4.024     2.86199     4.83316    -1.69112
    54  C   4.0  -0.098   4.087    -0.54122    -1.32772    -0.12623
    55  C   4.0  -0.239   4.028     1.37893    -3.48560    -0.13568
    56  C   4.0  -0.098   4.086    -6.12763     0.87532     1.46284
    57  C   4.0  -0.240   4.030    -8.01357     3.00145     0.95204
    58  C   4.0  -0.074   3.202   -15.72441    -2.64014     8.06063
    59  C   4.0  -0.003   3.278   -15.36309    -1.41219    10.32414
    60  C   4.0   0.103   3.240   -13.18292     0.14097    11.01087
    61  O   6.0  -0.121   1.222   -11.34459     0.65328     9.72018
    62  C   4.0  -0.006   3.356   -13.63570     0.98927    13.63267
    63  C   4.0  -0.077   3.242   -12.12297     2.48688    15.13500
    64  C   4.0  -0.069   3.154   -12.97335     3.01695    17.56387
    65  CL  7.0   0.082   1.200   -11.15940     4.87833    19.52578
    66  C   4.0  -0.083   3.237   -15.26180     2.07095    18.43862
    67  C   4.0  -0.068   3.164   -16.76943     0.56673    16.91021
    68  C   4.0  -0.007   3.347   -15.95666     0.01455    14.48040
    69  C   4.0  -0.008   3.325   -17.08634    -1.48287    12.45103
    70  C   4.0  -0.037   3.119   -19.36912    -2.70514    12.59937
    71  C   4.0   0.234   2.163   -20.50693    -4.13472    10.66032
    72  N   5.0  -0.214   1.028   -21.56499    -5.32392     9.18237
    73  C   4.0   0.236   2.165   -20.93042    -2.69607    14.75989
    74  N   5.0  -0.215   1.026   -22.29140    -2.77506    16.44780
    75  H   1.0   0.075   1.011    12.53039     2.76486   -11.55019
    76  H   1.0   0.082   1.005    20.41565     6.93775   -10.74649
    77  H   1.0   0.083   1.004    20.49767     9.57656    -8.65948
    78  H   1.0   0.075   1.006    19.99273     2.88070    -6.50746
    79  H   1.0   0.074   1.004    23.22133     0.79709    -3.93271
    80  H   1.0   0.074   1.004    27.32241     2.88240    -3.16642
    81  H   1.0   0.074   1.004    28.16391     7.08269    -5.01741
    82  H   1.0   0.075   1.005    24.90319     9.20656    -7.55097
    83  H   1.0   0.082   1.004   -17.89911    -6.52919     5.13987
    84  H   1.0   0.081   1.006   -17.03701    -7.02279     1.94831
    85  H   1.0   0.081   0.999   -18.94110    -2.89733     0.76647
    86  H   1.0   0.082   0.999   -19.77938    -2.34232     3.95123
    87  H   1.0   0.082   0.999   -21.18118    -4.85962     2.27882
    88  H   1.0   0.079   1.016     9.70034     3.61920    -4.74132
    89  H   1.0   0.082   1.003     4.14587     1.18089    -0.34979
    90  H   1.0   0.083   1.004     6.57455     3.15565    -1.50687
    91  H   1.0   0.082   1.000     0.92389     4.27267    -2.08550
    92  H   1.0   0.082   0.999     2.94495     5.68562     0.17480
    93  H   1.0   0.082   0.999     3.42324     6.23893    -3.08044
    94  H   1.0   0.085   1.006    -2.11933    -1.88689     1.07185
    95  H   1.0   0.082   1.003     0.30292     0.39325     0.64761
    96  H   1.0   0.082   0.999     0.49983    -5.20336    -0.84433
    97  H   1.0   0.081   0.999     2.03901    -3.82821     1.77861
    98  H   1.0   0.083   1.000     2.99597    -3.05323    -1.32583
    99  H   1.0   0.081   1.004    -6.04089     0.49435     3.49354
   100  H   1.0   0.085   1.006    -4.27702     1.46435     0.78745
   101  H   1.0   0.083   1.002    -9.86494     2.53563     1.70510
   102  H   1.0   0.082   0.999    -8.18195     3.33423    -1.06996
   103  H   1.0   0.082   0.999    -7.36199     4.72564     1.85552
   104  H   1.0   0.077   1.015   -17.45578    -3.71350     7.90246
   105  H   1.0   0.076   1.006   -10.35003     3.21064    14.43788
   106  H   1.0   0.076   1.007   -15.86954     2.51504    20.33288
   107  H   1.0   0.076   1.007   -18.53443    -0.14230    17.63643
 
  Z AO/shell   Hii/eV     exponent
  1     Sat Feb 20 21:38:01 CET 2016    EN: 2.327 GAM: 0.473  GM3: 0.0000
     1s    -13.751157    1.051071
  6     Sat Feb 20 21:38:01 CET 2016    EN: 2.731 GAM: 0.422  GM3: 0.0000
     2s    -19.378245    2.021003
     2p    -11.993376    1.497917
  7     Sat Feb 20 21:38:01 CET 2016    EN: 3.573 GAM: 0.504  GM3: 0.0000
     2s    -21.576984    2.275442
     2p    -16.125120    2.056788
  8     Sat Feb 20 21:38:01 CET 2016    EN: 3.700 GAM: 0.587  GM3: 0.0000
     2s    -21.648843    2.110798
     2p    -17.239740    2.329048
 16     Sat Feb 20 23:13:41 CET 2016    EN: 1.915 GAM: 0.389  GM3: 0.0000
     3s    -22.000000    2.671470
     3p    -15.834192    1.836978
     3d     -2.593599    1.836978
 17     Sat Feb 20 23:13:41 CET 2016    EN: 2.375 GAM: 0.431  GM3: 0.0000
     3s    -21.000000    2.596786
     3p    -17.375270    2.088291
     3d     -1.372943    2.088291
 
 dipole moment of classical point charges (au)
     X       Y       Z   
  -0.5255  -0.5767  -0.8668  total (Debye):    2.964

 
 Nbf   :          371
 T(el) :   300.0
 calculating S/T integrals ...
 cpu time for ints   0.455373000000000     
 Nao   :          364
 making H0...
 making H1...
 cpu time for H      0.139609000000000     
 solving ...
 cpu time for diag   0.179360000000000     
 
 gap (eV)           :   1.183
 Koopmans IP (eV)   :  11.684
 Eel (Eh)           :  -280.611467
 T,E(Fermi),NFOD :    300.000   -11.092  0.000000
 T,E(Fermi),NFOD :    300.000   -11.092  0.000000
 Nfod               :  0.0000
 Nfod/Nel           :  0.0000

          eigenvalues
 #    :         167        168        169        170        171        172        173        174
 occ. :        2.000      2.000      2.000      2.000      2.000      2.000      2.000      2.000
 eps  :       -15.487    -15.306    -15.138    -14.973    -14.797    -14.385    -14.284    -14.199
 #    :         175        176        177        178        179        180        181        182
 occ. :        2.000      2.000      2.000      2.000      2.000      0.000      0.000      0.000
 eps  :       -13.771    -13.558    -13.318    -12.631    -11.685    -10.502     -9.663     -9.504
 #    :         183        184        185        186        187        188        189        190
 occ. :        0.000      0.000      0.000      0.000      0.000      0.000      0.000      0.000
 eps  :        -9.132     -8.929     -8.837     -8.711     -8.408     -7.960     -7.500     -7.430
                            1  SCC done.
 making H1...
 cpu time for H      0.237361000000000     
 solving ...
 cpu time for diag   6.819500000000001E-002
 
 gap (eV)           :   1.731
 Koopmans IP (eV)   :  12.033
 Eel (Eh)           :  -281.910918
 T,E(Fermi),NFOD :    300.000   -11.167  0.000000
 T,E(Fermi),NFOD :    300.000   -11.167  0.000000
 Nfod               :  0.0000
 Nfod/Nel           :  0.0000

          eigenvalues
 #    :         167        168        169        170        171        172        173        174
 occ. :        2.000      2.000      2.000      2.000      2.000      2.000      2.000      2.000
 eps  :       -15.235    -15.089    -14.968    -14.782    -14.465    -14.411    -14.225    -14.176
 #    :         175        176        177        178        179        180        181        182
 occ. :        2.000      2.000      2.000      2.000      2.000      0.000      0.000      0.000
 eps  :       -13.802    -13.738    -13.437    -12.930    -12.034    -10.303     -9.781     -9.410
 #    :         183        184        185        186        187        188        189        190
 occ. :        0.000      0.000      0.000      0.000      0.000      0.000      0.000      0.000
 eps  :        -9.336     -9.073     -8.879     -8.818     -8.586     -8.020     -7.733     -7.485
                            2  SCC done.
 
 
 Mulliken/CM5 charges    n(s)   n(p)   n(d)   
    1 C  -0.0116 -0.0577   1.135  2.876  0.000
    2 C  -0.0267 -0.0102   1.171  2.856  0.000
    3 S   0.0905  0.0621   1.887  3.982  0.041
    4 C   0.0725  0.1571   1.204  2.723  0.000
    5 C  -0.0382 -0.0254   1.096  2.942  0.000
    6 C   0.0884  0.2103   1.170  2.742  0.000
    7 N  -0.2213 -0.3469   1.642  3.579  0.000
    8 C   0.0830  0.2032   1.171  2.746  0.000
    9 N  -0.2234 -0.3545   1.640  3.583  0.000
   10 N  -0.1045 -0.3600   1.269  3.835  0.000
   11 C   0.0315 -0.0060   1.146  2.823  0.000
   12 C  -0.0031 -0.0122   1.182  2.821  0.000
   13 C  -0.0503 -0.1017   1.137  2.913  0.000
   14 C  -0.0328 -0.0891   1.136  2.897  0.000
   15 C  -0.0351 -0.0915   1.134  2.901  0.000
   16 C  -0.0250 -0.0813   1.135  2.890  0.000
   17 C  -0.0334 -0.0866   1.136  2.897  0.000
   18 C   0.1833  0.2832   1.167  2.649  0.000
   19 O  -0.2683 -0.3161   1.625  4.643  0.000
   20 C  -0.0229 -0.0167   1.161  2.862  0.000
   21 S   0.1168  0.0832   1.890  3.944  0.049
   22 C  -0.0404 -0.0184   1.160  2.880  0.000
   23 C  -0.0466 -0.0251   1.157  2.890  0.000
   24 S   0.1366  0.1057   1.891  3.915  0.058
   25 C  -0.0454 -0.0234   1.165  2.881  0.000
   26 C  -0.0071  0.0057   1.155  2.853  0.000
   27 C   0.0177  0.1058   1.204  2.778  0.000
   28 C   0.0177  0.1058   1.205  2.777  0.000
   29 N  -0.1996 -0.3612   1.529  3.670  0.000
   30 S   0.2454  0.3806   1.909  3.693  0.152
   31 N  -0.2021 -0.3640   1.530  3.672  0.000
   32 C  -0.0104  0.0024   1.153  2.858  0.000
   33 C  -0.0472 -0.0253   1.174  2.873  0.000
   34 S   0.1215  0.0888   1.893  3.936  0.050
   35 C  -0.0513 -0.0381   1.172  2.879  0.000
   36 C  -0.0178 -0.0258   1.196  2.822  0.000
   37 C  -0.0264 -0.1325   1.122  2.904  0.000
   38 C  -0.0844 -0.2359   1.095  2.989  0.000
   39 C  -0.0172 -0.0096   1.167  2.850  0.000
   40 S   0.1181  0.0873   1.895  3.922  0.065
   41 C  -0.0575 -0.0397   1.186  2.872  0.000
   42 C  -0.0012  0.0678   1.168  2.834  0.000
   43 N  -0.0847 -0.3432   1.287  3.798  0.000
   44 C   0.0213  0.0909   1.189  2.790  0.000
   45 C   0.0173  0.0853   1.186  2.797  0.000
   46 N  -0.0965 -0.3513   1.309  3.787  0.000
   47 C  -0.0043  0.0647   1.173  2.832  0.000
   48 C  -0.0039  0.0666   1.176  2.828  0.000
   49 N  -0.0764 -0.3359   1.261  3.815  0.000
   50 C  -0.0095  0.0564   1.178  2.831  0.000
   51 C  -0.0645 -0.1097   1.139  2.925  0.000
   52 C   0.0324 -0.0157   1.144  2.824  0.000
   53 C  -0.0829 -0.2295   1.093  2.990  0.000
   54 C   0.0247 -0.0257   1.151  2.824  0.000
   55 C  -0.0856 -0.2327   1.094  2.992  0.000
   56 C   0.0335 -0.0156   1.148  2.819  0.000
   57 C  -0.0843 -0.2310   1.094  2.991  0.000
   58 C  -0.0027 -0.0509   1.152  2.850  0.000
   59 C  -0.0308 -0.0327   1.168  2.863  0.000
   60 C   0.1348  0.1702   1.175  2.690  0.000
   61 O  -0.2271 -0.2732   1.621  4.606  0.000
   62 C  -0.0227 -0.0246   1.187  2.835  0.000
   63 C  -0.0260 -0.0750   1.145  2.880  0.000
   64 C   0.0725  0.0652   1.150  2.778  0.000
   65 CL -0.0356 -0.0377   1.898  5.137  0.001
   66 C  -0.0278 -0.0807   1.140  2.888  0.000
   67 C  -0.0246 -0.0770   1.147  2.877  0.000
   68 C  -0.0094 -0.0129   1.168  2.842  0.000
   69 C   0.0143  0.0136   1.197  2.789  0.000
   70 C   0.0024  0.0085   1.113  2.884  0.000
   71 C   0.0972  0.2143   1.173  2.730  0.000
   72 N  -0.2169 -0.3502   1.642  3.575  0.000
   73 C   0.0955  0.2145   1.172  2.733  0.000
   74 N  -0.2139 -0.3440   1.642  3.572  0.000
   75 H   0.0677  0.1308   0.932  0.000  0.000
   76 H   0.0699  0.1449   0.930  0.000  0.000
   77 H   0.0627  0.1326   0.937  0.000  0.000
   78 H   0.0324  0.0953   0.968  0.000  0.000
   79 H   0.0385  0.0951   0.961  0.000  0.000
   80 H   0.0389  0.0954   0.961  0.000  0.000
   81 H   0.0419  0.0986   0.958  0.000  0.000
   82 H   0.0390  0.0987   0.961  0.000  0.000
   83 H   0.0506  0.1084   0.949  0.000  0.000
   84 H   0.0432  0.1008   0.957  0.000  0.000
   85 H   0.0293  0.0822   0.971  0.000  0.000
   86 H   0.0312  0.0849   0.969  0.000  0.000
   87 H   0.0404  0.0925   0.960  0.000  0.000
   88 H   0.0600  0.1232   0.940  0.000  0.000
   89 H   0.0518  0.1184   0.948  0.000  0.000
   90 H   0.0529  0.1201   0.947  0.000  0.000
   91 H   0.0316  0.0884   0.968  0.000  0.000
   92 H   0.0427  0.0949   0.957  0.000  0.000
   93 H   0.0327  0.0873   0.967  0.000  0.000
   94 H   0.0543  0.1267   0.946  0.000  0.000
   95 H   0.0535  0.1195   0.946  0.000  0.000
   96 H   0.0325  0.0875   0.967  0.000  0.000
   97 H   0.0420  0.0943   0.958  0.000  0.000
   98 H   0.0339  0.0918   0.966  0.000  0.000
   99 H   0.0546  0.1208   0.945  0.000  0.000
  100 H   0.0543  0.1256   0.946  0.000  0.000
  101 H   0.0345  0.0916   0.966  0.000  0.000
  102 H   0.0306  0.0856   0.969  0.000  0.000
  103 H   0.0432  0.0956   0.957  0.000  0.000
  104 H   0.0666  0.1372   0.933  0.000  0.000
  105 H   0.0503  0.1099   0.950  0.000  0.000
  106 H   0.0486  0.1065   0.951  0.000  0.000
  107 H   0.0564  0.1204   0.944  0.000  0.000
 Hirshfeld charges for QMDFF written to <charges>
 
 Loewdin charges    n(s)   n(p)   n(d)
    1 C  -0.0067   1.082  2.924  0.000
    2 C  -0.0094   1.128  2.882  0.000
    3 S   0.0503   1.874  3.982  0.094
    4 C   0.0925   1.164  2.744  0.000
    5 C  -0.0569   1.058  2.999  0.000
    6 C   0.0835   1.136  2.781  0.000
    7 N  -0.2112   1.604  3.607  0.000
    8 C   0.0775   1.137  2.786  0.000
    9 N  -0.2136   1.603  3.611  0.000
   10 N  -0.0660   1.230  3.836  0.000
   11 C   0.0316   1.088  2.880  0.000
   12 C   0.0044   1.139  2.856  0.000
   13 C  -0.0463   1.084  2.962  0.000
   14 C  -0.0249   1.081  2.944  0.000
   15 C  -0.0284   1.080  2.948  0.000
   16 C  -0.0172   1.081  2.937  0.000
   17 C  -0.0294   1.083  2.947  0.000
   18 C   0.1637   1.140  2.697  0.000
   19 O  -0.2555   1.596  4.660  0.000
   20 C   0.0008   1.115  2.884  0.000
   21 S   0.0781   1.876  3.943  0.103
   22 C  -0.0204   1.117  2.904  0.000
   23 C  -0.0289   1.115  2.914  0.000
   24 S   0.0964   1.877  3.914  0.112
   25 C  -0.0244   1.121  2.904  0.000
   26 C  -0.0134   1.116  2.897  0.000
   27 C   0.0122   1.171  2.817  0.000
   28 C   0.0122   1.171  2.817  0.000
   29 N  -0.1604   1.492  3.668  0.000
   30 S   0.1808   1.902  3.700  0.218
   31 N  -0.1624   1.492  3.670  0.000
   32 C  -0.0182   1.115  2.904  0.000
   33 C  -0.0245   1.130  2.895  0.000
   34 S   0.0819   1.879  3.935  0.103
   35 C  -0.0313   1.129  2.902  0.000
   36 C  -0.0141   1.155  2.859  0.000
   37 C  -0.0197   1.060  2.960  0.000
   38 C  -0.0856   1.022  3.064  0.000
   39 C   0.0017   1.123  2.875  0.000
   40 S   0.0742   1.882  3.922  0.122
   41 C  -0.0337   1.141  2.893  0.000
   42 C  -0.0146   1.137  2.877  0.000
   43 N  -0.0428   1.246  3.797  0.000
   44 C   0.0119   1.157  2.832  0.000
   45 C   0.0068   1.154  2.839  0.000
   46 N  -0.0566   1.270  3.787  0.000
   47 C  -0.0164   1.142  2.874  0.000
   48 C  -0.0158   1.146  2.870  0.000
   49 N  -0.0344   1.220  3.815  0.000
   50 C  -0.0179   1.146  2.872  0.000
   51 C  -0.0641   1.089  2.975  0.000
   52 C   0.0328   1.087  2.881  0.000
   53 C  -0.0849   1.020  3.065  0.000
   54 C   0.0255   1.095  2.880  0.000
   55 C  -0.0879   1.021  3.067  0.000
   56 C   0.0351   1.091  2.874  0.000
   57 C  -0.0866   1.021  3.066  0.000
   58 C   0.0033   1.099  2.898  0.000
   59 C  -0.0394   1.130  2.909  0.000
   60 C   0.1257   1.140  2.734  0.000
   61 O  -0.2077   1.590  4.618  0.000
   62 C  -0.0235   1.147  2.877  0.000
   63 C  -0.0251   1.094  2.931  0.000
   64 C   0.0950   1.104  2.801  0.000
   65 CL -0.0455   1.887  5.135  0.023
   66 C  -0.0251   1.088  2.937  0.000
   67 C  -0.0183   1.093  2.925  0.000
   68 C  -0.0077   1.126  2.882  0.000
   69 C   0.0257   1.152  2.822  0.000
   70 C  -0.0100   1.072  2.938  0.000
   71 C   0.0920   1.138  2.770  0.000
   72 N  -0.2060   1.604  3.602  0.000
   73 C   0.0898   1.138  2.773  0.000
   74 N  -0.2031   1.604  3.599  0.000
   75 H   0.0564   0.944  0.000  0.000
   76 H   0.0612   0.939  0.000  0.000
   77 H   0.0552   0.945  0.000  0.000
   78 H   0.0253   0.975  0.000  0.000
   79 H   0.0309   0.969  0.000  0.000
   80 H   0.0314   0.969  0.000  0.000
   81 H   0.0339   0.966  0.000  0.000
   82 H   0.0312   0.969  0.000  0.000
   83 H   0.0462   0.954  0.000  0.000
   84 H   0.0387   0.961  0.000  0.000
   85 H   0.0291   0.971  0.000  0.000
   86 H   0.0310   0.969  0.000  0.000
   87 H   0.0392   0.961  0.000  0.000
   88 H   0.0521   0.948  0.000  0.000
   89 H   0.0468   0.953  0.000  0.000
   90 H   0.0467   0.953  0.000  0.000
   91 H   0.0314   0.969  0.000  0.000
   92 H   0.0421   0.958  0.000  0.000
   93 H   0.0318   0.968  0.000  0.000
   94 H   0.0487   0.951  0.000  0.000
   95 H   0.0485   0.951  0.000  0.000
   96 H   0.0317   0.968  0.000  0.000
   97 H   0.0415   0.958  0.000  0.000
   98 H   0.0335   0.967  0.000  0.000
   99 H   0.0478   0.952  0.000  0.000
  100 H   0.0489   0.951  0.000  0.000
  101 H   0.0337   0.966  0.000  0.000
  102 H   0.0301   0.970  0.000  0.000
  103 H   0.0426   0.957  0.000  0.000
  104 H   0.0570   0.943  0.000  0.000
  105 H   0.0402   0.960  0.000  0.000
  106 H   0.0394   0.961  0.000  0.000
  107 H   0.0460   0.954  0.000  0.000
 
 Wiberg/Mayer (AO) data. WBOs > 0.1 written file <wbo>
 largest (>0.05) Wiberg bond orders for each atom
           total WBO             WBO to atom ...
     1  C   3.949    C    2 1.563    C   20 1.221    H   75 0.932    O   19 0.061
     2  C   3.902    C    1 1.563    C   18 1.059    S    3 1.033    O   19 0.065    C   51 0.056
     3  S   2.447    C    4 1.077    C    2 1.033    C    5 0.051
     4  C   3.920    C    5 1.445    N   10 1.147    S    3 1.077    N    7 0.089    N    9 0.087
     5  C   3.934    C    4 1.445    C    8 1.078    C    6 1.067    N    9 0.094    N    7 0.094    N   10 0.059    S    3 0.051
     6  C   3.946    N    7 2.792    C    5 1.067
     7  N   3.074    C    6 2.792    C    5 0.094    C    4 0.089
     8  C   3.946    N    9 2.778    C    5 1.078
     9  N   3.072    C    8 2.778    C    5 0.094    C    4 0.087
    10  N   3.475    C    4 1.147    C   18 1.003    C   11 0.933    O   19 0.145    C    5 0.059
    11  C   3.927    C   12 0.970    H   77 0.958    H   76 0.951    N   10 0.933
    12  C   3.951    C   13 1.400    C   17 1.394    C   11 0.970    C   15 0.110
    13  C   3.975    C   14 1.432    C   12 1.400    H   78 0.948    C   16 0.111
    14  C   3.975    C   15 1.433    C   13 1.432    H   79 0.947    C   17 0.111
    15  C   3.976    C   14 1.433    C   16 1.427    H   80 0.947    C   12 0.110
    16  C   3.975    C   17 1.436    C   15 1.427    H   81 0.946    C   13 0.111
    17  C   3.973    C   16 1.436    C   12 1.394    H   82 0.947    C   14 0.111
    18  C   3.901    O   19 1.743    C    2 1.059    N   10 1.003
    19  O   2.092    C   18 1.743    N   10 0.145    C    2 0.065    C    1 0.061
    20  C   3.908    C   51 1.425    C    1 1.221    S   21 1.065    C   22 0.062
    21  S   2.498    C   22 1.128    C   20 1.065    C   51 0.071
    22  C   3.915    C   23 1.269    C   50 1.268    S   21 1.128    C   20 0.062
    23  C   3.912    C   48 1.298    C   22 1.269    S   24 1.091    C   25 0.054
    24  S   2.511    C   25 1.109    C   23 1.091    C   47 0.060    C   48 0.055
    25  C   3.899    C   47 1.341    C   26 1.195    S   24 1.109    C   23 0.054
    26  C   3.922    C   45 1.290    C   25 1.195    C   27 1.159
    27  C   3.927    N   31 1.430    C   26 1.159    C   28 1.102    S   30 0.075
    28  C   3.926    N   29 1.429    C   32 1.162    C   27 1.102    S   30 0.073
    29  N   3.073    C   28 1.429    S   30 1.284    N   31 0.201
    30  S   2.817    N   31 1.286    N   29 1.284    C   27 0.075    C   28 0.073
    31  N   3.073    C   27 1.430    S   30 1.286    N   29 0.201
    32  C   3.922    C   44 1.266    C   33 1.211    C   28 1.162
    33  C   3.901    C   42 1.323    C   32 1.211    S   34 1.108
    34  S   2.475    C   33 1.108    C   35 1.060    C   42 0.053    C   41 0.051
    35  C   3.914    C   36 1.332    C   41 1.286    S   34 1.060
    36  C   3.908    C   35 1.332    C   39 1.331    C   37 0.981    S   40 0.068    C   59 0.068
    37  C   3.970    C   38 0.987    C   36 0.981    H   84 0.965    H   83 0.960
    38  C   3.979    C   37 0.987    H   85 0.985    H   86 0.984    H   87 0.978
    39  C   3.914    C   36 1.331    C   58 1.295    S   40 1.055    C   41 0.052
    40  S   2.552    C   41 1.097    C   39 1.055    O   61 0.072    C   36 0.068
    41  C   3.919    C   35 1.286    C   42 1.259    S   40 1.097    C   39 0.052    S   34 0.051
    42  C   3.901    C   33 1.323    C   41 1.259    N   43 1.067    S   34 0.053
    43  N   3.407    C   44 1.095    C   42 1.067    C   56 0.944
    44  C   3.893    C   32 1.266    C   45 1.258    N   43 1.095
    45  C   3.898    C   26 1.290    C   44 1.258    N   46 1.071
    46  N   3.364    C   45 1.071    C   47 1.054    C   54 0.943
    47  C   3.897    C   25 1.341    C   48 1.246    N   46 1.054    S   24 0.060
    48  C   3.888    C   23 1.298    C   47 1.246    N   49 1.085    S   24 0.055
    49  N   3.438    C   48 1.085    C   50 1.078    C   52 0.953
    50  C   3.897    C   51 1.328    C   22 1.268    N   49 1.078
    51  C   3.934    C   20 1.425    C   50 1.328    H   88 0.929    S   21 0.071    C    2 0.056
    52  C   3.936    C   53 1.003    H   90 0.969    H   89 0.965    N   49 0.953
    53  C   3.982    C   52 1.003    H   93 0.985    H   91 0.983    H   92 0.975
    54  C   3.932    C   55 1.001    H   95 0.965    H   94 0.965    N   46 0.943
    55  C   3.981    C   54 1.001    H   96 0.985    H   98 0.981    H   97 0.975
    56  C   3.931    C   57 1.002    H   99 0.969    H  100 0.966    N   43 0.944
    57  C   3.981    C   56 1.002    H  102 0.984    H  101 0.982    H  103 0.974
    58  C   3.923    C   59 1.463    C   39 1.295    H  104 0.914
    59  C   3.909    C   58 1.463    C   69 1.107    C   60 1.041    C   36 0.068    O   61 0.064
    60  C   3.906    O   61 1.736    C   59 1.041    C   62 0.981
    61  O   2.174    C   60 1.736    S   40 0.072    C   59 0.064    C   62 0.054
    62  C   3.938    C   63 1.408    C   68 1.267    C   60 0.981    C   66 0.090    O   61 0.054
    63  C   3.961    C   62 1.408    C   64 1.366    H  105 0.943    C   67 0.088
    64  C   3.923    C   66 1.378    C   63 1.366    CL  65 1.019    C   68 0.086
    65  CL  1.171    C   64 1.019
    66  C   3.960    C   67 1.432    C   64 1.378    H  106 0.943    C   62 0.090
    67  C   3.958    C   66 1.432    C   68 1.379    H  107 0.936    C   63 0.088
    68  C   3.949    C   67 1.379    C   62 1.267    C   69 1.048    C   64 0.086
    69  C   3.930    C   70 1.457    C   59 1.107    C   68 1.048    N   72 0.090    N   74 0.089
    70  C   3.925    C   69 1.457    C   71 1.065    C   73 1.063    N   72 0.081    N   74 0.081
    71  C   3.939    N   72 2.773    C   70 1.065
    72  N   3.040    C   71 2.773    C   69 0.090    C   70 0.081
    73  C   3.939    N   74 2.785    C   70 1.063
    74  N   3.042    C   73 2.785    C   69 0.089    C   70 0.081
    75  H   0.993    C    1 0.932
    76  H   0.995    C   11 0.951
    77  H   0.994    C   11 0.958
    78  H   0.999    C   13 0.948
    79  H   0.997    C   14 0.947
    80  H   0.995    C   15 0.947
    81  H   0.997    C   16 0.946
    82  H   0.998    C   17 0.947
    83  H   0.996    C   37 0.960
    84  H   0.997    C   37 0.965
    85  H   0.999    C   38 0.985
    86  H   0.999    C   38 0.984
    87  H   0.995    C   38 0.978
    88  H   0.995    C   51 0.929
    89  H   0.996    C   52 0.965
    90  H   0.996    C   52 0.969
    91  H   0.999    C   53 0.983
    92  H   0.997    C   53 0.975
    93  H   0.999    C   53 0.985
    94  H   0.996    C   54 0.965
    95  H   0.996    C   54 0.965
    96  H   0.999    C   55 0.985
    97  H   0.998    C   55 0.975
    98  H   0.999    C   55 0.981
    99  H   0.996    C   56 0.969
   100  H   0.996    C   56 0.966
   101  H   0.998    C   57 0.982
   102  H   0.999    C   57 0.984
   103  H   0.997    C   57 0.974
   104  H   0.993    C   58 0.914
   105  H   0.996    C   63 0.943
   106  H   0.996    C   66 0.943
   107  H   0.995    C   67 0.936
 
 --------------------------------------------
          xTB calculation for sTDA...
 --------------------------------------------
 
 reading parameter file /ihome/ghutchison/blp62/xtb4stda/.param_stda2.xtb
 
      method parameters     
 k(s)        :  1.6000
 k(p)        :  2.1800
 k(d)        :  1.9500
 k(f)        :  2.0000
 k(R-V)      :  2.2750
 k(R-R)      :  1.7650
 Tscal       :  0.2580
 Gscal       :  1.0000
 fpol        :  1.0000
 Zcnf        :  0.3430
 Zqf         :  0.0000
 kcn         :  2.7000
 Ryd Hsplit  :  0.7000
 lshift(virt):  3.1000
 lshift(OS)  :  0.2000
 wllscaling  :  2.6000
 
 mowrcut     : 3.000
 
  Z AO/shell   Hii/eV     exponent
  1     Sun Feb 14 09:53:25 CET 2016    EN: 2.327 GAM: 0.473  GM3: 0.0000
     1s    -14.339618    1.220000
     2sp    -3.348946    0.600000
  6     Sun Feb 14 09:53:25 CET 2016    EN: 2.731 GAM: 0.422  GM3: 0.0000
     2s    -22.009312    1.565095
     2p    -13.020408    1.596905
     3sp    -3.914040    0.824500
  7     Sun Feb 14 09:53:25 CET 2016    EN: 3.573 GAM: 0.504  GM3: 0.0000
     2s    -25.722000    2.064844
     2p    -18.684912    1.801692
     3sp    -4.344791    0.921400
  8     Sun Feb 14 09:53:25 CET 2016    EN: 3.700 GAM: 0.587  GM3: 0.0000
     2s    -33.859000    2.418661
     2p    -22.175911    1.973969
     3sp    -4.259392    1.013700
 16     Sun Feb 21 16:35:57 CET 2016    EN: 1.915 GAM: 0.200  GM3: 0.0000
     3s    -17.898811    2.619580
     3p    -15.317401    1.798798
     4sp    -4.455139    0.843200
 17     Sun Feb 21 16:32:04 CET 2016    EN: 2.375 GAM: 0.300  GM3: 0.0000
     3s    -29.486180    2.293696
     3p    -18.696427    2.332982
     4sp    -5.680125    0.918900
 
 Nbf   :          757
 T(el) :     0.0
 calculating S/T integrals ...
 cpu time for ints    1.95652000000000     
 Nao   :          757
 making H0...
 making H1...
 cpu time for H      1.691500000000001E-002
 solving ...
 cpu time for diag    2.42566400000000     
 
 gap (eV)           :   4.597
 Koopmans IP (eV)   :  13.453
 Eel (Eh)           :  -310.319636

          eigenvalues
 #    :         167        168        169        170        171        172        173        174
 occ. :        2.000      2.000      2.000      2.000      2.000      2.000      2.000      2.000
 eps  :       -16.367    -16.199    -16.186    -16.044    -15.964    -15.814    -15.572    -15.161
 #    :         175        176        177        178        179        180        181        182
 occ. :        2.000      2.000      2.000      2.000      2.000      0.000      0.000      0.000
 eps  :       -14.998    -14.392    -14.237    -14.006    -13.454     -8.857     -8.555     -8.329
 #    :         183        184        185        186        187        188        189        190
 occ. :        0.000      0.000      0.000      0.000      0.000      0.000      0.000      0.000
 eps  :        -7.191     -6.587     -6.341     -5.941     -5.863     -5.801     -5.790     -5.650
                            1  SCC done.
 writing mo output ...
 molden style : F
 
speedup  3.56
cpu  time for all    6.02 s
wall time for all    1.69 s
