 
        ______________________________________
       |                                      |
       |          ===================         |
       |             xTB for sTDA             |
       |          ===================         |
       |               S. Grimme              |
       |        Universitaet Bonn, MCTC       |
       |         2015-19, Version 1.0         |
       |     Wed Apr  3 09:14:55 CEST 2019    |
       |______________________________________|
 
        This code comes without any warranty
        for non-commercial, academia use only.
        Preliminary test version.
        Cite this work as:
        S. Grimme  &  C. Bannwarth, JCP 145 (2016) 054103
        if GBSA is used additionally:
        P. Shushkov, F. März, C. Bannwarth, S. Grimme, unpublished.
 
        with help from
        P. Shushkov, G. Brandenburg, S. Dohm, J. Pisarek,
        F. März, M. Checinski, S. Ehrlich, S. Spicher, 
        P. Pracht, E. Caldeweyher, S. Ehlert, and C. Bannwarth.
 
        usage        :
        xtb4stda <coord_file> [options]
        where <coord_file> is a valid file of TM)
        (*coord, Bohr) or xmol (*xyz, Angstroem)
        format.

        options:
        -chrg <int>   : molecular charge
        -uhf  <int>   : # of unpaired electrons(=2*S)
        -nox          : skip second, extended part in sTDA-xTB
        -pop          : do population analysis
                      : (default for -nox)
        -mowr <real>  : cut MO write above (def.3 Eh)
        -molden       : write formatted molden file
        -parx <file>  : read parameters for sTDA-xTB
                        calc (def:~/.param_stda2.xtb)
        -parv <file>  : read parameters for vTB part in
                        sTDA-xTB (def: ~/.param_stda1.xtb)
        -xtemp <real> : el. temp for xTB (def. 0 K)
        -etemp <real> : el. temp for GFN (def. 300 K)
        -fod          : calculate the FOD and write
                        molden.input file with
                        appropriate occupations
                        for plotting. Def. T=12500 K
 
        -acc <real>   : xTB accuracy (def. 1.0)
        -gbsa [string1] [string2]
                        use GBSA implicit solvent
                        for solvent [string1] and
                        solvation state [string2]=
                        reference, bar1M (default=1M)
        additional GFN/opt/MD/siman options read from
        $XTB4STDAHOME/.xtb4stdarc or $set in input
 
       spin and charge state information can be on:
       <.CHRG> (charge) and <.UHF> (=nalpha-nbeta)
       -uhf and -chrg override the file info.
       useful machine settings:
       setenv MKL_NUM_THREADS <NCORE_ON_YOUR_MACHINE>
       setenv OMP_STACKSIZE 500m
       limit stacksize unlimited
 
       total energies in Eh, gaps/HL energies in eV
       please read REVISION and HOWTO files carefully
 =============================
  # OMP threads =           8
 =============================
 
 xtb4stdahome directory:/ihome/ghutchison/blp62/xtb4stda/
 
 
 name of molecule           :
 comment line               :
 number of atoms            :   151
 number of electrons        :   518
 charge                     :  0
 spin                       : 0.0
 first test random number   :  0.0044
 
 -----------------------------------------
      charge density (VTB) calculation
 -----------------------------------------
 
      method parameters     
 k(s)        :  1.8000
 k(p)        :  2.8350
 k(d)        :  2.0860
 k(f)        :  2.0000
 Tscal       :  0.3300
 Gscal       :  0.3910
 fpol        :  1.0000
 Zcnf        :  0.6500
 Zqf         :  0.0000
 kcn         :  0.3000
 kEN1        : -0.5900
 wllscal     :  2.6000
 
     -------------------------
     ! NO SOLVENT MODEL USED !
     -------------------------
 
 doing EN charges ...
 sum q :  0.4440892D-15
 point charge moment (au)
     X       Y       Z   
   0.1394   0.0135  -0.5180  total (Debye):    1.364
 
            Z      q(EN)   CN      Cart. coordinates
     1  C   4.0  -0.067   3.173   -19.76427     5.76688    18.21375
     2  C   4.0  -0.003   3.266   -22.19710     4.93067    18.26042
     3  C   4.0   0.105   3.208   -23.48835     3.53284    16.19023
     4  O   6.0  -0.108   1.056   -22.58166     2.61179    14.31222
     5  C   4.0  -0.005   3.363   -26.21541     3.63583    16.84199
     6  C   4.0  -0.005   3.342   -26.55821     4.89590    19.15521
     7  C   4.0  -0.068   3.184   -28.95854     5.23435    20.14486
     8  C   4.0   0.025   3.180   -30.99453     4.29006    18.79125
     9  F   7.0  -0.027   1.069   -33.32362     4.59695    19.70474
    10  C   4.0   0.026   3.195   -30.68707     3.02847    16.49863
    11  F   7.0  -0.026   1.065   -32.69566     2.14087    15.25897
    12  C   4.0   0.031   3.183   -28.26331     2.70155    15.50822
    13  F   7.0  -0.027   1.067   -27.97513     1.49988    13.32313
    14  C   4.0  -0.008   3.325   -24.08418     5.64877    20.12218
    15  C   4.0  -0.037   3.121   -23.63272     6.69095    22.44484
    16  C   4.0   0.237   2.156   -21.21255     7.23009    23.43581
    17  N   5.0  -0.216   1.026   -19.32056     7.68117    24.39447
    18  C   4.0   0.237   2.157   -25.53776     7.30606    24.20909
    19  N   5.0  -0.216   1.026   -27.00192     7.85446    25.71086
    20  C   4.0  -0.003   3.186   -17.77760     5.02724    16.51904
    21  C   4.0  -0.069   3.199   -15.94570     6.84497    15.85745
    22  C   4.0  -0.006   3.341   -14.07619     6.19055    14.18655
    23  C   4.0   0.105   3.204   -11.99296     7.76167    13.13038
    24  O   6.0  -0.106   1.047   -11.54906     9.95886    13.55236
    25  C   4.0  -0.006   3.346   -10.61761     6.01821    11.40620
    26  C   4.0  -0.007   3.342   -11.77904     3.61845    11.46440
    27  C   4.0  -0.006   3.341   -13.91311     3.72125    13.18613
    28  C   4.0  -0.067   3.152   -15.63276     1.89521    13.92728
    29  C   4.0  -0.074   3.192   -17.54875     2.56133    15.57814
    30  C   4.0  -0.067   3.152   -10.81963     1.67675    10.00213
    31  C   4.0  -0.076   3.213    -8.77419     2.17318     8.44594
    32  C   4.0  -0.011   3.267    -7.65906     4.56709     8.31593
    33  C   4.0  -0.069   3.205    -8.57010     6.50633     9.88969
    34  C   4.0  -0.084   3.276    -5.61230     5.02535     6.57039
    35  C   4.0  -0.020   3.430    -4.94598     7.24502     5.37306
    36  C   4.0  -0.002   3.229    -6.35194     9.62759     5.50496
    37  C   4.0  -0.076   3.195    -5.08185    11.89110     5.92259
    38  C   4.0  -0.072   3.144    -6.42941    14.12438     6.06375
    39  C   4.0  -0.074   3.182    -9.02968    14.11871     5.78691
    40  C   4.0   0.008   3.189   -10.32131    11.88033     5.32222
    41  C   4.0  -0.174   4.064   -13.14815    11.83535     5.07883
    42  C   4.0  -0.241   4.030   -14.35474    10.72949     7.46215
    43  C   4.0  -0.074   3.237    -8.95938     9.64818     5.16859
    44  C   4.0  -0.108   3.499    -2.80341     6.91186     3.82292
    45  S   6.0   0.230   2.443    -1.19185     8.95258     1.78919
    46  C   4.0  -0.088   3.408     0.73284     6.46116     0.90159
    47  C   4.0   0.008   3.424     2.67547     5.94489    -0.82770
    48  C   4.0   0.075   3.660     3.76018     7.46782    -2.73103
    49  C   4.0   0.075   3.660     5.47095     6.32983    -4.49566
    50  N   5.0  -0.299   2.147     6.24082     7.93534    -6.25329
    51  S   6.0   0.427   2.894     4.93521    10.65012    -5.72285
    52  N   5.0  -0.299   2.147     3.32989     9.88024    -3.23578
    53  C   4.0   0.008   3.423     6.17884     3.78191    -4.14266
    54  C   4.0  -0.088   3.408     7.88280     2.25331    -5.47964
    55  S   6.0   0.230   2.434     9.74116     2.38710    -8.16664
    56  C   4.0  -0.107   3.494    10.73156    -0.70166    -7.56136
    57  C   4.0  -0.021   3.441    12.34709    -2.34099    -8.87226
    58  C   4.0  -0.007   3.265    13.67425    -1.68639   -11.21949
    59  C   4.0  -0.077   3.211    16.29454    -1.47758   -11.24954
    60  C   4.0  -0.072   3.148    17.51681    -0.90253   -13.48338
    61  C   4.0  -0.074   3.187    16.14733    -0.55634   -15.68246
    62  C   4.0   0.007   3.196    13.52949    -0.73095   -15.67225
    63  C   4.0  -0.174   4.065    12.05116    -0.47338   -18.07731
    64  C   4.0  -0.242   4.032    11.78414    -3.06419   -19.33190
    65  C   4.0  -0.075   3.236    12.30627    -1.27840   -13.42027
    66  C   4.0  -0.089   3.318    12.54041    -4.66233    -7.67852
    67  S   6.0   0.219   2.542    10.74649    -4.78403    -4.86888
    68  C   4.0  -0.096   3.403     9.68466    -1.73647    -5.36210
    69  C   4.0   0.074   3.677     8.03341    -0.04460    -4.18253
    70  N   5.0  -0.292   3.268     6.45134    -0.01550    -2.13293
    71  C   4.0   0.098   3.451     5.24985     2.31397    -2.08739
    72  C   4.0   0.098   3.451     3.31477     3.34689    -0.54103
    73  N   5.0  -0.293   3.270     1.75650     2.32077     1.29919
    74  C   4.0   0.075   3.680     0.18198     4.19406     2.13577
    75  C   4.0  -0.096   3.405    -1.85779     4.45030     3.80496
    76  S   6.0   0.221   2.556    -3.60938     2.50445     5.75365
    77  C   4.0  -0.097   4.087     1.15708    -0.28705     1.84324
    78  C   4.0  -0.239   4.026     0.12642    -1.64803    -0.48245
    79  C   4.0  -0.097   4.086     6.81397    -1.84022    -0.13039
    80  C   4.0  -0.239   4.026     7.87543    -0.60547     2.25047
    81  C   4.0  -0.094   3.283    13.79273    -6.86462    -8.53551
    82  C   4.0  -0.098   3.409    14.13647    -9.06237    -7.14770
    83  C   4.0  -0.106   3.339    15.31056   -10.96287    -8.51832
    84  S   6.0   0.202   2.327    16.14865   -13.95071    -7.41869
    85  C   4.0  -0.239   3.999    14.60512   -14.15178    -4.33560
    86  C   4.0  -0.250   4.067    11.76751   -14.48229    -4.55972
    87  C   4.0  -0.090   3.272    15.87049   -10.25063   -11.03883
    88  S   6.0   0.229   2.804    14.95170    -7.11387   -11.58742
    89  C   4.0  -0.075   3.220    16.92987   -11.89790   -12.78400
    90  C   4.0  -0.003   3.282    17.57332   -11.53205   -15.29072
    91  C   4.0   0.105   3.238    17.37981    -9.14873   -16.66568
    92  O   6.0  -0.123   1.221    16.59822    -7.12389   -15.90734
    93  C   4.0  -0.005   3.368    18.35094    -9.68031   -19.24213
    94  C   4.0  -0.006   3.352    19.06015   -12.23484   -19.40654
    95  C   4.0  -0.068   3.185    20.02410   -13.19974   -21.63812
    96  C   4.0   0.025   3.181    20.26259   -11.57797   -23.68620
    97  F   7.0  -0.027   1.069    21.18704   -12.47351   -25.85863
    98  C   4.0   0.025   3.196    19.56944    -9.04404   -23.55165
    99  F   7.0  -0.026   1.064    19.82644    -7.54038   -25.56591
   100  C   4.0   0.031   3.184    18.60171    -8.08311   -21.29268
   101  F   7.0  -0.027   1.068    17.94351    -5.65633   -21.16758
   102  C   4.0  -0.008   3.326    18.57449   -13.43898   -16.95746
   103  C   4.0  -0.037   3.119    18.98456   -15.95118   -16.44496
   104  C   4.0   0.234   2.163    18.48228   -17.18536   -14.13628
   105  N   5.0  -0.216   1.029    18.12814   -18.36322   -12.34709
   106  C   4.0   0.235   2.167    19.96155   -17.69653   -18.20505
   107  N   5.0  -0.214   1.027    20.75146   -19.21284   -19.54128
   108  H   1.0   0.075   1.010   -19.24818     7.24256    19.53788
   109  H   1.0   0.077   1.007   -29.31078     6.19962    21.90249
   110  H   1.0   0.075   1.005   -16.04755     8.74168    16.60370
   111  H   1.0   0.075   1.005   -15.49878    -0.01739    13.23337
   112  H   1.0   0.077   1.007   -18.85758     1.13270    16.20327
   113  H   1.0   0.075   1.005   -11.65583    -0.18311    10.03747
   114  H   1.0   0.075   1.010    -8.03304     0.68219     7.26278
   115  H   1.0   0.077   1.007    -7.68759     8.34220     9.91501
   116  H   1.0   0.075   1.007    -3.05663    11.88808     6.17033
   117  H   1.0   0.074   1.004    -5.44506    15.87918     6.40428
   118  H   1.0   0.075   1.005   -10.06846    15.87049     5.92353
   119  H   1.0   0.081   1.004   -13.85283    13.75040     4.78157
   120  H   1.0   0.081   1.003   -13.69069    10.68886     3.44932
   121  H   1.0   0.082   1.000   -13.78687     8.76871     7.71613
   122  H   1.0   0.082   0.999   -13.76193    11.78679     9.12209
   123  H   1.0   0.081   0.998   -16.40452    10.80186     7.33025
   124  H   1.0   0.076   1.007    -9.93259     7.89452     4.77855
   125  H   1.0   0.075   1.006    17.35260    -1.77162    -9.52800
   126  H   1.0   0.074   1.005    19.55073    -0.74134   -13.51116
   127  H   1.0   0.075   1.005    17.11865    -0.15458   -17.43140
   128  H   1.0   0.081   1.003    13.02456     0.80861   -19.36667
   129  H   1.0   0.081   1.003    10.17939     0.29971   -17.67990
   130  H   1.0   0.081   0.999    10.76955    -4.35525   -18.09488
   131  H   1.0   0.081   0.998    10.76218    -2.90583   -21.10824
   132  H   1.0   0.083   1.000    13.64155    -3.85693   -19.69850
   133  H   1.0   0.076   1.006    10.26972    -1.43411   -13.37794
   134  H   1.0   0.084   1.004     2.79566    -1.25856     2.62880
   135  H   1.0   0.083   1.011    -0.29272    -0.26078     3.31363
   136  H   1.0   0.083   1.000     1.46529    -1.57773    -2.03939
   137  H   1.0   0.081   0.999    -0.26740    -3.61202    -0.02948
   138  H   1.0   0.082   0.999    -1.61912    -0.75589    -1.09906
   139  H   1.0   0.083   1.003     5.06390    -2.85802     0.25814
   140  H   1.0   0.083   1.010     8.17136    -3.22463    -0.84225
   141  H   1.0   0.082   0.999     9.70299     0.24321     1.84532
   142  H   1.0   0.082   1.000     6.62670     0.87097     2.94514
   143  H   1.0   0.081   0.999     8.12072    -2.01653     3.72200
   144  H   1.0   0.080   1.009    13.55255    -9.20202    -5.20657
   145  H   1.0   0.079   1.021    15.46911   -15.81228    -3.47634
   146  H   1.0   0.080   1.014    15.12669   -12.49109    -3.23861
   147  H   1.0   0.081   1.000    11.33571   -16.17416    -5.64215
   148  H   1.0   0.081   0.999    10.94076   -14.67108    -2.68625
   149  H   1.0   0.082   1.001    10.90296   -12.87168    -5.49967
   150  H   1.0   0.075   1.023    17.27852   -13.76854   -12.02546
   151  H   1.0   0.077   1.007    20.59499   -15.14086   -21.85808
 
  Z AO/shell   Hii/eV     exponent
  1     Sat Feb 20 21:38:01 CET 2016    EN: 2.327 GAM: 0.473  GM3: 0.0000
     1s    -13.751157    1.051071
  6     Sat Feb 20 21:38:01 CET 2016    EN: 2.731 GAM: 0.422  GM3: 0.0000
     2s    -19.378245    2.021003
     2p    -11.993376    1.497917
  7     Sat Feb 20 21:38:01 CET 2016    EN: 3.573 GAM: 0.504  GM3: 0.0000
     2s    -21.576984    2.275442
     2p    -16.125120    2.056788
  8     Sat Feb 20 21:38:01 CET 2016    EN: 3.700 GAM: 0.587  GM3: 0.0000
     2s    -21.648843    2.110798
     2p    -17.239740    2.329048
  9     Sat Feb 20 21:51:24 CET 2016    EN: 3.394 GAM: 0.669  GM3: 0.0000
     2s    -19.384211    2.614957
     2p    -19.426034    2.777297
 16     Sat Feb 20 23:13:41 CET 2016    EN: 1.915 GAM: 0.389  GM3: 0.0000
     3s    -22.000000    2.671470
     3p    -15.834192    1.836978
     3d     -2.593599    1.836978
 
 dipole moment of classical point charges (au)
     X       Y       Z   
   0.1394   0.0135  -0.5180  total (Debye):    1.364

 
 Nbf   :          514
 T(el) :   300.0
 calculating S/T integrals ...
 cpu time for ints   0.666984000000000     
 Nao   :          507
 making H0...
 making H1...
 cpu time for H      0.212999000000000     
 solving ...
 cpu time for diag   0.256447000000000     
 
 gap (eV)           :   1.278
 Koopmans IP (eV)   :  11.697
 Eel (Eh)           :  -406.167878
 T,E(Fermi),NFOD :    300.000   -11.058  0.000000
 T,E(Fermi),NFOD :    300.000   -11.058  0.000000
 Nfod               :  0.0000
 Nfod/Nel           :  0.0000

          eigenvalues
 #    :         247        248        249        250        251        252        253        254
 occ. :        2.000      2.000      2.000      2.000      2.000      2.000      2.000      2.000
 eps  :       -15.038    -14.979    -14.731    -14.577    -14.468    -14.439    -14.307    -13.914
 #    :         255        256        257        258        259        260        261        262
 occ. :        2.000      2.000      2.000      2.000      2.000      0.000      0.000      0.000
 eps  :       -13.778    -13.425    -13.302    -12.562    -11.698    -10.420     -9.988     -9.722
 #    :         263        264        265        266        267        268        269        270
 occ. :        0.000      0.000      0.000      0.000      0.000      0.000      0.000      0.000
 eps  :        -9.497     -9.434     -9.055     -8.942     -8.909     -8.788     -8.103     -7.970
                            1  SCC done.
 making H1...
 cpu time for H      0.338794000000000     
 solving ...
 cpu time for diag   0.135927000000000     
 
 gap (eV)           :   1.846
 Koopmans IP (eV)   :  12.050
 Eel (Eh)           :  -406.436645
 T,E(Fermi),NFOD :    300.000   -11.126  0.000000
 T,E(Fermi),NFOD :    300.000   -11.126  0.000000
 Nfod               :  0.0000
 Nfod/Nel           :  0.0000

          eigenvalues
 #    :         247        248        249        250        251        252        253        254
 occ. :        2.000      2.000      2.000      2.000      2.000      2.000      2.000      2.000
 eps  :       -14.737    -14.635    -14.594    -14.431    -14.363    -14.303    -14.100    -14.039
 #    :         255        256        257        258        259        260        261        262
 occ. :        2.000      2.000      2.000      2.000      2.000      0.000      0.000      0.000
 eps  :       -13.846    -13.523    -13.443    -12.809    -12.051    -10.204    -10.088     -9.841
 #    :         263        264        265        266        267        268        269        270
 occ. :        0.000      0.000      0.000      0.000      0.000      0.000      0.000      0.000
 eps  :        -9.611     -9.261     -9.146     -9.078     -8.928     -8.824     -8.247     -8.102
                            2  SCC done.
 
 
 Mulliken/CM5 charges    n(s)   n(p)   n(d)   
    1 C   0.0029 -0.0466   1.167  2.830  0.000
    2 C  -0.0145 -0.0172   1.182  2.833  0.000
    3 C   0.1499  0.1861   1.172  2.678  0.000
    4 O  -0.2039 -0.2526   1.625  4.579  0.000
    5 C  -0.0291 -0.0258   1.186  2.843  0.000
    6 C  -0.0008 -0.0037   1.166  2.834  0.000
    7 C  -0.0202 -0.0674   1.138  2.882  0.000
    8 C   0.1151  0.1321   1.158  2.726  0.000
    9 F  -0.1029 -0.1264   1.672  5.431  0.000
   10 C   0.1064  0.1284   1.160  2.733  0.000
   11 F  -0.1053 -0.1274   1.673  5.433  0.000
   12 C   0.1156  0.1368   1.163  2.722  0.000
   13 F  -0.0927 -0.1152   1.670  5.423  0.000
   14 C   0.0192  0.0186   1.195  2.785  0.000
   15 C   0.0219  0.0282   1.116  2.862  0.000
   16 C   0.0998  0.2185   1.170  2.730  0.000
   17 N  -0.1976 -0.3271   1.641  3.557  0.000
   18 C   0.0991  0.2184   1.170  2.731  0.000
   19 N  -0.1965 -0.3267   1.641  3.555  0.000
   20 C   0.0207  0.0105   1.155  2.825  0.000
   21 C  -0.0169 -0.0668   1.153  2.864  0.000
   22 C  -0.0221 -0.0243   1.182  2.840  0.000
   23 C   0.1566  0.1915   1.180  2.664  0.000
   24 O  -0.1956 -0.2419   1.628  4.568  0.000
   25 C  -0.0239 -0.0266   1.183  2.841  0.000
   26 C  -0.0123 -0.0167   1.172  2.841  0.000
   27 C  -0.0015 -0.0058   1.178  2.824  0.000
   28 C  -0.0184 -0.0715   1.136  2.882  0.000
   29 C  -0.0147 -0.0670   1.146  2.868  0.000
   30 C  -0.0236 -0.0767   1.139  2.885  0.000
   31 C  -0.0335 -0.0856   1.144  2.890  0.000
   32 C   0.0154  0.0088   1.162  2.823  0.000
   33 C  -0.0234 -0.0733   1.152  2.871  0.000
   34 C  -0.0412 -0.0307   1.181  2.860  0.000
   35 C  -0.0251 -0.0253   1.167  2.859  0.000
   36 C   0.0055 -0.0029   1.166  2.828  0.000
   37 C  -0.0378 -0.0908   1.139  2.899  0.000
   38 C  -0.0281 -0.0844   1.136  2.892  0.000
   39 C  -0.0401 -0.0946   1.139  2.901  0.000
   40 C   0.0005 -0.0160   1.182  2.817  0.000
   41 C  -0.0435 -0.1503   1.124  2.919  0.000
   42 C  -0.0918 -0.2431   1.096  2.996  0.000
   43 C  -0.0476 -0.0994   1.144  2.903  0.000
   44 C  -0.0577 -0.0432   1.175  2.883  0.000
   45 S   0.1227  0.0901   1.893  3.932  0.053
   46 C  -0.0516 -0.0295   1.165  2.887  0.000
   47 C  -0.0115  0.0016   1.153  2.858  0.000
   48 C   0.0156  0.1037   1.203  2.781  0.000
   49 C   0.0150  0.1030   1.203  2.782  0.000
   50 N  -0.2026 -0.3643   1.531  3.672  0.000
   51 S   0.2390  0.3738   1.910  3.699  0.152
   52 N  -0.2004 -0.3621   1.531  3.669  0.000
   53 C  -0.0124  0.0006   1.152  2.860  0.000
   54 C  -0.0488 -0.0267   1.168  2.881  0.000
   55 S   0.1340  0.1023   1.892  3.922  0.052
   56 C  -0.0522 -0.0374   1.173  2.879  0.000
   57 C  -0.0204 -0.0197   1.171  2.849  0.000
   58 C   0.0037 -0.0027   1.165  2.831  0.000
   59 C  -0.0374 -0.0897   1.140  2.897  0.000
   60 C  -0.0231 -0.0791   1.135  2.888  0.000
   61 C  -0.0303 -0.0846   1.138  2.893  0.000
   62 C   0.0072 -0.0091   1.181  2.812  0.000
   63 C  -0.0426 -0.1496   1.124  2.919  0.000
   64 C  -0.0901 -0.2414   1.096  2.994  0.000
   65 C  -0.0409 -0.0915   1.144  2.897  0.000
   66 C  -0.0299 -0.0172   1.170  2.860  0.000
   67 S   0.0857  0.0493   1.891  3.974  0.049
   68 C  -0.0524 -0.0348   1.166  2.887  0.000
   69 C  -0.0073  0.0621   1.165  2.842  0.000
   70 N  -0.0885 -0.3464   1.275  3.813  0.000
   71 C   0.0212  0.0895   1.186  2.793  0.000
   72 C   0.0196  0.0880   1.183  2.797  0.000
   73 N  -0.0861 -0.3442   1.272  3.814  0.000
   74 C  -0.0065  0.0633   1.167  2.840  0.000
   75 C  -0.0532 -0.0356   1.162  2.891  0.000
   76 S   0.0911  0.0534   1.890  3.968  0.051
   77 C   0.0287 -0.0200   1.147  2.825  0.000
   78 C  -0.0831 -0.2300   1.093  2.990  0.000
   79 C   0.0287 -0.0202   1.147  2.824  0.000
   80 C  -0.0823 -0.2292   1.092  2.990  0.000
   81 C  -0.0288 -0.0177   1.190  2.839  0.000
   82 C  -0.0796 -0.1277   1.134  2.946  0.000
   83 C  -0.0276 -0.0180   1.185  2.843  0.000
   84 S   0.0333 -0.0113   1.892  4.045  0.029
   85 C  -0.0333 -0.1293   1.125  2.909  0.000
   86 C  -0.0851 -0.2353   1.095  2.990  0.000
   87 C  -0.0223 -0.0122   1.162  2.860  0.000
   88 S   0.1307  0.0986   1.893  3.917  0.059
   89 C   0.0001 -0.0461   1.153  2.847  0.000
   90 C  -0.0311 -0.0327   1.165  2.867  0.000
   91 C   0.1356  0.1720   1.171  2.693  0.000
   92 O  -0.2152 -0.2621   1.621  4.594  0.000
   93 C  -0.0257 -0.0225   1.184  2.842  0.000
   94 C  -0.0012 -0.0041   1.166  2.835  0.000
   95 C  -0.0249 -0.0722   1.139  2.886  0.000
   96 C   0.1084  0.1252   1.159  2.733  0.000
   97 F  -0.1084 -0.1318   1.673  5.435  0.000
   98 C   0.1004  0.1222   1.161  2.739  0.000
   99 F  -0.1107 -0.1327   1.674  5.436  0.000
  100 C   0.1106  0.1315   1.163  2.726  0.000
  101 F  -0.0970 -0.1207   1.671  5.426  0.000
  102 C   0.0195  0.0189   1.194  2.787  0.000
  103 C  -0.0013  0.0049   1.113  2.888  0.000
  104 C   0.0966  0.2143   1.172  2.731  0.000
  105 N  -0.2166 -0.3471   1.642  3.575  0.000
  106 C   0.0938  0.2126   1.172  2.734  0.000
  107 N  -0.2155 -0.3459   1.642  3.574  0.000
  108 H   0.0631  0.1284   0.937  0.000  0.000
  109 H   0.0664  0.1314   0.934  0.000  0.000
  110 H   0.0490  0.1082   0.951  0.000  0.000
  111 H   0.0448  0.1023   0.955  0.000  0.000
  112 H   0.0510  0.1156   0.949  0.000  0.000
  113 H   0.0447  0.1020   0.955  0.000  0.000
  114 H   0.0432  0.1033   0.957  0.000  0.000
  115 H   0.0537  0.1165   0.946  0.000  0.000
  116 H   0.0391  0.0982   0.961  0.000  0.000
  117 H   0.0425  0.0991   0.958  0.000  0.000
  118 H   0.0369  0.0943   0.963  0.000  0.000
  119 H   0.0366  0.0926   0.963  0.000  0.000
  120 H   0.0360  0.0917   0.964  0.000  0.000
  121 H   0.0285  0.0829   0.972  0.000  0.000
  122 H   0.0326  0.0875   0.967  0.000  0.000
  123 H   0.0321  0.0838   0.968  0.000  0.000
  124 H   0.0341  0.0946   0.966  0.000  0.000
  125 H   0.0355  0.0939   0.965  0.000  0.000
  126 H   0.0417  0.0985   0.958  0.000  0.000
  127 H   0.0381  0.0959   0.962  0.000  0.000
  128 H   0.0369  0.0928   0.963  0.000  0.000
  129 H   0.0340  0.0897   0.966  0.000  0.000
  130 H   0.0281  0.0811   0.972  0.000  0.000
  131 H   0.0309  0.0825   0.969  0.000  0.000
  132 H   0.0339  0.0892   0.966  0.000  0.000
  133 H   0.0327  0.0920   0.967  0.000  0.000
  134 H   0.0561  0.1234   0.944  0.000  0.000
  135 H   0.0528  0.1237   0.947  0.000  0.000
  136 H   0.0339  0.0922   0.966  0.000  0.000
  137 H   0.0425  0.0948   0.958  0.000  0.000
  138 H   0.0343  0.0891   0.966  0.000  0.000
  139 H   0.0567  0.1236   0.943  0.000  0.000
  140 H   0.0511  0.1218   0.949  0.000  0.000
  141 H   0.0340  0.0887   0.966  0.000  0.000
  142 H   0.0350  0.0929   0.965  0.000  0.000
  143 H   0.0429  0.0952   0.957  0.000  0.000
  144 H   0.0535  0.1148   0.947  0.000  0.000
  145 H   0.0553  0.1122   0.945  0.000  0.000
  146 H   0.0463  0.1034   0.954  0.000  0.000
  147 H   0.0356  0.0885   0.964  0.000  0.000
  148 H   0.0336  0.0853   0.966  0.000  0.000
  149 H   0.0316  0.0853   0.968  0.000  0.000
  150 H   0.0636  0.1349   0.936  0.000  0.000
  151 H   0.0655  0.1310   0.935  0.000  0.000
 Hirshfeld charges for QMDFF written to <charges>
 
 Loewdin charges    n(s)   n(p)   n(d)
    1 C   0.0126   1.113  2.874  0.000
    2 C  -0.0203   1.143  2.877  0.000
    3 C   0.1401   1.138  2.722  0.000
    4 O  -0.1883   1.593  4.595  0.000
    5 C  -0.0378   1.148  2.890  0.000
    6 C   0.0043   1.123  2.872  0.000
    7 C  -0.0209   1.086  2.935  0.000
    8 C   0.1049   1.124  2.771  0.000
    9 F  -0.0853   1.654  5.431  0.000
   10 C   0.0877   1.129  2.783  0.000
   11 F  -0.0876   1.655  5.432  0.000
   12 C   0.1023   1.129  2.768  0.000
   13 F  -0.0750   1.652  5.423  0.000
   14 C   0.0300   1.151  2.819  0.000
   15 C   0.0105   1.075  2.915  0.000
   16 C   0.0934   1.136  2.771  0.000
   17 N  -0.1869   1.603  3.584  0.000
   18 C   0.0925   1.136  2.771  0.000
   19 N  -0.1856   1.603  3.583  0.000
   20 C   0.0256   1.111  2.864  0.000
   21 C  -0.0108   1.099  2.911  0.000
   22 C  -0.0262   1.142  2.884  0.000
   23 C   0.1478   1.145  2.707  0.000
   24 O  -0.1786   1.596  4.583  0.000
   25 C  -0.0269   1.143  2.884  0.000
   26 C  -0.0087   1.129  2.880  0.000
   27 C   0.0045   1.135  2.861  0.000
   28 C  -0.0144   1.083  2.931  0.000
   29 C  -0.0079   1.093  2.915  0.000
   30 C  -0.0184   1.085  2.933  0.000
   31 C  -0.0278   1.091  2.937  0.000
   32 C   0.0206   1.118  2.861  0.000
   33 C  -0.0189   1.100  2.919  0.000
   34 C  -0.0209   1.137  2.884  0.000
   35 C  -0.0274   1.127  2.900  0.000
   36 C   0.0127   1.122  2.866  0.000
   37 C  -0.0341   1.086  2.948  0.000
   38 C  -0.0197   1.081  2.938  0.000
   39 C  -0.0365   1.086  2.950  0.000
   40 C   0.0085   1.139  2.853  0.000
   41 C  -0.0379   1.063  2.975  0.000
   42 C  -0.0935   1.023  3.070  0.000
   43 C  -0.0465   1.093  2.954  0.000
   44 C  -0.0369   1.132  2.905  0.000
   45 S   0.0832   1.879  3.931  0.107
   46 C  -0.0318   1.121  2.910  0.000
   47 C  -0.0185   1.115  2.904  0.000
   48 C   0.0103   1.170  2.820  0.000
   49 C   0.0096   1.169  2.821  0.000
   50 N  -0.1635   1.494  3.670  0.000
   51 S   0.1749   1.902  3.706  0.217
   52 N  -0.1614   1.494  3.668  0.000
   53 C  -0.0200   1.114  2.906  0.000
   54 C  -0.0280   1.124  2.904  0.000
   55 S   0.0940   1.879  3.922  0.105
   56 C  -0.0317   1.130  2.902  0.000
   57 C  -0.0215   1.132  2.890  0.000
   58 C   0.0107   1.121  2.868  0.000
   59 C  -0.0332   1.087  2.946  0.000
   60 C  -0.0154   1.080  2.935  0.000
   61 C  -0.0268   1.085  2.942  0.000
   62 C   0.0148   1.138  2.848  0.000
   63 C  -0.0371   1.062  2.975  0.000
   64 C  -0.0916   1.023  3.069  0.000
   65 C  -0.0400   1.093  2.947  0.000
   66 C  -0.0120   1.127  2.885  0.000
   67 S   0.0480   1.878  3.971  0.102
   68 C  -0.0307   1.122  2.909  0.000
   69 C  -0.0202   1.135  2.885  0.000
   70 N  -0.0457   1.234  3.812  0.000
   71 C   0.0110   1.154  2.835  0.000
   72 C   0.0087   1.152  2.840  0.000
   73 N  -0.0428   1.231  3.812  0.000
   74 C  -0.0188   1.136  2.883  0.000
   75 C  -0.0327   1.119  2.914  0.000
   76 S   0.0533   1.876  3.964  0.106
   77 C   0.0284   1.090  2.882  0.000
   78 C  -0.0849   1.020  3.065  0.000
   79 C   0.0286   1.091  2.881  0.000
   80 C  -0.0841   1.019  3.065  0.000
   81 C  -0.0002   1.143  2.858  0.000
   82 C  -0.0836   1.085  2.998  0.000
   83 C   0.0047   1.137  2.859  0.000
   84 S  -0.0070   1.880  4.043  0.084
   85 C  -0.0053   1.059  2.946  0.000
   86 C  -0.0870   1.022  3.065  0.000
   87 C  -0.0052   1.119  2.886  0.000
   88 S   0.0860   1.881  3.917  0.117
   89 C   0.0069   1.100  2.894  0.000
   90 C  -0.0407   1.127  2.914  0.000
   91 C   0.1265   1.137  2.737  0.000
   92 O  -0.1969   1.589  4.608  0.000
   93 C  -0.0343   1.146  2.888  0.000
   94 C   0.0037   1.123  2.873  0.000
   95 C  -0.0253   1.087  2.939  0.000
   96 C   0.0982   1.124  2.778  0.000
   97 F  -0.0908   1.656  5.435  0.000
   98 C   0.0820   1.129  2.789  0.000
   99 F  -0.0930   1.657  5.436  0.000
  100 C   0.0977   1.130  2.772  0.000
  101 F  -0.0793   1.654  5.426  0.000
  102 C   0.0308   1.149  2.820  0.000
  103 C  -0.0140   1.072  2.942  0.000
  104 C   0.0912   1.138  2.771  0.000
  105 N  -0.2058   1.604  3.602  0.000
  106 C   0.0883   1.138  2.774  0.000
  107 N  -0.2048   1.604  3.601  0.000
  108 H   0.0519   0.948  0.000  0.000
  109 H   0.0547   0.945  0.000  0.000
  110 H   0.0391   0.961  0.000  0.000
  111 H   0.0362   0.964  0.000  0.000
  112 H   0.0411   0.959  0.000  0.000
  113 H   0.0361   0.964  0.000  0.000
  114 H   0.0353   0.965  0.000  0.000
  115 H   0.0432   0.957  0.000  0.000
  116 H   0.0315   0.969  0.000  0.000
  117 H   0.0345   0.965  0.000  0.000
  118 H   0.0298   0.970  0.000  0.000
  119 H   0.0332   0.967  0.000  0.000
  120 H   0.0327   0.967  0.000  0.000
  121 H   0.0287   0.971  0.000  0.000
  122 H   0.0317   0.968  0.000  0.000
  123 H   0.0321   0.968  0.000  0.000
  124 H   0.0270   0.973  0.000  0.000
  125 H   0.0283   0.972  0.000  0.000
  126 H   0.0340   0.966  0.000  0.000
  127 H   0.0308   0.969  0.000  0.000
  128 H   0.0335   0.967  0.000  0.000
  129 H   0.0309   0.969  0.000  0.000
  130 H   0.0281   0.972  0.000  0.000
  131 H   0.0310   0.969  0.000  0.000
  132 H   0.0329   0.967  0.000  0.000
  133 H   0.0257   0.974  0.000  0.000
  134 H   0.0516   0.948  0.000  0.000
  135 H   0.0471   0.953  0.000  0.000
  136 H   0.0335   0.966  0.000  0.000
  137 H   0.0420   0.958  0.000  0.000
  138 H   0.0332   0.967  0.000  0.000
  139 H   0.0520   0.948  0.000  0.000
  140 H   0.0455   0.954  0.000  0.000
  141 H   0.0329   0.967  0.000  0.000
  142 H   0.0345   0.966  0.000  0.000
  143 H   0.0424   0.958  0.000  0.000
  144 H   0.0466   0.953  0.000  0.000
  145 H   0.0502   0.950  0.000  0.000
  146 H   0.0426   0.957  0.000  0.000
  147 H   0.0345   0.965  0.000  0.000
  148 H   0.0332   0.967  0.000  0.000
  149 H   0.0317   0.968  0.000  0.000
  150 H   0.0541   0.946  0.000  0.000
  151 H   0.0540   0.946  0.000  0.000
 
 Wiberg/Mayer (AO) data. WBOs > 0.1 written file <wbo>
 largest (>0.05) Wiberg bond orders for each atom
           total WBO             WBO to atom ...
     1  C   3.923    C    2 1.616    C   20 1.112    H  108 0.923    O    4 0.058
     2  C   3.930    C    1 1.616    C   14 1.074    C    3 0.975    O    4 0.065
     3  C   3.911    O    4 1.819    C    5 0.978    C    2 0.975
     4  O   2.189    C    3 1.819    C    5 0.068    C    2 0.065    C    1 0.058
     5  C   3.934    C   12 1.351    C    6 1.263    C    3 0.978    C    8 0.082    O    4 0.068
     6  C   3.953    C    7 1.381    C    5 1.263    C   14 1.049    C   10 0.085
     7  C   3.957    C    8 1.386    C    6 1.381    H  109 0.932    C   12 0.082
     8  C   3.914    C    7 1.386    C   10 1.340    F    9 0.989    C    5 0.082
     9  F   1.120    C    8 0.989
    10  C   3.903    C    8 1.340    C   12 1.334    F   11 0.987    C    6 0.085
    11  F   1.115    C   10 0.987
    12  C   3.918    C    5 1.351    C   10 1.334    F   13 0.996    C    7 0.082
    13  F   1.139    C   12 0.996
    14  C   3.937    C   15 1.493    C    2 1.074    C    6 1.049    N   19 0.095    N   17 0.094
    15  C   3.945    C   14 1.493    C   18 1.055    C   16 1.054    N   17 0.078    N   19 0.077
    16  C   3.942    N   17 2.796    C   15 1.054
    17  N   3.055    C   16 2.796    C   14 0.094    C   15 0.078
    18  C   3.941    N   19 2.798    C   15 1.055
    19  N   3.056    C   18 2.798    C   14 0.095    C   15 0.077
    20  C   3.934    C   29 1.339    C   21 1.296    C    1 1.112    C   27 0.084
    21  C   3.952    C   22 1.454    C   20 1.296    H  110 0.944    C   28 0.077
    22  C   3.942    C   21 1.454    C   27 1.252    C   23 0.962    C   29 0.085    O   24 0.062
    23  C   3.906    O   24 1.855    C   25 0.964    C   22 0.962
    24  O   2.189    C   23 1.855    C   22 0.062    C   25 0.061
    25  C   3.941    C   33 1.446    C   26 1.253    C   23 0.964    C   31 0.086    O   24 0.061
    26  C   3.932    C   30 1.389    C   25 1.253    C   27 1.043    C   32 0.087
    27  C   3.937    C   28 1.385    C   22 1.252    C   26 1.043    C   20 0.084
    28  C   3.955    C   29 1.438    C   27 1.385    H  111 0.943    C   21 0.077
    29  C   3.952    C   28 1.438    C   20 1.339    H  112 0.942    C   22 0.085
    30  C   3.952    C   31 1.431    C   26 1.389    H  113 0.943    C   33 0.078
    31  C   3.952    C   30 1.431    C   32 1.355    H  114 0.942    C   25 0.086
    32  C   3.927    C   31 1.355    C   33 1.305    C   34 1.074    C   26 0.087
    33  C   3.957    C   25 1.446    C   32 1.305    H  115 0.940    C   30 0.078
    34  C   3.898    C   35 1.473    S   76 1.083    C   32 1.074    C   75 0.071
    35  C   3.935    C   34 1.473    C   44 1.215    C   36 0.992    S   76 0.066
    36  C   3.955    C   37 1.373    C   43 1.373    C   35 0.992    C   39 0.103
    37  C   3.968    C   38 1.437    C   36 1.373    H  116 0.945    C   40 0.104
    38  C   3.971    C   37 1.437    C   39 1.430    H  117 0.944    C   43 0.106
    39  C   3.968    C   38 1.430    C   40 1.387    H  118 0.946    C   36 0.103
    40  C   3.949    C   43 1.403    C   39 1.387    C   41 0.980    C   37 0.104
    41  C   3.972    C   42 0.992    C   40 0.980    H  119 0.967    H  120 0.964
    42  C   3.983    C   41 0.992    H  122 0.983    H  121 0.983    H  123 0.981
    43  C   3.970    C   40 1.403    C   36 1.373    H  124 0.946    C   38 0.106
    44  C   3.910    C   75 1.365    C   35 1.215    S   45 1.079    C   46 0.056    S   76 0.051
    45  S   2.489    C   46 1.103    C   44 1.079    C   74 0.055    C   75 0.054
    46  C   3.925    C   74 1.349    C   47 1.202    S   45 1.103    C   44 0.056
    47  C   3.924    C   72 1.281    C   46 1.202    C   48 1.162
    48  C   3.929    N   52 1.426    C   47 1.162    C   49 1.109    S   51 0.074
    49  C   3.929    N   50 1.425    C   53 1.162    C   48 1.109    S   51 0.074
    50  N   3.071    C   49 1.425    S   51 1.283    N   52 0.203
    51  S   2.814    N   52 1.284    N   50 1.283    C   48 0.074    C   49 0.074
    52  N   3.072    C   48 1.426    S   51 1.284    N   50 0.203
    53  C   3.926    C   71 1.279    C   54 1.204    C   49 1.162
    54  C   3.913    C   69 1.337    C   53 1.204    S   55 1.107    C   56 0.052
    55  S   2.490    C   54 1.107    C   56 1.078    C   68 0.054    C   69 0.053
    56  C   3.911    C   68 1.331    C   57 1.256    S   55 1.078    C   54 0.052
    57  C   3.916    C   66 1.418    C   56 1.256    C   58 0.972    S   67 0.064
    58  C   3.954    C   65 1.387    C   59 1.374    C   57 0.972    C   61 0.106
    59  C   3.970    C   60 1.436    C   58 1.374    H  125 0.946    C   62 0.106
    60  C   3.972    C   59 1.436    C   61 1.430    H  126 0.944    C   65 0.106
    61  C   3.970    C   60 1.430    C   62 1.391    H  127 0.946    C   58 0.106
    62  C   3.949    C   65 1.396    C   61 1.391    C   63 0.982    C   59 0.106
    63  C   3.972    C   64 0.990    C   62 0.982    H  129 0.967    H  128 0.966
    64  C   3.984    C   63 0.990    H  130 0.985    H  132 0.983    H  131 0.980
    65  C   3.968    C   62 1.396    C   58 1.387    H  133 0.946    C   60 0.106
    66  C   3.909    C   57 1.418    C   81 1.176    S   67 1.059    C   68 0.063
    67  S   2.477    C   68 1.100    C   66 1.059    C   57 0.064
    68  C   3.914    C   56 1.331    C   69 1.241    S   67 1.100    C   66 0.063    S   55 0.054
    69  C   3.901    C   54 1.337    C   68 1.241    N   70 1.076    S   55 0.053
    70  N   3.418    C   71 1.090    C   69 1.076    C   79 0.947
    71  C   3.891    C   53 1.279    C   72 1.242    N   70 1.090
    72  C   3.899    C   47 1.281    C   71 1.242    N   73 1.091
    73  N   3.427    C   72 1.091    C   74 1.082    C   77 0.948
    74  C   3.900    C   46 1.349    C   75 1.222    N   73 1.082    S   45 0.055
    75  C   3.926    C   44 1.365    C   74 1.222    S   76 1.098    C   34 0.071    S   45 0.054
    76  S   2.498    C   75 1.098    C   34 1.083    C   35 0.066    C   44 0.051
    77  C   3.931    C   78 1.003    H  135 0.965    H  134 0.961    N   73 0.948
    78  C   3.981    C   77 1.003    H  138 0.985    H  136 0.982    H  137 0.975
    79  C   3.930    C   80 1.004    H  140 0.966    H  139 0.960    N   70 0.947
    80  C   3.981    C   79 1.004    H  141 0.985    H  142 0.982    H  143 0.975
    81  C   3.913    C   82 1.406    C   66 1.176    S   88 1.107    C   87 0.057
    82  C   3.938    C   81 1.406    C   83 1.357    H  144 0.934    S   88 0.059
    83  C   3.921    C   82 1.357    C   87 1.279    S   84 1.072    C   90 0.061    S   88 0.058
    84  S   2.305    C   83 1.072    C   85 0.979
    85  C   3.962    C   86 1.010    S   84 0.979    H  146 0.974    H  145 0.967
    86  C   3.981    C   85 1.010    H  147 0.982    H  149 0.982    H  148 0.976
    87  C   3.916    C   89 1.333    C   83 1.279    S   88 1.064    C   81 0.057
    88  S   2.560    C   81 1.107    C   87 1.064    O   92 0.062    C   82 0.059    C   83 0.058
    89  C   3.930    C   90 1.426    C   87 1.333    H  150 0.913
    90  C   3.914    C   89 1.426    C  102 1.128    C   91 1.045    O   92 0.064    C   83 0.061
    91  C   3.908    O   92 1.744    C   90 1.045    C   93 0.973
    92  O   2.184    C   91 1.744    C   90 0.064    S   88 0.062    C   93 0.060
    93  C   3.932    C  100 1.361    C   94 1.267    C   91 0.973    C   96 0.085    O   92 0.060
    94  C   3.949    C   95 1.392    C   93 1.267    C  102 1.036    C   98 0.088
    95  C   3.955    C   94 1.392    C   96 1.378    H  151 0.931    C  100 0.082
    96  C   3.912    C   95 1.378    C   98 1.351    F   97 0.985    C   93 0.085
    97  F   1.114    C   96 0.985
    98  C   3.902    C   96 1.351    C  100 1.328    F   99 0.983    C   94 0.088
    99  F   1.110    C   98 0.983
   100  C   3.914    C   93 1.361    C   98 1.328    F  101 0.992    C   95 0.082
   101  F   1.134    C  100 0.992
   102  C   3.933    C  103 1.446    C   90 1.128    C   94 1.036    N  107 0.087    N  105 0.087
   103  C   3.926    C  102 1.446    C  106 1.066    C  104 1.065    N  105 0.082    N  107 0.081
   104  C   3.939    N  105 2.774    C  103 1.065
   105  N   3.042    C  104 2.774    C  102 0.087    C  103 0.082
   106  C   3.938    N  107 2.780    C  103 1.066
   107  N   3.039    C  106 2.780    C  102 0.087    C  103 0.081
   108  H   0.992    C    1 0.923
   109  H   0.993    C    7 0.932
   110  H   0.996    C   21 0.944
   111  H   0.995    C   28 0.943
   112  H   0.994    C   29 0.942
   113  H   0.994    C   30 0.943
   114  H   0.995    C   31 0.942
   115  H   0.996    C   33 0.940
   116  H   0.996    C   37 0.945
   117  H   0.995    C   38 0.944
   118  H   0.996    C   39 0.946
   119  H   0.997    C   41 0.967
   120  H   0.998    C   41 0.964
   121  H   0.999    C   42 0.983
   122  H   0.999    C   42 0.983
   123  H   0.997    C   42 0.981
   124  H   0.999    C   43 0.946
   125  H   0.996    C   59 0.946
   126  H   0.995    C   60 0.944
   127  H   0.996    C   61 0.946
   128  H   0.997    C   63 0.966
   129  H   0.998    C   63 0.967
   130  H   0.999    C   64 0.985
   131  H   0.997    C   64 0.980
   132  H   0.999    C   64 0.983
   133  H   0.999    C   65 0.946
   134  H   0.996    C   77 0.961
   135  H   0.996    C   77 0.965
   136  H   0.999    C   78 0.982
   137  H   0.997    C   78 0.975
   138  H   0.999    C   78 0.985
   139  H   0.996    C   79 0.960
   140  H   0.996    C   79 0.966
   141  H   0.999    C   80 0.985
   142  H   0.998    C   80 0.982
   143  H   0.997    C   80 0.975
   144  H   0.994    C   82 0.934
   145  H   0.996    C   85 0.967
   146  H   0.998    C   85 0.974
   147  H   0.999    C   86 0.982
   148  H   0.998    C   86 0.976
   149  H   0.999    C   86 0.982
   150  H   0.992    C   89 0.913
   151  H   0.993    C   95 0.931
 
 --------------------------------------------
          xTB calculation for sTDA...
 --------------------------------------------
 
 reading parameter file /ihome/ghutchison/blp62/xtb4stda/.param_stda2.xtb
 
      method parameters     
 k(s)        :  1.6000
 k(p)        :  2.1800
 k(d)        :  1.9500
 k(f)        :  2.0000
 k(R-V)      :  2.2750
 k(R-R)      :  1.7650
 Tscal       :  0.2580
 Gscal       :  1.0000
 fpol        :  1.0000
 Zcnf        :  0.3430
 Zqf         :  0.0000
 kcn         :  2.7000
 Ryd Hsplit  :  0.7000
 lshift(virt):  3.1000
 lshift(OS)  :  0.2000
 wllscaling  :  2.6000
 
 mowrcut     : 3.000
 
  Z AO/shell   Hii/eV     exponent
  1     Sun Feb 14 09:53:25 CET 2016    EN: 2.327 GAM: 0.473  GM3: 0.0000
     1s    -14.339618    1.220000
     2sp    -3.348946    0.600000
  6     Sun Feb 14 09:53:25 CET 2016    EN: 2.731 GAM: 0.422  GM3: 0.0000
     2s    -22.009312    1.565095
     2p    -13.020408    1.596905
     3sp    -3.914040    0.824500
  7     Sun Feb 14 09:53:25 CET 2016    EN: 3.573 GAM: 0.504  GM3: 0.0000
     2s    -25.722000    2.064844
     2p    -18.684912    1.801692
     3sp    -4.344791    0.921400
  8     Sun Feb 14 09:53:25 CET 2016    EN: 3.700 GAM: 0.587  GM3: 0.0000
     2s    -33.859000    2.418661
     2p    -22.175911    1.973969
     3sp    -4.259392    1.013700
  9     Sun Feb 21 12:20:01 CET 2016    EN: 3.394 GAM: 0.600  GM3: 0.0000
     2s    -26.548112    1.943768
     2p    -23.081168    2.552035
     3sp    -1.937199    1.103200
 16     Sun Feb 21 16:35:57 CET 2016    EN: 1.915 GAM: 0.200  GM3: 0.0000
     3s    -17.898811    2.619580
     3p    -15.317401    1.798798
     4sp    -4.455139    0.843200
 
 Nbf   :         1076
 T(el) :     0.0
 calculating S/T integrals ...
 cpu time for ints    2.29203900000000     
 Nao   :         1076
 making H0...
 making H1...
 cpu time for H      2.751099999999962E-002
 solving ...
 cpu time for diag    2.10614100000000     
 
 gap (eV)           :   3.932
 Koopmans IP (eV)   :  13.385
 Eel (Eh)           :  -453.210693

          eigenvalues
 #    :         247        248        249        250        251        252        253        254
 occ. :        2.000      2.000      2.000      2.000      2.000      2.000      2.000      2.000
 eps  :       -16.048    -16.018    -15.964    -15.849    -15.708    -15.573    -15.283    -15.175
 #    :         255        256        257        258        259        260        261        262
 occ. :        2.000      2.000      2.000      2.000      2.000      0.000      0.000      0.000
 eps  :       -14.642    -14.459    -14.129    -13.945    -13.386     -9.454     -9.041     -8.867
 #    :         263        264        265        266        267        268        269        270
 occ. :        0.000      0.000      0.000      0.000      0.000      0.000      0.000      0.000
 eps  :        -8.559     -8.513     -7.443     -7.144     -6.920     -6.751     -6.333     -6.272
                            1  SCC done.
 writing mo output ...
 molden style : F
 
speedup  4.00
cpu  time for all    6.92 s
wall time for all    1.73 s
