 
        ______________________________________
       |                                      |
       |          ===================         |
       |             xTB for sTDA             |
       |          ===================         |
       |               S. Grimme              |
       |        Universitaet Bonn, MCTC       |
       |         2015-19, Version 1.0         |
       |     Wed Apr  3 09:14:55 CEST 2019    |
       |______________________________________|
 
        This code comes without any warranty
        for non-commercial, academia use only.
        Preliminary test version.
        Cite this work as:
        S. Grimme  &  C. Bannwarth, JCP 145 (2016) 054103
        if GBSA is used additionally:
        P. Shushkov, F. März, C. Bannwarth, S. Grimme, unpublished.
 
        with help from
        P. Shushkov, G. Brandenburg, S. Dohm, J. Pisarek,
        F. März, M. Checinski, S. Ehrlich, S. Spicher, 
        P. Pracht, E. Caldeweyher, S. Ehlert, and C. Bannwarth.
 
        usage        :
        xtb4stda <coord_file> [options]
        where <coord_file> is a valid file of TM)
        (*coord, Bohr) or xmol (*xyz, Angstroem)
        format.

        options:
        -chrg <int>   : molecular charge
        -uhf  <int>   : # of unpaired electrons(=2*S)
        -nox          : skip second, extended part in sTDA-xTB
        -pop          : do population analysis
                      : (default for -nox)
        -mowr <real>  : cut MO write above (def.3 Eh)
        -molden       : write formatted molden file
        -parx <file>  : read parameters for sTDA-xTB
                        calc (def:~/.param_stda2.xtb)
        -parv <file>  : read parameters for vTB part in
                        sTDA-xTB (def: ~/.param_stda1.xtb)
        -xtemp <real> : el. temp for xTB (def. 0 K)
        -etemp <real> : el. temp for GFN (def. 300 K)
        -fod          : calculate the FOD and write
                        molden.input file with
                        appropriate occupations
                        for plotting. Def. T=12500 K
 
        -acc <real>   : xTB accuracy (def. 1.0)
        -gbsa [string1] [string2]
                        use GBSA implicit solvent
                        for solvent [string1] and
                        solvation state [string2]=
                        reference, bar1M (default=1M)
        additional GFN/opt/MD/siman options read from
        $XTB4STDAHOME/.xtb4stdarc or $set in input
 
       spin and charge state information can be on:
       <.CHRG> (charge) and <.UHF> (=nalpha-nbeta)
       -uhf and -chrg override the file info.
       useful machine settings:
       setenv MKL_NUM_THREADS <NCORE_ON_YOUR_MACHINE>
       setenv OMP_STACKSIZE 500m
       limit stacksize unlimited
 
       total energies in Eh, gaps/HL energies in eV
       please read REVISION and HOWTO files carefully
 =============================
  # OMP threads =           8
 =============================
 
 xtb4stdahome directory:/ihome/ghutchison/blp62/xtb4stda/
 
 
 name of molecule           :
 comment line               :
 number of atoms            :   249
 number of electrons        :   784
 charge                     :  0
 spin                       : 0.0
 first test random number   :  0.8374
 
 -----------------------------------------
      charge density (VTB) calculation
 -----------------------------------------
 
      method parameters     
 k(s)        :  1.8000
 k(p)        :  2.8350
 k(d)        :  2.0860
 k(f)        :  2.0000
 Tscal       :  0.3300
 Gscal       :  0.3910
 fpol        :  1.0000
 Zcnf        :  0.6500
 Zqf         :  0.0000
 kcn         :  0.3000
 kEN1        : -0.5900
 wllscal     :  2.6000
 
     -------------------------
     ! NO SOLVENT MODEL USED !
     -------------------------
 
 doing EN charges ...
 sum q : -0.2442491D-14
 point charge moment (au)
     X       Y       Z   
  -0.6622   1.2220   1.2016  total (Debye):    4.670
 
            Z      q(EN)   CN      Cart. coordinates
     1  C   4.0  -0.072   3.221   -22.82146    -3.65057    -1.02026
     2  C   4.0  -0.005   3.308   -24.29507    -3.02526     1.02669
     3  C   4.0   0.100   3.236   -27.04028    -3.51281     0.97510
     4  O   6.0  -0.106   1.056   -28.18073    -4.86756    -0.47564
     5  C   4.0  -0.016   3.427   -28.09682    -1.89464     3.01109
     6  C   4.0  -0.064   3.161   -30.58295    -1.40992     3.67306
     7  CL  7.0   0.088   1.212   -33.03959    -2.87560     2.15221
     8  C   4.0  -0.108   3.369   -31.08127     0.30954     5.60512
     9  C   4.0  -0.192   3.160   -29.08874     1.48703     6.82323
    10  BR  7.0   0.246   1.299   -29.81156     3.87753     9.39383
    11  C   4.0  -0.094   3.293   -26.57522     1.00118     6.22967
    12  C   4.0  -0.005   3.365   -26.10278    -0.70392     4.31141
    13  C   4.0  -0.011   3.356   -23.71115    -1.63783     3.28378
    14  C   4.0  -0.043   3.161   -21.44045    -1.63499     4.55084
    15  C   4.0   0.230   2.209   -19.40767    -3.18116     3.79797
    16  N   5.0  -0.215   1.038   -17.78421    -4.52892     3.28491
    17  C   4.0   0.238   2.145   -20.97029    -0.24056     6.76031
    18  N   5.0  -0.217   1.029   -20.49257     0.92597     8.52833
    19  C   4.0  -0.074   3.238   -20.54340    -2.53658    -1.75159
    20  C   4.0   0.089   3.465   -19.02463    -3.21291    -3.83803
    21  N   5.0  -0.317   3.241   -19.28881    -5.37268    -5.21016
    22  C   4.0   0.081   3.284   -20.21780    -7.62977    -4.12905
    23  C   4.0  -0.068   3.189   -19.48534    -8.36393    -1.71228
    24  C   4.0  -0.074   3.185   -20.41055   -10.58190    -0.69920
    25  C   4.0   0.008   3.151   -22.04951   -12.12259    -2.05867
    26  C   4.0  -0.252   4.052   -23.08999   -14.49439    -0.92200
    27  C   4.0  -0.073   3.183   -22.73435   -11.38560    -4.48451
    28  C   4.0  -0.068   3.189   -21.83484    -9.16517    -5.52008
    29  C   4.0   0.080   3.307   -18.44561    -5.43693    -7.73370
    30  C   4.0  -0.072   3.212   -19.02085    -3.45593    -9.36813
    31  C   4.0  -0.074   3.186   -18.20524    -3.52755   -11.84386
    32  C   4.0   0.008   3.152   -16.81913    -5.56543   -12.75527
    33  C   4.0  -0.253   4.052   -15.91300    -5.59907   -15.43490
    34  C   4.0  -0.074   3.183   -16.27753    -7.54303   -11.11442
    35  C   4.0  -0.068   3.190   -17.07481    -7.49239    -8.63019
    36  C   4.0  -0.102   3.462   -17.12715    -1.38422    -4.26606
    37  S   6.0   0.227   2.584   -14.63045    -1.11891    -6.36894
    38  C   4.0  -0.088   3.332   -13.60962     1.65483    -4.86113
    39  C   4.0   0.082   3.479   -15.05299     2.26125    -2.74880
    40  N   5.0  -0.315   3.245   -14.52065     4.12943    -1.01365
    41  C   4.0   0.084   3.290   -12.02508     4.80822    -0.41820
    42  C   4.0  -0.069   3.201   -11.46969     7.31759     0.14834
    43  C   4.0  -0.074   3.191    -9.00341     8.05345     0.56427
    44  C   4.0   0.007   3.157    -7.02808     6.32246     0.45108
    45  C   4.0  -0.253   4.057    -4.35261     7.17718     0.80672
    46  C   4.0  -0.075   3.195    -7.61749     3.80194     0.02835
    47  C   4.0  -0.072   3.213   -10.08112     3.03773    -0.38343
    48  C   4.0   0.078   3.322   -16.49504     5.01023     0.54481
    49  C   4.0  -0.073   3.227   -18.76082     5.82584    -0.51060
    50  C   4.0  -0.074   3.190   -20.73974     6.53505     1.04029
    51  C   4.0   0.007   3.155   -20.50938     6.45549     3.65416
    52  C   4.0  -0.254   4.054   -22.66594     7.18738     5.33394
    53  C   4.0  -0.074   3.187   -18.21148     5.70678     4.68690
    54  C   4.0  -0.068   3.193   -16.22141     4.99360     3.16076
    55  C   4.0  -0.105   3.486   -17.10089     0.56541    -2.51296
    56  S   6.0   0.238   2.740   -19.50046     0.29895    -0.33373
    57  C   4.0  -0.091   3.333   -11.41073     2.98879    -5.69374
    58  C   4.0  -0.019   3.438   -11.13351     5.58036    -5.87894
    59  C   4.0  -0.001   3.228   -13.26040     7.33970    -5.91749
    60  C   4.0  -0.075   3.200   -15.56983     6.63010    -6.97120
    61  C   4.0  -0.071   3.146   -17.57653     8.29854    -6.97573
    62  C   4.0  -0.074   3.182   -17.31348    10.69037    -5.94753
    63  C   4.0   0.008   3.192   -15.01614    11.44890    -4.93313
    64  C   4.0  -0.174   4.065   -14.65558    14.07543    -3.92345
    65  C   4.0  -0.242   4.028   -13.50417    15.77864    -5.95604
    66  C   4.0  -0.077   3.249   -13.00661     9.76762    -4.94352
    67  C   4.0  -0.106   3.492    -8.55592     6.24725    -6.07339
    68  S   6.0   0.233   2.474    -6.96515     9.13928    -6.06054
    69  C   4.0  -0.087   3.411    -4.11148     7.54322    -5.99251
    70  C   4.0   0.008   3.419    -1.53843     8.05174    -5.57186
    71  C   4.0   0.075   3.655    -0.25965    10.29636    -4.89930
    72  C   4.0   0.075   3.654     2.30622    10.14065    -4.01283
    73  N   5.0  -0.298   2.145     3.18967    12.35673    -3.26091
    74  S   6.0   0.427   2.886     1.00401    14.46226    -3.65322
    75  N   5.0  -0.298   2.146    -1.16917    12.62356    -4.77836
    76  C   4.0   0.009   3.414     3.55779     7.78529    -4.06990
    77  C   4.0  -0.087   3.409     6.00328     7.02581    -3.34803
    78  S   6.0   0.233   2.472     8.63680     8.23618    -1.83247
    79  C   4.0  -0.106   3.490    10.02462     5.24304    -1.89974
    80  C   4.0  -0.019   3.438    12.24883     4.22977    -0.82581
    81  C   4.0  -0.001   3.228    14.24608     5.66445     0.42764
    82  C   4.0  -0.077   3.203    13.70977     7.86353     1.76935
    83  C   4.0  -0.072   3.146    15.62898     9.16309     2.97273
    84  C   4.0  -0.074   3.183    18.09620     8.30931     2.84215
    85  C   4.0   0.007   3.191    18.67975     6.15087     1.46510
    86  C   4.0  -0.174   4.065    21.36467     5.26251     1.21075
    87  C   4.0  -0.242   4.027    22.59829     6.42904    -1.12836
    88  C   4.0  -0.075   3.244    16.74826     4.86132     0.25738
    89  C   4.0  -0.090   3.333    12.35711     1.64293    -1.17881
    90  S   6.0   0.227   2.565     9.86796     0.48226    -3.04303
    91  C   4.0  -0.098   3.426     8.52928     3.45291    -3.12636
    92  C   4.0   0.072   3.697     6.23118     4.46920    -3.94896
    93  N   5.0  -0.292   3.268     4.03305     3.60049    -5.01684
    94  C   4.0   0.097   3.474     2.33835     5.59548    -5.02648
    95  C   4.0   0.099   3.467    -0.28818     5.67598    -5.52329
    96  N   5.0  -0.295   3.271    -2.06415     3.78644    -5.83434
    97  C   4.0   0.074   3.689    -4.37698     4.92028    -6.09153
    98  C   4.0  -0.098   3.423    -6.91866     4.18234    -6.12252
    99  S   6.0   0.227   2.580    -8.54062     1.35569    -6.00177
   100  C   4.0  -0.096   4.087    -1.90182     1.12495    -5.24078
   101  C   4.0  -0.241   4.027    -2.34250    -0.53933    -7.55853
   102  C   4.0  -0.099   4.088     4.09730     1.47493    -6.73668
   103  C   4.0  -0.240   4.030     6.03446     1.88028    -8.84033
   104  C   4.0  -0.088   3.327    13.94202    -0.09071     0.16554
   105  C   4.0   0.080   3.483    14.26781    -0.13568     2.77204
   106  N   5.0  -0.316   3.246    13.02909     1.39235     4.48470
   107  C   4.0   0.085   3.288    10.53428     2.18358     4.07765
   108  C   4.0  -0.070   3.201     9.77121     4.58164     4.85206
   109  C   4.0  -0.075   3.191     7.36861     5.43636     4.30858
   110  C   4.0   0.007   3.158     5.65274     3.93611     2.99975
   111  C   4.0  -0.253   4.056     3.07647     4.91820     2.35346
   112  C   4.0  -0.075   3.195     6.38538     1.50328     2.34704
   113  C   4.0  -0.072   3.215     8.78269     0.62134     2.88826
   114  C   4.0   0.080   3.311    14.21905     1.92393     6.80396
   115  C   4.0  -0.068   3.192    12.87848     1.74592     9.05897
   116  C   4.0  -0.074   3.186    14.08942     2.15126    11.33174
   117  C   4.0   0.008   3.154    16.64849     2.73765    11.42283
   118  C   4.0  -0.253   4.053    17.96751     3.04208    13.90687
   119  C   4.0  -0.074   3.189    17.95561     2.96611     9.15969
   120  C   4.0  -0.073   3.223    16.76565     2.57192     6.87067
   121  C   4.0  -0.103   3.472    15.98425    -2.05942     3.48276
   122  S   6.0   0.235   2.720    17.06234    -3.10690     6.37537
   123  C   4.0  -0.074   3.223    18.79899    -5.52650     4.86283
   124  C   4.0   0.087   3.467    18.37286    -5.56146     2.20210
   125  N   5.0  -0.316   3.240    19.26387    -7.33856     0.55558
   126  C   4.0   0.083   3.280    19.57397    -9.89763     1.21736
   127  C   4.0  -0.069   3.197    21.55100   -11.29376     0.18727
   128  C   4.0  -0.074   3.188    21.89361   -13.78668     0.88779
   129  C   4.0   0.008   3.152    20.31814   -14.93488     2.64448
   130  C   4.0  -0.252   4.053    20.80664   -17.57199     3.53341
   131  C   4.0  -0.073   3.185    18.30048   -13.54272     3.60314
   132  C   4.0  -0.069   3.191    17.90534   -11.06888     2.88693
   133  C   4.0   0.078   3.315    19.71400    -6.61688    -1.97004
   134  C   4.0  -0.071   3.210    21.02320    -4.39286    -2.48480
   135  C   4.0  -0.074   3.186    21.46407    -3.68005    -4.95335
   136  C   4.0   0.008   3.152    20.63033    -5.15933    -6.95948
   137  C   4.0  -0.253   4.052    21.08783    -4.34202    -9.62891
   138  C   4.0  -0.074   3.183    19.34512    -7.38543    -6.42299
   139  C   4.0  -0.068   3.190    18.88403    -8.11713    -3.96068
   140  C   4.0  -0.100   3.454    16.83916    -3.52283     1.47493
   141  S   6.0   0.226   2.569    15.56662    -2.53356    -1.38441
   142  C   4.0  -0.073   3.218    20.50485    -7.11350     6.05922
   143  C   4.0  -0.004   3.291    21.01224    -7.48502     8.59920
   144  C   4.0   0.103   3.253    19.67507    -6.30583    10.69585
   145  O   6.0  -0.125   1.228    18.11605    -4.61566    10.62442
   146  C   4.0  -0.014   3.443    20.58762    -7.59783    13.00566
   147  C   4.0  -0.072   3.242    19.98385    -7.08269    15.49273
   148  CL  7.0   0.090   1.296    17.80500    -4.83203    16.26128
   149  C   4.0  -0.084   3.327    21.22843    -8.44500    17.39342
   150  CL  7.0   0.083   1.363    20.49521    -7.92702    20.49861
   151  C   4.0  -0.083   3.336    23.11003   -10.16843    16.75148
   152  CL  7.0   0.082   1.397    24.70533   -11.70761    19.10740
   153  C   4.0  -0.069   3.246    23.74743   -10.64728    14.21886
   154  CL  7.0   0.088   1.384    26.28590   -12.57783    13.63418
   155  C   4.0  -0.011   3.410    22.39042    -9.43786    12.32252
   156  C   4.0  -0.008   3.336    22.61170    -9.46091     9.56938
   157  C   4.0  -0.038   3.132    23.95832   -11.16601     8.11883
   158  C   4.0   0.227   2.225    24.53015   -13.67557     8.77683
   159  N   5.0  -0.213   1.041    24.79868   -15.82268     8.97582
   160  C   4.0   0.233   2.183    24.73349   -10.70511     5.61910
   161  N   5.0  -0.214   1.039    25.59520   -10.39859     3.64604
   162  H   1.0   0.076   1.010   -23.66787    -4.98245    -2.32701
   163  H   1.0   0.076   1.011   -33.00709     0.71772     6.13103
   164  H   1.0   0.076   1.011   -25.07326     1.95001     7.22386
   165  H   1.0   0.077   1.007   -18.21507    -7.19589    -0.62380
   166  H   1.0   0.075   1.005   -19.83494   -11.12803     1.18070
   167  H   1.0   0.080   0.999   -24.88901   -14.09244    -0.00094
   168  H   1.0   0.081   0.999   -23.42259   -15.91811    -2.36631
   169  H   1.0   0.081   0.999   -21.80800   -15.25632     0.49152
   170  H   1.0   0.075   1.005   -24.00217   -12.55610    -5.57450
   171  H   1.0   0.076   1.006   -22.39193    -8.60147    -7.40130
   172  H   1.0   0.076   1.007   -20.12615    -1.87877    -8.69047
   173  H   1.0   0.075   1.005   -18.66501    -1.98289   -13.09656
   174  H   1.0   0.081   0.999   -17.35487    -4.86340   -16.70253
   175  H   1.0   0.082   1.000   -15.41620    -7.50372   -16.02166
   176  H   1.0   0.080   0.999   -14.24097    -4.40968   -15.62407
   177  H   1.0   0.075   1.005   -15.20662    -9.14552   -11.78641
   178  H   1.0   0.076   1.006   -16.63488    -9.03516    -7.36936
   179  H   1.0   0.077   1.007   -12.98941     8.67724     0.21864
   180  H   1.0   0.075   1.006    -8.58956    10.01517     0.94997
   181  H   1.0   0.081   0.999    -4.04269     7.77282     2.75352
   182  H   1.0   0.082   1.000    -3.02621     5.66861     0.37114
   183  H   1.0   0.082   1.001    -3.94367     8.78364    -0.41272
   184  H   1.0   0.075   1.006    -6.12744     2.40392     0.02211
   185  H   1.0   0.076   1.008   -10.50234     1.06297    -0.68484
   186  H   1.0   0.077   1.007   -18.95716     5.88517    -2.54187
   187  H   1.0   0.075   1.005   -22.49908     7.14392     0.20088
   188  H   1.0   0.080   0.999   -22.61794     9.21298     5.70867
   189  H   1.0   0.082   1.000   -22.53782     6.21040     7.13693
   190  H   1.0   0.081   1.000   -24.46968     6.75029     4.44955
   191  H   1.0   0.075   1.006   -17.99775     5.63101     6.71439
   192  H   1.0   0.076   1.006   -14.45792     4.37509     3.98184
   193  H   1.0   0.076   1.007   -15.77827     4.78384    -7.81496
   194  H   1.0   0.074   1.005   -19.35986     7.73465    -7.79644
   195  H   1.0   0.075   1.005   -18.89726    11.97878    -5.94640
   196  H   1.0   0.081   1.003   -16.46915    14.85287    -3.32176
   197  H   1.0   0.081   1.004   -13.39608    14.02762    -2.28959
   198  H   1.0   0.081   0.999   -14.73948    15.86878    -7.59689
   199  H   1.0   0.081   0.998   -13.23602    17.68235    -5.23076
   200  H   1.0   0.081   0.999   -11.68247    15.03995    -6.55603
   201  H   1.0   0.077   1.015   -11.22252    10.34795    -4.14530
   202  H   1.0   0.076   1.013    11.78981     8.53419     1.89332
   203  H   1.0   0.074   1.005    15.19359    10.85553     4.02701
   204  H   1.0   0.075   1.005    19.58191     9.32712     3.80345
   205  H   1.0   0.081   1.004    21.40852     3.20441     1.04502
   206  H   1.0   0.081   1.004    22.43993     5.79806     2.88826
   207  H   1.0   0.081   0.998    24.54017     5.78256    -1.31657
   208  H   1.0   0.081   0.999    22.59904     8.47920    -0.98757
   209  H   1.0   0.081   0.999    21.56026     5.89897    -2.82174
   210  H   1.0   0.077   1.009    17.20085     3.20970    -0.85548
   211  H   1.0   0.084   1.005    -0.07880     0.74058    -4.36262
   212  H   1.0   0.081   1.005    -3.37864     0.70222    -3.85013
   213  H   1.0   0.082   0.999    -1.06354    -0.06179    -9.09487
   214  H   1.0   0.082   1.004    -4.26606    -0.30519    -8.23769
   215  H   1.0   0.082   0.999    -2.06679    -2.51069    -7.05699
   216  H   1.0   0.087   1.007     2.24594     1.26517    -7.59481
   217  H   1.0   0.081   1.003     4.57522    -0.23546    -5.67296
   218  H   1.0   0.082   0.999     5.94772     0.31218   -10.16332
   219  H   1.0   0.083   1.002     7.93855     1.98459    -8.08104
   220  H   1.0   0.082   0.999     5.62987     3.62412    -9.85171
   221  H   1.0   0.077   1.007    11.09628     5.77160     5.84700
   222  H   1.0   0.075   1.006     6.82115     7.31985     4.87512
   223  H   1.0   0.080   0.999     1.85136     4.85735     4.00924
   224  H   1.0   0.082   1.000     2.21192     3.78814     0.86908
   225  H   1.0   0.082   1.001     3.18154     6.87142     1.71757
   226  H   1.0   0.075   1.006     5.06503     0.27325     1.38876
   227  H   1.0   0.076   1.008     9.31049    -1.28331     2.37595
   228  H   1.0   0.076   1.006    10.89710     1.25648     9.01569
   229  H   1.0   0.075   1.005    13.03703     1.97344    13.07199
   230  H   1.0   0.081   0.999    16.72407     3.89586    15.30357
   231  H   1.0   0.080   1.000    18.53670     1.19091    14.61023
   232  H   1.0   0.081   1.000    19.65485     4.19897    13.71280
   233  H   1.0   0.075   1.005    19.93982     3.44724     9.18388
   234  H   1.0   0.077   1.008    17.80141     2.75749     5.12286
   235  H   1.0   0.077   1.006    22.83602   -10.41163    -1.12647
   236  H   1.0   0.075   1.005    23.45490   -14.83435     0.09808
   237  H   1.0   0.080   1.000    22.03175   -17.52494     5.19297
   238  H   1.0   0.082   1.000    21.75264   -18.67522     2.08172
   239  H   1.0   0.081   0.999    19.05694   -18.51062     4.06386
   240  H   1.0   0.075   1.005    17.01566   -14.41729     4.92689
   241  H   1.0   0.076   1.006    16.32515   -10.01989     3.64188
   242  H   1.0   0.076   1.006    21.70464    -3.24768    -0.93825
   243  H   1.0   0.075   1.005    22.48566    -1.95435    -5.33337
   244  H   1.0   0.080   0.999    19.74537    -2.86879   -10.15123
   245  H   1.0   0.082   1.000    20.85728    -5.91333   -10.93112
   246  H   1.0   0.081   0.999    22.98209    -3.57102    -9.84075
   247  H   1.0   0.075   1.005    18.68467    -8.56216    -7.95442
   248  H   1.0   0.076   1.006    17.87416    -9.84585    -3.56610
   249  H   1.0   0.079   1.019    21.57746    -8.29231     4.77912
 
  Z AO/shell   Hii/eV     exponent
  1     Sat Feb 20 21:38:01 CET 2016    EN: 2.327 GAM: 0.473  GM3: 0.0000
     1s    -13.751157    1.051071
  6     Sat Feb 20 21:38:01 CET 2016    EN: 2.731 GAM: 0.422  GM3: 0.0000
     2s    -19.378245    2.021003
     2p    -11.993376    1.497917
  7     Sat Feb 20 21:38:01 CET 2016    EN: 3.573 GAM: 0.504  GM3: 0.0000
     2s    -21.576984    2.275442
     2p    -16.125120    2.056788
  8     Sat Feb 20 21:38:01 CET 2016    EN: 3.700 GAM: 0.587  GM3: 0.0000
     2s    -21.648843    2.110798
     2p    -17.239740    2.329048
 16     Sat Feb 20 23:13:41 CET 2016    EN: 1.915 GAM: 0.389  GM3: 0.0000
     3s    -22.000000    2.671470
     3p    -15.834192    1.836978
     3d     -2.593599    1.836978
 17     Sat Feb 20 23:13:41 CET 2016    EN: 2.375 GAM: 0.431  GM3: 0.0000
     3s    -21.000000    2.596786
     3p    -17.375270    2.088291
     3d     -1.372943    2.088291
 35     Sat Feb 20 23:13:41 CET 2016    EN: 0.811 GAM: 0.434  GM3: 0.0000
     4s    -19.000000    2.185561
     4p    -18.320992    2.124690
     4d     -1.898981    2.124690
 
 dipole moment of classical point charges (au)
     X       Y       Z   
  -0.6622   1.2220   1.2016  total (Debye):    4.670

 
 Nbf   :          822
 T(el) :   300.0
 calculating S/T integrals ...
 cpu time for ints    1.42524400000000     
 Nao   :          807
 making H0...
 making H1...
 cpu time for H      3.482699999999994E-002
 solving ...
 cpu time for diag    2.37830600000000     
 
 gap (eV)           :   1.158
 Koopmans IP (eV)   :  11.567
 Eel (Eh)           :  -610.214678
 T,E(Fermi),NFOD :    300.000   -10.988  0.000000
 T,E(Fermi),NFOD :    300.000   -10.988  0.000000
 Nfod               :  0.0000
 Nfod/Nel           :  0.0000

          eigenvalues
 #    :         380        381        382        383        384        385        386        387
 occ. :        2.000      2.000      2.000      2.000      2.000      2.000      2.000      2.000
 eps  :       -14.126    -14.013    -13.746    -13.661    -13.533    -13.390    -13.294    -12.993
 #    :         388        389        390        391        392        393        394        395
 occ. :        2.000      2.000      2.000      2.000      2.000      0.000      0.000      0.000
 eps  :       -12.822    -12.710    -12.455    -12.161    -11.568    -10.410     -9.670     -9.641
 #    :         396        397        398        399        400        401        402        403
 occ. :        0.000      0.000      0.000      0.000      0.000      0.000      0.000      0.000
 eps  :        -9.351     -9.206     -9.116     -9.090     -8.885     -8.861     -8.819     -8.381
                            1  SCC done.
 making H1...
 cpu time for H       2.55418200000000     
 solving ...
 cpu time for diag   0.285696000000000     
 
 gap (eV)           :   1.884
 Koopmans IP (eV)   :  11.915
 Eel (Eh)           :  -611.659623
 T,E(Fermi),NFOD :    300.000   -10.973  0.000000
 T,E(Fermi),NFOD :    300.000   -10.973  0.000000
 Nfod               :  0.0000
 Nfod/Nel           :  0.0000

          eigenvalues
 #    :         380        381        382        383        384        385        386        387
 occ. :        2.000      2.000      2.000      2.000      2.000      2.000      2.000      2.000
 eps  :       -14.082    -14.043    -13.948    -13.728    -13.703    -13.473    -13.367    -13.189
 #    :         388        389        390        391        392        393        394        395
 occ. :        2.000      2.000      2.000      2.000      2.000      0.000      0.000      0.000
 eps  :       -12.918    -12.853    -12.564    -12.352    -11.916    -10.032     -9.868     -9.841
 #    :         396        397        398        399        400        401        402        403
 occ. :        0.000      0.000      0.000      0.000      0.000      0.000      0.000      0.000
 eps  :        -9.354     -9.287     -9.184     -9.084     -8.942     -8.869     -8.766     -8.687
                            2  SCC done.
 
 
 Mulliken/CM5 charges    n(s)   n(p)   n(d)   
    1 C   0.0007 -0.0451   1.154  2.846  0.000
    2 C  -0.0356 -0.0372   1.171  2.864  0.000
    3 C   0.1321  0.1674   1.175  2.693  0.000
    4 O  -0.2377 -0.2829   1.627  4.610  0.000
    5 C  -0.0379 -0.0365   1.188  2.850  0.000
    6 C   0.0687  0.0652   1.157  2.774  0.000
    7 CL -0.0158 -0.0158   1.895  5.120  0.001
    8 C  -0.0406 -0.0913   1.146  2.894  0.000
    9 C   0.0515  0.0304   1.131  2.818  0.000
   10 BR -0.0350 -0.0201   1.826  5.212 -0.003
   11 C  -0.0402 -0.0909   1.147  2.893  0.000
   12 C  -0.0099 -0.0132   1.180  2.829  0.000
   13 C   0.0153  0.0158   1.200  2.785  0.000
   14 C   0.0013  0.0089   1.114  2.885  0.000
   15 C   0.0961  0.2172   1.173  2.731  0.000
   16 N  -0.2253 -0.3577   1.643  3.582  0.000
   17 C   0.0933  0.2121   1.171  2.735  0.000
   18 N  -0.2193 -0.3517   1.642  3.577  0.000
   19 C  -0.0345 -0.0209   1.168  2.867  0.000
   20 C   0.0532  0.1240   1.180  2.767  0.000
   21 N  -0.1002 -0.3452   1.230  3.870  0.000
   22 C   0.0460  0.0986   1.175  2.779  0.000
   23 C  -0.0393 -0.0876   1.139  2.901  0.000
   24 C  -0.0397 -0.0939   1.137  2.903  0.000
   25 C   0.0042 -0.0139   1.177  2.819  0.000
   26 C  -0.0822 -0.2278   1.079  3.004  0.000
   27 C  -0.0419 -0.0962   1.136  2.906  0.000
   28 C  -0.0381 -0.0868   1.136  2.902  0.000
   29 C   0.0464  0.1015   1.174  2.780  0.000
   30 C  -0.0411 -0.0886   1.138  2.903  0.000
   31 C  -0.0428 -0.0967   1.136  2.906  0.000
   32 C   0.0029 -0.0152   1.177  2.820  0.000
   33 C  -0.0824 -0.2280   1.079  3.004  0.000
   34 C  -0.0422 -0.0963   1.137  2.905  0.000
   35 C  -0.0353 -0.0837   1.137  2.898  0.000
   36 C  -0.0481 -0.0286   1.160  2.888  0.000
   37 S   0.1059  0.0725   1.894  3.947  0.054
   38 C  -0.0494 -0.0328   1.173  2.877  0.000
   39 C   0.0352  0.1036   1.167  2.797  0.000
   40 N  -0.1185 -0.3619   1.230  3.889  0.000
   41 C   0.0451  0.1004   1.174  2.781  0.000
   42 C  -0.0372 -0.0860   1.137  2.900  0.000
   43 C  -0.0417 -0.0961   1.136  2.905  0.000
   44 C  -0.0026 -0.0206   1.177  2.826  0.000
   45 C  -0.0848 -0.2303   1.080  3.005  0.000
   46 C  -0.0522 -0.1060   1.138  2.914  0.000
   47 C  -0.0492 -0.0970   1.139  2.910  0.000
   48 C   0.0428  0.0978   1.177  2.781  0.000
   49 C  -0.0433 -0.0907   1.140  2.903  0.000
   50 C  -0.0476 -0.1013   1.137  2.910  0.000
   51 C   0.0015 -0.0165   1.177  2.822  0.000
   52 C  -0.0842 -0.2299   1.080  3.005  0.000
   53 C  -0.0391 -0.0928   1.137  2.902  0.000
   54 C  -0.0357 -0.0837   1.138  2.897  0.000
   55 C  -0.0451 -0.0250   1.175  2.870  0.000
   56 S   0.1003  0.0653   1.893  3.958  0.049
   57 C  -0.0406 -0.0269   1.176  2.865  0.000
   58 C  -0.0198 -0.0188   1.169  2.851  0.000
   59 C   0.0064 -0.0002   1.165  2.828  0.000
   60 C  -0.0469 -0.0999   1.141  2.906  0.000
   61 C  -0.0328 -0.0896   1.137  2.896  0.000
   62 C  -0.0420 -0.0967   1.139  2.903  0.000
   63 C   0.0012 -0.0154   1.182  2.817  0.000
   64 C  -0.0431 -0.1501   1.124  2.919  0.000
   65 C  -0.0898 -0.2412   1.095  2.994  0.000
   66 C  -0.0437 -0.0951   1.145  2.899  0.000
   67 C  -0.0564 -0.0421   1.173  2.883  0.000
   68 S   0.1227  0.0868   1.892  3.932  0.054
   69 C  -0.0535 -0.0319   1.167  2.886  0.000
   70 C  -0.0163 -0.0037   1.153  2.863  0.000
   71 C   0.0156  0.1033   1.205  2.779  0.000
   72 C   0.0152  0.1030   1.204  2.781  0.000
   73 N  -0.2038 -0.3654   1.530  3.673  0.000
   74 S   0.2309  0.3654   1.910  3.707  0.152
   75 N  -0.2042 -0.3662   1.530  3.674  0.000
   76 C  -0.0122  0.0003   1.154  2.859  0.000
   77 C  -0.0508 -0.0294   1.167  2.884  0.000
   78 S   0.1245  0.0891   1.892  3.930  0.054
   79 C  -0.0570 -0.0427   1.173  2.884  0.000
   80 C  -0.0185 -0.0175   1.169  2.849  0.000
   81 C   0.0063 -0.0003   1.165  2.828  0.000
   82 C  -0.0366 -0.0900   1.140  2.897  0.000
   83 C  -0.0279 -0.0844   1.136  2.892  0.000
   84 C  -0.0401 -0.0948   1.139  2.901  0.000
   85 C  -0.0020 -0.0193   1.183  2.820  0.000
   86 C  -0.0445 -0.1516   1.125  2.919  0.000
   87 C  -0.0901 -0.2415   1.095  2.995  0.000
   88 C  -0.0533 -0.1044   1.146  2.907  0.000
   89 C  -0.0413 -0.0277   1.176  2.866  0.000
   90 S   0.0974  0.0616   1.892  3.959  0.051
   91 C  -0.0472 -0.0296   1.161  2.886  0.000
   92 C  -0.0096  0.0593   1.167  2.842  0.000
   93 N  -0.0894 -0.3480   1.289  3.801  0.000
   94 C   0.0150  0.0835   1.188  2.797  0.000
   95 C   0.0211  0.0903   1.183  2.796  0.000
   96 N  -0.0866 -0.3452   1.267  3.820  0.000
   97 C  -0.0089  0.0607   1.167  2.842  0.000
   98 C  -0.0480 -0.0305   1.161  2.887  0.000
   99 S   0.0994  0.0618   1.892  3.958  0.051
  100 C   0.0323 -0.0160   1.146  2.822  0.000
  101 C  -0.0813 -0.2289   1.093  2.988  0.000
  102 C   0.0281 -0.0213   1.148  2.824  0.000
  103 C  -0.0856 -0.2323   1.094  2.992  0.000
  104 C  -0.0498 -0.0333   1.176  2.873  0.000
  105 C   0.0340  0.1018   1.169  2.797  0.000
  106 N  -0.1177 -0.3616   1.225  3.893  0.000
  107 C   0.0456  0.1013   1.174  2.780  0.000
  108 C  -0.0387 -0.0877   1.137  2.901  0.000
  109 C  -0.0428 -0.0970   1.137  2.906  0.000
  110 C  -0.0046 -0.0225   1.177  2.828  0.000
  111 C  -0.0848 -0.2302   1.080  3.005  0.000
  112 C  -0.0517 -0.1054   1.138  2.914  0.000
  113 C  -0.0506 -0.0982   1.139  2.912  0.000
  114 C   0.0442  0.0995   1.175  2.781  0.000
  115 C  -0.0380 -0.0863   1.137  2.901  0.000
  116 C  -0.0412 -0.0953   1.136  2.905  0.000
  117 C   0.0049 -0.0132   1.175  2.820  0.000
  118 C  -0.0835 -0.2291   1.079  3.005  0.000
  119 C  -0.0430 -0.0969   1.136  2.907  0.000
  120 C  -0.0441 -0.0916   1.138  2.906  0.000
  121 C  -0.0588 -0.0392   1.188  2.871  0.000
  122 S   0.1230  0.0930   1.896  3.916  0.065
  123 C  -0.0233 -0.0109   1.166  2.858  0.000
  124 C   0.0450  0.1145   1.184  2.771  0.000
  125 N  -0.0990 -0.3449   1.230  3.869  0.000
  126 C   0.0450  0.0980   1.175  2.780  0.000
  127 C  -0.0310 -0.0783   1.136  2.895  0.000
  128 C  -0.0356 -0.0888   1.136  2.899  0.000
  129 C   0.0037 -0.0142   1.177  2.820  0.000
  130 C  -0.0831 -0.2283   1.079  3.004  0.000
  131 C  -0.0468 -0.1010   1.137  2.909  0.000
  132 C  -0.0492 -0.0983   1.138  2.911  0.000
  133 C   0.0471  0.1019   1.174  2.779  0.000
  134 C  -0.0389 -0.0864   1.138  2.901  0.000
  135 C  -0.0421 -0.0961   1.136  2.906  0.000
  136 C   0.0037 -0.0144   1.177  2.820  0.000
  137 C  -0.0825 -0.2281   1.079  3.004  0.000
  138 C  -0.0422 -0.0963   1.137  2.905  0.000
  139 C  -0.0347 -0.0831   1.137  2.897  0.000
  140 C  -0.0483 -0.0289   1.161  2.888  0.000
  141 S   0.1001  0.0669   1.894  3.953  0.052
  142 C  -0.0043 -0.0505   1.155  2.849  0.000
  143 C  -0.0318 -0.0335   1.168  2.863  0.000
  144 C   0.1321  0.1682   1.173  2.695  0.000
  145 O  -0.2107 -0.2571   1.621  4.589  0.000
  146 C  -0.0418 -0.0399   1.191  2.850  0.000
  147 C   0.0549  0.0550   1.155  2.790  0.000
  148 CL -0.0054 -0.0042   1.895  5.108  0.003
  149 C   0.0391  0.0389   1.161  2.799  0.000
  150 CL -0.0250 -0.0248   1.898  5.123  0.004
  151 C   0.0421  0.0418   1.159  2.799  0.000
  152 CL -0.0247 -0.0245   1.898  5.123  0.004
  153 C   0.0439  0.0438   1.162  2.794  0.000
  154 CL -0.0086 -0.0064   1.898  5.108  0.003
  155 C  -0.0149 -0.0147   1.171  2.844  0.000
  156 C   0.0082  0.0080   1.199  2.793  0.000
  157 C  -0.0023  0.0042   1.112  2.890  0.000
  158 C   0.0795  0.1995   1.176  2.745  0.000
  159 N  -0.2220 -0.3526   1.642  3.580  0.000
  160 C   0.0880  0.2045   1.174  2.738  0.000
  161 N  -0.2211 -0.3570   1.642  3.579  0.000
  162 H   0.0673  0.1342   0.933  0.000  0.000
  163 H   0.0503  0.1091   0.950  0.000  0.000
  164 H   0.0593  0.1235   0.941  0.000  0.000
  165 H   0.0456  0.1119   0.954  0.000  0.000
  166 H   0.0419  0.0996   0.958  0.000  0.000
  167 H   0.0441  0.0963   0.956  0.000  0.000
  168 H   0.0397  0.0925   0.960  0.000  0.000
  169 H   0.0402  0.0931   0.960  0.000  0.000
  170 H   0.0401  0.0976   0.960  0.000  0.000
  171 H   0.0401  0.1015   0.960  0.000  0.000
  172 H   0.0392  0.1012   0.961  0.000  0.000
  173 H   0.0396  0.0971   0.960  0.000  0.000
  174 H   0.0415  0.0941   0.959  0.000  0.000
  175 H   0.0402  0.0932   0.960  0.000  0.000
  176 H   0.0423  0.0946   0.958  0.000  0.000
  177 H   0.0402  0.0976   0.960  0.000  0.000
  178 H   0.0423  0.1038   0.958  0.000  0.000
  179 H   0.0429  0.1057   0.957  0.000  0.000
  180 H   0.0407  0.0984   0.959  0.000  0.000
  181 H   0.0427  0.0951   0.957  0.000  0.000
  182 H   0.0363  0.0904   0.964  0.000  0.000
  183 H   0.0455  0.1005   0.954  0.000  0.000
  184 H   0.0368  0.0951   0.963  0.000  0.000
  185 H   0.0391  0.1022   0.961  0.000  0.000
  186 H   0.0395  0.1027   0.960  0.000  0.000
  187 H   0.0376  0.0951   0.962  0.000  0.000
  188 H   0.0422  0.0945   0.958  0.000  0.000
  189 H   0.0444  0.0987   0.956  0.000  0.000
  190 H   0.0376  0.0908   0.962  0.000  0.000
  191 H   0.0436  0.1027   0.956  0.000  0.000
  192 H   0.0413  0.1028   0.959  0.000  0.000
  193 H   0.0370  0.0979   0.963  0.000  0.000
  194 H   0.0407  0.0972   0.959  0.000  0.000
  195 H   0.0361  0.0935   0.964  0.000  0.000
  196 H   0.0359  0.0918   0.964  0.000  0.000
  197 H   0.0373  0.0932   0.963  0.000  0.000
  198 H   0.0281  0.0807   0.972  0.000  0.000
  199 H   0.0333  0.0849   0.967  0.000  0.000
  200 H   0.0306  0.0835   0.969  0.000  0.000
  201 H   0.0398  0.1040   0.960  0.000  0.000
  202 H   0.0429  0.1055   0.957  0.000  0.000
  203 H   0.0426  0.0993   0.957  0.000  0.000
  204 H   0.0364  0.0939   0.964  0.000  0.000
  205 H   0.0346  0.0906   0.965  0.000  0.000
  206 H   0.0377  0.0935   0.962  0.000  0.000
  207 H   0.0331  0.0847   0.967  0.000  0.000
  208 H   0.0299  0.0825   0.970  0.000  0.000
  209 H   0.0284  0.0811   0.972  0.000  0.000
  210 H   0.0334  0.0958   0.967  0.000  0.000
  211 H   0.0540  0.1243   0.946  0.000  0.000
  212 H   0.0491  0.1169   0.951  0.000  0.000
  213 H   0.0336  0.0884   0.966  0.000  0.000
  214 H   0.0358  0.0930   0.964  0.000  0.000
  215 H   0.0442  0.0966   0.956  0.000  0.000
  216 H   0.0579  0.1297   0.942  0.000  0.000
  217 H   0.0505  0.1163   0.950  0.000  0.000
  218 H   0.0413  0.0935   0.959  0.000  0.000
  219 H   0.0332  0.0902   0.967  0.000  0.000
  220 H   0.0322  0.0872   0.968  0.000  0.000
  221 H   0.0434  0.1063   0.957  0.000  0.000
  222 H   0.0406  0.0984   0.959  0.000  0.000
  223 H   0.0423  0.0946   0.958  0.000  0.000
  224 H   0.0367  0.0912   0.963  0.000  0.000
  225 H   0.0440  0.0983   0.956  0.000  0.000
  226 H   0.0367  0.0948   0.963  0.000  0.000
  227 H   0.0380  0.1010   0.962  0.000  0.000
  228 H   0.0388  0.1003   0.961  0.000  0.000
  229 H   0.0382  0.0957   0.962  0.000  0.000
  230 H   0.0393  0.0920   0.961  0.000  0.000
  231 H   0.0441  0.0969   0.956  0.000  0.000
  232 H   0.0381  0.0909   0.962  0.000  0.000
  233 H   0.0374  0.0949   0.963  0.000  0.000
  234 H   0.0390  0.1034   0.961  0.000  0.000
  235 H   0.0438  0.1073   0.956  0.000  0.000
  236 H   0.0430  0.1015   0.957  0.000  0.000
  237 H   0.0493  0.1052   0.951  0.000  0.000
  238 H   0.0404  0.0933   0.960  0.000  0.000
  239 H   0.0381  0.0910   0.962  0.000  0.000
  240 H   0.0392  0.0967   0.961  0.000  0.000
  241 H   0.0383  0.1002   0.962  0.000  0.000
  242 H   0.0397  0.1016   0.960  0.000  0.000
  243 H   0.0397  0.0972   0.960  0.000  0.000
  244 H   0.0420  0.0942   0.958  0.000  0.000
  245 H   0.0402  0.0931   0.960  0.000  0.000
  246 H   0.0418  0.0945   0.958  0.000  0.000
  247 H   0.0400  0.0974   0.960  0.000  0.000
  248 H   0.0416  0.1030   0.958  0.000  0.000
  249 H   0.0681  0.1450   0.932  0.000  0.000
 Hirshfeld charges for QMDFF written to <charges>
 
 Loewdin charges    n(s)   n(p)   n(d)
    1 C   0.0090   1.100  2.891  0.000
    2 C  -0.0447   1.134  2.911  0.000
    3 C   0.1242   1.141  2.735  0.000
    4 O  -0.2229   1.597  4.626  0.000
    5 C  -0.0480   1.151  2.897  0.000
    6 C   0.0900   1.112  2.798  0.000
    7 CL -0.0265   1.885  5.118  0.023
    8 C  -0.0444   1.097  2.947  0.000
    9 C   0.0811   1.082  2.837  0.000
   10 BR -0.0506   1.814  5.211  0.025
   11 C  -0.0422   1.096  2.946  0.000
   12 C  -0.0045   1.138  2.867  0.000
   13 C   0.0259   1.156  2.818  0.000
   14 C  -0.0111   1.073  2.938  0.000
   15 C   0.0906   1.139  2.770  0.000
   16 N  -0.2143   1.605  3.609  0.000
   17 C   0.0874   1.137  2.775  0.000
   18 N  -0.2082   1.604  3.604  0.000
   19 C  -0.0185   1.125  2.893  0.000
   20 C   0.0455   1.147  2.807  0.000
   21 N  -0.0591   1.188  3.871  0.000
   22 C   0.0439   1.138  2.818  0.000
   23 C  -0.0362   1.086  2.950  0.000
   24 C  -0.0349   1.083  2.952  0.000
   25 C   0.0132   1.132  2.854  0.000
   26 C  -0.0840   1.004  3.080  0.000
   27 C  -0.0372   1.083  2.954  0.000
   28 C  -0.0350   1.084  2.951  0.000
   29 C   0.0436   1.137  2.819  0.000
   30 C  -0.0376   1.086  2.952  0.000
   31 C  -0.0380   1.083  2.955  0.000
   32 C   0.0119   1.132  2.856  0.000
   33 C  -0.0842   1.004  3.080  0.000
   34 C  -0.0375   1.083  2.954  0.000
   35 C  -0.0324   1.084  2.948  0.000
   36 C  -0.0302   1.118  2.912  0.000
   37 S   0.0674   1.881  3.945  0.107
   38 C  -0.0300   1.130  2.900  0.000
   39 C   0.0220   1.136  2.842  0.000
   40 N  -0.0801   1.189  3.891  0.000
   41 C   0.0423   1.137  2.820  0.000
   42 C  -0.0345   1.085  2.950  0.000
   43 C  -0.0368   1.083  2.954  0.000
   44 C   0.0063   1.133  2.861  0.000
   45 C  -0.0869   1.006  3.081  0.000
   46 C  -0.0475   1.085  2.962  0.000
   47 C  -0.0463   1.087  2.959  0.000
   48 C   0.0407   1.140  2.819  0.000
   49 C  -0.0398   1.087  2.952  0.000
   50 C  -0.0427   1.084  2.959  0.000
   51 C   0.0106   1.133  2.857  0.000
   52 C  -0.0862   1.005  3.081  0.000
   53 C  -0.0343   1.084  2.950  0.000
   54 C  -0.0326   1.086  2.947  0.000
   55 C  -0.0224   1.131  2.892  0.000
   56 S   0.0602   1.881  3.956  0.103
   57 C  -0.0210   1.132  2.889  0.000
   58 C  -0.0223   1.129  2.893  0.000
   59 C   0.0130   1.121  2.866  0.000
   60 C  -0.0432   1.088  2.955  0.000
   61 C  -0.0243   1.082  2.943  0.000
   62 C  -0.0384   1.086  2.952  0.000
   63 C   0.0094   1.139  2.852  0.000
   64 C  -0.0376   1.063  2.975  0.000
   65 C  -0.0912   1.023  3.069  0.000
   66 C  -0.0436   1.093  2.950  0.000
   67 C  -0.0361   1.131  2.906  0.000
   68 S   0.0828   1.879  3.930  0.108
   69 C  -0.0337   1.124  2.910  0.000
   70 C  -0.0236   1.115  2.909  0.000
   71 C   0.0105   1.172  2.818  0.000
   72 C   0.0099   1.171  2.820  0.000
   73 N  -0.1646   1.493  3.672  0.000
   74 S   0.1670   1.903  3.713  0.218
   75 N  -0.1651   1.493  3.672  0.000
   76 C  -0.0191   1.115  2.904  0.000
   77 C  -0.0311   1.124  2.907  0.000
   78 S   0.0849   1.879  3.928  0.108
   79 C  -0.0368   1.130  2.907  0.000
   80 C  -0.0209   1.130  2.891  0.000
   81 C   0.0129   1.121  2.866  0.000
   82 C  -0.0336   1.087  2.947  0.000
   83 C  -0.0195   1.081  2.938  0.000
   84 C  -0.0364   1.086  2.950  0.000
   85 C   0.0063   1.139  2.855  0.000
   86 C  -0.0389   1.064  2.975  0.000
   87 C  -0.0915   1.023  3.069  0.000
   88 C  -0.0526   1.095  2.958  0.000
   89 C  -0.0219   1.132  2.889  0.000
   90 S   0.0594   1.879  3.957  0.105
   91 C  -0.0266   1.118  2.909  0.000
   92 C  -0.0216   1.136  2.885  0.000
   93 N  -0.0475   1.248  3.800  0.000
   94 C   0.0046   1.156  2.839  0.000
   95 C   0.0105   1.152  2.838  0.000
   96 N  -0.0433   1.225  3.819  0.000
   97 C  -0.0213   1.137  2.885  0.000
   98 C  -0.0276   1.118  2.909  0.000
   99 S   0.0610   1.878  3.955  0.106
  100 C   0.0332   1.089  2.878  0.000
  101 C  -0.0837   1.021  3.063  0.000
  102 C   0.0284   1.091  2.880  0.000
  103 C  -0.0879   1.021  3.067  0.000
  104 C  -0.0296   1.133  2.896  0.000
  105 C   0.0206   1.138  2.842  0.000
  106 N  -0.0789   1.183  3.895  0.000
  107 C   0.0427   1.137  2.820  0.000
  108 C  -0.0363   1.085  2.951  0.000
  109 C  -0.0378   1.083  2.955  0.000
  110 C   0.0042   1.132  2.863  0.000
  111 C  -0.0869   1.006  3.081  0.000
  112 C  -0.0468   1.085  2.962  0.000
  113 C  -0.0477   1.086  2.961  0.000
  114 C   0.0418   1.138  2.820  0.000
  115 C  -0.0354   1.084  2.951  0.000
  116 C  -0.0366   1.082  2.954  0.000
  117 C   0.0134   1.131  2.856  0.000
  118 C  -0.0854   1.005  3.081  0.000
  119 C  -0.0386   1.083  2.956  0.000
  120 C  -0.0414   1.086  2.955  0.000
  121 C  -0.0350   1.143  2.892  0.000
  122 S   0.0782   1.884  3.916  0.122
  123 C  -0.0068   1.123  2.884  0.000
  124 C   0.0380   1.151  2.811  0.000
  125 N  -0.0580   1.188  3.870  0.000
  126 C   0.0430   1.138  2.819  0.000
  127 C  -0.0284   1.083  2.945  0.000
  128 C  -0.0310   1.083  2.948  0.000
  129 C   0.0126   1.132  2.855  0.000
  130 C  -0.0849   1.005  3.080  0.000
  131 C  -0.0418   1.084  2.958  0.000
  132 C  -0.0458   1.085  2.961  0.000
  133 C   0.0444   1.138  2.818  0.000
  134 C  -0.0354   1.086  2.950  0.000
  135 C  -0.0374   1.083  2.955  0.000
  136 C   0.0128   1.133  2.855  0.000
  137 C  -0.0843   1.004  3.080  0.000
  138 C  -0.0376   1.083  2.954  0.000
  139 C  -0.0317   1.085  2.947  0.000
  140 C  -0.0302   1.118  2.912  0.000
  141 S   0.0616   1.881  3.951  0.106
  142 C   0.0017   1.102  2.896  0.000
  143 C  -0.0415   1.131  2.911  0.000
  144 C   0.1231   1.138  2.739  0.000
  145 O  -0.1924   1.590  4.602  0.000
  146 C  -0.0498   1.154  2.896  0.000
  147 C   0.0701   1.113  2.817  0.000
  148 CL -0.0167   1.885  5.106  0.026
  149 C   0.0502   1.121  2.829  0.000
  150 CL -0.0358   1.888  5.121  0.027
  151 C   0.0533   1.119  2.828  0.000
  152 CL -0.0354   1.888  5.121  0.026
  153 C   0.0575   1.120  2.822  0.000
  154 CL -0.0196   1.888  5.106  0.026
  155 C  -0.0181   1.132  2.886  0.000
  156 C   0.0203   1.154  2.825  0.000
  157 C  -0.0162   1.072  2.944  0.000
  158 C   0.0754   1.142  2.783  0.000
  159 N  -0.2125   1.605  3.608  0.000
  160 C   0.0837   1.140  2.777  0.000
  161 N  -0.2110   1.605  3.606  0.000
  162 H   0.0558   0.944  0.000  0.000
  163 H   0.0410   0.959  0.000  0.000
  164 H   0.0493   0.951  0.000  0.000
  165 H   0.0367   0.963  0.000  0.000
  166 H   0.0341   0.966  0.000  0.000
  167 H   0.0429   0.957  0.000  0.000
  168 H   0.0390   0.961  0.000  0.000
  169 H   0.0395   0.961  0.000  0.000
  170 H   0.0326   0.967  0.000  0.000
  171 H   0.0321   0.968  0.000  0.000
  172 H   0.0313   0.969  0.000  0.000
  173 H   0.0320   0.968  0.000  0.000
  174 H   0.0405   0.959  0.000  0.000
  175 H   0.0394   0.961  0.000  0.000
  176 H   0.0414   0.959  0.000  0.000
  177 H   0.0327   0.967  0.000  0.000
  178 H   0.0339   0.966  0.000  0.000
  179 H   0.0348   0.965  0.000  0.000
  180 H   0.0331   0.967  0.000  0.000
  181 H   0.0416   0.958  0.000  0.000
  182 H   0.0363   0.964  0.000  0.000
  183 H   0.0441   0.956  0.000  0.000
  184 H   0.0302   0.970  0.000  0.000
  185 H   0.0315   0.969  0.000  0.000
  186 H   0.0318   0.968  0.000  0.000
  187 H   0.0304   0.970  0.000  0.000
  188 H   0.0413   0.959  0.000  0.000
  189 H   0.0432   0.957  0.000  0.000
  190 H   0.0374   0.963  0.000  0.000
  191 H   0.0355   0.965  0.000  0.000
  192 H   0.0330   0.967  0.000  0.000
  193 H   0.0297   0.970  0.000  0.000
  194 H   0.0332   0.967  0.000  0.000
  195 H   0.0291   0.971  0.000  0.000
  196 H   0.0326   0.967  0.000  0.000
  197 H   0.0338   0.966  0.000  0.000
  198 H   0.0280   0.972  0.000  0.000
  199 H   0.0330   0.967  0.000  0.000
  200 H   0.0303   0.970  0.000  0.000
  201 H   0.0332   0.967  0.000  0.000
  202 H   0.0359   0.964  0.000  0.000
  203 H   0.0347   0.965  0.000  0.000
  204 H   0.0294   0.971  0.000  0.000
  205 H   0.0316   0.968  0.000  0.000
  206 H   0.0341   0.966  0.000  0.000
  207 H   0.0329   0.967  0.000  0.000
  208 H   0.0295   0.970  0.000  0.000
  209 H   0.0284   0.972  0.000  0.000
  210 H   0.0266   0.973  0.000  0.000
  211 H   0.0484   0.952  0.000  0.000
  212 H   0.0431   0.957  0.000  0.000
  213 H   0.0343   0.966  0.000  0.000
  214 H   0.0352   0.965  0.000  0.000
  215 H   0.0436   0.956  0.000  0.000
  216 H   0.0529   0.947  0.000  0.000
  217 H   0.0445   0.956  0.000  0.000
  218 H   0.0409   0.959  0.000  0.000
  219 H   0.0326   0.967  0.000  0.000
  220 H   0.0314   0.969  0.000  0.000
  221 H   0.0353   0.965  0.000  0.000
  222 H   0.0330   0.967  0.000  0.000
  223 H   0.0413   0.959  0.000  0.000
  224 H   0.0366   0.963  0.000  0.000
  225 H   0.0427   0.957  0.000  0.000
  226 H   0.0298   0.970  0.000  0.000
  227 H   0.0305   0.970  0.000  0.000
  228 H   0.0310   0.969  0.000  0.000
  229 H   0.0310   0.969  0.000  0.000
  230 H   0.0387   0.961  0.000  0.000
  231 H   0.0428   0.957  0.000  0.000
  232 H   0.0377   0.962  0.000  0.000
  233 H   0.0303   0.970  0.000  0.000
  234 H   0.0316   0.968  0.000  0.000
  235 H   0.0352   0.965  0.000  0.000
  236 H   0.0351   0.965  0.000  0.000
  237 H   0.0472   0.953  0.000  0.000
  238 H   0.0396   0.960  0.000  0.000
  239 H   0.0378   0.962  0.000  0.000
  240 H   0.0318   0.968  0.000  0.000
  241 H   0.0306   0.969  0.000  0.000
  242 H   0.0317   0.968  0.000  0.000
  243 H   0.0321   0.968  0.000  0.000
  244 H   0.0411   0.959  0.000  0.000
  245 H   0.0394   0.961  0.000  0.000
  246 H   0.0408   0.959  0.000  0.000
  247 H   0.0325   0.967  0.000  0.000
  248 H   0.0333   0.967  0.000  0.000
  249 H   0.0575   0.943  0.000  0.000
 
 Wiberg/Mayer (AO) data. WBOs > 0.1 written file <wbo>
 largest (>0.05) Wiberg bond orders for each atom
           total WBO             WBO to atom ...
     1  C   3.929    C    2 1.467    C   19 1.287    H  162 0.926
     2  C   3.915    C    1 1.467    C   13 1.121    C    3 1.005    O    4 0.069    C   20 0.068
     3  C   3.908    O    4 1.780    C    2 1.005    C    5 0.975
     4  O   2.134    C    3 1.780    C    2 0.069    C    5 0.066
     5  C   3.930    C    6 1.351    C   12 1.264    C    3 0.975    C    9 0.084    O    4 0.066
     6  C   3.934    C    8 1.361    C    5 1.351    CL   7 1.032    C   11 0.080
     7  CL  1.194    C    6 1.032
     8  C   3.948    C    9 1.404    C    6 1.361    H  163 0.939    C   12 0.090
     9  C   3.940    C    8 1.404    C   11 1.364    BR  10 1.014    C    5 0.084
    10  BR  1.144    C    9 1.014
    11  C   3.955    C   12 1.405    C    9 1.364    H  164 0.933    C    6 0.080
    12  C   3.947    C   11 1.405    C    5 1.264    C   13 1.030    C    8 0.090
    13  C   3.924    C   14 1.439    C    2 1.121    C   12 1.030    N   18 0.092    N   16 0.089
    14  C   3.948    C   13 1.439    C   17 1.075    C   15 1.063    N   18 0.081    N   16 0.081
    15  C   3.941    N   16 2.783    C   14 1.063
    16  N   3.054    C   15 2.783    C   13 0.089    C   14 0.081
    17  C   3.940    N   18 2.779    C   14 1.075
    18  N   3.039    C   17 2.779    C   13 0.092    C   14 0.081
    19  C   3.914    C   20 1.321    C    1 1.287    S   56 1.043
    20  C   3.913    C   19 1.321    C   36 1.230    N   21 1.081    C    2 0.068    S   56 0.058
    21  N   3.374    C   20 1.081    C   29 0.973    C   22 0.965
    22  C   3.927    C   28 1.379    C   23 1.374    N   21 0.965    C   25 0.105
    23  C   3.970    C   24 1.446    C   22 1.374    H  165 0.942    C   27 0.106
    24  C   3.972    C   23 1.446    C   25 1.388    H  166 0.944    C   28 0.105
    25  C   3.951    C   27 1.393    C   24 1.388    C   26 0.993    C   22 0.105
    26  C   3.987    C   25 0.993    H  169 0.978    H  168 0.977    H  167 0.969
    27  C   3.972    C   28 1.441    C   25 1.393    H  170 0.944    C   23 0.106
    28  C   3.969    C   27 1.441    C   22 1.379    H  171 0.945    C   24 0.105
    29  C   3.929    C   35 1.379    C   30 1.372    N   21 0.973    C   32 0.104
    30  C   3.968    C   31 1.446    C   29 1.372    H  172 0.945    C   34 0.105
    31  C   3.972    C   30 1.446    C   32 1.389    H  173 0.945    C   35 0.106
    32  C   3.948    C   34 1.392    C   31 1.389    C   33 0.993    C   29 0.104
    33  C   3.987    C   32 0.993    H  175 0.978    H  174 0.975    H  176 0.969
    34  C   3.972    C   35 1.441    C   32 1.392    H  177 0.944    C   30 0.105
    35  C   3.966    C   34 1.441    C   29 1.379    H  178 0.945    C   31 0.106
    36  C   3.925    C   55 1.365    C   20 1.230    S   37 1.084    C   38 0.066
    37  S   2.489    C   38 1.085    C   36 1.084    C   39 0.064    C   55 0.058
    38  C   3.887    C   39 1.436    C   57 1.091    S   37 1.085    C   36 0.066
    39  C   3.918    C   38 1.436    C   55 1.212    N   40 1.027    S   37 0.064
    40  N   3.330    C   39 1.027    C   41 0.983    C   48 0.971
    41  C   3.932    C   47 1.377    C   42 1.370    N   40 0.983    C   44 0.104
    42  C   3.970    C   43 1.449    C   41 1.370    H  179 0.943    C   46 0.104
    43  C   3.972    C   42 1.449    C   44 1.384    H  180 0.945    C   47 0.106
    44  C   3.952    C   46 1.397    C   43 1.384    C   45 0.992    C   41 0.104
    45  C   3.986    C   44 0.992    H  182 0.979    H  183 0.972    H  181 0.971
    46  C   3.972    C   47 1.436    C   44 1.397    H  184 0.943    C   42 0.104
    47  C   3.970    C   46 1.436    C   41 1.377    H  185 0.944    C   43 0.106
    48  C   3.931    C   49 1.377    C   54 1.374    N   40 0.971    C   51 0.104
    49  C   3.970    C   50 1.436    C   48 1.377    H  186 0.943    C   53 0.105
    50  C   3.972    C   49 1.436    C   51 1.397    H  187 0.945    C   54 0.106
    51  C   3.949    C   50 1.397    C   53 1.386    C   52 0.993    C   48 0.104
    52  C   3.986    C   51 0.993    H  190 0.977    H  189 0.976    H  188 0.969
    53  C   3.972    C   54 1.448    C   51 1.386    H  191 0.943    C   49 0.105
    54  C   3.970    C   53 1.448    C   48 1.374    H  192 0.945    C   50 0.106
    55  C   3.924    C   36 1.365    C   39 1.212    S   56 1.088    S   37 0.058
    56  S   2.478    C   55 1.088    C   19 1.043    C   20 0.058
    57  C   3.900    C   58 1.455    C   38 1.091    S   99 1.074    C   98 0.071
    58  C   3.929    C   57 1.455    C   67 1.209    C   59 1.016    S   99 0.066
    59  C   3.955    C   66 1.371    C   60 1.358    C   58 1.016    C   62 0.101
    60  C   3.969    C   61 1.445    C   59 1.358    H  193 0.943    C   63 0.104
    61  C   3.972    C   60 1.445    C   62 1.421    H  194 0.944    C   66 0.103
    62  C   3.966    C   61 1.421    C   63 1.390    H  195 0.946    C   59 0.101
    63  C   3.949    C   66 1.400    C   62 1.390    C   64 0.981    C   60 0.104
    64  C   3.972    C   65 0.991    C   63 0.981    H  196 0.967    H  197 0.966
    65  C   3.983    C   64 0.991    H  198 0.985    H  200 0.984    H  199 0.980
    66  C   3.967    C   63 1.400    C   59 1.371    H  201 0.938    C   61 0.103
    67  C   3.912    C   98 1.368    C   58 1.209    S   68 1.078    C   69 0.057
    68  S   2.493    C   69 1.099    C   67 1.078    C   97 0.055    C   98 0.053
    69  C   3.924    C   97 1.352    C   70 1.195    S   68 1.099    C   67 0.057
    70  C   3.925    C   95 1.281    C   69 1.195    C   71 1.165
    71  C   3.928    N   75 1.429    C   70 1.165    C   72 1.099    S   74 0.074
    72  C   3.929    N   73 1.428    C   76 1.167    C   71 1.099    S   74 0.074
    73  N   3.072    C   72 1.428    S   74 1.280    N   75 0.202
    74  S   2.806    N   73 1.280    N   75 1.279    C   72 0.074    C   71 0.074
    75  N   3.072    C   71 1.429    S   74 1.279    N   73 0.202
    76  C   3.927    C   94 1.288    C   77 1.188    C   72 1.167
    77  C   3.926    C   92 1.360    C   76 1.188    S   78 1.101    C   79 0.059
    78  S   2.498    C   77 1.101    C   79 1.081    C   92 0.056    C   91 0.053
    79  C   3.912    C   91 1.366    C   80 1.207    S   78 1.081    C   77 0.059
    80  C   3.929    C   89 1.459    C   79 1.207    C   81 1.017    S   90 0.067
    81  C   3.955    C   82 1.364    C   88 1.364    C   80 1.017    C   84 0.101
    82  C   3.968    C   83 1.438    C   81 1.364    H  202 0.939    C   85 0.102
    83  C   3.972    C   82 1.438    C   84 1.430    H  203 0.944    C   88 0.104
    84  C   3.966    C   83 1.430    C   85 1.381    H  204 0.946    C   81 0.101
    85  C   3.949    C   88 1.408    C   84 1.381    C   86 0.980    C   82 0.102
    86  C   3.973    C   87 0.991    C   85 0.980    H  205 0.966    H  206 0.966
    87  C   3.983    C   86 0.991    H  209 0.984    H  208 0.984    H  207 0.980
    88  C   3.968    C   85 1.408    C   81 1.364    H  210 0.943    C   83 0.104
    89  C   3.899    C   80 1.459    C  104 1.085    S   90 1.075    C   91 0.071
    90  S   2.505    C   91 1.099    C   89 1.075    C   80 0.067
    91  C   3.929    C   79 1.366    C   92 1.225    S   90 1.099    C   89 0.071    S   78 0.053
    92  C   3.902    C   77 1.360    C   91 1.225    N   93 1.069    S   78 0.056
    93  N   3.404    C   94 1.085    C   92 1.069    C  102 0.947
    94  C   3.898    C   76 1.288    C   95 1.241    N   93 1.085
    95  C   3.903    C   70 1.281    C   94 1.241    N   96 1.096
    96  N   3.428    C   95 1.096    C   97 1.079    C  100 0.947
    97  C   3.901    C   69 1.352    C   98 1.222    N   96 1.079    S   68 0.055
    98  C   3.928    C   67 1.368    C   97 1.222    S   99 1.098    C   57 0.071    S   68 0.053
    99  S   2.507    C   98 1.098    C   57 1.074    C   58 0.066
   100  C   3.932    C  101 1.006    H  212 0.967    H  211 0.965    N   96 0.947
   101  C   3.980    C  100 1.006    H  214 0.980    H  213 0.979    H  215 0.975
   102  C   3.933    C  103 1.002    H  217 0.969    H  216 0.962    N   93 0.947
   103  C   3.981    C  102 1.002    H  220 0.984    H  219 0.982    H  218 0.975
   104  C   3.882    C  105 1.444    C   89 1.085    S  141 1.083    C  140 0.060
   105  C   3.919    C  104 1.444    C  121 1.207    N  106 1.022    S  141 0.065
   106  N   3.339    C  105 1.022    C  107 0.988    C  114 0.976
   107  C   3.933    C  113 1.375    C  108 1.368    N  106 0.988    C  110 0.103
   108  C   3.970    C  109 1.449    C  107 1.368    H  221 0.943    C  112 0.104
   109  C   3.972    C  108 1.449    C  110 1.385    H  222 0.944    C  113 0.106
   110  C   3.952    C  112 1.396    C  109 1.385    C  111 0.992    C  107 0.103
   111  C   3.986    C  110 0.992    H  224 0.978    H  225 0.974    H  223 0.970
   112  C   3.972    C  113 1.438    C  110 1.396    H  226 0.944    C  108 0.104
   113  C   3.970    C  112 1.438    C  107 1.375    H  227 0.945    C  109 0.106
   114  C   3.931    C  120 1.376    C  115 1.373    N  106 0.976    C  117 0.104
   115  C   3.969    C  116 1.448    C  114 1.373    H  228 0.945    C  119 0.106
   116  C   3.972    C  115 1.448    C  117 1.386    H  229 0.945    C  120 0.106
   117  C   3.950    C  119 1.396    C  116 1.386    C  118 0.993    C  114 0.104
   118  C   3.987    C  117 0.993    H  232 0.978    H  230 0.977    H  231 0.968
   119  C   3.972    C  120 1.438    C  117 1.396    H  233 0.944    C  115 0.106
   120  C   3.970    C  119 1.438    C  114 1.376    H  234 0.942    C  116 0.106
   121  C   3.916    C  140 1.345    C  105 1.207    S  122 1.087    S  141 0.056
   122  S   2.530    C  121 1.087    C  123 1.047    C  124 0.067    O  145 0.065
   123  C   3.917    C  142 1.339    C  124 1.279    S  122 1.047
   124  C   3.912    C  123 1.279    C  140 1.265    N  125 1.075    S  122 0.067    C  143 0.066
   125  N   3.384    C  124 1.075    C  126 0.974    C  133 0.970
   126  C   3.927    C  127 1.378    C  132 1.364    N  125 0.974    C  129 0.103
   127  C   3.968    C  128 1.437    C  126 1.378    H  235 0.944    C  131 0.104
   128  C   3.972    C  127 1.437    C  129 1.397    H  236 0.944    C  132 0.105
   129  C   3.950    C  128 1.397    C  131 1.381    C  130 0.995    C  126 0.103
   130  C   3.986    C  129 0.995    H  239 0.977    H  238 0.977    H  237 0.965
   131  C   3.972    C  132 1.453    C  129 1.381    H  240 0.944    C  127 0.104
   132  C   3.970    C  131 1.453    C  126 1.364    H  241 0.945    C  128 0.105
   133  C   3.929    C  139 1.380    C  134 1.372    N  125 0.970    C  136 0.105
   134  C   3.968    C  135 1.447    C  133 1.372    H  242 0.945    C  138 0.105
   135  C   3.972    C  134 1.447    C  136 1.388    H  243 0.945    C  139 0.106
   136  C   3.948    C  138 1.393    C  135 1.388    C  137 0.993    C  133 0.105
   137  C   3.987    C  136 0.993    H  245 0.979    H  246 0.975    H  244 0.969
   138  C   3.972    C  139 1.440    C  136 1.393    H  247 0.944    C  134 0.105
   139  C   3.966    C  138 1.440    C  133 1.380    H  248 0.945    C  135 0.106
   140  C   3.927    C  121 1.345    C  124 1.265    S  141 1.076    C  104 0.060
   141  S   2.479    C  104 1.083    C  140 1.076    C  105 0.065    C  121 0.056
   142  C   3.926    C  143 1.416    C  123 1.339    H  249 0.907
   143  C   3.912    C  142 1.416    C  156 1.136    C  144 1.045    C  124 0.066    O  145 0.064
   144  C   3.908    O  145 1.737    C  143 1.045    C  146 0.975
   145  O   2.185    C  144 1.737    S  122 0.065    C  143 0.064    C  146 0.059
   146  C   3.923    C  147 1.368    C  155 1.246    C  144 0.975    C  151 0.078    O  145 0.059
   147  C   3.933    C  146 1.368    C  149 1.296    CL 148 1.035    C  153 0.067
   148  CL  1.201    C  147 1.035
   149  C   3.902    C  151 1.362    C  147 1.296    CL 150 1.021    C  155 0.077
   150  CL  1.177    C  149 1.021
   151  C   3.927    C  149 1.362    C  153 1.308    CL 152 1.021    C  146 0.078
   152  CL  1.173    C  151 1.021
   153  C   3.924    C  155 1.349    C  151 1.308    CL 154 1.022    C  147 0.067
   154  CL  1.206    C  153 1.022
   155  C   3.943    C  153 1.349    C  146 1.246    C  156 1.056    C  149 0.077
   156  C   3.927    C  157 1.405    C  143 1.136    C  155 1.056    N  159 0.088    N  161 0.088
   157  C   3.920    C  156 1.405    C  160 1.077    C  158 1.075    N  159 0.085    N  161 0.083
   158  C   3.938    N  159 2.763    C  157 1.075
   159  N   3.031    C  158 2.763    C  156 0.088    C  157 0.085
   160  C   3.939    N  161 2.754    C  157 1.077
   161  N   3.036    C  160 2.754    C  156 0.088    C  157 0.083
   162  H   0.991    C    1 0.926
   163  H   0.993    C    8 0.939
   164  H   0.992    C   11 0.933
   165  H   0.997    C   23 0.942
   166  H   0.997    C   24 0.944
   167  H   0.997    C   26 0.969
   168  H   0.997    C   26 0.977
   169  H   0.997    C   26 0.978
   170  H   0.997    C   27 0.944
   171  H   0.997    C   28 0.945
   172  H   0.997    C   30 0.945
   173  H   0.997    C   31 0.945
   174  H   0.997    C   33 0.975
   175  H   0.997    C   33 0.978
   176  H   0.997    C   33 0.969
   177  H   0.997    C   34 0.944
   178  H   0.997    C   35 0.945
   179  H   0.997    C   42 0.943
   180  H   0.997    C   43 0.945
   181  H   0.997    C   45 0.971
   182  H   0.998    C   45 0.979
   183  H   0.997    C   45 0.972
   184  H   0.998    C   46 0.943
   185  H   0.998    C   47 0.944
   186  H   0.998    C   49 0.943
   187  H   0.998    C   50 0.945
   188  H   0.997    C   52 0.969
   189  H   0.997    C   52 0.976
   190  H   0.997    C   52 0.977
   191  H   0.997    C   53 0.943
   192  H   0.997    C   54 0.945
   193  H   0.996    C   60 0.943
   194  H   0.995    C   61 0.944
   195  H   0.996    C   62 0.946
   196  H   0.997    C   64 0.967
   197  H   0.998    C   64 0.966
   198  H   0.999    C   65 0.985
   199  H   0.997    C   65 0.980
   200  H   0.999    C   65 0.984
   201  H   0.998    C   66 0.938
   202  H   0.995    C   82 0.939
   203  H   0.995    C   83 0.944
   204  H   0.996    C   84 0.946
   205  H   0.998    C   86 0.966
   206  H   0.997    C   86 0.966
   207  H   0.997    C   87 0.980
   208  H   0.999    C   87 0.984
   209  H   0.999    C   87 0.984
   210  H   0.999    C   88 0.943
   211  H   0.996    C  100 0.965
   212  H   0.996    C  100 0.967
   213  H   0.999    C  101 0.979
   214  H   0.998    C  101 0.980
   215  H   0.997    C  101 0.975
   216  H   0.995    C  102 0.962
   217  H   0.996    C  102 0.969
   218  H   0.998    C  103 0.975
   219  H   0.998    C  103 0.982
   220  H   0.999    C  103 0.984
   221  H   0.997    C  108 0.943
   222  H   0.997    C  109 0.944
   223  H   0.997    C  111 0.970
   224  H   0.997    C  111 0.978
   225  H   0.997    C  111 0.974
   226  H   0.998    C  112 0.944
   227  H   0.998    C  113 0.945
   228  H   0.998    C  115 0.945
   229  H   0.998    C  116 0.945
   230  H   0.997    C  118 0.977
   231  H   0.997    C  118 0.968
   232  H   0.997    C  118 0.978
   233  H   0.998    C  119 0.944
   234  H   0.998    C  120 0.942
   235  H   0.997    C  127 0.944
   236  H   0.997    C  128 0.944
   237  H   0.997    C  130 0.965
   238  H   0.997    C  130 0.977
   239  H   0.997    C  130 0.977
   240  H   0.998    C  131 0.944
   241  H   0.998    C  132 0.945
   242  H   0.997    C  134 0.945
   243  H   0.997    C  135 0.945
   244  H   0.997    C  137 0.969
   245  H   0.997    C  137 0.979
   246  H   0.997    C  137 0.975
   247  H   0.997    C  138 0.944
   248  H   0.997    C  139 0.945
   249  H   0.992    C  142 0.907
 
 --------------------------------------------
          xTB calculation for sTDA...
 --------------------------------------------
 
 reading parameter file /ihome/ghutchison/blp62/xtb4stda/.param_stda2.xtb
 
      method parameters     
 k(s)        :  1.6000
 k(p)        :  2.1800
 k(d)        :  1.9500
 k(f)        :  2.0000
 k(R-V)      :  2.2750
 k(R-R)      :  1.7650
 Tscal       :  0.2580
 Gscal       :  1.0000
 fpol        :  1.0000
 Zcnf        :  0.3430
 Zqf         :  0.0000
 kcn         :  2.7000
 Ryd Hsplit  :  0.7000
 lshift(virt):  3.1000
 lshift(OS)  :  0.2000
 wllscaling  :  2.6000
 
 mowrcut     : 3.000
 
  Z AO/shell   Hii/eV     exponent
  1     Sun Feb 14 09:53:25 CET 2016    EN: 2.327 GAM: 0.473  GM3: 0.0000
     1s    -14.339618    1.220000
     2sp    -3.348946    0.600000
  6     Sun Feb 14 09:53:25 CET 2016    EN: 2.731 GAM: 0.422  GM3: 0.0000
     2s    -22.009312    1.565095
     2p    -13.020408    1.596905
     3sp    -3.914040    0.824500
  7     Sun Feb 14 09:53:25 CET 2016    EN: 3.573 GAM: 0.504  GM3: 0.0000
     2s    -25.722000    2.064844
     2p    -18.684912    1.801692
     3sp    -4.344791    0.921400
  8     Sun Feb 14 09:53:25 CET 2016    EN: 3.700 GAM: 0.587  GM3: 0.0000
     2s    -33.859000    2.418661
     2p    -22.175911    1.973969
     3sp    -4.259392    1.013700
 16     Sun Feb 21 16:35:57 CET 2016    EN: 1.915 GAM: 0.200  GM3: 0.0000
     3s    -17.898811    2.619580
     3p    -15.317401    1.798798
     4sp    -4.455139    0.843200
 17     Sun Feb 21 16:32:04 CET 2016    EN: 2.375 GAM: 0.300  GM3: 0.0000
     3s    -29.486180    2.293696
     3p    -18.696427    2.332982
     4sp    -5.680125    0.918900
 35     Sun Feb 21 17:52:41 CET 2016    EN: 0.811 GAM: 0.434  GM3: 0.0000
     4s    -26.543782    1.553543
     4p    -18.131194    2.798632
     5sp    -5.742330    0.872900
 
 Nbf   :         1728
 T(el) :     0.0
 calculating S/T integrals ...
 cpu time for ints    3.74279100000000     
 Nao   :         1728
 making H0...
 making H1...
 cpu time for H      8.567999999999998E-002
 solving ...
 cpu time for diag    1.56704300000000     
 
 gap (eV)           :   4.200
 Koopmans IP (eV)   :  12.955
 Eel (Eh)           :  -669.633565

          eigenvalues
 #    :         380        381        382        383        384        385        386        387
 occ. :        2.000      2.000      2.000      2.000      2.000      2.000      2.000      2.000
 eps  :       -15.272    -15.078    -15.002    -14.718    -14.456    -14.283    -14.021    -13.854
 #    :         388        389        390        391        392        393        394        395
 occ. :        2.000      2.000      2.000      2.000      2.000      0.000      0.000      0.000
 eps  :       -13.735    -13.703    -13.418    -13.172    -12.957     -8.756     -8.571     -8.374
 #    :         396        397        398        399        400        401        402        403
 occ. :        0.000      0.000      0.000      0.000      0.000      0.000      0.000      0.000
 eps  :        -8.151     -7.153     -6.825     -6.689     -6.480     -6.359     -6.324     -6.233
                            1  SCC done.
 writing mo output ...
 molden style : F
 
speedup  2.87
cpu  time for all   11.94 s
wall time for all    4.15 s
