 
        ______________________________________
       |                                      |
       |          ===================         |
       |             xTB for sTDA             |
       |          ===================         |
       |               S. Grimme              |
       |        Universitaet Bonn, MCTC       |
       |         2015-19, Version 1.0         |
       |     Wed Apr  3 09:14:55 CEST 2019    |
       |______________________________________|
 
        This code comes without any warranty
        for non-commercial, academia use only.
        Preliminary test version.
        Cite this work as:
        S. Grimme  &  C. Bannwarth, JCP 145 (2016) 054103
        if GBSA is used additionally:
        P. Shushkov, F. März, C. Bannwarth, S. Grimme, unpublished.
 
        with help from
        P. Shushkov, G. Brandenburg, S. Dohm, J. Pisarek,
        F. März, M. Checinski, S. Ehrlich, S. Spicher, 
        P. Pracht, E. Caldeweyher, S. Ehlert, and C. Bannwarth.
 
        usage        :
        xtb4stda <coord_file> [options]
        where <coord_file> is a valid file of TM)
        (*coord, Bohr) or xmol (*xyz, Angstroem)
        format.

        options:
        -chrg <int>   : molecular charge
        -uhf  <int>   : # of unpaired electrons(=2*S)
        -nox          : skip second, extended part in sTDA-xTB
        -pop          : do population analysis
                      : (default for -nox)
        -mowr <real>  : cut MO write above (def.3 Eh)
        -molden       : write formatted molden file
        -parx <file>  : read parameters for sTDA-xTB
                        calc (def:~/.param_stda2.xtb)
        -parv <file>  : read parameters for vTB part in
                        sTDA-xTB (def: ~/.param_stda1.xtb)
        -xtemp <real> : el. temp for xTB (def. 0 K)
        -etemp <real> : el. temp for GFN (def. 300 K)
        -fod          : calculate the FOD and write
                        molden.input file with
                        appropriate occupations
                        for plotting. Def. T=12500 K
 
        -acc <real>   : xTB accuracy (def. 1.0)
        -gbsa [string1] [string2]
                        use GBSA implicit solvent
                        for solvent [string1] and
                        solvation state [string2]=
                        reference, bar1M (default=1M)
        additional GFN/opt/MD/siman options read from
        $XTB4STDAHOME/.xtb4stdarc or $set in input
 
       spin and charge state information can be on:
       <.CHRG> (charge) and <.UHF> (=nalpha-nbeta)
       -uhf and -chrg override the file info.
       useful machine settings:
       setenv MKL_NUM_THREADS <NCORE_ON_YOUR_MACHINE>
       setenv OMP_STACKSIZE 500m
       limit stacksize unlimited
 
       total energies in Eh, gaps/HL energies in eV
       please read REVISION and HOWTO files carefully
 =============================
  # OMP threads =           8
 =============================
 
 xtb4stdahome directory:/ihome/ghutchison/blp62/xtb4stda/
 
 
 name of molecule           :
 comment line               :
 number of atoms            :   164
 number of electrons        :   526
 charge                     :  0
 spin                       : 0.0
 first test random number   :  0.5300
 
 -----------------------------------------
      charge density (VTB) calculation
 -----------------------------------------
 
      method parameters     
 k(s)        :  1.8000
 k(p)        :  2.8350
 k(d)        :  2.0860
 k(f)        :  2.0000
 Tscal       :  0.3300
 Gscal       :  0.3910
 fpol        :  1.0000
 Zcnf        :  0.6500
 Zqf         :  0.0000
 kcn         :  0.3000
 kEN1        : -0.5900
 wllscal     :  2.6000
 
     -------------------------
     ! NO SOLVENT MODEL USED !
     -------------------------
 
 doing EN charges ...
 sum q :  0.2109424D-14
 point charge moment (au)
     X       Y       Z   
   1.0458   0.5233   1.0101  total (Debye):    3.928
 
            Z      q(EN)   CN      Cart. coordinates
     1  C   4.0  -0.077   3.231   -10.32679    12.27339     0.21278
     2  C   4.0  -0.001   3.263   -10.31979    14.76707     0.91841
     3  C   4.0   0.101   3.211    -8.78968    16.01316     2.89374
     4  O   6.0  -0.105   1.055    -7.05454    15.16637     4.12905
     5  C   4.0  -0.006   3.353    -9.84812    18.59150     3.14072
     6  C   4.0  -0.077   3.243    -9.11849    20.47159     4.79405
     7  C   4.0  -0.068   3.168   -10.39406    22.76553     4.71146
     8  CL  7.0   0.085   1.204    -9.58167    25.19118     6.71420
     9  C   4.0   0.014   3.248   -12.35786    23.08981     2.97632
    10  F   7.0  -0.028   1.082   -13.58770    25.29795     2.91623
    11  C   4.0  -0.067   3.186   -13.09297    21.21217     1.30467
    12  C   4.0  -0.006   3.346   -11.81268    18.92806     1.38838
    13  C   4.0  -0.008   3.330   -12.07044    16.62052    -0.10186
    14  C   4.0  -0.037   3.120   -13.56823    16.36522    -2.20040
    15  C   4.0   0.235   2.160   -13.62133    14.25949    -3.83671
    16  N   5.0  -0.215   1.028   -13.73056    12.66324    -5.30465
    17  C   4.0   0.237   2.163   -15.21626    18.26590    -3.08819
    18  N   5.0  -0.216   1.026   -16.60200    19.72572    -3.89473
    19  C   4.0  -0.079   3.197    -8.69898    10.26291     0.80294
    20  C   4.0  -0.089   3.335    -6.44434    10.12780     2.13955
    21  C   4.0  -0.109   3.456    -5.37136     7.74296     2.00897
    22  S   6.0   0.225   2.440    -2.52770     6.47609     3.08819
    23  C   4.0  -0.094   3.384    -3.23918     3.66947     1.56809
    24  C   4.0  -0.007   3.363    -1.92355     1.36041     1.07620
    25  C   4.0  -0.062   3.176     0.50305     0.58430     1.73496
    26  C   4.0  -0.001   3.442     1.33660    -1.67108     0.74947
    27  C   4.0  -0.054   4.300     3.90417    -2.91358     1.07884
    28  C   4.0   0.005   3.279     6.12630    -1.37704     0.11943
    29  C   4.0  -0.074   3.209     8.55271    -2.10837     0.80219
    30  C   4.0  -0.072   3.185    10.62952    -0.85208    -0.15798
    31  C   4.0   0.011   3.181    10.32471     1.15462    -1.81886
    32  C   4.0  -0.124   4.130    12.58274     2.46401    -2.95194
    33  O   6.0  -0.108   2.031    12.86677     2.00651    -5.58886
    34  C   4.0  -0.047   4.147    13.08730    -0.50664    -6.23458
    35  O   6.0  -0.108   2.022    10.70964    -1.69395    -6.22532
    36  C   4.0  -0.185   4.068    10.84986    -4.33541    -6.37159
    37  C   4.0  -0.072   3.186     7.89716     1.87858    -2.50200
    38  C   4.0  -0.070   3.186     5.81525     0.61662    -1.55600
    39  C   4.0   0.005   3.275     4.20407    -3.60220     3.84918
    40  C   4.0  -0.072   3.193     5.07240    -1.79977     5.54975
    41  C   4.0  -0.072   3.178     5.27744    -2.36159     8.09256
    42  C   4.0   0.010   3.174     4.63928    -4.74340     8.98754
    43  C   4.0  -0.120   4.130     4.88135    -5.40386    11.75277
    44  O   6.0  -0.106   2.036     2.86501    -6.88370    12.66646
    45  C   4.0  -0.047   4.151     0.56011    -5.56279    12.79515
    46  O   6.0  -0.108   2.014    -1.32073    -7.09044    13.74700
    47  C   4.0  -0.187   4.065    -1.90692    -9.17915    12.18495
    48  C   4.0  -0.073   3.186     3.77095    -6.54261     7.28584
    49  C   4.0  -0.071   3.188     3.53549    -5.97437     4.74737
    50  C   4.0  -0.016   3.612     3.62393    -5.17464    -0.62266
    51  C   4.0  -0.094   3.384     1.21453    -5.27139    -1.64104
    52  C   4.0  -0.007   3.363    -0.24359    -3.14961    -0.82487
    53  C   4.0  -0.062   3.175    -2.69456    -2.40600    -1.43052
    54  C   4.0  -0.001   3.440    -3.51527    -0.13587    -0.46979
    55  C   4.0  -0.054   4.298    -6.02256     1.17673    -0.93655
    56  C   4.0   0.005   3.280    -8.24034    -0.05934     0.40950
    57  C   4.0  -0.073   3.200   -10.66920     0.81523    -0.08636
    58  C   4.0  -0.072   3.186   -12.72258    -0.19653     1.16332
    59  C   4.0   0.010   3.174   -12.39150    -2.08626     2.95799
    60  C   4.0  -0.121   4.134   -14.66219    -3.18419     4.29289
    61  O   6.0  -0.108   2.038   -16.59671    -1.40312     4.73792
    62  C   4.0  -0.041   4.158   -15.97782     0.39401     6.55281
    63  O   6.0  -0.107   2.018   -17.72865     2.33759     6.33020
    64  C   4.0  -0.184   4.067   -17.44198     4.20936     8.19045
    65  C   4.0  -0.072   3.179    -9.96660    -2.93645     3.47313
    66  C   4.0  -0.071   3.185    -7.90586    -1.93413     2.21003
    67  C   4.0   0.005   3.269    -6.50179     1.43789    -3.75073
    68  C   4.0  -0.072   3.193    -5.59113     3.51130    -5.07391
    69  C   4.0  -0.073   3.182    -6.08681     3.77870    -7.62599
    70  C   4.0   0.010   3.177    -7.46952     1.96135    -8.91440
    71  C   4.0  -0.126   4.130    -8.17004     2.32323   -11.64959
    72  O   6.0  -0.107   2.032   -10.82284     2.65809   -11.98294
    73  C   4.0  -0.047   4.149   -11.82005     4.72772   -10.73648
    74  O   6.0  -0.106   2.017   -10.63198     6.96723   -11.51108
    75  C   4.0  -0.186   4.064   -11.67284     9.12927   -10.36760
    76  C   4.0  -0.072   3.184    -8.31574    -0.15099    -7.60256
    77  C   4.0  -0.071   3.191    -7.83329    -0.41555    -5.05010
    78  C   4.0  -0.016   3.617    -5.55768     3.66966     0.35111
    79  C   4.0  -0.106   3.424    -6.78619     5.97985     0.58808
    80  S   6.0   0.221   2.566    -9.49587     7.31910    -0.57996
    81  S   6.0   0.224   2.432     0.72698    -7.76432    -3.70197
    82  C   4.0  -0.107   3.443     3.86827    -8.66609    -3.27168
    83  C   4.0  -0.091   3.360     5.36966   -10.53125    -4.30574
    84  C   4.0  -0.081   3.201     7.87260   -10.37573    -3.47691
    85  S   6.0   0.232   2.673     8.31139    -7.88639    -1.31298
    86  C   4.0  -0.103   3.425     5.17350    -7.08420    -1.56186
    87  C   4.0  -0.073   3.197     9.73284   -12.04455    -4.35960
    88  C   4.0  -0.004   3.277    12.30174   -12.04058    -4.01340
    89  C   4.0   0.101   3.237    13.76269   -10.07583    -2.71100
    90  O   6.0  -0.120   1.203    12.95464    -8.28116    -1.51027
    91  C   4.0  -0.006   3.338    16.43910   -10.65465    -3.18967
    92  C   4.0  -0.067   3.188    18.53254    -9.33128    -2.46874
    93  C   4.0  -0.005   3.253    20.94497   -10.22474    -3.18041
    94  C   4.0  -0.072   3.179    23.17012    -8.92744    -2.50030
    95  C   4.0  -0.072   3.157    25.49297    -9.80447    -3.21499
    96  C   4.0   0.023   3.155    25.63810   -12.03037    -4.64287
    97  F   7.0  -0.026   1.066    27.93846   -12.86166    -5.33092
    98  C   4.0  -0.072   3.198    23.53975   -13.36339    -5.34887
    99  C   4.0  -0.005   3.260    21.13224   -12.48674    -4.63021
   100  C   4.0  -0.068   3.196    18.92731   -13.82353    -5.33848
   101  C   4.0  -0.006   3.337    16.60880   -12.92138    -4.62851
   102  C   4.0  -0.008   3.322    14.05219   -13.85660    -5.08922
   103  C   4.0  -0.037   3.120    13.46997   -16.08950    -6.26633
   104  C   4.0   0.235   2.159    11.01446   -17.05931    -6.63388
   105  N   5.0  -0.214   1.026     9.08448   -17.98566    -6.99539
   106  C   4.0   0.236   2.163    15.28807   -17.77420    -7.24899
   107  N   5.0  -0.215   1.026    16.66871   -19.22078    -8.08992
   108  H   1.0   0.075   1.018   -11.83687    11.71706    -1.05503
   109  H   1.0   0.076   1.006    -7.59519    20.16168     6.11156
   110  H   1.0   0.077   1.007   -14.62535    21.58691     0.01663
   111  H   1.0   0.080   1.007    -5.65123    11.71687     3.12296
   112  H   1.0   0.076   1.006     1.68601     1.75178     2.91547
   113  H   1.0   0.076   1.009     8.82200    -3.67401     2.08361
   114  H   1.0   0.075   1.005    12.50205    -1.46208     0.38154
   115  H   1.0   0.082   1.001    12.39585     4.51588    -2.80794
   116  H   1.0   0.079   1.000    14.31373     1.86535    -1.96645
   117  H   1.0   0.078   0.997    13.90271    -0.54859    -8.15209
   118  H   1.0   0.075   0.997    14.37741    -1.52274    -4.92746
   119  H   1.0   0.079   0.998    11.81759    -5.12456    -4.71732
   120  H   1.0   0.082   0.999     8.90855    -5.01042    -6.42186
   121  H   1.0   0.078   0.995    11.83705    -4.94674    -8.09011
   122  H   1.0   0.075   1.005     7.64772     3.41455    -3.82008
   123  H   1.0   0.076   1.007     3.94102     1.18259    -2.13463
   124  H   1.0   0.076   1.006     5.61173     0.04970     4.87663
   125  H   1.0   0.075   1.005     5.95037    -0.93749     9.39213
   126  H   1.0   0.081   1.001     6.56453    -6.57114    12.04719
   127  H   1.0   0.079   1.000     5.07165    -3.67004    12.88529
   128  H   1.0   0.079   0.997     0.72244    -3.95104    14.10340
   129  H   1.0   0.075   0.997     0.05953    -4.84204    10.88539
   130  H   1.0   0.080   0.996    -0.28932   -10.45018    12.01185
   131  H   1.0   0.082   0.997    -3.46595   -10.15633    13.09977
   132  H   1.0   0.078   0.995    -2.48348    -8.54175    10.29882
   133  H   1.0   0.075   1.005     3.26790    -8.39643     7.97483
   134  H   1.0   0.076   1.007     2.84158    -7.39847     3.46047
   135  H   1.0   0.076   1.006    -3.86959    -3.55023    -2.64203
   136  H   1.0   0.076   1.009   -10.95077     2.28411    -1.47569
   137  H   1.0   0.076   1.006   -14.60758     0.48207     0.78027
   138  H   1.0   0.078   1.000   -14.07846    -4.08483     6.07509
   139  H   1.0   0.081   1.001   -15.54678    -4.61962     3.09348
   140  H   1.0   0.075   0.997   -14.02762     1.12288     6.25480
   141  H   1.0   0.074   0.995   -16.05266    -0.45221     8.48033
   142  H   1.0   0.077   0.995   -15.57607     5.10793     8.07215
   143  H   1.0   0.078   0.995   -17.68122     3.42248    10.09359
   144  H   1.0   0.082   0.997   -18.90595     5.60568     7.83197
   145  H   1.0   0.075   1.005    -9.67804    -4.39588     4.87209
   146  H   1.0   0.076   1.007    -6.03219    -2.61840     2.64184
   147  H   1.0   0.076   1.007    -4.50813     4.94730    -4.10808
   148  H   1.0   0.075   1.005    -5.41539     5.42918    -8.62112
   149  H   1.0   0.082   1.001    -7.73030     0.63438   -12.75414
   150  H   1.0   0.081   1.001    -7.16244     3.94896   -12.44177
   151  H   1.0   0.079   0.997   -13.84375     4.75587   -11.22478
   152  H   1.0   0.075   0.996   -11.63599     4.53383    -8.65117
   153  H   1.0   0.082   0.997   -10.59966    10.73289   -11.07342
   154  H   1.0   0.079   0.996   -13.66782     9.35698   -10.86970
   155  H   1.0   0.079   0.996   -11.51637     9.04007    -8.30459
   156  H   1.0   0.075   1.005    -9.39137    -1.57490    -8.59202
   157  H   1.0   0.076   1.006    -8.53192    -2.05262    -4.05025
   158  H   1.0   0.079   1.005     4.73698   -11.93551    -5.63063
   159  H   1.0   0.076   1.013     8.97374   -13.51702    -5.56354
   160  H   1.0   0.075   1.005    18.35132    -7.62051    -1.37137
   161  H   1.0   0.075   1.005    23.01063    -7.21705    -1.39953
   162  H   1.0   0.075   1.004    27.21319    -8.83371    -2.71308
   163  H   1.0   0.076   1.005    23.72324   -15.07113    -6.44661
   164  H   1.0   0.077   1.007    19.13669   -15.52485    -6.43867
 
  Z AO/shell   Hii/eV     exponent
  1     Sat Feb 20 21:38:01 CET 2016    EN: 2.327 GAM: 0.473  GM3: 0.0000
     1s    -13.751157    1.051071
  6     Sat Feb 20 21:38:01 CET 2016    EN: 2.731 GAM: 0.422  GM3: 0.0000
     2s    -19.378245    2.021003
     2p    -11.993376    1.497917
  7     Sat Feb 20 21:38:01 CET 2016    EN: 3.573 GAM: 0.504  GM3: 0.0000
     2s    -21.576984    2.275442
     2p    -16.125120    2.056788
  8     Sat Feb 20 21:38:01 CET 2016    EN: 3.700 GAM: 0.587  GM3: 0.0000
     2s    -21.648843    2.110798
     2p    -17.239740    2.329048
  9     Sat Feb 20 21:51:24 CET 2016    EN: 3.394 GAM: 0.669  GM3: 0.0000
     2s    -19.384211    2.614957
     2p    -19.426034    2.777297
 16     Sat Feb 20 23:13:41 CET 2016    EN: 1.915 GAM: 0.389  GM3: 0.0000
     3s    -22.000000    2.671470
     3p    -15.834192    1.836978
     3d     -2.593599    1.836978
 17     Sat Feb 20 23:13:41 CET 2016    EN: 2.375 GAM: 0.431  GM3: 0.0000
     3s    -21.000000    2.596786
     3p    -17.375270    2.088291
     3d     -1.372943    2.088291
 
 dipole moment of classical point charges (au)
     X       Y       Z   
   1.0458   0.5233   1.0101  total (Debye):    3.928

 
 Nbf   :          515
 T(el) :   300.0
 calculating S/T integrals ...
 cpu time for ints   0.599134000000000     
 Nao   :          510
 making H0...
 making H1...
 cpu time for H      0.205539000000000     
 solving ...
 cpu time for diag   0.292930000000000     
 
 gap (eV)           :   2.192
 Koopmans IP (eV)   :  12.260
 Eel (Eh)           :  -411.274612
 T,E(Fermi),NFOD :    300.000   -11.164  0.000000
 T,E(Fermi),NFOD :    300.000   -11.164  0.000000
 Nfod               :  0.0000
 Nfod/Nel           :  0.0000

          eigenvalues
 #    :         251        252        253        254        255        256        257        258
 occ. :        2.000      2.000      2.000      2.000      2.000      2.000      2.000      2.000
 eps  :       -15.113    -15.040    -15.029    -14.875    -14.822    -14.804    -14.612    -14.461
 #    :         259        260        261        262        263        264        265        266
 occ. :        2.000      2.000      2.000      2.000      2.000      0.000      0.000      0.000
 eps  :       -14.362    -14.175    -14.123    -13.035    -12.261    -10.069     -9.632     -9.422
 #    :         267        268        269        270        271        272        273        274
 occ. :        0.000      0.000      0.000      0.000      0.000      0.000      0.000      0.000
 eps  :        -9.358     -8.738     -8.560     -7.986     -7.648     -7.527     -7.326     -7.306
                            1  SCC done.
 making H1...
 cpu time for H      0.373468000000000     
 solving ...
 cpu time for diag   0.148733000000000     
 
 gap (eV)           :   2.300
 Koopmans IP (eV)   :  12.578
 Eel (Eh)           :  -409.818388
 T,E(Fermi),NFOD :    300.000   -11.428  0.000000
 T,E(Fermi),NFOD :    300.000   -11.428  0.000000
 Nfod               :  0.0000
 Nfod/Nel           :  0.0000

          eigenvalues
 #    :         251        252        253        254        255        256        257        258
 occ. :        2.000      2.000      2.000      2.000      2.000      2.000      2.000      2.000
 eps  :       -14.634    -14.486    -14.426    -14.390    -14.371    -14.260    -14.211    -14.182
 #    :         259        260        261        262        263        264        265        266
 occ. :        2.000      2.000      2.000      2.000      2.000      0.000      0.000      0.000
 eps  :       -14.104    -14.074    -14.071    -13.334    -12.579    -10.279     -9.882     -9.406
 #    :         267        268        269        270        271        272        273        274
 occ. :        0.000      0.000      0.000      0.000      0.000      0.000      0.000      0.000
 eps  :        -9.223     -8.869     -8.635     -8.247     -7.913     -7.607     -7.568     -7.411
                            2  SCC done.
 
 
 Mulliken/CM5 charges    n(s)   n(p)   n(d)   
    1 C   0.0002 -0.0467   1.155  2.845  0.000
    2 C  -0.0287 -0.0311   1.177  2.852  0.000
    3 C   0.1384  0.1733   1.173  2.689  0.000
    4 O  -0.2260 -0.2809   1.622  4.604  0.000
    5 C  -0.0301 -0.0319   1.187  2.843  0.000
    6 C  -0.0212 -0.0700   1.145  2.876  0.000
    7 C   0.0742  0.0719   1.146  2.780  0.000
    8 CL -0.0248 -0.0249   1.896  5.127  0.002
    9 C   0.0973  0.1123   1.166  2.737  0.000
   10 F  -0.1168 -0.1409   1.677  5.440  0.000
   11 C  -0.0209 -0.0682   1.142  2.879  0.000
   12 C  -0.0046 -0.0077   1.167  2.838  0.000
   13 C   0.0153  0.0146   1.197  2.788  0.000
   14 C   0.0104  0.0165   1.114  2.875  0.000
   15 C   0.0970  0.2145   1.172  2.731  0.000
   16 N  -0.2102 -0.3436   1.641  3.569  0.000
   17 C   0.0960  0.2153   1.171  2.733  0.000
   18 N  -0.2071 -0.3372   1.641  3.566  0.000
   19 C  -0.0079 -0.0027   1.166  2.842  0.000
   20 C  -0.0461 -0.0930   1.150  2.896  0.000
   21 C  -0.0429 -0.0311   1.173  2.870  0.000
   22 S   0.1264  0.0933   1.891  3.933  0.050
   23 C  -0.0425 -0.0296   1.185  2.858  0.000
   24 C   0.0011 -0.0023   1.165  2.834  0.000
   25 C  -0.0261 -0.0762   1.140  2.886  0.000
   26 C  -0.0107 -0.0160   1.199  2.812  0.000
   27 C   0.0306  0.0268   1.212  2.758  0.000
   28 C  -0.0065 -0.0151   1.187  2.820  0.000
   29 C  -0.0339 -0.0871   1.140  2.894  0.000
   30 C  -0.0341 -0.0882   1.140  2.894  0.000
   31 C   0.0069 -0.0056   1.180  2.813  0.000
   32 C   0.0280 -0.0473   1.134  2.838  0.000
   33 O  -0.1877 -0.2848   1.486  4.701  0.000
   34 C   0.1030  0.0543   1.133  2.764  0.000
   35 O  -0.2090 -0.3133   1.480  4.729  0.000
   36 C  -0.0137 -0.1348   1.094  2.920  0.000
   37 C  -0.0314 -0.0846   1.138  2.893  0.000
   38 C  -0.0409 -0.0940   1.140  2.901  0.000
   39 C  -0.0049 -0.0137   1.186  2.819  0.000
   40 C  -0.0374 -0.0914   1.140  2.897  0.000
   41 C  -0.0425 -0.0968   1.139  2.904  0.000
   42 C  -0.0007 -0.0147   1.185  2.816  0.000
   43 C   0.0283 -0.0470   1.129  2.843  0.000
   44 O  -0.2071 -0.3075   1.485  4.722  0.000
   45 C   0.1019  0.0529   1.135  2.764  0.000
   46 O  -0.1865 -0.2908   1.481  4.706  0.000
   47 C  -0.0052 -0.1265   1.093  2.912  0.000
   48 C  -0.0376 -0.0913   1.138  2.899  0.000
   49 C  -0.0413 -0.0943   1.140  2.901  0.000
   50 C  -0.0414 -0.0410   1.190  2.852  0.000
   51 C  -0.0454 -0.0327   1.186  2.859  0.000
   52 C   0.0031 -0.0002   1.164  2.833  0.000
   53 C  -0.0268 -0.0767   1.140  2.887  0.000
   54 C  -0.0101 -0.0156   1.197  2.813  0.000
   55 C   0.0298  0.0260   1.212  2.758  0.000
   56 C  -0.0082 -0.0169   1.187  2.821  0.000
   57 C  -0.0368 -0.0901   1.142  2.895  0.000
   58 C  -0.0337 -0.0872   1.138  2.896  0.000
   59 C   0.0009 -0.0131   1.185  2.814  0.000
   60 C   0.0302 -0.0451   1.129  2.841  0.000
   61 O  -0.1896 -0.2869   1.480  4.710  0.000
   62 C   0.1052  0.0578   1.137  2.758  0.000
   63 O  -0.1921 -0.2946   1.476  4.716  0.000
   64 C  -0.0063 -0.1278   1.090  2.916  0.000
   65 C  -0.0451 -0.0994   1.138  2.907  0.000
   66 C  -0.0434 -0.0966   1.141  2.903  0.000
   67 C  -0.0067 -0.0153   1.186  2.821  0.000
   68 C  -0.0413 -0.0943   1.140  2.901  0.000
   69 C  -0.0356 -0.0900   1.141  2.895  0.000
   70 C   0.0034 -0.0103   1.183  2.814  0.000
   71 C   0.0297 -0.0456   1.132  2.838  0.000
   72 O  -0.1916 -0.2884   1.489  4.703  0.000
   73 C   0.1004  0.0516   1.135  2.765  0.000
   74 O  -0.2110 -0.3174   1.482  4.729  0.000
   75 C  -0.0085 -0.1302   1.091  2.918  0.000
   76 C  -0.0352 -0.0889   1.140  2.895  0.000
   77 C  -0.0379 -0.0918   1.141  2.897  0.000
   78 C  -0.0446 -0.0443   1.189  2.855  0.000
   79 C  -0.0423 -0.0277   1.176  2.866  0.000
   80 S   0.1185  0.0810   1.889  3.950  0.043
   81 S   0.1223  0.0892   1.891  3.937  0.050
   82 C  -0.0406 -0.0291   1.169  2.872  0.000
   83 C  -0.0526 -0.1012   1.146  2.907  0.000
   84 C  -0.0062 -0.0007   1.165  2.841  0.000
   85 S   0.1417  0.1078   1.892  3.906  0.060
   86 C  -0.0581 -0.0436   1.190  2.868  0.000
   87 C  -0.0001 -0.0479   1.153  2.847  0.000
   88 C  -0.0209 -0.0229   1.171  2.850  0.000
   89 C   0.1335  0.1682   1.174  2.692  0.000
   90 O  -0.2239 -0.2747   1.621  4.603  0.000
   91 C  -0.0216 -0.0236   1.180  2.842  0.000
   92 C  -0.0188 -0.0685   1.150  2.869  0.000
   93 C   0.0047 -0.0025   1.164  2.831  0.000
   94 C  -0.0268 -0.0802   1.140  2.887  0.000
   95 C  -0.0168 -0.0683   1.132  2.885  0.000
   96 C   0.0984  0.1095   1.164  2.737  0.000
   97 F  -0.1290 -0.1531   1.679  5.450  0.000
   98 C  -0.0285 -0.0773   1.134  2.894  0.000
   99 C   0.0149  0.0078   1.164  2.821  0.000
  100 C  -0.0251 -0.0748   1.151  2.875  0.000
  101 C  -0.0056 -0.0091   1.168  2.838  0.000
  102 C   0.0173  0.0166   1.196  2.787  0.000
  103 C   0.0066  0.0128   1.114  2.880  0.000
  104 C   0.0980  0.2158   1.172  2.730  0.000
  105 N  -0.2152 -0.3454   1.642  3.573  0.000
  106 C   0.0967  0.2157   1.171  2.732  0.000
  107 N  -0.2108 -0.3409   1.642  3.569  0.000
  108 H   0.0651  0.1342   0.935  0.000  0.000
  109 H   0.0578  0.1175   0.942  0.000  0.000
  110 H   0.0592  0.1240   0.941  0.000  0.000
  111 H   0.0737  0.1438   0.926  0.000  0.000
  112 H   0.0493  0.1086   0.951  0.000  0.000
  113 H   0.0419  0.1035   0.958  0.000  0.000
  114 H   0.0390  0.0971   0.961  0.000  0.000
  115 H   0.0490  0.1140   0.951  0.000  0.000
  116 H   0.0396  0.1031   0.960  0.000  0.000
  117 H   0.0406  0.1119   0.959  0.000  0.000
  118 H   0.0353  0.1061   0.965  0.000  0.000
  119 H   0.0410  0.1063   0.959  0.000  0.000
  120 H   0.0432  0.1060   0.957  0.000  0.000
  121 H   0.0310  0.0900   0.969  0.000  0.000
  122 H   0.0405  0.0996   0.960  0.000  0.000
  123 H   0.0377  0.0978   0.962  0.000  0.000
  124 H   0.0414  0.1011   0.959  0.000  0.000
  125 H   0.0379  0.0954   0.962  0.000  0.000
  126 H   0.0545  0.1194   0.945  0.000  0.000
  127 H   0.0409  0.1043   0.959  0.000  0.000
  128 H   0.0413  0.1130   0.959  0.000  0.000
  129 H   0.0355  0.1067   0.965  0.000  0.000
  130 H   0.0418  0.1043   0.958  0.000  0.000
  131 H   0.0434  0.1043   0.957  0.000  0.000
  132 H   0.0337  0.0931   0.966  0.000  0.000
  133 H   0.0415  0.1021   0.959  0.000  0.000
  134 H   0.0382  0.0985   0.962  0.000  0.000
  135 H   0.0495  0.1087   0.951  0.000  0.000
  136 H   0.0418  0.1034   0.958  0.000  0.000
  137 H   0.0451  0.1065   0.955  0.000  0.000
  138 H   0.0404  0.1036   0.960  0.000  0.000
  139 H   0.0548  0.1197   0.945  0.000  0.000
  140 H   0.0336  0.1049   0.966  0.000  0.000
  141 H   0.0299  0.0988   0.970  0.000  0.000
  142 H   0.0337  0.0924   0.966  0.000  0.000
  143 H   0.0351  0.0939   0.965  0.000  0.000
  144 H   0.0472  0.1082   0.953  0.000  0.000
  145 H   0.0373  0.0947   0.963  0.000  0.000
  146 H   0.0397  0.0999   0.960  0.000  0.000
  147 H   0.0380  0.0986   0.962  0.000  0.000
  148 H   0.0416  0.0999   0.958  0.000  0.000
  149 H   0.0490  0.1140   0.951  0.000  0.000
  150 H   0.0483  0.1159   0.952  0.000  0.000
  151 H   0.0417  0.1134   0.958  0.000  0.000
  152 H   0.0359  0.1071   0.964  0.000  0.000
  153 H   0.0455  0.1068   0.954  0.000  0.000
  154 H   0.0372  0.0967   0.963  0.000  0.000
  155 H   0.0374  0.0989   0.963  0.000  0.000
  156 H   0.0409  0.0996   0.959  0.000  0.000
  157 H   0.0400  0.0998   0.960  0.000  0.000
  158 H   0.0639  0.1219   0.936  0.000  0.000
  159 H   0.0626  0.1302   0.937  0.000  0.000
  160 H   0.0511  0.1104   0.949  0.000  0.000
  161 H   0.0493  0.1069   0.951  0.000  0.000
  162 H   0.0479  0.1056   0.952  0.000  0.000
  163 H   0.0453  0.1040   0.955  0.000  0.000
  164 H   0.0540  0.1190   0.946  0.000  0.000
 Hirshfeld charges for QMDFF written to <charges>
 
 Loewdin charges    n(s)   n(p)   n(d)
    1 C   0.0085   1.101  2.890  0.000
    2 C  -0.0367   1.139  2.897  0.000
    3 C   0.1293   1.138  2.732  0.000
    4 O  -0.2092   1.590  4.619  0.000
    5 C  -0.0323   1.147  2.885  0.000
    6 C  -0.0191   1.092  2.927  0.000
    7 C   0.0907   1.103  2.807  0.000
    8 CL -0.0353   1.886  5.125  0.024
    9 C   0.0864   1.132  2.782  0.000
   10 F  -0.0993   1.660  5.439  0.000
   11 C  -0.0208   1.090  2.930  0.000
   12 C  -0.0013   1.124  2.877  0.000
   13 C   0.0265   1.153  2.821  0.000
   14 C  -0.0019   1.073  2.929  0.000
   15 C   0.0915   1.138  2.771  0.000
   16 N  -0.1994   1.603  3.596  0.000
   17 C   0.0900   1.137  2.773  0.000
   18 N  -0.1963   1.603  3.593  0.000
   19 C   0.0146   1.120  2.865  0.000
   20 C  -0.0444   1.099  2.945  0.000
   21 C  -0.0194   1.128  2.891  0.000
   22 S   0.0875   1.877  3.932  0.103
   23 C  -0.0175   1.140  2.878  0.000
   24 C   0.0030   1.123  2.874  0.000
   25 C  -0.0247   1.088  2.937  0.000
   26 C  -0.0082   1.159  2.849  0.000
   27 C   0.0373   1.171  2.792  0.000
   28 C  -0.0015   1.145  2.857  0.000
   29 C  -0.0294   1.087  2.942  0.000
   30 C  -0.0294   1.087  2.942  0.000
   31 C   0.0121   1.137  2.850  0.000
   32 C   0.0218   1.079  2.899  0.000
   33 O  -0.1547   1.452  4.703  0.000
   34 C   0.0841   1.085  2.831  0.000
   35 O  -0.1766   1.445  4.732  0.000
   36 C  -0.0248   1.026  2.999  0.000
   37 C  -0.0266   1.085  2.942  0.000
   38 C  -0.0364   1.087  2.950  0.000
   39 C  -0.0004   1.144  2.856  0.000
   40 C  -0.0328   1.087  2.946  0.000
   41 C  -0.0374   1.085  2.952  0.000
   42 C   0.0057   1.142  2.852  0.000
   43 C   0.0228   1.073  2.904  0.000
   44 O  -0.1758   1.452  4.724  0.000
   45 C   0.0833   1.086  2.830  0.000
   46 O  -0.1521   1.445  4.708  0.000
   47 C  -0.0156   1.025  2.991  0.000
   48 C  -0.0329   1.085  2.948  0.000
   49 C  -0.0366   1.087  2.949  0.000
   50 C  -0.0468   1.154  2.893  0.000
   51 C  -0.0199   1.141  2.879  0.000
   52 C   0.0046   1.122  2.873  0.000
   53 C  -0.0251   1.088  2.937  0.000
   54 C  -0.0077   1.158  2.850  0.000
   55 C   0.0365   1.172  2.792  0.000
   56 C  -0.0034   1.145  2.858  0.000
   57 C  -0.0319   1.088  2.944  0.000
   58 C  -0.0290   1.084  2.945  0.000
   59 C   0.0075   1.142  2.851  0.000
   60 C   0.0247   1.073  2.902  0.000
   61 O  -0.1579   1.446  4.712  0.000
   62 C   0.0860   1.089  2.825  0.000
   63 O  -0.1592   1.440  4.719  0.000
   64 C  -0.0165   1.022  2.995  0.000
   65 C  -0.0400   1.085  2.955  0.000
   66 C  -0.0388   1.088  2.951  0.000
   67 C  -0.0019   1.144  2.858  0.000
   68 C  -0.0368   1.087  2.949  0.000
   69 C  -0.0305   1.088  2.943  0.000
   70 C   0.0092   1.140  2.851  0.000
   71 C   0.0242   1.076  2.900  0.000
   72 O  -0.1590   1.455  4.704  0.000
   73 C   0.0820   1.086  2.832  0.000
   74 O  -0.1781   1.447  4.731  0.000
   75 C  -0.0184   1.022  2.996  0.000
   76 C  -0.0299   1.086  2.944  0.000
   77 C  -0.0333   1.088  2.946  0.000
   78 C  -0.0499   1.153  2.897  0.000
   79 C  -0.0176   1.131  2.886  0.000
   80 S   0.0795   1.876  3.948  0.097
   81 S   0.0834   1.877  3.936  0.103
   82 C  -0.0176   1.124  2.894  0.000
   83 C  -0.0484   1.094  2.954  0.000
   84 C   0.0160   1.120  2.864  0.000
   85 S   0.0976   1.879  3.905  0.118
   86 C  -0.0336   1.145  2.889  0.000
   87 C   0.0073   1.100  2.893  0.000
   88 C  -0.0289   1.133  2.896  0.000
   89 C   0.1250   1.140  2.735  0.000
   90 O  -0.2053   1.590  4.615  0.000
   91 C  -0.0243   1.140  2.885  0.000
   92 C  -0.0131   1.097  2.916  0.000
   93 C   0.0085   1.120  2.871  0.000
   94 C  -0.0199   1.086  2.934  0.000
   95 C  -0.0139   1.079  2.935  0.000
   96 C   0.0938   1.127  2.779  0.000
   97 F  -0.1113   1.662  5.449  0.000
   98 C  -0.0302   1.083  2.947  0.000
   99 C   0.0219   1.120  2.858  0.000
  100 C  -0.0225   1.098  2.924  0.000
  101 C  -0.0027   1.126  2.877  0.000
  102 C   0.0283   1.152  2.820  0.000
  103 C  -0.0057   1.073  2.933  0.000
  104 C   0.0924   1.138  2.770  0.000
  105 N  -0.2043   1.604  3.600  0.000
  106 C   0.0908   1.137  2.772  0.000
  107 N  -0.1999   1.604  3.596  0.000
  108 H   0.0544   0.946  0.000  0.000
  109 H   0.0469   0.953  0.000  0.000
  110 H   0.0479   0.952  0.000  0.000
  111 H   0.0615   0.938  0.000  0.000
  112 H   0.0402   0.960  0.000  0.000
  113 H   0.0341   0.966  0.000  0.000
  114 H   0.0317   0.968  0.000  0.000
  115 H   0.0429   0.957  0.000  0.000
  116 H   0.0348   0.965  0.000  0.000
  117 H   0.0336   0.966  0.000  0.000
  118 H   0.0295   0.970  0.000  0.000
  119 H   0.0383   0.962  0.000  0.000
  120 H   0.0406   0.959  0.000  0.000
  121 H   0.0295   0.970  0.000  0.000
  122 H   0.0325   0.968  0.000  0.000
  123 H   0.0302   0.970  0.000  0.000
  124 H   0.0337   0.966  0.000  0.000
  125 H   0.0306   0.969  0.000  0.000
  126 H   0.0478   0.952  0.000  0.000
  127 H   0.0360   0.964  0.000  0.000
  128 H   0.0343   0.966  0.000  0.000
  129 H   0.0293   0.971  0.000  0.000
  130 H   0.0385   0.962  0.000  0.000
  131 H   0.0405   0.959  0.000  0.000
  132 H   0.0321   0.968  0.000  0.000
  133 H   0.0333   0.967  0.000  0.000
  134 H   0.0305   0.969  0.000  0.000
  135 H   0.0401   0.960  0.000  0.000
  136 H   0.0340   0.966  0.000  0.000
  137 H   0.0362   0.964  0.000  0.000
  138 H   0.0355   0.965  0.000  0.000
  139 H   0.0479   0.952  0.000  0.000
  140 H   0.0273   0.973  0.000  0.000
  141 H   0.0240   0.976  0.000  0.000
  142 H   0.0319   0.968  0.000  0.000
  143 H   0.0332   0.967  0.000  0.000
  144 H   0.0437   0.956  0.000  0.000
  145 H   0.0300   0.970  0.000  0.000
  146 H   0.0319   0.968  0.000  0.000
  147 H   0.0304   0.970  0.000  0.000
  148 H   0.0337   0.966  0.000  0.000
  149 H   0.0430   0.957  0.000  0.000
  150 H   0.0418   0.958  0.000  0.000
  151 H   0.0346   0.965  0.000  0.000
  152 H   0.0296   0.970  0.000  0.000
  153 H   0.0424   0.958  0.000  0.000
  154 H   0.0349   0.965  0.000  0.000
  155 H   0.0351   0.965  0.000  0.000
  156 H   0.0328   0.967  0.000  0.000
  157 H   0.0323   0.968  0.000  0.000
  158 H   0.0537   0.946  0.000  0.000
  159 H   0.0522   0.948  0.000  0.000
  160 H   0.0411   0.959  0.000  0.000
  161 H   0.0404   0.960  0.000  0.000
  162 H   0.0385   0.961  0.000  0.000
  163 H   0.0362   0.964  0.000  0.000
  164 H   0.0439   0.956  0.000  0.000
 
 Wiberg/Mayer (AO) data. WBOs > 0.1 written file <wbo>
 largest (>0.05) Wiberg bond orders for each atom
           total WBO             WBO to atom ...
     1  C   3.924    C    2 1.503    C   19 1.250    H  108 0.922
     2  C   3.906    C    1 1.503    C   13 1.095    C    3 1.008    O    4 0.067    C   20 0.057
     3  C   3.905    O    4 1.777    C    2 1.008    C    5 0.978
     4  O   2.166    C    3 1.777    C    2 0.067    C    5 0.060
     5  C   3.939    C    6 1.398    C   12 1.268    C    3 0.978    C    9 0.084    O    4 0.060
     6  C   3.961    C    5 1.398    C    7 1.376    H  109 0.940    C   11 0.085
     7  C   3.924    C    6 1.376    C    9 1.327    CL   8 1.026    C   12 0.084
     8  CL  1.179    C    7 1.026
     9  C   3.909    C   11 1.400    C    7 1.327    F   10 0.980    C    5 0.084
    10  F   1.109    C    9 0.980
    11  C   3.957    C    9 1.400    C   12 1.373    H  110 0.935    C    6 0.085
    12  C   3.949    C   11 1.373    C    5 1.268    C   13 1.049    C    7 0.084
    13  C   3.932    C   14 1.469    C    2 1.095    C   12 1.049    N   18 0.091    N   16 0.091
    14  C   3.928    C   13 1.469    C   15 1.061    C   17 1.059    N   16 0.080    N   18 0.079
    15  C   3.939    N   16 2.780    C   14 1.061
    16  N   3.043    C   15 2.780    C   13 0.091    C   14 0.080
    17  C   3.940    N   18 2.791    C   14 1.059
    18  N   3.047    C   17 2.791    C   13 0.091    C   14 0.079
    19  C   3.916    C   20 1.410    C    1 1.250    S   80 1.054    C   79 0.056
    20  C   3.932    C   19 1.410    C   21 1.349    H  111 0.917    S   80 0.073    C    2 0.057
    21  C   3.919    C   20 1.349    C   79 1.270    S   22 1.083    C   23 0.057
    22  S   2.510    C   23 1.122    C   21 1.083    C   78 0.071
    23  C   3.887    C   78 1.420    S   22 1.122    C   24 1.110    C   21 0.057
    24  C   3.923    C   25 1.325    C   54 1.259    C   23 1.110    C   52 0.076
    25  C   3.949    C   26 1.460    C   24 1.325    H  112 0.940    C   53 0.075
    26  C   3.920    C   25 1.460    C   52 1.260    C   27 0.923    C   54 0.088
    27  C   3.920    C   50 0.926    C   26 0.923    C   28 0.921    C   39 0.918
    28  C   3.945    C   38 1.394    C   29 1.390    C   27 0.921    C   31 0.108
    29  C   3.970    C   30 1.436    C   28 1.390    H  113 0.943    C   37 0.109
    30  C   3.970    C   29 1.436    C   31 1.395    H  114 0.944    C   38 0.106
    31  C   3.948    C   30 1.395    C   37 1.394    C   32 0.966    C   28 0.108
    32  C   3.946    O   33 0.977    C   31 0.966    H  115 0.965    H  116 0.959
    33  O   2.133    C   34 1.020    C   32 0.977
    34  C   3.936    O   33 1.020    O   35 0.977    H  117 0.966    H  118 0.948
    35  O   2.091    C   36 1.006    C   34 0.977
    36  C   3.963    O   35 1.006    H  120 0.985    H  121 0.979    H  119 0.971
    37  C   3.972    C   38 1.437    C   31 1.394    H  122 0.945    C   29 0.109
    38  C   3.970    C   37 1.437    C   28 1.394    H  123 0.944    C   30 0.106
    39  C   3.945    C   49 1.395    C   40 1.391    C   27 0.918    C   42 0.108
    40  C   3.970    C   41 1.436    C   39 1.391    H  124 0.944    C   48 0.109
    41  C   3.971    C   40 1.436    C   42 1.396    H  125 0.945    C   49 0.107
    42  C   3.948    C   41 1.396    C   48 1.394    C   43 0.961    C   39 0.108
    43  C   3.950    O   44 0.992    C   42 0.961    H  126 0.960    H  127 0.957
    44  O   2.103    C   43 0.992    C   45 0.972
    45  C   3.936    O   46 1.022    O   44 0.972    H  128 0.963    H  129 0.951
    46  O   2.123    C   45 1.022    C   47 1.001
    47  C   3.961    O   46 1.001    H  131 0.987    H  130 0.980    H  132 0.977
    48  C   3.973    C   49 1.436    C   42 1.394    H  133 0.945    C   40 0.109
    49  C   3.971    C   48 1.436    C   39 1.395    H  134 0.944    C   41 0.107
    50  C   3.917    C   51 1.421    C   86 1.276    C   27 0.926    S   81 0.071
    51  C   3.883    C   50 1.421    S   81 1.119    C   52 1.112    C   82 0.054
    52  C   3.924    C   53 1.324    C   26 1.260    C   51 1.112    C   24 0.076
    53  C   3.948    C   54 1.461    C   52 1.324    H  135 0.941    C   25 0.075
    54  C   3.920    C   53 1.461    C   24 1.259    C   55 0.924    C   26 0.088
    55  C   3.920    C   78 0.925    C   54 0.924    C   67 0.921    C   56 0.917
    56  C   3.944    C   66 1.402    C   57 1.383    C   55 0.917    C   59 0.108
    57  C   3.970    C   58 1.446    C   56 1.383    H  136 0.943    C   65 0.108
    58  C   3.971    C   57 1.446    C   59 1.385    H  137 0.945    C   66 0.107
    59  C   3.947    C   65 1.403    C   58 1.385    C   60 0.960    C   56 0.108
    60  C   3.949    O   61 0.991    C   59 0.960    H  139 0.960    H  138 0.957
    61  O   2.112    C   62 0.998    C   60 0.991
    62  C   3.933    O   63 1.001    O   61 0.998    H  141 0.954    H  140 0.951
    63  O   2.099    C   64 1.005    C   62 1.001
    64  C   3.964    O   63 1.005    H  144 0.986    H  142 0.978    H  143 0.977
    65  C   3.972    C   66 1.427    C   59 1.403    H  145 0.945    C   57 0.108
    66  C   3.969    C   65 1.427    C   56 1.402    H  146 0.943    C   58 0.107
    67  C   3.946    C   68 1.398    C   77 1.388    C   55 0.921    C   70 0.109
    68  C   3.971    C   69 1.432    C   67 1.398    H  147 0.944    C   76 0.108
    69  C   3.972    C   68 1.432    C   70 1.398    H  148 0.944    C   77 0.107
    70  C   3.948    C   69 1.398    C   76 1.389    C   71 0.965    C   67 0.109
    71  C   3.947    O   72 0.977    H  149 0.966    C   70 0.965    H  150 0.961
    72  O   2.127    C   73 1.016    C   71 0.977
    73  C   3.935    O   72 1.016    O   74 0.977    H  151 0.964    H  152 0.952
    74  O   2.090    C   75 1.004    C   73 0.977
    75  C   3.962    O   74 1.004    H  153 0.986    H  154 0.978    H  155 0.976
    76  C   3.971    C   77 1.441    C   70 1.389    H  156 0.945    C   68 0.108
    77  C   3.970    C   76 1.441    C   67 1.388    H  157 0.944    C   69 0.107
    78  C   3.917    C   23 1.420    C   79 1.279    C   55 0.925    S   22 0.071
    79  C   3.922    C   78 1.279    C   21 1.270    S   80 1.129    C   19 0.056
    80  S   2.505    C   79 1.129    C   19 1.054    C   20 0.073
    81  S   2.504    C   51 1.119    C   82 1.079    C   50 0.071
    82  C   3.919    C   83 1.365    C   86 1.266    S   81 1.079    C   51 0.054
    83  C   3.937    C   84 1.387    C   82 1.365    H  158 0.936    S   85 0.075    C   88 0.069
    84  C   3.919    C   83 1.387    C   87 1.265    S   85 1.065    C   86 0.054
    85  S   2.570    C   86 1.111    C   84 1.065    C   83 0.075    O   90 0.062
    86  C   3.920    C   50 1.276    C   82 1.266    S   85 1.111    C   84 0.054
    87  C   3.930    C   88 1.490    C   84 1.265    H  159 0.919
    88  C   3.909    C   87 1.490    C  102 1.099    C   89 1.027    C   83 0.069    O   90 0.064
    89  C   3.905    O   90 1.740    C   88 1.027    C   91 0.994
    90  O   2.165    C   89 1.740    C   88 0.064    S   85 0.062    C   91 0.055
    91  C   3.941    C   92 1.506    C  101 1.168    C   89 0.994    O   90 0.055    C   99 0.050
    92  C   3.958    C   91 1.506    C   93 1.249    H  160 0.942    C  100 0.086
    93  C   3.949    C   94 1.263    C   92 1.249    C   99 1.208    C   96 0.060    C  101 0.050
    94  C   3.960    C   95 1.545    C   93 1.263    H  161 0.941    C   98 0.109
    95  C   3.959    C   94 1.545    C   96 1.280    H  162 0.945    C   99 0.062
    96  C   3.909    C   98 1.499    C   95 1.280    F   97 0.971    C   93 0.060
    97  F   1.097    C   96 0.971
    98  C   3.959    C   96 1.499    C   99 1.267    H  163 0.944    C   94 0.109
    99  C   3.952    C   98 1.267    C  100 1.248    C   93 1.208    C   95 0.062    C   91 0.050
   100  C   3.950    C  101 1.498    C   99 1.248    H  164 0.934    C   92 0.086
   101  C   3.951    C  100 1.498    C   91 1.168    C  102 1.048    C   93 0.050
   102  C   3.930    C  103 1.465    C   88 1.099    C  101 1.048    N  107 0.090    N  105 0.090
   103  C   3.916    C  102 1.465    C  104 1.063    C  106 1.061    N  105 0.080    N  107 0.080
   104  C   3.939    N  105 2.779    C  103 1.063
   105  N   3.044    C  104 2.779    C  102 0.090    C  103 0.080
   106  C   3.939    N  107 2.788    C  103 1.061
   107  N   3.047    C  106 2.788    C  102 0.090    C  103 0.080
   108  H   0.992    C    1 0.922
   109  H   0.995    C    6 0.940
   110  H   0.994    C   11 0.935
   111  H   0.992    C   20 0.917
   112  H   0.994    C   25 0.940
   113  H   0.997    C   29 0.943
   114  H   0.997    C   30 0.944
   115  H   0.996    C   32 0.965
   116  H   0.997    C   32 0.959
   117  H   0.998    C   34 0.966
   118  H   0.999    C   34 0.948
   119  H   0.998    C   36 0.971
   120  H   0.998    C   36 0.985
   121  H   0.999    C   36 0.979
   122  H   0.996    C   37 0.945
   123  H   0.997    C   38 0.944
   124  H   0.997    C   40 0.944
   125  H   0.997    C   41 0.945
   126  H   0.996    C   43 0.960
   127  H   0.997    C   43 0.957
   128  H   0.998    C   45 0.963
   129  H   0.999    C   45 0.951
   130  H   0.998    C   47 0.980
   131  H   0.998    C   47 0.987
   132  H   0.999    C   47 0.977
   133  H   0.996    C   48 0.945
   134  H   0.998    C   49 0.944
   135  H   0.994    C   53 0.941
   136  H   0.997    C   57 0.943
   137  H   0.996    C   58 0.945
   138  H   0.997    C   60 0.957
   139  H   0.996    C   60 0.960
   140  H   0.999    C   62 0.951
   141  H   0.999    C   62 0.954
   142  H   0.999    C   64 0.978
   143  H   0.999    C   64 0.977
   144  H   0.998    C   64 0.986
   145  H   0.997    C   65 0.945
   146  H   0.997    C   66 0.943
   147  H   0.997    C   68 0.944
   148  H   0.996    C   69 0.944
   149  H   0.996    C   71 0.966
   150  H   0.996    C   71 0.961
   151  H   0.998    C   73 0.964
   152  H   0.999    C   73 0.952
   153  H   0.998    C   75 0.986
   154  H   0.999    C   75 0.978
   155  H   0.999    C   75 0.976
   156  H   0.996    C   76 0.945
   157  H   0.997    C   77 0.944
   158  H   0.994    C   83 0.936
   159  H   0.993    C   87 0.919
   160  H   0.994    C   92 0.942
   161  H   0.996    C   94 0.941
   162  H   0.994    C   95 0.945
   163  H   0.996    C   98 0.944
   164  H   0.993    C  100 0.934
 
 --------------------------------------------
          xTB calculation for sTDA...
 --------------------------------------------
 
 reading parameter file /ihome/ghutchison/blp62/xtb4stda/.param_stda2.xtb
 
      method parameters     
 k(s)        :  1.6000
 k(p)        :  2.1800
 k(d)        :  1.9500
 k(f)        :  2.0000
 k(R-V)      :  2.2750
 k(R-R)      :  1.7650
 Tscal       :  0.2580
 Gscal       :  1.0000
 fpol        :  1.0000
 Zcnf        :  0.3430
 Zqf         :  0.0000
 kcn         :  2.7000
 Ryd Hsplit  :  0.7000
 lshift(virt):  3.1000
 lshift(OS)  :  0.2000
 wllscaling  :  2.6000
 
 mowrcut     : 3.000
 
  Z AO/shell   Hii/eV     exponent
  1     Sun Feb 14 09:53:25 CET 2016    EN: 2.327 GAM: 0.473  GM3: 0.0000
     1s    -14.339618    1.220000
     2sp    -3.348946    0.600000
  6     Sun Feb 14 09:53:25 CET 2016    EN: 2.731 GAM: 0.422  GM3: 0.0000
     2s    -22.009312    1.565095
     2p    -13.020408    1.596905
     3sp    -3.914040    0.824500
  7     Sun Feb 14 09:53:25 CET 2016    EN: 3.573 GAM: 0.504  GM3: 0.0000
     2s    -25.722000    2.064844
     2p    -18.684912    1.801692
     3sp    -4.344791    0.921400
  8     Sun Feb 14 09:53:25 CET 2016    EN: 3.700 GAM: 0.587  GM3: 0.0000
     2s    -33.859000    2.418661
     2p    -22.175911    1.973969
     3sp    -4.259392    1.013700
  9     Sun Feb 21 12:20:01 CET 2016    EN: 3.394 GAM: 0.600  GM3: 0.0000
     2s    -26.548112    1.943768
     2p    -23.081168    2.552035
     3sp    -1.937199    1.103200
 16     Sun Feb 21 16:35:57 CET 2016    EN: 1.915 GAM: 0.200  GM3: 0.0000
     3s    -17.898811    2.619580
     3p    -15.317401    1.798798
     4sp    -4.455139    0.843200
 17     Sun Feb 21 16:32:04 CET 2016    EN: 2.375 GAM: 0.300  GM3: 0.0000
     3s    -29.486180    2.293696
     3p    -18.696427    2.332982
     4sp    -5.680125    0.918900
 
 Nbf   :         1141
 T(el) :     0.0
 calculating S/T integrals ...
 cpu time for ints    2.60669300000000     
 Nao   :         1141
 making H0...
 making H1...
 cpu time for H      3.087000000000018E-002
 solving ...
 cpu time for diag    2.34428600000000     
 
 gap (eV)           :   4.851
 Koopmans IP (eV)   :  14.074
 Eel (Eh)           :  -464.191795

          eigenvalues
 #    :         251        252        253        254        255        256        257        258
 occ. :        2.000      2.000      2.000      2.000      2.000      2.000      2.000      2.000
 eps  :       -16.267    -16.247    -16.231    -16.133    -16.096    -15.928    -15.871    -15.789
 #    :         259        260        261        262        263        264        265        266
 occ. :        2.000      2.000      2.000      2.000      2.000      0.000      0.000      0.000
 eps  :       -15.678    -15.196    -15.152    -14.714    -14.075     -9.224     -8.990     -8.679
 #    :         267        268        269        270        271        272        273        274
 occ. :        0.000      0.000      0.000      0.000      0.000      0.000      0.000      0.000
 eps  :        -8.586     -7.774     -7.300     -6.723     -6.377     -6.195     -6.099     -6.059
                            1  SCC done.
 writing mo output ...
 molden style : F
 
speedup  3.39
cpu  time for all    7.40 s
wall time for all    2.18 s
