 
        ______________________________________
       |                                      |
       |          ===================         |
       |             xTB for sTDA             |
       |          ===================         |
       |               S. Grimme              |
       |        Universitaet Bonn, MCTC       |
       |         2015-19, Version 1.0         |
       |     Wed Apr  3 09:14:55 CEST 2019    |
       |______________________________________|
 
        This code comes without any warranty
        for non-commercial, academia use only.
        Preliminary test version.
        Cite this work as:
        S. Grimme  &  C. Bannwarth, JCP 145 (2016) 054103
        if GBSA is used additionally:
        P. Shushkov, F. März, C. Bannwarth, S. Grimme, unpublished.
 
        with help from
        P. Shushkov, G. Brandenburg, S. Dohm, J. Pisarek,
        F. März, M. Checinski, S. Ehrlich, S. Spicher, 
        P. Pracht, E. Caldeweyher, S. Ehlert, and C. Bannwarth.
 
        usage        :
        xtb4stda <coord_file> [options]
        where <coord_file> is a valid file of TM)
        (*coord, Bohr) or xmol (*xyz, Angstroem)
        format.

        options:
        -chrg <int>   : molecular charge
        -uhf  <int>   : # of unpaired electrons(=2*S)
        -nox          : skip second, extended part in sTDA-xTB
        -pop          : do population analysis
                      : (default for -nox)
        -mowr <real>  : cut MO write above (def.3 Eh)
        -molden       : write formatted molden file
        -parx <file>  : read parameters for sTDA-xTB
                        calc (def:~/.param_stda2.xtb)
        -parv <file>  : read parameters for vTB part in
                        sTDA-xTB (def: ~/.param_stda1.xtb)
        -xtemp <real> : el. temp for xTB (def. 0 K)
        -etemp <real> : el. temp for GFN (def. 300 K)
        -fod          : calculate the FOD and write
                        molden.input file with
                        appropriate occupations
                        for plotting. Def. T=12500 K
 
        -acc <real>   : xTB accuracy (def. 1.0)
        -gbsa [string1] [string2]
                        use GBSA implicit solvent
                        for solvent [string1] and
                        solvation state [string2]=
                        reference, bar1M (default=1M)
        additional GFN/opt/MD/siman options read from
        $XTB4STDAHOME/.xtb4stdarc or $set in input
 
       spin and charge state information can be on:
       <.CHRG> (charge) and <.UHF> (=nalpha-nbeta)
       -uhf and -chrg override the file info.
       useful machine settings:
       setenv MKL_NUM_THREADS <NCORE_ON_YOUR_MACHINE>
       setenv OMP_STACKSIZE 500m
       limit stacksize unlimited
 
       total energies in Eh, gaps/HL energies in eV
       please read REVISION and HOWTO files carefully
 =============================
  # OMP threads =           8
 =============================
 
 xtb4stdahome directory:/ihome/ghutchison/blp62/xtb4stda/
 
 
 name of molecule           :
 comment line               :
 number of atoms            :   106
 number of electrons        :   374
 charge                     :  0
 spin                       : 0.0
 first test random number   :  0.5374
 
 -----------------------------------------
      charge density (VTB) calculation
 -----------------------------------------
 
      method parameters     
 k(s)        :  1.8000
 k(p)        :  2.8350
 k(d)        :  2.0860
 k(f)        :  2.0000
 Tscal       :  0.3300
 Gscal       :  0.3910
 fpol        :  1.0000
 Zcnf        :  0.6500
 Zqf         :  0.0000
 kcn         :  0.3000
 kEN1        : -0.5900
 wllscal     :  2.6000
 
     -------------------------
     ! NO SOLVENT MODEL USED !
     -------------------------
 
 doing EN charges ...
 sum q : -0.1554312D-14
 point charge moment (au)
     X       Y       Z   
   0.2279  -0.2013   0.4936  total (Debye):    1.474
 
            Z      q(EN)   CN      Cart. coordinates
     1  C   4.0  -0.074   3.203    -1.00722   -12.69102    -8.00752
     2  C   4.0  -0.003   3.278    -1.78163   -11.69514   -10.28200
     3  C   4.0   0.103   3.238    -2.23649    -9.02174   -10.81585
     4  O   6.0  -0.122   1.234    -2.00878    -7.23633    -9.37417
     5  C   4.0  -0.006   3.339    -3.04567    -8.88492   -13.47771
     6  C   4.0  -0.067   3.188    -3.69800    -6.81057   -14.86307
     7  C   4.0  -0.005   3.257    -4.43500    -7.13353   -17.40891
     8  C   4.0  -0.072   3.200    -5.13268    -5.06106   -18.92504
     9  C   4.0   0.025   3.167    -5.84171    -5.42805   -21.38149
    10  F   7.0  -0.026   1.065    -6.50670    -3.45310   -22.82109
    11  C   4.0   0.025   3.167    -5.88253    -7.87676   -22.42613
    12  F   7.0  -0.026   1.065    -6.58569    -8.17968   -24.83950
    13  C   4.0  -0.072   3.202    -5.21451    -9.92503   -21.00147
    14  C   4.0  -0.005   3.257    -4.47563    -9.61077   -18.46243
    15  C   4.0  -0.068   3.197    -3.78531   -11.72178   -16.97560
    16  C   4.0  -0.006   3.337    -3.07912   -11.36651   -14.51139
    17  C   4.0  -0.008   3.321    -2.28959   -13.14399   -12.54797
    18  C   4.0  -0.037   3.119    -2.08796   -15.71080   -12.86507
    19  C   4.0   0.235   2.165    -2.62407   -16.97824   -15.14748
    20  N   5.0  -0.215   1.027    -3.03377   -18.12776   -16.94177
    21  C   4.0   0.234   2.162    -1.32545   -17.46012   -11.00614
    22  N   5.0  -0.214   1.028    -0.71810   -19.00233    -9.60208
    23  C   4.0  -0.079   3.221    -0.46525   -11.53149    -5.70093
    24  C   4.0  -0.008   3.392     0.34015   -12.89001    -3.55968
    25  C   4.0  -0.174   4.063     0.81882   -15.66904    -3.45007
    26  C   4.0  -0.243   4.030     3.46141   -16.29794    -4.44804
    27  C   4.0  -0.105   3.482     0.76269   -11.29716    -1.52180
    28  S   6.0   0.227   2.425     1.79902   -11.87542     1.57376
    29  C   4.0  -0.088   3.403     1.58076    -8.67176     2.17356
    30  C   4.0   0.008   3.424     2.06660    -6.97007     4.13755
    31  C   4.0   0.075   3.660     3.14961    -7.36237     6.54620
    32  C   4.0   0.075   3.660     3.68893    -5.21281     8.09804
    33  N   5.0  -0.299   2.148     4.79650    -5.83963    10.25101
    34  S   6.0   0.427   2.894     5.12229    -8.88077    10.32263
    35  N   5.0  -0.299   2.148     3.86695    -9.51137     7.60539
    36  C   4.0   0.008   3.424     2.93267    -2.79509     7.25447
    37  C   4.0  -0.089   3.403     3.04699    -0.44201     8.45293
    38  S   6.0   0.227   2.425     4.19633     0.86531    11.21609
    39  C   4.0  -0.105   3.481     2.97651     3.79514    10.25743
    40  C   4.0  -0.008   3.392     2.99181     6.15786    11.38635
    41  C   4.0  -0.174   4.063     4.30007     6.67262    13.83279
    42  C   4.0  -0.243   4.030     6.97668     7.67210    13.37038
    43  C   4.0  -0.079   3.220     1.73874     7.96160     9.88005
    44  S   6.0   0.226   2.670     0.55199     6.63029     7.05718
    45  C   4.0  -0.095   3.394     1.74176     3.71974     7.90132
    46  C   4.0   0.074   3.681     1.80809     1.28823     6.87652
    47  N   5.0  -0.294   3.269     0.98852     0.09770     4.73055
    48  C   4.0   0.100   3.448     1.67713    -2.41961     4.89477
    49  C   4.0   0.100   3.448     1.42523    -4.51078     3.22916
    50  N   5.0  -0.294   3.270     0.62966    -4.74246     0.74928
    51  C   4.0   0.074   3.682     0.73983    -7.24540     0.10753
    52  C   4.0  -0.094   3.394     0.27911    -8.73186    -2.02654
    53  S   6.0   0.226   2.682    -0.69693    -8.25754    -5.09735
    54  C   4.0  -0.098   4.088     0.38891    -2.86445    -1.22190
    55  C   4.0  -0.239   4.026     2.87767    -1.47418    -1.66277
    56  C   4.0  -0.098   4.088    -0.86266     1.33056     3.14054
    57  C   4.0  -0.239   4.026    -3.46406     0.11471     3.41473
    58  C   4.0  -0.074   3.203     1.49553    10.48892    10.58303
    59  C   4.0  -0.003   3.278     0.33713    12.49430     9.39250
    60  C   4.0   0.103   3.240    -1.01800    12.39830     6.98802
    61  O   6.0  -0.121   1.222    -1.32281    10.58530     5.60115
    62  C   4.0  -0.006   3.353    -1.99026    14.98118     6.54771
    63  C   4.0  -0.066   3.194    -3.41587    15.86652     4.55632
    64  C   4.0   0.009   3.241    -4.11431    18.40423     4.58958
    65  C   4.0   0.017   4.069    -5.68505    19.38367     2.43321
    66  F   7.0  -0.011   1.104    -7.92910    18.19655     2.28260
    67  F   7.0  -0.012   1.104    -6.18999    21.85600     2.59478
    68  F   7.0  -0.011   1.104    -4.54819    19.02198     0.18897
    69  C   4.0  -0.071   3.181    -3.39584    19.98310     6.55943
    70  C   4.0  -0.069   3.162    -1.95700    19.07376     8.55743
    71  C   4.0  -0.007   3.347    -1.24892    16.55287     8.55592
    72  C   4.0  -0.008   3.325     0.22469    15.04978    10.35797
    73  C   4.0  -0.037   3.119     1.28293    15.97291    12.53758
    74  C   4.0   0.234   2.162     2.72083    14.57017    14.28992
    75  N   5.0  -0.215   1.028     3.91665    13.56842    15.80075
    76  C   4.0   0.236   2.165     1.08414    18.50665    13.34411
    77  N   5.0  -0.215   1.026     0.99778    20.53244    14.11512
    78  H   1.0   0.077   1.015    -0.76477   -14.71945    -7.96387
    79  H   1.0   0.075   1.005    -3.65530    -4.94976   -14.02876
    80  H   1.0   0.076   1.005    -5.11133    -3.17436   -18.15290
    81  H   1.0   0.076   1.005    -5.25627   -11.78698   -21.83087
    82  H   1.0   0.077   1.008    -3.83784   -13.56880   -17.83240
    83  H   1.0   0.082   1.004    -0.58827   -16.71066    -4.53874
    84  H   1.0   0.081   1.006     0.68484   -16.26733    -1.48003
    85  H   1.0   0.082   0.999     3.78153   -18.32184    -4.33295
    86  H   1.0   0.081   0.999     4.89477   -15.33607    -3.33291
    87  H   1.0   0.082   0.999     3.65624   -15.72025    -6.41052
    88  H   1.0   0.081   1.006     4.41648     4.90214    14.88594
    89  H   1.0   0.082   1.004     3.24901     8.03323    14.96984
    90  H   1.0   0.082   0.999     7.90926     8.01206    15.16656
    91  H   1.0   0.081   0.999     8.07574     6.30356    12.30155
    92  H   1.0   0.082   0.999     6.92452     9.43843    12.32177
    93  H   1.0   0.084   1.004    -1.14952    -1.56224    -0.79898
    94  H   1.0   0.083   1.012    -0.13323    -3.88188    -2.94098
    95  H   1.0   0.082   0.999     2.63541    -0.05915    -3.13052
    96  H   1.0   0.082   0.999     4.32313    -2.80227    -2.27069
    97  H   1.0   0.082   1.000     3.53606    -0.55123     0.05178
    98  H   1.0   0.083   1.012    -0.96168     3.29436     3.77038
    99  H   1.0   0.084   1.004    -0.23584     1.35645     1.17900
   100  H   1.0   0.082   1.000    -3.41455    -1.88198     2.92908
   101  H   1.0   0.082   0.999    -4.11677     0.28554     5.35586
   102  H   1.0   0.082   0.999    -4.80992     1.06524     2.18963
   103  H   1.0   0.077   1.015     2.37142    10.91317    12.37978
   104  H   1.0   0.076   1.005    -3.96710    14.62894     3.03169
   105  H   1.0   0.076   1.005    -3.96332    21.94161     6.53902
   106  H   1.0   0.077   1.007    -1.42655    20.33780    10.06222
 
  Z AO/shell   Hii/eV     exponent
  1     Sat Feb 20 21:38:01 CET 2016    EN: 2.327 GAM: 0.473  GM3: 0.0000
     1s    -13.751157    1.051071
  6     Sat Feb 20 21:38:01 CET 2016    EN: 2.731 GAM: 0.422  GM3: 0.0000
     2s    -19.378245    2.021003
     2p    -11.993376    1.497917
  7     Sat Feb 20 21:38:01 CET 2016    EN: 3.573 GAM: 0.504  GM3: 0.0000
     2s    -21.576984    2.275442
     2p    -16.125120    2.056788
  8     Sat Feb 20 21:38:01 CET 2016    EN: 3.700 GAM: 0.587  GM3: 0.0000
     2s    -21.648843    2.110798
     2p    -17.239740    2.329048
  9     Sat Feb 20 21:51:24 CET 2016    EN: 3.394 GAM: 0.669  GM3: 0.0000
     2s    -19.384211    2.614957
     2p    -19.426034    2.777297
 16     Sat Feb 20 23:13:41 CET 2016    EN: 1.915 GAM: 0.389  GM3: 0.0000
     3s    -22.000000    2.671470
     3p    -15.834192    1.836978
     3d     -2.593599    1.836978
 
 dipole moment of classical point charges (au)
     X       Y       Z   
   0.2279  -0.2013   0.4936  total (Debye):    1.474

 
 Nbf   :          367
 T(el) :   300.0
 calculating S/T integrals ...
 cpu time for ints   0.420762000000000     
 Nao   :          362
 making H0...
 making H1...
 cpu time for H      0.158141000000000     
 solving ...
 cpu time for diag   0.169650000000000     
 
 gap (eV)           :   1.534
 Koopmans IP (eV)   :  12.017
 Eel (Eh)           :  -293.706258
 T,E(Fermi),NFOD :    300.000   -11.251  0.000000
 T,E(Fermi),NFOD :    300.000   -11.251  0.000000
 Nfod               :  0.0000
 Nfod/Nel           :  0.0000

          eigenvalues
 #    :         175        176        177        178        179        180        181        182
 occ. :        2.000      2.000      2.000      2.000      2.000      2.000      2.000      2.000
 eps  :       -15.575    -15.543    -15.179    -15.117    -14.802    -14.722    -14.690    -14.262
 #    :         183        184        185        186        187        188        189        190
 occ. :        2.000      2.000      2.000      2.000      2.000      0.000      0.000      0.000
 eps  :       -14.035    -13.765    -13.439    -12.973    -12.018    -10.485     -9.870     -9.679
 #    :         191        192        193        194        195        196        197        198
 occ. :        0.000      0.000      0.000      0.000      0.000      0.000      0.000      0.000
 eps  :        -9.487     -9.350     -8.862     -8.835     -8.737     -7.719     -7.633     -7.565
                            1  SCC done.
 making H1...
 cpu time for H      0.216024000000000     
 solving ...
 cpu time for diag   6.433200000000006E-002
 
 gap (eV)           :   1.915
 Koopmans IP (eV)   :  12.365
 Eel (Eh)           :  -294.331977
 T,E(Fermi),NFOD :    300.000   -11.408  0.000000
 T,E(Fermi),NFOD :    300.000   -11.408  0.000000
 Nfod               :  0.0000
 Nfod/Nel           :  0.0000

          eigenvalues
 #    :         175        176        177        178        179        180        181        182
 occ. :        2.000      2.000      2.000      2.000      2.000      2.000      2.000      2.000
 eps  :       -15.579    -15.405    -14.991    -14.817    -14.705    -14.371    -14.327    -14.255
 #    :         183        184        185        186        187        188        189        190
 occ. :        2.000      2.000      2.000      2.000      2.000      0.000      0.000      0.000
 eps  :       -14.115    -13.991    -13.615    -13.293    -12.366    -10.452     -9.903     -9.894
 #    :         191        192        193        194        195        196        197        198
 occ. :        0.000      0.000      0.000      0.000      0.000      0.000      0.000      0.000
 eps  :        -9.489     -9.222     -9.019     -8.974     -8.955     -8.039     -7.887     -7.727
                            2  SCC done.
 
 
 Mulliken/CM5 charges    n(s)   n(p)   n(d)   
    1 C  -0.0015 -0.0496   1.153  2.849  0.000
    2 C  -0.0254 -0.0272   1.169  2.856  0.000
    3 C   0.1355  0.1707   1.174  2.691  0.000
    4 O  -0.2298 -0.2759   1.620  4.609  0.000
    5 C  -0.0211 -0.0230   1.181  2.841  0.000
    6 C  -0.0166 -0.0662   1.148  2.868  0.000
    7 C   0.0104  0.0035   1.162  2.827  0.000
    8 C  -0.0293 -0.0777   1.135  2.895  0.000
    9 C   0.1044  0.1207   1.160  2.736  0.000
   10 F  -0.1186 -0.1416   1.676  5.442  0.000
   11 C   0.1043  0.1205   1.159  2.736  0.000
   12 F  -0.1173 -0.1404   1.676  5.441  0.000
   13 C  -0.0252 -0.0737   1.134  2.891  0.000
   14 C   0.0127  0.0056   1.162  2.825  0.000
   15 C  -0.0255 -0.0753   1.150  2.876  0.000
   16 C  -0.0049 -0.0084   1.167  2.838  0.000
   17 C   0.0166  0.0159   1.196  2.788  0.000
   18 C   0.0031  0.0092   1.113  2.884  0.000
   19 C   0.0950  0.2138   1.172  2.733  0.000
   20 N  -0.2135 -0.3437   1.642  3.572  0.000
   21 C   0.0968  0.2139   1.173  2.730  0.000
   22 N  -0.2170 -0.3504   1.642  3.575  0.000
   23 C  -0.0142 -0.0065   1.168  2.846  0.000
   24 C  -0.0182 -0.0262   1.196  2.822  0.000
   25 C  -0.0259 -0.1319   1.122  2.904  0.000
   26 C  -0.0841 -0.2356   1.095  2.989  0.000
   27 C  -0.0496 -0.0364   1.173  2.877  0.000
   28 S   0.1243  0.0916   1.893  3.934  0.049
   29 C  -0.0496 -0.0274   1.172  2.878  0.000
   30 C  -0.0086  0.0045   1.153  2.856  0.000
   31 C   0.0149  0.1031   1.203  2.782  0.000
   32 C   0.0149  0.1030   1.203  2.782  0.000
   33 N  -0.1993 -0.3610   1.531  3.668  0.000
   34 S   0.2492  0.3839   1.910  3.691  0.150
   35 N  -0.1984 -0.3602   1.531  3.668  0.000
   36 C  -0.0092  0.0039   1.153  2.856  0.000
   37 C  -0.0476 -0.0254   1.172  2.876  0.000
   38 S   0.1253  0.0925   1.893  3.933  0.049
   39 C  -0.0495 -0.0363   1.173  2.877  0.000
   40 C  -0.0164 -0.0244   1.196  2.821  0.000
   41 C  -0.0258 -0.1319   1.122  2.904  0.000
   42 C  -0.0841 -0.2355   1.095  2.989  0.000
   43 C  -0.0155 -0.0080   1.167  2.848  0.000
   44 S   0.1217  0.0902   1.894  3.919  0.065
   45 C  -0.0588 -0.0411   1.187  2.872  0.000
   46 C   0.0023  0.0720   1.167  2.831  0.000
   47 N  -0.0834 -0.3415   1.273  3.810  0.000
   48 C   0.0250  0.0939   1.186  2.789  0.000
   49 C   0.0237  0.0926   1.186  2.790  0.000
   50 N  -0.0827 -0.3410   1.272  3.810  0.000
   51 C   0.0030  0.0727   1.167  2.830  0.000
   52 C  -0.0622 -0.0446   1.188  2.874  0.000
   53 S   0.1210  0.0895   1.895  3.918  0.067
   54 C   0.0320 -0.0171   1.147  2.821  0.000
   55 C  -0.0817 -0.2287   1.092  2.989  0.000
   56 C   0.0319 -0.0172   1.147  2.821  0.000
   57 C  -0.0816 -0.2286   1.092  2.989  0.000
   58 C  -0.0007 -0.0488   1.152  2.848  0.000
   59 C  -0.0290 -0.0309   1.167  2.862  0.000
   60 C   0.1368  0.1722   1.174  2.689  0.000
   61 O  -0.2221 -0.2682   1.621  4.601  0.000
   62 C  -0.0130 -0.0148   1.184  2.829  0.000
   63 C  -0.0043 -0.0524   1.145  2.860  0.000
   64 C   0.0382  0.0356   1.171  2.791  0.000
   65 C   0.2857  0.3398   1.214  2.500  0.000
   66 F  -0.1372 -0.1583   1.694  5.443  0.000
   67 F  -0.1284 -0.1512   1.691  5.438  0.000
   68 F  -0.1362 -0.1575   1.694  5.443  0.000
   69 C  -0.0070 -0.0591   1.140  2.867  0.000
   70 C  -0.0137 -0.0662   1.144  2.870  0.000
   71 C  -0.0001 -0.0036   1.172  2.828  0.000
   72 C   0.0156  0.0149   1.196  2.788  0.000
   73 C   0.0073  0.0134   1.115  2.878  0.000
   74 C   0.0989  0.2161   1.172  2.729  0.000
   75 N  -0.2128 -0.3461   1.642  3.571  0.000
   76 C   0.0968  0.2158   1.171  2.732  0.000
   77 N  -0.2090 -0.3391   1.642  3.567  0.000
   78 H   0.0672  0.1380   0.933  0.000  0.000
   79 H   0.0517  0.1111   0.948  0.000  0.000
   80 H   0.0509  0.1096   0.949  0.000  0.000
   81 H   0.0526  0.1114   0.947  0.000  0.000
   82 H   0.0550  0.1202   0.945  0.000  0.000
   83 H   0.0510  0.1090   0.949  0.000  0.000
   84 H   0.0434  0.1010   0.957  0.000  0.000
   85 H   0.0409  0.0930   0.959  0.000  0.000
   86 H   0.0294  0.0823   0.971  0.000  0.000
   87 H   0.0312  0.0848   0.969  0.000  0.000
   88 H   0.0437  0.1013   0.956  0.000  0.000
   89 H   0.0505  0.1083   0.949  0.000  0.000
   90 H   0.0409  0.0931   0.959  0.000  0.000
   91 H   0.0294  0.0823   0.971  0.000  0.000
   92 H   0.0312  0.0849   0.969  0.000  0.000
   93 H   0.0584  0.1258   0.942  0.000  0.000
   94 H   0.0573  0.1285   0.943  0.000  0.000
   95 H   0.0458  0.0981   0.954  0.000  0.000
   96 H   0.0339  0.0887   0.966  0.000  0.000
   97 H   0.0324  0.0901   0.968  0.000  0.000
   98 H   0.0570  0.1282   0.943  0.000  0.000
   99 H   0.0587  0.1260   0.941  0.000  0.000
  100 H   0.0325  0.0900   0.967  0.000  0.000
  101 H   0.0337  0.0885   0.966  0.000  0.000
  102 H   0.0458  0.0982   0.954  0.000  0.000
  103 H   0.0672  0.1378   0.933  0.000  0.000
  104 H   0.0543  0.1148   0.946  0.000  0.000
  105 H   0.0535  0.1129   0.946  0.000  0.000
  106 H   0.0585  0.1227   0.941  0.000  0.000
 Hirshfeld charges for QMDFF written to <charges>
 
 Loewdin charges    n(s)   n(p)   n(d)
    1 C   0.0046   1.099  2.896  0.000
    2 C  -0.0336   1.131  2.903  0.000
    3 C   0.1266   1.139  2.734  0.000
    4 O  -0.2103   1.589  4.621  0.000
    5 C  -0.0235   1.140  2.883  0.000
    6 C  -0.0114   1.095  2.916  0.000
    7 C   0.0160   1.118  2.866  0.000
    8 C  -0.0293   1.083  2.946  0.000
    9 C   0.0936   1.125  2.781  0.000
   10 F  -0.1009   1.659  5.442  0.000
   11 C   0.0935   1.125  2.782  0.000
   12 F  -0.0996   1.659  5.441  0.000
   13 C  -0.0254   1.083  2.943  0.000
   14 C   0.0188   1.118  2.863  0.000
   15 C  -0.0226   1.098  2.925  0.000
   16 C  -0.0025   1.125  2.878  0.000
   17 C   0.0277   1.152  2.821  0.000
   18 C  -0.0095   1.072  2.938  0.000
   19 C   0.0894   1.138  2.773  0.000
   20 N  -0.2027   1.604  3.599  0.000
   21 C   0.0917   1.138  2.770  0.000
   22 N  -0.2062   1.604  3.602  0.000
   23 C   0.0048   1.124  2.871  0.000
   24 C  -0.0145   1.156  2.859  0.000
   25 C  -0.0191   1.060  2.959  0.000
   26 C  -0.0853   1.022  3.063  0.000
   27 C  -0.0295   1.130  2.900  0.000
   28 S   0.0843   1.879  3.933  0.103
   29 C  -0.0271   1.127  2.900  0.000
   30 C  -0.0160   1.115  2.901  0.000
   31 C   0.0096   1.169  2.821  0.000
   32 C   0.0095   1.169  2.821  0.000
   33 N  -0.1603   1.494  3.667  0.000
   34 S   0.1848   1.902  3.698  0.215
   35 N  -0.1594   1.493  3.666  0.000
   36 C  -0.0166   1.115  2.902  0.000
   37 C  -0.0251   1.127  2.898  0.000
   38 S   0.0853   1.879  3.933  0.103
   39 C  -0.0294   1.129  2.900  0.000
   40 C  -0.0127   1.156  2.857  0.000
   41 C  -0.0191   1.060  2.959  0.000
   42 C  -0.0853   1.022  3.063  0.000
   43 C   0.0033   1.124  2.873  0.000
   44 S   0.0775   1.882  3.918  0.123
   45 C  -0.0350   1.142  2.893  0.000
   46 C  -0.0111   1.137  2.875  0.000
   47 N  -0.0399   1.231  3.808  0.000
   48 C   0.0146   1.155  2.831  0.000
   49 C   0.0132   1.155  2.832  0.000
   50 N  -0.0391   1.230  3.809  0.000
   51 C  -0.0105   1.137  2.874  0.000
   52 C  -0.0384   1.143  2.895  0.000
   53 S   0.0764   1.882  3.917  0.125
   54 C   0.0320   1.091  2.877  0.000
   55 C  -0.0834   1.020  3.064  0.000
   56 C   0.0320   1.091  2.877  0.000
   57 C  -0.0833   1.019  3.064  0.000
   58 C   0.0055   1.099  2.895  0.000
   59 C  -0.0376   1.130  2.908  0.000
   60 C   0.1276   1.140  2.733  0.000
   61 O  -0.2027   1.589  4.613  0.000
   62 C  -0.0149   1.144  2.871  0.000
   63 C   0.0004   1.091  2.908  0.000
   64 C   0.0382   1.130  2.832  0.000
   65 C   0.2538   1.193  2.553  0.000
   66 F  -0.1241   1.681  5.443  0.000
   67 F  -0.1147   1.677  5.438  0.000
   68 F  -0.1230   1.680  5.443  0.000
   69 C  -0.0003   1.086  2.914  0.000
   70 C  -0.0086   1.090  2.918  0.000
   71 C   0.0033   1.130  2.867  0.000
   72 C   0.0266   1.152  2.822  0.000
   73 C  -0.0045   1.074  2.931  0.000
   74 C   0.0934   1.138  2.769  0.000
   75 N  -0.2018   1.604  3.598  0.000
   76 C   0.0908   1.137  2.772  0.000
   77 N  -0.1981   1.604  3.595  0.000
   78 H   0.0575   0.942  0.000  0.000
   79 H   0.0415   0.958  0.000  0.000
   80 H   0.0413   0.959  0.000  0.000
   81 H   0.0428   0.957  0.000  0.000
   82 H   0.0447   0.955  0.000  0.000
   83 H   0.0466   0.953  0.000  0.000
   84 H   0.0389   0.961  0.000  0.000
   85 H   0.0396   0.960  0.000  0.000
   86 H   0.0292   0.971  0.000  0.000
   87 H   0.0309   0.969  0.000  0.000
   88 H   0.0392   0.961  0.000  0.000
   89 H   0.0462   0.954  0.000  0.000
   90 H   0.0396   0.960  0.000  0.000
   91 H   0.0292   0.971  0.000  0.000
   92 H   0.0310   0.969  0.000  0.000
   93 H   0.0536   0.946  0.000  0.000
   94 H   0.0509   0.949  0.000  0.000
   95 H   0.0448   0.955  0.000  0.000
   96 H   0.0329   0.967  0.000  0.000
   97 H   0.0324   0.968  0.000  0.000
   98 H   0.0506   0.949  0.000  0.000
   99 H   0.0538   0.946  0.000  0.000
  100 H   0.0325   0.968  0.000  0.000
  101 H   0.0327   0.967  0.000  0.000
  102 H   0.0448   0.955  0.000  0.000
  103 H   0.0575   0.943  0.000  0.000
  104 H   0.0433   0.957  0.000  0.000
  105 H   0.0432   0.957  0.000  0.000
  106 H   0.0480   0.952  0.000  0.000
 
 Wiberg/Mayer (AO) data. WBOs > 0.1 written file <wbo>
 largest (>0.05) Wiberg bond orders for each atom
           total WBO             WBO to atom ...
     1  C   3.924    C    2 1.461    C   23 1.295    H   78 0.914
     2  C   3.909    C    1 1.461    C   17 1.109    C    3 1.041    C   24 0.067    O    4 0.064
     3  C   3.903    O    4 1.727    C    2 1.041    C    5 0.990
     4  O   2.166    C    3 1.727    S   53 0.078    C    2 0.064    C    5 0.054
     5  C   3.940    C    6 1.508    C   16 1.171    C    3 0.990    O    4 0.054    C   14 0.051
     6  C   3.957    C    5 1.508    C    7 1.245    H   79 0.942    C   15 0.086
     7  C   3.948    C    8 1.263    C    6 1.245    C   14 1.209    C   11 0.058    C   16 0.050
     8  C   3.957    C    9 1.506    C    7 1.263    H   80 0.940    C   13 0.105
     9  C   3.908    C    8 1.506    C   11 1.237    F   10 0.978    C   14 0.058
    10  F   1.105    C    9 0.978
    11  C   3.911    C   13 1.507    C    9 1.237    F   12 0.979    C    7 0.058
    12  F   1.107    C   11 0.979
    13  C   3.957    C   11 1.507    C   14 1.261    H   81 0.940    C    8 0.105
    14  C   3.952    C   13 1.261    C   15 1.251    C    7 1.209    C    9 0.058    C    5 0.051
    15  C   3.949    C   16 1.495    C   14 1.251    H   82 0.934    C    6 0.086
    16  C   3.949    C   15 1.495    C    5 1.171    C   17 1.047    C    7 0.050
    17  C   3.929    C   18 1.455    C    2 1.109    C   16 1.047    N   22 0.089    N   20 0.089
    18  C   3.913    C   17 1.455    C   21 1.065    C   19 1.064    N   22 0.081    N   20 0.081
    19  C   3.939    N   20 2.784    C   18 1.064
    20  N   3.044    C   19 2.784    C   17 0.089    C   18 0.081
    21  C   3.939    N   22 2.773    C   18 1.065
    22  N   3.041    C   21 2.773    C   17 0.089    C   18 0.081
    23  C   3.912    C   24 1.331    C    1 1.295    S   53 1.054    C   52 0.052
    24  C   3.908    C   23 1.331    C   27 1.330    C   25 0.981    S   53 0.069    C    2 0.067
    25  C   3.970    C   26 0.987    C   24 0.981    H   84 0.965    H   83 0.960
    26  C   3.979    C   25 0.987    H   86 0.985    H   87 0.984    H   85 0.978
    27  C   3.914    C   24 1.330    C   52 1.290    S   28 1.060
    28  S   2.471    C   29 1.106    C   27 1.060    C   52 0.052    C   51 0.052
    29  C   3.901    C   51 1.317    C   30 1.223    S   28 1.106
    30  C   3.921    C   49 1.264    C   29 1.223    C   31 1.156
    31  C   3.928    N   35 1.429    C   30 1.156    C   32 1.114    S   34 0.074
    32  C   3.927    N   33 1.429    C   36 1.156    C   31 1.114    S   34 0.074
    33  N   3.071    C   32 1.429    S   34 1.283    N   35 0.200
    34  S   2.815    N   35 1.284    N   33 1.283    C   31 0.074    C   32 0.074
    35  N   3.071    C   31 1.429    S   34 1.284    N   33 0.200
    36  C   3.921    C   48 1.264    C   37 1.223    C   32 1.156
    37  C   3.902    C   46 1.316    C   36 1.223    S   38 1.107
    38  S   2.472    C   37 1.107    C   39 1.060    C   45 0.052    C   46 0.052
    39  C   3.915    C   40 1.334    C   45 1.286    S   38 1.060
    40  C   3.908    C   39 1.334    C   43 1.327    C   41 0.981    S   44 0.069    C   59 0.068
    41  C   3.970    C   42 0.986    C   40 0.981    H   88 0.965    H   89 0.961
    42  C   3.979    C   41 0.986    H   91 0.985    H   92 0.984    H   90 0.978
    43  C   3.914    C   40 1.327    C   58 1.300    S   44 1.053    C   45 0.052
    44  S   2.556    C   45 1.099    C   43 1.053    O   61 0.072    C   40 0.069
    45  C   3.918    C   39 1.286    C   46 1.254    S   44 1.099    S   38 0.052    C   43 0.052
    46  C   3.900    C   37 1.316    C   45 1.254    N   47 1.081    S   38 0.052
    47  N   3.431    C   48 1.102    C   46 1.081    C   56 0.943
    48  C   3.887    C   36 1.264    C   49 1.245    N   47 1.102
    49  C   3.887    C   30 1.264    C   48 1.245    N   50 1.102
    50  N   3.432    C   49 1.102    C   51 1.082    C   54 0.944
    51  C   3.900    C   29 1.317    C   52 1.251    N   50 1.082    S   28 0.052
    52  C   3.917    C   27 1.290    C   51 1.251    S   53 1.095    S   28 0.052    C   23 0.052
    53  S   2.559    C   52 1.095    C   23 1.054    O    4 0.078    C   24 0.069
    54  C   3.927    C   55 1.004    H   94 0.964    H   93 0.960    N   50 0.944
    55  C   3.981    C   54 1.004    H   96 0.985    H   97 0.982    H   95 0.974
    56  C   3.927    C   57 1.004    H   98 0.964    H   99 0.960    N   47 0.943
    57  C   3.981    C   56 1.004    H  101 0.985    H  100 0.982    H  102 0.974
    58  C   3.924    C   59 1.457    C   43 1.300    H  103 0.914
    59  C   3.909    C   58 1.457    C   72 1.112    C   60 1.042    C   40 0.068    O   61 0.063
    60  C   3.904    O   61 1.739    C   59 1.042    C   62 0.978
    61  O   2.178    C   60 1.739    S   44 0.072    C   59 0.063    C   62 0.054
    62  C   3.938    C   63 1.404    C   71 1.271    C   60 0.978    C   69 0.093    O   61 0.054
    63  C   3.961    C   62 1.404    C   64 1.378    H  104 0.945    C   70 0.093
    64  C   3.927    C   69 1.400    C   63 1.378    C   65 0.924    C   71 0.093
    65  C   3.839    F   67 0.961    F   68 0.949    F   66 0.947    C   64 0.924
    66  F   1.078    C   65 0.947
    67  F   1.087    C   65 0.961
    68  F   1.079    C   65 0.949
    69  C   3.962    C   70 1.417    C   64 1.400    H  105 0.944    C   62 0.093
    70  C   3.957    C   69 1.417    C   71 1.390    H  106 0.935    C   63 0.093
    71  C   3.950    C   70 1.390    C   62 1.271    C   72 1.038    C   64 0.093
    72  C   3.931    C   73 1.463    C   59 1.112    C   71 1.038    N   75 0.090    N   77 0.090
    73  C   3.927    C   72 1.463    C   74 1.063    C   76 1.061    N   75 0.079    N   77 0.079
    74  C   3.939    N   75 2.776    C   73 1.063
    75  N   3.043    C   74 2.776    C   72 0.090    C   73 0.079
    76  C   3.939    N   77 2.787    C   73 1.061
    77  N   3.045    C   76 2.787    C   72 0.090    C   73 0.079
    78  H   0.992    C    1 0.914
    79  H   0.994    C    6 0.942
    80  H   0.996    C    8 0.940
    81  H   0.995    C   13 0.940
    82  H   0.993    C   15 0.934
    83  H   0.996    C   25 0.960
    84  H   0.997    C   25 0.965
    85  H   0.995    C   26 0.978
    86  H   0.999    C   26 0.985
    87  H   0.999    C   26 0.984
    88  H   0.997    C   41 0.965
    89  H   0.996    C   41 0.961
    90  H   0.995    C   42 0.978
    91  H   0.999    C   42 0.985
    92  H   0.999    C   42 0.984
    93  H   0.996    C   54 0.960
    94  H   0.996    C   54 0.964
    95  H   0.997    C   55 0.974
    96  H   0.999    C   55 0.985
    97  H   0.999    C   55 0.982
    98  H   0.996    C   56 0.964
    99  H   0.995    C   56 0.960
   100  H   0.999    C   57 0.982
   101  H   0.999    C   57 0.985
   102  H   0.997    C   57 0.974
   103  H   0.992    C   58 0.914
   104  H   0.996    C   63 0.945
   105  H   0.995    C   69 0.944
   106  H   0.992    C   70 0.935
 
 --------------------------------------------
          xTB calculation for sTDA...
 --------------------------------------------
 
 reading parameter file /ihome/ghutchison/blp62/xtb4stda/.param_stda2.xtb
 
      method parameters     
 k(s)        :  1.6000
 k(p)        :  2.1800
 k(d)        :  1.9500
 k(f)        :  2.0000
 k(R-V)      :  2.2750
 k(R-R)      :  1.7650
 Tscal       :  0.2580
 Gscal       :  1.0000
 fpol        :  1.0000
 Zcnf        :  0.3430
 Zqf         :  0.0000
 kcn         :  2.7000
 Ryd Hsplit  :  0.7000
 lshift(virt):  3.1000
 lshift(OS)  :  0.2000
 wllscaling  :  2.6000
 
 mowrcut     : 3.000
 
  Z AO/shell   Hii/eV     exponent
  1     Sun Feb 14 09:53:25 CET 2016    EN: 2.327 GAM: 0.473  GM3: 0.0000
     1s    -14.339618    1.220000
     2sp    -3.348946    0.600000
  6     Sun Feb 14 09:53:25 CET 2016    EN: 2.731 GAM: 0.422  GM3: 0.0000
     2s    -22.009312    1.565095
     2p    -13.020408    1.596905
     3sp    -3.914040    0.824500
  7     Sun Feb 14 09:53:25 CET 2016    EN: 3.573 GAM: 0.504  GM3: 0.0000
     2s    -25.722000    2.064844
     2p    -18.684912    1.801692
     3sp    -4.344791    0.921400
  8     Sun Feb 14 09:53:25 CET 2016    EN: 3.700 GAM: 0.587  GM3: 0.0000
     2s    -33.859000    2.418661
     2p    -22.175911    1.973969
     3sp    -4.259392    1.013700
  9     Sun Feb 21 12:20:01 CET 2016    EN: 3.394 GAM: 0.600  GM3: 0.0000
     2s    -26.548112    1.943768
     2p    -23.081168    2.552035
     3sp    -1.937199    1.103200
 16     Sun Feb 21 16:35:57 CET 2016    EN: 1.915 GAM: 0.200  GM3: 0.0000
     3s    -17.898811    2.619580
     3p    -15.317401    1.798798
     4sp    -4.455139    0.843200
 
 Nbf   :          761
 T(el) :     0.0
 calculating S/T integrals ...
 cpu time for ints    1.94244500000000     
 Nao   :          761
 making H0...
 making H1...
 cpu time for H      1.253700000000002E-002
 solving ...
 cpu time for diag    2.54245600000000     
 
 gap (eV)           :   4.644
 Koopmans IP (eV)   :  13.789
 Eel (Eh)           :  -329.426950

          eigenvalues
 #    :         175        176        177        178        179        180        181        182
 occ. :        2.000      2.000      2.000      2.000      2.000      2.000      2.000      2.000
 eps  :       -16.630    -16.604    -16.523    -16.408    -16.332    -16.144    -15.817    -15.559
 #    :         183        184        185        186        187        188        189        190
 occ. :        2.000      2.000      2.000      2.000      2.000      0.000      0.000      0.000
 eps  :       -15.471    -14.679    -14.632    -14.109    -13.790     -9.146     -8.981     -8.726
 #    :         191        192        193        194        195        196        197        198
 occ. :        0.000      0.000      0.000      0.000      0.000      0.000      0.000      0.000
 eps  :        -8.563     -7.711     -7.122     -6.840     -6.084     -5.939     -5.857     -5.760
                            1  SCC done.
 writing mo output ...
 molden style : F
 
speedup  3.32
cpu  time for all    6.05 s
wall time for all    1.83 s
