 
        ______________________________________
       |                                      |
       |          ===================         |
       |             xTB for sTDA             |
       |          ===================         |
       |               S. Grimme              |
       |        Universitaet Bonn, MCTC       |
       |         2015-19, Version 1.0         |
       |     Wed Apr  3 09:14:55 CEST 2019    |
       |______________________________________|
 
        This code comes without any warranty
        for non-commercial, academia use only.
        Preliminary test version.
        Cite this work as:
        S. Grimme  &  C. Bannwarth, JCP 145 (2016) 054103
        if GBSA is used additionally:
        P. Shushkov, F. März, C. Bannwarth, S. Grimme, unpublished.
 
        with help from
        P. Shushkov, G. Brandenburg, S. Dohm, J. Pisarek,
        F. März, M. Checinski, S. Ehrlich, S. Spicher, 
        P. Pracht, E. Caldeweyher, S. Ehlert, and C. Bannwarth.
 
        usage        :
        xtb4stda <coord_file> [options]
        where <coord_file> is a valid file of TM)
        (*coord, Bohr) or xmol (*xyz, Angstroem)
        format.

        options:
        -chrg <int>   : molecular charge
        -uhf  <int>   : # of unpaired electrons(=2*S)
        -nox          : skip second, extended part in sTDA-xTB
        -pop          : do population analysis
                      : (default for -nox)
        -mowr <real>  : cut MO write above (def.3 Eh)
        -molden       : write formatted molden file
        -parx <file>  : read parameters for sTDA-xTB
                        calc (def:~/.param_stda2.xtb)
        -parv <file>  : read parameters for vTB part in
                        sTDA-xTB (def: ~/.param_stda1.xtb)
        -xtemp <real> : el. temp for xTB (def. 0 K)
        -etemp <real> : el. temp for GFN (def. 300 K)
        -fod          : calculate the FOD and write
                        molden.input file with
                        appropriate occupations
                        for plotting. Def. T=12500 K
 
        -acc <real>   : xTB accuracy (def. 1.0)
        -gbsa [string1] [string2]
                        use GBSA implicit solvent
                        for solvent [string1] and
                        solvation state [string2]=
                        reference, bar1M (default=1M)
        additional GFN/opt/MD/siman options read from
        $XTB4STDAHOME/.xtb4stdarc or $set in input
 
       spin and charge state information can be on:
       <.CHRG> (charge) and <.UHF> (=nalpha-nbeta)
       -uhf and -chrg override the file info.
       useful machine settings:
       setenv MKL_NUM_THREADS <NCORE_ON_YOUR_MACHINE>
       setenv OMP_STACKSIZE 500m
       limit stacksize unlimited
 
       total energies in Eh, gaps/HL energies in eV
       please read REVISION and HOWTO files carefully
 =============================
  # OMP threads =           8
 =============================
 
 xtb4stdahome directory:/ihome/ghutchison/blp62/xtb4stda/
 
 
 name of molecule           :
 comment line               :
 number of atoms            :   201
 number of electrons        :   628
 charge                     :  0
 spin                       : 0.0
 first test random number   :  0.9199
 
 -----------------------------------------
      charge density (VTB) calculation
 -----------------------------------------
 
      method parameters     
 k(s)        :  1.8000
 k(p)        :  2.8350
 k(d)        :  2.0860
 k(f)        :  2.0000
 Tscal       :  0.3300
 Gscal       :  0.3910
 fpol        :  1.0000
 Zcnf        :  0.6500
 Zqf         :  0.0000
 kcn         :  0.3000
 kEN1        : -0.5900
 wllscal     :  2.6000
 
     -------------------------
     ! NO SOLVENT MODEL USED !
     -------------------------
 
 doing EN charges ...
 sum q :  0.4440892D-15
 point charge moment (au)
     X       Y       Z   
   0.8679  -1.0853  -0.6620  total (Debye):    3.913
 
            Z      q(EN)   CN      Cart. coordinates
     1  C   4.0  -0.073   3.215    -8.40437     4.82768    -2.14862
     2  C   4.0  -0.003   3.284    -8.73431     2.51409    -3.29455
     3  C   4.0   0.102   3.241    -6.82985     0.51665    -3.55684
     4  O   6.0  -0.120   1.207    -4.55594     0.66651    -3.21745
     5  C   4.0  -0.007   3.350    -8.22295    -1.77937    -4.29610
     6  C   4.0  -0.067   3.160    -7.31362    -4.19066    -4.71543
     7  C   4.0  -0.082   3.236    -9.00020    -6.07490    -5.40065
     8  C   4.0  -0.069   3.157   -11.54944    -5.49400    -5.65916
     9  CL  7.0   0.083   1.208   -13.62360    -7.85181    -6.52012
    10  C   4.0  -0.079   3.252   -12.49222    -3.06910    -5.25212
    11  C   4.0  -0.005   3.352   -10.80243    -1.19846    -4.55594
    12  C   4.0  -0.008   3.332   -11.15959     1.49364    -4.02171
    13  C   4.0  -0.037   3.122   -13.41176     2.77242    -4.18140
    14  C   4.0   0.235   2.168   -13.70278     5.40821    -3.95803
    15  N   5.0  -0.215   1.035   -14.09754     7.54322    -3.87658
    16  C   4.0   0.236   2.163   -15.76768     1.61137    -4.61509
    17  N   5.0  -0.215   1.027   -17.76040     0.79180    -4.87700
    18  C   4.0  -0.075   3.225    -6.25367     5.89840    -1.06070
    19  C   4.0   0.085   3.466    -6.30035     7.99222     0.61397
    20  N   5.0  -0.315   3.239    -8.41665     9.18482     1.50781
    21  C   4.0   0.079   3.312    -8.21426    11.74786     2.19643
    22  C   4.0  -0.068   3.190    -9.31030    12.63055     4.41912
    23  C   4.0  -0.074   3.185    -9.06520    15.13897     5.08506
    24  C   4.0   0.008   3.152    -7.72841    16.82461     3.57347
    25  C   4.0  -0.253   4.052    -7.47916    19.53939     4.33068
    26  C   4.0  -0.074   3.185    -6.66412    15.93058     1.34794
    27  C   4.0  -0.071   3.210    -6.90449    13.42707     0.65252
    28  C   4.0   0.083   3.279   -10.71059     7.91417     1.96513
    29  C   4.0  -0.069   3.191   -10.72231     5.47605     2.95950
    30  C   4.0  -0.073   3.184   -12.98128     4.21749     3.29719
    31  C   4.0   0.008   3.153   -15.27522     5.36059     2.71213
    32  C   4.0  -0.252   4.052   -17.71429     3.95368     2.98085
    33  C   4.0  -0.074   3.188   -15.24499     7.83102     1.82264
    34  C   4.0  -0.069   3.194   -12.99716     9.10035     1.43714
    35  C   4.0  -0.100   3.462    -3.83784     8.64550     1.37459
    36  S   6.0   0.228   2.536    -2.60499    10.67884     3.65246
    37  C   4.0  -0.093   3.384     0.41385     9.39572     3.19647
    38  C   4.0   0.071   3.535     0.46582     7.63884     1.25591
    39  N   5.0  -0.316   3.254     2.66962     6.44699     0.46506
    40  C   4.0   0.084   3.292     4.76287     7.93798    -0.20144
    41  C   4.0  -0.070   3.208     7.21157     7.11217     0.29952
    42  C   4.0  -0.075   3.196     9.25739     8.56329    -0.40894
    43  C   4.0   0.007   3.158     8.93028    10.87367    -1.61666
    44  C   4.0  -0.253   4.054    11.16941    12.41210    -2.40732
    45  C   4.0  -0.074   3.191     6.48422    11.69230    -2.09344
    46  C   4.0  -0.069   3.200     4.42120    10.25403    -1.39878
    47  C   4.0   0.086   3.284     2.72650     3.82840     0.11490
    48  C   4.0  -0.069   3.197     4.27116     2.76089    -1.73401
    49  C   4.0  -0.074   3.188     4.44048     0.17518    -1.97306
    50  C   4.0   0.008   3.154     3.05871    -1.43185    -0.41933
    51  C   4.0  -0.253   4.062     3.29512    -4.23374    -0.72452
    52  C   4.0  -0.073   3.185     1.45755    -0.35999     1.35720
    53  C   4.0  -0.072   3.211     1.28823     2.23309     1.63518
    54  C   4.0  -0.104   3.458    -1.96947     7.17208     0.26551
    55  S   6.0   0.234   2.685    -3.15168     4.80179    -1.61968
    56  C   4.0  -0.084   3.319     2.49123     9.34810     4.99833
    57  C   4.0  -0.017   3.412     4.88097    10.39765     4.99492
    58  C   4.0  -0.001   3.223     5.42181    12.86507     3.89850
    59  C   4.0  -0.077   3.206     7.88734    13.72262     3.54891
    60  C   4.0  -0.072   3.148     8.32349    16.07080     2.49746
    61  C   4.0  -0.074   3.181     6.32794    17.59448     1.76368
    62  C   4.0   0.008   3.189     3.85504    16.79853     2.13501
    63  C   4.0  -0.174   4.064     1.64463    18.38949     1.33037
    64  C   4.0  -0.242   4.029     0.39363    17.27852    -1.02631
    65  C   4.0  -0.077   3.250     3.43344    14.45659     3.22274
    66  C   4.0  -0.100   3.469     6.66431     8.70143     6.10457
    67  S   6.0   0.224   2.502     9.97605     8.41911     5.94205
    68  C   4.0  -0.082   3.393     9.76780     5.21583     6.66922
    69  C   4.0   0.009   3.409    11.11877     2.95307     6.25839
    70  C   4.0   0.076   3.648    13.43123     2.42679     5.01873
    71  C   4.0   0.076   3.648    13.85453    -0.06274     3.97485
    72  N   5.0  -0.299   2.144    15.97423    -0.18614     2.65866
    73  S   6.0   0.427   2.880    17.34164     2.55019     2.73198
    74  N   5.0  -0.299   2.145    15.26237     4.02115     4.43008
    75  C   4.0   0.010   3.400    12.05853    -1.99782     4.40249
    76  C   4.0  -0.084   3.394    11.64241    -4.42366     3.36674
    77  S   6.0   0.224   2.445    12.73373    -6.32813     0.92408
    78  C   4.0  -0.104   3.488    10.07413    -8.27587     1.28142
    79  C   4.0  -0.019   3.424     8.97979   -10.13819    -0.27363
    80  C   4.0  -0.002   3.226    10.20773   -11.05036    -2.58155
    81  C   4.0  -0.076   3.197    12.70482   -11.86823    -2.48008
    82  C   4.0  -0.072   3.144    13.88344   -12.71975    -4.65043
    83  C   4.0  -0.074   3.183    12.59446   -12.75074    -6.92471
    84  C   4.0   0.007   3.190    10.11155   -11.90546    -7.06569
    85  C   4.0  -0.174   4.064     8.73583   -11.84235    -9.54652
    86  C   4.0  -0.242   4.027     9.14892    -9.30407   -10.86725
    87  C   4.0  -0.074   3.233     8.94445   -11.04110    -4.88664
    88  C   4.0  -0.082   3.275     6.57341   -10.77068     0.55237
    89  S   6.0   0.233   2.608     5.71453    -9.16309     3.32384
    90  C   4.0  -0.097   3.412     8.53551    -7.54057     3.29663
    91  C   4.0   0.070   3.707     9.44901    -5.37419     4.49245
    92  N   5.0  -0.291   3.268     8.51643    -3.69385     6.23496
    93  C   4.0   0.097   3.495    10.01007    -1.55184     6.07207
    94  C   4.0   0.101   3.488     9.40649     0.94921     6.77316
    95  N   5.0  -0.299   3.277     7.10499     1.94358     7.47198
    96  C   4.0   0.073   3.717     7.31173     4.51342     7.33289
    97  C   4.0  -0.099   3.439     5.57942     6.48327     7.00143
    98  S   6.0   0.231   2.672     2.34326     6.50330     6.73290
    99  C   4.0  -0.099   4.099     4.64703     0.75740     7.50089
   100  C   4.0  -0.240   4.028     3.47162     0.79161    10.13479
   101  C   4.0  -0.098   4.089     7.22726    -4.60772     8.47221
   102  C   4.0  -0.239   4.029     8.79460    -6.61895     9.82809
   103  C   4.0  -0.000   3.272     4.67140   -12.26546    -0.67047
   104  C   4.0   0.093   3.577     2.11857   -11.48500    -0.53177
   105  N   5.0  -0.083   2.340     1.03179    -9.54142     0.67992
   106  N   5.0  -0.167   3.555    -1.31714    -9.60264    -0.05197
   107  C   4.0  -0.082   4.090    -3.12258    -7.75033     0.76761
   108  C   4.0  -0.237   4.028    -3.34614    -7.75147     3.63716
   109  N   5.0  -0.074   2.295    -1.93659   -11.39297    -1.62724
   110  C   4.0   0.095   3.569     0.21467   -12.66853    -2.00878
   111  C   4.0   0.009   3.169     0.74115   -14.75460    -3.61297
   112  C   4.0  -0.072   3.174     3.25373   -15.57399    -3.58160
   113  C   4.0  -0.072   3.186     5.12626   -14.37382    -2.18396
   114  C   4.0  -0.066   3.179    -1.31657   -15.61858    -5.10339
   115  C   4.0  -0.001   3.254    -1.63046   -17.53118    -6.81322
   116  C   4.0   0.101   3.209     0.09864   -19.62386    -7.49295
   117  O   6.0  -0.105   1.054     2.27599   -19.96798    -6.85838
   118  C   4.0  -0.007   3.350    -1.38763   -21.32064    -9.13682
   119  C   4.0  -0.067   3.159    -0.66405   -23.59398   -10.19866
   120  C   4.0  -0.083   3.236    -2.39542   -24.89846   -11.66641
   121  C   4.0  -0.068   3.156    -4.80028   -23.90636   -12.03529
   122  CL  7.0   0.082   1.207    -6.93511   -25.56327   -13.85264
   123  C   4.0  -0.079   3.254    -5.54842   -21.61544   -10.98422
   124  C   4.0  -0.005   3.346    -3.81214   -20.31304    -9.52138
   125  C   4.0  -0.008   3.328    -3.98468   -17.90081    -8.18440
   126  C   4.0  -0.036   3.121    -5.98533   -16.26223    -8.34503
   127  C   4.0   0.234   2.169    -6.17298   -13.83336    -7.25938
   128  N   5.0  -0.215   1.031    -6.54658   -11.82024    -6.53297
   129  C   4.0   0.235   2.174    -8.20689   -16.75752    -9.73870
   130  N   5.0  -0.214   1.027   -10.06487   -17.02719   -10.82548
   131  H   1.0   0.078   1.017   -10.09643     5.95547    -1.93413
   132  H   1.0   0.075   1.005    -5.32204    -4.58315    -4.52211
   133  H   1.0   0.076   1.008    -8.34900    -7.97672    -5.74552
   134  H   1.0   0.078   1.009   -14.48229    -2.70458    -5.48247
   135  H   1.0   0.076   1.006   -10.33340    11.33590     5.61986
   136  H   1.0   0.075   1.005    -9.91048    15.80227     6.82097
   137  H   1.0   0.082   1.000    -6.13140    20.51883     3.12958
   138  H   1.0   0.081   0.999    -6.85895    19.69000     6.28636
   139  H   1.0   0.080   0.999    -9.29953    20.49011     4.17516
   140  H   1.0   0.075   1.005    -5.63951    17.20973     0.13228
   141  H   1.0   0.076   1.007    -6.08700    12.76226    -1.09604
   142  H   1.0   0.076   1.006    -8.95598     4.56520     3.42758
   143  H   1.0   0.075   1.005   -12.96333     2.31397     4.03702
   144  H   1.0   0.082   1.000   -17.52796     2.39523     4.30706
   145  H   1.0   0.081   0.999   -19.21417     5.20468     3.62015
   146  H   1.0   0.080   0.999   -18.27856     3.17852     1.15557
   147  H   1.0   0.075   1.005   -17.00394     8.76020     1.37345
   148  H   1.0   0.076   1.006   -13.00075    10.99632     0.68748
   149  H   1.0   0.076   1.008     7.49994     5.32468     1.24590
   150  H   1.0   0.075   1.006    11.14315     7.89905     0.00510
   151  H   1.0   0.080   0.999    11.91170    11.71460    -4.19916
   152  H   1.0   0.082   1.000    10.64974    14.38459    -2.65110
   153  H   1.0   0.082   1.000    12.66967    12.27963    -1.00874
   154  H   1.0   0.075   1.006     6.18318    13.48376    -3.02432
   155  H   1.0   0.076   1.007     2.53185    10.91487    -1.79732
   156  H   1.0   0.076   1.007     5.33923     3.97296    -2.97915
   157  H   1.0   0.075   1.005     5.66275    -0.61945    -3.40264
   158  H   1.0   0.081   1.001     5.26799    -4.77005    -0.96357
   159  H   1.0   0.081   1.000     2.28014    -4.85036    -2.40921
   160  H   1.0   0.083   1.003     2.53129    -5.24021     0.89403
   161  H   1.0   0.075   1.005     0.33467    -1.56507     2.56644
   162  H   1.0   0.076   1.009     0.04554     3.02829     3.04756
   163  H   1.0   0.076   1.022     9.46734    12.55647     4.08672
   164  H   1.0   0.074   1.005    10.24231    16.71689     2.24178
   165  H   1.0   0.074   1.005     6.69190    19.42034     0.92389
   166  H   1.0   0.081   1.003     0.25530    18.46735     2.85632
   167  H   1.0   0.081   1.003     2.27466    20.31266     0.93126
   168  H   1.0   0.081   0.999     1.76085    17.11581    -2.55283
   169  H   1.0   0.081   0.999    -1.14687    18.48322    -1.65956
   170  H   1.0   0.082   1.000    -0.35791    15.40826    -0.62474
   171  H   1.0   0.078   1.012     1.51121    13.87512     3.57253
   172  H   1.0   0.075   1.006    13.70014   -11.86030    -0.69882
   173  H   1.0   0.074   1.004    15.81663   -13.36773    -4.56463
   174  H   1.0   0.075   1.005    13.52193   -13.43255    -8.61073
   175  H   1.0   0.081   1.004     6.71665   -12.12883    -9.23037
   176  H   1.0   0.081   1.003     9.42028   -13.36225   -10.76180
   177  H   1.0   0.081   0.999    11.15146    -8.99623   -11.21401
   178  H   1.0   0.081   0.998     8.15549    -9.25928   -12.66551
   179  H   1.0   0.081   0.999     8.45350    -7.76621    -9.69429
   180  H   1.0   0.076   1.007     7.02695   -10.34360    -4.97829
   181  H   1.0   0.087   1.007     4.80614    -1.14914     6.75275
   182  H   1.0   0.082   1.013     3.42362     1.81395     6.20907
   183  H   1.0   0.082   0.999     1.66371    -0.17915    10.10021
   184  H   1.0   0.082   1.001     3.15811     2.72971    10.73875
   185  H   1.0   0.081   0.999     4.68709    -0.12189    11.51826
   186  H   1.0   0.085   1.006     6.93227    -3.02564     9.75250
   187  H   1.0   0.081   1.004     5.40273    -5.41255     7.91833
   188  H   1.0   0.082   0.999    10.64520    -5.87006    10.31979
   189  H   1.0   0.082   1.000     9.04839    -8.27190     8.63624
   190  H   1.0   0.082   0.999     7.83613    -7.19475    11.55038
   191  H   1.0   0.084   1.004    -4.91178    -8.23108    -0.13795
   192  H   1.0   0.082   1.003    -2.49501    -5.89141     0.11055
   193  H   1.0   0.082   0.999    -4.63247    -6.26765     4.23412
   194  H   1.0   0.082   1.000    -1.50120    -7.42284     4.47997
   195  H   1.0   0.082   0.999    -4.06367    -9.55672     4.30612
   196  H   1.0   0.077   1.009     3.77737   -17.17931    -4.71959
   197  H   1.0   0.076   1.007     7.03186   -15.09097    -2.30282
   198  H   1.0   0.076   1.016    -2.97859   -14.46358    -4.77590
   199  H   1.0   0.075   1.005     1.21358   -24.32040    -9.87609
   200  H   1.0   0.076   1.006    -1.89974   -26.67953   -12.52397
   201  H   1.0   0.078   1.009    -7.43267   -20.92059   -11.31643
 
  Z AO/shell   Hii/eV     exponent
  1     Sat Feb 20 21:38:01 CET 2016    EN: 2.327 GAM: 0.473  GM3: 0.0000
     1s    -13.751157    1.051071
  6     Sat Feb 20 21:38:01 CET 2016    EN: 2.731 GAM: 0.422  GM3: 0.0000
     2s    -19.378245    2.021003
     2p    -11.993376    1.497917
  7     Sat Feb 20 21:38:01 CET 2016    EN: 3.573 GAM: 0.504  GM3: 0.0000
     2s    -21.576984    2.275442
     2p    -16.125120    2.056788
  8     Sat Feb 20 21:38:01 CET 2016    EN: 3.700 GAM: 0.587  GM3: 0.0000
     2s    -21.648843    2.110798
     2p    -17.239740    2.329048
 16     Sat Feb 20 23:13:41 CET 2016    EN: 1.915 GAM: 0.389  GM3: 0.0000
     3s    -22.000000    2.671470
     3p    -15.834192    1.836978
     3d     -2.593599    1.836978
 17     Sat Feb 20 23:13:41 CET 2016    EN: 2.375 GAM: 0.431  GM3: 0.0000
     3s    -21.000000    2.596786
     3p    -17.375270    2.088291
     3d     -1.372943    2.088291
 
 dipole moment of classical point charges (au)
     X       Y       Z   
   0.8679  -1.0853  -0.6620  total (Debye):    3.913

 
 Nbf   :          645
 T(el) :   300.0
 calculating S/T integrals ...
 cpu time for ints    1.05903300000000     
 Nao   :          636
 making H0...
 making H1...
 cpu time for H      0.340348000000000     
 solving ...
 cpu time for diag    2.27710800000000     
 
 gap (eV)           :   1.094
 Koopmans IP (eV)   :  11.729
 Eel (Eh)           :  -491.134062
 T,E(Fermi),NFOD :    300.000   -11.183  0.000000
 T,E(Fermi),NFOD :    300.000   -11.183  0.000000
 Nfod               :  0.0000
 Nfod/Nel           :  0.0000

          eigenvalues
 #    :         302        303        304        305        306        307        308        309
 occ. :        2.000      2.000      2.000      2.000      2.000      2.000      2.000      2.000
 eps  :       -14.619    -14.558    -14.523    -14.470    -14.252    -13.838    -13.729    -13.420
 #    :         310        311        312        313        314        315        316        317
 occ. :        2.000      2.000      2.000      2.000      2.000      0.000      0.000      0.000
 eps  :       -13.354    -12.832    -12.756    -12.402    -11.731    -10.637    -10.350     -9.660
 #    :         318        319        320        321        322        323        324        325
 occ. :        0.000      0.000      0.000      0.000      0.000      0.000      0.000      0.000
 eps  :        -9.578     -9.417     -9.286     -9.180     -9.010     -8.938     -8.906     -8.536
                            1  SCC done.
 making H1...
 cpu time for H       2.40152900000000     
 solving ...
 cpu time for diag   0.185650000000000     
 
 gap (eV)           :   1.605
 Koopmans IP (eV)   :  12.062
 Eel (Eh)           :  -491.351371
 T,E(Fermi),NFOD :    300.000   -11.259  0.000000
 T,E(Fermi),NFOD :    300.000   -11.259  0.000000
 Nfod               :  0.0000
 Nfod/Nel           :  0.0000

          eigenvalues
 #    :         302        303        304        305        306        307        308        309
 occ. :        2.000      2.000      2.000      2.000      2.000      2.000      2.000      2.000
 eps  :       -14.474    -14.395    -14.344    -14.197    -13.997    -13.847    -13.751    -13.573
 #    :         310        311        312        313        314        315        316        317
 occ. :        2.000      2.000      2.000      2.000      2.000      0.000      0.000      0.000
 eps  :       -13.382    -13.104    -12.858    -12.495    -12.063    -10.458     -9.973     -9.844
 #    :         318        319        320        321        322        323        324        325
 occ. :        0.000      0.000      0.000      0.000      0.000      0.000      0.000      0.000
 eps  :        -9.457     -9.433     -9.244     -9.071     -8.973     -8.939     -8.841     -8.732
                            2  SCC done.
 
 
 Mulliken/CM5 charges    n(s)   n(p)   n(d)   
    1 C  -0.0061 -0.0523   1.157  2.849  0.000
    2 C  -0.0298 -0.0317   1.171  2.859  0.000
    3 C   0.1295  0.1648   1.176  2.695  0.000
    4 O  -0.2247 -0.2708   1.623  4.602  0.000
    5 C  -0.0276 -0.0296   1.181  2.847  0.000
    6 C  -0.0177 -0.0700   1.146  2.872  0.000
    7 C  -0.0265 -0.0787   1.144  2.882  0.000
    8 C   0.0741  0.0667   1.151  2.775  0.000
    9 CL -0.0300 -0.0321   1.897  5.132  0.001
   10 C  -0.0376 -0.0867   1.149  2.889  0.000
   11 C  -0.0097 -0.0130   1.175  2.835  0.000
   12 C   0.0165  0.0157   1.197  2.786  0.000
   13 C   0.0003  0.0064   1.114  2.886  0.000
   14 C   0.0970  0.2142   1.172  2.731  0.000
   15 N  -0.2185 -0.3530   1.643  3.576  0.000
   16 C   0.0945  0.2133   1.172  2.734  0.000
   17 N  -0.2153 -0.3452   1.642  3.573  0.000
   18 C  -0.0235 -0.0109   1.164  2.860  0.000
   19 C   0.0379  0.1068   1.183  2.779  0.000
   20 N  -0.1065 -0.3514   1.230  3.877  0.000
   21 C   0.0460  0.1011   1.175  2.780  0.000
   22 C  -0.0365 -0.0849   1.137  2.900  0.000
   23 C  -0.0418 -0.0958   1.136  2.906  0.000
   24 C   0.0024 -0.0157   1.177  2.821  0.000
   25 C  -0.0825 -0.2282   1.079  3.004  0.000
   26 C  -0.0438 -0.0981   1.137  2.907  0.000
   27 C  -0.0412 -0.0888   1.138  2.903  0.000
   28 C   0.0463  0.0991   1.175  2.779  0.000
   29 C  -0.0482 -0.0972   1.138  2.910  0.000
   30 C  -0.0475 -0.1017   1.138  2.910  0.000
   31 C   0.0022 -0.0158   1.177  2.821  0.000
   32 C  -0.0821 -0.2276   1.079  3.003  0.000
   33 C  -0.0352 -0.0885   1.136  2.899  0.000
   34 C  -0.0304 -0.0783   1.136  2.895  0.000
   35 C  -0.0482 -0.0291   1.162  2.887  0.000
   36 S   0.1134  0.0789   1.895  3.939  0.053
   37 C  -0.0516 -0.0344   1.189  2.862  0.000
   38 C   0.0357  0.1022   1.180  2.784  0.000
   39 N  -0.1258 -0.3691   1.226  3.899  0.000
   40 C   0.0413  0.0964   1.176  2.783  0.000
   41 C  -0.0435 -0.0922   1.138  2.906  0.000
   42 C  -0.0427 -0.0969   1.138  2.905  0.000
   43 C  -0.0005 -0.0190   1.176  2.825  0.000
   44 C  -0.0837 -0.2295   1.079  3.004  0.000
   45 C  -0.0453 -0.0997   1.137  2.908  0.000
   46 C  -0.0488 -0.0970   1.137  2.912  0.000
   47 C   0.0462  0.1029   1.174  2.780  0.000
   48 C  -0.0412 -0.0900   1.136  2.905  0.000
   49 C  -0.0432 -0.0974   1.137  2.907  0.000
   50 C  -0.0036 -0.0217   1.176  2.828  0.000
   51 C  -0.0891 -0.2336   1.083  3.006  0.000
   52 C  -0.0483 -0.1028   1.137  2.911  0.000
   53 C  -0.0511 -0.0993   1.137  2.914  0.000
   54 C  -0.0651 -0.0457   1.193  2.872  0.000
   55 S   0.1281  0.0983   1.894  3.914  0.064
   56 C  -0.0576 -0.0438   1.194  2.863  0.000
   57 C   0.0046  0.0053   1.176  2.819  0.000
   58 C   0.0079  0.0006   1.164  2.828  0.000
   59 C  -0.0335 -0.0868   1.139  2.894  0.000
   60 C  -0.0282 -0.0851   1.136  2.892  0.000
   61 C  -0.0399 -0.0945   1.140  2.900  0.000
   62 C  -0.0021 -0.0186   1.182  2.820  0.000
   63 C  -0.0439 -0.1509   1.125  2.919  0.000
   64 C  -0.0912 -0.2431   1.096  2.996  0.000
   65 C  -0.0527 -0.1041   1.145  2.908  0.000
   66 C  -0.0620 -0.0484   1.182  2.880  0.000
   67 S   0.1122  0.0751   1.895  3.941  0.052
   68 C  -0.0545 -0.0333   1.172  2.882  0.000
   69 C  -0.0148 -0.0019   1.156  2.859  0.000
   70 C   0.0178  0.1061   1.208  2.774  0.000
   71 C   0.0166  0.1049   1.206  2.777  0.000
   72 N  -0.1998 -0.3614   1.529  3.671  0.000
   73 S   0.2333  0.3678   1.910  3.705  0.151
   74 N  -0.2024 -0.3642   1.529  3.673  0.000
   75 C  -0.0057  0.0071   1.155  2.851  0.000
   76 C  -0.0520 -0.0305   1.173  2.879  0.000
   77 S   0.1201  0.0881   1.894  3.934  0.051
   78 C  -0.0588 -0.0448   1.176  2.882  0.000
   79 C  -0.0226 -0.0226   1.171  2.852  0.000
   80 C   0.0057 -0.0023   1.165  2.829  0.000
   81 C  -0.0401 -0.0930   1.140  2.900  0.000
   82 C  -0.0292 -0.0855   1.136  2.893  0.000
   83 C  -0.0407 -0.0952   1.139  2.901  0.000
   84 C   0.0010 -0.0155   1.182  2.817  0.000
   85 C  -0.0429 -0.1498   1.124  2.919  0.000
   86 C  -0.0896 -0.2410   1.095  2.994  0.000
   87 C  -0.0450 -0.0967   1.145  2.900  0.000
   88 C  -0.0289 -0.0163   1.178  2.851  0.000
   89 S   0.1198  0.0873   1.890  3.942  0.048
   90 C  -0.0516 -0.0337   1.167  2.884  0.000
   91 C  -0.0061  0.0629   1.170  2.836  0.000
   92 N  -0.0882 -0.3491   1.297  3.792  0.000
   93 C   0.0115  0.0806   1.194  2.794  0.000
   94 C   0.0261  0.0968   1.183  2.791  0.000
   95 N  -0.0846 -0.3449   1.267  3.817  0.000
   96 C  -0.0074  0.0630   1.174  2.834  0.000
   97 C  -0.0452 -0.0269   1.165  2.880  0.000
   98 S   0.0836  0.0455   1.892  3.974  0.050
   99 C   0.0256 -0.0225   1.148  2.827  0.000
  100 C  -0.0807 -0.2279   1.092  2.988  0.000
  101 C   0.0306 -0.0194   1.150  2.820  0.000
  102 C  -0.0849 -0.2315   1.094  2.991  0.000
  103 C   0.0319  0.0332   1.167  2.801  0.000
  104 C   0.0119  0.1063   1.198  2.790  0.000
  105 N  -0.1675 -0.2825   1.610  3.557  0.000
  106 N  -0.0111 -0.1362   1.328  3.683  0.000
  107 C   0.0755  0.0400   1.142  2.783  0.000
  108 C  -0.0731 -0.2176   1.089  2.984  0.000
  109 N  -0.1483 -0.2579   1.608  3.541  0.000
  110 C   0.0094  0.1024   1.202  2.789  0.000
  111 C   0.0270  0.0241   1.153  2.820  0.000
  112 C  -0.0221 -0.0745   1.153  2.869  0.000
  113 C  -0.0272 -0.0803   1.139  2.889  0.000
  114 C  -0.0021 -0.0489   1.162  2.840  0.000
  115 C  -0.0210 -0.0237   1.179  2.842  0.000
  116 C   0.1360  0.1707   1.174  2.690  0.000
  117 O  -0.2230 -0.2782   1.622  4.601  0.000
  118 C  -0.0282 -0.0302   1.182  2.846  0.000
  119 C  -0.0152 -0.0674   1.145  2.870  0.000
  120 C  -0.0281 -0.0809   1.140  2.888  0.000
  121 C   0.0745  0.0670   1.150  2.775  0.000
  122 CL -0.0302 -0.0324   1.897  5.133  0.000
  123 C  -0.0354 -0.0845   1.148  2.887  0.000
  124 C  -0.0070 -0.0103   1.175  2.832  0.000
  125 C   0.0153  0.0144   1.199  2.786  0.000
  126 C   0.0143  0.0202   1.117  2.869  0.000
  127 C   0.1010  0.2181   1.172  2.727  0.000
  128 N  -0.2021 -0.3403   1.638  3.564  0.000
  129 C   0.0980  0.2170   1.172  2.730  0.000
  130 N  -0.2071 -0.3374   1.642  3.565  0.000
  131 H   0.0666  0.1419   0.933  0.000  0.000
  132 H   0.0534  0.1123   0.947  0.000  0.000
  133 H   0.0552  0.1210   0.945  0.000  0.000
  134 H   0.0518  0.1163   0.948  0.000  0.000
  135 H   0.0413  0.1028   0.959  0.000  0.000
  136 H   0.0398  0.0973   0.960  0.000  0.000
  137 H   0.0393  0.0923   0.961  0.000  0.000
  138 H   0.0414  0.0940   0.959  0.000  0.000
  139 H   0.0432  0.0955   0.957  0.000  0.000
  140 H   0.0406  0.0984   0.959  0.000  0.000
  141 H   0.0398  0.1019   0.960  0.000  0.000
  142 H   0.0382  0.0999   0.962  0.000  0.000
  143 H   0.0389  0.0964   0.961  0.000  0.000
  144 H   0.0385  0.0914   0.961  0.000  0.000
  145 H   0.0415  0.0943   0.958  0.000  0.000
  146 H   0.0461  0.0990   0.954  0.000  0.000
  147 H   0.0433  0.1018   0.957  0.000  0.000
  148 H   0.0438  0.1065   0.956  0.000  0.000
  149 H   0.0407  0.1045   0.959  0.000  0.000
  150 H   0.0420  0.1005   0.958  0.000  0.000
  151 H   0.0421  0.0943   0.958  0.000  0.000
  152 H   0.0390  0.0925   0.961  0.000  0.000
  153 H   0.0413  0.0944   0.959  0.000  0.000
  154 H   0.0391  0.0974   0.961  0.000  0.000
  155 H   0.0369  0.0993   0.963  0.000  0.000
  156 H   0.0416  0.1041   0.958  0.000  0.000
  157 H   0.0394  0.0969   0.961  0.000  0.000
  158 H   0.0387  0.0934   0.961  0.000  0.000
  159 H   0.0444  0.0987   0.956  0.000  0.000
  160 H   0.0413  0.1029   0.959  0.000  0.000
  161 H   0.0361  0.0937   0.964  0.000  0.000
  162 H   0.0360  0.0999   0.964  0.000  0.000
  163 H   0.0435  0.1075   0.956  0.000  0.000
  164 H   0.0427  0.0996   0.957  0.000  0.000
  165 H   0.0360  0.0933   0.964  0.000  0.000
  166 H   0.0368  0.0925   0.963  0.000  0.000
  167 H   0.0365  0.0924   0.963  0.000  0.000
  168 H   0.0297  0.0823   0.970  0.000  0.000
  169 H   0.0335  0.0852   0.967  0.000  0.000
  170 H   0.0292  0.0827   0.971  0.000  0.000
  171 H   0.0352  0.0996   0.965  0.000  0.000
  172 H   0.0385  0.0974   0.962  0.000  0.000
  173 H   0.0423  0.0989   0.958  0.000  0.000
  174 H   0.0372  0.0947   0.963  0.000  0.000
  175 H   0.0369  0.0928   0.963  0.000  0.000
  176 H   0.0373  0.0932   0.963  0.000  0.000
  177 H   0.0291  0.0818   0.971  0.000  0.000
  178 H   0.0336  0.0852   0.966  0.000  0.000
  179 H   0.0295  0.0822   0.971  0.000  0.000
  180 H   0.0371  0.0978   0.963  0.000  0.000
  181 H   0.0559  0.1308   0.944  0.000  0.000
  182 H   0.0530  0.1249   0.947  0.000  0.000
  183 H   0.0440  0.0965   0.956  0.000  0.000
  184 H   0.0346  0.0908   0.965  0.000  0.000
  185 H   0.0322  0.0869   0.968  0.000  0.000
  186 H   0.0559  0.1261   0.944  0.000  0.000
  187 H   0.0531  0.1191   0.947  0.000  0.000
  188 H   0.0316  0.0866   0.968  0.000  0.000
  189 H   0.0325  0.0887   0.967  0.000  0.000
  190 H   0.0418  0.0940   0.958  0.000  0.000
  191 H   0.0599  0.1319   0.940  0.000  0.000
  192 H   0.0579  0.1267   0.942  0.000  0.000
  193 H   0.0457  0.0982   0.954  0.000  0.000
  194 H   0.0355  0.0936   0.964  0.000  0.000
  195 H   0.0349  0.0901   0.965  0.000  0.000
  196 H   0.0625  0.1334   0.938  0.000  0.000
  197 H   0.0502  0.1104   0.950  0.000  0.000
  198 H   0.0650  0.1401   0.935  0.000  0.000
  199 H   0.0539  0.1126   0.946  0.000  0.000
  200 H   0.0468  0.1047   0.953  0.000  0.000
  201 H   0.0542  0.1195   0.946  0.000  0.000
 Hirshfeld charges for QMDFF written to <charges>
 
 Loewdin charges    n(s)   n(p)   n(d)
    1 C   0.0009   1.103  2.896  0.000
    2 C  -0.0389   1.133  2.906  0.000
    3 C   0.1212   1.141  2.737  0.000
    4 O  -0.2063   1.591  4.615  0.000
    5 C  -0.0310   1.141  2.890  0.000
    6 C  -0.0092   1.091  2.918  0.000
    7 C  -0.0249   1.092  2.933  0.000
    8 C   0.0972   1.105  2.798  0.000
    9 CL -0.0400   1.887  5.130  0.023
   10 C  -0.0385   1.098  2.941  0.000
   11 C  -0.0052   1.132  2.873  0.000
   12 C   0.0276   1.153  2.819  0.000
   13 C  -0.0117   1.073  2.939  0.000
   14 C   0.0916   1.138  2.770  0.000
   15 N  -0.2077   1.605  3.603  0.000
   16 C   0.0888   1.138  2.774  0.000
   17 N  -0.2045   1.604  3.600  0.000
   18 C  -0.0071   1.121  2.886  0.000
   19 C   0.0306   1.150  2.819  0.000
   20 N  -0.0660   1.188  3.878  0.000
   21 C   0.0434   1.138  2.819  0.000
   22 C  -0.0336   1.084  2.949  0.000
   23 C  -0.0368   1.083  2.954  0.000
   24 C   0.0114   1.132  2.856  0.000
   25 C  -0.0844   1.004  3.080  0.000
   26 C  -0.0395   1.084  2.955  0.000
   27 C  -0.0378   1.086  2.952  0.000
   28 C   0.0443   1.138  2.818  0.000
   29 C  -0.0447   1.086  2.959  0.000
   30 C  -0.0426   1.084  2.958  0.000
   31 C   0.0112   1.133  2.856  0.000
   32 C  -0.0838   1.004  3.080  0.000
   33 C  -0.0304   1.083  2.948  0.000
   34 C  -0.0277   1.083  2.945  0.000
   35 C  -0.0299   1.119  2.911  0.000
   36 S   0.0750   1.882  3.937  0.106
   37 C  -0.0304   1.146  2.884  0.000
   38 C   0.0239   1.149  2.827  0.000
   39 N  -0.0874   1.186  3.902  0.000
   40 C   0.0390   1.139  2.822  0.000
   41 C  -0.0407   1.085  2.955  0.000
   42 C  -0.0377   1.084  2.954  0.000
   43 C   0.0081   1.132  2.860  0.000
   44 C  -0.0857   1.005  3.081  0.000
   45 C  -0.0407   1.084  2.957  0.000
   46 C  -0.0464   1.084  2.962  0.000
   47 C   0.0433   1.137  2.820  0.000
   48 C  -0.0390   1.084  2.955  0.000
   49 C  -0.0382   1.083  2.955  0.000
   50 C   0.0050   1.132  2.863  0.000
   51 C  -0.0918   1.009  3.083  0.000
   52 C  -0.0436   1.084  2.960  0.000
   53 C  -0.0489   1.085  2.964  0.000
   54 C  -0.0421   1.148  2.894  0.000
   55 S   0.0838   1.882  3.914  0.121
   56 C  -0.0409   1.153  2.888  0.000
   57 C   0.0036   1.136  2.860  0.000
   58 C   0.0141   1.120  2.866  0.000
   59 C  -0.0304   1.087  2.944  0.000
   60 C  -0.0198   1.081  2.939  0.000
   61 C  -0.0362   1.087  2.949  0.000
   62 C   0.0062   1.138  2.855  0.000
   63 C  -0.0383   1.063  2.975  0.000
   64 C  -0.0932   1.023  3.070  0.000
   65 C  -0.0523   1.094  2.958  0.000
   66 C  -0.0434   1.140  2.903  0.000
   67 S   0.0731   1.882  3.939  0.106
   68 C  -0.0358   1.130  2.906  0.000
   69 C  -0.0218   1.118  2.904  0.000
   70 C   0.0125   1.174  2.813  0.000
   71 C   0.0111   1.173  2.816  0.000
   72 N  -0.1603   1.491  3.669  0.000
   73 S   0.1690   1.902  3.712  0.217
   74 N  -0.1631   1.491  3.672  0.000
   75 C  -0.0129   1.117  2.896  0.000
   76 C  -0.0314   1.130  2.901  0.000
   77 S   0.0811   1.881  3.933  0.104
   78 C  -0.0386   1.134  2.905  0.000
   79 C  -0.0235   1.131  2.892  0.000
   80 C   0.0124   1.121  2.867  0.000
   81 C  -0.0361   1.087  2.950  0.000
   82 C  -0.0209   1.081  2.940  0.000
   83 C  -0.0367   1.086  2.950  0.000
   84 C   0.0091   1.139  2.852  0.000
   85 C  -0.0373   1.063  2.975  0.000
   86 C  -0.0909   1.022  3.068  0.000
   87 C  -0.0439   1.093  2.951  0.000
   88 C  -0.0099   1.135  2.875  0.000
   89 S   0.0811   1.876  3.941  0.102
   90 C  -0.0300   1.123  2.907  0.000
   91 C  -0.0182   1.139  2.879  0.000
   92 N  -0.0473   1.256  3.791  0.000
   93 C   0.0018   1.162  2.836  0.000
   94 C   0.0150   1.151  2.834  0.000
   95 N  -0.0408   1.225  3.816  0.000
   96 C  -0.0194   1.143  2.877  0.000
   97 C  -0.0241   1.121  2.903  0.000
   98 S   0.0456   1.879  3.971  0.104
   99 C   0.0250   1.091  2.884  0.000
  100 C  -0.0827   1.019  3.063  0.000
  101 C   0.0319   1.093  2.875  0.000
  102 C  -0.0871   1.021  3.066  0.000
  103 C   0.0354   1.125  2.840  0.000
  104 C   0.0021   1.166  2.832  0.000
  105 N  -0.1649   1.588  3.577  0.000
  106 N   0.0255   1.296  3.679  0.000
  107 C   0.0759   1.084  2.840  0.000
  108 C  -0.0739   1.015  3.059  0.000
  109 N  -0.1470   1.586  3.561  0.000
  110 C   0.0013   1.168  2.830  0.000
  111 C   0.0275   1.111  2.862  0.000
  112 C  -0.0154   1.099  2.916  0.000
  113 C  -0.0229   1.086  2.937  0.000
  114 C   0.0065   1.108  2.885  0.000
  115 C  -0.0278   1.141  2.887  0.000
  116 C   0.1273   1.140  2.733  0.000
  117 O  -0.2062   1.590  4.616  0.000
  118 C  -0.0318   1.142  2.889  0.000
  119 C  -0.0069   1.090  2.917  0.000
  120 C  -0.0259   1.088  2.938  0.000
  121 C   0.0976   1.104  2.798  0.000
  122 CL -0.0403   1.887  5.131  0.023
  123 C  -0.0366   1.098  2.939  0.000
  124 C  -0.0024   1.132  2.871  0.000
  125 C   0.0260   1.155  2.819  0.000
  126 C   0.0030   1.075  2.922  0.000
  127 C   0.0951   1.138  2.767  0.000
  128 N  -0.1909   1.600  3.591  0.000
  129 C   0.0921   1.138  2.770  0.000
  130 N  -0.1962   1.604  3.592  0.000
  131 H   0.0559   0.944  0.000  0.000
  132 H   0.0433   0.957  0.000  0.000
  133 H   0.0450   0.955  0.000  0.000
  134 H   0.0418   0.958  0.000  0.000
  135 H   0.0331   0.967  0.000  0.000
  136 H   0.0322   0.968  0.000  0.000
  137 H   0.0387   0.961  0.000  0.000
  138 H   0.0405   0.959  0.000  0.000
  139 H   0.0421   0.958  0.000  0.000
  140 H   0.0335   0.967  0.000  0.000
  141 H   0.0318   0.968  0.000  0.000
  142 H   0.0304   0.970  0.000  0.000
  143 H   0.0316   0.968  0.000  0.000
  144 H   0.0380   0.962  0.000  0.000
  145 H   0.0406   0.959  0.000  0.000
  146 H   0.0445   0.955  0.000  0.000
  147 H   0.0352   0.965  0.000  0.000
  148 H   0.0352   0.965  0.000  0.000
  149 H   0.0330   0.967  0.000  0.000
  150 H   0.0343   0.966  0.000  0.000
  151 H   0.0411   0.959  0.000  0.000
  152 H   0.0386   0.961  0.000  0.000
  153 H   0.0405   0.960  0.000  0.000
  154 H   0.0319   0.968  0.000  0.000
  155 H   0.0295   0.970  0.000  0.000
  156 H   0.0337   0.966  0.000  0.000
  157 H   0.0319   0.968  0.000  0.000
  158 H   0.0384   0.962  0.000  0.000
  159 H   0.0431   0.957  0.000  0.000
  160 H   0.0407   0.959  0.000  0.000
  161 H   0.0295   0.971  0.000  0.000
  162 H   0.0296   0.970  0.000  0.000
  163 H   0.0367   0.963  0.000  0.000
  164 H   0.0350   0.965  0.000  0.000
  165 H   0.0291   0.971  0.000  0.000
  166 H   0.0333   0.967  0.000  0.000
  167 H   0.0331   0.967  0.000  0.000
  168 H   0.0294   0.971  0.000  0.000
  169 H   0.0335   0.967  0.000  0.000
  170 H   0.0295   0.970  0.000  0.000
  171 H   0.0287   0.971  0.000  0.000
  172 H   0.0308   0.969  0.000  0.000
  173 H   0.0343   0.966  0.000  0.000
  174 H   0.0300   0.970  0.000  0.000
  175 H   0.0334   0.967  0.000  0.000
  176 H   0.0338   0.966  0.000  0.000
  177 H   0.0289   0.971  0.000  0.000
  178 H   0.0333   0.967  0.000  0.000
  179 H   0.0292   0.971  0.000  0.000
  180 H   0.0295   0.970  0.000  0.000
  181 H   0.0503   0.950  0.000  0.000
  182 H   0.0475   0.952  0.000  0.000
  183 H   0.0434   0.957  0.000  0.000
  184 H   0.0338   0.966  0.000  0.000
  185 H   0.0326   0.967  0.000  0.000
  186 H   0.0505   0.949  0.000  0.000
  187 H   0.0470   0.953  0.000  0.000
  188 H   0.0309   0.969  0.000  0.000
  189 H   0.0318   0.968  0.000  0.000
  190 H   0.0413   0.959  0.000  0.000
  191 H   0.0520   0.948  0.000  0.000
  192 H   0.0508   0.949  0.000  0.000
  193 H   0.0450   0.955  0.000  0.000
  194 H   0.0345   0.966  0.000  0.000
  195 H   0.0337   0.966  0.000  0.000
  196 H   0.0511   0.949  0.000  0.000
  197 H   0.0414   0.959  0.000  0.000
  198 H   0.0535   0.946  0.000  0.000
  199 H   0.0436   0.956  0.000  0.000
  200 H   0.0378   0.962  0.000  0.000
  201 H   0.0439   0.956  0.000  0.000
 
 Wiberg/Mayer (AO) data. WBOs > 0.1 written file <wbo>
 largest (>0.05) Wiberg bond orders for each atom
           total WBO             WBO to atom ...
     1  C   3.931    C    2 1.467    C   18 1.293    H  131 0.910
     2  C   3.917    C    1 1.467    C   12 1.114    C    3 1.027    C   19 0.068    O    4 0.065
     3  C   3.907    O    4 1.743    C    2 1.027    C    5 0.992
     4  O   2.169    C    3 1.743    C    2 0.065    S   55 0.061    C    5 0.054
     5  C   3.938    C    6 1.389    C   11 1.265    C    3 0.992    C    8 0.086    O    4 0.054
     6  C   3.964    C    7 1.425    C    5 1.389    H  132 0.942    C   10 0.087
     7  C   3.949    C    6 1.425    C    8 1.378    H  133 0.934    C   11 0.089
     8  C   3.931    C    7 1.378    C   10 1.369    CL   9 1.022    C    5 0.086
     9  CL  1.178    C    8 1.022
    10  C   3.956    C   11 1.397    C    8 1.369    H  134 0.937    C    6 0.087
    11  C   3.948    C   10 1.397    C    5 1.265    C   12 1.039    C    7 0.089
    12  C   3.935    C   13 1.454    C    2 1.114    C   11 1.039    N   17 0.090    N   15 0.090
    13  C   3.935    C   12 1.454    C   14 1.067    C   16 1.066    N   17 0.080    N   15 0.080
    14  C   3.940    N   15 2.772    C   13 1.067
    15  N   3.044    C   14 2.772    C   12 0.090    C   13 0.080
    16  C   3.939    N   17 2.783    C   13 1.066
    17  N   3.042    C   16 2.783    C   12 0.090    C   13 0.080
    18  C   3.921    C   19 1.314    C    1 1.293    S   55 1.057
    19  C   3.902    C   18 1.314    C   35 1.252    N   20 1.062    S   55 0.069    C    2 0.068
    20  N   3.372    C   19 1.062    C   21 0.975    C   28 0.972
    21  C   3.929    C   27 1.377    C   22 1.371    N   20 0.975    C   24 0.104
    22  C   3.967    C   23 1.450    C   21 1.371    H  135 0.945    C   26 0.105
    23  C   3.972    C   22 1.450    C   24 1.385    H  136 0.945    C   27 0.106
    24  C   3.947    C   26 1.396    C   23 1.385    C   25 0.993    C   21 0.104
    25  C   3.987    C   24 0.993    H  137 0.979    H  138 0.974    H  139 0.970
    26  C   3.972    C   27 1.438    C   24 1.396    H  140 0.943    C   22 0.105
    27  C   3.968    C   26 1.438    C   21 1.377    H  141 0.945    C   23 0.106
    28  C   3.928    C   34 1.376    C   29 1.368    N   20 0.972    C   31 0.104
    29  C   3.970    C   30 1.447    C   28 1.368    H  142 0.945    C   33 0.106
    30  C   3.972    C   29 1.447    C   31 1.387    H  143 0.944    C   34 0.104
    31  C   3.951    C   33 1.393    C   30 1.387    C   32 0.993    C   28 0.104
    32  C   3.987    C   31 0.993    H  144 0.978    H  145 0.976    H  146 0.968
    33  C   3.972    C   34 1.441    C   31 1.393    H  147 0.944    C   29 0.106
    34  C   3.969    C   33 1.441    C   28 1.376    H  148 0.945    C   30 0.104
    35  C   3.933    C   54 1.351    C   19 1.252    S   36 1.079    C   37 0.070    S   55 0.051
    36  S   2.499    C   37 1.093    C   35 1.079    C   38 0.075    C   54 0.053
    37  C   3.874    C   38 1.486    S   36 1.093    C   56 1.013    C   35 0.070
    38  C   3.919    C   37 1.486    C   54 1.193    N   39 0.999    S   36 0.075
    39  N   3.328    C   38 0.999    C   47 0.997    C   40 0.984
    40  C   3.932    C   46 1.378    C   41 1.368    N   39 0.984    C   43 0.103
    41  C   3.970    C   42 1.449    C   40 1.368    H  149 0.944    C   45 0.105
    42  C   3.972    C   41 1.449    C   43 1.385    H  150 0.943    C   46 0.105
    43  C   3.951    C   45 1.395    C   42 1.385    C   44 0.993    C   40 0.103
    44  C   3.987    C   43 0.993    H  152 0.978    H  153 0.976    H  151 0.969
    45  C   3.973    C   46 1.439    C   43 1.395    H  154 0.944    C   41 0.105
    46  C   3.970    C   45 1.439    C   40 1.378    H  155 0.945    C   42 0.105
    47  C   3.933    C   53 1.375    C   48 1.360    N   39 0.997    C   50 0.102
    48  C   3.970    C   49 1.456    C   47 1.360    H  156 0.943    C   52 0.104
    49  C   3.972    C   48 1.456    C   50 1.380    H  157 0.944    C   53 0.105
    50  C   3.950    C   52 1.400    C   49 1.380    C   51 0.992    C   47 0.102
    51  C   3.985    C   50 0.992    H  158 0.974    H  160 0.972    H  159 0.969
    52  C   3.972    C   53 1.433    C   50 1.400    H  161 0.944    C   48 0.104
    53  C   3.970    C   52 1.433    C   47 1.375    H  162 0.943    C   49 0.105
    54  C   3.912    C   35 1.351    C   38 1.193    S   55 1.091    S   36 0.053
    55  S   2.546    C   54 1.091    C   18 1.057    C   19 0.069    O    4 0.061    C   35 0.051
    56  C   3.870    C   57 1.484    S   98 1.062    C   37 1.013    C   97 0.075
    57  C   3.934    C   56 1.484    C   66 1.182    C   58 1.037    S   98 0.064
    58  C   3.955    C   65 1.356    C   59 1.353    C   57 1.037    C   61 0.098
    59  C   3.969    C   60 1.445    C   58 1.353    H  163 0.936    C   62 0.101
    60  C   3.971    C   59 1.445    C   61 1.423    H  164 0.944    C   65 0.103
    61  C   3.964    C   60 1.423    C   62 1.384    H  165 0.946    C   58 0.098
    62  C   3.950    C   65 1.411    C   61 1.384    C   63 0.980    C   59 0.101
    63  C   3.973    C   64 0.992    C   62 0.980    H  167 0.967    H  166 0.964
    64  C   3.983    C   63 0.992    H  168 0.984    H  170 0.984    H  169 0.980
    65  C   3.969    C   62 1.411    C   58 1.356    H  171 0.939    C   60 0.103
    66  C   3.903    C   97 1.392    C   57 1.182    S   67 1.062    C   68 0.057    S   98 0.056
    67  S   2.476    C   68 1.086    C   66 1.062    C   96 0.054    C   97 0.051
    68  C   3.924    C   96 1.351    C   69 1.197    S   67 1.086    C   66 0.057
    69  C   3.919    C   94 1.278    C   68 1.197    C   70 1.159
    70  C   3.926    N   74 1.440    C   69 1.159    C   71 1.090    S   73 0.075
    71  C   3.927    N   72 1.440    C   75 1.161    C   70 1.090    S   73 0.076
    72  N   3.077    C   71 1.440    S   73 1.277    N   74 0.197
    73  S   2.803    N   72 1.277    N   74 1.275    C   71 0.076    C   70 0.075
    74  N   3.076    C   70 1.440    S   73 1.275    N   72 0.197
    75  C   3.925    C   93 1.286    C   76 1.190    C   71 1.161
    76  C   3.912    C   91 1.352    C   75 1.190    S   77 1.100    C   78 0.055
    77  S   2.478    C   76 1.100    C   78 1.072    C   91 0.055    C   90 0.051
    78  C   3.906    C   90 1.342    C   79 1.238    S   77 1.072    C   76 0.055
    79  C   3.904    C   88 1.432    C   78 1.238    C   80 0.994    S   89 0.065
    80  C   3.955    C   81 1.373    C   87 1.372    C   79 0.994    C   83 0.104
    81  C   3.967    C   82 1.436    C   80 1.373    H  172 0.946    C   84 0.104
    82  C   3.972    C   81 1.436    C   83 1.432    H  173 0.944    C   87 0.105
    83  C   3.967    C   82 1.432    C   84 1.384    H  174 0.946    C   80 0.104
    84  C   3.949    C   87 1.405    C   83 1.384    C   85 0.981    C   81 0.104
    85  C   3.972    C   86 0.991    C   84 0.981    H  175 0.966    H  176 0.966
    86  C   3.983    C   85 0.991    H  179 0.984    H  177 0.984    H  178 0.980
    87  C   3.968    C   84 1.405    C   80 1.372    H  180 0.945    C   82 0.105
    88  C   3.901    C   79 1.432    C  103 1.108    S   89 1.086    C   90 0.063
    89  S   2.507    C   90 1.103    C   88 1.086    C   79 0.065
    90  C   3.915    C   78 1.342    C   91 1.237    S   89 1.103    C   88 0.063    S   77 0.051
    91  C   3.899    C   76 1.352    C   90 1.237    N   92 1.064    S   77 0.055
    92  N   3.396    C   93 1.080    C   91 1.064    C  101 0.944
    93  C   3.891    C   75 1.286    C   94 1.244    N   92 1.080
    94  C   3.905    C   69 1.278    C   93 1.244    N   95 1.099
    95  N   3.435    C   94 1.099    C   96 1.083    C   99 0.946
    96  C   3.895    C   68 1.351    C   97 1.211    N   95 1.083    S   67 0.054
    97  C   3.934    C   66 1.392    C   96 1.211    S   98 1.093    C   56 0.075    S   67 0.051
    98  S   2.501    C   97 1.093    C   56 1.062    C   57 0.064    C   66 0.056
    99  C   3.929    C  100 1.006    H  181 0.962    H  182 0.956    N   95 0.946
   100  C   3.980    C   99 1.006    H  184 0.983    H  185 0.980    H  183 0.975
   101  C   3.932    C  102 1.001    H  187 0.968    H  186 0.965    N   92 0.944
   102  C   3.981    C  101 1.001    H  188 0.984    H  189 0.983    H  190 0.975
   103  C   3.887    C  113 1.381    C  104 1.176    C   88 1.108    C  111 0.076
   104  C   3.932    N  105 1.373    C  103 1.176    C  110 1.160    N  106 0.059
   105  N   2.986    C  104 1.373    N  106 1.220    N  109 0.235
   106  N   3.577    N  105 1.220    N  109 1.212    C  107 0.926    C  104 0.059    C  110 0.052
   107  C   3.912    C  108 1.009    H  191 0.970    H  192 0.966    N  106 0.926
   108  C   3.982    C  107 1.009    H  195 0.985    H  194 0.984    H  193 0.974
   109  N   2.991    C  110 1.389    N  106 1.212    N  105 0.235
   110  C   3.932    N  109 1.389    C  104 1.160    C  111 1.157    N  106 0.052
   111  C   3.913    C  112 1.356    C  114 1.187    C  110 1.157    C  103 0.076
   112  C   3.936    C  113 1.410    C  111 1.356    H  196 0.923
   113  C   3.951    C  112 1.410    C  103 1.381    H  197 0.940
   114  C   3.924    C  115 1.544    C  111 1.187    H  198 0.920
   115  C   3.883    C  114 1.544    C  125 1.087    C  116 0.996    O  117 0.066
   116  C   3.905    O  117 1.782    C  115 0.996    C  118 0.989
   117  O   2.155    C  116 1.782    C  115 0.066    C  118 0.060
   118  C   3.941    C  119 1.385    C  124 1.268    C  116 0.989    C  121 0.086    O  117 0.060
   119  C   3.965    C  120 1.430    C  118 1.385    H  199 0.943    C  123 0.089
   120  C   3.952    C  119 1.430    C  121 1.374    H  200 0.943    C  124 0.088
   121  C   3.932    C  123 1.376    C  120 1.374    CL 122 1.022    C  118 0.086
   122  CL  1.177    C  121 1.022
   123  C   3.957    C  124 1.390    C  121 1.376    H  201 0.936    C  119 0.089
   124  C   3.950    C  123 1.390    C  118 1.268    C  125 1.044    C  120 0.088
   125  C   3.933    C  126 1.481    C  115 1.087    C  124 1.044    N  130 0.093    N  128 0.093
   126  C   3.937    C  125 1.481    C  127 1.059    C  129 1.056    N  130 0.078    N  128 0.078
   127  C   3.939    N  128 2.778    C  126 1.059
   128  N   3.057    C  127 2.778    C  125 0.093    C  126 0.078
   129  C   3.939    N  130 2.790    C  126 1.056
   130  N   3.050    C  129 2.790    C  125 0.093    C  126 0.078
   131  H   0.992    C    1 0.910
   132  H   0.995    C    6 0.942
   133  H   0.993    C    7 0.934
   134  H   0.995    C   10 0.937
   135  H   0.997    C   22 0.945
   136  H   0.997    C   23 0.945
   137  H   0.997    C   25 0.979
   138  H   0.997    C   25 0.974
   139  H   0.997    C   25 0.970
   140  H   0.997    C   26 0.943
   141  H   0.998    C   27 0.945
   142  H   0.998    C   29 0.945
   143  H   0.998    C   30 0.944
   144  H   0.997    C   32 0.978
   145  H   0.997    C   32 0.976
   146  H   0.997    C   32 0.968
   147  H   0.997    C   33 0.944
   148  H   0.997    C   34 0.945
   149  H   0.997    C   41 0.944
   150  H   0.997    C   42 0.943
   151  H   0.997    C   44 0.969
   152  H   0.997    C   44 0.978
   153  H   0.997    C   44 0.976
   154  H   0.998    C   45 0.944
   155  H   0.998    C   46 0.945
   156  H   0.997    C   48 0.943
   157  H   0.997    C   49 0.944
   158  H   0.997    C   51 0.974
   159  H   0.997    C   51 0.969
   160  H   0.997    C   51 0.972
   161  H   0.998    C   52 0.944
   162  H   0.998    C   53 0.943
   163  H   0.995    C   59 0.936
   164  H   0.995    C   60 0.944
   165  H   0.996    C   61 0.946
   166  H   0.998    C   63 0.964
   167  H   0.997    C   63 0.967
   168  H   0.999    C   64 0.984
   169  H   0.997    C   64 0.980
   170  H   0.999    C   64 0.984
   171  H   0.999    C   65 0.939
   172  H   0.996    C   81 0.946
   173  H   0.995    C   82 0.944
   174  H   0.996    C   83 0.946
   175  H   0.998    C   85 0.966
   176  H   0.997    C   85 0.966
   177  H   0.999    C   86 0.984
   178  H   0.997    C   86 0.980
   179  H   0.999    C   86 0.984
   180  H   0.999    C   87 0.945
   181  H   0.995    C   99 0.962
   182  H   0.996    C   99 0.956
   183  H   0.997    C  100 0.975
   184  H   0.999    C  100 0.983
   185  H   0.999    C  100 0.980
   186  H   0.996    C  101 0.965
   187  H   0.996    C  101 0.968
   188  H   0.999    C  102 0.984
   189  H   0.999    C  102 0.983
   190  H   0.998    C  102 0.975
   191  H   0.996    C  107 0.970
   192  H   0.995    C  107 0.966
   193  H   0.997    C  108 0.974
   194  H   0.999    C  108 0.984
   195  H   0.999    C  108 0.985
   196  H   0.993    C  112 0.923
   197  H   0.995    C  113 0.940
   198  H   0.992    C  114 0.920
   199  H   0.995    C  119 0.943
   200  H   0.994    C  120 0.943
   201  H   0.995    C  123 0.936
 
 --------------------------------------------
          xTB calculation for sTDA...
 --------------------------------------------
 
 reading parameter file /ihome/ghutchison/blp62/xtb4stda/.param_stda2.xtb
 
      method parameters     
 k(s)        :  1.6000
 k(p)        :  2.1800
 k(d)        :  1.9500
 k(f)        :  2.0000
 k(R-V)      :  2.2750
 k(R-R)      :  1.7650
 Tscal       :  0.2580
 Gscal       :  1.0000
 fpol        :  1.0000
 Zcnf        :  0.3430
 Zqf         :  0.0000
 kcn         :  2.7000
 Ryd Hsplit  :  0.7000
 lshift(virt):  3.1000
 lshift(OS)  :  0.2000
 wllscaling  :  2.6000
 
 mowrcut     : 3.000
 
  Z AO/shell   Hii/eV     exponent
  1     Sun Feb 14 09:53:25 CET 2016    EN: 2.327 GAM: 0.473  GM3: 0.0000
     1s    -14.339618    1.220000
     2sp    -3.348946    0.600000
  6     Sun Feb 14 09:53:25 CET 2016    EN: 2.731 GAM: 0.422  GM3: 0.0000
     2s    -22.009312    1.565095
     2p    -13.020408    1.596905
     3sp    -3.914040    0.824500
  7     Sun Feb 14 09:53:25 CET 2016    EN: 3.573 GAM: 0.504  GM3: 0.0000
     2s    -25.722000    2.064844
     2p    -18.684912    1.801692
     3sp    -4.344791    0.921400
  8     Sun Feb 14 09:53:25 CET 2016    EN: 3.700 GAM: 0.587  GM3: 0.0000
     2s    -33.859000    2.418661
     2p    -22.175911    1.973969
     3sp    -4.259392    1.013700
 16     Sun Feb 21 16:35:57 CET 2016    EN: 1.915 GAM: 0.200  GM3: 0.0000
     3s    -17.898811    2.619580
     3p    -15.317401    1.798798
     4sp    -4.455139    0.843200
 17     Sun Feb 21 16:32:04 CET 2016    EN: 2.375 GAM: 0.300  GM3: 0.0000
     3s    -29.486180    2.293696
     3p    -18.696427    2.332982
     4sp    -5.680125    0.918900
 
 Nbf   :         1395
 T(el) :     0.0
 calculating S/T integrals ...
 cpu time for ints    3.38452600000000     
 Nao   :         1395
 making H0...
 making H1...
 cpu time for H      6.320900000000051E-002
 solving ...
 cpu time for diag    1.06387700000000     
 
 gap (eV)           :   4.045
 Koopmans IP (eV)   :  13.152
 Eel (Eh)           :  -539.496445

          eigenvalues
 #    :         302        303        304        305        306        307        308        309
 occ. :        2.000      2.000      2.000      2.000      2.000      2.000      2.000      2.000
 eps  :       -15.714    -15.634    -15.424    -15.169    -15.056    -14.900    -14.468    -14.286
 #    :         310        311        312        313        314        315        316        317
 occ. :        2.000      2.000      2.000      2.000      2.000      0.000      0.000      0.000
 eps  :       -14.154    -13.791    -13.600    -13.220    -13.153     -9.107     -8.617     -8.552
 #    :         318        319        320        321        322        323        324        325
 occ. :        0.000      0.000      0.000      0.000      0.000      0.000      0.000      0.000
 eps  :        -8.202     -7.374     -7.012     -6.725     -6.466     -6.382     -6.132     -6.067
                            1  SCC done.
 writing mo output ...
 molden style : F
 
speedup  2.88
cpu  time for all   10.06 s
wall time for all    3.50 s
