 
        ______________________________________
       |                                      |
       |          ===================         |
       |             xTB for sTDA             |
       |          ===================         |
       |               S. Grimme              |
       |        Universitaet Bonn, MCTC       |
       |         2015-19, Version 1.0         |
       |     Wed Apr  3 09:14:55 CEST 2019    |
       |______________________________________|
 
        This code comes without any warranty
        for non-commercial, academia use only.
        Preliminary test version.
        Cite this work as:
        S. Grimme  &  C. Bannwarth, JCP 145 (2016) 054103
        if GBSA is used additionally:
        P. Shushkov, F. März, C. Bannwarth, S. Grimme, unpublished.
 
        with help from
        P. Shushkov, G. Brandenburg, S. Dohm, J. Pisarek,
        F. März, M. Checinski, S. Ehrlich, S. Spicher, 
        P. Pracht, E. Caldeweyher, S. Ehlert, and C. Bannwarth.
 
        usage        :
        xtb4stda <coord_file> [options]
        where <coord_file> is a valid file of TM)
        (*coord, Bohr) or xmol (*xyz, Angstroem)
        format.

        options:
        -chrg <int>   : molecular charge
        -uhf  <int>   : # of unpaired electrons(=2*S)
        -nox          : skip second, extended part in sTDA-xTB
        -pop          : do population analysis
                      : (default for -nox)
        -mowr <real>  : cut MO write above (def.3 Eh)
        -molden       : write formatted molden file
        -parx <file>  : read parameters for sTDA-xTB
                        calc (def:~/.param_stda2.xtb)
        -parv <file>  : read parameters for vTB part in
                        sTDA-xTB (def: ~/.param_stda1.xtb)
        -xtemp <real> : el. temp for xTB (def. 0 K)
        -etemp <real> : el. temp for GFN (def. 300 K)
        -fod          : calculate the FOD and write
                        molden.input file with
                        appropriate occupations
                        for plotting. Def. T=12500 K
 
        -acc <real>   : xTB accuracy (def. 1.0)
        -gbsa [string1] [string2]
                        use GBSA implicit solvent
                        for solvent [string1] and
                        solvation state [string2]=
                        reference, bar1M (default=1M)
        additional GFN/opt/MD/siman options read from
        $XTB4STDAHOME/.xtb4stdarc or $set in input
 
       spin and charge state information can be on:
       <.CHRG> (charge) and <.UHF> (=nalpha-nbeta)
       -uhf and -chrg override the file info.
       useful machine settings:
       setenv MKL_NUM_THREADS <NCORE_ON_YOUR_MACHINE>
       setenv OMP_STACKSIZE 500m
       limit stacksize unlimited
 
       total energies in Eh, gaps/HL energies in eV
       please read REVISION and HOWTO files carefully
 =============================
  # OMP threads =           8
 =============================
 
 xtb4stdahome directory:/ihome/ghutchison/blp62/xtb4stda/
 
 
 name of molecule           :
 comment line               :
 number of atoms            :   181
 number of electrons        :   570
 charge                     :  0
 spin                       : 0.0
 first test random number   :  0.5120
 
 -----------------------------------------
      charge density (VTB) calculation
 -----------------------------------------
 
      method parameters     
 k(s)        :  1.8000
 k(p)        :  2.8350
 k(d)        :  2.0860
 k(f)        :  2.0000
 Tscal       :  0.3300
 Gscal       :  0.3910
 fpol        :  1.0000
 Zcnf        :  0.6500
 Zqf         :  0.0000
 kcn         :  0.3000
 kEN1        : -0.5900
 wllscal     :  2.6000
 
     -------------------------
     ! NO SOLVENT MODEL USED !
     -------------------------
 
 doing EN charges ...
 sum q :  0.1110223D-14
 point charge moment (au)
     X       Y       Z   
   0.3586  -0.1657  -0.0499  total (Debye):    1.012
 
            Z      q(EN)   CN      Cart. coordinates
     1  C   4.0  -0.066   3.178     8.90118   -19.98820     2.50729
     2  C   4.0  -0.002   3.274     7.57175   -21.20556     0.67047
     3  C   4.0   0.102   3.220     6.17241   -19.92735    -1.40085
     4  O   6.0  -0.105   1.060     5.94054   -17.68065    -1.77823
     5  C   4.0  -0.006   3.335     5.29917   -21.97317    -3.08498
     6  C   4.0  -0.067   3.188     3.91646   -21.78476    -5.25344
     7  C   4.0  -0.005   3.253     3.29871   -24.00368    -6.60327
     8  C   4.0  -0.072   3.179     1.86516   -23.91977    -8.84675
     9  C   4.0  -0.072   3.157     1.29579   -26.07992   -10.14443
    10  C   4.0   0.023   3.155     2.15977   -28.40145    -9.20769
    11  F   7.0  -0.026   1.065     1.58094   -30.50736   -10.51179
    12  C   4.0  -0.072   3.198     3.55287   -28.58947    -7.04055
    13  C   4.0  -0.005   3.260     4.15664   -26.38303    -5.67919
    14  C   4.0  -0.068   3.196     5.59359   -26.51758    -3.42947
    15  C   4.0  -0.005   3.331     6.15030   -24.34232    -2.14125
    16  C   4.0  -0.008   3.318     7.55191   -23.90277     0.19370
    17  C   4.0  -0.037   3.121     8.53495   -25.74997     1.72324
    18  C   4.0   0.236   2.161     8.39983   -28.35779     1.19374
    19  N   5.0  -0.215   1.026     8.35731   -30.50301     0.87022
    20  C   4.0   0.235   2.159     9.78859   -25.32705     4.03645
    21  N   5.0  -0.214   1.026    10.81093   -25.15150     5.94357
    22  C   4.0   0.001   3.212     8.68008   -17.37452     3.18853
    23  C   4.0  -0.070   3.213    10.87046   -16.05322     3.87375
    24  C   4.0   0.072   3.240    10.83342   -13.51192     4.45541
    25  O   6.0  -0.138   2.082    12.89020   -12.06949     4.96015
    26  C   4.0  -0.112   4.060    15.31283   -13.18254     5.13231
    27  C   4.0  -0.239   4.006    16.55589   -13.53951     2.55529
    28  C   4.0  -0.008   3.297     8.47618   -12.24542     4.48319
    29  C   4.0  -0.071   3.230     6.28523   -13.56974     3.88017
    30  C   4.0   0.075   3.245     6.32397   -16.11502     3.25940
    31  O   6.0  -0.140   2.089     4.24451   -17.53836     2.90451
    32  C   4.0  -0.109   4.065     1.85042   -16.36314     2.71213
    33  C   4.0  -0.239   4.013    -0.04309   -18.39610     1.97835
    34  C   4.0  -0.083   3.286     8.30157    -9.58582     5.09791
    35  C   4.0  -0.018   3.426     9.53329    -8.21237     6.93851
    36  C   4.0  -0.001   3.231    11.17187    -9.29424     8.88266
    37  C   4.0  -0.076   3.200    13.36169    -8.03946     9.62078
    38  C   4.0  -0.072   3.145    14.91296    -9.08731    11.44210
    39  C   4.0  -0.074   3.183    14.30088   -11.38012    12.53947
    40  C   4.0   0.008   3.190    12.10936   -12.64869    11.84197
    41  C   4.0  -0.174   4.064    11.39259   -15.09759    13.08579
    42  C   4.0  -0.242   4.027     9.80258   -14.60494    15.44927
    43  C   4.0  -0.073   3.238    10.55015   -11.57684    10.03237
    44  C   4.0  -0.106   3.493     8.88814    -5.62382     6.80736
    45  S   6.0   0.228   2.450     9.77272    -2.98766     8.59013
    46  C   4.0  -0.087   3.406     7.80702    -1.12306     6.75445
    47  C   4.0   0.010   3.405     7.10518     1.43147     6.49385
    48  C   4.0   0.075   3.652     7.96501     3.69706     7.61862
    49  C   4.0   0.075   3.651     7.05643     6.08530     6.67017
    50  N   5.0  -0.299   2.144     8.14170     8.03115     7.80589
    51  S   6.0   0.427   2.885    10.11400     6.97158     9.89064
    52  N   5.0  -0.299   2.144     9.66973     3.98109     9.42595
    53  C   4.0   0.010   3.405     5.11946     6.10967     4.83052
    54  C   4.0  -0.087   3.406     3.68421     8.04532     3.70386
    55  S   6.0   0.229   2.443     3.55741    11.31492     3.61448
    56  C   4.0  -0.106   3.491     0.94581    11.11877     1.59909
    57  C   4.0  -0.018   3.431    -0.52723    12.95615     0.36510
    58  C   4.0  -0.001   3.234     0.04422    15.65959     0.41725
    59  C   4.0  -0.073   3.197     0.11395    17.03871    -1.82340
    60  C   4.0  -0.071   3.146     0.73057    19.57378    -1.76992
    61  C   4.0  -0.074   3.184     1.27179    20.75297     0.50248
    62  C   4.0   0.007   3.192     1.23021    19.39974     2.75012
    63  C   4.0  -0.174   4.064     1.71512    20.68626     5.23171
    64  C   4.0  -0.242   4.029    -0.78121    21.55554     6.40334
    65  C   4.0  -0.075   3.240     0.63079    16.85012     2.68322
    66  C   4.0  -0.082   3.292    -2.41564    11.84405    -1.07110
    67  S   6.0   0.232   2.656    -2.26654     8.53684    -1.04880
    68  C   4.0  -0.094   3.407     0.22393     8.63548     1.05995
    69  C   4.0   0.072   3.688     1.80696     6.88219     2.24972
    70  N   5.0  -0.291   3.265     2.04260     4.30121     2.38540
    71  C   4.0   0.098   3.490     4.10751     3.80629     3.90569
    72  C   4.0   0.097   3.490     5.31580     1.50762     4.50208
    73  N   5.0  -0.290   3.263     5.01628    -0.88704     3.49467
    74  C   4.0   0.072   3.689     6.52863    -2.47724     4.88097
    75  C   4.0  -0.097   3.411     7.14997    -5.04897     4.91253
    76  S   6.0   0.224   2.555     6.27824    -7.71688     3.24901
    77  C   4.0  -0.098   4.088     4.43802    -1.47399     0.88250
    78  C   4.0  -0.240   4.030     6.84950    -1.81281    -0.67123
    79  C   4.0  -0.098   4.086    -0.13946     2.68265     2.04487
    80  C   4.0  -0.240   4.030    -2.28581     3.43118     3.82688
    81  C   4.0  -0.001   3.311    -4.40382    13.05574    -2.47233
    82  C   4.0   0.072   3.276    -5.60304    15.26388    -1.66674
    83  O   6.0  -0.133   2.081    -5.06560    16.40207     0.59092
    84  C   4.0  -0.114   4.075    -5.79938    15.06716     2.80114
    85  C   4.0  -0.238   4.011    -8.64833    14.67618     2.94098
    86  C   4.0   0.071   3.274    -7.48558    16.42380    -3.16510
    87  O   6.0  -0.127   2.069    -8.72562    18.49626    -2.24197
    88  C   4.0  -0.114   4.063    -7.74315    20.90679    -2.96082
    89  C   4.0  -0.239   4.008    -5.76007    21.88870    -1.12250
    90  C   4.0   0.007   3.239    -8.32500    15.33361    -5.41142
    91  C   4.0   0.093   3.361    -7.12956    13.08276    -6.27521
    92  C   4.0   0.093   3.378    -5.24172    11.92171    -4.77005
    93  N   5.0  -0.236   2.292    -4.20370     9.72812    -5.50364
    94  C   4.0   0.046   3.200    -4.93370     8.73771    -7.64451
    95  C   4.0   0.044   3.203    -6.63388    10.01158    -9.23566
    96  N   5.0  -0.221   2.191    -7.69780    12.13450    -8.55838
    97  C   4.0  -0.065   3.183   -10.34512    16.45290    -6.82947
    98  C   4.0  -0.002   3.284   -12.15793    15.11894    -8.06384
    99  C   4.0   0.102   3.227   -12.76699    12.41758    -7.57062
   100  O   6.0  -0.105   1.062   -11.92304    11.05584    -5.93279
   101  C   4.0  -0.005   3.334   -14.85570    11.79983    -9.31011
   102  C   4.0  -0.067   3.189   -16.04396     9.53631    -9.65121
   103  C   4.0  -0.005   3.253   -18.04084     9.36378   -11.41376
   104  C   4.0  -0.072   3.179   -19.32226     7.06928   -11.85142
   105  C   4.0  -0.072   3.157   -21.25753     6.92944   -13.55708
   106  C   4.0   0.023   3.155   -21.95843     9.11415   -14.88046
   107  F   7.0  -0.026   1.065   -23.86573     8.93803   -16.55362
   108  C   4.0  -0.072   3.198   -20.78018    11.38579   -14.52821
   109  C   4.0  -0.005   3.260   -18.78255    11.56474   -12.77738
   110  C   4.0  -0.068   3.196   -17.52834    13.88892   -12.37015
   111  C   4.0  -0.005   3.332   -15.58476    14.00665   -10.66316
   112  C   4.0  -0.007   3.316   -13.96715    16.09782    -9.87722
   113  C   4.0  -0.037   3.120   -14.08923    18.51988   -10.78731
   114  C   4.0   0.236   2.159   -12.48863    20.52280   -10.05807
   115  N   5.0  -0.215   1.027   -11.26201    22.24793    -9.57675
   116  C   4.0   0.236   2.161   -15.85934    19.35117   -12.59899
   117  N   5.0  -0.215   1.026   -17.24885    20.14939   -14.06183
   118  H   1.0   0.075   1.009    10.33548   -21.03681     3.52528
   119  H   1.0   0.075   1.005     3.29795   -19.96193    -5.93204
   120  H   1.0   0.075   1.005     1.22227   -22.10828    -9.53197
   121  H   1.0   0.075   1.004     0.20466   -26.04855   -11.86559
   122  H   1.0   0.076   1.005     4.18499   -30.40966    -6.37405
   123  H   1.0   0.077   1.007     6.22457   -28.34570    -2.78886
   124  H   1.0   0.077   1.007    12.62979   -17.08067     3.82273
   125  H   1.0   0.081   1.001    16.40509   -11.83611     6.25821
   126  H   1.0   0.080   1.000    15.21947   -14.96909     6.17676
   127  H   1.0   0.081   0.999    16.68760   -11.72896     1.59436
   128  H   1.0   0.081   0.999    15.46608   -14.81885     1.37364
   129  H   1.0   0.081   0.999    18.44561   -14.30334     2.80076
   130  H   1.0   0.077   1.010     4.51796   -12.55496     3.94405
   131  H   1.0   0.079   1.000     1.91184   -14.88140     1.26366
   132  H   1.0   0.078   0.999     1.32526   -15.51333     4.53307
   133  H   1.0   0.081   0.999    -1.92450   -17.58636     1.84740
   134  H   1.0   0.081   0.999    -0.04781   -19.89315     3.38431
   135  H   1.0   0.082   0.999     0.47205   -19.20415     0.16176
   136  H   1.0   0.075   1.009    13.86643    -6.27219     8.73715
   137  H   1.0   0.074   1.004    16.61787    -8.11373    12.00146
   138  H   1.0   0.075   1.005    15.53166   -12.19667    13.94977
   139  H   1.0   0.081   1.003    13.09486   -16.13524    13.61774
   140  H   1.0   0.081   1.003    10.31242   -16.26147    11.76732
   141  H   1.0   0.081   0.999     8.08406   -13.59110    14.95529
   142  H   1.0   0.081   0.999    10.85799   -13.46694    16.79664
   143  H   1.0   0.081   0.998     9.28441   -16.37825    16.34934
   144  H   1.0   0.076   1.007     8.82559   -12.53304     9.49757
   145  H   1.0   0.076   1.006    -0.29347    16.11161    -3.59672
   146  H   1.0   0.074   1.004     0.79142    20.63959    -3.51035
   147  H   1.0   0.075   1.005     1.73704    22.74077     0.52893
   148  H   1.0   0.081   1.003     2.65979    19.38367     6.52277
   149  H   1.0   0.081   1.003     2.94079    22.32088     4.94806
   150  H   1.0   0.081   0.999    -2.01331    19.94379     6.73423
   151  H   1.0   0.081   0.998    -0.44560    22.50456     8.19499
   152  H   1.0   0.081   0.999    -1.74819    22.85567     5.13816
   153  H   1.0   0.076   1.008     0.58714    15.77808     4.42045
   154  H   1.0   0.085   1.006     3.35237     0.06916     0.06538
   155  H   1.0   0.081   1.004     3.32025    -3.21386     0.83242
   156  H   1.0   0.082   0.999     6.35968    -2.14711    -2.63673
   157  H   1.0   0.082   0.999     8.00790    -0.11792    -0.55615
   158  H   1.0   0.082   1.001     7.94630    -3.40944     0.00794
   159  H   1.0   0.085   1.006     0.39760     0.74002     2.45816
   160  H   1.0   0.081   1.003    -0.77857     2.83062     0.08277
   161  H   1.0   0.083   1.002    -2.96252     5.32279     3.40793
   162  H   1.0   0.082   0.999    -1.63934     3.37373     5.77784
   163  H   1.0   0.082   0.999    -3.84786     2.11687     3.60881
   164  H   1.0   0.080   1.002    -4.81975    13.24320     2.92076
   165  H   1.0   0.082   1.001    -5.14818    16.27564     4.34240
   166  H   1.0   0.081   0.999    -9.27175    13.37454     1.47531
   167  H   1.0   0.082   0.999    -9.61360    16.46877     2.66640
   168  H   1.0   0.081   0.999    -9.15497    13.90498     4.77515
   169  H   1.0   0.080   1.000    -6.96062    20.81458    -4.87776
   170  H   1.0   0.080   1.000    -9.38627    22.16157    -2.97632
   171  H   1.0   0.083   1.001    -4.12678    20.64544    -1.07318
   172  H   1.0   0.081   0.999    -5.16519    23.76595    -1.70586
   173  H   1.0   0.082   0.999    -6.55017    21.98980     0.77006
   174  H   1.0   0.075   1.004    -4.10996     6.93926    -8.15568
   175  H   1.0   0.075   1.004    -7.10008     9.30463   -11.09571
   176  H   1.0   0.077   1.010   -10.39028    18.49475    -6.88163
   177  H   1.0   0.075   1.005   -15.46023     7.89339    -8.59088
   178  H   1.0   0.075   1.005   -18.74854     5.41274   -10.80734
   179  H   1.0   0.075   1.004   -22.25889     5.19032   -13.91216
   180  H   1.0   0.076   1.005   -21.37110    13.02909   -15.58022
   181  H   1.0   0.077   1.007   -18.14496    15.52145   -13.42178
 
  Z AO/shell   Hii/eV     exponent
  1     Sat Feb 20 21:38:01 CET 2016    EN: 2.327 GAM: 0.473  GM3: 0.0000
     1s    -13.751157    1.051071
  6     Sat Feb 20 21:38:01 CET 2016    EN: 2.731 GAM: 0.422  GM3: 0.0000
     2s    -19.378245    2.021003
     2p    -11.993376    1.497917
  7     Sat Feb 20 21:38:01 CET 2016    EN: 3.573 GAM: 0.504  GM3: 0.0000
     2s    -21.576984    2.275442
     2p    -16.125120    2.056788
  8     Sat Feb 20 21:38:01 CET 2016    EN: 3.700 GAM: 0.587  GM3: 0.0000
     2s    -21.648843    2.110798
     2p    -17.239740    2.329048
  9     Sat Feb 20 21:51:24 CET 2016    EN: 3.394 GAM: 0.669  GM3: 0.0000
     2s    -19.384211    2.614957
     2p    -19.426034    2.777297
 16     Sat Feb 20 23:13:41 CET 2016    EN: 1.915 GAM: 0.389  GM3: 0.0000
     3s    -22.000000    2.671470
     3p    -15.834192    1.836978
     3d     -2.593599    1.836978
 
 dipole moment of classical point charges (au)
     X       Y       Z   
   0.3586  -0.1657  -0.0499  total (Debye):    1.012

 
 Nbf   :          562
 T(el) :   300.0
 calculating S/T integrals ...
 cpu time for ints   0.719164000000000     
 Nao   :          557
 making H0...
 making H1...
 cpu time for H      0.247820000000000     
 solving ...
 cpu time for diag    2.58086300000000     
 
 gap (eV)           :   1.249
 Koopmans IP (eV)   :  11.714
 Eel (Eh)           :  -446.544124
 T,E(Fermi),NFOD :    300.000   -11.089  0.000000
 T,E(Fermi),NFOD :    300.000   -11.089  0.000000
 Nfod               :  0.0000
 Nfod/Nel           :  0.0000

          eigenvalues
 #    :         273        274        275        276        277        278        279        280
 occ. :        2.000      2.000      2.000      2.000      2.000      2.000      2.000      2.000
 eps  :       -14.784    -14.648    -14.574    -14.447    -14.404    -14.130    -14.086    -13.884
 #    :         281        282        283        284        285        286        287        288
 occ. :        2.000      2.000      2.000      2.000      2.000      0.000      0.000      0.000
 eps  :       -13.819    -13.489    -13.371    -12.680    -11.715    -10.466    -10.317     -9.846
 #    :         289        290        291        292        293        294        295        296
 occ. :        0.000      0.000      0.000      0.000      0.000      0.000      0.000      0.000
 eps  :        -9.576     -9.231     -9.210     -8.905     -8.878     -8.763     -8.034     -7.851
                            1  SCC done.
 making H1...
 cpu time for H       2.67147100000000     
 solving ...
 cpu time for diag   0.144817000000000     
 
 gap (eV)           :   1.705
 Koopmans IP (eV)   :  11.943
 Eel (Eh)           :  -445.608331
 T,E(Fermi),NFOD :    300.000   -11.090  0.000000
 T,E(Fermi),NFOD :    300.000   -11.090  0.000000
 Nfod               :  0.0000
 Nfod/Nel           :  0.0000

          eigenvalues
 #    :         273        274        275        276        277        278        279        280
 occ. :        2.000      2.000      2.000      2.000      2.000      2.000      2.000      2.000
 eps  :       -14.435    -14.426    -14.268    -14.241    -14.215    -14.116    -14.098    -13.844
 #    :         281        282        283        284        285        286        287        288
 occ. :        2.000      2.000      2.000      2.000      2.000      0.000      0.000      0.000
 eps  :       -13.684    -13.365    -13.306    -12.836    -11.944    -10.238    -10.007     -9.906
 #    :         289        290        291        292        293        294        295        296
 occ. :        0.000      0.000      0.000      0.000      0.000      0.000      0.000      0.000
 eps  :        -9.424     -9.156     -9.052     -8.770     -8.757     -8.667     -8.094     -7.834
                            2  SCC done.
 
 
 Mulliken/CM5 charges    n(s)   n(p)   n(d)   
    1 C   0.0013 -0.0468   1.167  2.831  0.000
    2 C  -0.0168 -0.0184   1.178  2.839  0.000
    3 C   0.1412  0.1771   1.175  2.684  0.000
    4 O  -0.2273 -0.2734   1.628  4.600  0.000
    5 C  -0.0252 -0.0273   1.183  2.842  0.000
    6 C  -0.0196 -0.0693   1.151  2.869  0.000
    7 C   0.0049 -0.0023   1.164  2.831  0.000
    8 C  -0.0267 -0.0801   1.140  2.886  0.000
    9 C  -0.0158 -0.0673   1.132  2.883  0.000
   10 C   0.0989  0.1100   1.164  2.737  0.000
   11 F  -0.1296 -0.1536   1.680  5.450  0.000
   12 C  -0.0277 -0.0765   1.134  2.893  0.000
   13 C   0.0151  0.0080   1.164  2.821  0.000
   14 C  -0.0246 -0.0744   1.151  2.874  0.000
   15 C  -0.0060 -0.0094   1.168  2.838  0.000
   16 C   0.0161  0.0156   1.197  2.787  0.000
   17 C   0.0112  0.0175   1.115  2.874  0.000
   18 C   0.0978  0.2168   1.171  2.731  0.000
   19 N  -0.2078 -0.3378   1.642  3.566  0.000
   20 C   0.0981  0.2163   1.171  2.731  0.000
   21 N  -0.2095 -0.3390   1.642  3.567  0.000
   22 C   0.0034 -0.0016   1.151  2.845  0.000
   23 C  -0.0570 -0.1071   1.138  2.919  0.000
   24 C   0.0755  0.0948   1.152  2.772  0.000
   25 O  -0.1528 -0.2410   1.454  4.698  0.000
   26 C   0.0426 -0.0412   1.132  2.825  0.000
   27 C  -0.0855 -0.2355   1.092  2.994  0.000
   28 C   0.0064  0.0048   1.162  2.831  0.000
   29 C  -0.0585 -0.1068   1.136  2.922  0.000
   30 C   0.0892  0.1102   1.154  2.757  0.000
   31 O  -0.1450 -0.2318   1.449  4.696  0.000
   32 C   0.0511 -0.0321   1.132  2.817  0.000
   33 C  -0.0797 -0.2289   1.088  2.992  0.000
   34 C  -0.0351 -0.0232   1.179  2.856  0.000
   35 C  -0.0250 -0.0241   1.165  2.860  0.000
   36 C   0.0107  0.0043   1.165  2.825  0.000
   37 C  -0.0381 -0.0909   1.139  2.899  0.000
   38 C  -0.0315 -0.0879   1.137  2.895  0.000
   39 C  -0.0448 -0.0993   1.139  2.905  0.000
   40 C  -0.0031 -0.0195   1.183  2.820  0.000
   41 C  -0.0441 -0.1510   1.125  2.919  0.000
   42 C  -0.0901 -0.2415   1.095  2.995  0.000
   43 C  -0.0477 -0.0982   1.145  2.903  0.000
   44 C  -0.0600 -0.0457   1.175  2.885  0.000
   45 S   0.1183  0.0849   1.893  3.935  0.054
   46 C  -0.0525 -0.0307   1.167  2.885  0.000
   47 C  -0.0129 -0.0001   1.154  2.859  0.000
   48 C   0.0177  0.1058   1.205  2.777  0.000
   49 C   0.0175  0.1055   1.205  2.777  0.000
   50 N  -0.2051 -0.3665   1.530  3.675  0.000
   51 S   0.2313  0.3661   1.910  3.706  0.153
   52 N  -0.2040 -0.3655   1.530  3.674  0.000
   53 C  -0.0136 -0.0007   1.154  2.860  0.000
   54 C  -0.0530 -0.0312   1.168  2.885  0.000
   55 S   0.1179  0.0849   1.893  3.936  0.054
   56 C  -0.0600 -0.0458   1.175  2.885  0.000
   57 C  -0.0269 -0.0271   1.168  2.859  0.000
   58 C   0.0102  0.0034   1.164  2.825  0.000
   59 C  -0.0387 -0.0916   1.140  2.899  0.000
   60 C  -0.0298 -0.0870   1.137  2.893  0.000
   61 C  -0.0423 -0.0972   1.139  2.903  0.000
   62 C   0.0004 -0.0161   1.182  2.818  0.000
   63 C  -0.0433 -0.1503   1.124  2.919  0.000
   64 C  -0.0904 -0.2419   1.096  2.995  0.000
   65 C  -0.0436 -0.0945   1.143  2.900  0.000
   66 C  -0.0312 -0.0174   1.179  2.852  0.000
   67 S   0.1077  0.0782   1.892  3.947  0.054
   68 C  -0.0556 -0.0381   1.168  2.888  0.000
   69 C  -0.0090  0.0602   1.169  2.840  0.000
   70 N  -0.0872 -0.3447   1.290  3.797  0.000
   71 C   0.0179  0.0874   1.187  2.795  0.000
   72 C   0.0173  0.0864   1.186  2.797  0.000
   73 N  -0.0886 -0.3455   1.294  3.795  0.000
   74 C  -0.0103  0.0588   1.169  2.842  0.000
   75 C  -0.0524 -0.0347   1.161  2.891  0.000
   76 S   0.0938  0.0574   1.890  3.965  0.051
   77 C   0.0303 -0.0187   1.148  2.822  0.000
   78 C  -0.0860 -0.2326   1.094  2.992  0.000
   79 C   0.0318 -0.0172   1.148  2.820  0.000
   80 C  -0.0858 -0.2325   1.094  2.992  0.000
   81 C   0.0102  0.0175   1.167  2.822  0.000
   82 C   0.0843  0.1079   1.165  2.750  0.000
   83 O  -0.1652 -0.2552   1.461  4.704  0.000
   84 C   0.0380 -0.0452   1.137  2.825  0.000
   85 C  -0.0853 -0.2344   1.092  2.993  0.000
   86 C   0.0866  0.1101   1.170  2.743  0.000
   87 O  -0.1729 -0.2583   1.462  4.711  0.000
   88 C   0.0402 -0.0436   1.140  2.820  0.000
   89 C  -0.0867 -0.2362   1.093  2.994  0.000
   90 C   0.0154  0.0195   1.155  2.829  0.000
   91 C   0.0544  0.1347   1.183  2.762  0.000
   92 C   0.0475  0.1277   1.186  2.767  0.000
   93 N  -0.1791 -0.3758   1.481  3.698  0.000
   94 C   0.0406  0.0758   1.164  2.795  0.000
   95 C   0.0380  0.0734   1.163  2.799  0.000
   96 N  -0.1686 -0.3646   1.483  3.685  0.000
   97 C   0.0039 -0.0419   1.164  2.832  0.000
   98 C  -0.0071 -0.0072   1.178  2.829  0.000
   99 C   0.1436  0.1815   1.175  2.681  0.000
  100 O  -0.2250 -0.2682   1.628  4.597  0.000
  101 C  -0.0230 -0.0248   1.183  2.840  0.000
  102 C  -0.0199 -0.0694   1.151  2.869  0.000
  103 C   0.0050 -0.0022   1.164  2.831  0.000
  104 C  -0.0270 -0.0804   1.140  2.887  0.000
  105 C  -0.0164 -0.0680   1.132  2.884  0.000
  106 C   0.0982  0.1093   1.164  2.737  0.000
  107 F  -0.1298 -0.1538   1.680  5.450  0.000
  108 C  -0.0280 -0.0768   1.134  2.894  0.000
  109 C   0.0150  0.0078   1.164  2.821  0.000
  110 C  -0.0249 -0.0746   1.151  2.874  0.000
  111 C  -0.0050 -0.0084   1.168  2.837  0.000
  112 C   0.0191  0.0186   1.197  2.784  0.000
  113 C   0.0139  0.0202   1.115  2.871  0.000
  114 C   0.1005  0.2187   1.171  2.728  0.000
  115 N  -0.2095 -0.3404   1.642  3.567  0.000
  116 C   0.0986  0.2176   1.171  2.730  0.000
  117 N  -0.2078 -0.3377   1.642  3.566  0.000
  118 H   0.0609  0.1266   0.939  0.000  0.000
  119 H   0.0515  0.1108   0.949  0.000  0.000
  120 H   0.0495  0.1070   0.951  0.000  0.000
  121 H   0.0481  0.1059   0.952  0.000  0.000
  122 H   0.0454  0.1041   0.955  0.000  0.000
  123 H   0.0541  0.1189   0.946  0.000  0.000
  124 H   0.0462  0.1082   0.954  0.000  0.000
  125 H   0.0422  0.1074   0.958  0.000  0.000
  126 H   0.0414  0.1049   0.959  0.000  0.000
  127 H   0.0311  0.0852   0.969  0.000  0.000
  128 H   0.0313  0.0858   0.969  0.000  0.000
  129 H   0.0393  0.0914   0.961  0.000  0.000
  130 H   0.0427  0.1063   0.957  0.000  0.000
  131 H   0.0420  0.1061   0.958  0.000  0.000
  132 H   0.0381  0.1005   0.962  0.000  0.000
  133 H   0.0369  0.0891   0.963  0.000  0.000
  134 H   0.0307  0.0854   0.969  0.000  0.000
  135 H   0.0317  0.0875   0.968  0.000  0.000
  136 H   0.0399  0.1001   0.960  0.000  0.000
  137 H   0.0414  0.0979   0.959  0.000  0.000
  138 H   0.0356  0.0930   0.964  0.000  0.000
  139 H   0.0368  0.0927   0.963  0.000  0.000
  140 H   0.0361  0.0920   0.964  0.000  0.000
  141 H   0.0287  0.0814   0.971  0.000  0.000
  142 H   0.0293  0.0820   0.971  0.000  0.000
  143 H   0.0331  0.0847   0.967  0.000  0.000
  144 H   0.0343  0.0958   0.966  0.000  0.000
  145 H   0.0382  0.0982   0.962  0.000  0.000
  146 H   0.0414  0.0980   0.959  0.000  0.000
  147 H   0.0359  0.0933   0.964  0.000  0.000
  148 H   0.0371  0.0929   0.963  0.000  0.000
  149 H   0.0364  0.0922   0.964  0.000  0.000
  150 H   0.0289  0.0818   0.971  0.000  0.000
  151 H   0.0328  0.0844   0.967  0.000  0.000
  152 H   0.0291  0.0818   0.971  0.000  0.000
  153 H   0.0347  0.0957   0.965  0.000  0.000
  154 H   0.0553  0.1264   0.945  0.000  0.000
  155 H   0.0509  0.1170   0.949  0.000  0.000
  156 H   0.0411  0.0934   0.959  0.000  0.000
  157 H   0.0320  0.0871   0.968  0.000  0.000
  158 H   0.0335  0.0904   0.967  0.000  0.000
  159 H   0.0548  0.1258   0.945  0.000  0.000
  160 H   0.0519  0.1177   0.948  0.000  0.000
  161 H   0.0336  0.0907   0.966  0.000  0.000
  162 H   0.0315  0.0866   0.968  0.000  0.000
  163 H   0.0414  0.0937   0.959  0.000  0.000
  164 H   0.0389  0.1046   0.961  0.000  0.000
  165 H   0.0417  0.1068   0.958  0.000  0.000
  166 H   0.0311  0.0863   0.969  0.000  0.000
  167 H   0.0323  0.0886   0.968  0.000  0.000
  168 H   0.0383  0.0905   0.962  0.000  0.000
  169 H   0.0399  0.1037   0.960  0.000  0.000
  170 H   0.0416  0.1055   0.958  0.000  0.000
  171 H   0.0350  0.0957   0.965  0.000  0.000
  172 H   0.0385  0.0908   0.962  0.000  0.000
  173 H   0.0299  0.0851   0.970  0.000  0.000
  174 H   0.0551  0.1227   0.945  0.000  0.000
  175 H   0.0553  0.1229   0.945  0.000  0.000
  176 H   0.0660  0.1358   0.934  0.000  0.000
  177 H   0.0515  0.1109   0.949  0.000  0.000
  178 H   0.0494  0.1069   0.951  0.000  0.000
  179 H   0.0479  0.1056   0.952  0.000  0.000
  180 H   0.0454  0.1040   0.955  0.000  0.000
  181 H   0.0538  0.1186   0.946  0.000  0.000
 Hirshfeld charges for QMDFF written to <charges>
 
 Loewdin charges    n(s)   n(p)   n(d)
    1 C   0.0116   1.113  2.875  0.000
    2 C  -0.0236   1.140  2.884  0.000
    3 C   0.1321   1.141  2.727  0.000
    4 O  -0.2122   1.597  4.615  0.000
    5 C  -0.0281   1.143  2.885  0.000
    6 C  -0.0136   1.097  2.916  0.000
    7 C   0.0088   1.121  2.870  0.000
    8 C  -0.0198   1.086  2.934  0.000
    9 C  -0.0128   1.079  2.934  0.000
   10 C   0.0944   1.127  2.778  0.000
   11 F  -0.1120   1.663  5.449  0.000
   12 C  -0.0294   1.083  2.946  0.000
   13 C   0.0222   1.120  2.858  0.000
   14 C  -0.0220   1.099  2.923  0.000
   15 C  -0.0030   1.126  2.877  0.000
   16 C   0.0272   1.153  2.820  0.000
   17 C  -0.0006   1.074  2.927  0.000
   18 C   0.0917   1.137  2.771  0.000
   19 N  -0.1969   1.604  3.593  0.000
   20 C   0.0921   1.137  2.771  0.000
   21 N  -0.1987   1.604  3.595  0.000
   22 C   0.0042   1.109  2.887  0.000
   23 C  -0.0576   1.088  2.970  0.000
   24 C   0.0619   1.119  2.819  0.000
   25 O  -0.1154   1.417  4.698  0.000
   26 C   0.0381   1.076  2.886  0.000
   27 C  -0.0881   1.019  3.069  0.000
   28 C   0.0092   1.120  2.871  0.000
   29 C  -0.0606   1.086  2.974  0.000
   30 C   0.0762   1.120  2.804  0.000
   31 O  -0.1071   1.411  4.696  0.000
   32 C   0.0471   1.076  2.877  0.000
   33 C  -0.0818   1.015  3.067  0.000
   34 C  -0.0150   1.135  2.879  0.000
   35 C  -0.0278   1.126  2.902  0.000
   36 C   0.0171   1.120  2.863  0.000
   37 C  -0.0345   1.086  2.948  0.000
   38 C  -0.0230   1.082  2.941  0.000
   39 C  -0.0409   1.086  2.955  0.000
   40 C   0.0052   1.139  2.856  0.000
   41 C  -0.0385   1.063  2.975  0.000
   42 C  -0.0915   1.023  3.069  0.000
   43 C  -0.0470   1.093  2.954  0.000
   44 C  -0.0393   1.132  2.908  0.000
   45 S   0.0791   1.879  3.934  0.108
   46 C  -0.0326   1.124  2.909  0.000
   47 C  -0.0199   1.116  2.904  0.000
   48 C   0.0123   1.172  2.816  0.000
   49 C   0.0121   1.172  2.816  0.000
   50 N  -0.1657   1.492  3.673  0.000
   51 S   0.1671   1.902  3.712  0.219
   52 N  -0.1646   1.492  3.672  0.000
   53 C  -0.0207   1.116  2.905  0.000
   54 C  -0.0328   1.125  2.908  0.000
   55 S   0.0787   1.879  3.935  0.107
   56 C  -0.0390   1.131  2.908  0.000
   57 C  -0.0290   1.128  2.901  0.000
   58 C   0.0165   1.120  2.863  0.000
   59 C  -0.0350   1.087  2.948  0.000
   60 C  -0.0213   1.082  2.940  0.000
   61 C  -0.0385   1.086  2.952  0.000
   62 C   0.0085   1.138  2.853  0.000
   63 C  -0.0377   1.063  2.975  0.000
   64 C  -0.0920   1.023  3.069  0.000
   65 C  -0.0429   1.092  2.951  0.000
   66 C  -0.0117   1.136  2.876  0.000
   67 S   0.0691   1.879  3.945  0.108
   68 C  -0.0354   1.125  2.910  0.000
   69 C  -0.0211   1.138  2.883  0.000
   70 N  -0.0456   1.249  3.797  0.000
   71 C   0.0078   1.155  2.838  0.000
   72 C   0.0070   1.154  2.839  0.000
   73 N  -0.0471   1.253  3.794  0.000
   74 C  -0.0222   1.138  2.884  0.000
   75 C  -0.0319   1.118  2.914  0.000
   76 S   0.0561   1.877  3.962  0.105
   77 C   0.0318   1.091  2.877  0.000
   78 C  -0.0884   1.021  3.067  0.000
   79 C   0.0334   1.091  2.875  0.000
   80 C  -0.0882   1.021  3.067  0.000
   81 C   0.0079   1.127  2.865  0.000
   82 C   0.0682   1.134  2.798  0.000
   83 O  -0.1301   1.425  4.705  0.000
   84 C   0.0339   1.081  2.885  0.000
   85 C  -0.0875   1.019  3.068  0.000
   86 C   0.0730   1.137  2.790  0.000
   87 O  -0.1383   1.426  4.712  0.000
   88 C   0.0374   1.084  2.879  0.000
   89 C  -0.0899   1.020  3.070  0.000
   90 C   0.0116   1.115  2.874  0.000
   91 C   0.0448   1.149  2.806  0.000
   92 C   0.0378   1.152  2.810  0.000
   93 N  -0.1531   1.445  3.709  0.000
   94 C   0.0379   1.118  2.844  0.000
   95 C   0.0357   1.117  2.847  0.000
   96 N  -0.1442   1.447  3.697  0.000
   97 C   0.0131   1.110  2.877  0.000
   98 C  -0.0138   1.140  2.874  0.000
   99 C   0.1343   1.141  2.724  0.000
  100 O  -0.2099   1.598  4.612  0.000
  101 C  -0.0260   1.143  2.883  0.000
  102 C  -0.0139   1.097  2.917  0.000
  103 C   0.0089   1.121  2.870  0.000
  104 C  -0.0201   1.086  2.934  0.000
  105 C  -0.0135   1.079  2.934  0.000
  106 C   0.0937   1.127  2.779  0.000
  107 F  -0.1122   1.663  5.450  0.000
  108 C  -0.0297   1.083  2.946  0.000
  109 C   0.0220   1.120  2.858  0.000
  110 C  -0.0223   1.099  2.923  0.000
  111 C  -0.0020   1.126  2.876  0.000
  112 C   0.0299   1.153  2.817  0.000
  113 C   0.0022   1.074  2.924  0.000
  114 C   0.0946   1.137  2.768  0.000
  115 N  -0.1985   1.604  3.594  0.000
  116 C   0.0925   1.137  2.770  0.000
  117 N  -0.1968   1.604  3.593  0.000
  118 H   0.0499   0.950  0.000  0.000
  119 H   0.0414   0.959  0.000  0.000
  120 H   0.0405   0.959  0.000  0.000
  121 H   0.0388   0.961  0.000  0.000
  122 H   0.0363   0.964  0.000  0.000
  123 H   0.0439   0.956  0.000  0.000
  124 H   0.0392   0.961  0.000  0.000
  125 H   0.0362   0.964  0.000  0.000
  126 H   0.0364   0.964  0.000  0.000
  127 H   0.0305   0.969  0.000  0.000
  128 H   0.0313   0.969  0.000  0.000
  129 H   0.0390   0.961  0.000  0.000
  130 H   0.0359   0.964  0.000  0.000
  131 H   0.0361   0.964  0.000  0.000
  132 H   0.0329   0.967  0.000  0.000
  133 H   0.0368   0.963  0.000  0.000
  134 H   0.0302   0.970  0.000  0.000
  135 H   0.0310   0.969  0.000  0.000
  136 H   0.0324   0.968  0.000  0.000
  137 H   0.0336   0.966  0.000  0.000
  138 H   0.0286   0.971  0.000  0.000
  139 H   0.0334   0.967  0.000  0.000
  140 H   0.0327   0.967  0.000  0.000
  141 H   0.0286   0.971  0.000  0.000
  142 H   0.0291   0.971  0.000  0.000
  143 H   0.0329   0.967  0.000  0.000
  144 H   0.0272   0.973  0.000  0.000
  145 H   0.0306   0.969  0.000  0.000
  146 H   0.0338   0.966  0.000  0.000
  147 H   0.0289   0.971  0.000  0.000
  148 H   0.0335   0.966  0.000  0.000
  149 H   0.0330   0.967  0.000  0.000
  150 H   0.0290   0.971  0.000  0.000
  151 H   0.0326   0.967  0.000  0.000
  152 H   0.0289   0.971  0.000  0.000
  153 H   0.0278   0.972  0.000  0.000
  154 H   0.0499   0.950  0.000  0.000
  155 H   0.0447   0.955  0.000  0.000
  156 H   0.0408   0.959  0.000  0.000
  157 H   0.0313   0.969  0.000  0.000
  158 H   0.0328   0.967  0.000  0.000
  159 H   0.0494   0.951  0.000  0.000
  160 H   0.0455   0.954  0.000  0.000
  161 H   0.0329   0.967  0.000  0.000
  162 H   0.0309   0.969  0.000  0.000
  163 H   0.0410   0.959  0.000  0.000
  164 H   0.0337   0.966  0.000  0.000
  165 H   0.0360   0.964  0.000  0.000
  166 H   0.0306   0.969  0.000  0.000
  167 H   0.0314   0.969  0.000  0.000
  168 H   0.0382   0.962  0.000  0.000
  169 H   0.0347   0.965  0.000  0.000
  170 H   0.0356   0.964  0.000  0.000
  171 H   0.0341   0.966  0.000  0.000
  172 H   0.0385   0.962  0.000  0.000
  173 H   0.0295   0.970  0.000  0.000
  174 H   0.0441   0.956  0.000  0.000
  175 H   0.0442   0.956  0.000  0.000
  176 H   0.0546   0.945  0.000  0.000
  177 H   0.0414   0.959  0.000  0.000
  178 H   0.0405   0.960  0.000  0.000
  179 H   0.0386   0.961  0.000  0.000
  180 H   0.0362   0.964  0.000  0.000
  181 H   0.0436   0.956  0.000  0.000
 
 Wiberg/Mayer (AO) data. WBOs > 0.1 written file <wbo>
 largest (>0.05) Wiberg bond orders for each atom
           total WBO             WBO to atom ...
     1  C   3.926    C    2 1.595    C   22 1.124    H  118 0.922    O    4 0.059    C   17 0.053
     2  C   3.934    C    1 1.595    C   16 1.087    C    3 0.984    O    4 0.067
     3  C   3.909    O    4 1.800    C    5 0.986    C    2 0.984
     4  O   2.146    C    3 1.800    C    2 0.067    C    5 0.062    C    1 0.059
     5  C   3.942    C    6 1.506    C   15 1.170    C    3 0.986    O    4 0.062    C   13 0.050
     6  C   3.961    C    5 1.506    C    7 1.249    H  119 0.942    C   14 0.088
     7  C   3.949    C    8 1.263    C    6 1.249    C   13 1.208    C   10 0.059
     8  C   3.961    C    9 1.546    C    7 1.263    H  120 0.941    C   12 0.109
     9  C   3.959    C    8 1.546    C   10 1.279    H  121 0.945    C   13 0.062
    10  C   3.909    C   12 1.501    C    9 1.279    F   11 0.971    C    7 0.059
    11  F   1.096    C   10 0.971
    12  C   3.959    C   10 1.501    C   13 1.265    H  122 0.944    C    8 0.109
    13  C   3.953    C   12 1.265    C   14 1.251    C    7 1.208    C    9 0.062    C    5 0.050
    14  C   3.951    C   15 1.491    C   13 1.251    H  123 0.934    C    6 0.088
    15  C   3.954    C   14 1.491    C    5 1.170    C   16 1.052
    16  C   3.933    C   17 1.473    C    2 1.087    C   15 1.052    N   19 0.093    N   21 0.092
    17  C   3.933    C   16 1.473    C   20 1.061    C   18 1.061    N   21 0.079    N   19 0.078    C    1 0.053
    18  C   3.940    N   19 2.790    C   17 1.061
    19  N   3.050    C   18 2.790    C   16 0.093    C   17 0.078
    20  C   3.941    N   21 2.785    C   17 1.061
    21  N   3.048    C   20 2.785    C   16 0.092    C   17 0.079
    22  C   3.943    C   23 1.327    C   30 1.256    C    1 1.124    C   28 0.078
    23  C   3.955    C   24 1.420    C   22 1.327    H  124 0.938    C   29 0.085    O   25 0.060
    24  C   3.929    C   23 1.420    C   28 1.253    O   25 1.050    C   30 0.072
    25  O   2.239    C   24 1.050    C   26 0.976    C   23 0.060
    26  C   3.939    C   27 1.002    O   25 0.976    H  125 0.975    H  126 0.965
    27  C   3.984    C   26 1.002    H  127 0.985    H  128 0.983    H  129 0.979
    28  C   3.937    C   29 1.375    C   24 1.253    C   34 1.059    C   22 0.078
    29  C   3.956    C   30 1.383    C   28 1.375    H  130 0.938    C   23 0.085    O   31 0.058
    30  C   3.921    C   29 1.383    C   22 1.256    O   31 1.068    C   24 0.072
    31  O   2.253    C   30 1.068    C   32 0.970    C   29 0.058
    32  C   3.939    C   33 1.014    O   31 0.970    H  132 0.968    H  131 0.967
    33  C   3.986    C   32 1.014    H  134 0.985    H  135 0.984    H  133 0.980
    34  C   3.904    C   35 1.480    S   76 1.089    C   28 1.059    C   75 0.071
    35  C   3.934    C   34 1.480    C   44 1.204    C   36 1.004    S   76 0.066
    36  C   3.955    C   37 1.370    C   43 1.370    C   35 1.004    C   39 0.103
    37  C   3.968    C   38 1.437    C   36 1.370    H  136 0.944    C   40 0.104
    38  C   3.972    C   37 1.437    C   39 1.431    H  137 0.944    C   43 0.105
    39  C   3.967    C   38 1.431    C   40 1.384    H  138 0.946    C   36 0.103
    40  C   3.950    C   43 1.407    C   39 1.384    C   41 0.981    C   37 0.104
    41  C   3.972    C   42 0.991    C   40 0.981    H  140 0.967    H  139 0.966
    42  C   3.983    C   41 0.991    H  141 0.984    H  142 0.984    H  143 0.980
    43  C   3.969    C   40 1.407    C   36 1.370    H  144 0.944    C   38 0.105
    44  C   3.909    C   75 1.370    C   35 1.204    S   45 1.081    C   46 0.060    S   76 0.051
    45  S   2.492    C   46 1.104    C   44 1.081    C   74 0.058    C   75 0.052
    46  C   3.926    C   74 1.360    C   47 1.187    S   45 1.104    C   44 0.060
    47  C   3.926    C   72 1.289    C   46 1.187    C   48 1.166
    48  C   3.928    N   52 1.430    C   47 1.166    C   49 1.096    S   51 0.074
    49  C   3.927    N   50 1.430    C   53 1.166    C   48 1.096    S   51 0.074
    50  N   3.073    C   49 1.430    S   51 1.280    N   52 0.201
    51  S   2.807    N   52 1.280    N   50 1.280    C   48 0.074    C   49 0.074
    52  N   3.073    C   48 1.430    S   51 1.280    N   50 0.201
    53  C   3.927    C   71 1.284    C   54 1.192    C   49 1.166
    54  C   3.920    C   69 1.353    C   53 1.192    S   55 1.103    C   56 0.057
    55  S   2.488    C   54 1.103    C   56 1.078    C   69 0.056    C   68 0.052
    56  C   3.909    C   68 1.353    C   57 1.225    S   55 1.078    C   54 0.057
    57  C   3.927    C   66 1.445    C   56 1.225    C   58 1.000    S   67 0.066
    58  C   3.955    C   65 1.378    C   59 1.365    C   57 1.000    C   61 0.103
    59  C   3.970    C   60 1.442    C   58 1.365    H  145 0.945    C   62 0.105
    60  C   3.972    C   59 1.442    C   61 1.423    H  146 0.944    C   65 0.104
    61  C   3.967    C   60 1.423    C   62 1.391    H  147 0.946    C   58 0.103
    62  C   3.949    C   65 1.399    C   61 1.391    C   63 0.981    C   59 0.105
    63  C   3.972    C   64 0.991    C   62 0.981    H  149 0.967    H  148 0.966
    64  C   3.983    C   63 0.991    H  152 0.984    H  150 0.984    H  151 0.980
    65  C   3.968    C   62 1.399    C   58 1.378    H  153 0.945    C   60 0.104
    66  C   3.904    C   57 1.445    S   67 1.088    C   81 1.088    C   68 0.068
    67  S   2.511    C   68 1.094    C   66 1.088    C   57 0.066
    68  C   3.920    C   56 1.353    C   69 1.230    S   67 1.094    C   66 0.068    S   55 0.052
    69  C   3.900    C   54 1.353    C   68 1.230    N   70 1.069    S   55 0.056
    70  N   3.403    C   71 1.087    C   69 1.069    C   79 0.946
    71  C   3.899    C   53 1.284    C   72 1.248    N   70 1.087
    72  C   3.902    C   47 1.289    C   71 1.248    N   73 1.083
    73  N   3.398    C   72 1.083    C   74 1.069    C   77 0.946
    74  C   3.901    C   46 1.360    C   75 1.224    N   73 1.069    S   45 0.058
    75  C   3.929    C   44 1.370    C   74 1.224    S   76 1.097    C   34 0.071    S   45 0.052
    76  S   2.507    C   75 1.097    C   34 1.089    C   35 0.066    C   44 0.051
    77  C   3.933    C   78 1.001    H  155 0.970    H  154 0.965    N   73 0.946
    78  C   3.981    C   77 1.001    H  157 0.984    H  158 0.982    H  156 0.975
    79  C   3.933    C   80 1.002    H  160 0.970    H  159 0.965    N   70 0.946
    80  C   3.981    C   79 1.002    H  162 0.984    H  161 0.981    H  163 0.975
    81  C   3.933    C   82 1.364    C   92 1.189    C   66 1.088    C   90 0.074
    82  C   3.918    C   81 1.364    C   86 1.266    O   83 1.028
    83  O   2.190    C   82 1.028    C   84 0.966
    84  C   3.936    C   85 1.002    H  165 0.974    O   83 0.966    H  164 0.963
    85  C   3.984    C   84 1.002    H  167 0.984    H  166 0.984    H  168 0.979
    86  C   3.912    C   90 1.359    C   82 1.266    O   87 1.031
    87  O   2.178    C   86 1.031    C   88 0.960
    88  C   3.933    C   89 1.003    H  170 0.974    H  169 0.965    O   87 0.960
    89  C   3.984    C   88 1.003    H  173 0.984    H  171 0.978    H  172 0.978
    90  C   3.931    C   86 1.359    C   91 1.186    C   97 1.118    C   81 0.074
    91  C   3.937    N   96 1.273    C   92 1.209    C   90 1.186    C   94 0.067
    92  C   3.933    N   93 1.271    C   91 1.209    C   81 1.189    C   95 0.068
    93  N   3.109    C   94 1.513    C   92 1.271    N   96 0.128
    94  C   3.941    N   93 1.513    C   95 1.314    H  174 0.947    C   91 0.067
    95  C   3.946    N   96 1.517    C   94 1.314    H  175 0.947    C   92 0.068
    96  N   3.101    C   95 1.517    C   91 1.273    N   93 0.128
    97  C   3.925    C   98 1.604    C   90 1.118    H  176 0.920    O  100 0.058    C  113 0.054
    98  C   3.931    C   97 1.604    C  112 1.082    C   99 0.979    O  100 0.067
    99  C   3.908    O  100 1.805    C  101 0.987    C   98 0.979
   100  O   2.146    C   99 1.805    C   98 0.067    C  101 0.061    C   97 0.058
   101  C   3.942    C  102 1.505    C  111 1.170    C   99 0.987    O  100 0.061    C  109 0.050
   102  C   3.962    C  101 1.505    C  103 1.250    H  177 0.942    C  110 0.088
   103  C   3.949    C  104 1.262    C  102 1.250    C  109 1.207    C  106 0.059
   104  C   3.961    C  105 1.547    C  103 1.262    H  178 0.941    C  108 0.109
   105  C   3.959    C  104 1.547    C  106 1.278    H  179 0.945    C  109 0.062
   106  C   3.909    C  108 1.502    C  105 1.278    F  107 0.971    C  103 0.059
   107  F   1.096    C  106 0.971
   108  C   3.959    C  106 1.502    C  109 1.264    H  180 0.944    C  104 0.109
   109  C   3.953    C  108 1.264    C  110 1.253    C  103 1.207    C  105 0.062    C  101 0.050
   110  C   3.951    C  111 1.490    C  109 1.253    H  181 0.934    C  102 0.088
   111  C   3.954    C  110 1.490    C  101 1.170    C  112 1.053
   112  C   3.932    C  113 1.477    C   98 1.082    C  111 1.053    N  117 0.093    N  115 0.093
   113  C   3.933    C  112 1.477    C  114 1.060    C  116 1.059    N  115 0.078    N  117 0.078    C   97 0.054
   114  C   3.940    N  115 2.785    C  113 1.060
   115  N   3.050    C  114 2.785    C  112 0.093    C  113 0.078
   116  C   3.940    N  117 2.790    C  113 1.059
   117  N   3.051    C  116 2.790    C  112 0.093    C  113 0.078
   118  H   0.992    C    1 0.922
   119  H   0.994    C    6 0.942
   120  H   0.996    C    8 0.941
   121  H   0.994    C    9 0.945
   122  H   0.996    C   12 0.944
   123  H   0.993    C   14 0.934
   124  H   0.995    C   23 0.938
   125  H   0.998    C   26 0.975
   126  H   0.998    C   26 0.965
   127  H   0.999    C   27 0.985
   128  H   0.999    C   27 0.983
   129  H   0.998    C   27 0.979
   130  H   0.996    C   29 0.938
   131  H   0.998    C   32 0.967
   132  H   0.998    C   32 0.968
   133  H   0.998    C   33 0.980
   134  H   0.999    C   33 0.985
   135  H   0.999    C   33 0.984
   136  H   0.996    C   37 0.944
   137  H   0.995    C   38 0.944
   138  H   0.996    C   39 0.946
   139  H   0.997    C   41 0.966
   140  H   0.998    C   41 0.967
   141  H   0.999    C   42 0.984
   142  H   0.999    C   42 0.984
   143  H   0.997    C   42 0.980
   144  H   0.999    C   43 0.944
   145  H   0.996    C   59 0.945
   146  H   0.995    C   60 0.944
   147  H   0.996    C   61 0.946
   148  H   0.998    C   63 0.966
   149  H   0.997    C   63 0.967
   150  H   0.999    C   64 0.984
   151  H   0.997    C   64 0.980
   152  H   0.999    C   64 0.984
   153  H   0.999    C   65 0.945
   154  H   0.996    C   77 0.965
   155  H   0.996    C   77 0.970
   156  H   0.998    C   78 0.975
   157  H   0.999    C   78 0.984
   158  H   0.998    C   78 0.982
   159  H   0.996    C   79 0.965
   160  H   0.996    C   79 0.970
   161  H   0.998    C   80 0.981
   162  H   0.999    C   80 0.984
   163  H   0.998    C   80 0.975
   164  H   0.998    C   84 0.963
   165  H   0.997    C   84 0.974
   166  H   0.999    C   85 0.984
   167  H   0.999    C   85 0.984
   168  H   0.998    C   85 0.979
   169  H   0.998    C   88 0.965
   170  H   0.997    C   88 0.974
   171  H   0.999    C   89 0.978
   172  H   0.998    C   89 0.978
   173  H   0.999    C   89 0.984
   174  H   0.996    C   94 0.947
   175  H   0.995    C   95 0.947
   176  H   0.991    C   97 0.920
   177  H   0.994    C  102 0.942
   178  H   0.996    C  104 0.941
   179  H   0.994    C  105 0.945
   180  H   0.996    C  108 0.944
   181  H   0.993    C  110 0.934
 
 --------------------------------------------
          xTB calculation for sTDA...
 --------------------------------------------
 
 reading parameter file /ihome/ghutchison/blp62/xtb4stda/.param_stda2.xtb
 
      method parameters     
 k(s)        :  1.6000
 k(p)        :  2.1800
 k(d)        :  1.9500
 k(f)        :  2.0000
 k(R-V)      :  2.2750
 k(R-R)      :  1.7650
 Tscal       :  0.2580
 Gscal       :  1.0000
 fpol        :  1.0000
 Zcnf        :  0.3430
 Zqf         :  0.0000
 kcn         :  2.7000
 Ryd Hsplit  :  0.7000
 lshift(virt):  3.1000
 lshift(OS)  :  0.2000
 wllscaling  :  2.6000
 
 mowrcut     : 3.000
 
  Z AO/shell   Hii/eV     exponent
  1     Sun Feb 14 09:53:25 CET 2016    EN: 2.327 GAM: 0.473  GM3: 0.0000
     1s    -14.339618    1.220000
     2sp    -3.348946    0.600000
  6     Sun Feb 14 09:53:25 CET 2016    EN: 2.731 GAM: 0.422  GM3: 0.0000
     2s    -22.009312    1.565095
     2p    -13.020408    1.596905
     3sp    -3.914040    0.824500
  7     Sun Feb 14 09:53:25 CET 2016    EN: 3.573 GAM: 0.504  GM3: 0.0000
     2s    -25.722000    2.064844
     2p    -18.684912    1.801692
     3sp    -4.344791    0.921400
  8     Sun Feb 14 09:53:25 CET 2016    EN: 3.700 GAM: 0.587  GM3: 0.0000
     2s    -33.859000    2.418661
     2p    -22.175911    1.973969
     3sp    -4.259392    1.013700
  9     Sun Feb 21 12:20:01 CET 2016    EN: 3.394 GAM: 0.600  GM3: 0.0000
     2s    -26.548112    1.943768
     2p    -23.081168    2.552035
     3sp    -1.937199    1.103200
 16     Sun Feb 21 16:35:57 CET 2016    EN: 1.915 GAM: 0.200  GM3: 0.0000
     3s    -17.898811    2.619580
     3p    -15.317401    1.798798
     4sp    -4.455139    0.843200
 
 Nbf   :         1256
 T(el) :     0.0
 calculating S/T integrals ...
 cpu time for ints    2.56524300000000     
 Nao   :         1256
 making H0...
 making H1...
 cpu time for H      3.558899999999987E-002
 solving ...
 cpu time for diag   0.673476000000001     
 
 gap (eV)           :   4.070
 Koopmans IP (eV)   :  13.195
 Eel (Eh)           :  -497.706279

          eigenvalues
 #    :         273        274        275        276        277        278        279        280
 occ. :        2.000      2.000      2.000      2.000      2.000      2.000      2.000      2.000
 eps  :       -15.889    -15.800    -15.689    -15.616    -15.534    -15.421    -15.106    -14.976
 #    :         281        282        283        284        285        286        287        288
 occ. :        2.000      2.000      2.000      2.000      2.000      0.000      0.000      0.000
 eps  :       -14.619    -14.279    -14.065    -13.842    -13.196     -9.125     -8.990     -8.401
 #    :         289        290        291        292        293        294        295        296
 occ. :        0.000      0.000      0.000      0.000      0.000      0.000      0.000      0.000
 eps  :        -8.381     -7.938     -7.546     -7.231     -7.064     -6.600     -6.563     -6.402
                            1  SCC done.
 writing mo output ...
 molden style : F
 
speedup  3.01
cpu  time for all    8.29 s
wall time for all    2.76 s
