 
        ______________________________________
       |                                      |
       |          ===================         |
       |             xTB for sTDA             |
       |          ===================         |
       |               S. Grimme              |
       |        Universitaet Bonn, MCTC       |
       |         2015-19, Version 1.0         |
       |     Wed Apr  3 09:14:55 CEST 2019    |
       |______________________________________|
 
        This code comes without any warranty
        for non-commercial, academia use only.
        Preliminary test version.
        Cite this work as:
        S. Grimme  &  C. Bannwarth, JCP 145 (2016) 054103
        if GBSA is used additionally:
        P. Shushkov, F. März, C. Bannwarth, S. Grimme, unpublished.
 
        with help from
        P. Shushkov, G. Brandenburg, S. Dohm, J. Pisarek,
        F. März, M. Checinski, S. Ehrlich, S. Spicher, 
        P. Pracht, E. Caldeweyher, S. Ehlert, and C. Bannwarth.
 
        usage        :
        xtb4stda <coord_file> [options]
        where <coord_file> is a valid file of TM)
        (*coord, Bohr) or xmol (*xyz, Angstroem)
        format.

        options:
        -chrg <int>   : molecular charge
        -uhf  <int>   : # of unpaired electrons(=2*S)
        -nox          : skip second, extended part in sTDA-xTB
        -pop          : do population analysis
                      : (default for -nox)
        -mowr <real>  : cut MO write above (def.3 Eh)
        -molden       : write formatted molden file
        -parx <file>  : read parameters for sTDA-xTB
                        calc (def:~/.param_stda2.xtb)
        -parv <file>  : read parameters for vTB part in
                        sTDA-xTB (def: ~/.param_stda1.xtb)
        -xtemp <real> : el. temp for xTB (def. 0 K)
        -etemp <real> : el. temp for GFN (def. 300 K)
        -fod          : calculate the FOD and write
                        molden.input file with
                        appropriate occupations
                        for plotting. Def. T=12500 K
 
        -acc <real>   : xTB accuracy (def. 1.0)
        -gbsa [string1] [string2]
                        use GBSA implicit solvent
                        for solvent [string1] and
                        solvation state [string2]=
                        reference, bar1M (default=1M)
        additional GFN/opt/MD/siman options read from
        $XTB4STDAHOME/.xtb4stdarc or $set in input
 
       spin and charge state information can be on:
       <.CHRG> (charge) and <.UHF> (=nalpha-nbeta)
       -uhf and -chrg override the file info.
       useful machine settings:
       setenv MKL_NUM_THREADS <NCORE_ON_YOUR_MACHINE>
       setenv OMP_STACKSIZE 500m
       limit stacksize unlimited
 
       total energies in Eh, gaps/HL energies in eV
       please read REVISION and HOWTO files carefully
 =============================
  # OMP threads =           8
 =============================
 
 xtb4stdahome directory:/ihome/ghutchison/blp62/xtb4stda/
 
 
 name of molecule           :
 comment line               :
 number of atoms            :   169
 number of electrons        :   550
 charge                     :  0
 spin                       : 0.0
 first test random number   :  0.7248
 
 -----------------------------------------
      charge density (VTB) calculation
 -----------------------------------------
 
      method parameters     
 k(s)        :  1.8000
 k(p)        :  2.8350
 k(d)        :  2.0860
 k(f)        :  2.0000
 Tscal       :  0.3300
 Gscal       :  0.3910
 fpol        :  1.0000
 Zcnf        :  0.6500
 Zqf         :  0.0000
 kcn         :  0.3000
 kEN1        : -0.5900
 wllscal     :  2.6000
 
     -------------------------
     ! NO SOLVENT MODEL USED !
     -------------------------
 
 doing EN charges ...
 sum q :  0.2331468D-14
 point charge moment (au)
     X       Y       Z   
  -0.2483  -0.0812  -0.4409  total (Debye):    1.303
 
            Z      q(EN)   CN      Cart. coordinates
     1  C   4.0  -0.066   3.171    19.82209   -15.05715    -4.47071
     2  C   4.0  -0.003   3.279    21.67856   -15.81587    -6.08246
     3  C   4.0   0.102   3.222    22.39798   -14.44374    -8.42742
     4  O   6.0  -0.106   1.063    21.49280   -12.51339    -9.26665
     5  C   4.0  -0.006   3.334    24.26635   -16.07439    -9.70053
     6  C   4.0  -0.067   3.188    25.50998   -15.65865   -11.92153
     7  C   4.0  -0.005   3.253    27.20525   -17.50869   -12.83237
     8  C   4.0  -0.072   3.179    28.54639   -17.17232   -15.10968
     9  C   4.0  -0.072   3.157    30.17118   -18.98362   -15.97801
    10  C   4.0   0.023   3.155    30.49318   -21.19951   -14.56355
    11  F   7.0  -0.026   1.065    32.10059   -22.96093   -15.44889
    12  C   4.0  -0.072   3.198    29.24124   -21.62073   -12.34369
    13  C   4.0  -0.005   3.260    27.55976   -19.77466   -11.42075
    14  C   4.0  -0.068   3.196    26.23544   -20.15733    -9.13116
    15  C   4.0  -0.005   3.332    24.61406   -18.32902    -8.27719
    16  C   4.0  -0.007   3.317    23.02782   -18.19976    -6.02482
    17  C   4.0  -0.037   3.120    22.94751   -19.97289    -4.13755
    18  C   4.0   0.236   2.158    21.48902   -19.78694    -1.91448
    19  N   5.0  -0.215   1.026    20.36954   -19.77882    -0.05480
    20  C   4.0   0.236   2.160    24.34496   -22.24226    -4.15532
    21  N   5.0  -0.215   1.026    25.42003   -24.12424    -4.05743
    22  C   4.0   0.009   3.200    18.78784   -12.56309    -4.37528
    23  C   4.0  -0.072   3.183    16.25429   -12.14092    -3.82707
    24  C   4.0  -0.075   3.215    15.17053    -9.75382    -3.92647
    25  C   4.0   0.001   3.274    16.52660    -7.57799    -4.52098
    26  C   4.0   0.068   3.680    19.18110    -7.89528    -4.78781
    27  N   5.0  -0.307   2.158    20.93325    -6.09644    -4.95373
    28  S   6.0   0.450   2.892    23.67902    -7.39204    -5.04651
    29  N   5.0  -0.308   2.161    22.80389   -10.28710    -4.84412
    30  C   4.0   0.066   3.704    20.29566   -10.37422    -4.72885
    31  C   4.0  -0.080   3.267    15.25784    -5.19561    -4.77685
    32  C   4.0  -0.006   3.382    15.74009    -3.14035    -6.31641
    33  C   4.0  -0.174   4.068    17.77174    -2.90734    -8.26453
    34  C   4.0  -0.242   4.030    17.41382    -4.82031   -10.40067
    35  C   4.0  -0.109   3.510    13.88797    -1.26404    -6.01575
    36  S   6.0   0.228   2.439    13.50927     1.69282    -7.44061
    37  C   4.0  -0.088   3.407    10.78882     2.13728    -5.68071
    38  C   4.0   0.006   3.416     8.94936     3.99677    -5.28178
    39  C   4.0   0.104   3.518     8.72864     6.48762    -6.19414
    40  C   4.0   0.104   3.518     6.74368     8.05231    -5.29955
    41  N   5.0  -0.076   2.283     7.00559    10.31582    -6.38085
    42  N   5.0  -0.167   3.564     9.01248    10.06846    -7.81043
    43  C   4.0  -0.082   4.086     9.99722    12.14017    -9.25304
    44  C   4.0  -0.237   4.025    11.83668    13.69673    -7.66870
    45  N   5.0  -0.076   2.283    10.12440     7.85597    -7.78756
    46  C   4.0   0.006   3.417     4.90308     7.03243    -3.66947
    47  C   4.0  -0.087   3.405     2.63579     8.03323    -2.73916
    48  S   6.0   0.227   2.440     0.91765    10.81679    -2.86747
    49  C   4.0  -0.108   3.506    -1.52010     9.33392    -1.20168
    50  C   4.0  -0.006   3.384    -3.91797    10.18411    -0.43898
    51  C   4.0  -0.174   4.063    -4.79537    12.81404    -0.97888
    52  C   4.0  -0.243   4.029    -4.16288    14.59757     1.20753
    53  C   4.0  -0.089   3.313    -5.23057     8.29646     0.80087
    54  S   6.0   0.214   2.694    -3.48843     5.46962     1.00326
    55  C   4.0  -0.094   3.403    -0.97926     6.82852    -0.57504
    56  C   4.0   0.075   3.681     1.41068     6.09021    -1.43978
    57  N   5.0  -0.293   3.270     2.85330     3.94669    -1.49024
    58  C   4.0   0.098   3.442     5.04084     4.47166    -2.83686
    59  C   4.0   0.098   3.442     7.19267     3.00315    -3.49505
    60  N   5.0  -0.292   3.268     8.02907     0.62210    -2.78035
    61  C   4.0   0.075   3.674    10.19073     0.10318    -4.10505
    62  C   4.0  -0.096   3.399    11.98011    -1.83644    -4.28023
    63  S   6.0   0.220   2.588    12.47333    -4.78498    -2.98331
    64  C   4.0  -0.097   4.086     7.36426    -0.94278    -0.64440
    65  C   4.0  -0.241   4.027     6.14974    -3.43949    -1.44224
    66  C   4.0  -0.098   4.088     1.74478     1.58548    -0.68994
    67  C   4.0  -0.241   4.027     1.66447     1.33358     2.18660
    68  C   4.0  -0.088   3.275    -7.71103     8.27473     1.85174
    69  C   4.0  -0.089   3.361    -9.33147    10.22436     2.34591
    70  C   4.0  -0.020   3.458   -11.65980     9.44806     3.40359
    71  C   4.0  -0.012   3.342   -13.74284    10.97817     4.02493
    72  C   4.0  -0.095   3.317   -13.66990    13.70391     3.69215
    73  S   6.0   0.221   2.659   -11.29697    15.53109     5.05218
    74  C   4.0  -0.084   3.263   -12.56365    18.31711     3.89189
    75  C   4.0  -0.181   4.099   -11.30491    20.78850     4.36319
    76  C   4.0  -0.244   4.033    -8.80480    20.98125     2.92567
    77  C   4.0  -0.094   3.432   -14.68676    17.82541     2.52278
    78  CL  7.0   0.088   1.223   -16.46556    20.10177     1.04823
    79  C   4.0  -0.094   3.438   -15.32568    15.21759     2.41356
    80  CL  7.0   0.088   1.285   -17.84223    14.12060     0.69561
    81  C   4.0  -0.092   3.309   -15.86160     9.76459     4.98604
    82  C   4.0  -0.020   3.451   -15.99861     7.10046     5.31372
    83  C   4.0  -0.011   3.328   -13.92463     5.55428     4.64041
    84  C   4.0  -0.088   3.248   -13.99134     2.83175     4.86472
    85  C   4.0  -0.093   3.377   -12.07554     1.25308     5.59926
    86  C   4.0  -0.090   3.354   -12.75811    -1.31393     5.55258
    87  C   4.0  -0.080   3.195   -15.17582    -1.71606     4.75852
    88  C   4.0  -0.180   4.094   -16.51564    -4.16477     4.39512
    89  C   4.0  -0.243   4.031   -16.60313    -4.90271     1.59984
    90  S   6.0   0.221   2.649   -16.67135     1.10077     4.06291
    91  C   4.0  -0.086   3.306   -11.79964     6.79489     3.72843
    92  S   6.0   0.209   2.741    -9.02231     5.35114     2.71346
    93  C   4.0  -0.090   3.360   -18.29028     6.35024     6.43489
    94  C   4.0  -0.078   3.177   -19.90921     8.31423     6.94115
    95  S   6.0   0.212   2.651   -18.58545    11.23990     6.04863
    96  C   4.0  -0.077   3.223   -22.34525     8.39964     8.03304
    97  C   4.0  -0.001   3.260   -23.96834     6.52315     8.74433
    98  C   4.0   0.100   3.212   -23.73042     3.74600     8.40437
    99  O   6.0  -0.107   1.058   -21.89285     2.51504     7.79323
   100  C   4.0  -0.006   3.349   -26.24508     2.70760     8.98640
   101  C   4.0  -0.068   3.192   -27.06352     0.23697     8.82048
   102  C   4.0   0.008   3.186   -29.54605    -0.34658     9.45317
   103  C   4.0  -0.252   4.060   -30.45785    -3.01525     9.27837
   104  C   4.0   0.008   3.188   -31.18275     1.58321    10.25044
   105  C   4.0  -0.253   4.062   -33.86030     0.98322    10.92545
   106  C   4.0  -0.070   3.199   -30.33804     4.06820    10.42165
   107  C   4.0  -0.005   3.341   -27.86325     4.64627     9.79521
   108  C   4.0  -0.009   3.330   -26.46259     7.01844     9.80484
   109  C   4.0  -0.037   3.120   -27.33451     9.25437    10.77503
   110  C   4.0   0.235   2.162   -25.95123    11.52430    11.00028
   111  N   5.0  -0.215   1.027   -24.96857    13.43463    11.31077
   112  C   4.0   0.235   2.167   -29.77679     9.57694    11.79624
   113  N   5.0  -0.215   1.026   -31.73455     9.97378    12.64340
   114  H   1.0   0.075   1.009    18.99269   -16.41643    -3.18532
   115  H   1.0   0.075   1.005    25.20573   -13.93503   -12.97032
   116  H   1.0   0.075   1.005    28.26501   -15.45002   -16.16679
   117  H   1.0   0.075   1.004    31.20901   -18.75723   -17.71731
   118  H   1.0   0.076   1.005    29.53642   -23.34945   -11.30396
   119  H   1.0   0.077   1.007    26.53383   -21.89833    -8.11600
   120  H   1.0   0.075   1.005    15.05677   -13.74870    -3.44195
   121  H   1.0   0.075   1.013    13.16100    -9.58601    -3.60579
   122  H   1.0   0.084   1.008    19.61195    -3.19666    -7.38543
   123  H   1.0   0.081   1.008    17.69577    -0.99437    -9.03497
   124  H   1.0   0.082   1.000    17.59562    -6.74386    -9.69977
   125  H   1.0   0.081   0.999    18.83736    -4.52230   -11.85104
   126  H   1.0   0.081   0.999    15.55547    -4.60942   -11.25540
   127  H   1.0   0.083   1.003    10.95380    11.34554   -10.89899
   128  H   1.0   0.083   1.003     8.39813    13.30027    -9.84736
   129  H   1.0   0.082   0.999    12.56857    15.25935    -8.78042
   130  H   1.0   0.082   0.999    10.87953    14.44847    -6.01330
   131  H   1.0   0.082   0.999    13.40817    12.52378    -7.05510
   132  H   1.0   0.081   1.007    -3.82292    13.47280    -2.67661
   133  H   1.0   0.082   1.004    -6.82229    12.82444    -1.35267
   134  H   1.0   0.081   0.999    -4.80538    16.49939     0.77139
   135  H   1.0   0.081   1.000    -2.13067    14.64727     1.50725
   136  H   1.0   0.081   1.000    -5.06012    13.97641     2.94967
   137  H   1.0   0.086   1.005     6.14463     0.12604     0.61454
   138  H   1.0   0.081   1.005     9.11018    -1.37024     0.38626
   139  H   1.0   0.082   1.005     7.52149    -4.61414    -2.41809
   140  H   1.0   0.082   0.999     5.49532    -4.45030     0.22053
   141  H   1.0   0.082   0.999     4.55896    -3.14356    -2.71006
   142  H   1.0   0.081   1.005    -0.20050     1.53673    -1.40085
   143  H   1.0   0.086   1.006     2.76580     0.03326    -1.56110
   144  H   1.0   0.082   1.004     0.37662     2.72045     2.98237
   145  H   1.0   0.082   0.999     0.99778    -0.53933     2.69796
   146  H   1.0   0.082   0.999     3.51584     1.63386     3.02810
   147  H   1.0   0.082   1.011    -8.89702    12.17191     2.00387
   148  H   1.0   0.082   1.007   -12.57953    22.29310     3.76131
   149  H   1.0   0.081   1.005   -10.94454    21.00317     6.38444
   150  H   1.0   0.081   1.000    -7.51544    19.50575     3.54645
   151  H   1.0   0.081   0.999    -7.93118    22.80748     3.26885
   152  H   1.0   0.081   0.999    -9.12511    20.77470     0.90631
   153  H   1.0   0.079   1.009   -10.26197     1.91562     6.23156
   154  H   1.0   0.079   1.004   -11.50201    -2.81550     6.10022
   155  H   1.0   0.081   1.005   -18.44335    -4.00754     5.11549
   156  H   1.0   0.081   1.004   -15.53544    -5.62968     5.46906
   157  H   1.0   0.081   0.998   -17.57577    -6.69700     1.36570
   158  H   1.0   0.081   1.000   -17.59883    -3.46727     0.51722
   159  H   1.0   0.081   0.999   -14.69829    -5.08280     0.84868
   160  H   1.0   0.081   1.016   -18.75931     4.43179     6.89863
   161  H   1.0   0.075   1.017   -23.03047    10.31526     8.27549
   162  H   1.0   0.075   1.005   -25.76981    -1.21396     8.19971
   163  H   1.0   0.082   1.000   -28.95684    -4.25528     8.62584
   164  H   1.0   0.081   0.999   -31.10867    -3.68005    11.11518
   165  H   1.0   0.081   0.999   -32.04238    -3.15509     7.97105
   166  H   1.0   0.081   0.999   -34.84692     0.16781     9.31219
   167  H   1.0   0.082   1.000   -34.85902     2.67585    11.51882
   168  H   1.0   0.081   0.999   -33.92965    -0.39212    12.45594
   169  H   1.0   0.077   1.008   -31.63571     5.51517    11.03222
 
  Z AO/shell   Hii/eV     exponent
  1     Sat Feb 20 21:38:01 CET 2016    EN: 2.327 GAM: 0.473  GM3: 0.0000
     1s    -13.751157    1.051071
  6     Sat Feb 20 21:38:01 CET 2016    EN: 2.731 GAM: 0.422  GM3: 0.0000
     2s    -19.378245    2.021003
     2p    -11.993376    1.497917
  7     Sat Feb 20 21:38:01 CET 2016    EN: 3.573 GAM: 0.504  GM3: 0.0000
     2s    -21.576984    2.275442
     2p    -16.125120    2.056788
  8     Sat Feb 20 21:38:01 CET 2016    EN: 3.700 GAM: 0.587  GM3: 0.0000
     2s    -21.648843    2.110798
     2p    -17.239740    2.329048
  9     Sat Feb 20 21:51:24 CET 2016    EN: 3.394 GAM: 0.669  GM3: 0.0000
     2s    -19.384211    2.614957
     2p    -19.426034    2.777297
 16     Sat Feb 20 23:13:41 CET 2016    EN: 1.915 GAM: 0.389  GM3: 0.0000
     3s    -22.000000    2.671470
     3p    -15.834192    1.836978
     3d     -2.593599    1.836978
 17     Sat Feb 20 23:13:41 CET 2016    EN: 2.375 GAM: 0.431  GM3: 0.0000
     3s    -21.000000    2.596786
     3p    -17.375270    2.088291
     3d     -1.372943    2.088291
 
 dipole moment of classical point charges (au)
     X       Y       Z   
  -0.2483  -0.0812  -0.4409  total (Debye):    1.303

 
 Nbf   :          574
 T(el) :   300.0
 calculating S/T integrals ...
 cpu time for ints   0.617126000000000     
 Nao   :          563
 making H0...
 making H1...
 cpu time for H      0.368210000000000     
 solving ...
 cpu time for diag    2.34395200000000     
 
 gap (eV)           :   0.862
 Koopmans IP (eV)   :  11.716
 Eel (Eh)           :  -429.908298
 T,E(Fermi),NFOD :    300.000   -11.285  0.000000
 T,E(Fermi),NFOD :    300.000   -11.285  0.000000
 Nfod               :  0.0000
 Nfod/Nel           :  0.0000

          eigenvalues
 #    :         263        264        265        266        267        268        269        270
 occ. :        2.000      2.000      2.000      2.000      2.000      2.000      2.000      2.000
 eps  :       -14.580    -14.524    -14.431    -14.222    -14.068    -13.972    -13.887    -13.566
 #    :         271        272        273        274        275        276        277        278
 occ. :        2.000      2.000      2.000      2.000      2.000      0.000      0.000      0.000
 eps  :       -13.382    -13.270    -12.831    -12.423    -11.717    -10.855    -10.078     -9.842
 #    :         279        280        281        282        283        284        285        286
 occ. :        0.000      0.000      0.000      0.000      0.000      0.000      0.000      0.000
 eps  :        -9.654     -9.474     -9.194     -9.017     -8.958     -8.714     -8.511     -8.258
                            1  SCC done.
 making H1...
 cpu time for H       2.43418300000000     
 solving ...
 cpu time for diag   0.889024000000000     
 
 gap (eV)           :   1.335
 Koopmans IP (eV)   :  11.956
 Eel (Eh)           :  -430.064663
 T,E(Fermi),NFOD :    300.000   -11.288  0.000000
 T,E(Fermi),NFOD :    300.000   -11.288  0.000000
 Nfod               :  0.0000
 Nfod/Nel           :  0.0000

          eigenvalues
 #    :         263        264        265        266        267        268        269        270
 occ. :        2.000      2.000      2.000      2.000      2.000      2.000      2.000      2.000
 eps  :       -14.460    -14.289    -14.224    -14.148    -14.106    -14.052    -13.776    -13.729
 #    :         271        272        273        274        275        276        277        278
 occ. :        2.000      2.000      2.000      2.000      2.000      0.000      0.000      0.000
 eps  :       -13.632    -13.310    -13.119    -12.639    -11.957    -10.622     -9.998     -9.634
 #    :         279        280        281        282        283        284        285        286
 occ. :        0.000      0.000      0.000      0.000      0.000      0.000      0.000      0.000
 eps  :        -9.487     -9.327     -9.026     -9.020     -8.945     -8.768     -8.525     -8.398
                            2  SCC done.
 
 
 Mulliken/CM5 charges    n(s)   n(p)   n(d)   
    1 C  -0.0021 -0.0496   1.164  2.838  0.000
    2 C  -0.0031 -0.0039   1.178  2.825  0.000
    3 C   0.1426  0.1797   1.175  2.683  0.000
    4 O  -0.2230 -0.2663   1.628  4.595  0.000
    5 C  -0.0224 -0.0242   1.182  2.840  0.000
    6 C  -0.0175 -0.0671   1.151  2.867  0.000
    7 C   0.0057 -0.0015   1.164  2.830  0.000
    8 C  -0.0260 -0.0794   1.140  2.886  0.000
    9 C  -0.0165 -0.0680   1.132  2.884  0.000
   10 C   0.0980  0.1091   1.164  2.738  0.000
   11 F  -0.1303 -0.1543   1.680  5.451  0.000
   12 C  -0.0286 -0.0773   1.134  2.894  0.000
   13 C   0.0151  0.0080   1.164  2.821  0.000
   14 C  -0.0250 -0.0748   1.151  2.874  0.000
   15 C  -0.0052 -0.0086   1.168  2.837  0.000
   16 C   0.0185  0.0180   1.197  2.785  0.000
   17 C   0.0152  0.0216   1.115  2.870  0.000
   18 C   0.0989  0.2173   1.171  2.730  0.000
   19 N  -0.2101 -0.3396   1.642  3.568  0.000
   20 C   0.0982  0.2172   1.171  2.731  0.000
   21 N  -0.2074 -0.3373   1.642  3.566  0.000
   22 C   0.0318  0.0300   1.154  2.815  0.000
   23 C  -0.0280 -0.0811   1.145  2.883  0.000
   24 C  -0.0281 -0.0799   1.139  2.889  0.000
   25 C   0.0211  0.0224   1.168  2.811  0.000
   26 C   0.0195  0.1041   1.211  2.770  0.000
   27 N  -0.2140 -0.3916   1.528  3.686  0.000
   28 S   0.2781  0.4170   1.906  3.653  0.163
   29 N  -0.1839 -0.3514   1.526  3.658  0.000
   30 C   0.0267  0.1136   1.209  2.764  0.000
   31 C  -0.0427 -0.0313   1.178  2.865  0.000
   32 C  -0.0214 -0.0276   1.187  2.834  0.000
   33 C  -0.0309 -0.1346   1.125  2.906  0.000
   34 C  -0.0865 -0.2372   1.094  2.992  0.000
   35 C  -0.0660 -0.0525   1.177  2.889  0.000
   36 S   0.1158  0.0825   1.892  3.940  0.052
   37 C  -0.0509 -0.0289   1.166  2.885  0.000
   38 C  -0.0098  0.0032   1.149  2.861  0.000
   39 C   0.0114  0.1078   1.189  2.800  0.000
   40 C   0.0117  0.1081   1.189  2.799  0.000
   41 N  -0.1710 -0.2740   1.612  3.559  0.000
   42 N  -0.0062 -0.1297   1.317  3.689  0.000
   43 C   0.0683  0.0332   1.141  2.790  0.000
   44 C  -0.0758 -0.2204   1.091  2.985  0.000
   45 N  -0.1685 -0.2715   1.612  3.557  0.000
   46 C  -0.0117  0.0013   1.150  2.862  0.000
   47 C  -0.0469 -0.0249   1.163  2.884  0.000
   48 S   0.1102  0.0771   1.893  3.945  0.052
   49 C  -0.0656 -0.0521   1.174  2.891  0.000
   50 C  -0.0285 -0.0356   1.185  2.844  0.000
   51 C  -0.0305 -0.1363   1.124  2.907  0.000
   52 C  -0.0876 -0.2394   1.096  2.992  0.000
   53 C  -0.0401 -0.0279   1.171  2.869  0.000
   54 S   0.0936  0.0581   1.892  3.966  0.048
   55 C  -0.0480 -0.0303   1.164  2.884  0.000
   56 C  -0.0100  0.0601   1.166  2.844  0.000
   57 N  -0.0819 -0.3391   1.261  3.821  0.000
   58 C   0.0227  0.0914   1.184  2.794  0.000
   59 C   0.0185  0.0870   1.186  2.795  0.000
   60 N  -0.0822 -0.3387   1.263  3.819  0.000
   61 C  -0.0094  0.0604   1.166  2.843  0.000
   62 C  -0.0533 -0.0355   1.165  2.888  0.000
   63 S   0.0919  0.0529   1.890  3.969  0.049
   64 C   0.0283 -0.0205   1.145  2.826  0.000
   65 C  -0.0832 -0.2311   1.094  2.989  0.000
   66 C   0.0280 -0.0207   1.145  2.827  0.000
   67 C  -0.0829 -0.2306   1.094  2.989  0.000
   68 C  -0.0094  0.0007   1.173  2.836  0.000
   69 C  -0.0816 -0.1309   1.139  2.943  0.000
   70 C  -0.0228 -0.0242   1.174  2.849  0.000
   71 C  -0.0031 -0.0017   1.157  2.846  0.000
   72 C  -0.0512 -0.0381   1.168  2.884  0.000
   73 S   0.0923  0.0535   1.886  3.968  0.054
   74 C  -0.0453 -0.0410   1.189  2.857  0.000
   75 C  -0.0260 -0.1303   1.120  2.906  0.000
   76 C  -0.0874 -0.2385   1.097  2.990  0.000
   77 C   0.0007  0.0010   1.147  2.853  0.000
   78 CL -0.0470 -0.0482   1.901  5.140  0.005
   79 C   0.0108  0.0125   1.151  2.838  0.000
   80 CL -0.0414 -0.0404   1.902  5.134  0.006
   81 C  -0.0213 -0.0078   1.181  2.840  0.000
   82 C  -0.0229 -0.0241   1.170  2.853  0.000
   83 C   0.0114  0.0123   1.160  2.828  0.000
   84 C  -0.0394 -0.0298   1.172  2.868  0.000
   85 C  -0.0735 -0.1241   1.141  2.932  0.000
   86 C  -0.0871 -0.1392   1.138  2.949  0.000
   87 C  -0.0325 -0.0316   1.194  2.839  0.000
   88 C  -0.0272 -0.1318   1.119  2.908  0.000
   89 C  -0.0884 -0.2393   1.097  2.991  0.000
   90 S   0.1070  0.0673   1.884  3.963  0.046
   91 C  -0.0248 -0.0119   1.178  2.847  0.000
   92 S   0.0713  0.0358   1.891  4.001  0.037
   93 C  -0.0578 -0.1051   1.159  2.898  0.000
   94 C   0.0019  0.0073   1.164  2.834  0.000
   95 S   0.0766  0.0407   1.890  3.996  0.037
   96 C  -0.0019 -0.0490   1.156  2.846  0.000
   97 C  -0.0213 -0.0238   1.182  2.840  0.000
   98 C   0.1380  0.1726   1.175  2.687  0.000
   99 O  -0.2191 -0.2755   1.622  4.597  0.000
  100 C  -0.0275 -0.0295   1.183  2.844  0.000
  101 C  -0.0297 -0.0801   1.147  2.883  0.000
  102 C   0.0105 -0.0053   1.184  2.806  0.000
  103 C  -0.0822 -0.2281   1.079  3.003  0.000
  104 C   0.0110 -0.0049   1.184  2.805  0.000
  105 C  -0.0808 -0.2268   1.079  3.002  0.000
  106 C  -0.0388 -0.0894   1.148  2.890  0.000
  107 C  -0.0112 -0.0146   1.170  2.841  0.000
  108 C   0.0170  0.0162   1.198  2.785  0.000
  109 C   0.0102  0.0163   1.116  2.874  0.000
  110 C   0.0977  0.2154   1.172  2.730  0.000
  111 N  -0.2076 -0.3374   1.642  3.566  0.000
  112 C   0.0990  0.2179   1.171  2.730  0.000
  113 N  -0.2094 -0.3395   1.642  3.567  0.000
  114 H   0.0630  0.1283   0.937  0.000  0.000
  115 H   0.0521  0.1115   0.948  0.000  0.000
  116 H   0.0498  0.1073   0.950  0.000  0.000
  117 H   0.0478  0.1056   0.952  0.000  0.000
  118 H   0.0450  0.1036   0.955  0.000  0.000
  119 H   0.0534  0.1182   0.947  0.000  0.000
  120 H   0.0522  0.1099   0.948  0.000  0.000
  121 H   0.0484  0.1091   0.952  0.000  0.000
  122 H   0.0513  0.1203   0.949  0.000  0.000
  123 H   0.0412  0.0996   0.959  0.000  0.000
  124 H   0.0327  0.0883   0.967  0.000  0.000
  125 H   0.0377  0.0897   0.962  0.000  0.000
  126 H   0.0270  0.0797   0.973  0.000  0.000
  127 H   0.0556  0.1260   0.944  0.000  0.000
  128 H   0.0552  0.1254   0.945  0.000  0.000
  129 H   0.0432  0.0956   0.957  0.000  0.000
  130 H   0.0349  0.0909   0.965  0.000  0.000
  131 H   0.0350  0.0909   0.965  0.000  0.000
  132 H   0.0441  0.1018   0.956  0.000  0.000
  133 H   0.0449  0.1019   0.955  0.000  0.000
  134 H   0.0371  0.0891   0.963  0.000  0.000
  135 H   0.0316  0.0846   0.968  0.000  0.000
  136 H   0.0306  0.0840   0.969  0.000  0.000
  137 H   0.0582  0.1287   0.942  0.000  0.000
  138 H   0.0483  0.1155   0.952  0.000  0.000
  139 H   0.0351  0.0926   0.965  0.000  0.000
  140 H   0.0436  0.0960   0.956  0.000  0.000
  141 H   0.0341  0.0889   0.966  0.000  0.000
  142 H   0.0487  0.1164   0.951  0.000  0.000
  143 H   0.0583  0.1290   0.942  0.000  0.000
  144 H   0.0354  0.0925   0.965  0.000  0.000
  145 H   0.0434  0.0959   0.957  0.000  0.000
  146 H   0.0336  0.0885   0.966  0.000  0.000
  147 H   0.0577  0.1208   0.942  0.000  0.000
  148 H   0.0434  0.1009   0.957  0.000  0.000
  149 H   0.0456  0.1016   0.954  0.000  0.000
  150 H   0.0304  0.0839   0.970  0.000  0.000
  151 H   0.0366  0.0884   0.963  0.000  0.000
  152 H   0.0289  0.0816   0.971  0.000  0.000
  153 H   0.0461  0.1061   0.954  0.000  0.000
  154 H   0.0426  0.0997   0.957  0.000  0.000
  155 H   0.0441  0.1004   0.956  0.000  0.000
  156 H   0.0394  0.0952   0.961  0.000  0.000
  157 H   0.0346  0.0862   0.965  0.000  0.000
  158 H   0.0310  0.0842   0.969  0.000  0.000
  159 H   0.0286  0.0811   0.971  0.000  0.000
  160 H   0.0707  0.1463   0.929  0.000  0.000
  161 H   0.0650  0.1338   0.935  0.000  0.000
  162 H   0.0477  0.1071   0.952  0.000  0.000
  163 H   0.0405  0.0937   0.959  0.000  0.000
  164 H   0.0446  0.0975   0.955  0.000  0.000
  165 H   0.0444  0.0974   0.956  0.000  0.000
  166 H   0.0446  0.0975   0.955  0.000  0.000
  167 H   0.0424  0.0958   0.958  0.000  0.000
  168 H   0.0449  0.0979   0.955  0.000  0.000
  169 H   0.0509  0.1158   0.949  0.000  0.000
 Hirshfeld charges for QMDFF written to <charges>
 
 Loewdin charges    n(s)   n(p)   n(d)
    1 C   0.0077   1.110  2.883  0.000
    2 C  -0.0099   1.140  2.870  0.000
    3 C   0.1334   1.140  2.726  0.000
    4 O  -0.2079   1.597  4.611  0.000
    5 C  -0.0254   1.142  2.883  0.000
    6 C  -0.0116   1.097  2.915  0.000
    7 C   0.0096   1.121  2.870  0.000
    8 C  -0.0191   1.086  2.933  0.000
    9 C  -0.0136   1.079  2.935  0.000
   10 C   0.0936   1.127  2.779  0.000
   11 F  -0.1126   1.663  5.450  0.000
   12 C  -0.0303   1.083  2.947  0.000
   13 C   0.0222   1.120  2.858  0.000
   14 C  -0.0225   1.099  2.924  0.000
   15 C  -0.0022   1.126  2.877  0.000
   16 C   0.0293   1.152  2.818  0.000
   17 C   0.0034   1.074  2.923  0.000
   18 C   0.0929   1.137  2.770  0.000
   19 N  -0.1991   1.604  3.595  0.000
   20 C   0.0921   1.137  2.771  0.000
   21 N  -0.1964   1.604  3.593  0.000
   22 C   0.0313   1.112  2.857  0.000
   23 C  -0.0195   1.091  2.928  0.000
   24 C  -0.0241   1.086  2.938  0.000
   25 C   0.0238   1.126  2.850  0.000
   26 C   0.0128   1.178  2.809  0.000
   27 N  -0.1717   1.489  3.683  0.000
   28 S   0.2129   1.898  3.659  0.231
   29 N  -0.1436   1.488  3.655  0.000
   30 C   0.0200   1.176  2.804  0.000
   31 C  -0.0236   1.134  2.889  0.000
   32 C  -0.0213   1.148  2.874  0.000
   33 C  -0.0244   1.062  2.962  0.000
   34 C  -0.0879   1.022  3.066  0.000
   35 C  -0.0447   1.134  2.911  0.000
   36 S   0.0763   1.879  3.939  0.106
   37 C  -0.0303   1.122  2.908  0.000
   38 C  -0.0164   1.110  2.906  0.000
   39 C   0.0022   1.155  2.843  0.000
   40 C   0.0026   1.155  2.842  0.000
   41 N  -0.1688   1.590  3.579  0.000
   42 N   0.0268   1.286  3.687  0.000
   43 C   0.0692   1.083  2.847  0.000
   44 C  -0.0769   1.018  3.059  0.000
   45 N  -0.1664   1.590  3.577  0.000
   46 C  -0.0179   1.111  2.907  0.000
   47 C  -0.0273   1.120  2.908  0.000
   48 S   0.0712   1.879  3.943  0.106
   49 C  -0.0445   1.131  2.913  0.000
   50 C  -0.0288   1.146  2.883  0.000
   51 C  -0.0236   1.062  2.962  0.000
   52 C  -0.0896   1.023  3.066  0.000
   53 C  -0.0216   1.128  2.894  0.000
   54 S   0.0568   1.879  3.964  0.101
   55 C  -0.0280   1.121  2.907  0.000
   56 C  -0.0222   1.135  2.887  0.000
   57 N  -0.0389   1.220  3.819  0.000
   58 C   0.0114   1.152  2.836  0.000
   59 C   0.0079   1.155  2.837  0.000
   60 N  -0.0395   1.221  3.818  0.000
   61 C  -0.0220   1.135  2.887  0.000
   62 C  -0.0319   1.121  2.911  0.000
   63 S   0.0536   1.877  3.965  0.104
   64 C   0.0282   1.089  2.883  0.000
   65 C  -0.0859   1.022  3.064  0.000
   66 C   0.0277   1.089  2.884  0.000
   67 C  -0.0854   1.021  3.064  0.000
   68 C   0.0157   1.127  2.857  0.000
   69 C  -0.0846   1.090  2.995  0.000
   70 C  -0.0191   1.132  2.887  0.000
   71 C  -0.0058   1.116  2.889  0.000
   72 C  -0.0343   1.125  2.909  0.000
   73 S   0.0554   1.872  3.964  0.108
   74 C  -0.0258   1.146  2.880  0.000
   75 C  -0.0191   1.058  2.962  0.000
   76 C  -0.0892   1.025  3.065  0.000
   77 C   0.0135   1.106  2.880  0.000
   78 CL -0.0568   1.891  5.138  0.028
   79 C   0.0236   1.111  2.865  0.000
   80 CL -0.0510   1.892  5.132  0.028
   81 C   0.0012   1.136  2.862  0.000
   82 C  -0.0212   1.129  2.893  0.000
   83 C   0.0105   1.119  2.870  0.000
   84 C  -0.0164   1.126  2.890  0.000
   85 C  -0.0700   1.090  2.980  0.000
   86 C  -0.0845   1.087  2.998  0.000
   87 C  -0.0061   1.148  2.858  0.000
   88 C  -0.0205   1.056  2.964  0.000
   89 C  -0.0898   1.025  3.065  0.000
   90 S   0.0691   1.870  3.960  0.101
   91 C  -0.0043   1.134  2.871  0.000
   92 S   0.0337   1.879  3.999  0.089
   93 C  -0.0559   1.108  2.947  0.000
   94 C   0.0258   1.118  2.856  0.000
   95 S   0.0384   1.877  3.995  0.090
   96 C   0.0065   1.102  2.892  0.000
   97 C  -0.0281   1.144  2.884  0.000
   98 C   0.1292   1.141  2.730  0.000
   99 O  -0.2022   1.590  4.612  0.000
  100 C  -0.0298   1.143  2.887  0.000
  101 C  -0.0263   1.094  2.932  0.000
  102 C   0.0180   1.141  2.841  0.000
  103 C  -0.0846   1.005  3.079  0.000
  104 C   0.0193   1.141  2.840  0.000
  105 C  -0.0832   1.005  3.078  0.000
  106 C  -0.0376   1.097  2.941  0.000
  107 C  -0.0079   1.127  2.880  0.000
  108 C   0.0281   1.154  2.818  0.000
  109 C  -0.0014   1.074  2.927  0.000
  110 C   0.0920   1.138  2.770  0.000
  111 N  -0.1970   1.604  3.593  0.000
  112 C   0.0928   1.137  2.770  0.000
  113 N  -0.1985   1.604  3.595  0.000
  114 H   0.0519   0.948  0.000  0.000
  115 H   0.0419   0.958  0.000  0.000
  116 H   0.0408   0.959  0.000  0.000
  117 H   0.0385   0.961  0.000  0.000
  118 H   0.0359   0.964  0.000  0.000
  119 H   0.0433   0.957  0.000  0.000
  120 H   0.0430   0.957  0.000  0.000
  121 H   0.0405   0.959  0.000  0.000
  122 H   0.0457   0.954  0.000  0.000
  123 H   0.0374   0.963  0.000  0.000
  124 H   0.0320   0.968  0.000  0.000
  125 H   0.0370   0.963  0.000  0.000
  126 H   0.0271   0.973  0.000  0.000
  127 H   0.0484   0.952  0.000  0.000
  128 H   0.0481   0.952  0.000  0.000
  129 H   0.0428   0.957  0.000  0.000
  130 H   0.0337   0.966  0.000  0.000
  131 H   0.0338   0.966  0.000  0.000
  132 H   0.0396   0.960  0.000  0.000
  133 H   0.0413   0.959  0.000  0.000
  134 H   0.0368   0.963  0.000  0.000
  135 H   0.0310   0.969  0.000  0.000
  136 H   0.0309   0.969  0.000  0.000
  137 H   0.0531   0.947  0.000  0.000
  138 H   0.0421   0.958  0.000  0.000
  139 H   0.0348   0.965  0.000  0.000
  140 H   0.0431   0.957  0.000  0.000
  141 H   0.0348   0.965  0.000  0.000
  142 H   0.0426   0.957  0.000  0.000
  143 H   0.0533   0.947  0.000  0.000
  144 H   0.0348   0.965  0.000  0.000
  145 H   0.0429   0.957  0.000  0.000
  146 H   0.0343   0.966  0.000  0.000
  147 H   0.0507   0.949  0.000  0.000
  148 H   0.0390   0.961  0.000  0.000
  149 H   0.0409   0.959  0.000  0.000
  150 H   0.0305   0.970  0.000  0.000
  151 H   0.0361   0.964  0.000  0.000
  152 H   0.0287   0.971  0.000  0.000
  153 H   0.0392   0.961  0.000  0.000
  154 H   0.0358   0.964  0.000  0.000
  155 H   0.0396   0.960  0.000  0.000
  156 H   0.0356   0.964  0.000  0.000
  157 H   0.0343   0.966  0.000  0.000
  158 H   0.0306   0.969  0.000  0.000
  159 H   0.0284   0.972  0.000  0.000
  160 H   0.0597   0.940  0.000  0.000
  161 H   0.0540   0.946  0.000  0.000
  162 H   0.0385   0.961  0.000  0.000
  163 H   0.0396   0.960  0.000  0.000
  164 H   0.0437   0.956  0.000  0.000
  165 H   0.0436   0.956  0.000  0.000
  166 H   0.0437   0.956  0.000  0.000
  167 H   0.0413   0.959  0.000  0.000
  168 H   0.0440   0.956  0.000  0.000
  169 H   0.0417   0.958  0.000  0.000
 
 Wiberg/Mayer (AO) data. WBOs > 0.1 written file <wbo>
 largest (>0.05) Wiberg bond orders for each atom
           total WBO             WBO to atom ...
     1  C   3.925    C    2 1.590    C   22 1.134    H  114 0.921    O    4 0.058    C   17 0.052
     2  C   3.925    C    1 1.590    C   16 1.087    C    3 0.981    O    4 0.066
     3  C   3.908    O    4 1.803    C    5 0.988    C    2 0.981
     4  O   2.147    C    3 1.803    C    2 0.066    C    5 0.061    C    1 0.058
     5  C   3.942    C    6 1.506    C   15 1.170    C    3 0.988    O    4 0.061    C   13 0.050
     6  C   3.961    C    5 1.506    C    7 1.250    H  115 0.942    C   14 0.088
     7  C   3.949    C    8 1.263    C    6 1.250    C   13 1.208    C   10 0.059
     8  C   3.960    C    9 1.546    C    7 1.263    H  116 0.941    C   12 0.109
     9  C   3.959    C    8 1.546    C   10 1.279    H  117 0.945    C   13 0.062
    10  C   3.909    C   12 1.502    C    9 1.279    F   11 0.970    C    7 0.059
    11  F   1.095    C   10 0.970
    12  C   3.959    C   10 1.502    C   13 1.264    H  118 0.944    C    8 0.109
    13  C   3.953    C   12 1.264    C   14 1.252    C    7 1.208    C    9 0.062    C    5 0.050
    14  C   3.951    C   15 1.491    C   13 1.252    H  119 0.934    C    6 0.088
    15  C   3.954    C   14 1.491    C    5 1.170    C   16 1.052
    16  C   3.932    C   17 1.474    C    2 1.087    C   15 1.052    N   21 0.093    N   19 0.092
    17  C   3.929    C   16 1.474    C   18 1.061    C   20 1.060    N   19 0.078    N   21 0.078    C    1 0.052
    18  C   3.940    N   19 2.786    C   17 1.061
    19  N   3.048    C   18 2.786    C   16 0.092    C   17 0.078
    20  C   3.940    N   21 2.790    C   17 1.060
    21  N   3.050    C   20 2.790    C   16 0.093    C   17 0.078
    22  C   3.911    C   23 1.394    C   30 1.165    C    1 1.134    C   25 0.081
    23  C   3.946    C   22 1.394    C   24 1.389    H  120 0.941
    24  C   3.949    C   25 1.396    C   23 1.389    H  121 0.937
    25  C   3.929    C   24 1.396    C   26 1.166    C   31 1.110    C   22 0.081
    26  C   3.927    N   27 1.391    C   25 1.166    C   30 1.123    S   28 0.073
    27  N   3.096    C   26 1.391    S   28 1.327    N   29 0.222
    28  S   2.920    N   29 1.338    N   27 1.327    C   26 0.073    C   30 0.066
    29  N   3.091    C   30 1.396    S   28 1.338    N   27 0.222
    30  C   3.927    N   29 1.396    C   22 1.165    C   26 1.123    S   28 0.066
    31  C   3.903    C   32 1.460    C   25 1.110    S   63 1.064    C   62 0.067
    32  C   3.902    C   31 1.460    C   35 1.249    C   33 0.977    S   63 0.065
    33  C   3.970    C   34 0.991    C   32 0.977    H  123 0.965    H  122 0.949
    34  C   3.982    C   33 0.991    H  126 0.984    H  124 0.983    H  125 0.978
    35  C   3.907    C   62 1.342    C   32 1.249    S   36 1.073    C   37 0.052    S   63 0.050
    36  S   2.481    C   37 1.101    C   35 1.073    C   62 0.053    C   61 0.053
    37  C   3.915    C   61 1.338    C   38 1.211    S   36 1.101    C   35 0.052
    38  C   3.924    C   59 1.274    C   37 1.211    C   39 1.162
    39  C   3.937    N   45 1.404    C   38 1.162    C   40 1.150    N   42 0.065
    40  C   3.937    N   41 1.404    C   46 1.163    C   39 1.150    N   42 0.065
    41  N   2.977    C   40 1.404    N   42 1.188    N   45 0.213
    42  N   3.547    N   45 1.188    N   41 1.188    C   43 0.937    C   40 0.065    C   39 0.065
    43  C   3.919    C   44 1.004    H  127 0.970    H  128 0.970    N   42 0.937
    44  C   3.981    C   43 1.004    H  130 0.985    H  131 0.985    H  129 0.974
    45  N   2.978    C   39 1.404    N   42 1.188    N   41 0.213
    46  C   3.923    C   58 1.275    C   47 1.210    C   40 1.163
    47  C   3.919    C   56 1.343    C   46 1.210    S   48 1.099    C   49 0.054
    48  S   2.477    C   47 1.099    C   49 1.073    C   55 0.053    C   56 0.053
    49  C   3.912    C   55 1.353    C   50 1.243    S   48 1.073    C   47 0.054
    50  C   3.914    C   53 1.454    C   49 1.243    C   51 0.980    S   54 0.064    C   69 0.050
    51  C   3.971    C   52 0.989    C   50 0.980    H  132 0.964    H  133 0.960
    52  C   3.980    C   51 0.989    H  135 0.984    H  136 0.982    H  134 0.977
    53  C   3.906    C   50 1.454    C   68 1.140    S   54 1.070    C   55 0.067
    54  S   2.484    C   55 1.096    C   53 1.070    C   50 0.064
    55  C   3.923    C   49 1.353    C   56 1.229    S   54 1.096    C   53 0.067    S   48 0.053
    56  C   3.902    C   47 1.343    C   55 1.229    N   57 1.086    S   48 0.053
    57  N   3.436    C   58 1.093    C   56 1.086    C   66 0.949
    58  C   3.892    C   46 1.275    C   59 1.244    N   57 1.093
    59  C   3.888    C   38 1.274    C   58 1.244    N   60 1.092
    60  N   3.432    C   59 1.092    C   61 1.083    C   64 0.949
    61  C   3.900    C   37 1.338    C   62 1.234    N   60 1.083    S   36 0.053
    62  C   3.918    C   35 1.342    C   61 1.234    S   63 1.100    C   31 0.067    S   36 0.053
    63  S   2.490    C   62 1.100    C   31 1.064    C   32 0.065    C   35 0.050
    64  C   3.933    C   65 1.005    H  138 0.968    H  137 0.961    N   60 0.949
    65  C   3.980    C   64 1.005    H  139 0.979    H  141 0.978    H  140 0.975
    66  C   3.933    C   67 1.004    H  142 0.968    H  143 0.961    N   57 0.949
    67  C   3.981    C   66 1.004    H  144 0.980    H  146 0.979    H  145 0.975
    68  C   3.910    C   69 1.542    C   53 1.140    S   92 1.056
    69  C   3.926    C   68 1.542    C   70 1.206    H  147 0.928    S   92 0.064    C   50 0.050
    70  C   3.927    C   71 1.249    C   91 1.226    C   69 1.206
    71  C   3.918    C   81 1.362    C   70 1.249    C   72 1.026    C   83 0.078
    72  C   3.932    C   79 1.537    S   73 1.100    C   71 1.026    C   74 0.105    CL  80 0.056
    73  S   2.545    C   74 1.122    C   72 1.100    C   79 0.073    C   77 0.072
    74  C   3.920    C   77 1.565    S   73 1.122    C   75 0.996    C   72 0.105    CL  78 0.054
    75  C   3.967    C   74 0.996    C   76 0.988    H  148 0.962    H  149 0.961
    76  C   3.981    C   75 0.988    H  152 0.984    H  150 0.983    H  151 0.978
    77  C   3.929    C   74 1.565    C   79 1.176    CL  78 1.005    S   73 0.072
    78  CL  1.169    C   77 1.005    C   74 0.054
    79  C   3.915    C   72 1.537    C   77 1.176    CL  80 1.010    S   73 0.073
    80  CL  1.173    C   79 1.010    C   72 0.056
    81  C   3.929    C   71 1.362    C   82 1.212    S   95 1.094
    82  C   3.933    C   93 1.242    C   83 1.226    C   81 1.212
    83  C   3.914    C   91 1.366    C   82 1.226    C   84 1.058    C   71 0.078
    84  C   3.936    C   85 1.545    S   90 1.113    C   83 1.058    C   87 0.108
    85  C   3.951    C   84 1.545    C   86 1.275    H  153 0.936    S   90 0.076
    86  C   3.962    C   87 1.583    C   85 1.275    H  154 0.940    S   90 0.072
    87  C   3.916    C   86 1.583    S   90 1.143    C   88 0.999    C   84 0.108
    88  C   3.975    C   87 0.999    C   89 0.986    H  156 0.964    H  155 0.964
    89  C   3.981    C   88 0.986    H  159 0.984    H  158 0.984    H  157 0.979
    90  S   2.560    C   87 1.143    C   84 1.113    C   85 0.076    C   86 0.072
    91  C   3.927    C   83 1.366    C   70 1.226    S   92 1.071
    92  S   2.417    C   91 1.071    C   68 1.056    C   69 0.064
    93  C   3.919    C   94 1.493    C   82 1.242    H  160 0.907    S   95 0.072    C   97 0.069
    94  C   3.916    C   93 1.493    C   96 1.207    S   95 1.045
    95  S   2.430    C   81 1.094    C   94 1.045    C   93 0.072
    96  C   3.930    C   97 1.551    C   94 1.207    H  161 0.923
    97  C   3.906    C   96 1.551    C  108 1.080    C   98 0.989    C   93 0.069    O   99 0.066
    98  C   3.906    O   99 1.785    C  100 0.992    C   97 0.989
    99  O   2.176    C   98 1.785    C   97 0.066    C  100 0.059
   100  C   3.941    C  101 1.388    C  107 1.266    C   98 0.992    C  104 0.088    O   99 0.059
   101  C   3.965    C  102 1.396    C  100 1.388    H  162 0.942    C  106 0.085
   102  C   3.930    C  101 1.396    C  104 1.335    C  103 0.997    C  107 0.087
   103  C   3.983    C  102 0.997    H  163 0.979    H  165 0.968    H  164 0.968
   104  C   3.940    C  106 1.401    C  102 1.335    C  105 0.998    C  100 0.088
   105  C   3.984    C  104 0.998    H  167 0.978    H  168 0.968    H  166 0.968
   106  C   3.959    C  104 1.401    C  107 1.377    H  169 0.934    C  101 0.085
   107  C   3.950    C  106 1.377    C  100 1.266    C  108 1.052    C  102 0.087
   108  C   3.933    C  109 1.480    C   97 1.080    C  107 1.052    N  113 0.093    N  111 0.092
   109  C   3.935    C  108 1.480    C  112 1.059    C  110 1.058    N  111 0.079    N  113 0.079
   110  C   3.940    N  111 2.784    C  109 1.058
   111  N   3.045    C  110 2.784    C  108 0.092    C  109 0.079
   112  C   3.940    N  113 2.790    C  109 1.059
   113  N   3.049    C  112 2.790    C  108 0.093    C  109 0.079
   114  H   0.990    C    1 0.921
   115  H   0.994    C    6 0.942
   116  H   0.996    C    8 0.941
   117  H   0.994    C    9 0.945
   118  H   0.996    C   12 0.944
   119  H   0.993    C   14 0.934
   120  H   0.994    C   23 0.941
   121  H   0.995    C   24 0.937
   122  H   0.996    C   33 0.949
   123  H   0.997    C   33 0.965
   124  H   0.999    C   34 0.983
   125  H   0.996    C   34 0.978
   126  H   0.999    C   34 0.984
   127  H   0.996    C   43 0.970
   128  H   0.996    C   43 0.970
   129  H   0.998    C   44 0.974
   130  H   0.999    C   44 0.985
   131  H   0.999    C   44 0.985
   132  H   0.997    C   51 0.964
   133  H   0.997    C   51 0.960
   134  H   0.996    C   52 0.977
   135  H   0.999    C   52 0.984
   136  H   0.999    C   52 0.982
   137  H   0.995    C   64 0.961
   138  H   0.996    C   64 0.968
   139  H   0.999    C   65 0.979
   140  H   0.997    C   65 0.975
   141  H   0.999    C   65 0.978
   142  H   0.996    C   66 0.968
   143  H   0.995    C   66 0.961
   144  H   0.999    C   67 0.980
   145  H   0.997    C   67 0.975
   146  H   0.999    C   67 0.979
   147  H   0.994    C   69 0.928
   148  H   0.997    C   75 0.962
   149  H   0.997    C   75 0.961
   150  H   0.999    C   76 0.983
   151  H   0.996    C   76 0.978
   152  H   0.999    C   76 0.984
   153  H   0.997    C   85 0.936
   154  H   0.997    C   86 0.940
   155  H   0.997    C   88 0.964
   156  H   0.998    C   88 0.964
   157  H   0.997    C   89 0.979
   158  H   0.999    C   89 0.984
   159  H   0.999    C   89 0.984
   160  H   0.993    C   93 0.907
   161  H   0.992    C   96 0.923
   162  H   0.995    C  101 0.942
   163  H   0.997    C  103 0.979
   164  H   0.995    C  103 0.968
   165  H   0.995    C  103 0.968
   166  H   0.996    C  105 0.968
   167  H   0.997    C  105 0.978
   168  H   0.996    C  105 0.968
   169  H   0.994    C  106 0.934
 
 --------------------------------------------
          xTB calculation for sTDA...
 --------------------------------------------
 
 reading parameter file /ihome/ghutchison/blp62/xtb4stda/.param_stda2.xtb
 
      method parameters     
 k(s)        :  1.6000
 k(p)        :  2.1800
 k(d)        :  1.9500
 k(f)        :  2.0000
 k(R-V)      :  2.2750
 k(R-R)      :  1.7650
 Tscal       :  0.2580
 Gscal       :  1.0000
 fpol        :  1.0000
 Zcnf        :  0.3430
 Zqf         :  0.0000
 kcn         :  2.7000
 Ryd Hsplit  :  0.7000
 lshift(virt):  3.1000
 lshift(OS)  :  0.2000
 wllscaling  :  2.6000
 
 mowrcut     : 3.000
 
  Z AO/shell   Hii/eV     exponent
  1     Sun Feb 14 09:53:25 CET 2016    EN: 2.327 GAM: 0.473  GM3: 0.0000
     1s    -14.339618    1.220000
     2sp    -3.348946    0.600000
  6     Sun Feb 14 09:53:25 CET 2016    EN: 2.731 GAM: 0.422  GM3: 0.0000
     2s    -22.009312    1.565095
     2p    -13.020408    1.596905
     3sp    -3.914040    0.824500
  7     Sun Feb 14 09:53:25 CET 2016    EN: 3.573 GAM: 0.504  GM3: 0.0000
     2s    -25.722000    2.064844
     2p    -18.684912    1.801692
     3sp    -4.344791    0.921400
  8     Sun Feb 14 09:53:25 CET 2016    EN: 3.700 GAM: 0.587  GM3: 0.0000
     2s    -33.859000    2.418661
     2p    -22.175911    1.973969
     3sp    -4.259392    1.013700
  9     Sun Feb 21 12:20:01 CET 2016    EN: 3.394 GAM: 0.600  GM3: 0.0000
     2s    -26.548112    1.943768
     2p    -23.081168    2.552035
     3sp    -1.937199    1.103200
 16     Sun Feb 21 16:35:57 CET 2016    EN: 1.915 GAM: 0.200  GM3: 0.0000
     3s    -17.898811    2.619580
     3p    -15.317401    1.798798
     4sp    -4.455139    0.843200
 17     Sun Feb 21 16:32:04 CET 2016    EN: 2.375 GAM: 0.300  GM3: 0.0000
     3s    -29.486180    2.293696
     3p    -18.696427    2.332982
     4sp    -5.680125    0.918900
 
 Nbf   :         1184
 T(el) :     0.0
 calculating S/T integrals ...
 cpu time for ints    2.16320000000000     
 Nao   :         1184
 making H0...
 making H1...
 cpu time for H      3.459300000000098E-002
 solving ...
 cpu time for diag    2.50115200000000     
 
 gap (eV)           :   4.176
 Koopmans IP (eV)   :  13.274
 Eel (Eh)           :  -472.620288

          eigenvalues
 #    :         263        264        265        266        267        268        269        270
 occ. :        2.000      2.000      2.000      2.000      2.000      2.000      2.000      2.000
 eps  :       -15.730    -15.639    -15.562    -15.321    -15.275    -15.224    -14.951    -14.921
 #    :         271        272        273        274        275        276        277        278
 occ. :        2.000      2.000      2.000      2.000      2.000      0.000      0.000      0.000
 eps  :       -14.386    -14.192    -13.879    -13.802    -13.275     -9.098     -8.904     -8.447
 #    :         279        280        281        282        283        284        285        286
 occ. :        0.000      0.000      0.000      0.000      0.000      0.000      0.000      0.000
 eps  :        -8.375     -7.778     -7.421     -7.048     -6.779     -6.400     -6.296     -6.017
                            1  SCC done.
 writing mo output ...
 molden style : F
 
speedup  3.41
cpu  time for all   11.08 s
wall time for all    3.25 s
